Running HiGHS 1.6.0: Copyright (c) 2023 HiGHS under MIT licence terms
Presolving model
113519 rows, 313603 cols, 720522 nonzeros
83381 rows, 186969 cols, 466941 nonzeros
80987 rows, 107161 cols, 306716 nonzeros
80511 rows, 106588 cols, 305541 nonzeros
Presolve : Reductions: rows 80511(-2534755); columns 106588(-1640004); elements 305541(-7884452)
Solving the presolved LP
IPX model has 80511 rows, 106588 columns and 305541 nonzeros
Input
    Number of variables:                                106588
    Number of free variables:                           0
    Number of constraints:                              80511
    Number of equality constraints:                     13182
    Number of matrix entries:                           305541
    Matrix range:                                       [1e-02, 1e+00]
    RHS range:                                          [2e+05, 1e+07]
    Objective range:                                    [4e-04, 7e+01]
    Bounds range:                                       [7e+05, 1e+08]
Preprocessing
    Dualized model:                                     no
    Number of dense columns:                            0
    Range of scaling factors:                           [1.00e+00, 2.00e+00]
IPX version 1.0
Interior Point Solve
 Iter     P.res    D.res            P.obj           D.obj        mu     Time
   0   4.15e+06 3.38e+01   1.08259390e+09 -7.32192950e+12  1.78e+08       0s
   1   9.22e+05 2.31e+01   3.84402641e+11 -5.10251155e+12  1.23e+08       0s
   2   4.70e+05 1.53e+01   5.52323275e+11 -3.56883814e+12  1.04e+08       0s
   3   1.58e+05 2.15e+00   4.79149878e+11 -5.12870287e+11  1.72e+07       0s
   4   3.85e+04 2.69e-01   2.68766041e+11 -6.40863568e+10  3.16e+06       1s
   5   9.11e+03 6.45e-02   1.14643401e+11 -1.66124044e+10  9.29e+05       1s
 Constructing starting basis...
   6   5.24e+03 1.36e-02   8.05887881e+10 -4.52713514e+09  5.18e+05       2s
   7   2.25e+03 1.53e-03   4.56928921e+10 -9.12505655e+08  2.65e+05       2s
   8   1.83e+03 9.33e-04   3.82486145e+10 -3.91361313e+08  2.19e+05       3s
   9   9.26e+02 4.23e-04   2.08033001e+10  1.52104737e+08  1.16e+05       3s
  10   6.39e+02 1.75e-04   1.59535566e+10  4.17792998e+08  8.73e+04       3s
  11   5.79e+01 4.25e-05   7.72027257e+09  5.00844532e+08  4.03e+04       3s
  12   3.20e+01 2.14e-05   4.93866947e+09  6.48138734e+08  2.39e+04       4s
  13   1.31e+01 1.06e-05   2.78329243e+09  7.27138001e+08  1.15e+04       4s
  14   6.41e+00 6.89e-06   1.93305451e+09  7.57334524e+08  6.55e+03       4s
  15   4.11e+00 4.35e-06   1.60054024e+09  7.79982842e+08  4.57e+03       4s
  16   2.93e+00 2.47e-06   1.45523084e+09  7.95039358e+08  3.68e+03       5s
  17   1.36e+00 1.49e-06   1.13525892e+09  8.07279960e+08  1.83e+03       5s
  18   2.46e-01 5.89e-07   9.67225138e+08  8.16556739e+08  8.39e+02       5s
  19   5.29e-02 2.36e-07   8.80627754e+08  8.22193991e+08  3.25e+02       6s
  20   2.50e-02 9.71e-08   8.57699622e+08  8.24908194e+08  1.83e+02       6s
  21   5.96e-08 5.62e-08   8.43459685e+08  8.25598097e+08  9.95e+01       6s
  22   2.98e-08 2.52e-08   8.32544263e+08  8.26487319e+08  3.37e+01       7s
  23   2.98e-08 1.89e-08   8.30089625e+08  8.26669339e+08  1.90e+01       7s
  24   2.98e-08 7.13e-09   8.27945890e+08  8.27022927e+08  5.14e+00       7s
  25   2.98e-08 5.65e-10   8.27596504e+08  8.27235876e+08  2.01e+00       7s
  26   2.98e-08 3.25e-11   8.27290624e+08  8.27253403e+08  2.07e-01       8s
  27   2.98e-08 4.42e-12   8.27257681e+08  8.27255597e+08  1.16e-02       8s
  28   2.98e-08 4.26e-13   8.27256475e+08  8.27255910e+08  3.15e-03       8s
  29   2.98e-08 7.11e-14   8.27256160e+08  8.27255938e+08  1.24e-03       8s
  30   2.98e-08 2.13e-14   8.27255958e+08  8.27255942e+08  9.32e-05       8s
  31   2.98e-08 2.13e-14   8.27255946e+08  8.27255942e+08  2.15e-05       9s
  32*  2.98e-08 2.13e-14   8.27255943e+08  8.27255942e+08  4.38e-06       9s
Summary
    Runtime:                                            8.72s
    Status interior point solve:                        optimal
    Status crossover:                                   not run
    objective value:                                    8.27255943e+08
    interior solution primal residual (abs/rel):        2.98e-08 / 2.04e-16
    interior solution dual residual (abs/rel):          1.04e-10 / 1.55e-12
    interior solution objective gap (abs/rel):          7.86e-01 / 9.51e-10
Ipx: IPM       optimal
Model   status      : Optimal
IPM       iterations: 32
Objective value     :  8.2725594137e+08
HiGHS run time      :         10.91
Presolving model
113519 rows, 313603 cols, 720522 nonzeros
83381 rows, 186969 cols, 466941 nonzeros
80987 rows, 107161 cols, 306716 nonzeros
80511 rows, 106588 cols, 305541 nonzeros
Presolve : Reductions: rows 80511(-2542270); columns 106588(-1640004); elements 305541(-7891967)
Solving the presolved LP
IPX model has 80511 rows, 106588 columns and 305541 nonzeros
Input
    Number of variables:                                106588
    Number of free variables:                           0
    Number of constraints:                              80511
    Number of equality constraints:                     13182
    Number of matrix entries:                           305541
    Matrix range:                                       [1e-02, 1e+00]
    RHS range:                                          [2e+05, 1e+07]
    Objective range:                                    [4e-04, 8e+06]
    Bounds range:                                       [7e+05, 1e+08]
Preprocessing
    Dualized model:                                     no
    Number of dense columns:                            0
    Range of scaling factors:                           [1.00e+00, 2.00e+00]
IPX version 1.0
Interior Point Solve
 Iter     P.res    D.res            P.obj           D.obj        mu     Time
   0   4.12e+06 1.48e+06   4.27609729e+13 -3.21126808e+17  8.05e+12       0s
   1   1.04e+06 1.07e+06   5.06219950e+16 -2.36273997e+17  5.75e+12       0s
   2   4.95e+05 6.21e+05   7.11929051e+16 -1.46955668e+17  4.27e+12       0s
   3   1.69e+05 1.21e+05   5.51469865e+16 -2.95963974e+16  1.02e+12       0s
   4   3.41e+04 2.02e+04   2.74433433e+16 -5.46650604e+15  2.45e+11       1s
   5   1.21e+04 8.42e+03   1.22943934e+16 -2.32841101e+15  9.57e+10       1s
 Constructing starting basis...
   6   4.64e+03 3.37e+03   5.87252588e+15 -9.75767389e+14  4.44e+10       2s
   7   9.87e+02 7.23e+02   3.36316389e+15 -3.23194564e+14  2.19e+10       2s
   8   9.87e-04 2.41e+02   1.62023214e+15 -1.63296939e+14  1.06e+10       3s
   9   5.71e-05 1.15e+02   4.40439908e+14 -8.87640658e+13  3.32e+09       3s
  10   1.08e-05 4.63e+01   1.67648832e+14 -3.84746027e+13  1.31e+09       3s
  11   2.95e-06 1.74e+01   5.89127458e+13 -1.45673054e+13  4.72e+08       3s
  12   1.01e-06 6.77e+00   2.34061922e+13 -5.74813365e+12  1.87e+08       4s
  13   2.68e-07 1.71e+00   7.00972317e+12 -1.47800962e+12  5.34e+07       4s
  14   9.69e-08 4.58e-01   1.81915729e+12 -3.97941141e+11  1.39e+07       4s
  15   6.71e-08 1.87e-01   7.52742346e+11 -1.65011845e+11  5.73e+06       4s
  16   5.96e-08 7.01e-02   5.42277536e+11 -6.53921203e+10  3.61e+06       5s
  17   5.22e-08 3.09e-02   2.96932271e+11 -2.88260299e+10  1.90e+06       5s
  18   5.22e-08 1.12e-02   1.66830851e+11 -1.21000582e+10  1.03e+06       5s
  19   4.47e-08 4.74e-03   8.20061613e+10 -4.43128887e+09  4.90e+05       5s
  20   4.47e-08 2.16e-03   3.87972259e+10 -1.06150316e+09  2.24e+05       6s
  21   2.98e-08 1.01e-03   2.14152085e+10  3.82187218e+08  1.18e+05       6s
  22   2.98e-08 3.16e-04   1.03710811e+10  1.43555362e+09  4.99e+04       6s
  23   2.98e-08 5.87e-05   3.92926490e+09  1.82573996e+09  1.17e+04       6s
  24   2.98e-08 1.98e-05   2.85022782e+09  1.92879333e+09  5.13e+03       7s
  25   2.98e-08 7.96e-06   2.27081466e+09  1.96036458e+09  1.73e+03       7s
  26   2.98e-08 3.68e-06   2.09274646e+09  1.97461647e+09  6.58e+02       7s
  27   2.98e-08 1.81e-06   2.02207339e+09  1.98127862e+09  2.27e+02       7s
  28   2.98e-08 7.92e-07   1.99897548e+09  1.98500536e+09  7.78e+01       8s
  29   2.98e-08 2.33e-07   1.99174930e+09  1.98712488e+09  2.58e+01       8s
  30   2.98e-08 1.06e-07   1.98918123e+09  1.98762745e+09  8.65e+00       8s
  31   2.98e-08 8.38e-09   1.98825853e+09  1.98803401e+09  1.25e+00       8s
  32   2.98e-08 2.79e-09   1.98807526e+09  1.98805972e+09  8.66e-02       8s
  33   2.98e-08 2.79e-09   1.98806345e+09  1.98806133e+09  1.18e-02       8s
  34   2.98e-08 1.86e-09   1.98806216e+09  1.98806173e+09  2.37e-03       9s
  35   2.98e-08 1.86e-09   1.98806186e+09  1.98806183e+09  1.62e-04       9s
  36*  5.59e-08 9.31e-10   1.98806183e+09  1.98806183e+09  7.35e-06       9s
Summary
    Runtime:                                            8.86s
    Status interior point solve:                        optimal
    Status crossover:                                   not run
    objective value:                                    1.98806183e+09
    interior solution primal residual (abs/rel):        4.28e-08 / 2.93e-16
    interior solution dual residual (abs/rel):          9.31e-10 / 1.10e-16
    interior solution objective gap (abs/rel):          1.25e+00 / 6.27e-10
Ipx: IPM       optimal
Model   status      : Optimal
IPM       iterations: 36
Objective value     :  1.9880618297e+09
HiGHS run time      :         11.19
Presolving model
113519 rows, 313603 cols, 720522 nonzeros
83381 rows, 186969 cols, 466941 nonzeros
80987 rows, 107161 cols, 306716 nonzeros
80511 rows, 106588 cols, 305541 nonzeros
Presolve : Reductions: rows 80511(-2549785); columns 106588(-1640004); elements 305541(-7899482)
Solving the presolved LP
IPX model has 80511 rows, 106588 columns and 305541 nonzeros
Input
    Number of variables:                                106588
    Number of free variables:                           0
    Number of constraints:                              80511
    Number of equality constraints:                     13182
    Number of matrix entries:                           305541
    Matrix range:                                       [1e-02, 1e+00]
    RHS range:                                          [2e+05, 1e+07]
    Objective range:                                    [4e-04, 8e+06]
    Bounds range:                                       [7e+05, 1e+08]
Preprocessing
    Dualized model:                                     no
    Number of dense columns:                            0
    Range of scaling factors:                           [1.00e+00, 2.00e+00]
IPX version 1.0
Interior Point Solve
 Iter     P.res    D.res            P.obj           D.obj        mu     Time
   0   4.12e+06 1.48e+06   4.40548516e+13 -3.21098712e+17  8.05e+12       0s
   1   1.04e+06 1.07e+06   5.07573794e+16 -2.36173880e+17  5.75e+12       0s
   2   4.96e+05 6.21e+05   7.12914095e+16 -1.46932254e+17  4.27e+12       0s
   3   1.69e+05 1.20e+05   5.52238016e+16 -2.93419749e+16  1.02e+12       0s
   4   3.85e+04 2.53e+04   2.75827264e+16 -6.55987312e+15  2.68e+11       1s
   5   1.34e+04 1.09e+04   1.23814261e+16 -2.85874861e+15  1.04e+11       1s
   6   4.66e+03 3.53e+03   6.15532163e+15 -1.00831689e+15  4.33e+10       2s
 Constructing starting basis...
   7   8.03e+02 6.49e+02   2.89503109e+15 -2.76926783e+14  1.88e+10       3s
   8   5.40e+02 2.20e+02   2.17676239e+15 -1.18481519e+14  1.32e+10       3s
   9   1.97e+02 1.22e+02   9.47681289e+14 -7.25067794e+13  5.92e+09       3s
  10   4.34e+01 4.62e+01   3.90230533e+14 -3.41939300e+13  2.48e+09       4s
  11   1.07e+01 2.81e+01   1.25400949e+14 -2.09993081e+13  8.92e+08       4s
  12   3.91e+00 1.52e+01   5.46332259e+13 -1.12961713e+13  4.10e+08       4s
  13   1.58e+00 7.48e+00   2.53097934e+13 -5.64754534e+12  1.94e+08       4s
  14   5.06e-01 1.49e+00   1.16674477e+13 -1.27367864e+12  7.66e+07       5s
  15   1.35e-01 4.04e-01   3.69831582e+12 -3.62995276e+11  2.39e+07       5s
  16   2.88e-02 6.42e-02   1.01394963e+12 -6.43213677e+10  6.20e+06       5s
  17   1.08e-02 5.30e-02   4.28025547e+11 -5.32431325e+10  2.81e+06       5s
  18   4.27e-03 2.50e-02   2.30355366e+11 -2.60862070e+10  1.49e+06       6s
  19   1.17e-03 1.15e-02   7.88982767e+10 -1.15020398e+10  5.23e+05       6s
  20   5.43e-04 1.84e-03   4.54009166e+10 -9.67568934e+08  2.61e+05       6s
  21   1.70e-04 9.76e-05   2.41071960e+10  9.93307416e+08  1.29e+05       6s
  22   3.32e-05 4.48e-05   1.22786539e+10  1.15013451e+09  6.20e+04       7s
  23   5.78e-06 9.76e-06   3.63315667e+09  1.46098524e+09  1.21e+04       7s
  24   2.06e-06 3.62e-06   2.39346544e+09  1.52066160e+09  4.86e+03       7s
  25   1.79e-07 1.43e-06   1.85498556e+09  1.54020476e+09  1.75e+03       7s
  26   5.96e-08 5.76e-07   1.68754782e+09  1.55247163e+09  7.52e+02       8s
  27   2.98e-08 2.97e-07   1.59676653e+09  1.55723529e+09  2.20e+02       8s
  28   2.98e-08 1.04e-07   1.58008953e+09  1.56068313e+09  1.08e+02       8s
  29   2.98e-08 3.63e-08   1.56778094e+09  1.56192673e+09  3.26e+01       8s
  30   2.98e-08 7.45e-09   1.56322172e+09  1.56248368e+09  4.11e+00       8s
  31   2.98e-08 1.86e-09   1.56263964e+09  1.56258002e+09  3.32e-01       9s
  32   2.98e-08 1.86e-09   1.56259157e+09  1.56258268e+09  4.95e-02       9s
  33   2.98e-08 1.86e-09   1.56258500e+09  1.56258303e+09  1.10e-02       9s
  34   2.98e-08 1.86e-09   1.56258319e+09  1.56258309e+09  5.49e-04       9s
  35   2.98e-08 1.86e-09   1.56258312e+09  1.56258310e+09  1.22e-04       9s
  36   3.35e-08 9.31e-10   1.56258311e+09  1.56258310e+09  4.40e-05       9s
  37*  5.59e-08 9.31e-10   1.56258310e+09  1.56258310e+09  2.46e-08       9s
Summary
    Runtime:                                            9.50s
    Status interior point solve:                        optimal
    Status crossover:                                   not run
    objective value:                                    1.56258310e+09
    interior solution primal residual (abs/rel):        5.03e-08 / 3.44e-16
    interior solution dual residual (abs/rel):          9.31e-10 / 1.10e-16
    interior solution objective gap (abs/rel):          3.09e-03 / 1.97e-12
Ipx: IPM       optimal
Model   status      : Optimal
IPM       iterations: 37
Objective value     :  1.5625830992e+09
HiGHS run time      :         11.83
Presolving model
113519 rows, 313603 cols, 720522 nonzeros
83381 rows, 186969 cols, 466941 nonzeros
80987 rows, 107161 cols, 306716 nonzeros
80511 rows, 106588 cols, 305541 nonzeros
Presolve : Reductions: rows 80511(-2557300); columns 106588(-1640004); elements 305541(-7906997)
Solving the presolved LP
IPX model has 80511 rows, 106588 columns and 305541 nonzeros
Input
    Number of variables:                                106588
    Number of free variables:                           0
    Number of constraints:                              80511
    Number of equality constraints:                     13182
    Number of matrix entries:                           305541
    Matrix range:                                       [1e-02, 1e+00]
    RHS range:                                          [2e+05, 1e+07]
    Objective range:                                    [4e-04, 8e+06]
    Bounds range:                                       [7e+05, 1e+08]
Preprocessing
    Dualized model:                                     no
    Number of dense columns:                            0
    Range of scaling factors:                           [1.00e+00, 2.00e+00]
IPX version 1.0
Interior Point Solve
 Iter     P.res    D.res            P.obj           D.obj        mu     Time
   0   4.12e+06 1.48e+06   4.41709317e+13 -3.21096104e+17  8.05e+12       0s
   1   1.04e+06 1.07e+06   5.07595171e+16 -2.36167500e+17  5.75e+12       0s
   2   4.95e+05 6.21e+05   7.13013844e+16 -1.46938503e+17  4.27e+12       0s
   3   1.68e+05 1.21e+05   5.52263897e+16 -2.97664487e+16  1.03e+12       0s
   4   3.76e+04 2.55e+04   2.74852261e+16 -6.60106542e+15  2.68e+11       1s
   5   1.33e+04 1.11e+04   1.24484457e+16 -2.89761888e+15  1.05e+11       1s
   6   3.18e+03 3.12e+03   5.06697604e+15 -8.97352416e+14  3.55e+10       2s
 Constructing starting basis...
   7   1.47e+03 1.07e+03   2.83818388e+15 -3.35102980e+14  1.93e+10       3s
   8   6.44e+02 2.76e+02   1.54556711e+15 -1.09430179e+14  9.65e+09       3s
   9   3.28e+02 1.27e+02   9.30153580e+14 -5.86851979e+13  5.73e+09       3s
  10   1.20e+02 7.59e+01   4.20342931e+14 -3.72347597e+13  2.69e+09       4s
  11   3.37e+01 4.80e+01   1.39861952e+14 -2.34847217e+13  9.97e+08       4s
  12   1.69e+01 3.14e+01   8.24131462e+13 -1.54453075e+13  6.05e+08       4s
  13   9.29e+00 2.08e+01   5.48673574e+13 -1.04652032e+13  4.06e+08       4s
  14   5.84e+00 1.09e+01   3.82222479e+13 -5.69923888e+12  2.68e+08       5s
  15   2.29e+00 1.10e+00   2.73125326e+13 -1.31525762e+12  1.63e+08       5s
  16   6.09e-01 3.97e-01   1.31832784e+13 -6.72847312e+11  7.92e+07       5s
  17   4.79e-02 4.29e-02   2.47250149e+12 -1.21194003e+11  1.47e+07       5s
  18   8.85e-03 1.16e-02   7.19998744e+11 -3.97331513e+10  4.30e+06       6s
  19   3.17e-03 4.70e-03   3.60493201e+11 -1.85064520e+10  2.13e+06       6s
  20   7.35e-04 1.60e-03   1.10261570e+11 -6.08340238e+09  6.52e+05       6s
  21   1.24e-04 4.18e-04   3.66733590e+10 -1.00487318e+09  2.10e+05       6s
  22   2.35e-05 1.37e-04   1.36329829e+10  5.16660087e+08  7.31e+04       7s
  23   5.84e-06 3.54e-05   4.67828195e+09  1.23699702e+09  1.92e+04       7s
  24   2.29e-06 1.41e-05   2.82548117e+09  1.39270917e+09  7.98e+03       7s
  25   5.07e-07 6.00e-06   2.03451155e+09  1.44854352e+09  3.26e+03       7s
  26   1.19e-07 2.77e-06   1.69022604e+09  1.47573950e+09  1.19e+03       7s
  27   5.96e-08 1.27e-06   1.57566551e+09  1.48966172e+09  4.79e+02       8s
  28   2.98e-08 4.28e-07   1.52546390e+09  1.49801199e+09  1.53e+02       8s
  29   2.98e-08 1.57e-07   1.51231697e+09  1.50076712e+09  6.43e+01       8s
  30   2.98e-08 3.26e-08   1.50532433e+09  1.50210403e+09  1.79e+01       8s
  31   3.12e-08 4.66e-09   1.50271271e+09  1.50242567e+09  1.60e+00       9s
  32   2.98e-08 1.86e-09   1.50249463e+09  1.50245012e+09  2.48e-01       9s
  33   2.98e-08 1.86e-09   1.50245812e+09  1.50245252e+09  3.12e-02       9s
  34   2.98e-08 1.86e-09   1.50245334e+09  1.50245289e+09  2.52e-03       9s
  35   2.98e-08 1.86e-09   1.50245302e+09  1.50245298e+09  2.09e-04       9s
  36   2.98e-08 9.31e-10   1.50245300e+09  1.50245300e+09  3.11e-05       9s
  37*  4.47e-08 9.31e-10   1.50245300e+09  1.50245300e+09  2.71e-08      10s
Summary
    Runtime:                                            9.63s
    Status interior point solve:                        optimal
    Status crossover:                                   not run
    objective value:                                    1.50245300e+09
    interior solution primal residual (abs/rel):        4.66e-08 / 3.19e-16
    interior solution dual residual (abs/rel):          9.31e-10 / 1.10e-16
    interior solution objective gap (abs/rel):          3.51e-03 / 2.33e-12
Ipx: IPM       optimal
Model   status      : Optimal
IPM       iterations: 37
Objective value     :  1.5024529954e+09
HiGHS run time      :         11.99
Presolving model
113519 rows, 313603 cols, 720522 nonzeros
83381 rows, 186969 cols, 466941 nonzeros
80987 rows, 107161 cols, 306716 nonzeros
80511 rows, 106588 cols, 305541 nonzeros
Presolve : Reductions: rows 80511(-2564815); columns 106588(-1640004); elements 305541(-7914512)
Solving the presolved LP
IPX model has 80511 rows, 106588 columns and 305541 nonzeros
Input
    Number of variables:                                106588
    Number of free variables:                           0
    Number of constraints:                              80511
    Number of equality constraints:                     13182
    Number of matrix entries:                           305541
    Matrix range:                                       [1e-02, 1e+00]
    RHS range:                                          [2e+05, 1e+07]
    Objective range:                                    [4e-04, 8e+06]
    Bounds range:                                       [7e+05, 1e+08]
Preprocessing
    Dualized model:                                     no
    Number of dense columns:                            0
    Range of scaling factors:                           [1.00e+00, 2.00e+00]
IPX version 1.0
Interior Point Solve
 Iter     P.res    D.res            P.obj           D.obj        mu     Time
   0   4.12e+06 1.48e+06   4.41709317e+13 -3.21096104e+17  8.05e+12       0s
   1   1.04e+06 1.07e+06   5.07595171e+16 -2.36167500e+17  5.75e+12       0s
   2   4.95e+05 6.21e+05   7.13013844e+16 -1.46938503e+17  4.27e+12       0s
   3   1.68e+05 1.21e+05   5.52263897e+16 -2.97664487e+16  1.03e+12       0s
   4   3.76e+04 2.55e+04   2.74852261e+16 -6.60106542e+15  2.68e+11       1s
   5   1.33e+04 1.11e+04   1.24484457e+16 -2.89761888e+15  1.05e+11       1s
   6   3.18e+03 3.12e+03   5.06697604e+15 -8.97352416e+14  3.55e+10       2s
 Constructing starting basis...
   7   1.47e+03 1.07e+03   2.83818388e+15 -3.35102980e+14  1.93e+10       3s
   8   6.44e+02 2.76e+02   1.54556711e+15 -1.09430179e+14  9.65e+09       3s
   9   3.28e+02 1.27e+02   9.30153580e+14 -5.86851979e+13  5.73e+09       4s
  10   1.20e+02 7.59e+01   4.20342931e+14 -3.72347597e+13  2.69e+09       4s
  11   3.37e+01 4.80e+01   1.39861952e+14 -2.34847217e+13  9.97e+08       4s
  12   1.69e+01 3.14e+01   8.24131462e+13 -1.54453075e+13  6.05e+08       4s
  13   9.29e+00 2.08e+01   5.48673574e+13 -1.04652032e+13  4.06e+08       5s
  14   5.84e+00 1.09e+01   3.82222479e+13 -5.69923888e+12  2.68e+08       5s
  15   2.29e+00 1.10e+00   2.73125326e+13 -1.31525762e+12  1.63e+08       5s
  16   6.09e-01 3.97e-01   1.31832784e+13 -6.72847312e+11  7.92e+07       5s
  17   4.79e-02 4.29e-02   2.47250149e+12 -1.21194003e+11  1.47e+07       6s
  18   8.85e-03 1.16e-02   7.19998744e+11 -3.97331513e+10  4.30e+06       6s
  19   3.17e-03 4.70e-03   3.60493201e+11 -1.85064520e+10  2.13e+06       6s
  20   7.35e-04 1.60e-03   1.10261570e+11 -6.08340238e+09  6.52e+05       6s
  21   1.24e-04 4.18e-04   3.66733590e+10 -1.00487318e+09  2.10e+05       7s
  22   2.35e-05 1.37e-04   1.36329829e+10  5.16660087e+08  7.31e+04       7s
  23   5.84e-06 3.54e-05   4.67828195e+09  1.23699702e+09  1.92e+04       7s
  24   2.29e-06 1.41e-05   2.82548117e+09  1.39270917e+09  7.98e+03       7s
  25   5.07e-07 6.00e-06   2.03451155e+09  1.44854352e+09  3.26e+03       7s
  26   1.19e-07 2.77e-06   1.69022604e+09  1.47573950e+09  1.19e+03       8s
  27   5.96e-08 1.27e-06   1.57566551e+09  1.48966172e+09  4.79e+02       8s
  28   2.98e-08 4.28e-07   1.52546390e+09  1.49801199e+09  1.53e+02       8s
  29   2.98e-08 1.57e-07   1.51231697e+09  1.50076712e+09  6.43e+01       8s
  30   2.98e-08 3.26e-08   1.50532433e+09  1.50210403e+09  1.79e+01       9s
  31   3.12e-08 4.66e-09   1.50271271e+09  1.50242567e+09  1.60e+00       9s
  32   2.98e-08 1.86e-09   1.50249463e+09  1.50245012e+09  2.48e-01       9s
  33   2.98e-08 1.86e-09   1.50245812e+09  1.50245252e+09  3.12e-02       9s
  34   2.98e-08 1.86e-09   1.50245334e+09  1.50245289e+09  2.52e-03       9s
  35   2.98e-08 1.86e-09   1.50245302e+09  1.50245298e+09  2.09e-04       9s
  36   2.98e-08 9.31e-10   1.50245300e+09  1.50245300e+09  3.11e-05      10s
  37*  4.47e-08 9.31e-10   1.50245300e+09  1.50245300e+09  2.71e-08      10s
Summary
    Runtime:                                            9.89s
    Status interior point solve:                        optimal
    Status crossover:                                   not run
    objective value:                                    1.50245300e+09
    interior solution primal residual (abs/rel):        4.66e-08 / 3.19e-16
    interior solution dual residual (abs/rel):          9.31e-10 / 1.10e-16
    interior solution objective gap (abs/rel):          3.51e-03 / 2.33e-12
Ipx: IPM       optimal
Model   status      : Optimal
IPM       iterations: 37
Objective value     :  1.5024529954e+09
HiGHS run time      :         12.04
Running HiGHS 1.6.0: Copyright (c) 2023 HiGHS under MIT licence terms
Presolving model
116206 rows, 318495 cols, 733741 nonzeros
86086 rows, 191882 cols, 480208 nonzeros
83738 rows, 111896 cols, 319733 nonzeros
83201 rows, 110458 cols, 316829 nonzeros
Presolve : Reductions: rows 83201(-2532280); columns 110458(-1636349); elements 316829(-7878009)
Solving the presolved LP
IPX model has 83201 rows, 110458 columns and 316829 nonzeros
Input
    Number of variables:                                110458
    Number of free variables:                           0
    Number of constraints:                              83201
    Number of equality constraints:                     13400
    Number of matrix entries:                           316829
    Matrix range:                                       [1e-02, 1e+00]
    RHS range:                                          [3e+05, 6e+07]
    Objective range:                                    [3e-04, 2e+06]
    Bounds range:                                       [1e+05, 1e+08]
Preprocessing
    Dualized model:                                     no
    Number of dense columns:                            0
    Range of scaling factors:                           [1.00e+00, 2.00e+00]
IPX version 1.0
Interior Point Solve
 Iter     P.res    D.res            P.obj           D.obj        mu     Time
   0   9.41e+06 2.51e+05   3.97937172e+13 -7.04720174e+16  2.89e+12       0s
   1   2.64e+06 1.77e+05   2.48505429e+16 -5.22035933e+16  1.96e+12       0s
   2   1.02e+06 1.15e+05   3.50553645e+16 -3.73872454e+16  1.56e+12       0s
   3   4.04e+05 2.45e+04   2.68575393e+16 -8.40623416e+15  4.17e+11       0s
   4   1.45e+05 3.50e+03   1.54784125e+16 -1.51759914e+15  1.17e+11       1s
   5   3.20e+04 8.69e+02   5.76608122e+15 -5.52239013e+14  3.64e+10       1s
 Constructing starting basis...
   6   1.89e+04 3.60e+02   3.58736513e+15 -2.40268396e+14  2.22e+10       2s
   7   1.08e+04 1.33e+02   2.53286469e+15 -1.41818014e+14  1.50e+10       2s
   8   5.43e+03 3.05e+01   1.54759259e+15 -5.16720646e+13  8.76e+09       3s
   9   2.83e+03 1.28e+01   1.02009588e+15 -2.30066946e+13  5.70e+09       3s
  10   1.87e+03 6.46e+00   7.69744064e+14 -4.27795210e+12  4.22e+09       3s
  11   1.61e+03 5.40e+00   7.46432882e+14 -5.75951240e+12  4.11e+09       4s
  12   7.80e+02 3.58e+00   4.24736534e+14  6.93563142e+12  2.30e+09       4s
  13   2.38e+02 1.40e+00   2.14452883e+14  2.25045270e+13  1.06e+09       4s
  14   1.80e+02 6.78e-01   2.04403624e+14  2.44782948e+13  9.82e+08       5s
  15   5.70e+01 3.00e-01   1.21174223e+14  3.10386387e+13  4.94e+08       5s
  16   1.71e+01 1.42e-01   7.65752054e+13  3.48435051e+13  2.31e+08       6s
  17   4.88e+00 5.67e-02   5.69397280e+13  3.73443413e+13  1.08e+08       6s
  18   1.89e+00 1.46e-02   4.81438617e+13  3.89778158e+13  4.96e+07       7s
  19   4.91e-01 6.58e-03   4.21358917e+13  3.93803467e+13  1.49e+07       7s
  20   1.29e-01 1.42e-03   4.05514702e+13  3.96289768e+13  4.93e+06       7s
  21   1.03e-01 1.00e-03   4.04733809e+13  3.96448224e+13  4.42e+06       8s
  22   7.59e-02 4.12e-04   4.04087398e+13  3.96666992e+13  3.94e+06       8s
  23   2.05e-02 2.19e-04   3.99499140e+13  3.96876207e+13  1.39e+06       8s
  24   9.57e-03 6.12e-05   3.98300207e+13  3.97066061e+13  6.54e+05       9s
  25   4.30e-03 1.82e-06   3.97858111e+13  3.97124577e+13  3.88e+05       9s
  26   1.83e-03 4.66e-10   3.97596936e+13  3.97132845e+13  2.46e+05       9s
  27   3.81e-04 4.66e-10   3.97273642e+13  3.97140142e+13  7.06e+04      10s
  28   3.28e-05 4.66e-10   3.97176682e+13  3.97145974e+13  1.62e+04      10s
  29   1.22e-05 2.33e-10   3.97160488e+13  3.97147500e+13  6.87e+03      10s
  30   5.75e-06 4.66e-10   3.97155726e+13  3.97148188e+13  3.99e+03      11s
  31   2.18e-06 4.66e-10   3.97152429e+13  3.97148555e+13  2.05e+03      11s
  32   1.16e-06 2.33e-10   3.97151205e+13  3.97148878e+13  1.23e+03      11s
  33   6.56e-07 2.33e-10   3.97150448e+13  3.97149005e+13  7.63e+02      11s
  34   3.28e-07 4.66e-10   3.97149936e+13  3.97149105e+13  4.39e+02      12s
  35   1.19e-07 4.66e-10   3.97149559e+13  3.97149162e+13  2.10e+02      12s
  36   5.96e-08 4.66e-10   3.97149423e+13  3.97149175e+13  1.31e+02      12s
  37   2.98e-08 4.66e-10   3.97149267e+13  3.97149183e+13  4.42e+01      12s
  38   2.98e-08 4.66e-10   3.97149204e+13  3.97149188e+13  8.74e+00      13s
  39   3.12e-08 4.66e-10   3.97149196e+13  3.97149190e+13  3.30e+00      13s
  40   3.38e-08 4.66e-10   3.97149191e+13  3.97149190e+13  4.45e-01      13s
  41*  2.98e-08 4.66e-10   3.97149190e+13  3.97149190e+13  6.64e-02      13s
Summary
    Runtime:                                            13.26s
    Status interior point solve:                        optimal
    Status crossover:                                   not run
    objective value:                                    3.97149190e+13
    interior solution primal residual (abs/rel):        3.73e-08 / 2.55e-16
    interior solution dual residual (abs/rel):          4.66e-10 / 2.42e-16
    interior solution objective gap (abs/rel):          1.25e+04 / 3.15e-10
Ipx: IPM       optimal
Model   status      : Optimal
IPM       iterations: 41
Objective value     :  3.9714918976e+13
HiGHS run time      :         15.57
Presolving model
116206 rows, 318495 cols, 733741 nonzeros
86086 rows, 191882 cols, 480208 nonzeros
83738 rows, 111896 cols, 319733 nonzeros
83201 rows, 110458 cols, 316829 nonzeros
Presolve : Reductions: rows 83201(-2539795); columns 110458(-1636349); elements 316829(-7885524)
Solving the presolved LP
IPX model has 83201 rows, 110458 columns and 316829 nonzeros
Input
    Number of variables:                                110458
    Number of free variables:                           0
    Number of constraints:                              83201
    Number of equality constraints:                     13400
    Number of matrix entries:                           316829
    Matrix range:                                       [1e-02, 1e+00]
    RHS range:                                          [3e+05, 6e+07]
    Objective range:                                    [3e-04, 2e+06]
    Bounds range:                                       [1e+05, 1e+08]
Preprocessing
    Dualized model:                                     no
    Number of dense columns:                            0
    Range of scaling factors:                           [1.00e+00, 2.00e+00]
IPX version 1.0
Interior Point Solve
 Iter     P.res    D.res            P.obj           D.obj        mu     Time
   0   9.40e+06 2.20e+05   3.30093613e+13 -6.18686834e+16  2.56e+12       0s
   1   2.60e+06 1.55e+05   2.33344307e+16 -4.55869229e+16  1.71e+12       0s
   2   1.10e+06 9.54e+04   3.18527311e+16 -3.13711561e+16  1.30e+12       0s
   3   4.02e+05 2.09e+04   2.35874639e+16 -7.29834544e+15  3.53e+11       0s
   4   1.35e+05 3.43e+03   1.28512745e+16 -1.43503602e+15  9.96e+10       1s
   5   3.19e+04 8.21e+02   5.10376553e+15 -5.12462580e+14  3.25e+10       1s
 Constructing starting basis...
   6   9.30e+03 3.19e+02   1.62553550e+15 -2.06601023e+14  1.09e+10       2s
   7   4.06e+03 8.68e+01   1.11172802e+15 -9.95179940e+13  6.81e+09       2s
   8   6.53e+02 3.06e+01   3.10379784e+14 -4.30074954e+13  2.00e+09       3s
   9   2.15e+02 1.74e+01   1.33249999e+14 -2.57328472e+13  9.14e+08       3s
  10   5.17e+01 1.03e+01   5.11023078e+13 -1.57209074e+13  3.98e+08       3s
  11   1.76e+01 5.90e+00   2.59905781e+13 -9.33562613e+12  2.14e+08       4s
  12   8.18e+00 3.57e+00   1.59601552e+13 -5.82487659e+12  1.32e+08       4s
  13   9.72e-01 2.42e+00   6.60886755e+12 -4.04281480e+12  6.86e+07       4s
  14   9.83e-07 5.51e-01   1.94957493e+12 -9.96599791e+11  1.84e+07       4s
  15   4.77e-07 1.86e-01   1.37295143e+12 -3.67264924e+11  1.02e+07       5s
  16   2.09e-07 1.19e-01   8.19251500e+11 -2.43000593e+11  6.25e+06       5s
  17   1.04e-07 8.21e-02   4.96372210e+11 -1.73072286e+11  3.97e+06       5s
  18   8.94e-08 2.51e-02   3.27716143e+11 -5.86645808e+10  2.17e+06       6s
  19   9.69e-08 1.51e-02   2.03670827e+11 -3.53958652e+10  1.33e+06       6s
  20   8.94e-08 8.85e-03   1.16909699e+11 -2.07585246e+10  7.60e+05       6s
  21   8.94e-08 2.44e-03   6.52804410e+10 -5.61879010e+09  3.82e+05       6s
  22   7.45e-08 1.42e-03   3.51683899e+10 -2.24491230e+09  2.01e+05       7s
  23   7.45e-08 6.60e-04   2.83577448e+10  2.29763473e+08  1.50e+05       7s
  24   4.84e-08 2.43e-04   1.40962723e+10  1.90113333e+09  6.47e+04       7s
  25   6.73e-08 8.24e-05   8.03386835e+09  2.72420084e+09  2.81e+04       8s
  26   5.89e-08 2.57e-05   5.04531799e+09  3.05227108e+09  1.05e+04       8s
  27   4.84e-08 1.01e-05   4.11131647e+09  3.14532464e+09  5.11e+03       8s
  28   5.07e-08 2.45e-06   3.60901185e+09  3.19686222e+09  2.18e+03       8s
  29   4.47e-08 2.06e-07   3.39640234e+09  3.22244998e+09  9.20e+02       9s
  30   4.84e-08 8.45e-08   3.29391361e+09  3.22879515e+09  3.45e+02       9s
  31   3.35e-08 2.63e-08   3.26496863e+09  3.23235908e+09  1.73e+02       9s
  32   2.98e-08 9.31e-09   3.24591424e+09  3.23380955e+09  6.40e+01       9s
  33   3.77e-08 2.79e-09   3.23891396e+09  3.23455925e+09  2.30e+01      10s
  34   3.64e-08 6.98e-10   3.23701013e+09  3.23487142e+09  1.13e+01      10s
  35   4.45e-08 4.66e-10   3.23507951e+09  3.23492047e+09  8.41e-01      10s
  36   2.98e-08 4.66e-10   3.23495357e+09  3.23493255e+09  1.11e-01      10s
  37   3.35e-08 4.66e-10   3.23493612e+09  3.23493368e+09  1.29e-02      10s
  38   5.34e-08 4.66e-10   3.23493420e+09  3.23493390e+09  1.59e-03      10s
  39   3.77e-08 6.98e-10   3.23493397e+09  3.23493392e+09  2.59e-04      11s
  40   4.74e-08 2.33e-10   3.23493393e+09  3.23493392e+09  3.71e-05      11s
  41*  6.33e-08 2.33e-10   3.23493392e+09  3.23493392e+09  2.57e-06      11s
Summary
    Runtime:                                            10.76s
    Status interior point solve:                        optimal
    Status crossover:                                   not run
    objective value:                                    3.23493392e+09
    interior solution primal residual (abs/rel):        6.10e-08 / 4.18e-16
    interior solution dual residual (abs/rel):          2.33e-10 / 1.21e-16
    interior solution objective gap (abs/rel):          4.71e-01 / 1.46e-10
Ipx: IPM       optimal
Model   status      : Optimal
IPM       iterations: 41
Objective value     :  3.2349339222e+09
HiGHS run time      :         13.01
Presolving model
116206 rows, 318495 cols, 733741 nonzeros
86086 rows, 191882 cols, 480208 nonzeros
83738 rows, 111896 cols, 319733 nonzeros
83201 rows, 110458 cols, 316829 nonzeros
Presolve : Reductions: rows 83201(-2547310); columns 110458(-1636349); elements 316829(-7893039)
Solving the presolved LP
IPX model has 83201 rows, 110458 columns and 316829 nonzeros
Input
    Number of variables:                                110458
    Number of free variables:                           0
    Number of constraints:                              83201
    Number of equality constraints:                     13400
    Number of matrix entries:                           316829
    Matrix range:                                       [1e-02, 1e+00]
    RHS range:                                          [3e+05, 6e+07]
    Objective range:                                    [3e-04, 2e+06]
    Bounds range:                                       [1e+05, 1e+08]
Preprocessing
    Dualized model:                                     no
    Number of dense columns:                            0
    Range of scaling factors:                           [1.00e+00, 2.00e+00]
IPX version 1.0
Interior Point Solve
 Iter     P.res    D.res            P.obj           D.obj        mu     Time
   0   9.40e+06 2.20e+05   3.45452948e+13 -6.17778549e+16  2.56e+12       0s
   1   2.60e+06 1.55e+05   2.33994256e+16 -4.54764138e+16  1.71e+12       0s
   2   1.15e+06 9.61e+04   3.17102415e+16 -3.14932320e+16  1.30e+12       0s
   3   4.04e+05 2.14e+04   2.34210359e+16 -7.42838566e+15  3.55e+11       0s
   4   1.48e+05 3.18e+03   1.33604452e+16 -1.35897902e+15  1.01e+11       1s
   5   3.35e+04 8.06e+02   5.17608464e+15 -5.15918659e+14  3.29e+10       1s
 Constructing starting basis...
   6   1.04e+04 3.03e+02   1.75762963e+15 -2.01234131e+14  1.16e+10       2s
   7   4.69e+03 1.09e+02   1.22309022e+15 -1.12429538e+14  7.58e+09       2s
   8   8.92e+02 6.96e+01   3.71187591e+14 -7.57365122e+13  2.63e+09       3s
   9   2.57e+02 3.56e+01   1.69864871e+14 -4.13326836e+13  1.26e+09       3s
  10   9.44e+01 2.13e+01   7.85478542e+13 -2.51986784e+13  6.33e+08       3s
  11   2.98e+01 1.30e+01   3.90358024e+13 -1.58809535e+13  3.44e+08       4s
  12   8.62e+00 6.47e+00   2.10628704e+13 -8.34148149e+12  1.84e+08       4s
  13   2.60e+00 4.08e+00   1.09103608e+13 -5.40269950e+12  1.05e+08       4s
  14   5.51e-01 1.10e+00   4.10474162e+12 -1.54264399e+12  3.50e+07       4s
  15   1.99e-01 3.89e-01   1.80799990e+12 -5.59209934e+11  1.43e+07       5s
  16   6.36e-02 1.26e-01   1.00843830e+12 -2.04052425e+11  7.00e+06       5s
  17   3.44e-02 4.75e-02   6.53201570e+11 -8.33704567e+10  4.11e+06       5s
  18   1.49e-02 2.43e-02   3.97589568e+11 -4.69940017e+10  2.46e+06       6s
  19   6.46e-03 1.06e-02   2.15942842e+11 -2.13053552e+10  1.30e+06       6s
  20   3.98e-03 2.54e-03   1.54305472e+11 -5.28281521e+09  8.53e+05       6s
  21   1.05e-03 6.80e-04   7.96341099e+10 -1.55267894e+09  4.31e+05       6s
  22   6.24e-04 3.68e-04   5.33005077e+10  7.66352296e+07  2.82e+05       7s
  23   2.03e-04 4.67e-05   2.69238217e+10  1.79426849e+09  1.33e+05       7s
  24   9.53e-05 1.94e-05   1.57144540e+10  2.22078576e+09  7.14e+04       7s
  25   2.17e-05 4.15e-06   7.02011779e+09  2.52300150e+09  2.38e+04       7s
  26   8.26e-06 1.35e-06   4.61467025e+09  2.63232856e+09  1.05e+04       8s
  27   6.56e-07 4.39e-07   3.26138029e+09  2.66910343e+09  3.13e+03       8s
  28   1.79e-07 1.66e-07   2.94160900e+09  2.69221030e+09  1.32e+03       8s
  29   8.94e-08 9.17e-08   2.81104205e+09  2.70163339e+09  5.79e+02       8s
  30   5.96e-08 4.40e-08   2.75550081e+09  2.70800533e+09  2.51e+02       9s
  31   2.98e-08 2.10e-08   2.73356273e+09  2.71101150e+09  1.19e+02       9s
  32   3.79e-08 8.38e-09   2.72077380e+09  2.71283168e+09  4.20e+01       9s
  33   2.98e-08 2.56e-09   2.71664626e+09  2.71383657e+09  1.49e+01       9s
  34   5.92e-08 6.98e-10   2.71457410e+09  2.71420791e+09  1.94e+00       9s
  35   3.73e-08 4.66e-10   2.71431771e+09  2.71427548e+09  2.23e-01      10s
  36   5.22e-08 4.66e-10   2.71428664e+09  2.71428269e+09  2.09e-02      10s
  37   3.73e-08 4.66e-10   2.71428377e+09  2.71428295e+09  4.30e-03      10s
  38   2.98e-08 4.66e-10   2.71428310e+09  2.71428299e+09  5.72e-04      10s
  39   5.22e-08 4.66e-10   2.71428303e+09  2.71428300e+09  1.55e-04      10s
  40   6.71e-08 2.33e-10   2.71428301e+09  2.71428300e+09  2.56e-05      10s
  41*  6.28e-08 2.33e-10   2.71428300e+09  2.71428300e+09  2.78e-07      10s
Summary
    Runtime:                                            10.35s
    Status interior point solve:                        optimal
    Status crossover:                                   not run
    objective value:                                    2.71428300e+09
    interior solution primal residual (abs/rel):        6.71e-08 / 4.59e-16
    interior solution dual residual (abs/rel):          2.33e-10 / 1.21e-16
    interior solution objective gap (abs/rel):          5.18e-02 / 1.91e-11
Ipx: IPM       optimal
Model   status      : Optimal
IPM       iterations: 41
Objective value     :  2.7142830007e+09
HiGHS run time      :         12.57
Presolving model
116206 rows, 318495 cols, 733741 nonzeros
86086 rows, 191882 cols, 480208 nonzeros
83738 rows, 111896 cols, 319733 nonzeros
83201 rows, 110458 cols, 316829 nonzeros
Presolve : Reductions: rows 83201(-2554825); columns 110458(-1636349); elements 316829(-7900554)
Solving the presolved LP
IPX model has 83201 rows, 110458 columns and 316829 nonzeros
Input
    Number of variables:                                110458
    Number of free variables:                           0
    Number of constraints:                              83201
    Number of equality constraints:                     13400
    Number of matrix entries:                           316829
    Matrix range:                                       [1e-02, 1e+00]
    RHS range:                                          [3e+05, 6e+07]
    Objective range:                                    [3e-04, 2e+06]
    Bounds range:                                       [1e+05, 1e+08]
Preprocessing
    Dualized model:                                     no
    Number of dense columns:                            0
    Range of scaling factors:                           [1.00e+00, 2.00e+00]
IPX version 1.0
Interior Point Solve
 Iter     P.res    D.res            P.obj           D.obj        mu     Time
   0   9.40e+06 2.20e+05   3.48168642e+13 -6.17747825e+16  2.56e+12       0s
   1   2.60e+06 1.55e+05   2.34078554e+16 -4.54726402e+16  1.71e+12       0s
   2   1.15e+06 9.61e+04   3.17219636e+16 -3.15004542e+16  1.30e+12       0s
   3   4.05e+05 2.14e+04   2.34361847e+16 -7.42720267e+15  3.55e+11       0s
   4   1.47e+05 3.18e+03   1.33355162e+16 -1.35794761e+15  1.01e+11       1s
   5   3.39e+04 8.25e+02   5.42350512e+15 -5.42508937e+14  3.45e+10       1s
 Constructing starting basis...
   6   9.72e+03 3.67e+02   1.72854258e+15 -2.48728996e+14  1.18e+10       2s
   7   2.06e+03 1.22e+02   9.75251182e+14 -1.22688322e+14  6.29e+09       2s
   8   5.40e+02 7.73e+01   3.90977663e+14 -8.21665589e+13  2.79e+09       3s
   9   1.35e+02 3.92e+01   1.48177037e+14 -4.34937378e+13  1.16e+09       3s
  10   4.33e+01 2.16e+01   6.85747388e+13 -2.47365232e+13  5.78e+08       3s
  11   1.30e+01 1.32e+01   3.44261676e+13 -1.55571480e+13  3.18e+08       4s
  12   3.76e+00 6.59e+00   1.80434973e+13 -8.12968798e+12  1.67e+08       4s
  13   1.00e+00 4.20e+00   9.67543614e+12 -5.31560898e+12  9.82e+07       4s
  14   2.56e-01 7.99e-01   3.76577236e+12 -1.07900705e+12  2.92e+07       5s
  15   1.03e-01 3.21e-01   1.73528671e+12 -4.44424602e+11  1.29e+07       5s
  16   3.00e-02 1.10e-01   6.47954245e+11 -1.56820173e+11  4.71e+06       5s
  17   1.70e-02 4.52e-02   4.88956676e+11 -7.26522941e+10  3.16e+06       6s
  18   6.87e-03 1.95e-02   2.32596093e+11 -3.15278929e+10  1.47e+06       6s
  19   1.45e-03 4.61e-03   9.85585748e+10 -7.93753676e+09  5.76e+05       6s
  20   2.64e-04 1.45e-03   4.10539595e+10 -1.66298780e+09  2.29e+05       6s
  21   9.51e-05 5.87e-04   2.21994758e+10  5.87221798e+08  1.15e+05       7s
  22   2.59e-05 2.04e-04   1.27649043e+10  1.68777279e+09  5.87e+04       7s
  23   9.75e-06 7.47e-05   6.80713513e+09  2.27039083e+09  2.40e+04       7s
  24   2.71e-06 1.98e-05   4.41742233e+09  2.50973360e+09  1.01e+04       8s
  25   5.36e-07 6.67e-06   3.38138038e+09  2.58279400e+09  4.23e+03       8s
  26   4.57e-08 1.86e-06   2.91490393e+09  2.61948960e+09  1.56e+03       8s
  27   2.98e-08 9.17e-07   2.75305816e+09  2.63414642e+09  6.29e+02       8s
  28   4.10e-08 4.05e-07   2.69390764e+09  2.64225669e+09  2.73e+02       9s
  29   5.59e-08 1.74e-07   2.66941882e+09  2.64650678e+09  1.21e+02       9s
  30   2.98e-08 6.71e-08   2.65698100e+09  2.64854271e+09  4.46e+01       9s
  31   6.33e-08 1.84e-08   2.65303143e+09  2.64965439e+09  1.79e+01       9s
  32   2.98e-08 4.42e-09   2.65048964e+09  2.65004118e+09  2.37e+00       9s
  33   3.34e-08 9.31e-10   2.65024125e+09  2.65014182e+09  5.26e-01      10s
  34   4.10e-08 4.66e-10   2.65015899e+09  2.65015316e+09  3.08e-02      10s
  35   3.14e-08 4.66e-10   2.65015531e+09  2.65015463e+09  3.60e-03      10s
  36   8.20e-08 4.66e-10   2.65015486e+09  2.65015481e+09  2.45e-04      10s
  37   1.15e-07 2.33e-10   2.65015483e+09  2.65015482e+09  3.65e-05      10s
  38*  1.60e-07 2.33e-10   2.65015483e+09  2.65015483e+09  4.77e-06      10s
Summary
    Runtime:                                            10.47s
    Status interior point solve:                        optimal
    Status crossover:                                   not run
    objective value:                                    2.65015483e+09
    interior solution primal residual (abs/rel):        1.34e-07 / 9.19e-16
    interior solution dual residual (abs/rel):          2.33e-10 / 1.21e-16
    interior solution objective gap (abs/rel):          8.64e-01 / 3.26e-10
Ipx: IPM       optimal
Model   status      : Optimal
IPM       iterations: 38
Objective value     :  2.6501548262e+09
HiGHS run time      :         12.75
Presolving model
116206 rows, 318495 cols, 733741 nonzeros
86086 rows, 191882 cols, 480208 nonzeros
83738 rows, 111896 cols, 319733 nonzeros
83201 rows, 110458 cols, 316829 nonzeros
Presolve : Reductions: rows 83201(-2562340); columns 110458(-1636349); elements 316829(-7908069)
Solving the presolved LP
IPX model has 83201 rows, 110458 columns and 316829 nonzeros
Input
    Number of variables:                                110458
    Number of free variables:                           0
    Number of constraints:                              83201
    Number of equality constraints:                     13400
    Number of matrix entries:                           316829
    Matrix range:                                       [1e-02, 1e+00]
    RHS range:                                          [3e+05, 6e+07]
    Objective range:                                    [3e-04, 2e+06]
    Bounds range:                                       [1e+05, 1e+08]
Preprocessing
    Dualized model:                                     no
    Number of dense columns:                            0
    Range of scaling factors:                           [1.00e+00, 2.00e+00]
IPX version 1.0
Interior Point Solve
 Iter     P.res    D.res            P.obj           D.obj        mu     Time
   0   9.40e+06 2.20e+05   3.48517752e+13 -6.17745038e+16  2.56e+12       0s
   1   2.60e+06 1.55e+05   2.34094319e+16 -4.54719842e+16  1.71e+12       0s
   2   1.15e+06 9.61e+04   3.17236109e+16 -3.15020516e+16  1.30e+12       0s
   3   4.05e+05 2.14e+04   2.34368779e+16 -7.42713070e+15  3.55e+11       0s
   4   1.47e+05 3.18e+03   1.33338565e+16 -1.35784814e+15  1.01e+11       1s
   5   3.39e+04 8.25e+02   5.42361467e+15 -5.42526921e+14  3.45e+10       1s
 Constructing starting basis...
   6   1.00e+04 3.68e+02   1.77671245e+15 -2.49429359e+14  1.21e+10       2s
   7   2.31e+03 1.24e+02   9.86253837e+14 -1.22749656e+14  6.36e+09       2s
   8   6.37e+02 7.77e+01   4.24481716e+14 -8.21878022e+13  2.98e+09       3s
   9   1.54e+02 3.90e+01   1.54572363e+14 -4.31586385e+13  1.19e+09       3s
  10   5.63e+01 2.08e+01   7.80803745e+13 -2.39212351e+13  6.22e+08       3s
  11   1.93e+01 1.31e+01   3.79391810e+13 -1.53805040e+13  3.35e+08       4s
  12   5.56e+00 6.36e+00   2.05698636e+13 -7.92972049e+12  1.78e+08       4s
  13   1.53e+00 3.94e+00   1.05512370e+13 -5.06542076e+12  1.01e+08       4s
  14   3.89e-01 7.48e-01   4.07467184e+12 -1.03508535e+12  3.04e+07       5s
  15   1.60e-01 2.58e-01   1.90099429e+12 -3.70491047e+11  1.32e+07       5s
  16   4.70e-02 1.02e-01   7.03799358e+11 -1.51971188e+11  4.96e+06       5s
  17   2.60e-02 5.11e-02   5.18657817e+11 -8.26889943e+10  3.40e+06       5s
  18   1.09e-02 1.87e-02   2.62806684e+11 -3.12358155e+10  1.63e+06       6s
  19   3.11e-03 4.54e-03   1.35630713e+11 -9.04570385e+09  7.80e+05       6s
  20   7.83e-04 2.04e-03   5.31557579e+10 -3.29826469e+09  3.03e+05       6s
  21   3.43e-04 5.60e-04   3.12120605e+10  5.12195091e+08  1.63e+05       7s
  22   1.05e-04 1.88e-04   1.45124822e+10  1.75709940e+09  6.76e+04       7s
  23   3.08e-05 5.76e-05   7.75800898e+09  2.28019760e+09  2.90e+04       7s
  24   7.30e-06 1.36e-05   4.59937284e+09  2.51644938e+09  1.10e+04       7s
  25   1.31e-06 4.39e-06   3.39198433e+09  2.58696978e+09  4.26e+03       8s
  26   1.49e-07 1.19e-06   2.94725132e+09  2.62186444e+09  1.72e+03       8s
  27   5.96e-08 5.26e-07   2.76931009e+09  2.63728715e+09  6.99e+02       8s
  28   4.47e-08 2.56e-07   2.70404932e+09  2.64327403e+09  3.22e+02       8s
  29   2.98e-08 9.43e-08   2.67164446e+09  2.64755035e+09  1.27e+02       9s
  30   3.72e-08 3.70e-08   2.66084047e+09  2.64910483e+09  6.21e+01       9s
  31   2.98e-08 1.02e-08   2.65393255e+09  2.65013754e+09  2.01e+01       9s
  32   3.14e-08 2.10e-09   2.65097782e+09  2.65048990e+09  2.58e+00       9s
  33   2.98e-08 4.66e-10   2.65064528e+09  2.65055812e+09  4.61e-01       9s
  34   2.98e-08 4.66e-10   2.65057503e+09  2.65056813e+09  3.65e-02      10s
  35   4.76e-08 4.66e-10   2.65057034e+09  2.65056918e+09  6.11e-03      10s
  36   3.77e-08 4.66e-10   2.65056938e+09  2.65056929e+09  4.87e-04      10s
  37   6.71e-08 4.66e-10   2.65056931e+09  2.65056930e+09  9.39e-05      10s
  38*  5.79e-08 2.33e-10   2.65056930e+09  2.65056930e+09  4.00e-07      10s
Summary
    Runtime:                                            10.12s
    Status interior point solve:                        optimal
    Status crossover:                                   not run
    objective value:                                    2.65056930e+09
    interior solution primal residual (abs/rel):        5.22e-08 / 3.57e-16
    interior solution dual residual (abs/rel):          2.33e-10 / 1.21e-16
    interior solution objective gap (abs/rel):          7.55e-02 / 2.85e-11
Ipx: IPM       optimal
ERROR:   LP solver claims optimality, but with num/sum/max primal(0/0/0)and dual(1/4.23014/4.23014) infeasibilities
Model   status      : Optimal
IPM       iterations: 38
Objective value     :  2.6505692983e+09
HiGHS run time      :         12.87
Running HiGHS 1.6.0: Copyright (c) 2023 HiGHS under MIT licence terms
Presolving model
119360 rows, 325976 cols, 752902 nonzeros
89265 rows, 199393 cols, 499438 nonzeros
86950 rows, 117547 cols, 335347 nonzeros
86387 rows, 114710 cols, 329636 nonzeros
Presolve : Reductions: rows 86387(-2529353); columns 114710(-1632355); elements 329636(-7878187)
Solving the presolved LP
IPX model has 86387 rows, 114710 columns and 329636 nonzeros
Input
    Number of variables:                                114710
    Number of free variables:                           0
    Number of constraints:                              86387
    Number of equality constraints:                     13681
    Number of matrix entries:                           329636
    Matrix range:                                       [1e-02, 1e+00]
    RHS range:                                          [2e+05, 1e+08]
    Objective range:                                    [2e-04, 1e+06]
    Bounds range:                                       [1e+05, 1e+08]
Preprocessing
    Dualized model:                                     no
    Number of dense columns:                            0
    Range of scaling factors:                           [1.00e+00, 2.00e+00]
IPX version 1.0
Interior Point Solve
 Iter     P.res    D.res            P.obj           D.obj        mu     Time
   0   2.96e+07 1.47e+05   6.21181835e+13 -5.24594897e+16  5.04e+12       0s
   1   8.11e+06 1.01e+05   5.09313274e+16 -4.14128794e+16  3.13e+12       0s
   2   3.06e+06 6.35e+04   6.72955758e+16 -3.25188991e+16  2.35e+12       0s
   3   1.27e+06 1.58e+04   5.03430334e+16 -8.78077318e+15  7.11e+11       0s
   4   3.91e+05 3.02e+03   2.67969102e+16 -2.31656422e+15  2.05e+11       1s
   5   1.58e+05 9.35e+02   1.30010754e+16 -9.39080293e+14  8.20e+10       1s
 Constructing starting basis...
   6   6.37e+04 3.35e+02   5.91239642e+15 -4.16017497e+14  3.63e+10       2s
   7   3.14e+04 1.30e+02   3.55109834e+15 -2.43782678e+14  2.08e+10       3s
   8   1.33e+04 5.00e+01   2.13249163e+15 -1.58381867e+14  1.22e+10       3s
   9   5.23e+03 1.34e+01   1.30777484e+15 -8.71154576e+13  7.27e+09       3s
  10   3.88e+03 4.10e+00   1.09964159e+15 -4.43817498e+13  5.88e+09       4s
  11   2.50e+03 2.28e+00   7.46706522e+14 -1.44360483e+13  3.91e+09       4s
  12   2.31e+03 1.75e+00   7.32521454e+14 -1.73743485e+13  3.85e+09       4s
  13   1.03e+03 6.22e-01   3.96712217e+14  1.08382623e+13  1.98e+09       5s
  14   6.28e+02 1.56e-01   3.19108561e+14  1.59364091e+13  1.54e+09       5s
  15   1.86e+02 7.41e-02   1.73528353e+14  2.32102473e+13  7.71e+08       5s
  16   5.73e+01 4.04e-02   8.86054620e+13  3.00471255e+13  3.03e+08       6s
  17   2.07e+01 2.30e-02   6.21612565e+13  3.36019632e+13  1.48e+08       7s
  18   6.50e+00 9.32e-03   4.97522154e+13  3.64946301e+13  6.84e+07       7s
  19   3.20e+00 3.46e-03   4.47542402e+13  3.80241511e+13  3.43e+07       8s
  20   1.82e+00 1.53e-03   4.23807049e+13  3.85381911e+13  1.95e+07       8s
  21   6.56e-01 3.71e-04   4.04101034e+13  3.88264790e+13  7.97e+06       8s
  22   6.08e-01 3.48e-04   4.03911499e+13  3.88277654e+13  7.87e+06       9s
  23   3.24e-01 1.11e-04   3.99953131e+13  3.88763611e+13  5.62e+06       9s
  24   1.38e-01 2.63e-05   3.96346173e+13  3.89060981e+13  3.65e+06       9s
  25   6.30e-02 1.10e-05   3.94220582e+13  3.89182893e+13  2.53e+06      10s
  26   2.55e-02 4.41e-06   3.91698641e+13  3.89365633e+13  1.17e+06      10s
  27   5.22e-03 1.27e-06   3.90391121e+13  3.89448442e+13  4.72e+05      10s
  28   2.56e-03 3.38e-07   3.89983946e+13  3.89502516e+13  2.41e+05      11s
  29   1.94e-03 1.86e-07   3.89951751e+13  3.89501591e+13  2.26e+05      11s
  30   2.54e-04 6.31e-08   3.89594618e+13  3.89518439e+13  3.82e+04      11s
  31   7.62e-05 2.44e-08   3.89551360e+13  3.89524240e+13  1.36e+04      12s
  32   3.02e-05 1.51e-08   3.89540298e+13  3.89525612e+13  7.36e+03      12s
  33   1.43e-05 9.55e-09   3.89535613e+13  3.89526483e+13  4.57e+03      12s
  34   6.41e-06 5.70e-09   3.89532656e+13  3.89527116e+13  2.78e+03      13s
  35   2.35e-06 3.61e-09   3.89530674e+13  3.89527488e+13  1.60e+03      13s
  36   1.25e-06 2.33e-09   3.89529818e+13  3.89527757e+13  1.03e+03      13s
  37   6.26e-07 1.40e-09   3.89529392e+13  3.89527939e+13  7.28e+02      14s
  38   2.09e-07 9.31e-10   3.89528992e+13  3.89528041e+13  4.77e+02      14s
  39   8.94e-08 4.66e-10   3.89528680e+13  3.89528129e+13  2.76e+02      14s
  40   5.96e-08 4.66e-10   3.89528489e+13  3.89528174e+13  1.58e+02      15s
  41   7.03e-08 4.66e-10   3.89528355e+13  3.89528198e+13  7.86e+01      15s
  42   5.12e-08 2.33e-10   3.89528285e+13  3.89528207e+13  3.96e+01      15s
  43   6.40e-08 2.33e-10   3.89528237e+13  3.89528208e+13  1.43e+01      15s
  44   5.84e-08 2.33e-10   3.89528217e+13  3.89528211e+13  3.04e+00      15s
  45   4.10e-08 2.33e-10   3.89528212e+13  3.89528212e+13  4.15e-01      16s
  46*  3.39e-08 2.33e-10   3.89528212e+13  3.89528212e+13  1.30e-01      16s
Summary
    Runtime:                                            15.90s
    Status interior point solve:                        optimal
    Status crossover:                                   not run
    objective value:                                    3.89528212e+13
    interior solution primal residual (abs/rel):        2.98e-08 / 2.04e-16
    interior solution dual residual (abs/rel):          2.33e-10 / 1.78e-16
    interior solution objective gap (abs/rel):          2.59e+04 / 6.65e-10
Ipx: IPM       optimal
Model   status      : Optimal
IPM       iterations: 46
Objective value     :  3.8952821095e+13
HiGHS run time      :         18.11
Presolving model
119360 rows, 325976 cols, 752902 nonzeros
89265 rows, 199393 cols, 499438 nonzeros
86950 rows, 117547 cols, 335347 nonzeros
86387 rows, 114710 cols, 329636 nonzeros
Presolve : Reductions: rows 86387(-2536868); columns 114710(-1632355); elements 329636(-7885702)
Solving the presolved LP
IPX model has 86387 rows, 114710 columns and 329636 nonzeros
Input
    Number of variables:                                114710
    Number of free variables:                           0
    Number of constraints:                              86387
    Number of equality constraints:                     13681
    Number of matrix entries:                           329636
    Matrix range:                                       [1e-02, 1e+00]
    RHS range:                                          [2e+05, 1e+08]
    Objective range:                                    [2e-04, 1e+06]
    Bounds range:                                       [1e+05, 1e+08]
Preprocessing
    Dualized model:                                     no
    Number of dense columns:                            0
    Range of scaling factors:                           [1.00e+00, 2.00e+00]
IPX version 1.0
Interior Point Solve
 Iter     P.res    D.res            P.obj           D.obj        mu     Time
   0   2.96e+07 1.52e+05   5.08380520e+13 -5.43738607e+16  5.17e+12       0s
   1   8.10e+06 1.04e+05   4.99223474e+16 -4.29812538e+16  3.23e+12       0s
   2   3.10e+06 6.50e+04   6.64216945e+16 -3.36439957e+16  2.42e+12       0s
   3   1.29e+06 1.60e+04   5.00167021e+16 -9.05362738e+15  7.27e+11       0s
   4   3.08e+05 3.12e+03   2.46294564e+16 -2.46557039e+15  1.94e+11       1s
   5   1.16e+05 6.80e+02   1.25551820e+16 -9.78765836e+14  7.62e+10       1s
 Constructing starting basis...
   6   4.62e+04 1.42e+02   5.46759441e+15 -2.90634587e+14  3.13e+10       2s
   7   2.30e+04 6.34e+01   3.03730758e+15 -1.74680708e+14  1.72e+10       3s
   8   2.49e+03 2.00e+01   8.02601299e+14 -9.70711676e+13  4.78e+09       3s
   9   4.75e+02 3.36e+00   3.58155628e+14 -3.76073289e+13  2.04e+09       3s
  10   1.02e+02 1.90e+00   1.09333333e+14 -2.31870388e+13  7.01e+08       3s
  11   3.31e+01 1.11e+00   4.88164167e+13 -1.41495177e+13  3.39e+08       4s
  12   1.50e+01 8.17e-01   2.91453481e+13 -1.07325186e+13  2.18e+08       4s
  13   4.52e+00 3.86e-01   1.52281856e+13 -5.49879396e+12  1.13e+08       4s
  14   1.97e+00 2.55e-01   9.18234942e+12 -3.75521284e+12  7.14e+07       5s
  15   1.08e+00 9.98e-02   5.89448997e+12 -1.55850210e+12  3.99e+07       5s
  16   2.45e-01 6.71e-02   3.82396746e+12 -1.13784223e+12  2.69e+07       5s
  17   1.07e-01 1.65e-02   1.98587424e+12 -3.09010939e+11  1.20e+07       6s
  18   3.94e-02 5.45e-03   9.09051946e+11 -1.13741986e+11  5.25e+06       6s
  19   2.89e-02 2.14e-03   7.41761104e+11 -5.66792458e+10  4.05e+06       6s
  20   2.01e-02 1.14e-03   6.04302180e+11 -3.95224919e+10  3.25e+06       6s
  21   7.47e-03 5.80e-04   2.76130329e+11 -2.14474680e+10  1.50e+06       7s
  22   6.08e-03 3.46e-04   2.42869327e+11 -1.44600543e+10  1.29e+06       7s
  23   1.87e-03 1.55e-04   9.27284743e+10 -5.58793540e+09  4.93e+05       7s
  24   8.12e-04 8.38e-05   4.89991734e+10 -2.03598076e+09  2.56e+05       7s
  25   3.65e-04 4.50e-05   3.39819252e+10 -3.10392676e+08  1.72e+05       8s
  26   1.68e-04 2.30e-05   2.37826074e+10  9.57718962e+08  1.14e+05       8s
  27   6.66e-05 7.23e-06   1.57480306e+10  2.10662247e+09  6.84e+04       8s
  28   1.36e-05 2.93e-06   6.77855533e+09  2.70017138e+09  2.04e+04       8s
  29   4.95e-06 8.25e-07   5.18741747e+09  3.00673914e+09  1.09e+04       9s
  30   1.76e-06 3.54e-07   4.01665482e+09  3.11860543e+09  4.50e+03       9s
  31   5.96e-07 1.27e-07   3.51462842e+09  3.17967856e+09  1.68e+03       9s
  32   2.38e-07 3.96e-08   3.35027496e+09  3.20378066e+09  7.34e+02      10s
  33   6.48e-08 1.40e-08   3.25780086e+09  3.21183881e+09  2.30e+02      10s
  34   7.45e-08 4.42e-09   3.23178546e+09  3.21555708e+09  8.13e+01      10s
  35   6.33e-08 1.16e-09   3.22167764e+09  3.21707755e+09  2.30e+01      10s
  36   5.59e-08 6.98e-10   3.21844042e+09  3.21750803e+09  4.67e+00      10s
  37   5.96e-08 2.33e-10   3.21788948e+09  3.21766951e+09  1.10e+00      11s
  38   7.84e-08 2.33e-10   3.21772892e+09  3.21770765e+09  1.07e-01      11s
  39   1.04e-07 2.33e-10   3.21771642e+09  3.21770935e+09  3.54e-02      11s
  40   7.63e-08 2.33e-10   3.21771148e+09  3.21770991e+09  7.84e-03      11s
  41   8.20e-08 2.33e-10   3.21771060e+09  3.21771003e+09  2.81e-03      11s
  42   6.71e-08 2.33e-10   3.21771047e+09  3.21771005e+09  2.10e-03      11s
  43   4.12e-08 4.66e-10   3.21771024e+09  3.21771006e+09  9.14e-04      12s
  44   5.54e-08 2.33e-10   3.21771020e+09  3.21771006e+09  7.04e-04      12s
  45   1.68e-07 2.33e-10   3.21771007e+09  3.21771006e+09  2.74e-05      12s
  46*  2.24e-07 2.33e-10   3.21771006e+09  3.21771006e+09  4.66e-06      12s
Summary
    Runtime:                                            11.99s
    Status interior point solve:                        optimal
    Status crossover:                                   not run
    objective value:                                    3.21771006e+09
    interior solution primal residual (abs/rel):        1.34e-07 / 9.19e-16
    interior solution dual residual (abs/rel):          2.33e-10 / 1.78e-16
    interior solution objective gap (abs/rel):          9.03e-01 / 2.81e-10
Ipx: IPM       optimal
Model   status      : Optimal
IPM       iterations: 46
Objective value     :  3.2177100637e+09
HiGHS run time      :         14.12
Presolving model
119360 rows, 325976 cols, 752902 nonzeros
89265 rows, 199393 cols, 499438 nonzeros
86950 rows, 117547 cols, 335347 nonzeros
86387 rows, 114710 cols, 329636 nonzeros
Presolve : Reductions: rows 86387(-2544383); columns 114710(-1632355); elements 329636(-7893217)
Solving the presolved LP
IPX model has 86387 rows, 114710 columns and 329636 nonzeros
Input
    Number of variables:                                114710
    Number of free variables:                           0
    Number of constraints:                              86387
    Number of equality constraints:                     13681
    Number of matrix entries:                           329636
    Matrix range:                                       [1e-02, 1e+00]
    RHS range:                                          [2e+05, 1e+08]
    Objective range:                                    [2e-04, 1e+06]
    Bounds range:                                       [1e+05, 1e+08]
Preprocessing
    Dualized model:                                     no
    Number of dense columns:                            0
    Range of scaling factors:                           [1.00e+00, 2.00e+00]
IPX version 1.0
Interior Point Solve
 Iter     P.res    D.res            P.obj           D.obj        mu     Time
   0   2.96e+07 1.51e+05   5.16811421e+13 -5.39449268e+16  5.14e+12       0s
   1   8.11e+06 1.03e+05   4.99603292e+16 -4.26206336e+16  3.20e+12       0s
   2   3.09e+06 6.47e+04   6.64312189e+16 -3.33945353e+16  2.40e+12       0s
   3   1.28e+06 1.60e+04   4.99181804e+16 -8.99148616e+15  7.23e+11       0s
   4   4.03e+05 3.06e+03   2.70999074e+16 -2.42248829e+15  2.11e+11       1s
   5   1.60e+05 9.53e+02   1.30612508e+16 -1.00789756e+15  8.36e+10       1s
 Constructing starting basis...
   6   6.32e+04 1.79e+02   5.88579127e+15 -3.13314127e+14  3.43e+10       2s
   7   2.51e+04 6.78e+01   2.71591959e+15 -1.67710744e+14  1.56e+10       2s
   8   4.90e+03 1.52e+01   1.15538319e+15 -1.03328673e+14  6.59e+09       3s
   9   7.45e+02 5.17e+00   3.22820470e+14 -4.43338805e+13  1.93e+09       3s
  10   2.89e+02 2.58e+00   1.63210014e+14 -2.55777996e+13  9.98e+08       3s
  11   1.12e+02 1.55e+00   7.29542559e+13 -1.59450082e+13  4.77e+08       4s
  12   4.63e+01 1.03e+00   3.82298976e+13 -1.08801329e+13  2.68e+08       4s
  13   1.59e+01 5.23e-01   1.88971794e+13 -5.92257871e+12  1.36e+08       4s
  14   6.24e+00 3.33e-01   9.75220768e+12 -3.87435493e+12  7.58e+07       5s
  15   1.03e+00 1.68e-01   3.65746047e+12 -2.04786881e+12  3.24e+07       5s
  16   3.93e-01 4.45e-02   1.70236771e+12 -5.64798304e+11  1.23e+07       5s
  17   1.32e-01 1.39e-02   9.44774134e+11 -2.04293100e+11  6.04e+06       6s
  18   8.59e-02 6.02e-03   6.93284789e+11 -9.65119403e+10  4.07e+06       6s
  19   5.90e-02 1.73e-03   5.51526298e+11 -3.93314261e+10  2.99e+06       6s
  20   3.67e-02 7.24e-04   4.24191791e+11 -2.46156633e+10  2.26e+06       7s
  21   1.85e-02 2.49e-04   2.48633865e+11 -9.85540074e+09  1.30e+06       7s
  22   9.43e-03 9.73e-05   1.40365114e+11 -3.26788575e+09  7.21e+05       7s
  23   4.60e-03 5.52e-05   7.80152223e+10 -1.21769846e+09  3.97e+05       7s
  24   2.59e-03 2.15e-05   5.49901279e+10  2.04883655e+08  2.75e+05       8s
  25   1.65e-04 3.57e-06   2.15762493e+10  1.38142238e+09  1.01e+05       8s
  26   2.12e-05 1.39e-06   1.05200142e+10  2.02888970e+09  4.25e+04       8s
  27   7.66e-06 4.75e-07   6.03695502e+09  2.58169308e+09  1.73e+04       8s
  28   2.35e-06 1.68e-07   4.07337038e+09  2.78388752e+09  6.46e+03       9s
  29   5.96e-07 6.12e-08   3.29128086e+09  2.86494235e+09  2.14e+03       9s
  30   2.38e-07 2.21e-08   3.07889916e+09  2.89905344e+09  9.01e+02       9s
  31   1.19e-07 7.92e-09   2.99071945e+09  2.91278088e+09  3.90e+02      10s
  32   8.20e-08 2.91e-09   2.94731722e+09  2.91821204e+09  1.46e+02      10s
  33   8.53e-08 9.31e-10   2.93257560e+09  2.92046213e+09  6.07e+01      10s
  34   5.74e-08 5.82e-10   2.92517286e+09  2.92110401e+09  2.04e+01      10s
  35   7.05e-08 2.33e-10   2.92262312e+09  2.92145868e+09  5.83e+00      10s
  36   4.35e-08 4.66e-10   2.92206657e+09  2.92156184e+09  2.53e+00      11s
  37   7.08e-08 2.33e-10   2.92176179e+09  2.92157415e+09  9.40e-01      11s
  38   7.45e-08 4.66e-10   2.92159716e+09  2.92157696e+09  1.01e-01      11s
  39   6.57e-08 2.33e-10   2.92157928e+09  2.92157748e+09  9.01e-03      11s
  40   8.20e-08 4.66e-10   2.92157773e+09  2.92157761e+09  6.18e-04      11s
  41   5.22e-08 2.33e-10   2.92157768e+09  2.92157764e+09  2.17e-04      11s
  42   1.23e-07 2.33e-10   2.92157765e+09  2.92157764e+09  2.03e-05      12s
  43*  1.02e-07 2.33e-10   2.92157765e+09  2.92157765e+09  4.41e-06      12s
Summary
    Runtime:                                            11.73s
    Status interior point solve:                        optimal
    Status crossover:                                   not run
    objective value:                                    2.92157765e+09
    interior solution primal residual (abs/rel):        5.96e-08 / 4.08e-16
    interior solution dual residual (abs/rel):          2.33e-10 / 1.78e-16
    interior solution objective gap (abs/rel):          8.02e-01 / 2.75e-10
Ipx: IPM       optimal
Model   status      : Optimal
IPM       iterations: 43
Objective value     :  2.9215776462e+09
HiGHS run time      :         13.92
Presolving model
119360 rows, 325976 cols, 752902 nonzeros
89265 rows, 199393 cols, 499438 nonzeros
86950 rows, 117547 cols, 335347 nonzeros
86387 rows, 114710 cols, 329636 nonzeros
Presolve : Reductions: rows 86387(-2551898); columns 114710(-1632355); elements 329636(-7900732)
Solving the presolved LP
IPX model has 86387 rows, 114710 columns and 329636 nonzeros
Input
    Number of variables:                                114710
    Number of free variables:                           0
    Number of constraints:                              86387
    Number of equality constraints:                     13681
    Number of matrix entries:                           329636
    Matrix range:                                       [1e-02, 1e+00]
    RHS range:                                          [2e+05, 1e+08]
    Objective range:                                    [2e-04, 1e+06]
    Bounds range:                                       [1e+05, 1e+08]
Preprocessing
    Dualized model:                                     no
    Number of dense columns:                            0
    Range of scaling factors:                           [1.00e+00, 2.00e+00]
IPX version 1.0
Interior Point Solve
 Iter     P.res    D.res            P.obj           D.obj        mu     Time
   0   2.96e+07 1.47e+05   5.17212345e+13 -5.27647258e+16  5.04e+12       0s
   1   8.10e+06 1.01e+05   4.95381540e+16 -4.16643137e+16  3.13e+12       0s
   2   3.09e+06 6.34e+04   6.57502263e+16 -3.26692060e+16  2.35e+12       0s
   3   1.27e+06 1.57e+04   4.92341164e+16 -8.78365655e+15  7.07e+11       0s
   4   4.43e+05 3.12e+03   2.76448807e+16 -2.39593976e+15  2.16e+11       1s
   5   1.74e+05 9.79e+02   1.31297388e+16 -9.94305042e+14  8.47e+10       1s
 Constructing starting basis...
   6   6.89e+04 1.55e+02   5.88003244e+15 -2.80226187e+14  3.40e+10       2s
   7   3.11e+04 5.90e+01   3.04584589e+15 -1.62076258e+14  1.73e+10       2s
   8   9.26e+03 1.97e+01   1.36251518e+15 -1.00883931e+14  7.75e+09       3s
   9   1.61e+03 8.25e+00   4.30967577e+14 -5.40610838e+13  2.59e+09       3s
  10   6.79e+02 4.48e+00   2.14057818e+14 -3.22423560e+13  1.32e+09       3s
  11   1.67e+02 2.53e+00   7.14821343e+13 -1.91995408e+13  5.01e+08       4s
  12   5.65e+01 1.56e+00   4.13365854e+13 -1.26490050e+13  3.02e+08       4s
  13   1.92e+01 8.17e-01   1.98114953e+13 -6.97156144e+12  1.51e+08       4s
  14   8.65e+00 4.87e-01   1.17120513e+13 -4.31296795e+12  9.06e+07       5s
  15   1.14e+00 3.10e-01   4.62050061e+12 -2.85179296e+12  4.42e+07       5s
  16   1.75e-01 6.53e-02   1.58601850e+12 -6.59095954e+11  1.26e+07       5s
  17   6.86e-02 1.81e-02   1.02283882e+12 -2.17329436e+11  6.58e+06       6s
  18   3.34e-02 8.73e-03   5.99699120e+11 -1.11063898e+11  3.71e+06       6s
  19   1.94e-02 4.88e-03   5.11986846e+11 -7.46297340e+10  3.02e+06       6s
  20   1.12e-02 2.06e-03   4.06681076e+11 -4.17015068e+10  2.28e+06       7s
  21   3.75e-03 9.03e-04   1.69989936e+11 -1.85583280e+10  9.53e+05       7s
  22   2.11e-03 2.38e-04   1.13668752e+11 -4.82281774e+09  5.95e+05       7s
  23   1.38e-03 1.16e-04   7.98829957e+10 -1.45662114e+09  4.08e+05       7s
  24   9.09e-04 2.84e-05   6.06866066e+10  5.35477516e+08  3.02e+05       8s
  25   3.09e-04 5.98e-06   2.67613207e+10  1.98229710e+09  1.24e+05       8s
  26   8.25e-05 2.81e-06   1.22840960e+10  2.31785360e+09  4.99e+04       8s
  27   1.83e-05 7.82e-07   5.84421238e+09  2.70220914e+09  1.57e+04       8s
  28   4.71e-06 3.62e-07   3.91998580e+09  2.81845499e+09  5.52e+03       9s
  29   1.01e-06 1.19e-07   3.24120006e+09  2.89826211e+09  1.72e+03       9s
  30   3.87e-07 4.47e-08   3.08267149e+09  2.92646752e+09  7.83e+02       9s
  31   1.79e-07 1.48e-08   3.01076087e+09  2.93930016e+09  3.58e+02      10s
  32   8.94e-08 4.66e-09   2.97343131e+09  2.94431086e+09  1.46e+02      10s
  33   5.96e-08 1.63e-09   2.95842358e+09  2.94594794e+09  6.25e+01      10s
  34   6.21e-08 9.31e-10   2.94994088e+09  2.94646171e+09  1.74e+01      10s
  35   4.28e-08 4.66e-10   2.94771850e+09  2.94678090e+09  4.70e+00      10s
  36   3.73e-08 2.33e-10   2.94701395e+09  2.94685675e+09  7.88e-01      11s
  37   4.31e-08 4.66e-10   2.94688075e+09  2.94687493e+09  2.91e-02      11s
  38   5.40e-08 4.66e-10   2.94687727e+09  2.94687618e+09  5.45e-03      11s
  39   6.88e-08 2.33e-10   2.94687638e+09  2.94687630e+09  4.32e-04      11s
  40   1.12e-07 4.66e-10   2.94687634e+09  2.94687633e+09  4.11e-05      11s
  41*  2.01e-07 2.33e-10   2.94687633e+09  2.94687633e+09  2.50e-06      12s
Summary
    Runtime:                                            11.61s
    Status interior point solve:                        optimal
    Status crossover:                                   not run
    objective value:                                    2.94687633e+09
    interior solution primal residual (abs/rel):        1.79e-07 / 1.22e-15
    interior solution dual residual (abs/rel):          2.33e-10 / 1.78e-16
    interior solution objective gap (abs/rel):          4.77e-01 / 1.62e-10
Ipx: IPM       optimal
Model   status      : Optimal
IPM       iterations: 41
Objective value     :  2.9468763316e+09
HiGHS run time      :         14.19
Presolving model
119360 rows, 325976 cols, 752902 nonzeros
89265 rows, 199393 cols, 499438 nonzeros
86950 rows, 117547 cols, 335347 nonzeros
86387 rows, 114710 cols, 329636 nonzeros
Presolve : Reductions: rows 86387(-2559413); columns 114710(-1632355); elements 329636(-7908247)
Solving the presolved LP
IPX model has 86387 rows, 114710 columns and 329636 nonzeros
Input
    Number of variables:                                114710
    Number of free variables:                           0
    Number of constraints:                              86387
    Number of equality constraints:                     13681
    Number of matrix entries:                           329636
    Matrix range:                                       [1e-02, 1e+00]
    RHS range:                                          [2e+05, 1e+08]
    Objective range:                                    [2e-04, 1e+06]
    Bounds range:                                       [1e+05, 1e+08]
Preprocessing
    Dualized model:                                     no
    Number of dense columns:                            0
    Range of scaling factors:                           [1.00e+00, 2.00e+00]
IPX version 1.0
Interior Point Solve
 Iter     P.res    D.res            P.obj           D.obj        mu     Time
   0   2.96e+07 1.47e+05   5.17212380e+13 -5.27647252e+16  5.04e+12       0s
   1   8.10e+06 1.01e+05   4.95381552e+16 -4.16643120e+16  3.13e+12       0s
   2   3.09e+06 6.34e+04   6.57502123e+16 -3.26692050e+16  2.35e+12       0s
   3   1.27e+06 1.57e+04   4.92341042e+16 -8.78365711e+15  7.07e+11       0s
   4   4.43e+05 3.12e+03   2.76448553e+16 -2.39594043e+15  2.16e+11       1s
   5   1.74e+05 9.79e+02   1.31299026e+16 -9.94288714e+14  8.47e+10       1s
 Constructing starting basis...
   6   6.80e+04 1.53e+02   5.81843816e+15 -2.79576824e+14  3.36e+10       2s
   7   3.08e+04 5.87e+01   3.02746350e+15 -1.61992085e+14  1.72e+10       2s
   8   8.80e+03 1.86e+01   1.33191729e+15 -9.96627999e+13  7.57e+09       3s
   9   1.53e+03 7.88e+00   4.27180497e+14 -5.40599634e+13  2.56e+09       3s
  10   6.52e+02 4.30e+00   2.07869854e+14 -3.19431169e+13  1.29e+09       3s
  11   1.68e+02 2.46e+00   6.99083789e+13 -1.90503583e+13  4.91e+08       4s
  12   6.09e+01 1.56e+00   3.98657215e+13 -1.27609556e+13  2.95e+08       4s
  13   2.19e+01 8.21e-01   1.93392012e+13 -7.01924373e+12  1.49e+08       4s
  14   1.02e+01 4.90e-01   1.15303675e+13 -4.34356297e+12  8.96e+07       5s
  15   1.25e+00 3.08e-01   4.40105354e+12 -2.82954537e+12  4.27e+07       5s
  16   1.73e-01 7.37e-02   1.51224697e+12 -7.34420298e+11  1.28e+07       5s
  17   7.81e-02 1.94e-02   1.05608236e+12 -2.30621781e+11  6.83e+06       6s
  18   3.64e-02 8.83e-03   5.81512253e+11 -1.09557528e+11  3.61e+06       6s
  19   2.04e-02 5.36e-03   4.98808005e+11 -7.77898067e+10  2.98e+06       6s
  20   1.14e-02 1.90e-03   3.95250928e+11 -3.90307965e+10  2.21e+06       7s
  21   4.13e-03 8.04e-04   1.77041983e+11 -1.69111274e+10  9.79e+05       7s
  22   1.85e-03 2.33e-04   1.05211317e+11 -5.15711775e+09  5.55e+05       7s
  23   1.19e-03 1.19e-04   7.27761047e+10 -1.72160821e+09  3.74e+05       7s
  24   7.47e-04 3.00e-05   5.51454636e+10  3.23553427e+08  2.75e+05       8s
  25   2.58e-04 7.72e-06   2.51638419e+10  1.82818106e+09  1.17e+05       8s
  26   1.12e-04 4.04e-06   1.45800668e+10  2.21092856e+09  6.20e+04       8s
  27   4.33e-05 1.68e-06   7.97835240e+09  2.57606284e+09  2.71e+04       8s
  28   9.39e-06 4.53e-07   4.34719010e+09  2.80067755e+09  7.75e+03       9s
  29   2.24e-06 1.93e-07   3.39571152e+09  2.86192799e+09  2.67e+03       9s
  30   5.96e-07 6.78e-08   3.11056421e+09  2.89657401e+09  1.07e+03       9s
  31   1.79e-07 2.37e-08   2.99607700e+09  2.91200011e+09  4.21e+02      10s
  32   5.96e-08 7.68e-09   2.94546051e+09  2.91877570e+09  1.34e+02      10s
  33   6.52e-08 2.21e-09   2.93039299e+09  2.92157407e+09  4.42e+01      10s
  34   5.39e-08 1.05e-09   2.92569576e+09  2.92223217e+09  1.74e+01      10s
  35   6.07e-08 4.66e-10   2.92420426e+09  2.92265780e+09  7.75e+00      10s
  36   7.92e-08 2.33e-10   2.92328735e+09  2.92273107e+09  2.79e+00      11s
  37   6.71e-08 2.33e-10   2.92323101e+09  2.92273280e+09  2.50e+00      11s
  38   5.22e-08 2.33e-10   2.92295660e+09  2.92275158e+09  1.03e+00      11s
  39   5.59e-08 3.49e-10   2.92282677e+09  2.92275442e+09  3.63e-01      11s
  40   3.86e-08 2.33e-10   2.92281890e+09  2.92275421e+09  3.24e-01      11s
  41   1.42e-07 2.33e-10   2.92277196e+09  2.92275511e+09  8.45e-02      11s
  42   8.20e-08 4.66e-10   2.92275625e+09  2.92275542e+09  4.15e-03      12s
  43   6.71e-08 2.33e-10   2.92275564e+09  2.92275550e+09  7.22e-04      12s
  44   6.69e-08 4.66e-10   2.92275556e+09  2.92275551e+09  2.67e-04      12s
  45   1.79e-07 2.33e-10   2.92275552e+09  2.92275551e+09  6.03e-05      12s
  46*  9.20e-08 2.33e-10   2.92275551e+09  2.92275551e+09  3.13e-06      12s
Summary
    Runtime:                                            12.31s
    Status interior point solve:                        optimal
    Status crossover:                                   not run
    objective value:                                    2.92275551e+09
    interior solution primal residual (abs/rel):        1.34e-07 / 9.19e-16
    interior solution dual residual (abs/rel):          2.61e-10 / 1.99e-16
    interior solution objective gap (abs/rel):          6.15e-01 / 2.10e-10
Ipx: IPM       optimal
Model   status      : Optimal
IPM       iterations: 46
Objective value     :  2.9227555106e+09
HiGHS run time      :         14.93
Presolving model
119360 rows, 325976 cols, 752902 nonzeros
89265 rows, 199393 cols, 499438 nonzeros
86950 rows, 117547 cols, 335347 nonzeros
86387 rows, 114710 cols, 329636 nonzeros
Presolve : Reductions: rows 86387(-2566928); columns 114710(-1632355); elements 329636(-7915762)
Solving the presolved LP
IPX model has 86387 rows, 114710 columns and 329636 nonzeros
Input
    Number of variables:                                114710
    Number of free variables:                           0
    Number of constraints:                              86387
    Number of equality constraints:                     13681
    Number of matrix entries:                           329636
    Matrix range:                                       [1e-02, 1e+00]
    RHS range:                                          [2e+05, 1e+08]
    Objective range:                                    [2e-04, 1e+06]
    Bounds range:                                       [1e+05, 1e+08]
Preprocessing
    Dualized model:                                     no
    Number of dense columns:                            0
    Range of scaling factors:                           [1.00e+00, 2.00e+00]
IPX version 1.0
Interior Point Solve
 Iter     P.res    D.res            P.obj           D.obj        mu     Time
   0   2.96e+07 1.47e+05   5.17212355e+13 -5.27647257e+16  5.04e+12       0s
   1   8.10e+06 1.01e+05   4.95381541e+16 -4.16643126e+16  3.13e+12       0s
   2   3.09e+06 6.34e+04   6.57502242e+16 -3.26692047e+16  2.35e+12       0s
   3   1.27e+06 1.57e+04   4.92341148e+16 -8.78365698e+15  7.07e+11       0s
   4   4.43e+05 3.12e+03   2.76448881e+16 -2.39594003e+15  2.16e+11       1s
   5   1.74e+05 9.79e+02   1.31306124e+16 -9.94342814e+14  8.47e+10       1s
 Constructing starting basis...
   6   6.77e+04 1.54e+02   5.80088762e+15 -2.80132568e+14  3.35e+10       2s
   7   3.06e+04 5.93e+01   3.00917842e+15 -1.61981698e+14  1.71e+10       2s
   8   9.58e+03 2.04e+01   1.37564612e+15 -1.00319942e+14  7.83e+09       3s
   9   1.83e+03 8.82e+00   4.38130938e+14 -5.37417828e+13  2.63e+09       3s
  10   7.83e+02 4.82e+00   2.16789705e+14 -3.20402999e+13  1.34e+09       3s
  11   1.83e+02 2.73e+00   6.95627589e+13 -1.91056793e+13  4.92e+08       4s
  12   6.08e+01 1.69e+00   4.10525174e+13 -1.26814090e+13  3.01e+08       4s
  13   1.84e+01 8.52e-01   2.06983697e+13 -6.89752276e+12  1.55e+08       4s
  14   8.25e+00 5.04e-01   1.18395116e+13 -4.22789041e+12  9.08e+07       5s
  15   1.31e+00 3.22e-01   4.89397568e+12 -2.80757571e+12  4.54e+07       5s
  16   1.72e-01 6.97e-02   1.57983860e+12 -6.68353032e+11  1.27e+07       5s
  17   6.03e-02 1.97e-02   9.46612085e+11 -2.20461380e+11  6.23e+06       6s
  18   2.92e-02 9.46e-03   5.60471558e+11 -1.11678974e+11  3.52e+06       6s
  19   1.49e-02 5.36e-03   4.63129485e+11 -7.45834860e+10  2.78e+06       6s
  20   8.71e-03 2.26e-03   3.70023686e+11 -4.05394488e+10  2.09e+06       7s
  21   2.98e-03 1.02e-03   1.52806536e+11 -1.80674758e+10  8.65e+05       7s
  22   1.61e-03 2.94e-04   9.71460397e+10 -4.58117734e+09  5.12e+05       7s
  23   9.49e-04 1.50e-04   6.60394362e+10 -1.71476885e+09  3.40e+05       7s
  24   5.54e-04 5.14e-05   4.85430614e+10  1.75475249e+08  2.43e+05       8s
  25   1.37e-04 1.52e-05   2.22416754e+10  1.49510905e+09  1.04e+05       8s
  26   6.30e-05 7.81e-06   1.31686857e+10  2.08926824e+09  5.55e+04       8s
  27   2.36e-05 3.24e-06   7.19392530e+09  2.54117632e+09  2.33e+04       8s
  28   5.60e-06 8.22e-07   4.24023940e+09  2.80384198e+09  7.20e+03       9s
  29   1.52e-06 2.48e-07   3.42163639e+09  2.88014752e+09  2.71e+03       9s
  30   6.26e-07 8.68e-08   3.15053433e+09  2.91024073e+09  1.20e+03       9s
  31   2.38e-07 3.07e-08   3.02633573e+09  2.92138347e+09  5.26e+02      10s
  32   8.94e-08 1.00e-08   2.96271840e+09  2.92638650e+09  1.82e+02      10s
  33   6.71e-08 3.03e-09   2.94028937e+09  2.92864222e+09  5.84e+01      10s
  34   6.71e-08 9.31e-10   2.93218388e+09  2.92939025e+09  1.40e+01      10s
  35   6.07e-08 2.33e-10   2.92990662e+09  2.92967145e+09  1.18e+00      10s
  36   4.10e-08 2.33e-10   2.92971022e+09  2.92970159e+09  4.32e-02      11s
  37   6.89e-08 2.33e-10   2.92970634e+09  2.92970469e+09  8.27e-03      11s
  38   1.04e-07 2.33e-10   2.92970564e+09  2.92970530e+09  1.71e-03      11s
  39   1.40e-07 2.33e-10   2.92970545e+09  2.92970542e+09  1.50e-04      11s
  40   1.15e-07 2.33e-10   2.92970544e+09  2.92970543e+09  5.02e-05      11s
  41*  1.94e-07 2.33e-10   2.92970543e+09  2.92970543e+09  3.69e-06      12s
Summary
    Runtime:                                            11.60s
    Status interior point solve:                        optimal
    Status crossover:                                   not run
    objective value:                                    2.92970543e+09
    interior solution primal residual (abs/rel):        1.79e-07 / 1.22e-15
    interior solution dual residual (abs/rel):          1.16e-10 / 8.90e-17
    interior solution objective gap (abs/rel):          7.10e-01 / 2.42e-10
Ipx: IPM       optimal
Model   status      : Optimal
IPM       iterations: 41
Objective value     :  2.9297054333e+09
HiGHS run time      :         14.23
Presolving model
119360 rows, 325976 cols, 752902 nonzeros
89265 rows, 199393 cols, 499438 nonzeros
86950 rows, 117547 cols, 335347 nonzeros
86387 rows, 114710 cols, 329636 nonzeros
Presolve : Reductions: rows 86387(-2574443); columns 114710(-1632355); elements 329636(-7923277)
Solving the presolved LP
IPX model has 86387 rows, 114710 columns and 329636 nonzeros
Input
    Number of variables:                                114710
    Number of free variables:                           0
    Number of constraints:                              86387
    Number of equality constraints:                     13681
    Number of matrix entries:                           329636
    Matrix range:                                       [1e-02, 1e+00]
    RHS range:                                          [2e+05, 1e+08]
    Objective range:                                    [2e-04, 1e+06]
    Bounds range:                                       [1e+05, 1e+08]
Preprocessing
    Dualized model:                                     no
    Number of dense columns:                            0
    Range of scaling factors:                           [1.00e+00, 2.00e+00]
IPX version 1.0
Interior Point Solve
 Iter     P.res    D.res            P.obj           D.obj        mu     Time
   0   2.96e+07 1.47e+05   5.17212355e+13 -5.27647257e+16  5.04e+12       0s
   1   8.10e+06 1.01e+05   4.95381541e+16 -4.16643126e+16  3.13e+12       0s
   2   3.09e+06 6.34e+04   6.57502242e+16 -3.26692047e+16  2.35e+12       0s
   3   1.27e+06 1.57e+04   4.92341148e+16 -8.78365698e+15  7.07e+11       0s
   4   4.43e+05 3.12e+03   2.76449083e+16 -2.39594204e+15  2.16e+11       1s
   5   1.74e+05 9.79e+02   1.31299351e+16 -9.94311072e+14  8.47e+10       1s
 Constructing starting basis...
   6   6.84e+04 1.56e+02   5.84864499e+15 -2.82466089e+14  3.38e+10       2s
   7   3.06e+04 5.97e+01   3.00417052e+15 -1.62192369e+14  1.71e+10       2s
   8   8.73e+03 1.91e+01   1.33172981e+15 -1.00660026e+14  7.58e+09       3s
   9   1.51e+03 8.29e+00   4.12580119e+14 -5.42426470e+13  2.49e+09       3s
  10   6.56e+02 4.53e+00   2.05818357e+14 -3.20943226e+13  1.28e+09       3s
  11   1.75e+02 2.58e+00   7.08144718e+13 -1.90725549e+13  4.97e+08       4s
  12   6.43e+01 1.62e+00   4.12606765e+13 -1.27599816e+13  3.02e+08       4s
  13   1.94e+01 8.18e-01   2.06573566e+13 -6.92648323e+12  1.55e+08       4s
  14   8.64e+00 4.74e-01   1.19162948e+13 -4.18058705e+12  9.05e+07       5s
  15   1.59e+00 2.93e-01   4.96678865e+12 -2.69039472e+12  4.46e+07       5s
  16   2.39e-01 6.89e-02   1.52742919e+12 -6.81360697e+11  1.25e+07       5s
  17   7.71e-02 2.07e-02   9.10774884e+11 -2.36258881e+11  6.15e+06       6s
  18   3.89e-02 9.30e-03   5.47800388e+11 -1.11249463e+11  3.46e+06       6s
  19   1.86e-02 5.75e-03   4.54006523e+11 -7.89429190e+10  2.76e+06       6s
  20   1.09e-02 1.83e-03   3.66080184e+11 -3.59933470e+10  2.04e+06       7s
  21   3.95e-03 8.24e-04   1.54768855e+11 -1.57395291e+10  8.61e+05       7s
  22   1.86e-03 3.62e-04   9.82165262e+10 -7.19561757e+09  5.30e+05       7s
  23   9.78e-04 1.56e-04   6.31867463e+10 -2.42137408e+09  3.29e+05       7s
  24   5.63e-04 3.88e-05   4.70940049e+10  1.85604077e+08  2.35e+05       8s
  25   1.33e-04 1.08e-05   1.91369849e+10  1.69910041e+09  8.74e+04       8s
  26   5.65e-05 4.95e-06   1.16390271e+10  2.22374905e+09  4.72e+04       8s
  27   2.34e-05 1.40e-06   6.76073087e+09  2.70029179e+09  2.03e+04       9s
  28   7.39e-06 5.31e-07   4.36172732e+09  2.82198611e+09  7.71e+03       9s
  29   2.77e-06 1.73e-07   3.54802204e+09  2.88530635e+09  3.32e+03       9s
  30   1.16e-06 7.30e-08   3.20080005e+09  2.90815539e+09  1.47e+03       9s
  31   4.17e-07 2.47e-08   3.04548000e+09  2.91916585e+09  6.33e+02      10s
  32   1.19e-07 6.40e-09   2.97300704e+09  2.92453650e+09  2.43e+02      10s
  33   5.96e-08 1.86e-09   2.94285620e+09  2.92681570e+09  8.04e+01      10s
  34   6.67e-08 9.31e-10   2.93184749e+09  2.92746428e+09  2.20e+01      10s
  35   4.14e-08 3.49e-10   2.92888240e+09  2.92788678e+09  4.99e+00      11s
  36   4.10e-08 2.33e-10   2.92836686e+09  2.92791777e+09  2.25e+00      11s
  37   3.40e-08 2.33e-10   2.92816053e+09  2.92792349e+09  1.19e+00      11s
  38   6.10e-08 4.66e-10   2.92808299e+09  2.92792432e+09  7.95e-01      11s
  39   4.75e-08 4.66e-10   2.92800363e+09  2.92792520e+09  3.93e-01      11s
  40   7.67e-08 2.33e-10   2.92799999e+09  2.92792436e+09  3.79e-01      11s
  41   4.93e-08 2.33e-10   2.92793525e+09  2.92792518e+09  5.04e-02      12s
  42   6.84e-08 2.33e-10   2.92792654e+09  2.92792545e+09  5.46e-03      12s
  43   5.63e-08 2.33e-10   2.92792566e+09  2.92792554e+09  6.07e-04      12s
  44   2.53e-07 2.33e-10   2.92792556e+09  2.92792555e+09  3.87e-05      12s
  45*  5.52e-08 2.33e-10   2.92792556e+09  2.92792556e+09  7.15e-06      12s
Summary
    Runtime:                                            12.36s
    Status interior point solve:                        optimal
    Status crossover:                                   not run
    objective value:                                    2.92792556e+09
    interior solution primal residual (abs/rel):        5.96e-08 / 4.08e-16
    interior solution dual residual (abs/rel):          2.33e-10 / 1.78e-16
    interior solution objective gap (abs/rel):          1.31e+00 / 4.48e-10
Ipx: IPM       optimal
Model   status      : Optimal
IPM       iterations: 45
Objective value     :  2.9279255597e+09
HiGHS run time      :         14.88
[ Info: Rolling step not specified in scenaio.yaml file; Setting it to 5 years
[ Info: Demand-pathway mapping not specified in scenaio.yaml file; SERA will not look for eligible pathways for different demand types.
[ Info: Production capacity constraints from the grid model not defined. SERA will not create these constraints
[ Info: Regional technology limits not specified in scenaio.yaml file; SERA will not create these constraints
STARTING DATA PRE-PROCESSING 
Processing Temporal Data
Processing Nodes
Processing Demand
Processing Existings
Processing Links
Processing Pathways
Creating Infrastructure options
 15.281852 seconds (99.59 M allocations: 11.636 GiB, 26.75% gc time, 0.57% compilation time)

OPTIMIZING FROM 2026 TO 2030 

STARTING OPTIMIZATION MODEL CREATION
CREATING VARIABLES AND EXPRESSIONS
 22.437253 seconds (140.41 M allocations: 8.644 GiB, 47.14% gc time, 24.07% compilation time)
POPULATING EXPRESSIONS
 12.431986 seconds (56.61 M allocations: 8.762 GiB, 8.00% gc time, 1.48% compilation time)
CREATING CONSTRAINTS
 22.179276 seconds (87.85 M allocations: 4.882 GiB, 57.18% gc time, 17.71% compilation time)
POPULATED CORE OPTIMIZATION MODEL, STARTING ITERATIONS
READING COST DATA FOR ITERATION 1
 18.726182 seconds (59.55 M allocations: 5.763 GiB, 27.74% gc time, 2.21% compilation time)
CREATING EXPRESSIONS FOR CAPITAL AND FIXED COST
 28.512521 seconds (32.70 M allocations: 2.051 GiB, 86.80% gc time, 4.95% compilation time)
BUILDING OBJECTIVE FUNCTION
  3.041196 seconds (20.05 M allocations: 669.035 MiB, 14.68% gc time, 27.62% compilation time)
Optimizing for iteration 1
 47.803648 seconds (28.65 M allocations: 2.744 GiB, 61.46% gc time, 0.07% compilation time)
OPTIMAL
8.272559413673967e8
 =  1.0
READING COST DATA FOR ITERATION 2
110.379653 seconds (47.89 M allocations: 5.547 GiB, 23.66% gc time, 0.03% compilation time)
CREATING EXPRESSIONS FOR CAPITAL AND FIXED COST
 17.080911 seconds (31.04 M allocations: 1.942 GiB, 87.22% gc time, 0.03% compilation time)
BUILDING OBJECTIVE FUNCTION
  5.527978 seconds (19.39 M allocations: 643.755 MiB, 67.03% gc time)
Optimizing for iteration 2
 11.223618 seconds (5 allocations: 32 bytes)
OPTIMAL
1.988061829679587e9
 =  0.5838882226813228
READING COST DATA FOR ITERATION 3
113.691124 seconds (47.73 M allocations: 5.486 GiB, 26.23% gc time)
CREATING EXPRESSIONS FOR CAPITAL AND FIXED COST
 16.842158 seconds (31.04 M allocations: 1.942 GiB, 86.90% gc time)
BUILDING OBJECTIVE FUNCTION
  2.162163 seconds (19.39 M allocations: 643.755 MiB, 16.73% gc time)
Optimizing for iteration 3
 11.856540 seconds (2 allocations: 32 bytes)
OPTIMAL
1.5625830991540396e9
 =  0.2722919061111593
READING COST DATA FOR ITERATION 4
113.886602 seconds (47.72 M allocations: 5.502 GiB, 26.57% gc time)
CREATING EXPRESSIONS FOR CAPITAL AND FIXED COST
 16.959812 seconds (31.04 M allocations: 1.942 GiB, 86.98% gc time)
BUILDING OBJECTIVE FUNCTION
  2.073994 seconds (19.39 M allocations: 643.755 MiB, 15.06% gc time)
Optimizing for iteration 4
 12.008822 seconds (2 allocations: 32 bytes)
OPTIMAL
1.502452995353299e9
 =  0.040021287844765455
READING COST DATA FOR ITERATION 5
118.550904 seconds (47.72 M allocations: 5.541 GiB, 26.98% gc time)
CREATING EXPRESSIONS FOR CAPITAL AND FIXED COST
 18.586261 seconds (31.04 M allocations: 1.942 GiB, 87.43% gc time)
BUILDING OBJECTIVE FUNCTION
  2.222040 seconds (19.39 M allocations: 643.755 MiB, 15.38% gc time)
Optimizing for iteration 5
 12.061445 seconds (2 allocations: 32 bytes)
OPTIMAL
1.502452995353299e9
 =  0.0
ITERATIONS COMPLETED
WRITING RESULTS TO FILE
  5.640402 seconds (7.67 M allocations: 344.560 MiB, 76.91% gc time, 10.81% compilation time)

OPTIMIZING FROM 2031 TO 2035 

STARTING OPTIMIZATION MODEL CREATION
CREATING VARIABLES AND EXPRESSIONS
141.266339 seconds (131.46 M allocations: 8.078 GiB, 94.17% gc time, 0.14% compilation time)
POPULATING EXPRESSIONS
 18.329683 seconds (56.43 M allocations: 8.756 GiB, 37.51% gc time)
CREATING CONSTRAINTS
 57.143753 seconds (85.13 M allocations: 4.703 GiB, 84.32% gc time)
POPULATED CORE OPTIMIZATION MODEL, STARTING ITERATIONS
READING COST DATA FOR ITERATION 1
 63.960208 seconds (47.63 M allocations: 5.538 GiB, 79.94% gc time)
CREATING EXPRESSIONS FOR CAPITAL AND FIXED COST
 25.990779 seconds (31.00 M allocations: 1.941 GiB, 92.25% gc time)
BUILDING OBJECTIVE FUNCTION
  1.978985 seconds (19.39 M allocations: 621.176 MiB, 15.64% gc time)
Optimizing for iteration 1
 80.109113 seconds (28.64 M allocations: 2.743 GiB, 71.38% gc time)
OPTIMAL
3.97149189759004e13
 =  1.0
READING COST DATA FOR ITERATION 2
135.006852 seconds (47.80 M allocations: 5.488 GiB, 37.58% gc time)
CREATING EXPRESSIONS FOR CAPITAL AND FIXED COST
 28.911916 seconds (31.04 M allocations: 1.942 GiB, 92.64% gc time)
BUILDING OBJECTIVE FUNCTION
  2.230702 seconds (19.39 M allocations: 643.770 MiB, 18.21% gc time)
Optimizing for iteration 2
 13.044391 seconds (5 allocations: 32 bytes)
OPTIMAL
3.2349339222318325e9
 =  12275.887234994962
READING COST DATA FOR ITERATION 3
142.151608 seconds (47.77 M allocations: 5.551 GiB, 40.56% gc time)
CREATING EXPRESSIONS FOR CAPITAL AND FIXED COST
 28.672135 seconds (31.04 M allocations: 1.942 GiB, 92.80% gc time)
BUILDING OBJECTIVE FUNCTION
  2.024529 seconds (19.39 M allocations: 643.770 MiB, 14.08% gc time)
Optimizing for iteration 3
 12.595952 seconds (2 allocations: 32 bytes)
OPTIMAL
2.7142830006792264e9
 =  0.19181895234246563
READING COST DATA FOR ITERATION 4
147.576296 seconds (47.77 M allocations: 5.486 GiB, 40.90% gc time)
CREATING EXPRESSIONS FOR CAPITAL AND FIXED COST
 31.429737 seconds (31.04 M allocations: 1.942 GiB, 93.12% gc time)
BUILDING OBJECTIVE FUNCTION
  2.114879 seconds (19.39 M allocations: 643.770 MiB, 14.26% gc time)
Optimizing for iteration 4
 12.781381 seconds (2 allocations: 32 bytes)
OPTIMAL
2.650154826231833e9
 =  0.024197897350591697
READING COST DATA FOR ITERATION 5
142.068603 seconds (47.77 M allocations: 5.598 GiB, 37.75% gc time)
CREATING EXPRESSIONS FOR CAPITAL AND FIXED COST
 26.824831 seconds (31.04 M allocations: 1.942 GiB, 91.93% gc time)
BUILDING OBJECTIVE FUNCTION
  2.105842 seconds (19.39 M allocations: 643.770 MiB, 13.98% gc time)
Optimizing for iteration 5
 12.896968 seconds (2 allocations: 32 bytes)
OPTIMAL
2.650569298293236e9
 =  0.00015637095830710906
ITERATIONS COMPLETED
WRITING RESULTS TO FILE
  8.742240 seconds (13.52 M allocations: 606.343 MiB, 76.78% gc time, 9.45% compilation time)

OPTIMIZING FROM 2036 TO 2040 

STARTING OPTIMIZATION MODEL CREATION
CREATING VARIABLES AND EXPRESSIONS
191.813065 seconds (131.20 M allocations: 8.032 GiB, 96.11% gc time)
POPULATING EXPRESSIONS
 20.438692 seconds (56.46 M allocations: 8.769 GiB, 44.29% gc time)
CREATING CONSTRAINTS
 56.759970 seconds (85.14 M allocations: 4.705 GiB, 83.92% gc time, 0.01% compilation time)
POPULATED CORE OPTIMIZATION MODEL, STARTING ITERATIONS
READING COST DATA FOR ITERATION 1
 62.745051 seconds (47.63 M allocations: 5.482 GiB, 79.59% gc time)
CREATING EXPRESSIONS FOR CAPITAL AND FIXED COST
 25.490246 seconds (31.14 M allocations: 1.947 GiB, 91.40% gc time, 0.23% compilation time)
BUILDING OBJECTIVE FUNCTION
  2.397712 seconds (19.39 M allocations: 621.192 MiB, 22.08% gc time)
Optimizing for iteration 1
 75.004139 seconds (29.65 M allocations: 2.759 GiB, 65.84% gc time)
OPTIMAL
3.8952821095089305e13
 =  1.0
READING COST DATA FOR ITERATION 2
137.010061 seconds (47.84 M allocations: 5.488 GiB, 40.05% gc time)
CREATING EXPRESSIONS FOR CAPITAL AND FIXED COST
 27.783198 seconds (31.15 M allocations: 1.945 GiB, 91.92% gc time)
BUILDING OBJECTIVE FUNCTION
  2.560098 seconds (19.39 M allocations: 643.788 MiB, 22.76% gc time)
Optimizing for iteration 2
 14.158879 seconds (5 allocations: 32 bytes)
OPTIMAL
3.2177100637381845e9
 =  12104.758543651491
READING COST DATA FOR ITERATION 3
137.636311 seconds (47.81 M allocations: 5.504 GiB, 40.26% gc time)
CREATING EXPRESSIONS FOR CAPITAL AND FIXED COST
 27.977213 seconds (31.15 M allocations: 1.945 GiB, 91.75% gc time)
BUILDING OBJECTIVE FUNCTION
  2.490745 seconds (19.39 M allocations: 643.788 MiB, 21.55% gc time)
Optimizing for iteration 3
 13.948012 seconds (2 allocations: 32 bytes)
OPTIMAL
2.9215776461667137e9
 =  0.10136044748284798
READING COST DATA FOR ITERATION 4
138.635706 seconds (47.81 M allocations: 5.487 GiB, 40.05% gc time)
CREATING EXPRESSIONS FOR CAPITAL AND FIXED COST
 27.989902 seconds (31.15 M allocations: 1.945 GiB, 91.81% gc time)
BUILDING OBJECTIVE FUNCTION
  2.518056 seconds (19.39 M allocations: 643.788 MiB, 21.64% gc time)
Optimizing for iteration 4
 14.216557 seconds (2 allocations: 32 bytes)
OPTIMAL
2.946876331642103e9
 =  0.008584915900209216
READING COST DATA FOR ITERATION 5
138.338796 seconds (47.81 M allocations: 5.583 GiB, 40.34% gc time)
CREATING EXPRESSIONS FOR CAPITAL AND FIXED COST
 28.161598 seconds (31.15 M allocations: 1.945 GiB, 91.79% gc time)
BUILDING OBJECTIVE FUNCTION
  2.447397 seconds (19.39 M allocations: 643.788 MiB, 20.23% gc time)
Optimizing for iteration 5
 14.953841 seconds (2 allocations: 32 bytes)
OPTIMAL
2.922755510574421e9
 =  0.00825276728772572
READING COST DATA FOR ITERATION 6
138.205136 seconds (47.81 M allocations: 5.487 GiB, 40.33% gc time)
CREATING EXPRESSIONS FOR CAPITAL AND FIXED COST
 28.113883 seconds (31.15 M allocations: 1.945 GiB, 91.82% gc time)
BUILDING OBJECTIVE FUNCTION
  2.509101 seconds (19.39 M allocations: 643.788 MiB, 21.62% gc time)
Optimizing for iteration 6
 14.249960 seconds (2 allocations: 32 bytes)
OPTIMAL
2.929705433347603e9
 =  0.0023722257856719207
READING COST DATA FOR ITERATION 7
138.322620 seconds (47.81 M allocations: 5.487 GiB, 40.31% gc time)
CREATING EXPRESSIONS FOR CAPITAL AND FIXED COST
 28.045645 seconds (31.15 M allocations: 1.945 GiB, 91.75% gc time)
BUILDING OBJECTIVE FUNCTION
  2.483060 seconds (19.39 M allocations: 643.788 MiB, 21.31% gc time)
Optimizing for iteration 7
 14.902178 seconds (2 allocations: 32 bytes)
OPTIMAL
2.927925559695891e9
 =  0.0006078958005341546
ITERATIONS COMPLETED
WRITING RESULTS TO FILE
  9.215324 seconds (17.75 M allocations: 752.249 MiB, 78.83% gc time)

THE OPTIMIZATION PROBLEM TOOK 58.81 MINUTES TO SOLVE. 
