Running HiGHS 1.6.0: Copyright (c) 2023 HiGHS under MIT licence terms
Presolving model
171198 rows, 435810 cols, 1068049 nonzeros
135901 rows, 299319 cols, 796913 nonzeros
135848 rows, 157079 cols, 509622 nonzeros
130616 rows, 151673 cols, 498741 nonzeros
Presolve : Reductions: rows 130616(-1519271); columns 151673(-978745); elements 498741(-4233320)
Solving the presolved LP
IPX model has 130616 rows, 151673 columns and 498741 nonzeros
Input
    Number of variables:                                151673
    Number of free variables:                           0
    Number of constraints:                              130616
    Number of equality constraints:                     11028
    Number of matrix entries:                           498741
    Matrix range:                                       [1e-02, 1e+00]
    RHS range:                                          [2e+05, 6e+07]
    Objective range:                                    [3e-04, 5e+02]
    Bounds range:                                       [2e+05, 1e+08]
Preprocessing
    Dualized model:                                     no
    Number of dense columns:                            0
    Range of scaling factors:                           [1.00e+00, 2.00e+00]
IPX version 1.0
Interior Point Solve
 Iter     P.res    D.res            P.obj           D.obj        mu     Time
   0   1.16e+07 8.10e+00   3.38856746e+09 -4.38581960e+12  1.33e+08       0s
   1   2.38e+06 5.00e+00   2.73394859e+12 -2.83761574e+12  6.69e+07       0s
   2   1.13e+06 3.76e+00   3.29448407e+12 -2.24758207e+12  5.60e+07       0s
   3   4.12e+05 1.08e+00   2.32396321e+12 -6.73292520e+11  1.94e+07       1s
   4   1.41e+05 2.50e-01   1.20725838e+12 -1.64948875e+11  6.39e+06       1s
   5   4.15e+04 6.82e-02   5.84510239e+11 -5.68188498e+10  2.54e+06       2s
   6   1.63e+04 2.46e-02   2.60411080e+11 -2.12749100e+10  1.06e+06       4s
 Constructing starting basis...
   7   3.84e+03 2.61e-03   1.12335968e+11 -3.67940402e+09  4.30e+05       5s
   8   6.56e+02 1.97e-03   6.25480061e+10 -2.55815450e+09  2.37e+05       6s
   9   2.88e+02 1.16e-03   3.89488505e+10  7.41862035e+08  1.38e+05       6s
  10   1.11e+02 7.13e-04   2.45685217e+10  3.00252309e+09  7.78e+04       7s
  11   6.43e+01 4.59e-04   2.10269546e+10  3.90897267e+09  6.15e+04       8s
  12   5.48e+01 2.37e-04   2.00053351e+10  4.69552501e+09  5.49e+04       9s
  13   3.97e+01 1.72e-04   1.65326728e+10  5.10123298e+09  4.10e+04      10s
  14   2.31e+01 1.01e-04   1.28619385e+10  5.50727105e+09  2.63e+04      11s
  15   1.22e+01 3.81e-05   1.00477493e+10  5.91607996e+09  1.48e+04      12s
  16   7.40e+00 2.08e-05   8.72656531e+09  6.03100936e+09  9.64e+03      13s
  17   4.90e+00 1.20e-05   8.22747889e+09  6.07351086e+09  7.70e+03      13s
  18   2.13e+00 8.15e-06   7.38339792e+09  6.10510684e+09  4.57e+03      14s
  19   1.10e+00 4.53e-06   6.97544362e+09  6.14084492e+09  2.98e+03      15s
  20   5.23e-01 1.70e-06   6.70999462e+09  6.17145756e+09  1.92e+03      15s
  21   3.20e-01 1.16e-06   6.61261169e+09  6.17760302e+09  1.55e+03      16s
  22   2.31e-01 8.99e-07   6.53223538e+09  6.18240384e+09  1.25e+03      16s
  23   2.68e-07 4.67e-07   6.36393168e+09  6.18922784e+09  6.23e+02      17s
  24   1.49e-07 2.31e-07   6.30658715e+09  6.19675616e+09  3.92e+02      17s
  25   5.96e-08 1.43e-07   6.26654519e+09  6.19927125e+09  2.40e+02      18s
  26   3.72e-08 5.54e-08   6.23478502e+09  6.20303841e+09  1.13e+02      19s
  27   3.01e-08 2.58e-08   6.22675918e+09  6.20438658e+09  7.98e+01      19s
  28   2.98e-08 6.96e-09   6.21614534e+09  6.20561822e+09  3.76e+01      20s
  29   2.98e-08 2.68e-09   6.21224699e+09  6.20582933e+09  2.29e+01      20s
  30   2.98e-08 1.03e-09   6.21102461e+09  6.20588605e+09  1.83e+01      20s
  31   2.98e-08 1.52e-10   6.20783589e+09  6.20603617e+09  6.42e+00      21s
  32   2.98e-08 7.27e-11   6.20672597e+09  6.20606951e+09  2.34e+00      21s
  33   3.03e-08 1.14e-13   6.20645936e+09  6.20610539e+09  1.26e+00      22s
  34   6.33e-08 1.14e-13   6.20637297e+09  6.20610244e+09  9.65e-01      22s
  35   8.94e-08 1.14e-13   6.20614965e+09  6.20611164e+09  1.36e-01      22s
  36   4.47e-08 1.14e-13   6.20611891e+09  6.20611255e+09  2.27e-02      23s
  37   4.10e-08 1.14e-13   6.20611369e+09  6.20611276e+09  3.35e-03      23s
  38   3.55e-08 1.71e-13   6.20611323e+09  6.20611283e+09  1.46e-03      23s
  39   3.35e-08 1.71e-13   6.20611291e+09  6.20611284e+09  2.47e-04      24s
  40   3.35e-08 1.14e-13   6.20611285e+09  6.20611284e+09  2.93e-05      24s
  41*  7.74e-08 1.71e-13   6.20611284e+09  6.20611284e+09  1.79e-06      24s
Summary
    Runtime:                                            23.90s
    Status interior point solve:                        optimal
    Status crossover:                                   not run
    objective value:                                    6.20611284e+09
    interior solution primal residual (abs/rel):        7.45e-08 / 5.10e-16
    interior solution dual residual (abs/rel):          2.53e-13 / 4.79e-16
    interior solution objective gap (abs/rel):          4.97e-01 / 8.00e-11
Ipx: IPM       optimal
Model   status      : Optimal
IPM       iterations: 41
Objective value     :  6.2381657817e+09
HiGHS run time      :         25.48
Presolving model
171198 rows, 435810 cols, 1068049 nonzeros
135901 rows, 299319 cols, 796913 nonzeros
135848 rows, 157079 cols, 509622 nonzeros
130616 rows, 151673 cols, 498741 nonzeros
Presolve : Reductions: rows 130616(-1524281); columns 151673(-978745); elements 498741(-4238330)
Solving the presolved LP
IPX model has 130616 rows, 151673 columns and 498741 nonzeros
Input
    Number of variables:                                151673
    Number of free variables:                           0
    Number of constraints:                              130616
    Number of equality constraints:                     11028
    Number of matrix entries:                           498741
    Matrix range:                                       [1e-02, 1e+00]
    RHS range:                                          [2e+05, 6e+07]
    Objective range:                                    [3e-04, 9e+06]
    Bounds range:                                       [2e+05, 1e+08]
Preprocessing
    Dualized model:                                     no
    Number of dense columns:                            0
    Range of scaling factors:                           [1.00e+00, 2.00e+00]
IPX version 1.0
Interior Point Solve
 Iter     P.res    D.res            P.obj           D.obj        mu     Time
   0   1.17e+07 2.25e+05   2.81277859e+13 -1.22656554e+17  3.42e+12       0s
   1   3.07e+06 1.62e+05   4.80977592e+16 -9.18076687e+16  2.21e+12       0s
   2   1.52e+06 1.01e+05   6.65333828e+16 -6.43935261e+16  1.73e+12       0s
   3   4.33e+05 4.43e+04   5.47864955e+16 -3.09085139e+16  8.04e+11       1s
   4   1.52e+05 1.24e+04   3.64730783e+16 -9.19117304e+15  2.77e+11       1s
   5   3.82e+04 3.28e+03   1.69721335e+16 -2.69415738e+15  8.83e+10       2s
   6   1.91e+04 9.97e+02   9.79845775e+15 -9.32223203e+14  4.20e+10       3s
 Constructing starting basis...
   7   6.09e+03 2.51e+02   3.88596952e+15 -3.08711009e+14  1.60e+10       5s
   8   2.23e+03 5.66e+01   1.51194741e+15 -1.06272655e+14  6.02e+09       6s
   9   6.08e+02 2.16e+01   5.32965744e+14 -6.16947729e+13  2.21e+09       6s
  10   2.78e+02 1.32e+01   3.86694590e+14 -3.81544376e+13  1.58e+09       7s
  11   1.08e+02 9.36e+00   1.73533834e+14 -2.59967697e+13  7.57e+08       8s
  12   4.49e+01 4.68e+00   8.94397672e+13 -1.30546184e+13  3.89e+08       9s
  13   1.33e+01 1.71e+00   3.01784342e+13 -4.69198505e+12  1.33e+08       9s
  14   2.28e+00 3.64e-01   8.01053603e+12 -1.07498119e+12  3.42e+07      10s
  15   1.55e+00 1.62e-01   5.78528742e+12 -4.79371578e+11  2.32e+07      11s
  16   7.66e-01 8.69e-02   2.94275002e+12 -2.48028420e+11  1.18e+07      11s
  17   3.54e-01 3.65e-02   1.55413971e+12 -1.04943062e+11  6.09e+06      12s
  18   1.39e-01 1.72e-02   6.62375238e+11 -4.82910640e+10  2.60e+06      12s
  19   7.45e-02 4.69e-03   3.78430060e+11 -1.09102119e+10  1.41e+06      13s
  20   2.58e-02 1.57e-03   1.55644975e+11 -1.43148458e+09  5.65e+05      13s
  21   1.30e-02 2.07e-04   9.41730199e+10  2.83656121e+09  3.27e+05      14s
  22   2.77e-03 2.42e-05   3.79166750e+10  3.83011817e+09  1.22e+05      15s
  23   5.55e-04 9.04e-06   1.49166944e+10  4.26707836e+09  3.80e+04      15s
  24   1.22e-04 2.53e-06   8.30615797e+09  4.53763510e+09  1.34e+04      16s
  25   2.80e-05 6.77e-07   5.97662755e+09  4.65332664e+09  4.72e+03      16s
  26   8.37e-06 2.32e-07   5.30511398e+09  4.69007223e+09  2.19e+03      17s
  27   2.86e-06 1.01e-07   4.94701459e+09  4.70773883e+09  8.54e+02      18s
  28   9.54e-07 5.03e-08   4.81244201e+09  4.71494229e+09  3.48e+02      18s
  29   3.87e-07 1.96e-08   4.75981690e+09  4.71970313e+09  1.43e+02      19s
  30   1.19e-07 8.38e-09   4.73829856e+09  4.72130404e+09  6.06e+01      19s
  31   8.94e-08 3.73e-09   4.72500010e+09  4.72248137e+09  8.99e+00      20s
  32   1.64e-07 3.73e-09   4.72321736e+09  4.72281069e+09  1.45e+00      20s
  33   1.34e-07 1.86e-09   4.72288907e+09  4.72285142e+09  1.34e-01      20s
  34   8.94e-08 1.86e-09   4.72286090e+09  4.72285680e+09  1.46e-02      21s
  35   1.23e-07 3.73e-09   4.72285754e+09  4.72285705e+09  1.75e-03      21s
  36   1.79e-07 2.79e-09   4.72285713e+09  4.72285710e+09  1.28e-04      22s
  37   3.58e-07 9.31e-10   4.72285711e+09  4.72285710e+09  2.71e-05      22s
  38*  2.38e-07 9.31e-10   4.72285710e+09  4.72285710e+09  4.07e-08      22s
Summary
    Runtime:                                            22.15s
    Status interior point solve:                        optimal
    Status crossover:                                   not run
    objective value:                                    4.72285710e+09
    interior solution primal residual (abs/rel):        2.98e-07 / 2.04e-15
    interior solution dual residual (abs/rel):          9.31e-10 / 1.01e-16
    interior solution objective gap (abs/rel):          1.00e-02 / 2.12e-12
Ipx: IPM       optimal
Model   status      : Optimal
IPM       iterations: 38
Objective value     :  4.7433823726e+09
HiGHS run time      :         23.68
Presolving model
171198 rows, 435810 cols, 1068049 nonzeros
135901 rows, 299319 cols, 796913 nonzeros
135848 rows, 157079 cols, 509622 nonzeros
130616 rows, 151673 cols, 498741 nonzeros
Presolve : Reductions: rows 130616(-1529291); columns 151673(-978745); elements 498741(-4243340)
Solving the presolved LP
IPX model has 130616 rows, 151673 columns and 498741 nonzeros
Input
    Number of variables:                                151673
    Number of free variables:                           0
    Number of constraints:                              130616
    Number of equality constraints:                     11028
    Number of matrix entries:                           498741
    Matrix range:                                       [1e-02, 1e+00]
    RHS range:                                          [2e+05, 6e+07]
    Objective range:                                    [3e-04, 9e+06]
    Bounds range:                                       [2e+05, 1e+08]
Preprocessing
    Dualized model:                                     no
    Number of dense columns:                            0
    Range of scaling factors:                           [1.00e+00, 2.00e+00]
IPX version 1.0
Interior Point Solve
 Iter     P.res    D.res            P.obj           D.obj        mu     Time
   0   1.17e+07 2.25e+05   4.17342543e+13 -1.21940227e+17  3.42e+12       0s
   1   2.91e+06 1.62e+05   4.95576933e+16 -9.12558605e+16  2.20e+12       0s
   2   1.52e+06 1.03e+05   6.69577133e+16 -6.50553735e+16  1.75e+12       0s
   3   4.57e+05 4.27e+04   5.42011006e+16 -2.93372406e+16  7.70e+11       1s
   4   1.59e+05 1.27e+04   3.59285365e+16 -9.29922929e+15  2.75e+11       1s
   5   3.98e+04 3.22e+03   1.66842820e+16 -2.59052938e+15  8.60e+10       2s
   6   2.02e+04 9.38e+02   9.79718082e+15 -8.62305122e+14  4.14e+10       4s
 Constructing starting basis...
   7   5.23e+03 2.78e+02   3.49732404e+15 -3.30112303e+14  1.47e+10       6s
   8   1.20e+03 8.88e+01   8.79895355e+14 -1.35445527e+14  3.86e+09       7s
   9   3.31e+02 4.00e+01   5.39239077e+14 -7.22519963e+13  2.30e+09       8s
  10   1.74e+02 2.73e+01   3.44613819e+14 -4.89546406e+13  1.49e+09       9s
  11   1.12e+02 1.88e+01   2.42017059e+14 -3.24023159e+13  1.04e+09      10s
  12   7.03e+01 1.32e+01   1.71150662e+14 -2.29503195e+13  7.38e+08      11s
  13   4.13e+01 8.17e+00   1.19757350e+14 -1.48027797e+13  5.10e+08      12s
  14   2.21e+01 4.45e+00   7.82733595e+13 -8.99929407e+12  3.29e+08      12s
  15   6.75e+00 4.67e-01   4.02237975e+13 -2.12016798e+12  1.53e+08      13s
  16   2.00e+00 1.28e-01   1.97910623e+13 -9.37822610e+11  7.50e+07      14s
  17   6.53e-01 3.96e-02   9.78297939e+12 -4.23578810e+11  3.69e+07      15s
  18   1.58e-01 1.31e-02   4.65395973e+12 -2.15905047e+11  1.76e+07      16s
  19   2.81e-02 2.10e-03   9.67583668e+11 -3.56849578e+10  3.60e+06      16s
  20   1.12e-02 4.33e-04   4.24929524e+11 -5.97658264e+09  1.54e+06      17s
  21   6.58e-03 1.55e-04   2.86598834e+11 -1.71678964e+09  1.03e+06      18s
  22   2.11e-03 1.12e-05   1.26263492e+11  1.89272346e+09  4.44e+05      18s
  23   4.71e-04 2.27e-06   4.27189838e+10  3.14113022e+09  1.41e+05      19s
  24   8.81e-05 8.69e-07   1.60277059e+10  3.56509762e+09  4.45e+04      19s
  25   4.74e-06 3.94e-07   8.86419490e+09  3.74398214e+09  1.83e+04      20s
  26   1.43e-06 1.12e-07   5.93251168e+09  3.96106585e+09  7.03e+03      21s
  27   4.47e-07 4.10e-08   4.86371958e+09  4.02607366e+09  2.99e+03      22s
  28   1.94e-07 1.86e-08   4.44035601e+09  4.05208803e+09  1.39e+03      22s
  29   1.94e-07 7.45e-09   4.21863043e+09  4.06638794e+09  5.43e+02      23s
  30   1.04e-07 3.73e-09   4.13771431e+09  4.07226312e+09  2.33e+02      24s
  31   1.49e-07 2.79e-09   4.09848994e+09  4.07450740e+09  8.56e+01      24s
  32   1.79e-07 1.86e-09   4.08152942e+09  4.07559417e+09  2.12e+01      25s
  33   1.49e-07 1.86e-09   4.07724069e+09  4.07605780e+09  4.22e+00      25s
  34   1.64e-07 2.79e-09   4.07665740e+09  4.07611360e+09  1.94e+00      26s
  35   1.94e-07 1.86e-09   4.07617604e+09  4.07613217e+09  1.57e-01      26s
  36   9.54e-08 1.86e-09   4.07613918e+09  4.07613594e+09  1.16e-02      26s
  37   2.53e-07 1.86e-09   4.07613678e+09  4.07613641e+09  1.31e-03      27s
  38   6.56e-07 1.86e-09   4.07613645e+09  4.07613644e+09  5.39e-05      27s
  39*  1.43e-06 1.86e-09   4.07613644e+09  4.07613644e+09  8.16e-06      28s
Summary
    Runtime:                                            27.64s
    Status interior point solve:                        optimal
    Status crossover:                                   not run
    objective value:                                    4.07613644e+09
    interior solution primal residual (abs/rel):        1.24e-06 / 8.47e-15
    interior solution dual residual (abs/rel):          9.31e-10 / 1.01e-16
    interior solution objective gap (abs/rel):          2.11e+00 / 5.18e-10
Ipx: IPM       optimal
Model   status      : Optimal
IPM       iterations: 39
Objective value     :  4.0966617120e+09
HiGHS run time      :         29.22
Presolving model
171198 rows, 435810 cols, 1068049 nonzeros
135901 rows, 299319 cols, 796913 nonzeros
135848 rows, 157079 cols, 509622 nonzeros
130616 rows, 151673 cols, 498741 nonzeros
Presolve : Reductions: rows 130616(-1534301); columns 151673(-978745); elements 498741(-4248350)
Solving the presolved LP
IPX model has 130616 rows, 151673 columns and 498741 nonzeros
Input
    Number of variables:                                151673
    Number of free variables:                           0
    Number of constraints:                              130616
    Number of equality constraints:                     11028
    Number of matrix entries:                           498741
    Matrix range:                                       [1e-02, 1e+00]
    RHS range:                                          [2e+05, 6e+07]
    Objective range:                                    [3e-04, 9e+06]
    Bounds range:                                       [2e+05, 1e+08]
Preprocessing
    Dualized model:                                     no
    Number of dense columns:                            0
    Range of scaling factors:                           [1.00e+00, 2.00e+00]
IPX version 1.0
Interior Point Solve
 Iter     P.res    D.res            P.obj           D.obj        mu     Time
   0   1.17e+07 2.25e+05   4.37164239e+13 -1.21861627e+17  3.42e+12       0s
   1   2.91e+06 1.62e+05   4.96020614e+16 -9.11970272e+16  2.20e+12       0s
   2   1.52e+06 1.03e+05   6.70756802e+16 -6.50216995e+16  1.75e+12       0s
   3   4.57e+05 4.27e+04   5.43060424e+16 -2.93501890e+16  7.71e+11       1s
   4   1.60e+05 1.27e+04   3.60259107e+16 -9.30522568e+15  2.76e+11       1s
   5   4.01e+04 3.23e+03   1.67501581e+16 -2.59040466e+15  8.63e+10       2s
   6   2.03e+04 9.40e+02   9.83900182e+15 -8.61392714e+14  4.16e+10       4s
 Constructing starting basis...
   7   5.38e+03 2.76e+02   3.53987464e+15 -3.27309250e+14  1.48e+10       6s
   8   1.23e+03 9.47e+01   8.82919357e+14 -1.41193774e+14  3.90e+09       6s
   9   4.10e+02 4.41e+01   5.55795191e+14 -7.61123174e+13  2.39e+09       7s
  10   2.12e+02 3.25e+01   3.51201874e+14 -5.56656162e+13  1.55e+09       8s
  11   1.14e+02 1.99e+01   2.23604626e+14 -3.24181452e+13  9.76e+08       9s
  12   7.30e+01 1.40e+01   1.63237243e+14 -2.33005924e+13  7.12e+08      10s
  13   4.43e+01 8.74e+00   1.16572385e+14 -1.51057149e+13  5.01e+08      11s
  14   2.14e+01 4.71e+00   7.37681916e+13 -9.22222398e+12  3.14e+08      12s
  15   7.52e+00 4.57e-01   4.02419810e+13 -1.97686077e+12  1.53e+08      12s
  16   2.72e+00 1.04e-01   1.94539441e+13 -7.03986063e+11  7.27e+07      13s
  17   1.06e+00 3.87e-02   1.03510559e+13 -3.71724683e+11  3.87e+07      14s
  18   7.92e-02 1.43e-02   4.04091757e+12 -2.20302107e+11  1.55e+07      14s
  19   1.63e-02 2.65e-03   9.50814107e+11 -4.14062084e+10  3.58e+06      15s
  20   8.55e-03 4.51e-04   5.28156647e+11 -5.52559624e+09  1.91e+06      16s
  21   3.82e-03 1.34e-04   2.61246304e+11 -2.37655877e+07  9.33e+05      16s
  22   7.06e-04 4.46e-05   1.71113047e+11 -9.58069005e+08  6.14e+05      17s
  23   1.30e-04 9.34e-06   5.09087343e+10  2.34229093e+09  1.73e+05      17s
  24   8.46e-06 3.24e-06   1.72732430e+10  3.17001559e+09  5.03e+04      18s
  25   2.68e-06 1.49e-06   1.20699159e+10  3.51941848e+09  3.05e+04      19s
  26   1.43e-06 4.81e-07   8.48812894e+09  3.86297698e+09  1.65e+04      19s
  27   2.68e-07 1.62e-07   5.67783723e+09  3.95505142e+09  6.15e+03      20s
  28   1.34e-07 5.59e-08   4.57160432e+09  4.00957172e+09  2.00e+03      21s
  29   5.96e-08 2.42e-08   4.26002714e+09  4.03104271e+09  8.17e+02      21s
  30   1.64e-07 1.21e-08   4.13615890e+09  4.04050170e+09  3.41e+02      22s
  31   8.94e-08 5.59e-09   4.08161926e+09  4.04594255e+09  1.27e+02      22s
  32   1.64e-07 3.73e-09   4.06398750e+09  4.04774659e+09  5.79e+01      23s
  33   1.19e-07 1.86e-09   4.05348075e+09  4.04934465e+09  1.48e+01      23s
  34   7.45e-08 1.86e-09   4.05058676e+09  4.04978583e+09  2.86e+00      24s
  35   1.04e-07 2.79e-09   4.04988828e+09  4.04982578e+09  2.23e-01      24s
  36   1.34e-07 1.86e-09   4.04983637e+09  4.04983184e+09  1.62e-02      25s
  37   8.94e-08 3.73e-09   4.04983385e+09  4.04983246e+09  4.96e-03      25s
  38   1.04e-07 2.79e-09   4.04983280e+09  4.04983262e+09  6.68e-04      26s
  39   1.12e-06 1.86e-09   4.04983265e+09  4.04983264e+09  4.00e-05      26s
  40*  1.46e-06 9.31e-10   4.04983264e+09  4.04983264e+09  4.03e-06      26s
Summary
    Runtime:                                            26.29s
    Status interior point solve:                        optimal
    Status crossover:                                   not run
    objective value:                                    4.04983264e+09
    interior solution primal residual (abs/rel):        1.31e-06 / 8.98e-15
    interior solution dual residual (abs/rel):          9.31e-10 / 1.01e-16
    interior solution objective gap (abs/rel):          9.99e-01 / 2.47e-10
Ipx: IPM       optimal
Model   status      : Optimal
IPM       iterations: 40
Objective value     :  4.0703579079e+09
HiGHS run time      :         27.81
Presolving model
171198 rows, 435810 cols, 1068049 nonzeros
135901 rows, 299319 cols, 796913 nonzeros
135848 rows, 157079 cols, 509622 nonzeros
130616 rows, 151673 cols, 498741 nonzeros
Presolve : Reductions: rows 130616(-1539311); columns 151673(-978745); elements 498741(-4253360)
Solving the presolved LP
IPX model has 130616 rows, 151673 columns and 498741 nonzeros
Input
    Number of variables:                                151673
    Number of free variables:                           0
    Number of constraints:                              130616
    Number of equality constraints:                     11028
    Number of matrix entries:                           498741
    Matrix range:                                       [1e-02, 1e+00]
    RHS range:                                          [2e+05, 6e+07]
    Objective range:                                    [3e-04, 9e+06]
    Bounds range:                                       [2e+05, 1e+08]
Preprocessing
    Dualized model:                                     no
    Number of dense columns:                            0
    Range of scaling factors:                           [1.00e+00, 2.00e+00]
IPX version 1.0
Interior Point Solve
 Iter     P.res    D.res            P.obj           D.obj        mu     Time
   0   1.17e+07 2.25e+05   4.43569100e+13 -1.21843573e+17  3.42e+12       0s
   1   2.91e+06 1.62e+05   4.96180335e+16 -9.11834890e+16  2.20e+12       0s
   2   1.52e+06 1.03e+05   6.71107783e+16 -6.50151479e+16  1.75e+12       0s
   3   4.57e+05 4.27e+04   5.43371704e+16 -2.93546278e+16  7.71e+11       1s
   4   1.59e+05 1.27e+04   3.59794919e+16 -9.29425516e+15  2.75e+11       1s
   5   3.98e+04 3.22e+03   1.67187931e+16 -2.58433521e+15  8.61e+10       2s
   6   2.02e+04 9.39e+02   9.81628710e+15 -8.59127490e+14  4.15e+10       4s
 Constructing starting basis...
   7   5.21e+03 2.78e+02   3.49530697e+15 -3.29376150e+14  1.47e+10       6s
   8   1.21e+03 9.55e+01   8.80970193e+14 -1.41810495e+14  3.90e+09       6s
   9   3.34e+02 4.44e+01   5.22558352e+14 -7.60487260e+13  2.26e+09       7s
  10   1.75e+02 2.95e+01   3.42357262e+14 -5.02451816e+13  1.49e+09       8s
  11   1.12e+02 2.06e+01   2.38762826e+14 -3.36091177e+13  1.04e+09       9s
  12   6.99e+01 1.44e+01   1.70095114e+14 -2.38745057e+13  7.39e+08      10s
  13   4.18e+01 8.84e+00   1.20034634e+14 -1.52772973e+13  5.14e+08      11s
  14   2.10e+01 4.82e+00   7.65373270e+13 -9.34183206e+12  3.25e+08      11s
  15   8.31e+00 5.39e-01   4.17174526e+13 -1.95790576e+12  1.58e+08      12s
  16   2.83e+00 1.05e-01   2.02271186e+13 -6.98277124e+11  7.54e+07      13s
  17   1.24e+00 4.07e-02   1.15665823e+13 -3.83982294e+11  4.31e+07      13s
  18   5.22e-02 1.43e-02   3.72043444e+12 -2.16490279e+11  1.43e+07      14s
  19   1.23e-02 2.61e-03   1.04459487e+12 -4.20914662e+10  3.91e+06      15s
  20   5.84e-03 4.58e-04   5.37093874e+11 -6.42292894e+09  1.94e+06      15s
  21   3.04e-03 1.18e-04   3.02369972e+11 -2.34980336e+07  1.08e+06      16s
  22   6.12e-04 1.83e-05   1.74560413e+11 -9.68673711e+08  6.26e+05      17s
  23   1.34e-04 3.72e-06   5.26052499e+10  2.51402994e+09  1.79e+05      17s
  24   1.33e-05 1.35e-06   1.94983667e+10  3.18211704e+09  5.82e+04      18s
  25   3.96e-06 6.43e-07   1.38006011e+10  3.47512178e+09  3.68e+04      18s
  26   2.21e-06 2.22e-07   9.51374306e+09  3.83293063e+09  2.03e+04      19s
  27   2.68e-07 3.35e-08   5.83299585e+09  3.95788809e+09  6.69e+03      20s
  28   2.24e-07 1.21e-08   4.71452731e+09  4.00551996e+09  2.53e+03      20s
  29   7.45e-08 5.59e-09   4.31651194e+09  4.02476110e+09  1.04e+03      21s
  30   7.45e-08 3.73e-09   4.15010670e+09  4.03169280e+09  4.22e+02      22s
  31   8.94e-08 2.79e-09   4.07461215e+09  4.03639511e+09  1.36e+02      22s
  32   1.08e-07 1.86e-09   4.05347147e+09  4.03746538e+09  5.71e+01      23s
  33   2.38e-07 1.86e-09   4.04134902e+09  4.03877178e+09  9.19e+00      23s
  34   1.04e-07 1.86e-09   4.03955819e+09  4.03916998e+09  1.38e+00      24s
  35   2.09e-07 1.86e-09   4.03924573e+09  4.03921290e+09  1.17e-01      24s
  36   1.49e-07 1.86e-09   4.03921969e+09  4.03921503e+09  1.66e-02      24s
  37   1.49e-07 2.79e-09   4.03921607e+09  4.03921522e+09  3.02e-03      25s
  38   2.68e-07 1.86e-09   4.03921540e+09  4.03921530e+09  3.80e-04      25s
  39   6.71e-07 9.31e-10   4.03921532e+09  4.03921530e+09  4.30e-05      25s
  40*  1.34e-06 9.31e-10   4.03921531e+09  4.03921530e+09  5.82e-06      26s
Summary
    Runtime:                                            25.67s
    Status interior point solve:                        optimal
    Status crossover:                                   not run
    objective value:                                    4.03921531e+09
    interior solution primal residual (abs/rel):        1.13e-06 / 7.76e-15
    interior solution dual residual (abs/rel):          9.31e-10 / 1.01e-16
    interior solution objective gap (abs/rel):          1.56e+00 / 3.87e-10
Ipx: IPM       optimal
Model   status      : Optimal
IPM       iterations: 40
Objective value     :  4.0597405755e+09
HiGHS run time      :         27.19
Presolving model
171198 rows, 435810 cols, 1068049 nonzeros
135901 rows, 299319 cols, 796913 nonzeros
135848 rows, 157079 cols, 509622 nonzeros
130616 rows, 151673 cols, 498741 nonzeros
Presolve : Reductions: rows 130616(-1544321); columns 151673(-978745); elements 498741(-4258370)
Solving the presolved LP
IPX model has 130616 rows, 151673 columns and 498741 nonzeros
Input
    Number of variables:                                151673
    Number of free variables:                           0
    Number of constraints:                              130616
    Number of equality constraints:                     11028
    Number of matrix entries:                           498741
    Matrix range:                                       [1e-02, 1e+00]
    RHS range:                                          [2e+05, 6e+07]
    Objective range:                                    [3e-04, 9e+06]
    Bounds range:                                       [2e+05, 1e+08]
Preprocessing
    Dualized model:                                     no
    Number of dense columns:                            0
    Range of scaling factors:                           [1.00e+00, 2.00e+00]
IPX version 1.0
Interior Point Solve
 Iter     P.res    D.res            P.obj           D.obj        mu     Time
   0   1.17e+07 2.25e+05   4.43569100e+13 -1.21843573e+17  3.42e+12       0s
   1   2.91e+06 1.62e+05   4.96180335e+16 -9.11834890e+16  2.20e+12       0s
   2   1.52e+06 1.03e+05   6.71107783e+16 -6.50151479e+16  1.75e+12       0s
   3   4.57e+05 4.27e+04   5.43371704e+16 -2.93546278e+16  7.71e+11       1s
   4   1.59e+05 1.27e+04   3.59794919e+16 -9.29425516e+15  2.75e+11       1s
   5   3.98e+04 3.22e+03   1.67187931e+16 -2.58433521e+15  8.61e+10       2s
   6   2.02e+04 9.39e+02   9.81628710e+15 -8.59127490e+14  4.15e+10       4s
 Constructing starting basis...
   7   5.21e+03 2.78e+02   3.49530697e+15 -3.29376150e+14  1.47e+10       6s
   8   1.21e+03 9.55e+01   8.80970193e+14 -1.41810495e+14  3.90e+09       6s
   9   3.34e+02 4.44e+01   5.22558352e+14 -7.60487260e+13  2.26e+09       7s
  10   1.75e+02 2.95e+01   3.42357262e+14 -5.02451816e+13  1.49e+09       8s
  11   1.12e+02 2.06e+01   2.38762826e+14 -3.36091177e+13  1.04e+09       9s
  12   6.99e+01 1.44e+01   1.70095114e+14 -2.38745057e+13  7.39e+08      10s
  13   4.18e+01 8.84e+00   1.20034634e+14 -1.52772973e+13  5.14e+08      11s
  14   2.10e+01 4.82e+00   7.65373270e+13 -9.34183206e+12  3.25e+08      11s
  15   8.31e+00 5.39e-01   4.17174526e+13 -1.95790576e+12  1.58e+08      12s
  16   2.83e+00 1.05e-01   2.02271186e+13 -6.98277124e+11  7.54e+07      13s
  17   1.24e+00 4.07e-02   1.15665823e+13 -3.83982294e+11  4.31e+07      13s
  18   5.22e-02 1.43e-02   3.72043444e+12 -2.16490279e+11  1.43e+07      14s
  19   1.23e-02 2.61e-03   1.04459487e+12 -4.20914662e+10  3.91e+06      15s
  20   5.84e-03 4.58e-04   5.37093874e+11 -6.42292894e+09  1.94e+06      16s
  21   3.04e-03 1.18e-04   3.02369972e+11 -2.34980336e+07  1.08e+06      16s
  22   6.12e-04 1.83e-05   1.74560413e+11 -9.68673711e+08  6.26e+05      17s
  23   1.34e-04 3.72e-06   5.26052499e+10  2.51402994e+09  1.79e+05      17s
  24   1.33e-05 1.35e-06   1.94983667e+10  3.18211704e+09  5.82e+04      18s
  25   3.96e-06 6.43e-07   1.38006011e+10  3.47512178e+09  3.68e+04      19s
  26   2.21e-06 2.22e-07   9.51374306e+09  3.83293063e+09  2.03e+04      19s
  27   2.68e-07 3.35e-08   5.83299585e+09  3.95788809e+09  6.69e+03      20s
  28   2.24e-07 1.21e-08   4.71452731e+09  4.00551996e+09  2.53e+03      20s
  29   7.45e-08 5.59e-09   4.31651194e+09  4.02476110e+09  1.04e+03      21s
  30   7.45e-08 3.73e-09   4.15010670e+09  4.03169280e+09  4.22e+02      22s
  31   8.94e-08 2.79e-09   4.07461215e+09  4.03639511e+09  1.36e+02      22s
  32   1.08e-07 1.86e-09   4.05347147e+09  4.03746538e+09  5.71e+01      23s
  33   2.38e-07 1.86e-09   4.04134902e+09  4.03877178e+09  9.19e+00      23s
  34   1.04e-07 1.86e-09   4.03955819e+09  4.03916998e+09  1.38e+00      24s
  35   2.09e-07 1.86e-09   4.03924573e+09  4.03921290e+09  1.17e-01      24s
  36   1.49e-07 1.86e-09   4.03921969e+09  4.03921503e+09  1.66e-02      25s
  37   1.49e-07 2.79e-09   4.03921607e+09  4.03921522e+09  3.02e-03      25s
  38   2.68e-07 1.86e-09   4.03921540e+09  4.03921530e+09  3.80e-04      25s
  39   6.71e-07 9.31e-10   4.03921532e+09  4.03921530e+09  4.30e-05      26s
  40*  1.34e-06 9.31e-10   4.03921531e+09  4.03921530e+09  5.82e-06      26s
Summary
    Runtime:                                            25.76s
    Status interior point solve:                        optimal
    Status crossover:                                   not run
    objective value:                                    4.03921531e+09
    interior solution primal residual (abs/rel):        1.13e-06 / 7.76e-15
    interior solution dual residual (abs/rel):          9.31e-10 / 1.01e-16
    interior solution objective gap (abs/rel):          1.56e+00 / 3.87e-10
Ipx: IPM       optimal
Model   status      : Optimal
IPM       iterations: 40
Objective value     :  4.0597405755e+09
HiGHS run time      :         27.31
Running HiGHS 1.6.0: Copyright (c) 2023 HiGHS under MIT licence terms
Presolving model
51358 rows, 162185 cols, 369407 nonzeros
40085 rows, 107048 cols, 261088 nonzeros
40010 rows, 53052 cols, 151196 nonzeros
37665 rows, 49330 cols, 143694 nonzeros
Presolve : Reductions: rows 37665(-787645); columns 49330(-516245); elements 143694(-2162799)
Solving the presolved LP
IPX model has 37665 rows, 49330 columns and 143694 nonzeros
Input
    Number of variables:                                49330
    Number of free variables:                           0
    Number of constraints:                              37665
    Number of equality constraints:                     5764
    Number of matrix entries:                           143694
    Matrix range:                                       [1e-02, 1e+00]
    RHS range:                                          [2e+05, 1e+08]
    Objective range:                                    [2e-04, 1e+06]
    Bounds range:                                       [1e+05, 2e+08]
Preprocessing
    Dualized model:                                     no
    Number of dense columns:                            0
    Range of scaling factors:                           [1.00e+00, 2.00e+00]
IPX version 1.0
Interior Point Solve
 Iter     P.res    D.res            P.obj           D.obj        mu     Time
   0   1.52e+07 1.37e+05   4.69826747e+13 -2.43185020e+16  2.51e+12       0s
   1   3.58e+06 9.66e+04   9.96881351e+15 -1.82468000e+16  1.57e+12       0s
   2   1.44e+06 5.18e+04   1.32815372e+16 -1.18700416e+16  1.08e+12       0s
   3   5.76e+05 1.16e+04   1.03146856e+16 -3.09209936e+15  3.23e+11       0s
   4   1.56e+05 2.57e+03   5.68688331e+15 -9.00157520e+14  1.04e+11       0s
   5   7.26e+04 8.72e+02   3.08634859e+15 -3.57815003e+14  4.68e+10       0s
 Constructing starting basis...
   6   2.05e+04 2.53e+02   1.26199274e+15 -1.49962549e+14  1.85e+10       1s
   7   8.59e+03 1.69e+02   7.21435544e+14 -1.00450720e+14  1.08e+10       1s
   8   7.03e+03 1.45e+02   6.35332394e+14 -8.18796006e+13  9.41e+09       1s
   9   2.15e+03 7.79e+01   3.20989116e+14 -2.50050126e+13  4.57e+09       1s
  10   1.18e+03 4.93e+01   2.32497122e+14 -5.32275191e+12  3.13e+09       1s
  11   8.68e+02 2.75e+01   1.91820307e+14  8.43503455e+12  2.35e+09       2s
  12   8.21e+02 2.65e+01   1.91395570e+14  1.02934146e+13  2.33e+09       2s
  13   4.67e+02 1.06e+01   1.31142566e+14  2.55824523e+13  1.32e+09       2s
  14   2.56e+02 2.66e+00   1.02314006e+14  3.28033432e+13  8.46e+08       2s
  15   2.05e+02 2.28e+00   9.90423486e+13  3.30170113e+13  8.10e+08       2s
  16   1.64e+02 1.80e+00   9.62232552e+13  3.31467204e+13  7.77e+08       2s
  17   5.36e+01 3.30e-01   6.46105741e+13  3.69564017e+13  3.34e+08       2s
  18   2.18e+01 1.61e-01   5.11866432e+13  3.78508642e+13  1.62e+08       2s
  19   5.80e+00 3.04e-02   4.24293512e+13  3.87840535e+13  4.38e+07       3s
  20   2.75e+00 1.56e-02   4.08925385e+13  3.88688523e+13  2.44e+07       3s
  21   2.53e+00 1.08e-02   4.08487677e+13  3.88724371e+13  2.37e+07       3s
  22   1.64e+00 2.95e-03   4.03278157e+13  3.89481455e+13  1.64e+07       3s
  23   2.47e-01 1.29e-03   3.93724856e+13  3.89737870e+13  4.75e+06       3s
  24   4.62e-02 2.84e-04   3.91165857e+13  3.90004060e+13  1.38e+06       3s
  25   1.35e-02 7.47e-05   3.90521067e+13  3.90082512e+13  5.18e+05       3s
  26   7.70e-03 2.91e-05   3.90353528e+13  3.90106397e+13  2.91e+05       3s
  27   3.81e-03 1.01e-05   3.90247933e+13  3.90115649e+13  1.56e+05       3s
  28   1.02e-03 4.71e-06   3.90157565e+13  3.90119201e+13  4.52e+04       4s
  29   3.69e-04 2.51e-06   3.90136782e+13  3.90120554e+13  1.91e+04       4s
  30   1.52e-04 1.48e-06   3.90129811e+13  3.90121206e+13  1.01e+04       4s
  31   8.02e-05 1.01e-06   3.90127401e+13  3.90121506e+13  6.94e+03       4s
  32   3.37e-05 4.50e-07   3.90125126e+13  3.90121932e+13  3.76e+03       4s
  33   2.07e-05 2.38e-07   3.90124499e+13  3.90122090e+13  2.84e+03       4s
  34   8.76e-06 1.11e-07   3.90123426e+13  3.90122229e+13  1.41e+03       4s
  35   4.50e-06 7.59e-08   3.90123191e+13  3.90122258e+13  1.10e+03       4s
  36   1.25e-06 2.35e-08   3.90122687e+13  3.90122331e+13  4.20e+02       5s
  37   4.47e-07 6.98e-09   3.90122498e+13  3.90122360e+13  1.62e+02       5s
  38   2.09e-07 1.86e-09   3.90122448e+13  3.90122369e+13  9.35e+01       5s
  39   1.19e-07 8.15e-10   3.90122400e+13  3.90122371e+13  3.49e+01       5s
  40   1.79e-07 4.66e-10   3.90122380e+13  3.90122374e+13  6.78e+00       5s
  41   1.19e-07 2.33e-10   3.90122378e+13  3.90122375e+13  3.22e+00       5s
  42   1.19e-07 2.33e-10   3.90122375e+13  3.90122375e+13  4.82e-01       5s
  43*  2.09e-07 2.33e-10   3.90122375e+13  3.90122375e+13  1.15e-01       5s
Summary
    Runtime:                                            5.01s
    Status interior point solve:                        optimal
    Status crossover:                                   not run
    objective value:                                    3.90122375e+13
    interior solution primal residual (abs/rel):        3.28e-07 / 1.96e-15
    interior solution dual residual (abs/rel):          2.33e-10 / 1.78e-16
    interior solution objective gap (abs/rel):          9.76e+03 / 2.50e-10
Ipx: IPM       optimal
Model   status      : Optimal
IPM       iterations: 43
Objective value     :  3.9281919361e+13
HiGHS run time      :          5.71
Presolving model
51358 rows, 162185 cols, 369407 nonzeros
40085 rows, 107048 cols, 261088 nonzeros
40010 rows, 53052 cols, 151196 nonzeros
37665 rows, 49330 cols, 143694 nonzeros
Presolve : Reductions: rows 37665(-790150); columns 49330(-516245); elements 143694(-2165304)
Solving the presolved LP
IPX model has 37665 rows, 49330 columns and 143694 nonzeros
Input
    Number of variables:                                49330
    Number of free variables:                           0
    Number of constraints:                              37665
    Number of equality constraints:                     5764
    Number of matrix entries:                           143694
    Matrix range:                                       [1e-02, 1e+00]
    RHS range:                                          [2e+05, 1e+08]
    Objective range:                                    [2e-04, 1e+06]
    Bounds range:                                       [1e+05, 2e+08]
Preprocessing
    Dualized model:                                     no
    Number of dense columns:                            0
    Range of scaling factors:                           [1.00e+00, 2.00e+00]
IPX version 1.0
Interior Point Solve
 Iter     P.res    D.res            P.obj           D.obj        mu     Time
   0   1.52e+07 1.43e+05   7.79368377e+12 -2.57843358e+16  2.61e+12       0s
   1   3.40e+06 1.01e+05   9.42332509e+15 -1.94708317e+16  1.65e+12       0s
   2   1.45e+06 5.79e+04   1.24204699e+16 -1.31278429e+16  1.19e+12       0s
   3   5.76e+05 1.17e+04   9.81640212e+15 -3.09212613e+15  3.23e+11       0s
   4   1.81e+05 2.50e+03   5.57770074e+15 -8.77180777e+14  1.04e+11       0s
   5   8.58e+04 8.93e+02   3.05316095e+15 -3.89703249e+14  4.82e+10       0s
   6   2.61e+04 2.79e+02   1.21235802e+15 -1.80038972e+14  1.78e+10       1s
 Constructing starting basis...
   7   7.52e+03 1.80e+02   5.53236310e+14 -1.27783243e+14  9.27e+09       1s
   8   2.21e+03 8.82e+01   2.89536682e+14 -5.89920236e+13  4.73e+09       1s
   9   6.84e+02 4.30e+01   1.36380981e+14 -3.12714611e+13  2.29e+09       2s
  10   2.12e+02 6.15e+00   5.15191976e+13 -5.68617463e+12  7.21e+08       2s
  11   7.08e+01 2.66e+00   1.80277098e+13 -2.49318210e+12  2.61e+08       2s
  12   2.07e+01 3.04e-01   7.27763790e+12 -4.64598162e+11  9.38e+07       2s
  13   4.36e+00 8.13e-02   1.64548120e+12 -1.30032495e+11  2.15e+07       2s
  14   2.00e+00 1.91e-02   8.24379910e+11 -3.44747798e+10  1.03e+07       2s
  15   1.11e+00 6.33e-03   4.80264142e+11 -1.12993378e+10  5.85e+06       2s
  16   7.84e-01 4.21e-03   4.30428490e+11 -1.37512111e+10  5.31e+06       2s
  17   5.13e-01 1.08e-03   2.89946612e+11 -1.75525323e+09  3.46e+06       2s
  18   3.55e-01 6.95e-04   2.60558677e+11 -4.67594161e+09  3.15e+06       2s
  19   1.67e-01 4.25e-04   1.29778740e+11 -1.67762225e+09  1.56e+06       3s
  20   1.87e-02 6.98e-10   3.52002997e+10  2.17090052e+09  3.89e+05       3s
  21   5.47e-03 4.66e-10   1.52468184e+10  2.85451108e+09  1.46e+05       3s
  22   8.00e-04 2.33e-10   6.70282913e+09  3.18457369e+09  4.14e+04       3s
  23   2.66e-04 2.33e-10   4.85956915e+09  3.42222592e+09  1.69e+04       3s
  24   7.40e-05 2.33e-10   4.03106517e+09  3.50783341e+09  6.16e+03       3s
  25   3.09e-05 2.33e-10   3.77603338e+09  3.53968052e+09  2.78e+03       3s
  26   1.14e-05 2.33e-10   3.65202584e+09  3.55422494e+09  1.15e+03       3s
  27   2.38e-06 2.33e-10   3.58816454e+09  3.55889508e+09  3.45e+02       3s
  28   4.47e-07 2.33e-10   3.56889299e+09  3.56093766e+09  9.37e+01       4s
  29   8.94e-08 2.33e-10   3.56400140e+09  3.56161662e+09  2.81e+01       4s
  30   1.19e-07 2.33e-10   3.56223516e+09  3.56184179e+09  4.63e+00       4s
  31   5.96e-08 2.33e-10   3.56205526e+09  3.56187628e+09  2.11e+00       4s
  32   3.28e-07 2.33e-10   3.56201672e+09  3.56187935e+09  1.62e+00       4s
  33   3.28e-07 4.66e-10   3.56190255e+09  3.56188860e+09  1.64e-01       4s
  34   1.49e-07 2.33e-10   3.56189715e+09  3.56188968e+09  8.79e-02       4s
  35   1.19e-07 2.33e-10   3.56189323e+09  3.56189012e+09  3.67e-02       4s
  36   1.79e-07 2.33e-10   3.56189208e+09  3.56189015e+09  2.27e-02       4s
  37   1.79e-07 4.66e-10   3.56189029e+09  3.56189021e+09  9.72e-04       4s
  38   1.49e-07 2.33e-10   3.56189024e+09  3.56189022e+09  2.36e-04       4s
  39*  1.01e-06 2.33e-10   3.56189023e+09  3.56189022e+09  2.51e-05       4s
Summary
    Runtime:                                            4.35s
    Status interior point solve:                        optimal
    Status crossover:                                   not run
    objective value:                                    3.56189023e+09
    interior solution primal residual (abs/rel):        9.83e-07 / 5.88e-15
    interior solution dual residual (abs/rel):          2.33e-10 / 1.78e-16
    interior solution objective gap (abs/rel):          2.15e+00 / 6.02e-10
Ipx: IPM       optimal
Model   status      : Optimal
IPM       iterations: 39
Objective value     :  3.5704817743e+09
HiGHS run time      :          5.01
Presolving model
51358 rows, 162185 cols, 369407 nonzeros
40085 rows, 107048 cols, 261088 nonzeros
40010 rows, 53052 cols, 151196 nonzeros
37665 rows, 49330 cols, 143694 nonzeros
Presolve : Reductions: rows 37665(-792655); columns 49330(-516245); elements 143694(-2167809)
Solving the presolved LP
IPX model has 37665 rows, 49330 columns and 143694 nonzeros
Input
    Number of variables:                                49330
    Number of free variables:                           0
    Number of constraints:                              37665
    Number of equality constraints:                     5764
    Number of matrix entries:                           143694
    Matrix range:                                       [1e-02, 1e+00]
    RHS range:                                          [2e+05, 1e+08]
    Objective range:                                    [2e-04, 1e+06]
    Bounds range:                                       [1e+05, 2e+08]
Preprocessing
    Dualized model:                                     no
    Number of dense columns:                            0
    Range of scaling factors:                           [1.00e+00, 2.00e+00]
IPX version 1.0
Interior Point Solve
 Iter     P.res    D.res            P.obj           D.obj        mu     Time
   0   1.52e+07 1.32e+05   1.00825539e+13 -2.38144086e+16  2.42e+12       0s
   1   3.62e+06 9.14e+04   8.96146359e+15 -1.75928847e+16  1.49e+12       0s
   2   1.42e+06 4.52e+04   1.21726078e+16 -1.08519415e+16  9.70e+11       0s
   3   5.03e+05 1.21e+04   9.34817346e+15 -3.41861316e+15  3.20e+11       0s
   4   1.72e+05 2.16e+03   5.49497257e+15 -7.93743180e+14  9.81e+10       0s
   5   8.34e+04 7.65e+02   3.02353233e+15 -3.55674012e+14  4.63e+10       0s
 Constructing starting basis...
   6   2.01e+04 2.46e+02   1.01516343e+15 -1.68607822e+14  1.58e+10       1s
   7   9.04e+03 1.65e+02   6.53675559e+14 -1.21779367e+14  1.04e+10       1s
   8   3.12e+03 8.44e+01   3.22582169e+14 -5.95804399e+13  5.11e+09       1s
   9   1.54e+03 4.56e+01   2.02716322e+14 -3.38132020e+13  3.14e+09       1s
  10   5.97e+02 1.27e+01   9.64118195e+13 -1.29524814e+13  1.39e+09       1s
  11   2.00e+02 7.88e-01   3.71404795e+13 -1.32081799e+12  4.63e+08       1s
  12   8.18e+01 2.21e-01   1.64395963e+13 -4.75980153e+11  2.03e+08       2s
  13   1.79e+01 4.35e-02   3.97930494e+12 -1.21709274e+11  4.91e+07       2s
  14   6.85e+00 1.74e-02   1.75326690e+12 -6.25676334e+10  2.17e+07       2s
  15   1.38e+00 4.36e-03   4.42558763e+11 -1.86833169e+10  5.52e+06       2s
  16   9.09e-01 2.43e-03   3.67678741e+11 -1.55242460e+10  4.58e+06       2s
  17   5.48e-01 7.82e-04   2.29614277e+11 -3.25677879e+09  2.77e+06       2s
  18   9.54e-07 2.12e-04   1.09608619e+11 -3.56161749e+09  1.34e+06       2s
  19   5.07e-07 4.69e-05   3.82865041e+10  1.78188260e+09  4.30e+05       2s
  20   3.28e-07 1.23e-05   1.83146747e+10  2.79412780e+09  1.83e+05       2s
  21   1.79e-07 4.84e-06   7.66137977e+09  3.15498980e+09  5.31e+04       3s
  22   2.38e-07 1.49e-06   5.61542117e+09  3.35314343e+09  2.66e+04       3s
  23   9.77e-08 5.73e-07   4.20740965e+09  3.43802769e+09  9.06e+03       3s
  24   2.09e-07 1.97e-07   3.72819794e+09  3.47853895e+09  2.94e+03       3s
  25   2.98e-07 7.82e-08   3.59392249e+09  3.49294558e+09  1.19e+03       3s
  26   1.79e-07 2.75e-08   3.54329472e+09  3.50013741e+09  5.08e+02       3s
  27   1.49e-07 9.78e-09   3.51679803e+09  3.50330269e+09  1.59e+02       3s
  28   1.19e-07 2.33e-09   3.50909118e+09  3.50479867e+09  5.05e+01       3s
  29   1.19e-07 4.66e-10   3.50614217e+09  3.50520807e+09  1.10e+01       3s
  30   1.27e-07 2.33e-10   3.50545177e+09  3.50529793e+09  1.81e+00       3s
  31   2.38e-07 2.33e-10   3.50534938e+09  3.50531401e+09  4.16e-01       4s
  32   1.79e-07 2.33e-10   3.50532069e+09  3.50531800e+09  3.17e-02       4s
  33   2.38e-07 2.33e-10   3.50532006e+09  3.50531866e+09  1.65e-02       4s
  34   8.94e-08 2.33e-10   3.50531942e+09  3.50531880e+09  7.28e-03       4s
  35   1.49e-07 2.33e-10   3.50531939e+09  3.50531880e+09  6.91e-03       4s
  36   2.38e-07 2.33e-10   3.50531888e+09  3.50531883e+09  5.65e-04       4s
  37   3.58e-07 2.33e-10   3.50531885e+09  3.50531884e+09  8.86e-05       4s
  38*  8.94e-07 2.33e-10   3.50531884e+09  3.50531884e+09  1.42e-05       4s
Summary
    Runtime:                                            4.08s
    Status interior point solve:                        optimal
    Status crossover:                                   not run
    objective value:                                    3.50531884e+09
    interior solution primal residual (abs/rel):        8.34e-07 / 4.99e-15
    interior solution dual residual (abs/rel):          2.33e-10 / 1.78e-16
    interior solution objective gap (abs/rel):          1.23e+00 / 3.50e-10
Ipx: IPM       optimal
Model   status      : Optimal
IPM       iterations: 38
Objective value     :  3.5139103885e+09
HiGHS run time      :          4.73
Presolving model
51358 rows, 162185 cols, 369407 nonzeros
40085 rows, 107048 cols, 261088 nonzeros
40010 rows, 53052 cols, 151196 nonzeros
37665 rows, 49330 cols, 143694 nonzeros
Presolve : Reductions: rows 37665(-795160); columns 49330(-516245); elements 143694(-2170314)
Solving the presolved LP
IPX model has 37665 rows, 49330 columns and 143694 nonzeros
Input
    Number of variables:                                49330
    Number of free variables:                           0
    Number of constraints:                              37665
    Number of equality constraints:                     5764
    Number of matrix entries:                           143694
    Matrix range:                                       [1e-02, 1e+00]
    RHS range:                                          [2e+05, 1e+08]
    Objective range:                                    [2e-04, 1e+06]
    Bounds range:                                       [1e+05, 2e+08]
Preprocessing
    Dualized model:                                     no
    Number of dense columns:                            0
    Range of scaling factors:                           [1.00e+00, 2.00e+00]
IPX version 1.0
Interior Point Solve
 Iter     P.res    D.res            P.obj           D.obj        mu     Time
   0   1.52e+07 1.32e+05   1.00825539e+13 -2.38144086e+16  2.42e+12       0s
   1   3.62e+06 9.14e+04   8.96146359e+15 -1.75928847e+16  1.49e+12       0s
   2   1.42e+06 4.52e+04   1.21726078e+16 -1.08519415e+16  9.70e+11       0s
   3   5.03e+05 1.21e+04   9.34817346e+15 -3.41861316e+15  3.20e+11       0s
   4   1.72e+05 2.16e+03   5.49497257e+15 -7.93743180e+14  9.81e+10       0s
   5   8.34e+04 7.65e+02   3.02353233e+15 -3.55674012e+14  4.63e+10       0s
 Constructing starting basis...
   6   2.01e+04 2.46e+02   1.01516343e+15 -1.68607822e+14  1.58e+10       1s
   7   9.04e+03 1.65e+02   6.53675559e+14 -1.21779367e+14  1.04e+10       1s
   8   3.12e+03 8.44e+01   3.22582169e+14 -5.95804399e+13  5.11e+09       1s
   9   1.54e+03 4.56e+01   2.02716322e+14 -3.38132020e+13  3.14e+09       1s
  10   5.97e+02 1.27e+01   9.64118195e+13 -1.29524814e+13  1.39e+09       1s
  11   2.00e+02 7.88e-01   3.71404795e+13 -1.32081799e+12  4.63e+08       1s
  12   8.18e+01 2.21e-01   1.64395963e+13 -4.75980153e+11  2.03e+08       2s
  13   1.79e+01 4.35e-02   3.97930494e+12 -1.21709274e+11  4.91e+07       2s
  14   6.85e+00 1.74e-02   1.75326690e+12 -6.25676334e+10  2.17e+07       2s
  15   1.38e+00 4.36e-03   4.42558763e+11 -1.86833169e+10  5.52e+06       2s
  16   9.09e-01 2.43e-03   3.67678741e+11 -1.55242460e+10  4.58e+06       2s
  17   5.48e-01 7.82e-04   2.29614277e+11 -3.25677879e+09  2.77e+06       2s
  18   9.54e-07 2.12e-04   1.09608619e+11 -3.56161749e+09  1.34e+06       2s
  19   5.07e-07 4.69e-05   3.82865041e+10  1.78188260e+09  4.30e+05       2s
  20   3.28e-07 1.23e-05   1.83146747e+10  2.79412780e+09  1.83e+05       2s
  21   1.79e-07 4.84e-06   7.66137977e+09  3.15498980e+09  5.31e+04       3s
  22   2.38e-07 1.49e-06   5.61542117e+09  3.35314343e+09  2.66e+04       3s
  23   9.77e-08 5.73e-07   4.20740965e+09  3.43802769e+09  9.06e+03       3s
  24   2.09e-07 1.97e-07   3.72819794e+09  3.47853895e+09  2.94e+03       3s
  25   2.98e-07 7.82e-08   3.59392249e+09  3.49294558e+09  1.19e+03       3s
  26   1.79e-07 2.75e-08   3.54329472e+09  3.50013741e+09  5.08e+02       3s
  27   1.49e-07 9.78e-09   3.51679803e+09  3.50330269e+09  1.59e+02       3s
  28   1.19e-07 2.33e-09   3.50909118e+09  3.50479867e+09  5.05e+01       3s
  29   1.19e-07 4.66e-10   3.50614217e+09  3.50520807e+09  1.10e+01       3s
  30   1.27e-07 2.33e-10   3.50545177e+09  3.50529793e+09  1.81e+00       3s
  31   2.38e-07 2.33e-10   3.50534938e+09  3.50531401e+09  4.16e-01       4s
  32   1.79e-07 2.33e-10   3.50532069e+09  3.50531800e+09  3.17e-02       4s
  33   2.38e-07 2.33e-10   3.50532006e+09  3.50531866e+09  1.65e-02       4s
  34   8.94e-08 2.33e-10   3.50531942e+09  3.50531880e+09  7.28e-03       4s
  35   1.49e-07 2.33e-10   3.50531939e+09  3.50531880e+09  6.91e-03       4s
  36   2.38e-07 2.33e-10   3.50531888e+09  3.50531883e+09  5.65e-04       4s
  37   3.58e-07 2.33e-10   3.50531885e+09  3.50531884e+09  8.86e-05       4s
  38*  8.94e-07 2.33e-10   3.50531884e+09  3.50531884e+09  1.42e-05       4s
Summary
    Runtime:                                            4.09s
    Status interior point solve:                        optimal
    Status crossover:                                   not run
    objective value:                                    3.50531884e+09
    interior solution primal residual (abs/rel):        8.34e-07 / 4.99e-15
    interior solution dual residual (abs/rel):          2.33e-10 / 1.78e-16
    interior solution objective gap (abs/rel):          1.23e+00 / 3.50e-10
Ipx: IPM       optimal
Model   status      : Optimal
IPM       iterations: 38
Objective value     :  3.5139103885e+09
HiGHS run time      :          4.77
[ Info: Rolling step not specified in scenaio.yaml file; Setting it to 10 years
[ Info: Demand-pathway mapping not specified in scenaio.yaml file; SERA will not look for eligible pathways for different demand types.
[ Info: Production capacity constraints from the grid model not defined. SERA will not create these constraints
[ Info: Regional technology limits not specified in scenaio.yaml file; SERA will not create these constraints
STARTING DATA PRE-PROCESSING 
Processing Temporal Data
Processing Nodes
Processing Demand
Processing Existings
Processing Links
Processing Pathways
Creating Infrastructure options
  4.818441 seconds (32.83 M allocations: 3.874 GiB, 25.64% gc time, 1.66% compilation time)

OPTIMIZING FROM 2026 TO 2035 

STARTING OPTIMIZATION MODEL CREATION
CREATING VARIABLES AND EXPRESSIONS
 12.648622 seconds (93.97 M allocations: 5.846 GiB, 29.02% gc time, 42.26% compilation time)
POPULATING EXPRESSIONS
 16.294554 seconds (70.76 M allocations: 10.897 GiB, 12.24% gc time, 1.10% compilation time)
CREATING CONSTRAINTS
  6.264170 seconds (51.21 M allocations: 2.643 GiB, 14.16% gc time, 16.39% compilation time)
POPULATED CORE OPTIMIZATION MODEL, STARTING ITERATIONS
READING COST DATA FOR ITERATION 1
 10.676525 seconds (43.35 M allocations: 4.141 GiB, 3.82% gc time, 3.23% compilation time)
CREATING EXPRESSIONS FOR CAPITAL AND FIXED COST
  5.826897 seconds (45.16 M allocations: 2.852 GiB, 31.06% gc time, 26.57% compilation time)
BUILDING OBJECTIVE FUNCTION
  2.605361 seconds (17.12 M allocations: 608.105 MiB, 40.03% compilation time)
Optimizing for iteration 1
 30.557518 seconds (17.24 M allocations: 1.597 GiB, 1.99% gc time, 0.08% compilation time)
OPTIMAL
6.23816578169053e9
 =  1.0
READING COST DATA FOR ITERATION 2
 43.684483 seconds (35.92 M allocations: 3.987 GiB, 14.91% gc time, 0.08% compilation time)
CREATING EXPRESSIONS FOR CAPITAL AND FIXED COST
 19.807823 seconds (43.56 M allocations: 2.749 GiB, 85.72% gc time, 0.02% compilation time)
BUILDING OBJECTIVE FUNCTION
  1.777087 seconds (15.82 M allocations: 523.367 MiB, 9.83% gc time)
Optimizing for iteration 2
 23.698517 seconds (5 allocations: 32 bytes)
OPTIMAL
4.743382372618976e9
 =  0.31513027870147636
READING COST DATA FOR ITERATION 3
 51.755856 seconds (35.80 M allocations: 3.986 GiB, 17.56% gc time)
CREATING EXPRESSIONS FOR CAPITAL AND FIXED COST
 28.549201 seconds (43.56 M allocations: 2.749 GiB, 88.07% gc time)
BUILDING OBJECTIVE FUNCTION
  5.077974 seconds (15.82 M allocations: 523.367 MiB, 64.29% gc time)
Optimizing for iteration 3
 29.234983 seconds (2 allocations: 32 bytes)
OPTIMAL
4.096661712006427e9
 =  0.15786528302238434
READING COST DATA FOR ITERATION 4
 57.787023 seconds (35.79 M allocations: 3.956 GiB, 32.72% gc time)
CREATING EXPRESSIONS FOR CAPITAL AND FIXED COST
 20.166739 seconds (43.56 M allocations: 2.749 GiB, 84.30% gc time)
BUILDING OBJECTIVE FUNCTION
  4.838226 seconds (15.82 M allocations: 523.367 MiB, 63.16% gc time)
Optimizing for iteration 4
 27.826189 seconds (2 allocations: 32 bytes)
OPTIMAL
4.0703579079147606e9
 =  0.006462282847544398
READING COST DATA FOR ITERATION 5
 57.940299 seconds (35.79 M allocations: 3.959 GiB, 33.04% gc time)
CREATING EXPRESSIONS FOR CAPITAL AND FIXED COST
 20.361072 seconds (43.56 M allocations: 2.749 GiB, 84.23% gc time)
BUILDING OBJECTIVE FUNCTION
  4.836239 seconds (15.82 M allocations: 523.367 MiB, 63.83% gc time)
Optimizing for iteration 5
 27.207275 seconds (2 allocations: 32 bytes)
OPTIMAL
4.05974057550282e9
 =  0.0026152736152653773
READING COST DATA FOR ITERATION 6
 57.772112 seconds (35.79 M allocations: 3.956 GiB, 33.52% gc time)
CREATING EXPRESSIONS FOR CAPITAL AND FIXED COST
 20.454016 seconds (43.56 M allocations: 2.749 GiB, 84.36% gc time)
BUILDING OBJECTIVE FUNCTION
  4.879720 seconds (15.82 M allocations: 523.367 MiB, 63.70% gc time)
Optimizing for iteration 6
 27.327265 seconds (2 allocations: 32 bytes)
OPTIMAL
4.05974057550282e9
 =  0.0
ITERATIONS COMPLETED
WRITING RESULTS TO FILE
  4.781414 seconds (10.12 M allocations: 459.015 MiB, 67.77% gc time, 14.80% compilation time)

OPTIMIZING FROM 2036 TO 2040 

STARTING OPTIMIZATION MODEL CREATION
CREATING VARIABLES AND EXPRESSIONS
 30.290906 seconds (43.17 M allocations: 2.626 GiB, 91.01% gc time, 0.68% compilation time)
POPULATING EXPRESSIONS
  8.266866 seconds (19.63 M allocations: 2.998 GiB, 49.02% gc time)
CREATING CONSTRAINTS
 10.013940 seconds (24.88 M allocations: 1.273 GiB, 72.56% gc time, 0.06% compilation time)
POPULATED CORE OPTIMIZATION MODEL, STARTING ITERATIONS
READING COST DATA FOR ITERATION 1
 15.452155 seconds (17.89 M allocations: 2.035 GiB, 66.96% gc time)
CREATING EXPRESSIONS FOR CAPITAL AND FIXED COST
  3.989205 seconds (11.36 M allocations: 740.136 MiB, 80.39% gc time)
BUILDING OBJECTIVE FUNCTION
  7.518760 seconds (7.46 M allocations: 245.250 MiB, 90.43% gc time)
Optimizing for iteration 1
 15.431228 seconds (8.96 M allocations: 819.907 MiB, 47.99% gc time)
OPTIMAL
3.9281919360678836e13
 =  1.0
READING COST DATA FOR ITERATION 2
 24.449694 seconds (18.03 M allocations: 1.982 GiB, 56.86% gc time)
CREATING EXPRESSIONS FOR CAPITAL AND FIXED COST
  4.322613 seconds (11.36 M allocations: 740.136 MiB, 81.47% gc time)
BUILDING OBJECTIVE FUNCTION
  0.667366 seconds (7.46 M allocations: 256.847 MiB)
Optimizing for iteration 2
  5.021188 seconds (5 allocations: 11.968 MiB)
OPTIMAL
3.5704817742616878e9
 =  11000.854047778132
READING COST DATA FOR ITERATION 3
 24.382330 seconds (18.00 M allocations: 1.984 GiB, 57.50% gc time)
CREATING EXPRESSIONS FOR CAPITAL AND FIXED COST
  4.397859 seconds (11.36 M allocations: 740.136 MiB, 80.86% gc time)
BUILDING OBJECTIVE FUNCTION
  0.669284 seconds (7.46 M allocations: 256.847 MiB)
Optimizing for iteration 3
  4.739361 seconds (2 allocations: 32 bytes)
OPTIMAL
3.5139103884787016e9
 =  0.01609926820231151
READING COST DATA FOR ITERATION 4
 24.412244 seconds (18.00 M allocations: 1.982 GiB, 57.39% gc time)
CREATING EXPRESSIONS FOR CAPITAL AND FIXED COST
  4.335850 seconds (11.36 M allocations: 740.136 MiB, 81.71% gc time)
BUILDING OBJECTIVE FUNCTION
  0.666397 seconds (7.46 M allocations: 256.847 MiB)
Optimizing for iteration 4
  4.782308 seconds (2 allocations: 32 bytes)
OPTIMAL
3.5139103884787016e9
 =  0.0
ITERATIONS COMPLETED
WRITING RESULTS TO FILE
  5.237430 seconds (8.63 M allocations: 423.817 MiB, 69.76% gc time, 76.75% compilation time)

THE OPTIMIZATION PROBLEM TOOK 14.69 MINUTES TO SOLVE. 
