Running HiGHS 1.6.0: Copyright (c) 2023 HiGHS under MIT licence terms
Presolving model
46572 rows, 210771 cols, 476186 nonzeros
45568 rows, 53932 cols, 151247 nonzeros
45211 rows, 53491 cols, 150449 nonzeros
Presolve : Reductions: rows 45211(-1291801); columns 53491(-687571); elements 150449(-3461014)
Solving the presolved LP
IPX model has 45211 rows, 53491 columns and 150449 nonzeros
Input
    Number of variables:                                53491
    Number of free variables:                           0
    Number of constraints:                              45211
    Number of equality constraints:                     8816
    Number of matrix entries:                           150449
    Matrix range:                                       [1e-02, 1e+00]
    RHS range:                                          [2e+05, 1e+08]
    Objective range:                                    [2e-04, 9e+00]
    Bounds range:                                       [2e+05, 1e+08]
Preprocessing
    Dualized model:                                     no
    Number of dense columns:                            0
    Range of scaling factors:                           [1.00e+00, 2.00e+00]
IPX version 1.0
Interior Point Solve
 Iter     P.res    D.res            P.obj           D.obj        mu     Time
   0   2.26e+07 2.60e+00   1.49593959e+09 -3.45246602e+12  8.73e+07       0s
   1   3.77e+06 1.12e+00   2.34179423e+11 -1.76137053e+12  3.09e+07       0s
   2   2.05e+06 1.05e+00   3.13932118e+11 -1.68462772e+12  3.05e+07       0s
   3   7.98e+05 1.81e-01   2.57350596e+11 -3.04065983e+11  7.03e+06       0s
   4   3.19e+05 3.67e-02   1.37909119e+11 -7.25491873e+10  2.22e+06       0s
   5   8.89e+04 4.97e-03   5.21370153e+10 -1.60987103e+10  6.36e+05       1s
 Constructing starting basis...
   6   4.32e+04 2.50e-03   2.94498440e+10 -8.53997591e+09  3.63e+05       1s
   7   9.73e+03 1.29e-03   1.32537886e+10 -4.37431489e+09  1.63e+05       1s
   8   6.76e+03 4.75e-04   1.17349499e+10 -6.54437625e+07  1.07e+05       1s
   9   1.05e+03 1.23e-04   7.86889345e+09  2.01324485e+09  5.20e+04       1s
  10   6.13e+02 5.47e-05   6.80161651e+09  3.11929334e+09  3.26e+04       2s
  11   4.38e+02 2.70e-05   6.30559103e+09  3.59655785e+09  2.39e+04       2s
  12   3.00e+02 1.61e-05   5.79192343e+09  3.89543846e+09  1.67e+04       2s
  13   1.56e+02 9.04e-06   5.31154708e+09  4.04306370e+09  1.12e+04       2s
  14   6.83e+01 4.70e-06   4.92863974e+09  4.18967260e+09  6.51e+03       3s
  15   3.56e+01 2.86e-06   4.77950056e+09  4.25439519e+09  4.62e+03       3s
  16   1.53e+01 1.54e-06   4.62924559e+09  4.32867661e+09  2.64e+03       3s
  17   4.90e+00 6.78e-07   4.54565564e+09  4.37911686e+09  1.46e+03       3s
  18   1.80e+00 2.85e-07   4.50403011e+09  4.41028966e+09  8.24e+02       4s
  19   5.42e-01 1.56e-07   4.47425137e+09  4.42487161e+09  4.34e+02       4s
  20   2.51e-01 1.16e-07   4.46808958e+09  4.42928503e+09  3.41e+02       4s
  21   8.22e-02 5.26e-08   4.45719765e+09  4.43904533e+09  1.59e+02       4s
  22   5.37e-02 2.36e-08   4.45537583e+09  4.44350437e+09  1.04e+02       4s
  23   1.82e-02 1.52e-08   4.45251828e+09  4.44495533e+09  6.64e+01       4s
  24   3.94e-03 1.54e-09   4.45100839e+09  4.44749013e+09  3.09e+01       4s
  25   9.90e-04 2.60e-10   4.44960344e+09  4.44829665e+09  1.15e+01       4s
  26   5.82e-04 1.53e-11   4.44925950e+09  4.44860996e+09  5.70e+00       4s
  27   4.01e-05 7.11e-15   4.44884962e+09  4.44860742e+09  2.13e+00       4s
  28   1.74e-07 7.11e-15   4.44870498e+09  4.44866026e+09  3.93e-01       4s
  29   5.59e-08 5.33e-15   4.44868247e+09  4.44867185e+09  9.33e-02       5s
  30   1.04e-07 5.33e-15   4.44867628e+09  4.44867404e+09  1.97e-02       5s
  31   1.41e-07 5.33e-15   4.44867462e+09  4.44867436e+09  2.25e-03       5s
  32   1.67e-07 3.55e-15   4.44867442e+09  4.44867439e+09  2.80e-04       5s
  33   1.64e-07 5.33e-15   4.44867440e+09  4.44867440e+09  4.67e-05       5s
  34*  7.62e-08 3.55e-15   4.44867440e+09  4.44867440e+09  9.68e-06       5s
Summary
    Runtime:                                            4.77s
    Status interior point solve:                        optimal
    Status crossover:                                   not run
    objective value:                                    4.44867440e+09
    interior solution primal residual (abs/rel):        8.94e-08 / 6.12e-16
    interior solution dual residual (abs/rel):          2.07e-11 / 2.04e-12
    interior solution objective gap (abs/rel):          1.10e+00 / 2.48e-10
Ipx: IPM       optimal
Model   status      : Optimal
IPM       iterations: 34
Objective value     :  4.4505923404e+09
HiGHS run time      :          5.78
Presolving model
46572 rows, 210771 cols, 476186 nonzeros
45568 rows, 53932 cols, 151247 nonzeros
45211 rows, 53491 cols, 150449 nonzeros
Presolve : Reductions: rows 45211(-1291801); columns 53491(-687571); elements 150449(-3461014)
Solving the presolved LP
IPX model has 45211 rows, 53491 columns and 150449 nonzeros
Input
    Number of variables:                                53491
    Number of free variables:                           0
    Number of constraints:                              45211
    Number of equality constraints:                     8816
    Number of matrix entries:                           150449
    Matrix range:                                       [1e-02, 1e+00]
    RHS range:                                          [2e+05, 1e+08]
    Objective range:                                    [2e-04, 9e+05]
    Bounds range:                                       [2e+05, 1e+08]
Preprocessing
    Dualized model:                                     no
    Number of dense columns:                            0
    Range of scaling factors:                           [1.00e+00, 2.00e+00]
IPX version 1.0
Interior Point Solve
 Iter     P.res    D.res            P.obj           D.obj        mu     Time
   0   2.26e+07 1.59e+05   5.02743261e+13 -2.13621181e+17  5.38e+12       0s
   1   5.23e+06 9.79e+04   1.08524139e+16 -1.44954622e+17  2.64e+12       0s
   2   3.14e+06 7.82e+04   1.46703854e+16 -1.27634785e+17  2.40e+12       0s
   3   1.19e+06 1.90e+04   1.10031714e+16 -3.24845539e+16  6.50e+11       0s
   4   3.91e+05 5.08e+03   6.16620080e+15 -9.46755830e+15  2.05e+11       0s
   5   1.04e+05 2.05e+03   3.03243267e+15 -4.85326314e+15  9.32e+10       0s
 Constructing starting basis...
   6   2.00e+04 3.97e+02   9.07967509e+14 -1.18152002e+15  2.41e+10       1s
   7   5.19e+03 1.36e+02   3.12041205e+14 -5.11420116e+14  9.25e+09       1s
   8   1.14e+03 5.75e+01   1.00913209e+14 -2.71900298e+14  4.22e+09       1s
   9   3.76e+02 1.71e+01   4.26920799e+13 -8.11621082e+13  1.37e+09       2s
  10   7.24e+01 5.00e+00   1.64524798e+13 -2.76240012e+13  4.76e+08       2s
  11   6.45e+00 1.34e+00   5.36116028e+12 -9.66032698e+12  1.58e+08       2s
  12   2.28e+00 2.10e-01   2.28152148e+12 -1.48904545e+12  3.69e+07       2s
  13   5.08e-01 5.45e-02   7.80677735e+11 -5.27616061e+11  1.25e+07       2s
  14   1.94e-01 1.20e-02   3.90553473e+11 -1.57550965e+11  5.04e+06       2s
  15   7.34e-02 3.69e-03   1.88346880e+11 -5.74498285e+10  2.22e+06       3s
  16   3.84e-02 1.03e-03   1.31748679e+11 -2.68672120e+10  1.41e+06       3s
  17   1.98e-02 7.45e-04   9.16829656e+10 -2.12862709e+10  1.01e+06       3s
  18   1.35e-02 4.64e-04   7.53726370e+10 -1.44181243e+10  7.97e+05       3s
  19   7.38e-03 2.37e-04   5.63237166e+10 -7.46408578e+09  5.64e+05       3s
  20   3.18e-03 1.07e-04   3.74303971e+10 -1.48379666e+09  3.43e+05       3s
  21   1.14e-03 3.99e-05   2.04786076e+10  4.24574253e+09  1.43e+05       3s
  22   6.01e-04 1.14e-05   1.75401608e+10  5.96939394e+09  1.02e+05       4s
  23   4.72e-05 3.64e-06   1.28463923e+10  6.87925359e+09  5.24e+04       4s
  24   1.50e-05 1.57e-06   1.02288884e+10  7.79267982e+09  2.14e+04       4s
  25   7.63e-06 4.78e-07   9.55183297e+09  8.32521582e+09  1.08e+04       4s
  26   2.35e-06 1.19e-07   9.07041419e+09  8.50238670e+09  4.99e+03       4s
  27   7.45e-07 4.59e-08   8.78650782e+09  8.58370824e+09  1.78e+03       4s
  28   3.43e-07 2.01e-08   8.70868454e+09  8.61342311e+09  8.37e+02       5s
  29   2.09e-07 9.43e-09   8.66979469e+09  8.62791029e+09  3.68e+02       5s
  30   1.34e-07 4.31e-09   8.65441520e+09  8.63545075e+09  1.67e+02       5s
  31   2.24e-07 2.33e-09   8.64850662e+09  8.63884328e+09  8.49e+01       5s
  32   2.53e-07 8.15e-10   8.64480609e+09  8.64196091e+09  2.50e+01       5s
  33   1.64e-07 4.66e-10   8.64363393e+09  8.64282076e+09  7.14e+00       5s
  34   4.17e-07 4.66e-10   8.64333230e+09  8.64324433e+09  7.73e-01       5s
  35   2.68e-07 3.49e-10   8.64329640e+09  8.64328439e+09  1.05e-01       5s
  36   5.07e-07 4.66e-10   8.64329127e+09  8.64328985e+09  1.25e-02       5s
  37   1.43e-06 3.49e-10   8.64329043e+09  8.64329025e+09  1.52e-03       6s
  38   9.83e-07 3.49e-10   8.64329033e+09  8.64329031e+09  2.15e-04       6s
  39*  1.49e-06 3.49e-10   8.64329032e+09  8.64329032e+09  3.29e-05       6s
Summary
    Runtime:                                            5.69s
    Status interior point solve:                        optimal
    Status crossover:                                   not run
    objective value:                                    8.64329032e+09
    interior solution primal residual (abs/rel):        2.06e-06 / 1.41e-14
    interior solution dual residual (abs/rel):          3.49e-10 / 3.88e-16
    interior solution objective gap (abs/rel):          4.06e+00 / 4.69e-10
Ipx: IPM       optimal
Model   status      : Optimal
IPM       iterations: 39
Objective value     :  8.6488875376e+09
HiGHS run time      :          6.63
Presolving model
46572 rows, 210771 cols, 476186 nonzeros
45568 rows, 53932 cols, 151247 nonzeros
45211 rows, 53491 cols, 150449 nonzeros
Presolve : Reductions: rows 45211(-1291801); columns 53491(-687571); elements 150449(-3461014)
Solving the presolved LP
IPX model has 45211 rows, 53491 columns and 150449 nonzeros
Input
    Number of variables:                                53491
    Number of free variables:                           0
    Number of constraints:                              45211
    Number of equality constraints:                     8816
    Number of matrix entries:                           150449
    Matrix range:                                       [1e-02, 1e+00]
    RHS range:                                          [2e+05, 1e+08]
    Objective range:                                    [2e-04, 9e+05]
    Bounds range:                                       [2e+05, 1e+08]
Preprocessing
    Dualized model:                                     no
    Number of dense columns:                            0
    Range of scaling factors:                           [1.00e+00, 2.00e+00]
IPX version 1.0
Interior Point Solve
 Iter     P.res    D.res            P.obj           D.obj        mu     Time
   0   2.26e+07 1.56e+05   7.93407922e+13 -2.10029295e+17  5.31e+12       0s
   1   5.74e+06 9.62e+04   1.26970367e+16 -1.42278565e+17  2.63e+12       0s
   2   3.61e+06 7.84e+04   1.67832252e+16 -1.26615277e+17  2.40e+12       0s
   3   1.25e+06 1.64e+04   1.26451889e+16 -2.86873879e+16  5.91e+11       0s
   4   3.91e+05 3.98e+03   6.58866298e+15 -7.55878267e+15  1.75e+11       0s
   5   1.01e+05 1.31e+03   2.50510668e+15 -2.98694398e+15  6.11e+10       0s
 Constructing starting basis...
   6   1.35e+04 3.32e+02   6.43954461e+14 -9.39045304e+14  1.77e+10       1s
   7   2.49e+03 1.00e+02   1.81991984e+14 -3.59567744e+14  5.92e+09       1s
   8   3.95e+02 3.50e+01   9.48962451e+13 -1.60015559e+14  2.73e+09       1s
   9   1.01e+02 9.19e+00   4.39560455e+13 -4.90045263e+13  9.60e+08       2s
  10   2.06e+01 2.46e+00   1.95616246e+13 -1.91032504e+13  3.87e+08       2s
  11   6.04e+00 1.23e+00   9.16713016e+12 -1.09339226e+13  2.05e+08       2s
  12   2.44e+00 1.58e-01   4.21157633e+12 -1.50788245e+12  5.38e+07       2s
  13   9.80e-01 3.69e-02   1.99855218e+12 -5.19608806e+11  2.31e+07       2s
  14   1.70e-01 9.26e-03   5.46799374e+11 -1.91627537e+11  6.76e+06       2s
  15   7.56e-02 3.74e-03   2.88276258e+11 -8.68472698e+10  3.39e+06       2s
  16   3.20e-02 1.92e-03   1.82594527e+11 -5.70511038e+10  2.16e+06       3s
  17   1.92e-02 1.05e-03   1.33834789e+11 -3.57421906e+10  1.52e+06       3s
  18   1.22e-02 4.85e-04   1.00196365e+11 -1.86984054e+10  1.06e+06       3s
  19   8.61e-03 1.89e-04   8.46540198e+10 -1.08674997e+10  8.43e+05       3s
  20   4.42e-03 5.40e-05   5.04001845e+10  2.52615560e+08  4.41e+05       3s
  21   1.83e-03 1.20e-05   3.00424105e+10  3.39987281e+09  2.34e+05       3s
  22   8.44e-04 6.44e-06   2.05124321e+10  4.36832454e+09  1.42e+05       3s
  23   2.20e-04 2.78e-06   1.13777049e+10  5.77510646e+09  4.92e+04       3s
  24   8.97e-05 1.30e-06   9.27081680e+09  6.41414310e+09  2.51e+04       4s
  25   3.74e-05 4.17e-07   8.17358611e+09  6.89858078e+09  1.12e+04       4s
  26   1.20e-05 1.37e-07   7.58560762e+09  7.07659071e+09  4.47e+03       4s
  27   5.36e-06 4.83e-08   7.39372312e+09  7.14957668e+09  2.14e+03       4s
  28   1.28e-06 1.54e-08   7.27182865e+09  7.17852284e+09  8.19e+02       4s
  29   3.28e-07 6.64e-09   7.22924357e+09  7.19042645e+09  3.41e+02       4s
  30   3.87e-07 2.33e-09   7.21159949e+09  7.19877267e+09  1.13e+02       4s
  31   2.68e-07 9.31e-10   7.20724592e+09  7.20141002e+09  5.13e+01       5s
  32   1.34e-07 4.66e-10   7.20456761e+09  7.20288901e+09  1.47e+01       5s
  33   1.97e-07 3.49e-10   7.20356323e+09  7.20338029e+09  1.61e+00       5s
  34   4.17e-07 3.49e-10   7.20348304e+09  7.20346348e+09  1.72e-01       5s
  35   2.38e-07 3.49e-10   7.20347932e+09  7.20347262e+09  5.88e-02       5s
  36   2.38e-07 3.49e-10   7.20347746e+09  7.20347679e+09  5.96e-03       5s
  37   8.94e-07 3.49e-10   7.20347729e+09  7.20347714e+09  1.30e-03       5s
  38   3.01e-06 3.49e-10   7.20347722e+09  7.20347720e+09  1.73e-04       5s
  39*  6.11e-06 3.49e-10   7.20347721e+09  7.20347721e+09  2.68e-05       5s
Summary
    Runtime:                                            5.22s
    Status interior point solve:                        optimal
    Status crossover:                                   not run
    objective value:                                    7.20347721e+09
    interior solution primal residual (abs/rel):        6.74e-06 / 4.61e-14
    interior solution dual residual (abs/rel):          3.49e-10 / 3.88e-16
    interior solution objective gap (abs/rel):          2.74e+00 / 3.80e-10
Ipx: IPM       optimal
Model   status      : Optimal
IPM       iterations: 39
Objective value     :  7.2090744275e+09
HiGHS run time      :          6.17
Presolving model
46572 rows, 210771 cols, 476186 nonzeros
45568 rows, 53932 cols, 151247 nonzeros
45211 rows, 53491 cols, 150449 nonzeros
Presolve : Reductions: rows 45211(-1291801); columns 53491(-687571); elements 150449(-3461014)
Solving the presolved LP
IPX model has 45211 rows, 53491 columns and 150449 nonzeros
Input
    Number of variables:                                53491
    Number of free variables:                           0
    Number of constraints:                              45211
    Number of equality constraints:                     8816
    Number of matrix entries:                           150449
    Matrix range:                                       [1e-02, 1e+00]
    RHS range:                                          [2e+05, 1e+08]
    Objective range:                                    [2e-04, 9e+05]
    Bounds range:                                       [2e+05, 1e+08]
Preprocessing
    Dualized model:                                     no
    Number of dense columns:                            0
    Range of scaling factors:                           [1.00e+00, 2.00e+00]
IPX version 1.0
Interior Point Solve
 Iter     P.res    D.res            P.obj           D.obj        mu     Time
   0   2.26e+07 1.56e+05   8.70757780e+13 -2.10062522e+17  5.32e+12       0s
   1   5.79e+06 9.62e+04   1.30677553e+16 -1.42245166e+17  2.64e+12       0s
   2   3.61e+06 7.80e+04   1.72778307e+16 -1.26094880e+17  2.39e+12       0s
   3   1.27e+06 1.63e+04   1.30469308e+16 -2.85989345e+16  5.92e+11       0s
   4   3.94e+05 3.96e+03   6.72882943e+15 -7.54102693e+15  1.75e+11       0s
   5   1.03e+05 1.29e+03   2.57348468e+15 -2.94591409e+15  6.10e+10       0s
 Constructing starting basis...
   6   1.41e+04 3.51e+02   6.58758345e+14 -9.67236917e+14  1.82e+10       1s
   7   2.14e+03 8.90e+01   1.96616660e+14 -3.41552541e+14  5.76e+09       1s
   8   3.66e+02 4.19e+01   9.70956330e+13 -1.86380090e+14  3.08e+09       1s
   9   1.02e+02 1.43e+01   6.30384746e+13 -7.76055147e+13  1.48e+09       2s
  10   3.42e+01 5.24e+00   3.70769388e+13 -3.56660537e+13  7.45e+08       2s
  11   7.15e+00 2.30e+00   1.58201747e+13 -1.86443960e+13  3.59e+08       2s
  12   3.42e+00 1.01e+00   1.23504805e+13 -1.09761139e+13  2.36e+08       2s
  13   9.63e-01 3.81e-02   5.23088936e+12 -1.38663507e+12  5.94e+07       2s
  14   4.25e-01 1.13e-02   2.78601900e+12 -6.29445000e+11  3.06e+07       2s
  15   1.95e-01 2.39e-03   1.45952166e+12 -2.15689824e+11  1.49e+07       3s
  16   1.00e-01 1.16e-03   8.64889497e+11 -1.39152802e+11  8.90e+06       3s
  17   3.54e-02 4.77e-04   3.96580593e+11 -7.78840097e+10  4.20e+06       3s
  18   2.16e-02 2.35e-04   2.77120094e+11 -4.81357787e+10  2.87e+06       3s
  19   1.52e-02 7.89e-05   2.32329611e+11 -3.58681930e+10  2.36e+06       3s
  20   6.94e-03 5.07e-05   1.34786147e+11 -2.56034797e+10  1.41e+06       3s
  21   3.46e-03 1.38e-05   7.45418962e+10 -3.87688792e+09  6.89e+05       3s
  22   1.27e-03 3.01e-06   3.84374746e+10  1.71611577e+09  3.23e+05       3s
  23   3.30e-04 1.25e-06   1.87797502e+10  3.74306536e+09  1.32e+05       3s
  24   6.40e-05 5.63e-07   1.07744222e+10  5.07861459e+09  5.00e+04       4s
  25   2.47e-05 2.41e-07   8.77352896e+09  5.95246773e+09  2.48e+04       4s
  26   4.89e-06 6.45e-08   7.42611903e+09  6.54213433e+09  7.76e+03       4s
  27   2.18e-06 2.03e-08   7.15363638e+09  6.73105812e+09  3.71e+03       4s
  28   1.28e-06 9.31e-09   7.04052492e+09  6.78914010e+09  2.21e+03       4s
  29   5.36e-07 3.84e-09   6.93954789e+09  6.82155926e+09  1.04e+03       4s
  30   2.38e-07 1.75e-09   6.89305543e+09  6.83533787e+09  5.07e+02       4s
  31   1.04e-07 8.15e-10   6.86228142e+09  6.84319939e+09  1.68e+02       5s
  32   1.94e-07 4.66e-10   6.85364192e+09  6.84691592e+09  5.91e+01       5s
  33   1.49e-07 3.49e-10   6.85085158e+09  6.84845852e+09  2.10e+01       5s
  34   2.38e-07 2.33e-10   6.84967185e+09  6.84924950e+09  3.71e+00       5s
  35   2.68e-07 3.49e-10   6.84951623e+09  6.84948754e+09  2.52e-01       5s
  36   1.94e-07 3.49e-10   6.84950300e+09  6.84949861e+09  3.86e-02       5s
  37   3.58e-07 3.49e-10   6.84950026e+09  6.84949994e+09  2.90e-03       5s
  38   1.58e-06 3.49e-10   6.84950014e+09  6.84950009e+09  5.00e-04       5s
  39   2.85e-06 3.49e-10   6.84950013e+09  6.84950013e+09  7.71e-05       5s
  40*  2.91e-06 3.49e-10   6.84950013e+09  6.84950013e+09  1.43e-05       5s
Summary
    Runtime:                                            5.32s
    Status interior point solve:                        optimal
    Status crossover:                                   not run
    objective value:                                    6.84950013e+09
    interior solution primal residual (abs/rel):        2.15e-06 / 1.47e-14
    interior solution dual residual (abs/rel):          3.49e-10 / 3.88e-16
    interior solution objective gap (abs/rel):          1.37e+00 / 2.00e-10
Ipx: IPM       optimal
Model   status      : Optimal
IPM       iterations: 40
Objective value     :  6.8550973488e+09
HiGHS run time      :          6.24
Presolving model
46572 rows, 210771 cols, 476186 nonzeros
45568 rows, 53932 cols, 151247 nonzeros
45211 rows, 53491 cols, 150449 nonzeros
Presolve : Reductions: rows 45211(-1291801); columns 53491(-687571); elements 150449(-3461014)
Solving the presolved LP
IPX model has 45211 rows, 53491 columns and 150449 nonzeros
Input
    Number of variables:                                53491
    Number of free variables:                           0
    Number of constraints:                              45211
    Number of equality constraints:                     8816
    Number of matrix entries:                           150449
    Matrix range:                                       [1e-02, 1e+00]
    RHS range:                                          [2e+05, 1e+08]
    Objective range:                                    [2e-04, 9e+05]
    Bounds range:                                       [2e+05, 1e+08]
Preprocessing
    Dualized model:                                     no
    Number of dense columns:                            0
    Range of scaling factors:                           [1.00e+00, 2.00e+00]
IPX version 1.0
Interior Point Solve
 Iter     P.res    D.res            P.obj           D.obj        mu     Time
   0   2.26e+07 1.56e+05   8.97059422e+13 -2.10076266e+17  5.32e+12       0s
   1   5.81e+06 9.62e+04   1.31787098e+16 -1.42253243e+17  2.64e+12       0s
   2   3.61e+06 7.78e+04   1.74354595e+16 -1.25883655e+17  2.38e+12       0s
   3   1.29e+06 1.62e+04   1.31929760e+16 -2.85606563e+16  5.94e+11       0s
   4   3.96e+05 3.95e+03   6.76279694e+15 -7.53170067e+15  1.75e+11       0s
   5   1.02e+05 1.29e+03   2.55968011e+15 -2.93520899e+15  6.06e+10       0s
 Constructing starting basis...
   6   2.11e+04 3.80e+02   8.08028210e+14 -1.02213350e+15  2.05e+10       1s
   7   3.96e+03 1.14e+02   2.35463428e+14 -3.92294374e+14  6.82e+09       1s
   8   7.12e+02 4.51e+01   1.04260484e+14 -1.92797693e+14  3.21e+09       1s
   9   2.09e+02 1.40e+01   7.07926444e+13 -7.74929295e+13  1.53e+09       2s
  10   6.53e+01 4.96e+00   3.93958693e+13 -3.51048181e+13  7.53e+08       2s
  11   1.79e+01 2.37e+00   1.70369589e+13 -1.88260311e+13  3.69e+08       2s
  12   8.77e+00 1.37e+00   1.26312125e+13 -1.28178070e+13  2.62e+08       2s
  13   2.76e+00 8.02e-02   5.51878577e+12 -1.60092294e+12  6.50e+07       2s
  14   1.26e+00 1.91e-02   2.90961109e+12 -5.79004624e+11  3.14e+07       2s
  15   4.56e-01 6.51e-03   1.36785775e+12 -3.05454647e+11  1.51e+07       2s
  16   1.32e-01 1.85e-03   5.65165465e+11 -1.35718718e+11  6.27e+06       3s
  17   4.30e-02 9.75e-04   3.35380960e+11 -1.00781844e+11  3.91e+06       3s
  18   2.85e-02 5.33e-04   2.53442896e+11 -6.40901804e+10  2.82e+06       3s
  19   1.46e-02 2.70e-04   1.61283010e+11 -3.79763903e+10  1.76e+06       3s
  20   5.45e-03 1.60e-04   1.03998354e+11 -2.75747667e+10  1.16e+06       3s
  21   1.63e-03 3.90e-05   4.10268382e+10 -3.57143889e+09  3.92e+05       3s
  22   6.04e-04 1.34e-05   2.51203512e+10  1.27313452e+09  2.10e+05       3s
  23   1.94e-04 5.64e-06   1.52622753e+10  3.68819756e+09  1.02e+05       3s
  24   8.37e-05 2.71e-06   1.13926600e+10  4.96516798e+09  5.65e+04       4s
  25   3.72e-05 7.92e-07   9.08841761e+09  6.07368042e+09  2.65e+04       4s
  26   1.67e-05 2.48e-07   7.86024575e+09  6.48377477e+09  1.21e+04       4s
  27   1.00e-05 8.37e-08   7.45986699e+09  6.61423780e+09  7.43e+03       4s
  28   5.60e-06 3.45e-08   7.15029302e+09  6.67545131e+09  4.17e+03       4s
  29   2.29e-06 1.09e-08   6.91993540e+09  6.70491720e+09  1.89e+03       4s
  30   1.07e-06 3.61e-09   6.82745135e+09  6.71827186e+09  9.59e+02       4s
  31   2.38e-07 1.63e-09   6.76033294e+09  6.72309003e+09  3.27e+02       4s
  32   1.49e-07 6.98e-10   6.74061570e+09  6.72760834e+09  1.14e+02       5s
  33   9.86e-08 3.49e-10   6.73395022e+09  6.72925601e+09  4.12e+01       5s
  34   1.34e-07 3.49e-10   6.73120859e+09  6.73019259e+09  8.92e+00       5s
  35   1.45e-07 3.49e-10   6.73072959e+09  6.73063641e+09  8.18e-01       5s
  36   2.24e-07 3.49e-10   6.73068731e+09  6.73068140e+09  5.19e-02       5s
  37   1.79e-07 3.49e-10   6.73068463e+09  6.73068379e+09  7.36e-03       5s
  38   1.79e-07 4.66e-10   6.73068406e+09  6.73068396e+09  8.78e-04       5s
  39   2.12e-06 3.49e-10   6.73068400e+09  6.73068399e+09  1.07e-04       5s
  40*  1.22e-06 3.49e-10   6.73068399e+09  6.73068399e+09  8.29e-06       5s
Summary
    Runtime:                                            5.25s
    Status interior point solve:                        optimal
    Status crossover:                                   not run
    objective value:                                    6.73068399e+09
    interior solution primal residual (abs/rel):        1.45e-06 / 9.90e-15
    interior solution dual residual (abs/rel):          3.49e-10 / 3.88e-16
    interior solution objective gap (abs/rel):          7.54e-01 / 1.12e-10
Ipx: IPM       optimal
Model   status      : Optimal
IPM       iterations: 40
Objective value     :  6.7362812084e+09
HiGHS run time      :          6.17
Presolving model
46572 rows, 210771 cols, 476186 nonzeros
45568 rows, 53932 cols, 151247 nonzeros
45211 rows, 53491 cols, 150449 nonzeros
Presolve : Reductions: rows 45211(-1291801); columns 53491(-687571); elements 150449(-3461014)
Solving the presolved LP
IPX model has 45211 rows, 53491 columns and 150449 nonzeros
Input
    Number of variables:                                53491
    Number of free variables:                           0
    Number of constraints:                              45211
    Number of equality constraints:                     8816
    Number of matrix entries:                           150449
    Matrix range:                                       [1e-02, 1e+00]
    RHS range:                                          [2e+05, 1e+08]
    Objective range:                                    [2e-04, 9e+05]
    Bounds range:                                       [2e+05, 1e+08]
Preprocessing
    Dualized model:                                     no
    Number of dense columns:                            0
    Range of scaling factors:                           [1.00e+00, 2.00e+00]
IPX version 1.0
Interior Point Solve
 Iter     P.res    D.res            P.obj           D.obj        mu     Time
   0   2.26e+07 1.56e+05   8.98048750e+13 -2.10076858e+17  5.32e+12       0s
   1   5.81e+06 9.62e+04   1.31829628e+16 -1.42253338e+17  2.64e+12       0s
   2   3.61e+06 7.78e+04   1.74397594e+16 -1.25888639e+17  2.38e+12       0s
   3   1.29e+06 1.62e+04   1.31947379e+16 -2.85591356e+16  5.94e+11       0s
   4   3.96e+05 3.95e+03   6.76550851e+15 -7.53307839e+15  1.75e+11       0s
   5   1.02e+05 1.29e+03   2.56041702e+15 -2.93567560e+15  6.06e+10       0s
 Constructing starting basis...
   6   1.41e+04 3.76e+02   6.58551648e+14 -1.01542928e+15  1.89e+10       1s
   7   2.37e+03 9.20e+01   2.16029187e+14 -3.50715849e+14  6.04e+09       1s
   8   3.95e+02 4.04e+01   9.44105018e+13 -1.83302299e+14  3.00e+09       1s
   9   1.17e+02 1.36e+01   6.45926981e+13 -7.61164378e+13  1.46e+09       2s
  10   3.92e+01 5.08e+00   3.72480306e+13 -3.51003860e+13  7.37e+08       2s
  11   9.98e+00 2.49e+00   1.58758970e+13 -1.93054932e+13  3.67e+08       2s
  12   4.27e+00 1.14e+00   1.22433176e+13 -1.16196935e+13  2.43e+08       2s
  13   1.61e+00 5.97e-02   5.92900589e+12 -1.39639898e+12  6.62e+07       2s
  14   7.32e-01 1.39e-02   3.01400802e+12 -4.90452788e+11  3.13e+07       2s
  15   3.06e-01 3.97e-03   1.48194679e+12 -2.28175405e+11  1.52e+07       2s
  16   1.73e-01 1.47e-03   9.02201563e+11 -1.07891715e+11  8.95e+06       3s
  17   9.02e-02 9.20e-04   5.45544213e+11 -8.28935679e+10  5.57e+06       3s
  18   5.07e-02 4.44e-04   3.61990029e+11 -5.59291390e+10  3.70e+06       3s
  19   2.55e-02 2.31e-04   2.58908368e+11 -4.74424989e+10  2.71e+06       3s
  20   1.36e-02 9.50e-05   1.68469773e+11 -2.61665661e+10  1.71e+06       3s
  21   1.57e-03 6.40e-06   6.58867152e+10 -8.52284989e+09  6.54e+05       3s
  22   5.14e-04 2.00e-06   2.99042066e+10  5.17456094e+08  2.58e+05       3s
  23   1.21e-04 9.99e-07   1.60367553e+10  2.77566562e+09  1.16e+05       3s
  24   4.44e-05 4.54e-07   1.16137621e+10  4.47625266e+09  6.27e+04       3s
  25   1.79e-05 1.17e-07   9.28909173e+09  5.83092476e+09  3.04e+04       4s
  26   2.89e-06 2.96e-08   7.31454273e+09  6.38461558e+09  8.17e+03       4s
  27   1.22e-06 9.20e-09   7.02546215e+09  6.54990665e+09  4.18e+03       4s
  28   5.96e-07 3.84e-09   6.85416337e+09  6.61853630e+09  2.07e+03       4s
  29   2.38e-07 1.51e-09   6.75556562e+09  6.64825947e+09  9.42e+02       4s
  30   1.94e-07 9.31e-10   6.71921353e+09  6.66040549e+09  5.16e+02       4s
  31   1.12e-07 4.66e-10   6.68680990e+09  6.66780670e+09  1.67e+02       4s
  32   1.40e-07 3.49e-10   6.67872972e+09  6.67134810e+09  6.48e+01       5s
  33   1.22e-07 3.49e-10   6.67549594e+09  6.67309656e+09  2.11e+01       5s
  34   1.75e-07 3.49e-10   6.67429310e+09  6.67378622e+09  4.45e+00       5s
  35   2.71e-07 3.49e-10   6.67410874e+09  6.67404318e+09  5.76e-01       5s
  36   1.56e-07 3.49e-10   6.67409393e+09  6.67408580e+09  7.13e-02       5s
  37   3.43e-07 3.49e-10   6.67408933e+09  6.67408872e+09  5.34e-03       5s
  38   1.01e-06 3.49e-10   6.67408899e+09  6.67408892e+09  6.05e-04       5s
  39*  1.49e-06 3.49e-10   6.67408896e+09  6.67408895e+09  5.49e-05       5s
Summary
    Runtime:                                            5.19s
    Status interior point solve:                        optimal
    Status crossover:                                   not run
    objective value:                                    6.67408896e+09
    interior solution primal residual (abs/rel):        5.05e-06 / 3.46e-14
    interior solution dual residual (abs/rel):          3.49e-10 / 3.88e-16
    interior solution objective gap (abs/rel):          6.53e+00 / 9.78e-10
Ipx: IPM       optimal
Model   status      : Optimal
IPM       iterations: 39
Objective value     :  6.6796861768e+09
HiGHS run time      :          6.10
Presolving model
46572 rows, 210771 cols, 476186 nonzeros
45568 rows, 53932 cols, 151247 nonzeros
45211 rows, 53491 cols, 150449 nonzeros
Presolve : Reductions: rows 45211(-1291801); columns 53491(-687571); elements 150449(-3461014)
Solving the presolved LP
IPX model has 45211 rows, 53491 columns and 150449 nonzeros
Input
    Number of variables:                                53491
    Number of free variables:                           0
    Number of constraints:                              45211
    Number of equality constraints:                     8816
    Number of matrix entries:                           150449
    Matrix range:                                       [1e-02, 1e+00]
    RHS range:                                          [2e+05, 1e+08]
    Objective range:                                    [2e-04, 9e+05]
    Bounds range:                                       [2e+05, 1e+08]
Preprocessing
    Dualized model:                                     no
    Number of dense columns:                            0
    Range of scaling factors:                           [1.00e+00, 2.00e+00]
IPX version 1.0
Interior Point Solve
 Iter     P.res    D.res            P.obj           D.obj        mu     Time
   0   2.26e+07 1.56e+05   8.98572014e+13 -2.10077112e+17  5.32e+12       0s
   1   5.81e+06 9.62e+04   1.31848852e+16 -1.42253203e+17  2.64e+12       0s
   2   3.61e+06 7.78e+04   1.74414424e+16 -1.25893077e+17  2.38e+12       0s
   3   1.29e+06 1.62e+04   1.31949472e+16 -2.85584530e+16  5.94e+11       0s
   4   3.96e+05 3.95e+03   6.76696332e+15 -7.53408912e+15  1.75e+11       0s
   5   1.02e+05 1.29e+03   2.56077053e+15 -2.93605693e+15  6.06e+10       0s
 Constructing starting basis...
   6   1.81e+04 3.78e+02   7.45294578e+14 -1.01860020e+15  1.98e+10       1s
   7   3.30e+03 1.06e+02   2.27419163e+14 -3.77195639e+14  6.53e+09       1s
   8   5.75e+02 4.43e+01   1.00650185e+14 -1.91695418e+14  3.17e+09       1s
   9   1.61e+02 1.44e+01   6.75199704e+13 -7.84416435e+13  1.52e+09       2s
  10   5.32e+01 5.18e+00   3.89909902e+13 -3.56394408e+13  7.58e+08       2s
  11   1.27e+01 2.33e+00   1.66220636e+13 -1.86452725e+13  3.64e+08       2s
  12   5.95e+00 1.26e+00   1.23853619e+13 -1.22330986e+13  2.53e+08       2s
  13   1.85e+00 6.97e-02   5.44361402e+12 -1.55089880e+12  6.37e+07       2s
  14   9.07e-01 1.64e-02   3.02707595e+12 -5.55834146e+11  3.21e+07       2s
  15   3.68e-01 4.60e-03   1.46670996e+12 -2.50302620e+11  1.53e+07       3s
  16   1.70e-01 1.83e-03   8.38859951e+11 -1.53991924e+11  8.85e+06       3s
  17   8.14e-02 9.28e-04   5.22903776e+11 -1.09510818e+11  5.63e+06       3s
  18   4.31e-02 4.07e-04   3.37928021e+11 -6.58872683e+10  3.58e+06       3s
  19   2.03e-02 2.55e-04   2.41443689e+11 -5.56659150e+10  2.63e+06       3s
  20   8.59e-03 1.05e-04   1.58031727e+11 -3.50152649e+10  1.70e+06       3s
  21   8.28e-04 1.22e-05   6.38408496e+10 -1.08461558e+10  6.56e+05       3s
  22   2.35e-04 3.30e-06   2.95142689e+10 -2.71056543e+08  2.62e+05       3s
  23   6.12e-05 1.59e-06   1.66207424e+10  2.42099712e+09  1.25e+05       3s
  24   1.98e-05 6.41e-07   1.18037812e+10  4.40671953e+09  6.50e+04       4s
  25   8.64e-06 1.98e-07   9.40132619e+09  5.75724945e+09  3.20e+04       4s
  26   1.52e-06 5.12e-08   7.35711145e+09  6.36110964e+09  8.75e+03       4s
  27   5.96e-07 1.57e-08   7.02678483e+09  6.54184927e+09  4.26e+03       4s
  28   2.98e-07 6.29e-09   6.85438431e+09  6.61576799e+09  2.10e+03       4s
  29   1.66e-07 2.44e-09   6.75452082e+09  6.64779878e+09  9.37e+02       4s
  30   1.09e-07 1.28e-09   6.72039363e+09  6.66040003e+09  5.27e+02       4s
  31   8.20e-08 5.82e-10   6.68822276e+09  6.66743581e+09  1.83e+02       5s
  32   1.12e-07 4.66e-10   6.67886904e+09  6.67126043e+09  6.68e+01       5s
  33   1.49e-07 3.49e-10   6.67542672e+09  6.67296431e+09  2.16e+01       5s
  34   1.04e-07 3.49e-10   6.67414862e+09  6.67358424e+09  4.96e+00       5s
  35   1.04e-07 3.49e-10   6.67393185e+09  6.67384973e+09  7.21e-01       5s
  36   1.34e-07 3.49e-10   6.67391622e+09  6.67389213e+09  2.12e-01       5s
  37   1.49e-07 3.49e-10   6.67390818e+09  6.67389751e+09  9.36e-02       5s
  38   1.42e-07 3.49e-10   6.67390417e+09  6.67389823e+09  5.21e-02       5s
  39   1.94e-07 4.66e-10   6.67389996e+09  6.67389962e+09  3.00e-03       5s
  40   5.22e-07 3.49e-10   6.67389980e+09  6.67389976e+09  3.39e-04       5s
  41*  3.46e-06 3.49e-10   6.67389979e+09  6.67389978e+09  3.56e-05       5s
Summary
    Runtime:                                            5.38s
    Status interior point solve:                        optimal
    Status crossover:                                   not run
    objective value:                                    6.67389979e+09
    interior solution primal residual (abs/rel):        2.47e-06 / 1.69e-14
    interior solution dual residual (abs/rel):          3.49e-10 / 3.88e-16
    interior solution objective gap (abs/rel):          3.66e+00 / 5.48e-10
Ipx: IPM       optimal
Model   status      : Optimal
IPM       iterations: 41
Objective value     :  6.6794970039e+09
HiGHS run time      :          6.29
[ Info: Rolling step not specified in scenaio.yaml file; Setting it to 15 years
[ Info: Demand-pathway mapping not specified in scenaio.yaml file; SERA will not look for eligible pathways for different demand types.
[ Info: Production capacity constraints from the grid model not defined. SERA will not create these constraints
[ Info: Regional technology limits not specified in scenaio.yaml file; SERA will not create these constraints
STARTING DATA PRE-PROCESSING 
Processing Temporal Data
Processing Nodes
Processing Demand
Processing Existings
Processing Links
Processing Pathways
Creating Infrastructure options
  1.815761 seconds (11.26 M allocations: 1.206 GiB, 26.47% gc time, 4.19% compilation time)

OPTIMIZING FROM 2026 TO 2040 

STARTING OPTIMIZATION MODEL CREATION
CREATING VARIABLES AND EXPRESSIONS
  9.992513 seconds (70.41 M allocations: 4.358 GiB, 25.87% gc time, 45.98% compilation time)
POPULATING EXPRESSIONS
 12.744248 seconds (45.75 M allocations: 6.736 GiB, 11.31% gc time, 3.53% compilation time)
CREATING CONSTRAINTS
  5.151660 seconds (41.29 M allocations: 2.127 GiB, 14.14% gc time, 18.72% compilation time)
POPULATED CORE OPTIMIZATION MODEL, STARTING ITERATIONS
READING COST DATA FOR ITERATION 1
  9.183484 seconds (34.04 M allocations: 3.132 GiB, 3.79% gc time, 3.75% compilation time)
CREATING EXPRESSIONS FOR CAPITAL AND FIXED COST
  7.045361 seconds (50.01 M allocations: 3.142 GiB, 42.46% gc time, 15.89% compilation time)
BUILDING OBJECTIVE FUNCTION
  2.777874 seconds (13.70 M allocations: 519.689 MiB, 12.48% gc time, 38.68% compilation time)
Optimizing for iteration 1
  9.391389 seconds (14.15 M allocations: 1.322 GiB, 1.98% gc time, 0.25% compilation time)
OPTIMAL
4.450592340431294e9
ϵ =  1.0
READING COST DATA FOR ITERATION 2
  8.776629 seconds (30.98 M allocations: 3.024 GiB, 4.02% gc time, 0.35% compilation time)
CREATING EXPRESSIONS FOR CAPITAL AND FIXED COST
  4.441814 seconds (48.64 M allocations: 3.054 GiB, 34.70% gc time, 0.10% compilation time)
BUILDING OBJECTIVE FUNCTION
  5.611126 seconds (12.36 M allocations: 426.934 MiB, 75.34% gc time)
Optimizing for iteration 2
  6.642411 seconds (2 allocations: 32 bytes)
OPTIMAL
8.648887537563917e9
ϵ =  0.4854144742775816
READING COST DATA FOR ITERATION 3
 11.703822 seconds (30.86 M allocations: 3.075 GiB, 28.00% gc time)
CREATING EXPRESSIONS FOR CAPITAL AND FIXED COST
 30.497914 seconds (48.64 M allocations: 3.054 GiB, 89.52% gc time)
BUILDING OBJECTIVE FUNCTION
  1.672423 seconds (12.36 M allocations: 416.735 MiB, 13.39% gc time)
Optimizing for iteration 3
  6.182461 seconds (2 allocations: 32 bytes)
OPTIMAL
7.209074427506189e9
ϵ =  0.19972232559618447
READING COST DATA FOR ITERATION 4
 10.507041 seconds (30.84 M allocations: 3.021 GiB, 20.13% gc time)
CREATING EXPRESSIONS FOR CAPITAL AND FIXED COST
 28.759024 seconds (48.64 M allocations: 3.054 GiB, 88.53% gc time)
BUILDING OBJECTIVE FUNCTION
  1.939301 seconds (12.36 M allocations: 416.735 MiB, 24.26% gc time)
Optimizing for iteration 4
  6.250388 seconds (2 allocations: 32 bytes)
OPTIMAL
6.855097348808275e9
ϵ =  0.05163706081569841
READING COST DATA FOR ITERATION 5
 10.659801 seconds (30.83 M allocations: 3.021 GiB, 21.43% gc time)
CREATING EXPRESSIONS FOR CAPITAL AND FIXED COST
 25.587776 seconds (48.64 M allocations: 3.054 GiB, 87.39% gc time)
BUILDING OBJECTIVE FUNCTION
  1.732601 seconds (12.36 M allocations: 416.735 MiB, 13.07% gc time)
Optimizing for iteration 5
  6.178008 seconds (2 allocations: 32 bytes)
OPTIMAL
6.736281208417987e9
ϵ =  0.01763823936592966
READING COST DATA FOR ITERATION 6
 13.866298 seconds (30.83 M allocations: 3.021 GiB, 37.58% gc time)
CREATING EXPRESSIONS FOR CAPITAL AND FIXED COST
 28.898797 seconds (48.64 M allocations: 3.054 GiB, 88.77% gc time)
BUILDING OBJECTIVE FUNCTION
  1.904749 seconds (12.36 M allocations: 416.735 MiB, 23.79% gc time)
Optimizing for iteration 6
  6.114043 seconds (2 allocations: 32 bytes)
OPTIMAL
6.679686176826453e9
ϵ =  0.008472708162225015
READING COST DATA FOR ITERATION 7
 11.096402 seconds (30.83 M allocations: 3.021 GiB, 24.26% gc time)
CREATING EXPRESSIONS FOR CAPITAL AND FIXED COST
 26.060658 seconds (48.64 M allocations: 3.054 GiB, 87.28% gc time)
BUILDING OBJECTIVE FUNCTION
  1.776259 seconds (12.36 M allocations: 416.735 MiB, 14.58% gc time)
Optimizing for iteration 7
  6.302860 seconds (2 allocations: 32 bytes)
OPTIMAL
6.6794970039414015e9
ϵ =  2.8321426745894842e-5
ITERATIONS COMPLETED
WRITING RESULTS TO FILE
  4.285541 seconds (11.51 M allocations: 518.034 MiB, 62.38% gc time, 15.30% compilation time)

THE OPTIMIZATION PROBLEM TOOK 5.92 MINUTES TO SOLVE. 
