Running HiGHS 1.6.0: Copyright (c) 2023 HiGHS under MIT licence terms
Presolving model
161056 rows, 470380 cols, 1074500 nonzeros
119759 rows, 288647 cols, 712797 nonzeros
117290 rows, 155580 cols, 446070 nonzeros
114465 rows, 152560 cols, 439961 nonzeros
Presolve : Reductions: rows 114465(-3303436); columns 152560(-2153912); elements 439961(-10009617)
Solving the presolved LP
IPX model has 114465 rows, 152560 columns and 439961 nonzeros
Input
    Number of variables:                                152560
    Number of free variables:                           0
    Number of constraints:                              114465
    Number of equality constraints:                     18378
    Number of matrix entries:                           439961
    Matrix range:                                       [1e-02, 1e+00]
    RHS range:                                          [2e+05, 1e+07]
    Objective range:                                    [4e-04, 3e+02]
    Bounds range:                                       [7e+05, 1e+08]
Preprocessing
    Dualized model:                                     no
    Number of dense columns:                            0
    Range of scaling factors:                           [1.00e+00, 2.00e+00]
IPX version 1.0
Interior Point Solve
 Iter     P.res    D.res            P.obj           D.obj        mu     Time
   0   3.72e+06 3.31e+01   1.39279348e+09 -8.28309279e+12  1.58e+08       0s
   1   1.16e+06 2.32e+01   1.19661487e+12 -5.89729497e+12  1.10e+08       0s
   2   5.41e+05 1.40e+01   1.83938985e+12 -3.79238281e+12  8.54e+07       0s
   3   1.98e+05 5.16e+00   1.54461118e+12 -1.43897228e+12  3.36e+07       0s
   4   7.30e+04 1.17e+00   1.11183703e+12 -3.45050986e+11  1.02e+07       1s
   5   2.35e+04 2.66e-01   5.62284581e+11 -8.18979072e+10  3.22e+06       1s
   6   8.37e+03 8.87e-02   2.53357107e+11 -2.86360441e+10  1.23e+06       3s
 Constructing starting basis...
   7   2.67e+03 2.07e-02   1.03957206e+11 -7.31722273e+09  4.67e+05       4s
   8   1.30e+03 7.20e-03   6.78204289e+10 -3.05681438e+09  2.88e+05       4s
   9   5.54e+02 2.27e-03   3.51414353e+10 -8.36690263e+08  1.44e+05       5s
  10   1.62e+02 1.22e-03   1.87851428e+10 -1.33651829e+08  7.52e+04       5s
  11   1.62e-04 3.58e-04   1.36085405e+10  4.23000356e+08  5.18e+04       6s
  12   6.78e-05 1.88e-04   7.37232110e+09  7.80609709e+08  2.59e+04       6s
  13   3.50e-05 1.30e-04   4.81422697e+09  8.99288746e+08  1.54e+04       7s
  14   2.85e-05 7.33e-05   4.34070960e+09  1.00139481e+09  1.31e+04       8s
  15   1.77e-05 3.14e-05   3.46641121e+09  1.08258256e+09  9.34e+03       8s
  16   1.54e-05 2.12e-05   3.38162778e+09  1.09207392e+09  8.97e+03       9s
  17   6.26e-06 1.39e-05   2.19902957e+09  1.11953317e+09  4.23e+03       9s
  18   4.50e-06 6.13e-06   1.99716343e+09  1.14694170e+09  3.33e+03      10s
  19   1.94e-06 3.28e-06   1.56493399e+09  1.16143571e+09  1.58e+03      10s
  20   1.43e-06 2.49e-06   1.49101915e+09  1.16510777e+09  1.28e+03      11s
  21   6.56e-07 1.65e-06   1.34896602e+09  1.16952452e+09  7.03e+02      11s
  22   1.19e-07 6.12e-07   1.25542199e+09  1.17499231e+09  3.15e+02      12s
  23   8.94e-08 2.81e-07   1.23074295e+09  1.17751738e+09  2.08e+02      12s
  24   5.96e-08 1.27e-07   1.20929724e+09  1.17872846e+09  1.20e+02      12s
  25   2.98e-08 4.02e-08   1.19855322e+09  1.17947783e+09  7.47e+01      13s
  26   2.98e-08 7.72e-09   1.18604309e+09  1.17993875e+09  2.39e+01      13s
  27   2.98e-08 1.57e-09   1.18255213e+09  1.18017784e+09  9.30e+00      14s
  28   2.98e-08 1.20e-09   1.18219050e+09  1.18018061e+09  7.87e+00      14s
  29   2.98e-08 1.14e-10   1.18107248e+09  1.18023209e+09  3.29e+00      15s
  30   2.98e-08 6.11e-12   1.18042106e+09  1.18023658e+09  7.22e-01      15s
  31   2.98e-08 1.19e-12   1.18025693e+09  1.18024149e+09  6.04e-02      15s
  32   2.98e-08 2.84e-13   1.18024665e+09  1.18024242e+09  1.66e-02      16s
  33   2.98e-08 5.68e-14   1.18024294e+09  1.18024265e+09  1.14e-03      16s
  34   2.98e-08 5.68e-14   1.18024269e+09  1.18024266e+09  8.87e-05      16s
  35   2.98e-08 5.68e-14   1.18024267e+09  1.18024266e+09  1.25e-05      17s
  36*  2.98e-08 5.68e-14   1.18024267e+09  1.18024267e+09  2.25e-06      17s
Summary
    Runtime:                                            16.84s
    Status interior point solve:                        optimal
    Status crossover:                                   not run
    objective value:                                    1.18024267e+09
    interior solution primal residual (abs/rel):        2.98e-08 / 2.04e-16
    interior solution dual residual (abs/rel):          1.15e-10 / 4.01e-13
    interior solution objective gap (abs/rel):          5.76e-01 / 4.88e-10
Ipx: IPM       optimal
Model   status      : Optimal
IPM       iterations: 36
Objective value     :  1.1802426646e+09
HiGHS run time      :         20.66
Presolving model
161056 rows, 470380 cols, 1074500 nonzeros
119759 rows, 288647 cols, 712797 nonzeros
117290 rows, 155580 cols, 446070 nonzeros
114465 rows, 152560 cols, 439961 nonzeros
Presolve : Reductions: rows 114465(-3313456); columns 152560(-2153912); elements 439961(-10019637)
Solving the presolved LP
IPX model has 114465 rows, 152560 columns and 439961 nonzeros
Input
    Number of variables:                                152560
    Number of free variables:                           0
    Number of constraints:                              114465
    Number of equality constraints:                     18378
    Number of matrix entries:                           439961
    Matrix range:                                       [1e-02, 1e+00]
    RHS range:                                          [2e+05, 1e+07]
    Objective range:                                    [4e-04, 8e+06]
    Bounds range:                                       [7e+05, 1e+08]
Preprocessing
    Dualized model:                                     no
    Number of dense columns:                            0
    Range of scaling factors:                           [1.00e+00, 2.00e+00]
IPX version 1.0
Interior Point Solve
 Iter     P.res    D.res            P.obj           D.obj        mu     Time
   0   3.72e+06 1.52e+06   3.86764264e+13 -3.84341412e+17  7.31e+12       0s
   1   1.12e+06 1.14e+06   5.89576127e+16 -2.91202735e+17  5.46e+12       0s
   2   5.07e+05 6.15e+05   8.94880471e+16 -1.71399602e+17  3.92e+12       0s
   3   1.15e+05 2.48e+05   7.30506708e+16 -7.20555798e+16  1.63e+12       0s
   4   4.20e+04 4.45e+04   5.08183771e+16 -1.35021683e+16  4.13e+11       1s
   5   1.20e+04 9.93e+03   2.47349160e+16 -3.33128374e+15  1.31e+11       2s
 Constructing starting basis...
   6   3.84e+03 4.20e+03   9.90348659e+15 -1.44796221e+15  5.27e+10       3s
   7   1.65e+03 1.25e+03   5.61374860e+15 -5.02014840e+14  2.61e+10       4s
   8   5.98e+02 3.74e+02   3.33482110e+15 -2.10386672e+14  1.46e+10       4s
   9   1.70e+02 1.36e+02   1.25676420e+15 -8.86190852e+13  5.54e+09       4s
  10   8.70e+01 5.21e+01   7.21661694e+14 -3.82532759e+13  3.09e+09       5s
  11   2.09e+01 2.25e+01   2.66868080e+14 -1.91922740e+13  1.18e+09       5s
  12   4.38e+00 1.10e+01   6.29299734e+13 -9.40082369e+12  3.13e+08       6s
  13   1.03e+00 3.36e+00   2.05227475e+13 -2.99210741e+12  1.01e+08       6s
  14   1.78e-01 8.24e-01   4.99932539e+12 -7.58815608e+11  2.49e+07       6s
  15   4.03e-02 2.06e-01   1.60716126e+12 -1.99245589e+11  7.66e+06       7s
  16   2.71e-02 1.17e-01   1.13221912e+12 -1.14113567e+11  5.20e+06       7s
  17   7.67e-03 3.44e-02   3.66740785e+11 -3.35330081e+10  1.65e+06       8s
  18   3.77e-03 1.78e-02   2.18204670e+11 -1.75453039e+10  9.61e+05       8s
  19   1.16e-03 6.24e-03   9.07914866e+10 -5.72082231e+09  3.88e+05       9s
  20   3.69e-04 3.05e-03   4.90909391e+10 -2.44069772e+09  2.06e+05       9s
  21   2.86e-04 1.39e-03   4.29278535e+10 -6.05460233e+08  1.72e+05      10s
  22   1.07e-04 6.88e-04   2.29919238e+10  3.32805414e+08  8.92e+04      10s
  23   5.11e-05 1.83e-04   1.25171411e+10  1.17674577e+09  4.45e+04      10s
  24   2.98e-08 1.11e-04   7.94570900e+09  1.24165023e+09  2.63e+04      11s
  25   2.98e-08 5.22e-05   2.93854048e+09  1.39052013e+09  6.07e+03      11s
  26   2.98e-08 1.90e-05   2.08769749e+09  1.47550594e+09  2.40e+03      12s
  27   2.98e-08 9.44e-06   1.72528528e+09  1.50190056e+09  8.75e+02      12s
  28   2.98e-08 4.71e-06   1.59786883e+09  1.51555438e+09  3.22e+02      12s
  29   2.98e-08 1.76e-06   1.56920808e+09  1.52423901e+09  1.76e+02      13s
  30   2.98e-08 3.85e-07   1.55020779e+09  1.52823085e+09  8.61e+01      13s
  31   2.98e-08 4.94e-08   1.53545579e+09  1.52950658e+09  2.33e+01      14s
  32   2.98e-08 9.31e-09   1.53024278e+09  1.52972211e+09  2.04e+00      14s
  33   2.98e-08 2.79e-09   1.52982201e+09  1.52975772e+09  2.52e-01      14s
  34   2.98e-08 2.79e-09   1.52976772e+09  1.52976245e+09  2.06e-02      14s
  35   2.98e-08 1.86e-09   1.52976345e+09  1.52976283e+09  2.43e-03      15s
  36   2.98e-08 1.86e-09   1.52976295e+09  1.52976290e+09  2.22e-04      15s
  37   2.98e-08 1.86e-09   1.52976292e+09  1.52976290e+09  4.79e-05      15s
  38   4.66e-08 9.31e-10   1.52976291e+09  1.52976291e+09  1.06e-05      16s
  39*  4.47e-08 9.31e-10   1.52976290e+09  1.52976290e+09  7.72e-09      16s
Summary
    Runtime:                                            15.88s
    Status interior point solve:                        optimal
    Status crossover:                                   not run
    objective value:                                    1.52976290e+09
    interior solution primal residual (abs/rel):        4.66e-08 / 3.19e-16
    interior solution dual residual (abs/rel):          9.31e-10 / 1.10e-16
    interior solution objective gap (abs/rel):          9.20e-04 / 6.01e-13
Ipx: IPM       optimal
Model   status      : Optimal
IPM       iterations: 39
Objective value     :  1.5297629050e+09
HiGHS run time      :         19.54
Presolving model
161056 rows, 470380 cols, 1074500 nonzeros
119759 rows, 288647 cols, 712797 nonzeros
117290 rows, 155580 cols, 446070 nonzeros
114465 rows, 152560 cols, 439961 nonzeros
Presolve : Reductions: rows 114465(-3323476); columns 152560(-2153912); elements 439961(-10029657)
Solving the presolved LP
IPX model has 114465 rows, 152560 columns and 439961 nonzeros
Input
    Number of variables:                                152560
    Number of free variables:                           0
    Number of constraints:                              114465
    Number of equality constraints:                     18378
    Number of matrix entries:                           439961
    Matrix range:                                       [1e-02, 1e+00]
    RHS range:                                          [2e+05, 1e+07]
    Objective range:                                    [4e-04, 8e+06]
    Bounds range:                                       [7e+05, 1e+08]
Preprocessing
    Dualized model:                                     no
    Number of dense columns:                            0
    Range of scaling factors:                           [1.00e+00, 2.00e+00]
IPX version 1.0
Interior Point Solve
 Iter     P.res    D.res            P.obj           D.obj        mu     Time
   0   3.72e+06 1.53e+06   3.96226878e+13 -3.84583976e+17  7.32e+12       0s
   1   1.12e+06 1.14e+06   5.90181622e+16 -2.91338970e+17  5.46e+12       0s
   2   5.09e+05 6.14e+05   8.95764660e+16 -1.71290665e+17  3.92e+12       0s
   3   1.16e+05 2.49e+05   7.32166013e+16 -7.22567386e+16  1.63e+12       0s
   4   4.24e+04 4.48e+04   5.10607958e+16 -1.35759647e+16  4.16e+11       1s
   5   1.17e+04 1.00e+04   2.45720728e+16 -3.35358602e+15  1.31e+11       2s
 Constructing starting basis...
   6   3.77e+03 3.71e+03   9.82607269e+15 -1.28193858e+15  5.08e+10       3s
   7   1.31e+03 1.08e+03   4.82823929e+15 -4.33181950e+14  2.24e+10       3s
   8   5.52e+02 5.21e+02   2.75751972e+15 -2.35948935e+14  1.26e+10       4s
   9   2.55e+02 2.83e+02   1.48239572e+15 -1.35194061e+14  6.80e+09       4s
  10   1.06e+02 1.73e+02   7.11859998e+14 -8.51127335e+13  3.40e+09       5s
  11   4.28e+01 1.06e+02   3.32463455e+14 -5.28434755e+13  1.68e+09       5s
  12   1.06e+01 5.25e+01   1.10804014e+14 -2.63743703e+13  6.26e+08       6s
  13   5.54e+00 3.39e+01   6.69876215e+13 -1.72152958e+13  3.88e+08       6s
  14   1.78e+00 1.06e+01   3.37056789e+13 -5.81408357e+12  1.74e+08       6s
  15   2.32e-01 4.82e-01   1.23853410e+13 -5.34619043e+11  5.16e+07       7s
  16   5.30e-02 8.23e-02   3.15907128e+12 -1.01124482e+11  1.29e+07       7s
  17   1.34e-02 4.32e-02   9.22355730e+11 -5.47269911e+10  3.91e+06       8s
  18   3.73e-03 1.45e-02   3.89142361e+11 -2.10386609e+10  1.64e+06       8s
  19   7.64e-04 4.91e-03   1.00776245e+11 -6.68560773e+09  4.28e+05       8s
  20   1.92e-04 1.83e-03   4.39849591e+10 -2.07842160e+09  1.82e+05       9s
  21   2.46e-05 5.32e-04   1.05270301e+10  2.49679348e+08  4.05e+04       9s
  22   7.54e-06 2.08e-04   4.36206210e+09  9.01863723e+08  1.36e+04      10s
  23   3.87e-06 7.23e-05   3.35416555e+09  1.16503747e+09  8.58e+03      10s
  24   1.52e-06 2.67e-05   2.34360010e+09  1.26491150e+09  4.23e+03      10s
  25   2.98e-08 7.04e-06   1.77232085e+09  1.30645989e+09  1.82e+03      11s
  26   2.98e-08 2.68e-06   1.51404559e+09  1.32367702e+09  7.45e+02      11s
  27   2.98e-08 1.14e-06   1.42890122e+09  1.32876159e+09  3.92e+02      11s
  28   2.98e-08 3.62e-07   1.36907133e+09  1.33287265e+09  1.42e+02      12s
  29   2.98e-08 1.19e-07   1.34460589e+09  1.33403759e+09  4.14e+01      12s
  30   2.98e-08 1.96e-08   1.33743278e+09  1.33476414e+09  1.04e+01      13s
  31   2.98e-08 2.79e-09   1.33535686e+09  1.33489525e+09  1.81e+00      13s
  32   2.98e-08 1.86e-09   1.33495925e+09  1.33490483e+09  2.13e-01      13s
  33   2.98e-08 1.86e-09   1.33491635e+09  1.33490679e+09  3.74e-02      13s
  34   2.98e-08 2.79e-09   1.33490750e+09  1.33490707e+09  1.68e-03      14s
  35   2.98e-08 1.86e-09   1.33490715e+09  1.33490710e+09  1.77e-04      14s
  36   4.84e-08 9.31e-10   1.33490712e+09  1.33490711e+09  2.91e-05      14s
  37*  2.98e-08 9.31e-10   1.33490711e+09  1.33490711e+09  1.10e-07      15s
Summary
    Runtime:                                            14.55s
    Status interior point solve:                        optimal
    Status crossover:                                   not run
    objective value:                                    1.33490711e+09
    interior solution primal residual (abs/rel):        3.17e-08 / 2.17e-16
    interior solution dual residual (abs/rel):          9.31e-10 / 1.10e-16
    interior solution objective gap (abs/rel):          2.17e-02 / 1.62e-11
Ipx: IPM       optimal
Model   status      : Optimal
IPM       iterations: 37
Objective value     :  1.3349071087e+09
HiGHS run time      :         18.19
Presolving model
161056 rows, 470380 cols, 1074500 nonzeros
119759 rows, 288647 cols, 712797 nonzeros
117290 rows, 155580 cols, 446070 nonzeros
114465 rows, 152560 cols, 439961 nonzeros
Presolve : Reductions: rows 114465(-3333496); columns 152560(-2153912); elements 439961(-10039677)
Solving the presolved LP
IPX model has 114465 rows, 152560 columns and 439961 nonzeros
Input
    Number of variables:                                152560
    Number of free variables:                           0
    Number of constraints:                              114465
    Number of equality constraints:                     18378
    Number of matrix entries:                           439961
    Matrix range:                                       [1e-02, 1e+00]
    RHS range:                                          [2e+05, 1e+07]
    Objective range:                                    [4e-04, 8e+06]
    Bounds range:                                       [7e+05, 1e+08]
Preprocessing
    Dualized model:                                     no
    Number of dense columns:                            0
    Range of scaling factors:                           [1.00e+00, 2.00e+00]
IPX version 1.0
Interior Point Solve
 Iter     P.res    D.res            P.obj           D.obj        mu     Time
   0   3.72e+06 1.53e+06   3.96237900e+13 -3.84583620e+17  7.32e+12       0s
   1   1.12e+06 1.14e+06   5.90186111e+16 -2.91337033e+17  5.46e+12       0s
   2   5.09e+05 6.14e+05   8.95772119e+16 -1.71286645e+17  3.92e+12       0s
   3   1.16e+05 2.49e+05   7.32179684e+16 -7.22562220e+16  1.63e+12       0s
   4   4.24e+04 4.48e+04   5.10607909e+16 -1.35761188e+16  4.16e+11       1s
   5   1.17e+04 1.00e+04   2.45704723e+16 -3.35361829e+15  1.31e+11       2s
 Constructing starting basis...
   6   3.76e+03 3.69e+03   9.82144923e+15 -1.27828707e+15  5.07e+10       3s
   7   1.31e+03 1.08e+03   4.83564700e+15 -4.32021276e+14  2.24e+10       3s
   8   5.52e+02 5.19e+02   2.76200832e+15 -2.35195853e+14  1.26e+10       4s
   9   2.54e+02 2.83e+02   1.48618533e+15 -1.35749736e+14  6.82e+09       4s
  10   1.01e+02 1.74e+02   6.94166831e+14 -8.56720723e+13  3.34e+09       5s
  11   3.69e+01 1.08e+02   3.03815436e+14 -5.39381370e+13  1.58e+09       5s
  12   1.48e+01 6.26e+01   1.40975856e+14 -3.12458098e+13  7.80e+08       6s
  13   8.32e+00 3.97e+01   9.52353557e+13 -2.02123282e+13  5.22e+08       6s
  14   3.32e+00 8.40e+00   4.90371549e+13 -4.80548057e+12  2.27e+08       6s
  15   1.08e+00 3.47e-01   2.29315551e+13 -5.05418770e+11  9.26e+07       7s
  16   2.07e-01 8.24e-02   4.99566686e+12 -1.36557894e+11  2.03e+07       7s
  17   8.30e-02 4.43e-02   2.18650634e+12 -7.70089745e+10  8.99e+06       8s
  18   2.84e-03 8.03e-03   6.09436902e+11 -2.61890533e+10  2.53e+06       8s
  19   4.49e-04 3.46e-03   1.47261320e+11 -1.15009343e+10  6.31e+05       8s
  20   8.43e-05 3.55e-04   4.76362773e+10 -6.48442994e+08  1.90e+05       9s
  21   5.22e-08 2.60e-04   2.42596284e+10 -3.06553647e+08  9.65e+04       9s
  22   5.96e-08 7.29e-05   6.07372587e+09  7.26988093e+08  2.10e+04      10s
  23   2.98e-08 2.82e-05   2.56586679e+09  1.05897263e+09  5.90e+03      10s
  24   2.98e-08 1.39e-05   2.03805546e+09  1.16211653e+09  3.43e+03      10s
  25   2.98e-08 7.29e-06   1.82831185e+09  1.21243386e+09  2.41e+03      11s
  26   2.98e-08 3.22e-06   1.47358698e+09  1.24666245e+09  8.89e+02      11s
  27   3.73e-08 1.60e-06   1.32476326e+09  1.26106494e+09  2.49e+02      11s
  28   2.98e-08 5.34e-07   1.30026252e+09  1.27063891e+09  1.16e+02      12s
  29   2.98e-08 1.70e-07   1.28648206e+09  1.27396093e+09  4.90e+01      12s
  30   2.98e-08 3.73e-08   1.27687520e+09  1.27528205e+09  6.24e+00      13s
  31   2.98e-08 5.59e-09   1.27577507e+09  1.27559759e+09  6.95e-01      13s
  32   2.98e-08 1.86e-09   1.27565307e+09  1.27563464e+09  7.22e-02      13s
  33   2.98e-08 1.86e-09   1.27564184e+09  1.27563970e+09  8.38e-03      13s
  34   2.98e-08 1.86e-09   1.27564011e+09  1.27563988e+09  8.79e-04      14s
  35   2.98e-08 1.86e-09   1.27563994e+09  1.27563991e+09  1.17e-04      14s
  36   1.49e-07 9.31e-10   1.27563991e+09  1.27563991e+09  1.38e-05      14s
  37*  1.30e-07 9.31e-10   1.27563991e+09  1.27563991e+09  4.62e-07      15s
Summary
    Runtime:                                            14.52s
    Status interior point solve:                        optimal
    Status crossover:                                   not run
    objective value:                                    1.27563991e+09
    interior solution primal residual (abs/rel):        1.32e-07 / 9.06e-16
    interior solution dual residual (abs/rel):          9.31e-10 / 1.10e-16
    interior solution objective gap (abs/rel):          8.66e-02 / 6.79e-11
Ipx: IPM       optimal
Model   status      : Optimal
IPM       iterations: 37
Objective value     :  1.2756399079e+09
HiGHS run time      :         18.17
Presolving model
161056 rows, 470380 cols, 1074500 nonzeros
119759 rows, 288647 cols, 712797 nonzeros
117290 rows, 155580 cols, 446070 nonzeros
114465 rows, 152560 cols, 439961 nonzeros
Presolve : Reductions: rows 114465(-3343516); columns 152560(-2153912); elements 439961(-10049697)
Solving the presolved LP
IPX model has 114465 rows, 152560 columns and 439961 nonzeros
Input
    Number of variables:                                152560
    Number of free variables:                           0
    Number of constraints:                              114465
    Number of equality constraints:                     18378
    Number of matrix entries:                           439961
    Matrix range:                                       [1e-02, 1e+00]
    RHS range:                                          [2e+05, 1e+07]
    Objective range:                                    [4e-04, 8e+06]
    Bounds range:                                       [7e+05, 1e+08]
Preprocessing
    Dualized model:                                     no
    Number of dense columns:                            0
    Range of scaling factors:                           [1.00e+00, 2.00e+00]
IPX version 1.0
Interior Point Solve
 Iter     P.res    D.res            P.obj           D.obj        mu     Time
   0   3.72e+06 1.53e+06   3.96945619e+13 -3.84583899e+17  7.32e+12       0s
   1   1.12e+06 1.14e+06   5.90107790e+16 -2.91338440e+17  5.46e+12       0s
   2   5.09e+05 6.14e+05   8.95887826e+16 -1.71214261e+17  3.91e+12       0s
   3   1.16e+05 2.49e+05   7.32137089e+16 -7.22170473e+16  1.63e+12       1s
   4   4.24e+04 4.47e+04   5.10395229e+16 -1.35741185e+16  4.15e+11       1s
   5   1.18e+04 1.00e+04   2.45847664e+16 -3.35362383e+15  1.31e+11       2s
 Constructing starting basis...
   6   3.77e+03 3.70e+03   9.82561049e+15 -1.28018711e+15  5.08e+10       3s
   7   6.73e+02 1.00e+03   3.32023890e+15 -3.98767830e+14  1.60e+10       4s
   8   3.62e+02 5.24e+02   2.22443014e+15 -2.27193769e+14  1.04e+10       4s
   9   1.27e+02 1.58e+02   8.98639672e+14 -7.39123878e+13  4.03e+09       4s
  10   4.55e+01 8.92e+01   3.68340038e+14 -4.22590455e+13  1.73e+09       5s
  11   1.95e+01 5.10e+01   1.75610020e+14 -2.42970210e+13  8.55e+08       5s
  12   1.06e+01 3.57e+01   1.08897759e+14 -1.73016375e+13  5.48e+08       6s
  13   7.28e+00 2.08e+01   7.91863810e+13 -1.02820885e+13  3.83e+08       6s
  14   2.03e+00 2.36e+00   4.03260509e+13 -1.90613717e+12  1.70e+08       6s
  15   5.56e-01 7.67e-01   2.01573714e+13 -8.81678770e+11  8.48e+07       7s
  16   5.96e-07 1.18e-01   2.73102363e+12 -2.03693688e+11  1.20e+07       7s
  17   1.79e-07 3.34e-02   8.38373874e+11 -6.10938654e+10  3.64e+06       8s
  18   8.94e-08 1.09e-02   3.51744726e+11 -2.11911661e+10  1.49e+06       8s
  19   5.22e-08 3.44e-03   9.84170768e+10 -6.57105445e+09  4.18e+05       9s
  20   4.47e-08 9.47e-04   3.23933668e+10 -1.30784560e+09  1.33e+05       9s
  21   3.35e-08 2.22e-04   1.40953375e+10  5.71382442e+08  5.31e+04       9s
  22   2.98e-08 7.66e-05   5.04479244e+09  1.02154615e+09  1.58e+04      10s
  23   2.98e-08 3.10e-05   2.85445877e+09  1.16497690e+09  6.62e+03      10s
  24   2.98e-08 1.30e-05   1.79676183e+09  1.22090816e+09  2.26e+03      10s
  25   2.98e-08 5.47e-06   1.43404381e+09  1.24938719e+09  7.23e+02      11s
  26   2.98e-08 2.63e-06   1.31854905e+09  1.26086864e+09  2.26e+02      11s
  27   2.98e-08 9.65e-07   1.29326377e+09  1.26783024e+09  9.96e+01      12s
  28   2.98e-08 2.30e-07   1.28023140e+09  1.27097230e+09  3.63e+01      12s
  29   3.35e-08 2.70e-08   1.27260918e+09  1.27194864e+09  2.59e+00      12s
  30   2.98e-08 3.73e-09   1.27216043e+09  1.27207086e+09  3.51e-01      13s
  31   3.35e-08 1.86e-09   1.27208288e+09  1.27207754e+09  2.09e-02      13s
  32   2.98e-08 1.86e-09   1.27207929e+09  1.27207827e+09  4.01e-03      13s
  33   3.35e-08 1.86e-09   1.27207839e+09  1.27207834e+09  1.86e-04      14s
  34   5.96e-08 1.86e-09   1.27207837e+09  1.27207836e+09  2.81e-05      14s
  35*  6.33e-08 9.31e-10   1.27207836e+09  1.27207836e+09  7.23e-08      14s
Summary
    Runtime:                                            14.34s
    Status interior point solve:                        optimal
    Status crossover:                                   not run
    objective value:                                    1.27207836e+09
    interior solution primal residual (abs/rel):        6.52e-08 / 4.47e-16
    interior solution dual residual (abs/rel):          9.31e-10 / 1.10e-16
    interior solution objective gap (abs/rel):          1.25e-02 / 9.84e-12
Ipx: IPM       optimal
Model   status      : Optimal
IPM       iterations: 35
Objective value     :  1.2720783636e+09
HiGHS run time      :         18.06
Presolving model
161056 rows, 470380 cols, 1074500 nonzeros
119759 rows, 288647 cols, 712797 nonzeros
117290 rows, 155580 cols, 446070 nonzeros
114465 rows, 152560 cols, 439961 nonzeros
Presolve : Reductions: rows 114465(-3353536); columns 152560(-2153912); elements 439961(-10059717)
Solving the presolved LP
IPX model has 114465 rows, 152560 columns and 439961 nonzeros
Input
    Number of variables:                                152560
    Number of free variables:                           0
    Number of constraints:                              114465
    Number of equality constraints:                     18378
    Number of matrix entries:                           439961
    Matrix range:                                       [1e-02, 1e+00]
    RHS range:                                          [2e+05, 1e+07]
    Objective range:                                    [4e-04, 8e+06]
    Bounds range:                                       [7e+05, 1e+08]
Preprocessing
    Dualized model:                                     no
    Number of dense columns:                            0
    Range of scaling factors:                           [1.00e+00, 2.00e+00]
IPX version 1.0
Interior Point Solve
 Iter     P.res    D.res            P.obj           D.obj        mu     Time
   0   3.72e+06 1.53e+06   3.96945619e+13 -3.84583899e+17  7.32e+12       0s
   1   1.12e+06 1.14e+06   5.90107790e+16 -2.91338440e+17  5.46e+12       0s
   2   5.09e+05 6.14e+05   8.95887826e+16 -1.71214261e+17  3.91e+12       0s
   3   1.16e+05 2.49e+05   7.32137089e+16 -7.22170473e+16  1.63e+12       1s
   4   4.24e+04 4.47e+04   5.10395229e+16 -1.35741185e+16  4.15e+11       1s
   5   1.18e+04 1.00e+04   2.45847664e+16 -3.35362383e+15  1.31e+11       2s
 Constructing starting basis...
   6   3.77e+03 3.70e+03   9.82561049e+15 -1.28018711e+15  5.08e+10       3s
   7   6.73e+02 1.00e+03   3.32023890e+15 -3.98767830e+14  1.60e+10       4s
   8   3.62e+02 5.24e+02   2.22443014e+15 -2.27193769e+14  1.04e+10       4s
   9   1.27e+02 1.58e+02   8.98639672e+14 -7.39123878e+13  4.03e+09       4s
  10   4.55e+01 8.92e+01   3.68340038e+14 -4.22590455e+13  1.73e+09       5s
  11   1.95e+01 5.10e+01   1.75610020e+14 -2.42970210e+13  8.55e+08       5s
  12   1.06e+01 3.57e+01   1.08897759e+14 -1.73016375e+13  5.48e+08       6s
  13   7.28e+00 2.08e+01   7.91863810e+13 -1.02820885e+13  3.83e+08       6s
  14   2.03e+00 2.36e+00   4.03260509e+13 -1.90613717e+12  1.70e+08       6s
  15   5.56e-01 7.67e-01   2.01573714e+13 -8.81678770e+11  8.48e+07       7s
  16   5.96e-07 1.18e-01   2.73102363e+12 -2.03693688e+11  1.20e+07       7s
  17   1.79e-07 3.34e-02   8.38373874e+11 -6.10938654e+10  3.64e+06       8s
  18   8.94e-08 1.09e-02   3.51744726e+11 -2.11911661e+10  1.49e+06       8s
  19   5.22e-08 3.44e-03   9.84170768e+10 -6.57105445e+09  4.18e+05       9s
  20   4.47e-08 9.47e-04   3.23933668e+10 -1.30784560e+09  1.33e+05       9s
  21   3.35e-08 2.22e-04   1.40953375e+10  5.71382442e+08  5.31e+04       9s
  22   2.98e-08 7.66e-05   5.04479244e+09  1.02154615e+09  1.58e+04      10s
  23   2.98e-08 3.10e-05   2.85445877e+09  1.16497690e+09  6.62e+03      10s
  24   2.98e-08 1.30e-05   1.79676183e+09  1.22090816e+09  2.26e+03      10s
  25   2.98e-08 5.47e-06   1.43404381e+09  1.24938719e+09  7.23e+02      11s
  26   2.98e-08 2.63e-06   1.31854905e+09  1.26086864e+09  2.26e+02      11s
  27   2.98e-08 9.65e-07   1.29326377e+09  1.26783024e+09  9.96e+01      12s
  28   2.98e-08 2.30e-07   1.28023140e+09  1.27097230e+09  3.63e+01      12s
  29   3.35e-08 2.70e-08   1.27260918e+09  1.27194864e+09  2.59e+00      12s
  30   2.98e-08 3.73e-09   1.27216043e+09  1.27207086e+09  3.51e-01      13s
  31   3.35e-08 1.86e-09   1.27208288e+09  1.27207754e+09  2.09e-02      13s
  32   2.98e-08 1.86e-09   1.27207929e+09  1.27207827e+09  4.01e-03      13s
  33   3.35e-08 1.86e-09   1.27207839e+09  1.27207834e+09  1.86e-04      14s
  34   5.96e-08 1.86e-09   1.27207837e+09  1.27207836e+09  2.81e-05      14s
  35*  6.33e-08 9.31e-10   1.27207836e+09  1.27207836e+09  7.23e-08      14s
Summary
    Runtime:                                            14.38s
    Status interior point solve:                        optimal
    Status crossover:                                   not run
    objective value:                                    1.27207836e+09
    interior solution primal residual (abs/rel):        6.52e-08 / 4.47e-16
    interior solution dual residual (abs/rel):          9.31e-10 / 1.10e-16
    interior solution objective gap (abs/rel):          1.25e-02 / 9.84e-12
Ipx: IPM       optimal
Model   status      : Optimal
IPM       iterations: 35
Objective value     :  1.2720783636e+09
HiGHS run time      :         18.12
Running HiGHS 1.6.0: Copyright (c) 2023 HiGHS under MIT licence terms
Presolving model
164361 rows, 476070 cols, 1090180 nonzeros
123081 rows, 294357 cols, 728523 nonzeros
120645 rows, 161070 cols, 461455 nonzeros
117776 rows, 157073 cols, 453399 nonzeros
Presolve : Reductions: rows 117776(-3300340); columns 157073(-2149614); elements 453399(-10001024)
Solving the presolved LP
IPX model has 117776 rows, 157073 columns and 453399 nonzeros
Input
    Number of variables:                                157073
    Number of free variables:                           0
    Number of constraints:                              117776
    Number of equality constraints:                     18599
    Number of matrix entries:                           453399
    Matrix range:                                       [1e-02, 1e+00]
    RHS range:                                          [3e+05, 6e+07]
    Objective range:                                    [3e-04, 2e+06]
    Bounds range:                                       [5e+04, 1e+08]
Preprocessing
    Dualized model:                                     no
    Number of dense columns:                            0
    Range of scaling factors:                           [1.00e+00, 2.00e+00]
IPX version 1.0
Interior Point Solve
 Iter     P.res    D.res            P.obj           D.obj        mu     Time
   0   1.31e+07 2.50e+05   4.38589941e+13 -8.41801934e+16  3.84e+12       0s
   1   3.91e+06 1.81e+05   4.60830305e+16 -6.47309017e+16  2.64e+12       0s
   2   1.52e+06 1.21e+05   6.56031862e+16 -4.86687841e+16  2.15e+12       0s
   3   6.58e+05 3.81e+04   5.30588833e+16 -1.62746836e+16  7.62e+11       0s
   4   2.46e+05 1.08e+04   3.54610100e+16 -5.37198988e+15  2.73e+11       1s
   5   9.01e+04 2.47e+03   1.80943302e+16 -1.40620861e+15  9.17e+10       2s
 Constructing starting basis...
   6   2.96e+04 7.96e+02   7.68497018e+15 -5.57450557e+14  3.63e+10       3s
   7   1.17e+04 2.99e+02   3.75358032e+15 -2.51034383e+14  1.67e+10       3s
   8   7.03e+03 1.72e+02   2.47252925e+15 -1.55123120e+14  1.08e+10       4s
   9   3.39e+03 5.55e+01   1.64672927e+15 -7.90176154e+13  6.84e+09       4s
  10   1.53e+03 2.16e+01   1.05060099e+15 -3.97658675e+13  4.27e+09       5s
  11   8.22e+02 8.74e+00   7.65510344e+14 -1.40107872e+13  3.03e+09       5s
  12   6.14e+02 3.62e+00   6.47305392e+14  3.24100353e+12  2.48e+09       6s
  13   5.41e+02 2.37e+00   6.29694635e+14  1.82604621e+12  2.41e+09       7s
  14   2.73e+02 1.25e+00   3.70490870e+14  1.74497673e+13  1.36e+09       7s
  15   2.37e+02 6.33e-01   3.57048160e+14  1.77185658e+13  1.30e+09       8s
  16   9.18e+01 2.73e-01   2.09066570e+14  2.65982201e+13  7.02e+08       9s
  17   7.29e+01 1.93e-01   1.98664327e+14  2.71547199e+13  6.61e+08       9s
  18   2.50e+01 6.32e-02   1.11300022e+14  3.37441607e+13  2.98e+08      10s
  19   1.40e+01 1.82e-02   8.83054830e+13  3.62877254e+13  1.98e+08      11s
  20   3.81e+00 8.04e-03   5.31720342e+13  3.77095270e+13  5.89e+07      11s
  21   8.19e-01 3.21e-03   4.24923582e+13  3.83855826e+13  1.56e+07      12s
  22   3.30e-01 8.34e-04   4.04737528e+13  3.87242018e+13  6.61e+06      13s
  23   1.95e-01 2.66e-04   3.99729384e+13  3.87967871e+13  4.43e+06      13s
  24   1.61e-01 2.31e-04   3.98555325e+13  3.88008256e+13  3.97e+06      14s
  25   1.47e-01 9.85e-05   3.98100211e+13  3.88159552e+13  3.74e+06      15s
  26   5.67e-02 6.72e-05   3.96683036e+13  3.88157442e+13  3.20e+06      15s
  27   2.62e-02 2.25e-05   3.92617877e+13  3.88404742e+13  1.58e+06      16s
  28   6.79e-03 2.49e-06   3.90308453e+13  3.88491049e+13  6.82e+05      16s
  29   1.33e-03 6.82e-07   3.88947871e+13  3.88536169e+13  1.55e+05      17s
  30   3.24e-04 2.53e-07   3.88683194e+13  3.88546925e+13  5.11e+04      17s
  31   1.68e-04 6.12e-08   3.88647104e+13  3.88551315e+13  3.59e+04      18s
  32   9.54e-05 8.15e-09   3.88623353e+13  3.88553266e+13  2.63e+04      19s
  33   2.78e-05 3.96e-09   3.88583575e+13  3.88554130e+13  1.10e+04      19s
  34   7.51e-06 1.86e-09   3.88564595e+13  3.88554860e+13  3.65e+03      20s
  35   3.61e-06 9.31e-10   3.88560467e+13  3.88555173e+13  1.99e+03      20s
  36   1.73e-06 6.98e-10   3.88558117e+13  3.88555305e+13  1.06e+03      21s
  37   8.34e-07 4.66e-10   3.88557029e+13  3.88555387e+13  6.16e+02      21s
  38   3.87e-07 4.66e-10   3.88556335e+13  3.88555428e+13  3.40e+02      21s
  39   6.98e-08 4.66e-10   3.88555733e+13  3.88555445e+13  1.08e+02      22s
  40   2.98e-08 4.66e-10   3.88555533e+13  3.88555460e+13  2.73e+01      22s
  41   3.48e-08 4.66e-10   3.88555496e+13  3.88555465e+13  1.18e+01      23s
  42   2.98e-08 4.66e-10   3.88555477e+13  3.88555466e+13  3.88e+00      23s
  43   2.98e-08 4.66e-10   3.88555471e+13  3.88555467e+13  1.44e+00      23s
  44   2.98e-08 4.66e-10   3.88555468e+13  3.88555467e+13  2.76e-01      24s
  45*  2.98e-08 4.66e-10   3.88555467e+13  3.88555467e+13  1.02e-02      24s
Summary
    Runtime:                                            23.88s
    Status interior point solve:                        optimal
    Status crossover:                                   not run
    objective value:                                    3.88555467e+13
    interior solution primal residual (abs/rel):        2.98e-08 / 2.04e-16
    interior solution dual residual (abs/rel):          4.66e-10 / 2.42e-16
    interior solution objective gap (abs/rel):          2.69e+03 / 6.92e-11
Ipx: IPM       optimal
Model   status      : Optimal
IPM       iterations: 45
Objective value     :  3.8855546089e+13
HiGHS run time      :         27.94
Presolving model
164361 rows, 476070 cols, 1090180 nonzeros
123081 rows, 294357 cols, 728523 nonzeros
120645 rows, 161070 cols, 461455 nonzeros
117776 rows, 157073 cols, 453399 nonzeros
Presolve : Reductions: rows 117776(-3310360); columns 157073(-2149614); elements 453399(-10011044)
Solving the presolved LP
IPX model has 117776 rows, 157073 columns and 453399 nonzeros
Input
    Number of variables:                                157073
    Number of free variables:                           0
    Number of constraints:                              117776
    Number of equality constraints:                     18599
    Number of matrix entries:                           453399
    Matrix range:                                       [1e-02, 1e+00]
    RHS range:                                          [3e+05, 6e+07]
    Objective range:                                    [3e-04, 2e+06]
    Bounds range:                                       [5e+04, 1e+08]
Preprocessing
    Dualized model:                                     no
    Number of dense columns:                            0
    Range of scaling factors:                           [1.00e+00, 2.00e+00]
IPX version 1.0
Interior Point Solve
 Iter     P.res    D.res            P.obj           D.obj        mu     Time
   0   1.31e+07 2.24e+05   3.79941184e+13 -7.51835874e+16  3.46e+12       0s
   1   3.89e+06 1.61e+05   4.37396604e+16 -5.76861211e+16  2.36e+12       0s
   2   1.51e+06 1.08e+05   6.15675221e+16 -4.34199410e+16  1.91e+12       0s
   3   6.46e+05 3.32e+04   4.91832136e+16 -1.40959065e+16  6.65e+11       0s
   4   2.31e+05 9.04e+03   3.18830946e+16 -4.50302219e+15  2.32e+11       1s
   5   7.18e+04 1.95e+03   1.42983306e+16 -1.11535031e+15  7.04e+10       2s
 Constructing starting basis...
   6   6.96e+03 6.31e+02   3.54113239e+15 -4.67335448e+14  1.80e+10       3s
   7   1.46e+03 2.43e+02   1.25501880e+15 -2.04178613e+14  6.37e+09       3s
   8   4.57e+02 9.56e+01   8.14151646e+14 -1.02575742e+14  3.83e+09       4s
   9   1.53e+02 5.03e+01   3.10329324e+14 -5.47262245e+13  1.56e+09       4s
  10   3.76e+01 2.52e+01   1.03467327e+14 -2.82198466e+13  5.91e+08       5s
  11   1.47e+01 1.33e+01   5.31118243e+13 -1.54217504e+13  3.10e+08       6s
  12   4.01e+00 2.40e+00   1.65560858e+13 -2.83790013e+12  8.22e+07       6s
  13   1.05e+00 1.30e+00   6.10019333e+12 -1.59163163e+12  3.40e+07       7s
  14   4.04e-01 1.00e+00   4.06741195e+12 -1.25404340e+12  2.42e+07       7s
  15   1.37e-01 3.55e-01   1.96275544e+12 -4.69554032e+11  1.06e+07       8s
  16   3.87e-02 1.70e-01   1.05332624e+12 -2.40072932e+11  5.60e+06       8s
  17   1.29e-02 7.32e-02   5.91880275e+11 -1.10966565e+11  2.96e+06       9s
  18   5.12e-03 2.51e-02   2.92690914e+11 -3.82099833e+10  1.34e+06       9s
  19   2.89e-03 1.24e-02   1.76031330e+11 -1.75640312e+10  7.68e+05      10s
  20   1.24e-03 5.01e-03   8.66895653e+10 -5.47966691e+09  3.58e+05      10s
  21   5.65e-04 2.27e-03   4.91318151e+10 -1.08827186e+09  1.93e+05      11s
  22   2.62e-04 1.61e-03   4.06335748e+10 -2.14711225e+08  1.56e+05      12s
  23   1.25e-04 1.21e-03   3.13497770e+10  4.34245350e+08  1.18e+05      12s
  24   6.88e-06 7.26e-04   1.56723587e+10  1.36757200e+09  5.42e+04      13s
  25   5.60e-06 5.99e-04   1.49691665e+10  1.63297175e+09  5.05e+04      13s
  26   1.07e-06 2.29e-04   7.09790009e+09  2.59423618e+09  1.70e+04      14s
  27   3.87e-07 7.31e-05   4.69119091e+09  3.06073569e+09  6.13e+03      14s
  28   1.79e-07 3.25e-05   4.03776323e+09  3.18176408e+09  3.21e+03      15s
  29   5.96e-08 1.35e-05   3.53966240e+09  3.24129882e+09  1.12e+03      15s
  30   2.98e-08 5.18e-06   3.42180256e+09  3.27137034e+09  5.65e+02      16s
  31   3.97e-08 1.84e-06   3.34704134e+09  3.28386581e+09  2.37e+02      16s
  32   3.13e-08 5.62e-07   3.30723061e+09  3.28887642e+09  6.89e+01      17s
  33   2.98e-08 2.02e-07   3.29732667e+09  3.29046351e+09  2.58e+01      17s
  34   3.76e-08 1.86e-08   3.29263695e+09  3.29128019e+09  5.09e+00      18s
  35   6.63e-08 4.66e-09   3.29153001e+09  3.29135941e+09  6.40e-01      18s
  36   3.99e-08 9.31e-10   3.29139819e+09  3.29138336e+09  5.57e-02      18s
  37   6.46e-08 4.66e-10   3.29138815e+09  3.29138708e+09  4.02e-03      19s
  38   5.96e-08 4.66e-10   3.29138734e+09  3.29138729e+09  1.87e-04      19s
  39   4.47e-08 2.33e-10   3.29138731e+09  3.29138730e+09  4.55e-05      19s
  40*  1.01e-07 2.33e-10   3.29138731e+09  3.29138730e+09  7.69e-06      19s
Summary
    Runtime:                                            19.46s
    Status interior point solve:                        optimal
    Status crossover:                                   not run
    objective value:                                    3.29138731e+09
    interior solution primal residual (abs/rel):        8.94e-08 / 6.12e-16
    interior solution dual residual (abs/rel):          2.33e-10 / 1.21e-16
    interior solution objective gap (abs/rel):          1.99e+00 / 6.06e-10
Ipx: IPM       optimal
Model   status      : Optimal
IPM       iterations: 40
Objective value     :  3.2913873049e+09
HiGHS run time      :         23.39
Presolving model
164361 rows, 476070 cols, 1090180 nonzeros
123081 rows, 294357 cols, 728523 nonzeros
120645 rows, 161070 cols, 461455 nonzeros
117776 rows, 157073 cols, 453399 nonzeros
Presolve : Reductions: rows 117776(-3320380); columns 157073(-2149614); elements 453399(-10021064)
Solving the presolved LP
IPX model has 117776 rows, 157073 columns and 453399 nonzeros
Input
    Number of variables:                                157073
    Number of free variables:                           0
    Number of constraints:                              117776
    Number of equality constraints:                     18599
    Number of matrix entries:                           453399
    Matrix range:                                       [1e-02, 1e+00]
    RHS range:                                          [3e+05, 6e+07]
    Objective range:                                    [3e-04, 2e+06]
    Bounds range:                                       [5e+04, 1e+08]
Preprocessing
    Dualized model:                                     no
    Number of dense columns:                            0
    Range of scaling factors:                           [1.00e+00, 2.00e+00]
IPX version 1.0
Interior Point Solve
 Iter     P.res    D.res            P.obj           D.obj        mu     Time
   0   1.31e+07 2.24e+05   3.93978955e+13 -7.51448370e+16  3.46e+12       0s
   1   3.90e+06 1.61e+05   4.38299001e+16 -5.76217996e+16  2.36e+12       0s
   2   1.45e+06 1.09e+05   6.22301054e+16 -4.35187909e+16  1.92e+12       0s
   3   6.46e+05 3.28e+04   5.00679165e+16 -1.39312893e+16  6.66e+11       0s
   4   2.35e+05 9.15e+03   3.24899621e+16 -4.54689747e+15  2.36e+11       1s
   5   7.46e+04 1.98e+03   1.47381185e+16 -1.13104326e+15  7.26e+10       2s
 Constructing starting basis...
   6   8.73e+03 6.02e+02   3.87901154e+15 -4.52741143e+14  1.92e+10       3s
   7   2.16e+03 2.30e+02   1.44809107e+15 -1.95596560e+14  7.05e+09       4s
   8   5.67e+02 1.00e+02   9.01072145e+14 -1.07539669e+14  4.21e+09       4s
   9   1.52e+02 7.06e+01   3.88830267e+14 -7.86088721e+13  2.07e+09       5s
  10   4.17e+01 3.09e+01   1.39554303e+14 -3.54290606e+13  7.93e+08       5s
  11   9.28e+00 1.68e+01   4.77230975e+13 -1.96840563e+13  3.28e+08       6s
  12   2.53e+00 4.53e+00   1.85041278e+13 -5.55881208e+12  1.11e+08       6s
  13   1.84e+00 1.48e+00   1.50778115e+13 -2.01580867e+12  7.10e+07       7s
  14   8.34e-01 5.60e-01   7.05556820e+12 -7.73447163e+11  3.19e+07       7s
  15   2.08e-01 1.74e-01   2.07801089e+12 -2.51903499e+11  9.49e+06       8s
  16   9.36e-02 4.23e-02   1.12157314e+12 -7.08334045e+10  4.65e+06       9s
  17   6.22e-02 2.40e-02   8.22408296e+11 -4.36739990e+10  3.35e+06       9s
  18   2.79e-02 4.74e-03   4.53099174e+11 -1.21585378e+10  1.77e+06      10s
  19   1.05e-02 1.95e-03   2.92017526e+11 -8.66583733e+09  1.14e+06      10s
  20   3.52e-03 6.12e-04   1.09323971e+11 -1.47761732e+09  4.17e+05      11s
  21   1.65e-03 1.30e-04   6.11902270e+10  1.05113325e+09  2.26e+05      11s
  22   2.32e-04 2.18e-05   3.17908818e+10  1.35935129e+09  1.14e+05      11s
  23   7.82e-08 9.58e-06   1.56089118e+10  1.67905446e+09  5.23e+04      12s
  24   6.80e-08 2.37e-06   6.94454654e+09  2.28079199e+09  1.75e+04      12s
  25   2.98e-08 7.87e-07   4.36044544e+09  2.40122030e+09  7.35e+03      13s
  26   3.53e-08 2.93e-07   2.98276828e+09  2.47559085e+09  1.90e+03      13s
  27   2.98e-08 1.31e-07   2.68021463e+09  2.50351798e+09  6.63e+02      14s
  28   4.06e-08 4.82e-08   2.61409822e+09  2.51877682e+09  3.58e+02      14s
  29   7.22e-08 1.49e-08   2.56358446e+09  2.52492124e+09  1.45e+02      15s
  30   3.58e-08 5.82e-09   2.54283273e+09  2.52687985e+09  5.99e+01      15s
  31   5.59e-08 1.63e-09   2.53350480e+09  2.52800361e+09  2.06e+01      16s
  32   2.98e-08 6.98e-10   2.52956529e+09  2.52825081e+09  4.93e+00      16s
  33   3.32e-08 4.66e-10   2.52854660e+09  2.52831996e+09  8.50e-01      16s
  34   4.87e-08 4.66e-10   2.52837208e+09  2.52834461e+09  1.03e-01      17s
  35   3.73e-08 4.66e-10   2.52835306e+09  2.52834751e+09  2.08e-02      17s
  36   2.98e-08 4.66e-10   2.52834842e+09  2.52834780e+09  2.33e-03      17s
  37   4.47e-08 4.66e-10   2.52834803e+09  2.52834790e+09  4.78e-04      17s
  38   6.63e-08 4.66e-10   2.52834795e+09  2.52834793e+09  8.09e-05      18s
  39   1.02e-07 2.33e-10   2.52834793e+09  2.52834793e+09  2.37e-05      18s
  40*  2.46e-07 2.33e-10   2.52834793e+09  2.52834793e+09  6.24e-06      18s
Summary
    Runtime:                                            18.19s
    Status interior point solve:                        optimal
    Status crossover:                                   not run
    objective value:                                    2.52834793e+09
    interior solution primal residual (abs/rel):        2.24e-07 / 1.53e-15
    interior solution dual residual (abs/rel):          2.33e-10 / 1.21e-16
    interior solution objective gap (abs/rel):          1.53e+00 / 6.07e-10
Ipx: IPM       optimal
Model   status      : Optimal
IPM       iterations: 40
Objective value     :  2.5283479288e+09
HiGHS run time      :         22.41
Presolving model
164361 rows, 476070 cols, 1090180 nonzeros
123081 rows, 294357 cols, 728523 nonzeros
120645 rows, 161070 cols, 461455 nonzeros
117776 rows, 157073 cols, 453399 nonzeros
Presolve : Reductions: rows 117776(-3330400); columns 157073(-2149614); elements 453399(-10031084)
Solving the presolved LP
IPX model has 117776 rows, 157073 columns and 453399 nonzeros
Input
    Number of variables:                                157073
    Number of free variables:                           0
    Number of constraints:                              117776
    Number of equality constraints:                     18599
    Number of matrix entries:                           453399
    Matrix range:                                       [1e-02, 1e+00]
    RHS range:                                          [3e+05, 6e+07]
    Objective range:                                    [3e-04, 2e+06]
    Bounds range:                                       [5e+04, 1e+08]
Preprocessing
    Dualized model:                                     no
    Number of dense columns:                            0
    Range of scaling factors:                           [1.00e+00, 2.00e+00]
IPX version 1.0
Interior Point Solve
 Iter     P.res    D.res            P.obj           D.obj        mu     Time
   0   1.31e+07 2.24e+05   3.94566808e+13 -7.51438925e+16  3.46e+12       0s
   1   3.90e+06 1.61e+05   4.38321205e+16 -5.76189037e+16  2.36e+12       0s
   2   1.45e+06 1.09e+05   6.22334940e+16 -4.35153573e+16  1.92e+12       0s
   3   6.46e+05 3.28e+04   5.00709736e+16 -1.39310163e+16  6.66e+11       0s
   4   2.34e+05 9.17e+03   3.24870906e+16 -4.55926295e+15  2.37e+11       1s
   5   7.45e+04 1.99e+03   1.47630510e+16 -1.13386337e+15  7.27e+10       2s
 Constructing starting basis...
   6   9.13e+03 5.91e+02   3.86766384e+15 -4.42262770e+14  1.91e+10       3s
   7   2.26e+03 2.35e+02   1.44975031e+15 -1.98300923e+14  7.08e+09       4s
   8   5.40e+02 1.16e+02   8.93328415e+14 -1.18449894e+14  4.29e+09       4s
   9   4.36e+01 7.46e+01   2.81628816e+14 -7.97489795e+13  1.69e+09       5s
  10   1.24e+01 3.22e+01   1.22164193e+14 -3.59194568e+13  7.39e+08       5s
  11   4.68e+00 1.69e+01   6.16962434e+13 -1.95161575e+13  3.83e+08       6s
  12   1.46e+00 3.83e+00   2.09443646e+13 -4.45306533e+12  1.13e+08       6s
  13   1.09e+00 1.24e+00   1.64824370e+13 -1.55039822e+12  7.34e+07       7s
  14   6.71e-01 3.73e-01   1.09512425e+13 -5.40547119e+11  4.49e+07       7s
  15   1.28e-01 7.85e-02   2.85988017e+12 -1.47679179e+11  1.17e+07       8s
  16   4.78e-02 2.78e-02   1.55876998e+12 -7.44034686e+10  6.29e+06       8s
  17   2.67e-02 1.10e-02   9.32672935e+11 -3.16549154e+10  3.68e+06       9s
  18   1.27e-02 3.60e-03   6.50367477e+11 -2.08602399e+10  2.54e+06       9s
  19   1.77e-03 4.11e-04   2.11072283e+11 -5.62172330e+09  8.15e+05      10s
  20   6.81e-04 1.55e-04   9.88379715e+10 -1.33684928e+09  3.76e+05      10s
  21   4.22e-04 5.31e-05   7.11557621e+10  4.72326975e+08  2.65e+05      10s
  22   1.28e-04 1.80e-05   4.24786408e+10  1.00102381e+09  1.56e+05      11s
  23   3.79e-05 6.20e-06   2.00610743e+10  1.74331633e+09  6.87e+04      11s
  24   9.89e-06 1.49e-06   8.23742670e+09  2.26578131e+09  2.24e+04      12s
  25   3.13e-06 4.71e-07   4.45660756e+09  2.42534597e+09  7.62e+03      12s
  26   5.66e-07 1.86e-07   3.05841523e+09  2.47035946e+09  2.21e+03      13s
  27   1.79e-07 8.64e-08   2.69739382e+09  2.49202458e+09  7.70e+02      13s
  28   8.94e-08 3.12e-08   2.59266736e+09  2.50491669e+09  3.29e+02      14s
  29   2.98e-08 1.00e-08   2.54954550e+09  2.50985378e+09  1.49e+02      14s
  30   4.75e-08 3.49e-09   2.52683615e+09  2.51190605e+09  5.60e+01      15s
  31   3.20e-08 1.16e-09   2.51779597e+09  2.51268776e+09  1.92e+01      15s
  32   3.31e-08 4.66e-10   2.51411109e+09  2.51289803e+09  4.55e+00      15s
  33   4.38e-08 4.66e-10   2.51309377e+09  2.51296184e+09  4.95e-01      16s
  34   2.98e-08 4.66e-10   2.51300253e+09  2.51299407e+09  3.17e-02      16s
  35   8.20e-08 4.66e-10   2.51299913e+09  2.51299486e+09  1.60e-02      16s
  36   3.73e-08 4.66e-10   2.51299542e+09  2.51299492e+09  1.89e-03      17s
  37   6.33e-08 4.66e-10   2.51299495e+09  2.51299492e+09  9.48e-05      17s
  38   5.09e-08 2.33e-10   2.51299493e+09  2.51299493e+09  1.77e-05      17s
  39*  6.80e-08 2.33e-10   2.51299493e+09  2.51299493e+09  1.92e-06      17s
Summary
    Runtime:                                            17.38s
    Status interior point solve:                        optimal
    Status crossover:                                   not run
    objective value:                                    2.51299493e+09
    interior solution primal residual (abs/rel):        7.45e-08 / 5.10e-16
    interior solution dual residual (abs/rel):          2.33e-10 / 1.21e-16
    interior solution objective gap (abs/rel):          4.66e-01 / 1.86e-10
Ipx: IPM       optimal
Model   status      : Optimal
IPM       iterations: 39
Objective value     :  2.5129949281e+09
HiGHS run time      :         21.58
Presolving model
164361 rows, 476070 cols, 1090180 nonzeros
123081 rows, 294357 cols, 728523 nonzeros
120645 rows, 161070 cols, 461455 nonzeros
117776 rows, 157073 cols, 453399 nonzeros
Presolve : Reductions: rows 117776(-3340420); columns 157073(-2149614); elements 453399(-10041104)
Solving the presolved LP
IPX model has 117776 rows, 157073 columns and 453399 nonzeros
Input
    Number of variables:                                157073
    Number of free variables:                           0
    Number of constraints:                              117776
    Number of equality constraints:                     18599
    Number of matrix entries:                           453399
    Matrix range:                                       [1e-02, 1e+00]
    RHS range:                                          [3e+05, 6e+07]
    Objective range:                                    [3e-04, 2e+06]
    Bounds range:                                       [5e+04, 1e+08]
Preprocessing
    Dualized model:                                     no
    Number of dense columns:                            0
    Range of scaling factors:                           [1.00e+00, 2.00e+00]
IPX version 1.0
Interior Point Solve
 Iter     P.res    D.res            P.obj           D.obj        mu     Time
   0   1.31e+07 2.24e+05   3.95204262e+13 -7.51433972e+16  3.46e+12       0s
   1   3.90e+06 1.61e+05   4.38361717e+16 -5.76178945e+16  2.36e+12       0s
   2   1.45e+06 1.09e+05   6.22391867e+16 -4.35167467e+16  1.92e+12       0s
   3   6.14e+05 3.28e+04   4.95821704e+16 -1.39461077e+16  6.60e+11       0s
   4   2.20e+05 9.06e+03   3.21390908e+16 -4.50626639e+15  2.32e+11       1s
   5   6.81e+04 1.91e+03   1.43617600e+16 -1.09441326e+15  7.00e+10       2s
 Constructing starting basis...
   6   7.30e+03 6.28e+02   3.68715859e+15 -4.64853549e+14  1.85e+10       3s
   7   1.55e+03 2.51e+02   1.34896012e+15 -2.09940218e+14  6.78e+09       4s
   8   2.75e+02 1.26e+02   8.03595512e+14 -1.24666805e+14  4.01e+09       4s
   9   2.68e+01 8.05e+01   2.67593782e+14 -8.27526036e+13  1.66e+09       5s
  10   7.33e+00 3.52e+01   1.15111218e+14 -3.76942457e+13  7.29e+08       5s
  11   2.33e+00 1.84e+01   5.27772955e+13 -2.03051894e+13  3.58e+08       6s
  12   8.75e-01 4.01e+00   2.08460133e+13 -4.42620503e+12  1.13e+08       6s
  13   6.24e-01 1.35e+00   1.57401539e+13 -1.59311159e+12  7.11e+07       7s
  14   3.13e-01 4.27e-01   8.62038615e+12 -5.52298965e+11  3.63e+07       7s
  15   5.26e-02 1.38e-01   1.71611590e+12 -1.86700608e+11  7.73e+06       8s
  16   4.99e-03 3.49e-02   5.81736550e+11 -6.11057570e+10  2.57e+06       8s
  17   2.79e-03 1.03e-02   3.71728585e+11 -1.94501476e+10  1.51e+06       9s
  18   1.34e-03 3.17e-03   2.56710349e+11 -8.90156064e+09  1.01e+06      10s
  19   5.33e-04 9.47e-04   1.09889575e+11 -1.26408793e+09  4.19e+05      10s
  20   3.94e-04 3.05e-04   8.64740041e+10  7.25035331e+08  3.22e+05      10s
  21   1.19e-04 1.29e-04   3.87376943e+10  1.33235921e+09  1.41e+05      11s
  22   4.26e-05 3.86e-05   2.06172649e+10  1.89963677e+09  7.03e+04      11s
  23   9.69e-06 8.58e-06   7.64005027e+09  2.32061571e+09  2.00e+04      12s
  24   3.19e-06 2.86e-06   4.31627020e+09  2.43957303e+09  7.04e+03      12s
  25   7.75e-07 1.02e-06   3.14437851e+09  2.47709010e+09  2.50e+03      13s
  26   2.98e-07 4.43e-07   2.76223744e+09  2.49534709e+09  1.00e+03      13s
  27   1.19e-07 1.70e-07   2.60799585e+09  2.50479320e+09  3.87e+02      14s
  28   5.31e-08 4.52e-08   2.54959235e+09  2.50858825e+09  1.54e+02      14s
  29   4.32e-08 1.54e-08   2.52215503e+09  2.51027945e+09  4.46e+01      15s
  30   3.69e-08 4.19e-09   2.51408569e+09  2.51089242e+09  1.20e+01      15s
  31   2.98e-08 1.63e-09   2.51198048e+09  2.51112904e+09  3.19e+00      16s
  32   5.57e-08 6.98e-10   2.51129321e+09  2.51122415e+09  2.59e-01      16s
  33   5.54e-08 4.66e-10   2.51125354e+09  2.51124574e+09  2.93e-02      16s
  34   3.18e-08 4.66e-10   2.51124806e+09  2.51124683e+09  4.61e-03      16s
  35   7.21e-08 4.66e-10   2.51124703e+09  2.51124694e+09  3.31e-04      17s
  36   1.12e-07 4.66e-10   2.51124695e+09  2.51124695e+09  1.77e-05      17s
  37*  6.33e-08 2.33e-10   2.51124695e+09  2.51124695e+09  3.47e-06      17s
Summary
    Runtime:                                            17.41s
    Status interior point solve:                        optimal
    Status crossover:                                   not run
    objective value:                                    2.51124695e+09
    interior solution primal residual (abs/rel):        6.71e-08 / 4.59e-16
    interior solution dual residual (abs/rel):          2.33e-10 / 1.21e-16
    interior solution objective gap (abs/rel):          8.62e-01 / 3.43e-10
Ipx: IPM       optimal
Model   status      : Optimal
IPM       iterations: 37
Objective value     :  2.5112469501e+09
HiGHS run time      :         21.78
Running HiGHS 1.6.0: Copyright (c) 2023 HiGHS under MIT licence terms
Presolving model
168239 rows, 484035 cols, 1111370 nonzeros
126984 rows, 302352 cols, 749805 nonzeros
124588 rows, 167191 cols, 479095 nonzeros
121732 rows, 162317 cols, 469258 nonzeros
Presolve : Reductions: rows 121732(-3296643); columns 162317(-2144628); elements 469258(-10000820)
Solving the presolved LP
IPX model has 121732 rows, 162317 columns and 469258 nonzeros
Input
    Number of variables:                                162317
    Number of free variables:                           0
    Number of constraints:                              121732
    Number of equality constraints:                     18920
    Number of matrix entries:                           469258
    Matrix range:                                       [1e-02, 1e+00]
    RHS range:                                          [2e+05, 1e+08]
    Objective range:                                    [2e-04, 1e+06]
    Bounds range:                                       [5e+04, 1e+08]
Preprocessing
    Dualized model:                                     no
    Number of dense columns:                            0
    Range of scaling factors:                           [1.00e+00, 2.00e+00]
IPX version 1.0
Interior Point Solve
 Iter     P.res    D.res            P.obj           D.obj        mu     Time
   0   2.84e+07 1.48e+05   6.58187065e+13 -6.44773967e+16  4.81e+12       0s
   1   8.27e+06 1.04e+05   6.59500652e+16 -5.18888935e+16  3.11e+12       0s
   2   3.20e+06 6.94e+04   8.93193863e+16 -4.19515058e+16  2.44e+12       0s
   3   1.35e+06 1.89e+04   7.05699049e+16 -1.31085219e+16  7.96e+11       0s
   4   3.85e+05 6.88e+03   4.30512464e+16 -6.21728916e+15  3.15e+11       1s
   5   1.37e+05 1.55e+03   2.35433442e+16 -2.06446186e+15  1.13e+11       2s
 Constructing starting basis...
   6   6.51e+04 4.15e+02   1.34250318e+16 -8.61367785e+14  5.81e+10       3s
   7   3.75e+04 1.85e+02   7.88523244e+15 -4.00050625e+14  3.23e+10       4s
   8   2.32e+04 9.56e+01   5.19334336e+15 -2.41484947e+14  2.08e+10       4s
   9   9.40e+03 4.24e+01   2.68326595e+15 -1.51591741e+14  1.07e+10       5s
  10   2.54e+03 1.44e+01   1.50809937e+15 -1.05852961e+14  6.04e+09       5s
  11   1.21e+03 5.59e+00   9.96969551e+14 -5.64098091e+13  3.91e+09       6s
  12   6.12e+02 2.15e+00   7.42497587e+14 -3.18666664e+13  2.86e+09       7s
  13   3.75e+02 9.07e-01   5.87496158e+14 -1.17781013e+13  2.20e+09       7s
  14   1.67e+02 4.78e-01   4.60399314e+14 -5.44199412e+12  1.72e+09       8s
  15   5.84e+01 2.18e-01   2.16818969e+14  1.67108448e+13  7.44e+08       9s
  16   3.89e+01 5.48e-02   1.80782779e+14  2.76558580e+13  5.57e+08      10s
  17   2.38e+01 3.20e-02   1.30000735e+14  3.20433279e+13  3.56e+08      11s
  18   1.13e+01 1.40e-02   8.71806024e+13  3.54924791e+13  1.88e+08      12s
  19   5.39e+00 7.12e-03   6.29459274e+13  3.72446521e+13  9.31e+07      13s
  20   2.10e+00 2.57e-03   4.90741540e+13  3.84207508e+13  3.84e+07      13s
  21   9.09e-01 1.30e-03   4.37296631e+13  3.87591112e+13  1.79e+07      14s
  22   3.59e-01 2.78e-05   4.23394593e+13  3.89386067e+13  1.22e+07      15s
  23   3.52e-01 2.48e-05   4.23261824e+13  3.89378713e+13  1.21e+07      15s
  24   1.59e-01 4.02e-06   4.09777044e+13  3.90612929e+13  6.86e+06      16s
  25   6.63e-02 1.56e-06   4.01351456e+13  3.90934003e+13  3.73e+06      17s
  26   3.12e-02 5.46e-07   3.98412261e+13  3.91043258e+13  2.64e+06      17s
  27   9.85e-03 1.43e-07   3.93908321e+13  3.91330176e+13  9.22e+05      18s
  28   4.76e-03 4.49e-08   3.92740546e+13  3.91408605e+13  4.77e+05      18s
  29   1.96e-03 1.59e-08   3.92141486e+13  3.91427269e+13  2.56e+05      19s
  30   2.90e-04 6.52e-09   3.91926479e+13  3.91426058e+13  1.79e+05      20s
  31   4.58e-05 1.86e-09   3.91540596e+13  3.91448990e+13  3.28e+04      20s
  32   1.69e-05 1.05e-09   3.91491160e+13  3.91453562e+13  1.34e+04      21s
  33   3.96e-06 6.98e-10   3.91467695e+13  3.91456031e+13  4.17e+03      21s
  34   2.71e-06 4.66e-10   3.91465008e+13  3.91456656e+13  2.99e+03      22s
  35   1.58e-06 4.66e-10   3.91462559e+13  3.91457032e+13  1.98e+03      23s
  36   7.75e-07 2.33e-10   3.91461170e+13  3.91457181e+13  1.43e+03      23s
  37   3.87e-07 2.33e-10   3.91460358e+13  3.91457373e+13  1.07e+03      24s
  38   1.79e-07 2.33e-10   3.91459565e+13  3.91457487e+13  7.44e+02      24s
  39   5.96e-08 2.33e-10   3.91458747e+13  3.91457619e+13  4.04e+02      25s
  40   5.96e-08 2.33e-10   3.91458577e+13  3.91457666e+13  3.26e+02      25s
  41   5.96e-08 2.33e-10   3.91458295e+13  3.91457729e+13  2.02e+02      26s
  42   4.90e-08 2.33e-10   3.91458045e+13  3.91457748e+13  1.06e+02      26s
  43   6.22e-08 2.33e-10   3.91457898e+13  3.91457757e+13  5.03e+01      26s
  44   6.72e-08 2.33e-10   3.91457800e+13  3.91457765e+13  1.25e+01      27s
  45   1.01e-07 2.33e-10   3.91457779e+13  3.91457768e+13  3.97e+00      27s
  46   6.64e-08 2.33e-10   3.91457770e+13  3.91457768e+13  5.61e-01      28s
  47*  5.84e-08 2.33e-10   3.91457769e+13  3.91457768e+13  6.04e-02      28s
Summary
    Runtime:                                            27.89s
    Status interior point solve:                        optimal
    Status crossover:                                   not run
    objective value:                                    3.91457769e+13
    interior solution primal residual (abs/rel):        1.64e-07 / 1.12e-15
    interior solution dual residual (abs/rel):          2.33e-10 / 1.78e-16
    interior solution objective gap (abs/rel):          1.69e+04 / 4.31e-10
Ipx: IPM       optimal
Model   status      : Optimal
IPM       iterations: 47
Objective value     :  3.9145771765e+13
HiGHS run time      :         31.95
Presolving model
168239 rows, 484035 cols, 1111370 nonzeros
126984 rows, 302352 cols, 749805 nonzeros
124588 rows, 167191 cols, 479095 nonzeros
121732 rows, 162317 cols, 469258 nonzeros
Presolve : Reductions: rows 121732(-3306663); columns 162317(-2144628); elements 469258(-10010840)
Solving the presolved LP
IPX model has 121732 rows, 162317 columns and 469258 nonzeros
Input
    Number of variables:                                162317
    Number of free variables:                           0
    Number of constraints:                              121732
    Number of equality constraints:                     18920
    Number of matrix entries:                           469258
    Matrix range:                                       [1e-02, 1e+00]
    RHS range:                                          [2e+05, 1e+08]
    Objective range:                                    [2e-04, 1e+06]
    Bounds range:                                       [5e+04, 1e+08]
Preprocessing
    Dualized model:                                     no
    Number of dense columns:                            0
    Range of scaling factors:                           [1.00e+00, 2.00e+00]
IPX version 1.0
Interior Point Solve
 Iter     P.res    D.res            P.obj           D.obj        mu     Time
   0   2.84e+07 1.53e+05   5.62920701e+13 -6.69262342e+16  4.95e+12       0s
   1   8.25e+06 1.08e+05   6.54301578e+16 -5.40028946e+16  3.22e+12       0s
   2   3.15e+06 7.01e+04   8.92257813e+16 -4.31072310e+16  2.49e+12       0s
   3   1.29e+06 1.97e+04   7.04345110e+16 -1.40404566e+16  8.25e+11       0s
   4   3.23e+05 7.18e+03   4.19861671e+16 -6.60133508e+15  3.17e+11       1s
   5   1.07e+05 1.49e+03   2.30065134e+16 -2.14428487e+15  1.10e+11       2s
 Constructing starting basis...
   6   5.13e+04 4.11e+02   1.30608966e+16 -8.94342864e+14  5.66e+10       3s
   7   2.02e+04 1.47e+02   5.30717625e+15 -3.38909689e+14  2.19e+10       4s
   8   9.04e+03 5.40e+01   2.98407600e+15 -1.94323076e+14  1.21e+10       4s
   9   8.92e+02 2.86e+01   5.64812654e+14 -1.14120396e+14  2.71e+09       5s
  10   2.19e+02 1.50e+01   2.59491503e+14 -6.41558617e+13  1.32e+09       5s
  11   3.99e+01 7.03e+00   7.83147925e+13 -3.12635036e+13  4.68e+08       6s
  12   6.56e+00 3.50e+00   3.48788220e+13 -1.65076803e+13  2.24e+08       6s
  13   1.88e+00 6.79e-01   1.36783865e+13 -3.43643467e+12  6.89e+07       7s
  14   6.69e-01 1.65e-01   5.94432669e+12 -9.08309542e+11  2.64e+07       8s
  15   2.15e-01 5.49e-02   2.28166044e+12 -3.24404592e+11  9.91e+06       8s
  16   8.22e-02 2.15e-02   1.28198973e+12 -1.51537112e+11  5.36e+06       9s
  17   5.25e-02 1.22e-02   9.34350755e+11 -9.35538872e+10  3.81e+06       9s
  18   3.98e-02 7.10e-03   8.70728808e+11 -7.13981898e+10  3.46e+06      10s
  19   2.26e-02 2.09e-03   5.82576065e+11 -2.76463460e+10  2.21e+06      10s
  20   8.94e-03 4.01e-04   3.31750944e+11 -1.10953033e+10  1.23e+06      11s
  21   4.05e-03 1.34e-04   1.61692840e+11 -2.24032496e+09  5.87e+05      11s
  22   1.78e-03 7.64e-05   9.30246882e+10 -9.17697023e+08  3.36e+05      12s
  23   1.04e-03 5.24e-05   7.75557994e+10 -6.28637532e+08  2.80e+05      12s
  24   5.47e-04 2.37e-05   4.69357273e+10  1.15416287e+09  1.64e+05      13s
  25   3.03e-04 1.40e-05   3.61011003e+10  1.53170567e+09  1.24e+05      13s
  26   1.46e-04 5.84e-06   2.22883730e+10  2.32767202e+09  7.14e+04      14s
  27   2.79e-05 2.36e-06   9.54494265e+09  2.78108667e+09  2.42e+04      14s
  28   9.18e-06 6.22e-07   5.57751194e+09  3.15160345e+09  8.68e+03      15s
  29   2.71e-06 2.92e-07   4.11296599e+09  3.22786962e+09  3.17e+03      16s
  30   7.15e-07 8.75e-08   3.54403666e+09  3.28273388e+09  9.35e+02      16s
  31   2.09e-07 2.96e-08   3.39166561e+09  3.29911421e+09  3.31e+02      17s
  32   1.08e-07 9.55e-09   3.33998653e+09  3.30543131e+09  1.24e+02      17s
  33   5.22e-08 3.49e-09   3.32239131e+09  3.30778262e+09  5.23e+01      18s
  34   6.71e-08 9.31e-10   3.31444585e+09  3.30887762e+09  1.99e+01      18s
  35   3.93e-08 4.66e-10   3.31046821e+09  3.30920335e+09  4.52e+00      18s
  36   8.16e-08 4.66e-10   3.30962189e+09  3.30928669e+09  1.20e+00      19s
  37   6.81e-08 4.66e-10   3.30934175e+09  3.30931976e+09  7.87e-02      19s
  38   4.69e-08 4.66e-10   3.30932379e+09  3.30932185e+09  6.93e-03      20s
  39   1.05e-07 4.66e-10   3.30932208e+09  3.30932202e+09  2.27e-04      20s
  40   1.49e-07 2.33e-10   3.30932204e+09  3.30932203e+09  1.94e-05      20s
  41*  1.68e-07 2.33e-10   3.30932203e+09  3.30932203e+09  1.14e-06      21s
Summary
    Runtime:                                            20.85s
    Status interior point solve:                        optimal
    Status crossover:                                   not run
    objective value:                                    3.30932203e+09
    interior solution primal residual (abs/rel):        2.68e-07 / 1.84e-15
    interior solution dual residual (abs/rel):          2.33e-10 / 1.78e-16
    interior solution objective gap (abs/rel):          2.97e-01 / 8.96e-11
Ipx: IPM       optimal
Model   status      : Optimal
IPM       iterations: 41
Objective value     :  3.3093220330e+09
HiGHS run time      :         24.82
Presolving model
168239 rows, 484035 cols, 1111370 nonzeros
126984 rows, 302352 cols, 749805 nonzeros
124588 rows, 167191 cols, 479095 nonzeros
121732 rows, 162317 cols, 469258 nonzeros
Presolve : Reductions: rows 121732(-3316683); columns 162317(-2144628); elements 469258(-10020860)
Solving the presolved LP
IPX model has 121732 rows, 162317 columns and 469258 nonzeros
Input
    Number of variables:                                162317
    Number of free variables:                           0
    Number of constraints:                              121732
    Number of equality constraints:                     18920
    Number of matrix entries:                           469258
    Matrix range:                                       [1e-02, 1e+00]
    RHS range:                                          [2e+05, 1e+08]
    Objective range:                                    [2e-04, 1e+06]
    Bounds range:                                       [5e+04, 1e+08]
Preprocessing
    Dualized model:                                     no
    Number of dense columns:                            0
    Range of scaling factors:                           [1.00e+00, 2.00e+00]
IPX version 1.0
Interior Point Solve
 Iter     P.res    D.res            P.obj           D.obj        mu     Time
   0   2.84e+07 1.51e+05   5.71264818e+13 -6.60754427e+16  4.90e+12       0s
   1   8.21e+06 1.07e+05   6.54193781e+16 -5.32825124e+16  3.18e+12       0s
   2   3.14e+06 6.93e+04   8.89498946e+16 -4.25538030e+16  2.45e+12       0s
   3   1.29e+06 1.94e+04   7.01893996e+16 -1.37754937e+16  8.13e+11       0s
   4   3.15e+05 7.07e+03   4.14127833e+16 -6.48649207e+15  3.11e+11       1s
   5   1.11e+05 1.46e+03   2.31913744e+16 -2.09516753e+15  1.10e+11       2s
 Constructing starting basis...
   6   5.38e+04 3.98e+02   1.33690001e+16 -8.91123840e+14  5.77e+10       3s
   7   2.11e+04 1.58e+02   5.40692838e+15 -3.70345903e+14  2.25e+10       4s
   8   7.72e+03 5.41e+01   2.72948808e+15 -2.02739853e+14  1.11e+10       4s
   9   1.13e+03 3.31e+01   6.77292982e+14 -1.32896667e+14  3.23e+09       5s
  10   3.58e+02 1.62e+01   3.11793870e+14 -6.69643441e+13  1.52e+09       6s
  11   1.16e+02 7.73e+00   1.39284808e+14 -3.43539469e+13  7.05e+08       6s
  12   2.64e+01 4.43e+00   4.24346505e+13 -2.00920684e+13  2.72e+08       7s
  13   3.48e+00 5.49e-01   1.63761625e+13 -3.23212187e+12  7.63e+07       7s
  14   9.25e-01 1.40e-01   5.17513340e+12 -8.78343078e+11  2.32e+07       8s
  15   3.78e-01 3.65e-02   2.38619567e+12 -2.47290547e+11  9.80e+06       9s
  16   2.47e-01 1.81e-02   1.62974362e+12 -1.27538789e+11  6.47e+06       9s
  17   1.61e-01 4.69e-03   1.18806680e+12 -4.81933837e+10  4.47e+06      10s
  18   9.14e-02 1.51e-03   8.04882914e+11 -2.66108473e+10  2.99e+06      10s
  19   4.19e-02 4.40e-04   5.25680391e+11 -1.85409226e+10  1.95e+06      11s
  20   1.72e-02 6.98e-10   2.90969859e+11 -4.74847937e+09  1.06e+06      11s
  21   7.56e-03 4.66e-10   1.50027815e+11 -8.03107681e+08  5.40e+05      12s
  22   4.49e-03 3.49e-10   1.03508382e+11  1.26803078e+08  3.70e+05      12s
  23   2.45e-04 2.33e-10   3.29658132e+10  1.35008503e+09  1.13e+05      13s
  24   3.58e-05 2.33e-10   1.74122799e+10  1.95012193e+09  5.53e+04      13s
  25   8.64e-06 2.33e-10   7.06576405e+09  2.69709684e+09  1.56e+04      14s
  26   3.55e-06 2.33e-10   4.78808120e+09  2.90438738e+09  6.74e+03      14s
  27   8.94e-07 2.33e-10   3.56693392e+09  2.97276105e+09  2.13e+03      15s
  28   2.98e-07 2.33e-10   3.20670241e+09  2.99863442e+09  7.44e+02      16s
  29   8.94e-08 2.33e-10   3.09142665e+09  3.01040680e+09  2.90e+02      16s
  30   1.20e-07 2.33e-10   3.04962036e+09  3.01633507e+09  1.19e+02      17s
  31   7.82e-08 2.33e-10   3.03051837e+09  3.01871863e+09  4.22e+01      17s
  32   8.28e-08 2.33e-10   3.02171331e+09  3.01957585e+09  7.65e+00      17s
  33   7.10e-08 2.33e-10   3.01996410e+09  3.01976028e+09  7.29e-01      18s
  34   6.71e-08 2.33e-10   3.01984743e+09  3.01980789e+09  1.41e-01      18s
  35   9.40e-08 4.66e-10   3.01982271e+09  3.01981158e+09  3.98e-02      19s
  36   5.29e-08 2.33e-10   3.01981307e+09  3.01981180e+09  4.55e-03      19s
  37   6.71e-08 4.66e-10   3.01981204e+09  3.01981188e+09  5.58e-04      19s
  38   1.01e-07 2.33e-10   3.01981193e+09  3.01981189e+09  1.35e-04      20s
  39*  1.86e-07 2.33e-10   3.01981190e+09  3.01981190e+09  6.09e-06      20s
Summary
    Runtime:                                            20.01s
    Status interior point solve:                        optimal
    Status crossover:                                   not run
    objective value:                                    3.01981190e+09
    interior solution primal residual (abs/rel):        2.09e-07 / 1.43e-15
    interior solution dual residual (abs/rel):          2.33e-10 / 1.78e-16
    interior solution objective gap (abs/rel):          1.70e+00 / 5.63e-10
Ipx: IPM       optimal
Model   status      : Optimal
IPM       iterations: 39
Objective value     :  3.0198118980e+09
HiGHS run time      :         23.95
Presolving model
168239 rows, 484035 cols, 1111370 nonzeros
126984 rows, 302352 cols, 749805 nonzeros
124588 rows, 167191 cols, 479095 nonzeros
121732 rows, 162317 cols, 469258 nonzeros
Presolve : Reductions: rows 121732(-3326703); columns 162317(-2144628); elements 469258(-10030880)
Solving the presolved LP
IPX model has 121732 rows, 162317 columns and 469258 nonzeros
Input
    Number of variables:                                162317
    Number of free variables:                           0
    Number of constraints:                              121732
    Number of equality constraints:                     18920
    Number of matrix entries:                           469258
    Matrix range:                                       [1e-02, 1e+00]
    RHS range:                                          [2e+05, 1e+08]
    Objective range:                                    [2e-04, 1e+06]
    Bounds range:                                       [5e+04, 1e+08]
Preprocessing
    Dualized model:                                     no
    Number of dense columns:                            0
    Range of scaling factors:                           [1.00e+00, 2.00e+00]
IPX version 1.0
Interior Point Solve
 Iter     P.res    D.res            P.obj           D.obj        mu     Time
   0   2.84e+07 1.48e+05   5.72126698e+13 -6.45436637e+16  4.80e+12       0s
   1   8.21e+06 1.04e+05   6.48582988e+16 -5.20202994e+16  3.10e+12       0s
   2   3.14e+06 6.79e+04   8.79599947e+16 -4.15566652e+16  2.40e+12       0s
   3   1.28e+06 1.89e+04   6.91424565e+16 -1.33605896e+16  7.91e+11       0s
   4   3.10e+05 6.83e+03   4.04757806e+16 -6.25095913e+15  3.00e+11       1s
   5   1.21e+05 1.40e+03   2.35489495e+16 -1.99796308e+15  1.11e+11       2s
 Constructing starting basis...
   6   5.93e+04 3.70e+02   1.36159892e+16 -8.48835562e+14  5.82e+10       3s
   7   2.33e+04 1.47e+02   5.50064901e+15 -3.54667188e+14  2.28e+10       4s
   8   8.65e+03 4.81e+01   2.85241964e+15 -2.00506351e+14  1.16e+10       4s
   9   1.37e+03 2.97e+01   6.98307084e+14 -1.31254084e+14  3.28e+09       5s
  10   3.95e+02 1.47e+01   3.06426520e+14 -6.70920858e+13  1.50e+09       5s
  11   1.26e+02 6.93e+00   1.39228389e+14 -3.40784858e+13  7.00e+08       6s
  12   3.14e+01 3.96e+00   4.56160027e+13 -1.99107573e+13  2.80e+08       7s
  13   3.84e+00 4.77e-01   1.70303804e+13 -3.18523055e+12  7.80e+07       7s
  14   1.51e+00 1.33e-01   7.39047716e+12 -9.40355685e+11  3.14e+07       8s
  15   4.01e-01 3.66e-02   2.25865551e+12 -2.74407962e+11  9.46e+06       8s
  16   2.17e-01 2.06e-02   1.35469111e+12 -1.60840313e+11  5.63e+06       9s
  17   1.34e-01 5.16e-03   9.78677194e+11 -5.59207903e+10  3.76e+06       9s
  18   7.00e-02 1.75e-03   6.27993449e+11 -2.72647874e+10  2.36e+06      10s
  19   3.57e-02 6.06e-04   4.31532665e+11 -1.66866347e+10  1.61e+06      10s
  20   2.00e-02 4.77e-05   3.21490762e+11 -8.86938617e+09  1.18e+06      11s
  21   7.51e-03 1.03e-05   1.36264150e+11 -6.66735548e+08  4.90e+05      11s
  22   3.60e-03 3.51e-06   8.75986507e+10  8.90427650e+07  3.13e+05      12s
  23   9.88e-04 8.88e-07   3.22142117e+10  1.84515792e+09  1.09e+05      12s
  24   1.95e-04 4.20e-07   1.40460089e+10  2.25661616e+09  4.22e+04      13s
  25   4.46e-05 1.56e-07   6.02825029e+09  2.72102811e+09  1.18e+04      13s
  26   9.75e-06 5.36e-08   3.87893784e+09  2.92029426e+09  3.43e+03      14s
  27   2.09e-06 1.65e-08   3.35366214e+09  2.99666259e+09  1.28e+03      15s
  28   6.56e-07 5.36e-09   3.16024197e+09  3.02675402e+09  4.78e+02      15s
  29   1.79e-07 2.33e-09   3.08746330e+09  3.03480930e+09  1.88e+02      16s
  30   8.94e-08 9.31e-10   3.05972638e+09  3.03934223e+09  7.29e+01      16s
  31   8.28e-08 4.66e-10   3.04849409e+09  3.04130055e+09  2.57e+01      17s
  32   7.83e-08 4.66e-10   3.04350940e+09  3.04170296e+09  6.46e+00      17s
  33   1.04e-07 2.33e-10   3.04246377e+09  3.04197259e+09  1.76e+00      17s
  34   6.71e-08 2.33e-10   3.04222860e+09  3.04203742e+09  6.84e-01      18s
  35   5.08e-08 4.66e-10   3.04211501e+09  3.04206942e+09  1.63e-01      18s
  36   8.30e-08 2.33e-10   3.04208146e+09  3.04207178e+09  3.46e-02      18s
  37   5.10e-08 2.33e-10   3.04207535e+09  3.04207219e+09  1.13e-02      19s
  38   5.87e-08 2.33e-10   3.04207431e+09  3.04207227e+09  7.29e-03      19s
  39   6.09e-08 2.33e-10   3.04207306e+09  3.04207228e+09  2.78e-03      19s
  40   5.59e-08 2.33e-10   3.04207305e+09  3.04207228e+09  2.74e-03      20s
  41   1.08e-07 2.33e-10   3.04207237e+09  3.04207229e+09  2.74e-04      20s
  42   1.19e-07 4.66e-10   3.04207230e+09  3.04207229e+09  2.68e-05      20s
  43*  1.86e-07 2.33e-10   3.04207230e+09  3.04207230e+09  4.88e-06      21s
Summary
    Runtime:                                            20.60s
    Status interior point solve:                        optimal
    Status crossover:                                   not run
    objective value:                                    3.04207230e+09
    interior solution primal residual (abs/rel):        2.09e-07 / 1.43e-15
    interior solution dual residual (abs/rel):          2.33e-10 / 1.78e-16
    interior solution objective gap (abs/rel):          1.34e+00 / 4.40e-10
Ipx: IPM       optimal
Model   status      : Optimal
IPM       iterations: 43
Objective value     :  3.0420722970e+09
HiGHS run time      :         24.65
Presolving model
168239 rows, 484035 cols, 1111370 nonzeros
126984 rows, 302352 cols, 749805 nonzeros
124588 rows, 167191 cols, 479095 nonzeros
121732 rows, 162317 cols, 469258 nonzeros
Presolve : Reductions: rows 121732(-3336723); columns 162317(-2144628); elements 469258(-10040900)
Solving the presolved LP
IPX model has 121732 rows, 162317 columns and 469258 nonzeros
Input
    Number of variables:                                162317
    Number of free variables:                           0
    Number of constraints:                              121732
    Number of equality constraints:                     18920
    Number of matrix entries:                           469258
    Matrix range:                                       [1e-02, 1e+00]
    RHS range:                                          [2e+05, 1e+08]
    Objective range:                                    [2e-04, 1e+06]
    Bounds range:                                       [5e+04, 1e+08]
Preprocessing
    Dualized model:                                     no
    Number of dense columns:                            0
    Range of scaling factors:                           [1.00e+00, 2.00e+00]
IPX version 1.0
Interior Point Solve
 Iter     P.res    D.res            P.obj           D.obj        mu     Time
   0   2.84e+07 1.47e+05   5.72130290e+13 -6.45191462e+16  4.80e+12       0s
   1   8.21e+06 1.04e+05   6.48496309e+16 -5.20000337e+16  3.10e+12       0s
   2   3.14e+06 6.79e+04   8.79446210e+16 -4.15405681e+16  2.40e+12       0s
   3   1.28e+06 1.88e+04   6.91236455e+16 -1.33539184e+16  7.91e+11       0s
   4   3.10e+05 6.82e+03   4.04629899e+16 -6.24747017e+15  3.00e+11       1s
   5   1.21e+05 1.40e+03   2.35532879e+16 -1.99641636e+15  1.11e+11       2s
 Constructing starting basis...
   6   5.92e+04 3.71e+02   1.36028883e+16 -8.49434819e+14  5.82e+10       3s
   7   2.36e+04 1.48e+02   5.54905322e+15 -3.56219592e+14  2.30e+10       4s
   8   8.84e+03 4.93e+01   2.84949428e+15 -1.98251572e+14  1.16e+10       4s
   9   1.35e+03 3.03e+01   6.98527210e+14 -1.30041661e+14  3.28e+09       5s
  10   3.91e+02 1.49e+01   3.04164230e+14 -6.60332231e+13  1.49e+09       5s
  11   1.28e+02 7.25e+00   1.31705781e+14 -3.39457561e+13  6.74e+08       6s
  12   3.05e+01 4.18e+00   4.26067910e+13 -1.99613804e+13  2.70e+08       7s
  13   3.66e+00 5.17e-01   1.61107220e+13 -3.21878282e+12  7.51e+07       7s
  14   1.38e+00 1.38e-01   6.78354058e+12 -9.08706445e+11  2.91e+07       8s
  15   3.93e-01 4.27e-02   2.16224318e+12 -2.93532897e+11  9.23e+06       8s
  16   1.84e-01 2.37e-02   1.28938652e+12 -1.76166794e+11  5.49e+06       9s
  17   1.03e-01 5.03e-03   8.69602067e+11 -5.21560001e+10  3.35e+06       9s
  18   5.40e-02 4.24e-03   6.39883075e+11 -4.73905852e+10  2.51e+06      10s
  19   3.40e-02 1.31e-03   4.99125869e+11 -2.37420909e+10  1.89e+06      10s
  20   1.64e-02 3.67e-04   2.66598865e+11 -6.54442041e+09  9.80e+05      11s
  21   7.42e-03 6.93e-05   1.53181806e+11 -1.76682827e+09  5.55e+05      11s
  22   2.92e-03 2.31e-05   8.32302259e+10 -1.00250755e+08  2.98e+05      12s
  23   9.06e-04 6.61e-06   3.43823363e+10  1.66141717e+09  1.17e+05      12s
  24   1.37e-04 2.79e-06   1.42989768e+10  2.17157483e+09  4.34e+04      13s
  25   3.34e-05 9.65e-07   6.28506585e+09  2.70157230e+09  1.28e+04      13s
  26   1.02e-05 3.32e-07   4.13026642e+09  2.91141435e+09  4.36e+03      14s
  27   2.47e-06 1.05e-07   3.44654304e+09  2.98595362e+09  1.65e+03      15s
  28   7.75e-07 3.56e-08   3.17970159e+09  3.01651651e+09  5.84e+02      15s
  29   1.79e-07 1.37e-08   3.09118738e+09  3.02591386e+09  2.33e+02      16s
  30   8.94e-08 3.26e-09   3.05449159e+09  3.03179615e+09  8.12e+01      16s
  31   1.07e-07 9.31e-10   3.04368314e+09  3.03330776e+09  3.71e+01      17s
  32   6.68e-08 4.66e-10   3.03645159e+09  3.03370563e+09  9.82e+00      17s
  33   5.95e-08 2.33e-10   3.03479696e+09  3.03384938e+09  3.39e+00      17s
  34   5.74e-08 2.33e-10   3.03421907e+09  3.03390579e+09  1.12e+00      18s
  35   6.69e-08 2.33e-10   3.03397358e+09  3.03391433e+09  2.12e-01      18s
  36   6.26e-08 2.33e-10   3.03392109e+09  3.03391664e+09  1.59e-02      18s
  37   1.25e-07 2.33e-10   3.03391715e+09  3.03391693e+09  7.56e-04      19s
  38   5.30e-08 2.33e-10   3.03391704e+09  3.03391698e+09  1.92e-04      19s
  39   1.71e-07 2.33e-10   3.03391700e+09  3.03391700e+09  1.43e-05      20s
  40*  7.94e-08 2.33e-10   3.03391700e+09  3.03391700e+09  3.13e-06      20s
Summary
    Runtime:                                            19.95s
    Status interior point solve:                        optimal
    Status crossover:                                   not run
    objective value:                                    3.03391700e+09
    interior solution primal residual (abs/rel):        7.94e-08 / 5.44e-16
    interior solution dual residual (abs/rel):          2.33e-10 / 1.78e-16
    interior solution objective gap (abs/rel):          7.86e-01 / 2.59e-10
Ipx: IPM       optimal
Model   status      : Optimal
IPM       iterations: 40
Objective value     :  3.0339170024e+09
HiGHS run time      :         23.94
Presolving model
168239 rows, 484035 cols, 1111370 nonzeros
126984 rows, 302352 cols, 749805 nonzeros
124588 rows, 167191 cols, 479095 nonzeros
121732 rows, 162317 cols, 469258 nonzeros
Presolve : Reductions: rows 121732(-3346743); columns 162317(-2144628); elements 469258(-10050920)
Solving the presolved LP
IPX model has 121732 rows, 162317 columns and 469258 nonzeros
Input
    Number of variables:                                162317
    Number of free variables:                           0
    Number of constraints:                              121732
    Number of equality constraints:                     18920
    Number of matrix entries:                           469258
    Matrix range:                                       [1e-02, 1e+00]
    RHS range:                                          [2e+05, 1e+08]
    Objective range:                                    [2e-04, 1e+06]
    Bounds range:                                       [5e+04, 1e+08]
Preprocessing
    Dualized model:                                     no
    Number of dense columns:                            0
    Range of scaling factors:                           [1.00e+00, 2.00e+00]
IPX version 1.0
Interior Point Solve
 Iter     P.res    D.res            P.obj           D.obj        mu     Time
   0   2.84e+07 1.47e+05   5.72130290e+13 -6.45191462e+16  4.80e+12       0s
   1   8.21e+06 1.04e+05   6.48496309e+16 -5.20000337e+16  3.10e+12       0s
   2   3.14e+06 6.79e+04   8.79446210e+16 -4.15405681e+16  2.40e+12       0s
   3   1.28e+06 1.88e+04   6.91236455e+16 -1.33539184e+16  7.91e+11       0s
   4   3.10e+05 6.82e+03   4.04629899e+16 -6.24747017e+15  3.00e+11       1s
   5   1.21e+05 1.40e+03   2.35532879e+16 -1.99641636e+15  1.11e+11       2s
 Constructing starting basis...
   6   5.92e+04 3.71e+02   1.36028883e+16 -8.49434819e+14  5.82e+10       3s
   7   2.36e+04 1.48e+02   5.54905322e+15 -3.56219592e+14  2.30e+10       4s
   8   8.84e+03 4.93e+01   2.84949428e+15 -1.98251572e+14  1.16e+10       4s
   9   1.35e+03 3.03e+01   6.98527210e+14 -1.30041661e+14  3.28e+09       5s
  10   3.91e+02 1.49e+01   3.04164230e+14 -6.60332231e+13  1.49e+09       5s
  11   1.28e+02 7.25e+00   1.31705781e+14 -3.39457561e+13  6.74e+08       6s
  12   3.05e+01 4.18e+00   4.26067910e+13 -1.99613804e+13  2.70e+08       7s
  13   3.66e+00 5.17e-01   1.61107220e+13 -3.21878282e+12  7.51e+07       7s
  14   1.38e+00 1.38e-01   6.78354058e+12 -9.08706445e+11  2.91e+07       8s
  15   3.93e-01 4.27e-02   2.16224318e+12 -2.93532897e+11  9.23e+06       8s
  16   1.84e-01 2.37e-02   1.28938652e+12 -1.76166794e+11  5.49e+06       9s
  17   1.03e-01 5.03e-03   8.69602067e+11 -5.21560001e+10  3.35e+06       9s
  18   5.40e-02 4.24e-03   6.39883075e+11 -4.73905852e+10  2.51e+06      10s
  19   3.40e-02 1.31e-03   4.99125869e+11 -2.37420909e+10  1.89e+06      10s
  20   1.64e-02 3.67e-04   2.66598865e+11 -6.54442041e+09  9.80e+05      11s
  21   7.42e-03 6.93e-05   1.53181806e+11 -1.76682827e+09  5.55e+05      11s
  22   2.92e-03 2.31e-05   8.32302259e+10 -1.00250755e+08  2.98e+05      12s
  23   9.06e-04 6.61e-06   3.43823363e+10  1.66141717e+09  1.17e+05      12s
  24   1.37e-04 2.79e-06   1.42989768e+10  2.17157483e+09  4.34e+04      13s
  25   3.34e-05 9.65e-07   6.28506585e+09  2.70157230e+09  1.28e+04      14s
  26   1.02e-05 3.32e-07   4.13026642e+09  2.91141435e+09  4.36e+03      14s
  27   2.47e-06 1.05e-07   3.44654304e+09  2.98595362e+09  1.65e+03      15s
  28   7.75e-07 3.56e-08   3.17970159e+09  3.01651651e+09  5.84e+02      15s
  29   1.79e-07 1.37e-08   3.09118738e+09  3.02591386e+09  2.33e+02      16s
  30   8.94e-08 3.26e-09   3.05449159e+09  3.03179615e+09  8.12e+01      16s
  31   1.07e-07 9.31e-10   3.04368314e+09  3.03330776e+09  3.71e+01      17s
  32   6.68e-08 4.66e-10   3.03645159e+09  3.03370563e+09  9.82e+00      17s
  33   5.95e-08 2.33e-10   3.03479696e+09  3.03384938e+09  3.39e+00      17s
  34   5.74e-08 2.33e-10   3.03421907e+09  3.03390579e+09  1.12e+00      18s
  35   6.69e-08 2.33e-10   3.03397358e+09  3.03391433e+09  2.12e-01      18s
  36   6.26e-08 2.33e-10   3.03392109e+09  3.03391664e+09  1.59e-02      18s
  37   1.25e-07 2.33e-10   3.03391715e+09  3.03391693e+09  7.56e-04      19s
  38   5.30e-08 2.33e-10   3.03391704e+09  3.03391698e+09  1.92e-04      19s
  39   1.71e-07 2.33e-10   3.03391700e+09  3.03391700e+09  1.43e-05      20s
  40*  7.94e-08 2.33e-10   3.03391700e+09  3.03391700e+09  3.13e-06      20s
Summary
    Runtime:                                            20.04s
    Status interior point solve:                        optimal
    Status crossover:                                   not run
    objective value:                                    3.03391700e+09
    interior solution primal residual (abs/rel):        7.94e-08 / 5.44e-16
    interior solution dual residual (abs/rel):          2.33e-10 / 1.78e-16
    interior solution objective gap (abs/rel):          7.86e-01 / 2.59e-10
Ipx: IPM       optimal
Model   status      : Optimal
IPM       iterations: 40
Objective value     :  3.0339170024e+09
HiGHS run time      :         24.14
[ Info: Rolling step not specified in scenaio.yaml file; Setting it to 5 years
[ Info: Demand-pathway mapping not specified in scenaio.yaml file; SERA will not look for eligible pathways for different demand types.
[ Info: Production capacity constraints from the grid model not defined. SERA will not create these constraints
[ Info: Regional technology limits not specified in scenaio.yaml file; SERA will not create these constraints
STARTING DATA PRE-PROCESSING 
Processing Temporal Data
Processing Nodes
Processing Demand
Processing Existings
Processing Links
Processing Pathways
Creating Infrastructure options
 22.880828 seconds (132.06 M allocations: 15.443 GiB, 34.61% gc time, 0.44% compilation time)

OPTIMIZING FROM 2026 TO 2030 

STARTING OPTIMIZATION MODEL CREATION
CREATING VARIABLES AND EXPRESSIONS
 26.665694 seconds (182.79 M allocations: 11.368 GiB, 47.00% gc time, 34.89% compilation time)
POPULATING EXPRESSIONS
 19.036597 seconds (75.99 M allocations: 11.717 GiB, 20.75% gc time, 14.78% compilation time)
CREATING CONSTRAINTS
 53.605703 seconds (112.11 M allocations: 6.112 GiB, 76.69% gc time, 9.38% compilation time)
POPULATED CORE OPTIMIZATION MODEL, STARTING ITERATIONS
READING COST DATA FOR ITERATION 1
 29.141301 seconds (80.94 M allocations: 7.821 GiB, 37.90% gc time, 1.37% compilation time)
CREATING EXPRESSIONS FOR CAPITAL AND FIXED COST
 35.681621 seconds (43.91 M allocations: 2.736 GiB, 87.28% gc time, 5.51% compilation time)
BUILDING OBJECTIVE FUNCTION
  8.200835 seconds (27.42 M allocations: 910.699 MiB, 59.11% gc time, 10.27% compilation time)
Optimizing for iteration 1
 76.433683 seconds (37.46 M allocations: 3.372 GiB, 60.13% gc time, 0.04% compilation time)
OPTIMAL
1.1802426646475685e9
 =  1.0
READING COST DATA FOR ITERATION 2
191.146923 seconds (65.32 M allocations: 7.461 GiB, 26.25% gc time, 0.01% compilation time)
CREATING EXPRESSIONS FOR CAPITAL AND FIXED COST
 23.222930 seconds (42.24 M allocations: 2.627 GiB, 87.84% gc time, 0.02% compilation time)
BUILDING OBJECTIVE FUNCTION
  7.458575 seconds (26.76 M allocations: 896.896 MiB, 67.80% gc time)
Optimizing for iteration 2
 19.584936 seconds (5 allocations: 32 bytes)
OPTIMAL
1.529762904961218e9
 =  0.22848000770601454
READING COST DATA FOR ITERATION 3
196.102644 seconds (65.25 M allocations: 7.429 GiB, 28.44% gc time)
CREATING EXPRESSIONS FOR CAPITAL AND FIXED COST
 29.003884 seconds (42.24 M allocations: 2.627 GiB, 89.42% gc time)
BUILDING OBJECTIVE FUNCTION
  7.745764 seconds (26.76 M allocations: 893.508 MiB, 67.29% gc time)
Optimizing for iteration 3
 18.219332 seconds (2 allocations: 32 bytes)
OPTIMAL
1.3349071087279584e9
 =  0.14596955470508374
READING COST DATA FOR ITERATION 4
196.977715 seconds (65.25 M allocations: 7.484 GiB, 28.68% gc time)
CREATING EXPRESSIONS FOR CAPITAL AND FIXED COST
 29.838875 seconds (42.24 M allocations: 2.627 GiB, 89.79% gc time)
BUILDING OBJECTIVE FUNCTION
  7.664955 seconds (26.76 M allocations: 896.896 MiB, 67.83% gc time)
Optimizing for iteration 4
 18.195805 seconds (2 allocations: 32 bytes)
OPTIMAL
1.275639907947059e9
 =  0.0464607609180988
READING COST DATA FOR ITERATION 5
197.844115 seconds (65.24 M allocations: 7.452 GiB, 28.56% gc time)
CREATING EXPRESSIONS FOR CAPITAL AND FIXED COST
 28.124892 seconds (42.24 M allocations: 2.627 GiB, 88.84% gc time)
BUILDING OBJECTIVE FUNCTION
  7.379473 seconds (26.76 M allocations: 893.508 MiB, 66.68% gc time)
Optimizing for iteration 5
 18.089128 seconds (2 allocations: 32 bytes)
OPTIMAL
1.2720783635544164e9
 =  0.0027997837986371093
READING COST DATA FOR ITERATION 6
198.525270 seconds (65.24 M allocations: 7.476 GiB, 27.30% gc time)
CREATING EXPRESSIONS FOR CAPITAL AND FIXED COST
 28.378847 seconds (42.24 M allocations: 2.627 GiB, 88.97% gc time)
BUILDING OBJECTIVE FUNCTION
  7.488046 seconds (26.76 M allocations: 893.508 MiB, 66.63% gc time)
Optimizing for iteration 6
 18.153031 seconds (2 allocations: 32 bytes)
OPTIMAL
1.2720783635544164e9
 =  0.0
ITERATIONS COMPLETED
WRITING RESULTS TO FILE
 11.202049 seconds (9.99 M allocations: 433.817 MiB, 86.95% gc time, 5.64% compilation time)

OPTIMIZING FROM 2031 TO 2035 

STARTING OPTIMIZATION MODEL CREATION
CREATING VARIABLES AND EXPRESSIONS
192.118719 seconds (173.84 M allocations: 10.793 GiB, 94.58% gc time, 0.14% compilation time)
POPULATING EXPRESSIONS
 23.723416 seconds (75.81 M allocations: 11.711 GiB, 35.03% gc time)
CREATING CONSTRAINTS
 80.403044 seconds (109.39 M allocations: 5.933 GiB, 86.32% gc time)
POPULATED CORE OPTIMIZATION MODEL, STARTING ITERATIONS
READING COST DATA FOR ITERATION 1
 97.458495 seconds (65.13 M allocations: 7.555 GiB, 81.91% gc time)
CREATING EXPRESSIONS FOR CAPITAL AND FIXED COST
 45.913186 seconds (42.21 M allocations: 2.627 GiB, 93.97% gc time)
BUILDING OBJECTIVE FUNCTION
 10.023023 seconds (26.76 M allocations: 862.840 MiB, 76.23% gc time)
Optimizing for iteration 1
112.782483 seconds (37.45 M allocations: 3.372 GiB, 66.59% gc time)
OPTIMAL
3.885554608921028e13
 =  1.0
READING COST DATA FOR ITERATION 2
223.830493 seconds (65.32 M allocations: 7.430 GiB, 36.82% gc time)
CREATING EXPRESSIONS FOR CAPITAL AND FIXED COST
 34.429553 seconds (42.24 M allocations: 2.627 GiB, 92.04% gc time)
BUILDING OBJECTIVE FUNCTION
 10.325894 seconds (26.76 M allocations: 893.523 MiB, 76.74% gc time)
Optimizing for iteration 2
 23.439487 seconds (5 allocations: 32 bytes)
OPTIMAL
3.291387304890434e9
 =  11804.218435240911
READING COST DATA FOR ITERATION 3
276.763728 seconds (65.29 M allocations: 7.429 GiB, 43.00% gc time)
CREATING EXPRESSIONS FOR CAPITAL AND FIXED COST
 66.679725 seconds (42.24 M allocations: 2.627 GiB, 94.04% gc time)
BUILDING OBJECTIVE FUNCTION
 15.784374 seconds (26.76 M allocations: 893.523 MiB, 79.41% gc time)
Optimizing for iteration 3
 22.455421 seconds (2 allocations: 32 bytes)
OPTIMAL
2.5283479287640033e9
 =  0.3017936603761987
READING COST DATA FOR ITERATION 4
296.323875 seconds (65.29 M allocations: 7.429 GiB, 47.36% gc time)
CREATING EXPRESSIONS FOR CAPITAL AND FIXED COST
 66.081309 seconds (42.24 M allocations: 2.627 GiB, 93.97% gc time)
BUILDING OBJECTIVE FUNCTION
 15.388902 seconds (26.76 M allocations: 893.523 MiB, 79.87% gc time)
Optimizing for iteration 4
 21.633433 seconds (2 allocations: 32 bytes)
OPTIMAL
2.5129949280532346e9
 =  0.006109443572467035
READING COST DATA FOR ITERATION 5
303.294970 seconds (65.28 M allocations: 7.525 GiB, 46.96% gc time)
CREATING EXPRESSIONS FOR CAPITAL AND FIXED COST
 80.376870 seconds (42.24 M allocations: 2.627 GiB, 94.95% gc time)
BUILDING OBJECTIVE FUNCTION
 16.021019 seconds (26.76 M allocations: 893.523 MiB, 79.59% gc time)
Optimizing for iteration 5
 21.826645 seconds (2 allocations: 32 bytes)
OPTIMAL
2.5112469501002703e9
 =  0.0006960597611998868
ITERATIONS COMPLETED
WRITING RESULTS TO FILE
 28.307820 seconds (17.61 M allocations: 771.913 MiB, 90.45% gc time, 45.32% compilation time)

OPTIMIZING FROM 2036 TO 2040 

STARTING OPTIMIZATION MODEL CREATION
CREATING VARIABLES AND EXPRESSIONS
449.238361 seconds (173.58 M allocations: 10.747 GiB, 97.08% gc time)
POPULATING EXPRESSIONS
 19.537924 seconds (75.84 M allocations: 11.724 GiB, 17.50% gc time)
CREATING CONSTRAINTS
133.567825 seconds (109.40 M allocations: 5.936 GiB, 89.22% gc time, 0.10% compilation time)
POPULATED CORE OPTIMIZATION MODEL, STARTING ITERATIONS
READING COST DATA FOR ITERATION 1
143.989412 seconds (65.13 M allocations: 7.424 GiB, 86.90% gc time)
CREATING EXPRESSIONS FOR CAPITAL AND FIXED COST
 60.180492 seconds (42.35 M allocations: 2.632 GiB, 93.13% gc time, 0.24% compilation time)
BUILDING OBJECTIVE FUNCTION
 15.529221 seconds (26.76 M allocations: 866.243 MiB, 78.54% gc time)
Optimizing for iteration 1
162.014305 seconds (38.80 M allocations: 3.393 GiB, 72.71% gc time)
OPTIMAL
3.914577176537619e13
 =  1.0
READING COST DATA FOR ITERATION 2
283.803461 seconds (65.36 M allocations: 7.431 GiB, 49.51% gc time)
CREATING EXPRESSIONS FOR CAPITAL AND FIXED COST
 66.448188 seconds (42.35 M allocations: 2.630 GiB, 93.80% gc time)
BUILDING OBJECTIVE FUNCTION
 15.949795 seconds (26.76 M allocations: 893.540 MiB, 79.65% gc time)
Optimizing for iteration 2
 24.868751 seconds (5 allocations: 32 bytes)
OPTIMAL
3.309322033025472e9
 =  11827.939998802003
READING COST DATA FOR ITERATION 3
282.744652 seconds (65.33 M allocations: 7.653 GiB, 49.91% gc time)
CREATING EXPRESSIONS FOR CAPITAL AND FIXED COST
 80.532490 seconds (42.35 M allocations: 2.630 GiB, 94.64% gc time)
BUILDING OBJECTIVE FUNCTION
 16.329321 seconds (26.76 M allocations: 893.540 MiB, 79.33% gc time)
Optimizing for iteration 3
 23.993894 seconds (2 allocations: 32 bytes)
OPTIMAL
3.0198118979508057e9
 =  0.09587025445910383
READING COST DATA FOR ITERATION 4
284.302702 seconds (65.33 M allocations: 7.430 GiB, 50.10% gc time)
CREATING EXPRESSIONS FOR CAPITAL AND FIXED COST
 67.553348 seconds (42.35 M allocations: 2.630 GiB, 93.79% gc time)
BUILDING OBJECTIVE FUNCTION
 15.772983 seconds (26.76 M allocations: 893.540 MiB, 80.54% gc time)
Optimizing for iteration 4
 24.692056 seconds (2 allocations: 32 bytes)
OPTIMAL
3.042072297008382e9
 =  0.007317511513316351
READING COST DATA FOR ITERATION 5
285.222508 seconds (65.33 M allocations: 7.430 GiB, 50.29% gc time)
CREATING EXPRESSIONS FOR CAPITAL AND FIXED COST
 67.889319 seconds (42.35 M allocations: 2.630 GiB, 93.69% gc time)
BUILDING OBJECTIVE FUNCTION
 16.156384 seconds (26.76 M allocations: 893.540 MiB, 79.61% gc time)
Optimizing for iteration 5
 23.977706 seconds (2 allocations: 32 bytes)
OPTIMAL
3.0339170024112267e9
 =  0.002688041429861957
READING COST DATA FOR ITERATION 6
286.275830 seconds (65.33 M allocations: 7.478 GiB, 50.45% gc time)
CREATING EXPRESSIONS FOR CAPITAL AND FIXED COST
 68.182103 seconds (42.35 M allocations: 2.630 GiB, 93.83% gc time)
BUILDING OBJECTIVE FUNCTION
 16.004803 seconds (26.76 M allocations: 896.928 MiB, 80.43% gc time)
Optimizing for iteration 6
 24.186844 seconds (2 allocations: 32 bytes)
OPTIMAL
3.0339170024112267e9
 =  0.0
ITERATIONS COMPLETED
WRITING RESULTS TO FILE
 28.533247 seconds (23.67 M allocations: 996.258 MiB, 90.35% gc time)

THE OPTIMIZATION PROBLEM TOOK 112.21 MINUTES TO SOLVE. 
