Running HiGHS 1.6.0: Copyright (c) 2023 HiGHS under MIT licence terms
Presolving model
1205112 rows, 2658686 cols, 6784502 nonzeros
921925 rows, 1794043 cols, 5053149 nonzeros
913766 rows, 1032322 cols, 3525878 nonzeros
904241 rows, 1022144 cols, 3505537 nonzeros
Presolve : Reductions: rows 904241(-9326526); columns 1022144(-5887878); elements 3505537(-35736117)
Solving the presolved LP
IPX model has 904241 rows, 1022144 columns and 3505537 nonzeros
Input
    Number of variables:                                1022144
    Number of free variables:                           0
    Number of constraints:                              904241
    Number of equality constraints:                     56190
    Number of matrix entries:                           3505537
    Matrix range:                                       [1e-02, 1e+00]
    RHS range:                                          [2e+05, 1e+08]
    Objective range:                                    [2e-04, 4e+01]
    Bounds range:                                       [7e+05, 9e+07]
Preprocessing
    Dualized model:                                     no
    Number of dense columns:                            0
    Range of scaling factors:                           [1.00e+00, 2.00e+00]
IPX version 1.0
Interior Point Solve
 Iter     P.res    D.res            P.obj           D.obj        mu     Time
   0   1.77e+07 3.20e+01   3.79668029e+09 -8.68405517e+13  6.09e+08       1s
   1   6.80e+06 2.63e+01   2.36156651e+12 -7.51510241e+13  5.44e+08       2s
   2   3.80e+06 2.32e+01   4.29986602e+12 -7.12913953e+13  6.20e+08       5s
   3   1.45e+06 7.34e+00   4.56495515e+12 -2.51770629e+13  2.03e+08       8s
   4   5.45e+05 4.47e+00   4.91535870e+12 -1.79366384e+13  1.41e+08      13s
   5   2.48e+05 2.35e+00   4.83984059e+12 -1.13948611e+13  8.19e+07      23s
 Constructing starting basis...
   6   5.62e+04 1.20e+00   4.30589518e+12 -6.90906534e+12  4.87e+07      50s
   7   1.20e+04 3.11e-01   3.02470708e+12 -1.81290169e+12  1.33e+07      69s
   8   9.12e+02 1.56e-01   1.98312084e+12 -1.14913479e+12  7.53e+06      92s
   9   3.50e+02 5.36e-02   1.46347135e+12 -4.99762499e+11  3.03e+06     116s
  10   2.95e+02 3.51e-02   1.43675975e+12 -4.17348409e+11  2.32e+06     141s
  11   1.22e+02 2.09e-02   1.03002422e+12 -2.86666897e+11  1.46e+06     165s
  12   4.27e+01 5.91e-03   5.77301509e+11 -9.18204518e+10  5.20e+05     186s
  13   8.00e+00 1.89e-03   2.52374203e+11 -3.67157559e+10  1.84e+05     205s
  14   2.35e+00 3.28e-04   1.53995687e+11 -1.23465602e+10  8.94e+04     223s
  15   1.44e+00 4.57e-05   1.27834724e+11 -4.95316593e+09  6.83e+04     239s
  16   4.60e-01 1.32e-05   7.56623994e+10 -9.20746589e+08  3.92e+04     254s
  17   2.54e-01 9.65e-06   5.08681685e+10  4.26597996e+08  2.58e+04     269s
  18   1.23e-01 5.47e-06   3.84130553e+10  1.64551333e+09  1.88e+04     285s
  19   7.46e-02 2.78e-06   3.03114028e+10  2.81797090e+09  1.40e+04     303s
  20   5.56e-02 2.00e-06   2.58995666e+10  3.26806112e+09  1.16e+04     325s
  21   3.89e-02 1.56e-06   2.10193857e+10  3.59554921e+09  8.89e+03     349s
  22   2.26e-02 9.57e-07   1.56500921e+10  4.10164251e+09  5.89e+03     374s
  23   1.69e-02 5.86e-07   1.40326700e+10  4.38898838e+09  4.92e+03     404s
  24   1.08e-02 3.58e-07   1.15358831e+10  4.65224722e+09  3.51e+03     436s
  25   9.76e-03 3.02e-07   1.10974587e+10  4.72582696e+09  3.25e+03     473s
  26   6.54e-03 2.34e-07   9.46680614e+09  4.83007818e+09  2.37e+03     502s
  27   5.26e-03 2.00e-07   8.93615028e+09  4.86864867e+09  2.08e+03     533s
  28   4.25e-03 1.58e-07   8.57014962e+09  4.90877720e+09  1.87e+03     560s
  29   3.09e-03 1.08e-07   8.13424430e+09  4.96038940e+09  1.62e+03     589s
  30   2.25e-03 5.38e-08   7.63487978e+09  5.05001156e+09  1.32e+03     618s
  31   1.66e-03 3.82e-08   7.16985446e+09  5.08852884e+09  1.06e+03     656s
  32   1.20e-03 1.92e-08   6.80705583e+09  5.13549485e+09  8.53e+02     699s
  33   9.30e-04 1.19e-08   6.53333074e+09  5.16337243e+09  6.99e+02     740s
  34   8.87e-04 1.07e-08   6.48509561e+09  5.16941499e+09  6.71e+02     782s
  35   6.43e-04 6.83e-09   6.18115575e+09  5.19164120e+09  5.05e+02     813s
  36   5.39e-04 4.24e-09   6.09308879e+09  5.19813323e+09  4.57e+02     858s
  37   3.19e-04 2.73e-09   5.79319414e+09  5.21121606e+09  2.97e+02     889s
  38   2.28e-04 1.69e-09   5.68855788e+09  5.21844307e+09  2.40e+02     931s
  39   2.16e-04 1.64e-09   5.66868477e+09  5.21894673e+09  2.29e+02     969s
  40   1.25e-04 9.14e-10   5.52743297e+09  5.22773013e+09  1.53e+02     994s
  41   9.32e-05 7.46e-10   5.46729657e+09  5.23060149e+09  1.21e+02    1029s
  42   6.20e-05 4.99e-10   5.40808786e+09  5.23483085e+09  8.84e+01    1059s
  43   1.94e-05 3.01e-10   5.37255997e+09  5.23578201e+09  6.98e+01    1088s
  44   1.11e-05 2.03e-10   5.32979262e+09  5.23887646e+09  4.64e+01    1114s
  45   9.66e-06 1.53e-10   5.32733874e+09  5.23955059e+09  4.48e+01    1143s
  46   6.23e-06 1.03e-10   5.30587145e+09  5.24162244e+09  3.28e+01    1165s
  47   5.87e-06 9.73e-11   5.30362520e+09  5.24184948e+09  3.15e+01    1191s
  48   2.26e-06 6.42e-11   5.27906708e+09  5.24330270e+09  1.82e+01    1212s
  49   1.61e-06 3.52e-11   5.27670326e+09  5.24425685e+09  1.66e+01    1237s
  50   1.52e-06 2.92e-11   5.27519453e+09  5.24477284e+09  1.55e+01    1259s
  51   9.54e-07 2.12e-11   5.26609034e+09  5.24546205e+09  1.05e+01    1279s
  52   4.17e-07 8.09e-12   5.26058042e+09  5.24625574e+09  7.31e+00    1300s
  53   2.98e-07 4.57e-12   5.25661930e+09  5.24674967e+09  5.04e+00    1321s
  54   4.17e-07 3.37e-12   5.25414614e+09  5.24692394e+09  3.68e+00    1342s
  55   5.07e-07 1.53e-12   5.25143488e+09  5.24720249e+09  2.16e+00    1361s
  56   1.49e-07 1.00e-12   5.25017910e+09  5.24730846e+09  1.46e+00    1381s
  57   1.49e-07 6.82e-13   5.24906094e+09  5.24737661e+09  8.59e-01    1400s
  58   1.79e-07 3.13e-13   5.24829117e+09  5.24746291e+09  4.23e-01    1419s
  59   2.09e-07 1.42e-13   5.24777056e+09  5.24751105e+09  1.32e-01    1438s
  60   3.58e-07 4.26e-14   5.24762046e+09  5.24754456e+09  3.87e-02    1457s
  61   3.28e-07 2.13e-14   5.24756243e+09  5.24755394e+09  4.33e-03    1475s
  62   5.66e-07 2.13e-14   5.24755494e+09  5.24755434e+09  3.04e-04    1490s
  63   2.68e-07 2.13e-14   5.24755451e+09  5.24755446e+09  2.93e-05    1507s
  64   3.28e-07 2.13e-14   5.24755450e+09  5.24755449e+09  5.28e-06    1526s
  65*  5.07e-07 2.13e-14   5.24755450e+09  5.24755449e+09  4.84e-07    1542s
Summary
    Runtime:                                            1542.44s
    Status interior point solve:                        optimal
    Status crossover:                                   not run
    objective value:                                    5.24755450e+09
    interior solution primal residual (abs/rel):        2.09e-07 / 1.88e-15
    interior solution dual residual (abs/rel):          2.17e-10 / 4.73e-12
    interior solution objective gap (abs/rel):          9.11e-01 / 1.74e-10
Ipx: IPM       optimal
Model   status      : Optimal
IPM       iterations: 65
Objective value     :  5.2475544950e+09
HiGHS run time      :       1555.13
Presolving model
1205112 rows, 2658686 cols, 6784502 nonzeros
921925 rows, 1794043 cols, 5053149 nonzeros
913766 rows, 1032322 cols, 3525878 nonzeros
904241 rows, 1022144 cols, 3505537 nonzeros
Presolve : Reductions: rows 904241(-9356586); columns 1022144(-5887878); elements 3505537(-35766177)
Solving the presolved LP
IPX model has 904241 rows, 1022144 columns and 3505537 nonzeros
Input
    Number of variables:                                1022144
    Number of free variables:                           0
    Number of constraints:                              904241
    Number of equality constraints:                     56190
    Number of matrix entries:                           3505537
    Matrix range:                                       [1e-02, 1e+00]
    RHS range:                                          [2e+05, 1e+08]
    Objective range:                                    [2e-04, 1e+07]
    Bounds range:                                       [7e+05, 9e+07]
Preprocessing
    Dualized model:                                     no
    Number of dense columns:                            0
    Range of scaling factors:                           [1.00e+00, 2.00e+00]
IPX version 1.0
Interior Point Solve
 Iter     P.res    D.res            P.obj           D.obj        mu     Time
   0   1.77e+07 2.86e+06   2.12686228e+14 -7.75135590e+18  5.47e+13       0s
   1   7.02e+06 2.38e+06   7.08665439e+17 -6.77957724e+18  4.94e+13       2s
   2   3.87e+06 2.08e+06   1.19952770e+18 -6.39494262e+18  5.56e+13       5s
   3   1.53e+06 6.77e+05   1.24740392e+18 -2.33618039e+18  1.89e+13       8s
   4   5.95e+05 4.09e+05   1.28392654e+18 -1.66591756e+18  1.29e+13      14s
   5   2.78e+05 2.20e+05   1.22186696e+18 -1.09328566e+18  7.65e+12      23s
 Constructing starting basis...
   6   1.07e+05 1.29e+05   1.09081743e+18 -7.55301275e+17  5.09e+12      53s
   7   1.16e+04 3.75e+04   6.94078398e+17 -2.47277206e+17  1.55e+12      74s
   8   9.92e+02 1.82e+04   4.11022527e+17 -1.42222424e+17  7.28e+11     101s
   9   4.69e+02 6.73e+03   3.07227503e+17 -6.51662649e+16  3.35e+11     123s
  10   4.35e+02 4.53e+03   3.02455449e+17 -5.57179435e+16  2.81e+11     147s
  11   2.40e+02 1.97e+03   2.09055374e+17 -2.87738821e+16  1.56e+11     169s
  12   1.86e+02 1.02e+03   1.80782831e+17 -1.95215053e+16  1.19e+11     195s
  13   1.13e+02 4.93e+02   1.17154958e+17 -1.01558370e+16  7.13e+10     220s
  14   6.20e+01 2.02e+02   6.89730777e+16 -4.71454622e+15  3.96e+10     243s
  15   3.11e+01 6.41e+01   3.79151107e+16 -1.86301172e+15  2.08e+10     264s
  16   9.68e+00 2.15e+01   1.35380097e+16 -7.66928515e+14  7.45e+09     280s
  17   3.45e+00 1.40e+01   7.66189880e+15 -6.32719436e+14  4.38e+09     295s
  18   1.78e+00 7.06e+00   5.18085515e+15 -4.22737262e+14  2.95e+09     312s
  19   1.91e-06 2.52e+00   1.82094955e+15 -2.42967253e+14  1.10e+09     328s
  20   8.94e-07 1.05e+00   5.90962407e+14 -1.11931872e+14  3.78e+08     347s
  21   7.75e-07 4.52e-01   2.57763554e+14 -5.28591725e+13  1.66e+08     367s
  22   1.07e-06 1.55e-01   8.87814301e+13 -1.90288316e+13  5.75e+07     385s
  23   6.56e-07 4.92e-02   2.67314282e+13 -6.51397657e+12  1.76e+07     404s
  24   7.15e-07 2.49e-02   2.34653848e+13 -3.82814315e+12  1.43e+07     421s
  25   5.96e-07 1.26e-02   1.33320746e+13 -2.02094373e+12  7.98e+06     439s
  26   5.96e-07 5.16e-03   7.79102552e+12 -1.01144547e+12  4.54e+06     455s
  27   5.96e-07 2.98e-03   4.86155246e+12 -6.42106880e+11  2.83e+06     472s
  28   5.96e-07 1.78e-03   4.13515457e+12 -4.29049040e+11  2.34e+06     489s
  29   5.96e-07 9.61e-04   2.80953075e+12 -2.53415083e+11  1.57e+06     505s
  30   4.77e-07 6.67e-04   2.08837098e+12 -1.91181036e+11  1.17e+06     522s
  31   5.96e-07 3.55e-04   1.96463042e+12 -1.33981509e+11  1.07e+06     538s
  32   5.96e-07 2.56e-04   1.54099467e+12 -1.03596865e+11  8.40e+05     554s
  33   6.56e-07 1.45e-04   1.22200696e+12 -6.62508715e+10  6.58e+05     569s
  34   5.07e-07 8.76e-05   1.04902868e+12 -4.59943425e+10  5.59e+05     585s
  35   4.77e-07 4.65e-05   9.11041849e+11 -3.49772424e+10  4.83e+05     600s
  36   4.77e-07 2.75e-05   6.91198959e+11 -2.09433053e+10  3.63e+05     615s
  37   2.98e-07 1.71e-05   5.21182758e+11 -9.35088968e+09  2.71e+05     630s
  38   2.38e-07 1.11e-05   3.95832714e+11 -4.72532146e+09  2.04e+05     644s
  39   1.79e-07 5.23e-06   2.15252930e+11  5.46699392e+09  1.07e+05     658s
  40   2.68e-07 4.46e-06   2.07951342e+11  6.65466026e+09  1.03e+05     675s
  41   2.68e-07 2.49e-06   1.52016832e+11  1.07203382e+10  7.21e+04     689s
  42   1.19e-07 1.37e-06   9.16912417e+10  1.37434261e+10  3.98e+04     703s
  43   2.38e-07 7.38e-07   7.72912172e+10  1.54109527e+10  3.16e+04     717s
  44   1.79e-07 5.59e-07   7.06103856e+10  1.61046385e+10  2.78e+04     731s
  45   3.58e-07 2.62e-07   4.56189845e+10  1.72040383e+10  1.45e+04     743s
  46   2.68e-07 9.31e-08   3.41301127e+10  1.78477159e+10  8.31e+03     755s
  47   1.29e-07 3.54e-08   2.52336646e+10  1.82588893e+10  3.56e+03     768s
  48   3.87e-07 1.68e-08   2.18120574e+10  1.84563082e+10  1.71e+03     781s
  49   3.58e-07 8.38e-09   2.00215114e+10  1.85805974e+10  7.35e+02     793s
  50   2.68e-07 5.59e-09   1.93124259e+10  1.86277808e+10  3.49e+02     805s
  51   1.79e-07 3.73e-09   1.90003733e+10  1.86505543e+10  1.78e+02     817s
  52   2.38e-07 3.73e-09   1.87546689e+10  1.86680647e+10  4.42e+01     829s
  53   6.26e-07 3.73e-09   1.86934429e+10  1.86739659e+10  9.94e+00     841s
  54   4.77e-07 3.73e-09   1.86799903e+10  1.86755230e+10  2.28e+00     851s
  55   2.38e-07 3.73e-09   1.86767218e+10  1.86758061e+10  4.67e-01     862s
  56   1.19e-07 3.73e-09   1.86759239e+10  1.86758344e+10  4.57e-02     872s
  57   3.28e-07 3.73e-09   1.86758484e+10  1.86758448e+10  1.83e-03     883s
  58   6.26e-07 3.73e-09   1.86758467e+10  1.86758458e+10  4.54e-04     894s
  59   2.38e-06 1.86e-09   1.86758462e+10  1.86758461e+10  4.92e-05     906s
  60*  1.13e-06 1.86e-09   1.86758462e+10  1.86758462e+10  5.50e-06     918s
Summary
    Runtime:                                            917.83s
    Status interior point solve:                        optimal
    Status crossover:                                   not run
    objective value:                                    1.86758462e+10
    interior solution primal residual (abs/rel):        1.49e-06 / 1.34e-14
    interior solution dual residual (abs/rel):          9.31e-10 / 9.62e-17
    interior solution objective gap (abs/rel):          9.08e+00 / 4.86e-10
Ipx: IPM       optimal
Model   status      : Optimal
IPM       iterations: 60
Objective value     :  1.8675846197e+10
HiGHS run time      :        930.24
Presolving model
1205112 rows, 2658686 cols, 6784502 nonzeros
921925 rows, 1794043 cols, 5053149 nonzeros
913766 rows, 1032322 cols, 3525878 nonzeros
904241 rows, 1022144 cols, 3505537 nonzeros
Presolve : Reductions: rows 904241(-9386646); columns 1022144(-5887878); elements 3505537(-35796237)
Solving the presolved LP
IPX model has 904241 rows, 1022144 columns and 3505537 nonzeros
Input
    Number of variables:                                1022144
    Number of free variables:                           0
    Number of constraints:                              904241
    Number of equality constraints:                     56190
    Number of matrix entries:                           3505537
    Matrix range:                                       [1e-02, 1e+00]
    RHS range:                                          [2e+05, 1e+08]
    Objective range:                                    [2e-04, 1e+07]
    Bounds range:                                       [7e+05, 9e+07]
Preprocessing
    Dualized model:                                     no
    Number of dense columns:                            0
    Range of scaling factors:                           [1.00e+00, 2.00e+00]
IPX version 1.0
Interior Point Solve
 Iter     P.res    D.res            P.obj           D.obj        mu     Time
   0   1.77e+07 2.86e+06   2.22243741e+14 -7.74697578e+18  5.47e+13       0s
   1   7.02e+06 2.38e+06   7.18789134e+17 -6.77563731e+18  4.94e+13       2s
   2   3.88e+06 2.08e+06   1.21641495e+18 -6.39160901e+18  5.56e+13       5s
   3   1.52e+06 6.77e+05   1.26648454e+18 -2.33443896e+18  1.89e+13       8s
   4   5.89e+05 4.09e+05   1.30497496e+18 -1.66390838e+18  1.28e+13      14s
   5   2.74e+05 2.20e+05   1.24390570e+18 -1.09101739e+18  7.63e+12      23s
 Constructing starting basis...
   6   1.02e+05 1.27e+05   1.10779265e+18 -7.47986496e+17  5.03e+12      54s
   7   9.36e+03 3.78e+04   6.99533792e+17 -2.47477226e+17  1.55e+12      76s
   8   9.36e-03 1.79e+04   3.89880892e+17 -1.38685177e+17  6.85e+11     102s
   9   4.62e-03 6.64e+03   3.02957329e+17 -6.47173890e+16  3.24e+11     125s
  10   4.28e-03 4.37e+03   2.98159053e+17 -5.43330830e+16  2.69e+11     149s
  11   2.22e-03 2.00e+03   1.94377260e+17 -2.79660230e+16  1.45e+11     173s
  12   1.53e-03 9.61e+02   1.59182840e+17 -1.82151341e+16  1.04e+11     199s
  13   8.51e-04 3.98e+02   9.75998866e+16 -8.49650767e+15  5.83e+10     222s
  14   4.41e-04 1.72e+02   5.45464217e+16 -4.05890843e+15  3.12e+10     243s
  15   1.24e-04 6.68e+01   1.91699893e+16 -1.81135920e+15  1.11e+10     261s
  16   3.59e-05 3.57e+01   7.47805732e+15 -1.05090950e+15  4.53e+09     276s
  17   1.20e-05 1.76e+01   4.77380357e+15 -6.37331696e+14  2.87e+09     293s
  18   6.62e-06 1.08e+01   3.09147973e+15 -4.09717596e+14  1.86e+09     310s
  19   3.04e-06 7.72e+00   1.67760644e+15 -2.96727637e+14  1.06e+09     328s
  20   1.13e-06 5.14e+00   9.35042379e+14 -2.03632196e+14  6.20e+08     345s
  21   4.47e-07 3.16e+00   4.33333591e+14 -1.27964919e+14  3.11e+08     364s
  22   4.77e-07 1.89e+00   2.03443061e+14 -7.91035933e+13  1.59e+08     383s
  23   4.47e-07 8.62e-01   9.62866091e+13 -3.85273800e+13  7.59e+07     400s
  24   4.17e-07 3.83e-01   5.07441691e+13 -1.83294520e+13  3.85e+07     418s
  25   4.17e-07 1.24e-01   4.05668727e+13 -6.72031377e+12  2.52e+07     436s
  26   4.17e-07 3.68e-02   1.86248246e+13 -2.22802235e+12  1.09e+07     454s
  27   4.17e-07 1.70e-02   9.39821831e+12 -1.15849516e+12  5.51e+06     470s
  28   3.58e-07 5.68e-03   3.61108467e+12 -4.08506383e+11  2.08e+06     487s
  29   4.17e-07 3.03e-03   2.10669011e+12 -2.33329597e+11  1.21e+06     503s
  30   2.98e-07 1.71e-03   1.44237768e+12 -1.41556261e+11  8.14e+05     519s
  31   2.38e-07 1.21e-03   1.33863153e+12 -1.12371783e+11  7.44e+05     535s
  32   2.98e-07 4.14e-04   7.39818346e+11 -3.87043745e+10  3.98e+05     550s
  33   2.38e-07 2.23e-04   5.46073001e+11 -2.46986441e+10  2.92e+05     565s
  34   2.09e-07 8.15e-05   3.59769429e+11 -8.32233326e+09  1.88e+05     579s
  35   1.79e-07 3.70e-05   2.15031656e+11 -6.87490941e+08  1.10e+05     594s
  36   2.09e-07 1.28e-05   1.28866913e+11  4.01489686e+09  6.37e+04     608s
  37   2.38e-07 4.26e-06   7.43737498e+10  8.47047544e+09  3.36e+04     623s
  38   3.28e-07 8.64e-07   4.39193314e+10  1.04886050e+10  1.71e+04     637s
  39   3.28e-07 2.99e-07   3.17115679e+10  1.11159667e+10  1.05e+04     650s
  40   2.98e-07 4.00e-08   2.49937464e+10  1.14363179e+10  6.92e+03     663s
  41   3.87e-07 1.86e-08   1.48604814e+10  1.16716137e+10  1.63e+03     677s
  42   2.68e-07 8.38e-09   1.31981738e+10  1.18360634e+10  6.95e+02     693s
  43   2.09e-07 5.59e-09   1.24360157e+10  1.18976213e+10  2.75e+02     708s
  44   2.09e-07 3.73e-09   1.21044187e+10  1.19444246e+10  8.16e+01     722s
  45   3.87e-07 3.73e-09   1.20170851e+10  1.19573915e+10  3.05e+01     735s
  46   5.07e-07 3.73e-09   1.19727677e+10  1.19647644e+10  4.08e+00     748s
  47   4.17e-07 3.73e-09   1.19684959e+10  1.19658866e+10  1.33e+00     761s
  48   5.66e-07 3.73e-09   1.19661348e+10  1.19659444e+10  9.71e-02     773s
  49   4.47e-07 3.73e-09   1.19660001e+10  1.19659559e+10  2.25e-02     785s
  50   3.58e-07 3.73e-09   1.19659598e+10  1.19659577e+10  1.07e-03     797s
  51   4.47e-07 3.73e-09   1.19659588e+10  1.19659583e+10  2.21e-04     812s
  52   9.24e-07 1.86e-09   1.19659587e+10  1.19659586e+10  1.07e-05     828s
  53*  5.66e-07 1.86e-09   1.19659587e+10  1.19659587e+10  1.25e-06     842s
Summary
    Runtime:                                            842.04s
    Status interior point solve:                        optimal
    Status crossover:                                   not run
    objective value:                                    1.19659587e+10
    interior solution primal residual (abs/rel):        5.96e-07 / 5.37e-15
    interior solution dual residual (abs/rel):          9.31e-10 / 9.62e-17
    interior solution objective gap (abs/rel):          1.65e+00 / 1.38e-10
Ipx: IPM       optimal
Model   status      : Optimal
IPM       iterations: 53
Objective value     :  1.1965958653e+10
HiGHS run time      :        854.47
Presolving model
1205112 rows, 2658686 cols, 6784502 nonzeros
921925 rows, 1794043 cols, 5053149 nonzeros
913766 rows, 1032322 cols, 3525878 nonzeros
904241 rows, 1022144 cols, 3505537 nonzeros
Presolve : Reductions: rows 904241(-9416706); columns 1022144(-5887878); elements 3505537(-35826297)
Solving the presolved LP
IPX model has 904241 rows, 1022144 columns and 3505537 nonzeros
Input
    Number of variables:                                1022144
    Number of free variables:                           0
    Number of constraints:                              904241
    Number of equality constraints:                     56190
    Number of matrix entries:                           3505537
    Matrix range:                                       [1e-02, 1e+00]
    RHS range:                                          [2e+05, 1e+08]
    Objective range:                                    [2e-04, 1e+07]
    Bounds range:                                       [7e+05, 9e+07]
Preprocessing
    Dualized model:                                     no
    Number of dense columns:                            0
    Range of scaling factors:                           [1.00e+00, 2.00e+00]
IPX version 1.0
Interior Point Solve
 Iter     P.res    D.res            P.obj           D.obj        mu     Time
   0   1.77e+07 2.86e+06   2.22357590e+14 -7.74698665e+18  5.47e+13       0s
   1   7.02e+06 2.38e+06   7.19063731e+17 -6.77561738e+18  4.94e+13       2s
   2   3.88e+06 2.08e+06   1.21689052e+18 -6.39160200e+18  5.56e+13       5s
   3   1.52e+06 6.77e+05   1.26704287e+18 -2.33437524e+18  1.89e+13       8s
   4   5.89e+05 4.09e+05   1.30555085e+18 -1.66389977e+18  1.28e+13      14s
   5   2.74e+05 2.20e+05   1.24448342e+18 -1.09092657e+18  7.63e+12      23s
 Constructing starting basis...
   6   1.01e+05 1.27e+05   1.10782485e+18 -7.46566927e+17  5.02e+12      54s
   7   9.21e+03 3.75e+04   6.98557927e+17 -2.45798629e+17  1.54e+12      75s
   8   9.21e-03 1.84e+04   3.89625377e+17 -1.41312359e+17  6.97e+11      99s
   9   4.42e-03 6.71e+03   3.00404435e+17 -6.46878297e+16  3.23e+11     120s
  10   4.09e-03 4.44e+03   2.95792876e+17 -5.44186394e+16  2.69e+11     144s
  11   2.19e-03 2.02e+03   1.97791608e+17 -2.81051313e+16  1.47e+11     166s
  12   1.58e-03 1.00e+03   1.65064046e+17 -1.85108277e+16  1.08e+11     192s
  13   8.49e-04 4.45e+02   9.75376177e+16 -9.02754576e+15  5.89e+10     215s
  14   4.37e-04 1.81e+02   5.45156937e+16 -4.09667085e+15  3.12e+10     236s
  15   1.24e-04 6.98e+01   1.93576728e+16 -1.82485574e+15  1.12e+10     253s
  16   4.23e-05 3.75e+01   8.41411374e+15 -1.06244621e+15  5.02e+09     268s
  17   1.37e-05 1.85e+01   4.91345482e+15 -6.38749764e+14  2.94e+09     283s
  18   7.15e-06 1.08e+01   3.15916754e+15 -3.99190578e+14  1.89e+09     300s
  19   3.07e-06 7.81e+00   1.66211233e+15 -2.92893595e+14  1.05e+09     318s
  20   9.54e-07 5.17e+00   8.57646805e+14 -2.00270166e+14  5.79e+08     337s
  21   3.28e-07 3.15e+00   4.14389886e+14 -1.25234181e+14  3.00e+08     356s
  22   2.98e-07 1.89e+00   2.25599930e+14 -7.79229654e+13  1.70e+08     374s
  23   3.58e-07 8.03e-01   1.00892558e+14 -3.50076647e+13  7.58e+07     391s
  24   3.58e-07 3.81e-01   8.62843079e+13 -1.76989079e+13  5.61e+07     408s
  25   4.17e-07 1.15e-01   7.21398896e+13 -5.78172433e+12  4.07e+07     425s
  26   2.98e-07 4.92e-02   2.93851741e+13 -2.58534821e+12  1.67e+07     441s
  27   3.28e-07 1.19e-02   1.59256329e+13 -9.59321788e+11  8.70e+06     456s
  28   4.17e-07 2.26e-03   1.24619383e+13 -4.70690749e+11  6.62e+06     472s
  29   3.58e-07 9.41e-04   4.66654699e+12 -2.00331362e+11  2.49e+06     487s
  30   3.28e-07 3.02e-04   4.04596827e+12 -1.04016619e+11  2.12e+06     502s
  31   2.98e-07 1.06e-04   2.77642658e+12 -5.46094274e+10  1.44e+06     516s
  32   2.38e-07 3.90e-05   1.54075320e+12 -2.17332759e+10  7.97e+05     530s
  33   2.09e-07 1.37e-05   7.25794110e+11 -1.04413304e+10  3.76e+05     544s
  34   2.68e-07 4.28e-06   3.74532051e+11 -3.94769448e+09  1.93e+05     558s
  35   2.98e-07 1.28e-06   1.55894751e+11  3.35213230e+09  7.78e+04     571s
  36   3.58e-07 5.23e-07   8.26542747e+10  6.86055115e+09  3.87e+04     586s
  37   2.38e-07 1.73e-07   5.82475143e+10  8.90399742e+09  2.52e+04     599s
  38   2.98e-07 2.61e-08   3.18990324e+10  1.01283005e+10  1.11e+04     612s
  39   1.79e-07 9.31e-09   1.78449606e+10  1.09004267e+10  3.54e+03     625s
  40   3.28e-07 5.59e-09   1.40711379e+10  1.11512338e+10  1.49e+03     638s
  41   2.98e-07 3.73e-09   1.25139327e+10  1.12690537e+10  6.35e+02     651s
  42   2.68e-07 3.73e-09   1.18865069e+10  1.13213745e+10  2.88e+02     662s
  43   2.09e-07 3.73e-09   1.14906408e+10  1.13550593e+10  6.92e+01     674s
  44   3.58e-07 3.73e-09   1.14054368e+10  1.13658538e+10  2.02e+01     686s
  45   3.87e-07 3.73e-09   1.13794842e+10  1.13701345e+10  4.77e+00     697s
  46   3.87e-07 3.73e-09   1.13722599e+10  1.13707921e+10  7.49e-01     707s
  47   3.28e-07 3.73e-09   1.13711950e+10  1.13709379e+10  1.31e-01     718s
  48   3.87e-07 5.59e-09   1.13710281e+10  1.13710007e+10  1.40e-02     730s
  49   2.09e-07 3.73e-09   1.13710146e+10  1.13710090e+10  2.84e-03     741s
  50   2.68e-07 3.73e-09   1.13710140e+10  1.13710131e+10  4.58e-04     753s
  51   1.34e-06 2.79e-09   1.13710135e+10  1.13710134e+10  4.57e-05     765s
  52   2.41e-06 9.31e-10   1.13710134e+10  1.13710134e+10  1.01e-05     775s
  53*  1.01e-06 9.31e-10   1.13710134e+10  1.13710134e+10  8.87e-07     781s
Summary
    Runtime:                                            781.26s
    Status interior point solve:                        optimal
    Status crossover:                                   not run
    objective value:                                    1.13710134e+10
    interior solution primal residual (abs/rel):        7.15e-07 / 6.44e-15
    interior solution dual residual (abs/rel):          9.31e-10 / 9.62e-17
    interior solution objective gap (abs/rel):          1.25e+00 / 1.10e-10
Ipx: IPM       optimal
Model   status      : Optimal
IPM       iterations: 53
Objective value     :  1.1371013417e+10
HiGHS run time      :        793.29
Presolving model
1205112 rows, 2658686 cols, 6784502 nonzeros
921925 rows, 1794043 cols, 5053149 nonzeros
913766 rows, 1032322 cols, 3525878 nonzeros
904241 rows, 1022144 cols, 3505537 nonzeros
Presolve : Reductions: rows 904241(-9446766); columns 1022144(-5887878); elements 3505537(-35856357)
Solving the presolved LP
IPX model has 904241 rows, 1022144 columns and 3505537 nonzeros
Input
    Number of variables:                                1022144
    Number of free variables:                           0
    Number of constraints:                              904241
    Number of equality constraints:                     56190
    Number of matrix entries:                           3505537
    Matrix range:                                       [1e-02, 1e+00]
    RHS range:                                          [2e+05, 1e+08]
    Objective range:                                    [2e-04, 1e+07]
    Bounds range:                                       [7e+05, 9e+07]
Preprocessing
    Dualized model:                                     no
    Number of dense columns:                            0
    Range of scaling factors:                           [1.00e+00, 2.00e+00]
IPX version 1.0
Interior Point Solve
 Iter     P.res    D.res            P.obj           D.obj        mu     Time
   0   1.77e+07 2.86e+06   2.22372864e+14 -7.74698389e+18  5.47e+13       0s
   1   7.02e+06 2.38e+06   7.19127218e+17 -6.77559999e+18  4.94e+13       2s
   2   3.88e+06 2.08e+06   1.21700297e+18 -6.39156812e+18  5.56e+13       5s
   3   1.52e+06 6.77e+05   1.26716603e+18 -2.33435444e+18  1.89e+13       8s
   4   5.88e+05 4.09e+05   1.30558947e+18 -1.66370521e+18  1.28e+13      14s
   5   2.74e+05 2.20e+05   1.24452665e+18 -1.09078856e+18  7.63e+12      24s
 Constructing starting basis...
   6   1.01e+05 1.27e+05   1.10766468e+18 -7.46222141e+17  5.02e+12      56s
   7   9.47e+03 3.76e+04   7.00147936e+17 -2.46666602e+17  1.54e+12      79s
   8   9.48e-03 1.84e+04   3.90800337e+17 -1.41854217e+17  6.99e+11     105s
   9   4.51e-03 6.63e+03   3.00305262e+17 -6.41841386e+16  3.21e+11     127s
  10   4.19e-03 4.45e+03   2.96453263e+17 -5.48621756e+16  2.70e+11     153s
  11   2.55e-03 2.00e+03   2.16082042e+17 -2.85616371e+16  1.58e+11     180s
  12   2.01e-03 1.03e+03   1.87683830e+17 -1.91795257e+16  1.22e+11     206s
  13   1.26e-03 5.28e+02   1.24315472e+17 -1.04644677e+16  7.49e+10     228s
  14   6.90e-04 2.06e+02   7.28605626e+16 -4.62760383e+15  4.13e+10     250s
  15   1.87e-04 7.06e+01   2.41874420e+16 -1.88164128e+15  1.37e+10     270s
  16   1.26e-04 4.01e+01   1.73710587e+16 -1.16745960e+15  9.67e+09     286s
  17   5.61e-05 2.01e+01   8.73574349e+15 -6.43273735e+14  4.89e+09     301s
  18   2.31e-05 8.04e+00   5.62670612e+15 -4.08686825e+14  3.14e+09     318s
  19   7.63e-06 5.06e+00   2.25633719e+15 -2.66534925e+14  1.33e+09     335s
  20   2.89e-06 3.45e+00   1.14677131e+15 -1.86470617e+14  7.10e+08     354s
  21   1.13e-06 2.41e+00   5.63778205e+14 -1.32537500e+14  3.77e+08     373s
  22   3.87e-07 1.42e+00   2.63190956e+14 -8.11245931e+13  1.89e+08     391s
  23   4.77e-07 7.69e-01   1.81074761e+14 -4.59187215e+13  1.23e+08     410s
  24   5.36e-07 3.56e-01   7.66346584e+13 -2.20729465e+13  5.37e+07     428s
  25   5.07e-07 1.12e-01   3.74150060e+13 -7.65932698e+12  2.41e+07     446s
  26   4.17e-07 2.95e-02   2.11382545e+13 -2.45091965e+12  1.23e+07     464s
  27   4.17e-07 1.14e-02   9.11105457e+12 -1.08745353e+12  5.29e+06     481s
  28   4.17e-07 3.87e-03   4.32654884e+12 -3.97501812e+11  2.43e+06     500s
  29   3.58e-07 1.66e-03   3.87508762e+12 -2.11174522e+11  2.09e+06     517s
  30   2.98e-07 7.11e-04   1.77225548e+12 -9.54495526e+10  9.55e+05     532s
  31   2.98e-07 2.54e-04   1.36080565e+12 -6.04715424e+10  7.26e+05     549s
  32   2.98e-07 7.65e-05   7.71025919e+11 -2.20756448e+10  4.05e+05     565s
  33   3.58e-07 5.85e-05   5.60202300e+11 -1.94322811e+10  2.96e+05     581s
  34   2.38e-07 1.67e-05   2.79445115e+11 -4.19700390e+09  1.45e+05     595s
  35   2.98e-07 6.39e-06   1.75192490e+11  2.13374531e+09  8.83e+04     611s
  36   2.98e-07 2.40e-06   7.79569233e+10  6.85476449e+09  3.63e+04     626s
  37   2.09e-07 6.82e-07   5.53962905e+10  8.77502800e+09  2.38e+04     640s
  38   2.98e-07 1.34e-07   2.64510546e+10  1.04299499e+10  8.17e+03     654s
  39   1.11e-07 4.28e-08   1.60736373e+10  1.08831851e+10  2.65e+03     667s
  40   1.19e-07 2.05e-08   1.33324573e+10  1.10519222e+10  1.16e+03     681s
  41   4.77e-07 1.12e-08   1.19515992e+10  1.11303676e+10  4.19e+02     694s
  42   1.34e-07 5.59e-09   1.15848890e+10  1.11714476e+10  2.11e+02     706s
  43   2.68e-07 3.73e-09   1.13152748e+10  1.11926580e+10  6.26e+01     718s
  44   3.28e-07 2.79e-09   1.12297790e+10  1.11999814e+10  1.52e+01     730s
  45   2.38e-07 2.79e-09   1.12061777e+10  1.12022811e+10  1.99e+00     741s
  46   3.58e-07 3.73e-09   1.12029538e+10  1.12025883e+10  1.86e-01     752s
  47   3.58e-07 3.73e-09   1.12026543e+10  1.12026240e+10  1.55e-02     764s
  48   2.68e-07 3.73e-09   1.12026342e+10  1.12026304e+10  1.94e-03     775s
  49   3.15e-07 3.73e-09   1.12026322e+10  1.12026316e+10  3.07e-04     786s
  50   2.09e-07 1.86e-09   1.12026321e+10  1.12026319e+10  8.23e-05     799s
  51   2.06e-06 1.86e-09   1.12026320e+10  1.12026320e+10  1.37e-05     810s
  52*  1.13e-06 1.86e-09   1.12026320e+10  1.12026320e+10  1.38e-06     818s
Summary
    Runtime:                                            817.93s
    Status interior point solve:                        optimal
    Status crossover:                                   not run
    objective value:                                    1.12026320e+10
    interior solution primal residual (abs/rel):        1.16e-06 / 1.05e-14
    interior solution dual residual (abs/rel):          1.86e-09 / 1.92e-16
    interior solution objective gap (abs/rel):          2.22e+00 / 1.98e-10
Ipx: IPM       optimal
Model   status      : Optimal
IPM       iterations: 52
Objective value     :  1.1202632015e+10
HiGHS run time      :        830.35
Presolving model
1205112 rows, 2658686 cols, 6784502 nonzeros
921925 rows, 1794043 cols, 5053149 nonzeros
913766 rows, 1032322 cols, 3525878 nonzeros
904241 rows, 1022144 cols, 3505537 nonzeros
Presolve : Reductions: rows 904241(-9476826); columns 1022144(-5887878); elements 3505537(-35886417)
Solving the presolved LP
IPX model has 904241 rows, 1022144 columns and 3505537 nonzeros
Input
    Number of variables:                                1022144
    Number of free variables:                           0
    Number of constraints:                              904241
    Number of equality constraints:                     56190
    Number of matrix entries:                           3505537
    Matrix range:                                       [1e-02, 1e+00]
    RHS range:                                          [2e+05, 1e+08]
    Objective range:                                    [2e-04, 1e+07]
    Bounds range:                                       [7e+05, 9e+07]
Preprocessing
    Dualized model:                                     no
    Number of dense columns:                            0
    Range of scaling factors:                           [1.00e+00, 2.00e+00]
IPX version 1.0
Interior Point Solve
 Iter     P.res    D.res            P.obj           D.obj        mu     Time
   0   1.77e+07 2.86e+06   2.22374550e+14 -7.74698896e+18  5.47e+13       0s
   1   7.02e+06 2.38e+06   7.19150599e+17 -6.77560420e+18  4.94e+13       2s
   2   3.88e+06 2.08e+06   1.21704292e+18 -6.39157963e+18  5.56e+13       5s
   3   1.52e+06 6.77e+05   1.26721545e+18 -2.33435686e+18  1.89e+13       8s
   4   5.88e+05 4.09e+05   1.30564392e+18 -1.66370589e+18  1.28e+13      14s
   5   2.74e+05 2.20e+05   1.24457250e+18 -1.09074981e+18  7.63e+12      24s
 Constructing starting basis...
   6   1.01e+05 1.27e+05   1.10758985e+18 -7.46096290e+17  5.02e+12      57s
   7   9.47e+03 3.78e+04   6.99781136e+17 -2.47084230e+17  1.54e+12      81s
   8   9.48e-03 1.85e+04   3.91176186e+17 -1.42093161e+17  7.01e+11     109s
   9   4.49e-03 6.64e+03   3.00280337e+17 -6.42005510e+16  3.22e+11     132s
  10   4.18e-03 4.48e+03   2.96453700e+17 -5.49372313e+16  2.71e+11     157s
  11   2.55e-03 2.00e+03   2.16525847e+17 -2.85641820e+16  1.59e+11     180s
  12   2.01e-03 1.05e+03   1.88410367e+17 -1.93577268e+16  1.22e+11     208s
  13   1.27e-03 5.36e+02   1.25179739e+17 -1.05415149e+16  7.55e+10     231s
  14   6.92e-04 2.12e+02   7.32494360e+16 -4.71590935e+15  4.16e+10     253s
  15   1.88e-04 7.14e+01   2.44328406e+16 -1.89029584e+15  1.38e+10     272s
  16   1.29e-04 4.07e+01   1.77885718e+16 -1.17690752e+15  9.89e+09     288s
  17   5.87e-05 2.08e+01   9.02890701e+15 -6.53513326e+14  5.05e+09     303s
  18   2.43e-05 8.60e+00   5.79266870e+15 -4.21067889e+14  3.23e+09     320s
  19   7.03e-06 5.29e+00   2.14816696e+15 -2.70599658e+14  1.27e+09     338s
  20   2.68e-06 3.56e+00   1.16245000e+15 -1.88988535e+14  7.21e+08     356s
  21   1.07e-06 2.51e+00   5.72911818e+14 -1.35057320e+14  3.84e+08     375s
  22   4.17e-07 1.47e+00   2.62389115e+14 -8.21258795e+13  1.90e+08     394s
  23   4.77e-07 8.11e-01   1.85104712e+14 -4.73503683e+13  1.26e+08     412s
  24   5.36e-07 4.01e-01   8.45150237e+13 -2.42191331e+13  5.93e+07     431s
  25   6.56e-07 1.39e-01   5.25955222e+13 -9.54072702e+12  3.31e+07     449s
  26   5.36e-07 5.40e-02   2.58694482e+13 -3.98640240e+12  1.57e+07     467s
  27   5.36e-07 1.37e-02   1.02389317e+13 -1.16967112e+12  5.93e+06     485s
  28   4.17e-07 5.84e-03   3.88171966e+12 -5.27181684e+11  2.28e+06     503s
  29   4.17e-07 2.46e-03   2.94914377e+12 -2.65640428e+11  1.65e+06     520s
  30   3.58e-07 1.05e-03   1.92407422e+12 -1.28555316e+11  1.05e+06     537s
  31   2.38e-07 3.37e-04   1.46118112e+12 -4.87944014e+10  7.71e+05     553s
  32   2.98e-07 1.45e-04   1.07881638e+12 -3.67939356e+10  5.70e+05     570s
  33   3.87e-07 1.97e-05   6.98155652e+11 -9.89040729e+09  3.61e+05     585s
  34   3.58e-07 5.57e-06   3.42905480e+11 -9.09276667e+08  1.75e+05     600s
  35   5.07e-07 1.90e-06   1.32769280e+11  3.96108534e+09  6.57e+04     616s
  36   2.68e-07 8.46e-07   8.08740365e+10  6.55195620e+09  3.79e+04     631s
  37   4.47e-07 2.24e-07   4.21690536e+10  9.17791266e+09  1.68e+04     647s
  38   3.28e-07 5.03e-08   2.52162263e+10  1.01851177e+10  7.67e+03     661s
  39   3.28e-07 1.86e-08   1.59045471e+10  1.07952927e+10  2.61e+03     675s
  40   3.28e-07 9.31e-09   1.30322111e+10  1.09891825e+10  1.04e+03     689s
  41   2.38e-07 5.59e-09   1.17655401e+10  1.10740441e+10  3.53e+02     702s
  42   2.38e-07 3.73e-09   1.14478257e+10  1.11277926e+10  1.63e+02     715s
  43   1.29e-07 3.73e-09   1.12552022e+10  1.11494741e+10  5.39e+01     728s
  44   1.22e-07 3.73e-09   1.11724424e+10  1.11577785e+10  7.48e+00     740s
  45   4.77e-07 3.73e-09   1.11604554e+10  1.11594662e+10  5.05e-01     752s
  46   3.28e-07 3.73e-09   1.11598572e+10  1.11597033e+10  7.85e-02     765s
  47   2.38e-07 3.73e-09   1.11598059e+10  1.11597774e+10  1.45e-02     777s
  48   1.06e-07 3.73e-09   1.11598035e+10  1.11598017e+10  9.26e-04     790s
  49   4.77e-07 1.86e-09   1.11598030e+10  1.11598027e+10  1.46e-04     803s
  50   2.03e-06 1.86e-09   1.11598029e+10  1.11598028e+10  3.29e-05     816s
  51*  7.45e-07 1.86e-09   1.11598029e+10  1.11598029e+10  7.13e-06     827s
Summary
    Runtime:                                            827.36s
    Status interior point solve:                        optimal
    Status crossover:                                   not run
    objective value:                                    1.11598029e+10
    interior solution primal residual (abs/rel):        6.26e-07 / 5.64e-15
    interior solution dual residual (abs/rel):          9.31e-10 / 9.62e-17
    interior solution objective gap (abs/rel):          1.07e+01 / 9.62e-10
Ipx: IPM       optimal
Model   status      : Optimal
IPM       iterations: 51
Objective value     :  1.1159802883e+10
HiGHS run time      :        839.27
Presolving model
1205112 rows, 2658686 cols, 6784502 nonzeros
921925 rows, 1794043 cols, 5053149 nonzeros
913766 rows, 1032322 cols, 3525878 nonzeros
904241 rows, 1022144 cols, 3505537 nonzeros
Presolve : Reductions: rows 904241(-9506886); columns 1022144(-5887878); elements 3505537(-35916477)
Solving the presolved LP
IPX model has 904241 rows, 1022144 columns and 3505537 nonzeros
Input
    Number of variables:                                1022144
    Number of free variables:                           0
    Number of constraints:                              904241
    Number of equality constraints:                     56190
    Number of matrix entries:                           3505537
    Matrix range:                                       [1e-02, 1e+00]
    RHS range:                                          [2e+05, 1e+08]
    Objective range:                                    [2e-04, 1e+07]
    Bounds range:                                       [7e+05, 9e+07]
Preprocessing
    Dualized model:                                     no
    Number of dense columns:                            0
    Range of scaling factors:                           [1.00e+00, 2.00e+00]
IPX version 1.0
Interior Point Solve
 Iter     P.res    D.res            P.obj           D.obj        mu     Time
   0   1.77e+07 2.86e+06   2.22374647e+14 -7.74698143e+18  5.47e+13       0s
   1   7.02e+06 2.38e+06   7.19149736e+17 -6.77559808e+18  4.94e+13       2s
   2   3.87e+06 2.08e+06   1.21747973e+18 -6.39155050e+18  5.56e+13       5s
   3   1.52e+06 6.77e+05   1.26753743e+18 -2.33498359e+18  1.89e+13       8s
   4   5.85e+05 4.08e+05   1.30372033e+18 -1.65941356e+18  1.28e+13      14s
   5   2.71e+05 2.19e+05   1.24215691e+18 -1.08664793e+18  7.60e+12      22s
 Constructing starting basis...
   6   9.81e+04 1.26e+05   1.10156796e+18 -7.39745961e+17  4.97e+12      53s
   7   8.84e+03 3.76e+04   6.94641755e+17 -2.45943529e+17  1.53e+12      76s
   8   8.84e-03 1.83e+04   3.87059904e+17 -1.40121263e+17  6.90e+11     102s
   9   4.31e-03 6.69e+03   3.00271724e+17 -6.46056406e+16  3.23e+11     122s
  10   4.00e-03 4.43e+03   2.95688541e+17 -5.43641361e+16  2.69e+11     147s
  11   2.12e-03 2.03e+03   1.96180469e+17 -2.80443036e+16  1.46e+11     168s
  12   1.52e-03 9.96e+02   1.63703144e+17 -1.84306779e+16  1.07e+11     192s
  13   8.16e-04 4.40e+02   9.63650843e+16 -8.91835951e+15  5.82e+10     213s
  14   4.21e-04 1.81e+02   5.40236937e+16 -4.09147632e+15  3.10e+10     235s
  15   1.19e-04 6.96e+01   1.92098441e+16 -1.81912813e+15  1.11e+10     254s
  16   3.92e-05 3.72e+01   8.15581230e+15 -1.05464720e+15  4.88e+09     271s
  17   1.29e-05 1.86e+01   4.91754275e+15 -6.42432189e+14  2.95e+09     288s
  18   6.91e-06 1.09e+01   3.18110622e+15 -4.00988737e+14  1.90e+09     308s
  19   3.10e-06 7.91e+00   1.70227248e+15 -2.94483155e+14  1.07e+09     328s
  20   1.07e-06 5.14e+00   9.15716178e+14 -1.98168822e+14  6.07e+08     348s
  21   3.87e-07 3.14e+00   4.40630290e+14 -1.23822961e+14  3.12e+08     368s
  22   3.58e-07 1.95e+00   2.42388347e+14 -7.99310969e+13  1.80e+08     386s
  23   4.17e-07 7.81e-01   1.06210459e+14 -3.39583969e+13  7.77e+07     406s
  24   4.17e-07 3.63e-01   9.30077945e+13 -1.69570412e+13  5.90e+07     425s
  25   3.58e-07 9.76e-02   7.76392494e+13 -5.27257143e+12  4.31e+07     443s
  26   3.28e-07 4.00e-02   2.83485948e+13 -2.30786265e+12  1.59e+07     461s
  27   3.87e-07 1.67e-02   1.48757079e+13 -1.05729615e+12  8.23e+06     479s
  28   3.58e-07 3.80e-03   5.74568245e+12 -4.59125380e+11  3.19e+06     496s
  29   3.58e-07 1.88e-03   2.53455509e+12 -2.37981817e+11  1.42e+06     514s
  30   3.28e-07 6.92e-04   1.96699063e+12 -1.11052702e+11  1.06e+06     532s
  31   3.58e-07 2.20e-04   1.13366215e+12 -5.65860836e+10  6.08e+05     548s
  32   4.77e-07 7.07e-05   6.80348774e+11 -3.16228426e+10  3.63e+05     565s
  33   2.98e-07 2.42e-05   4.14116970e+11 -1.35483743e+10  2.18e+05     581s
  34   6.56e-07 6.49e-06   1.74756651e+11 -7.57139655e+07  8.92e+04     597s
  35   1.79e-07 2.27e-06   1.16171024e+11  4.90998095e+09  5.68e+04     613s
  36   3.58e-07 8.94e-07   6.56111120e+10  8.13050196e+09  2.93e+04     629s
  37   1.49e-07 2.72e-07   3.34460231e+10  9.60999360e+09  1.22e+04     644s
  38   2.98e-07 1.12e-07   1.88525442e+10  1.03840636e+10  4.32e+03     658s
  39   1.79e-07 4.28e-08   1.38303536e+10  1.08250363e+10  1.53e+03     672s
  40   1.79e-07 1.96e-08   1.20629056e+10  1.10088790e+10  5.38e+02     687s
  41   1.79e-07 1.12e-08   1.15558837e+10  1.10861917e+10  2.40e+02     701s
  42   3.28e-07 5.59e-09   1.12914225e+10  1.11338486e+10  8.04e+01     714s
  43   1.19e-07 3.73e-09   1.11902406e+10  1.11508924e+10  2.01e+01     727s
  44   1.79e-07 3.73e-09   1.11623805e+10  1.11566085e+10  2.94e+00     739s
  45   3.58e-07 3.73e-09   1.11585675e+10  1.11576506e+10  4.68e-01     752s
  46   2.68e-07 3.73e-09   1.11581371e+10  1.11579837e+10  7.83e-02     765s
  47   1.79e-07 3.73e-09   1.11581034e+10  1.11580885e+10  7.58e-03     778s
  48   5.36e-07 3.73e-09   1.11580974e+10  1.11580952e+10  1.13e-03     791s
  49   1.01e-06 2.79e-09   1.11580967e+10  1.11580965e+10  1.15e-04     805s
  50   2.41e-06 1.86e-09   1.11580967e+10  1.11580966e+10  1.22e-05     818s
  51*  4.77e-07 1.86e-09   1.11580966e+10  1.11580966e+10  1.96e-06     829s
Summary
    Runtime:                                            828.73s
    Status interior point solve:                        optimal
    Status crossover:                                   not run
    objective value:                                    1.11580966e+10
    interior solution primal residual (abs/rel):        1.49e-06 / 1.34e-14
    interior solution dual residual (abs/rel):          9.31e-10 / 9.62e-17
    interior solution objective gap (abs/rel):          2.69e+00 / 2.41e-10
Ipx: IPM       optimal
Model   status      : Optimal
IPM       iterations: 51
Objective value     :  1.1158096649e+10
HiGHS run time      :        841.18
[ Info: Rolling step not specified in scenaio.yaml file; Setting it to 15 years
[ Info: Demand-pathway mapping not specified in scenaio.yaml file; SERA will not look for eligible pathways for different demand types.
[ Info: Production capacity constraints from the grid model not defined. SERA will not create these constraints
[ Info: Regional technology limits not specified in scenaio.yaml file; SERA will not create these constraints
STARTING DATA PRE-PROCESSING 
Processing Temporal Data
Processing Nodes
Processing Demand
Processing Existings
Processing Links
Processing Pathways
Creating Infrastructure options
 22.770002 seconds (131.77 M allocations: 15.387 GiB, 34.95% gc time, 0.38% compilation time)

OPTIMIZING FROM 2026 TO 2040 

STARTING OPTIMIZATION MODEL CREATION
CREATING VARIABLES AND EXPRESSIONS
296.791093 seconds (527.44 M allocations: 32.638 GiB, 88.74% gc time, 4.06% compilation time)
POPULATING EXPRESSIONS
130.562088 seconds (589.46 M allocations: 92.430 GiB, 12.07% gc time, 0.14% compilation time)
CREATING CONSTRAINTS
269.556678 seconds (332.17 M allocations: 19.517 GiB, 87.09% gc time, 0.52% compilation time)
POPULATED CORE OPTIMIZATION MODEL, STARTING ITERATIONS
READING COST DATA FOR ITERATION 1
244.239279 seconds (246.55 M allocations: 23.344 GiB, 77.80% gc time, 0.16% compilation time)
CREATING EXPRESSIONS FOR CAPITAL AND FIXED COST
951.132477 seconds (361.89 M allocations: 23.208 GiB, 96.98% gc time, 0.17% compilation time)
BUILDING OBJECTIVE FUNCTION
 72.641724 seconds (89.87 M allocations: 2.755 GiB, 83.76% gc time, 1.23% compilation time)
Optimizing for iteration 1
2045.529610 seconds (116.14 M allocations: 10.863 GiB, 22.37% gc time, 0.00% compilation time)
OPTIMAL
5.24755449502775e9
ϵ =  1.0
READING COST DATA FOR ITERATION 2
2199.663823 seconds (200.26 M allocations: 22.449 GiB, 31.99% gc time, 0.00% compilation time)
CREATING EXPRESSIONS FOR CAPITAL AND FIXED COST
1364.265204 seconds (360.50 M allocations: 23.100 GiB, 98.13% gc time, 0.01% compilation time)
BUILDING OBJECTIVE FUNCTION
 67.177096 seconds (89.21 M allocations: 2.798 GiB, 84.56% gc time)
Optimizing for iteration 2
930.381576 seconds (5 allocations: 32 bytes)
OPTIMAL
1.867584619706103e10
ϵ =  0.7190191844772219
READING COST DATA FOR ITERATION 3
2249.583212 seconds (199.63 M allocations: 22.487 GiB, 28.58% gc time)
CREATING EXPRESSIONS FOR CAPITAL AND FIXED COST
1268.735896 seconds (360.50 M allocations: 23.100 GiB, 97.68% gc time)
BUILDING OBJECTIVE FUNCTION
 67.045445 seconds (89.21 M allocations: 2.798 GiB, 82.39% gc time)
Optimizing for iteration 3
854.596946 seconds (2 allocations: 32 bytes)
OPTIMAL
1.1965958652675089e10
ϵ =  0.5607480135222883
READING COST DATA FOR ITERATION 4
2096.093037 seconds (199.60 M allocations: 22.405 GiB, 32.73% gc time)
CREATING EXPRESSIONS FOR CAPITAL AND FIXED COST
1410.126804 seconds (360.50 M allocations: 23.100 GiB, 98.13% gc time)
BUILDING OBJECTIVE FUNCTION
 71.733288 seconds (89.21 M allocations: 2.798 GiB, 84.76% gc time)
Optimizing for iteration 4
793.386278 seconds (2 allocations: 32 bytes)
OPTIMAL
1.1371013416595875e10
ϵ =  0.05232121485452346
READING COST DATA FOR ITERATION 5
2114.928075 seconds (199.59 M allocations: 22.533 GiB, 31.98% gc time)
CREATING EXPRESSIONS FOR CAPITAL AND FIXED COST
1336.838772 seconds (360.50 M allocations: 23.100 GiB, 97.87% gc time)
BUILDING OBJECTIVE FUNCTION
 76.268830 seconds (89.21 M allocations: 2.798 GiB, 84.83% gc time)
Optimizing for iteration 5
830.446684 seconds (2 allocations: 32 bytes)
OPTIMAL
1.1202632014844389e10
ϵ =  0.015030521535319944
READING COST DATA FOR ITERATION 6
2150.287013 seconds (199.59 M allocations: 22.357 GiB, 32.12% gc time)
CREATING EXPRESSIONS FOR CAPITAL AND FIXED COST
1357.957570 seconds (360.50 M allocations: 23.100 GiB, 98.06% gc time)
BUILDING OBJECTIVE FUNCTION
 72.962414 seconds (89.21 M allocations: 2.798 GiB, 85.17% gc time)
Optimizing for iteration 6
839.367745 seconds (2 allocations: 32 bytes)
OPTIMAL
1.115980288295645e10
ϵ =  0.0038378036187883546
READING COST DATA FOR ITERATION 7
2307.852119 seconds (199.59 M allocations: 22.309 GiB, 28.74% gc time)
CREATING EXPRESSIONS FOR CAPITAL AND FIXED COST
1332.777940 seconds (360.50 M allocations: 23.100 GiB, 97.76% gc time)
BUILDING OBJECTIVE FUNCTION
 66.863863 seconds (89.21 M allocations: 2.798 GiB, 82.49% gc time)
Optimizing for iteration 7
841.309473 seconds (2 allocations: 32 bytes)
OPTIMAL
1.1158096648871866e10
ϵ =  0.00015291443854092984
ITERATIONS COMPLETED
WRITING RESULTS TO FILE
112.786536 seconds (69.92 M allocations: 2.867 GiB, 93.47% gc time, 0.70% compilation time)

THE OPTIMIZATION PROBLEM TOOK 517.12 MINUTES TO SOLVE. 
