Running HiGHS 1.6.0: Copyright (c) 2023 HiGHS under MIT licence terms
Presolving model
397981 rows, 923169 cols, 2276995 nonzeros
297933 rows, 590105 cols, 1609413 nonzeros
292669 rows, 345027 cols, 1117230 nonzeros
291677 rows, 343747 cols, 1114697 nonzeros
Presolve : Reductions: rows 291677(-4932770); columns 343747(-3146291); elements 1114697(-17768874)
Solving the presolved LP
IPX model has 291677 rows, 343747 columns and 1114697 nonzeros
Input
    Number of variables:                                343747
    Number of free variables:                           0
    Number of constraints:                              291677
    Number of equality constraints:                     26657
    Number of matrix entries:                           1114697
    Matrix range:                                       [1e-02, 1e+00]
    RHS range:                                          [2e+05, 6e+07]
    Objective range:                                    [3e-04, 8e+01]
    Bounds range:                                       [7e+05, 1e+08]
Preprocessing
    Dualized model:                                     no
    Number of dense columns:                            0
    Range of scaling factors:                           [1.00e+00, 2.00e+00]
IPX version 1.0
Interior Point Solve
 Iter     P.res    D.res            P.obj           D.obj        mu     Time
   0   1.34e+07 4.88e+01   3.49852561e+09 -4.73868049e+13  7.26e+08       0s
   1   3.68e+06 3.66e+01   2.28987702e+12 -3.74514368e+13  5.75e+08       0s
   2   1.96e+06 2.54e+01   3.57467045e+12 -2.99939278e+13  5.28e+08       1s
   3   8.30e+05 3.52e+00   3.46058337e+12 -4.69133155e+12  8.36e+07       2s
   4   1.83e+05 7.03e-01   2.33995932e+12 -1.06379974e+12  1.87e+07       3s
 Constructing starting basis...
   5   6.49e+04 1.55e-01   1.45149857e+12 -2.91491188e+11  5.44e+06       9s
   6   2.23e+04 3.39e-02   7.52848465e+11 -8.27759573e+10  1.78e+06      12s
   7   6.68e+03 1.08e-02   3.24936641e+11 -3.10768421e+10  6.52e+05      14s
   8   2.27e+03 3.94e-03   1.46839914e+11 -1.23643793e+10  2.70e+05      15s
   9   8.97e+02 1.77e-03   1.00163307e+11 -7.12781555e+09  1.76e+05      17s
  10   2.86e+02 5.55e-04   5.19474331e+10 -1.77463238e+09  8.58e+04      19s
  11   1.35e+02 2.90e-04   3.35975416e+10  1.06567864e+07  5.33e+04      21s
  12   9.31e+01 1.70e-04   3.08923118e+10  5.50993513e+08  4.80e+04      25s
  13   5.62e+01 9.59e-05   2.24704610e+10  1.39420317e+09  3.33e+04      27s
  14   3.96e+01 4.20e-05   1.92714312e+10  1.89079185e+09  2.74e+04      29s
  15   2.80e+01 2.58e-05   1.52370905e+10  2.22130918e+09  2.05e+04      32s
  16   2.01e+01 1.23e-05   1.26480238e+10  2.46526413e+09  1.60e+04      35s
  17   1.68e+01 5.71e-06   1.15149906e+10  2.60658225e+09  1.40e+04      38s
  18   1.13e+01 3.50e-06   8.88999150e+09  2.72469557e+09  9.70e+03      40s
  19   4.91e+00 1.39e-06   6.45338235e+09  2.79001877e+09  5.76e+03      43s
  20   2.43e+00 8.11e-07   4.93573880e+09  2.84894906e+09  3.28e+03      47s
  21   1.66e+00 3.81e-07   4.48220732e+09  2.89170595e+09  2.50e+03      51s
  22   1.17e+00 2.82e-07   4.07507070e+09  2.91023485e+09  1.83e+03      55s
  23   7.95e-01 1.76e-07   3.77748644e+09  2.92911759e+09  1.33e+03      58s
  24   5.09e-01 1.26e-07   3.55909544e+09  2.93793911e+09  9.77e+02      62s
  25   2.91e-01 8.68e-08   3.34973903e+09  2.94711391e+09  6.33e+02      65s
  26   1.45e-01 5.47e-08   3.23405993e+09  2.95333960e+09  4.41e+02      68s
  27   1.02e-01 3.59e-08   3.18579004e+09  2.95831816e+09  3.58e+02      71s
  28   5.19e-02 2.59e-08   3.09641940e+09  2.96248781e+09  2.11e+02      74s
  29   2.94e-02 1.59e-08   3.07015167e+09  2.96560904e+09  1.64e+02      77s
  30   1.99e-02 1.18e-08   3.04426217e+09  2.96783678e+09  1.20e+02      80s
  31   8.52e-03 6.87e-09   3.01290900e+09  2.97049318e+09  6.67e+01      82s
  32   5.02e-03 4.93e-09   3.00639980e+09  2.97136800e+09  5.51e+01      84s
  33   2.08e-03 2.73e-09   2.99114720e+09  2.97292522e+09  2.86e+01      86s
  34   1.58e-03 1.52e-09   2.98870367e+09  2.97374543e+09  2.35e+01      88s
  35   8.22e-04 7.41e-10   2.98326553e+09  2.97441534e+09  1.39e+01      91s
  36   4.42e-04 3.13e-10   2.98121905e+09  2.97472316e+09  1.02e+01      93s
  37   1.30e-04 1.32e-10   2.97729823e+09  2.97498391e+09  3.64e+00      94s
  38   1.12e-04 3.83e-11   2.97711898e+09  2.97510177e+09  3.17e+00      96s
  39   8.65e-05 1.25e-11   2.97674498e+09  2.97515975e+09  2.49e+00      98s
  40   2.18e-05 6.95e-12   2.97561966e+09  2.97517923e+09  6.92e-01     100s
  41   2.86e-06 1.19e-12   2.97525997e+09  2.97520141e+09  9.21e-02     101s
  42   2.09e-07 3.98e-13   2.97520923e+09  2.97520459e+09  7.30e-03     103s
  43   5.96e-08 1.56e-13   2.97520631e+09  2.97520548e+09  1.30e-03     105s
  44   3.76e-08 5.68e-14   2.97520608e+09  2.97520593e+09  2.33e-04     106s
  45   3.25e-08 4.26e-14   2.97520600e+09  2.97520599e+09  1.44e-05     108s
  46   6.26e-08 2.84e-14   2.97520599e+09  2.97520599e+09  9.04e-06     110s
  47*  3.03e-08 2.84e-14   2.97520599e+09  2.97520599e+09  1.56e-06     112s
Summary
    Runtime:                                            111.77s
    Status interior point solve:                        optimal
    Status crossover:                                   not run
    objective value:                                    2.97520599e+09
    interior solution primal residual (abs/rel):        6.71e-08 / 4.59e-16
    interior solution dual residual (abs/rel):          1.67e-10 / 2.11e-12
    interior solution objective gap (abs/rel):          1.00e+00 / 3.37e-10
Ipx: IPM       optimal
Model   status      : Optimal
IPM       iterations: 47
Objective value     :  2.9752059926e+09
HiGHS run time      :        117.05
Presolving model
397981 rows, 923169 cols, 2276995 nonzeros
297933 rows, 590105 cols, 1609413 nonzeros
292669 rows, 345027 cols, 1117230 nonzeros
291677 rows, 343747 cols, 1114697 nonzeros
Presolve : Reductions: rows 291677(-4947800); columns 343747(-3146291); elements 1114697(-17783904)
Solving the presolved LP
IPX model has 291677 rows, 343747 columns and 1114697 nonzeros
Input
    Number of variables:                                343747
    Number of free variables:                           0
    Number of constraints:                              291677
    Number of equality constraints:                     26657
    Number of matrix entries:                           1114697
    Matrix range:                                       [1e-02, 1e+00]
    RHS range:                                          [2e+05, 6e+07]
    Objective range:                                    [3e-04, 9e+06]
    Bounds range:                                       [7e+05, 1e+08]
Preprocessing
    Dualized model:                                     no
    Number of dense columns:                            0
    Range of scaling factors:                           [1.00e+00, 2.00e+00]
IPX version 1.0
Interior Point Solve
 Iter     P.res    D.res            P.obj           D.obj        mu     Time
   0   1.34e+07 2.25e+06   1.34962390e+14 -2.18542833e+18  3.38e+13       0s
   1   3.88e+06 1.72e+06   3.19341850e+17 -1.75685976e+18  2.72e+13       0s
   2   2.02e+06 1.13e+06   4.91393381e+17 -1.36588157e+18  2.38e+13       1s
   3   8.41e+05 1.96e+05   4.52823889e+17 -2.67474495e+17  4.87e+12       2s
   4   1.62e+05 5.57e+04   2.86002496e+17 -9.01779383e+16  1.49e+12       3s
 Constructing starting basis...
   5   2.32e+04 1.86e+04   1.39547318e+17 -3.51080457e+16  5.21e+11       8s
   6   4.74e+03 5.06e+03   6.38436671e+16 -1.12918134e+16  1.65e+11      10s
   7   2.24e+03 1.48e+03   4.00695622e+16 -4.28258448e+15  8.05e+10      12s
   8   1.24e+03 4.40e+02   2.53689857e+16 -1.62123382e+15  4.50e+10      14s
   9   7.48e+02 1.32e+02   1.64414326e+16 -6.13256494e+14  2.75e+10      16s
  10   4.04e+02 4.73e+01   9.45002847e+15 -3.01984616e+14  1.56e+10      18s
  11   2.10e+02 1.83e+01   6.33663323e+15 -2.57380335e+14  1.05e+10      20s
  12   5.68e+01 6.96e+00   2.81812819e+15 -1.72079263e+14  4.79e+09      21s
  13   2.17e+01 2.64e+00   2.00276422e+15 -1.30367231e+14  3.42e+09      23s
  14   1.16e+01 1.45e+00   1.15780092e+15 -7.92354125e+13  1.98e+09      25s
  15   3.60e+00 7.17e-01   4.18848334e+14 -4.26694302e+13  7.45e+08      27s
  16   9.07e-01 4.02e-01   1.58950148e+14 -2.57909843e+13  3.02e+08      29s
  17   1.67e-01 1.85e-01   4.71396021e+13 -1.24811586e+13  9.92e+07      30s
  18   2.75e-02 4.92e-02   1.43035654e+13 -3.59882348e+12  2.95e+07      32s
  19   1.08e-02 1.27e-02   7.13872224e+12 -9.91835613e+11  1.31e+07      34s
  20   5.13e-03 6.37e-03   3.98928805e+12 -5.16384635e+11  7.20e+06      36s
  21   2.76e-03 3.19e-03   2.65634315e+12 -2.80519703e+11  4.66e+06      37s
  22   1.40e-03 1.65e-03   1.52942563e+12 -1.45768428e+11  2.65e+06      39s
  23   7.57e-04 1.09e-03   1.13345658e+12 -1.05042260e+11  1.96e+06      41s
  24   4.49e-04 5.46e-04   8.32740862e+11 -5.78059083e+10  1.40e+06      43s
  25   3.68e-04 2.99e-04   7.29299024e+11 -3.35122873e+10  1.20e+06      44s
  26   2.61e-04 1.19e-04   5.64263543e+11 -1.26327402e+10  9.08e+05      46s
  27   1.58e-04 7.04e-05   3.85776721e+11 -5.88536334e+09  6.16e+05      48s
  28   1.29e-04 5.18e-05   3.30236834e+11 -2.75386070e+09  5.24e+05      50s
  29   3.53e-05 2.54e-05   1.57508620e+11  1.37796570e+09  2.45e+05      51s
  30   1.27e-05 1.41e-05   9.51104742e+10  3.93216129e+09  1.43e+05      53s
  31   2.59e-06 5.23e-06   4.82134169e+10  6.71550154e+09  6.52e+04      55s
  32   1.31e-06 2.31e-06   3.19969632e+10  8.22792612e+09  3.74e+04      57s
  33   5.07e-07 8.76e-07   2.06911813e+10  9.01923925e+09  1.84e+04      59s
  34   1.19e-07 2.88e-07   1.43661677e+10  9.38258477e+09  7.83e+03      60s
  35   9.69e-08 1.05e-07   1.17513201e+10  9.58067894e+09  3.41e+03      62s
  36   5.22e-08 4.28e-08   1.06005286e+10  9.66560321e+09  1.47e+03      64s
  37   6.59e-08 1.68e-08   1.00559615e+10  9.71013410e+09  5.44e+02      66s
  38   6.27e-08 6.52e-09   9.88092813e+09  9.72891257e+09  2.39e+02      68s
  39   6.66e-08 3.73e-09   9.79951150e+09  9.73545405e+09  1.01e+02      69s
  40   7.45e-08 2.79e-09   9.75522053e+09  9.73873690e+09  2.59e+01      71s
  41   9.69e-08 2.79e-09   9.74378625e+09  9.73951792e+09  6.71e+00      72s
  42   9.69e-08 2.79e-09   9.74037586e+09  9.74005195e+09  5.09e-01      74s
  43   1.19e-07 2.79e-09   9.74012443e+09  9.74009850e+09  4.08e-02      75s
  44   1.04e-07 2.79e-09   9.74010436e+09  9.74010311e+09  1.98e-03      76s
  45   2.16e-07 2.79e-09   9.74010353e+09  9.74010338e+09  2.36e-04      78s
  46   3.28e-07 1.86e-09   9.74010341e+09  9.74010339e+09  2.85e-05      79s
  47*  3.58e-07 9.31e-10   9.74010340e+09  9.74010340e+09  1.68e-06      80s
Summary
    Runtime:                                            80.09s
    Status interior point solve:                        optimal
    Status crossover:                                   not run
    objective value:                                    9.74010340e+09
    interior solution primal residual (abs/rel):        2.76e-07 / 1.89e-15
    interior solution dual residual (abs/rel):          9.31e-10 / 1.01e-16
    interior solution objective gap (abs/rel):          8.66e-01 / 8.89e-11
Ipx: IPM       optimal
Model   status      : Optimal
IPM       iterations: 47
Objective value     :  9.7401033973e+09
HiGHS run time      :         85.21
Presolving model
397981 rows, 923169 cols, 2276995 nonzeros
297933 rows, 590105 cols, 1609413 nonzeros
292669 rows, 345027 cols, 1117230 nonzeros
291677 rows, 343747 cols, 1114697 nonzeros
Presolve : Reductions: rows 291677(-4962830); columns 343747(-3146291); elements 1114697(-17798934)
Solving the presolved LP
IPX model has 291677 rows, 343747 columns and 1114697 nonzeros
Input
    Number of variables:                                343747
    Number of free variables:                           0
    Number of constraints:                              291677
    Number of equality constraints:                     26657
    Number of matrix entries:                           1114697
    Matrix range:                                       [1e-02, 1e+00]
    RHS range:                                          [2e+05, 6e+07]
    Objective range:                                    [3e-04, 9e+06]
    Bounds range:                                       [7e+05, 1e+08]
Preprocessing
    Dualized model:                                     no
    Number of dense columns:                            0
    Range of scaling factors:                           [1.00e+00, 2.00e+00]
IPX version 1.0
Interior Point Solve
 Iter     P.res    D.res            P.obj           D.obj        mu     Time
   0   1.34e+07 2.25e+06   1.40266325e+14 -2.18619823e+18  3.38e+13       0s
   1   3.87e+06 1.72e+06   3.22476881e+17 -1.75717363e+18  2.72e+13       0s
   2   2.02e+06 1.13e+06   4.96095182e+17 -1.36630483e+18  2.38e+13       1s
   3   8.35e+05 1.97e+05   4.57518321e+17 -2.67900742e+17  4.88e+12       2s
   4   1.61e+05 5.58e+04   2.90909987e+17 -9.04528556e+16  1.50e+12       3s
 Constructing starting basis...
   5   2.34e+04 1.86e+04   1.42316462e+17 -3.49999321e+16  5.22e+11       8s
   6   3.48e+03 4.71e+03   5.97921623e+16 -1.06870544e+16  1.52e+11      10s
   7   1.12e+03 1.40e+03   3.18474953e+16 -4.12667436e+15  6.52e+10      13s
   8   4.59e+02 4.76e+02   1.55822808e+16 -1.55286216e+15  2.90e+10      14s
   9   1.30e+02 2.18e+02   5.71151521e+15 -7.56527957e+14  1.08e+10      16s
  10   5.53e+01 1.06e+02   2.93271723e+15 -3.92118386e+14  5.52e+09      18s
  11   2.05e+01 4.48e+01   2.20952237e+15 -2.35637157e+14  4.01e+09      20s
  12   1.02e+01 2.81e+01   1.32167346e+15 -1.57724574e+14  2.43e+09      22s
  13   3.06e+00 1.80e+01   5.80804157e+14 -1.05950563e+14  1.16e+09      24s
  14   1.08e+00 9.88e+00   2.54191099e+14 -5.85985022e+13  5.35e+08      26s
  15   6.96e-01 6.03e+00   1.86265615e+14 -3.72034072e+13  3.79e+08      28s
  16   3.91e-01 3.42e+00   1.15200387e+14 -2.17725980e+13  2.31e+08      29s
  17   8.69e-02 4.21e-01   4.78158828e+13 -4.02216453e+12  8.36e+07      31s
  18   5.52e-02 1.55e-01   3.30253212e+13 -1.71416120e+12  5.54e+07      32s
  19   1.63e-02 6.83e-02   1.05922911e+13 -7.79559642e+11  1.82e+07      34s
  20   6.08e-03 3.32e-02   5.02303675e+12 -4.19607754e+11  8.71e+06      36s
  21   2.36e-03 1.21e-02   2.54582235e+12 -1.77928869e+11  4.33e+06      37s
  22   1.03e-03 4.36e-03   1.36282073e+12 -7.29798445e+10  2.27e+06      39s
  23   3.64e-04 2.10e-03   6.09013814e+11 -3.59863183e+10  1.02e+06      40s
  24   1.32e-04 1.03e-03   3.37144184e+11 -1.81222567e+10  5.60e+05      42s
  25   4.24e-05 3.66e-04   1.86690563e+11 -4.84494341e+09  3.02e+05      44s
  26   1.08e-05 1.98e-04   1.09217909e+11 -7.45158988e+08  1.73e+05      45s
  27   8.94e-08 1.50e-04   6.29201589e+10  6.67931944e+08  9.80e+04      47s
  28   9.69e-08 4.02e-05   2.62912864e+10  5.74432847e+09  3.23e+04      49s
  29   6.24e-08 1.58e-05   1.75899008e+10  6.89302354e+09  1.68e+04      51s
  30   5.91e-08 4.92e-06   1.22712257e+10  7.50792727e+09  7.49e+03      53s
  31   8.20e-08 1.93e-06   9.42426410e+09  7.69294263e+09  2.72e+03      55s
  32   4.31e-08 7.95e-07   8.60281923e+09  7.77282565e+09  1.30e+03      56s
  33   1.04e-07 3.56e-07   8.16919583e+09  7.80691400e+09  5.70e+02      58s
  34   7.45e-08 1.22e-07   7.97942923e+09  7.82671602e+09  2.40e+02      60s
  35   9.67e-08 4.56e-08   7.89834483e+09  7.83372147e+09  1.02e+02      61s
  36   7.45e-08 1.12e-08   7.85367353e+09  7.83696822e+09  2.63e+01      63s
  37   6.87e-08 3.73e-09   7.83917728e+09  7.83816923e+09  1.58e+00      64s
  38   5.96e-08 2.79e-09   7.83835477e+09  7.83825997e+09  1.49e-01      66s
  39   7.45e-08 2.79e-09   7.83830106e+09  7.83829544e+09  8.84e-03      68s
  40   3.13e-07 3.73e-09   7.83829874e+09  7.83829829e+09  7.13e-04      69s
  41   3.13e-07 1.86e-09   7.83829851e+09  7.83829846e+09  7.11e-05      71s
  42*  6.18e-07 1.86e-09   7.83829850e+09  7.83829850e+09  4.98e-06      73s
Summary
    Runtime:                                            72.58s
    Status interior point solve:                        optimal
    Status crossover:                                   not run
    objective value:                                    7.83829850e+09
    interior solution primal residual (abs/rel):        3.43e-07 / 2.35e-15
    interior solution dual residual (abs/rel):          4.66e-10 / 5.07e-17
    interior solution objective gap (abs/rel):          2.60e+00 / 3.32e-10
Ipx: IPM       optimal
Model   status      : Optimal
IPM       iterations: 42
Objective value     :  7.8382984978e+09
HiGHS run time      :         77.58
Presolving model
397981 rows, 923169 cols, 2276995 nonzeros
297933 rows, 590105 cols, 1609413 nonzeros
292669 rows, 345027 cols, 1117230 nonzeros
291677 rows, 343747 cols, 1114697 nonzeros
Presolve : Reductions: rows 291677(-4977860); columns 343747(-3146291); elements 1114697(-17813964)
Solving the presolved LP
IPX model has 291677 rows, 343747 columns and 1114697 nonzeros
Input
    Number of variables:                                343747
    Number of free variables:                           0
    Number of constraints:                              291677
    Number of equality constraints:                     26657
    Number of matrix entries:                           1114697
    Matrix range:                                       [1e-02, 1e+00]
    RHS range:                                          [2e+05, 6e+07]
    Objective range:                                    [3e-04, 9e+06]
    Bounds range:                                       [7e+05, 1e+08]
Preprocessing
    Dualized model:                                     no
    Number of dense columns:                            0
    Range of scaling factors:                           [1.00e+00, 2.00e+00]
IPX version 1.0
Interior Point Solve
 Iter     P.res    D.res            P.obj           D.obj        mu     Time
   0   1.34e+07 2.25e+06   1.40423968e+14 -2.18614970e+18  3.38e+13       0s
   1   3.87e+06 1.72e+06   3.22546291e+17 -1.75712903e+18  2.72e+13       0s
   2   2.02e+06 1.13e+06   4.96197358e+17 -1.36640461e+18  2.38e+13       1s
   3   8.35e+05 1.97e+05   4.57605123e+17 -2.67879943e+17  4.88e+12       2s
   4   1.61e+05 5.58e+04   2.91008167e+17 -9.04626874e+16  1.50e+12       3s
 Constructing starting basis...
   5   2.44e+04 1.86e+04   1.43517895e+17 -3.50033294e+16  5.24e+11       8s
   6   2.82e+03 4.69e+03   5.68898779e+16 -1.06797821e+16  1.46e+11      10s
   7   8.98e+02 1.25e+03   3.10448629e+16 -3.87547541e+15  6.26e+10      12s
   8   3.40e+02 4.26e+02   1.41764360e+16 -1.45145311e+15  2.63e+10      14s
   9   9.96e+01 1.91e+02   5.30730602e+15 -6.92858923e+14  1.00e+10      16s
  10   4.30e+01 8.71e+01   2.78691473e+15 -3.42972221e+14  5.17e+09      17s
  11   2.03e+01 4.51e+01   2.23868321e+15 -2.34496795e+14  4.05e+09      19s
  12   4.84e+00 2.77e+01   8.37334609e+14 -1.52992715e+14  1.67e+09      21s
  13   2.23e+00 1.73e+01   5.64554643e+14 -1.01799543e+14  1.12e+09      23s
  14   7.40e-01 9.94e+00   2.22983345e+14 -5.85067077e+13  4.87e+08      25s
  15   4.27e-01 5.98e+00   1.55358463e+14 -3.66114540e+13  3.30e+08      27s
  16   2.00e-01 3.02e+00   1.06809664e+14 -2.03544579e+13  2.15e+08      28s
  17   5.01e-02 3.54e-01   4.68617946e+13 -3.64420800e+12  8.13e+07      30s
  18   1.99e-02 1.36e-01   2.23041416e+13 -1.58332125e+12  3.83e+07      32s
  19   9.68e-03 4.60e-02   1.21035369e+13 -6.11122535e+11  2.02e+07      33s
  20   2.95e-03 1.66e-02   5.33231333e+12 -2.91755877e+11  8.94e+06      35s
  21   5.44e-04 4.02e-03   2.14280245e+12 -1.18222119e+11  3.58e+06      36s
  22   1.95e-04 2.01e-03   1.23233529e+12 -7.31161596e+10  2.06e+06      38s
  23   5.51e-05 6.87e-04   5.06607742e+11 -2.70513415e+10  8.41e+05      40s
  24   1.84e-05 5.22e-04   3.76061067e+11 -2.23359089e+10  6.28e+05      42s
  25   6.32e-06 1.39e-04   1.66802640e+11 -2.34033731e+09  2.66e+05      43s
  26   1.55e-06 5.11e-05   7.23386907e+10  2.74400380e+09  1.09e+05      45s
  27   2.38e-07 1.50e-05   3.26413408e+10  5.41926269e+09  4.28e+04      47s
  28   8.94e-08 4.83e-06   1.65180486e+10  6.72066986e+09  1.54e+04      49s
  29   5.96e-08 1.45e-06   1.11648914e+10  7.20249639e+09  6.23e+03      51s
  30   5.39e-08 5.69e-07   8.88080435e+09  7.34634942e+09  2.41e+03      53s
  31   1.34e-07 2.61e-07   8.14351772e+09  7.41229178e+09  1.15e+03      54s
  32   1.04e-07 1.24e-07   7.75457724e+09  7.44357172e+09  4.89e+02      56s
  33   1.04e-07 4.10e-08   7.58213710e+09  7.46382809e+09  1.86e+02      58s
  34   8.94e-08 1.77e-08   7.52040408e+09  7.46986720e+09  7.95e+01      60s
  35   1.27e-07 5.59e-09   7.48887109e+09  7.47359709e+09  2.40e+01      61s
  36   8.94e-08 3.73e-09   7.47614663e+09  7.47462698e+09  2.39e+00      63s
  37   9.69e-08 1.86e-09   7.47485558e+09  7.47475839e+09  1.53e-01      64s
  38   6.71e-08 2.79e-09   7.47478026e+09  7.47477368e+09  1.03e-02      65s
  39   1.27e-07 2.79e-09   7.47477573e+09  7.47477518e+09  8.73e-04      67s
  40   3.13e-07 1.86e-09   7.47477542e+09  7.47477530e+09  1.86e-04      68s
  41   9.09e-07 1.40e-09   7.47477538e+09  7.47477536e+09  3.45e-05      70s
  42*  5.36e-07 1.86e-09   7.47477538e+09  7.47477537e+09  4.87e-06      71s
Summary
    Runtime:                                            71.21s
    Status interior point solve:                        optimal
    Status crossover:                                   not run
    objective value:                                    7.47477537e+09
    interior solution primal residual (abs/rel):        5.96e-07 / 4.08e-15
    interior solution dual residual (abs/rel):          9.31e-10 / 1.01e-16
    interior solution objective gap (abs/rel):          2.21e+00 / 2.96e-10
Ipx: IPM       optimal
Model   status      : Optimal
IPM       iterations: 42
Objective value     :  7.4747753746e+09
HiGHS run time      :         76.29
Presolving model
397981 rows, 923169 cols, 2276995 nonzeros
297933 rows, 590105 cols, 1609413 nonzeros
292669 rows, 345027 cols, 1117230 nonzeros
291677 rows, 343747 cols, 1114697 nonzeros
Presolve : Reductions: rows 291677(-4992890); columns 343747(-3146291); elements 1114697(-17828994)
Solving the presolved LP
IPX model has 291677 rows, 343747 columns and 1114697 nonzeros
Input
    Number of variables:                                343747
    Number of free variables:                           0
    Number of constraints:                              291677
    Number of equality constraints:                     26657
    Number of matrix entries:                           1114697
    Matrix range:                                       [1e-02, 1e+00]
    RHS range:                                          [2e+05, 6e+07]
    Objective range:                                    [3e-04, 9e+06]
    Bounds range:                                       [7e+05, 1e+08]
Preprocessing
    Dualized model:                                     no
    Number of dense columns:                            0
    Range of scaling factors:                           [1.00e+00, 2.00e+00]
IPX version 1.0
Interior Point Solve
 Iter     P.res    D.res            P.obj           D.obj        mu     Time
   0   1.34e+07 2.25e+06   1.40453828e+14 -2.18615177e+18  3.38e+13       0s
   1   3.87e+06 1.72e+06   3.22562385e+17 -1.75712931e+18  2.72e+13       0s
   2   2.02e+06 1.13e+06   4.96220228e+17 -1.36644226e+18  2.38e+13       1s
   3   8.35e+05 1.97e+05   4.57623836e+17 -2.67879183e+17  4.88e+12       2s
   4   1.61e+05 5.58e+04   2.91104246e+17 -9.04756299e+16  1.50e+12       3s
 Constructing starting basis...
   5   2.35e+04 1.86e+04   1.42535417e+17 -3.49995906e+16  5.22e+11       8s
   6   2.93e+03 4.68e+03   5.76272820e+16 -1.06558026e+16  1.47e+11      10s
   7   9.38e+02 1.29e+03   3.12576736e+16 -3.95280129e+15  6.33e+10      12s
   8   3.68e+02 4.42e+02   1.46850490e+16 -1.48295280e+15  2.72e+10      14s
   9   1.07e+02 2.01e+02   5.46308057e+15 -7.16974167e+14  1.03e+10      16s
  10   4.69e+01 9.42e+01   2.86132562e+15 -3.60955308e+14  5.33e+09      18s
  11   2.06e+01 4.81e+01   2.25389349e+15 -2.42962503e+14  4.10e+09      20s
  12   5.57e+00 2.89e+01   9.12600514e+14 -1.55825291e+14  1.79e+09      21s
  13   2.44e+00 1.86e+01   5.81756444e+14 -1.06058054e+14  1.16e+09      23s
  14   8.20e-01 1.03e+01   2.35405424e+14 -5.89540687e+13  5.08e+08      25s
  15   4.71e-01 6.21e+00   1.62742782e+14 -3.69907791e+13  3.42e+08      27s
  16   2.38e-01 3.31e+00   1.11768678e+14 -2.13259672e+13  2.25e+08      29s
  17   5.41e-02 4.41e-01   4.54597278e+13 -4.03838153e+12  8.01e+07      30s
  18   2.12e-02 1.43e-01   2.24996430e+13 -1.56935270e+12  3.86e+07      32s
  19   1.00e-02 4.63e-02   1.21850461e+13 -6.02243454e+11  2.04e+07      34s
  20   2.82e-03 1.40e-02   5.32769611e+12 -2.70059106e+11  8.89e+06      35s
  21   4.59e-04 3.17e-03   1.88396014e+12 -1.01753292e+11  3.14e+06      37s
  22   1.52e-04 1.95e-03   1.08812017e+12 -7.28642794e+10  1.84e+06      38s
  23   3.91e-05 1.08e-03   3.99885700e+11 -4.02633472e+10  6.95e+05      40s
  24   7.87e-06 8.64e-04   2.75459163e+11 -3.31791314e+10  4.87e+05      42s
  25   2.92e-06 2.06e-04   1.37128940e+11 -4.18343398e+09  2.22e+05      44s
  26   9.54e-07 7.45e-05   6.73883288e+10  2.30289070e+09  1.02e+05      45s
  27   2.38e-07 2.26e-05   3.54902746e+10  5.13123942e+09  4.77e+04      47s
  28   8.94e-08 6.24e-06   1.66319163e+10  6.66881071e+09  1.57e+04      49s
  29   9.69e-08 2.15e-06   1.09427517e+10  7.06695575e+09  6.09e+03      51s
  30   1.12e-07 8.70e-07   8.84645366e+09  7.21050512e+09  2.57e+03      53s
  31   8.20e-08 3.67e-07   8.02188273e+09  7.28609484e+09  1.16e+03      55s
  32   8.94e-08 1.79e-07   7.63677261e+09  7.31599013e+09  5.04e+02      57s
  33   8.94e-08 6.24e-08   7.47317640e+09  7.33574655e+09  2.16e+02      58s
  34   8.94e-08 2.70e-08   7.40017424e+09  7.34221665e+09  9.11e+01      60s
  35   1.19e-07 7.45e-09   7.36187376e+09  7.34599657e+09  2.50e+01      61s
  36   8.94e-08 2.79e-09   7.34857532e+09  7.34718996e+09  2.18e+00      63s
  37   8.94e-08 2.79e-09   7.34738154e+09  7.34733734e+09  6.95e-02      64s
  38   1.79e-07 2.79e-09   7.34735262e+09  7.34734869e+09  6.18e-03      66s
  39   1.04e-07 1.86e-09   7.34735040e+09  7.34735018e+09  3.52e-04      67s
  40   2.91e-07 1.40e-09   7.34735032e+09  7.34735027e+09  6.84e-05      69s
  41*  7.00e-07 1.40e-09   7.34735030e+09  7.34735030e+09  8.71e-06      71s
Summary
    Runtime:                                            70.63s
    Status interior point solve:                        optimal
    Status crossover:                                   not run
    objective value:                                    7.34735030e+09
    interior solution primal residual (abs/rel):        3.43e-07 / 2.35e-15
    interior solution dual residual (abs/rel):          9.31e-10 / 1.01e-16
    interior solution objective gap (abs/rel):          4.81e+00 / 6.54e-10
Ipx: IPM       optimal
Model   status      : Optimal
IPM       iterations: 41
Objective value     :  7.3473503003e+09
HiGHS run time      :         75.79
Presolving model
397981 rows, 923169 cols, 2276995 nonzeros
297933 rows, 590105 cols, 1609413 nonzeros
292669 rows, 345027 cols, 1117230 nonzeros
291677 rows, 343747 cols, 1114697 nonzeros
Presolve : Reductions: rows 291677(-5007920); columns 343747(-3146291); elements 1114697(-17844024)
Solving the presolved LP
IPX model has 291677 rows, 343747 columns and 1114697 nonzeros
Input
    Number of variables:                                343747
    Number of free variables:                           0
    Number of constraints:                              291677
    Number of equality constraints:                     26657
    Number of matrix entries:                           1114697
    Matrix range:                                       [1e-02, 1e+00]
    RHS range:                                          [2e+05, 6e+07]
    Objective range:                                    [3e-04, 9e+06]
    Bounds range:                                       [7e+05, 1e+08]
Preprocessing
    Dualized model:                                     no
    Number of dense columns:                            0
    Range of scaling factors:                           [1.00e+00, 2.00e+00]
IPX version 1.0
Interior Point Solve
 Iter     P.res    D.res            P.obj           D.obj        mu     Time
   0   1.34e+07 2.25e+06   1.40453892e+14 -2.18615183e+18  3.38e+13       0s
   1   3.87e+06 1.72e+06   3.22563390e+17 -1.75712885e+18  2.72e+13       0s
   2   2.02e+06 1.13e+06   4.96221374e+17 -1.36644498e+18  2.38e+13       1s
   3   8.35e+05 1.97e+05   4.57624098e+17 -2.67879397e+17  4.88e+12       2s
   4   1.61e+05 5.58e+04   2.91024472e+17 -9.04640693e+16  1.50e+12       3s
 Constructing starting basis...
   5   2.35e+04 1.86e+04   1.42594551e+17 -3.50003845e+16  5.22e+11       8s
   6   2.67e+03 4.66e+03   5.65329107e+16 -1.06265635e+16  1.45e+11      10s
   7   8.30e+02 1.12e+03   3.06669779e+16 -3.61655304e+15  6.07e+10      12s
   8   2.86e+02 3.82e+02   1.29616420e+16 -1.36118720e+15  2.40e+10      14s
   9   8.35e+01 1.72e+02   4.86088475e+15 -6.47589303e+14  9.16e+09      16s
  10   3.51e+01 7.61e+01   2.62961977e+15 -3.21380016e+14  4.86e+09      17s
  11   2.00e+01 3.84e+01   2.21908471e+15 -2.17584678e+14  3.97e+09      19s
  12   9.93e+00 2.52e+01   1.29007831e+15 -1.50262180e+14  2.36e+09      21s
  13   3.85e+00 1.62e+01   6.53155472e+14 -1.00818459e+14  1.25e+09      23s
  14   1.33e+00 8.95e+00   2.69045998e+14 -5.61261335e+13  5.50e+08      25s
  15   8.57e-01 5.48e+00   1.96125937e+14 -3.57854505e+13  3.89e+08      27s
  16   4.91e-01 3.08e+00   1.22072689e+14 -2.07331358e+13  2.39e+08      28s
  17   1.15e-01 3.69e-01   5.08742713e+13 -3.85270851e+12  8.79e+07      30s
  18   4.00e-02 9.41e-02   2.54250715e+13 -1.43617219e+12  4.28e+07      31s
  19   1.52e-02 3.26e-02   1.12283354e+13 -5.72354955e+11  1.87e+07      33s
  20   4.90e-03 1.12e-02   5.52202230e+12 -2.85056897e+11  9.21e+06      35s
  21   7.63e-04 1.74e-03   2.17935897e+12 -1.03206507e+11  3.60e+06      36s
  22   2.47e-04 9.10e-04   1.10520522e+12 -6.43062930e+10  1.84e+06      38s
  23   8.92e-05 3.18e-04   4.96014566e+11 -2.23978968e+10  8.16e+05      40s
  24   1.31e-05 2.42e-04   3.31955005e+11 -1.87908763e+10  5.52e+05      41s
  25   5.01e-06 5.73e-05   1.69041013e+11 -1.27450674e+09  2.68e+05      43s
  26   1.55e-06 2.07e-05   7.00133875e+10  3.54132127e+09  1.05e+05      45s
  27   2.38e-07 4.96e-06   3.33270638e+10  5.68804670e+09  4.35e+04      46s
  28   1.49e-07 1.51e-06   1.93340090e+10  6.75197345e+09  1.98e+04      48s
  29   1.49e-07 4.94e-07   1.17789763e+10  7.11422610e+09  7.33e+03      50s
  30   5.96e-08 1.82e-07   9.03915012e+09  7.23466335e+09  2.84e+03      51s
  31   4.47e-08 8.10e-08   8.16543849e+09  7.29071711e+09  1.38e+03      53s
  32   3.41e-08 3.35e-08   7.66782056e+09  7.32081338e+09  5.46e+02      55s
  33   1.04e-07 1.30e-08   7.50385423e+09  7.33533221e+09  2.65e+02      57s
  34   3.69e-08 5.59e-09   7.40880672e+09  7.34066020e+09  1.07e+02      58s
  35   1.19e-07 3.73e-09   7.36270486e+09  7.34307288e+09  3.09e+01      60s
  36   1.19e-07 2.79e-09   7.34693002e+09  7.34428494e+09  4.16e+00      61s
  37   7.45e-08 1.86e-09   7.34488424e+09  7.34441333e+09  7.40e-01      63s
  38   8.20e-08 1.86e-09   7.34466595e+09  7.34442586e+09  3.77e-01      64s
  39   4.48e-08 2.79e-09   7.34445907e+09  7.34443023e+09  4.54e-02      65s
  40   8.20e-08 2.79e-09   7.34443510e+09  7.34443216e+09  4.63e-03      67s
  41   1.64e-07 2.79e-09   7.34443279e+09  7.34443238e+09  6.50e-04      68s
  42   1.49e-07 1.86e-09   7.34443258e+09  7.34443244e+09  2.35e-04      69s
  43   6.85e-07 1.86e-09   7.34443247e+09  7.34443246e+09  1.87e-05      70s
  44*  6.41e-07 9.31e-10   7.34443246e+09  7.34443246e+09  1.84e-06      72s
Summary
    Runtime:                                            72.07s
    Status interior point solve:                        optimal
    Status crossover:                                   not run
    objective value:                                    7.34443246e+09
    interior solution primal residual (abs/rel):        8.20e-07 / 5.61e-15
    interior solution dual residual (abs/rel):          9.31e-10 / 1.01e-16
    interior solution objective gap (abs/rel):          8.92e-01 / 1.21e-10
Ipx: IPM       optimal
Model   status      : Optimal
IPM       iterations: 44
Objective value     :  7.3444324606e+09
HiGHS run time      :         77.12
Running HiGHS 1.6.0: Copyright (c) 2023 HiGHS under MIT licence terms
Presolving model
119066 rows, 324357 cols, 749539 nonzeros
89003 rows, 197806 cols, 496131 nonzeros
86780 rows, 117058 cols, 334262 nonzeros
86093 rows, 114746 cols, 329607 nonzeros
Presolve : Reductions: rows 86093(-2526497); columns 114746(-1630639); elements 329607(-7870446)
Solving the presolved LP
IPX model has 86093 rows, 114746 columns and 329607 nonzeros
Input
    Number of variables:                                114746
    Number of free variables:                           0
    Number of constraints:                              86093
    Number of equality constraints:                     13681
    Number of matrix entries:                           329607
    Matrix range:                                       [1e-02, 1e+00]
    RHS range:                                          [2e+05, 1e+08]
    Objective range:                                    [2e-04, 1e+06]
    Bounds range:                                       [7e+04, 1e+08]
Preprocessing
    Dualized model:                                     no
    Number of dense columns:                            0
    Range of scaling factors:                           [1.00e+00, 2.00e+00]
IPX version 1.0
Interior Point Solve
 Iter     P.res    D.res            P.obj           D.obj        mu     Time
   0   2.59e+07 1.47e+05   6.22927645e+13 -5.25023225e+16  4.42e+12       0s
   1   7.61e+06 1.05e+05   4.41160008e+16 -4.22207501e+16  2.89e+12       0s
   2   3.22e+06 7.62e+04   5.88221869e+16 -3.52029669e+16  2.41e+12       0s
   3   1.40e+06 1.36e+04   4.63020669e+16 -7.15704392e+15  6.04e+11       0s
   4   4.15e+05 2.16e+03   2.29571046e+16 -1.70666812e+15  1.64e+11       1s
   5   1.67e+05 6.68e+02   1.04423242e+16 -6.81028510e+14  6.43e+10       1s
 Constructing starting basis...
   6   9.48e+04 2.83e+02   6.32828643e+15 -3.56047512e+14  3.81e+10       2s
   7   4.82e+04 8.72e+01   4.04148084e+15 -2.44807609e+14  2.33e+10       2s
   8   1.93e+04 2.47e+01   2.27894435e+15 -1.50878877e+14  1.29e+10       3s
   9   8.62e+03 1.08e+01   1.44984341e+15 -1.02247788e+14  8.15e+09       3s
  10   3.62e+03 4.16e+00   9.13163531e+14 -5.78963724e+13  5.06e+09       3s
  11   2.68e+03 1.87e+00   7.42287671e+14 -2.36501553e+13  3.95e+09       4s
  12   2.30e+03 1.41e+00   7.18947654e+14 -2.61726516e+13  3.85e+09       4s
  13   1.22e+03 6.38e-01   4.25051007e+14  4.66848614e+12  2.17e+09       4s
  14   9.04e+02 7.04e-02   3.82825783e+14  7.63769794e+12  1.90e+09       5s
  15   1.96e+02 3.63e-02   1.39548273e+14  2.12454147e+13  6.03e+08       5s
  16   1.20e+02 1.76e-02   1.07372275e+14  2.95771199e+13  3.96e+08       6s
  17   6.82e+01 8.59e-03   8.24307981e+13  3.36451352e+13  2.48e+08       7s
  18   4.36e+01 4.49e-03   6.88947212e+13  3.58122936e+13  1.68e+08       7s
  19   1.54e+01 2.07e-03   5.10129429e+13  3.73644630e+13  6.90e+07       7s
  20   1.06e+01 1.61e-03   4.82649608e+13  3.76353456e+13  5.38e+07       8s
  21   5.37e+00 8.53e-04   4.40876713e+13  3.81947019e+13  2.97e+07       8s
  22   4.62e+00 6.04e-04   4.39148013e+13  3.82783367e+13  2.84e+07       9s
  23   3.04e+00 3.07e-04   4.24214465e+13  3.85500814e+13  1.95e+07       9s
  24   2.94e+00 2.34e-04   4.23903108e+13  3.85748984e+13  1.92e+07      10s
  25   2.47e+00 1.46e-04   4.18686342e+13  3.86871442e+13  1.60e+07      10s
  26   1.81e+00 1.19e-04   4.11711619e+13  3.87194693e+13  1.23e+07      11s
  27   1.43e+00 4.77e-05   4.09641217e+13  3.87514987e+13  1.11e+07      11s
  28   8.44e-01 3.49e-05   4.01254776e+13  3.87892217e+13  6.71e+06      11s
  29   7.06e-01 2.36e-05   4.00564286e+13  3.87989146e+13  6.31e+06      12s
  30   3.23e-01 1.43e-05   3.94341534e+13  3.88358098e+13  3.00e+06      12s
  31   2.96e-01 1.15e-05   3.94225504e+13  3.88403242e+13  2.92e+06      12s
  32   9.03e-02 2.94e-06   3.90672877e+13  3.88793923e+13  9.42e+05      13s
  33   3.30e-02 9.86e-07   3.89645079e+13  3.88885849e+13  3.81e+05      13s
  34   1.40e-02 8.36e-08   3.89431615e+13  3.88910754e+13  2.61e+05      13s
  35   3.95e-03 1.37e-08   3.89120925e+13  3.88933032e+13  9.41e+04      14s
  36   9.30e-04 3.73e-09   3.89022434e+13  3.88936722e+13  4.29e+04      14s
  37   3.17e-04 1.40e-09   3.88972326e+13  3.88940255e+13  1.61e+04      14s
  38   1.01e-04 6.98e-10   3.88954342e+13  3.88941362e+13  6.50e+03      15s
  39   2.64e-05 4.66e-10   3.88946867e+13  3.88941977e+13  2.45e+03      15s
  40   9.63e-06 4.66e-10   3.88944480e+13  3.88942309e+13  1.09e+03      15s
  41   2.77e-06 2.33e-10   3.88943286e+13  3.88942433e+13  4.27e+02      16s
  42   7.75e-07 2.33e-10   3.88942833e+13  3.88942471e+13  1.81e+02      16s
  43   2.68e-07 2.33e-10   3.88942645e+13  3.88942504e+13  7.08e+01      16s
  44   1.19e-07 2.33e-10   3.88942587e+13  3.88942515e+13  3.59e+01      17s
  45   1.19e-07 2.33e-10   3.88942542e+13  3.88942521e+13  1.04e+01      17s
  46   8.70e-08 4.66e-10   3.88942526e+13  3.88942523e+13  1.42e+00      17s
  47*  1.04e-07 4.66e-10   3.88942524e+13  3.88942523e+13  1.38e-01      17s
Summary
    Runtime:                                            17.33s
    Status interior point solve:                        optimal
    Status crossover:                                   not run
    objective value:                                    3.88942524e+13
    interior solution primal residual (abs/rel):        1.64e-07 / 1.12e-15
    interior solution dual residual (abs/rel):          4.66e-10 / 3.56e-16
    interior solution objective gap (abs/rel):          2.77e+04 / 7.11e-10
Ipx: IPM       optimal
Model   status      : Optimal
IPM       iterations: 47
Objective value     :  3.8894252303e+13
HiGHS run time      :         20.17
Presolving model
119066 rows, 324357 cols, 749539 nonzeros
89003 rows, 197806 cols, 496131 nonzeros
86780 rows, 117058 cols, 334262 nonzeros
86093 rows, 114746 cols, 329607 nonzeros
Presolve : Reductions: rows 86093(-2534012); columns 114746(-1630639); elements 329607(-7877961)
Solving the presolved LP
IPX model has 86093 rows, 114746 columns and 329607 nonzeros
Input
    Number of variables:                                114746
    Number of free variables:                           0
    Number of constraints:                              86093
    Number of equality constraints:                     13681
    Number of matrix entries:                           329607
    Matrix range:                                       [1e-02, 1e+00]
    RHS range:                                          [2e+05, 1e+08]
    Objective range:                                    [2e-04, 1e+06]
    Bounds range:                                       [7e+04, 1e+08]
Preprocessing
    Dualized model:                                     no
    Number of dense columns:                            0
    Range of scaling factors:                           [1.00e+00, 2.00e+00]
IPX version 1.0
Interior Point Solve
 Iter     P.res    D.res            P.obj           D.obj        mu     Time
   0   2.59e+07 1.48e+05   5.06244313e+13 -5.33482543e+16  4.46e+12       0s
   1   7.62e+06 1.07e+05   4.29071245e+16 -4.29536131e+16  2.93e+12       0s
   2   3.20e+06 7.72e+04   5.75604330e+16 -3.58033777e+16  2.45e+12       0s
   3   1.36e+06 1.55e+04   4.52199661e+16 -8.01853024e+15  6.45e+11       0s
   4   4.37e+05 2.38e+03   2.41426123e+16 -1.85456452e+15  1.77e+11       1s
   5   1.77e+05 7.63e+02   1.11485176e+16 -7.74394214e+14  7.00e+10       1s
 Constructing starting basis...
   6   8.00e+04 1.99e+02   5.74497376e+15 -3.34233911e+14  3.41e+10       2s
   7   3.90e+04 4.77e+01   3.37204258e+15 -1.91143097e+14  1.91e+10       2s
   8   1.05e+04 1.64e+01   1.52607929e+15 -1.33931418e+14  8.77e+09       3s
   9   2.78e+03 5.40e+00   6.39350200e+14 -6.71058281e+13  3.70e+09       3s
  10   7.73e+02 2.53e+00   2.01588151e+14 -3.25623805e+13  1.24e+09       3s
  11   2.13e+02 1.11e+00   9.16256146e+13 -1.71562456e+13  5.78e+08       4s
  12   9.38e+01 5.20e-01   5.02970357e+13 -8.97119536e+12  3.13e+08       4s
  13   2.62e+01 2.65e-01   1.82155832e+13 -4.81186507e+12  1.24e+08       4s
  14   5.99e+00 7.37e-02   6.89354806e+12 -1.57183698e+12  4.48e+07       5s
  15   1.35e+00 1.50e-02   1.87614678e+12 -3.40428124e+11  1.15e+07       5s
  16   6.33e-01 4.09e-03   1.11482111e+12 -1.17949993e+11  6.28e+06       5s
  17   4.94e-01 1.38e-03   9.47971573e+11 -5.81480981e+10  5.08e+06       5s
  18   2.28e-01 5.69e-04   5.99969760e+11 -3.69134452e+10  3.21e+06       6s
  19   1.23e-01 2.34e-04   3.48739605e+11 -1.52237634e+10  1.83e+06       6s
  20   5.15e-02 8.83e-05   1.99912215e+11 -7.99390634e+09  1.04e+06       6s
  21   2.37e-02 4.33e-05   1.29823273e+11 -4.80154725e+09  6.75e+05       6s
  22   1.25e-02 1.71e-05   7.96654434e+10 -5.82433779e+08  4.02e+05       7s
  23   7.06e-03 6.44e-06   6.06014225e+10  4.97825668e+08  3.01e+05       7s
  24   3.73e-03 2.56e-06   3.54453067e+10  2.34163530e+09  1.66e+05       7s
  25   8.76e-04 1.04e-06   1.53321484e+10  2.98683760e+09  6.18e+04       7s
  26   2.96e-04 5.63e-07   8.80374266e+09  3.33418242e+09  2.74e+04       8s
  27   1.60e-04 1.29e-07   7.17446830e+09  3.67384545e+09  1.75e+04       8s
  28   4.59e-05 6.10e-08   4.95449571e+09  3.77917370e+09  5.88e+03       8s
  29   1.15e-05 2.75e-08   4.27058846e+09  3.83398616e+09  2.19e+03       8s
  30   3.87e-06 9.55e-09   4.04568462e+09  3.86984567e+09  8.80e+02       9s
  31   1.34e-06 3.49e-09   3.95510375e+09  3.88324406e+09  3.60e+02       9s
  32   3.28e-07 1.28e-09   3.91539072e+09  3.88860462e+09  1.34e+02       9s
  33   1.49e-07 6.98e-10   3.89904795e+09  3.89076029e+09  4.15e+01       9s
  34   8.94e-08 4.66e-10   3.89403103e+09  3.89176910e+09  1.13e+01      10s
  35   2.09e-07 2.33e-10   3.89261464e+09  3.89205927e+09  2.78e+00      10s
  36   1.19e-07 2.33e-10   3.89217482e+09  3.89207587e+09  4.95e-01      10s
  37   8.94e-08 2.33e-10   3.89209791e+09  3.89207924e+09  9.35e-02      10s
  38   1.19e-07 2.33e-10   3.89208092e+09  3.89207998e+09  4.71e-03      10s
  39   1.79e-07 2.33e-10   3.89208040e+09  3.89208024e+09  7.67e-04      10s
  40   6.85e-07 2.33e-10   3.89208030e+09  3.89208028e+09  8.05e-05      11s
  41*  5.96e-07 2.33e-10   3.89208029e+09  3.89208029e+09  7.58e-06      11s
Summary
    Runtime:                                            10.84s
    Status interior point solve:                        optimal
    Status crossover:                                   not run
    objective value:                                    3.89208029e+09
    interior solution primal residual (abs/rel):        5.66e-07 / 3.88e-15
    interior solution dual residual (abs/rel):          2.33e-10 / 1.78e-16
    interior solution objective gap (abs/rel):          1.49e+00 / 3.84e-10
Ipx: IPM       optimal
Model   status      : Optimal
IPM       iterations: 41
Objective value     :  3.8920802866e+09
HiGHS run time      :         13.64
Presolving model
119066 rows, 324357 cols, 749539 nonzeros
89003 rows, 197806 cols, 496131 nonzeros
86780 rows, 117058 cols, 334262 nonzeros
86093 rows, 114746 cols, 329607 nonzeros
Presolve : Reductions: rows 86093(-2541527); columns 114746(-1630639); elements 329607(-7885476)
Solving the presolved LP
IPX model has 86093 rows, 114746 columns and 329607 nonzeros
Input
    Number of variables:                                114746
    Number of free variables:                           0
    Number of constraints:                              86093
    Number of equality constraints:                     13681
    Number of matrix entries:                           329607
    Matrix range:                                       [1e-02, 1e+00]
    RHS range:                                          [2e+05, 1e+08]
    Objective range:                                    [2e-04, 1e+06]
    Bounds range:                                       [7e+04, 1e+08]
Preprocessing
    Dualized model:                                     no
    Number of dense columns:                            0
    Range of scaling factors:                           [1.00e+00, 2.00e+00]
IPX version 1.0
Interior Point Solve
 Iter     P.res    D.res            P.obj           D.obj        mu     Time
   0   2.59e+07 1.46e+05   5.20571862e+13 -5.23910582e+16  4.39e+12       0s
   1   7.62e+06 1.05e+05   4.28551561e+16 -4.21422133e+16  2.88e+12       0s
   2   3.21e+06 7.58e+04   5.73169787e+16 -3.51247802e+16  2.40e+12       0s
   3   1.34e+06 1.45e+04   4.47761469e+16 -7.55377721e+15  6.14e+11       0s
   4   5.05e+05 2.23e+03   2.54192819e+16 -1.78507139e+15  1.84e+11       0s
   5   1.99e+05 6.76e+02   1.13142284e+16 -7.24641071e+14  7.06e+10       1s
 Constructing starting basis...
   6   8.65e+04 2.37e+02   5.37089358e+15 -3.35741312e+14  3.25e+10       2s
   7   2.66e+04 7.03e+01   2.87332852e+15 -2.52733170e+14  1.69e+10       2s
   8   4.33e+03 2.78e+01   9.05988890e+14 -1.35593298e+14  5.60e+09       3s
   9   1.23e+03 1.51e+01   4.10495650e+14 -8.14369580e+13  2.68e+09       3s
  10   4.33e+02 9.10e+00   1.77682528e+14 -5.10093621e+13  1.27e+09       3s
  11   1.15e+02 3.45e+00   7.17662696e+13 -2.12569639e+13  5.16e+08       4s
  12   5.63e+01 1.51e+00   4.43000065e+13 -1.02528672e+13  2.97e+08       4s
  13   1.48e+01 8.23e-01   1.75688615e+13 -5.90253467e+12  1.31e+08       4s
  14   4.60e+00 4.14e-01   7.03704361e+12 -3.05608972e+12  5.70e+07       5s
  15   1.75e+00 1.52e-01   3.08933210e+12 -1.15021637e+12  2.35e+07       5s
  16   4.76e-01 3.37e-02   1.60819812e+12 -3.24515533e+11  1.02e+07       5s
  17   1.93e-01 1.14e-02   1.00715134e+12 -1.41849023e+11  5.93e+06       5s
  18   7.11e-02 3.57e-03   4.58673534e+11 -4.91814511e+10  2.59e+06       6s
  19   2.94e-02 2.06e-03   3.45574318e+11 -3.62572955e+10  1.94e+06       6s
  20   9.45e-03 9.08e-04   2.31540205e+11 -2.20402795e+10  1.28e+06       6s
  21   3.29e-03 2.99e-04   9.19061331e+10 -5.32066180e+09  4.89e+05       7s
  22   1.49e-03 5.47e-05   6.02841236e+10 -3.85207126e+07  3.02e+05       7s
  23   6.56e-04 1.59e-05   4.00960416e+10  1.39342354e+09  1.94e+05       7s
  24   1.86e-04 3.69e-06   1.94074336e+10  2.70209254e+09  8.36e+04       7s
  25   1.06e-04 2.02e-06   1.34647341e+10  3.10144887e+09  5.19e+04       8s
  26   6.85e-05 8.72e-07   1.08271827e+10  3.35746013e+09  3.74e+04       8s
  27   4.77e-05 2.28e-07   9.36040902e+09  3.50266537e+09  2.93e+04       8s
  28   1.65e-05 8.03e-08   5.71574803e+09  3.65821969e+09  1.03e+04       8s
  29   3.55e-06 2.98e-08   4.30688365e+09  3.70649000e+09  3.01e+03       9s
  30   1.10e-06 1.09e-08   3.96283729e+09  3.73142895e+09  1.16e+03       9s
  31   3.28e-07 4.66e-09   3.83022302e+09  3.74161489e+09  4.44e+02       9s
  32   8.94e-08 1.40e-09   3.77626492e+09  3.74794748e+09  1.42e+02       9s
  33   5.96e-08 5.82e-10   3.76334744e+09  3.74989488e+09  6.73e+01       9s
  34   2.68e-07 2.33e-10   3.75743246e+09  3.75053812e+09  3.45e+01      10s
  35   2.68e-07 2.33e-10   3.75248966e+09  3.75101928e+09  7.36e+00      10s
  36   5.96e-08 2.33e-10   3.75154423e+09  3.75113224e+09  2.06e+00      10s
  37   8.94e-08 2.33e-10   3.75120823e+09  3.75115174e+09  2.83e-01      10s
  38   1.49e-07 2.33e-10   3.75115995e+09  3.75115367e+09  3.14e-02      10s
  39   2.38e-07 4.66e-10   3.75115553e+09  3.75115415e+09  6.94e-03      11s
  40   1.49e-07 2.33e-10   3.75115441e+09  3.75115421e+09  9.95e-04      11s
  41   1.49e-07 3.49e-10   3.75115427e+09  3.75115424e+09  1.91e-04      11s
  42*  3.28e-07 2.33e-10   3.75115424e+09  3.75115424e+09  1.41e-05      11s
Summary
    Runtime:                                            11.07s
    Status interior point solve:                        optimal
    Status crossover:                                   not run
    objective value:                                    3.75115424e+09
    interior solution primal residual (abs/rel):        2.68e-07 / 1.84e-15
    interior solution dual residual (abs/rel):          2.33e-10 / 1.78e-16
    interior solution objective gap (abs/rel):          2.81e+00 / 7.48e-10
Ipx: IPM       optimal
Model   status      : Optimal
IPM       iterations: 42
Objective value     :  3.7511542414e+09
HiGHS run time      :         13.84
Presolving model
119066 rows, 324357 cols, 749539 nonzeros
89003 rows, 197806 cols, 496131 nonzeros
86780 rows, 117058 cols, 334262 nonzeros
86093 rows, 114746 cols, 329607 nonzeros
Presolve : Reductions: rows 86093(-2549042); columns 114746(-1630639); elements 329607(-7892991)
Solving the presolved LP
IPX model has 86093 rows, 114746 columns and 329607 nonzeros
Input
    Number of variables:                                114746
    Number of free variables:                           0
    Number of constraints:                              86093
    Number of equality constraints:                     13681
    Number of matrix entries:                           329607
    Matrix range:                                       [1e-02, 1e+00]
    RHS range:                                          [2e+05, 1e+08]
    Objective range:                                    [2e-04, 1e+06]
    Bounds range:                                       [7e+04, 1e+08]
Preprocessing
    Dualized model:                                     no
    Number of dense columns:                            0
    Range of scaling factors:                           [1.00e+00, 2.00e+00]
IPX version 1.0
Interior Point Solve
 Iter     P.res    D.res            P.obj           D.obj        mu     Time
   0   2.59e+07 1.46e+05   5.21964334e+13 -5.24002066e+16  4.39e+12       0s
   1   7.62e+06 1.05e+05   4.28659796e+16 -4.21497457e+16  2.88e+12       0s
   2   3.21e+06 7.58e+04   5.73288672e+16 -3.51068920e+16  2.40e+12       0s
   3   1.34e+06 1.45e+04   4.47937158e+16 -7.55208452e+15  6.14e+11       0s
   4   5.06e+05 2.22e+03   2.54319155e+16 -1.78483343e+15  1.84e+11       0s
   5   2.00e+05 6.75e+02   1.13297337e+16 -7.25382071e+14  7.07e+10       1s
 Constructing starting basis...
   6   8.71e+04 2.38e+02   5.38452775e+15 -3.36053460e+14  3.26e+10       2s
   7   2.62e+04 7.02e+01   2.85787294e+15 -2.52999111e+14  1.68e+10       2s
   8   3.91e+03 2.72e+01   8.83594207e+14 -1.35208042e+14  5.48e+09       3s
   9   1.33e+03 1.48e+01   4.33458295e+14 -8.07414684e+13  2.79e+09       3s
  10   4.88e+02 9.27e+00   1.89981220e+14 -5.21553833e+13  1.34e+09       3s
  11   1.21e+02 3.48e+00   7.55859284e+13 -2.17873859e+13  5.39e+08       4s
  12   5.67e+01 1.43e+00   4.53851324e+13 -9.95166352e+12  2.99e+08       4s
  13   1.48e+01 7.82e-01   1.81771770e+13 -5.80580933e+12  1.33e+08       4s
  14   4.59e+00 3.83e-01   7.78759565e+12 -2.97664728e+12  6.01e+07       4s
  15   1.67e+00 1.44e-01   3.24534211e+12 -1.14228740e+12  2.42e+07       5s
  16   4.29e-01 2.39e-02   1.63004312e+12 -2.66344860e+11  9.88e+06       5s
  17   1.64e-01 4.22e-03   9.96455218e+11 -8.73728757e+10  5.50e+06       5s
  18   9.89e-02 1.59e-03   6.51101990e+11 -3.70366628e+10  3.47e+06       6s
  19   3.76e-02 6.52e-04   4.01052045e+11 -2.52243313e+10  2.14e+06       6s
  20   1.48e-02 2.31e-04   2.79026402e+11 -1.71746804e+10  1.49e+06       6s
  21   5.22e-03 6.74e-05   1.09731781e+11 -3.04815138e+09  5.65e+05       6s
  22   2.31e-03 2.00e-05   6.74464825e+10 -1.24955625e+08  3.38e+05       7s
  23   1.03e-03 8.15e-06   4.60358668e+10  8.97416910e+08  2.26e+05       7s
  24   3.94e-04 2.58e-06   2.19549438e+10  2.62490345e+09  9.68e+04       7s
  25   1.70e-04 1.32e-06   1.33108735e+10  3.03753700e+09  5.14e+04       7s
  26   8.32e-05 6.61e-07   1.02499717e+10  3.23328059e+09  3.51e+04       8s
  27   1.44e-05 2.32e-07   5.47254834e+09  3.51631529e+09  9.79e+03       8s
  28   4.41e-06 8.29e-08   4.41992679e+09  3.64564890e+09  3.88e+03       8s
  29   1.85e-06 2.96e-08   4.04732396e+09  3.70200527e+09  1.73e+03       8s
  30   4.47e-07 8.85e-09   3.85235767e+09  3.72321152e+09  6.46e+02       9s
  31   1.49e-07 2.56e-09   3.78042558e+09  3.73212481e+09  2.42e+02       9s
  32   2.38e-07 1.16e-09   3.75380048e+09  3.73537148e+09  9.23e+01       9s
  33   1.37e-07 4.66e-10   3.74419908e+09  3.73654274e+09  3.83e+01       9s
  34   1.79e-07 4.66e-10   3.73860762e+09  3.73716787e+09  7.21e+00       9s
  35   2.98e-07 2.33e-10   3.73761456e+09  3.73729850e+09  1.58e+00      10s
  36   1.49e-07 2.33e-10   3.73735071e+09  3.73733768e+09  6.52e-02      10s
  37   5.96e-08 2.33e-10   3.73734385e+09  3.73734243e+09  7.08e-03      10s
  38   1.49e-07 4.66e-10   3.73734297e+09  3.73734282e+09  7.60e-04      10s
  39   5.66e-07 2.33e-10   3.73734286e+09  3.73734283e+09  1.63e-04      10s
  40*  4.47e-07 2.33e-10   3.73734283e+09  3.73734283e+09  5.02e-06      10s
Summary
    Runtime:                                            10.46s
    Status interior point solve:                        optimal
    Status crossover:                                   not run
    objective value:                                    3.73734283e+09
    interior solution primal residual (abs/rel):        3.58e-07 / 2.45e-15
    interior solution dual residual (abs/rel):          2.33e-10 / 1.78e-16
    interior solution objective gap (abs/rel):          1.00e+00 / 2.68e-10
Ipx: IPM       optimal
Model   status      : Optimal
IPM       iterations: 40
Objective value     :  3.7373428298e+09
HiGHS run time      :         13.25
Presolving model
119066 rows, 324357 cols, 749539 nonzeros
89003 rows, 197806 cols, 496131 nonzeros
86780 rows, 117058 cols, 334262 nonzeros
86093 rows, 114746 cols, 329607 nonzeros
Presolve : Reductions: rows 86093(-2556557); columns 114746(-1630639); elements 329607(-7900506)
Solving the presolved LP
IPX model has 86093 rows, 114746 columns and 329607 nonzeros
Input
    Number of variables:                                114746
    Number of free variables:                           0
    Number of constraints:                              86093
    Number of equality constraints:                     13681
    Number of matrix entries:                           329607
    Matrix range:                                       [1e-02, 1e+00]
    RHS range:                                          [2e+05, 1e+08]
    Objective range:                                    [2e-04, 1e+06]
    Bounds range:                                       [7e+04, 1e+08]
Preprocessing
    Dualized model:                                     no
    Number of dense columns:                            0
    Range of scaling factors:                           [1.00e+00, 2.00e+00]
IPX version 1.0
Interior Point Solve
 Iter     P.res    D.res            P.obj           D.obj        mu     Time
   0   2.59e+07 1.46e+05   5.22188284e+13 -5.24146139e+16  4.39e+12       0s
   1   7.62e+06 1.05e+05   4.28703596e+16 -4.21616922e+16  2.88e+12       0s
   2   3.21e+06 7.58e+04   5.73367388e+16 -3.51163238e+16  2.40e+12       0s
   3   1.34e+06 1.45e+04   4.47980513e+16 -7.55349948e+15  6.14e+11       0s
   4   5.06e+05 2.22e+03   2.54484853e+16 -1.78495030e+15  1.84e+11       0s
   5   2.00e+05 6.75e+02   1.13365126e+16 -7.25653642e+14  7.08e+10       1s
 Constructing starting basis...
   6   8.74e+04 2.38e+02   5.39337605e+15 -3.36016273e+14  3.27e+10       2s
   7   2.64e+04 6.93e+01   2.82882985e+15 -2.48007818e+14  1.66e+10       2s
   8   4.24e+03 2.69e+01   9.04716910e+14 -1.33137390e+14  5.57e+09       3s
   9   1.52e+03 1.46e+01   4.44573250e+14 -7.87656621e+13  2.83e+09       3s
  10   5.74e+02 8.89e+00   1.97294476e+14 -4.96607481e+13  1.36e+09       3s
  11   1.48e+02 3.36e+00   7.58903111e+13 -2.06945973e+13  5.32e+08       4s
  12   7.12e+01 1.40e+00   4.57169703e+13 -9.57519802e+12  2.98e+08       4s
  13   1.87e+01 7.61e-01   1.80134636e+13 -5.54548451e+12  1.30e+08       4s
  14   4.25e+00 3.84e-01   6.59830390e+12 -2.93212613e+12  5.38e+07       5s
  15   1.72e+00 1.40e-01   3.04643891e+12 -1.09488908e+12  2.29e+07       5s
  16   4.57e-01 2.19e-02   1.50933049e+12 -2.39384658e+11  9.10e+06       5s
  17   1.53e-01 5.25e-03   9.17060789e+11 -9.57319168e+10  5.16e+06       5s
  18   9.16e-02 1.85e-03   5.98817476e+11 -3.78485782e+10  3.21e+06       6s
  19   3.58e-02 6.04e-04   3.80851379e+11 -2.34277926e+10  2.03e+06       6s
  20   8.07e-03 1.13e-04   2.09619124e+11 -1.19590676e+10  1.11e+06       6s
  21   3.54e-03 3.71e-05   1.02448356e+11 -2.22099552e+09  5.24e+05       6s
  22   1.57e-03 4.93e-06   5.75501651e+10  1.52970766e+09  2.80e+05       7s
  23   7.72e-04 1.61e-06   3.99998267e+10  1.91261240e+09  1.91e+05       7s
  24   2.47e-04 6.41e-07   1.74429984e+10  2.83224944e+09  7.31e+04       7s
  25   6.92e-05 2.83e-07   9.86011846e+09  3.17986701e+09  3.34e+04       7s
  26   1.05e-05 9.38e-08   5.81782424e+09  3.47084760e+09  1.17e+04       8s
  27   2.92e-06 3.52e-08   4.49004837e+09  3.62209815e+09  4.34e+03       8s
  28   8.94e-07 1.35e-08   4.01504611e+09  3.68718511e+09  1.64e+03       8s
  29   2.38e-07 3.96e-09   3.84399302e+09  3.71830101e+09  6.29e+02       8s
  30   2.68e-07 1.40e-09   3.78023887e+09  3.72848167e+09  2.59e+02       9s
  31   1.49e-07 6.98e-10   3.74865787e+09  3.73246831e+09  8.10e+01       9s
  32   2.98e-07 3.49e-10   3.73913672e+09  3.73391892e+09  2.61e+01       9s
  33   2.09e-07 2.33e-10   3.73577902e+09  3.73463880e+09  5.71e+00       9s
  34   1.79e-07 2.33e-10   3.73499795e+09  3.73479415e+09  1.02e+00       9s
  35   3.28e-07 4.66e-10   3.73484453e+09  3.73482427e+09  1.01e-01       9s
  36   1.19e-07 4.66e-10   3.73483102e+09  3.73482972e+09  6.48e-03      10s
  37   1.79e-07 3.49e-10   3.73483056e+09  3.73483030e+09  1.31e-03      10s
  38   1.79e-07 2.33e-10   3.73483041e+09  3.73483032e+09  4.58e-04      10s
  39   3.87e-07 2.33e-10   3.73483034e+09  3.73483033e+09  3.91e-05      10s
  40*  2.09e-07 2.33e-10   3.73483033e+09  3.73483033e+09  4.03e-06      10s
Summary
    Runtime:                                            10.36s
    Status interior point solve:                        optimal
    Status crossover:                                   not run
    objective value:                                    3.73483033e+09
    interior solution primal residual (abs/rel):        2.98e-07 / 2.04e-15
    interior solution dual residual (abs/rel):          2.33e-10 / 1.78e-16
    interior solution objective gap (abs/rel):          7.86e-01 / 2.11e-10
Ipx: IPM       optimal
Model   status      : Optimal
IPM       iterations: 40
Objective value     :  3.7348303348e+09
HiGHS run time      :         13.14
[ Info: Rolling step not specified in scenaio.yaml file; Setting it to 10 years
[ Info: Demand-pathway mapping not specified in scenaio.yaml file; SERA will not look for eligible pathways for different demand types.
[ Info: Production capacity constraints from the grid model not defined. SERA will not create these constraints
[ Info: Regional technology limits not specified in scenaio.yaml file; SERA will not create these constraints
STARTING DATA PRE-PROCESSING 
Processing Temporal Data
Processing Nodes
Processing Demand
Processing Existings
Processing Links
Processing Pathways
Creating Infrastructure options
 19.397132 seconds (99.46 M allocations: 11.605 GiB, 42.02% gc time, 0.44% compilation time)

OPTIMIZING FROM 2026 TO 2035 

STARTING OPTIMIZATION MODEL CREATION
CREATING VARIABLES AND EXPRESSIONS
 77.440155 seconds (270.64 M allocations: 16.798 GiB, 75.36% gc time, 7.78% compilation time)
POPULATING EXPRESSIONS
 52.552216 seconds (202.82 M allocations: 31.782 GiB, 21.22% gc time, 0.36% compilation time)
CREATING CONSTRAINTS
105.948100 seconds (173.63 M allocations: 10.222 GiB, 80.78% gc time, 1.84% compilation time)
POPULATED CORE OPTIMIZATION MODEL, STARTING ITERATIONS
READING COST DATA FOR ITERATION 1
 50.094403 seconds (119.99 M allocations: 11.558 GiB, 47.08% gc time, 0.76% compilation time)
CREATING EXPRESSIONS FOR CAPITAL AND FIXED COST
117.754297 seconds (120.65 M allocations: 7.741 GiB, 91.76% gc time, 6.48% compilation time)
BUILDING OBJECTIVE FUNCTION
 11.625189 seconds (41.60 M allocations: 1.304 GiB, 57.85% gc time, 7.31% compilation time)
Optimizing for iteration 1
246.176935 seconds (57.22 M allocations: 5.633 GiB, 46.29% gc time, 0.01% compilation time)
OPTIMAL
2.9752059925641074e9
 =  1.0
READING COST DATA FOR ITERATION 2
454.353706 seconds (97.08 M allocations: 10.981 GiB, 22.16% gc time, 0.01% compilation time)
CREATING EXPRESSIONS FOR CAPITAL AND FIXED COST
139.829837 seconds (119.09 M allocations: 7.634 GiB, 94.02% gc time, 0.00% compilation time)
BUILDING OBJECTIVE FUNCTION
 11.993925 seconds (40.93 M allocations: 1.301 GiB, 64.67% gc time)
Optimizing for iteration 2
 91.103533 seconds (5 allocations: 73.965 MiB, 6.39% gc time)
OPTIMAL
9.740103397316145e9
 =  0.6945406151043559
READING COST DATA FOR ITERATION 3
462.181841 seconds (96.72 M allocations: 11.054 GiB, 23.51% gc time)
CREATING EXPRESSIONS FOR CAPITAL AND FIXED COST
141.268472 seconds (119.09 M allocations: 7.634 GiB, 94.02% gc time)
BUILDING OBJECTIVE FUNCTION
 11.925414 seconds (40.93 M allocations: 1.301 GiB, 64.85% gc time)
Optimizing for iteration 3
 77.620644 seconds (2 allocations: 32 bytes)
OPTIMAL
7.83829849779957e9
 =  0.24262981309660928
READING COST DATA FOR ITERATION 4
489.753317 seconds (96.70 M allocations: 11.055 GiB, 24.54% gc time)
CREATING EXPRESSIONS FOR CAPITAL AND FIXED COST
157.638557 seconds (119.09 M allocations: 7.634 GiB, 94.36% gc time)
BUILDING OBJECTIVE FUNCTION
 13.365139 seconds (40.93 M allocations: 1.301 GiB, 65.83% gc time)
Optimizing for iteration 4
 76.342505 seconds (2 allocations: 32 bytes)
OPTIMAL
7.474775374626984e9
 =  0.048633317384548416
READING COST DATA FOR ITERATION 5
494.086620 seconds (96.70 M allocations: 11.086 GiB, 24.90% gc time)
CREATING EXPRESSIONS FOR CAPITAL AND FIXED COST
158.722426 seconds (119.09 M allocations: 7.634 GiB, 94.37% gc time)
BUILDING OBJECTIVE FUNCTION
 13.243748 seconds (40.93 M allocations: 1.301 GiB, 66.11% gc time)
Optimizing for iteration 5
 75.835785 seconds (2 allocations: 32 bytes)
OPTIMAL
7.347350300272035e9
 =  0.0173429970189979
READING COST DATA FOR ITERATION 6
495.660658 seconds (96.70 M allocations: 10.974 GiB, 25.29% gc time)
CREATING EXPRESSIONS FOR CAPITAL AND FIXED COST
169.330474 seconds (119.09 M allocations: 7.634 GiB, 94.69% gc time)
BUILDING OBJECTIVE FUNCTION
 13.530058 seconds (40.93 M allocations: 1.301 GiB, 66.66% gc time)
Optimizing for iteration 6
 77.173081 seconds (2 allocations: 32 bytes)
OPTIMAL
7.3444324605954485e9
 =  0.00039728592945782455
ITERATIONS COMPLETED
WRITING RESULTS TO FILE
 18.354522 seconds (24.56 M allocations: 1.019 GiB, 84.19% gc time, 3.60% compilation time)

OPTIMIZING FROM 2036 TO 2040 

STARTING OPTIMIZATION MODEL CREATION
CREATING VARIABLES AND EXPRESSIONS
233.159362 seconds (131.37 M allocations: 8.050 GiB, 96.64% gc time, 0.09% compilation time)
POPULATING EXPRESSIONS
 21.991700 seconds (56.34 M allocations: 8.731 GiB, 48.09% gc time)
CREATING CONSTRAINTS
 84.957262 seconds (85.06 M allocations: 4.701 GiB, 89.28% gc time, 0.01% compilation time)
POPULATED CORE OPTIMIZATION MODEL, STARTING ITERATIONS
READING COST DATA FOR ITERATION 1
 94.609699 seconds (47.50 M allocations: 5.463 GiB, 86.62% gc time)
CREATING EXPRESSIONS FOR CAPITAL AND FIXED COST
 39.372111 seconds (31.11 M allocations: 1.945 GiB, 94.75% gc time, 0.15% compilation time)
BUILDING OBJECTIVE FUNCTION
  1.988352 seconds (19.38 M allocations: 620.793 MiB, 16.95% gc time)
Optimizing for iteration 1
106.800606 seconds (29.62 M allocations: 2.757 GiB, 74.13% gc time)
OPTIMAL
3.889425230262957e13
 =  1.0
READING COST DATA FOR ITERATION 2
171.256814 seconds (47.73 M allocations: 5.470 GiB, 51.55% gc time)
CREATING EXPRESSIONS FOR CAPITAL AND FIXED COST
 42.014031 seconds (31.11 M allocations: 1.943 GiB, 94.97% gc time)
BUILDING OBJECTIVE FUNCTION
  2.017772 seconds (19.38 M allocations: 643.350 MiB, 16.29% gc time)
Optimizing for iteration 2
 13.674188 seconds (5 allocations: 32 bytes)
OPTIMAL
3.892080286598968e9
 =  9992.178310465142
READING COST DATA FOR ITERATION 3
172.370693 seconds (47.69 M allocations: 5.581 GiB, 51.71% gc time)
CREATING EXPRESSIONS FOR CAPITAL AND FIXED COST
 42.320934 seconds (31.11 M allocations: 1.943 GiB, 95.02% gc time)
BUILDING OBJECTIVE FUNCTION
  2.027316 seconds (19.38 M allocations: 643.350 MiB, 15.43% gc time)
Optimizing for iteration 3
 13.867979 seconds (2 allocations: 32 bytes)
OPTIMAL
3.751154241382465e9
 =  0.037568715160198884
READING COST DATA FOR ITERATION 4
172.820079 seconds (47.69 M allocations: 5.469 GiB, 51.89% gc time)
CREATING EXPRESSIONS FOR CAPITAL AND FIXED COST
 42.474823 seconds (31.11 M allocations: 1.943 GiB, 94.96% gc time)
BUILDING OBJECTIVE FUNCTION
  2.051461 seconds (19.38 M allocations: 643.350 MiB, 15.65% gc time)
Optimizing for iteration 4
 13.269693 seconds (2 allocations: 32 bytes)
OPTIMAL
3.737342829815981e9
 =  0.0036955163589338174
READING COST DATA FOR ITERATION 5
172.728752 seconds (47.69 M allocations: 5.469 GiB, 52.01% gc time)
CREATING EXPRESSIONS FOR CAPITAL AND FIXED COST
 42.632580 seconds (31.11 M allocations: 1.943 GiB, 95.03% gc time)
BUILDING OBJECTIVE FUNCTION
  2.063288 seconds (19.38 M allocations: 643.350 MiB, 15.06% gc time)
Optimizing for iteration 5
 13.159021 seconds (2 allocations: 32 bytes)
OPTIMAL
3.7348303347571807e9
 =  0.0006727199989123961
ITERATIONS COMPLETED
WRITING RESULTS TO FILE
 23.594076 seconds (19.14 M allocations: 850.995 MiB, 88.91% gc time, 45.37% compilation time)

THE OPTIMIZATION PROBLEM TOOK 99.5 MINUTES TO SOLVE. 
