Running HiGHS 1.6.0: Copyright (c) 2023 HiGHS under MIT licence terms
Presolving model
44073 rows, 207957 cols, 468668 nonzeros
43069 rows, 51118 cols, 143708 nonzeros
42712 rows, 50677 cols, 142910 nonzeros
Presolve : Reductions: rows 42712(-1284850); columns 50677(-685345); elements 142910(-3446818)
Solving the presolved LP
IPX model has 42712 rows, 50677 columns and 142910 nonzeros
Input
    Number of variables:                                50677
    Number of free variables:                           0
    Number of constraints:                              42712
    Number of equality constraints:                     8816
    Number of matrix entries:                           142910
    Matrix range:                                       [1e-02, 1e+00]
    RHS range:                                          [2e+05, 1e+08]
    Objective range:                                    [2e-04, 4e+01]
    Bounds range:                                       [2e+05, 1e+08]
Preprocessing
    Dualized model:                                     no
    Number of dense columns:                            0
    Range of scaling factors:                           [1.00e+00, 2.00e+00]
IPX version 1.0
Interior Point Solve
 Iter     P.res    D.res            P.obj           D.obj        mu     Time
   0   2.04e+07 4.51e+00   3.56675243e+09 -5.88343163e+12  1.45e+08       0s
   1   3.84e+06 2.09e+00   4.79545263e+11 -3.09292430e+12  5.41e+07       0s
   2   2.06e+06 1.88e+00   6.37315749e+11 -2.87910298e+12  5.11e+07       0s
   3   1.13e+06 2.92e-01   5.04281903e+11 -4.26863789e+11  1.19e+07       0s
   4   2.99e+05 5.83e-02   2.21946148e+11 -1.31575028e+11  3.77e+06       0s
   5   1.07e+05 1.47e-02   9.76867247e+10 -4.12158847e+10  1.39e+06       0s
 Constructing starting basis...
   6   3.89e+04 5.23e-03   4.47577337e+10 -1.42903380e+10  6.04e+05       1s
   7   1.21e+04 1.39e-03   2.37200267e+10  1.57760998e+09  2.18e+05       1s
   8   3.96e+03 5.86e-04   1.71260084e+10  6.24270195e+09  1.05e+05       1s
   9   2.54e+03 1.57e-04   1.59457593e+10  8.49022289e+09  7.08e+04       2s
  10   1.83e+03 1.10e-04   1.55093526e+10  8.65726305e+09  6.47e+04       2s
  11   9.32e+02 5.38e-05   1.38362667e+10  9.76682423e+09  3.82e+04       2s
  12   5.53e+02 1.94e-05   1.31531690e+10  1.03363523e+10  2.63e+04       2s
  13   3.62e+02 7.98e-06   1.26577118e+10  1.07003359e+10  1.83e+04       3s
  14   1.88e+02 3.31e-06   1.20910862e+10  1.09457885e+10  1.07e+04       3s
  15   1.19e+02 2.02e-06   1.18684747e+10  1.10117665e+10  7.97e+03       3s
  16   5.40e+01 1.16e-06   1.16201818e+10  1.10777401e+10  5.03e+03       3s
  17   2.60e+01 5.74e-07   1.14799602e+10  1.11446497e+10  3.11e+03       3s
  18   5.79e+00 3.18e-07   1.13708985e+10  1.11770091e+10  1.79e+03       3s
  19   2.31e+00 1.40e-07   1.13204988e+10  1.12168259e+10  9.57e+02       3s
  20   8.86e-01 6.41e-08   1.12988351e+10  1.12338586e+10  5.99e+02       4s
  21   5.83e-01 3.85e-08   1.12921109e+10  1.12409893e+10  4.71e+02       4s
  22   4.04e-01 1.56e-08   1.12871443e+10  1.12484718e+10  3.57e+02       4s
  23   1.96e-01 9.02e-09   1.12760674e+10  1.12529037e+10  2.14e+02       4s
  24   1.11e-01 4.06e-09   1.12723842e+10  1.12557228e+10  1.54e+02       4s
  25   4.52e-02 1.61e-09   1.12679503e+10  1.12579887e+10  9.18e+01       4s
  26   2.10e-02 3.28e-10   1.12651678e+10  1.12600638e+10  4.70e+01       4s
  27   3.28e-03 1.42e-14   1.12630606e+10  1.12606351e+10  2.23e+01       4s
  28   1.29e-07 1.42e-14   1.12616990e+10  1.12611376e+10  5.17e+00       4s
  29   1.19e-07 1.42e-14   1.12615028e+10  1.12612550e+10  2.28e+00       4s
  30   1.49e-07 1.42e-14   1.12614223e+10  1.12612939e+10  1.18e+00       4s
  31   1.07e-07 1.42e-14   1.12613476e+10  1.12613194e+10  2.60e-01       4s
  32   1.97e-07 1.42e-14   1.12613342e+10  1.12613260e+10  7.61e-02       4s
  33   2.00e-07 2.13e-14   1.12613288e+10  1.12613271e+10  1.52e-02       4s
  34   1.46e-07 1.42e-14   1.12613274e+10  1.12613273e+10  9.24e-04       4s
  35   1.08e-07 1.42e-14   1.12613273e+10  1.12613273e+10  1.61e-04       5s
  36*  5.96e-08 1.42e-14   1.12613273e+10  1.12613273e+10  3.91e-05       5s
Summary
    Runtime:                                            4.56s
    Status interior point solve:                        optimal
    Status crossover:                                   not run
    objective value:                                    1.12613273e+10
    interior solution primal residual (abs/rel):        1.04e-07 / 7.14e-16
    interior solution dual residual (abs/rel):          1.73e-10 / 4.60e-12
    interior solution objective gap (abs/rel):          4.24e+00 / 3.76e-10
Ipx: IPM       optimal
Model   status      : Optimal
IPM       iterations: 36
Objective value     :  1.1266679641e+10
HiGHS run time      :          5.57
Presolving model
44073 rows, 207957 cols, 468668 nonzeros
43069 rows, 51118 cols, 143708 nonzeros
42712 rows, 50677 cols, 142910 nonzeros
Presolve : Reductions: rows 42712(-1284850); columns 50677(-685345); elements 142910(-3446818)
Solving the presolved LP
IPX model has 42712 rows, 50677 columns and 142910 nonzeros
Input
    Number of variables:                                50677
    Number of free variables:                           0
    Number of constraints:                              42712
    Number of equality constraints:                     8816
    Number of matrix entries:                           142910
    Matrix range:                                       [1e-02, 1e+00]
    RHS range:                                          [2e+05, 1e+08]
    Objective range:                                    [2e-04, 9e+05]
    Bounds range:                                       [2e+05, 1e+08]
Preprocessing
    Dualized model:                                     no
    Number of dense columns:                            0
    Range of scaling factors:                           [1.00e+00, 2.00e+00]
IPX version 1.0
Interior Point Solve
 Iter     P.res    D.res            P.obj           D.obj        mu     Time
   0   2.07e+07 1.59e+05   4.97602612e+13 -2.13063043e+17  5.12e+12       0s
   1   5.55e+06 1.03e+05   9.45634032e+15 -1.49330148e+17  2.70e+12       0s
   2   3.57e+06 7.73e+04   1.29811895e+16 -1.25986287e+17  2.35e+12       0s
   3   1.37e+06 1.24e+04   1.00269623e+16 -2.33147786e+16  5.03e+11       0s
   4   3.82e+05 3.45e+03   4.72615671e+15 -7.22606889e+15  1.57e+11       0s
   5   9.77e+04 1.05e+03   1.97668411e+15 -2.84273262e+15  5.61e+10       0s
 Constructing starting basis...
   6   1.19e+04 2.54e+02   3.84204954e+14 -8.23956406e+14  1.42e+10       1s
   7   2.58e+03 8.20e+01   1.18198439e+14 -3.35239710e+14  5.21e+09       1s
   8   3.38e+02 1.61e+01   5.83982347e+13 -9.37318451e+13  1.64e+09       1s
   9   6.80e+01 3.80e+00   1.89891988e+13 -2.55842173e+13  4.73e+08       1s
  10   7.81e+00 1.25e+00   5.29953321e+12 -1.01943291e+13  1.66e+08       2s
  11   1.21e+00 1.29e-01   1.71048506e+12 -1.47819464e+12  3.18e+07       2s
  12   4.95e-01 6.53e-02   9.69345648e+11 -8.62194989e+11  1.84e+07       2s
  13   1.56e-01 2.30e-02   4.17615090e+11 -3.29903126e+11  7.41e+06       2s
  14   7.20e-02 1.16e-02   2.84665802e+11 -2.00794209e+11  4.78e+06       2s
  15   2.98e-02 2.12e-03   1.89011381e+11 -7.11533386e+10  2.46e+06       2s
  16   7.37e-03 8.37e-04   7.99663324e+10 -3.10006021e+10  1.04e+06       2s
  17   2.55e-03 1.77e-04   3.90986295e+10 -1.80128294e+09  3.79e+05       3s
  18   1.62e-03 2.14e-05   3.08876838e+10  4.79665276e+09  2.41e+05       3s
  19   5.46e-04 9.42e-06   1.75694063e+10  6.57174632e+09  1.01e+05       3s
  20   1.15e-04 3.56e-06   1.17692102e+10  7.68545391e+09  3.76e+04       3s
  21   4.77e-05 1.67e-06   1.03950342e+10  8.20508267e+09  2.02e+04       3s
  22   2.71e-05 5.78e-07   9.82170740e+09  8.59607234e+09  1.13e+04       3s
  23   9.33e-06 1.87e-07   9.24619017e+09  8.77071548e+09  4.38e+03       3s
  24   2.44e-06 6.61e-08   9.00691425e+09  8.83232093e+09  1.61e+03       4s
  25   8.05e-07 2.35e-08   8.93300126e+09  8.86093946e+09  6.64e+02       4s
  26   4.77e-07 1.04e-08   8.90162218e+09  8.87214600e+09  2.72e+02       4s
  27   5.07e-07 3.84e-09   8.88957578e+09  8.87830103e+09  1.04e+02       4s
  28   1.79e-07 1.40e-09   8.88526786e+09  8.88113683e+09  3.81e+01       4s
  29   3.87e-07 4.66e-10   8.88351636e+09  8.88258363e+09  8.59e+00       4s
  30   3.28e-07 3.49e-10   8.88292945e+09  8.88279276e+09  1.26e+00       4s
  31   2.38e-07 3.49e-10   8.88286376e+09  8.88283484e+09  2.66e-01       4s
  32   3.05e-07 3.49e-10   8.88284882e+09  8.88284457e+09  3.92e-02       4s
  33   5.07e-07 3.49e-10   8.88284788e+09  8.88284733e+09  5.11e-03       4s
  34   3.87e-07 3.49e-10   8.88284777e+09  8.88284769e+09  7.86e-04       4s
  35*  1.76e-06 2.33e-10   8.88284770e+09  8.88284770e+09  7.09e-05       4s
Summary
    Runtime:                                            4.48s
    Status interior point solve:                        optimal
    Status crossover:                                   not run
    objective value:                                    8.88284770e+09
    interior solution primal residual (abs/rel):        5.84e-06 / 4.00e-14
    interior solution dual residual (abs/rel):          2.98e-10 / 3.31e-16
    interior solution objective gap (abs/rel):          7.40e+00 / 8.33e-10
Ipx: IPM       optimal
Model   status      : Optimal
IPM       iterations: 35
Objective value     :  8.8884449192e+09
HiGHS run time      :          5.41
Presolving model
44073 rows, 207957 cols, 468668 nonzeros
43069 rows, 51118 cols, 143708 nonzeros
42712 rows, 50677 cols, 142910 nonzeros
Presolve : Reductions: rows 42712(-1284850); columns 50677(-685345); elements 142910(-3446818)
Solving the presolved LP
IPX model has 42712 rows, 50677 columns and 142910 nonzeros
Input
    Number of variables:                                50677
    Number of free variables:                           0
    Number of constraints:                              42712
    Number of equality constraints:                     8816
    Number of matrix entries:                           142910
    Matrix range:                                       [1e-02, 1e+00]
    RHS range:                                          [2e+05, 1e+08]
    Objective range:                                    [2e-04, 9e+05]
    Bounds range:                                       [2e+05, 1e+08]
Preprocessing
    Dualized model:                                     no
    Number of dense columns:                            0
    Range of scaling factors:                           [1.00e+00, 2.00e+00]
IPX version 1.0
Interior Point Solve
 Iter     P.res    D.res            P.obj           D.obj        mu     Time
   0   2.06e+07 1.56e+05   7.68130644e+13 -2.09460288e+17  5.06e+12       0s
   1   5.50e+06 1.01e+05   1.14379493e+16 -1.46210488e+17  2.64e+12       0s
   2   3.47e+06 7.62e+04   1.54508305e+16 -1.23520046e+17  2.30e+12       0s
   3   1.29e+06 1.25e+04   1.17550010e+16 -2.30687210e+16  5.04e+11       0s
   4   4.01e+05 3.80e+03   5.45912162e+15 -7.30219595e+15  1.63e+11       0s
   5   1.04e+05 1.05e+03   2.45419084e+15 -2.81168601e+15  5.89e+10       0s
 Constructing starting basis...
   6   1.56e+04 3.05e+02   5.58856358e+14 -9.33788495e+14  1.70e+10       1s
   7   3.04e+03 9.92e+01   1.83460483e+14 -3.75628749e+14  6.25e+09       1s
   8   4.93e+02 5.20e+01   1.04668778e+14 -2.20369376e+14  3.70e+09       1s
   9   1.38e+02 1.99e+01   7.40797490e+13 -1.04682985e+14  1.98e+09       2s
  10   5.03e+01 8.80e+00   4.76482030e+13 -5.57526989e+13  1.13e+09       2s
  11   2.02e+01 4.82e+00   2.92955851e+13 -3.47546072e+13  7.09e+08       2s
  12   9.24e+00 2.40e+00   1.82190322e+13 -1.98703835e+13  4.19e+08       2s
  13   3.99e+00 2.27e-01   1.18042431e+13 -5.45596352e+12  1.67e+08       2s
  14   1.51e+00 4.82e-02   5.89515686e+12 -1.99955900e+12  7.51e+07       2s
  15   7.69e-01 1.31e-02   3.46649896e+12 -8.22786599e+11  4.04e+07       2s
  16   2.85e-02 1.85e-03   4.69913634e+11 -2.21644823e+11  6.52e+06       3s
  17   8.25e-03 4.76e-04   1.83132077e+11 -6.57044940e+10  2.32e+06       3s
  18   3.21e-03 7.86e-05   1.00226243e+11 -1.56780796e+10  1.07e+06       3s
  19   1.29e-03 2.06e-05   4.95077145e+10 -5.28947361e+08  4.61e+05       3s
  20   6.06e-04 8.15e-06   3.02931107e+10  3.12333622e+09  2.50e+05       3s
  21   1.15e-04 3.30e-06   1.47723761e+10  5.11593964e+09  8.90e+04       3s
  22   2.26e-05 1.85e-06   9.84428848e+09  6.11846219e+09  3.43e+04       3s
  23   8.20e-06 5.98e-07   8.86819144e+09  7.06211267e+09  1.66e+04       3s
  24   4.47e-06 2.10e-07   8.43194837e+09  7.45107649e+09  9.04e+03       4s
  25   1.76e-06 7.32e-08   8.03713918e+09  7.62053435e+09  3.84e+03       4s
  26   5.36e-07 3.25e-08   7.84017567e+09  7.67816101e+09  1.49e+03       4s
  27   2.38e-07 1.13e-08   7.76812890e+09  7.71092040e+09  5.27e+02       4s
  28   5.66e-07 3.61e-09   7.74874002e+09  7.72498918e+09  2.19e+02       4s
  29   4.47e-07 1.40e-09   7.73950204e+09  7.72984206e+09  8.90e+01       4s
  30   2.68e-07 5.82e-10   7.73473238e+09  7.73255991e+09  2.00e+01       4s
  31   2.98e-07 5.82e-10   7.73364636e+09  7.73332986e+09  2.92e+00       4s
  32   3.28e-07 3.49e-10   7.73347042e+09  7.73343326e+09  3.42e-01       4s
  33   4.77e-07 3.49e-10   7.73345851e+09  7.73345066e+09  7.23e-02       4s
  34   5.81e-07 3.49e-10   7.73345712e+09  7.73345559e+09  1.41e-02       5s
  35   1.16e-06 3.49e-10   7.73345676e+09  7.73345663e+09  1.19e-03       5s
  36   4.56e-06 4.66e-10   7.73345670e+09  7.73345668e+09  1.76e-04       5s
  37*  5.54e-06 3.49e-10   7.73345669e+09  7.73345669e+09  1.57e-05       5s
Summary
    Runtime:                                            4.75s
    Status interior point solve:                        optimal
    Status crossover:                                   not run
    objective value:                                    7.73345669e+09
    interior solution primal residual (abs/rel):        4.83e-06 / 3.31e-14
    interior solution dual residual (abs/rel):          3.49e-10 / 3.88e-16
    interior solution objective gap (abs/rel):          1.37e+00 / 1.77e-10
Ipx: IPM       optimal
Model   status      : Optimal
IPM       iterations: 37
Objective value     :  7.7390539107e+09
HiGHS run time      :          5.65
Presolving model
44073 rows, 207957 cols, 468668 nonzeros
43069 rows, 51118 cols, 143708 nonzeros
42712 rows, 50677 cols, 142910 nonzeros
Presolve : Reductions: rows 42712(-1284850); columns 50677(-685345); elements 142910(-3446818)
Solving the presolved LP
IPX model has 42712 rows, 50677 columns and 142910 nonzeros
Input
    Number of variables:                                50677
    Number of free variables:                           0
    Number of constraints:                              42712
    Number of equality constraints:                     8816
    Number of matrix entries:                           142910
    Matrix range:                                       [1e-02, 1e+00]
    RHS range:                                          [2e+05, 1e+08]
    Objective range:                                    [2e-04, 9e+05]
    Bounds range:                                       [2e+05, 1e+08]
Preprocessing
    Dualized model:                                     no
    Number of dense columns:                            0
    Range of scaling factors:                           [1.00e+00, 2.00e+00]
IPX version 1.0
Interior Point Solve
 Iter     P.res    D.res            P.obj           D.obj        mu     Time
   0   2.06e+07 1.56e+05   8.39719347e+13 -2.09497151e+17  5.07e+12       0s
   1   5.51e+06 1.01e+05   1.18024008e+16 -1.46251988e+17  2.65e+12       0s
   2   3.47e+06 7.61e+04   1.58804372e+16 -1.23434156e+17  2.29e+12       0s
   3   1.30e+06 1.24e+04   1.20779533e+16 -2.29666356e+16  5.04e+11       0s
   4   4.02e+05 3.80e+03   5.58566346e+15 -7.32496173e+15  1.64e+11       0s
   5   1.04e+05 1.05e+03   2.47969178e+15 -2.78690696e+15  5.86e+10       0s
 Constructing starting basis...
   6   1.57e+04 3.25e+02   5.61659087e+14 -9.63071376e+14  1.74e+10       1s
   7   2.10e+03 8.33e+01   1.93285608e+14 -3.46124116e+14  5.89e+09       1s
   8   3.29e+02 4.31e+01   9.75925227e+13 -2.00742028e+14  3.34e+09       1s
   9   9.81e+01 1.78e+01   7.20573480e+13 -1.00149884e+14  1.89e+09       2s
  10   3.84e+01 8.16e+00   4.75397753e+13 -5.42419576e+13  1.11e+09       2s
  11   1.60e+01 3.61e+00   2.93104139e+13 -2.86734380e+13  6.24e+08       2s
  12   6.59e+00 1.57e+00   1.86732148e+13 -1.64970185e+13  3.74e+08       2s
  13   1.69e+00 7.08e-02   1.01399218e+13 -4.42645773e+12  1.37e+08       2s
  14   7.08e-01 1.90e-02   5.13981157e+12 -1.66437776e+12  6.40e+07       2s
  15   3.44e-01 5.97e-03   2.83718752e+12 -6.85855557e+11  3.30e+07       2s
  16   3.82e-02 3.48e-04   5.43612243e+11 -1.13786123e+11  6.09e+06       3s
  17   1.54e-02 6.91e-05   2.62155475e+11 -3.39340680e+10  2.73e+06       3s
  18   4.60e-03 1.14e-05   1.01926472e+11 -6.50465291e+09  9.99e+05       3s
  19   1.94e-03 3.36e-06   5.18904020e+10  1.37282491e+09  4.65e+05       3s
  20   4.80e-04 9.78e-07   2.33503514e+10  4.19513977e+09  1.76e+05       3s
  21   1.37e-04 3.78e-07   1.42414876e+10  5.66889372e+09  7.90e+04       3s
  22   5.46e-05 1.98e-07   1.10322159e+10  6.38232937e+09  4.28e+04       3s
  23   1.83e-05 4.61e-08   9.17325811e+09  7.17048322e+09  1.84e+04       3s
  24   1.09e-05 1.57e-08   8.60864171e+09  7.43981409e+09  1.08e+04       4s
  25   6.08e-06 5.82e-09   8.20298672e+09  7.55391878e+09  5.98e+03       4s
  26   2.00e-06 2.33e-09   7.83619149e+09  7.60201256e+09  2.16e+03       4s
  27   4.77e-07 1.16e-09   7.70116243e+09  7.61992955e+09  7.48e+02       4s
  28   5.36e-07 5.82e-10   7.66147057e+09  7.63000200e+09  2.90e+02       4s
  29   5.66e-07 4.66e-10   7.64895011e+09  7.63527587e+09  1.26e+02       4s
  30   3.58e-07 3.49e-10   7.64351066e+09  7.63776444e+09  5.29e+01       4s
  31   1.94e-07 4.66e-10   7.64100009e+09  7.63965795e+09  1.24e+01       4s
  32   4.77e-07 3.49e-10   7.64015881e+09  7.63999400e+09  1.52e+00       4s
  33   4.77e-07 2.33e-10   7.64008135e+09  7.64004913e+09  2.97e-01       4s
  34   5.36e-07 3.49e-10   7.64006793e+09  7.64006110e+09  6.29e-02       5s
  35   2.68e-07 3.49e-10   7.64006553e+09  7.64006476e+09  7.07e-03       5s
  36   1.73e-06 3.49e-10   7.64006495e+09  7.64006489e+09  5.45e-04       5s
  37   4.53e-06 3.49e-10   7.64006492e+09  7.64006491e+09  9.86e-05       5s
  38*  5.51e-06 2.33e-10   7.64006492e+09  7.64006492e+09  1.33e-05       5s
Summary
    Runtime:                                            4.79s
    Status interior point solve:                        optimal
    Status crossover:                                   not run
    objective value:                                    7.64006492e+09
    interior solution primal residual (abs/rel):        4.95e-06 / 3.39e-14
    interior solution dual residual (abs/rel):          2.33e-10 / 2.59e-16
    interior solution objective gap (abs/rel):          1.07e+00 / 1.40e-10
Ipx: IPM       optimal
Model   status      : Optimal
IPM       iterations: 38
Objective value     :  7.6456621370e+09
HiGHS run time      :          5.69
Presolving model
44073 rows, 207957 cols, 468668 nonzeros
43069 rows, 51118 cols, 143708 nonzeros
42712 rows, 50677 cols, 142910 nonzeros
Presolve : Reductions: rows 42712(-1284850); columns 50677(-685345); elements 142910(-3446818)
Solving the presolved LP
IPX model has 42712 rows, 50677 columns and 142910 nonzeros
Input
    Number of variables:                                50677
    Number of free variables:                           0
    Number of constraints:                              42712
    Number of equality constraints:                     8816
    Number of matrix entries:                           142910
    Matrix range:                                       [1e-02, 1e+00]
    RHS range:                                          [2e+05, 1e+08]
    Objective range:                                    [2e-04, 9e+05]
    Bounds range:                                       [2e+05, 1e+08]
Preprocessing
    Dualized model:                                     no
    Number of dense columns:                            0
    Range of scaling factors:                           [1.00e+00, 2.00e+00]
IPX version 1.0
Interior Point Solve
 Iter     P.res    D.res            P.obj           D.obj        mu     Time
   0   2.06e+07 1.56e+05   8.64871724e+13 -2.09510875e+17  5.07e+12       0s
   1   5.51e+06 1.01e+05   1.19186640e+16 -1.46265572e+17  2.65e+12       0s
   2   3.48e+06 7.61e+04   1.59983554e+16 -1.23419831e+17  2.29e+12       0s
   3   1.27e+06 1.24e+04   1.21027440e+16 -2.29019681e+16  5.00e+11       0s
   4   3.92e+05 3.86e+03   5.72842111e+15 -7.63915217e+15  1.68e+11       0s
   5   1.05e+05 1.07e+03   2.48501913e+15 -2.78170072e+15  5.87e+10       0s
 Constructing starting basis...
   6   1.48e+04 3.52e+02   5.39654956e+14 -1.01395999e+15  1.78e+10       1s
   7   2.55e+03 7.99e+01   2.20776088e+14 -3.41338140e+14  6.06e+09       1s
   8   4.50e+02 4.01e+01   9.37906667e+13 -1.94070983e+14  3.18e+09       1s
   9   1.47e+02 1.67e+01   7.28033829e+13 -9.80789154e+13  1.86e+09       2s
  10   5.70e+01 8.04e+00   4.69098130e+13 -5.41757181e+13  1.10e+09       2s
  11   2.43e+01 4.19e+00   2.98170892e+13 -3.25127504e+13  6.78e+08       2s
  12   1.03e+01 1.81e+00   1.83015816e+13 -1.72139941e+13  3.80e+08       2s
  13   3.37e+00 1.50e-01   1.11984755e+13 -5.29340376e+12  1.58e+08       2s
  14   1.43e+00 3.10e-02   5.98429307e+12 -1.82608086e+12  7.38e+07       2s
  15   6.77e-01 8.95e-03   3.22809849e+12 -7.29877534e+11  3.72e+07       2s
  16   5.57e-02 2.06e-03   7.04977997e+11 -2.92686544e+11  9.42e+06       3s
  17   1.56e-02 4.49e-04   2.37663577e+11 -6.92664975e+10  2.85e+06       3s
  18   6.12e-03 1.40e-04   1.16383241e+11 -2.33870877e+10  1.29e+06       3s
  19   1.23e-03 3.51e-05   5.31394502e+10 -7.52097916e+09  5.60e+05       3s
  20   4.94e-04 1.49e-05   2.88824238e+10  7.92713530e+07  2.66e+05       3s
  21   1.17e-04 6.59e-06   1.64839654e+10  3.29939988e+09  1.21e+05       3s
  22   3.60e-05 3.20e-06   1.13834186e+10  5.23613919e+09  5.66e+04       3s
  23   1.32e-05 8.94e-07   9.49205645e+09  6.73139896e+09  2.54e+04       3s
  24   4.11e-06 3.06e-07   8.32576874e+09  7.25611970e+09  9.85e+03       4s
  25   1.13e-06 8.71e-08   7.89045487e+09  7.47579492e+09  3.82e+03       4s
  26   4.47e-07 3.12e-08   7.74446203e+09  7.55203862e+09  1.77e+03       4s
  27   1.56e-07 1.01e-08   7.66064884e+09  7.58840839e+09  6.65e+02       4s
  28   2.98e-07 3.73e-09   7.63594414e+09  7.60101505e+09  3.22e+02       4s
  29   3.58e-07 1.40e-09   7.62075138e+09  7.60694769e+09  1.27e+02       4s
  30   2.98e-07 5.82e-10   7.61456216e+09  7.60910447e+09  5.03e+01       4s
  31   4.17e-07 4.66e-10   7.61158194e+09  7.61044820e+09  1.04e+01       4s
  32   3.58e-07 3.49e-10   7.61082298e+09  7.61064753e+09  1.62e+00       4s
  33   3.58e-07 3.49e-10   7.61073110e+09  7.61069724e+09  3.12e-01       4s
  34   1.79e-07 2.33e-10   7.61071454e+09  7.61070688e+09  7.06e-02       5s
  35   4.77e-07 3.49e-10   7.61071165e+09  7.61070913e+09  2.31e-02       5s
  36   3.87e-07 3.49e-10   7.61071139e+09  7.61070937e+09  1.86e-02       5s
  37   1.13e-06 3.49e-10   7.61070999e+09  7.61070975e+09  2.21e-03       5s
  38   2.35e-06 3.49e-10   7.61070988e+09  7.61070983e+09  4.71e-04       5s
  39*  3.61e-06 3.49e-10   7.61070985e+09  7.61070984e+09  5.94e-05       5s
Summary
    Runtime:                                            4.84s
    Status interior point solve:                        optimal
    Status crossover:                                   not run
    objective value:                                    7.61070985e+09
    interior solution primal residual (abs/rel):        1.13e-05 / 7.72e-14
    interior solution dual residual (abs/rel):          3.49e-10 / 3.88e-16
    interior solution objective gap (abs/rel):          6.57e+00 / 8.63e-10
Ipx: IPM       optimal
Model   status      : Optimal
IPM       iterations: 39
Objective value     :  7.6163070633e+09
HiGHS run time      :          5.74
Presolving model
44073 rows, 207957 cols, 468668 nonzeros
43069 rows, 51118 cols, 143708 nonzeros
42712 rows, 50677 cols, 142910 nonzeros
Presolve : Reductions: rows 42712(-1284850); columns 50677(-685345); elements 142910(-3446818)
Solving the presolved LP
IPX model has 42712 rows, 50677 columns and 142910 nonzeros
Input
    Number of variables:                                50677
    Number of free variables:                           0
    Number of constraints:                              42712
    Number of equality constraints:                     8816
    Number of matrix entries:                           142910
    Matrix range:                                       [1e-02, 1e+00]
    RHS range:                                          [2e+05, 1e+08]
    Objective range:                                    [2e-04, 9e+05]
    Bounds range:                                       [2e+05, 1e+08]
Preprocessing
    Dualized model:                                     no
    Number of dense columns:                            0
    Range of scaling factors:                           [1.00e+00, 2.00e+00]
IPX version 1.0
Interior Point Solve
 Iter     P.res    D.res            P.obj           D.obj        mu     Time
   0   2.06e+07 1.56e+05   8.65773616e+13 -2.09511523e+17  5.07e+12       0s
   1   5.51e+06 1.01e+05   1.19228083e+16 -1.46266012e+17  2.65e+12       0s
   2   3.48e+06 7.61e+04   1.60031439e+16 -1.23419596e+17  2.29e+12       0s
   3   1.27e+06 1.24e+04   1.21060209e+16 -2.29014317e+16  5.00e+11       0s
   4   3.92e+05 3.86e+03   5.72992478e+15 -7.63923079e+15  1.68e+11       0s
   5   1.05e+05 1.07e+03   2.48549478e+15 -2.78153171e+15  5.87e+10       0s
 Constructing starting basis...
   6   1.47e+04 3.52e+02   5.37867932e+14 -1.01429305e+15  1.78e+10       1s
   7   2.53e+03 8.01e+01   2.20102137e+14 -3.41598985e+14  6.05e+09       1s
   8   4.44e+02 4.03e+01   9.37010490e+13 -1.94369588e+14  3.19e+09       1s
   9   1.39e+02 1.58e+01   7.41909207e+13 -9.55058805e+13  1.83e+09       2s
  10   5.43e+01 7.87e+00   4.65036318e+13 -5.36417133e+13  1.09e+09       2s
  11   2.25e+01 4.27e+00   2.84755091e+13 -3.27837876e+13  6.70e+08       2s
  12   1.01e+01 1.65e+00   1.83168208e+13 -1.62082108e+13  3.66e+08       2s
  13   2.58e+00 1.08e-01   1.02354498e+13 -4.84413047e+12  1.43e+08       2s
  14   1.07e+00 2.54e-02   5.31791903e+12 -1.74362089e+12  6.67e+07       2s
  15   5.81e-01 7.93e-03   3.22791243e+12 -7.29784855e+11  3.71e+07       2s
  16   3.03e-02 1.50e-03   5.41109280e+11 -2.42438324e+11  7.37e+06       3s
  17   9.87e-03 3.26e-04   2.17223583e+11 -5.99730254e+10  2.57e+06       3s
  18   4.02e-03 9.26e-05   1.09098268e+11 -1.80837602e+10  1.17e+06       3s
  19   9.48e-04 1.92e-05   4.44028458e+10 -2.30254015e+09  4.31e+05       3s
  20   4.00e-04 7.71e-06   2.64893529e+10  2.34625597e+09  2.22e+05       3s
  21   1.05e-04 3.39e-06   1.44960338e+10  4.76412033e+09  8.97e+04       3s
  22   4.16e-05 1.83e-06   1.09582758e+10  5.89536495e+09  4.66e+04       3s
  23   1.51e-05 4.86e-07   9.18213974e+09  6.99321095e+09  2.02e+04       3s
  24   5.45e-06 1.81e-07   8.27691650e+09  7.33785420e+09  8.65e+03       4s
  25   2.35e-06 6.12e-08   7.94710906e+09  7.49348540e+09  4.18e+03       4s
  26   8.05e-07 2.26e-08   7.74876963e+09  7.55713984e+09  1.77e+03       4s
  27   3.87e-07 7.33e-09   7.66382777e+09  7.58974676e+09  6.82e+02       4s
  28   2.09e-07 3.38e-09   7.63728457e+09  7.59977998e+09  3.45e+02       4s
  29   2.68e-07 1.28e-09   7.62114920e+09  7.60607969e+09  1.39e+02       4s
  30   3.11e-07 6.98e-10   7.61379874e+09  7.60810161e+09  5.25e+01       4s
  31   1.80e-07 3.49e-10   7.61064303e+09  7.60960839e+09  9.53e+00       4s
  32   3.87e-07 3.49e-10   7.61003425e+09  7.60985292e+09  1.67e+00       4s
  33   3.28e-07 3.49e-10   7.60994528e+09  7.60991533e+09  2.76e-01       4s
  34   2.98e-07 4.66e-10   7.60993709e+09  7.60993030e+09  6.25e-02       5s
  35   3.28e-07 3.49e-10   7.60993500e+09  7.60993401e+09  9.13e-03       5s
  36   9.83e-07 3.49e-10   7.60993455e+09  7.60993440e+09  1.37e-03       5s
  37   2.47e-06 2.33e-10   7.60993445e+09  7.60993443e+09  2.03e-04       5s
  38*  3.99e-06 3.49e-10   7.60993444e+09  7.60993443e+09  3.10e-05       5s
Summary
    Runtime:                                            4.77s
    Status interior point solve:                        optimal
    Status crossover:                                   not run
    objective value:                                    7.60993444e+09
    interior solution primal residual (abs/rel):        4.38e-06 / 3.00e-14
    interior solution dual residual (abs/rel):          3.49e-10 / 3.88e-16
    interior solution objective gap (abs/rel):          2.99e+00 / 3.93e-10
Ipx: IPM       optimal
Model   status      : Optimal
IPM       iterations: 38
Objective value     :  7.6155316556e+09
HiGHS run time      :          5.67
[ Info: Rolling step not specified in scenaio.yaml file; Setting it to 15 years
[ Info: Demand-pathway mapping not specified in scenaio.yaml file; SERA will not look for eligible pathways for different demand types.
[ Info: Production capacity constraints from the grid model not defined. SERA will not create these constraints
[ Info: Regional technology limits not specified in scenaio.yaml file; SERA will not create these constraints
STARTING DATA PRE-PROCESSING 
Processing Temporal Data
Processing Nodes
Processing Demand
Processing Existings
Processing Links
Processing Pathways
Creating Infrastructure options
  1.531345 seconds (11.13 M allocations: 1.175 GiB, 15.03% gc time, 4.95% compilation time)

OPTIMIZING FROM 2026 TO 2040 

STARTING OPTIMIZATION MODEL CREATION
CREATING VARIABLES AND EXPRESSIONS
 10.418228 seconds (70.10 M allocations: 4.346 GiB, 29.39% gc time, 46.23% compilation time)
POPULATING EXPRESSIONS
 12.146722 seconds (44.91 M allocations: 6.495 GiB, 9.92% gc time, 1.38% compilation time)
CREATING CONSTRAINTS
  4.987975 seconds (41.06 M allocations: 2.115 GiB, 11.74% gc time, 15.53% compilation time)
POPULATED CORE OPTIMIZATION MODEL, STARTING ITERATIONS
READING COST DATA FOR ITERATION 1
  9.199957 seconds (33.42 M allocations: 3.071 GiB, 5.37% gc time, 3.72% compilation time)
CREATING EXPRESSIONS FOR CAPITAL AND FIXED COST
  7.295024 seconds (49.71 M allocations: 3.125 GiB, 44.33% gc time, 15.40% compilation time)
BUILDING OBJECTIVE FUNCTION
  2.427433 seconds (13.65 M allocations: 518.444 MiB, 44.32% compilation time)
Optimizing for iteration 1
  9.424171 seconds (14.05 M allocations: 1.315 GiB, 4.88% gc time, 0.25% compilation time)
OPTIMAL
1.1266679640648838e10
ϵ =  1.0
READING COST DATA FOR ITERATION 2
  8.720276 seconds (30.56 M allocations: 2.969 GiB, 4.38% gc time, 0.35% compilation time)
CREATING EXPRESSIONS FOR CAPITAL AND FIXED COST
 19.194290 seconds (48.34 M allocations: 3.036 GiB, 83.74% gc time, 0.02% compilation time)
BUILDING OBJECTIVE FUNCTION
  1.671658 seconds (12.31 M allocations: 415.375 MiB, 13.79% gc time)
Optimizing for iteration 2
  5.424930 seconds (2 allocations: 32 bytes)
OPTIMAL
8.888444919246115e9
ϵ =  0.2675647701043112
READING COST DATA FOR ITERATION 3
 10.896283 seconds (30.44 M allocations: 3.019 GiB, 23.84% gc time)
CREATING EXPRESSIONS FOR CAPITAL AND FIXED COST
 29.313908 seconds (48.34 M allocations: 3.036 GiB, 89.00% gc time)
BUILDING OBJECTIVE FUNCTION
  1.682107 seconds (12.31 M allocations: 415.375 MiB, 12.91% gc time)
Optimizing for iteration 3
  5.664215 seconds (2 allocations: 32 bytes)
OPTIMAL
7.739053910651512e9
ϵ =  0.14851828425855307
READING COST DATA FOR ITERATION 4
 10.204498 seconds (30.43 M allocations: 2.966 GiB, 19.41% gc time)
CREATING EXPRESSIONS FOR CAPITAL AND FIXED COST
 30.400302 seconds (48.34 M allocations: 3.036 GiB, 89.54% gc time)
BUILDING OBJECTIVE FUNCTION
  1.699595 seconds (12.31 M allocations: 415.375 MiB, 13.74% gc time)
Optimizing for iteration 4
  5.700559 seconds (2 allocations: 32 bytes)
OPTIMAL
7.645662136964341e9
ϵ =  0.012215001397413416
READING COST DATA FOR ITERATION 5
 13.737508 seconds (30.42 M allocations: 2.965 GiB, 36.94% gc time)
CREATING EXPRESSIONS FOR CAPITAL AND FIXED COST
 28.417522 seconds (48.34 M allocations: 3.036 GiB, 88.47% gc time)
BUILDING OBJECTIVE FUNCTION
  1.962005 seconds (12.31 M allocations: 415.375 MiB, 23.69% gc time)
Optimizing for iteration 5
  5.748699 seconds (2 allocations: 32 bytes)
OPTIMAL
7.616307063344231e9
ϵ =  0.0038542397747432537
READING COST DATA FOR ITERATION 6
 10.686673 seconds (30.42 M allocations: 2.965 GiB, 22.85% gc time)
CREATING EXPRESSIONS FOR CAPITAL AND FIXED COST
 25.243188 seconds (48.34 M allocations: 3.036 GiB, 87.40% gc time)
BUILDING OBJECTIVE FUNCTION
  1.720356 seconds (12.31 M allocations: 415.375 MiB, 13.48% gc time)
Optimizing for iteration 6
  5.682632 seconds (2 allocations: 32 bytes)
OPTIMAL
7.6155316555787e9
ϵ =  0.00010181925578965303
ITERATIONS COMPLETED
WRITING RESULTS TO FILE
  2.217568 seconds (11.36 M allocations: 512.053 MiB, 23.68% gc time, 31.15% compilation time)

THE OPTIMIZATION PROBLEM TOOK 5.15 MINUTES TO SOLVE. 
