Running HiGHS 1.6.0: Copyright (c) 2023 HiGHS under MIT licence terms
Presolving model
160762 rows, 469981 cols, 1073597 nonzeros
119465 rows, 288248 cols, 711894 nonzeros
117010 rows, 155195 cols, 445202 nonzeros
114170 rows, 152159 cols, 439033 nonzeros
Presolve : Reductions: rows 114170(-3300581); columns 152159(-2152633); elements 439033(-10004875)
Solving the presolved LP
IPX model has 114170 rows, 152159 columns and 439033 nonzeros
Input
    Number of variables:                                152159
    Number of free variables:                           0
    Number of constraints:                              114170
    Number of equality constraints:                     18377
    Number of matrix entries:                           439033
    Matrix range:                                       [1e-02, 1e+00]
    RHS range:                                          [2e+05, 1e+07]
    Objective range:                                    [4e-04, 7e+02]
    Bounds range:                                       [7e+05, 1e+08]
Preprocessing
    Dualized model:                                     no
    Number of dense columns:                            0
    Range of scaling factors:                           [1.00e+00, 2.00e+00]
IPX version 1.0
Interior Point Solve
 Iter     P.res    D.res            P.obj           D.obj        mu     Time
   0   3.98e+06 3.46e+01   1.44004552e+09 -8.62399702e+12  1.89e+08       0s
   1   1.25e+06 2.56e+01   2.76529443e+12 -6.48013246e+12  1.31e+08       0s
   2   5.62e+05 1.51e+01   3.99393446e+12 -4.09063069e+12  9.69e+07       0s
   3   1.72e+05 5.15e+00   2.96884361e+12 -1.44690026e+12  3.58e+07       0s
   4   6.68e+04 8.16e-01   1.81427476e+12 -2.41464841e+11  1.04e+07       1s
   5   1.93e+04 2.24e-01   6.49368879e+11 -6.77840814e+10  3.14e+06       2s
   6   5.34e+03 6.93e-02   2.48386496e+11 -2.29911784e+10  1.10e+06       3s
 Constructing starting basis...
   7   1.21e+03 2.87e-02   1.14547587e+11 -1.07531379e+10  5.28e+05       4s
   8   4.61e+02 1.47e-02   5.54304439e+10 -5.31575034e+09  2.52e+05       4s
   9   2.33e+02 1.05e-02   4.10361730e+10 -3.48275274e+09  1.84e+05       5s
  10   9.50e+01 5.58e-03   2.20743325e+10 -1.05054919e+09  9.42e+04       5s
  11   6.81e+01 2.65e-03   1.91740896e+10  2.11237460e+08  7.62e+04       6s
  12   4.42e+01 1.89e-03   1.43477451e+10  6.24607050e+08  5.49e+04       6s
  13   2.42e+01 4.12e-04   1.19537308e+10  1.27548396e+09  4.23e+04       7s
  14   1.67e+01 3.08e-04   9.05446664e+09  1.39903770e+09  3.03e+04       7s
  15   9.93e+00 1.71e-04   7.55057995e+09  1.50399152e+09  2.39e+04       8s
  16   6.83e+00 8.10e-05   5.92722600e+09  1.64048825e+09  1.69e+04       8s
  17   3.45e+00 1.68e-05   4.49809106e+09  1.71376889e+09  1.10e+04       9s
  18   1.56e+00 9.87e-06   3.20615587e+09  1.73810797e+09  5.78e+03       9s
  19   9.65e-01 6.64e-06   2.75713925e+09  1.75138311e+09  3.96e+03      10s
  20   7.30e-01 1.79e-06   2.60672403e+09  1.76725888e+09  3.30e+03      10s
  21   1.12e-01 1.00e-06   2.04894687e+09  1.77345724e+09  1.08e+03      10s
  22   5.00e-02 5.14e-07   1.94080828e+09  1.77880438e+09  6.36e+02      11s
  23   2.63e-02 2.29e-07   1.87529133e+09  1.78295555e+09  3.63e+02      11s
  24   4.71e-03 1.47e-07   1.83631574e+09  1.78382951e+09  2.06e+02      12s
  25   2.38e-03 7.60e-08   1.81489860e+09  1.78517731e+09  1.17e+02      12s
  26   7.27e-04 3.25e-08   1.80300005e+09  1.78590312e+09  6.71e+01      13s
  27   2.98e-08 1.31e-08   1.79619472e+09  1.78626163e+09  3.90e+01      13s
  28   2.98e-08 3.11e-09   1.79077484e+09  1.78662490e+09  1.63e+01      13s
  29   2.98e-08 1.25e-09   1.78805090e+09  1.78674128e+09  5.14e+00      14s
  30   2.98e-08 6.63e-10   1.78746618e+09  1.78676870e+09  2.74e+00      14s
  31   2.98e-08 6.95e-11   1.78700995e+09  1.78681536e+09  7.64e-01      15s
  32   2.98e-08 1.50e-11   1.78685244e+09  1.78681991e+09  1.28e-01      15s
  33   2.98e-08 8.53e-13   1.78682285e+09  1.78682110e+09  6.87e-03      15s
  34   2.98e-08 2.27e-13   1.78682137e+09  1.78682116e+09  8.30e-04      15s
  35   2.98e-08 2.27e-13   1.78682119e+09  1.78682116e+09  1.14e-04      16s
  36   2.98e-08 1.14e-13   1.78682117e+09  1.78682116e+09  9.89e-06      16s
  37*  2.98e-08 1.14e-13   1.78682116e+09  1.78682116e+09  1.60e-06      16s
Summary
    Runtime:                                            16.12s
    Status interior point solve:                        optimal
    Status crossover:                                   not run
    objective value:                                    1.78682116e+09
    interior solution primal residual (abs/rel):        2.98e-08 / 2.04e-16
    interior solution dual residual (abs/rel):          4.06e-10 / 5.48e-13
    interior solution objective gap (abs/rel):          4.09e-01 / 2.29e-10
Ipx: IPM       optimal
Model   status      : Optimal
IPM       iterations: 37
Objective value     :  1.7868211638e+09
HiGHS run time      :         19.86
Presolving model
160762 rows, 469981 cols, 1073597 nonzeros
119465 rows, 288248 cols, 711894 nonzeros
117010 rows, 155195 cols, 445202 nonzeros
114170 rows, 152159 cols, 439033 nonzeros
Presolve : Reductions: rows 114170(-3310601); columns 152159(-2152633); elements 439033(-10014895)
Solving the presolved LP
IPX model has 114170 rows, 152159 columns and 439033 nonzeros
Input
    Number of variables:                                152159
    Number of free variables:                           0
    Number of constraints:                              114170
    Number of equality constraints:                     18377
    Number of matrix entries:                           439033
    Matrix range:                                       [1e-02, 1e+00]
    RHS range:                                          [2e+05, 1e+07]
    Objective range:                                    [4e-04, 8e+06]
    Bounds range:                                       [7e+05, 1e+08]
Preprocessing
    Dualized model:                                     no
    Number of dense columns:                            0
    Range of scaling factors:                           [1.00e+00, 2.00e+00]
IPX version 1.0
Interior Point Solve
 Iter     P.res    D.res            P.obj           D.obj        mu     Time
   0   4.04e+06 1.50e+06   3.88724407e+13 -3.79314460e+17  7.72e+12       0s
   1   1.36e+06 1.17e+06   6.18234226e+16 -3.00003720e+17  6.08e+12       0s
   2   5.86e+05 6.14e+05   9.80903564e+16 -1.73359505e+17  4.27e+12       0s
   3   1.42e+05 2.78e+05   8.40102776e+16 -8.24524271e+16  2.01e+12       0s
   4   6.13e+04 4.84e+04   6.25007214e+16 -1.51810266e+16  5.18e+11       1s
   5   1.66e+04 1.03e+04   2.86458442e+16 -3.51577106e+15  1.53e+11       2s
 Constructing starting basis...
   6   5.03e+03 4.53e+03   1.07594601e+16 -1.57718167e+15  5.82e+10       3s
   7   1.59e+03 1.21e+03   5.00817715e+15 -4.88112233e+14  2.37e+10       3s
   8   6.67e+02 3.79e+02   3.41861138e+15 -2.18463615e+14  1.51e+10       4s
   9   1.79e+02 1.69e+02   1.21073750e+15 -1.07075665e+14  5.51e+09       4s
  10   3.56e+01 9.53e+01   3.65525097e+14 -6.31677719e+13  1.88e+09       5s
  11   1.11e+01 3.60e+01   1.47887002e+14 -2.46368641e+13  7.55e+08       5s
  12   2.38e+00 1.34e+01   6.12894573e+13 -9.93747296e+12  3.12e+08       6s
  13   3.15e-01 2.49e+00   1.49819524e+13 -2.03804343e+12  7.32e+07       6s
  14   7.77e-02 6.47e-01   5.32300079e+12 -5.70957564e+11  2.49e+07       6s
  15   3.18e-02 3.04e-01   2.33101585e+12 -2.69309297e+11  1.10e+07       7s
  16   1.11e-02 1.43e-01   1.00741500e+12 -1.30755559e+11  4.84e+06       7s
  17   3.35e-03 3.68e-02   4.05754547e+11 -3.54868810e+10  1.82e+06       8s
  18   5.86e-04 2.07e-02   1.73209677e+11 -2.08985212e+10  8.09e+05       8s
  19   2.40e-04 5.13e-03   9.00341731e+10 -4.69148298e+09  3.81e+05       8s
  20   9.59e-05 2.44e-03   4.55396220e+10 -1.69374708e+09  1.88e+05       9s
  21   2.43e-05 1.22e-03   2.76482562e+10 -4.10770602e+08  1.11e+05       9s
  22   9.95e-06 9.70e-04   2.04515877e+10 -1.14363757e+08  8.15e+04      10s
  23   3.87e-06 1.54e-04   1.06859969e+10  1.12792391e+09  3.76e+04      10s
  24   6.56e-07 4.51e-05   3.64252235e+09  1.34340744e+09  9.03e+03      10s
  25   2.38e-07 1.36e-05   2.49253192e+09  1.41359550e+09  4.24e+03      11s
  26   8.94e-08 5.03e-06   1.90809620e+09  1.43759808e+09  1.85e+03      11s
  27   5.96e-08 1.98e-06   1.65194715e+09  1.44928841e+09  7.96e+02      12s
  28   2.98e-08 1.02e-06   1.50712974e+09  1.45387251e+09  2.09e+02      12s
  29   2.98e-08 4.14e-07   1.47895194e+09  1.45680869e+09  8.69e+01      12s
  30   2.98e-08 1.01e-07   1.46679945e+09  1.45832442e+09  3.33e+01      13s
  31   2.98e-08 1.86e-08   1.45978461e+09  1.45889109e+09  3.51e+00      13s
  32   2.98e-08 5.59e-09   1.45915170e+09  1.45897194e+09  7.06e-01      13s
  33   2.98e-08 3.73e-09   1.45901332e+09  1.45899311e+09  7.93e-02      14s
  34   3.35e-08 1.86e-09   1.45900359e+09  1.45899856e+09  1.98e-02      14s
  35   3.35e-08 1.86e-09   1.45900120e+09  1.45900001e+09  4.66e-03      14s
  36   5.59e-08 1.86e-09   1.45900074e+09  1.45900054e+09  8.01e-04      14s
  37   6.71e-08 9.31e-10   1.45900062e+09  1.45900059e+09  1.06e-04      15s
  38   4.47e-08 9.31e-10   1.45900061e+09  1.45900061e+09  2.40e-05      15s
  39*  5.22e-08 9.31e-10   1.45900061e+09  1.45900061e+09  4.48e-06      15s
Summary
    Runtime:                                            15.32s
    Status interior point solve:                        optimal
    Status crossover:                                   not run
    objective value:                                    1.45900061e+09
    interior solution primal residual (abs/rel):        6.15e-08 / 4.21e-16
    interior solution dual residual (abs/rel):          9.31e-10 / 1.10e-16
    interior solution objective gap (abs/rel):          7.26e-01 / 4.98e-10
Ipx: IPM       optimal
Model   status      : Optimal
IPM       iterations: 39
Objective value     :  1.4590006114e+09
HiGHS run time      :         18.91
Presolving model
160762 rows, 469981 cols, 1073597 nonzeros
119465 rows, 288248 cols, 711894 nonzeros
117010 rows, 155195 cols, 445202 nonzeros
114170 rows, 152159 cols, 439033 nonzeros
Presolve : Reductions: rows 114170(-3320621); columns 152159(-2152633); elements 439033(-10024915)
Solving the presolved LP
IPX model has 114170 rows, 152159 columns and 439033 nonzeros
Input
    Number of variables:                                152159
    Number of free variables:                           0
    Number of constraints:                              114170
    Number of equality constraints:                     18377
    Number of matrix entries:                           439033
    Matrix range:                                       [1e-02, 1e+00]
    RHS range:                                          [2e+05, 1e+07]
    Objective range:                                    [4e-04, 8e+06]
    Bounds range:                                       [7e+05, 1e+08]
Preprocessing
    Dualized model:                                     no
    Number of dense columns:                            0
    Range of scaling factors:                           [1.00e+00, 2.00e+00]
IPX version 1.0
Interior Point Solve
 Iter     P.res    D.res            P.obj           D.obj        mu     Time
   0   4.04e+06 1.50e+06   3.97801539e+13 -3.79270209e+17  7.72e+12       0s
   1   1.36e+06 1.17e+06   6.19264867e+16 -2.99914165e+17  6.08e+12       0s
   2   5.86e+05 6.15e+05   9.82171066e+16 -1.73570945e+17  4.28e+12       0s
   3   1.42e+05 2.78e+05   8.41122764e+16 -8.24750260e+16  2.01e+12       0s
   4   6.12e+04 4.83e+04   6.25725270e+16 -1.51557286e+16  5.18e+11       1s
   5   1.66e+04 1.03e+04   2.86628102e+16 -3.49498285e+15  1.53e+11       2s
 Constructing starting basis...
   6   5.00e+03 4.65e+03   1.07728282e+16 -1.61374301e+15  5.86e+10       3s
   7   1.08e+03 1.24e+03   4.13454931e+15 -4.91751331e+14  2.01e+10       3s
   8   2.85e+02 6.23e+02   2.19021801e+15 -2.77585157e+14  1.07e+10       4s
   9   7.63e+01 3.38e+02   8.52261542e+14 -1.56928467e+14  4.51e+09       4s
  10   2.66e+01 1.43e+02   4.36481990e+14 -7.01446705e+13  2.24e+09       5s
  11   1.07e+01 8.33e+01   2.00391420e+14 -4.09416705e+13  1.09e+09       5s
  12   4.94e+00 5.82e+01   1.13369663e+14 -2.89528102e+13  6.64e+08       6s
  13   3.15e+00 2.89e+01   8.17711350e+13 -1.48129714e+13  4.33e+08       6s
  14   5.00e-01 4.60e+00   3.20139421e+13 -2.97981658e+12  1.47e+08       6s
  15   1.62e-01 6.10e-01   1.65011164e+13 -6.38743324e+11  6.88e+07       7s
  16   6.33e-02 2.51e-01   6.74869409e+12 -2.69864616e+11  2.82e+07       7s
  17   1.48e-02 2.42e-02   1.78086280e+12 -3.18551562e+10  7.18e+06       8s
  18   5.52e-03 8.58e-03   7.17828902e+11 -1.20945429e+10  2.88e+06       8s
  19   1.12e-03 1.93e-03   1.97834974e+11 -3.20774208e+09  7.93e+05       8s
  20   1.83e-04 3.13e-04   5.74209585e+10 -1.58219729e+08  2.26e+05       9s
  21   3.35e-08 1.02e-04   1.22149033e+10  5.89791332e+08  4.57e+04       9s
  22   2.98e-08 3.76e-05   4.73781348e+09  1.01523685e+09  1.46e+04       9s
  23   2.98e-08 1.54e-05   3.13832216e+09  1.13996056e+09  7.85e+03      10s
  24   3.35e-08 5.06e-06   1.97588132e+09  1.22268170e+09  2.96e+03      10s
  25   2.98e-08 2.11e-06   1.50330741e+09  1.25006337e+09  9.94e+02      11s
  26   2.98e-08 1.01e-06   1.34586204e+09  1.26176016e+09  3.30e+02      11s
  27   2.98e-08 3.70e-07   1.29828061e+09  1.26889101e+09  1.15e+02      11s
  28   2.98e-08 1.35e-07   1.28552307e+09  1.27152754e+09  5.50e+01      12s
  29   2.98e-08 2.24e-08   1.27600378e+09  1.27288994e+09  1.22e+01      12s
  30   2.98e-08 2.79e-09   1.27340155e+09  1.27313754e+09  1.04e+00      12s
  31   2.98e-08 1.86e-09   1.27319175e+09  1.27315186e+09  1.57e-01      13s
  32   2.98e-08 1.86e-09   1.27315866e+09  1.27315477e+09  1.52e-02      13s
  33   3.73e-08 1.86e-09   1.27315537e+09  1.27315516e+09  8.23e-04      13s
  34   4.84e-08 1.86e-09   1.27315523e+09  1.27315520e+09  1.19e-04      13s
  35   1.38e-07 9.31e-10   1.27315522e+09  1.27315522e+09  1.96e-05      14s
  36*  1.90e-07 9.31e-10   1.27315522e+09  1.27315522e+09  4.76e-06      14s
Summary
    Runtime:                                            14.20s
    Status interior point solve:                        optimal
    Status crossover:                                   not run
    objective value:                                    1.27315522e+09
    interior solution primal residual (abs/rel):        1.70e-07 / 1.16e-15
    interior solution dual residual (abs/rel):          9.31e-10 / 1.10e-16
    interior solution objective gap (abs/rel):          8.69e-01 / 6.83e-10
Ipx: IPM       optimal
Model   status      : Optimal
IPM       iterations: 36
Objective value     :  1.2731552165e+09
HiGHS run time      :         17.84
Presolving model
160762 rows, 469981 cols, 1073597 nonzeros
119465 rows, 288248 cols, 711894 nonzeros
117010 rows, 155195 cols, 445202 nonzeros
114170 rows, 152159 cols, 439033 nonzeros
Presolve : Reductions: rows 114170(-3330641); columns 152159(-2152633); elements 439033(-10034935)
Solving the presolved LP
IPX model has 114170 rows, 152159 columns and 439033 nonzeros
Input
    Number of variables:                                152159
    Number of free variables:                           0
    Number of constraints:                              114170
    Number of equality constraints:                     18377
    Number of matrix entries:                           439033
    Matrix range:                                       [1e-02, 1e+00]
    RHS range:                                          [2e+05, 1e+07]
    Objective range:                                    [4e-04, 8e+06]
    Bounds range:                                       [7e+05, 1e+08]
Preprocessing
    Dualized model:                                     no
    Number of dense columns:                            0
    Range of scaling factors:                           [1.00e+00, 2.00e+00]
IPX version 1.0
Interior Point Solve
 Iter     P.res    D.res            P.obj           D.obj        mu     Time
   0   4.04e+06 1.50e+06   3.97921044e+13 -3.79269965e+17  7.72e+12       0s
   1   1.36e+06 1.17e+06   6.19267076e+16 -2.99915571e+17  6.08e+12       0s
   2   5.86e+05 6.15e+05   9.82180811e+16 -1.73576472e+17  4.28e+12       0s
   3   1.42e+05 2.78e+05   8.41128608e+16 -8.24780624e+16  2.01e+12       0s
   4   6.12e+04 4.83e+04   6.25738415e+16 -1.51572888e+16  5.18e+11       1s
   5   1.66e+04 1.03e+04   2.86638740e+16 -3.49491724e+15  1.53e+11       2s
 Constructing starting basis...
   6   5.00e+03 4.64e+03   1.07709099e+16 -1.61238460e+15  5.86e+10       3s
   7   1.08e+03 1.23e+03   4.13548074e+15 -4.90416391e+14  2.01e+10       3s
   8   2.81e+02 6.29e+02   2.12472266e+15 -2.78020115e+14  1.05e+10       4s
   9   8.00e+01 3.38e+02   8.65081339e+14 -1.55611231e+14  4.55e+09       4s
  10   2.94e+01 1.49e+02   4.48034606e+14 -7.19136828e+13  2.29e+09       5s
  11   1.19e+01 8.69e+01   2.05518507e+14 -4.21997818e+13  1.12e+09       5s
  12   5.51e+00 6.00e+01   1.14887356e+14 -2.94780366e+13  6.73e+08       6s
  13   3.49e+00 2.99e+01   8.27618252e+13 -1.51145312e+13  4.39e+08       6s
  14   7.57e-01 7.62e+00   2.71820047e+13 -4.13688383e+12  1.38e+08       6s
  15   2.40e-01 2.11e+00   1.38376545e+13 -1.31713769e+12  6.40e+07       7s
  16   5.55e-02 9.54e-02   3.42773989e+12 -6.60083757e+10  1.39e+07       7s
  17   1.07e-02 2.77e-02   7.26888588e+11 -1.99580958e+10  2.98e+06       7s
  18   2.48e-03 8.98e-03   2.13894479e+11 -6.74182487e+09  8.80e+05       8s
  19   6.09e-04 1.39e-03   6.49672287e+10 -3.59361392e+08  2.58e+05       8s
  20   2.98e-08 8.15e-04   1.75563789e+10  1.17454265e+08  6.90e+04       9s
  21   2.98e-08 1.73e-04   4.35804003e+09  9.57169392e+08  1.34e+04       9s
  22   3.35e-08 6.17e-05   2.59559969e+09  1.15316122e+09  5.67e+03       9s
  23   2.98e-08 3.03e-05   1.85402481e+09  1.20622159e+09  2.54e+03      10s
  24   2.98e-08 1.41e-05   1.52448670e+09  1.23609259e+09  1.13e+03      10s
  25   2.98e-08 6.16e-06   1.35452403e+09  1.25323197e+09  3.98e+02      11s
  26   2.98e-08 2.13e-06   1.29701856e+09  1.26207082e+09  1.37e+02      11s
  27   2.98e-08 8.01e-07   1.28175166e+09  1.26509727e+09  6.54e+01      11s
  28   2.98e-08 1.80e-07   1.27062782e+09  1.26655668e+09  1.60e+01      12s
  29   2.98e-08 2.24e-08   1.26760231e+09  1.26696280e+09  2.51e+00      12s
  30   2.98e-08 4.66e-09   1.26714752e+09  1.26701090e+09  5.36e-01      12s
  31   2.98e-08 1.86e-09   1.26703186e+09  1.26701659e+09  5.99e-02      12s
  32   2.98e-08 1.86e-09   1.26701895e+09  1.26701753e+09  5.59e-03      13s
  33   2.98e-08 1.86e-09   1.26701791e+09  1.26701775e+09  6.35e-04      13s
  34   7.45e-08 1.86e-09   1.26701780e+09  1.26701778e+09  5.88e-05      13s
  35*  9.69e-08 9.31e-10   1.26701779e+09  1.26701779e+09  4.59e-06      14s
Summary
    Runtime:                                            13.75s
    Status interior point solve:                        optimal
    Status crossover:                                   not run
    objective value:                                    1.26701779e+09
    interior solution primal residual (abs/rel):        1.36e-07 / 9.31e-16
    interior solution dual residual (abs/rel):          9.31e-10 / 1.10e-16
    interior solution objective gap (abs/rel):          8.97e-01 / 7.08e-10
Ipx: IPM       optimal
Model   status      : Optimal
IPM       iterations: 35
Objective value     :  1.2670177926e+09
HiGHS run time      :         17.36
Presolving model
160762 rows, 469981 cols, 1073597 nonzeros
119465 rows, 288248 cols, 711894 nonzeros
117010 rows, 155195 cols, 445202 nonzeros
114170 rows, 152159 cols, 439033 nonzeros
Presolve : Reductions: rows 114170(-3340661); columns 152159(-2152633); elements 439033(-10044955)
Solving the presolved LP
IPX model has 114170 rows, 152159 columns and 439033 nonzeros
Input
    Number of variables:                                152159
    Number of free variables:                           0
    Number of constraints:                              114170
    Number of equality constraints:                     18377
    Number of matrix entries:                           439033
    Matrix range:                                       [1e-02, 1e+00]
    RHS range:                                          [2e+05, 1e+07]
    Objective range:                                    [4e-04, 8e+06]
    Bounds range:                                       [7e+05, 1e+08]
Preprocessing
    Dualized model:                                     no
    Number of dense columns:                            0
    Range of scaling factors:                           [1.00e+00, 2.00e+00]
IPX version 1.0
Interior Point Solve
 Iter     P.res    D.res            P.obj           D.obj        mu     Time
   0   4.04e+06 1.50e+06   3.98510611e+13 -3.79267983e+17  7.72e+12       0s
   1   1.36e+06 1.17e+06   6.19176039e+16 -2.99917316e+17  6.08e+12       0s
   2   5.86e+05 6.15e+05   9.82160150e+16 -1.73503872e+17  4.27e+12       0s
   3   1.42e+05 2.78e+05   8.41421050e+16 -8.25028364e+16  2.01e+12       0s
   4   6.13e+04 4.83e+04   6.25918059e+16 -1.51641106e+16  5.18e+11       1s
   5   1.67e+04 1.03e+04   2.86950162e+16 -3.49572875e+15  1.53e+11       2s
 Constructing starting basis...
   6   5.01e+03 4.64e+03   1.07725248e+16 -1.61118298e+15  5.85e+10       3s
   7   9.51e+02 1.23e+03   3.91457798e+15 -4.88381905e+14  1.92e+10       3s
   8   2.61e+02 6.84e+02   1.69359572e+15 -2.86886726e+14  8.76e+09       4s
   9   5.65e+01 2.27e+02   5.60511982e+14 -1.01122484e+14  2.91e+09       4s
  10   1.98e+01 1.33e+02   2.43021151e+14 -5.96811049e+13  1.37e+09       5s
  11   8.90e+00 8.49e+01   1.37630548e+14 -3.84928507e+13  8.15e+08       5s
  12   5.37e+00 5.35e+01   9.35345840e+13 -2.45094146e+13  5.43e+08       6s
  13   1.81e+00 1.04e+01   4.93250847e+13 -5.52420252e+12  2.32e+08       6s
  14   1.97e-01 8.54e-01   1.34571114e+13 -7.06971973e+11  5.72e+07       6s
  15   2.74e-02 8.50e-02   3.41797461e+12 -1.18075378e+11  1.41e+07       7s
  16   4.95e-03 2.39e-02   7.40055761e+11 -3.54503819e+10  3.10e+06       7s
  17   6.23e-04 7.75e-03   2.11638182e+11 -1.32751767e+10  9.00e+05       8s
  18   1.58e-04 1.15e-03   6.72593822e+10 -1.31781578e+09  2.71e+05       8s
  19   3.73e-08 3.64e-04   1.75918477e+10  1.20730461e+08  6.89e+04       8s
  20   2.98e-08 9.43e-05   4.17243543e+09  9.39508476e+08  1.27e+04       9s
  21   2.98e-08 4.21e-05   2.57412065e+09  1.11565005e+09  5.73e+03       9s
  22   2.98e-08 2.02e-05   1.87326571e+09  1.18791671e+09  2.69e+03       9s
  23   2.98e-08 1.01e-05   1.54164326e+09  1.22359587e+09  1.25e+03      10s
  24   2.98e-08 4.30e-06   1.37499804e+09  1.24615480e+09  5.06e+02      10s
  25   2.98e-08 1.49e-06   1.29947039e+09  1.25760518e+09  1.64e+02      11s
  26   4.10e-08 5.78e-07   1.28057406e+09  1.26139944e+09  7.53e+01      11s
  27   2.98e-08 9.13e-08   1.26807813e+09  1.26346659e+09  1.81e+01      11s
  28   2.98e-08 1.21e-08   1.26439322e+09  1.26387287e+09  2.04e+00      12s
  29   2.98e-08 3.73e-09   1.26400929e+09  1.26391281e+09  3.79e-01      12s
  30   2.98e-08 1.86e-09   1.26393091e+09  1.26392190e+09  3.54e-02      12s
  31   4.48e-08 1.86e-09   1.26392436e+09  1.26392346e+09  3.54e-03      12s
  32   2.98e-08 1.86e-09   1.26392380e+09  1.26392367e+09  5.09e-04      13s
  33   9.69e-08 1.86e-09   1.26392370e+09  1.26392369e+09  3.18e-05      13s
  34*  1.38e-07 9.31e-10   1.26392369e+09  1.26392369e+09  2.75e-06      13s
Summary
    Runtime:                                            13.37s
    Status interior point solve:                        optimal
    Status crossover:                                   not run
    objective value:                                    1.26392369e+09
    interior solution primal residual (abs/rel):        1.21e-07 / 8.29e-16
    interior solution dual residual (abs/rel):          9.31e-10 / 1.10e-16
    interior solution objective gap (abs/rel):          5.71e-01 / 4.52e-10
Ipx: IPM       optimal
Model   status      : Optimal
IPM       iterations: 34
Objective value     :  1.2639236932e+09
HiGHS run time      :         16.99
Presolving model
160762 rows, 469981 cols, 1073597 nonzeros
119465 rows, 288248 cols, 711894 nonzeros
117010 rows, 155195 cols, 445202 nonzeros
114170 rows, 152159 cols, 439033 nonzeros
Presolve : Reductions: rows 114170(-3350681); columns 152159(-2152633); elements 439033(-10054975)
Solving the presolved LP
IPX model has 114170 rows, 152159 columns and 439033 nonzeros
Input
    Number of variables:                                152159
    Number of free variables:                           0
    Number of constraints:                              114170
    Number of equality constraints:                     18377
    Number of matrix entries:                           439033
    Matrix range:                                       [1e-02, 1e+00]
    RHS range:                                          [2e+05, 1e+07]
    Objective range:                                    [4e-04, 8e+06]
    Bounds range:                                       [7e+05, 1e+08]
Preprocessing
    Dualized model:                                     no
    Number of dense columns:                            0
    Range of scaling factors:                           [1.00e+00, 2.00e+00]
IPX version 1.0
Interior Point Solve
 Iter     P.res    D.res            P.obj           D.obj        mu     Time
   0   4.04e+06 1.50e+06   3.98510611e+13 -3.79267983e+17  7.72e+12       0s
   1   1.36e+06 1.17e+06   6.19176039e+16 -2.99917316e+17  6.08e+12       0s
   2   5.86e+05 6.15e+05   9.82160150e+16 -1.73503872e+17  4.27e+12       0s
   3   1.42e+05 2.78e+05   8.41421050e+16 -8.25028364e+16  2.01e+12       1s
   4   6.13e+04 4.83e+04   6.25918059e+16 -1.51641106e+16  5.18e+11       1s
   5   1.67e+04 1.03e+04   2.86950162e+16 -3.49572875e+15  1.53e+11       2s
 Constructing starting basis...
   6   5.01e+03 4.64e+03   1.07725248e+16 -1.61118298e+15  5.85e+10       3s
   7   9.51e+02 1.23e+03   3.91457798e+15 -4.88381905e+14  1.92e+10       3s
   8   2.61e+02 6.84e+02   1.69359572e+15 -2.86886726e+14  8.76e+09       4s
   9   5.65e+01 2.27e+02   5.60511982e+14 -1.01122484e+14  2.91e+09       4s
  10   1.98e+01 1.33e+02   2.43021151e+14 -5.96811049e+13  1.37e+09       5s
  11   8.90e+00 8.49e+01   1.37630548e+14 -3.84928507e+13  8.15e+08       5s
  12   5.37e+00 5.35e+01   9.35345840e+13 -2.45094146e+13  5.43e+08       6s
  13   1.81e+00 1.04e+01   4.93250847e+13 -5.52420252e+12  2.32e+08       6s
  14   1.97e-01 8.54e-01   1.34571114e+13 -7.06971973e+11  5.72e+07       6s
  15   2.74e-02 8.50e-02   3.41797461e+12 -1.18075378e+11  1.41e+07       7s
  16   4.95e-03 2.39e-02   7.40055761e+11 -3.54503819e+10  3.10e+06       7s
  17   6.23e-04 7.75e-03   2.11638182e+11 -1.32751767e+10  9.00e+05       8s
  18   1.58e-04 1.15e-03   6.72593822e+10 -1.31781578e+09  2.71e+05       8s
  19   3.73e-08 3.64e-04   1.75918477e+10  1.20730461e+08  6.89e+04       8s
  20   2.98e-08 9.43e-05   4.17243543e+09  9.39508476e+08  1.27e+04       9s
  21   2.98e-08 4.21e-05   2.57412065e+09  1.11565005e+09  5.73e+03       9s
  22   2.98e-08 2.02e-05   1.87326571e+09  1.18791671e+09  2.69e+03       9s
  23   2.98e-08 1.01e-05   1.54164326e+09  1.22359587e+09  1.25e+03      10s
  24   2.98e-08 4.30e-06   1.37499804e+09  1.24615480e+09  5.06e+02      10s
  25   2.98e-08 1.49e-06   1.29947039e+09  1.25760518e+09  1.64e+02      11s
  26   4.10e-08 5.78e-07   1.28057406e+09  1.26139944e+09  7.53e+01      11s
  27   2.98e-08 9.13e-08   1.26807813e+09  1.26346659e+09  1.81e+01      11s
  28   2.98e-08 1.21e-08   1.26439322e+09  1.26387287e+09  2.04e+00      12s
  29   2.98e-08 3.73e-09   1.26400929e+09  1.26391281e+09  3.79e-01      12s
  30   2.98e-08 1.86e-09   1.26393091e+09  1.26392190e+09  3.54e-02      12s
  31   4.48e-08 1.86e-09   1.26392436e+09  1.26392346e+09  3.54e-03      12s
  32   2.98e-08 1.86e-09   1.26392380e+09  1.26392367e+09  5.09e-04      13s
  33   9.69e-08 1.86e-09   1.26392370e+09  1.26392369e+09  3.18e-05      13s
  34*  1.38e-07 9.31e-10   1.26392369e+09  1.26392369e+09  2.75e-06      13s
Summary
    Runtime:                                            13.39s
    Status interior point solve:                        optimal
    Status crossover:                                   not run
    objective value:                                    1.26392369e+09
    interior solution primal residual (abs/rel):        1.21e-07 / 8.29e-16
    interior solution dual residual (abs/rel):          9.31e-10 / 1.10e-16
    interior solution objective gap (abs/rel):          5.71e-01 / 4.52e-10
Ipx: IPM       optimal
Model   status      : Optimal
IPM       iterations: 34
Objective value     :  1.2639236932e+09
HiGHS run time      :         17.11
Running HiGHS 1.6.0: Copyright (c) 2023 HiGHS under MIT licence terms
Presolving model
164067 rows, 475641 cols, 1089217 nonzeros
122786 rows, 293927 cols, 727557 nonzeros
120360 rows, 160641 cols, 460498 nonzeros
117479 rows, 156633 cols, 452392 nonzeros
Presolve : Reductions: rows 117479(-3297487); columns 156633(-2148374); elements 452392(-9995311)
Solving the presolved LP
IPX model has 117479 rows, 156633 columns and 452392 nonzeros
Input
    Number of variables:                                156633
    Number of free variables:                           0
    Number of constraints:                              117479
    Number of equality constraints:                     18596
    Number of matrix entries:                           452392
    Matrix range:                                       [1e-02, 1e+00]
    RHS range:                                          [3e+05, 6e+07]
    Objective range:                                    [3e-04, 2e+06]
    Bounds range:                                       [2e+05, 1e+08]
Preprocessing
    Dualized model:                                     no
    Number of dense columns:                            0
    Range of scaling factors:                           [1.00e+00, 2.00e+00]
IPX version 1.0
Interior Point Solve
 Iter     P.res    D.res            P.obj           D.obj        mu     Time
   0   9.18e+06 2.49e+05   4.17527351e+13 -8.38213978e+16  2.76e+12       0s
   1   2.68e+06 1.89e+05   3.35808503e+16 -6.59735556e+16  2.01e+12       0s
   2   1.11e+06 1.33e+05   4.77371823e+16 -5.03639933e+16  1.72e+12       0s
   3   4.77e+05 3.96e+04   3.87550168e+16 -1.56059938e+16  5.78e+11       0s
   4   1.87e+05 1.12e+04   2.61427068e+16 -4.91685506e+15  2.06e+11       1s
   5   4.53e+04 2.44e+03   1.06320964e+16 -1.17215903e+15  5.52e+10       1s
 Constructing starting basis...
   6   2.74e+04 8.35e+02   7.38826479e+15 -5.00356753e+14  3.44e+10       3s
   7   5.19e+03 3.41e+02   2.07048498e+15 -2.28433354e+14  9.76e+09       3s
   8   2.70e+03 1.41e+02   1.57840800e+15 -1.25968656e+14  6.94e+09       4s
   9   1.39e+03 2.52e+01   1.11951611e+15 -3.90267592e+13  4.50e+09       4s
  10   8.60e+02 1.13e+01   8.58907318e+14 -1.66125417e+13  3.39e+09       5s
  11   6.19e+02 5.42e+00   7.10220448e+14 -1.10753843e+12  2.74e+09       6s
  12   1.11e+02 3.10e+00   4.61990990e+14  2.24717847e+12  1.82e+09       6s
  13   1.86e+01 9.89e-01   2.15982734e+14  2.08419788e+13  7.73e+08       7s
  14   1.32e+01 3.17e-01   1.84182091e+14  2.93183202e+13  5.97e+08       8s
  15   8.51e+00 8.77e-02   1.59378314e+14  3.12801475e+13  4.88e+08       8s
  16   3.55e+00 2.70e-02   1.00685519e+14  3.55521877e+13  2.48e+08       9s
  17   1.82e+00 1.32e-02   7.34334050e+13  3.70525781e+13  1.38e+08      10s
  18   5.79e-01 4.25e-03   5.09487619e+13  3.82412772e+13  4.82e+07      10s
  19   4.29e-01 1.71e-03   4.85313740e+13  3.85221442e+13  3.78e+07      11s
  20   2.98e-01 1.15e-03   4.72383513e+13  3.85298210e+13  3.29e+07      11s
  21   4.99e-02 4.39e-04   4.11234191e+13  3.87124814e+13  9.11e+06      12s
  22   3.34e-06 3.17e-05   3.96070445e+13  3.88340033e+13  2.91e+06      13s
  23   1.91e-06 7.95e-06   3.90841919e+13  3.88719672e+13  7.99e+05      13s
  24   6.56e-07 2.23e-06   3.89588923e+13  3.88817100e+13  2.90e+05      14s
  25   2.98e-07 8.14e-07   3.89086773e+13  3.88840895e+13  9.25e+04      14s
  26   9.69e-08 3.43e-07   3.88917881e+13  3.88850859e+13  2.52e+04      15s
  27   4.47e-08 1.53e-07   3.88879842e+13  3.88854854e+13  9.40e+03      15s
  28   1.49e-07 7.96e-08   3.88869321e+13  3.88856415e+13  4.86e+03      16s
  29   1.19e-07 5.33e-08   3.88865027e+13  3.88856978e+13  3.03e+03      16s
  30   4.01e-08 2.56e-08   3.88863361e+13  3.88857564e+13  2.18e+03      17s
  31   3.28e-08 1.12e-08   3.88861633e+13  3.88857899e+13  1.40e+03      17s
  32   4.47e-08 4.89e-09   3.88859925e+13  3.88858086e+13  6.92e+02      18s
  33   8.94e-08 2.33e-09   3.88858902e+13  3.88858172e+13  2.75e+02      18s
  34   7.45e-08 1.16e-09   3.88858544e+13  3.88858222e+13  1.21e+02      19s
  35   7.45e-08 6.98e-10   3.88858330e+13  3.88858245e+13  3.20e+01      19s
  36   4.47e-08 4.66e-10   3.88858273e+13  3.88858251e+13  8.22e+00      19s
  37   1.79e-07 4.66e-10   3.88858255e+13  3.88858252e+13  1.32e+00      20s
  38*  8.94e-08 4.66e-10   3.88858252e+13  3.88858252e+13  1.11e-01      20s
Summary
    Runtime:                                            20.05s
    Status interior point solve:                        optimal
    Status crossover:                                   not run
    objective value:                                    3.88858252e+13
    interior solution primal residual (abs/rel):        1.04e-07 / 7.14e-16
    interior solution dual residual (abs/rel):          4.66e-10 / 2.42e-16
    interior solution objective gap (abs/rel):          2.96e+04 / 7.60e-10
Ipx: IPM       optimal
Model   status      : Optimal
IPM       iterations: 38
Objective value     :  3.8885818126e+13
HiGHS run time      :         24.04
Presolving model
164067 rows, 475641 cols, 1089217 nonzeros
122786 rows, 293927 cols, 727557 nonzeros
120360 rows, 160641 cols, 460498 nonzeros
117479 rows, 156633 cols, 452392 nonzeros
Presolve : Reductions: rows 117479(-3307507); columns 156633(-2148374); elements 452392(-10005331)
Solving the presolved LP
IPX model has 117479 rows, 156633 columns and 452392 nonzeros
Input
    Number of variables:                                156633
    Number of free variables:                           0
    Number of constraints:                              117479
    Number of equality constraints:                     18596
    Number of matrix entries:                           452392
    Matrix range:                                       [1e-02, 1e+00]
    RHS range:                                          [3e+05, 6e+07]
    Objective range:                                    [3e-04, 2e+06]
    Bounds range:                                       [2e+05, 1e+08]
Preprocessing
    Dualized model:                                     no
    Number of dense columns:                            0
    Range of scaling factors:                           [1.00e+00, 2.00e+00]
IPX version 1.0
Interior Point Solve
 Iter     P.res    D.res            P.obj           D.obj        mu     Time
   0   9.17e+06 2.23e+05   3.65121582e+13 -7.48323739e+16  2.48e+12       0s
   1   2.67e+06 1.68e+05   3.18278781e+16 -5.87282789e+16  1.79e+12       0s
   2   1.16e+06 1.19e+05   4.44260198e+16 -4.49744437e+16  1.53e+12       0s
   3   4.73e+05 3.39e+04   3.55406109e+16 -1.33608351e+16  4.95e+11       0s
   4   1.84e+05 9.63e+03   2.35621433e+16 -4.23917706e+15  1.78e+11       1s
   5   4.64e+04 2.36e+03   9.44699214e+15 -1.12793013e+15  4.99e+10       1s
 Constructing starting basis...
   6   2.34e+04 7.65e+02   5.75246557e+15 -4.52539866e+14  2.72e+10       3s
   7   2.80e+03 2.24e+02   1.26523822e+15 -1.60963316e+14  6.02e+09       3s
   8   5.69e+02 1.06e+02   6.89738252e+14 -9.19522329e+13  3.27e+09       4s
   9   1.21e+02 4.74e+01   1.75322606e+14 -4.10911632e+13  9.50e+08       4s
  10   3.69e+01 1.87e+01   6.40542427e+13 -1.67047284e+13  3.57e+08       5s
  11   4.95e+00 3.97e+00   1.07421334e+13 -3.62120883e+12  6.52e+07       5s
  12   9.03e-01 1.05e+00   2.59547900e+12 -9.80843002e+11  1.63e+07       6s
  13   3.68e-01 5.02e-01   1.36642701e+12 -4.79297169e+11  8.30e+06       7s
  14   1.17e-01 1.56e-01   5.19010154e+11 -1.50584653e+11  2.92e+06       7s
  15   7.14e-02 6.12e-02   3.80084203e+11 -6.15638445e+10  1.82e+06       8s
  16   4.12e-02 2.19e-02   2.52629376e+11 -2.22639805e+10  1.09e+06       8s
  17   1.39e-02 8.79e-03   1.23336054e+11 -8.57536747e+09  5.14e+05       9s
  18   5.95e-03 5.20e-03   6.78894880e+10 -4.32203016e+09  2.80e+05       9s
  19   4.94e-03 2.13e-03   5.87389395e+10 -4.21511141e+08  2.26e+05      10s
  20   2.60e-03 4.38e-04   4.56856480e+10  1.20515881e+09  1.68e+05      10s
  21   3.35e-04 1.89e-04   1.93403878e+10  1.86283798e+09  6.59e+04      11s
  22   8.93e-05 7.40e-05   8.32105728e+09  2.48188023e+09  2.20e+04      11s
  23   2.84e-05 2.47e-05   5.01807600e+09  2.77547535e+09  8.44e+03      12s
  24   6.47e-06 9.30e-06   3.61839999e+09  2.87662870e+09  2.79e+03      12s
  25   2.09e-06 4.69e-06   3.20071187e+09  2.91212513e+09  1.09e+03      13s
  26   8.94e-07 2.13e-06   3.07240394e+09  2.93260478e+09  5.26e+02      13s
  27   2.98e-07 8.76e-07   2.99950283e+09  2.94299700e+09  2.13e+02      14s
  28   2.09e-07 2.60e-07   2.96885724e+09  2.94823352e+09  7.76e+01      14s
  29   8.94e-08 3.75e-08   2.95536360e+09  2.95053700e+09  1.82e+01      15s
  30   4.47e-08 7.22e-09   2.95188287e+09  2.95086387e+09  3.83e+00      15s
  31   1.34e-07 1.16e-09   2.95122889e+09  2.95092682e+09  1.14e+00      15s
  32   1.04e-07 4.66e-10   2.95096474e+09  2.95093428e+09  1.15e-01      16s
  33   1.79e-07 4.66e-10   2.95095096e+09  2.95093611e+09  5.59e-02      16s
  34   7.45e-08 4.66e-10   2.95094095e+09  2.95093631e+09  1.74e-02      16s
  35   8.62e-08 4.66e-10   2.95093728e+09  2.95093636e+09  3.44e-03      16s
  36   1.23e-07 4.66e-10   2.95093646e+09  2.95093637e+09  3.08e-04      17s
  37   3.73e-07 4.66e-10   2.95093639e+09  2.95093638e+09  4.17e-05      17s
  38*  6.11e-07 2.33e-10   2.95093638e+09  2.95093638e+09  1.13e-05      17s
Summary
    Runtime:                                            17.03s
    Status interior point solve:                        optimal
    Status crossover:                                   not run
    objective value:                                    2.95093638e+09
    interior solution primal residual (abs/rel):        5.96e-07 / 4.08e-15
    interior solution dual residual (abs/rel):          2.33e-10 / 1.21e-16
    interior solution objective gap (abs/rel):          2.93e+00 / 9.94e-10
Ipx: IPM       optimal
Model   status      : Optimal
IPM       iterations: 38
Objective value     :  2.9509363798e+09
HiGHS run time      :         20.89
Presolving model
164067 rows, 475641 cols, 1089217 nonzeros
122786 rows, 293927 cols, 727557 nonzeros
120360 rows, 160641 cols, 460498 nonzeros
117479 rows, 156633 cols, 452392 nonzeros
Presolve : Reductions: rows 117479(-3317527); columns 156633(-2148374); elements 452392(-10015351)
Solving the presolved LP
IPX model has 117479 rows, 156633 columns and 452392 nonzeros
Input
    Number of variables:                                156633
    Number of free variables:                           0
    Number of constraints:                              117479
    Number of equality constraints:                     18596
    Number of matrix entries:                           452392
    Matrix range:                                       [1e-02, 1e+00]
    RHS range:                                          [3e+05, 6e+07]
    Objective range:                                    [3e-04, 2e+06]
    Bounds range:                                       [2e+05, 1e+08]
Preprocessing
    Dualized model:                                     no
    Number of dense columns:                            0
    Range of scaling factors:                           [1.00e+00, 2.00e+00]
IPX version 1.0
Interior Point Solve
 Iter     P.res    D.res            P.obj           D.obj        mu     Time
   0   9.17e+06 2.23e+05   3.74373746e+13 -7.47976166e+16  2.48e+12       0s
   1   2.68e+06 1.68e+05   3.18856356e+16 -5.86838187e+16  1.79e+12       0s
   2   1.14e+06 1.19e+05   4.46862332e+16 -4.49937709e+16  1.53e+12       0s
   3   4.75e+05 3.42e+04   3.58612883e+16 -1.34442452e+16  5.00e+11       0s
   4   1.84e+05 9.70e+03   2.37108722e+16 -4.25979607e+15  1.79e+11       1s
   5   4.61e+04 2.38e+03   9.48526725e+15 -1.13532521e+15  5.01e+10       1s
 Constructing starting basis...
   6   2.36e+04 7.80e+02   5.84226984e+15 -4.57861097e+14  2.77e+10       3s
   7   3.16e+03 3.42e+02   1.39382125e+15 -2.23940889e+14  7.07e+09       3s
   8   6.58e+02 1.59e+02   7.87610165e+14 -1.22028872e+14  3.89e+09       4s
   9   2.09e+02 9.15e+01   2.91974003e+14 -7.01556999e+13  1.61e+09       4s
  10   7.23e+01 2.55e+01   1.15200952e+14 -2.04254043e+13  5.79e+08       5s
  11   1.42e+01 9.61e+00   2.58266183e+13 -7.82087412e+12  1.52e+08       5s
  12   3.05e+00 1.96e+00   6.48338140e+12 -1.62565591e+12  3.56e+07       6s
  13   8.61e-01 8.34e-01   2.14216030e+12 -7.00390933e+11  1.28e+07       6s
  14   3.87e-01 1.22e-01   1.17507556e+12 -1.15030493e+11  5.17e+06       7s
  15   1.05e-01 3.42e-02   4.46688612e+11 -3.60422478e+10  1.90e+06       7s
  16   1.99e-02 9.69e-03   1.84536397e+11 -1.21483830e+10  7.64e+05       8s
  17   6.41e-03 3.80e-03   7.85600241e+10 -3.75382250e+09  3.17e+05       8s
  18   5.16e-03 2.66e-03   6.61409651e+10 -2.00897579e+09  2.61e+05       9s
  19   3.03e-03 1.18e-03   5.41580841e+10 -2.12807628e+08  2.07e+05       9s
  20   1.21e-03 1.68e-04   3.66398276e+10  1.50514602e+09  1.32e+05      10s
  21   4.11e-04 6.34e-05   1.59755189e+10  2.23842641e+09  5.17e+04      10s
  22   1.25e-04 1.95e-05   7.06443614e+09  2.62265599e+09  1.67e+04      11s
  23   2.81e-05 6.93e-06   4.22957713e+09  2.72979456e+09  5.64e+03      11s
  24   6.77e-06 2.50e-06   3.26928956e+09  2.78194817e+09  1.83e+03      12s
  25   2.83e-06 9.54e-07   3.02506281e+09  2.80374367e+09  8.33e+02      12s
  26   8.05e-07 3.62e-07   2.91448592e+09  2.81147987e+09  3.88e+02      13s
  27   2.98e-07 1.19e-07   2.85692498e+09  2.81620190e+09  1.53e+02      13s
  28   8.94e-08 3.19e-08   2.83006487e+09  2.81806276e+09  4.52e+01      13s
  29   8.94e-08 4.19e-09   2.82022916e+09  2.81876783e+09  5.50e+00      14s
  30   8.94e-08 9.31e-10   2.81899884e+09  2.81885534e+09  5.40e-01      14s
  31   1.04e-07 4.66e-10   2.81887506e+09  2.81886801e+09  2.65e-02      14s
  32   9.70e-08 4.66e-10   2.81886933e+09  2.81886901e+09  1.21e-03      15s
  33   1.49e-07 4.66e-10   2.81886913e+09  2.81886909e+09  1.52e-04      15s
  34   3.43e-07 2.33e-10   2.81886912e+09  2.81886911e+09  1.66e-05      16s
  35*  3.21e-08 2.33e-10   2.81886912e+09  2.81886912e+09  2.06e-06      16s
Summary
    Runtime:                                            16.08s
    Status interior point solve:                        optimal
    Status crossover:                                   not run
    objective value:                                    2.81886912e+09
    interior solution primal residual (abs/rel):        7.45e-08 / 5.10e-16
    interior solution dual residual (abs/rel):          2.33e-10 / 1.21e-16
    interior solution objective gap (abs/rel):          4.66e-01 / 1.65e-10
Ipx: IPM       optimal
Model   status      : Optimal
IPM       iterations: 35
Objective value     :  2.8188691163e+09
HiGHS run time      :         19.89
Presolving model
164067 rows, 475641 cols, 1089217 nonzeros
122786 rows, 293927 cols, 727557 nonzeros
120360 rows, 160641 cols, 460498 nonzeros
117479 rows, 156633 cols, 452392 nonzeros
Presolve : Reductions: rows 117479(-3327547); columns 156633(-2148374); elements 452392(-10025371)
Solving the presolved LP
IPX model has 117479 rows, 156633 columns and 452392 nonzeros
Input
    Number of variables:                                156633
    Number of free variables:                           0
    Number of constraints:                              117479
    Number of equality constraints:                     18596
    Number of matrix entries:                           452392
    Matrix range:                                       [1e-02, 1e+00]
    RHS range:                                          [3e+05, 6e+07]
    Objective range:                                    [3e-04, 2e+06]
    Bounds range:                                       [2e+05, 1e+08]
Preprocessing
    Dualized model:                                     no
    Number of dense columns:                            0
    Range of scaling factors:                           [1.00e+00, 2.00e+00]
IPX version 1.0
Interior Point Solve
 Iter     P.res    D.res            P.obj           D.obj        mu     Time
   0   9.17e+06 2.23e+05   3.74493097e+13 -7.47972229e+16  2.48e+12       0s
   1   2.68e+06 1.68e+05   3.18856006e+16 -5.86834703e+16  1.79e+12       0s
   2   1.14e+06 1.19e+05   4.46864190e+16 -4.49920839e+16  1.53e+12       0s
   3   4.75e+05 3.42e+04   3.58614999e+16 -1.34446503e+16  5.00e+11       0s
   4   1.84e+05 9.70e+03   2.37120891e+16 -4.25974000e+15  1.79e+11       1s
   5   4.61e+04 2.38e+03   9.48587385e+15 -1.13530288e+15  5.01e+10       1s
 Constructing starting basis...
   6   2.36e+04 7.81e+02   5.84343230e+15 -4.58583408e+14  2.77e+10       3s
   7   3.06e+03 3.43e+02   1.37755229e+15 -2.24745836e+14  7.01e+09       3s
   8   6.82e+02 1.60e+02   7.96675147e+14 -1.22503337e+14  3.93e+09       4s
   9   2.15e+02 9.22e+01   2.93576501e+14 -7.07094134e+13  1.62e+09       4s
  10   7.50e+01 2.55e+01   1.17635577e+14 -2.05323344e+13  5.89e+08       5s
  11   1.37e+01 9.97e+00   2.48141470e+13 -8.14876106e+12  1.50e+08       5s
  12   2.64e+00 1.95e+00   5.96128309e+12 -1.63189812e+12  3.37e+07       6s
  13   7.81e-01 8.17e-01   2.08542682e+12 -6.94274867e+11  1.25e+07       6s
  14   3.72e-01 1.20e-01   1.17496212e+12 -1.13796004e+11  5.16e+06       7s
  15   9.87e-02 3.84e-02   4.63163930e+11 -4.08077402e+10  1.99e+06       7s
  16   1.03e-02 1.10e-02   1.67286115e+11 -1.39684872e+10  7.09e+05       8s
  17   4.08e-03 4.13e-03   8.22412693e+10 -4.11850581e+09  3.33e+05       8s
  18   3.35e-03 3.12e-03   6.99361953e+10 -2.58642894e+09  2.78e+05       9s
  19   2.02e-03 1.70e-03   5.91091864e+10 -9.74996695e+08  2.29e+05       9s
  20   9.15e-04 4.78e-04   4.44672794e+10  7.68994725e+08  1.65e+05      10s
  21   2.00e-04 1.62e-04   1.53783264e+10  1.97668290e+09  5.05e+04      10s
  22   6.09e-05 5.67e-05   7.04026338e+09  2.50066065e+09  1.71e+04      11s
  23   1.68e-05 1.77e-05   4.48100942e+09  2.69489066e+09  6.72e+03      11s
  24   2.68e-06 6.52e-06   3.26863710e+09  2.76565713e+09  1.89e+03      12s
  25   9.54e-07 2.26e-06   3.00315538e+09  2.79864624e+09  7.70e+02      12s
  26   2.68e-07 9.45e-07   2.91001650e+09  2.80836659e+09  3.83e+02      13s
  27   8.94e-08 2.71e-07   2.85161019e+09  2.81500647e+09  1.38e+02      13s
  28   8.94e-08 7.87e-08   2.82736322e+09  2.81718904e+09  3.83e+01      14s
  29   8.94e-08 7.92e-09   2.81930816e+09  2.81810384e+09  4.53e+00      14s
  30   3.92e-08 1.63e-09   2.81843825e+09  2.81819255e+09  9.24e-01      14s
  31   1.28e-07 4.66e-10   2.81822954e+09  2.81820809e+09  8.07e-02      15s
  32   1.38e-07 4.66e-10   2.81821032e+09  2.81820945e+09  3.28e-03      15s
  33   1.04e-07 4.66e-10   2.81820970e+09  2.81820964e+09  2.16e-04      15s
  34   4.32e-07 2.33e-10   2.81820967e+09  2.81820966e+09  2.61e-05      16s
  35*  2.68e-07 2.33e-10   2.81820966e+09  2.81820966e+09  4.33e-06      16s
Summary
    Runtime:                                            16.00s
    Status interior point solve:                        optimal
    Status crossover:                                   not run
    objective value:                                    2.81820966e+09
    interior solution primal residual (abs/rel):        3.87e-07 / 2.65e-15
    interior solution dual residual (abs/rel):          2.33e-10 / 1.21e-16
    interior solution objective gap (abs/rel):          1.06e+00 / 3.75e-10
Ipx: IPM       optimal
Model   status      : Optimal
IPM       iterations: 35
Objective value     :  2.8182096631e+09
HiGHS run time      :         19.88
Running HiGHS 1.6.0: Copyright (c) 2023 HiGHS under MIT licence terms
Presolving model
167945 rows, 483501 cols, 1110217 nonzeros
126691 rows, 301819 cols, 748616 nonzeros
124288 rows, 166486 cols, 477558 nonzeros
121437 rows, 161878 cols, 468252 nonzeros
Presolve : Reductions: rows 121437(-3293788); columns 161878(-2143387); elements 468252(-9994056)
Solving the presolved LP
IPX model has 121437 rows, 161878 columns and 468252 nonzeros
Input
    Number of variables:                                161878
    Number of free variables:                           0
    Number of constraints:                              121437
    Number of equality constraints:                     18920
    Number of matrix entries:                           468252
    Matrix range:                                       [1e-02, 1e+00]
    RHS range:                                          [2e+05, 1e+08]
    Objective range:                                    [2e-04, 1e+06]
    Bounds range:                                       [5e+04, 1e+08]
Preprocessing
    Dualized model:                                     no
    Number of dense columns:                            0
    Range of scaling factors:                           [1.00e+00, 2.00e+00]
IPX version 1.0
Interior Point Solve
 Iter     P.res    D.res            P.obj           D.obj        mu     Time
   0   2.56e+07 1.46e+05   6.55627058e+13 -6.37648822e+16  4.32e+12       0s
   1   7.88e+06 1.08e+05   5.91163572e+16 -5.23818670e+16  2.94e+12       0s
   2   3.35e+06 7.98e+04   8.10789578e+16 -4.43514167e+16  2.51e+12       0s
   3   1.39e+06 1.66e+04   6.46267783e+16 -1.03510438e+16  6.74e+11       0s
   4   4.91e+05 5.64e+03   4.01504010e+16 -4.70801523e+15  2.71e+11       1s
   5   1.97e+05 1.61e+03   2.09641016e+16 -1.64300881e+15  1.04e+11       2s
 Constructing starting basis...
   6   7.13e+04 4.40e+02   9.61188621e+15 -6.59888371e+14  4.30e+10       3s
   7   2.39e+04 1.89e+02   3.90708253e+15 -3.32685470e+14  1.71e+10       4s
   8   1.08e+04 7.22e+01   2.62907996e+15 -2.09538365e+14  1.10e+10       4s
   9   4.78e+03 1.70e+01   1.69239547e+15 -1.01419335e+14  6.71e+09       5s
  10   2.83e+03 9.22e+00   1.23998850e+15 -6.99121325e+13  4.89e+09       5s
  11   1.39e+03 2.52e+00   8.76661984e+14 -3.56638981e+13  3.36e+09       6s
  12   6.60e+02 1.26e+00   6.18185722e+14 -1.94728123e+13  2.36e+09       7s
  13   6.08e+02 9.64e-01   6.00869389e+14 -1.50090138e+13  2.27e+09       7s
  14   1.56e+02 3.97e-01   2.60954472e+14  1.04628099e+13  9.32e+08       8s
  15   1.30e+02 6.24e-02   2.48792092e+14  1.96060842e+13  8.31e+08       9s
  16   1.16e+02 3.02e-02   2.42156679e+14  2.06325548e+13  8.02e+08      10s
  17   4.63e+01 9.02e-03   1.49033182e+14  3.04501760e+13  4.30e+08      10s
  18   2.60e+01 4.37e-03   1.04467484e+14  3.45193120e+13  2.53e+08      11s
  19   1.04e+01 2.26e-03   6.70637200e+13  3.66502515e+13  1.10e+08      12s
  20   4.61e+00 1.24e-03   5.25467847e+13  3.77304891e+13  5.35e+07      13s
  21   2.33e+00 4.80e-04   4.67553574e+13  3.85257201e+13  2.96e+07      14s
  22   1.54e+00 3.36e-04   4.61002066e+13  3.85688538e+13  2.71e+07      14s
  23   5.86e-01 9.07e-05   4.20677656e+13  3.89850404e+13  1.11e+07      15s
  24   2.42e-01 1.22e-05   4.05980822e+13  3.91160450e+13  5.32e+06      15s
  25   4.44e-02 5.05e-06   3.94399826e+13  3.91470586e+13  1.05e+06      16s
  26   2.17e-02 1.18e-06   3.93213427e+13  3.91619724e+13  5.72e+05      16s
  27   7.52e-03 3.19e-07   3.92317809e+13  3.91664772e+13  2.34e+05      17s
  28   2.52e-03 1.39e-07   3.91933320e+13  3.91678028e+13  9.16e+04      18s
  29   5.37e-04 6.16e-08   3.91747987e+13  3.91685348e+13  2.25e+04      18s
  30   1.65e-04 3.42e-08   3.91716886e+13  3.91687732e+13  1.05e+04      19s
  31   7.66e-05 1.65e-08   3.91706115e+13  3.91689492e+13  5.96e+03      19s
  32   3.83e-05 8.15e-09   3.91700274e+13  3.91690417e+13  3.54e+03      20s
  33   1.73e-05 4.19e-09   3.91697046e+13  3.91690868e+13  2.22e+03      20s
  34   6.56e-06 1.98e-09   3.91693859e+13  3.91691198e+13  9.54e+02      21s
  35   2.74e-06 1.40e-09   3.91693138e+13  3.91691281e+13  6.66e+02      21s
  36   1.46e-06 5.82e-10   3.91692414e+13  3.91691427e+13  3.54e+02      22s
  37   4.47e-07 4.66e-10   3.91691815e+13  3.91691476e+13  1.22e+02      22s
  38   1.79e-07 2.33e-10   3.91691656e+13  3.91691489e+13  6.00e+01      22s
  39   2.38e-07 2.33e-10   3.91691529e+13  3.91691498e+13  1.12e+01      23s
  40   1.35e-07 2.33e-10   3.91691505e+13  3.91691500e+13  1.78e+00      23s
  41*  2.09e-07 2.33e-10   3.91691500e+13  3.91691500e+13  8.10e-02      24s
Summary
    Runtime:                                            23.51s
    Status interior point solve:                        optimal
    Status crossover:                                   not run
    objective value:                                    3.91691500e+13
    interior solution primal residual (abs/rel):        1.58e-07 / 1.08e-15
    interior solution dual residual (abs/rel):          2.33e-10 / 1.78e-16
    interior solution objective gap (abs/rel):          2.26e+04 / 5.77e-10
Ipx: IPM       optimal
Model   status      : Optimal
IPM       iterations: 41
Objective value     :  3.9169144677e+13
HiGHS run time      :         26.62
Presolving model
167945 rows, 483501 cols, 1110217 nonzeros
126691 rows, 301819 cols, 748616 nonzeros
124288 rows, 166486 cols, 477558 nonzeros
121437 rows, 161878 cols, 468252 nonzeros
Presolve : Reductions: rows 121437(-3303808); columns 161878(-2143387); elements 468252(-10004076)
Solving the presolved LP
IPX model has 121437 rows, 161878 columns and 468252 nonzeros
Input
    Number of variables:                                161878
    Number of free variables:                           0
    Number of constraints:                              121437
    Number of equality constraints:                     18920
    Number of matrix entries:                           468252
    Matrix range:                                       [1e-02, 1e+00]
    RHS range:                                          [2e+05, 1e+08]
    Objective range:                                    [2e-04, 1e+06]
    Bounds range:                                       [5e+04, 1e+08]
Preprocessing
    Dualized model:                                     no
    Number of dense columns:                            0
    Range of scaling factors:                           [1.00e+00, 2.00e+00]
IPX version 1.0
Interior Point Solve
 Iter     P.res    D.res            P.obj           D.obj        mu     Time
   0   2.56e+07 1.51e+05   5.61519240e+13 -6.61993160e+16  4.45e+12       0s
   1   7.90e+06 1.12e+05   5.84828828e+16 -5.44595269e+16  3.04e+12       0s
   2   3.34e+06 8.20e+04   8.07084056e+16 -4.59392328e+16  2.59e+12       0s
   3   1.40e+06 1.73e+04   6.47417327e+16 -1.08921466e+16  7.00e+11       0s
   4   4.89e+05 5.96e+03   4.05456022e+16 -5.00410729e+15  2.82e+11       1s
   5   1.94e+05 1.68e+03   2.14137583e+16 -1.76252119e+15  1.07e+11       2s
 Constructing starting basis...
   6   7.51e+04 3.81e+02   1.03982807e+16 -6.62292392e+14  4.56e+10       3s
   7   3.48e+04 1.64e+02   5.05449302e+15 -3.13175176e+14  2.14e+10       4s
   8   2.74e+03 4.07e+01   1.13477397e+15 -1.32666601e+14  4.90e+09       4s
   9   5.39e+02 1.92e+01   4.18679696e+14 -6.92587376e+13  1.92e+09       5s
  10   1.48e+02 8.17e+00   1.47471829e+14 -3.08182379e+13  7.12e+08       5s
  11   1.33e+01 7.53e-01   2.96729743e+13 -4.09506817e+12  1.28e+08       6s
  12   1.83e+00 1.42e-01   4.85163612e+12 -8.11424681e+11  2.15e+07       7s
  13   7.09e-01 4.17e-02   1.96070783e+12 -2.40186032e+11  8.23e+06       7s
  14   1.55e-01 1.84e-02   6.31227533e+11 -1.12961133e+11  2.80e+06       8s
  15   1.25e-01 1.42e-02   5.99942513e+11 -9.34396565e+10  2.60e+06       8s
  16   4.72e-02 1.07e-02   2.84827634e+11 -7.06630973e+10  1.34e+06       9s
  17   3.48e-02 7.10e-03   2.55629579e+11 -4.92227181e+10  1.14e+06       9s
  18   2.45e-02 5.51e-03   1.92294076e+11 -3.78293725e+10  8.57e+05      10s
  19   9.55e-03 1.69e-03   9.14702903e+10 -9.75755584e+09  3.70e+05      11s
  20   5.57e-03 1.02e-03   7.88532322e+10 -5.93359399e+09  3.08e+05      11s
  21   2.63e-03 5.97e-04   4.24094946e+10 -2.18135793e+09  1.61e+05      12s
  22   1.60e-03 1.84e-04   3.61210634e+10  7.68544106e+08  1.27e+05      12s
  23   4.53e-04 8.43e-05   2.03846332e+10  1.92532967e+09  6.63e+04      13s
  24   8.81e-05 3.22e-05   9.92838622e+09  2.79979152e+09  2.56e+04      13s
  25   4.07e-05 1.08e-05   6.85515467e+09  3.30227316e+09  1.27e+04      14s
  26   1.03e-05 4.87e-06   4.67264680e+09  3.45433820e+09  4.37e+03      15s
  27   3.04e-06 1.85e-06   3.99798070e+09  3.54078991e+09  1.64e+03      15s
  28   9.54e-07 6.44e-07   3.74948448e+09  3.57902606e+09  6.11e+02      16s
  29   2.98e-07 1.48e-07   3.65958565e+09  3.59557354e+09  2.30e+02      16s
  30   2.09e-07 5.12e-08   3.61828614e+09  3.59962386e+09  6.69e+01      17s
  31   1.79e-07 1.97e-08   3.60555703e+09  3.60100083e+09  1.63e+01      17s
  32   6.22e-08 1.75e-09   3.60213638e+09  3.60189668e+09  8.60e-01      17s
  33   2.38e-07 4.66e-10   3.60201912e+09  3.60197108e+09  1.72e-01      18s
  34   1.79e-07 2.33e-10   3.60198115e+09  3.60197737e+09  1.36e-02      18s
  35   2.09e-07 4.66e-10   3.60197977e+09  3.60197795e+09  6.51e-03      19s
  36   2.38e-07 2.33e-10   3.60197883e+09  3.60197806e+09  2.75e-03      19s
  37   2.98e-07 2.33e-10   3.60197875e+09  3.60197807e+09  2.43e-03      19s
  38   3.28e-07 2.33e-10   3.60197819e+09  3.60197810e+09  3.03e-04      20s
  39   7.45e-07 2.33e-10   3.60197811e+09  3.60197811e+09  2.02e-05      20s
  40*  8.34e-07 1.16e-10   3.60197811e+09  3.60197811e+09  2.04e-06      20s
Summary
    Runtime:                                            20.29s
    Status interior point solve:                        optimal
    Status crossover:                                   not run
    objective value:                                    3.60197811e+09
    interior solution primal residual (abs/rel):        6.85e-07 / 4.69e-15
    interior solution dual residual (abs/rel):          2.33e-10 / 1.78e-16
    interior solution objective gap (abs/rel):          5.35e-01 / 1.49e-10
Ipx: IPM       optimal
Model   status      : Optimal
IPM       iterations: 40
Objective value     :  3.6019781099e+09
HiGHS run time      :         23.97
Presolving model
167945 rows, 483501 cols, 1110217 nonzeros
126691 rows, 301819 cols, 748616 nonzeros
124288 rows, 166486 cols, 477558 nonzeros
121437 rows, 161878 cols, 468252 nonzeros
Presolve : Reductions: rows 121437(-3313828); columns 161878(-2143387); elements 468252(-10014096)
Solving the presolved LP
IPX model has 121437 rows, 161878 columns and 468252 nonzeros
Input
    Number of variables:                                161878
    Number of free variables:                           0
    Number of constraints:                              121437
    Number of equality constraints:                     18920
    Number of matrix entries:                           468252
    Matrix range:                                       [1e-02, 1e+00]
    RHS range:                                          [2e+05, 1e+08]
    Objective range:                                    [2e-04, 1e+06]
    Bounds range:                                       [5e+04, 1e+08]
Preprocessing
    Dualized model:                                     no
    Number of dense columns:                            0
    Range of scaling factors:                           [1.00e+00, 2.00e+00]
IPX version 1.0
Interior Point Solve
 Iter     P.res    D.res            P.obj           D.obj        mu     Time
   0   2.56e+07 1.51e+05   5.67085230e+13 -6.62118646e+16  4.45e+12       0s
   1   7.91e+06 1.12e+05   5.86280463e+16 -5.44630419e+16  3.04e+12       0s
   2   3.35e+06 8.21e+04   8.09268885e+16 -4.59696808e+16  2.59e+12       0s
   3   1.40e+06 1.72e+04   6.49019831e+16 -1.08786600e+16  6.99e+11       0s
   4   4.90e+05 5.93e+03   4.05794120e+16 -4.97332652e+15  2.81e+11       1s
   5   1.95e+05 1.67e+03   2.14297383e+16 -1.75162724e+15  1.07e+11       2s
 Constructing starting basis...
   6   7.65e+04 3.81e+02   1.05261450e+16 -6.63077109e+14  4.61e+10       3s
   7   3.57e+04 1.63e+02   5.13811190e+15 -3.11565001e+14  2.17e+10       4s
   8   2.63e+03 4.17e+01   1.10919715e+15 -1.32657055e+14  4.81e+09       4s
   9   6.23e+02 1.98e+01   4.52463505e+14 -6.92840085e+13  2.05e+09       5s
  10   1.56e+02 1.00e+01   1.54342155e+14 -3.63236681e+13  7.72e+08       5s
  11   2.79e+01 8.19e-01   4.83328711e+13 -4.79839880e+12  1.99e+08       6s
  12   4.88e+00 2.17e-01   1.02447002e+13 -1.38513848e+12  4.37e+07       7s
  13   1.10e+00 3.79e-02   2.69009749e+12 -2.64218310e+11  1.09e+07       7s
  14   4.94e-01 1.49e-02   1.37169631e+12 -1.12965970e+11  5.46e+06       8s
  15   1.48e-02 6.63e-03   6.90595498e+11 -7.27811390e+10  2.83e+06       8s
  16   1.13e-02 5.48e-03   6.17421010e+11 -6.36627662e+10  2.52e+06       9s
  17   7.78e-03 4.55e-03   4.43860070e+11 -5.27858305e+10  1.83e+06       9s
  18   3.73e-03 2.43e-03   2.42796077e+11 -2.79723861e+10  9.92e+05      10s
  19   9.31e-04 6.50e-04   8.20412028e+10 -5.81673811e+09  3.18e+05      10s
  20   4.50e-04 3.88e-04   5.07350664e+10 -2.56884529e+09  1.93e+05      11s
  21   3.21e-04 1.90e-04   4.27637251e+10 -1.31494712e+08  1.54e+05      12s
  22   1.94e-04 6.92e-05   3.25145509e+10  1.63921868e+09  1.11e+05      12s
  23   8.71e-05 2.40e-05   2.01279307e+10  2.59653575e+09  6.29e+04      13s
  24   3.30e-05 6.84e-06   1.05990210e+10  3.20634955e+09  2.65e+04      13s
  25   1.07e-05 2.05e-06   6.25573201e+09  3.40925802e+09  1.02e+04      14s
  26   2.59e-06 1.05e-06   4.32484401e+09  3.46826956e+09  3.07e+03      14s
  27   6.26e-07 4.17e-07   3.80282301e+09  3.50884827e+09  1.05e+03      15s
  28   1.49e-07 1.49e-07   3.63703981e+09  3.52838568e+09  3.90e+02      15s
  29   1.32e-07 3.75e-08   3.57299998e+09  3.53843458e+09  1.24e+02      16s
  30   3.28e-07 1.44e-08   3.55273020e+09  3.54098950e+09  4.21e+01      16s
  31   2.09e-07 1.75e-09   3.54351167e+09  3.54255014e+09  3.45e+00      16s
  32   2.68e-07 4.66e-10   3.54282475e+09  3.54275571e+09  2.48e-01      17s
  33   1.19e-07 4.66e-10   3.54278556e+09  3.54277586e+09  3.48e-02      17s
  34   1.49e-07 2.33e-10   3.54277901e+09  3.54277794e+09  3.87e-03      18s
  35   1.19e-07 2.33e-10   3.54277830e+09  3.54277821e+09  3.26e-04      18s
  36   3.58e-07 2.33e-10   3.54277826e+09  3.54277824e+09  6.59e-05      18s
  37*  2.98e-07 2.33e-10   3.54277825e+09  3.54277824e+09  7.25e-06      19s
Summary
    Runtime:                                            18.89s
    Status interior point solve:                        optimal
    Status crossover:                                   not run
    objective value:                                    3.54277825e+09
    interior solution primal residual (abs/rel):        6.85e-07 / 4.69e-15
    interior solution dual residual (abs/rel):          2.33e-10 / 1.78e-16
    interior solution objective gap (abs/rel):          1.93e+00 / 5.46e-10
Ipx: IPM       optimal
Model   status      : Optimal
IPM       iterations: 37
Objective value     :  3.5427782461e+09
HiGHS run time      :         22.85
Presolving model
167945 rows, 483501 cols, 1110217 nonzeros
126691 rows, 301819 cols, 748616 nonzeros
124288 rows, 166486 cols, 477558 nonzeros
121437 rows, 161878 cols, 468252 nonzeros
Presolve : Reductions: rows 121437(-3323848); columns 161878(-2143387); elements 468252(-10024116)
Solving the presolved LP
IPX model has 121437 rows, 161878 columns and 468252 nonzeros
Input
    Number of variables:                                161878
    Number of free variables:                           0
    Number of constraints:                              121437
    Number of equality constraints:                     18920
    Number of matrix entries:                           468252
    Matrix range:                                       [1e-02, 1e+00]
    RHS range:                                          [2e+05, 1e+08]
    Objective range:                                    [2e-04, 1e+06]
    Bounds range:                                       [5e+04, 1e+08]
Preprocessing
    Dualized model:                                     no
    Number of dense columns:                            0
    Range of scaling factors:                           [1.00e+00, 2.00e+00]
IPX version 1.0
Interior Point Solve
 Iter     P.res    D.res            P.obj           D.obj        mu     Time
   0   2.56e+07 1.51e+05   5.67221906e+13 -6.62109953e+16  4.45e+12       0s
   1   7.91e+06 1.12e+05   5.86269675e+16 -5.44591838e+16  3.04e+12       0s
   2   3.35e+06 8.21e+04   8.09283167e+16 -4.59595866e+16  2.59e+12       0s
   3   1.40e+06 1.73e+04   6.49074611e+16 -1.08836468e+16  7.00e+11       0s
   4   4.90e+05 5.93e+03   4.05843611e+16 -4.97561749e+15  2.81e+11       1s
   5   1.95e+05 1.67e+03   2.14308946e+16 -1.75232013e+15  1.07e+11       2s
 Constructing starting basis...
   6   7.40e+04 3.83e+02   1.02591202e+16 -6.60052571e+14  4.51e+10       3s
   7   3.50e+04 1.64e+02   5.10258822e+15 -3.11129909e+14  2.15e+10       4s
   8   2.64e+03 4.22e+01   1.12311422e+15 -1.32996299e+14  4.86e+09       4s
   9   6.37e+02 2.23e+01   4.51959090e+14 -7.50225100e+13  2.08e+09       5s
  10   2.28e+02 1.09e+01   2.11574324e+14 -3.90850114e+13  9.97e+08       5s
  11   5.73e+01 7.96e-01   7.82653631e+13 -5.49262396e+12  3.09e+08       6s
  12   1.80e+01 2.85e-01   2.63247449e+13 -2.08363578e+12  1.05e+08       7s
  13   5.41e+00 5.28e-02   8.56550078e+12 -4.33517799e+11  3.29e+07       7s
  14   7.51e-01 1.43e-02   1.29418038e+12 -1.19155702e+11  5.19e+06       8s
  15   4.64e-01 8.51e-03   1.03567109e+12 -8.59914512e+10  4.11e+06       8s
  16   2.69e-01 2.23e-03   6.28153474e+11 -2.25248392e+10  2.36e+06       9s
  17   1.17e-01 5.98e-05   4.11364296e+11 -1.22376819e+10  1.52e+06       9s
  18   4.33e-02 2.04e-05   1.58559922e+11 -2.12969833e+09  5.77e+05      10s
  19   2.16e-02 1.31e-05   9.11590307e+10 -6.30665812e+08  3.30e+05      10s
  20   1.47e-02 3.61e-06   7.30605751e+10  9.48397528e+08  2.59e+05      11s
  21   3.39e-03 4.93e-07   4.30644915e+10  1.50672269e+09  1.49e+05      11s
  22   1.05e-03 1.99e-07   1.91555825e+10  2.51487502e+09  5.97e+04      12s
  23   3.51e-04 5.59e-08   9.66985592e+09  3.17788088e+09  2.33e+04      12s
  24   8.82e-05 1.68e-08   5.56192962e+09  3.39464234e+09  7.78e+03      13s
  25   3.29e-05 9.08e-09   4.38515970e+09  3.45505323e+09  3.34e+03      13s
  26   8.23e-06 3.49e-09   3.81552490e+09  3.50205686e+09  1.12e+03      14s
  27   1.85e-06 1.40e-09   3.64099701e+09  3.51991695e+09  4.34e+02      14s
  28   2.38e-07 4.66e-10   3.56274515e+09  3.53029592e+09  1.16e+02      15s
  29   8.94e-08 3.49e-10   3.54465156e+09  3.53279944e+09  4.25e+01      15s
  30   1.19e-07 2.33e-10   3.53688278e+09  3.53441048e+09  8.87e+00      16s
  31   1.49e-07 2.33e-10   3.53503158e+09  3.53476554e+09  9.54e-01      16s
  32   1.19e-07 2.33e-10   3.53483320e+09  3.53481440e+09  6.74e-02      16s
  33   1.19e-07 2.33e-10   3.53482142e+09  3.53481926e+09  7.74e-03      17s
  34   1.49e-07 2.33e-10   3.53481990e+09  3.53481969e+09  7.73e-04      17s
  35   3.28e-07 2.33e-10   3.53481981e+09  3.53481978e+09  1.19e-04      18s
  36   5.96e-07 2.33e-10   3.53481980e+09  3.53481979e+09  1.44e-05      18s
  37*  3.28e-07 1.16e-10   3.53481979e+09  3.53481979e+09  2.67e-06      18s
Summary
    Runtime:                                            18.45s
    Status interior point solve:                        optimal
    Status crossover:                                   not run
    objective value:                                    3.53481979e+09
    interior solution primal residual (abs/rel):        2.98e-07 / 2.04e-15
    interior solution dual residual (abs/rel):          1.16e-10 / 8.90e-17
    interior solution objective gap (abs/rel):          6.46e-01 / 1.83e-10
Ipx: IPM       optimal
Model   status      : Optimal
IPM       iterations: 37
Objective value     :  3.5348197937e+09
HiGHS run time      :         22.44
Presolving model
167945 rows, 483501 cols, 1110217 nonzeros
126691 rows, 301819 cols, 748616 nonzeros
124288 rows, 166486 cols, 477558 nonzeros
121437 rows, 161878 cols, 468252 nonzeros
Presolve : Reductions: rows 121437(-3333868); columns 161878(-2143387); elements 468252(-10034136)
Solving the presolved LP
IPX model has 121437 rows, 161878 columns and 468252 nonzeros
Input
    Number of variables:                                161878
    Number of free variables:                           0
    Number of constraints:                              121437
    Number of equality constraints:                     18920
    Number of matrix entries:                           468252
    Matrix range:                                       [1e-02, 1e+00]
    RHS range:                                          [2e+05, 1e+08]
    Objective range:                                    [2e-04, 1e+06]
    Bounds range:                                       [5e+04, 1e+08]
Preprocessing
    Dualized model:                                     no
    Number of dense columns:                            0
    Range of scaling factors:                           [1.00e+00, 2.00e+00]
IPX version 1.0
Interior Point Solve
 Iter     P.res    D.res            P.obj           D.obj        mu     Time
   0   2.56e+07 1.51e+05   5.67221906e+13 -6.62109953e+16  4.45e+12       0s
   1   7.91e+06 1.12e+05   5.86269675e+16 -5.44591838e+16  3.04e+12       0s
   2   3.35e+06 8.21e+04   8.09283167e+16 -4.59595866e+16  2.59e+12       0s
   3   1.40e+06 1.73e+04   6.49074611e+16 -1.08836468e+16  7.00e+11       0s
   4   4.90e+05 5.93e+03   4.05843611e+16 -4.97561749e+15  2.81e+11       1s
   5   1.95e+05 1.67e+03   2.14308946e+16 -1.75232013e+15  1.07e+11       2s
 Constructing starting basis...
   6   7.40e+04 3.83e+02   1.02591202e+16 -6.60052571e+14  4.51e+10       3s
   7   3.50e+04 1.64e+02   5.10258822e+15 -3.11129909e+14  2.15e+10       4s
   8   2.64e+03 4.22e+01   1.12311422e+15 -1.32996299e+14  4.86e+09       4s
   9   6.37e+02 2.23e+01   4.51959090e+14 -7.50225100e+13  2.08e+09       5s
  10   2.28e+02 1.09e+01   2.11574324e+14 -3.90850114e+13  9.97e+08       5s
  11   5.73e+01 7.96e-01   7.82653631e+13 -5.49262396e+12  3.09e+08       6s
  12   1.80e+01 2.85e-01   2.63247449e+13 -2.08363578e+12  1.05e+08       7s
  13   5.41e+00 5.28e-02   8.56550078e+12 -4.33517799e+11  3.29e+07       7s
  14   7.51e-01 1.43e-02   1.29418038e+12 -1.19155702e+11  5.19e+06       8s
  15   4.64e-01 8.51e-03   1.03567109e+12 -8.59914512e+10  4.11e+06       8s
  16   2.69e-01 2.23e-03   6.28153474e+11 -2.25248392e+10  2.36e+06       9s
  17   1.17e-01 5.98e-05   4.11364296e+11 -1.22376819e+10  1.52e+06       9s
  18   4.33e-02 2.04e-05   1.58559922e+11 -2.12969833e+09  5.77e+05      10s
  19   2.16e-02 1.31e-05   9.11590307e+10 -6.30665812e+08  3.30e+05      10s
  20   1.47e-02 3.61e-06   7.30605751e+10  9.48397528e+08  2.59e+05      11s
  21   3.39e-03 4.93e-07   4.30644915e+10  1.50672269e+09  1.49e+05      11s
  22   1.05e-03 1.99e-07   1.91555825e+10  2.51487502e+09  5.97e+04      12s
  23   3.51e-04 5.59e-08   9.66985592e+09  3.17788088e+09  2.33e+04      12s
  24   8.82e-05 1.68e-08   5.56192962e+09  3.39464234e+09  7.78e+03      13s
  25   3.29e-05 9.08e-09   4.38515970e+09  3.45505323e+09  3.34e+03      13s
  26   8.23e-06 3.49e-09   3.81552490e+09  3.50205686e+09  1.12e+03      14s
  27   1.85e-06 1.40e-09   3.64099701e+09  3.51991695e+09  4.34e+02      14s
  28   2.38e-07 4.66e-10   3.56274515e+09  3.53029592e+09  1.16e+02      15s
  29   8.94e-08 3.49e-10   3.54465156e+09  3.53279944e+09  4.25e+01      15s
  30   1.19e-07 2.33e-10   3.53688278e+09  3.53441048e+09  8.87e+00      16s
  31   1.49e-07 2.33e-10   3.53503158e+09  3.53476554e+09  9.54e-01      16s
  32   1.19e-07 2.33e-10   3.53483320e+09  3.53481440e+09  6.74e-02      16s
  33   1.19e-07 2.33e-10   3.53482142e+09  3.53481926e+09  7.74e-03      17s
  34   1.49e-07 2.33e-10   3.53481990e+09  3.53481969e+09  7.73e-04      17s
  35   3.28e-07 2.33e-10   3.53481981e+09  3.53481978e+09  1.19e-04      18s
  36   5.96e-07 2.33e-10   3.53481980e+09  3.53481979e+09  1.44e-05      18s
  37*  3.28e-07 1.16e-10   3.53481979e+09  3.53481979e+09  2.67e-06      18s
Summary
    Runtime:                                            18.50s
    Status interior point solve:                        optimal
    Status crossover:                                   not run
    objective value:                                    3.53481979e+09
    interior solution primal residual (abs/rel):        2.98e-07 / 2.04e-15
    interior solution dual residual (abs/rel):          1.16e-10 / 8.90e-17
    interior solution objective gap (abs/rel):          6.46e-01 / 1.83e-10
Ipx: IPM       optimal
Model   status      : Optimal
IPM       iterations: 37
Objective value     :  3.5348197937e+09
HiGHS run time      :         22.61
[ Info: Rolling step not specified in scenaio.yaml file; Setting it to 5 years
[ Info: Demand-pathway mapping not specified in scenaio.yaml file; SERA will not look for eligible pathways for different demand types.
[ Info: Production capacity constraints from the grid model not defined. SERA will not create these constraints
[ Info: Regional technology limits not specified in scenaio.yaml file; SERA will not create these constraints
STARTING DATA PRE-PROCESSING 
Processing Temporal Data
Processing Nodes
Processing Demand
Processing Existings
Processing Links
Processing Pathways
Creating Infrastructure options
 25.706011 seconds (131.93 M allocations: 15.412 GiB, 41.89% gc time, 0.33% compilation time)

OPTIMIZING FROM 2026 TO 2030 

STARTING OPTIMIZATION MODEL CREATION
CREATING VARIABLES AND EXPRESSIONS
 30.971272 seconds (182.69 M allocations: 11.373 GiB, 54.94% gc time, 17.58% compilation time)
POPULATING EXPRESSIONS
 17.388701 seconds (75.88 M allocations: 11.688 GiB, 11.24% gc time, 1.06% compilation time)
CREATING CONSTRAINTS
 56.402472 seconds (112.03 M allocations: 6.108 GiB, 77.27% gc time, 8.32% compilation time)
POPULATED CORE OPTIMIZATION MODEL, STARTING ITERATIONS
READING COST DATA FOR ITERATION 1
 28.717752 seconds (79.95 M allocations: 7.781 GiB, 36.78% gc time, 1.47% compilation time)
CREATING EXPRESSIONS FOR CAPITAL AND FIXED COST
 36.436579 seconds (43.87 M allocations: 2.734 GiB, 87.80% gc time, 14.46% compilation time)
BUILDING OBJECTIVE FUNCTION
  7.718958 seconds (27.41 M allocations: 910.300 MiB, 58.12% gc time, 10.72% compilation time)
Optimizing for iteration 1
 71.948655 seconds (37.43 M allocations: 3.370 GiB, 58.84% gc time, 0.04% compilation time)
OPTIMAL
1.7868211638449676e9
 =  1.0
READING COST DATA FOR ITERATION 2
188.112797 seconds (65.18 M allocations: 7.442 GiB, 24.66% gc time, 0.02% compilation time)
CREATING EXPRESSIONS FOR CAPITAL AND FIXED COST
 21.762733 seconds (42.21 M allocations: 2.625 GiB, 87.17% gc time, 0.02% compilation time)
BUILDING OBJECTIVE FUNCTION
  7.007535 seconds (26.75 M allocations: 893.070 MiB, 66.45% gc time)
Optimizing for iteration 2
 18.953329 seconds (5 allocations: 32 bytes)
OPTIMAL
1.4590006113797667e9
 =  0.22468842707002504
READING COST DATA FOR ITERATION 3
193.377268 seconds (65.11 M allocations: 7.410 GiB, 26.81% gc time)
CREATING EXPRESSIONS FOR CAPITAL AND FIXED COST
 27.392827 seconds (42.21 M allocations: 2.625 GiB, 88.83% gc time)
BUILDING OBJECTIVE FUNCTION
  7.393288 seconds (26.75 M allocations: 893.070 MiB, 65.74% gc time)
Optimizing for iteration 3
 17.868409 seconds (2 allocations: 32 bytes)
OPTIMAL
1.273155216452486e9
 =  0.1459722997838304
READING COST DATA FOR ITERATION 4
193.999927 seconds (65.11 M allocations: 7.466 GiB, 27.15% gc time)
CREATING EXPRESSIONS FOR CAPITAL AND FIXED COST
 27.666791 seconds (42.21 M allocations: 2.625 GiB, 89.03% gc time)
BUILDING OBJECTIVE FUNCTION
  7.310761 seconds (26.75 M allocations: 895.329 MiB, 66.58% gc time)
Optimizing for iteration 4
 17.394328 seconds (2 allocations: 32 bytes)
OPTIMAL
1.267017792625355e9
 =  0.004843991823056749
READING COST DATA FOR ITERATION 5
194.611032 seconds (65.10 M allocations: 7.434 GiB, 27.28% gc time)
CREATING EXPRESSIONS FOR CAPITAL AND FIXED COST
 27.881289 seconds (42.21 M allocations: 2.625 GiB, 88.91% gc time)
BUILDING OBJECTIVE FUNCTION
  7.529875 seconds (26.75 M allocations: 893.070 MiB, 66.24% gc time)
Optimizing for iteration 5
 17.020549 seconds (2 allocations: 32 bytes)
OPTIMAL
1.2639236931538134e9
 =  0.0024480112908656813
READING COST DATA FOR ITERATION 6
195.205906 seconds (65.10 M allocations: 7.458 GiB, 27.51% gc time)
CREATING EXPRESSIONS FOR CAPITAL AND FIXED COST
 28.095028 seconds (42.21 M allocations: 2.625 GiB, 89.10% gc time)
BUILDING OBJECTIVE FUNCTION
  7.579557 seconds (26.75 M allocations: 893.070 MiB, 66.48% gc time)
Optimizing for iteration 6
 17.136544 seconds (2 allocations: 32 bytes)
OPTIMAL
1.2639236931538134e9
 =  0.0
ITERATIONS COMPLETED
WRITING RESULTS TO FILE
  6.645353 seconds (9.98 M allocations: 433.154 MiB, 78.54% gc time, 9.28% compilation time)

OPTIMIZING FROM 2031 TO 2035 

STARTING OPTIMIZATION MODEL CREATION
CREATING VARIABLES AND EXPRESSIONS
197.998038 seconds (173.74 M allocations: 10.793 GiB, 94.85% gc time, 0.13% compilation time)
POPULATING EXPRESSIONS
 24.049870 seconds (75.70 M allocations: 11.679 GiB, 36.39% gc time)
CREATING CONSTRAINTS
 80.053581 seconds (109.31 M allocations: 5.929 GiB, 86.13% gc time)
POPULATED CORE OPTIMIZATION MODEL, STARTING ITERATIONS
READING COST DATA FOR ITERATION 1
 96.656274 seconds (65.00 M allocations: 7.535 GiB, 81.95% gc time)
CREATING EXPRESSIONS FOR CAPITAL AND FIXED COST
 45.717705 seconds (42.17 M allocations: 2.625 GiB, 93.98% gc time)
BUILDING OBJECTIVE FUNCTION
  9.996455 seconds (26.75 M allocations: 862.441 MiB, 76.14% gc time)
Optimizing for iteration 1
108.454984 seconds (37.41 M allocations: 3.369 GiB, 68.94% gc time)
OPTIMAL
3.888581812628933e13
 =  1.0
READING COST DATA FOR ITERATION 2
223.274830 seconds (65.17 M allocations: 7.411 GiB, 36.77% gc time)
CREATING EXPRESSIONS FOR CAPITAL AND FIXED COST
 34.347673 seconds (42.21 M allocations: 2.625 GiB, 92.00% gc time)
BUILDING OBJECTIVE FUNCTION
 10.338763 seconds (26.75 M allocations: 893.085 MiB, 76.82% gc time)
Optimizing for iteration 2
 20.935740 seconds (5 allocations: 32 bytes)
OPTIMAL
2.950936379792529e9
 =  13176.450517935296
READING COST DATA FOR ITERATION 3
231.421789 seconds (65.16 M allocations: 7.412 GiB, 39.29% gc time)
CREATING EXPRESSIONS FOR CAPITAL AND FIXED COST
 43.101053 seconds (42.21 M allocations: 2.625 GiB, 93.23% gc time)
BUILDING OBJECTIVE FUNCTION
 10.453362 seconds (26.75 M allocations: 893.085 MiB, 76.79% gc time)
Optimizing for iteration 3
 19.923262 seconds (2 allocations: 32 bytes)
OPTIMAL
2.818869116305202e9
 =  0.046851151308433016
READING COST DATA FOR ITERATION 4
232.179668 seconds (65.16 M allocations: 7.411 GiB, 39.49% gc time)
CREATING EXPRESSIONS FOR CAPITAL AND FIXED COST
 43.394945 seconds (42.21 M allocations: 2.625 GiB, 93.24% gc time)
BUILDING OBJECTIVE FUNCTION
 10.535087 seconds (26.75 M allocations: 893.085 MiB, 76.86% gc time)
Optimizing for iteration 4
 19.906904 seconds (2 allocations: 32 bytes)
OPTIMAL
2.8182096631189637e9
 =  0.00023399720581768752
ITERATIONS COMPLETED
WRITING RESULTS TO FILE
 18.683769 seconds (17.60 M allocations: 772.184 MiB, 87.39% gc time, 45.11% compilation time)

OPTIMIZING FROM 2036 TO 2040 

STARTING OPTIMIZATION MODEL CREATION
CREATING VARIABLES AND EXPRESSIONS
292.201336 seconds (173.47 M allocations: 10.742 GiB, 96.69% gc time)
POPULATING EXPRESSIONS
 19.121466 seconds (75.72 M allocations: 11.686 GiB, 18.20% gc time)
CREATING CONSTRAINTS
 91.269306 seconds (109.32 M allocations: 5.931 GiB, 87.56% gc time, 0.01% compilation time)
POPULATED CORE OPTIMIZATION MODEL, STARTING ITERATIONS
READING COST DATA FOR ITERATION 1
100.151168 seconds (65.00 M allocations: 7.501 GiB, 82.60% gc time)
CREATING EXPRESSIONS FOR CAPITAL AND FIXED COST
 40.072565 seconds (42.31 M allocations: 2.630 GiB, 92.44% gc time, 0.15% compilation time)
BUILDING OBJECTIVE FUNCTION
 10.604303 seconds (26.75 M allocations: 865.844 MiB, 76.05% gc time)
Optimizing for iteration 1
106.457602 seconds (38.76 M allocations: 3.390 GiB, 65.74% gc time)
OPTIMAL
3.916914467710619e13
 =  1.0
READING COST DATA FOR ITERATION 2
248.840974 seconds (65.22 M allocations: 7.412 GiB, 42.05% gc time)
CREATING EXPRESSIONS FOR CAPITAL AND FIXED COST
 66.527579 seconds (42.32 M allocations: 2.628 GiB, 93.76% gc time)
BUILDING OBJECTIVE FUNCTION
 15.699463 seconds (26.75 M allocations: 893.103 MiB, 79.76% gc time)
Optimizing for iteration 2
 24.035202 seconds (5 allocations: 32 bytes)
OPTIMAL
3.601978109902252e9
 =  10873.342786655187
READING COST DATA FOR ITERATION 3
292.451265 seconds (65.20 M allocations: 7.412 GiB, 47.61% gc time)
CREATING EXPRESSIONS FOR CAPITAL AND FIXED COST
 66.031084 seconds (42.32 M allocations: 2.628 GiB, 93.48% gc time)
BUILDING OBJECTIVE FUNCTION
 15.962930 seconds (26.75 M allocations: 893.103 MiB, 78.67% gc time)
Optimizing for iteration 3
 22.895126 seconds (2 allocations: 32 bytes)
OPTIMAL
3.542778246106974e9
 =  0.016710011093916673
READING COST DATA FOR ITERATION 4
294.963097 seconds (65.20 M allocations: 7.635 GiB, 47.44% gc time)
CREATING EXPRESSIONS FOR CAPITAL AND FIXED COST
 79.778901 seconds (42.32 M allocations: 2.628 GiB, 94.73% gc time)
BUILDING OBJECTIVE FUNCTION
 15.964123 seconds (26.75 M allocations: 893.103 MiB, 79.39% gc time)
Optimizing for iteration 4
 22.481370 seconds (2 allocations: 32 bytes)
OPTIMAL
3.534819793665223e9
 =  0.0022514450258835444
READING COST DATA FOR ITERATION 5
296.832424 seconds (65.20 M allocations: 7.412 GiB, 47.49% gc time)
CREATING EXPRESSIONS FOR CAPITAL AND FIXED COST
 66.927303 seconds (42.32 M allocations: 2.628 GiB, 93.52% gc time)
BUILDING OBJECTIVE FUNCTION
 16.209772 seconds (26.75 M allocations: 893.103 MiB, 78.65% gc time)
Optimizing for iteration 5
 22.651457 seconds (2 allocations: 32 bytes)
OPTIMAL
3.534819793665223e9
 =  0.0
ITERATIONS COMPLETED
WRITING RESULTS TO FILE
 16.671898 seconds (23.67 M allocations: 996.547 MiB, 82.48% gc time)

THE OPTIMIZATION PROBLEM TOOK 89.01 MINUTES TO SOLVE. 
