Running HiGHS 1.6.0: Copyright (c) 2023 HiGHS under MIT licence terms
Presolving model
2648606 rows, 5302747 cols, 14235150 nonzeros
2083257 rows, 2235965 cols, 8089112 nonzeros
2080373 rows, 2232271 cols, 8081703 nonzeros
Presolve : Reductions: rows 2080373(-19580680); columns 2232271(-12102656); elements 8081703(-98775957)
Solving the presolved LP
IPX model has 2080373 rows, 2232271 columns and 8081703 nonzeros
Input
    Number of variables:                                2232271
    Number of free variables:                           0
    Number of constraints:                              2080373
    Number of equality constraints:                     74400
    Number of matrix entries:                           8081703
    Matrix range:                                       [1e-02, 1e+00]
    RHS range:                                          [4e+03, 2e+09]
    Objective range:                                    [6e-05, 5e+01]
    Bounds range:                                       [7e+05, 1e+08]
Preprocessing
    Dualized model:                                     no
    Number of dense columns:                            0
    Range of scaling factors:                           [1.00e+00, 2.00e+00]
IPX version 1.0
Interior Point Solve
 Iter     P.res    D.res            P.obj           D.obj        mu     Time
   0   3.69e+08 4.84e+01   5.14634500e+10 -7.75166889e+14  1.80e+10       2s
   1   8.25e+07 2.91e+01   1.06775468e+14 -7.70296966e+14  9.92e+09       6s
   2   5.55e+07 2.04e+01   1.40063149e+14 -1.01456581e+15  8.58e+09      22s
   3   1.91e+07 7.48e+00   1.46074144e+14 -7.50600961e+14  3.34e+09      45s
 Constructing starting basis...
   4   3.56e+06 1.22e+00   1.27467937e+14 -3.13211592e+14  6.39e+08     128s
   5   4.42e+05 2.48e-01   7.45695984e+13 -9.22118833e+13  1.40e+08     196s
   6   4.67e+04 3.80e-02   3.39210489e+13 -2.32821198e+13  2.70e+07     274s
   7   2.31e+04 2.46e-02   2.30092542e+13 -1.71656297e+13  1.81e+07     375s
   8   5.80e+03 2.29e-03   1.22671986e+13 -4.73494428e+12  4.42e+06     466s
   9   2.52e+03 1.05e-03   6.46699777e+12 -2.45392573e+12  2.15e+06     589s
  10   7.71e+02 5.25e-04   3.13363865e+12 -1.48041997e+12  1.07e+06     696s
  11   4.29e+02 2.40e-04   2.09067473e+12 -7.75849234e+11  6.34e+05     791s
  12   3.50e+02 2.04e-04   1.93642727e+12 -7.08703626e+11  5.81e+05     869s
  13   1.36e+02 6.24e-05   1.30062561e+12 -3.64397476e+11  3.54e+05     935s
  14   6.39e+01 3.46e-05   8.66661653e+11 -2.35641427e+11  2.32e+05    1013s
  15   2.52e+01 1.49e-05   5.03516246e+11 -1.07178027e+11  1.28e+05    1096s
  16   1.49e+01 4.82e-06   3.96208743e+11 -3.70201196e+10  9.03e+04    1201s
  17   9.74e+00 2.88e-06   3.11844135e+11 -1.33596349e+10  6.77e+04    1291s
  18   5.95e+00 1.77e-06   2.30830427e+11  5.28479084e+09  4.69e+04    1371s
  19   3.28e+00 1.11e-06   1.76409997e+11  1.54816252e+10  3.35e+04    1461s
  20   1.67e+00 7.39e-07   1.29796983e+11  2.37879155e+10  2.20e+04    1573s
  21   1.08e+00 5.15e-07   1.11945685e+11  2.88879031e+10  1.73e+04    1730s
  22   6.83e-01 3.37e-07   9.48745946e+10  3.41507743e+10  1.26e+04    1886s
  23   5.39e-01 2.36e-07   9.03827348e+10  3.65336224e+10  1.12e+04    2114s
  24   4.41e-01 1.81e-07   8.57622459e+10  3.83182784e+10  9.86e+03    2305s
  25   3.23e-01 7.54e-08   8.15019756e+10  4.10280177e+10  8.41e+03    2494s
  26   3.01e-01 5.15e-08   7.99345139e+10  4.25395651e+10  7.77e+03    2714s
  27   2.60e-01 3.25e-08   7.76241719e+10  4.33034923e+10  7.13e+03    2916s
  28   1.99e-01 1.96e-08   7.26602997e+10  4.44759564e+10  5.86e+03    3076s
  29   1.76e-01 1.51e-08   7.08430239e+10  4.48218613e+10  5.41e+03    3275s
  30   1.34e-01 8.66e-09   6.73722803e+10  4.54341646e+10  4.56e+03    3419s
  31   9.13e-02 3.31e-09   6.38381504e+10  4.59614036e+10  3.72e+03    3569s
  32   6.04e-02 1.08e-09   6.09074779e+10  4.63649511e+10  3.02e+03    3713s
  33   3.60e-02 3.86e-10   5.79767633e+10  4.67295125e+10  2.34e+03    3863s
  34   1.93e-02 1.12e-10   5.58704766e+10  4.69174005e+10  1.86e+03    4033s
  35   1.19e-02 5.02e-11   5.43464282e+10  4.71584268e+10  1.49e+03    4228s
  36   6.21e-03 1.80e-11   5.28819620e+10  4.73768704e+10  1.14e+03    4448s
  37   3.83e-03 1.07e-11   5.18367091e+10  4.75343917e+10  8.94e+02    4751s
  38   2.30e-03 5.70e-12   5.10164080e+10  4.76854694e+10  6.92e+02    4980s
  39   1.34e-03 3.40e-12   5.02441494e+10  4.78139829e+10  5.05e+02    5196s
  40   8.93e-04 2.67e-12   4.98800892e+10  4.78562186e+10  4.21e+02    5458s
  41   5.84e-04 1.50e-12   4.95410755e+10  4.79506380e+10  3.31e+02    5648s
  42   3.35e-04 9.31e-13   4.93190253e+10  4.79856033e+10  2.77e+02    5852s
  43   1.77e-04 4.41e-13   4.89259039e+10  4.80866445e+10  1.74e+02    6008s
  44   1.63e-04 3.84e-13   4.88955287e+10  4.80950875e+10  1.66e+02    6242s
  45   9.97e-05 2.56e-13   4.87535737e+10  4.81200389e+10  1.32e+02    6351s
  46   9.19e-05 2.27e-13   4.87308255e+10  4.81249449e+10  1.26e+02    6478s
  47   8.30e-05 1.63e-13   4.87031213e+10  4.81425004e+10  1.17e+02    6574s
  48   6.09e-05 1.42e-13   4.86029585e+10  4.81536992e+10  9.34e+01    6669s
  49   5.05e-05 1.21e-13   4.85675036e+10  4.81627621e+10  8.41e+01    6766s
  50   3.49e-05 7.82e-14   4.85092385e+10  4.81764101e+10  6.92e+01    6854s
  51   2.19e-05 6.39e-14   4.84685453e+10  4.81820955e+10  5.95e+01    6947s
  52   1.67e-05 4.97e-14   4.84273627e+10  4.81937248e+10  4.86e+01    7034s
  53   1.18e-05 3.55e-14   4.83984798e+10  4.81997417e+10  4.13e+01    7124s
  54   9.95e-06 3.55e-14   4.83788966e+10  4.82035104e+10  3.65e+01    7206s
  55   5.84e-06 3.55e-14   4.83302066e+10  4.82104174e+10  2.49e+01    7281s
  56   4.11e-06 3.55e-14   4.83171209e+10  4.82153937e+10  2.11e+01    7366s
  57   3.96e-06 2.84e-14   4.82943218e+10  4.82180720e+10  1.58e+01    7441s
  58   4.49e-06 2.84e-14   4.82831053e+10  4.82205206e+10  1.30e+01    7513s
  59   2.32e-06 2.13e-14   4.82753552e+10  4.82235648e+10  1.08e+01    7581s
  60   3.03e-06 2.84e-14   4.82663152e+10  4.82258005e+10  8.42e+00    7648s
  61   3.47e-06 2.84e-14   4.82531926e+10  4.82287776e+10  5.07e+00    7714s
  62   2.97e-06 2.84e-14   4.82459390e+10  4.82303261e+10  3.24e+00    7788s
  63   3.76e-06 2.84e-14   4.82444149e+10  4.82312348e+10  2.74e+00    7856s
  64   2.01e-06 2.84e-14   4.82422152e+10  4.82319669e+10  2.13e+00    7917s
  65   2.17e-06 2.84e-14   4.82394709e+10  4.82324146e+10  1.47e+00    7976s
  66   2.68e-06 2.84e-14   4.82379055e+10  4.82325561e+10  1.11e+00    8033s
  67   2.72e-06 2.84e-14   4.82373349e+10  4.82329571e+10  9.10e-01    8090s
  68   4.22e-06 2.84e-14   4.82361756e+10  4.82330771e+10  6.44e-01    8143s
  69   3.66e-06 2.84e-14   4.82346923e+10  4.82331402e+10  3.23e-01    8197s
  70   4.67e-06 2.13e-14   4.82341144e+10  4.82332335e+10  1.83e-01    8253s
  71   4.33e-06 3.55e-14   4.82337627e+10  4.82334243e+10  7.03e-02    8306s
  72   2.42e-06 2.84e-14   4.82336057e+10  4.82334570e+10  3.09e-02    8357s
  73   4.02e-06 2.84e-14   4.82335020e+10  4.82334673e+10  7.23e-03    8403s
  74   6.15e-06 2.84e-14   4.82334785e+10  4.82334724e+10  1.26e-03    8450s
  75   3.93e-06 2.84e-14   4.82334751e+10  4.82334736e+10  3.07e-04    8496s
  76   7.00e-06 2.84e-14   4.82334740e+10  4.82334737e+10  5.67e-05    8540s
  77*  8.89e-06 2.84e-14   4.82334738e+10  4.82334737e+10  3.90e-06    8581s
Summary
    Runtime:                                            8580.95s
    Status interior point solve:                        optimal
    Status crossover:                                   not run
    objective value:                                    4.82334738e+10
    interior solution primal residual (abs/rel):        7.15e-06 / 4.07e-15
    interior solution dual residual (abs/rel):          6.92e-10 / 1.36e-11
    interior solution objective gap (abs/rel):          1.92e+01 / 3.97e-10
Ipx: IPM       optimal
Model   status      : Optimal
IPM       iterations: 77
Objective value     :  4.8233473749e+10
HiGHS run time      :       8612.53
Presolving model
2648606 rows, 5302747 cols, 14235150 nonzeros
2083257 rows, 2235965 cols, 8089112 nonzeros
2080373 rows, 2232271 cols, 8081703 nonzeros
Presolve : Reductions: rows 2080373(-19618255); columns 2232271(-12102656); elements 8081703(-98813532)
Solving the presolved LP
IPX model has 2080373 rows, 2232271 columns and 8081703 nonzeros
Input
    Number of variables:                                2232271
    Number of free variables:                           0
    Number of constraints:                              2080373
    Number of equality constraints:                     74400
    Number of matrix entries:                           8081703
    Matrix range:                                       [1e-02, 1e+00]
    RHS range:                                          [4e+03, 2e+09]
    Objective range:                                    [9e-05, 1e+07]
    Bounds range:                                       [7e+05, 1e+08]
Preprocessing
    Dualized model:                                     no
    Number of dense columns:                            0
    Range of scaling factors:                           [1.00e+00, 2.00e+00]
IPX version 1.0
Interior Point Solve
 Iter     P.res    D.res            P.obj           D.obj        mu     Time
   0   3.69e+08 4.50e+06   3.01910781e+15 -7.19766612e+19  1.68e+15       1s
   1   8.34e+07 2.74e+06   1.97727280e+19 -7.15937478e+19  9.35e+14       6s
   2   5.43e+07 1.84e+06   2.62713992e+19 -9.63626712e+19  7.82e+14      23s
   3   1.81e+07 6.61e+05   2.81506652e+19 -7.17560880e+19  3.03e+14      47s
 Constructing starting basis...
   4   3.02e+06 1.18e+05   2.54132073e+19 -3.08411796e+19  6.36e+13     139s
   5   4.44e+05 2.47e+04   1.63159466e+19 -9.99951832e+18  1.55e+13     209s
   6   1.29e+05 1.02e+04   9.96525541e+18 -5.61973243e+18  7.05e+12     281s
   7   5.68e+04 5.89e+03   6.95334241e+18 -3.99815612e+18  4.34e+12     351s
   8   1.83e+04 2.31e+03   3.68695521e+18 -1.91717801e+18  1.83e+12     422s
   9   6.21e+03 1.78e+03   2.55127159e+18 -1.66057317e+18  1.35e+12     521s
  10   1.14e+03 5.02e+02   1.37207451e+18 -7.52342614e+17  5.55e+11     614s
  11   8.38e+02 2.73e+02   1.15712881e+18 -4.97620982e+17  4.03e+11     730s
  12   1.45e+02 1.59e+02   4.71259184e+17 -3.33182327e+17  1.95e+11     827s
  13   7.52e+01 8.52e+01   3.25266717e+17 -2.02628425e+17  1.24e+11     938s
  14   2.38e+01 2.78e+01   1.63271242e+17 -8.38647006e+16  5.59e+10    1044s
  15   1.35e+01 1.18e+01   1.07306544e+17 -4.13512393e+16  3.28e+10    1200s
  16   9.48e+00 6.83e+00   8.48491073e+16 -2.78426789e+16  2.46e+10    1333s
  17   7.17e+00 2.85e+00   7.20694888e+16 -1.71512738e+16  1.91e+10    1454s
  18   6.00e+00 1.34e+00   6.40476221e+16 -1.14918176e+16  1.60e+10    1576s
  19   5.07e+00 6.57e-01   5.74194595e+16 -8.67425164e+15  1.39e+10    1691s
  20   3.95e+00 4.77e-01   4.68362163e+16 -6.95009943e+15  1.13e+10    1809s
  21   3.13e+00 2.65e-01   3.87767001e+16 -4.73469243e+15  9.12e+09    1925s
  22   1.03e+00 1.99e-01   1.50914053e+16 -3.74180107e+15  3.97e+09    2029s
  23   6.38e-01 1.00e-01   1.04444619e+16 -2.21833469e+15  2.66e+09    2128s
  24   2.59e-01 4.65e-02   5.20246201e+15 -1.22864751e+15  1.35e+09    2215s
  25   1.44e-01 2.69e-02   3.20742078e+15 -7.82075691e+14  8.36e+08    2297s
  26   7.44e-02 1.42e-02   1.88710024e+15 -4.64906485e+14  4.92e+08    2366s
  27   4.38e-02 7.35e-03   1.22857993e+15 -2.71708985e+14  3.13e+08    2435s
  28   2.67e-02 3.33e-03   8.22420483e+14 -1.45646162e+14  2.02e+08    2501s
  29   1.93e-02 1.62e-03   6.34207622e+14 -8.70368301e+13  1.50e+08    2566s
  30   9.11e-03 7.48e-04   3.30655119e+14 -4.70906549e+13  7.86e+07    2628s
  31   4.04e-03 3.29e-04   1.74611434e+14 -2.66108722e+13  4.18e+07    2690s
  32   1.65e-03 1.54e-04   8.20153817e+13 -1.44273514e+13  2.01e+07    2752s
  33   1.68e-04 5.27e-05   4.01774343e+13 -9.72931959e+12  1.04e+07    2812s
  34   6.48e-05 2.64e-05   1.88085462e+13 -5.41463514e+12  5.04e+06    2891s
  35   3.05e-05 1.24e-05   1.42552599e+13 -3.60512182e+12  3.71e+06    2968s
  36   1.53e-05 5.99e-06   8.91017160e+12 -2.27743233e+12  2.33e+06    3042s
  37   1.14e-05 2.65e-06   7.12613859e+12 -1.31488980e+12  1.75e+06    3112s
  38   8.11e-06 1.55e-06   6.00149717e+12 -8.65520397e+11  1.43e+06    3175s
  39   5.72e-06 4.71e-07   4.61093775e+12 -5.59106192e+11  1.07e+06    3240s
  40   4.77e-06 3.02e-07   3.69161651e+12 -3.67903887e+11  8.44e+05    3309s
  41   3.81e-06 1.46e-07   3.39584355e+12 -2.95913746e+11  7.67e+05    3376s
  42   3.93e-06 9.22e-08   2.48444698e+12 -1.76768686e+11  5.53e+05    3439s
  43   2.27e-06 4.75e-08   2.18859178e+12 -1.19011701e+11  4.80e+05    3507s
  44   2.53e-06 2.61e-08   1.91874954e+12 -1.11060831e+11  4.22e+05    3571s
  45   2.62e-06 1.68e-08   1.25146036e+12 -5.06993228e+10  2.71e+05    3634s
  46   4.23e-06 1.21e-08   8.92207801e+11 -8.03485693e+09  1.87e+05    3716s
  47   3.02e-06 9.31e-09   6.72238266e+11  2.39403059e+10  1.35e+05    3819s
  48   3.23e-06 5.59e-09   4.86875543e+11  4.52968003e+10  9.18e+04    3938s
  49   3.04e-06 4.66e-09   4.16348191e+11  5.80096618e+10  7.45e+04    4061s
  50   3.15e-06 5.59e-09   3.23721895e+11  7.12728981e+10  5.25e+04    4165s
  51   4.40e-06 3.73e-09   2.42201380e+11  8.11125744e+10  3.35e+04    4286s
  52   2.78e-06 3.73e-09   2.12320700e+11  8.97236825e+10  2.55e+04    4410s
  53   3.25e-06 4.66e-09   1.82691899e+11  9.70547787e+10  1.78e+04    4519s
  54   2.29e-06 3.73e-09   1.65027385e+11  1.01352573e+11  1.32e+04    4630s
  55   2.42e-06 3.73e-09   1.45172076e+11  1.03292582e+11  8.70e+03    4724s
  56   5.65e-06 5.59e-09   1.41957307e+11  1.05408685e+11  7.60e+03    4816s
  57   4.04e-06 3.73e-09   1.31471537e+11  1.07328288e+11  5.02e+03    4891s
  58   3.31e-06 4.66e-09   1.22963838e+11  1.08639687e+11  2.98e+03    4972s
  59   2.20e-06 3.73e-09   1.20907992e+11  1.08876577e+11  2.50e+03    5045s
  60   5.00e-06 3.73e-09   1.15787025e+11  1.09352458e+11  1.34e+03    5106s
  61   3.20e-06 3.73e-09   1.13861192e+11  1.09666532e+11  8.72e+02    5170s
  62   3.28e-06 3.73e-09   1.12358470e+11  1.09919083e+11  5.07e+02    5232s
  63   4.87e-06 3.73e-09   1.11833003e+11  1.10000869e+11  3.81e+02    5298s
  64   2.10e-06 3.73e-09   1.11266237e+11  1.10164458e+11  2.29e+02    5357s
  65   3.33e-06 3.73e-09   1.10974435e+11  1.10210104e+11  1.59e+02    5415s
  66   3.10e-06 3.73e-09   1.10781178e+11  1.10275568e+11  1.05e+02    5473s
  67   2.56e-06 5.59e-09   1.10685851e+11  1.10323299e+11  7.54e+01    5528s
  68   4.25e-06 5.59e-09   1.10537657e+11  1.10346270e+11  3.98e+01    5580s
  69   3.81e-06 3.73e-09   1.10438314e+11  1.10354320e+11  1.75e+01    5631s
  70   2.55e-06 3.73e-09   1.10401149e+11  1.10362645e+11  8.00e+00    5683s
  71   4.57e-06 3.73e-09   1.10394102e+11  1.10363536e+11  6.35e+00    5738s
  72   3.02e-06 3.73e-09   1.10381773e+11  1.10366228e+11  3.23e+00    5791s
  73   5.24e-06 5.59e-09   1.10375309e+11  1.10366680e+11  1.79e+00    5839s
  74   3.22e-06 3.73e-09   1.10369663e+11  1.10367401e+11  4.70e-01    5892s
  75   3.35e-06 3.73e-09   1.10368703e+11  1.10367948e+11  1.57e-01    5944s
  76   3.48e-06 3.73e-09   1.10368228e+11  1.10368025e+11  4.21e-02    5991s
  77   5.12e-06 4.66e-09   1.10368114e+11  1.10368067e+11  9.65e-03    6042s
  78   3.44e-06 5.59e-09   1.10368085e+11  1.10368072e+11  2.54e-03    6089s
  79   9.23e-06 4.66e-09   1.10368075e+11  1.10368074e+11  2.92e-04    6138s
  80   2.40e-05 3.73e-09   1.10368074e+11  1.10368074e+11  3.94e-05    6184s
  81*  1.39e-05 1.86e-09   1.10368074e+11  1.10368074e+11  4.76e-06    6229s
Summary
    Runtime:                                            6229.59s
    Status interior point solve:                        optimal
    Status crossover:                                   not run
    objective value:                                    1.10368074e+11
    interior solution primal residual (abs/rel):        1.60e-05 / 9.09e-15
    interior solution dual residual (abs/rel):          1.88e-09 / 1.91e-16
    interior solution objective gap (abs/rel):          1.81e+01 / 1.64e-10
Ipx: IPM       optimal
Model   status      : Optimal
IPM       iterations: 81
Objective value     :  1.1036807388e+11
HiGHS run time      :       6261.28
Presolving model
2648606 rows, 5302747 cols, 14235150 nonzeros
2083257 rows, 2235965 cols, 8089112 nonzeros
2080373 rows, 2232271 cols, 8081703 nonzeros
Presolve : Reductions: rows 2080373(-19655830); columns 2232271(-12102656); elements 8081703(-98851107)
Solving the presolved LP
IPX model has 2080373 rows, 2232271 columns and 8081703 nonzeros
Input
    Number of variables:                                2232271
    Number of free variables:                           0
    Number of constraints:                              2080373
    Number of equality constraints:                     74400
    Number of matrix entries:                           8081703
    Matrix range:                                       [1e-02, 1e+00]
    RHS range:                                          [4e+03, 2e+09]
    Objective range:                                    [9e-05, 1e+07]
    Bounds range:                                       [7e+05, 1e+08]
Preprocessing
    Dualized model:                                     no
    Number of dense columns:                            0
    Range of scaling factors:                           [1.00e+00, 2.00e+00]
IPX version 1.0
Interior Point Solve
 Iter     P.res    D.res            P.obj           D.obj        mu     Time
   0   3.69e+08 4.50e+06   3.11937225e+15 -7.19768212e+19  1.68e+15       1s
   1   8.34e+07 2.74e+06   2.03430411e+19 -7.15945964e+19  9.35e+14       6s
   2   5.44e+07 1.84e+06   2.70360700e+19 -9.63171754e+19  7.82e+14      23s
   3   1.80e+07 6.62e+05   2.90184606e+19 -7.17121677e+19  3.03e+14      46s
 Constructing starting basis...
   4   3.13e+06 1.18e+05   2.63506647e+19 -3.08504328e+19  6.40e+13     139s
   5   4.53e+05 2.45e+04   1.71471879e+19 -1.00608883e+19  1.56e+13     210s
   6   1.29e+05 1.01e+04   1.04531632e+19 -5.62101465e+18  7.03e+12     279s
   7   5.72e+04 5.83e+03   7.32578622e+18 -3.99465114e+18  4.31e+12     350s
   8   1.70e+04 2.18e+03   3.92864815e+18 -1.93969808e+18  1.80e+12     415s
   9   5.90e+03 1.68e+03   2.69489454e+18 -1.67325439e+18  1.31e+12     495s
  10   7.70e+02 4.02e+02   1.50585406e+18 -7.64151595e+17  5.49e+11     583s
  11   3.17e+02 2.33e+02   8.74538946e+17 -4.98131066e+17  3.20e+11     682s
  12   1.08e+02 1.39e+02   4.89382424e+17 -3.33144188e+17  1.88e+11     773s
  13   3.72e+01 5.99e+01   2.53379194e+17 -1.63162934e+17  9.29e+10     851s
  14   1.51e+01 2.40e+01   1.32830726e+17 -7.32144977e+16  4.52e+10     952s
  15   7.57e+00 9.21e+00   7.93534602e+16 -3.22461231e+16  2.41e+10    1061s
  16   5.16e+00 5.06e+00   6.18087340e+16 -2.05317751e+16  1.76e+10    1165s
  17   4.00e+00 2.97e+00   5.24513549e+16 -1.41580636e+16  1.42e+10    1249s
  18   3.23e+00 1.88e+00   4.49524822e+16 -1.01221226e+16  1.17e+10    1330s
  19   1.87e+00 9.13e-01   2.92428420e+16 -5.64441413e+15  7.36e+09    1407s
  20   8.49e-01 4.05e-01   1.75133833e+16 -3.46173950e+15  4.42e+09    1486s
  21   4.55e-01 1.98e-01   1.09764078e+16 -2.02965179e+15  2.73e+09    1561s
  22   2.79e-01 1.18e-01   7.54403148e+15 -1.38652158e+15  1.88e+09    1635s
  23   1.20e-01 5.71e-02   3.83094513e+15 -7.74538144e+14  9.66e+08    1706s
  24   6.41e-02 3.21e-02   2.34230532e+15 -4.88722459e+14  5.93e+08    1776s
  25   2.92e-02 1.76e-02   1.29365542e+15 -3.01437571e+14  3.34e+08    1844s
  26   1.62e-02 9.90e-03   8.28947540e+14 -1.88528268e+14  2.13e+08    1916s
  27   7.43e-03 6.50e-03   4.50815715e+14 -1.31171663e+14  1.22e+08    1989s
  28   2.67e-03 4.13e-03   2.32520037e+14 -9.01451942e+13  6.74e+07    2062s
  29   1.01e-03 2.58e-03   1.32304057e+14 -6.07338920e+13  4.03e+07    2137s
  30   5.57e-04 1.61e-03   9.49945911e+13 -4.10700819e+13  2.84e+07    2217s
  31   1.79e-04 1.02e-03   5.62855785e+13 -2.83152195e+13  1.76e+07    2294s
  32   8.01e-05 3.71e-04   4.10266840e+13 -1.33701471e+13  1.13e+07    2371s
  33   5.34e-05 1.49e-04   2.82678861e+13 -5.90253153e+12  7.11e+06    2446s
  34   3.81e-05 6.95e-05   2.24897043e+13 -3.55709367e+12  5.42e+06    2515s
  35   3.05e-05 4.93e-05   1.83375057e+13 -2.77837212e+12  4.39e+06    2578s
  36   1.53e-05 2.43e-05   1.32391351e+13 -2.05451705e+12  3.18e+06    2638s
  37   7.63e-06 6.61e-06   8.65923396e+12 -1.02678781e+12  2.01e+06    2700s
  38   4.29e-06 3.43e-06   5.32548633e+12 -6.95587360e+11  1.25e+06    2761s
  39   3.93e-06 1.59e-06   3.03061461e+12 -4.15954282e+11  7.16e+05    2823s
  40   7.06e-06 1.09e-06   2.07471425e+12 -3.07911784e+11  4.95e+05    2888s
  41   4.90e-06 6.05e-07   1.52633446e+12 -2.11167283e+11  3.61e+05    2952s
  42   5.52e-06 3.61e-07   1.37813383e+12 -1.42667807e+11  3.16e+05    3020s
  43   4.17e-06 1.82e-07   1.13002320e+12 -7.20309190e+10  2.50e+05    3087s
  44   3.10e-06 1.04e-07   8.39356300e+11 -3.67218546e+10  1.82e+05    3155s
  45   3.73e-06 5.68e-08   7.75565923e+11 -1.17102291e+10  1.64e+05    3229s
  46   5.29e-06 3.54e-08   4.83503880e+11  1.93124891e+10  9.65e+04    3299s
  47   1.89e-06 2.05e-08   3.41856238e+11  3.93120346e+10  6.29e+04    3398s
  48   2.41e-06 1.21e-08   2.45121549e+11  5.47438987e+10  3.96e+04    3489s
  49   3.50e-06 7.45e-09   1.98617321e+11  6.54406405e+10  2.77e+04    3578s
  50   3.11e-06 5.59e-09   1.46783216e+11  7.24624735e+10  1.54e+04    3659s
  51   5.34e-06 4.66e-09   1.31275644e+11  7.73811426e+10  1.12e+04    3746s
  52   3.03e-06 5.59e-09   1.11949778e+11  8.07991080e+10  6.47e+03    3818s
  53   7.01e-06 3.73e-09   1.04014763e+11  8.27642605e+10  4.42e+03    3890s
  54   3.26e-06 3.73e-09   9.51581497e+10  8.36245721e+10  2.40e+03    3954s
  55   2.85e-06 3.73e-09   9.14391619e+10  8.41934721e+10  1.51e+03    4014s
  56   2.97e-06 3.73e-09   8.87278016e+10  8.45370716e+10  8.71e+02    4071s
  57   3.96e-06 4.66e-09   8.74214066e+10  8.49243791e+10  5.19e+02    4127s
  58   3.91e-06 5.59e-09   8.69326067e+10  8.49527804e+10  4.11e+02    4183s
  59   4.40e-06 4.66e-09   8.62748048e+10  8.51345407e+10  2.37e+02    4240s
  60   4.94e-06 3.73e-09   8.58050202e+10  8.51709267e+10  1.32e+02    4295s
  61   4.07e-06 3.73e-09   8.55293834e+10  8.52249273e+10  6.33e+01    4350s
  62   3.37e-06 3.73e-09   8.53978396e+10  8.52656265e+10  2.75e+01    4404s
  63   2.32e-06 3.73e-09   8.53257857e+10  8.52712092e+10  1.13e+01    4456s
  64   4.28e-06 5.59e-09   8.52949559e+10  8.52803435e+10  3.04e+00    4510s
  65   4.74e-06 5.59e-09   8.52850757e+10  8.52818542e+10  6.70e-01    4561s
  66   3.08e-06 5.59e-09   8.52834947e+10  8.52824604e+10  2.15e-01    4612s
  67   3.47e-06 3.73e-09   8.52828033e+10  8.52825107e+10  6.08e-02    4661s
  68   3.44e-06 3.73e-09   8.52825634e+10  8.52825234e+10  8.31e-03    4710s
  69   5.76e-06 5.59e-09   8.52825329e+10  8.52825259e+10  1.44e-03    4761s
  70   4.02e-06 3.73e-09   8.52825326e+10  8.52825261e+10  1.34e-03    4817s
  71   1.72e-05 3.73e-09   8.52825289e+10  8.52825276e+10  2.58e-04    4873s
  72   8.70e-06 2.79e-09   8.52825280e+10  8.52825278e+10  3.85e-05    4926s
  73*  1.01e-05 1.86e-09   8.52825279e+10  8.52825279e+10  3.29e-06    4978s
Summary
    Runtime:                                            4978.14s
    Status interior point solve:                        optimal
    Status crossover:                                   not run
    objective value:                                    8.52825279e+10
    interior solution primal residual (abs/rel):        1.29e-05 / 7.33e-15
    interior solution dual residual (abs/rel):          9.31e-10 / 9.49e-17
    interior solution objective gap (abs/rel):          1.91e+01 / 2.24e-10
Ipx: IPM       optimal
Model   status      : Optimal
IPM       iterations: 73
Objective value     :  8.5282527929e+10
HiGHS run time      :       5007.84
Presolving model
2648606 rows, 5302747 cols, 14235150 nonzeros
2083257 rows, 2235965 cols, 8089112 nonzeros
2080373 rows, 2232271 cols, 8081703 nonzeros
Presolve : Reductions: rows 2080373(-19693405); columns 2232271(-12102656); elements 8081703(-98888682)
Solving the presolved LP
IPX model has 2080373 rows, 2232271 columns and 8081703 nonzeros
Input
    Number of variables:                                2232271
    Number of free variables:                           0
    Number of constraints:                              2080373
    Number of equality constraints:                     74400
    Number of matrix entries:                           8081703
    Matrix range:                                       [1e-02, 1e+00]
    RHS range:                                          [4e+03, 2e+09]
    Objective range:                                    [9e-05, 1e+07]
    Bounds range:                                       [7e+05, 1e+08]
Preprocessing
    Dualized model:                                     no
    Number of dense columns:                            0
    Range of scaling factors:                           [1.00e+00, 2.00e+00]
IPX version 1.0
Interior Point Solve
 Iter     P.res    D.res            P.obj           D.obj        mu     Time
   0   3.69e+08 4.50e+06   3.14680112e+15 -7.19742220e+19  1.68e+15       1s
   1   8.34e+07 2.74e+06   2.04250730e+19 -7.15920836e+19  9.35e+14       6s
   2   5.44e+07 1.84e+06   2.71473749e+19 -9.63122697e+19  7.82e+14      22s
   3   1.80e+07 6.62e+05   2.91442749e+19 -7.17072453e+19  3.03e+14      45s
 Constructing starting basis...
   4   3.26e+06 1.18e+05   2.65041051e+19 -3.08504157e+19  6.42e+13     133s
   5   4.62e+05 2.41e+04   1.73142761e+19 -1.01104326e+19  1.55e+13     200s
   6   1.34e+05 9.93e+03   1.05233852e+19 -5.58745071e+18  6.95e+12     267s
   7   6.48e+04 5.75e+03   7.61359677e+18 -3.98881911e+18  4.35e+12     332s
   8   1.70e+04 2.02e+03   4.02158914e+18 -1.94388158e+18  1.78e+12     395s
   9   7.70e+03 1.56e+03   2.94316405e+18 -1.67939649e+18  1.34e+12     475s
  10   9.61e+02 3.04e+02   1.99928391e+18 -9.10512548e+17  6.72e+11     561s
  11   4.87e+02 1.71e+02   1.19519785e+18 -5.55249270e+17  3.92e+11     656s
  12   1.45e+02 1.00e+02   5.66478118e+17 -3.62751057e+17  2.06e+11     734s
  13   4.49e+01 5.77e+01   3.05315655e+17 -2.32288253e+17  1.18e+11     814s
  14   8.17e+00 2.05e+01   1.15463436e+17 -9.48190827e+16  4.59e+10     891s
  15   3.69e+00 7.75e+00   7.09567462e+16 -4.15181114e+16  2.42e+10    1012s
  16   2.23e+00 4.16e+00   5.23013166e+16 -2.50163471e+16  1.65e+10    1124s
  17   1.54e+00 2.38e+00   4.20516443e+16 -1.61762160e+16  1.24e+10    1213s
  18   7.83e-01 1.51e+00   2.93501078e+16 -1.16226355e+16  8.73e+09    1305s
  19   3.78e-01 8.87e-01   1.72718774e+16 -7.14690075e+15  5.20e+09    1382s
  20   1.56e-01 4.97e-01   1.07007635e+16 -4.47156225e+15  3.23e+09    1467s
  21   6.20e-02 2.88e-01   6.61100524e+15 -2.87279656e+15  2.02e+09    1549s
  22   2.88e-02 1.65e-01   4.50259472e+15 -1.85488891e+15  1.35e+09    1636s
  23   1.25e-02 9.59e-02   2.87570085e+15 -1.20459954e+15  8.66e+08    1717s
  24   6.52e-03 5.62e-02   2.04592458e+15 -7.92664444e+14  6.00e+08    1798s
  25   3.39e-03 3.10e-02   1.41358476e+15 -4.95420294e+14  4.02e+08    1871s
  26   1.83e-03 1.81e-02   1.05394466e+15 -3.36162046e+14  2.92e+08    1943s
  27   7.93e-04 1.04e-02   6.11610714e+14 -2.12364610e+14  1.73e+08    2012s
  28   3.51e-04 6.92e-03   3.83566905e+14 -1.52660582e+14  1.12e+08    2083s
  29   1.56e-04 4.42e-03   2.42377577e+14 -1.05292206e+14  7.28e+07    2152s
  30   7.25e-05 2.68e-03   1.57930966e+14 -6.95686255e+13  4.75e+07    2220s
  31   3.43e-05 1.62e-03   1.06028285e+14 -4.59032334e+13  3.17e+07    2288s
  32   1.91e-05 1.04e-03   7.21515403e+13 -3.13946911e+13  2.16e+07    2354s
  33   1.34e-05 6.82e-04   4.57518015e+13 -2.18309130e+13  1.41e+07    2421s
  34   1.34e-05 3.11e-04   2.12623236e+13 -1.08636368e+13  6.68e+06    2487s
  35   1.05e-05 2.16e-04   1.70239531e+13 -7.87750692e+12  5.18e+06    2552s
  36   9.54e-06 1.43e-04   1.53056641e+13 -5.89034327e+12  4.41e+06    2616s
  37   8.58e-06 9.16e-05   1.25006716e+13 -4.23071098e+12  3.48e+06    2675s
  38   5.72e-06 2.63e-05   9.96815806e+12 -1.71302101e+12  2.43e+06    2734s
  39   6.68e-06 8.31e-06   7.26171292e+12 -7.61425151e+11  1.67e+06    2791s
  40   3.81e-06 3.39e-06   5.28222179e+12 -4.34342944e+11  1.19e+06    2847s
  41   3.81e-06 1.54e-06   3.62435137e+12 -2.69284606e+11  8.09e+05    2902s
  42   5.20e-06 8.41e-07   2.48262687e+12 -2.34770889e+11  5.65e+05    2958s
  43   4.24e-06 6.70e-07   1.64053597e+12 -2.06060152e+11  3.84e+05    3010s
  44   2.17e-06 3.61e-07   1.36401619e+12 -1.35173877e+11  3.12e+05    3069s
  45   4.81e-06 1.36e-07   9.97970604e+11 -3.95533581e+10  2.16e+05    3128s
  46   4.54e-06 5.96e-08   7.96644926e+11 -6.81855594e+09  1.67e+05    3200s
  47   3.27e-06 2.42e-08   5.18422351e+11  3.07881322e+10  1.01e+05    3275s
  48   4.66e-06 1.68e-08   4.19904887e+11  4.15488077e+10  7.86e+04    3364s
  49   2.05e-06 1.12e-08   3.77701092e+11  4.31360171e+10  6.95e+04    3437s
  50   4.31e-06 7.45e-09   2.39048320e+11  5.76118898e+10  3.77e+04    3497s
  51   3.69e-06 5.59e-09   1.97814268e+11  6.64398925e+10  2.73e+04    3578s
  52   3.23e-06 3.73e-09   1.39307804e+11  7.24274717e+10  1.39e+04    3647s
  53   2.87e-06 3.73e-09   1.20619543e+11  7.58528552e+10  9.30e+03    3723s
  54   2.91e-06 3.73e-09   1.04508893e+11  7.78982498e+10  5.53e+03    3787s
  55   2.57e-06 3.73e-09   9.48504537e+10  7.94238091e+10  3.21e+03    3850s
  56   3.20e-06 3.73e-09   8.98275497e+10  8.03977268e+10  1.96e+03    3909s
  57   2.70e-06 3.73e-09   8.65214473e+10  8.10297283e+10  1.14e+03    3965s
  58   4.83e-06 2.79e-09   8.44363181e+10  8.12290507e+10  6.67e+02    4021s
  59   4.89e-06 3.73e-09   8.29193937e+10  8.13930135e+10  3.17e+02    4073s
  60   5.56e-06 3.73e-09   8.21460417e+10  8.14817371e+10  1.38e+02    4127s
  61   4.40e-06 3.73e-09   8.18061269e+10  8.15546287e+10  5.23e+01    4180s
  62   5.41e-06 3.73e-09   8.17296392e+10  8.15884627e+10  2.93e+01    4232s
  63   2.99e-06 3.73e-09   8.16715841e+10  8.16068590e+10  1.35e+01    4284s
  64   3.47e-06 3.73e-09   8.16451130e+10  8.16128315e+10  6.71e+00    4335s
  65   2.99e-06 4.66e-09   8.16389599e+10  8.16127718e+10  5.44e+00    4386s
  66   2.27e-06 5.59e-09   8.16288542e+10  8.16148458e+10  2.91e+00    4437s
  67   4.08e-06 3.73e-09   8.16171035e+10  8.16152215e+10  3.91e-01    4484s
  68   5.38e-06 3.73e-09   8.16155109e+10  8.16152785e+10  4.83e-02    4531s
  69   2.92e-06 3.73e-09   8.16153712e+10  8.16153181e+10  1.10e-02    4582s
  70   3.60e-06 4.66e-09   8.16153357e+10  8.16153224e+10  2.77e-03    4631s
  71   4.65e-06 4.66e-09   8.16153260e+10  8.16153234e+10  5.48e-04    4676s
  72   2.16e-05 3.73e-09   8.16153240e+10  8.16153237e+10  5.83e-05    4721s
  73*  1.66e-05 1.86e-09   8.16153239e+10  8.16153238e+10  9.12e-06    4769s
Summary
    Runtime:                                            4768.88s
    Status interior point solve:                        optimal
    Status crossover:                                   not run
    objective value:                                    8.16153239e+10
    interior solution primal residual (abs/rel):        1.69e-05 / 9.63e-15
    interior solution dual residual (abs/rel):          1.86e-09 / 1.90e-16
    interior solution objective gap (abs/rel):          4.60e+01 / 5.64e-10
Ipx: IPM       optimal
Model   status      : Optimal
IPM       iterations: 73
Objective value     :  8.1615323851e+10
HiGHS run time      :       4799.48
Presolving model
2648606 rows, 5302747 cols, 14235150 nonzeros
2083257 rows, 2235965 cols, 8089112 nonzeros
2080373 rows, 2232271 cols, 8081703 nonzeros
Presolve : Reductions: rows 2080373(-19730980); columns 2232271(-12102656); elements 8081703(-98926257)
Solving the presolved LP
IPX model has 2080373 rows, 2232271 columns and 8081703 nonzeros
Input
    Number of variables:                                2232271
    Number of free variables:                           0
    Number of constraints:                              2080373
    Number of equality constraints:                     74400
    Number of matrix entries:                           8081703
    Matrix range:                                       [1e-02, 1e+00]
    RHS range:                                          [4e+03, 2e+09]
    Objective range:                                    [9e-05, 1e+07]
    Bounds range:                                       [7e+05, 1e+08]
Preprocessing
    Dualized model:                                     no
    Number of dense columns:                            0
    Range of scaling factors:                           [1.00e+00, 2.00e+00]
IPX version 1.0
Interior Point Solve
 Iter     P.res    D.res            P.obj           D.obj        mu     Time
   0   3.69e+08 4.50e+06   3.15899593e+15 -7.19674921e+19  1.68e+15       1s
   1   8.34e+07 2.74e+06   2.04523786e+19 -7.15854245e+19  9.35e+14       6s
   2   5.44e+07 1.84e+06   2.71846688e+19 -9.63038669e+19  7.82e+14      23s
   3   1.80e+07 6.62e+05   2.91860661e+19 -7.16995294e+19  3.03e+14      47s
 Constructing starting basis...
   4   3.17e+06 1.18e+05   2.65326639e+19 -3.08451908e+19  6.41e+13     140s
   5   4.56e+05 2.43e+04   1.73169021e+19 -1.00602307e+19  1.56e+13     211s
   6   1.31e+05 9.96e+03   1.05623215e+19 -5.58325364e+18  6.97e+12     281s
   7   6.79e+04 5.74e+03   7.83991893e+18 -3.97652687e+18  4.40e+12     348s
   8   2.00e+04 2.14e+03   4.11508638e+18 -1.93348235e+18  1.82e+12     411s
   9   9.29e+03 1.48e+03   3.00818691e+18 -1.57081694e+18  1.30e+12     491s
  10   4.68e+03 2.67e+02   2.38051146e+18 -8.25078987e+17  7.30e+11     581s
  11   2.33e+03 1.56e+02   1.33243387e+18 -5.13123616e+17  4.09e+11     669s
  12   7.77e+02 8.77e+01   6.50046206e+17 -3.28308244e+17  2.14e+11     756s
  13   2.91e+02 5.54e+01   3.73365904e+17 -2.30234125e+17  1.32e+11     835s
  14   8.52e+01 1.71e+01   2.13425092e+17 -1.01527485e+17  6.74e+10     906s
  15   4.00e+01 6.51e+00   1.16805703e+17 -4.36390411e+16  3.41e+10    1000s
  16   2.26e+01 3.20e+00   7.75936338e+16 -2.49476145e+16  2.17e+10    1090s
  17   1.65e+01 1.95e+00   6.25262010e+16 -1.72190756e+16  1.68e+10    1174s
  18   9.35e+00 1.18e+00   4.24474458e+16 -1.18738994e+16  1.15e+10    1255s
  19   5.17e+00 8.62e-01   2.88036384e+16 -9.34957292e+15  8.07e+09    1333s
  20   1.65e+00 4.78e-01   1.45377440e+16 -5.81117113e+15  4.32e+09    1405s
  21   4.24e-01 2.40e-01   8.38264607e+15 -3.51058117e+15  2.53e+09    1486s
  22   1.76e-01 1.31e-01   5.39665602e+15 -2.17436143e+15  1.60e+09    1572s
  23   8.86e-02 7.38e-02   3.70747180e+15 -1.37980769e+15  1.08e+09    1659s
  24   4.17e-02 4.24e-02   2.34107310e+15 -8.77910247e+14  6.79e+08    1744s
  25   2.10e-02 2.37e-02   1.74997850e+15 -5.85523115e+14  4.91e+08    1829s
  26   9.60e-03 1.33e-02   1.09206964e+15 -3.70049455e+14  3.07e+08    1905s
  27   4.66e-03 8.31e-03   7.13224717e+14 -2.52752717e+14  2.03e+08    1980s
  28   2.43e-03 5.34e-03   4.71752375e+14 -1.74216172e+14  1.35e+08    2053s
  29   1.34e-03 3.12e-03   3.34771011e+14 -1.13117207e+14  9.36e+07    2127s
  30   7.93e-04 2.10e-03   2.31904825e+14 -8.05786843e+13  6.52e+07    2199s
  31   3.43e-04 1.31e-03   1.31344511e+14 -5.35229565e+13  3.85e+07    2269s
  32   1.75e-04 8.88e-04   9.41754284e+13 -3.91225080e+13  2.78e+07    2339s
  33   6.48e-05 5.06e-04   5.73478959e+13 -2.48259647e+13  1.71e+07    2409s
  34   3.05e-05 1.52e-04   3.98286601e+13 -1.01091203e+13  1.04e+07    2478s
  35   2.29e-05 7.64e-05   2.71631520e+13 -5.59212353e+12  6.81e+06    2546s
  36   1.53e-05 4.03e-05   2.38564108e+13 -4.20142779e+12  5.83e+06    2609s
  37   1.34e-05 1.96e-05   1.66007399e+13 -2.90653655e+12  4.05e+06    2670s
  38   9.54e-06 4.15e-06   1.09814074e+13 -1.26576763e+12  2.55e+06    2731s
  39   8.58e-06 2.63e-06   7.84358808e+12 -1.03532785e+12  1.85e+06    2793s
  40   3.81e-06 1.26e-06   4.99886504e+12 -6.38951977e+11  1.17e+06    2850s
  41   3.25e-06 5.81e-07   3.85262804e+12 -4.67388959e+11  8.98e+05    2910s
  42   2.70e-06 4.43e-07   2.40396967e+12 -3.79810654e+11  5.79e+05    2968s
  43   3.88e-06 3.09e-07   1.56532572e+12 -2.91295103e+11  3.86e+05    3025s
  44   3.21e-06 1.58e-07   1.34031240e+12 -1.85811863e+11  3.17e+05    3086s
  45   3.52e-06 9.50e-08   1.02416472e+12 -9.53453402e+10  2.33e+05    3147s
  46   2.21e-06 4.10e-08   7.85759355e+11 -2.77714714e+10  1.69e+05    3212s
  47   2.40e-06 2.42e-08   5.53601855e+11  6.93260158e+08  1.15e+05    3286s
  48   3.71e-06 1.21e-08   3.34214277e+11  3.35274854e+10  6.25e+04    3367s
  49   3.10e-06 7.45e-09   2.68128783e+11  4.87073508e+10  4.56e+04    3457s
  50   4.89e-06 7.45e-09   2.46464748e+11  5.12458996e+10  4.06e+04    3532s
  51   3.70e-06 5.59e-09   1.56055221e+11  6.38770004e+10  1.92e+04    3592s
  52   4.61e-06 3.73e-09   1.26584276e+11  6.95084666e+10  1.19e+04    3675s
  53   3.47e-06 3.73e-09   1.08377565e+11  7.46008581e+10  7.02e+03    3747s
  54   3.38e-06 4.66e-09   9.51612044e+10  7.69566046e+10  3.78e+03    3816s
  55   2.98e-06 5.59e-09   8.69468091e+10  7.81977577e+10  1.82e+03    3880s
  56   4.21e-06 3.73e-09   8.37153027e+10  7.87757424e+10  1.03e+03    3939s
  57   3.72e-06 3.73e-09   8.31542900e+10  7.90617157e+10  8.51e+02    3999s
  58   3.06e-06 3.73e-09   8.15773295e+10  7.93682048e+10  4.59e+02    4051s
  59   3.68e-06 3.73e-09   8.03595140e+10  7.95176691e+10  1.75e+02    4103s
  60   3.46e-06 3.73e-09   7.99988954e+10  7.95845452e+10  8.61e+01    4156s
  61   3.55e-06 3.73e-09   7.97720317e+10  7.95991383e+10  3.59e+01    4204s
  62   4.42e-06 3.73e-09   7.97012432e+10  7.96210109e+10  1.67e+01    4255s
  63   2.51e-06 3.73e-09   7.96656302e+10  7.96310844e+10  7.18e+00    4304s
  64   5.44e-06 3.73e-09   7.96426124e+10  7.96344777e+10  1.69e+00    4353s
  65   6.20e-06 4.66e-09   7.96372968e+10  7.96358184e+10  3.07e-01    4404s
  66   3.46e-06 3.73e-09   7.96363624e+10  7.96359928e+10  7.68e-02    4451s
  67   7.25e-06 3.73e-09   7.96360863e+10  7.96360410e+10  9.41e-03    4498s
  68   9.42e-06 3.73e-09   7.96360525e+10  7.96360480e+10  9.18e-04    4549s
  69   3.25e-05 3.73e-09   7.96360504e+10  7.96360494e+10  2.05e-04    4603s
  70   3.14e-05 1.86e-09   7.96360500e+10  7.96360499e+10  2.28e-05    4658s
  71*  5.42e-06 1.86e-09   7.96360500e+10  7.96360500e+10  3.65e-06    4705s
Summary
    Runtime:                                            4704.93s
    Status interior point solve:                        optimal
    Status crossover:                                   not run
    objective value:                                    7.96360500e+10
    interior solution primal residual (abs/rel):        2.86e-06 / 1.63e-15
    interior solution dual residual (abs/rel):          9.31e-10 / 9.49e-17
    interior solution objective gap (abs/rel):          1.14e+01 / 1.43e-10
Ipx: IPM       optimal
Model   status      : Optimal
IPM       iterations: 71
Objective value     :  7.9636049967e+10
HiGHS run time      :       4735.18
Presolving model
2648606 rows, 5302747 cols, 14235150 nonzeros
2083257 rows, 2235965 cols, 8089112 nonzeros
2080373 rows, 2232271 cols, 8081703 nonzeros
Presolve : Reductions: rows 2080373(-19768555); columns 2232271(-12102656); elements 8081703(-98963832)
Solving the presolved LP
IPX model has 2080373 rows, 2232271 columns and 8081703 nonzeros
Input
    Number of variables:                                2232271
    Number of free variables:                           0
    Number of constraints:                              2080373
    Number of equality constraints:                     74400
    Number of matrix entries:                           8081703
    Matrix range:                                       [1e-02, 1e+00]
    RHS range:                                          [4e+03, 2e+09]
    Objective range:                                    [9e-05, 1e+07]
    Bounds range:                                       [7e+05, 1e+08]
Preprocessing
    Dualized model:                                     no
    Number of dense columns:                            0
    Range of scaling factors:                           [1.00e+00, 2.00e+00]
IPX version 1.0
Interior Point Solve
 Iter     P.res    D.res            P.obj           D.obj        mu     Time
   0   3.69e+08 4.50e+06   3.16430342e+15 -7.19667905e+19  1.68e+15       1s
   1   8.34e+07 2.74e+06   2.04647584e+19 -7.15847324e+19  9.35e+14       6s
   2   5.44e+07 1.84e+06   2.72015486e+19 -9.63023625e+19  7.82e+14      22s
   3   1.80e+07 6.62e+05   2.92055509e+19 -7.16991605e+19  3.03e+14      45s
 Constructing starting basis...
   4   3.12e+06 1.18e+05   2.65433287e+19 -3.08433425e+19  6.40e+13     133s
   5   4.52e+05 2.44e+04   1.73102988e+19 -1.00299106e+19  1.56e+13     200s
   6   1.28e+05 1.01e+04   1.05739316e+19 -5.61770368e+18  7.02e+12     266s
   7   5.65e+04 5.81e+03   7.39878478e+18 -3.98670514e+18  4.29e+12     331s
   8   1.76e+04 2.27e+03   3.96425381e+18 -1.94660115e+18  1.82e+12     394s
   9   6.06e+03 1.75e+03   2.71522966e+18 -1.67491479e+18  1.31e+12     469s
  10   1.15e+03 5.23e+02   1.40494696e+18 -7.52285988e+17  5.38e+11     550s
  11   4.93e+02 2.91e+02   8.57302779e+17 -4.77250489e+17  3.16e+11     639s
  12   1.65e+02 1.62e+02   4.71960673e+17 -3.02053699e+17  1.78e+11     718s
  13   5.60e+01 6.48e+01   2.50497658e+17 -1.43281379e+17  8.73e+10     791s
  14   2.44e+01 2.61e+01   1.41228729e+17 -6.69607187e+16  4.53e+10     892s
  15   1.21e+01 1.17e+01   8.21681148e+16 -3.34831212e+16  2.49e+10     981s
  16   7.67e+00 6.59e+00   6.04579497e+16 -2.13353838e+16  1.75e+10    1076s
  17   5.10e+00 3.50e+00   4.73809906e+16 -1.37993671e+16  1.30e+10    1162s
  18   3.06e+00 2.64e+00   3.43643681e+16 -1.12236802e+16  9.71e+09    1242s
  19   1.49e+00 1.78e+00   2.28613472e+16 -8.41809337e+15  6.68e+09    1316s
  20   4.71e-01 7.74e-01   1.21529748e+16 -4.38886203e+15  3.52e+09    1392s
  21   2.07e-01 4.18e-01   7.48101873e+15 -2.66280767e+15  2.16e+09    1472s
  22   9.27e-02 2.38e-01   4.57187953e+15 -1.67369565e+15  1.33e+09    1555s
  23   5.24e-02 1.42e-01   3.27313226e+15 -1.12056769e+15  9.31e+08    1639s
  24   2.70e-02 8.65e-02   2.09013380e+15 -7.39984752e+14  5.99e+08    1716s
  25   1.46e-02 4.74e-02   1.47871291e+15 -4.65700282e+14  4.10e+08    1788s
  26   7.70e-03 2.87e-02   1.01954476e+15 -3.16932806e+14  2.81e+08    1860s
  27   3.41e-03 1.61e-02   5.97777613e+14 -1.95775901e+14  1.67e+08    1931s
  28   1.78e-03 1.08e-02   4.14137949e+14 -1.42655228e+14  1.17e+08    2003s
  29   9.29e-04 7.01e-03   2.67862552e+14 -9.88948389e+13  7.69e+07    2073s
  30   4.39e-04 4.16e-03   1.68514608e+14 -6.38301734e+13  4.86e+07    2142s
  31   2.16e-04 2.80e-03   1.19042190e+14 -4.67219116e+13  3.46e+07    2210s
  32   1.07e-04 1.65e-03   7.66338766e+13 -2.98397055e+13  2.22e+07    2278s
  33   5.72e-05 1.06e-03   5.10551974e+13 -2.04156837e+13  1.49e+07    2343s
  34   2.29e-05 4.90e-04   2.50849740e+13 -1.01023771e+13  7.33e+06    2408s
  35   1.53e-05 3.10e-04   1.90465105e+13 -6.88584737e+12  5.40e+06    2472s
  36   1.14e-05 1.56e-04   1.75490425e+13 -4.53344305e+12  4.59e+06    2532s
  37   1.14e-05 1.05e-04   1.58588538e+13 -3.63668429e+12  4.05e+06    2589s
  38   7.63e-06 2.72e-05   1.11128516e+13 -1.37393458e+12  2.60e+06    2647s
  39   5.72e-06 1.74e-05   8.95924342e+12 -1.11063114e+12  2.09e+06    2704s
  40   3.81e-06 7.56e-06   6.98797009e+12 -7.87090535e+11  1.62e+06    2758s
  41   4.48e-06 2.84e-06   4.22327568e+12 -4.01425288e+11  9.61e+05    2811s
  42   2.81e-06 8.81e-07   2.65166131e+12 -2.13861874e+11  5.96e+05    2867s
  43   3.53e-06 7.17e-07   1.92094799e+12 -1.82048271e+11  4.37e+05    2921s
  44   3.79e-06 3.71e-07   1.24533064e+12 -1.12708689e+11  2.82e+05    2975s
  45   3.63e-06 1.73e-07   8.55024017e+11 -5.01648018e+10  1.88e+05    3036s
  46   3.00e-06 7.45e-08   6.04521267e+11 -1.46136766e+09  1.26e+05    3104s
  47   4.08e-06 4.28e-08   3.60092321e+11  2.25021732e+10  7.02e+04    3184s
  48   2.48e-06 1.86e-08   2.49521618e+11  4.69771217e+10  4.21e+04    3264s
  49   4.77e-06 1.49e-08   2.29174088e+11  4.97749914e+10  3.73e+04    3342s
  50   2.83e-06 1.02e-08   1.54370922e+11  5.98401540e+10  1.96e+04    3401s
  51   2.30e-06 6.52e-09   1.17773988e+11  6.71625797e+10  1.05e+04    3472s
  52   4.35e-06 4.66e-09   1.02493671e+11  7.12652626e+10  6.49e+03    3541s
  53   2.43e-06 4.66e-09   9.35109691e+10  7.47174140e+10  3.91e+03    3603s
  54   4.07e-06 3.73e-09   8.63853541e+10  7.67911326e+10  1.99e+03    3664s
  55   2.82e-06 3.73e-09   8.25591052e+10  7.76344461e+10  1.02e+03    3722s
  56   3.13e-06 4.66e-09   8.07957698e+10  7.80816948e+10  5.64e+02    3777s
  57   3.02e-06 3.73e-09   8.02987438e+10  7.81658292e+10  4.43e+02    3829s
  58   2.70e-06 3.73e-09   7.93488494e+10  7.83237045e+10  2.13e+02    3882s
  59   4.52e-06 3.73e-09   7.88751962e+10  7.83823907e+10  1.02e+02    3972s
  60   3.93e-06 5.59e-09   7.87060264e+10  7.84096798e+10  6.16e+01    4022s
  61   2.76e-06 5.59e-09   7.85546710e+10  7.84220652e+10  2.76e+01    4071s
  62   2.67e-06 3.73e-09   7.85047397e+10  7.84300292e+10  1.55e+01    4120s
  63   3.54e-06 5.59e-09   7.84588038e+10  7.84307236e+10  5.84e+00    4166s
  64   4.15e-06 5.59e-09   7.84397762e+10  7.84342924e+10  1.14e+00    4219s
  65   4.17e-06 3.73e-09   7.84354086e+10  7.84347052e+10  1.46e-01    4271s
  66   4.85e-06 3.73e-09   7.84349975e+10  7.84348523e+10  3.02e-02    4323s
  67   5.82e-06 3.73e-09   7.84348780e+10  7.84348624e+10  3.25e-03    4374s
  68   7.78e-06 5.59e-09   7.84348666e+10  7.84348645e+10  4.29e-04    4426s
  69   2.40e-05 3.73e-09   7.84348652e+10  7.84348649e+10  6.57e-05    4480s
  70*  2.01e-05 1.86e-09   7.84348650e+10  7.84348650e+10  6.84e-06    4530s
Summary
    Runtime:                                            4529.96s
    Status interior point solve:                        optimal
    Status crossover:                                   not run
    objective value:                                    7.84348650e+10
    interior solution primal residual (abs/rel):        2.43e-05 / 1.38e-14
    interior solution dual residual (abs/rel):          1.86e-09 / 1.90e-16
    interior solution objective gap (abs/rel):          2.82e+01 / 3.60e-10
Ipx: IPM       optimal
Model   status      : Optimal
IPM       iterations: 70
Objective value     :  7.8434864995e+10
HiGHS run time      :       4559.66
Presolving model
2648606 rows, 5302747 cols, 14235150 nonzeros
2083257 rows, 2235965 cols, 8089112 nonzeros
2080373 rows, 2232271 cols, 8081703 nonzeros
Presolve : Reductions: rows 2080373(-19806130); columns 2232271(-12102656); elements 8081703(-99001407)
Solving the presolved LP
IPX model has 2080373 rows, 2232271 columns and 8081703 nonzeros
Input
    Number of variables:                                2232271
    Number of free variables:                           0
    Number of constraints:                              2080373
    Number of equality constraints:                     74400
    Number of matrix entries:                           8081703
    Matrix range:                                       [1e-02, 1e+00]
    RHS range:                                          [4e+03, 2e+09]
    Objective range:                                    [9e-05, 1e+07]
    Bounds range:                                       [7e+05, 1e+08]
Preprocessing
    Dualized model:                                     no
    Number of dense columns:                            0
    Range of scaling factors:                           [1.00e+00, 2.00e+00]
IPX version 1.0
Interior Point Solve
 Iter     P.res    D.res            P.obj           D.obj        mu     Time
   0   3.69e+08 4.50e+06   3.16659537e+15 -7.19668851e+19  1.68e+15       1s
   1   8.34e+07 2.74e+06   2.04705680e+19 -7.15848335e+19  9.35e+14       6s
   2   5.44e+07 1.84e+06   2.72094448e+19 -9.63018576e+19  7.82e+14      22s
   3   1.80e+07 6.62e+05   2.92143355e+19 -7.16982260e+19  3.03e+14      45s
 Constructing starting basis...
   4   3.06e+06 1.18e+05   2.65415043e+19 -3.08404669e+19  6.39e+13     132s
   5   4.47e+05 2.48e+04   1.72947655e+19 -1.00453836e+19  1.57e+13     198s
   6   1.28e+05 1.02e+04   1.06402951e+19 -5.63845922e+18  7.09e+12     264s
   7   5.58e+04 5.90e+03   7.41743722e+18 -4.00714179e+18  4.33e+12     327s
   8   1.71e+04 2.25e+03   3.97539434e+18 -1.93856573e+18  1.82e+12     389s
   9   6.48e+03 1.73e+03   2.79294028e+18 -1.66928750e+18  1.32e+12     465s
  10   1.02e+03 4.64e+02   1.54578408e+18 -7.85772010e+17  5.69e+11     546s
  11   4.60e+02 2.66e+02   9.38483450e+17 -5.03827179e+17  3.37e+11     633s
  12   1.50e+02 1.56e+02   5.02267265e+17 -3.30897276e+17  1.90e+11     717s
  13   4.49e+01 6.86e+01   2.45925477e+17 -1.66333262e+17  9.16e+10     788s
  14   1.76e+01 2.68e+01   1.30197177e+17 -7.37008471e+16  4.44e+10     874s
  15   8.56e+00 1.21e+01   7.70091258e+16 -3.70658714e+16  2.46e+10     977s
  16   5.10e+00 6.67e+00   5.50023154e+16 -2.29634679e+16  1.67e+10    1081s
  17   3.26e+00 3.93e+00   4.26537211e+16 -1.55600904e+16  1.24e+10    1165s
  18   1.72e+00 2.92e+00   2.94019964e+16 -1.23804887e+16  8.95e+09    1239s
  19   7.29e-01 2.03e+00   1.86146456e+16 -9.26951378e+15  6.00e+09    1315s
  20   2.62e-01 1.00e+00   1.05404684e+16 -5.02449129e+15  3.34e+09    1388s
  21   1.31e-01 6.42e-01   7.38139936e+15 -3.47515300e+15  2.33e+09    1470s
  22   5.48e-02 3.73e-01   4.50216911e+15 -2.16759478e+15  1.43e+09    1551s
  23   2.80e-02 2.21e-01   3.36593094e+15 -1.45377633e+15  1.03e+09    1636s
  24   1.38e-02 1.31e-01   2.26935734e+15 -9.46035795e+14  6.84e+08    1714s
  25   6.23e-03 7.52e-02   1.63081738e+15 -6.31444074e+14  4.80e+08    1789s
  26   2.58e-03 4.15e-02   1.03888072e+15 -3.96172013e+14  3.03e+08    1858s
  27   1.25e-03 2.58e-02   6.95602913e+14 -2.69550184e+14  2.04e+08    1929s
  28   6.26e-04 1.64e-02   4.59823764e+14 -1.84742861e+14  1.36e+08    1996s
  29   3.34e-04 9.68e-03   3.27233520e+14 -1.20550710e+14  9.41e+07    2063s
  30   1.83e-04 6.65e-03   2.19195977e+14 -8.71720496e+13  6.43e+07    2129s
  31   7.44e-05 4.15e-03   1.24863323e+14 -5.80553659e+13  3.83e+07    2192s
  32   3.81e-05 2.87e-03   9.25051694e+13 -4.29775869e+13  2.83e+07    2255s
  33   1.53e-05 1.80e-03   5.19879793e+13 -2.93767978e+13  1.70e+07    2317s
  34   9.54e-06 9.43e-04   4.11919493e+13 -1.78068490e+13  1.23e+07    2378s
  35   1.14e-05 4.28e-04   2.22403607e+13 -8.57869453e+12  6.42e+06    2438s
  36   9.54e-06 2.87e-04   1.78890909e+13 -6.21399933e+12  5.02e+06    2497s
  37   9.54e-06 1.37e-04   1.64616356e+13 -3.84452906e+12  4.22e+06    2554s
  38   5.72e-06 7.24e-05   1.36714025e+13 -2.54451705e+12  3.37e+06    2609s
  39   5.96e-06 2.85e-05   9.74469458e+12 -1.41075249e+12  2.32e+06    2660s
  40   5.25e-06 1.72e-05   8.01005493e+12 -1.12509727e+12  1.90e+06    2712s
  41   4.34e-06 5.93e-06   5.58580287e+12 -5.71149519e+11  1.28e+06    2764s
  42   4.05e-06 2.35e-06   4.53135266e+12 -4.59978375e+11  1.04e+06    2813s
  43   3.34e-06 1.42e-06   2.63173025e+12 -2.86518605e+11  6.07e+05    2863s
  44   2.24e-06 9.98e-07   1.98102493e+12 -2.29800337e+11  4.60e+05    2915s
  45   2.76e-06 4.71e-07   1.27655379e+12 -1.26225223e+11  2.92e+05    2965s
  46   3.26e-06 2.48e-07   1.02221078e+12 -6.85637612e+10  2.27e+05    3024s
  47   3.42e-06 1.29e-07   7.07083151e+11 -1.22967810e+10  1.50e+05    3082s
  48   3.55e-06 6.52e-08   4.80528342e+11  5.76954440e+09  9.87e+04    3157s
  49   3.63e-06 3.35e-08   3.06797570e+11  3.34782359e+10  5.68e+04    3228s
  50   3.36e-06 1.68e-08   2.43696650e+11  4.75839349e+10  4.08e+04    3306s
  51   3.27e-06 9.31e-09   1.78579934e+11  6.28694897e+10  2.40e+04    3373s
  52   2.12e-06 5.59e-09   1.40758808e+11  6.71084222e+10  1.53e+04    3443s
  53   4.47e-06 5.59e-09   1.20550407e+11  7.10556189e+10  1.03e+04    3505s
  54   2.87e-06 4.66e-09   1.07920394e+11  7.41583375e+10  7.02e+03    3564s
  55   2.63e-06 3.73e-09   9.39177539e+10  7.59121115e+10  3.74e+03    3623s
  56   3.39e-06 3.73e-09   8.46779876e+10  7.68135747e+10  1.63e+03    3680s
  57   2.42e-06 3.73e-09   8.21229514e+10  7.70998730e+10  1.04e+03    3732s
  58   2.88e-06 5.59e-09   7.96419969e+10  7.74715593e+10  4.51e+02    3784s
  59   5.31e-06 3.73e-09   7.86509053e+10  7.76660856e+10  2.05e+02    3836s
  60   3.56e-06 3.73e-09   7.83532327e+10  7.77902919e+10  1.17e+02    3888s
  61   4.37e-06 5.59e-09   7.80937380e+10  7.78369526e+10  5.34e+01    3937s
  62   4.24e-06 3.73e-09   7.80022684e+10  7.78562870e+10  3.03e+01    3985s
  63   5.04e-06 5.59e-09   7.79055234e+10  7.78682683e+10  7.74e+00    4032s
  64   4.66e-06 3.73e-09   7.78829239e+10  7.78737773e+10  1.90e+00    4081s
  65   4.39e-06 3.73e-09   7.78775127e+10  7.78752105e+10  4.78e-01    4128s
  66   4.99e-06 3.73e-09   7.78755548e+10  7.78753242e+10  4.79e-02    4173s
  67   5.31e-06 3.73e-09   7.78754192e+10  7.78753605e+10  1.22e-02    4221s
  68   5.23e-06 3.73e-09   7.78753849e+10  7.78753766e+10  1.73e-03    4267s
  69   1.40e-05 3.73e-09   7.78753790e+10  7.78753779e+10  2.41e-04    4314s
  70   8.59e-06 2.79e-09   7.78753783e+10  7.78753781e+10  2.77e-05    4364s
  71*  5.23e-06 9.31e-10   7.78753782e+10  7.78753782e+10  2.94e-06    4410s
Summary
    Runtime:                                            4409.66s
    Status interior point solve:                        optimal
    Status crossover:                                   not run
    objective value:                                    7.78753782e+10
    interior solution primal residual (abs/rel):        7.87e-06 / 4.48e-15
    interior solution dual residual (abs/rel):          9.31e-10 / 9.49e-17
    interior solution objective gap (abs/rel):          1.65e+01 / 2.12e-10
Ipx: IPM       optimal
Model   status      : Optimal
IPM       iterations: 71
Objective value     :  7.7875378176e+10
HiGHS run time      :       4439.05
Presolving model
2648606 rows, 5302747 cols, 14235150 nonzeros
2083257 rows, 2235965 cols, 8089112 nonzeros
2080373 rows, 2232271 cols, 8081703 nonzeros
Presolve : Reductions: rows 2080373(-19843705); columns 2232271(-12102656); elements 8081703(-99038982)
Solving the presolved LP
IPX model has 2080373 rows, 2232271 columns and 8081703 nonzeros
Input
    Number of variables:                                2232271
    Number of free variables:                           0
    Number of constraints:                              2080373
    Number of equality constraints:                     74400
    Number of matrix entries:                           8081703
    Matrix range:                                       [1e-02, 1e+00]
    RHS range:                                          [4e+03, 2e+09]
    Objective range:                                    [9e-05, 1e+07]
    Bounds range:                                       [7e+05, 1e+08]
Preprocessing
    Dualized model:                                     no
    Number of dense columns:                            0
    Range of scaling factors:                           [1.00e+00, 2.00e+00]
IPX version 1.0
Interior Point Solve
 Iter     P.res    D.res            P.obj           D.obj        mu     Time
   0   3.69e+08 4.50e+06   3.16817108e+15 -7.19669742e+19  1.68e+15       1s
   1   8.34e+07 2.74e+06   2.04733315e+19 -7.15849240e+19  9.35e+14       6s
   2   5.44e+07 1.84e+06   2.72131944e+19 -9.63005616e+19  7.82e+14      22s
   3   1.80e+07 6.62e+05   2.92188786e+19 -7.16979527e+19  3.03e+14      45s
 Constructing starting basis...
   4   3.16e+06 1.18e+05   2.65654891e+19 -3.08475037e+19  6.40e+13     133s
   5   4.55e+05 2.44e+04   1.73390354e+19 -1.00590078e+19  1.56e+13     200s
   6   1.29e+05 1.01e+04   1.05550621e+19 -5.61432876e+18  7.00e+12     266s
   7   5.65e+04 5.79e+03   7.38908811e+18 -3.98504870e+18  4.28e+12     328s
   8   1.63e+04 2.16e+03   3.98400800e+18 -1.96067998e+18  1.80e+12     389s
   9   5.63e+03 1.65e+03   2.72437688e+18 -1.68013742e+18  1.29e+12     467s
  10   9.47e+02 4.81e+02   1.42198836e+18 -7.65723950e+17  5.38e+11     547s
  11   3.91e+02 2.64e+02   8.53958173e+17 -4.81966074e+17  3.13e+11     645s
  12   1.30e+02 1.49e+02   4.73243996e+17 -3.08901217e+17  1.78e+11     728s
  13   4.68e+01 5.96e+01   2.56733547e+17 -1.45391768e+17  8.88e+10     802s
  14   2.08e+01 2.35e+01   1.44321758e+17 -6.62391310e+16  4.56e+10     893s
  15   1.02e+01 1.07e+01   8.31167420e+16 -3.35161523e+16  2.50e+10     993s
  16   6.43e+00 5.95e+00   6.13037754e+16 -2.13220755e+16  1.76e+10    1094s
  17   4.24e+00 3.11e+00   4.77094436e+16 -1.36593321e+16  1.30e+10    1173s
  18   2.58e+00 2.35e+00   3.47109209e+16 -1.11042744e+16  9.74e+09    1247s
  19   1.34e+00 1.60e+00   2.36816879e+16 -8.34564665e+15  6.83e+09    1321s
  20   4.55e-01 7.23e-01   1.26572565e+16 -4.44698286e+15  3.64e+09    1389s
  21   2.17e-01 4.05e-01   8.19228063e+15 -2.80051189e+15  2.33e+09    1469s
  22   1.03e-01 2.27e-01   4.97791776e+15 -1.71307116e+15  1.42e+09    1544s
  23   5.95e-02 1.34e-01   3.57599514e+15 -1.14155017e+15  9.98e+08    1627s
  24   3.12e-02 8.16e-02   2.28752874e+15 -7.52577841e+14  6.42e+08    1705s
  25   1.65e-02 4.94e-02   1.51058988e+15 -4.99534552e+14  4.24e+08    1779s
  26   7.57e-03 2.77e-02   1.04263148e+15 -3.29778389e+14  2.89e+08    1851s
  27   3.53e-03 1.58e-02   6.47504321e+14 -2.08753413e+14  1.80e+08    1924s
  28   1.75e-03 1.05e-02   4.16453940e+14 -1.48648737e+14  1.19e+08    1995s
  29   8.95e-04 6.61e-03   2.74575245e+14 -1.01213695e+14  7.88e+07    2066s
  30   4.71e-04 4.16e-03   1.82152014e+14 -6.83432748e+13  5.24e+07    2135s
  31   2.23e-04 2.68e-03   1.22135240e+14 -4.79078674e+13  3.55e+07    2203s
  32   1.26e-04 1.51e-03   8.63901873e+13 -2.97237371e+13  2.42e+07    2268s
  33   7.63e-05 1.00e-03   5.94900466e+13 -2.07336346e+13  1.67e+07    2332s
  34   3.43e-05 3.92e-04   3.40662248e+13 -9.47576727e+12  9.06e+06    2394s
  35   2.29e-05 2.18e-04   2.34792135e+13 -5.81814704e+12  6.09e+06    2455s
  36   1.91e-05 1.34e-04   2.18738957e+13 -4.58312749e+12  5.50e+06    2514s
  37   1.14e-05 7.49e-05   1.87290463e+13 -3.43253237e+12  4.61e+06    2570s
  38   7.63e-06 4.13e-05   1.32995931e+13 -2.39535630e+12  3.26e+06    2625s
  39   4.77e-06 2.68e-05   8.78865758e+12 -1.79534629e+12  2.20e+06    2681s
  40   4.29e-06 1.23e-05   6.86876097e+12 -1.14920021e+12  1.67e+06    2735s
  41   2.86e-06 3.76e-06   4.05829671e+12 -4.89715819e+11  9.45e+05    2791s
  42   3.28e-06 1.61e-06   2.92724029e+12 -3.04318107e+11  6.72e+05    2847s
  43   3.59e-06 1.10e-06   1.76813379e+12 -2.15248923e+11  4.12e+05    2899s
  44   3.11e-06 8.14e-07   1.22272734e+12 -1.80891767e+11  2.92e+05    2955s
  45   4.73e-06 4.04e-07   9.80341526e+11 -9.06966719e+10  2.23e+05    3013s
  46   3.18e-06 2.35e-07   7.26671287e+11 -3.40828169e+10  1.58e+05    3076s
  47   4.74e-06 1.75e-07   5.35845178e+11 -2.19368918e+10  1.16e+05    3144s
  48   3.53e-06 6.52e-08   3.43190110e+11  2.54265620e+10  6.60e+04    3216s
  49   4.08e-06 4.28e-08   2.76211027e+11  3.96310038e+10  4.92e+04    3301s
  50   3.53e-06 1.86e-08   2.01960304e+11  5.73159374e+10  3.01e+04    3369s
  51   5.77e-06 1.12e-08   1.43055282e+11  6.44817991e+10  1.63e+04    3446s
  52   2.90e-06 7.45e-09   1.18288336e+11  6.83699616e+10  1.04e+04    3516s
  53   3.96e-06 5.59e-09   9.69045592e+10  7.29802425e+10  4.97e+03    3578s
  54   4.43e-06 3.73e-09   8.82715524e+10  7.46256637e+10  2.84e+03    3645s
  55   4.97e-06 3.73e-09   8.19214673e+10  7.62082895e+10  1.19e+03    3704s
  56   4.64e-06 3.73e-09   8.07184949e+10  7.69678756e+10  7.80e+02    3762s
  57   3.43e-06 3.73e-09   7.92671156e+10  7.73262335e+10  4.03e+02    3817s
  58   4.41e-06 5.59e-09   7.86288736e+10  7.74530920e+10  2.44e+02    3872s
  59   6.99e-06 3.73e-09   7.80077492e+10  7.75629332e+10  9.25e+01    3925s
  60   1.96e-06 3.73e-09   7.78028605e+10  7.76033353e+10  4.15e+01    3977s
  61   3.54e-06 3.73e-09   7.76813226e+10  7.76219400e+10  1.23e+01    4028s
  62   3.62e-06 5.59e-09   7.76639253e+10  7.76327045e+10  6.49e+00    4080s
  63   4.99e-06 3.73e-09   7.76423364e+10  7.76345716e+10  1.61e+00    4127s
  64   5.05e-06 3.73e-09   7.76369161e+10  7.76358293e+10  2.26e-01    4178s
  65   4.26e-06 3.73e-09   7.76360599e+10  7.76359751e+10  1.76e-02    4226s
  66   4.60e-06 3.73e-09   7.76360103e+10  7.76359915e+10  3.90e-03    4276s
  67   3.47e-06 4.66e-09   7.76359989e+10  7.76359960e+10  6.03e-04    4326s
  68   2.75e-05 3.73e-09   7.76359972e+10  7.76359966e+10  1.11e-04    4377s
  69*  3.28e-05 1.86e-09   7.76359968e+10  7.76359967e+10  1.05e-05    4427s
Summary
    Runtime:                                            4426.87s
    Status interior point solve:                        optimal
    Status crossover:                                   not run
    objective value:                                    7.76359968e+10
    interior solution primal residual (abs/rel):        2.96e-05 / 1.68e-14
    interior solution dual residual (abs/rel):          1.86e-09 / 1.90e-16
    interior solution objective gap (abs/rel):          4.87e+01 / 6.28e-10
Ipx: IPM       optimal
Model   status      : Optimal
IPM       iterations: 69
Objective value     :  7.7635996784e+10
HiGHS run time      :       4456.26
Presolving model
2648606 rows, 5302747 cols, 14235150 nonzeros
2083257 rows, 2235965 cols, 8089112 nonzeros
2080373 rows, 2232271 cols, 8081703 nonzeros
Presolve : Reductions: rows 2080373(-19881280); columns 2232271(-12102656); elements 8081703(-99076557)
Solving the presolved LP
IPX model has 2080373 rows, 2232271 columns and 8081703 nonzeros
Input
    Number of variables:                                2232271
    Number of free variables:                           0
    Number of constraints:                              2080373
    Number of equality constraints:                     74400
    Number of matrix entries:                           8081703
    Matrix range:                                       [1e-02, 1e+00]
    RHS range:                                          [4e+03, 2e+09]
    Objective range:                                    [9e-05, 1e+07]
    Bounds range:                                       [7e+05, 1e+08]
Preprocessing
    Dualized model:                                     no
    Number of dense columns:                            0
    Range of scaling factors:                           [1.00e+00, 2.00e+00]
IPX version 1.0
Interior Point Solve
 Iter     P.res    D.res            P.obj           D.obj        mu     Time
   0   3.69e+08 4.50e+06   3.16852596e+15 -7.19670382e+19  1.68e+15       1s
   1   8.34e+07 2.74e+06   2.04742296e+19 -7.15849865e+19  9.35e+14       6s
   2   5.44e+07 1.84e+06   2.72144290e+19 -9.63001120e+19  7.82e+14      22s
   3   1.80e+07 6.62e+05   2.92204369e+19 -7.16982266e+19  3.03e+14      46s
 Constructing starting basis...
   4   3.12e+06 1.18e+05   2.65601682e+19 -3.08461130e+19  6.40e+13     134s
   5   4.52e+05 2.45e+04   1.73249359e+19 -1.00563548e+19  1.56e+13     200s
   6   1.29e+05 1.01e+04   1.06159020e+19 -5.62364010e+18  7.04e+12     266s
   7   5.69e+04 5.85e+03   7.42410273e+18 -4.00122367e+18  4.31e+12     329s
   8   1.67e+04 2.21e+03   3.99603143e+18 -1.96425013e+18  1.82e+12     391s
   9   6.92e+03 1.70e+03   2.86581442e+18 -1.69027435e+18  1.34e+12     468s
  10   1.39e+03 4.88e+02   1.52824460e+18 -7.70243857e+17  5.65e+11     551s
  11   6.68e+02 2.79e+02   9.58175206e+17 -4.93705836e+17  3.41e+11     635s
  12   2.14e+02 1.63e+02   5.01521739e+17 -3.23720157e+17  1.89e+11     715s
  13   6.52e+01 7.31e+01   2.48404713e+17 -1.65419283e+17  9.22e+10     785s
  14   2.62e+01 2.82e+01   1.33007235e+17 -7.26115246e+16  4.48e+10     878s
  15   1.27e+01 1.29e+01   7.79094461e+16 -3.69098513e+16  2.48e+10     992s
  16   7.59e+00 7.10e+00   5.58414514e+16 -2.28653119e+16  1.69e+10    1101s
  17   4.96e+00 4.11e+00   4.35887913e+16 -1.53007044e+16  1.26e+10    1192s
  18   2.69e+00 3.08e+00   3.03471788e+16 -1.22744422e+16  9.13e+09    1275s
  19   1.27e+00 2.16e+00   2.01078570e+16 -9.25364070e+15  6.31e+09    1363s
  20   4.59e-01 1.02e+00   1.12022457e+16 -4.89392934e+15  3.45e+09    1445s
  21   2.39e-01 6.50e-01   7.92850833e+15 -3.37744098e+15  2.42e+09    1533s
  22   9.76e-02 3.73e-01   4.56326822e+15 -2.07288848e+15  1.42e+09    1615s
  23   5.22e-02 2.24e-01   3.44681005e+15 -1.40880406e+15  1.03e+09    1703s
  24   2.54e-02 1.30e-01   2.26790646e+15 -9.04883555e+14  6.74e+08    1788s
  25   1.18e-02 7.78e-02   1.59157155e+15 -6.14912530e+14  4.68e+08    1866s
  26   4.56e-03 4.35e-02   9.80573328e+14 -3.89415448e+14  2.90e+08    1939s
  27   2.29e-03 2.61e-02   6.86627054e+14 -2.59129194e+14  2.00e+08    2010s
  28   1.09e-03 1.70e-02   4.48759038e+14 -1.82263869e+14  1.33e+08    2081s
  29   5.72e-04 9.90e-03   3.07488627e+14 -1.15974413e+14  8.90e+07    2151s
  30   3.47e-04 6.23e-03   2.25041640e+14 -7.87655630e+13  6.37e+07    2220s
  31   1.74e-04 3.96e-03   1.36874544e+14 -5.29025820e+13  3.97e+07    2288s
  32   8.58e-05 2.43e-03   9.11676883e+13 -3.53086321e+13  2.64e+07    2353s
  33   4.20e-05 1.46e-03   6.43962383e+13 -2.36707935e+13  1.84e+07    2417s
  34   1.91e-05 4.55e-04   3.98611835e+13 -9.39966959e+12  1.03e+07    2481s
  35   1.14e-05 2.32e-04   2.69459050e+13 -5.43823519e+12  6.74e+06    2542s
  36   1.14e-05 1.24e-04   2.47683282e+13 -4.22589192e+12  6.03e+06    2600s
  37   7.63e-06 5.76e-05   2.00274284e+13 -2.89993626e+12  4.77e+06    2655s
  38   4.77e-06 1.63e-05   1.20673555e+13 -1.36811888e+12  2.79e+06    2710s
  39   4.29e-06 8.64e-06   1.00742300e+13 -1.04108792e+12  2.31e+06    2765s
  40   3.81e-06 2.69e-06   7.15293969e+12 -5.46254600e+11  1.60e+06    2817s
  41   6.63e-06 9.52e-07   5.67259459e+12 -3.04134392e+11  1.24e+06    2868s
  42   5.85e-06 4.27e-07   2.85616564e+12 -1.47902721e+11  6.24e+05    2920s
  43   3.49e-06 2.96e-07   1.99167648e+12 -1.27385289e+11  4.40e+05    2972s
  44   6.71e-06 1.70e-07   1.20763461e+12 -7.86635514e+10  2.67e+05    3026s
  45   2.25e-06 9.50e-08   8.56362558e+11 -3.37158981e+10  1.85e+05    3085s
  46   3.28e-06 2.89e-08   6.36349708e+11  7.88232730e+09  1.31e+05    3150s
  47   4.20e-06 1.68e-08   3.93575498e+11  3.19928876e+10  7.52e+04    3229s
  48   4.40e-06 7.45e-09   2.92578987e+11  5.15113471e+10  5.01e+04    3307s
  49   3.13e-06 5.59e-09   1.91798090e+11  6.02736727e+10  2.73e+04    3378s
  50   3.79e-06 3.73e-09   1.46084224e+11  6.51411966e+10  1.68e+04    3446s
  51   4.12e-06 5.59e-09   1.27564924e+11  7.00714201e+10  1.19e+04    3510s
  52   2.84e-06 3.73e-09   1.00229742e+11  7.36600472e+10  5.52e+03    3571s
  53   2.32e-06 5.59e-09   8.90119935e+10  7.53319492e+10  2.84e+03    3636s
  54   4.16e-06 4.66e-09   8.49092354e+10  7.65086066e+10  1.75e+03    3694s
  55   2.25e-06 3.73e-09   8.10576800e+10  7.69346674e+10  8.57e+02    3749s
  56   4.00e-06 3.73e-09   7.96445796e+10  7.72243472e+10  5.03e+02    3802s
  57   2.57e-06 3.73e-09   7.82828948e+10  7.74170139e+10  1.80e+02    3854s
  58   4.15e-06 3.73e-09   7.78991007e+10  7.74812227e+10  8.69e+01    3906s
  59   3.35e-06 3.73e-09   7.77691516e+10  7.75085260e+10  5.42e+01    3956s
  60   3.24e-06 3.73e-09   7.76676679e+10  7.75179921e+10  3.11e+01    4003s
  61   2.71e-06 4.66e-09   7.75701469e+10  7.75227775e+10  9.85e+00    4049s
  62   4.94e-06 5.59e-09   7.75413140e+10  7.75237752e+10  3.65e+00    4095s
  63   4.22e-06 4.66e-09   7.75291601e+10  7.75257891e+10  7.01e-01    4146s
  64   6.08e-06 3.73e-09   7.75266858e+10  7.75262338e+10  9.39e-02    4197s
  65   5.31e-06 3.73e-09   7.75263896e+10  7.75263494e+10  8.35e-03    4247s
  66   5.96e-06 4.66e-09   7.75263616e+10  7.75263580e+10  7.53e-04    4297s
  67   2.86e-05 3.73e-09   7.75263600e+10  7.75263593e+10  1.50e-04    4348s
  68   2.11e-05 1.86e-09   7.75263598e+10  7.75263597e+10  1.67e-05    4397s
  69*  6.14e-06 1.86e-09   7.75263597e+10  7.75263597e+10  2.32e-06    4442s
Summary
    Runtime:                                            4442.46s
    Status interior point solve:                        optimal
    Status crossover:                                   not run
    objective value:                                    7.75263597e+10
    interior solution primal residual (abs/rel):        7.39e-06 / 4.21e-15
    interior solution dual residual (abs/rel):          9.31e-10 / 9.49e-17
    interior solution objective gap (abs/rel):          6.34e+00 / 8.17e-11
Ipx: IPM       optimal
Model   status      : Optimal
IPM       iterations: 69
Objective value     :  7.7526359739e+10
HiGHS run time      :       4472.53
Presolving model
2648606 rows, 5302747 cols, 14235150 nonzeros
2083257 rows, 2235965 cols, 8089112 nonzeros
2080373 rows, 2232271 cols, 8081703 nonzeros
Presolve : Reductions: rows 2080373(-19918855); columns 2232271(-12102656); elements 8081703(-99114132)
Solving the presolved LP
IPX model has 2080373 rows, 2232271 columns and 8081703 nonzeros
Input
    Number of variables:                                2232271
    Number of free variables:                           0
    Number of constraints:                              2080373
    Number of equality constraints:                     74400
    Number of matrix entries:                           8081703
    Matrix range:                                       [1e-02, 1e+00]
    RHS range:                                          [4e+03, 2e+09]
    Objective range:                                    [9e-05, 1e+07]
    Bounds range:                                       [7e+05, 1e+08]
Preprocessing
    Dualized model:                                     no
    Number of dense columns:                            0
    Range of scaling factors:                           [1.00e+00, 2.00e+00]
IPX version 1.0
Interior Point Solve
 Iter     P.res    D.res            P.obj           D.obj        mu     Time
   0   3.69e+08 4.50e+06   3.16866225e+15 -7.19670719e+19  1.68e+15       2s
   1   8.34e+07 2.74e+06   2.04746614e+19 -7.15850206e+19  9.35e+14       7s
   2   5.44e+07 1.84e+06   2.72150369e+19 -9.62992914e+19  7.82e+14      24s
   3   1.80e+07 6.62e+05   2.92213168e+19 -7.16987244e+19  3.03e+14      52s
 Constructing starting basis...
   4   3.14e+06 1.18e+05   2.65646401e+19 -3.08470421e+19  6.40e+13     149s
   5   4.53e+05 2.45e+04   1.73348235e+19 -1.00663459e+19  1.56e+13     223s
   6   1.29e+05 1.01e+04   1.05772200e+19 -5.62174547e+18  7.03e+12     294s
   7   5.54e+04 5.82e+03   7.35521747e+18 -3.99115529e+18  4.28e+12     364s
   8   1.58e+04 2.18e+03   3.98790854e+18 -1.98151680e+18  1.81e+12     435s
   9   5.99e+03 1.66e+03   2.79379606e+18 -1.69352700e+18  1.32e+12     519s
  10   1.39e+03 5.12e+02   1.45612852e+18 -7.53946079e+17  5.48e+11     615s
  11   6.53e+02 2.91e+02   9.11958376e+17 -4.82112246e+17  3.29e+11     722s
  12   2.22e+02 1.67e+02   4.95623328e+17 -3.11585551e+17  1.85e+11     812s
  13   6.89e+01 7.12e+01   2.47933761e+17 -1.54008886e+17  8.95e+10     893s
  14   2.89e+01 2.81e+01   1.33675132e+17 -6.87394108e+16  4.41e+10     995s
  15   1.41e+01 1.27e+01   7.84966734e+16 -3.48435826e+16  2.45e+10    1116s
  16   8.58e+00 7.11e+00   5.67363298e+16 -2.19763655e+16  1.69e+10    1234s
  17   5.55e+00 3.96e+00   4.40512835e+16 -1.44673882e+16  1.25e+10    1330s
  18   3.19e+00 2.98e+00   3.14904901e+16 -1.16846785e+16  9.23e+09    1419s
  19   1.59e+00 2.08e+00   2.10921389e+16 -8.81650536e+15  6.41e+09    1508s
  20   5.75e-01 9.86e-01   1.14574030e+16 -4.65973717e+15  3.45e+09    1595s
  21   2.76e-01 5.98e-01   7.60143441e+15 -3.08867231e+15  2.28e+09    1687s
  22   1.22e-01 3.50e-01   4.65523992e+15 -1.96030667e+15  1.41e+09    1777s
  23   6.56e-02 2.02e-01   3.39718950e+15 -1.28572373e+15  9.96e+08    1871s
  24   3.87e-02 1.17e-01   2.44120446e+15 -8.26262177e+14  6.92e+08    1959s
  25   1.95e-02 7.20e-02   1.57103708e+15 -5.53946973e+14  4.50e+08    2040s
  26   9.17e-03 4.06e-02   1.07296052e+15 -3.60284285e+14  3.02e+08    2120s
  27   4.76e-03 2.31e-02   7.20386518e+14 -2.28805053e+14  2.00e+08    2201s
  28   2.40e-03 1.46e-02   4.67160919e+14 -1.57256389e+14  1.31e+08    2280s
  29   1.04e-03 9.12e-03   2.74418098e+14 -1.05735476e+14  7.98e+07    2359s
  30   5.17e-04 5.15e-03   1.91190539e+14 -6.74029711e+13  5.42e+07    2430s
  31   2.73e-04 3.35e-03   1.27317723e+14 -4.68899824e+13  3.64e+07    2498s
  32   1.62e-04 1.90e-03   9.09381961e+13 -2.91570550e+13  2.51e+07    2564s
  33   9.92e-05 1.28e-03   6.17974654e+13 -2.05225950e+13  1.72e+07    2629s
  34   4.67e-05 4.99e-04   3.66788128e+13 -9.31430202e+12  9.57e+06    2692s
  35   2.86e-05 2.57e-04   2.59862822e+13 -5.51252442e+12  6.55e+06    2754s
  36   2.29e-05 1.30e-04   2.39220896e+13 -4.08818559e+12  5.82e+06    2812s
  37   1.72e-05 6.04e-05   1.93312204e+13 -2.66887371e+12  4.57e+06    2868s
  38   9.54e-06 2.34e-05   1.22576810e+13 -1.46921708e+12  2.85e+06    2922s
  39   5.72e-06 1.18e-05   9.60740234e+12 -1.06990915e+12  2.22e+06    2977s
  40   5.38e-06 4.05e-06   5.93852593e+12 -5.92087849e+11  1.36e+06    3030s
  41   3.81e-06 1.23e-06   4.66120790e+12 -3.52325733e+11  1.04e+06    3085s
  42   4.93e-06 5.63e-07   3.30582584e+12 -1.80184570e+11  7.25e+05    3139s
  43   3.67e-06 3.51e-07   2.12358972e+12 -1.45656369e+11  4.72e+05    3190s
  44   6.37e-06 1.77e-07   1.29214358e+12 -8.71665895e+10  2.87e+05    3245s
  45   3.03e-06 8.01e-08   8.78730398e+11 -2.84868215e+10  1.89e+05    3304s
  46   3.42e-06 1.58e-08   6.29876370e+11  1.12951943e+10  1.29e+05    3371s
  47   4.19e-06 7.45e-09   4.26196631e+11  2.93743517e+10  8.25e+04    3450s
  48   4.42e-06 7.45e-09   2.89831543e+11  4.92015214e+10  5.00e+04    3520s
  49   4.58e-06 3.73e-09   1.93436613e+11  5.98269722e+10  2.78e+04    3594s
  50   6.06e-06 3.73e-09   1.39549565e+11  6.72337486e+10  1.50e+04    3666s
  51   2.29e-06 3.73e-09   1.26746127e+11  7.09280871e+10  1.16e+04    3735s
  52   2.37e-06 3.73e-09   1.00172633e+11  7.41312997e+10  5.41e+03    3795s
  53   2.86e-06 3.73e-09   8.91355301e+10  7.55461131e+10  2.82e+03    3860s
  54   2.04e-06 3.73e-09   8.36976410e+10  7.66070561e+10  1.47e+03    3919s
  55   2.52e-06 3.73e-09   8.08452204e+10  7.69761378e+10  8.04e+02    3975s
  56   4.13e-06 3.73e-09   7.92068476e+10  7.72193102e+10  4.13e+02    4027s
  57   3.07e-06 3.73e-09   7.81127238e+10  7.73804911e+10  1.52e+02    4079s
  58   3.59e-06 4.66e-09   7.77669792e+10  7.74417358e+10  6.76e+01    4129s
  59   3.43e-06 3.73e-09   7.75847117e+10  7.74666404e+10  2.45e+01    4179s
  60   5.54e-06 3.73e-09   7.75105256e+10  7.74761225e+10  7.15e+00    4230s
  61   3.46e-06 3.73e-09   7.74885303e+10  7.74799811e+10  1.78e+00    4281s
  62   2.90e-06 5.59e-09   7.74834899e+10  7.74815302e+10  4.07e-01    4333s
  63   3.13e-06 4.66e-09   7.74820175e+10  7.74818124e+10  4.26e-02    4382s
  64   2.15e-06 5.59e-09   7.74818851e+10  7.74818415e+10  9.06e-03    4433s
  65   5.59e-06 5.59e-09   7.74818538e+10  7.74818475e+10  1.32e-03    4484s
  66   1.77e-05 3.73e-09   7.74818504e+10  7.74818491e+10  2.82e-04    4537s
  67   1.74e-05 1.86e-09   7.74818498e+10  7.74818495e+10  6.40e-05    4588s
  68*  1.88e-05 9.31e-10   7.74818496e+10  7.74818496e+10  3.91e-06    4638s
Summary
    Runtime:                                            4638.05s
    Status interior point solve:                        optimal
    Status crossover:                                   not run
    objective value:                                    7.74818496e+10
    interior solution primal residual (abs/rel):        2.15e-05 / 1.22e-14
    interior solution dual residual (abs/rel):          9.31e-10 / 9.49e-17
    interior solution objective gap (abs/rel):          1.78e+01 / 2.30e-10
Ipx: IPM       optimal
Model   status      : Optimal
IPM       iterations: 68
Objective value     :  7.7481849590e+10
HiGHS run time      :       4672.48
[ Info: Rolling step not specified in scenaio.yaml file; Setting it to 25 years
[ Info: Demand-pathway mapping not specified in scenaio.yaml file; SERA will not look for eligible pathways for different demand types.
[ Info: Production capacity constraints from the grid model not defined. SERA will not create these constraints
[ Info: Regional technology limits not specified in scenaio.yaml file; SERA will not create these constraints
STARTING DATA PRE-PROCESSING 
Processing Temporal Data
Processing Nodes
Processing Demand
Processing Existings
Processing Links
Processing Pathways
Creating Infrastructure options
 53.289967 seconds (201.82 M allocations: 21.576 GiB, 56.75% gc time, 0.16% compilation time)

OPTIMIZING FROM 2026 TO 2050 

STARTING OPTIMIZATION MODEL CREATION
CREATING VARIABLES AND EXPRESSIONS
1106.963288 seconds (1.09 G allocations: 67.943 GiB, 94.13% gc time, 1.23% compilation time)
POPULATING EXPRESSIONS
336.364137 seconds (1.19 G allocations: 187.878 GiB, 26.38% gc time, 0.06% compilation time)
CREATING CONSTRAINTS
1226.361569 seconds (717.03 M allocations: 49.871 GiB, 93.32% gc time, 1.41% compilation time)
POPULATED CORE OPTIMIZATION MODEL, STARTING ITERATIONS
READING COST DATA FOR ITERATION 1
665.508293 seconds (312.63 M allocations: 29.234 GiB, 89.90% gc time, 0.06% compilation time)
CREATING EXPRESSIONS FOR CAPITAL AND FIXED COST
2486.501604 seconds (725.23 M allocations: 46.576 GiB, 93.56% gc time, 0.18% compilation time)
BUILDING OBJECTIVE FUNCTION
145.929915 seconds (203.00 M allocations: 5.946 GiB, 77.42% gc time, 0.83% compilation time)
Optimizing for iteration 1
10258.531854 seconds (245.30 M allocations: 24.893 GiB, 15.38% gc time, 0.00% compilation time)
OPTIMAL
4.823347374907523e10
 =  1.0
READING COST DATA FOR ITERATION 2
6382.303516 seconds (261.15 M allocations: 28.167 GiB, 23.69% gc time, 0.00% compilation time)
CREATING EXPRESSIONS FOR CAPITAL AND FIXED COST
4377.643536 seconds (724.44 M allocations: 46.478 GiB, 98.83% gc time, 0.00% compilation time)
BUILDING OBJECTIVE FUNCTION
171.813884 seconds (202.37 M allocations: 6.082 GiB, 83.13% gc time)
Optimizing for iteration 2
6261.636053 seconds (5 allocations: 32 bytes)
OPTIMAL
1.1036807387535216e11
 =  0.562976211730057
READING COST DATA FOR ITERATION 3
9077.871707 seconds (258.72 M allocations: 28.033 GiB, 21.65% gc time)
CREATING EXPRESSIONS FOR CAPITAL AND FIXED COST
5406.473156 seconds (724.44 M allocations: 46.478 GiB, 98.73% gc time)
BUILDING OBJECTIVE FUNCTION
241.922507 seconds (202.37 M allocations: 6.082 GiB, 83.81% gc time)
Optimizing for iteration 3
5008.143182 seconds (2 allocations: 32 bytes)
OPTIMAL
8.528252792895691e10
 =  0.29414636919899373
READING COST DATA FOR ITERATION 4
9080.166503 seconds (258.23 M allocations: 28.151 GiB, 22.56% gc time)
CREATING EXPRESSIONS FOR CAPITAL AND FIXED COST
5828.346890 seconds (724.44 M allocations: 46.478 GiB, 98.82% gc time)
BUILDING OBJECTIVE FUNCTION
240.664966 seconds (202.37 M allocations: 6.082 GiB, 83.72% gc time)
Optimizing for iteration 4
4799.774574 seconds (2 allocations: 32 bytes)
OPTIMAL
8.161532385132912e10
 =  0.04493278841069207
READING COST DATA FOR ITERATION 5
9036.117387 seconds (258.01 M allocations: 27.972 GiB, 22.66% gc time)
CREATING EXPRESSIONS FOR CAPITAL AND FIXED COST
5562.284288 seconds (724.44 M allocations: 46.478 GiB, 98.74% gc time)
BUILDING OBJECTIVE FUNCTION
244.674623 seconds (202.37 M allocations: 6.082 GiB, 83.91% gc time)
Optimizing for iteration 5
4735.482424 seconds (2 allocations: 32 bytes)
OPTIMAL
7.963604996740915e10
 =  0.024853993696081513
READING COST DATA FOR ITERATION 6
9246.512632 seconds (257.92 M allocations: 28.119 GiB, 22.69% gc time)
CREATING EXPRESSIONS FOR CAPITAL AND FIXED COST
5684.103416 seconds (724.44 M allocations: 46.478 GiB, 98.76% gc time)
BUILDING OBJECTIVE FUNCTION
248.575675 seconds (202.37 M allocations: 6.082 GiB, 83.96% gc time)
Optimizing for iteration 6
4559.968608 seconds (2 allocations: 32 bytes)
OPTIMAL
7.843486499488904e10
 =  0.015314426468935771
READING COST DATA FOR ITERATION 7
9097.609549 seconds (257.89 M allocations: 28.055 GiB, 23.04% gc time)
CREATING EXPRESSIONS FOR CAPITAL AND FIXED COST
5725.023642 seconds (724.44 M allocations: 46.478 GiB, 98.52% gc time)
BUILDING OBJECTIVE FUNCTION
251.375854 seconds (202.37 M allocations: 6.082 GiB, 84.27% gc time)
Optimizing for iteration 7
4439.356553 seconds (2 allocations: 32 bytes)
OPTIMAL
7.78753781759933e10
 =  0.007184386540995915
READING COST DATA FOR ITERATION 8
9177.477444 seconds (257.86 M allocations: 28.367 GiB, 23.39% gc time)
CREATING EXPRESSIONS FOR CAPITAL AND FIXED COST
6101.224299 seconds (724.44 M allocations: 46.478 GiB, 98.83% gc time)
BUILDING OBJECTIVE FUNCTION
254.046117 seconds (202.37 M allocations: 6.082 GiB, 84.43% gc time)
Optimizing for iteration 8
4456.568098 seconds (2 allocations: 32 bytes)
OPTIMAL
7.763599678405206e10
 =  0.0030833814445626823
READING COST DATA FOR ITERATION 9
9113.414790 seconds (257.86 M allocations: 28.017 GiB, 23.27% gc time)
CREATING EXPRESSIONS FOR CAPITAL AND FIXED COST
5778.676153 seconds (724.44 M allocations: 46.478 GiB, 98.78% gc time)
BUILDING OBJECTIVE FUNCTION
255.624951 seconds (202.37 M allocations: 6.082 GiB, 84.52% gc time)
Optimizing for iteration 9
4472.836683 seconds (2 allocations: 32 bytes)
OPTIMAL
7.752635973881898e10
 =  0.0014141905493211659
READING COST DATA FOR ITERATION 10
8374.139604 seconds (257.86 M allocations: 27.921 GiB, 24.04% gc time)
CREATING EXPRESSIONS FOR CAPITAL AND FIXED COST
5456.265998 seconds (724.44 M allocations: 46.478 GiB, 98.65% gc time)
BUILDING OBJECTIVE FUNCTION
279.599018 seconds (202.37 M allocations: 6.082 GiB, 84.68% gc time)
Optimizing for iteration 10
4672.734725 seconds (2 allocations: 32 bytes)
OPTIMAL
7.748184958970496e10
 =  0.0005744590423897676
ITERATIONS COMPLETED
WRITING RESULTS TO FILE
362.831574 seconds (150.60 M allocations: 6.439 GiB, 95.59% gc time, 0.19% compilation time)

THE OPTIMIZATION PROBLEM TOOK 3193.69 MINUTES TO SOLVE. 
