Running HiGHS 1.6.0: Copyright (c) 2023 HiGHS under MIT licence terms
Presolving model
6501 rows, 26810 cols, 57650 nonzeros
6266 rows, 10386 cols, 24478 nonzeros
6149 rows, 10245 cols, 24220 nonzeros
Presolve : Reductions: rows 6149(-439292); columns 10245(-236547); elements 24220(-1108588)
Solving the presolved LP
IPX model has 6149 rows, 10245 columns and 24220 nonzeros
Input
    Number of variables:                                10245
    Number of free variables:                           0
    Number of constraints:                              6149
    Number of equality constraints:                     2675
    Number of matrix entries:                           24220
    Matrix range:                                       [1e-02, 1e+00]
    RHS range:                                          [2e+05, 1e+07]
    Objective range:                                    [4e-04, 8e+00]
    Bounds range:                                       [2e+05, 1e+08]
Preprocessing
    Dualized model:                                     no
    Number of dense columns:                            0
    Range of scaling factors:                           [1.00e+00, 2.00e+00]
IPX version 1.0
Interior Point Solve
 Iter     P.res    D.res            P.obj           D.obj        mu     Time
   0   4.32e+06 3.74e+00   1.96121796e+08 -4.88320186e+11  4.02e+07       0s
   1   6.51e+05 9.04e-01   1.19477385e+10 -1.23186442e+11  9.52e+06       0s
   2   2.65e+05 8.05e-01   1.39533106e+10 -1.10508109e+11  8.70e+06       0s
   3   1.61e+05 6.43e-02   1.01621442e+10 -8.41521067e+09  1.31e+06       0s
   4   4.76e+04 8.91e-03   3.98671828e+09 -1.22776270e+09  3.48e+05       0s
 Constructing starting basis...
   5   2.08e+04 4.24e-03   2.14795766e+09 -4.55668297e+08  1.89e+05       0s
   6   9.48e+03 5.09e-04   1.72726782e+09  2.68183281e+08  1.00e+05       0s
   7   1.53e+03 2.13e-04   1.19436187e+09  4.39584639e+08  4.95e+04       0s
   8   3.73e+02 8.40e-05   8.76844686e+08  5.81568537e+08  1.91e+04       0s
   9   2.58e+02 3.57e-05   8.31229812e+08  6.25227365e+08  1.33e+04       0s
  10   1.59e+02 2.03e-05   7.76386203e+08  6.43566858e+08  8.55e+03       0s
  11   6.71e+01 1.04e-05   7.25079822e+08  6.56723414e+08  4.39e+03       0s
  12   2.84e+01 5.53e-06   7.04135752e+08  6.63585510e+08  2.60e+03       0s
  13   6.90e+00 2.40e-06   6.88994910e+08  6.68850490e+08  1.29e+03       0s
  14   2.10e+00 9.37e-07   6.80682606e+08  6.72505569e+08  5.22e+02       0s
  15   8.74e-01 4.09e-07   6.78746010e+08  6.73681247e+08  3.23e+02       0s
  16   4.39e-01 1.68e-07   6.77254510e+08  6.74506357e+08  1.75e+02       0s
  17   9.57e-02 8.69e-08   6.75953330e+08  6.74805432e+08  7.31e+01       0s
  18   2.01e-02 1.88e-08   6.75481996e+08  6.75099219e+08  2.44e+01       0s
  19   2.94e-03 2.63e-09   6.75284073e+08  6.75191285e+08  5.91e+00       0s
  20   2.98e-08 1.03e-09   6.75234786e+08  6.75202760e+08  2.04e+00       0s
  21   2.98e-08 3.28e-11   6.75218383e+08  6.75214592e+08  2.41e-01       0s
  22   2.98e-08 3.55e-15   6.75215424e+08  6.75214990e+08  2.76e-02       0s
  23*  2.98e-08 1.78e-15   6.75214990e+08  6.75214990e+08  2.22e-05       0s
Summary
    Runtime:                                            0.27s
    Status interior point solve:                        optimal
    Status crossover:                                   not run
    objective value:                                    6.75214990e+08
    interior solution primal residual (abs/rel):        2.98e-08 / 2.04e-16
    interior solution dual residual (abs/rel):          1.11e-15 / 1.22e-16
    interior solution objective gap (abs/rel):          3.49e-01 / 5.16e-10
Ipx: IPM       optimal
Model   status      : Optimal
IPM       iterations: 23
Objective value     :  6.8395835635e+08
HiGHS run time      :          0.57
Presolving model
6501 rows, 26810 cols, 57650 nonzeros
6266 rows, 10386 cols, 24478 nonzeros
6149 rows, 10245 cols, 24220 nonzeros
Presolve : Reductions: rows 6149(-439292); columns 10245(-236547); elements 24220(-1108588)
Solving the presolved LP
IPX model has 6149 rows, 10245 columns and 24220 nonzeros
Input
    Number of variables:                                10245
    Number of free variables:                           0
    Number of constraints:                              6149
    Number of equality constraints:                     2675
    Number of matrix entries:                           24220
    Matrix range:                                       [1e-02, 1e+00]
    RHS range:                                          [2e+05, 1e+07]
    Objective range:                                    [4e-04, 6e+05]
    Bounds range:                                       [2e+05, 1e+08]
Preprocessing
    Dualized model:                                     no
    Number of dense columns:                            0
    Range of scaling factors:                           [1.00e+00, 2.00e+00]
IPX version 1.0
Interior Point Solve
 Iter     P.res    D.res            P.obj           D.obj        mu     Time
   0   4.54e+06 2.50e+05   4.17028448e+12 -3.35116740e+16  2.76e+12       0s
   1   1.18e+06 1.63e+05   4.84370940e+14 -2.22259374e+16  1.68e+12       0s
   2   6.15e+05 1.00e+05   8.44435960e+14 -1.48186291e+16  1.30e+12       0s
   3   2.79e+05 1.53e+04   6.42678399e+14 -2.27438257e+15  2.53e+11       0s
   4   6.61e+04 3.29e+03   2.62020531e+14 -5.35607381e+14  6.42e+10       0s
   5   1.68e+04 5.88e+02   7.98766271e+13 -1.11855037e+14  1.48e+10       0s
   6   5.50e+03 1.29e+02   2.40973146e+13 -3.31846631e+13  4.41e+09       0s
 Constructing starting basis...
   7   1.82e+03 2.68e+01   6.99162396e+12 -8.78616645e+12  1.20e+09       0s
   8   3.99e+02 8.21e+00   2.56291410e+12 -2.29571310e+12  3.73e+08       0s
   9   8.18e+01 2.40e+00   7.33360764e+11 -7.21164297e+11  1.14e+08       0s
  10   1.45e+01 5.68e-01   1.99218918e+11 -1.75526663e+11  2.95e+07       0s
  11   4.17e+00 2.46e-01   9.22795288e+10 -8.40901576e+10  1.44e+07       0s
  12   1.07e+00 6.84e-02   3.39439529e+10 -2.38973856e+10  4.60e+06       0s
  13   5.86e-01 1.42e-02   2.29066825e+10 -5.14162683e+09  1.99e+06       0s
  14   3.80e-01 4.24e-03   1.71345822e+10 -1.25599614e+09  1.24e+06       0s
  15   2.41e-01 3.30e-03   1.47199974e+10 -1.02126497e+09  1.07e+06       0s
  16   1.03e-01 5.92e-04   7.48657094e+09  1.00622897e+09  4.21e+05       0s
  17   4.15e-02 6.34e-05   5.20249826e+09  1.14337129e+09  2.60e+05       0s
  18   7.57e-03 2.22e-05   2.43469171e+09  1.37286676e+09  6.78e+04       0s
  19   1.19e-03 5.89e-06   1.74850995e+09  1.49363938e+09  1.62e+04       0s
  20   4.95e-04 2.39e-06   1.64189261e+09  1.52766246e+09  7.28e+03       0s
  21   1.36e-04 9.56e-07   1.59030204e+09  1.54182226e+09  3.09e+03       0s
  22   2.45e-05 3.87e-07   1.56575566e+09  1.54897471e+09  1.07e+03       0s
  23   5.22e-06 1.72e-07   1.55872578e+09  1.55212803e+09  4.20e+02       0s
  24   9.54e-07 4.67e-08   1.55662578e+09  1.55404190e+09  1.64e+02       0s
  25   3.58e-07 1.80e-08   1.55579078e+09  1.55459909e+09  7.58e+01       0s
  26   8.94e-08 4.66e-09   1.55520715e+09  1.55491066e+09  1.89e+01       0s
  27   2.98e-08 1.11e-09   1.55505965e+09  1.55499772e+09  3.94e+00       0s
  28   2.98e-08 4.66e-10   1.55504163e+09  1.55501544e+09  1.67e+00       0s
  29   2.98e-08 2.33e-10   1.55502485e+09  1.55501932e+09  3.52e-01       0s
  30   2.98e-08 2.33e-10   1.55502411e+09  1.55502312e+09  6.32e-02       0s
  31   2.98e-08 1.16e-10   1.55502359e+09  1.55502345e+09  9.09e-03       0s
  32   2.98e-08 1.16e-10   1.55502351e+09  1.55502349e+09  1.30e-03       0s
  33   2.98e-08 2.33e-10   1.55502350e+09  1.55502350e+09  3.77e-04       0s
  34*  9.69e-08 1.16e-10   1.55502350e+09  1.55502350e+09  3.99e-05       0s
Summary
    Runtime:                                            0.39s
    Status interior point solve:                        optimal
    Status crossover:                                   not run
    objective value:                                    1.55502350e+09
    interior solution primal residual (abs/rel):        1.06e-07 / 7.27e-16
    interior solution dual residual (abs/rel):          1.16e-10 / 1.88e-16
    interior solution objective gap (abs/rel):          6.00e-01 / 3.86e-10
Ipx: IPM       optimal
Model   status      : Optimal
IPM       iterations: 34
Objective value     :  1.5777427835e+09
HiGHS run time      :          0.65
Presolving model
6501 rows, 26810 cols, 57650 nonzeros
6266 rows, 10386 cols, 24478 nonzeros
6149 rows, 10245 cols, 24220 nonzeros
Presolve : Reductions: rows 6149(-439292); columns 10245(-236547); elements 24220(-1108588)
Solving the presolved LP
IPX model has 6149 rows, 10245 columns and 24220 nonzeros
Input
    Number of variables:                                10245
    Number of free variables:                           0
    Number of constraints:                              6149
    Number of equality constraints:                     2675
    Number of matrix entries:                           24220
    Matrix range:                                       [1e-02, 1e+00]
    RHS range:                                          [2e+05, 1e+07]
    Objective range:                                    [4e-04, 6e+05]
    Bounds range:                                       [2e+05, 1e+08]
Preprocessing
    Dualized model:                                     no
    Number of dense columns:                            0
    Range of scaling factors:                           [1.00e+00, 2.00e+00]
IPX version 1.0
Interior Point Solve
 Iter     P.res    D.res            P.obj           D.obj        mu     Time
   0   4.52e+06 2.58e+05   8.37885446e+12 -3.45631604e+16  2.84e+12       0s
   1   1.26e+06 1.68e+05   5.37693740e+14 -2.28900229e+16  1.74e+12       0s
   2   6.67e+05 1.02e+05   9.33291636e+14 -1.50005975e+16  1.32e+12       0s
   3   1.99e+05 1.68e+04   6.53143892e+14 -2.51109532e+15  2.56e+11       0s
   4   5.63e+04 4.21e+03   2.86361937e+14 -6.60988469e+14  7.27e+10       0s
   5   1.14e+04 9.66e+02   8.63125228e+13 -1.71087497e+14  1.86e+10       0s
   6   3.84e+03 2.51e+02   3.01855658e+13 -5.33789405e+13  5.96e+09       0s
 Constructing starting basis...
   7   1.38e+03 8.08e+01   1.14804614e+13 -1.94063692e+13  2.50e+09       0s
   8   4.65e+02 3.26e+01   6.93519345e+12 -8.54693114e+12  1.28e+09       0s
   9   1.52e+02 1.50e+01   3.59730275e+12 -4.21385877e+12  6.71e+08       0s
  10   3.83e+01 5.96e+00   1.54712754e+12 -1.87939837e+12  3.04e+08       0s
  11   4.14e+00 2.76e-01   5.37682949e+11 -2.41074003e+11  5.47e+07       0s
  12   1.31e+00 5.23e-02   2.20832821e+11 -5.91547043e+10  1.92e+07       0s
  13   4.26e-01 7.48e-03   8.37610771e+10 -1.10230467e+10  6.25e+06       0s
  14   1.56e-01 3.78e-03   3.32384424e+10 -5.13923952e+09  2.52e+06       0s
  15   3.16e-02 1.07e-03   1.06998048e+10 -1.02935877e+09  7.65e+05       0s
  16   7.55e-03 2.64e-04   4.21665333e+09  5.65905783e+08  2.35e+05       0s
  17   1.43e-03 7.70e-05   2.09513087e+09  1.01690220e+09  6.89e+04       0s
  18   3.16e-04 2.99e-05   1.46594053e+09  1.16586973e+09  1.91e+04       0s
  19   1.23e-04 1.34e-05   1.35922243e+09  1.21990501e+09  8.87e+03       0s
  20   2.69e-05 6.14e-06   1.29988026e+09  1.24512407e+09  3.49e+03       0s
  21   6.23e-06 2.50e-06   1.28029060e+09  1.25902648e+09  1.35e+03       0s
  22   1.16e-06 1.12e-06   1.27317592e+09  1.26461739e+09  5.45e+02       0s
  23   6.26e-07 3.72e-07   1.27186441e+09  1.26781751e+09  2.58e+02       0s
  24   2.68e-07 1.30e-07   1.27068704e+09  1.26892812e+09  1.12e+02       0s
  25   5.96e-08 3.02e-08   1.26985349e+09  1.26942384e+09  2.73e+01       0s
  26   2.98e-08 4.37e-09   1.26962002e+09  1.26957174e+09  3.07e+00       0s
  27   2.98e-08 6.98e-10   1.26960038e+09  1.26959328e+09  4.52e-01       0s
  28   2.98e-08 2.33e-10   1.26959675e+09  1.26959571e+09  6.61e-02       0s
  29   2.98e-08 1.16e-10   1.26959655e+09  1.26959639e+09  1.04e-02       0s
  30   2.98e-08 1.16e-10   1.26959647e+09  1.26959645e+09  1.28e-03       0s
  31   2.98e-08 1.16e-10   1.26959646e+09  1.26959646e+09  1.64e-04       0s
  32*  9.69e-08 1.16e-10   1.26959646e+09  1.26959646e+09  5.15e-06       0s
Summary
    Runtime:                                            0.37s
    Status interior point solve:                        optimal
    Status crossover:                                   not run
    objective value:                                    1.26959646e+09
    interior solution primal residual (abs/rel):        7.64e-08 / 5.23e-16
    interior solution dual residual (abs/rel):          1.16e-10 / 1.88e-16
    interior solution objective gap (abs/rel):          5.84e-02 / 4.60e-11
Ipx: IPM       optimal
Model   status      : Optimal
IPM       iterations: 32
Objective value     :  1.2923157437e+09
HiGHS run time      :          0.61
Presolving model
6501 rows, 26810 cols, 57650 nonzeros
6266 rows, 10386 cols, 24478 nonzeros
6149 rows, 10245 cols, 24220 nonzeros
Presolve : Reductions: rows 6149(-439292); columns 10245(-236547); elements 24220(-1108588)
Solving the presolved LP
IPX model has 6149 rows, 10245 columns and 24220 nonzeros
Input
    Number of variables:                                10245
    Number of free variables:                           0
    Number of constraints:                              6149
    Number of equality constraints:                     2675
    Number of matrix entries:                           24220
    Matrix range:                                       [1e-02, 1e+00]
    RHS range:                                          [2e+05, 1e+07]
    Objective range:                                    [4e-04, 6e+05]
    Bounds range:                                       [2e+05, 1e+08]
Preprocessing
    Dualized model:                                     no
    Number of dense columns:                            0
    Range of scaling factors:                           [1.00e+00, 2.00e+00]
IPX version 1.0
Interior Point Solve
 Iter     P.res    D.res            P.obj           D.obj        mu     Time
   0   4.52e+06 2.58e+05   8.54441195e+12 -3.45554256e+16  2.84e+12       0s
   1   1.26e+06 1.68e+05   5.38972833e+14 -2.28705175e+16  1.74e+12       0s
   2   6.66e+05 1.01e+05   9.35532162e+14 -1.49885639e+16  1.32e+12       0s
   3   1.99e+05 1.67e+04   6.54756024e+14 -2.49319564e+15  2.54e+11       0s
   4   5.28e+04 4.22e+03   2.77244300e+14 -6.60261584e+14  7.15e+10       0s
   5   1.06e+04 9.06e+02   8.62881775e+13 -1.62741071e+14  1.78e+10       0s
 Constructing starting basis...
   6   1.94e+03 3.32e+02   1.82795623e+13 -6.76665569e+13  7.50e+09       0s
   7   4.91e+02 1.71e+02   1.02899126e+13 -3.48693945e+13  4.07e+09       0s
   8   2.49e+02 5.87e+01   9.59222027e+12 -1.59346147e+13  2.18e+09       0s
   9   4.66e+01 2.35e+01   5.07036194e+12 -7.11020762e+12  1.08e+09       0s
  10   1.86e+01 1.23e+01   3.38453566e+12 -4.38599264e+12  7.15e+08       0s
  11   7.39e+00 2.94e+00   2.26200986e+12 -1.62743883e+12  3.17e+08       0s
  12   1.43e+00 1.21e-01   7.13141860e+11 -1.84737113e+11  6.07e+07       0s
  13   3.15e-01 4.20e-02   2.61068085e+11 -8.72132035e+10  2.50e+07       0s
  14   7.91e-02 4.97e-03   7.64178969e+10 -1.06534045e+10  5.82e+06       0s
  15   1.52e-02 1.04e-03   2.17284823e+10 -2.30008557e+09  1.57e+06       0s
  16   2.91e-03 1.98e-04   6.38429288e+09  3.15059169e+08  3.89e+05       0s
  17   3.89e-04 6.50e-05   2.69155235e+09  8.14138814e+08  1.20e+05       0s
  18   3.93e-05 1.30e-05   1.53594423e+09  1.10877742e+09  2.72e+04       0s
  19   1.04e-05 5.04e-06   1.31615038e+09  1.17502645e+09  8.98e+03       0s
  20   3.90e-06 1.71e-06   1.27402179e+09  1.20264870e+09  4.54e+03       0s
  21   1.49e-06 6.76e-07   1.25058165e+09  1.21301799e+09  2.39e+03       0s
  22   6.56e-07 2.80e-07   1.23607018e+09  1.21846988e+09  1.12e+03       0s
  23   1.79e-07 1.27e-07   1.22644129e+09  1.22077353e+09  3.61e+02       0s
  24   5.96e-08 3.95e-08   1.22421929e+09  1.22210345e+09  1.35e+02       0s
  25   2.98e-08 1.49e-08   1.22337476e+09  1.22250012e+09  5.56e+01       0s
  26   2.98e-08 3.38e-09   1.22296430e+09  1.22275556e+09  1.33e+01       0s
  27   2.98e-08 5.82e-10   1.22284867e+09  1.22281967e+09  1.85e+00       0s
  28   2.98e-08 2.33e-10   1.22283178e+09  1.22282916e+09  1.67e-01       0s
  29   2.98e-08 1.16e-10   1.22283023e+09  1.22282995e+09  1.75e-02       0s
  30   7.82e-08 1.16e-10   1.22283009e+09  1.22283004e+09  3.01e-03       0s
  31   2.98e-08 1.16e-10   1.22283007e+09  1.22283006e+09  4.76e-04       0s
  32*  5.96e-08 2.33e-10   1.22283007e+09  1.22283006e+09  7.69e-05       0s
Summary
    Runtime:                                            0.37s
    Status interior point solve:                        optimal
    Status crossover:                                   not run
    objective value:                                    1.22283007e+09
    interior solution primal residual (abs/rel):        5.40e-08 / 3.70e-16
    interior solution dual residual (abs/rel):          2.33e-10 / 3.76e-16
    interior solution objective gap (abs/rel):          1.16e+00 / 9.50e-10
Ipx: IPM       optimal
Model   status      : Optimal
IPM       iterations: 32
Objective value     :  1.2455493483e+09
HiGHS run time      :          0.61
Presolving model
6501 rows, 26810 cols, 57650 nonzeros
6266 rows, 10386 cols, 24478 nonzeros
6149 rows, 10245 cols, 24220 nonzeros
Presolve : Reductions: rows 6149(-439292); columns 10245(-236547); elements 24220(-1108588)
Solving the presolved LP
IPX model has 6149 rows, 10245 columns and 24220 nonzeros
Input
    Number of variables:                                10245
    Number of free variables:                           0
    Number of constraints:                              6149
    Number of equality constraints:                     2675
    Number of matrix entries:                           24220
    Matrix range:                                       [1e-02, 1e+00]
    RHS range:                                          [2e+05, 1e+07]
    Objective range:                                    [4e-04, 6e+05]
    Bounds range:                                       [2e+05, 1e+08]
Preprocessing
    Dualized model:                                     no
    Number of dense columns:                            0
    Range of scaling factors:                           [1.00e+00, 2.00e+00]
IPX version 1.0
Interior Point Solve
 Iter     P.res    D.res            P.obj           D.obj        mu     Time
   0   4.52e+06 2.58e+05   8.54441195e+12 -3.45554256e+16  2.84e+12       0s
   1   1.26e+06 1.68e+05   5.38972833e+14 -2.28705175e+16  1.74e+12       0s
   2   6.66e+05 1.01e+05   9.35532162e+14 -1.49885639e+16  1.32e+12       0s
   3   1.99e+05 1.67e+04   6.54756024e+14 -2.49319564e+15  2.54e+11       0s
   4   5.28e+04 4.22e+03   2.77244300e+14 -6.60261584e+14  7.15e+10       0s
   5   1.06e+04 9.06e+02   8.62881775e+13 -1.62741071e+14  1.78e+10       0s
 Constructing starting basis...
   6   1.94e+03 3.32e+02   1.82795623e+13 -6.76665569e+13  7.50e+09       0s
   7   4.91e+02 1.71e+02   1.02899126e+13 -3.48693945e+13  4.07e+09       0s
   8   2.49e+02 5.87e+01   9.59222027e+12 -1.59346147e+13  2.18e+09       0s
   9   4.66e+01 2.35e+01   5.07036194e+12 -7.11020762e+12  1.08e+09       0s
  10   1.86e+01 1.23e+01   3.38453566e+12 -4.38599264e+12  7.15e+08       0s
  11   7.39e+00 2.94e+00   2.26200986e+12 -1.62743883e+12  3.17e+08       0s
  12   1.43e+00 1.21e-01   7.13141860e+11 -1.84737113e+11  6.07e+07       0s
  13   3.15e-01 4.20e-02   2.61068085e+11 -8.72132035e+10  2.50e+07       0s
  14   7.91e-02 4.97e-03   7.64178969e+10 -1.06534045e+10  5.82e+06       0s
  15   1.52e-02 1.04e-03   2.17284823e+10 -2.30008557e+09  1.57e+06       0s
  16   2.91e-03 1.98e-04   6.38429288e+09  3.15059169e+08  3.89e+05       0s
  17   3.89e-04 6.50e-05   2.69155235e+09  8.14138814e+08  1.20e+05       0s
  18   3.93e-05 1.30e-05   1.53594423e+09  1.10877742e+09  2.72e+04       0s
  19   1.04e-05 5.04e-06   1.31615038e+09  1.17502645e+09  8.98e+03       0s
  20   3.90e-06 1.71e-06   1.27402179e+09  1.20264870e+09  4.54e+03       0s
  21   1.49e-06 6.76e-07   1.25058165e+09  1.21301799e+09  2.39e+03       0s
  22   6.56e-07 2.80e-07   1.23607018e+09  1.21846988e+09  1.12e+03       0s
  23   1.79e-07 1.27e-07   1.22644129e+09  1.22077353e+09  3.61e+02       0s
  24   5.96e-08 3.95e-08   1.22421929e+09  1.22210345e+09  1.35e+02       0s
  25   2.98e-08 1.49e-08   1.22337476e+09  1.22250012e+09  5.56e+01       0s
  26   2.98e-08 3.38e-09   1.22296430e+09  1.22275556e+09  1.33e+01       0s
  27   2.98e-08 5.82e-10   1.22284867e+09  1.22281967e+09  1.85e+00       0s
  28   2.98e-08 2.33e-10   1.22283178e+09  1.22282916e+09  1.67e-01       0s
  29   2.98e-08 1.16e-10   1.22283023e+09  1.22282995e+09  1.75e-02       0s
  30   7.82e-08 1.16e-10   1.22283009e+09  1.22283004e+09  3.01e-03       0s
  31   2.98e-08 1.16e-10   1.22283007e+09  1.22283006e+09  4.76e-04       0s
  32*  5.96e-08 2.33e-10   1.22283007e+09  1.22283006e+09  7.69e-05       0s
Summary
    Runtime:                                            0.37s
    Status interior point solve:                        optimal
    Status crossover:                                   not run
    objective value:                                    1.22283007e+09
    interior solution primal residual (abs/rel):        5.40e-08 / 3.70e-16
    interior solution dual residual (abs/rel):          2.33e-10 / 3.76e-16
    interior solution objective gap (abs/rel):          1.16e+00 / 9.50e-10
Ipx: IPM       optimal
Model   status      : Optimal
IPM       iterations: 32
Objective value     :  1.2455493483e+09
HiGHS run time      :          0.62
Running HiGHS 1.6.0: Copyright (c) 2023 HiGHS under MIT licence terms
Presolving model
7301 rows, 28855 cols, 62557 nonzeros
7024 rows, 12140 cols, 28014 nonzeros
6907 rows, 11203 cols, 26164 nonzeros
Presolve : Reductions: rows 6907(-438749); columns 11203(-235804); elements 26164(-1111489)
Solving the presolved LP
IPX model has 6907 rows, 11203 columns and 26164 nonzeros
Input
    Number of variables:                                11203
    Number of free variables:                           0
    Number of constraints:                              6907
    Number of equality constraints:                     2847
    Number of matrix entries:                           26164
    Matrix range:                                       [1e-02, 1e+00]
    RHS range:                                          [3e+05, 6e+07]
    Objective range:                                    [3e-04, 4e+05]
    Bounds range:                                       [5e+04, 1e+08]
Preprocessing
    Dualized model:                                     no
    Number of dense columns:                            0
    Range of scaling factors:                           [1.00e+00, 2.00e+00]
IPX version 1.0
Interior Point Solve
 Iter     P.res    D.res            P.obj           D.obj        mu     Time
   0   7.74e+06 1.79e+05   2.94530029e+13 -2.74444346e+16  2.60e+12       0s
   1   2.06e+06 1.12e+05   8.89413423e+14 -1.77916424e+16  1.46e+12       0s
   2   1.08e+06 5.80e+04   1.23391786e+15 -1.06711304e+16  9.83e+11       0s
   3   4.08e+05 6.66e+03   8.17035220e+14 -1.28688632e+15  1.74e+11       0s
   4   1.69e+05 2.23e+03   3.86788294e+14 -4.49441331e+14  6.56e+10       0s
   5   5.69e+04 7.24e+02   1.89504199e+14 -1.76667838e+14  2.67e+10       0s
   6   1.91e+04 1.64e+02   8.63915928e+13 -3.46461279e+13  8.60e+09       0s
 Constructing starting basis...
   7   6.77e+03 9.33e+01   5.97720165e+13 -5.22985490e+12  4.63e+09       0s
   8   4.80e+03 4.81e+01   5.59360840e+13  9.47338446e+12  3.24e+09       0s
   9   2.69e+03 2.54e+01   5.20945698e+13  1.91565768e+13  2.32e+09       0s
  10   9.51e+02 1.05e+01   4.38244969e+13  2.94282973e+13  1.02e+09       0s
  11   8.35e+02 2.71e+00   4.32707083e+13  3.24649702e+13  6.72e+08       0s
  12   5.83e+02 1.03e+00   4.18981374e+13  3.49665428e+13  4.24e+08       0s
  13   1.67e+02 3.14e-01   3.94634680e+13  3.67251680e+13  1.71e+08       0s
  14   5.43e+01 8.26e-02   3.85071483e+13  3.75569078e+13  5.86e+07       0s
  15   1.54e+01 1.13e-02   3.81220869e+13  3.78269499e+13  1.74e+07       0s
  16   3.87e+00 2.38e-03   3.79623097e+13  3.78771473e+13  4.93e+06       0s
  17   3.52e+00 2.05e-03   3.79590893e+13  3.78784859e+13  4.67e+06       0s
  18   1.83e+00 9.88e-04   3.79414347e+13  3.78851390e+13  3.24e+06       0s
  19   4.42e-01 4.82e-04   3.79183294e+13  3.78922555e+13  1.49e+06       0s
  20   2.39e-01 8.70e-05   3.79108219e+13  3.78989314e+13  6.67e+05       0s
  21   1.58e-02 1.31e-05   3.79030010e+13  3.79002722e+13  1.52e+05       0s
  22   3.83e-03 3.79e-06   3.79015250e+13  3.79008049e+13  4.00e+04       0s
  23   2.03e-03 1.57e-06   3.79013469e+13  3.79009171e+13  2.39e+04       0s
  24   1.57e-03 1.26e-06   3.79013184e+13  3.79009331e+13  2.14e+04       0s
  25   5.17e-04 5.47e-07   3.79011389e+13  3.79009938e+13  8.05e+03       0s
  26   2.00e-04 2.89e-07   3.79010907e+13  3.79010140e+13  4.26e+03       0s
  27   1.01e-04 1.39e-07   3.79010713e+13  3.79010278e+13  2.41e+03       0s
  28   4.45e-05 6.76e-08   3.79010585e+13  3.79010349e+13  1.31e+03       0s
  29   1.97e-05 2.41e-08   3.79010520e+13  3.79010396e+13  6.86e+02       0s
  30   7.96e-06 5.94e-09   3.79010480e+13  3.79010421e+13  3.29e+02       0s
  31   3.46e-06 2.10e-09   3.79010460e+13  3.79010428e+13  1.73e+02       0s
  32   6.85e-07 7.57e-10   3.79010441e+13  3.79010433e+13  4.49e+01       0s
  33   2.98e-07 3.49e-10   3.79010438e+13  3.79010435e+13  2.04e+01       1s
  34   8.94e-08 1.16e-10   3.79010436e+13  3.79010436e+13  4.38e+00       1s
  35*  2.98e-08 1.16e-10   3.79010436e+13  3.79010436e+13  1.81e+00       1s
Summary
    Runtime:                                            0.52s
    Status interior point solve:                        optimal
    Status crossover:                                   not run
    objective value:                                    3.79010436e+13
    interior solution primal residual (abs/rel):        5.22e-08 / 3.57e-16
    interior solution dual residual (abs/rel):          1.16e-10 / 3.01e-16
    interior solution objective gap (abs/rel):          3.26e+04 / 8.61e-10
Ipx: IPM       optimal
Model   status      : Optimal
IPM       iterations: 35
Objective value     :  3.9820667074e+13
HiGHS run time      :          0.81
Presolving model
7301 rows, 28855 cols, 62557 nonzeros
7024 rows, 12140 cols, 28014 nonzeros
6907 rows, 11203 cols, 26164 nonzeros
Presolve : Reductions: rows 6907(-438749); columns 11203(-235804); elements 26164(-1111489)
Solving the presolved LP
IPX model has 6907 rows, 11203 columns and 26164 nonzeros
Input
    Number of variables:                                11203
    Number of free variables:                           0
    Number of constraints:                              6907
    Number of equality constraints:                     2847
    Number of matrix entries:                           26164
    Matrix range:                                       [1e-02, 1e+00]
    RHS range:                                          [3e+05, 6e+07]
    Objective range:                                    [3e-04, 4e+05]
    Bounds range:                                       [5e+04, 1e+08]
Preprocessing
    Dualized model:                                     no
    Number of dense columns:                            0
    Range of scaling factors:                           [1.00e+00, 2.00e+00]
IPX version 1.0
Interior Point Solve
 Iter     P.res    D.res            P.obj           D.obj        mu     Time
   0   7.86e+06 1.75e+05   3.62770255e+12 -2.72534090e+16  2.56e+12       0s
   1   2.02e+06 1.10e+05   5.47111285e+14 -1.77283453e+16  1.44e+12       0s
   2   1.07e+06 5.79e+04   7.99847154e+14 -1.07367071e+16  9.78e+11       0s
   3   4.01e+05 7.51e+03   5.59227769e+14 -1.49862140e+15  1.77e+11       0s
   4   1.28e+05 1.29e+03   2.23244353e+14 -3.22038794e+14  4.44e+10       0s
   5   3.54e+04 4.83e+02   5.94597854e+13 -1.41993645e+14  1.52e+10       0s
 Constructing starting basis...
   6   5.17e+03 1.29e+02   1.72930490e+13 -4.79454709e+13  4.91e+09       0s
   7   9.76e+02 2.25e+01   8.25732321e+12 -1.08263909e+13  1.34e+09       0s
   8   1.38e+02 1.95e+00   1.78655522e+12 -1.28412192e+12  1.98e+08       0s
   9   3.09e+01 2.98e-01   5.19118028e+11 -2.41382986e+11  4.70e+07       0s
  10   1.83e+01 9.12e-02   3.27813052e+11 -9.23509419e+10  2.51e+07       0s
  11   1.39e+01 7.04e-02   2.77903841e+11 -8.32790061e+10  2.22e+07       0s
  12   8.63e+00 5.38e-02   2.15922727e+11 -7.58557796e+10  1.90e+07       0s
  13   3.00e+00 1.02e-02   1.09251796e+11 -2.81961163e+10  8.32e+06       0s
  14   3.70e-01 3.99e-03   3.76271231e+10 -1.37490277e+10  3.16e+06       0s
  15   4.25e-02 1.56e-03   1.71649392e+10 -5.17324642e+09  1.34e+06       0s
  16   2.29e-02 4.62e-04   1.16543083e+10  5.80268356e+08  6.34e+05       0s
  17   1.31e-02 1.03e-04   8.33691089e+09  2.48652344e+09  3.27e+05       0s
  18   2.96e-03 1.96e-05   5.07760500e+09  2.95157332e+09  1.18e+05       0s
  19   1.94e-03 1.60e-05   4.78140393e+09  2.99021209e+09  9.95e+04       0s
  20   8.96e-04 1.21e-05   4.08080724e+09  3.06776308e+09  5.63e+04       0s
  21   6.75e-04 1.04e-05   4.02254204e+09  3.08818027e+09  5.19e+04       0s
  22   1.84e-04 2.66e-06   3.55730579e+09  3.26888195e+09  1.60e+04       0s
  23   6.25e-05 7.72e-07   3.43315101e+09  3.32090726e+09  6.23e+03       0s
  24   1.57e-05 4.11e-07   3.37866224e+09  3.33320738e+09  2.52e+03       0s
  25   6.77e-06 1.65e-07   3.36568574e+09  3.34267834e+09  1.28e+03       0s
  26   2.15e-06 6.70e-08   3.35665087e+09  3.34717621e+09  5.26e+02       0s
  27   7.45e-07 2.58e-08   3.35360670e+09  3.34917633e+09  2.46e+02       0s
  28   2.09e-07 9.84e-09   3.35186757e+09  3.35014421e+09  9.56e+01       0s
  29   8.94e-08 1.11e-09   3.35128903e+09  3.35074215e+09  3.03e+01       0s
  30   2.98e-08 2.91e-10   3.35096140e+09  3.35084086e+09  6.69e+00       0s
  31   2.98e-08 1.16e-10   3.35087921e+09  3.35086518e+09  7.78e-01       0s
  32   6.34e-08 1.16e-10   3.35086975e+09  3.35086884e+09  5.07e-02       0s
  33   4.65e-08 1.16e-10   3.35086898e+09  3.35086894e+09  2.17e-03       0s
  34   3.35e-08 1.16e-10   3.35086895e+09  3.35086894e+09  4.04e-04       0s
  35*  7.02e-08 1.16e-10   3.35086895e+09  3.35086895e+09  4.37e-05       0s
Summary
    Runtime:                                            0.41s
    Status interior point solve:                        optimal
    Status crossover:                                   not run
    objective value:                                    3.35086895e+09
    interior solution primal residual (abs/rel):        7.45e-08 / 5.10e-16
    interior solution dual residual (abs/rel):          1.16e-10 / 3.01e-16
    interior solution objective gap (abs/rel):          7.34e-01 / 2.19e-10
Ipx: IPM       optimal
Model   status      : Optimal
IPM       iterations: 35
Objective value     :  3.3730430758e+09
HiGHS run time      :          0.68
Presolving model
7301 rows, 28855 cols, 62557 nonzeros
7024 rows, 12140 cols, 28014 nonzeros
6907 rows, 11203 cols, 26164 nonzeros
Presolve : Reductions: rows 6907(-438749); columns 11203(-235804); elements 26164(-1111489)
Solving the presolved LP
IPX model has 6907 rows, 11203 columns and 26164 nonzeros
Input
    Number of variables:                                11203
    Number of free variables:                           0
    Number of constraints:                              6907
    Number of equality constraints:                     2847
    Number of matrix entries:                           26164
    Matrix range:                                       [1e-02, 1e+00]
    RHS range:                                          [3e+05, 6e+07]
    Objective range:                                    [3e-04, 4e+05]
    Bounds range:                                       [5e+04, 1e+08]
Preprocessing
    Dualized model:                                     no
    Number of dense columns:                            0
    Range of scaling factors:                           [1.00e+00, 2.00e+00]
IPX version 1.0
Interior Point Solve
 Iter     P.res    D.res            P.obj           D.obj        mu     Time
   0   7.83e+06 1.79e+05   8.48841623e+12 -2.77400340e+16  2.61e+12       0s
   1   2.18e+06 1.12e+05   6.18259980e+14 -1.79973464e+16  1.48e+12       0s
   2   1.13e+06 5.88e+04   9.33806008e+14 -1.09179421e+16  1.00e+12       0s
   3   4.32e+05 9.21e+03   6.47183905e+14 -1.78701333e+15  2.06e+11       0s
   4   6.32e+04 1.49e+03   1.93889663e+14 -3.71788871e+14  3.97e+10       0s
   5   1.50e+04 5.41e+02   5.05863227e+13 -1.54626416e+14  1.37e+10       0s
 Constructing starting basis...
   6   2.41e+03 1.78e+02   2.05397198e+13 -5.24070201e+13  5.68e+09       0s
   7   2.54e+02 6.28e+01   8.82585629e+12 -2.08963277e+13  2.36e+09       0s
   8   4.04e+01 9.71e+00   3.41230501e+12 -4.83971018e+12  5.89e+08       0s
   9   9.71e+00 1.47e+00   1.00637278e+12 -7.40349423e+11  1.17e+08       0s
  10   3.66e+00 4.49e-01   4.77785148e+11 -2.78784419e+11  4.94e+07       0s
  11   1.03e+00 9.21e-02   1.84808049e+11 -7.82861824e+10  1.65e+07       0s
  12   4.06e-01 3.86e-02   8.83346473e+10 -3.64053193e+10  7.83e+06       0s
  13   2.77e-01 2.12e-02   6.67735371e+10 -2.17599867e+10  5.46e+06       0s
  14   9.56e-02 7.37e-03   3.10399407e+10 -7.80845640e+09  2.35e+06       0s
  15   1.00e-02 1.33e-03   8.77356054e+09  8.63626569e+06  5.12e+05       0s
  16   4.72e-03 3.05e-04   6.02007135e+09  1.70790638e+09  2.43e+05       0s
  17   1.13e-03 2.07e-04   3.96036832e+09  1.93495804e+09  1.14e+05       0s
  18   5.67e-04 5.46e-05   3.49019675e+09  2.34557306e+09  6.38e+04       0s
  19   6.68e-05 1.41e-05   2.93998119e+09  2.48227992e+09  2.54e+04       0s
  20   1.83e-05 4.31e-06   2.70595406e+09  2.57015935e+09  7.54e+03       0s
  21   4.35e-06 2.21e-06   2.64729088e+09  2.58944248e+09  3.21e+03       0s
  22   1.52e-06 9.64e-07   2.63055101e+09  2.60242450e+09  1.56e+03       0s
  23   4.47e-07 3.63e-07   2.62107384e+09  2.60960894e+09  6.36e+02       0s
  24   1.49e-07 1.78e-07   2.61759506e+09  2.61208828e+09  3.06e+02       0s
  25   5.96e-08 6.11e-08   2.61611099e+09  2.61385500e+09  1.25e+02       0s
  26   3.55e-08 1.02e-08   2.61549942e+09  2.61465459e+09  4.69e+01       0s
  27   3.73e-08 8.15e-10   2.61505546e+09  2.61487224e+09  1.02e+01       0s
  28   4.47e-08 2.33e-10   2.61492838e+09  2.61490558e+09  1.26e+00       0s
  29   4.47e-08 1.16e-10   2.61491608e+09  2.61491317e+09  1.61e-01       0s
  30   2.98e-08 1.16e-10   2.61491469e+09  2.61491453e+09  8.74e-03       0s
  31   5.22e-08 1.16e-10   2.61491459e+09  2.61491458e+09  8.51e-04       0s
  32*  6.43e-08 1.16e-10   2.61491459e+09  2.61491459e+09  7.27e-05       0s
Summary
    Runtime:                                            0.40s
    Status interior point solve:                        optimal
    Status crossover:                                   not run
    objective value:                                    2.61491459e+09
    interior solution primal residual (abs/rel):        4.47e-07 / 3.06e-15
    interior solution dual residual (abs/rel):          1.16e-10 / 3.01e-16
    interior solution objective gap (abs/rel):          1.37e+00 / 5.24e-10
Ipx: IPM       optimal
Model   status      : Optimal
IPM       iterations: 32
Objective value     :  2.6370887169e+09
HiGHS run time      :          0.65
Presolving model
7301 rows, 28855 cols, 62557 nonzeros
7024 rows, 12140 cols, 28014 nonzeros
6907 rows, 11203 cols, 26164 nonzeros
Presolve : Reductions: rows 6907(-438749); columns 11203(-235804); elements 26164(-1111489)
Solving the presolved LP
IPX model has 6907 rows, 11203 columns and 26164 nonzeros
Input
    Number of variables:                                11203
    Number of free variables:                           0
    Number of constraints:                              6907
    Number of equality constraints:                     2847
    Number of matrix entries:                           26164
    Matrix range:                                       [1e-02, 1e+00]
    RHS range:                                          [3e+05, 6e+07]
    Objective range:                                    [3e-04, 4e+05]
    Bounds range:                                       [5e+04, 1e+08]
Preprocessing
    Dualized model:                                     no
    Number of dense columns:                            0
    Range of scaling factors:                           [1.00e+00, 2.00e+00]
IPX version 1.0
Interior Point Solve
 Iter     P.res    D.res            P.obj           D.obj        mu     Time
   0   7.83e+06 1.79e+05   8.56193605e+12 -2.77376901e+16  2.61e+12       0s
   1   2.18e+06 1.12e+05   6.18899992e+14 -1.79910612e+16  1.48e+12       0s
   2   1.13e+06 5.87e+04   9.35034038e+14 -1.08953231e+16  1.00e+12       0s
   3   4.38e+05 9.28e+03   6.50988058e+14 -1.80283329e+15  2.08e+11       0s
   4   9.61e+04 1.55e+03   2.32314112e+14 -3.80912257e+14  4.57e+10       0s
   5   1.58e+04 5.66e+02   4.94375602e+13 -1.63811119e+14  1.44e+10       0s
 Constructing starting basis...
   6   2.67e+03 1.95e+02   2.09416830e+13 -5.66873271e+13  6.12e+09       0s
   7   1.66e+02 6.20e+01   8.93844771e+12 -2.12208591e+13  2.40e+09       0s
   8   2.51e+01 5.33e+00   3.30441046e+12 -3.45043738e+12  4.48e+08       0s
   9   5.03e+00 8.51e-01   8.17443159e+11 -5.51498187e+11  8.79e+07       0s
  10   1.44e+00 2.41e-01   3.09070931e+11 -1.90177987e+11  3.19e+07       0s
  11   1.04e+00 7.54e-02   2.58901017e+11 -9.70584657e+10  2.15e+07       0s
  12   3.31e-01 2.27e-02   1.02247059e+11 -3.43875270e+10  8.24e+06       0s
  13   1.76e-01 7.91e-03   6.71112289e+10 -1.58938977e+10  4.91e+06       0s
  14   7.88e-02 2.07e-03   3.33377015e+10 -2.80622711e+09  2.07e+06       0s
  15   1.09e-02 5.12e-04   8.41487984e+09  8.75228219e+08  4.26e+05       0s
  16   4.90e-03 1.67e-04   5.60728304e+09  1.79786238e+09  2.13e+05       0s
  17   2.39e-03 1.16e-04   4.46646825e+09  1.97314566e+09  1.39e+05       0s
  18   1.21e-03 3.94e-05   3.63465128e+09  2.32847612e+09  7.27e+04       0s
  19   4.10e-08 2.20e-05   3.05271583e+09  2.37845665e+09  3.75e+04       0s
  20   2.98e-08 6.02e-06   2.70253541e+09  2.52233092e+09  1.00e+04       0s
  21   4.10e-08 2.98e-06   2.62415503e+09  2.55068305e+09  4.08e+03       0s
  22   3.06e-08 1.36e-06   2.60522581e+09  2.56769365e+09  2.08e+03       0s
  23   2.98e-08 4.87e-07   2.59529685e+09  2.57743458e+09  9.91e+02       0s
  24   2.98e-08 1.73e-07   2.58959311e+09  2.58165801e+09  4.40e+02       0s
  25   3.35e-08 4.05e-08   2.58624627e+09  2.58356089e+09  1.49e+02       0s
  26   4.28e-08 1.53e-08   2.58520516e+09  2.58407483e+09  6.27e+01       0s
  27   5.22e-08 2.74e-09   2.58461442e+09  2.58440190e+09  1.18e+01       0s
  28   2.98e-08 4.07e-10   2.58451817e+09  2.58448071e+09  2.08e+00       0s
  29   3.21e-08 1.16e-10   2.58449390e+09  2.58448993e+09  2.20e-01       0s
  30   2.98e-08 1.16e-10   2.58449126e+09  2.58449067e+09  3.29e-02       0s
  31   4.84e-08 1.16e-10   2.58449085e+09  2.58449081e+09  2.37e-03       0s
  32   5.59e-08 1.16e-10   2.58449082e+09  2.58449081e+09  4.09e-04       0s
  33*  2.98e-08 1.16e-10   2.58449082e+09  2.58449082e+09  1.04e-04       0s
Summary
    Runtime:                                            0.40s
    Status interior point solve:                        optimal
    Status crossover:                                   not run
    objective value:                                    2.58449082e+09
    interior solution primal residual (abs/rel):        4.47e-08 / 3.06e-16
    interior solution dual residual (abs/rel):          2.12e-10 / 5.49e-16
    interior solution objective gap (abs/rel):          1.77e+00 / 6.86e-10
Ipx: IPM       optimal
Model   status      : Optimal
IPM       iterations: 33
Objective value     :  2.6066649463e+09
HiGHS run time      :          0.65
Presolving model
7301 rows, 28855 cols, 62557 nonzeros
7024 rows, 12140 cols, 28014 nonzeros
6907 rows, 11203 cols, 26164 nonzeros
Presolve : Reductions: rows 6907(-438749); columns 11203(-235804); elements 26164(-1111489)
Solving the presolved LP
IPX model has 6907 rows, 11203 columns and 26164 nonzeros
Input
    Number of variables:                                11203
    Number of free variables:                           0
    Number of constraints:                              6907
    Number of equality constraints:                     2847
    Number of matrix entries:                           26164
    Matrix range:                                       [1e-02, 1e+00]
    RHS range:                                          [3e+05, 6e+07]
    Objective range:                                    [3e-04, 4e+05]
    Bounds range:                                       [5e+04, 1e+08]
Preprocessing
    Dualized model:                                     no
    Number of dense columns:                            0
    Range of scaling factors:                           [1.00e+00, 2.00e+00]
IPX version 1.0
Interior Point Solve
 Iter     P.res    D.res            P.obj           D.obj        mu     Time
   0   7.83e+06 1.79e+05   8.57339791e+12 -2.77363732e+16  2.61e+12       0s
   1   2.18e+06 1.12e+05   6.19562639e+14 -1.79855393e+16  1.48e+12       0s
   2   1.13e+06 5.86e+04   9.35966734e+14 -1.08913236e+16  1.00e+12       0s
   3   4.38e+05 9.28e+03   6.51653659e+14 -1.80283259e+15  2.08e+11       0s
   4   9.95e+04 1.55e+03   2.36407560e+14 -3.80248389e+14  4.62e+10       0s
   5   1.53e+04 5.59e+02   5.38995955e+13 -1.65487143e+14  1.47e+10       0s
 Constructing starting basis...
   6   2.19e+03 1.99e+02   2.01660420e+13 -6.02853124e+13  6.40e+09       0s
   7   2.70e+02 6.20e+01   1.18160853e+13 -2.33590274e+13  2.75e+09       0s
   8   3.89e+01 9.91e+00   4.13514568e+12 -5.77089561e+12  7.05e+08       0s
   9   7.52e+00 1.42e+00   9.91802810e+11 -8.00010869e+11  1.21e+08       0s
  10   2.70e+00 4.21e-01   5.12979023e+11 -3.10299980e+11  5.42e+07       0s
  11   1.23e+00 1.10e-01   2.75280579e+11 -1.03431120e+11  2.36e+07       0s
  12   6.57e-01 8.12e-02   1.93839025e+11 -8.63856842e+10  1.87e+07       0s
  13   3.94e-01 2.68e-02   1.32453922e+11 -3.65039956e+10  1.05e+07       0s
  14   5.32e-02 5.70e-03   3.96776234e+10 -1.17334128e+10  3.14e+06       0s
  15   1.58e-02 1.19e-03   1.86183216e+10 -1.96582421e+09  1.19e+06       0s
  16   3.91e-03 3.43e-04   7.32310374e+09  1.00431642e+09  3.57e+05       0s
  17   1.54e-03 2.03e-04   5.22716646e+09  1.45131989e+09  2.12e+05       0s
  18   5.52e-04 1.19e-04   3.78825207e+09  1.84019449e+09  1.09e+05       0s
  19   3.73e-04 9.12e-05   3.57326881e+09  1.96180910e+09  9.00e+04       0s
  20   7.69e-05 3.20e-05   2.77232015e+09  2.31561512e+09  2.54e+04       0s
  21   1.89e-05 1.26e-05   2.61256748e+09  2.43823574e+09  9.68e+03       0s
  22   3.70e-06 6.03e-06   2.56300793e+09  2.48232165e+09  4.48e+03       0s
  23   1.34e-06 2.48e-06   2.54651851e+09  2.50881053e+09  2.09e+03       0s
  24   5.07e-07 1.06e-06   2.53745327e+09  2.52048992e+09  9.42e+02       0s
  25   1.79e-07 3.78e-07   2.53325171e+09  2.52628958e+09  3.86e+02       0s
  26   5.96e-08 9.28e-08   2.53127358e+09  2.52888058e+09  1.33e+02       0s
  27   2.98e-08 3.29e-08   2.53059366e+09  2.52953155e+09  5.89e+01       0s
  28   3.65e-08 7.51e-09   2.53016057e+09  2.52990184e+09  1.44e+01       0s
  29   6.71e-08 1.05e-09   2.53005619e+09  2.53000955e+09  2.59e+00       0s
  30   4.10e-08 1.16e-10   2.53003068e+09  2.53002501e+09  3.15e-01       0s
  31   3.40e-08 1.16e-10   2.53002667e+09  2.53002589e+09  4.34e-02       0s
  32   4.84e-08 1.16e-10   2.53002618e+09  2.53002605e+09  7.45e-03       0s
  33   3.48e-08 1.16e-10   2.53002610e+09  2.53002609e+09  5.79e-04       0s
  34*  4.67e-08 1.16e-10   2.53002609e+09  2.53002609e+09  9.20e-05       0s
Summary
    Runtime:                                            0.40s
    Status interior point solve:                        optimal
    Status crossover:                                   not run
    objective value:                                    2.53002609e+09
    interior solution primal residual (abs/rel):        5.22e-07 / 3.57e-15
    interior solution dual residual (abs/rel):          1.16e-10 / 3.01e-16
    interior solution objective gap (abs/rel):          1.76e+00 / 6.97e-10
Ipx: IPM       optimal
Model   status      : Optimal
IPM       iterations: 34
Objective value     :  2.5522002240e+09
HiGHS run time      :          0.66
Presolving model
7301 rows, 28855 cols, 62557 nonzeros
7024 rows, 12140 cols, 28014 nonzeros
6907 rows, 11203 cols, 26164 nonzeros
Presolve : Reductions: rows 6907(-438749); columns 11203(-235804); elements 26164(-1111489)
Solving the presolved LP
IPX model has 6907 rows, 11203 columns and 26164 nonzeros
Input
    Number of variables:                                11203
    Number of free variables:                           0
    Number of constraints:                              6907
    Number of equality constraints:                     2847
    Number of matrix entries:                           26164
    Matrix range:                                       [1e-02, 1e+00]
    RHS range:                                          [3e+05, 6e+07]
    Objective range:                                    [3e-04, 4e+05]
    Bounds range:                                       [5e+04, 1e+08]
Preprocessing
    Dualized model:                                     no
    Number of dense columns:                            0
    Range of scaling factors:                           [1.00e+00, 2.00e+00]
IPX version 1.0
Interior Point Solve
 Iter     P.res    D.res            P.obj           D.obj        mu     Time
   0   7.83e+06 1.79e+05   8.57339791e+12 -2.77363732e+16  2.61e+12       0s
   1   2.18e+06 1.12e+05   6.19562639e+14 -1.79855393e+16  1.48e+12       0s
   2   1.13e+06 5.86e+04   9.35966734e+14 -1.08913236e+16  1.00e+12       0s
   3   4.38e+05 9.28e+03   6.51653659e+14 -1.80283259e+15  2.08e+11       0s
   4   9.95e+04 1.55e+03   2.36407560e+14 -3.80248389e+14  4.62e+10       0s
   5   1.53e+04 5.59e+02   5.38996596e+13 -1.65487154e+14  1.47e+10       0s
 Constructing starting basis...
   6   2.19e+03 1.99e+02   2.01663259e+13 -6.02850098e+13  6.40e+09       0s
   7   2.67e+02 6.27e+01   1.18157754e+13 -2.35496452e+13  2.77e+09       0s
   8   3.61e+01 9.82e+00   4.09081892e+12 -5.76164480e+12  7.01e+08       0s
   9   6.52e+00 1.41e+00   9.28507679e+11 -7.99144513e+11  1.18e+08       0s
  10   2.18e+00 4.11e-01   4.79396761e+11 -3.08805134e+11  5.23e+07       0s
  11   9.99e-01 1.02e-01   2.62014070e+11 -9.96278267e+10  2.25e+07       0s
  12   5.08e-01 7.04e-02   1.79834749e+11 -8.00455874e+10  1.72e+07       0s
  13   3.20e-01 2.34e-02   1.26482905e+11 -3.31316037e+10  9.87e+06       0s
  14   8.09e-02 4.28e-03   4.66362369e+10 -8.43267845e+09  3.25e+06       0s
  15   1.32e-02 1.20e-03   1.65356453e+10 -2.16741607e+09  1.09e+06       0s
  16   3.34e-03 3.09e-04   6.69421413e+09  1.13301711e+09  3.14e+05       0s
  17   1.64e-03 2.06e-04   5.29539376e+09  1.45923239e+09  2.16e+05       0s
  18   6.73e-04 1.17e-04   3.84798061e+09  1.87520423e+09  1.10e+05       0s
  19   3.49e-04 7.63e-05   3.49884768e+09  2.04350231e+09  8.12e+04       0s
  20   7.35e-05 2.50e-05   2.75052820e+09  2.35717152e+09  2.19e+04       0s
  21   2.37e-05 1.03e-05   2.61514226e+09  2.45386611e+09  8.96e+03       0s
  22   5.78e-06 4.40e-06   2.56510659e+09  2.49361279e+09  3.97e+03       0s
  23   1.79e-06 1.51e-06   2.54709726e+09  2.51526082e+09  1.77e+03       0s
  24   6.56e-07 5.45e-07   2.53759062e+09  2.52413999e+09  7.46e+02       0s
  25   2.09e-07 2.04e-07   2.53326635e+09  2.52750394e+09  3.20e+02       0s
  26   5.96e-08 6.72e-08   2.53104781e+09  2.52906418e+09  1.10e+02       0s
  27   3.59e-08 1.68e-08   2.53045151e+09  2.52971438e+09  4.09e+01       0s
  28   4.28e-08 2.56e-09   2.53009034e+09  2.52996932e+09  6.71e+00       0s
  29   2.98e-08 2.33e-10   2.53003578e+09  2.53002181e+09  7.75e-01       0s
  30   5.96e-08 1.16e-10   2.53002651e+09  2.53002593e+09  3.22e-02       0s
  31   2.98e-08 1.16e-10   2.53002612e+09  2.53002607e+09  2.48e-03       0s
  32   5.22e-08 1.16e-10   2.53002609e+09  2.53002609e+09  2.51e-04       0s
  33*  8.95e-08 1.16e-10   2.53002609e+09  2.53002609e+09  5.68e-05       0s
Summary
    Runtime:                                            0.40s
    Status interior point solve:                        optimal
    Status crossover:                                   not run
    objective value:                                    2.53002609e+09
    interior solution primal residual (abs/rel):        4.62e-07 / 3.16e-15
    interior solution dual residual (abs/rel):          1.16e-10 / 3.01e-16
    interior solution objective gap (abs/rel):          9.45e-01 / 3.74e-10
Ipx: IPM       optimal
Model   status      : Optimal
IPM       iterations: 33
Objective value     :  2.5522002216e+09
HiGHS run time      :          0.65
Running HiGHS 1.6.0: Copyright (c) 2023 HiGHS under MIT licence terms
Presolving model
8258 rows, 33202 cols, 72265 nonzeros
7908 rows, 14558 cols, 32857 nonzeros
7782 rows, 12346 cols, 28449 nonzeros
Presolve : Reductions: rows 7782(-438133); columns 12346(-234919); elements 28449(-1114178)
Solving the presolved LP
IPX model has 7782 rows, 12346 columns and 28449 nonzeros
Input
    Number of variables:                                12346
    Number of free variables:                           0
    Number of constraints:                              7782
    Number of equality constraints:                     3054
    Number of matrix entries:                           28449
    Matrix range:                                       [1e-02, 1e+00]
    RHS range:                                          [2e+05, 1e+08]
    Objective range:                                    [2e-04, 3e+05]
    Bounds range:                                       [1e+05, 1e+08]
Preprocessing
    Dualized model:                                     no
    Number of dense columns:                            0
    Range of scaling factors:                           [1.00e+00, 2.00e+00]
IPX version 1.0
Interior Point Solve
 Iter     P.res    D.res            P.obj           D.obj        mu     Time
   0   2.41e+07 1.23e+05   4.27022289e+13 -2.18099260e+16  3.93e+12       0s
   1   5.43e+06 7.36e+04   2.21708915e+15 -1.46646336e+16  1.83e+12       0s
   2   2.24e+06 3.68e+04   2.50620207e+15 -9.29948813e+15  1.13e+12       0s
   3   9.54e+05 6.20e+03   1.61864137e+15 -1.63541301e+15  2.69e+11       0s
   4   2.80e+05 1.47e+03   6.43032194e+14 -5.03026761e+14  8.03e+10       0s
   5   9.95e+04 4.93e+02   2.63676153e+14 -1.95907387e+14  2.99e+10       0s
   6   3.42e+04 2.04e+02   1.18418749e+14 -8.12273415e+13  1.24e+10       0s
 Constructing starting basis...
   7   1.30e+04 6.41e+01   8.34473843e+13 -1.40521977e+13  6.11e+09       0s
   8   8.39e+03 2.26e+01   6.91300371e+13  9.01506572e+12  3.50e+09       0s
   9   6.96e+03 1.92e+01   6.69342256e+13  1.25615001e+13  3.22e+09       0s
  10   3.17e+03 7.34e+00   5.18719324e+13  2.68018632e+13  1.46e+09       0s
  11   2.20e+03 2.04e+00   4.87863689e+13  3.27162032e+13  8.70e+08       0s
  12   6.96e+02 7.74e-01   4.35694441e+13  3.49818393e+13  4.77e+08       0s
  13   1.80e+02 2.97e-01   4.04643195e+13  3.72880872e+13  1.80e+08       0s
  14   1.66e+01 1.33e-01   3.93441200e+13  3.81351150e+13  7.28e+07       0s
  15   6.13e+00 3.57e-02   3.92604279e+13  3.86115709e+13  3.65e+07       0s
  16   2.28e+00 8.96e-03   3.91236143e+13  3.88684656e+13  1.36e+07       0s
  17   8.54e-01 2.17e-03   3.90546458e+13  3.89399386e+13  5.85e+06       0s
  18   8.20e-01 2.03e-03   3.90537980e+13  3.89421101e+13  5.69e+06       0s
  19   5.15e-01 8.31e-04   3.90369693e+13  3.89627639e+13  3.70e+06       0s
  20   3.75e-01 2.09e-04   3.90273178e+13  3.89748761e+13  2.56e+06       0s
  21   1.97e-01 8.04e-05   3.90126629e+13  3.89800721e+13  1.58e+06       0s
  22   1.25e-01 2.49e-05   3.90067675e+13  3.89821306e+13  1.19e+06       0s
  23   2.73e-02 9.01e-06   3.89927048e+13  3.89853492e+13  3.54e+05       0s
  24   1.39e-02 9.19e-07   3.89906784e+13  3.89870189e+13  1.76e+05       0s
  25   8.90e-03 5.48e-07   3.89900850e+13  3.89870468e+13  1.46e+05       0s
  26   1.36e-03 1.28e-07   3.89881009e+13  3.89875425e+13  2.69e+04       0s
  27   5.87e-04 6.29e-08   3.89879090e+13  3.89876155e+13  1.41e+04       1s
  28   1.88e-04 3.93e-08   3.89878058e+13  3.89876453e+13  7.72e+03       1s
  29   7.78e-05 2.06e-08   3.89877621e+13  3.89876759e+13  4.15e+03       1s
  30   3.02e-05 8.96e-09   3.89877407e+13  3.89876959e+13  2.16e+03       1s
  31   8.34e-06 3.96e-09   3.89877271e+13  3.89877059e+13  1.02e+03       1s
  32   2.53e-06 1.75e-09   3.89877217e+13  3.89877113e+13  5.00e+02       1s
  33   4.47e-07 7.28e-10   3.89877186e+13  3.89877141e+13  2.21e+02       1s
  34   1.79e-07 2.33e-10   3.89877175e+13  3.89877158e+13  8.17e+01       1s
  35   8.94e-08 1.75e-10   3.89877172e+13  3.89877161e+13  5.14e+01       1s
  36   5.20e-08 1.16e-10   3.89877169e+13  3.89877166e+13  1.50e+01       1s
  37   6.66e-08 5.82e-11   3.89877167e+13  3.89877167e+13  3.13e+00       1s
  38*  6.33e-08 5.82e-11   3.89877167e+13  3.89877167e+13  5.01e-01       1s
Summary
    Runtime:                                            0.62s
    Status interior point solve:                        optimal
    Status crossover:                                   not run
    objective value:                                    3.89877167e+13
    interior solution primal residual (abs/rel):        1.19e-07 / 8.17e-16
    interior solution dual residual (abs/rel):          5.82e-11 / 2.21e-16
    interior solution objective gap (abs/rel):          1.04e+04 / 2.68e-10
Ipx: IPM       optimal
Model   status      : Optimal
IPM       iterations: 38
Objective value     :  3.9257398675e+13
HiGHS run time      :          0.91
Presolving model
8258 rows, 33202 cols, 72265 nonzeros
7908 rows, 14558 cols, 32857 nonzeros
7782 rows, 12346 cols, 28449 nonzeros
Presolve : Reductions: rows 7782(-438133); columns 12346(-234919); elements 28449(-1114178)
Solving the presolved LP
IPX model has 7782 rows, 12346 columns and 28449 nonzeros
Input
    Number of variables:                                12346
    Number of free variables:                           0
    Number of constraints:                              7782
    Number of equality constraints:                     3054
    Number of matrix entries:                           28449
    Matrix range:                                       [1e-02, 1e+00]
    RHS range:                                          [2e+05, 1e+08]
    Objective range:                                    [2e-04, 3e+05]
    Bounds range:                                       [1e+05, 1e+08]
Preprocessing
    Dualized model:                                     no
    Number of dense columns:                            0
    Range of scaling factors:                           [1.00e+00, 2.00e+00]
IPX version 1.0
Interior Point Solve
 Iter     P.res    D.res            P.obj           D.obj        mu     Time
   0   2.43e+07 1.20e+05   1.59489271e+12 -2.17193299e+16  3.80e+12       0s
   1   5.71e+06 7.21e+04   9.50776166e+14 -1.46618210e+16  1.81e+12       0s
   2   2.49e+06 3.87e+04   1.24393765e+15 -9.82813182e+15  1.20e+12       0s
   3   9.71e+05 6.13e+03   8.75564214e+14 -1.69458882e+15  2.51e+11       0s
   4   1.62e+05 1.29e+03   2.58404029e+14 -5.10695518e+14  5.84e+10       0s
   5   5.46e+04 4.08e+02   8.14854653e+13 -1.98040411e+14  1.98e+10       0s
   6   1.21e+04 9.53e+01   2.42774893e+13 -6.03672684e+13  5.46e+09       0s
 Constructing starting basis...
   7   3.50e+02 2.13e+01   6.77281963e+12 -1.55290779e+13  1.56e+09       0s
   8   4.74e+01 1.88e+00   1.81410063e+12 -2.16803807e+12  2.38e+08       0s
   9   8.32e+00 4.41e-01   4.95158487e+11 -5.60930086e+11  6.17e+07       0s
  10   3.85e+00 1.03e-01   2.76027615e+11 -1.81842381e+11  2.48e+07       0s
  11   2.01e+00 3.67e-02   1.61921172e+11 -7.48260099e+10  1.25e+07       0s
  12   1.11e+00 2.08e-02   9.90999618e+10 -4.47230764e+10  7.59e+06       0s
  13   5.03e-01 1.25e-02   5.82998584e+10 -2.96739374e+10  4.73e+06       0s
  14   4.07e-01 7.87e-03   5.07703327e+10 -2.07475422e+10  3.77e+06       0s
  15   3.68e-01 5.67e-03   4.79758197e+10 -1.63541173e+10  3.35e+06       0s
  16   1.57e-01 2.13e-03   2.83465031e+10 -6.55911632e+09  1.78e+06       0s
  17   8.61e-02 4.84e-04   2.04627142e+10 -1.08442781e+09  1.06e+06       0s
  18   2.46e-02 8.58e-05   1.02450619e+10  1.68832165e+09  4.14e+05       0s
  19   6.85e-03 1.28e-05   6.28094443e+09  2.56903581e+09  1.79e+05       0s
  20   1.77e-03 3.98e-06   4.24266736e+09  3.06340387e+09  5.68e+04       0s
  21   6.89e-04 8.84e-07   3.83671622e+09  3.23287480e+09  2.91e+04       0s
  22   1.73e-04 2.65e-07   3.50462288e+09  3.33225730e+09  8.29e+03       0s
  23   6.31e-05 7.97e-08   3.44030086e+09  3.36144109e+09  3.79e+03       0s
  24   1.72e-05 3.61e-08   3.40121342e+09  3.37274156e+09  1.37e+03       0s
  25   4.95e-06 1.20e-08   3.39026046e+09  3.37944526e+09  5.20e+02       0s
  26   1.07e-06 3.09e-09   3.38592571e+09  3.38234961e+09  1.72e+02       0s
  27   2.09e-07 1.31e-09   3.38433293e+09  3.38315662e+09  5.66e+01       0s
  28   8.94e-08 2.62e-10   3.38401363e+09  3.38367506e+09  1.63e+01       0s
  29   5.96e-08 8.73e-11   3.38386506e+09  3.38379419e+09  3.41e+00       0s
  30   4.47e-08 5.82e-11   3.38383942e+09  3.38380871e+09  1.48e+00       1s
  31   5.96e-08 5.82e-11   3.38381743e+09  3.38381491e+09  1.21e-01       1s
  32   5.22e-08 5.82e-11   3.38381604e+09  3.38381548e+09  2.67e-02       1s
  33   1.34e-07 5.82e-11   3.38381589e+09  3.38381581e+09  3.51e-03       1s
  34   6.71e-08 5.82e-11   3.38381587e+09  3.38381586e+09  3.03e-04       1s
  35*  1.08e-07 5.82e-11   3.38381587e+09  3.38381587e+09  4.03e-05       1s
Summary
    Runtime:                                            0.54s
    Status interior point solve:                        optimal
    Status crossover:                                   not run
    objective value:                                    3.38381587e+09
    interior solution primal residual (abs/rel):        8.20e-07 / 5.61e-15
    interior solution dual residual (abs/rel):          2.04e-10 / 7.76e-16
    interior solution objective gap (abs/rel):          8.29e-01 / 2.45e-10
Ipx: IPM       optimal
Model   status      : Optimal
IPM       iterations: 35
Objective value     :  3.3925168788e+09
HiGHS run time      :          0.81
Presolving model
8258 rows, 33202 cols, 72265 nonzeros
7908 rows, 14558 cols, 32857 nonzeros
7782 rows, 12346 cols, 28449 nonzeros
Presolve : Reductions: rows 7782(-438133); columns 12346(-234919); elements 28449(-1114178)
Solving the presolved LP
IPX model has 7782 rows, 12346 columns and 28449 nonzeros
Input
    Number of variables:                                12346
    Number of free variables:                           0
    Number of constraints:                              7782
    Number of equality constraints:                     3054
    Number of matrix entries:                           28449
    Matrix range:                                       [1e-02, 1e+00]
    RHS range:                                          [2e+05, 1e+08]
    Objective range:                                    [2e-04, 3e+05]
    Bounds range:                                       [1e+05, 1e+08]
Preprocessing
    Dualized model:                                     no
    Number of dense columns:                            0
    Range of scaling factors:                           [1.00e+00, 2.00e+00]
IPX version 1.0
Interior Point Solve
 Iter     P.res    D.res            P.obj           D.obj        mu     Time
   0   2.43e+07 1.23e+05   4.40261435e+12 -2.21069796e+16  3.88e+12       0s
   1   5.54e+06 7.33e+04   1.14166724e+15 -1.48818877e+16  1.83e+12       0s
   2   2.40e+06 3.76e+04   1.45943266e+15 -9.70975703e+15  1.18e+12       0s
   3   1.16e+06 6.28e+03   1.06482145e+15 -1.73836942e+15  2.77e+11       0s
   4   3.16e+05 1.29e+03   4.24240843e+14 -5.50271812e+14  7.72e+10       0s
   5   6.61e+04 4.17e+02   8.27044679e+13 -2.18340509e+14  2.13e+10       0s
   6   1.61e+04 1.22e+02   3.30436524e+13 -6.95221632e+13  6.71e+09       0s
 Constructing starting basis...
   7   3.17e+03 3.65e+01   1.37185483e+13 -2.53939134e+13  2.73e+09       0s
   8   2.87e+02 4.03e+00   2.97837959e+12 -4.38870056e+12  4.57e+08       0s
   9   4.61e+01 7.24e-01   7.92781944e+11 -8.91148193e+11  9.99e+07       0s
  10   2.11e+01 2.01e-01   4.52826502e+11 -3.31114838e+11  4.37e+07       0s
  11   6.29e+00 4.74e-02   1.81456785e+11 -1.03820414e+11  1.54e+07       0s
  12   2.71e+00 2.44e-02   8.83082885e+10 -5.47534202e+10  7.72e+06       0s
  13   1.90e+00 1.16e-02   7.17964387e+10 -3.29119229e+10  5.52e+06       0s
  14   1.43e+00 4.48e-03   6.02726570e+10 -1.73242347e+10  3.95e+06       0s
  15   7.49e-01 2.07e-03   3.59386363e+10 -7.50774439e+09  2.18e+06       0s
  16   3.43e-01 9.25e-04   2.48672470e+10 -4.34683948e+09  1.46e+06       0s
  17   1.93e-01 2.20e-04   1.59479494e+10  9.39844509e+08  7.32e+05       0s
  18   8.50e-02 1.70e-05   8.92128323e+09  2.32449226e+09  3.18e+05       0s
  19   1.35e-02 2.58e-06   4.35084762e+09  2.64623821e+09  8.21e+04       0s
  20   3.81e-03 1.48e-06   3.49027062e+09  2.76989447e+09  3.47e+04       0s
  21   1.12e-03 4.21e-07   3.15997396e+09  2.90035287e+09  1.25e+04       0s
  22   3.03e-04 1.58e-07   3.03365086e+09  2.94693589e+09  4.17e+03       0s
  23   5.59e-05 5.34e-08   2.99603284e+09  2.96603918e+09  1.44e+03       0s
  24   1.65e-05 1.59e-08   2.98583758e+09  2.97503353e+09  5.20e+02       0s
  25   4.14e-06 3.78e-09   2.98190517e+09  2.97831172e+09  1.73e+02       0s
  26   9.83e-07 9.90e-10   2.98047590e+09  2.97928332e+09  5.74e+01       0s
  27   1.79e-07 1.75e-10   2.97991179e+09  2.97966520e+09  1.19e+01       0s
  28   1.42e-07 8.73e-11   2.97977528e+09  2.97973311e+09  2.03e+00       0s
  29   1.12e-07 5.82e-11   2.97976219e+09  2.97974790e+09  6.87e-01       0s
  30   9.69e-08 5.82e-11   2.97975749e+09  2.97975343e+09  1.95e-01       0s
  31   6.42e-08 5.82e-11   2.97975655e+09  2.97975598e+09  2.73e-02       0s
  32   7.45e-08 5.82e-11   2.97975642e+09  2.97975632e+09  4.81e-03       0s
  33   1.19e-07 5.82e-11   2.97975639e+09  2.97975637e+09  7.66e-04       0s
  34   1.34e-07 5.82e-11   2.97975639e+09  2.97975638e+09  1.47e-04       1s
  35*  1.15e-07 5.82e-11   2.97975639e+09  2.97975639e+09  3.22e-05       1s
Summary
    Runtime:                                            0.51s
    Status interior point solve:                        optimal
    Status crossover:                                   not run
    objective value:                                    2.97975639e+09
    interior solution primal residual (abs/rel):        4.77e-07 / 3.27e-15
    interior solution dual residual (abs/rel):          1.28e-10 / 4.87e-16
    interior solution objective gap (abs/rel):          6.55e-01 / 2.20e-10
Ipx: IPM       optimal
Model   status      : Optimal
IPM       iterations: 35
Objective value     :  2.9884574002e+09
HiGHS run time      :          0.79
Presolving model
8258 rows, 33202 cols, 72265 nonzeros
7908 rows, 14558 cols, 32857 nonzeros
7782 rows, 12346 cols, 28449 nonzeros
Presolve : Reductions: rows 7782(-438133); columns 12346(-234919); elements 28449(-1114178)
Solving the presolved LP
IPX model has 7782 rows, 12346 columns and 28449 nonzeros
Input
    Number of variables:                                12346
    Number of free variables:                           0
    Number of constraints:                              7782
    Number of equality constraints:                     3054
    Number of matrix entries:                           28449
    Matrix range:                                       [1e-02, 1e+00]
    RHS range:                                          [2e+05, 1e+08]
    Objective range:                                    [2e-04, 3e+05]
    Bounds range:                                       [1e+05, 1e+08]
Preprocessing
    Dualized model:                                     no
    Number of dense columns:                            0
    Range of scaling factors:                           [1.00e+00, 2.00e+00]
IPX version 1.0
Interior Point Solve
 Iter     P.res    D.res            P.obj           D.obj        mu     Time
   0   2.43e+07 1.23e+05   4.44131523e+12 -2.21038674e+16  3.88e+12       0s
   1   5.53e+06 7.32e+04   1.14538640e+15 -1.48731958e+16  1.83e+12       0s
   2   2.39e+06 3.74e+04   1.46366988e+15 -9.68574516e+15  1.18e+12       0s
   3   1.18e+06 6.27e+03   1.07434043e+15 -1.73773350e+15  2.78e+11       0s
   4   3.11e+05 1.28e+03   4.20163238e+14 -5.49524698e+14  7.65e+10       0s
   5   6.59e+04 4.21e+02   8.40755658e+13 -2.20637181e+14  2.16e+10       0s
   6   1.74e+04 1.34e+02   3.64145067e+13 -7.70568341e+13  7.43e+09       0s
 Constructing starting basis...
   7   4.36e+03 2.75e+01   2.01236231e+13 -2.71592992e+13  3.00e+09       0s
   8   9.69e+02 3.83e+00   6.47924517e+12 -6.23428671e+12  7.32e+08       0s
   9   2.19e+02 5.15e-01   1.79235905e+12 -9.57634681e+11  1.49e+08       0s
  10   7.51e+01 2.10e-01   7.09028439e+11 -4.39151329e+11  6.29e+07       0s
  11   1.37e+01 4.03e-02   1.99480174e+11 -1.20859174e+11  1.72e+07       0s
  12   6.28e+00 2.53e-02   1.11518174e+11 -8.10813111e+10  1.05e+07       0s
  13   4.56e+00 9.63e-03   8.94667030e+10 -3.75296083e+10  6.65e+06       0s
  14   2.06e+00 3.02e-03   5.45813155e+10 -1.68381417e+10  3.64e+06       0s
  15   1.27e+00 6.39e-04   3.77476259e+10 -3.42390758e+09  2.03e+06       0s
  16   3.48e-01 2.07e-04   1.54401863e+10 -9.89681076e+07  7.58e+05       0s
  17   1.54e-01 1.60e-05   1.03176087e+10  1.34295864e+09  4.33e+05       0s
  18   3.87e-02 1.43e-06   5.25391907e+09  2.38042707e+09  1.39e+05       0s
  19   7.44e-03 6.85e-07   3.47309503e+09  2.59609951e+09  4.22e+04       0s
  20   2.57e-03 1.86e-07   3.14173083e+09  2.75640410e+09  1.86e+04       0s
  21   7.45e-04 6.31e-08   2.95683268e+09  2.82936122e+09  6.14e+03       0s
  22   3.01e-04 2.12e-08   2.91476362e+09  2.85401524e+09  2.92e+03       0s
  23   9.31e-05 8.47e-09   2.88677022e+09  2.86507239e+09  1.04e+03       0s
  24   2.73e-05 2.42e-09   2.87800804e+09  2.87046354e+09  3.63e+02       0s
  25   7.03e-06 6.98e-10   2.87475758e+09  2.87227643e+09  1.19e+02       0s
  26   1.28e-06 2.91e-10   2.87353228e+09  2.87285366e+09  3.27e+01       0s
  27   1.19e-07 8.73e-11   2.87324902e+09  2.87310661e+09  6.85e+00       0s
  28   6.71e-08 5.82e-11   2.87320289e+09  2.87317142e+09  1.51e+00       0s
  29   4.08e-08 5.82e-11   2.87319463e+09  2.87318611e+09  4.10e-01       0s
  30   6.71e-08 5.82e-11   2.87319165e+09  2.87318998e+09  8.06e-02       0s
  31   7.82e-08 5.82e-11   2.87319117e+09  2.87319078e+09  1.87e-02       0s
  32   1.12e-07 5.82e-11   2.87319110e+09  2.87319103e+09  3.10e-03       0s
  33   9.31e-08 5.82e-11   2.87319107e+09  2.87319107e+09  3.14e-04       0s
  34*  1.23e-07 5.82e-11   2.87319107e+09  2.87319107e+09  8.33e-05       1s
Summary
    Runtime:                                            0.50s
    Status interior point solve:                        optimal
    Status crossover:                                   not run
    objective value:                                    2.87319107e+09
    interior solution primal residual (abs/rel):        8.05e-07 / 5.51e-15
    interior solution dual residual (abs/rel):          1.38e-10 / 5.23e-16
    interior solution objective gap (abs/rel):          1.72e+00 / 5.99e-10
Ipx: IPM       optimal
Model   status      : Optimal
IPM       iterations: 34
Objective value     :  2.8818920829e+09
HiGHS run time      :          0.77
Presolving model
8258 rows, 33202 cols, 72265 nonzeros
7908 rows, 14558 cols, 32857 nonzeros
7782 rows, 12346 cols, 28449 nonzeros
Presolve : Reductions: rows 7782(-438133); columns 12346(-234919); elements 28449(-1114178)
Solving the presolved LP
IPX model has 7782 rows, 12346 columns and 28449 nonzeros
Input
    Number of variables:                                12346
    Number of free variables:                           0
    Number of constraints:                              7782
    Number of equality constraints:                     3054
    Number of matrix entries:                           28449
    Matrix range:                                       [1e-02, 1e+00]
    RHS range:                                          [2e+05, 1e+08]
    Objective range:                                    [2e-04, 3e+05]
    Bounds range:                                       [1e+05, 1e+08]
Preprocessing
    Dualized model:                                     no
    Number of dense columns:                            0
    Range of scaling factors:                           [1.00e+00, 2.00e+00]
IPX version 1.0
Interior Point Solve
 Iter     P.res    D.res            P.obj           D.obj        mu     Time
   0   2.43e+07 1.23e+05   4.44131588e+12 -2.21038673e+16  3.88e+12       0s
   1   5.53e+06 7.32e+04   1.14538645e+15 -1.48731957e+16  1.83e+12       0s
   2   2.39e+06 3.74e+04   1.46366995e+15 -9.68574405e+15  1.18e+12       0s
   3   1.18e+06 6.27e+03   1.07434087e+15 -1.73773347e+15  2.78e+11       0s
   4   3.11e+05 1.28e+03   4.20163278e+14 -5.49524724e+14  7.65e+10       0s
   5   6.59e+04 4.21e+02   8.40758314e+13 -2.20637114e+14  2.16e+10       0s
   6   1.74e+04 1.34e+02   3.64126571e+13 -7.70531134e+13  7.43e+09       0s
 Constructing starting basis...
   7   4.54e+03 2.86e+01   2.03029204e+13 -2.75524360e+13  3.05e+09       0s
   8   9.57e+02 4.03e+00   6.37370637e+12 -6.42562277e+12  7.41e+08       0s
   9   1.73e+02 5.66e-01   1.50262551e+12 -1.02281244e+12  1.40e+08       0s
  10   5.38e+01 2.16e-01   5.83586230e+11 -4.47461505e+11  5.75e+07       0s
  11   1.38e+01 5.19e-02   1.92084830e+11 -1.26409814e+11  1.74e+07       0s
  12   6.48e+00 2.99e-02   1.09561672e+11 -7.90439886e+10  1.04e+07       0s
  13   4.11e+00 1.01e-02   7.87667405e+10 -3.18967385e+10  5.82e+06       0s
  14   2.60e+00 4.68e-03   6.05504547e+10 -1.97235784e+10  4.15e+06       0s
  15   1.46e+00 1.78e-03   3.67786322e+10 -6.16403440e+09  2.16e+06       0s
  16   5.69e-02 5.09e-04   1.39198967e+10 -2.42842403e+09  8.16e+05       0s
  17   2.84e-02 7.55e-05   9.35137147e+09  1.44218926e+09  3.84e+05       0s
  18   7.42e-03 1.12e-05   4.98912721e+09  2.29027570e+09  1.30e+05       0s
  19   1.41e-03 5.20e-06   3.38646146e+09  2.55256897e+09  4.02e+04       0s
  20   6.20e-04 1.54e-06   3.13392713e+09  2.72338000e+09  1.98e+04       0s
  21   1.79e-04 4.88e-07   2.93628180e+09  2.80523201e+09  6.31e+03       0s
  22   6.49e-05 1.70e-07   2.89072198e+09  2.82902833e+09  2.97e+03       0s
  23   1.74e-05 5.88e-08   2.86164484e+09  2.84180942e+09  9.54e+02       0s
  24   4.80e-06 1.76e-08   2.85385492e+09  2.84678332e+09  3.40e+02       0s
  25   1.22e-06 4.63e-09   2.85097595e+09  2.84866580e+09  1.11e+02       0s
  26   2.09e-07 1.66e-09   2.84984469e+09  2.84921947e+09  3.01e+01       0s
  27   4.45e-08 3.78e-10   2.84961404e+09  2.84948764e+09  6.08e+00       0s
  28   7.45e-08 8.73e-11   2.84957068e+09  2.84955508e+09  7.51e-01       0s
  29   1.04e-07 5.82e-11   2.84956715e+09  2.84956448e+09  1.29e-01       0s
  30   5.22e-08 5.82e-11   2.84956654e+09  2.84956636e+09  8.90e-03       0s
  31   5.96e-08 5.82e-11   2.84956651e+09  2.84956646e+09  2.44e-03       0s
  32   7.32e-08 5.82e-11   2.84956647e+09  2.84956647e+09  3.35e-04       0s
  33*  1.04e-07 5.82e-11   2.84956647e+09  2.84956647e+09  5.82e-05       0s
Summary
    Runtime:                                            0.50s
    Status interior point solve:                        optimal
    Status crossover:                                   not run
    objective value:                                    2.84956647e+09
    interior solution primal residual (abs/rel):        7.45e-07 / 5.10e-15
    interior solution dual residual (abs/rel):          1.47e-10 / 5.58e-16
    interior solution objective gap (abs/rel):          1.22e+00 / 4.29e-10
Ipx: IPM       optimal
Model   status      : Optimal
IPM       iterations: 33
Objective value     :  2.8582674825e+09
HiGHS run time      :          0.76
Presolving model
8258 rows, 33202 cols, 72265 nonzeros
7908 rows, 14558 cols, 32857 nonzeros
7782 rows, 12346 cols, 28449 nonzeros
Presolve : Reductions: rows 7782(-438133); columns 12346(-234919); elements 28449(-1114178)
Solving the presolved LP
IPX model has 7782 rows, 12346 columns and 28449 nonzeros
Input
    Number of variables:                                12346
    Number of free variables:                           0
    Number of constraints:                              7782
    Number of equality constraints:                     3054
    Number of matrix entries:                           28449
    Matrix range:                                       [1e-02, 1e+00]
    RHS range:                                          [2e+05, 1e+08]
    Objective range:                                    [2e-04, 3e+05]
    Bounds range:                                       [1e+05, 1e+08]
Preprocessing
    Dualized model:                                     no
    Number of dense columns:                            0
    Range of scaling factors:                           [1.00e+00, 2.00e+00]
IPX version 1.0
Interior Point Solve
 Iter     P.res    D.res            P.obj           D.obj        mu     Time
   0   2.43e+07 1.23e+05   4.44131588e+12 -2.21038673e+16  3.88e+12       0s
   1   5.53e+06 7.32e+04   1.14538645e+15 -1.48731957e+16  1.83e+12       0s
   2   2.39e+06 3.74e+04   1.46366995e+15 -9.68574405e+15  1.18e+12       0s
   3   1.18e+06 6.27e+03   1.07434087e+15 -1.73773347e+15  2.78e+11       0s
   4   3.11e+05 1.28e+03   4.20163278e+14 -5.49524724e+14  7.65e+10       0s
   5   6.59e+04 4.21e+02   8.40758314e+13 -2.20637114e+14  2.16e+10       0s
   6   1.74e+04 1.34e+02   3.64126571e+13 -7.70531134e+13  7.43e+09       0s
 Constructing starting basis...
   7   4.54e+03 2.86e+01   2.03029204e+13 -2.75524360e+13  3.05e+09       0s
   8   9.57e+02 4.03e+00   6.37370637e+12 -6.42562277e+12  7.41e+08       0s
   9   1.73e+02 5.66e-01   1.50262551e+12 -1.02281244e+12  1.40e+08       0s
  10   5.38e+01 2.16e-01   5.83586230e+11 -4.47461505e+11  5.75e+07       0s
  11   1.38e+01 5.19e-02   1.92084830e+11 -1.26409814e+11  1.74e+07       0s
  12   6.48e+00 2.99e-02   1.09561672e+11 -7.90439886e+10  1.04e+07       0s
  13   4.11e+00 1.01e-02   7.87667405e+10 -3.18967385e+10  5.82e+06       0s
  14   2.60e+00 4.68e-03   6.05504547e+10 -1.97235784e+10  4.15e+06       0s
  15   1.46e+00 1.78e-03   3.67786322e+10 -6.16403440e+09  2.16e+06       0s
  16   5.69e-02 5.09e-04   1.39198967e+10 -2.42842403e+09  8.16e+05       0s
  17   2.84e-02 7.55e-05   9.35137147e+09  1.44218926e+09  3.84e+05       0s
  18   7.42e-03 1.12e-05   4.98912721e+09  2.29027570e+09  1.30e+05       0s
  19   1.41e-03 5.20e-06   3.38646146e+09  2.55256897e+09  4.02e+04       0s
  20   6.20e-04 1.54e-06   3.13392713e+09  2.72338000e+09  1.98e+04       0s
  21   1.79e-04 4.88e-07   2.93628180e+09  2.80523201e+09  6.31e+03       0s
  22   6.49e-05 1.70e-07   2.89072198e+09  2.82902833e+09  2.97e+03       0s
  23   1.74e-05 5.88e-08   2.86164484e+09  2.84180942e+09  9.54e+02       0s
  24   4.80e-06 1.76e-08   2.85385492e+09  2.84678332e+09  3.40e+02       0s
  25   1.22e-06 4.63e-09   2.85097595e+09  2.84866580e+09  1.11e+02       0s
  26   2.09e-07 1.66e-09   2.84984469e+09  2.84921947e+09  3.01e+01       0s
  27   4.45e-08 3.78e-10   2.84961404e+09  2.84948764e+09  6.08e+00       0s
  28   7.45e-08 8.73e-11   2.84957068e+09  2.84955508e+09  7.51e-01       0s
  29   1.04e-07 5.82e-11   2.84956715e+09  2.84956448e+09  1.29e-01       0s
  30   5.22e-08 5.82e-11   2.84956654e+09  2.84956636e+09  8.90e-03       0s
  31   5.96e-08 5.82e-11   2.84956651e+09  2.84956646e+09  2.44e-03       0s
  32   7.32e-08 5.82e-11   2.84956647e+09  2.84956647e+09  3.35e-04       0s
  33*  1.04e-07 5.82e-11   2.84956647e+09  2.84956647e+09  5.82e-05       0s
Summary
    Runtime:                                            0.49s
    Status interior point solve:                        optimal
    Status crossover:                                   not run
    objective value:                                    2.84956647e+09
    interior solution primal residual (abs/rel):        7.45e-07 / 5.10e-15
    interior solution dual residual (abs/rel):          1.47e-10 / 5.58e-16
    interior solution objective gap (abs/rel):          1.22e+00 / 4.29e-10
Ipx: IPM       optimal
Model   status      : Optimal
IPM       iterations: 33
Objective value     :  2.8582674825e+09
HiGHS run time      :          0.76
[ Info: Rolling step not specified in scenaio.yaml file; Setting it to 5 years
[ Info: Demand-pathway mapping not specified in scenaio.yaml file; SERA will not look for eligible pathways for different demand types.
[ Info: Production capacity constraints from the grid model not defined. SERA will not create these constraints
[ Info: Regional technology limits not specified in scenaio.yaml file; SERA will not create these constraints
STARTING DATA PRE-PROCESSING 
Processing Temporal Data
Processing Nodes
Processing Demand
Processing Existings
Processing Links
Processing Pathways
Creating Infrastructure options
  1.818538 seconds (11.26 M allocations: 1.206 GiB, 26.52% gc time, 4.23% compilation time)

OPTIMIZING FROM 2026 TO 2030 

STARTING OPTIMIZATION MODEL CREATION
CREATING VARIABLES AND EXPRESSIONS
  6.536220 seconds (28.97 M allocations: 1.801 GiB, 17.65% gc time, 70.87% compilation time)
POPULATING EXPRESSIONS
  1.740765 seconds (5.89 M allocations: 871.212 MiB, 10.14% gc time, 9.70% compilation time)
CREATING CONSTRAINTS
  2.193609 seconds (14.83 M allocations: 792.753 MiB, 10.61% gc time, 38.61% compilation time)
POPULATED CORE OPTIMIZATION MODEL, STARTING ITERATIONS
READING COST DATA FOR ITERATION 1
  3.305144 seconds (11.56 M allocations: 1.055 GiB, 4.00% gc time, 10.40% compilation time)
CREATING EXPRESSIONS FOR CAPITAL AND FIXED COST
  1.565280 seconds (7.11 M allocations: 450.577 MiB, 7.77% gc time, 72.60% compilation time)
BUILDING OBJECTIVE FUNCTION
  1.541152 seconds (4.97 M allocations: 223.988 MiB, 9.58% gc time, 79.21% compilation time)
Optimizing for iteration 1
  2.290560 seconds (4.52 M allocations: 425.054 MiB, 27.66% gc time, 1.00% compilation time)
OPTIMAL
6.839583563539282e8
 =  1.0
READING COST DATA FOR ITERATION 2
  2.971336 seconds (10.35 M allocations: 1.019 GiB, 4.31% gc time, 1.08% compilation time)
CREATING EXPRESSIONS FOR CAPITAL AND FIXED COST
  0.376306 seconds (5.74 M allocations: 360.218 MiB, 10.85% gc time, 1.15% compilation time)
BUILDING OBJECTIVE FUNCTION
  0.454256 seconds (3.63 M allocations: 135.039 MiB, 28.23% gc time)
Optimizing for iteration 2
  0.655158 seconds (2 allocations: 32 bytes)
OPTIMAL
1.5777427835084698e9
 =  0.5664956522044807
READING COST DATA FOR ITERATION 3
  2.998079 seconds (10.32 M allocations: 1.016 GiB, 6.58% gc time)
CREATING EXPRESSIONS FOR CAPITAL AND FIXED COST
  0.456152 seconds (5.74 M allocations: 360.171 MiB, 27.81% gc time)
BUILDING OBJECTIVE FUNCTION
  0.324185 seconds (3.63 M allocations: 135.039 MiB)
Optimizing for iteration 3
  0.615830 seconds (2 allocations: 32 bytes)
OPTIMAL
1.2923157436903057e9
 =  0.22086478572420698
READING COST DATA FOR ITERATION 4
  3.028157 seconds (10.32 M allocations: 1.010 GiB, 7.61% gc time)
CREATING EXPRESSIONS FOR CAPITAL AND FIXED COST
  0.473155 seconds (5.74 M allocations: 360.171 MiB, 29.82% gc time)
BUILDING OBJECTIVE FUNCTION
  0.331325 seconds (3.63 M allocations: 135.039 MiB)
Optimizing for iteration 4
  0.613885 seconds (2 allocations: 32 bytes)
OPTIMAL
1.2455493482979481e9
 =  0.03754680250625173
READING COST DATA FOR ITERATION 5
  2.990358 seconds (10.32 M allocations: 1.010 GiB, 6.46% gc time)
CREATING EXPRESSIONS FOR CAPITAL AND FIXED COST
  0.462288 seconds (5.74 M allocations: 360.171 MiB, 23.44% gc time)
BUILDING OBJECTIVE FUNCTION
  0.317775 seconds (3.63 M allocations: 135.039 MiB)
Optimizing for iteration 5
  0.618410 seconds (2 allocations: 32 bytes)
OPTIMAL
1.2455493482979481e9
 =  0.0
ITERATIONS COMPLETED
WRITING RESULTS TO FILE
  0.897366 seconds (2.50 M allocations: 144.185 MiB, 17.27% gc time, 84.45% compilation time)

OPTIMIZING FROM 2031 TO 2035 

STARTING OPTIMIZATION MODEL CREATION
CREATING VARIABLES AND EXPRESSIONS
  1.688884 seconds (21.24 M allocations: 1.294 GiB, 28.89% gc time, 11.66% compilation time)
POPULATING EXPRESSIONS
  1.578547 seconds (5.72 M allocations: 865.419 MiB, 8.04% gc time)
CREATING CONSTRAINTS
  1.348220 seconds (13.27 M allocations: 688.911 MiB, 12.25% gc time)
POPULATED CORE OPTIMIZATION MODEL, STARTING ITERATIONS
READING COST DATA FOR ITERATION 1
  2.990046 seconds (10.31 M allocations: 1.016 GiB, 6.17% gc time)
CREATING EXPRESSIONS FOR CAPITAL AND FIXED COST
  0.341645 seconds (5.74 M allocations: 360.171 MiB)
BUILDING OBJECTIVE FUNCTION
  0.473874 seconds (3.63 M allocations: 130.127 MiB, 32.31% gc time)
Optimizing for iteration 1
  2.025575 seconds (4.52 M allocations: 424.851 MiB, 8.59% gc time)
OPTIMAL
3.982066707367662e13
 =  1.0
READING COST DATA FOR ITERATION 2
  2.996431 seconds (10.38 M allocations: 1.040 GiB, 5.58% gc time)
CREATING EXPRESSIONS FOR CAPITAL AND FIXED COST
  0.335758 seconds (5.74 M allocations: 360.171 MiB)
BUILDING OBJECTIVE FUNCTION
  0.313088 seconds (3.63 M allocations: 135.054 MiB)
Optimizing for iteration 2
  0.684514 seconds (2 allocations: 32 bytes)
OPTIMAL
3.373043075793197e9
 =  11804.561381487105
READING COST DATA FOR ITERATION 3
  3.221168 seconds (10.36 M allocations: 1.011 GiB, 12.78% gc time)
CREATING EXPRESSIONS FOR CAPITAL AND FIXED COST
  1.439867 seconds (5.74 M allocations: 360.171 MiB, 76.25% gc time)
BUILDING OBJECTIVE FUNCTION
  0.339473 seconds (3.63 M allocations: 135.054 MiB)
Optimizing for iteration 3
  0.653827 seconds (2 allocations: 32 bytes)
OPTIMAL
2.6370887168953075e9
 =  0.27907834658074837
READING COST DATA FOR ITERATION 4
  2.996320 seconds (10.36 M allocations: 1.035 GiB, 6.06% gc time)
CREATING EXPRESSIONS FOR CAPITAL AND FIXED COST
  0.429390 seconds (5.74 M allocations: 360.171 MiB, 20.61% gc time)
BUILDING OBJECTIVE FUNCTION
  0.315667 seconds (3.63 M allocations: 135.054 MiB)
Optimizing for iteration 4
  0.656541 seconds (2 allocations: 32 bytes)
OPTIMAL
2.6066649462635055e9
 =  0.01167153096349526
READING COST DATA FOR ITERATION 5
  3.189575 seconds (10.36 M allocations: 1.011 GiB, 11.64% gc time)
CREATING EXPRESSIONS FOR CAPITAL AND FIXED COST
  0.355969 seconds (5.74 M allocations: 360.171 MiB)
BUILDING OBJECTIVE FUNCTION
  0.314501 seconds (3.63 M allocations: 135.054 MiB)
Optimizing for iteration 5
  0.664642 seconds (2 allocations: 32 bytes)
OPTIMAL
2.552200223966718e9
 =  0.02134030151135286
READING COST DATA FOR ITERATION 6
  3.039978 seconds (10.36 M allocations: 1.011 GiB, 6.54% gc time)
CREATING EXPRESSIONS FOR CAPITAL AND FIXED COST
  0.347068 seconds (5.74 M allocations: 360.171 MiB)
BUILDING OBJECTIVE FUNCTION
  0.533312 seconds (3.63 M allocations: 135.054 MiB, 40.50% gc time)
Optimizing for iteration 6
  0.655155 seconds (2 allocations: 32 bytes)
OPTIMAL
2.5522002215635204e9
 =  9.416313032510932e-10
ITERATIONS COMPLETED
WRITING RESULTS TO FILE
  1.073601 seconds (4.23 M allocations: 231.912 MiB, 76.55% compilation time)

OPTIMIZING FROM 2036 TO 2040 

STARTING OPTIMIZATION MODEL CREATION
CREATING VARIABLES AND EXPRESSIONS
  1.223692 seconds (20.98 M allocations: 1.276 GiB, 16.42% gc time)
POPULATING EXPRESSIONS
  1.768068 seconds (5.75 M allocations: 878.627 MiB, 16.08% gc time)
CREATING CONSTRAINTS
  1.371254 seconds (13.28 M allocations: 690.126 MiB, 12.14% gc time, 0.42% compilation time)
POPULATED CORE OPTIMIZATION MODEL, STARTING ITERATIONS
READING COST DATA FOR ITERATION 1
  3.164997 seconds (10.31 M allocations: 1.013 GiB, 11.70% gc time)
CREATING EXPRESSIONS FOR CAPITAL AND FIXED COST
  0.353171 seconds (5.74 M allocations: 360.171 MiB)
BUILDING OBJECTIVE FUNCTION
  0.318614 seconds (3.63 M allocations: 130.142 MiB)
Optimizing for iteration 1
  2.213912 seconds (4.72 M allocations: 429.655 MiB, 11.30% gc time)
OPTIMAL
3.925739867453462e13
 =  1.0
READING COST DATA FOR ITERATION 2
  3.032411 seconds (10.42 M allocations: 1.012 GiB, 6.99% gc time)
CREATING EXPRESSIONS FOR CAPITAL AND FIXED COST
  0.359006 seconds (5.74 M allocations: 360.171 MiB)
BUILDING OBJECTIVE FUNCTION
  0.557330 seconds (3.63 M allocations: 135.072 MiB, 42.75% gc time)
Optimizing for iteration 2
  0.814893 seconds (2 allocations: 32 bytes)
OPTIMAL
3.3925168788055177e9
 =  11570.762227563871
READING COST DATA FOR ITERATION 3
  3.041582 seconds (10.40 M allocations: 1.012 GiB, 6.88% gc time)
CREATING EXPRESSIONS FOR CAPITAL AND FIXED COST
  0.367986 seconds (5.74 M allocations: 360.171 MiB)
BUILDING OBJECTIVE FUNCTION
  0.317264 seconds (3.63 M allocations: 135.072 MiB)
Optimizing for iteration 3
  0.793860 seconds (2 allocations: 32 bytes)
OPTIMAL
2.9884574002295227e9
 =  0.13520670515326422
READING COST DATA FOR ITERATION 4
  3.052541 seconds (10.40 M allocations: 1.012 GiB, 8.22% gc time)
CREATING EXPRESSIONS FOR CAPITAL AND FIXED COST
  0.594091 seconds (5.74 M allocations: 360.171 MiB, 35.93% gc time)
BUILDING OBJECTIVE FUNCTION
  0.321204 seconds (3.63 M allocations: 135.072 MiB)
Optimizing for iteration 4
  0.769786 seconds (2 allocations: 32 bytes)
OPTIMAL
2.881892082861068e9
 =  0.03697755304656723
READING COST DATA FOR ITERATION 5
  3.070888 seconds (10.40 M allocations: 1.012 GiB, 8.55% gc time)
CREATING EXPRESSIONS FOR CAPITAL AND FIXED COST
  0.360194 seconds (5.74 M allocations: 360.171 MiB)
BUILDING OBJECTIVE FUNCTION
  0.586475 seconds (3.63 M allocations: 135.072 MiB, 44.36% gc time)
Optimizing for iteration 5
  0.758325 seconds (2 allocations: 32 bytes)
OPTIMAL
2.8582674825209417e9
 =  0.00826535671857243
READING COST DATA FOR ITERATION 6
  3.075982 seconds (10.40 M allocations: 1.012 GiB, 7.93% gc time)
CREATING EXPRESSIONS FOR CAPITAL AND FIXED COST
  0.371819 seconds (5.74 M allocations: 360.171 MiB)
BUILDING OBJECTIVE FUNCTION
  0.320475 seconds (3.63 M allocations: 135.072 MiB)
Optimizing for iteration 6
  0.765475 seconds (2 allocations: 32 bytes)
OPTIMAL
2.8582674825209417e9
 =  0.0
ITERATIONS COMPLETED
WRITING RESULTS TO FILE
  0.893547 seconds (4.36 M allocations: 202.621 MiB)

THE OPTIMIZATION PROBLEM TOOK 2.09 MINUTES TO SOLVE. 
