Running HiGHS 1.6.0: Copyright (c) 2023 HiGHS under MIT licence terms
Presolving model
46572 rows, 210771 cols, 476186 nonzeros
45568 rows, 53932 cols, 151247 nonzeros
45211 rows, 53491 cols, 150449 nonzeros
Presolve : Reductions: rows 45211(-1291801); columns 53491(-687571); elements 150449(-3461014)
Solving the presolved LP
IPX model has 45211 rows, 53491 columns and 150449 nonzeros
Input
    Number of variables:                                53491
    Number of free variables:                           0
    Number of constraints:                              45211
    Number of equality constraints:                     8816
    Number of matrix entries:                           150449
    Matrix range:                                       [1e-02, 1e+00]
    RHS range:                                          [2e+05, 1e+08]
    Objective range:                                    [2e-04, 4e+01]
    Bounds range:                                       [2e+05, 1e+08]
Preprocessing
    Dualized model:                                     no
    Number of dense columns:                            0
    Range of scaling factors:                           [1.00e+00, 2.00e+00]
IPX version 1.0
Interior Point Solve
 Iter     P.res    D.res            P.obj           D.obj        mu     Time
   0   2.24e+07 5.04e+00   3.27830734e+09 -6.65981544e+12  1.70e+08       0s
   1   3.92e+06 2.33e+00   5.87749451e+11 -3.54478499e+12  6.27e+07       0s
   2   2.13e+06 2.11e+00   7.74976988e+11 -3.30881904e+12  5.99e+07       0s
   3   8.52e+05 3.82e-01   5.77789351e+11 -5.71904918e+11  1.40e+07       0s
   4   3.19e+05 1.09e-01   2.80656338e+11 -1.83632015e+11  4.93e+06       0s
   5   7.10e+04 1.98e-02   1.01532306e+11 -5.02697501e+10  1.42e+06       0s
 Constructing starting basis...
   6   2.17e+04 5.89e-03   4.33217045e+10 -1.58209723e+10  5.70e+05       1s
   7   7.41e+03 1.82e-03   2.47910090e+10 -2.69860389e+08  2.33e+05       1s
   8   2.76e+03 7.13e-04   1.75589771e+10  5.20822259e+09  1.12e+05       1s
   9   2.23e+03 6.24e-04   1.71214579e+10  5.55770442e+09  1.05e+05       2s
  10   3.52e+02 2.05e-04   1.40295461e+10  7.70894531e+09  5.62e+04       2s
  11   2.02e+02 9.68e-05   1.30372050e+10  8.84818015e+09  3.71e+04       2s
  12   1.39e+02 3.71e-05   1.24633392e+10  9.64357825e+09  2.49e+04       2s
  13   8.04e+01 1.69e-05   1.18594392e+10  9.93942906e+09  1.69e+04       3s
  14   3.62e+01 6.66e-06   1.12682578e+10  1.01949735e+10  9.45e+03       3s
  15   1.96e+01 4.12e-06   1.10136772e+10  1.02736315e+10  6.51e+03       3s
  16   9.81e+00 2.35e-06   1.08187075e+10  1.03531256e+10  4.10e+03       3s
  17   4.42e+00 1.38e-06   1.07097899e+10  1.03984350e+10  2.74e+03       3s
  18   2.45e+00 9.14e-07   1.06490763e+10  1.04282899e+10  1.94e+03       4s
  19   8.54e-01 5.33e-07   1.05888491e+10  1.04563997e+10  1.16e+03       4s
  20   4.90e-01 3.99e-07   1.05697587e+10  1.04678342e+10  8.96e+02       4s
  21   1.63e-01 1.54e-07   1.05498445e+10  1.04900767e+10  5.25e+02       4s
  22   6.00e-02 9.78e-08   1.05368644e+10  1.04969774e+10  3.50e+02       4s
  23   2.63e-02 4.39e-08   1.05272685e+10  1.05062044e+10  1.85e+02       4s
  24   8.72e-03 2.50e-08   1.05236179e+10  1.05090107e+10  1.28e+02       4s
  25   1.42e-03 1.23e-08   1.05188931e+10  1.05118218e+10  6.21e+01       4s
  26   5.40e-04 1.86e-09   1.05180619e+10  1.05143001e+10  3.30e+01       4s
  27   2.22e-04 3.63e-10   1.05168016e+10  1.05152630e+10  1.35e+01       4s
  28   7.51e-05 2.81e-11   1.05161594e+10  1.05155187e+10  5.63e+00       5s
  29   4.47e-06 1.96e-11   1.05158240e+10  1.05155293e+10  2.59e+00       5s
  30   2.98e-07 9.66e-12   1.05156976e+10  1.05155678e+10  1.14e+00       5s
  31   1.49e-07 1.33e-12   1.05156618e+10  1.05156220e+10  3.50e-01       5s
  32   1.25e-07 5.54e-13   1.05156384e+10  1.05156271e+10  9.88e-02       5s
  33   8.78e-08 3.55e-14   1.05156324e+10  1.05156315e+10  7.37e-03       5s
  34   1.18e-07 1.42e-14   1.05156319e+10  1.05156318e+10  3.81e-04       5s
  35*  7.73e-08 1.42e-14   1.05156318e+10  1.05156318e+10  1.97e-05       5s
Summary
    Runtime:                                            4.93s
    Status interior point solve:                        optimal
    Status crossover:                                   not run
    objective value:                                    1.05156318e+10
    interior solution primal residual (abs/rel):        1.04e-07 / 7.14e-16
    interior solution dual residual (abs/rel):          5.50e-12 / 1.46e-13
    interior solution objective gap (abs/rel):          2.23e+00 / 2.12e-10
Ipx: IPM       optimal
Model   status      : Optimal
IPM       iterations: 35
Objective value     :  1.0520984149e+10
HiGHS run time      :          5.95
Presolving model
46572 rows, 210771 cols, 476186 nonzeros
45568 rows, 53932 cols, 151247 nonzeros
45211 rows, 53491 cols, 150449 nonzeros
Presolve : Reductions: rows 45211(-1291801); columns 53491(-687571); elements 150449(-3461014)
Solving the presolved LP
IPX model has 45211 rows, 53491 columns and 150449 nonzeros
Input
    Number of variables:                                53491
    Number of free variables:                           0
    Number of constraints:                              45211
    Number of equality constraints:                     8816
    Number of matrix entries:                           150449
    Matrix range:                                       [1e-02, 1e+00]
    RHS range:                                          [2e+05, 1e+08]
    Objective range:                                    [2e-04, 9e+05]
    Bounds range:                                       [2e+05, 1e+08]
Preprocessing
    Dualized model:                                     no
    Number of dense columns:                            0
    Range of scaling factors:                           [1.00e+00, 2.00e+00]
IPX version 1.0
Interior Point Solve
 Iter     P.res    D.res            P.obj           D.obj        mu     Time
   0   2.26e+07 1.59e+05   5.03622736e+13 -2.13612006e+17  5.38e+12       0s
   1   5.23e+06 9.79e+04   1.08910130e+16 -1.44930485e+17  2.64e+12       0s
   2   3.13e+06 7.80e+04   1.47317768e+16 -1.27389136e+17  2.40e+12       0s
   3   1.24e+06 1.92e+04   1.11259498e+16 -3.25372923e+16  6.57e+11       0s
   4   3.90e+05 3.90e+03   6.08129932e+15 -7.36827215e+15  1.73e+11       0s
   5   8.72e+04 1.58e+03   2.25301230e+15 -3.57931199e+15  6.83e+10       0s
 Constructing starting basis...
   6   1.71e+04 3.18e+02   7.74252372e+14 -9.96694718e+14  2.01e+10       1s
   7   2.45e+03 8.77e+01   1.57155895e+14 -3.65097115e+14  5.82e+09       1s
   8   3.48e+02 2.33e+01   6.59325045e+13 -1.35565526e+14  2.16e+09       1s
   9   1.32e+02 7.32e+00   3.08593559e+13 -4.07508087e+13  7.51e+08       2s
  10   2.53e+01 2.21e+00   1.06624845e+13 -1.50515275e+13  2.66e+08       2s
  11   3.38e+00 1.11e-01   3.67569529e+12 -2.31246622e+12  5.48e+07       2s
  12   9.03e-01 2.21e-02   1.21793068e+12 -5.12604159e+11  1.57e+07       2s
  13   3.48e-01 4.56e-03   6.15647560e+11 -1.97030376e+11  7.27e+06       2s
  14   1.28e-01 1.21e-03   2.70032683e+11 -6.31257627e+10  2.96e+06       2s
  15   6.88e-02 6.69e-04   1.78093966e+11 -4.15889859e+10  1.95e+06       3s
  16   3.14e-02 3.48e-04   9.77028865e+10 -2.08141042e+10  1.05e+06       3s
  17   7.12e-03 1.46e-04   5.54615446e+10 -1.08395512e+10  5.85e+05       3s
  18   3.26e-03 5.93e-05   4.06939501e+10 -3.39238360e+09  3.88e+05       3s
  19   2.08e-03 3.49e-05   3.35822834e+10 -3.00472290e+08  2.98e+05       3s
  20   1.04e-03 1.33e-05   2.30030681e+10  4.30274904e+09  1.64e+05       3s
  21   5.30e-04 3.85e-06   1.82567599e+10  6.16943640e+09  1.06e+05       3s
  22   2.46e-04 2.03e-06   1.36593067e+10  7.12979209e+09  5.74e+04       4s
  23   7.90e-05 1.13e-06   1.20685740e+10  7.36466290e+09  4.13e+04       4s
  24   3.03e-05 3.42e-07   1.02883508e+10  8.08371416e+09  1.94e+04       4s
  25   1.45e-05 9.80e-08   9.49990931e+09  8.41341627e+09  9.54e+03       4s
  26   4.23e-06 3.41e-08   8.88904039e+09  8.53682998e+09  3.09e+03       4s
  27   1.40e-06 1.39e-08   8.72121342e+09  8.57759959e+09  1.26e+03       4s
  28   5.96e-07 5.59e-09   8.66648615e+09  8.59794441e+09  6.02e+02       5s
  29   3.58e-07 1.86e-09   8.63974894e+09  8.60743134e+09  2.84e+02       5s
  30   7.45e-07 6.98e-10   8.62340554e+09  8.61217868e+09  9.86e+01       5s
  31   2.83e-07 4.66e-10   8.61763899e+09  8.61385848e+09  3.32e+01       5s
  32   2.68e-07 3.49e-10   8.61598061e+09  8.61477529e+09  1.06e+01       5s
  33   2.38e-07 3.49e-10   8.61527515e+09  8.61511291e+09  1.42e+00       5s
  34   2.24e-07 3.49e-10   8.61520643e+09  8.61516963e+09  3.23e-01       5s
  35   1.49e-07 3.49e-10   8.61519867e+09  8.61519447e+09  3.69e-02       5s
  36   2.38e-07 3.49e-10   8.61519783e+09  8.61519628e+09  1.35e-02       5s
  37   5.07e-07 3.49e-10   8.61519732e+09  8.61519719e+09  1.11e-03       5s
  38   5.51e-07 3.49e-10   8.61519726e+09  8.61519724e+09  1.52e-04       6s
  39*  1.24e-06 3.49e-10   8.61519725e+09  8.61519725e+09  2.06e-05       6s
Summary
    Runtime:                                            5.59s
    Status interior point solve:                        optimal
    Status crossover:                                   not run
    objective value:                                    8.61519725e+09
    interior solution primal residual (abs/rel):        1.56e-06 / 1.07e-14
    interior solution dual residual (abs/rel):          3.49e-10 / 3.88e-16
    interior solution objective gap (abs/rel):          2.05e+00 / 2.38e-10
Ipx: IPM       optimal
Model   status      : Optimal
IPM       iterations: 39
Objective value     :  8.6207944663e+09
HiGHS run time      :          6.53
Presolving model
46572 rows, 210771 cols, 476186 nonzeros
45568 rows, 53932 cols, 151247 nonzeros
45211 rows, 53491 cols, 150449 nonzeros
Presolve : Reductions: rows 45211(-1291801); columns 53491(-687571); elements 150449(-3461014)
Solving the presolved LP
IPX model has 45211 rows, 53491 columns and 150449 nonzeros
Input
    Number of variables:                                53491
    Number of free variables:                           0
    Number of constraints:                              45211
    Number of equality constraints:                     8816
    Number of matrix entries:                           150449
    Matrix range:                                       [1e-02, 1e+00]
    RHS range:                                          [2e+05, 1e+08]
    Objective range:                                    [2e-04, 9e+05]
    Bounds range:                                       [2e+05, 1e+08]
Preprocessing
    Dualized model:                                     no
    Number of dense columns:                            0
    Range of scaling factors:                           [1.00e+00, 2.00e+00]
IPX version 1.0
Interior Point Solve
 Iter     P.res    D.res            P.obj           D.obj        mu     Time
   0   2.26e+07 1.56e+05   7.93594340e+13 -2.10027719e+17  5.31e+12       0s
   1   5.74e+06 9.62e+04   1.26991884e+16 -1.42271509e+17  2.63e+12       0s
   2   3.61e+06 7.84e+04   1.67942111e+16 -1.26586942e+17  2.40e+12       0s
   3   1.27e+06 1.64e+04   1.26865825e+16 -2.86995436e+16  5.92e+11       0s
   4   3.94e+05 3.96e+03   6.56376690e+15 -7.47956246e+15  1.74e+11       0s
   5   1.05e+05 1.31e+03   2.54136408e+15 -2.96608115e+15  6.14e+10       0s
 Constructing starting basis...
   6   1.58e+04 3.26e+02   6.90930790e+14 -9.26588353e+14  1.80e+10       1s
   7   2.87e+03 1.02e+02   1.87135697e+14 -3.64898480e+14  6.05e+09       1s
   8   4.64e+02 3.94e+01   9.97185084e+13 -1.74535079e+14  2.97e+09       1s
   9   1.10e+02 1.06e+01   4.87209319e+13 -5.66919044e+13  1.10e+09       2s
  10   2.68e+01 3.20e+00   2.44432297e+13 -2.38403755e+13  4.88e+08       2s
  11   9.58e+00 2.32e+00   1.34316608e+13 -1.84576567e+13  3.36e+08       2s
  12   2.90e+00 6.54e-02   6.73825431e+12 -2.28683068e+12  8.10e+07       2s
  13   1.38e+00 2.87e-02   3.76881048e+12 -1.24804466e+12  4.53e+07       2s
  14   4.66e-01 1.06e-02   1.77091337e+12 -6.35279147e+11  2.18e+07       2s
  15   4.08e-02 2.56e-03   5.04169592e+11 -2.47410816e+11  6.81e+06       2s
  16   2.26e-02 9.80e-04   3.14702835e+11 -1.03128747e+11  3.73e+06       3s
  17   1.40e-02 5.17e-04   2.27847372e+11 -6.27857823e+10  2.58e+06       3s
  18   7.44e-03 3.20e-04   1.51169179e+11 -4.29823096e+10  1.72e+06       3s
  19   5.67e-03 1.23e-04   1.24567376e+11 -1.85038226e+10  1.26e+06       3s
  20   3.90e-03 5.42e-05   1.08402509e+11 -1.55897048e+10  1.09e+06       3s
  21   1.35e-03 1.13e-05   5.68671017e+10 -3.16017810e+09  5.27e+05       3s
  22   6.41e-04 3.16e-06   3.66332750e+10  1.69772874e+09  3.07e+05       3s
  23   3.38e-04 1.13e-06   2.44412546e+10  4.47764828e+09  1.75e+05       3s
  24   6.54e-05 4.31e-07   1.57798487e+10  4.93297297e+09  9.53e+04       4s
  25   2.44e-05 2.25e-07   1.09376614e+10  5.92986280e+09  4.40e+04       4s
  26   6.11e-06 5.24e-08   9.03115895e+09  6.68821854e+09  2.06e+04       4s
  27   2.95e-06 1.64e-08   8.18110260e+09  7.08250531e+09  9.65e+03       4s
  28   1.37e-06 5.01e-09   7.75894051e+09  7.21201611e+09  4.80e+03       4s
  29   4.47e-07 1.98e-09   7.45387916e+09  7.26486394e+09  1.66e+03       4s
  30   2.38e-07 9.31e-10   7.37910094e+09  7.28443538e+09  8.31e+02       4s
  31   2.98e-07 5.82e-10   7.33766520e+09  7.29270840e+09  3.95e+02       4s
  32   2.09e-07 4.66e-10   7.31466353e+09  7.29769154e+09  1.49e+02       5s
  33   2.38e-07 4.66e-10   7.30580598e+09  7.30013246e+09  4.98e+01       5s
  34   1.04e-07 3.49e-10   7.30361241e+09  7.30171850e+09  1.66e+01       5s
  35   1.49e-07 2.33e-10   7.30292664e+09  7.30234168e+09  5.14e+00       5s
  36   1.34e-07 3.49e-10   7.30266618e+09  7.30253126e+09  1.18e+00       5s
  37   1.49e-07 3.49e-10   7.30260562e+09  7.30258927e+09  1.44e-01       5s
  38   2.09e-07 4.66e-10   7.30260021e+09  7.30259545e+09  4.18e-02       5s
  39   4.47e-07 3.49e-10   7.30259887e+09  7.30259827e+09  5.21e-03       5s
  40   1.01e-06 3.49e-10   7.30259853e+09  7.30259846e+09  6.50e-04       5s
  41   9.69e-07 3.49e-10   7.30259850e+09  7.30259849e+09  6.70e-05       5s
  42*  2.29e-06 3.49e-10   7.30259850e+09  7.30259850e+09  1.57e-05       5s
Summary
    Runtime:                                            5.44s
    Status interior point solve:                        optimal
    Status crossover:                                   not run
    objective value:                                    7.30259850e+09
    interior solution primal residual (abs/rel):        1.85e-06 / 1.27e-14
    interior solution dual residual (abs/rel):          3.49e-10 / 3.88e-16
    interior solution objective gap (abs/rel):          1.34e+00 / 1.83e-10
Ipx: IPM       optimal
Model   status      : Optimal
IPM       iterations: 42
Objective value     :  7.3081957169e+09
HiGHS run time      :          6.37
Presolving model
46572 rows, 210771 cols, 476186 nonzeros
45568 rows, 53932 cols, 151247 nonzeros
45211 rows, 53491 cols, 150449 nonzeros
Presolve : Reductions: rows 45211(-1291801); columns 53491(-687571); elements 150449(-3461014)
Solving the presolved LP
IPX model has 45211 rows, 53491 columns and 150449 nonzeros
Input
    Number of variables:                                53491
    Number of free variables:                           0
    Number of constraints:                              45211
    Number of equality constraints:                     8816
    Number of matrix entries:                           150449
    Matrix range:                                       [1e-02, 1e+00]
    RHS range:                                          [2e+05, 1e+08]
    Objective range:                                    [2e-04, 9e+05]
    Bounds range:                                       [2e+05, 1e+08]
Preprocessing
    Dualized model:                                     no
    Number of dense columns:                            0
    Range of scaling factors:                           [1.00e+00, 2.00e+00]
IPX version 1.0
Interior Point Solve
 Iter     P.res    D.res            P.obj           D.obj        mu     Time
   0   2.26e+07 1.56e+05   8.70754663e+13 -2.10062911e+17  5.32e+12       0s
   1   5.79e+06 9.62e+04   1.30672515e+16 -1.42262163e+17  2.64e+12       0s
   2   3.61e+06 7.79e+04   1.72875785e+16 -1.26055641e+17  2.39e+12       0s
   3   1.29e+06 1.63e+04   1.30836726e+16 -2.86117650e+16  5.94e+11       0s
   4   3.90e+05 3.94e+03   6.64999423e+15 -7.45857707e+15  1.73e+11       0s
   5   1.07e+05 1.29e+03   2.62086091e+15 -2.92511077e+15  6.14e+10       0s
 Constructing starting basis...
   6   2.22e+04 3.59e+02   8.29315195e+14 -9.85200426e+14  2.02e+10       1s
   7   3.40e+03 1.13e+02   2.06575816e+14 -3.89213509e+14  6.53e+09       1s
   8   5.84e+02 4.40e+01   1.10768776e+14 -1.89915605e+14  3.25e+09       1s
   9   1.48e+02 1.36e+01   5.83547333e+13 -7.04406985e+13  1.35e+09       2s
  10   3.90e+01 2.71e+00   3.26945801e+13 -2.45544188e+13  5.57e+08       2s
  11   1.16e+01 1.63e+00   1.38036750e+13 -1.60145854e+13  3.01e+08       2s
  12   2.31e+00 1.46e-01   7.11300730e+12 -3.85382903e+12  1.01e+08       2s
  13   1.09e+00 3.46e-02   3.86491363e+12 -1.15392608e+12  4.53e+07       2s
  14   4.09e-01 9.50e-03   1.78179044e+12 -4.46953816e+11  2.00e+07       2s
  15   5.33e-02 2.76e-03   5.52550361e+11 -2.13124545e+11  6.92e+06       2s
  16   2.90e-02 1.08e-03   3.52758848e+11 -9.88949808e+10  4.03e+06       3s
  17   1.70e-02 5.85e-04   2.55816930e+11 -6.62075126e+10  2.86e+06       3s
  18   9.16e-03 3.13e-04   1.78247292e+11 -4.39298849e+10  1.97e+06       3s
  19   5.21e-03 1.37e-04   1.36246051e+11 -2.80558303e+10  1.45e+06       3s
  20   2.51e-03 5.30e-05   9.76809010e+10 -1.68165661e+10  1.01e+06       3s
  21   9.72e-04 1.67e-05   4.68236910e+10 -2.26923845e+09  4.31e+05       3s
  22   4.01e-04 4.72e-06   2.77377443e+10  2.64851915e+09  2.20e+05       3s
  23   1.68e-04 9.61e-07   1.79824984e+10  5.13284560e+09  1.13e+05       3s
  24   7.71e-05 5.19e-07   1.25372734e+10  5.86514800e+09  5.86e+04       4s
  25   2.04e-05 1.75e-07   9.29883461e+09  6.40563425e+09  2.54e+04       4s
  26   5.84e-06 7.61e-08   7.80982903e+09  6.73487402e+09  9.44e+03       4s
  27   1.91e-06 2.48e-08   7.33253363e+09  6.93993541e+09  3.45e+03       4s
  28   8.34e-07 1.08e-08   7.20823317e+09  6.99581132e+09  1.87e+03       4s
  29   3.28e-07 4.42e-09   7.11961963e+09  7.03174418e+09  7.72e+02       4s
  30   1.49e-07 2.10e-09   7.09002774e+09  7.04488231e+09  3.96e+02       4s
  31   1.79e-07 9.31e-10   7.07035855e+09  7.05199316e+09  1.61e+02       4s
  32   1.91e-07 6.98e-10   7.06211732e+09  7.05467507e+09  6.54e+01       5s
  33   1.64e-07 3.49e-10   7.05973004e+09  7.05684828e+09  2.53e+01       5s
  34   2.24e-07 3.49e-10   7.05852724e+09  7.05768293e+09  7.41e+00       5s
  35   2.53e-07 4.66e-10   7.05824400e+09  7.05797035e+09  2.40e+00       5s
  36   1.56e-07 3.49e-10   7.05812071e+09  7.05808885e+09  2.80e-01       5s
  37   1.27e-07 3.49e-10   7.05810644e+09  7.05810271e+09  3.28e-02       5s
  38   1.27e-07 3.49e-10   7.05810459e+09  7.05810380e+09  6.88e-03       5s
  39   2.24e-07 4.66e-10   7.05810427e+09  7.05810415e+09  1.09e-03       5s
  40   1.55e-06 3.49e-10   7.05810421e+09  7.05810418e+09  2.38e-04       5s
  41*  4.34e-06 3.49e-10   7.05810420e+09  7.05810420e+09  5.04e-05       5s
Summary
    Runtime:                                            5.32s
    Status interior point solve:                        optimal
    Status crossover:                                   not run
    objective value:                                    7.05810420e+09
    interior solution primal residual (abs/rel):        3.68e-06 / 2.52e-14
    interior solution dual residual (abs/rel):          3.49e-10 / 3.88e-16
    interior solution objective gap (abs/rel):          5.79e+00 / 8.20e-10
Ipx: IPM       optimal
Model   status      : Optimal
IPM       iterations: 41
Objective value     :  7.0637014199e+09
HiGHS run time      :          6.23
Presolving model
46572 rows, 210771 cols, 476186 nonzeros
45568 rows, 53932 cols, 151247 nonzeros
45211 rows, 53491 cols, 150449 nonzeros
Presolve : Reductions: rows 45211(-1291801); columns 53491(-687571); elements 150449(-3461014)
Solving the presolved LP
IPX model has 45211 rows, 53491 columns and 150449 nonzeros
Input
    Number of variables:                                53491
    Number of free variables:                           0
    Number of constraints:                              45211
    Number of equality constraints:                     8816
    Number of matrix entries:                           150449
    Matrix range:                                       [1e-02, 1e+00]
    RHS range:                                          [2e+05, 1e+08]
    Objective range:                                    [2e-04, 9e+05]
    Bounds range:                                       [2e+05, 1e+08]
Preprocessing
    Dualized model:                                     no
    Number of dense columns:                            0
    Range of scaling factors:                           [1.00e+00, 2.00e+00]
IPX version 1.0
Interior Point Solve
 Iter     P.res    D.res            P.obj           D.obj        mu     Time
   0   2.26e+07 1.56e+05   8.97110553e+13 -2.10075908e+17  5.32e+12       0s
   1   5.81e+06 9.63e+04   1.31803417e+16 -1.42271013e+17  2.64e+12       0s
   2   3.60e+06 7.77e+04   1.74520772e+16 -1.25817223e+17  2.38e+12       0s
   3   1.31e+06 1.63e+04   1.32463733e+16 -2.85808583e+16  5.96e+11       0s
   4   4.00e+05 3.93e+03   6.74666346e+15 -7.47520830e+15  1.75e+11       0s
   5   1.01e+05 1.28e+03   2.52682296e+15 -2.91597075e+15  6.01e+10       0s
 Constructing starting basis...
   6   1.06e+04 3.77e+02   5.82479168e+14 -1.01510145e+15  1.81e+10       1s
   7   1.61e+03 8.23e+01   2.05695941e+14 -3.32648954e+14  5.68e+09       1s
   8   2.47e+02 3.34e+01   8.42923405e+13 -1.62528628e+14  2.63e+09       1s
   9   6.24e+01 9.89e+00   5.23530020e+13 -5.88635111e+13  1.14e+09       2s
  10   1.85e+01 3.91e+00   2.74639733e+13 -2.82879611e+13  5.68e+08       2s
  11   4.24e+00 2.08e+00   1.12760409e+13 -1.66209864e+13  2.94e+08       2s
  12   1.13e+00 1.35e-01   6.98519816e+12 -3.50204786e+12  9.60e+07       2s
  13   5.05e-01 1.84e-02   3.53891039e+12 -6.82330309e+11  3.77e+07       2s
  14   2.23e-01 8.98e-03   1.87673551e+12 -4.35990054e+11  2.08e+07       2s
  15   3.08e-02 3.03e-03   6.77138021e+11 -2.50808176e+11  8.42e+06       2s
  16   1.53e-02 1.05e-03   3.90256163e+11 -1.01502516e+11  4.39e+06       3s
  17   8.97e-03 5.20e-04   2.71742863e+11 -6.18775876e+10  2.96e+06       3s
  18   5.71e-03 3.02e-04   2.11709432e+11 -4.60637588e+10  2.28e+06       3s
  19   3.84e-03 1.22e-04   1.69640980e+11 -2.83312847e+10  1.75e+06       3s
  20   9.89e-04 4.60e-05   8.08657160e+10 -1.46128330e+10  8.40e+05       3s
  21   2.59e-04 1.26e-05   3.84639792e+10 -2.74256472e+09  3.62e+05       3s
  22   1.14e-04 3.76e-06   2.46995839e+10  2.48518794e+09  1.95e+05       3s
  23   3.62e-05 1.34e-06   1.60072748e+10  4.31201189e+09  1.03e+05       3s
  24   1.35e-05 6.95e-07   1.08498059e+10  5.43659027e+09  4.75e+04       4s
  25   3.93e-06 1.49e-07   8.85704644e+09  6.33664679e+09  2.21e+04       4s
  26   1.55e-06 5.18e-08   7.74700929e+09  6.71203722e+09  9.09e+03       4s
  27   6.85e-07 1.71e-08   7.35438027e+09  6.84968317e+09  4.43e+03       4s
  28   2.98e-07 6.29e-09   7.13338556e+09  6.91229338e+09  1.94e+03       4s
  29   1.64e-07 2.68e-09   7.03674307e+09  6.93532112e+09  8.91e+02       4s
  30   8.94e-08 1.40e-09   6.99360312e+09  6.94437170e+09  4.32e+02       4s
  31   1.64e-07 6.98e-10   6.96721702e+09  6.95000890e+09  1.51e+02       5s
  32   3.28e-07 4.66e-10   6.96013361e+09  6.95278146e+09  6.46e+01       5s
  33   3.43e-07 3.49e-10   6.95690024e+09  6.95446518e+09  2.14e+01       5s
  34   2.09e-07 3.49e-10   6.95591860e+09  6.95534829e+09  5.01e+00       5s
  35   1.64e-07 3.49e-10   6.95570497e+09  6.95557617e+09  1.13e+00       5s
  36   2.24e-07 3.49e-10   6.95564179e+09  6.95562556e+09  1.43e-01       5s
  37   2.16e-07 3.49e-10   6.95563524e+09  6.95563274e+09  2.19e-02       5s
  38   2.98e-07 3.49e-10   6.95563510e+09  6.95563418e+09  8.03e-03       5s
  39   1.89e-06 4.66e-10   6.95563474e+09  6.95563467e+09  5.81e-04       5s
  40   2.16e-06 3.49e-10   6.95563472e+09  6.95563471e+09  6.24e-05       5s
  41*  8.57e-07 3.49e-10   6.95563471e+09  6.95563471e+09  7.41e-06       5s
Summary
    Runtime:                                            5.39s
    Status interior point solve:                        optimal
    Status crossover:                                   not run
    objective value:                                    6.95563471e+09
    interior solution primal residual (abs/rel):        7.90e-07 / 5.41e-15
    interior solution dual residual (abs/rel):          3.49e-10 / 3.88e-16
    interior solution objective gap (abs/rel):          6.21e-01 / 8.92e-11
Ipx: IPM       optimal
Model   status      : Optimal
IPM       iterations: 41
Objective value     :  6.9612319310e+09
HiGHS run time      :          6.29
Presolving model
46572 rows, 210771 cols, 476186 nonzeros
45568 rows, 53932 cols, 151247 nonzeros
45211 rows, 53491 cols, 150449 nonzeros
Presolve : Reductions: rows 45211(-1291801); columns 53491(-687571); elements 150449(-3461014)
Solving the presolved LP
IPX model has 45211 rows, 53491 columns and 150449 nonzeros
Input
    Number of variables:                                53491
    Number of free variables:                           0
    Number of constraints:                              45211
    Number of equality constraints:                     8816
    Number of matrix entries:                           150449
    Matrix range:                                       [1e-02, 1e+00]
    RHS range:                                          [2e+05, 1e+08]
    Objective range:                                    [2e-04, 9e+05]
    Bounds range:                                       [2e+05, 1e+08]
Preprocessing
    Dualized model:                                     no
    Number of dense columns:                            0
    Range of scaling factors:                           [1.00e+00, 2.00e+00]
IPX version 1.0
Interior Point Solve
 Iter     P.res    D.res            P.obj           D.obj        mu     Time
   0   2.26e+07 1.56e+05   8.98189163e+13 -2.10075741e+17  5.32e+12       0s
   1   5.81e+06 9.63e+04   1.31867678e+16 -1.42272134e+17  2.64e+12       0s
   2   3.60e+06 7.77e+04   1.74631964e+16 -1.25797610e+17  2.38e+12       0s
   3   1.13e+06 1.62e+04   1.29210015e+16 -2.84791521e+16  5.79e+11       0s
   4   3.74e+05 3.67e+03   6.71184636e+15 -6.76462651e+15  1.64e+11       0s
   5   7.96e+04 1.27e+03   2.23042652e+15 -2.79265074e+15  5.52e+10       0s
 Constructing starting basis...
   6   1.15e+04 3.68e+02   6.05460854e+14 -9.51391875e+14  1.76e+10       1s
   7   1.90e+03 8.06e+01   1.92364947e+14 -3.10298256e+14  5.33e+09       1s
   8   3.24e+02 3.53e+01   9.13385650e+13 -1.60777895e+14  2.70e+09       1s
   9   7.31e+01 1.13e+01   5.07028209e+13 -6.06652416e+13  1.16e+09       2s
  10   1.93e+01 3.34e+00   2.72039172e+13 -2.47714377e+13  5.23e+08       2s
  11   4.89e+00 2.02e+00   1.21689356e+13 -1.65977936e+13  3.02e+08       2s
  12   1.12e+00 1.23e-01   6.60460748e+12 -3.19084349e+12  8.96e+07       2s
  13   4.06e-01 3.29e-02   3.13724148e+12 -1.15897114e+12  3.90e+07       2s
  14   1.37e-01 1.09e-02   1.52201450e+12 -5.46863772e+11  1.88e+07       2s
  15   7.39e-03 1.96e-03   4.17511271e+11 -1.87238462e+11  5.45e+06       2s
  16   4.51e-03 9.16e-04   3.08090368e+11 -1.04831868e+11  3.69e+06       3s
  17   1.98e-03 5.55e-04   2.01403865e+11 -7.42136733e+10  2.45e+06       3s
  18   1.18e-03 3.73e-04   1.58825962e+11 -5.67893917e+10  1.91e+06       3s
  19   6.98e-04 2.71e-04   1.34722392e+11 -4.71056032e+10  1.61e+06       3s
  20   4.43e-04 7.12e-05   9.57134911e+10 -1.21618392e+10  9.50e+05       3s
  21   1.75e-04 2.40e-05   5.40181847e+10 -3.72465766e+09  5.08e+05       3s
  22   5.57e-05 5.00e-06   2.62848766e+10  2.93311449e+09  2.05e+05       3s
  23   3.30e-05 2.20e-06   1.95299188e+10  4.61279858e+09  1.31e+05       3s
  24   1.03e-05 6.00e-07   1.37754074e+10  5.25887533e+09  7.48e+04       3s
  25   4.05e-06 2.11e-07   1.00891541e+10  6.12389467e+09  3.48e+04       4s
  26   8.64e-07 5.66e-08   7.73028503e+09  6.61534192e+09  9.79e+03       4s
  27   3.28e-07 1.83e-08   7.26749528e+09  6.76976369e+09  4.37e+03       4s
  28   1.49e-07 6.98e-09   7.08172610e+09  6.83491304e+09  2.17e+03       4s
  29   1.79e-07 3.03e-09   6.96350223e+09  6.86395076e+09  8.74e+02       4s
  30   2.53e-07 1.51e-09   6.92850429e+09  6.87672391e+09  4.55e+02       4s
  31   1.34e-07 6.98e-10   6.90316383e+09  6.88480687e+09  1.61e+02       4s
  32   2.09e-07 4.66e-10   6.89529131e+09  6.88804428e+09  6.36e+01       4s
  33   1.49e-07 3.49e-10   6.89228176e+09  6.88996171e+09  2.04e+01       5s
  34   1.34e-07 3.49e-10   6.89147666e+09  6.89068642e+09  6.94e+00       5s
  35   1.19e-07 3.49e-10   6.89125290e+09  6.89108130e+09  1.51e+00       5s
  36   1.34e-07 3.49e-10   6.89119768e+09  6.89117806e+09  1.72e-01       5s
  37   4.62e-07 3.49e-10   6.89119056e+09  6.89118813e+09  2.14e-02       5s
  38   5.07e-07 3.49e-10   6.89118942e+09  6.89118913e+09  2.48e-03       5s
  39   1.24e-06 3.49e-10   6.89118923e+09  6.89118919e+09  3.73e-04       5s
  40   2.07e-06 3.49e-10   6.89118920e+09  6.89118919e+09  7.01e-05       5s
  41*  3.98e-06 3.49e-10   6.89118920e+09  6.89118920e+09  1.39e-05       5s
Summary
    Runtime:                                            5.15s
    Status interior point solve:                        optimal
    Status crossover:                                   not run
    objective value:                                    6.89118920e+09
    interior solution primal residual (abs/rel):        3.25e-06 / 2.22e-14
    interior solution dual residual (abs/rel):          3.49e-10 / 3.88e-16
    interior solution objective gap (abs/rel):          1.49e+00 / 2.16e-10
Ipx: IPM       optimal
Model   status      : Optimal
IPM       iterations: 41
Objective value     :  6.8967864146e+09
HiGHS run time      :          6.06
Presolving model
46572 rows, 210771 cols, 476186 nonzeros
45568 rows, 53932 cols, 151247 nonzeros
45211 rows, 53491 cols, 150449 nonzeros
Presolve : Reductions: rows 45211(-1291801); columns 53491(-687571); elements 150449(-3461014)
Solving the presolved LP
IPX model has 45211 rows, 53491 columns and 150449 nonzeros
Input
    Number of variables:                                53491
    Number of free variables:                           0
    Number of constraints:                              45211
    Number of equality constraints:                     8816
    Number of matrix entries:                           150449
    Matrix range:                                       [1e-02, 1e+00]
    RHS range:                                          [2e+05, 1e+08]
    Objective range:                                    [2e-04, 9e+05]
    Bounds range:                                       [2e+05, 1e+08]
Preprocessing
    Dualized model:                                     no
    Number of dense columns:                            0
    Range of scaling factors:                           [1.00e+00, 2.00e+00]
IPX version 1.0
Interior Point Solve
 Iter     P.res    D.res            P.obj           D.obj        mu     Time
   0   2.26e+07 1.56e+05   8.98712426e+13 -2.10075996e+17  5.32e+12       0s
   1   5.81e+06 9.63e+04   1.31886904e+16 -1.42272000e+17  2.64e+12       0s
   2   3.60e+06 7.77e+04   1.74648863e+16 -1.25802024e+17  2.38e+12       0s
   3   1.13e+06 1.62e+04   1.29208767e+16 -2.84783820e+16  5.79e+11       0s
   4   3.74e+05 3.67e+03   6.71330332e+15 -6.76316125e+15  1.64e+11       0s
   5   7.96e+04 1.27e+03   2.23093966e+15 -2.79272928e+15  5.52e+10       0s
 Constructing starting basis...
   6   1.71e+04 3.70e+02   7.38803033e+14 -9.55489676e+14  1.90e+10       1s
   7   3.12e+03 9.82e+01   2.11244563e+14 -3.42831342e+14  5.97e+09       1s
   8   3.96e+02 4.00e+01   8.83144375e+13 -1.69392993e+14  2.80e+09       1s
   9   8.78e+01 1.14e+01   5.33221940e+13 -5.97635968e+13  1.17e+09       1s
  10   2.19e+01 3.80e+00   2.74924517e+13 -2.64893786e+13  5.48e+08       2s
  11   6.14e+00 2.23e+00   1.23347255e+13 -1.69580183e+13  3.08e+08       2s
  12   1.26e+00 1.36e-01   6.49641387e+12 -3.24799372e+12  8.93e+07       2s
  13   5.03e-01 3.46e-02   3.24158927e+12 -1.10556482e+12  3.94e+07       2s
  14   1.83e-01 1.16e-02   1.57663871e+12 -5.13236876e+11  1.89e+07       2s
  15   1.25e-02 2.36e-03   4.28776758e+11 -1.89185079e+11  5.58e+06       2s
  16   7.95e-03 1.00e-03   3.28602199e+11 -1.02451333e+11  3.85e+06       2s
  17   4.06e-03 6.15e-04   2.25563492e+11 -7.36213002e+10  2.66e+06       3s
  18   2.43e-03 4.07e-04   1.77838251e+11 -5.68710284e+10  2.08e+06       3s
  19   1.44e-03 2.96e-04   1.47248348e+11 -4.74556090e+10  1.73e+06       3s
  20   9.30e-04 7.01e-05   1.03932597e+11 -1.04055586e+10  1.01e+06       3s
  21   3.20e-04 1.84e-05   6.00203602e+10 -4.50713489e+09  5.67e+05       3s
  22   8.76e-05 4.90e-06   2.55990781e+10  2.37371167e+09  2.04e+05       3s
  23   4.54e-05 2.50e-06   1.82240272e+10  4.03418543e+09  1.25e+05       3s
  24   1.68e-05 1.04e-06   1.31626751e+10  5.07704950e+09  7.10e+04       3s
  25   7.11e-06 3.96e-07   1.00352275e+10  6.00199853e+09  3.54e+04       4s
  26   1.46e-06 1.25e-07   7.81529655e+09  6.51406445e+09  1.14e+04       4s
  27   7.15e-07 4.02e-08   7.36435297e+09  6.75243983e+09  5.37e+03       4s
  28   4.17e-07 1.30e-08   7.19108027e+09  6.83158882e+09  3.16e+03       4s
  29   1.49e-07 4.77e-09   6.98978021e+09  6.86405791e+09  1.10e+03       4s
  30   9.97e-08 1.86e-09   6.94233728e+09  6.87774433e+09  5.67e+02       4s
  31   3.28e-07 6.98e-10   6.91128503e+09  6.88406900e+09  2.39e+02       4s
  32   2.53e-07 4.66e-10   6.89908160e+09  6.88822279e+09  9.54e+01       4s
  33   1.60e-07 3.49e-10   6.89341130e+09  6.88980678e+09  3.17e+01       5s
  34   1.94e-07 3.49e-10   6.89170586e+09  6.89074253e+09  8.46e+00       5s
  35   2.24e-07 4.66e-10   6.89111360e+09  6.89088840e+09  1.98e+00       5s
  36   1.49e-07 3.49e-10   6.89101611e+09  6.89098034e+09  3.14e-01       5s
  37   2.20e-07 3.49e-10   6.89100264e+09  6.89099576e+09  6.04e-02       5s
  38   2.98e-07 3.49e-10   6.89100037e+09  6.89099960e+09  6.76e-03       5s
  39   1.43e-06 3.49e-10   6.89100008e+09  6.89099992e+09  1.36e-03       5s
  40   6.41e-07 3.49e-10   6.89100003e+09  6.89100000e+09  2.84e-04       5s
  41*  3.41e-06 3.49e-10   6.89100002e+09  6.89100002e+09  4.03e-05       5s
Summary
    Runtime:                                            5.25s
    Status interior point solve:                        optimal
    Status crossover:                                   not run
    objective value:                                    6.89100002e+09
    interior solution primal residual (abs/rel):        2.73e-06 / 1.87e-14
    interior solution dual residual (abs/rel):          3.49e-10 / 3.88e-16
    interior solution objective gap (abs/rel):          4.76e+00 / 6.90e-10
Ipx: IPM       optimal
Model   status      : Optimal
IPM       iterations: 41
Objective value     :  6.8965972430e+09
HiGHS run time      :          6.15
[ Info: Rolling step not specified in scenaio.yaml file; Setting it to 15 years
[ Info: Demand-pathway mapping not specified in scenaio.yaml file; SERA will not look for eligible pathways for different demand types.
[ Info: Production capacity constraints from the grid model not defined. SERA will not create these constraints
[ Info: Regional technology limits not specified in scenaio.yaml file; SERA will not create these constraints
STARTING DATA PRE-PROCESSING 
Processing Temporal Data
Processing Nodes
Processing Demand
Processing Existings
Processing Links
Processing Pathways
Creating Infrastructure options
  1.810687 seconds (11.26 M allocations: 1.206 GiB, 26.49% gc time, 4.16% compilation time)

OPTIMIZING FROM 2026 TO 2040 

STARTING OPTIMIZATION MODEL CREATION
CREATING VARIABLES AND EXPRESSIONS
  9.983362 seconds (70.41 M allocations: 4.358 GiB, 26.01% gc time, 45.98% compilation time)
POPULATING EXPRESSIONS
 12.923642 seconds (45.75 M allocations: 6.736 GiB, 11.21% gc time, 3.47% compilation time)
CREATING CONSTRAINTS
  5.130721 seconds (41.29 M allocations: 2.127 GiB, 14.25% gc time, 18.77% compilation time)
POPULATED CORE OPTIMIZATION MODEL, STARTING ITERATIONS
READING COST DATA FOR ITERATION 1
  9.170491 seconds (33.89 M allocations: 3.128 GiB, 3.78% gc time, 3.78% compilation time)
CREATING EXPRESSIONS FOR CAPITAL AND FIXED COST
  7.038979 seconds (50.01 M allocations: 3.142 GiB, 42.79% gc time, 15.89% compilation time)
BUILDING OBJECTIVE FUNCTION
  2.767480 seconds (13.70 M allocations: 519.689 MiB, 12.54% gc time, 38.70% compilation time)
Optimizing for iteration 1
  9.532204 seconds (14.15 M allocations: 1.322 GiB, 1.95% gc time, 0.25% compilation time)
OPTIMAL
1.0520984149487593e10
ϵ =  1.0
READING COST DATA FOR ITERATION 2
  8.816296 seconds (30.97 M allocations: 3.024 GiB, 4.07% gc time, 0.36% compilation time)
CREATING EXPRESSIONS FOR CAPITAL AND FIXED COST
  4.572189 seconds (48.64 M allocations: 3.054 GiB, 35.27% gc time, 0.10% compilation time)
BUILDING OBJECTIVE FUNCTION
  5.905450 seconds (12.36 M allocations: 426.934 MiB, 76.21% gc time)
Optimizing for iteration 2
  6.542556 seconds (2 allocations: 32 bytes)
OPTIMAL
8.620794466324366e9
ϵ =  0.22041932336815415
READING COST DATA FOR ITERATION 3
 11.827252 seconds (30.86 M allocations: 3.075 GiB, 28.63% gc time)
CREATING EXPRESSIONS FOR CAPITAL AND FIXED COST
 26.384546 seconds (48.64 M allocations: 3.054 GiB, 87.94% gc time)
BUILDING OBJECTIVE FUNCTION
  1.757682 seconds (12.36 M allocations: 416.735 MiB, 14.16% gc time)
Optimizing for iteration 3
  6.381463 seconds (2 allocations: 32 bytes)
OPTIMAL
7.308195716861456e9
ϵ =  0.17960640359350083
READING COST DATA FOR ITERATION 4
 10.442350 seconds (30.84 M allocations: 3.021 GiB, 19.55% gc time)
CREATING EXPRESSIONS FOR CAPITAL AND FIXED COST
 30.289153 seconds (48.64 M allocations: 3.054 GiB, 89.18% gc time)
BUILDING OBJECTIVE FUNCTION
  1.941717 seconds (12.36 M allocations: 416.735 MiB, 24.27% gc time)
Optimizing for iteration 4
  6.243910 seconds (2 allocations: 32 bytes)
OPTIMAL
7.063701419946919e9
ϵ =  0.03461277344256938
READING COST DATA FOR ITERATION 5
 10.560594 seconds (30.83 M allocations: 3.021 GiB, 20.39% gc time)
CREATING EXPRESSIONS FOR CAPITAL AND FIXED COST
 26.920677 seconds (48.64 M allocations: 3.054 GiB, 87.75% gc time)
BUILDING OBJECTIVE FUNCTION
  1.750364 seconds (12.36 M allocations: 416.735 MiB, 12.69% gc time)
Optimizing for iteration 5
  6.297908 seconds (2 allocations: 32 bytes)
OPTIMAL
6.961231930966267e9
ϵ =  0.014720022259963512
READING COST DATA FOR ITERATION 6
 13.915872 seconds (30.83 M allocations: 3.021 GiB, 37.44% gc time)
CREATING EXPRESSIONS FOR CAPITAL AND FIXED COST
 30.321937 seconds (48.64 M allocations: 3.054 GiB, 89.33% gc time)
BUILDING OBJECTIVE FUNCTION
  1.911577 seconds (12.36 M allocations: 416.735 MiB, 23.50% gc time)
Optimizing for iteration 6
  6.068997 seconds (2 allocations: 32 bytes)
OPTIMAL
6.896786414576299e9
ϵ =  0.009344281889579807
READING COST DATA FOR ITERATION 7
 10.945038 seconds (30.83 M allocations: 3.021 GiB, 23.05% gc time)
CREATING EXPRESSIONS FOR CAPITAL AND FIXED COST
 27.368224 seconds (48.64 M allocations: 3.054 GiB, 87.66% gc time)
BUILDING OBJECTIVE FUNCTION
  1.801826 seconds (12.36 M allocations: 416.735 MiB, 13.81% gc time)
Optimizing for iteration 7
  6.158040 seconds (2 allocations: 32 bytes)
OPTIMAL
6.896597242980666e9
ϵ =  2.7429700321839925e-5
ITERATIONS COMPLETED
WRITING RESULTS TO FILE
  4.440114 seconds (11.57 M allocations: 520.077 MiB, 63.03% gc time, 15.05% compilation time)

THE OPTIMIZATION PROBLEM TOOK 5.97 MINUTES TO SOLVE. 
