Running HiGHS 1.6.0: Copyright (c) 2023 HiGHS under MIT licence terms
Presolving model
113519 rows, 305343 cols, 704002 nonzeros
83381 rows, 183879 cols, 460761 nonzeros
80987 rows, 107161 cols, 306716 nonzeros
80511 rows, 106588 cols, 305541 nonzeros
Presolve : Reductions: rows 80511(-2363220); columns 106588(-1528124); elements 305541(-7353224)
Solving the presolved LP
IPX model has 80511 rows, 106588 columns and 305541 nonzeros
Input
    Number of variables:                                106588
    Number of free variables:                           0
    Number of constraints:                              80511
    Number of equality constraints:                     13182
    Number of matrix entries:                           305541
    Matrix range:                                       [1e-02, 1e+00]
    RHS range:                                          [2e+05, 1e+07]
    Objective range:                                    [4e-04, 3e+01]
    Bounds range:                                       [7e+05, 1e+08]
Preprocessing
    Dualized model:                                     no
    Number of dense columns:                            0
    Range of scaling factors:                           [1.00e+00, 2.00e+00]
IPX version 1.0
Interior Point Solve
 Iter     P.res    D.res            P.obj           D.obj        mu     Time
   0   4.15e+06 1.72e+01   6.36252510e+08 -3.72089306e+12  9.05e+07       0s
   1   8.85e+05 1.12e+01   1.33542660e+11 -2.47403592e+12  5.90e+07       0s
   2   4.69e+05 7.76e+00   1.90869620e+11 -1.79161515e+12  5.16e+07       0s
   3   1.85e+05 8.58e-01   1.65500559e+11 -2.01053182e+11  6.99e+06       0s
   4   4.87e+04 1.48e-01   8.93730912e+10 -3.47900181e+10  1.51e+06       1s
   5   1.54e+04 5.57e-02   4.58490362e+10 -1.33299178e+10  5.66e+05       1s
 Constructing starting basis...
   6   7.40e+03 1.65e-02   3.23689276e+10 -4.45452338e+09  2.70e+05       2s
   7   3.11e+03 2.38e-03   2.05867025e+10 -8.37974074e+08  1.28e+05       2s
   8   1.11e+03 1.25e-03   9.40776830e+09 -2.18052744e+08  5.60e+04       3s
   9   8.27e+02 1.07e-03   9.15563637e+09 -1.44014599e+08  5.39e+04       3s
  10   3.33e+02 3.98e-04   5.80065160e+09  2.80455429e+08  3.13e+04       3s
  11   1.57e+02 2.32e-04   3.65912062e+09  4.07351232e+08  1.83e+04       3s
  12   8.49e+01 1.21e-04   2.39721470e+09  5.10920720e+08  1.06e+04       4s
  13   4.82e+01 6.00e-05   1.71328858e+09  5.68885235e+08  6.41e+03       4s
  14   1.45e+01 3.11e-05   1.07053101e+09  5.97621240e+08  2.64e+03       4s
  15   6.50e+00 2.13e-05   8.92940911e+08  6.08709865e+08  1.59e+03       5s
  16   3.26e+00 1.14e-05   8.20169097e+08  6.19857207e+08  1.12e+03       5s
  17   1.09e+00 6.67e-06   7.15757043e+08  6.26855973e+08  4.96e+02       5s
  18   4.97e-01 4.06e-06   6.82084990e+08  6.30787481e+08  2.86e+02       6s
  19   2.86e-01 3.05e-06   6.67889488e+08  6.32360023e+08  1.98e+02       6s
  20   2.98e-07 1.89e-06   6.56413673e+08  6.33991130e+08  1.25e+02       6s
  21   1.19e-07 7.24e-07   6.44351413e+08  6.36134015e+08  4.58e+01       7s
  22   2.98e-08 3.17e-07   6.39651204e+08  6.36889327e+08  1.54e+01       7s
  23   2.98e-08 2.06e-07   6.38602599e+08  6.37104588e+08  8.34e+00       7s
  24   2.98e-08 1.73e-07   6.38563337e+08  6.37167619e+08  7.77e+00       8s
  25   2.98e-08 7.99e-08   6.37960652e+08  6.37361502e+08  3.34e+00       8s
  26   2.98e-08 1.25e-08   6.37693352e+08  6.37499547e+08  1.08e+00       8s
  27   2.98e-08 1.06e-09   6.37557575e+08  6.37529160e+08  1.58e-01       8s
  28   2.98e-08 1.20e-10   6.37533788e+08  6.37531633e+08  1.20e-02       9s
  29   2.98e-08 5.98e-12   6.37532232e+08  6.37531935e+08  1.66e-03       9s
  30   2.98e-08 1.74e-12   6.37531982e+08  6.37531946e+08  2.00e-04       9s
  31   2.98e-08 3.84e-13   6.37531954e+08  6.37531950e+08  2.43e-05       9s
  32*  2.98e-08 5.33e-14   6.37531951e+08  6.37531950e+08  2.32e-06      10s
Summary
    Runtime:                                            9.56s
    Status interior point solve:                        optimal
    Status crossover:                                   not run
    objective value:                                    6.37531951e+08
    interior solution primal residual (abs/rel):        2.98e-08 / 2.04e-16
    interior solution dual residual (abs/rel):          1.14e-10 / 3.30e-12
    interior solution objective gap (abs/rel):          4.17e-01 / 6.54e-10
Ipx: IPM       optimal
Model   status      : Optimal
IPM       iterations: 32
Objective value     :  6.3753195031e+08
HiGHS run time      :         11.63
Presolving model
113519 rows, 305343 cols, 704002 nonzeros
83381 rows, 183879 cols, 460761 nonzeros
80987 rows, 107161 cols, 306716 nonzeros
80511 rows, 106588 cols, 305541 nonzeros
Presolve : Reductions: rows 80511(-2370735); columns 106588(-1528124); elements 305541(-7360739)
Solving the presolved LP
IPX model has 80511 rows, 106588 columns and 305541 nonzeros
Input
    Number of variables:                                106588
    Number of free variables:                           0
    Number of constraints:                              80511
    Number of equality constraints:                     13182
    Number of matrix entries:                           305541
    Matrix range:                                       [1e-02, 1e+00]
    RHS range:                                          [2e+05, 1e+07]
    Objective range:                                    [4e-04, 8e+06]
    Bounds range:                                       [7e+05, 1e+08]
Preprocessing
    Dualized model:                                     no
    Number of dense columns:                            0
    Range of scaling factors:                           [1.00e+00, 2.00e+00]
IPX version 1.0
Interior Point Solve
 Iter     P.res    D.res            P.obj           D.obj        mu     Time
   0   4.12e+06 1.48e+06   4.27257982e+13 -3.21125524e+17  8.05e+12       0s
   1   1.04e+06 1.07e+06   5.06003516e+16 -2.36273236e+17  5.75e+12       0s
   2   4.97e+05 6.22e+05   7.10913199e+16 -1.47133725e+17  4.27e+12       0s
   3   1.74e+05 1.23e+05   5.53208753e+16 -3.01278469e+16  1.04e+12       0s
   4   3.51e+04 2.00e+04   2.80180166e+16 -5.48160074e+15  2.49e+11       1s
   5   1.29e+04 7.88e+03   1.28397880e+16 -2.21164181e+15  9.76e+10       1s
 Constructing starting basis...
   6   5.41e+03 3.19e+03   6.40247269e+15 -9.35510715e+14  4.71e+10       2s
   7   1.18e+03 6.29e+02   3.17792437e+15 -2.83757312e+14  2.05e+10       2s
   8   1.50e+02 2.49e+02   1.75867440e+15 -1.60496352e+14  1.14e+10       3s
   9   1.01e+01 1.17e+02   4.25121158e+14 -8.53220235e+13  3.20e+09       3s
  10   1.92e+00 5.23e+01   1.96468438e+14 -4.16542776e+13  1.51e+09       3s
  11   4.24e-01 2.07e+01   5.60111948e+13 -1.65553408e+13  4.77e+08       3s
  12   1.36e-01 7.92e+00   2.44239043e+13 -6.51772432e+12  2.01e+08       4s
  13   3.30e-02 1.74e+00   7.27136742e+12 -1.45188833e+12  5.48e+07       4s
  14   1.34e-02 4.54e-01   3.22098918e+12 -3.82417670e+11  2.16e+07       4s
  15   4.88e-03 2.31e-01   1.28331015e+12 -1.96314793e+11  8.99e+06       4s
  16   1.97e-03 7.42e-02   6.03907080e+11 -6.44624746e+10  3.95e+06       5s
  17   1.16e-03 3.86e-02   3.86461121e+11 -3.36807524e+10  2.45e+06       5s
  18   4.64e-04 1.26e-02   2.01898923e+11 -1.13535386e+10  1.22e+06       5s
  19   2.04e-04 5.44e-03   1.06992950e+11 -4.27849232e+09  6.30e+05       6s
  20   8.36e-05 2.42e-03   5.41055135e+10 -1.02449204e+09  3.10e+05       6s
  21   2.59e-05 9.30e-04   2.40647438e+10  7.31679245e+08  1.31e+05       6s
  22   7.48e-06 3.15e-04   1.06244892e+10  1.58594255e+09  5.04e+04       6s
  23   2.98e-08 5.30e-05   4.36925285e+09  1.97477412e+09  1.33e+04       7s
  24   2.98e-08 1.75e-05   3.06027752e+09  2.07962570e+09  5.46e+03       7s
  25   2.98e-08 6.88e-06   2.42143440e+09  2.10995065e+09  1.73e+03       7s
  26   2.98e-08 3.05e-06   2.23394995e+09  2.12383363e+09  6.13e+02       7s
  27   2.98e-08 1.51e-06   2.17243633e+09  2.13002849e+09  2.36e+02       7s
  28   2.98e-08 6.02e-07   2.15021166e+09  2.13381764e+09  9.13e+01       8s
  29   2.98e-08 1.69e-07   2.14061808e+09  2.13569839e+09  2.74e+01       8s
  30   2.98e-08 1.96e-08   2.13753176e+09  2.13640875e+09  6.25e+00       8s
  31   2.98e-08 6.52e-09   2.13659062e+09  2.13647743e+09  6.30e-01       8s
  32   2.98e-08 2.79e-09   2.13651840e+09  2.13649599e+09  1.25e-01       8s
  33   2.98e-08 1.86e-09   2.13650553e+09  2.13649823e+09  4.06e-02       9s
  34   2.98e-08 1.86e-09   2.13650141e+09  2.13649898e+09  1.36e-02       9s
  35   2.98e-08 1.86e-09   2.13649925e+09  2.13649914e+09  6.27e-04       9s
  36   4.47e-08 9.31e-10   2.13649916e+09  2.13649916e+09  4.52e-05       9s
  37*  4.84e-08 9.31e-10   2.13649916e+09  2.13649916e+09  7.44e-06       9s
Summary
    Runtime:                                            9.30s
    Status interior point solve:                        optimal
    Status crossover:                                   not run
    objective value:                                    2.13649916e+09
    interior solution primal residual (abs/rel):        7.64e-08 / 5.23e-16
    interior solution dual residual (abs/rel):          9.31e-10 / 1.10e-16
    interior solution objective gap (abs/rel):          1.16e+00 / 5.43e-10
Ipx: IPM       optimal
Model   status      : Optimal
IPM       iterations: 37
Objective value     :  2.1364991583e+09
HiGHS run time      :         11.75
Presolving model
113519 rows, 305343 cols, 704002 nonzeros
83381 rows, 183879 cols, 460761 nonzeros
80987 rows, 107161 cols, 306716 nonzeros
80511 rows, 106588 cols, 305541 nonzeros
Presolve : Reductions: rows 80511(-2378250); columns 106588(-1528124); elements 305541(-7368254)
Solving the presolved LP
IPX model has 80511 rows, 106588 columns and 305541 nonzeros
Input
    Number of variables:                                106588
    Number of free variables:                           0
    Number of constraints:                              80511
    Number of equality constraints:                     13182
    Number of matrix entries:                           305541
    Matrix range:                                       [1e-02, 1e+00]
    RHS range:                                          [2e+05, 1e+07]
    Objective range:                                    [4e-04, 8e+06]
    Bounds range:                                       [7e+05, 1e+08]
Preprocessing
    Dualized model:                                     no
    Number of dense columns:                            0
    Range of scaling factors:                           [1.00e+00, 2.00e+00]
IPX version 1.0
Interior Point Solve
 Iter     P.res    D.res            P.obj           D.obj        mu     Time
   0   4.12e+06 1.48e+06   4.40777588e+13 -3.21093096e+17  8.05e+12       0s
   1   1.04e+06 1.07e+06   5.07420834e+16 -2.36171675e+17  5.74e+12       0s
   2   4.96e+05 6.21e+05   7.12520747e+16 -1.46992104e+17  4.27e+12       0s
   3   1.69e+05 1.20e+05   5.52258057e+16 -2.94428229e+16  1.02e+12       0s
   4   3.35e+04 2.54e+04   2.66894955e+16 -6.60532268e+15  2.61e+11       1s
   5   1.22e+04 1.05e+04   1.25020710e+16 -2.78326795e+15  1.03e+11       1s
   6   4.23e+03 3.34e+03   6.24062646e+15 -9.69469237e+14  4.32e+10       2s
 Constructing starting basis...
   7   6.54e+02 6.57e+02   2.74124730e+15 -2.75030072e+14  1.79e+10       3s
   8   4.62e+02 2.20e+02   2.10247656e+15 -1.12455973e+14  1.27e+10       3s
   9   2.33e+02 1.10e+02   1.17559350e+15 -6.38493417e+13  7.12e+09       3s
  10   6.99e+01 4.30e+01   4.86043753e+14 -3.08153751e+13  2.98e+09       4s
  11   1.89e+01 2.71e+01   1.60645873e+14 -1.96132392e+13  1.07e+09       4s
  12   7.07e+00 1.68e+01   6.95340547e+13 -1.21335518e+13  4.99e+08       4s
  13   2.30e+00 7.54e+00   2.88300162e+13 -5.52381652e+12  2.12e+08       4s
  14   5.92e-01 1.91e+00   9.99510527e+12 -1.48922129e+12  6.93e+07       5s
  15   2.20e-01 4.85e-01   4.27048568e+12 -3.96259279e+11  2.74e+07       5s
  16   5.63e-02 9.49e-02   1.34927386e+12 -8.56172621e+10  8.26e+06       5s
  17   9.02e-03 5.04e-02   4.65382347e+11 -4.94317304e+10  3.02e+06       5s
  18   2.16e-03 1.76e-02   1.59684381e+11 -1.73446165e+10  1.03e+06       6s
  19   7.98e-04 8.22e-03   7.14265441e+10 -7.47106488e+09  4.54e+05       6s
  20   2.49e-04 1.39e-03   3.48079944e+10 -2.41959570e+08  1.97e+05       6s
  21   5.86e-05 1.33e-04   1.28318722e+10  1.47173735e+09  6.33e+04       6s
  22   1.46e-05 4.14e-05   4.81700443e+09  1.69371676e+09  1.74e+04       7s
  23   5.45e-06 1.54e-05   2.99652236e+09  1.76395267e+09  6.87e+03       7s
  24   1.04e-06 6.15e-06   2.22808311e+09  1.78717202e+09  2.46e+03       7s
  25   3.28e-07 2.92e-06   1.99120333e+09  1.79844134e+09  1.07e+03       7s
  26   8.94e-08 1.35e-06   1.86501590e+09  1.80537597e+09  3.32e+02       8s
  27   2.98e-08 4.56e-07   1.82938577e+09  1.80956175e+09  1.10e+02       8s
  28   2.98e-08 1.44e-07   1.81664301e+09  1.81109065e+09  3.09e+01       8s
  29   2.98e-08 2.24e-08   1.81266093e+09  1.81175266e+09  5.06e+00       8s
  30   3.35e-08 2.79e-09   1.81199010e+09  1.81186214e+09  7.13e-01       8s
  31   2.98e-08 1.86e-09   1.81192305e+09  1.81186643e+09  3.15e-01       8s
  32   2.98e-08 1.86e-09   1.81188339e+09  1.81186770e+09  8.74e-02       9s
  33   2.98e-08 1.86e-09   1.81187075e+09  1.81186788e+09  1.60e-02       9s
  34   2.98e-08 2.79e-09   1.81186831e+09  1.81186793e+09  2.09e-03       9s
  35   2.98e-08 1.86e-09   1.81186800e+09  1.81186795e+09  2.80e-04       9s
  36   5.59e-08 9.31e-10   1.81186796e+09  1.81186795e+09  6.02e-05       9s
  37*  2.05e-07 9.31e-10   1.81186795e+09  1.81186795e+09  1.13e-05       9s
Summary
    Runtime:                                            9.37s
    Status interior point solve:                        imprecise
    Status crossover:                                   not run
    objective value:                                    1.81186795e+09
    interior solution primal residual (abs/rel):        2.14e-07 / 1.47e-15
    interior solution dual residual (abs/rel):          9.31e-10 / 1.10e-16
    interior solution objective gap (abs/rel):          1.82e+00 / 1.00e-09
WARNING: Ipx: IPM       imprecise
WARNING: Unwelcome IPX status of Unknown: basis is not valid; solution is valid; run_crossover is "off"
Model   status      : Unknown
IPM       iterations: 37
Objective value     :  1.8118679526e+09
HiGHS run time      :         11.76
Presolving model
113519 rows, 305343 cols, 704002 nonzeros
83381 rows, 183879 cols, 460761 nonzeros
80987 rows, 107161 cols, 306716 nonzeros
80511 rows, 106588 cols, 305541 nonzeros
Presolve : Reductions: rows 80511(-2385765); columns 106588(-1528124); elements 305541(-7375769)
Solving the presolved LP
IPX model has 80511 rows, 106588 columns and 305541 nonzeros
Input
    Number of variables:                                106588
    Number of free variables:                           0
    Number of constraints:                              80511
    Number of equality constraints:                     13182
    Number of matrix entries:                           305541
    Matrix range:                                       [1e-02, 1e+00]
    RHS range:                                          [2e+05, 1e+07]
    Objective range:                                    [4e-04, 8e+06]
    Bounds range:                                       [7e+05, 1e+08]
Preprocessing
    Dualized model:                                     no
    Number of dense columns:                            0
    Range of scaling factors:                           [1.00e+00, 2.00e+00]
IPX version 1.0
Interior Point Solve
 Iter     P.res    D.res            P.obj           D.obj        mu     Time
   0   4.12e+06 1.43e+06   4.51354637e+13 -3.08546249e+17  7.75e+12       0s
   1   1.01e+06 1.03e+06   5.06525465e+16 -2.26757355e+17  5.51e+12       0s
   2   4.58e+05 6.04e+05   7.12041084e+16 -1.42532670e+17  4.14e+12       0s
   3   1.64e+05 1.08e+05   5.50499039e+16 -2.64415121e+16  9.49e+11       0s
   4   3.56e+04 1.44e+04   2.58828074e+16 -3.81211422e+15  2.08e+11       1s
   5   1.28e+04 4.32e+03   1.09820511e+16 -1.17032363e+15  7.42e+10       1s
 Constructing starting basis...
   6   6.31e+03 1.43e+03   5.92377389e+15 -4.03611505e+14  3.83e+10       2s
   7   2.72e+03 4.74e+02   3.03064443e+15 -1.53509379e+14  1.87e+10       2s
   8   8.71e+02 1.88e+02   1.59162651e+15 -7.78722407e+13  9.76e+09       3s
   9   4.37e+02 1.05e+02   9.02340067e+14 -4.02182607e+13  5.51e+09       3s
  10   4.04e+02 7.07e+01   8.42641508e+14 -2.24284201e+13  5.01e+09       3s
  11   1.15e+02 4.43e+01   2.96204118e+14 -7.43777068e+12  1.80e+09       3s
  12   3.90e+01 2.34e+01   1.41039684e+14  5.77220237e+12  8.16e+08       4s
  13   1.69e+01 1.20e+01   8.98877037e+13  1.30712057e+13  4.63e+08       4s
  14   1.26e+01 7.45e+00   7.39135804e+13  1.64616801e+13  3.42e+08       4s
  15   8.71e+00 3.56e+00   5.86744036e+13  1.94000066e+13  2.30e+08       4s
  16   5.59e+00 1.12e+00   4.59044832e+13  2.12734572e+13  1.41e+08       5s
  17   1.37e+00 2.68e-01   2.80423506e+13  2.19286278e+13  3.49e+07       5s
  18   7.65e-01 3.13e-02   2.56870687e+13  2.20766254e+13  2.03e+07       5s
  19   2.27e-01 8.85e-03   2.45948256e+13  2.20489590e+13  1.43e+07       5s
  20   3.11e-02 3.39e-03   2.31822631e+13  2.20757651e+13  6.23e+06       6s
  21   1.60e-02 6.89e-04   2.27018135e+13  2.21171823e+13  3.27e+06       6s
  22   9.36e-04 1.37e-04   2.23561176e+13  2.21206660e+13  1.31e+06       6s
  23   2.32e-04 4.79e-05   2.22007510e+13  2.21266008e+13  4.13e+05       6s
  24   9.71e-05 1.07e-05   2.21622985e+13  2.21295506e+13  1.82e+05       7s
  25   2.02e-05 3.48e-06   2.21393310e+13  2.21301847e+13  5.09e+04       7s
  26   1.09e-05 1.10e-06   2.21358769e+13  2.21304325e+13  3.03e+04       7s
  27   4.65e-06 3.83e-07   2.21328955e+13  2.21305363e+13  1.31e+04       7s
  28   3.04e-06 2.36e-07   2.21325410e+13  2.21305386e+13  1.12e+04       8s
  29   1.31e-06 1.24e-07   2.21315361e+13  2.21305614e+13  5.43e+03       8s
  30   1.19e-07 3.35e-08   2.21309256e+13  2.21305778e+13  1.94e+03       8s
  31   5.96e-08 2.05e-08   2.21307667e+13  2.21305836e+13  1.02e+03       8s
  32   2.98e-08 1.02e-08   2.21306903e+13  2.21305895e+13  5.61e+02       9s
  33   2.98e-08 3.73e-09   2.21306395e+13  2.21305928e+13  2.60e+02       9s
  34   2.98e-08 1.86e-09   2.21306259e+13  2.21305940e+13  1.78e+02       9s
  35   2.98e-08 1.86e-09   2.21306049e+13  2.21305946e+13  5.75e+01       9s
  36   2.98e-08 1.86e-09   2.21305996e+13  2.21305950e+13  2.54e+01      10s
  37   2.98e-08 1.86e-09   2.21305960e+13  2.21305953e+13  3.86e+00      10s
  38   2.98e-08 1.86e-09   2.21305955e+13  2.21305953e+13  9.99e-01      10s
  39   2.98e-08 1.86e-09   2.21305954e+13  2.21305953e+13  1.23e-01      10s
  40*  2.98e-08 1.86e-09   2.21305954e+13  2.21305953e+13  2.07e-02      10s
Summary
    Runtime:                                            10.31s
    Status interior point solve:                        optimal
    Status crossover:                                   not run
    objective value:                                    2.21305954e+13
    interior solution primal residual (abs/rel):        2.98e-08 / 2.04e-16
    interior solution dual residual (abs/rel):          1.86e-09 / 2.20e-16
    interior solution objective gap (abs/rel):          3.70e+03 / 1.67e-10
Ipx: IPM       optimal
Model   status      : Optimal
IPM       iterations: 40
Objective value     :  2.2130595346e+13
HiGHS run time      :         12.78
Presolving model
113519 rows, 305343 cols, 704002 nonzeros
83381 rows, 183879 cols, 460761 nonzeros
80987 rows, 107161 cols, 306716 nonzeros
80511 rows, 106588 cols, 305541 nonzeros
Presolve : Reductions: rows 80511(-2393280); columns 106588(-1528124); elements 305541(-7383284)
Solving the presolved LP
IPX model has 80511 rows, 106588 columns and 305541 nonzeros
Input
    Number of variables:                                106588
    Number of free variables:                           0
    Number of constraints:                              80511
    Number of equality constraints:                     13182
    Number of matrix entries:                           305541
    Matrix range:                                       [1e-02, 1e+00]
    RHS range:                                          [2e+05, 1e+07]
    Objective range:                                    [4e-04, 8e+06]
    Bounds range:                                       [7e+05, 1e+08]
Preprocessing
    Dualized model:                                     no
    Number of dense columns:                            0
    Range of scaling factors:                           [1.00e+00, 2.00e+00]
IPX version 1.0
Interior Point Solve
 Iter     P.res    D.res            P.obj           D.obj        mu     Time
   0   4.12e+06 1.45e+06   4.30957201e+13 -3.13864069e+17  7.87e+12       0s
   1   1.01e+06 1.05e+06   5.08129413e+16 -2.30807165e+17  5.61e+12       0s
   2   5.13e+05 6.16e+05   6.94691781e+16 -1.45247488e+17  4.18e+12       0s
   3   1.73e+05 1.22e+05   5.39040898e+16 -2.97213572e+16  1.01e+12       0s
   4   3.63e+04 1.54e+04   2.60895140e+16 -4.08548714e+15  2.14e+11       1s
   5   1.32e+04 4.50e+03   1.14293059e+16 -1.24816447e+15  7.78e+10       1s
 Constructing starting basis...
   6   2.77e+03 1.93e+03   2.97485210e+15 -5.44183315e+14  2.23e+10       2s
   7   6.55e+02 4.81e+02   9.84594106e+14 -1.51170638e+14  6.88e+09       2s
   8   1.03e+02 8.32e+01   2.61647336e+14 -3.22178850e+13  1.73e+09       3s
   9   1.96e+01 2.23e+01   6.58997708e+13 -8.78391427e+12  4.41e+08       3s
  10   3.90e+00 7.11e+00   1.58907865e+13 -2.86664121e+12  1.12e+08       3s
  11   5.25e-01 1.36e+00   2.87082426e+12 -5.61335289e+11  2.06e+07       3s
  12   1.07e-01 2.05e-01   1.29866448e+12 -1.13790168e+11  8.13e+06       4s
  13   3.50e-02 9.73e-02   5.21416439e+11 -5.57503522e+10  3.34e+06       4s
  14   1.53e-02 2.39e-02   2.76471955e+11 -1.46336204e+10  1.65e+06       4s
  15   5.80e-03 1.03e-02   1.20148362e+11 -5.92707567e+09  7.13e+05       4s
  16   2.47e-03 3.30e-03   6.45589715e+10 -1.42818236e+09  3.71e+05       5s
  17   1.97e-03 1.11e-03   5.36935231e+10  2.57653532e+08  2.99e+05       5s
  18   1.10e-03 3.18e-04   4.14760265e+10  5.18383867e+08  2.29e+05       5s
  19   3.31e-04 7.59e-05   1.58380071e+10  1.15931244e+09  8.18e+04       5s
  20   8.57e-05 1.68e-05   5.64135838e+09  1.39081178e+09  2.37e+04       5s
  21   2.73e-05 5.60e-06   2.86819008e+09  1.44896045e+09  7.91e+03       6s
  22   5.99e-06 2.24e-06   1.94030296e+09  1.46512450e+09  2.65e+03       6s
  23   1.88e-06 1.09e-06   1.65712612e+09  1.47374709e+09  1.02e+03       6s
  24   4.77e-07 5.27e-07   1.53727086e+09  1.47859073e+09  3.27e+02       6s
  25   1.79e-07 2.32e-07   1.50449598e+09  1.48132470e+09  1.29e+02       6s
  26   5.96e-08 7.36e-08   1.49087462e+09  1.48278032e+09  4.51e+01       7s
  27   2.98e-08 1.49e-08   1.48482854e+09  1.48348351e+09  7.49e+00       7s
  28   3.73e-08 1.86e-09   1.48377610e+09  1.48362974e+09  8.15e-01       7s
  29   2.98e-08 1.86e-09   1.48365418e+09  1.48363811e+09  8.95e-02       7s
  30   2.98e-08 1.86e-09   1.48364105e+09  1.48363877e+09  1.27e-02       7s
  31   2.98e-08 1.86e-09   1.48363981e+09  1.48363892e+09  4.98e-03       7s
  32   2.98e-08 1.86e-09   1.48363923e+09  1.48363895e+09  1.55e-03       8s
  33   2.98e-08 1.86e-09   1.48363905e+09  1.48363896e+09  5.33e-04       8s
  34   2.98e-08 9.31e-10   1.48363901e+09  1.48363896e+09  2.53e-04       8s
  35   4.84e-08 1.40e-09   1.48363897e+09  1.48363896e+09  4.79e-05       8s
  36*  4.84e-08 9.31e-10   1.48363896e+09  1.48363896e+09  1.44e-08       8s
Summary
    Runtime:                                            8.02s
    Status interior point solve:                        optimal
    Status crossover:                                   not run
    objective value:                                    1.48363896e+09
    interior solution primal residual (abs/rel):        4.66e-08 / 3.19e-16
    interior solution dual residual (abs/rel):          9.31e-10 / 1.10e-16
    interior solution objective gap (abs/rel):          2.10e-03 / 1.42e-12
Ipx: IPM       optimal
Model   status      : Optimal
IPM       iterations: 36
Objective value     :  1.4836389641e+09
HiGHS run time      :         10.49
Presolving model
113519 rows, 305343 cols, 704002 nonzeros
83381 rows, 183879 cols, 460761 nonzeros
80987 rows, 107161 cols, 306716 nonzeros
80511 rows, 106588 cols, 305541 nonzeros
Presolve : Reductions: rows 80511(-2400795); columns 106588(-1528124); elements 305541(-7390799)
Solving the presolved LP
IPX model has 80511 rows, 106588 columns and 305541 nonzeros
Input
    Number of variables:                                106588
    Number of free variables:                           0
    Number of constraints:                              80511
    Number of equality constraints:                     13182
    Number of matrix entries:                           305541
    Matrix range:                                       [1e-02, 1e+00]
    RHS range:                                          [2e+05, 1e+07]
    Objective range:                                    [4e-04, 8e+06]
    Bounds range:                                       [7e+05, 1e+08]
Preprocessing
    Dualized model:                                     no
    Number of dense columns:                            0
    Range of scaling factors:                           [1.00e+00, 2.00e+00]
IPX version 1.0
Interior Point Solve
 Iter     P.res    D.res            P.obj           D.obj        mu     Time
   0   4.12e+06 1.45e+06   4.42017436e+13 -3.13797621e+17  7.87e+12       0s
   1   1.01e+06 1.05e+06   5.09159013e+16 -2.30699176e+17  5.61e+12       0s
   2   5.11e+05 6.16e+05   6.95973542e+16 -1.45250217e+17  4.18e+12       0s
   3   1.74e+05 1.22e+05   5.40848329e+16 -2.97066653e+16  1.01e+12       0s
   4   3.63e+04 1.54e+04   2.61629734e+16 -4.08443648e+15  2.14e+11       1s
   5   1.32e+04 5.07e+03   1.14784440e+16 -1.39613764e+15  7.98e+10       1s
 Constructing starting basis...
   6   2.09e+03 2.34e+03   2.48158168e+15 -6.50111180e+14  2.03e+10       2s
   7   7.94e+02 8.42e+02   1.56993104e+15 -2.66313977e+14  1.13e+10       2s
   8   1.74e+02 3.30e+02   4.29485817e+14 -1.08354155e+14  3.34e+09       3s
   9   4.36e+01 1.51e+02   1.69559189e+14 -5.04683287e+13  1.39e+09       3s
  10   1.93e+01 8.43e+01   8.79403374e+13 -2.84012628e+13  7.39e+08       3s
  11   8.27e+00 4.68e+01   4.83277111e+13 -1.60629077e+13  4.11e+08       3s
  12   4.08e+00 2.18e+01   2.93757483e+13 -7.74136113e+12  2.32e+08       4s
  13   1.13e+00 2.39e+00   9.33352564e+12 -8.91808690e+11  5.99e+07       4s
  14   3.59e-01 4.21e-01   3.23674353e+12 -1.68533899e+11  1.95e+07       4s
  15   9.79e-02 1.56e-01   9.50619807e+11 -6.37562529e+10  5.83e+06       4s
  16   2.59e-02 6.58e-02   2.71955862e+11 -2.65895015e+10  1.73e+06       5s
  17   7.80e-03 2.84e-02   9.09973474e+10 -1.09657643e+10  5.91e+05       5s
  18   2.98e-08 1.58e-02   2.89277652e+10 -5.95933809e+09  2.05e+05       5s
  19   2.98e-08 4.20e-03   8.49700581e+09 -7.18282614e+08  5.31e+04       5s
  20   2.98e-08 9.02e-04   3.08807027e+09  8.54272511e+08  1.26e+04       5s
  21   2.98e-08 3.87e-04   1.88656852e+09  1.10525869e+09  4.38e+03       6s
  22   2.98e-08 1.72e-04   1.63501785e+09  1.20906878e+09  2.38e+03       6s
  23   2.98e-08 8.24e-05   1.49576294e+09  1.25355073e+09  1.35e+03       6s
  24   2.98e-08 3.46e-05   1.39461416e+09  1.27915776e+09  6.44e+02       6s
  25   2.98e-08 1.63e-05   1.33344364e+09  1.28932479e+09  2.46e+02       7s
  26   2.98e-08 6.03e-06   1.31122051e+09  1.29511096e+09  8.98e+01       7s
  27   2.98e-08 2.17e-06   1.30473839e+09  1.29726772e+09  4.16e+01       7s
  28   2.98e-08 3.33e-07   1.29958414e+09  1.29844316e+09  6.36e+00       7s
  29   2.98e-08 4.94e-08   1.29878808e+09  1.29862792e+09  8.92e-01       7s
  30   4.10e-08 7.45e-09   1.29867869e+09  1.29865564e+09  1.28e-01       7s
  31   2.98e-08 1.86e-09   1.29866097e+09  1.29865891e+09  1.15e-02       8s
  32   2.98e-08 1.86e-09   1.29865944e+09  1.29865926e+09  1.00e-03       8s
  33   2.98e-08 1.86e-09   1.29865933e+09  1.29865931e+09  1.38e-04       8s
  34   1.34e-07 9.31e-10   1.29865931e+09  1.29865931e+09  2.85e-05       8s
  35*  1.19e-07 9.31e-10   1.29865931e+09  1.29865931e+09  1.76e-08       8s
Summary
    Runtime:                                            8.27s
    Status interior point solve:                        optimal
    Status crossover:                                   not run
    objective value:                                    1.29865931e+09
    interior solution primal residual (abs/rel):        1.21e-07 / 8.29e-16
    interior solution dual residual (abs/rel):          9.31e-10 / 1.10e-16
    interior solution objective gap (abs/rel):          2.34e-03 / 1.80e-12
Ipx: IPM       optimal
Model   status      : Optimal
IPM       iterations: 35
Objective value     :  1.2986593109e+09
HiGHS run time      :         10.76
Presolving model
113519 rows, 305343 cols, 704002 nonzeros
83381 rows, 183879 cols, 460761 nonzeros
80987 rows, 107161 cols, 306716 nonzeros
80511 rows, 106588 cols, 305541 nonzeros
Presolve : Reductions: rows 80511(-2408310); columns 106588(-1528124); elements 305541(-7398314)
Solving the presolved LP
IPX model has 80511 rows, 106588 columns and 305541 nonzeros
Input
    Number of variables:                                106588
    Number of free variables:                           0
    Number of constraints:                              80511
    Number of equality constraints:                     13182
    Number of matrix entries:                           305541
    Matrix range:                                       [1e-02, 1e+00]
    RHS range:                                          [2e+05, 1e+07]
    Objective range:                                    [4e-04, 8e+06]
    Bounds range:                                       [7e+05, 1e+08]
Preprocessing
    Dualized model:                                     no
    Number of dense columns:                            0
    Range of scaling factors:                           [1.00e+00, 2.00e+00]
IPX version 1.0
Interior Point Solve
 Iter     P.res    D.res            P.obj           D.obj        mu     Time
   0   4.12e+06 1.45e+06   4.42389879e+13 -3.13796817e+17  7.87e+12       0s
   1   1.01e+06 1.05e+06   5.09169026e+16 -2.30696288e+17  5.61e+12       0s
   2   5.11e+05 6.16e+05   6.95970506e+16 -1.45246835e+17  4.18e+12       0s
   3   1.74e+05 1.22e+05   5.40853239e+16 -2.97068609e+16  1.01e+12       0s
   4   3.63e+04 1.54e+04   2.61632551e+16 -4.08373514e+15  2.14e+11       1s
   5   1.32e+04 5.05e+03   1.14798300e+16 -1.38972923e+15  7.97e+10       1s
 Constructing starting basis...
   6   2.12e+03 2.34e+03   2.49570873e+15 -6.49743845e+14  2.04e+10       2s
   7   7.68e+02 4.94e+02   1.53139982e+15 -1.75780283e+14  1.02e+10       2s
   8   3.00e+02 2.04e+02   6.53015647e+14 -7.60029677e+13  4.31e+09       3s
   9   8.07e+01 1.20e+02   2.08429483e+14 -4.50599230e+13  1.55e+09       3s
  10   4.34e+01 7.03e+01   1.30389357e+14 -2.65960787e+13  9.56e+08       3s
  11   2.92e+01 4.59e+01   9.53141148e+13 -1.75661688e+13  6.84e+08       3s
  12   2.09e+01 3.09e+01   7.16286311e+13 -1.19535175e+13  5.04e+08       4s
  13   6.25e+00 3.30e+00   2.75778299e+13 -1.65644856e+12  1.68e+08       4s
  14   1.26e+00 5.22e-01   9.02180656e+12 -3.93730280e+11  5.35e+07       4s
  15   1.90e-01 5.30e-02   2.16964130e+12 -6.90465120e+10  1.26e+07       4s
  16   6.41e-02 2.77e-02   8.84848168e+11 -3.93852716e+10  5.22e+06       4s
  17   2.80e-02 2.94e-03   4.57166953e+11 -6.98144076e+09  2.60e+06       5s
  18   6.09e-03 6.37e-04   1.10579629e+11 -9.07378846e+08  6.22e+05       5s
  19   1.67e-04 9.08e-05   2.57859969e+10  2.79529754e+08  1.42e+05       5s
  20   3.73e-08 2.61e-05   7.16421521e+09  8.17681936e+08  3.54e+04       5s
  21   2.98e-08 8.83e-06   2.70969926e+09  1.09510413e+09  8.99e+03       5s
  22   2.98e-08 3.38e-06   1.95975897e+09  1.18356478e+09  4.32e+03       6s
  23   3.73e-08 1.51e-06   1.48418100e+09  1.21454269e+09  1.50e+03       6s
  24   2.98e-08 5.64e-07   1.35177235e+09  1.23292667e+09  6.62e+02       6s
  25   3.35e-08 2.70e-07   1.28049350e+09  1.23936759e+09  2.29e+02       6s
  26   2.98e-08 9.97e-08   1.25969294e+09  1.24319471e+09  9.19e+01       7s
  27   2.98e-08 2.14e-08   1.25069779e+09  1.24495038e+09  3.20e+01       7s
  28   2.98e-08 5.59e-09   1.24648009e+09  1.24543386e+09  5.83e+00       7s
  29   2.98e-08 1.86e-09   1.24561418e+09  1.24554137e+09  4.06e-01       7s
  30   2.98e-08 1.86e-09   1.24555462e+09  1.24554852e+09  3.40e-02       7s
  31   2.98e-08 1.86e-09   1.24555027e+09  1.24554919e+09  6.01e-03       7s
  32   2.98e-08 1.86e-09   1.24554965e+09  1.24554931e+09  1.90e-03       8s
  33   4.84e-08 1.86e-09   1.24554938e+09  1.24554934e+09  2.19e-04       8s
  34   1.12e-07 9.31e-10   1.24554935e+09  1.24554935e+09  2.42e-05       8s
  35*  2.16e-07 9.31e-10   1.24554935e+09  1.24554935e+09  4.16e-06       8s
Summary
    Runtime:                                            8.15s
    Status interior point solve:                        optimal
    Status crossover:                                   not run
    objective value:                                    1.24554935e+09
    interior solution primal residual (abs/rel):        1.92e-07 / 1.31e-15
    interior solution dual residual (abs/rel):          9.31e-10 / 1.10e-16
    interior solution objective gap (abs/rel):          6.41e-01 / 5.15e-10
Ipx: IPM       optimal
Model   status      : Optimal
IPM       iterations: 35
Objective value     :  1.2455493483e+09
HiGHS run time      :         10.65
Presolving model
113519 rows, 305343 cols, 704002 nonzeros
83381 rows, 183879 cols, 460761 nonzeros
80987 rows, 107161 cols, 306716 nonzeros
80511 rows, 106588 cols, 305541 nonzeros
Presolve : Reductions: rows 80511(-2415825); columns 106588(-1528124); elements 305541(-7405829)
Solving the presolved LP
IPX model has 80511 rows, 106588 columns and 305541 nonzeros
Input
    Number of variables:                                106588
    Number of free variables:                           0
    Number of constraints:                              80511
    Number of equality constraints:                     13182
    Number of matrix entries:                           305541
    Matrix range:                                       [1e-02, 1e+00]
    RHS range:                                          [2e+05, 1e+07]
    Objective range:                                    [4e-04, 8e+06]
    Bounds range:                                       [7e+05, 1e+08]
Preprocessing
    Dualized model:                                     no
    Number of dense columns:                            0
    Range of scaling factors:                           [1.00e+00, 2.00e+00]
IPX version 1.0
Interior Point Solve
 Iter     P.res    D.res            P.obj           D.obj        mu     Time
   0   4.12e+06 1.45e+06   4.42389879e+13 -3.13796817e+17  7.87e+12       0s
   1   1.01e+06 1.05e+06   5.09169026e+16 -2.30696288e+17  5.61e+12       0s
   2   5.11e+05 6.16e+05   6.95970506e+16 -1.45246835e+17  4.18e+12       0s
   3   1.74e+05 1.22e+05   5.40853239e+16 -2.97068609e+16  1.01e+12       0s
   4   3.63e+04 1.54e+04   2.61632551e+16 -4.08373514e+15  2.14e+11       1s
   5   1.32e+04 5.05e+03   1.14798300e+16 -1.38972923e+15  7.97e+10       1s
 Constructing starting basis...
   6   2.12e+03 2.34e+03   2.49570873e+15 -6.49743845e+14  2.04e+10       2s
   7   7.68e+02 4.94e+02   1.53139982e+15 -1.75780283e+14  1.02e+10       2s
   8   3.00e+02 2.04e+02   6.53015647e+14 -7.60029677e+13  4.31e+09       3s
   9   8.07e+01 1.20e+02   2.08429483e+14 -4.50599230e+13  1.55e+09       3s
  10   4.34e+01 7.03e+01   1.30389357e+14 -2.65960787e+13  9.56e+08       3s
  11   2.92e+01 4.59e+01   9.53141148e+13 -1.75661688e+13  6.84e+08       3s
  12   2.09e+01 3.09e+01   7.16286311e+13 -1.19535175e+13  5.04e+08       4s
  13   6.25e+00 3.30e+00   2.75778299e+13 -1.65644856e+12  1.68e+08       4s
  14   1.26e+00 5.22e-01   9.02180656e+12 -3.93730280e+11  5.35e+07       4s
  15   1.90e-01 5.30e-02   2.16964130e+12 -6.90465120e+10  1.26e+07       4s
  16   6.41e-02 2.77e-02   8.84848168e+11 -3.93852716e+10  5.22e+06       4s
  17   2.80e-02 2.94e-03   4.57166953e+11 -6.98144076e+09  2.60e+06       5s
  18   6.09e-03 6.37e-04   1.10579629e+11 -9.07378846e+08  6.22e+05       5s
  19   1.67e-04 9.08e-05   2.57859969e+10  2.79529754e+08  1.42e+05       5s
  20   3.73e-08 2.61e-05   7.16421521e+09  8.17681936e+08  3.54e+04       5s
  21   2.98e-08 8.83e-06   2.70969926e+09  1.09510413e+09  8.99e+03       5s
  22   2.98e-08 3.38e-06   1.95975897e+09  1.18356478e+09  4.32e+03       6s
  23   3.73e-08 1.51e-06   1.48418100e+09  1.21454269e+09  1.50e+03       6s
  24   2.98e-08 5.64e-07   1.35177235e+09  1.23292667e+09  6.62e+02       6s
  25   3.35e-08 2.70e-07   1.28049350e+09  1.23936759e+09  2.29e+02       6s
  26   2.98e-08 9.97e-08   1.25969294e+09  1.24319471e+09  9.19e+01       7s
  27   2.98e-08 2.14e-08   1.25069779e+09  1.24495038e+09  3.20e+01       7s
  28   2.98e-08 5.59e-09   1.24648009e+09  1.24543386e+09  5.83e+00       7s
  29   2.98e-08 1.86e-09   1.24561418e+09  1.24554137e+09  4.06e-01       7s
  30   2.98e-08 1.86e-09   1.24555462e+09  1.24554852e+09  3.40e-02       7s
  31   2.98e-08 1.86e-09   1.24555027e+09  1.24554919e+09  6.01e-03       7s
  32   2.98e-08 1.86e-09   1.24554965e+09  1.24554931e+09  1.90e-03       8s
  33   4.84e-08 1.86e-09   1.24554938e+09  1.24554934e+09  2.19e-04       8s
  34   1.12e-07 9.31e-10   1.24554935e+09  1.24554935e+09  2.42e-05       8s
  35*  2.16e-07 9.31e-10   1.24554935e+09  1.24554935e+09  4.16e-06       8s
Summary
    Runtime:                                            8.15s
    Status interior point solve:                        optimal
    Status crossover:                                   not run
    objective value:                                    1.24554935e+09
    interior solution primal residual (abs/rel):        1.92e-07 / 1.31e-15
    interior solution dual residual (abs/rel):          9.31e-10 / 1.10e-16
    interior solution objective gap (abs/rel):          6.41e-01 / 5.15e-10
Ipx: IPM       optimal
Model   status      : Optimal
IPM       iterations: 35
Objective value     :  1.2455493483e+09
HiGHS run time      :         10.68
Running HiGHS 1.6.0: Copyright (c) 2023 HiGHS under MIT licence terms
Presolving model
116206 rows, 310095 cols, 716946 nonzeros
86081 rows, 188647 cols, 473739 nonzeros
83713 rows, 111703 cols, 319346 nonzeros
83187 rows, 110168 cols, 316252 nonzeros
Presolve : Reductions: rows 83187(-2360759); columns 110168(-1524759); elements 316252(-7347358)
Solving the presolved LP
IPX model has 83187 rows, 110168 columns and 316252 nonzeros
Input
    Number of variables:                                110168
    Number of free variables:                           0
    Number of constraints:                              83187
    Number of equality constraints:                     13390
    Number of matrix entries:                           316252
    Matrix range:                                       [1e-02, 1e+00]
    RHS range:                                          [3e+05, 6e+07]
    Objective range:                                    [3e-04, 2e+06]
    Bounds range:                                       [3e+05, 1e+08]
Preprocessing
    Dualized model:                                     no
    Number of dense columns:                            0
    Range of scaling factors:                           [1.00e+00, 2.00e+00]
IPX version 1.0
Interior Point Solve
 Iter     P.res    D.res            P.obj           D.obj        mu     Time
   0   9.46e+06 2.50e+05   3.99064422e+13 -7.03317983e+16  2.91e+12       0s
   1   2.39e+06 1.77e+05   2.59195273e+16 -5.20849774e+16  1.95e+12       0s
   2   1.08e+06 1.04e+05   3.44245415e+16 -3.47483685e+16  1.45e+12       0s
   3   4.14e+05 2.39e+04   2.60366728e+16 -8.46137926e+15  4.08e+11       0s
   4   8.33e+04 3.14e+03   1.22405256e+16 -1.42535869e+15  9.15e+10       1s
 Constructing starting basis...
   5   1.69e+04 1.06e+03   3.40248081e+15 -5.11402066e+14  2.51e+10       1s
   6   1.05e+04 3.98e+02   2.40369623e+15 -2.17030089e+14  1.55e+10       2s
   7   6.18e+03 1.17e+02   1.71399434e+15 -9.28587163e+13  1.01e+10       2s
   8   3.38e+03 3.89e+01   1.15240488e+15 -3.59787009e+13  6.55e+09       2s
   9   1.79e+03 1.76e+01   7.65876287e+14 -1.01923200e+13  4.26e+09       3s
  10   1.07e+03 1.09e+01   6.77197445e+14 -9.60278506e+12  3.79e+09       3s
  11   4.90e+02 5.09e+00   3.77115390e+14  1.27172150e+13  2.01e+09       3s
  12   1.38e+02 2.30e+00   1.79167710e+14  2.48284908e+13  8.59e+08       4s
  13   1.11e+02 1.21e+00   1.66911741e+14  2.82624264e+13  7.62e+08       4s
  14   2.40e+01 1.67e-01   1.15248324e+14  3.32851218e+13  4.42e+08       5s
  15   4.88e+00 2.20e-02   7.48737428e+13  3.70651042e+13  2.02e+08       5s
  16   1.41e+00 1.08e-02   5.08246815e+13  3.84148409e+13  6.65e+07       5s
  17   2.95e-01 3.91e-03   4.25742372e+13  3.92357244e+13  1.79e+07       6s
  18   1.22e-01 9.73e-04   4.09993478e+13  3.95920306e+13  7.50e+06       6s
  19   4.17e-02 2.95e-04   4.02008211e+13  3.96724529e+13  2.81e+06       7s
  20   4.11e-02 2.70e-04   4.01995899e+13  3.96741190e+13  2.79e+06       7s
  21   2.69e-02 1.84e-04   4.01363849e+13  3.96821858e+13  2.41e+06       7s
  22   8.29e-03 1.01e-04   3.98562841e+13  3.96964742e+13  8.49e+05       8s
  23   4.04e-03 9.85e-06   3.97957426e+13  3.97114822e+13  4.47e+05       8s
  24   8.44e-04 2.44e-06   3.97398677e+13  3.97133395e+13  1.41e+05       8s
  25   2.61e-04 6.42e-07   3.97246775e+13  3.97141211e+13  5.60e+04       9s
  26   9.38e-05 2.67e-07   3.97186512e+13  3.97143778e+13  2.27e+04       9s
  27   8.83e-05 1.76e-07   3.97185941e+13  3.97143947e+13  2.23e+04       9s
  28   2.36e-05 8.50e-08   3.97158413e+13  3.97144996e+13  7.12e+03      10s
  29   7.75e-06 4.05e-08   3.97151418e+13  3.97145519e+13  3.13e+03      10s
  30   3.49e-06 1.91e-08   3.97148916e+13  3.97145812e+13  1.65e+03      10s
  31   1.79e-06 1.05e-08   3.97147748e+13  3.97145938e+13  9.61e+02      11s
  32   8.34e-07 3.73e-09   3.97147195e+13  3.97146028e+13  6.19e+02      11s
  33   4.17e-07 1.40e-09   3.97146736e+13  3.97146079e+13  3.49e+02      11s
  34   2.38e-07 6.98e-10   3.97146534e+13  3.97146094e+13  2.34e+02      11s
  35   8.94e-08 4.66e-10   3.97146256e+13  3.97146104e+13  8.04e+01      12s
  36   5.96e-08 4.66e-10   3.97146177e+13  3.97146108e+13  3.68e+01      12s
  37   2.98e-08 4.66e-10   3.97146121e+13  3.97146111e+13  5.17e+00      12s
  38   2.98e-08 4.66e-10   3.97146113e+13  3.97146112e+13  5.60e-01      12s
  39*  3.35e-08 4.66e-10   3.97146112e+13  3.97146112e+13  4.31e-02      12s
Summary
    Runtime:                                            12.49s
    Status interior point solve:                        optimal
    Status crossover:                                   not run
    objective value:                                    3.97146112e+13
    interior solution primal residual (abs/rel):        4.10e-08 / 2.81e-16
    interior solution dual residual (abs/rel):          4.66e-10 / 2.42e-16
    interior solution objective gap (abs/rel):          8.10e+03 / 2.04e-10
Ipx: IPM       optimal
Model   status      : Optimal
IPM       iterations: 39
Objective value     :  3.9714611193e+13
HiGHS run time      :         14.72
Presolving model
116206 rows, 310095 cols, 716946 nonzeros
86081 rows, 188647 cols, 473739 nonzeros
83713 rows, 111703 cols, 319346 nonzeros
83187 rows, 110168 cols, 316252 nonzeros
Presolve : Reductions: rows 83187(-2368274); columns 110168(-1524759); elements 316252(-7354873)
Solving the presolved LP
IPX model has 83187 rows, 110168 columns and 316252 nonzeros
Input
    Number of variables:                                110168
    Number of free variables:                           0
    Number of constraints:                              83187
    Number of equality constraints:                     13390
    Number of matrix entries:                           316252
    Matrix range:                                       [1e-02, 1e+00]
    RHS range:                                          [3e+05, 6e+07]
    Objective range:                                    [3e-04, 2e+06]
    Bounds range:                                       [3e+05, 1e+08]
Preprocessing
    Dualized model:                                     no
    Number of dense columns:                            0
    Range of scaling factors:                           [1.00e+00, 2.00e+00]
IPX version 1.0
Interior Point Solve
 Iter     P.res    D.res            P.obj           D.obj        mu     Time
   0   9.45e+06 2.20e+05   3.32062164e+13 -6.18759546e+16  2.58e+12       0s
   1   2.49e+06 1.56e+05   2.38842182e+16 -4.57715733e+16  1.72e+12       0s
   2   1.11e+06 9.47e+04   3.20567800e+16 -3.11792805e+16  1.30e+12       0s
   3   3.94e+05 2.11e+04   2.35902828e+16 -7.31983220e+15  3.55e+11       0s
   4   1.13e+05 3.33e+03   1.20696917e+16 -1.38429594e+15  9.31e+10       1s
   5   3.01e+04 7.61e+02   4.59818560e+15 -4.18663159e+14  2.90e+10       1s
 Constructing starting basis...
   6   7.70e+03 2.44e+02   1.32318361e+15 -1.42840781e+14  8.63e+09       2s
   7   2.26e+03 8.91e+01   8.04460593e+14 -8.02559197e+13  5.05e+09       2s
   8   6.00e+02 2.89e+01   2.40895055e+14 -2.66894506e+13  1.52e+09       3s
   9   1.24e+02 5.29e+00   5.33070591e+13 -4.94089981e+12  3.27e+08       3s
  10   3.68e+01 1.78e+00   1.77853759e+13 -1.76789245e+12  1.10e+08       3s
  11   1.81e+01 9.84e-01   9.42092780e+12 -1.01248841e+12  5.87e+07       4s
  12   8.96e+00 4.44e-01   4.83385212e+12 -4.66827205e+11  2.96e+07       4s
  13   2.20e+00 1.99e-01   1.73893126e+12 -2.31032657e+11  1.11e+07       4s
  14   1.10e+00 5.18e-02   1.02745291e+12 -7.06695893e+10  6.02e+06       4s
  15   5.01e-01 2.96e-02   5.92189364e+11 -4.43491380e+10  3.49e+06       5s
  16   1.98e-01 1.22e-02   2.74275129e+11 -1.83127870e+10  1.59e+06       5s
  17   6.34e-02 3.66e-03   1.31487103e+11 -5.52565668e+09  7.38e+05       5s
  18   2.12e-02 2.31e-03   5.72625729e+10 -2.66140395e+09  3.22e+05       6s
  19   5.10e-03 1.21e-03   3.96982817e+10 -6.69418022e+08  2.16e+05       6s
  20   1.40e-03 3.29e-04   2.13226322e+10  1.69765471e+09  1.05e+05       6s
  21   1.85e-04 2.36e-04   1.50304016e+10  1.96391580e+09  6.95e+04       7s
  22   1.00e-04 1.59e-04   1.18055761e+10  2.28216454e+09  5.06e+04       7s
  23   2.24e-05 3.36e-05   6.49806869e+09  2.94204394e+09  1.89e+04       7s
  24   3.88e-08 1.04e-05   4.54397511e+09  3.08252504e+09  7.76e+03       8s
  25   4.47e-08 4.40e-06   3.60592400e+09  3.15782045e+09  2.38e+03       8s
  26   3.35e-08 1.81e-06   3.39144427e+09  3.19487348e+09  1.04e+03       8s
  27   4.90e-08 7.47e-07   3.32274567e+09  3.21067952e+09  5.95e+02       9s
  28   3.44e-08 3.72e-07   3.27639261e+09  3.21641359e+09  3.18e+02       9s
  29   2.98e-08 1.22e-07   3.24155930e+09  3.22111570e+09  1.08e+02       9s
  30   5.96e-08 1.82e-08   3.22803161e+09  3.22322919e+09  2.55e+01       9s
  31   2.98e-08 4.42e-09   3.22506628e+09  3.22354027e+09  8.10e+00      10s
  32   2.98e-08 1.16e-09   3.22391073e+09  3.22364719e+09  1.40e+00      10s
  33   2.98e-08 4.66e-10   3.22373246e+09  3.22367463e+09  3.07e-01      10s
  34   2.98e-08 4.66e-10   3.22368173e+09  3.22367772e+09  2.13e-02      10s
  35   2.98e-08 4.66e-10   3.22367819e+09  3.22367805e+09  7.60e-04      11s
  36   2.98e-08 4.66e-10   3.22367810e+09  3.22367808e+09  6.03e-05      11s
  37*  1.71e-07 2.33e-10   3.22367809e+09  3.22367809e+09  8.59e-06      11s
Summary
    Runtime:                                            11.04s
    Status interior point solve:                        optimal
    Status crossover:                                   not run
    objective value:                                    3.22367809e+09
    interior solution primal residual (abs/rel):        1.34e-07 / 9.19e-16
    interior solution dual residual (abs/rel):          2.33e-10 / 1.21e-16
    interior solution objective gap (abs/rel):          1.56e+00 / 4.84e-10
Ipx: IPM       optimal
Model   status      : Optimal
IPM       iterations: 37
Objective value     :  3.2236780898e+09
HiGHS run time      :         13.19
Presolving model
116206 rows, 310095 cols, 716946 nonzeros
86081 rows, 188647 cols, 473739 nonzeros
83713 rows, 111703 cols, 319346 nonzeros
83187 rows, 110168 cols, 316252 nonzeros
Presolve : Reductions: rows 83187(-2375789); columns 110168(-1524759); elements 316252(-7362388)
Solving the presolved LP
IPX model has 83187 rows, 110168 columns and 316252 nonzeros
Input
    Number of variables:                                110168
    Number of free variables:                           0
    Number of constraints:                              83187
    Number of equality constraints:                     13390
    Number of matrix entries:                           316252
    Matrix range:                                       [1e-02, 1e+00]
    RHS range:                                          [3e+05, 6e+07]
    Objective range:                                    [3e-04, 2e+06]
    Bounds range:                                       [3e+05, 1e+08]
Preprocessing
    Dualized model:                                     no
    Number of dense columns:                            0
    Range of scaling factors:                           [1.00e+00, 2.00e+00]
IPX version 1.0
Interior Point Solve
 Iter     P.res    D.res            P.obj           D.obj        mu     Time
   0   9.45e+06 2.20e+05   3.48399892e+13 -6.16955566e+16  2.57e+12       0s
   1   2.47e+06 1.55e+05   2.39866150e+16 -4.54869796e+16  1.71e+12       0s
   2   1.13e+06 9.50e+04   3.19144535e+16 -3.11808952e+16  1.30e+12       0s
   3   3.97e+05 2.11e+04   2.34668910e+16 -7.31684624e+15  3.54e+11       0s
   4   1.19e+05 2.94e+03   1.22793181e+16 -1.26314741e+15  9.16e+10       1s
   5   2.87e+04 7.71e+02   4.96106294e+15 -4.83745884e+14  3.13e+10       1s
 Constructing starting basis...
   6   7.77e+03 2.88e+02   1.51311664e+15 -1.86753543e+14  1.01e+10       2s
   7   1.35e+03 1.39e+02   8.58272142e+14 -1.16490144e+14  5.70e+09       2s
   8   2.43e+02 7.83e+01   2.24401932e+14 -6.66699468e+13  1.81e+09       3s
   9   4.78e+01 1.79e+01   7.20157615e+13 -1.65613418e+13  5.31e+08       3s
  10   1.06e+01 2.08e+00   2.63788940e+13 -2.62676538e+12  1.62e+08       3s
  11   3.86e+00 6.15e-01   9.97229642e+12 -7.97644115e+11  5.93e+07       4s
  12   1.75e+00 3.05e-01   5.12212348e+12 -4.25702491e+11  3.06e+07       4s
  13   6.89e-01 8.44e-02   2.10832538e+12 -1.21195685e+11  1.21e+07       4s
  14   4.26e-01 5.07e-02   1.41532749e+12 -7.83256497e+10  8.12e+06       5s
  15   2.00e-01 2.40e-02   8.12259683e+11 -4.36851140e+10  4.64e+06       5s
  16   1.08e-01 4.00e-03   5.54330814e+11 -1.63967230e+10  3.05e+06       5s
  17   3.22e-02 1.02e-03   1.97746525e+11 -3.94936432e+09  1.07e+06       5s
  18   1.20e-02 1.20e-04   9.96432107e+10 -5.49656628e+07  5.30e+05       6s
  19   5.93e-03 5.33e-05   5.41340722e+10  1.21075336e+09  2.81e+05       6s
  20   2.63e-03 2.72e-05   4.21287003e+10  1.13769739e+09  2.18e+05       6s
  21   1.70e-03 1.77e-05   2.91260601e+10  1.60727783e+09  1.46e+05       7s
  22   7.32e-04 4.33e-06   1.65542074e+10  2.20431268e+09  7.62e+04       7s
  23   1.45e-04 4.66e-10   8.46333913e+09  2.43285809e+09  3.20e+04       7s
  24   4.65e-05 4.66e-10   4.62259482e+09  2.56159022e+09  1.09e+04       7s
  25   8.37e-06 4.66e-10   3.21112112e+09  2.61145661e+09  3.18e+03       8s
  26   3.93e-06 4.66e-10   2.93962898e+09  2.63181446e+09  1.63e+03       8s
  27   9.24e-07 4.66e-10   2.75619007e+09  2.64379980e+09  5.96e+02       8s
  28   3.28e-07 4.66e-10   2.69776351e+09  2.64839873e+09  2.62e+02       9s
  29   8.94e-08 4.66e-10   2.66558641e+09  2.65092288e+09  7.78e+01       9s
  30   5.96e-08 4.66e-10   2.65705035e+09  2.65234786e+09  2.50e+01       9s
  31   3.35e-08 4.66e-10   2.65366804e+09  2.65259547e+09  5.69e+00       9s
  32   2.98e-08 4.66e-10   2.65281944e+09  2.65266235e+09  8.34e-01      10s
  33   2.98e-08 4.66e-10   2.65270914e+09  2.65267596e+09  1.76e-01      10s
  34   3.18e-08 4.66e-10   2.65269157e+09  2.65267755e+09  7.44e-02      10s
  35   2.98e-08 4.66e-10   2.65268073e+09  2.65267786e+09  1.52e-02      10s
  36   4.67e-08 4.66e-10   2.65267806e+09  2.65267791e+09  8.26e-04      10s
  37   5.84e-08 4.66e-10   2.65267795e+09  2.65267792e+09  1.61e-04      10s
  38   5.22e-08 2.33e-10   2.65267792e+09  2.65267792e+09  3.89e-05      11s
  39*  7.82e-08 2.33e-10   2.65267792e+09  2.65267792e+09  1.67e-06      11s
Summary
    Runtime:                                            10.73s
    Status interior point solve:                        optimal
    Status crossover:                                   not run
    objective value:                                    2.65267792e+09
    interior solution primal residual (abs/rel):        5.96e-08 / 4.08e-16
    interior solution dual residual (abs/rel):          2.33e-10 / 1.21e-16
    interior solution objective gap (abs/rel):          3.07e-01 / 1.16e-10
Ipx: IPM       optimal
Model   status      : Optimal
IPM       iterations: 39
Objective value     :  2.6526779182e+09
HiGHS run time      :         12.88
Presolving model
116206 rows, 310095 cols, 716946 nonzeros
86081 rows, 188647 cols, 473739 nonzeros
83713 rows, 111703 cols, 319346 nonzeros
83187 rows, 110168 cols, 316252 nonzeros
Presolve : Reductions: rows 83187(-2383304); columns 110168(-1524759); elements 316252(-7369903)
Solving the presolved LP
IPX model has 83187 rows, 110168 columns and 316252 nonzeros
Input
    Number of variables:                                110168
    Number of free variables:                           0
    Number of constraints:                              83187
    Number of equality constraints:                     13390
    Number of matrix entries:                           316252
    Matrix range:                                       [1e-02, 1e+00]
    RHS range:                                          [3e+05, 6e+07]
    Objective range:                                    [3e-04, 2e+06]
    Bounds range:                                       [3e+05, 1e+08]
Preprocessing
    Dualized model:                                     no
    Number of dense columns:                            0
    Range of scaling factors:                           [1.00e+00, 2.00e+00]
IPX version 1.0
Interior Point Solve
 Iter     P.res    D.res            P.obj           D.obj        mu     Time
   0   9.45e+06 2.20e+05   3.50458189e+13 -6.16591753e+16  2.57e+12       0s
   1   2.47e+06 1.55e+05   2.39867951e+16 -4.54580755e+16  1.71e+12       0s
   2   1.13e+06 9.50e+04   3.19151137e+16 -3.11653886e+16  1.30e+12       0s
   3   3.97e+05 2.11e+04   2.34723321e+16 -7.31250444e+15  3.54e+11       0s
   4   1.18e+05 2.94e+03   1.22494440e+16 -1.26178847e+15  9.14e+10       1s
   5   3.11e+04 7.91e+02   5.36238314e+15 -5.09714698e+14  3.38e+10       1s
 Constructing starting basis...
   6   8.06e+03 3.46e+02   1.57872527e+15 -2.29426921e+14  1.08e+10       2s
   7   7.33e+02 1.66e+02   7.38056743e+14 -1.32696058e+14  5.19e+09       2s
   8   9.22e+01 9.10e+01   2.26165033e+14 -7.62164402e+13  1.91e+09       3s
   9   1.88e+01 2.59e+01   6.53059863e+13 -2.22310025e+13  5.49e+08       3s
  10   3.65e+00 3.17e+00   2.41023949e+13 -3.46792090e+12  1.57e+08       3s
  11   1.63e+00 1.10e+00   1.12913426e+13 -1.23336130e+12  7.02e+07       4s
  12   4.37e-01 3.62e-01   3.40886627e+12 -4.23132031e+11  2.15e+07       4s
  13   1.69e-01 1.17e-01   1.45613776e+12 -1.42383694e+11  8.85e+06       4s
  14   9.97e-02 5.71e-02   1.07528614e+12 -8.32258841e+10  6.35e+06       5s
  15   3.27e-02 1.05e-02   4.78069856e+11 -2.13374481e+10  2.69e+06       5s
  16   1.10e-02 1.57e-03   2.57944769e+11 -7.58248513e+09  1.42e+06       5s
  17   1.89e-03 3.78e-04   9.45974902e+10 -2.21581116e+09  5.15e+05       5s
  18   7.39e-04 1.92e-04   4.45379195e+10 -1.14504774e+08  2.37e+05       6s
  19   3.19e-04 1.26e-04   2.85407097e+10  5.76956862e+08  1.49e+05       6s
  20   1.43e-04 3.55e-05   1.73124277e+10  1.83597799e+09  8.22e+04       6s
  21   1.99e-05 1.17e-05   9.92860610e+09  2.14832365e+09  4.13e+04       7s
  22   4.62e-06 3.92e-06   5.11831465e+09  2.43510619e+09  1.42e+04       7s
  23   9.83e-07 9.55e-07   3.46479838e+09  2.57485865e+09  4.72e+03       7s
  24   2.38e-07 3.24e-07   2.93463875e+09  2.61513325e+09  1.70e+03       7s
  25   5.96e-08 1.07e-07   2.74179175e+09  2.63163044e+09  5.85e+02       8s
  26   4.84e-08 5.45e-08   2.68717905e+09  2.63714109e+09  2.66e+02       8s
  27   3.74e-08 2.00e-08   2.66177219e+09  2.64115224e+09  1.09e+02       8s
  28   3.30e-08 4.66e-09   2.65121992e+09  2.64322353e+09  4.24e+01       9s
  29   4.79e-08 1.16e-09   2.64619510e+09  2.64369328e+09  1.33e+01       9s
  30   2.98e-08 4.66e-10   2.64413591e+09  2.64380525e+09  1.75e+00       9s
  31   5.43e-08 4.66e-10   2.64387595e+09  2.64384028e+09  1.89e-01       9s
  32   4.36e-08 4.66e-10   2.64384700e+09  2.64384392e+09  1.63e-02       9s
  33   4.32e-08 4.66e-10   2.64384454e+09  2.64384416e+09  2.05e-03      10s
  34   6.21e-08 4.66e-10   2.64384423e+09  2.64384420e+09  1.70e-04      10s
  35*  1.27e-07 2.33e-10   2.64384420e+09  2.64384420e+09  8.45e-06      10s
Summary
    Runtime:                                            10.00s
    Status interior point solve:                        optimal
    Status crossover:                                   not run
    objective value:                                    2.64384420e+09
    interior solution primal residual (abs/rel):        1.04e-07 / 7.14e-16
    interior solution dual residual (abs/rel):          2.33e-10 / 1.21e-16
    interior solution objective gap (abs/rel):          1.58e+00 / 5.98e-10
Ipx: IPM       optimal
Model   status      : Optimal
IPM       iterations: 35
Objective value     :  2.6438442048e+09
HiGHS run time      :         12.15
Presolving model
116206 rows, 310095 cols, 716946 nonzeros
86081 rows, 188647 cols, 473739 nonzeros
83713 rows, 111703 cols, 319346 nonzeros
83187 rows, 110168 cols, 316252 nonzeros
Presolve : Reductions: rows 83187(-2390819); columns 110168(-1524759); elements 316252(-7377418)
Solving the presolved LP
IPX model has 83187 rows, 110168 columns and 316252 nonzeros
Input
    Number of variables:                                110168
    Number of free variables:                           0
    Number of constraints:                              83187
    Number of equality constraints:                     13390
    Number of matrix entries:                           316252
    Matrix range:                                       [1e-02, 1e+00]
    RHS range:                                          [3e+05, 6e+07]
    Objective range:                                    [3e-04, 2e+06]
    Bounds range:                                       [3e+05, 1e+08]
Preprocessing
    Dualized model:                                     no
    Number of dense columns:                            0
    Range of scaling factors:                           [1.00e+00, 2.00e+00]
IPX version 1.0
Interior Point Solve
 Iter     P.res    D.res            P.obj           D.obj        mu     Time
   0   9.45e+06 2.20e+05   3.50958435e+13 -6.16585184e+16  2.57e+12       0s
   1   2.47e+06 1.55e+05   2.39899338e+16 -4.54569306e+16  1.71e+12       0s
   2   1.13e+06 9.50e+04   3.19190835e+16 -3.11676803e+16  1.30e+12       0s
   3   3.97e+05 2.11e+04   2.34752546e+16 -7.31271526e+15  3.54e+11       0s
   4   1.18e+05 2.94e+03   1.22434748e+16 -1.26161772e+15  9.13e+10       1s
   5   3.13e+04 7.90e+02   5.37110280e+15 -5.08290802e+14  3.39e+10       1s
 Constructing starting basis...
   6   8.16e+03 3.49e+02   1.58712882e+15 -2.30428158e+14  1.09e+10       2s
   7   6.59e+02 1.66e+02   7.48737561e+14 -1.33492440e+14  5.25e+09       2s
   8   8.99e+01 9.35e+01   2.23940237e+14 -7.81284466e+13  1.91e+09       3s
   9   1.56e+01 2.69e+01   6.11124353e+13 -2.31876439e+13  5.36e+08       3s
  10   3.04e+00 3.41e+00   2.34021100e+13 -3.66986296e+12  1.55e+08       3s
  11   1.20e+00 9.27e-01   9.90419042e+12 -1.03732243e+12  6.12e+07       4s
  12   5.84e-01 3.69e-01   5.07281843e+12 -4.28909449e+11  3.04e+07       4s
  13   2.69e-01 1.21e-01   2.38889118e+12 -1.41842696e+11  1.38e+07       4s
  14   1.71e-01 6.47e-02   1.66616659e+12 -8.49710310e+10  9.51e+06       5s
  15   7.21e-02 3.28e-02   9.50912247e+11 -5.35112483e+10  5.46e+06       5s
  16   3.54e-02 8.24e-03   5.05760624e+11 -1.43951127e+10  2.79e+06       5s
  17   1.29e-02 3.42e-03   2.27532496e+11 -6.49750270e+09  1.25e+06       5s
  18   3.22e-03 1.08e-03   7.54970582e+10 -1.11695229e+09  4.09e+05       6s
  19   1.68e-03 4.90e-04   4.79517449e+10  4.62002659e+08  2.53e+05       6s
  20   5.18e-04 2.34e-04   2.24342456e+10  1.35649754e+09  1.12e+05       6s
  21   4.08e-04 8.10e-05   1.92386512e+10  2.01620168e+09  9.15e+04       7s
  22   1.52e-04 3.87e-05   9.63995017e+09  2.30015330e+09  3.90e+04       7s
  23   2.58e-05 9.98e-06   4.78444788e+09  2.50189106e+09  1.21e+04       7s
  24   3.70e-06 3.25e-06   3.36746287e+09  2.57615569e+09  4.20e+03       7s
  25   1.40e-06 1.22e-06   2.96663380e+09  2.61389502e+09  1.87e+03       8s
  26   3.87e-07 3.69e-07   2.77052949e+09  2.63079137e+09  7.42e+02       8s
  27   1.79e-07 1.95e-07   2.70169072e+09  2.63551933e+09  3.51e+02       8s
  28   5.96e-08 5.96e-08   2.66674000e+09  2.63959049e+09  1.44e+02       9s
  29   5.96e-08 1.91e-08   2.65110307e+09  2.64095928e+09  5.38e+01       9s
  30   3.30e-08 3.96e-09   2.64396123e+09  2.64152798e+09  1.29e+01       9s
  31   2.98e-08 6.98e-10   2.64192704e+09  2.64168312e+09  1.29e+00       9s
  32   3.73e-08 4.66e-10   2.64176040e+09  2.64169697e+09  3.37e-01      10s
  33   3.73e-08 4.66e-10   2.64170578e+09  2.64170049e+09  2.81e-02      10s
  34   5.22e-08 4.66e-10   2.64170247e+09  2.64170118e+09  6.80e-03      10s
  35   2.98e-08 4.66e-10   2.64170137e+09  2.64170128e+09  5.03e-04      10s
  36   6.84e-08 4.66e-10   2.64170130e+09  2.64170129e+09  7.53e-05      10s
  37*  1.08e-07 4.66e-10   2.64170129e+09  2.64170129e+09  3.04e-06      10s
Summary
    Runtime:                                            10.39s
    Status interior point solve:                        optimal
    Status crossover:                                   not run
    objective value:                                    2.64170129e+09
    interior solution primal residual (abs/rel):        1.34e-07 / 9.19e-16
    interior solution dual residual (abs/rel):          4.66e-10 / 2.42e-16
    interior solution objective gap (abs/rel):          5.73e-01 / 2.17e-10
Ipx: IPM       optimal
Model   status      : Optimal
IPM       iterations: 37
Objective value     :  2.6417012906e+09
HiGHS run time      :         12.54
Running HiGHS 1.6.0: Copyright (c) 2023 HiGHS under MIT licence terms
Presolving model
80689 rows, 229025 cols, 518294 nonzeros
59714 rows, 138196 cols, 336482 nonzeros
57942 rows, 81920 cols, 223657 nonzeros
57516 rows, 79997 cols, 219766 nonzeros
Presolve : Reductions: rows 57516(-1897834); columns 79997(-1228138); elements 219766(-5722670)
Solving the presolved LP
IPX model has 57516 rows, 79997 columns and 219766 nonzeros
Input
    Number of variables:                                79997
    Number of free variables:                           0
    Number of constraints:                              57516
    Number of equality constraints:                     10916
    Number of matrix entries:                           219766
    Matrix range:                                       [1e-02, 1e+00]
    RHS range:                                          [4e+05, 1e+08]
    Objective range:                                    [2e-04, 1e+06]
    Bounds range:                                       [6e+05, 1e+08]
Preprocessing
    Dualized model:                                     no
    Number of dense columns:                            0
    Range of scaling factors:                           [1.00e+00, 2.00e+00]
IPX version 1.0
Interior Point Solve
 Iter     P.res    D.res            P.obj           D.obj        mu     Time
   0   1.45e+07 1.59e+05   4.91674660e+13 -3.68815978e+16  2.78e+12       0s
   1   3.58e+06 1.10e+05   1.96477477e+16 -2.74324355e+16  1.72e+12       0s
   2   1.31e+06 5.90e+04   2.52039526e+16 -1.77032479e+16  1.14e+12       0s
   3   5.16e+05 1.43e+04   1.80393969e+16 -4.69143798e+15  3.46e+11       0s
   4   1.76e+05 2.36e+03   9.52427008e+15 -1.00203192e+15  1.00e+11       0s
   5   5.15e+04 8.71e+02   3.38860636e+15 -4.09336976e+14  3.24e+10       1s
 Constructing starting basis...
   6   2.37e+04 3.05e+02   2.28919222e+15 -2.34619111e+14  2.11e+10       1s
   7   8.88e+03 4.91e+01   1.29435828e+15 -8.61572780e+13  1.08e+10       2s
   8   6.36e+03 1.94e+01   1.06427837e+15 -5.32781066e+13  8.62e+09       2s
   9   3.18e+03 7.33e+00   5.93049868e+14 -1.29546440e+13  4.65e+09       2s
  10   1.80e+03 3.63e+00   4.72413437e+14 -9.65690744e+12  3.71e+09       2s
  11   3.82e+02 1.43e+00   2.26233966e+14  4.28070606e+12  1.72e+09       2s
  12   9.51e+01 6.73e-01   1.00068747e+14  1.67832349e+13  6.57e+08       3s
  13   3.30e+01 1.92e-01   7.67839481e+13  2.36789244e+13  4.10e+08       3s
  14   2.21e+01 9.70e-02   6.27193409e+13  2.67733232e+13  2.75e+08       3s
  15   1.25e+01 3.73e-02   4.92384093e+13  2.88636903e+13  1.55e+08       3s
  16   4.79e+00 2.09e-02   3.78380452e+13  2.94722061e+13  6.36e+07       4s
  17   1.39e+00 6.54e-03   3.27144649e+13  2.99944497e+13  2.06e+07       4s
  18   5.78e-01 1.64e-03   3.16507174e+13  3.01422939e+13  1.13e+07       4s
  19   2.84e-01 1.86e-09   3.12823079e+13  3.01918801e+13  8.12e+06       4s
  20   1.03e-01 1.05e-09   3.08767082e+13  3.02061636e+13  4.99e+06       5s
  21   1.35e-02 3.49e-10   3.04466372e+13  3.02338013e+13  1.58e+06       5s
  22   1.00e-02 2.33e-10   3.04242494e+13  3.02409487e+13  1.36e+06       5s
  23   3.52e-03 2.33e-10   3.03145699e+13  3.02487727e+13  4.90e+05       5s
  24   1.73e-03 2.33e-10   3.02879084e+13  3.02514190e+13  2.71e+05       5s
  25   5.84e-04 2.33e-10   3.02813470e+13  3.02511573e+13  2.25e+05       6s
  26   1.72e-04 2.33e-10   3.02614720e+13  3.02522652e+13  6.85e+04       6s
  27   4.46e-05 2.33e-10   3.02551658e+13  3.02524889e+13  1.99e+04       6s
  28   1.52e-05 2.33e-10   3.02537265e+13  3.02526034e+13  8.36e+03       6s
  29   6.79e-06 2.33e-10   3.02532496e+13  3.02526475e+13  4.48e+03       6s
  30   3.04e-06 2.33e-10   3.02530128e+13  3.02526750e+13  2.51e+03       6s
  31   9.24e-07 2.33e-10   3.02528639e+13  3.02526883e+13  1.31e+03       7s
  32   5.36e-07 2.33e-10   3.02528096e+13  3.02526980e+13  8.30e+02       7s
  33   3.28e-07 2.33e-10   3.02527774e+13  3.02527022e+13  5.59e+02       7s
  34   1.50e-07 2.33e-10   3.02527493e+13  3.02527039e+13  3.38e+02       7s
  35   8.94e-08 4.66e-10   3.02527305e+13  3.02527055e+13  1.86e+02       7s
  36   5.96e-08 2.33e-10   3.02527187e+13  3.02527058e+13  9.58e+01       7s
  37   3.82e-08 2.33e-10   3.02527096e+13  3.02527062e+13  2.54e+01       8s
  38   4.57e-08 2.33e-10   3.02527077e+13  3.02527063e+13  1.01e+01       8s
  39   5.90e-08 2.33e-10   3.02527067e+13  3.02527064e+13  2.25e+00       8s
  40   5.35e-08 2.33e-10   3.02527065e+13  3.02527065e+13  3.88e-01       8s
  41*  2.98e-08 2.33e-10   3.02527065e+13  3.02527065e+13  9.12e-02       8s
Summary
    Runtime:                                            8.04s
    Status interior point solve:                        optimal
    Status crossover:                                   not run
    objective value:                                    3.02527065e+13
    interior solution primal residual (abs/rel):        4.47e-08 / 3.06e-16
    interior solution dual residual (abs/rel):          2.33e-10 / 1.82e-16
    interior solution objective gap (abs/rel):          1.23e+04 / 4.05e-10
Ipx: IPM       optimal
Model   status      : Optimal
IPM       iterations: 41
Objective value     :  3.0252706455e+13
HiGHS run time      :          9.61
Presolving model
80689 rows, 229025 cols, 518294 nonzeros
59714 rows, 138196 cols, 336482 nonzeros
57942 rows, 81920 cols, 223657 nonzeros
57516 rows, 79997 cols, 219766 nonzeros
Presolve : Reductions: rows 57516(-1903846); columns 79997(-1228138); elements 219766(-5728682)
Solving the presolved LP
IPX model has 57516 rows, 79997 columns and 219766 nonzeros
Input
    Number of variables:                                79997
    Number of free variables:                           0
    Number of constraints:                              57516
    Number of equality constraints:                     10916
    Number of matrix entries:                           219766
    Matrix range:                                       [1e-02, 1e+00]
    RHS range:                                          [4e+05, 1e+08]
    Objective range:                                    [2e-04, 1e+06]
    Bounds range:                                       [6e+05, 1e+08]
Preprocessing
    Dualized model:                                     no
    Number of dense columns:                            0
    Range of scaling factors:                           [1.00e+00, 2.00e+00]
IPX version 1.0
Interior Point Solve
 Iter     P.res    D.res            P.obj           D.obj        mu     Time
   0   1.45e+07 1.63e+05   4.07397666e+13 -3.81293085e+16  2.85e+12       0s
   1   3.59e+06 1.13e+05   1.92315042e+16 -2.83943139e+16  1.77e+12       0s
   2   1.28e+06 6.02e+04   2.50450683e+16 -1.82720556e+16  1.17e+12       0s
   3   5.13e+05 1.44e+04   1.80432845e+16 -4.77952203e+15  3.52e+11       0s
   4   1.61e+05 1.87e+03   9.19116802e+15 -8.67880269e+14  9.26e+10       0s
   5   4.34e+04 6.16e+02   2.92444667e+15 -3.27123429e+14  2.70e+10       1s
 Constructing starting basis...
   6   3.63e+03 1.94e+02   1.12107214e+15 -1.77367844e+14  1.08e+10       1s
   7   3.61e+02 6.31e+01   2.51593220e+14 -6.41101743e+13  2.66e+09       2s
   8   8.69e+01 8.69e+00   1.02951571e+14 -1.37062234e+13  9.15e+08       2s
   9   1.66e+01 1.62e+00   2.24401464e+13 -2.75603188e+12  1.96e+08       2s
  10   6.22e+00 4.74e-01   9.96455213e+12 -9.50683543e+11  8.39e+07       2s
  11   3.80e+00 1.23e-01   7.95800176e+12 -5.47006157e+11  6.44e+07       2s
  12   1.13e+00 4.41e-02   2.43582840e+12 -1.99056968e+11  1.99e+07       3s
  13   4.26e-01 1.44e-02   1.01283338e+12 -7.03891709e+10  8.17e+06       3s
  14   3.18e-01 3.19e-03   7.89863565e+11 -2.16448006e+10  6.07e+06       3s
  15   1.81e-01 5.70e-04   5.07604827e+11 -9.82593915e+09  3.86e+06       3s
  16   6.88e-02 3.46e-04   2.61049040e+11 -8.13413604e+09  2.01e+06       3s
  17   8.68e-03 7.70e-05   7.95934822e+10 -2.74736877e+09  6.13e+05       3s
  18   2.95e-03 3.92e-05   4.20203258e+10 -9.15880200e+08  3.20e+05       4s
  19   1.15e-03 1.92e-05   2.38773815e+10  4.65524891e+08  1.74e+05       4s
  20   4.49e-04 9.18e-06   1.61302099e+10  1.21816141e+09  1.11e+05       4s
  21   1.19e-07 3.29e-06   8.07039303e+09  1.81457931e+09  4.65e+04       4s
  22   9.69e-08 1.27e-06   4.10888398e+09  2.26039631e+09  1.38e+04       4s
  23   4.25e-08 4.44e-07   3.12026274e+09  2.44458818e+09  5.03e+03       4s
  24   4.47e-08 1.45e-07   2.75094465e+09  2.52483740e+09  1.68e+03       5s
  25   3.44e-08 5.73e-08   2.65223599e+09  2.55010984e+09  7.60e+02       5s
  26   4.44e-08 2.10e-08   2.59885817e+09  2.56182592e+09  2.75e+02       5s
  27   8.57e-08 5.59e-09   2.58045457e+09  2.56694898e+09  1.00e+02       5s
  28   4.90e-08 1.75e-09   2.57318093e+09  2.56850549e+09  3.48e+01       5s
  29   3.73e-08 4.66e-10   2.57081618e+09  2.56917661e+09  1.22e+01       5s
  30   3.50e-08 2.33e-10   2.56972690e+09  2.56925881e+09  3.48e+00       6s
  31   3.73e-08 2.33e-10   2.56939060e+09  2.56928925e+09  7.54e-01       6s
  32   6.33e-08 2.33e-10   2.56930638e+09  2.56929636e+09  7.46e-02       6s
  33   6.44e-08 2.33e-10   2.56929747e+09  2.56929694e+09  4.00e-03       6s
  34   8.20e-08 2.33e-10   2.56929703e+09  2.56929698e+09  3.37e-04       6s
  35   7.95e-08 2.33e-10   2.56929699e+09  2.56929699e+09  5.98e-05       6s
  36*  8.57e-08 2.33e-10   2.56929699e+09  2.56929699e+09  3.70e-06       6s
Summary
    Runtime:                                            6.20s
    Status interior point solve:                        optimal
    Status crossover:                                   not run
    objective value:                                    2.56929699e+09
    interior solution primal residual (abs/rel):        8.94e-08 / 6.12e-16
    interior solution dual residual (abs/rel):          2.33e-10 / 1.82e-16
    interior solution objective gap (abs/rel):          4.85e-01 / 1.89e-10
Ipx: IPM       optimal
Model   status      : Optimal
IPM       iterations: 36
Objective value     :  2.5692969872e+09
HiGHS run time      :          7.75
Presolving model
80689 rows, 229025 cols, 518294 nonzeros
59714 rows, 138196 cols, 336482 nonzeros
57942 rows, 81920 cols, 223657 nonzeros
57516 rows, 79997 cols, 219766 nonzeros
Presolve : Reductions: rows 57516(-1909858); columns 79997(-1228138); elements 219766(-5734694)
Solving the presolved LP
IPX model has 57516 rows, 79997 columns and 219766 nonzeros
Input
    Number of variables:                                79997
    Number of free variables:                           0
    Number of constraints:                              57516
    Number of equality constraints:                     10916
    Number of matrix entries:                           219766
    Matrix range:                                       [1e-02, 1e+00]
    RHS range:                                          [4e+05, 1e+08]
    Objective range:                                    [2e-04, 1e+06]
    Bounds range:                                       [6e+05, 1e+08]
Preprocessing
    Dualized model:                                     no
    Number of dense columns:                            0
    Range of scaling factors:                           [1.00e+00, 2.00e+00]
IPX version 1.0
Interior Point Solve
 Iter     P.res    D.res            P.obj           D.obj        mu     Time
   0   1.45e+07 1.58e+05   4.14655014e+13 -3.69917711e+16  2.77e+12       0s
   1   3.61e+06 1.09e+05   1.90190754e+16 -2.75177491e+16  1.71e+12       0s
   2   1.29e+06 5.91e+04   2.47402128e+16 -1.78302342e+16  1.15e+12       0s
   3   5.07e+05 1.41e+04   1.77311411e+16 -4.64081847e+15  3.42e+11       0s
   4   1.62e+05 1.81e+03   9.06035478e+15 -8.36166489e+14  9.06e+10       0s
   5   4.65e+04 6.28e+02   3.03744687e+15 -3.28431744e+14  2.79e+10       1s
 Constructing starting basis...
   6   2.38e+03 1.63e+02   1.14461524e+15 -1.72047924e+14  1.07e+10       2s
   7   5.04e+02 8.25e+01   3.59627772e+14 -9.04050934e+13  3.77e+09       2s
   8   9.08e+01 2.39e+01   1.32206403e+14 -3.11437106e+13  1.35e+09       2s
   9   2.21e+01 4.03e+00   3.66033392e+13 -5.61277544e+12  3.36e+08       2s
  10   7.23e+00 1.08e+00   1.47595454e+13 -1.74819881e+12  1.29e+08       2s
  11   1.21e+00 4.58e-01   2.71111818e+12 -7.53227647e+11  2.82e+07       2s
  12   2.34e-01 1.01e-01   6.18432015e+11 -1.68724048e+11  6.36e+06       3s
  13   1.37e-01 3.49e-02   3.94129472e+11 -6.01117095e+10  3.55e+06       3s
  14   9.28e-02 7.30e-03   2.93803781e+11 -1.55838541e+10  2.34e+06       3s
  15   4.41e-02 1.85e-03   1.62336411e+11 -4.38494915e+09  1.25e+06       3s
  16   2.30e-02 6.03e-04   8.97944849e+10 -3.34464726e+08  6.73e+05       3s
  17   8.76e-03 1.13e-04   5.61852340e+10 -1.69547853e+08  4.20e+05       3s
  18   1.65e-03 1.54e-05   1.93868521e+10  1.41333376e+09  1.34e+05       4s
  19   5.41e-04 4.27e-06   9.63372295e+09  1.96830089e+09  5.70e+04       4s
  20   1.19e-04 1.63e-06   4.56402790e+09  2.18112639e+09  1.77e+04       4s
  21   1.83e-05 4.92e-07   3.06785852e+09  2.29238264e+09  5.77e+03       4s
  22   4.35e-06 1.92e-07   2.58966672e+09  2.34032061e+09  1.86e+03       4s
  23   1.34e-06 6.78e-08   2.46256679e+09  2.36194201e+09  7.49e+02       4s
  24   3.87e-07 2.79e-08   2.40862681e+09  2.36993203e+09  2.88e+02       5s
  25   1.19e-07 7.92e-09   2.38846288e+09  2.37428443e+09  1.05e+02       5s
  26   3.43e-08 3.14e-09   2.37980177e+09  2.37551866e+09  3.19e+01       5s
  27   7.08e-08 1.16e-09   2.37781048e+09  2.37609604e+09  1.28e+01       5s
  28   6.77e-08 5.82e-10   2.37697196e+09  2.37625456e+09  5.34e+00       5s
  29   6.93e-08 4.66e-10   2.37649672e+09  2.37636107e+09  1.01e+00       5s
  30   3.67e-08 2.33e-10   2.37641793e+09  2.37640147e+09  1.22e-01       5s
  31   5.20e-08 2.33e-10   2.37640760e+09  2.37640429e+09  2.47e-02       6s
  32   7.08e-08 2.33e-10   2.37640549e+09  2.37640465e+09  6.28e-03       6s
  33   2.98e-08 4.66e-10   2.37640476e+09  2.37640467e+09  6.62e-04       6s
  34   1.34e-07 2.33e-10   2.37640468e+09  2.37640467e+09  2.58e-05       6s
  35*  5.30e-08 2.33e-10   2.37640468e+09  2.37640468e+09  3.61e-06       6s
Summary
    Runtime:                                            6.02s
    Status interior point solve:                        optimal
    Status crossover:                                   not run
    objective value:                                    2.37640468e+09
    interior solution primal residual (abs/rel):        7.45e-08 / 5.10e-16
    interior solution dual residual (abs/rel):          2.33e-10 / 1.82e-16
    interior solution objective gap (abs/rel):          4.61e-01 / 1.94e-10
Ipx: IPM       optimal
Model   status      : Optimal
IPM       iterations: 35
Objective value     :  2.3764046756e+09
HiGHS run time      :          7.56
Presolving model
80689 rows, 229025 cols, 518294 nonzeros
59714 rows, 138196 cols, 336482 nonzeros
57942 rows, 81920 cols, 223657 nonzeros
57516 rows, 79997 cols, 219766 nonzeros
Presolve : Reductions: rows 57516(-1915870); columns 79997(-1228138); elements 219766(-5740706)
Solving the presolved LP
IPX model has 57516 rows, 79997 columns and 219766 nonzeros
Input
    Number of variables:                                79997
    Number of free variables:                           0
    Number of constraints:                              57516
    Number of equality constraints:                     10916
    Number of matrix entries:                           219766
    Matrix range:                                       [1e-02, 1e+00]
    RHS range:                                          [4e+05, 1e+08]
    Objective range:                                    [2e-04, 1e+06]
    Bounds range:                                       [6e+05, 1e+08]
Preprocessing
    Dualized model:                                     no
    Number of dense columns:                            0
    Range of scaling factors:                           [1.00e+00, 2.00e+00]
IPX version 1.0
Interior Point Solve
 Iter     P.res    D.res            P.obj           D.obj        mu     Time
   0   1.45e+07 1.58e+05   4.14655010e+13 -3.69917711e+16  2.77e+12       0s
   1   3.61e+06 1.09e+05   1.90190755e+16 -2.75177493e+16  1.71e+12       0s
   2   1.29e+06 5.91e+04   2.47402129e+16 -1.78302344e+16  1.15e+12       0s
   3   5.07e+05 1.41e+04   1.77311412e+16 -4.64081816e+15  3.42e+11       0s
   4   1.61e+05 1.81e+03   9.05001776e+15 -8.36130885e+14  9.05e+10       0s
   5   4.64e+04 6.28e+02   3.03533006e+15 -3.28392306e+14  2.79e+10       1s
 Constructing starting basis...
   6   2.44e+03 1.62e+02   1.14674471e+15 -1.71876057e+14  1.07e+10       2s
   7   5.12e+02 8.20e+01   3.60533602e+14 -9.02122697e+13  3.78e+09       2s
   8   1.00e+02 2.50e+01   1.29917153e+14 -3.16150749e+13  1.34e+09       2s
   9   2.45e+01 4.04e+00   3.57905043e+13 -5.44507746e+12  3.28e+08       2s
  10   7.52e+00 1.23e+00   1.38299408e+13 -1.88707375e+12  1.24e+08       2s
  11   1.07e+00 4.99e-01   2.23198064e+12 -7.78219373e+11  2.50e+07       2s
  12   2.61e-01 1.15e-01   6.31417330e+11 -1.81867505e+11  6.62e+06       3s
  13   1.49e-01 4.30e-02   3.96258036e+11 -6.99557813e+10  3.67e+06       3s
  14   1.02e-01 7.59e-03   3.13439549e+11 -1.89266673e+10  2.51e+06       3s
  15   5.40e-02 1.88e-03   1.88721477e+11 -5.37545630e+09  1.45e+06       3s
  16   2.68e-02 6.94e-04   9.79918298e+10 -8.60519759e+08  7.38e+05       3s
  17   4.79e-03 2.07e-04   5.88548786e+10 -1.10069289e+09  4.47e+05       3s
  18   1.80e-03 5.01e-05   3.36602039e+10  5.63267732e+08  2.46e+05       4s
  19   4.24e-04 1.17e-05   1.38578592e+10  1.60410484e+09  9.12e+04       4s
  20   7.47e-05 3.16e-06   6.20837631e+09  2.03792674e+09  3.10e+04       4s
  21   2.77e-05 7.86e-07   3.99398399e+09  2.26136586e+09  1.29e+04       4s
  22   7.33e-06 2.66e-07   2.93149196e+09  2.32157903e+09  4.54e+03       4s
  23   2.38e-06 9.55e-08   2.56967879e+09  2.35015010e+09  1.63e+03       4s
  24   7.15e-07 3.70e-08   2.43807320e+09  2.36074021e+09  5.75e+02       5s
  25   2.09e-07 1.33e-08   2.39669238e+09  2.36521184e+09  2.34e+02       5s
  26   8.94e-08 4.19e-09   2.37911397e+09  2.36751058e+09  8.63e+01       5s
  27   5.54e-08 1.63e-09   2.37176998e+09  2.36821972e+09  2.64e+01       5s
  28   4.84e-08 5.82e-10   2.37012522e+09  2.36846428e+09  1.24e+01       5s
  29   5.49e-08 2.33e-10   2.36895875e+09  2.36862881e+09  2.45e+00       5s
  30   5.95e-08 2.33e-10   2.36870839e+09  2.36867605e+09  2.41e-01       5s
  31   3.87e-08 2.33e-10   2.36868521e+09  2.36868002e+09  3.87e-02       6s
  32   3.20e-08 2.33e-10   2.36868163e+09  2.36868051e+09  8.30e-03       6s
  33   7.82e-08 2.33e-10   2.36868117e+09  2.36868054e+09  4.65e-03       6s
  34   8.94e-08 2.33e-10   2.36868062e+09  2.36868055e+09  4.68e-04       6s
  35   1.27e-07 2.33e-10   2.36868056e+09  2.36868056e+09  4.47e-05       6s
  36*  1.28e-07 2.33e-10   2.36868056e+09  2.36868056e+09  1.11e-05       6s
Summary
    Runtime:                                            6.09s
    Status interior point solve:                        optimal
    Status crossover:                                   not run
    objective value:                                    2.36868056e+09
    interior solution primal residual (abs/rel):        2.68e-07 / 1.84e-15
    interior solution dual residual (abs/rel):          1.16e-10 / 9.09e-17
    interior solution objective gap (abs/rel):          1.48e+00 / 6.26e-10
Ipx: IPM       optimal
Model   status      : Optimal
IPM       iterations: 36
Objective value     :  2.3686805582e+09
HiGHS run time      :          7.65
Presolving model
80689 rows, 229025 cols, 518294 nonzeros
59714 rows, 138196 cols, 336482 nonzeros
57942 rows, 81920 cols, 223657 nonzeros
57516 rows, 79997 cols, 219766 nonzeros
Presolve : Reductions: rows 57516(-1921882); columns 79997(-1228138); elements 219766(-5746718)
Solving the presolved LP
IPX model has 57516 rows, 79997 columns and 219766 nonzeros
Input
    Number of variables:                                79997
    Number of free variables:                           0
    Number of constraints:                              57516
    Number of equality constraints:                     10916
    Number of matrix entries:                           219766
    Matrix range:                                       [1e-02, 1e+00]
    RHS range:                                          [4e+05, 1e+08]
    Objective range:                                    [2e-04, 1e+06]
    Bounds range:                                       [6e+05, 1e+08]
Preprocessing
    Dualized model:                                     no
    Number of dense columns:                            0
    Range of scaling factors:                           [1.00e+00, 2.00e+00]
IPX version 1.0
Interior Point Solve
 Iter     P.res    D.res            P.obj           D.obj        mu     Time
   0   1.45e+07 1.58e+05   4.14655010e+13 -3.69917711e+16  2.77e+12       0s
   1   3.61e+06 1.09e+05   1.90190755e+16 -2.75177493e+16  1.71e+12       0s
   2   1.29e+06 5.91e+04   2.47402129e+16 -1.78302344e+16  1.15e+12       0s
   3   5.07e+05 1.41e+04   1.77311412e+16 -4.64081816e+15  3.42e+11       0s
   4   1.61e+05 1.81e+03   9.05001776e+15 -8.36130885e+14  9.05e+10       0s
   5   4.64e+04 6.28e+02   3.03533006e+15 -3.28392306e+14  2.79e+10       1s
 Constructing starting basis...
   6   2.44e+03 1.62e+02   1.14674471e+15 -1.71876057e+14  1.07e+10       2s
   7   5.12e+02 8.20e+01   3.60533602e+14 -9.02122697e+13  3.78e+09       2s
   8   1.00e+02 2.50e+01   1.29917153e+14 -3.16150749e+13  1.34e+09       2s
   9   2.45e+01 4.04e+00   3.57905043e+13 -5.44507746e+12  3.28e+08       2s
  10   7.52e+00 1.23e+00   1.38299408e+13 -1.88707375e+12  1.24e+08       2s
  11   1.07e+00 4.99e-01   2.23198064e+12 -7.78219373e+11  2.50e+07       2s
  12   2.61e-01 1.15e-01   6.31417330e+11 -1.81867505e+11  6.62e+06       3s
  13   1.49e-01 4.30e-02   3.96258036e+11 -6.99557813e+10  3.67e+06       3s
  14   1.02e-01 7.59e-03   3.13439549e+11 -1.89266673e+10  2.51e+06       3s
  15   5.40e-02 1.88e-03   1.88721477e+11 -5.37545630e+09  1.45e+06       3s
  16   2.68e-02 6.94e-04   9.79918298e+10 -8.60519759e+08  7.38e+05       3s
  17   4.79e-03 2.07e-04   5.88548786e+10 -1.10069289e+09  4.47e+05       3s
  18   1.80e-03 5.01e-05   3.36602039e+10  5.63267732e+08  2.46e+05       4s
  19   4.24e-04 1.17e-05   1.38578592e+10  1.60410484e+09  9.12e+04       4s
  20   7.47e-05 3.16e-06   6.20837631e+09  2.03792674e+09  3.10e+04       4s
  21   2.77e-05 7.86e-07   3.99398399e+09  2.26136586e+09  1.29e+04       4s
  22   7.33e-06 2.66e-07   2.93149196e+09  2.32157903e+09  4.54e+03       4s
  23   2.38e-06 9.55e-08   2.56967879e+09  2.35015010e+09  1.63e+03       4s
  24   7.15e-07 3.70e-08   2.43807320e+09  2.36074021e+09  5.75e+02       5s
  25   2.09e-07 1.33e-08   2.39669238e+09  2.36521184e+09  2.34e+02       5s
  26   8.94e-08 4.19e-09   2.37911397e+09  2.36751058e+09  8.63e+01       5s
  27   5.54e-08 1.63e-09   2.37176998e+09  2.36821972e+09  2.64e+01       5s
  28   4.84e-08 5.82e-10   2.37012522e+09  2.36846428e+09  1.24e+01       5s
  29   5.49e-08 2.33e-10   2.36895875e+09  2.36862881e+09  2.45e+00       5s
  30   5.95e-08 2.33e-10   2.36870839e+09  2.36867605e+09  2.41e-01       5s
  31   3.87e-08 2.33e-10   2.36868521e+09  2.36868002e+09  3.87e-02       6s
  32   3.20e-08 2.33e-10   2.36868163e+09  2.36868051e+09  8.30e-03       6s
  33   7.82e-08 2.33e-10   2.36868117e+09  2.36868054e+09  4.65e-03       6s
  34   8.94e-08 2.33e-10   2.36868062e+09  2.36868055e+09  4.68e-04       6s
  35   1.27e-07 2.33e-10   2.36868056e+09  2.36868056e+09  4.47e-05       6s
  36*  1.28e-07 2.33e-10   2.36868056e+09  2.36868056e+09  1.11e-05       6s
Summary
    Runtime:                                            6.09s
    Status interior point solve:                        optimal
    Status crossover:                                   not run
    objective value:                                    2.36868056e+09
    interior solution primal residual (abs/rel):        2.68e-07 / 1.84e-15
    interior solution dual residual (abs/rel):          1.16e-10 / 9.09e-17
    interior solution objective gap (abs/rel):          1.48e+00 / 6.26e-10
Ipx: IPM       optimal
Model   status      : Optimal
IPM       iterations: 36
Objective value     :  2.3686805582e+09
HiGHS run time      :          7.65
[ Info: Rolling step not specified in scenaio.yaml file; Setting it to 5 years
[ Info: Demand-pathway mapping not specified in scenaio.yaml file; SERA will not look for eligible pathways for different demand types.
[ Info: Production capacity constraints from the grid model not defined. SERA will not create these constraints
[ Info: Regional technology limits not specified in scenaio.yaml file; SERA will not create these constraints
STARTING DATA PRE-PROCESSING 
Processing Temporal Data
Processing Nodes
Processing Demand
Processing Existings
Processing Links
Processing Pathways
Creating Infrastructure options
 14.220764 seconds (90.94 M allocations: 10.786 GiB, 27.81% gc time, 0.69% compilation time)

OPTIMIZING FROM 2026 TO 2030 

STARTING OPTIMIZATION MODEL CREATION
CREATING VARIABLES AND EXPRESSIONS
 20.381231 seconds (131.84 M allocations: 8.074 GiB, 44.11% gc time, 27.48% compilation time)
POPULATING EXPRESSIONS
 12.396990 seconds (56.45 M allocations: 8.754 GiB, 8.22% gc time, 1.48% compilation time)
CREATING CONSTRAINTS
 10.302987 seconds (82.25 M allocations: 4.588 GiB, 13.87% gc time, 14.10% compilation time)
POPULATED CORE OPTIMIZATION MODEL, STARTING ITERATIONS
READING COST DATA FOR ITERATION 1
 20.254442 seconds (59.71 M allocations: 5.767 GiB, 34.24% gc time, 1.94% compilation time)
CREATING EXPRESSIONS FOR CAPITAL AND FIXED COST
 18.037665 seconds (32.70 M allocations: 2.051 GiB, 80.10% gc time, 8.01% compilation time)
BUILDING OBJECTIVE FUNCTION
  5.580083 seconds (18.87 M allocations: 631.474 MiB, 56.34% gc time, 14.59% compilation time)
Optimizing for iteration 1
 40.221099 seconds (26.78 M allocations: 2.513 GiB, 53.68% gc time, 0.08% compilation time)
OPTIMAL
6.375319503080565e8
 =  1.0
READING COST DATA FOR ITERATION 2
102.535925 seconds (47.88 M allocations: 5.546 GiB, 21.73% gc time, 0.02% compilation time)
CREATING EXPRESSIONS FOR CAPITAL AND FIXED COST
 19.719084 seconds (31.04 M allocations: 1.942 GiB, 88.70% gc time, 0.02% compilation time)
BUILDING OBJECTIVE FUNCTION
  5.125622 seconds (18.21 M allocations: 604.775 MiB, 67.66% gc time)
Optimizing for iteration 2
 11.786000 seconds (5 allocations: 32 bytes)
OPTIMAL
2.136499158325702e9
 =  0.7015997184816748
READING COST DATA FOR ITERATION 3
107.774349 seconds (47.72 M allocations: 5.485 GiB, 25.98% gc time)
CREATING EXPRESSIONS FOR CAPITAL AND FIXED COST
 15.999741 seconds (31.04 M allocations: 1.942 GiB, 86.33% gc time)
BUILDING OBJECTIVE FUNCTION
  1.900074 seconds (18.21 M allocations: 604.775 MiB, 14.53% gc time)
Optimizing for iteration 3
 11.791586 seconds (2 allocations: 32 bytes)
OTHER_ERROR
1.4429803636652163e8
 =  0.17916935128014277
READING COST DATA FOR ITERATION 4
108.265186 seconds (47.69 M allocations: 5.485 GiB, 26.29% gc time)
CREATING EXPRESSIONS FOR CAPITAL AND FIXED COST
 16.145099 seconds (31.04 M allocations: 1.942 GiB, 86.63% gc time)
BUILDING OBJECTIVE FUNCTION
  1.902361 seconds (18.21 M allocations: 604.775 MiB, 13.04% gc time)
Optimizing for iteration 4
 12.802282 seconds (2 allocations: 32 bytes)
OPTIMAL
2.2130595346416977e13
 =  0.9999181283682484
READING COST DATA FOR ITERATION 5
108.805644 seconds (47.73 M allocations: 5.558 GiB, 26.48% gc time)
CREATING EXPRESSIONS FOR CAPITAL AND FIXED COST
 16.293708 seconds (31.04 M allocations: 1.942 GiB, 86.70% gc time)
BUILDING OBJECTIVE FUNCTION
  1.868393 seconds (18.21 M allocations: 604.775 MiB, 12.85% gc time)
Optimizing for iteration 5
 10.516162 seconds (2 allocations: 32 bytes)
OPTIMAL
1.4836389640947154e9
 =  14915.42905181017
READING COST DATA FOR ITERATION 6
108.995912 seconds (47.71 M allocations: 5.509 GiB, 26.79% gc time)
CREATING EXPRESSIONS FOR CAPITAL AND FIXED COST
 16.386009 seconds (31.04 M allocations: 1.942 GiB, 86.86% gc time)
BUILDING OBJECTIVE FUNCTION
  1.879383 seconds (18.21 M allocations: 604.775 MiB, 12.73% gc time)
Optimizing for iteration 6
 10.785568 seconds (2 allocations: 32 bytes)
OPTIMAL
1.2986593109331121e9
 =  0.14243893806800206
READING COST DATA FOR ITERATION 7
109.244517 seconds (47.71 M allocations: 5.486 GiB, 26.93% gc time)
CREATING EXPRESSIONS FOR CAPITAL AND FIXED COST
 16.551438 seconds (31.04 M allocations: 1.942 GiB, 86.81% gc time)
BUILDING OBJECTIVE FUNCTION
  1.902682 seconds (18.21 M allocations: 604.775 MiB, 12.30% gc time)
Optimizing for iteration 7
 10.670622 seconds (2 allocations: 32 bytes)
OPTIMAL
1.2455493483117247e9
 =  0.042639789979660996
READING COST DATA FOR ITERATION 8
109.510725 seconds (47.71 M allocations: 5.533 GiB, 27.20% gc time)
CREATING EXPRESSIONS FOR CAPITAL AND FIXED COST
 16.675939 seconds (31.04 M allocations: 1.942 GiB, 87.03% gc time)
BUILDING OBJECTIVE FUNCTION
  1.910447 seconds (18.21 M allocations: 604.775 MiB, 13.06% gc time)
Optimizing for iteration 8
 10.700164 seconds (2 allocations: 32 bytes)
OPTIMAL
1.2455493483117247e9
 =  0.0
ITERATIONS COMPLETED
WRITING RESULTS TO FILE
  5.097496 seconds (7.65 M allocations: 342.882 MiB, 75.88% gc time, 12.18% compilation time)

OPTIMIZING FROM 2031 TO 2035 

STARTING OPTIMIZATION MODEL CREATION
CREATING VARIABLES AND EXPRESSIONS
115.691128 seconds (122.89 M allocations: 7.494 GiB, 93.84% gc time, 0.17% compilation time)
POPULATING EXPRESSIONS
 17.372499 seconds (56.28 M allocations: 8.748 GiB, 34.87% gc time)
CREATING CONSTRAINTS
 44.779255 seconds (79.53 M allocations: 4.410 GiB, 81.45% gc time)
POPULATED CORE OPTIMIZATION MODEL, STARTING ITERATIONS
READING COST DATA FOR ITERATION 1
 55.868763 seconds (47.63 M allocations: 5.514 GiB, 77.25% gc time)
CREATING EXPRESSIONS FOR CAPITAL AND FIXED COST
 22.445949 seconds (31.00 M allocations: 1.941 GiB, 91.20% gc time)
BUILDING OBJECTIVE FUNCTION
  1.851672 seconds (18.21 M allocations: 583.615 MiB, 15.48% gc time)
Optimizing for iteration 1
 59.779386 seconds (26.76 M allocations: 2.512 GiB, 63.96% gc time)
OPTIMAL
3.971461119327227e13
 =  1.0
READING COST DATA FOR ITERATION 2
121.907022 seconds (47.79 M allocations: 5.598 GiB, 35.92% gc time)
CREATING EXPRESSIONS FOR CAPITAL AND FIXED COST
 24.976290 seconds (31.04 M allocations: 1.942 GiB, 91.85% gc time)
BUILDING OBJECTIVE FUNCTION
  7.426559 seconds (18.21 M allocations: 604.789 MiB, 78.22% gc time)
Optimizing for iteration 2
 13.223736 seconds (5 allocations: 32 bytes)
OPTIMAL
3.2236780897979665e9
 =  12318.657883632332
READING COST DATA FOR ITERATION 3
127.993072 seconds (47.76 M allocations: 5.486 GiB, 39.02% gc time)
CREATING EXPRESSIONS FOR CAPITAL AND FIXED COST
 25.369407 seconds (31.04 M allocations: 1.942 GiB, 91.77% gc time)
BUILDING OBJECTIVE FUNCTION
  2.032213 seconds (18.21 M allocations: 604.789 MiB, 16.74% gc time)
Optimizing for iteration 3
 12.901349 seconds (2 allocations: 32 bytes)
OPTIMAL
2.65267791818997e9
 =  0.21525424089058373
READING COST DATA FOR ITERATION 4
128.501404 seconds (47.75 M allocations: 5.486 GiB, 39.21% gc time)
CREATING EXPRESSIONS FOR CAPITAL AND FIXED COST
 25.434898 seconds (31.04 M allocations: 1.942 GiB, 91.97% gc time)
BUILDING OBJECTIVE FUNCTION
  1.949630 seconds (18.21 M allocations: 604.789 MiB, 15.25% gc time)
Optimizing for iteration 4
 12.170280 seconds (2 allocations: 32 bytes)
OPTIMAL
2.643844204825969e9
 =  0.003341238242655643
READING COST DATA FOR ITERATION 5
128.493540 seconds (47.75 M allocations: 5.502 GiB, 39.42% gc time)
CREATING EXPRESSIONS FOR CAPITAL AND FIXED COST
 25.632345 seconds (31.04 M allocations: 1.942 GiB, 91.84% gc time)
BUILDING OBJECTIVE FUNCTION
  2.013720 seconds (18.21 M allocations: 604.789 MiB, 16.08% gc time)
Optimizing for iteration 5
 12.566095 seconds (2 allocations: 32 bytes)
OPTIMAL
2.6417012905850224e9
 =  0.0008111871876182641
ITERATIONS COMPLETED
WRITING RESULTS TO FILE
 14.015972 seconds (13.44 M allocations: 602.798 MiB, 85.57% gc time, 5.88% compilation time)

OPTIMIZING FROM 2036 TO 2039 

STARTING OPTIMIZATION MODEL CREATION
CREATING VARIABLES AND EXPRESSIONS
129.793017 seconds (98.25 M allocations: 6.050 GiB, 95.84% gc time)
POPULATING EXPRESSIONS
 10.114609 seconds (37.83 M allocations: 5.857 GiB, 22.90% gc time)
CREATING CONSTRAINTS
 34.523513 seconds (63.51 M allocations: 3.443 GiB, 80.55% gc time)
POPULATED CORE OPTIMIZATION MODEL, STARTING ITERATIONS
READING COST DATA FOR ITERATION 1
 48.622324 seconds (37.99 M allocations: 4.383 GiB, 79.07% gc time)
CREATING EXPRESSIONS FOR CAPITAL AND FIXED COST
 11.178227 seconds (20.28 M allocations: 1.255 GiB, 88.27% gc time)
BUILDING OBJECTIVE FUNCTION
 11.537170 seconds (14.39 M allocations: 468.793 MiB, 88.62% gc time)
Optimizing for iteration 1
 57.410216 seconds (21.41 M allocations: 1.957 GiB, 73.79% gc time)
OPTIMAL
3.0252706455497344e13
 =  1.0
READING COST DATA FOR ITERATION 2
 93.481006 seconds (38.15 M allocations: 4.483 GiB, 45.38% gc time)
CREATING EXPRESSIONS FOR CAPITAL AND FIXED COST
 11.916822 seconds (20.30 M allocations: 1.256 GiB, 88.85% gc time)
BUILDING OBJECTIVE FUNCTION
  7.163468 seconds (14.39 M allocations: 482.346 MiB, 80.98% gc time)
Optimizing for iteration 2
  7.767755 seconds (5 allocations: 32 bytes)
OPTIMAL
2.569296987207527e9
 =  11773.702031773611
READING COST DATA FOR ITERATION 3
 88.042950 seconds (38.13 M allocations: 4.387 GiB, 42.51% gc time)
CREATING EXPRESSIONS FOR CAPITAL AND FIXED COST
 12.133405 seconds (20.30 M allocations: 1.256 GiB, 88.80% gc time)
BUILDING OBJECTIVE FUNCTION
 11.924510 seconds (14.39 M allocations: 485.734 MiB, 88.71% gc time)
Optimizing for iteration 3
  7.580315 seconds (2 allocations: 32 bytes)
OPTIMAL
2.3764046756179404e9
 =  0.08116980814272565
READING COST DATA FOR ITERATION 4
 88.656433 seconds (38.13 M allocations: 4.389 GiB, 42.48% gc time)
CREATING EXPRESSIONS FOR CAPITAL AND FIXED COST
 12.156506 seconds (20.30 M allocations: 1.256 GiB, 88.84% gc time)
BUILDING OBJECTIVE FUNCTION
 11.991638 seconds (14.39 M allocations: 485.734 MiB, 88.79% gc time)
Optimizing for iteration 4
  7.666431 seconds (2 allocations: 32 bytes)
OPTIMAL
2.3686805582428193e9
 =  0.003260936705111756
READING COST DATA FOR ITERATION 5
 88.840929 seconds (38.13 M allocations: 4.387 GiB, 42.59% gc time)
CREATING EXPRESSIONS FOR CAPITAL AND FIXED COST
 12.219378 seconds (20.30 M allocations: 1.256 GiB, 88.83% gc time)
BUILDING OBJECTIVE FUNCTION
 12.035039 seconds (14.39 M allocations: 485.734 MiB, 88.84% gc time)
Optimizing for iteration 5
  7.667465 seconds (2 allocations: 32 bytes)
OPTIMAL
2.3686805582428193e9
 =  0.0
ITERATIONS COMPLETED
WRITING RESULTS TO FILE
  7.761795 seconds (13.36 M allocations: 568.642 MiB, 81.86% gc time)

THE OPTIMIZATION PROBLEM TOOK 49.71 MINUTES TO SOLVE. 
