Running HiGHS 1.6.0: Copyright (c) 2023 HiGHS under MIT licence terms
Presolving model
160132 rows, 469561 cols, 1072022 nonzeros
118835 rows, 287828 cols, 710283 nonzeros
116370 rows, 154765 cols, 443566 nonzeros
113537 rows, 151735 cols, 437428 nonzeros
Presolve : Reductions: rows 113537(-3296489); columns 151735(-2151377); elements 437428(-9997345)
Solving the presolved LP
IPX model has 113537 rows, 151735 columns and 437428 nonzeros
Input
    Number of variables:                                151735
    Number of free variables:                           0
    Number of constraints:                              113537
    Number of equality constraints:                     18375
    Number of matrix entries:                           437428
    Matrix range:                                       [1e-02, 1e+00]
    RHS range:                                          [2e+05, 1e+07]
    Objective range:                                    [4e-04, 7e+01]
    Bounds range:                                       [7e+05, 9e+07]
Preprocessing
    Dualized model:                                     no
    Number of dense columns:                            0
    Range of scaling factors:                           [1.00e+00, 2.00e+00]
IPX version 1.0
Interior Point Solve
 Iter     P.res    D.res            P.obj           D.obj        mu     Time
   0   1.99e+06 3.52e+01   1.00625519e+09 -7.31291200e+12  9.65e+07       0s
   1   7.74e+05 2.80e+01   2.17512240e+11 -5.86210753e+12  8.16e+07       0s
   2   3.58e+05 2.05e+01   4.00336452e+11 -4.41575901e+12  7.78e+07       0s
   3   1.00e+05 8.24e+00   3.85324504e+11 -1.79864720e+12  3.18e+07       0s
   4   3.15e+04 2.63e+00   3.35917123e+11 -5.94912700e+11  1.11e+07       1s
   5   1.52e+04 4.59e-01   2.52234644e+11 -1.02793467e+11  2.63e+06       2s
   6   3.74e+03 8.97e-02   1.31499669e+11 -2.27955742e+10  7.88e+05       3s
 Constructing starting basis...
   7   8.50e+02 3.62e-02   6.04922456e+10 -9.96723922e+09  3.44e+05       4s
   8   3.09e+02 3.97e-03   3.34407515e+10 -1.36357863e+09  1.43e+05       4s
   9   5.81e+01 1.94e-03   1.49110390e+10 -4.60811539e+08  6.23e+04       4s
  10   2.01e+01 9.43e-04   8.00286891e+09  3.02807484e+08  3.08e+04       5s
  11   8.18e+00 4.74e-04   4.85546968e+09  6.92917233e+08  1.66e+04       5s
  12   5.92e+00 3.12e-04   4.06531734e+09  8.28348955e+08  1.29e+04       6s
  13   4.71e+00 2.43e-04   3.55555078e+09  8.79932000e+08  1.06e+04       7s
  14   2.93e+00 1.49e-04   2.76368314e+09  9.52063121e+08  7.17e+03       7s
  15   1.66e+00 9.51e-05   2.20680790e+09  9.94237871e+08  4.80e+03       8s
  16   1.15e+00 5.86e-05   2.01025119e+09  1.02257604e+09  3.90e+03       8s
  17   8.95e-01 4.40e-05   1.85526290e+09  1.03680976e+09  3.23e+03       9s
  18   4.50e-01 2.09e-05   1.66373414e+09  1.05545252e+09  2.40e+03       9s
  19   2.90e-01 1.14e-05   1.49432179e+09  1.06882996e+09  1.68e+03      10s
  20   2.75e-01 1.04e-05   1.49128579e+09  1.06955840e+09  1.67e+03      11s
  21   1.60e-01 8.46e-06   1.35878540e+09  1.07260942e+09  1.13e+03      11s
  22   1.00e-01 3.31e-06   1.33282802e+09  1.07790542e+09  1.01e+03      11s
  23   4.40e-02 1.33e-06   1.27591718e+09  1.08120221e+09  7.69e+02      12s
  24   1.09e-02 6.31e-07   1.15097725e+09  1.08501023e+09  2.60e+02      12s
  25   3.19e-03 2.57e-07   1.12319176e+09  1.08700035e+09  1.43e+02      13s
  26   1.31e-03 1.24e-07   1.10513705e+09  1.08807254e+09  6.74e+01      13s
  27   2.92e-04 7.63e-08   1.09352294e+09  1.08848097e+09  1.99e+01      14s
  28   9.03e-05 4.08e-08   1.09139447e+09  1.08878056e+09  1.03e+01      14s
  29   4.72e-06 4.59e-09   1.08932796e+09  1.08912210e+09  8.13e-01      15s
  30   5.96e-07 1.07e-09   1.08918671e+09  1.08915641e+09  1.20e-01      15s
  31   4.47e-08 2.39e-10   1.08916816e+09  1.08916450e+09  1.44e-02      16s
  32   1.86e-08 4.94e-11   1.08916691e+09  1.08916635e+09  2.19e-03      16s
  33   1.49e-08 8.11e-12   1.08916685e+09  1.08916676e+09  3.56e-04      16s
  34   1.86e-08 3.20e-13   1.08916684e+09  1.08916683e+09  1.68e-05      17s
  35*  1.86e-08 4.26e-14   1.08916684e+09  1.08916684e+09  2.06e-06      17s
Summary
    Runtime:                                            17.27s
    Status interior point solve:                        optimal
    Status crossover:                                   not run
    objective value:                                    1.08916684e+09
    interior solution primal residual (abs/rel):        5.40e-08 / 5.92e-16
    interior solution dual residual (abs/rel):          8.89e-11 / 1.33e-12
    interior solution objective gap (abs/rel):          5.21e-01 / 4.78e-10
Ipx: IPM       optimal
Model   status      : Optimal
IPM       iterations: 35
Objective value     :  1.0891668353e+09
HiGHS run time      :         21.05
Presolving model
160132 rows, 469561 cols, 1072022 nonzeros
118835 rows, 287828 cols, 710283 nonzeros
116370 rows, 154765 cols, 443566 nonzeros
113537 rows, 151735 cols, 437428 nonzeros
Presolve : Reductions: rows 113537(-3306509); columns 151735(-2151377); elements 437428(-10007365)
Solving the presolved LP
IPX model has 113537 rows, 151735 columns and 437428 nonzeros
Input
    Number of variables:                                151735
    Number of free variables:                           0
    Number of constraints:                              113537
    Number of equality constraints:                     18375
    Number of matrix entries:                           437428
    Matrix range:                                       [1e-02, 1e+00]
    RHS range:                                          [2e+05, 1e+07]
    Objective range:                                    [4e-04, 8e+06]
    Bounds range:                                       [7e+05, 9e+07]
Preprocessing
    Dualized model:                                     no
    Number of dense columns:                            0
    Range of scaling factors:                           [1.00e+00, 2.00e+00]
IPX version 1.0
Interior Point Solve
 Iter     P.res    D.res            P.obj           D.obj        mu     Time
   0   1.97e+06 1.53e+06   3.86535060e+13 -3.15748405e+17  4.27e+12       0s
   1   8.14e+05 1.26e+06   2.95690968e+16 -2.62974289e+17  3.70e+12       0s
   2   4.09e+05 9.06e+05   5.03371130e+16 -1.94381697e+17  3.35e+12       0s
   3   9.14e+04 4.10e+05   4.39858195e+16 -8.95492850e+16  1.51e+12       0s
   4   3.50e+04 1.41e+05   3.58356784e+16 -3.20635606e+16  5.88e+11       1s
   5   1.51e+04 3.25e+04   2.40378745e+16 -7.52493638e+15  1.84e+11       1s
   6   7.74e+03 7.51e+03   1.61808934e+16 -1.98703567e+15  8.23e+10       2s
   7   3.21e+03 2.61e+03   7.77819726e+15 -7.29990809e+14  3.55e+10       3s
 Constructing starting basis...
   8   1.94e+03 1.30e+03   6.33397666e+15 -4.49369873e+14  2.89e+10       5s
   9   6.07e+02 5.92e+02   2.34825051e+15 -2.16285818e+14  1.09e+10       5s
  10   6.07e-04 1.86e+02   8.48736140e+14 -9.00369504e+13  3.99e+09       5s
  11   1.51e-04 6.07e+01   2.70693910e+14 -3.08844614e+13  1.29e+09       6s
  12   3.63e-05 2.37e+01   7.87437428e+13 -1.22526675e+13  3.98e+08       6s
  13   8.87e-06 1.01e+01   3.20114865e+13 -5.54940089e+12  1.66e+08       7s
  14   1.67e-06 3.82e+00   1.04358351e+13 -2.19821566e+12  5.72e+07       7s
  15   2.38e-07 6.41e-01   3.08889251e+12 -4.13087426e+11  1.51e+07       8s
  16   7.45e-08 3.01e-01   1.08062854e+12 -1.96996797e+11  5.65e+06       8s
  17   4.47e-08 1.33e-01   7.39611803e+11 -8.96631137e+10  3.54e+06       8s
  18   4.10e-08 4.65e-02   3.31886195e+11 -3.14157953e+10  1.52e+06       9s
  19   2.98e-08 2.43e-02   2.28098998e+11 -1.72291516e+10  1.01e+06       9s
  20   2.98e-08 5.93e-03   8.37337544e+10 -3.40216444e+09  3.52e+05      10s
  21   2.24e-08 2.82e-03   4.71368453e+10 -1.02791921e+09  1.93e+05      10s
  22   4.10e-08 1.11e-03   2.73285443e+10  4.40694027e+08  1.07e+05      11s
  23   2.24e-08 2.99e-04   7.29382367e+09  1.27925821e+09  2.38e+04      11s
  24   3.73e-08 1.06e-04   3.70705346e+09  1.57646136e+09  8.42e+03      11s
  25   1.49e-08 3.35e-05   2.69198697e+09  1.68932548e+09  3.96e+03      12s
  26   1.49e-08 1.48e-05   2.22030386e+09  1.71916398e+09  1.98e+03      12s
  27   1.86e-08 5.47e-06   1.93769872e+09  1.73808997e+09  7.88e+02      13s
  28   2.98e-08 2.86e-06   1.80296882e+09  1.74365463e+09  2.34e+02      13s
  29   2.61e-08 1.05e-06   1.77161623e+09  1.74766729e+09  9.45e+01      14s
  30   1.49e-08 3.72e-07   1.75674332e+09  1.74923296e+09  2.97e+01      14s
  31   3.35e-08 5.03e-08   1.75077750e+09  1.75000539e+09  3.05e+00      14s
  32   2.61e-08 2.79e-09   1.75020362e+09  1.75012030e+09  3.29e-01      14s
  33   1.57e-08 1.86e-09   1.75012866e+09  1.75012345e+09  2.06e-02      15s
  34   1.49e-08 1.86e-09   1.75012436e+09  1.75012365e+09  2.82e-03      15s
  35   1.94e-08 1.86e-09   1.75012381e+09  1.75012370e+09  4.33e-04      15s
  36   2.61e-08 1.86e-09   1.75012372e+09  1.75012371e+09  4.09e-05      16s
  37   5.22e-08 9.31e-10   1.75012372e+09  1.75012371e+09  9.53e-06      16s
  38*  6.71e-08 9.31e-10   1.75012371e+09  1.75012371e+09  1.25e-09      16s
Summary
    Runtime:                                            16.23s
    Status interior point solve:                        optimal
    Status crossover:                                   not run
    objective value:                                    1.75012371e+09
    interior solution primal residual (abs/rel):        6.15e-08 / 6.74e-16
    interior solution dual residual (abs/rel):          9.31e-10 / 1.10e-16
    interior solution objective gap (abs/rel):          -1.91e-06 / -1.09e-15
Ipx: IPM       optimal
Model   status      : Optimal
IPM       iterations: 38
Objective value     :  1.7501237137e+09
HiGHS run time      :         19.82
Presolving model
160132 rows, 469561 cols, 1072022 nonzeros
118835 rows, 287828 cols, 710283 nonzeros
116370 rows, 154765 cols, 443566 nonzeros
113537 rows, 151735 cols, 437428 nonzeros
Presolve : Reductions: rows 113537(-3316529); columns 151735(-2151377); elements 437428(-10017385)
Solving the presolved LP
IPX model has 113537 rows, 151735 columns and 437428 nonzeros
Input
    Number of variables:                                151735
    Number of free variables:                           0
    Number of constraints:                              113537
    Number of equality constraints:                     18375
    Number of matrix entries:                           437428
    Matrix range:                                       [1e-02, 1e+00]
    RHS range:                                          [2e+05, 1e+07]
    Objective range:                                    [4e-04, 8e+06]
    Bounds range:                                       [7e+05, 9e+07]
Preprocessing
    Dualized model:                                     no
    Number of dense columns:                            0
    Range of scaling factors:                           [1.00e+00, 2.00e+00]
IPX version 1.0
Interior Point Solve
 Iter     P.res    D.res            P.obj           D.obj        mu     Time
   0   1.97e+06 1.53e+06   3.97078920e+13 -3.15732361e+17  4.27e+12       0s
   1   8.13e+05 1.26e+06   2.96227829e+16 -2.62928246e+17  3.70e+12       0s
   2   4.09e+05 9.06e+05   5.04126293e+16 -1.94413258e+17  3.35e+12       0s
   3   1.00e+05 4.10e+05   4.43010016e+16 -8.96425901e+16  1.52e+12       0s
   4   3.64e+04 1.40e+05   3.56926204e+16 -3.17930631e+16  5.84e+11       1s
   5   1.46e+04 3.08e+04   2.33088889e+16 -7.12773910e+15  1.75e+11       1s
   6   7.75e+03 6.84e+03   1.59952642e+16 -1.82889681e+15  7.99e+10       2s
   7   2.42e+03 2.59e+03   5.80771897e+15 -7.05791347e+14  2.72e+10       3s
 Constructing starting basis...
   8   1.28e+03 1.06e+03   4.13195582e+15 -3.42356561e+14  1.90e+10       5s
   9   8.76e+02 5.79e+02   2.98192682e+15 -1.95353642e+14  1.32e+10       5s
  10   3.38e+02 3.63e+02   1.29027317e+15 -1.25517879e+14  5.97e+09       5s
  11   8.40e+01 1.82e+02   4.54105850e+14 -6.52713332e+13  2.24e+09       6s
  12   2.68e+01 1.21e+02   1.90896831e+14 -4.39141072e+13  1.06e+09       6s
  13   5.47e+00 7.27e+01   5.95287408e+13 -2.66615091e+13  4.19e+08       7s
  14   5.91e-01 2.35e+01   2.20385827e+13 -8.98073916e+12  1.50e+08       7s
  15   1.01e-01 9.06e+00   1.06446643e+13 -3.60877848e+12  6.76e+07       7s
  16   1.10e-02 3.99e-01   1.44741771e+12 -1.65075020e+11  6.86e+06       8s
  17   3.30e-03 1.06e-01   4.47756135e+11 -4.29102260e+10  2.05e+06       8s
  18   9.71e-04 3.36e-02   1.51851523e+11 -1.31516900e+10  6.83e+05       9s
  19   2.23e-04 8.39e-03   5.36664805e+10 -2.63686954e+09  2.29e+05       9s
  20   4.15e-05 2.51e-03   2.29261263e+10 -1.47936593e+07  9.19e+04       9s
  21   6.35e-06 7.41e-04   8.94452142e+09  9.60887260e+08  3.17e+04      10s
  22   1.15e-06 2.29e-04   3.11759014e+09  1.33397507e+09  7.06e+03      10s
  23   5.07e-07 7.85e-05   2.38346326e+09  1.44593872e+09  3.70e+03      11s
  24   2.09e-07 3.91e-05   2.00457430e+09  1.47647250e+09  2.09e+03      11s
  25   8.94e-08 1.44e-05   1.72879454e+09  1.49917062e+09  9.07e+02      11s
  26   2.98e-08 7.54e-06   1.56413863e+09  1.50586771e+09  2.30e+02      12s
  27   1.49e-08 2.72e-06   1.53364654e+09  1.51066402e+09  9.07e+01      12s
  28   1.49e-08 9.59e-07   1.52013853e+09  1.51254312e+09  3.00e+01      13s
  29   1.86e-08 1.32e-07   1.51471355e+09  1.51344307e+09  5.02e+00      13s
  30   1.86e-08 6.52e-09   1.51371838e+09  1.51358908e+09  5.10e-01      13s
  31   1.49e-08 2.79e-09   1.51360822e+09  1.51359351e+09  5.81e-02      13s
  32   3.73e-08 1.86e-09   1.51359883e+09  1.51359432e+09  1.78e-02      14s
  33   2.61e-08 2.79e-09   1.51359530e+09  1.51359447e+09  3.26e-03      14s
  34   2.61e-08 1.86e-09   1.51359455e+09  1.51359449e+09  2.15e-04      14s
  35   1.86e-08 9.31e-10   1.51359452e+09  1.51359450e+09  1.03e-04      14s
  36*  1.38e-07 9.31e-10   1.51359450e+09  1.51359450e+09  5.42e-06      15s
Summary
    Runtime:                                            14.60s
    Status interior point solve:                        optimal
    Status crossover:                                   not run
    objective value:                                    1.51359450e+09
    interior solution primal residual (abs/rel):        1.17e-07 / 1.29e-15
    interior solution dual residual (abs/rel):          9.31e-10 / 1.10e-16
    interior solution objective gap (abs/rel):          1.29e+00 / 8.49e-10
Ipx: IPM       optimal
Model   status      : Optimal
IPM       iterations: 36
Objective value     :  1.5135944978e+09
HiGHS run time      :         18.24
Presolving model
160132 rows, 469561 cols, 1072022 nonzeros
118835 rows, 287828 cols, 710283 nonzeros
116370 rows, 154765 cols, 443566 nonzeros
113537 rows, 151735 cols, 437428 nonzeros
Presolve : Reductions: rows 113537(-3326549); columns 151735(-2151377); elements 437428(-10027405)
Solving the presolved LP
IPX model has 113537 rows, 151735 columns and 437428 nonzeros
Input
    Number of variables:                                151735
    Number of free variables:                           0
    Number of constraints:                              113537
    Number of equality constraints:                     18375
    Number of matrix entries:                           437428
    Matrix range:                                       [1e-02, 1e+00]
    RHS range:                                          [2e+05, 1e+07]
    Objective range:                                    [4e-04, 8e+06]
    Bounds range:                                       [7e+05, 9e+07]
Preprocessing
    Dualized model:                                     no
    Number of dense columns:                            0
    Range of scaling factors:                           [1.00e+00, 2.00e+00]
IPX version 1.0
Interior Point Solve
 Iter     P.res    D.res            P.obj           D.obj        mu     Time
   0   1.97e+06 1.53e+06   3.97078920e+13 -3.15732361e+17  4.27e+12       0s
   1   8.13e+05 1.26e+06   2.96227829e+16 -2.62928246e+17  3.70e+12       0s
   2   4.09e+05 9.06e+05   5.04126293e+16 -1.94413258e+17  3.35e+12       0s
   3   1.00e+05 4.10e+05   4.43010016e+16 -8.96425901e+16  1.52e+12       0s
   4   3.64e+04 1.40e+05   3.56926204e+16 -3.17930631e+16  5.84e+11       1s
   5   1.46e+04 3.08e+04   2.33087279e+16 -7.12772435e+15  1.75e+11       1s
   6   7.75e+03 6.84e+03   1.59951957e+16 -1.82890935e+15  7.99e+10       2s
   7   2.42e+03 2.59e+03   5.80769075e+15 -7.05792987e+14  2.72e+10       3s
 Constructing starting basis...
   8   1.28e+03 1.06e+03   4.13305491e+15 -3.42246738e+14  1.90e+10       5s
   9   8.76e+02 5.79e+02   2.97801991e+15 -1.95308192e+14  1.32e+10       5s
  10   3.37e+02 3.57e+02   1.29479267e+15 -1.23557116e+14  5.97e+09       5s
  11   8.16e+01 1.77e+02   4.46395388e+14 -6.36811111e+13  2.20e+09       6s
  12   2.99e+01 1.21e+02   2.06140412e+14 -4.41485116e+13  1.12e+09       6s
  13   5.72e+00 7.23e+01   5.83575841e+13 -2.65618075e+13  4.14e+08       7s
  14   3.45e-01 2.34e+01   2.17168245e+13 -8.97827195e+12  1.48e+08       7s
  15   6.05e-02 9.22e+00   1.00101238e+13 -3.67122873e+12  6.55e+07       7s
  16   2.45e-03 4.04e-01   7.20247359e+11 -1.67432900e+11  4.00e+06       8s
  17   5.21e-04 1.01e-01   1.65012059e+11 -4.08301307e+10  9.23e+05       8s
  18   1.47e-04 3.43e-02   6.90598598e+10 -1.34492864e+10  3.58e+05       9s
  19   3.68e-05 9.20e-03   2.59706292e+10 -2.70415191e+09  1.20e+05       9s
  20   8.12e-06 3.98e-03   1.24746461e+10 -4.28548883e+08  5.27e+04      10s
  21   9.09e-07 8.27e-04   4.46033556e+09  1.06345163e+09  1.36e+04      10s
  22   3.13e-07 2.62e-04   2.55532215e+09  1.36791573e+09  4.71e+03      10s
  23   1.04e-07 1.25e-04   2.00265469e+09  1.43987043e+09  2.23e+03      11s
  24   2.98e-08 5.56e-05   1.71809891e+09  1.47865114e+09  9.46e+02      11s
  25   3.73e-08 2.51e-05   1.58047720e+09  1.49752487e+09  3.28e+02      12s
  26   1.49e-08 8.84e-06   1.53662121e+09  1.50780641e+09  1.14e+02      12s
  27   1.55e-08 3.27e-06   1.52475979e+09  1.51141292e+09  5.27e+01      12s
  28   1.86e-08 3.95e-07   1.51648348e+09  1.51331778e+09  1.25e+01      13s
  29   1.49e-08 2.98e-08   1.51376048e+09  1.51357499e+09  7.32e-01      13s
  30   1.49e-08 6.52e-09   1.51361644e+09  1.51359123e+09  9.95e-02      13s
  31   1.49e-08 2.79e-09   1.51360068e+09  1.51359391e+09  2.68e-02      13s
  32   1.86e-08 1.86e-09   1.51359591e+09  1.51359434e+09  6.21e-03      14s
  33   1.49e-08 1.86e-09   1.51359465e+09  1.51359447e+09  6.82e-04      14s
  34   1.49e-08 1.86e-09   1.51359452e+09  1.51359449e+09  9.44e-05      14s
  35   1.30e-07 9.31e-10   1.51359450e+09  1.51359450e+09  2.19e-05      14s
  36*  1.97e-07 9.31e-10   1.51359450e+09  1.51359450e+09  3.14e-06      15s
Summary
    Runtime:                                            14.79s
    Status interior point solve:                        optimal
    Status crossover:                                   not run
    objective value:                                    1.51359450e+09
    interior solution primal residual (abs/rel):        1.47e-07 / 1.61e-15
    interior solution dual residual (abs/rel):          9.31e-10 / 1.10e-16
    interior solution objective gap (abs/rel):          6.01e-01 / 3.97e-10
Ipx: IPM       optimal
Model   status      : Optimal
IPM       iterations: 36
Objective value     :  1.5135944972e+09
HiGHS run time      :         18.41
Running HiGHS 1.6.0: Copyright (c) 2023 HiGHS under MIT licence terms
Presolving model
163437 rows, 475351 cols, 1087902 nonzeros
122160 rows, 293641 cols, 726223 nonzeros
119744 rows, 160384 cols, 459221 nonzeros
116852 rows, 156474 cols, 451323 nonzeros
Presolve : Reductions: rows 116852(-3293389); columns 156474(-2146853); elements 451323(-9986195)
Solving the presolved LP
IPX model has 116852 rows, 156474 columns and 451323 nonzeros
Input
    Number of variables:                                156474
    Number of free variables:                           0
    Number of constraints:                              116852
    Number of equality constraints:                     18599
    Number of matrix entries:                           451323
    Matrix range:                                       [1e-02, 1e+00]
    RHS range:                                          [3e+05, 6e+07]
    Objective range:                                    [3e-04, 2e+06]
    Bounds range:                                       [9e+04, 9e+07]
Preprocessing
    Dualized model:                                     no
    Number of dense columns:                            0
    Range of scaling factors:                           [1.00e+00, 2.00e+00]
IPX version 1.0
Interior Point Solve
 Iter     P.res    D.res            P.obj           D.obj        mu     Time
   0   9.74e+06 2.49e+05   4.19338582e+13 -7.28893733e+16  2.88e+12       0s
   1   3.41e+06 1.98e+05   3.31420419e+16 -5.99583926e+16  2.22e+12       0s
   2   1.71e+06 1.67e+05   4.80499526e+16 -5.27814920e+16  2.17e+12       0s
   3   6.73e+05 4.82e+04   4.11103536e+16 -1.61510924e+16  7.00e+11       0s
   4   1.81e+05 1.59e+04   2.72193062e+16 -6.11470801e+15  2.55e+11       1s
   5   7.15e+04 2.25e+03   1.60098692e+16 -1.12045204e+15  7.78e+10       1s
   6   2.00e+04 6.25e+02   5.84661092e+15 -3.87038142e+14  2.51e+10       3s
 Constructing starting basis...
   7   1.36e+04 2.68e+02   4.21227186e+15 -1.85526668e+14  1.80e+10       4s
   8   8.01e+03 1.44e+02   2.82213710e+15 -1.21068626e+14  1.19e+10       5s
   9   2.96e+03 2.97e+01   1.66476167e+15 -6.40871176e+13  6.76e+09       5s
  10   1.35e+03 1.31e+01   1.07816776e+15 -3.59507987e+13  4.35e+09       6s
  11   7.69e+02 5.52e+00   7.99372359e+14 -1.24616199e+13  3.16e+09       6s
  12   4.79e+02 3.74e+00   7.21122302e+14 -1.08285593e+13  2.88e+09       7s
  13   2.59e+02 1.59e+00   4.60052859e+14  1.34416722e+13  1.74e+09       7s
  14   1.01e+02 5.75e-01   3.50273987e+14  1.66952840e+13  1.30e+09       8s
  15   4.95e+01 2.55e-01   2.14324127e+14  2.81822219e+13  7.22e+08       9s
  16   2.29e+01 1.42e-01   1.77148184e+14  2.92438892e+13  5.79e+08      10s
  17   8.46e+00 3.43e-02   1.13373815e+14  3.50038814e+13  3.02e+08      10s
  18   6.25e+00 1.40e-02   9.68157269e+13  3.73638624e+13  2.27e+08      11s
  19   2.14e+00 5.56e-03   6.00398992e+13  3.87760834e+13  8.10e+07      12s
  20   1.08e+00 1.01e-03   5.38509953e+13  3.91422971e+13  5.57e+07      12s
  21   2.70e-01 3.44e-04   4.47358150e+13  3.94598025e+13  2.00e+07      13s
  22   7.72e-02 1.19e-04   4.12999633e+13  3.96404510e+13  6.27e+06      13s
  23   1.14e-02 7.96e-06   4.02219545e+13  3.97225870e+13  1.89e+06      14s
  24   2.31e-03 2.39e-06   3.98703799e+13  3.97370519e+13  5.03e+05      14s
  25   6.36e-04 7.68e-07   3.97931541e+13  3.97418083e+13  1.94e+05      15s
  26   1.83e-04 3.02e-07   3.97615141e+13  3.97436016e+13  6.76e+04      15s
  27   4.88e-05 1.13e-07   3.97497720e+13  3.97444055e+13  2.03e+04      16s
  28   2.05e-05 7.43e-08   3.97472395e+13  3.97445669e+13  1.01e+04      16s
  29   1.00e-05 3.47e-08   3.97465303e+13  3.97447213e+13  6.83e+03      17s
  30   4.49e-06 1.72e-08   3.97457194e+13  3.97448091e+13  3.44e+03      17s
  31   1.43e-06 8.38e-09   3.97453908e+13  3.97448503e+13  2.04e+03      18s
  32   4.92e-07 3.73e-09   3.97451276e+13  3.97448783e+13  9.41e+02      18s
  33   2.09e-07 1.40e-09   3.97450090e+13  3.97448953e+13  4.29e+02      19s
  34   8.94e-08 6.98e-10   3.97449377e+13  3.97448999e+13  1.43e+02      19s
  35   4.47e-08 4.66e-10   3.97449194e+13  3.97449020e+13  6.56e+01      19s
  36   8.94e-08 4.66e-10   3.97449071e+13  3.97449033e+13  1.47e+01      20s
  37   4.10e-08 4.66e-10   3.97449055e+13  3.97449035e+13  7.50e+00      20s
  38   7.45e-08 4.66e-10   3.97449037e+13  3.97449035e+13  8.83e-01      20s
  39*  1.19e-07 4.66e-10   3.97449035e+13  3.97449035e+13  1.14e-01      21s
Summary
    Runtime:                                            20.72s
    Status interior point solve:                        optimal
    Status crossover:                                   not run
    objective value:                                    3.97449035e+13
    interior solution primal residual (abs/rel):        6.71e-08 / 7.35e-16
    interior solution dual residual (abs/rel):          4.66e-10 / 2.42e-16
    interior solution objective gap (abs/rel):          3.02e+04 / 7.60e-10
Ipx: IPM       optimal
Model   status      : Optimal
IPM       iterations: 39
Objective value     :  3.9744896766e+13
HiGHS run time      :         24.71
Presolving model
163437 rows, 475351 cols, 1087902 nonzeros
122160 rows, 293641 cols, 726223 nonzeros
119744 rows, 160384 cols, 459221 nonzeros
116852 rows, 156474 cols, 451323 nonzeros
Presolve : Reductions: rows 116852(-3303409); columns 156474(-2146853); elements 451323(-9996215)
Solving the presolved LP
IPX model has 116852 rows, 156474 columns and 451323 nonzeros
Input
    Number of variables:                                156474
    Number of free variables:                           0
    Number of constraints:                              116852
    Number of equality constraints:                     18599
    Number of matrix entries:                           451323
    Matrix range:                                       [1e-02, 1e+00]
    RHS range:                                          [3e+05, 6e+07]
    Objective range:                                    [3e-04, 2e+06]
    Bounds range:                                       [9e+04, 9e+07]
Preprocessing
    Dualized model:                                     no
    Number of dense columns:                            0
    Range of scaling factors:                           [1.00e+00, 2.00e+00]
IPX version 1.0
Interior Point Solve
 Iter     P.res    D.res            P.obj           D.obj        mu     Time
   0   9.73e+06 2.23e+05   3.63512637e+13 -6.50907388e+16  2.59e+12       0s
   1   3.45e+06 1.77e+05   3.11533598e+16 -5.34070713e+16  1.98e+12       0s
   2   1.78e+06 1.50e+05   4.46068472e+16 -4.72646178e+16  1.93e+12       0s
   3   7.21e+05 4.23e+04   3.82038900e+16 -1.41828160e+16  6.18e+11       0s
   4   1.88e+05 1.38e+04   2.46552543e+16 -5.31882158e+15  2.21e+11       1s
   5   7.18e+04 1.93e+03   1.39145092e+16 -9.53348158e+14  6.69e+10       1s
   6   1.98e+04 3.85e+02   4.93000435e+15 -2.61591704e+14  2.04e+10       3s
 Constructing starting basis...
   7   9.27e+03 1.42e+02   2.52322982e+15 -1.13424443e+14  1.07e+10       4s
   8   1.77e+03 3.33e+01   8.92639973e+14 -5.07557985e+13  3.73e+09       5s
   9   6.71e+02 1.86e+01   3.82226570e+14 -3.03654775e+13  1.65e+09       5s
  10   1.35e+02 1.05e+01   1.34082558e+14 -1.87779627e+13  6.31e+08       6s
  11   2.74e+01 6.35e+00   5.82560257e+13 -1.20928303e+13  3.02e+08       6s
  12   1.21e+01 3.04e+00   3.28470035e+13 -6.13417879e+12  1.66e+08       7s
  13   6.41e+00 2.14e+00   2.03652368e+13 -4.40457214e+12  1.07e+08       7s
  14   1.10e+00 1.37e+00   7.63900400e+12 -2.91334617e+12  4.89e+07       8s
  15   2.20e-01 2.71e-01   1.89030532e+12 -5.85706153e+11  1.11e+07       8s
  16   9.47e-02 1.21e-01   9.96590995e+11 -2.68915023e+11  5.53e+06       9s
  17   3.03e-02 3.93e-02   4.57332684e+11 -9.10482884e+10  2.30e+06       9s
  18   6.19e-03 2.12e-02   3.15235840e+11 -5.35683115e+10  1.51e+06      10s
  19   3.59e-03 6.16e-03   2.39225453e+11 -1.77049015e+10  1.00e+06      10s
  20   1.74e-03 3.88e-03   1.38295087e+11 -1.06496478e+10  5.78e+05      11s
  21   7.29e-04 1.64e-03   7.73782587e+10 -3.54273005e+09  3.10e+05      11s
  22   5.78e-04 1.10e-03   6.46752436e+10 -1.63458619e+09  2.53e+05      12s
  23   3.91e-04 6.81e-04   5.83541383e+10 -6.39060624e+08  2.24e+05      12s
  24   8.88e-05 2.00e-04   3.01916596e+10  1.28320215e+09  1.09e+05      13s
  25   5.01e-05 6.56e-05   2.06852660e+10  2.25232731e+09  6.96e+04      13s
  26   1.82e-05 3.15e-05   1.23548065e+10  2.51695946e+09  3.72e+04      14s
  27   9.76e-06 1.36e-05   9.80011423e+09  2.67739384e+09  2.69e+04      14s
  28   2.62e-06 4.08e-06   4.92507111e+09  2.88614085e+09  7.70e+03      14s
  29   9.09e-07 1.57e-06   3.80529307e+09  2.94121844e+09  3.26e+03      15s
  30   2.83e-07 8.04e-07   3.27270633e+09  2.96243671e+09  1.17e+03      15s
  31   1.19e-07 3.34e-07   3.12091021e+09  2.97600387e+09  5.47e+02      16s
  32   1.04e-07 1.24e-07   3.02996117e+09  2.98264590e+09  1.79e+02      16s
  33   5.96e-08 4.77e-08   3.00200723e+09  2.98547152e+09  6.24e+01      16s
  34   4.75e-08 1.26e-08   2.99029178e+09  2.98689705e+09  1.28e+01      17s
  35   8.94e-08 5.82e-09   2.98811000e+09  2.98716861e+09  3.55e+00      17s
  36   7.01e-08 1.16e-09   2.98748797e+09  2.98738206e+09  4.00e-01      18s
  37   1.34e-07 4.66e-10   2.98741980e+09  2.98741077e+09  3.41e-02      18s
  38   7.45e-08 4.66e-10   2.98741476e+09  2.98741309e+09  6.28e-03      18s
  39   7.45e-08 4.66e-10   2.98741343e+09  2.98741337e+09  2.20e-04      18s
  40   1.34e-07 2.33e-10   2.98741340e+09  2.98741339e+09  3.50e-05      19s
  41*  1.49e-07 2.33e-10   2.98741339e+09  2.98741339e+09  4.26e-06      19s
Summary
    Runtime:                                            19.05s
    Status interior point solve:                        optimal
    Status crossover:                                   not run
    objective value:                                    2.98741339e+09
    interior solution primal residual (abs/rel):        1.27e-07 / 1.39e-15
    interior solution dual residual (abs/rel):          2.33e-10 / 1.21e-16
    interior solution objective gap (abs/rel):          1.06e+00 / 3.56e-10
Ipx: IPM       optimal
Model   status      : Optimal
IPM       iterations: 41
Objective value     :  2.9874133914e+09
HiGHS run time      :         22.94
Presolving model
163437 rows, 475351 cols, 1087902 nonzeros
122160 rows, 293641 cols, 726223 nonzeros
119744 rows, 160384 cols, 459221 nonzeros
116852 rows, 156474 cols, 451323 nonzeros
Presolve : Reductions: rows 116852(-3313429); columns 156474(-2146853); elements 451323(-10006235)
Solving the presolved LP
IPX model has 116852 rows, 156474 columns and 451323 nonzeros
Input
    Number of variables:                                156474
    Number of free variables:                           0
    Number of constraints:                              116852
    Number of equality constraints:                     18599
    Number of matrix entries:                           451323
    Matrix range:                                       [1e-02, 1e+00]
    RHS range:                                          [3e+05, 6e+07]
    Objective range:                                    [3e-04, 2e+06]
    Bounds range:                                       [9e+04, 9e+07]
Preprocessing
    Dualized model:                                     no
    Number of dense columns:                            0
    Range of scaling factors:                           [1.00e+00, 2.00e+00]
IPX version 1.0
Interior Point Solve
 Iter     P.res    D.res            P.obj           D.obj        mu     Time
   0   9.73e+06 2.23e+05   3.72894477e+13 -6.50615723e+16  2.59e+12       0s
   1   3.45e+06 1.76e+05   3.12310247e+16 -5.33676025e+16  1.98e+12       0s
   2   1.78e+06 1.50e+05   4.47151590e+16 -4.72578809e+16  1.93e+12       0s
   3   7.21e+05 4.23e+04   3.82929557e+16 -1.41593132e+16  6.17e+11       0s
   4   1.88e+05 1.38e+04   2.46787334e+16 -5.31336725e+15  2.21e+11       1s
   5   7.15e+04 1.93e+03   1.39198918e+16 -9.51715781e+14  6.68e+10       1s
   6   2.01e+04 3.89e+02   4.98789690e+15 -2.61868157e+14  2.06e+10       3s
 Constructing starting basis...
   7   9.45e+03 2.02e+02   2.58197915e+15 -1.49181142e+14  1.12e+10       4s
   8   3.03e+03 5.25e+01   1.19885600e+15 -6.21162183e+13  5.03e+09       4s
   9   1.24e+03 2.56e+01   5.68087921e+14 -3.51165532e+13  2.41e+09       5s
  10   4.46e+02 1.36e+01   2.49871479e+14 -2.05252349e+13  1.09e+09       6s
  11   1.66e+02 8.12e+00   1.07812512e+14 -1.26103915e+13  4.94e+08       6s
  12   6.38e+01 5.04e+00   4.96270885e+13 -8.07005907e+12  2.42e+08       7s
  13   2.53e+01 3.20e+00   2.67662318e+13 -5.33574203e+12  1.38e+08       7s
  14   5.13e+00 2.25e+00   1.16949264e+13 -3.86335914e+12  7.10e+07       8s
  15   4.23e-01 4.44e-01   2.06149367e+12 -8.05104841e+11  1.32e+07       8s
  16   1.78e-01 1.81e-01   1.00629760e+12 -3.31708428e+11  6.00e+06       8s
  17   9.01e-02 3.71e-02   6.30410730e+11 -7.49171609e+10  2.85e+06       9s
  18   6.10e-02 1.23e-02   4.78370555e+11 -2.78554579e+10  1.97e+06       9s
  19   2.69e-02 4.48e-03   2.41660655e+11 -9.76823081e+09  9.66e+05      10s
  20   1.56e-02 1.95e-03   1.58879281e+11 -3.74848359e+09  6.20e+05      10s
  21   7.59e-03 1.34e-03   9.33796749e+10 -2.12720305e+09  3.64e+05      11s
  22   3.95e-03 2.17e-04   6.98216208e+10  3.87906586e+08  2.63e+05      11s
  23   6.57e-04 8.36e-05   3.14758814e+10  1.29229721e+09  1.14e+05      12s
  24   2.79e-04 2.89e-05   1.77803738e+10  2.15374129e+09  5.90e+04      12s
  25   4.81e-05 8.16e-06   1.04797953e+10  2.43922882e+09  3.04e+04      12s
  26   1.23e-05 2.79e-06   5.23582850e+09  2.68454871e+09  9.63e+03      13s
  27   3.65e-06 1.12e-06   3.76030986e+09  2.77164501e+09  3.73e+03      13s
  28   1.25e-06 4.74e-07   3.21661160e+09  2.81143512e+09  1.53e+03      14s
  29   6.26e-07 2.00e-07   3.04715502e+09  2.82992073e+09  8.20e+02      14s
  30   1.64e-07 7.26e-08   2.92190362e+09  2.83848376e+09  3.15e+02      14s
  31   8.94e-08 1.98e-08   2.87756445e+09  2.84308002e+09  1.30e+02      15s
  32   8.94e-08 7.45e-09   2.85225286e+09  2.84446720e+09  2.94e+01      15s
  33   8.37e-08 1.63e-09   2.84675289e+09  2.84512382e+09  6.15e+00      16s
  34   1.19e-07 6.98e-10   2.84568474e+09  2.84522614e+09  1.73e+00      16s
  35   4.47e-08 4.66e-10   2.84536916e+09  2.84528987e+09  2.99e-01      16s
  36   1.19e-07 4.66e-10   2.84530737e+09  2.84529568e+09  4.41e-02      16s
  37   7.45e-08 4.66e-10   2.84529718e+09  2.84529630e+09  3.34e-03      17s
  38   1.19e-07 4.66e-10   2.84529646e+09  2.84529642e+09  1.71e-04      17s
  39   2.09e-07 2.33e-10   2.84529643e+09  2.84529642e+09  2.14e-05      17s
  40*  1.34e-07 2.33e-10   2.84529643e+09  2.84529642e+09  3.54e-06      17s
Summary
    Runtime:                                            17.51s
    Status interior point solve:                        optimal
    Status crossover:                                   not run
    objective value:                                    2.84529643e+09
    interior solution primal residual (abs/rel):        1.49e-07 / 1.63e-15
    interior solution dual residual (abs/rel):          2.33e-10 / 1.21e-16
    interior solution objective gap (abs/rel):          8.77e-01 / 3.08e-10
Ipx: IPM       optimal
Model   status      : Optimal
IPM       iterations: 40
Objective value     :  2.8452964253e+09
HiGHS run time      :         21.38
Presolving model
163437 rows, 475351 cols, 1087902 nonzeros
122160 rows, 293641 cols, 726223 nonzeros
119744 rows, 160384 cols, 459221 nonzeros
116852 rows, 156474 cols, 451323 nonzeros
Presolve : Reductions: rows 116852(-3323449); columns 156474(-2146853); elements 451323(-10016255)
Solving the presolved LP
IPX model has 116852 rows, 156474 columns and 451323 nonzeros
Input
    Number of variables:                                156474
    Number of free variables:                           0
    Number of constraints:                              116852
    Number of equality constraints:                     18599
    Number of matrix entries:                           451323
    Matrix range:                                       [1e-02, 1e+00]
    RHS range:                                          [3e+05, 6e+07]
    Objective range:                                    [3e-04, 2e+06]
    Bounds range:                                       [9e+04, 9e+07]
Preprocessing
    Dualized model:                                     no
    Number of dense columns:                            0
    Range of scaling factors:                           [1.00e+00, 2.00e+00]
IPX version 1.0
Interior Point Solve
 Iter     P.res    D.res            P.obj           D.obj        mu     Time
   0   9.73e+06 2.23e+05   3.73013843e+13 -6.50611946e+16  2.59e+12       0s
   1   3.45e+06 1.76e+05   3.12305191e+16 -5.33672938e+16  1.98e+12       0s
   2   1.78e+06 1.50e+05   4.47143356e+16 -4.72575924e+16  1.93e+12       0s
   3   7.21e+05 4.23e+04   3.82936671e+16 -1.41593089e+16  6.17e+11       0s
   4   1.88e+05 1.38e+04   2.46768263e+16 -5.31332893e+15  2.21e+11       1s
   5   7.11e+04 1.93e+03   1.38708483e+16 -9.50194397e+14  6.66e+10       1s
   6   1.99e+04 3.93e+02   4.96692431e+15 -2.63270185e+14  2.06e+10       3s
 Constructing starting basis...
   7   9.29e+03 2.04e+02   2.56211850e+15 -1.50202943e+14  1.12e+10       4s
   8   2.96e+03 5.37e+01   1.18597010e+15 -6.26144757e+13  4.98e+09       5s
   9   1.18e+03 2.61e+01   5.56467272e+14 -3.55876157e+13  2.36e+09       5s
  10   4.02e+02 1.40e+01   2.32580411e+14 -2.06821446e+13  1.02e+09       6s
  11   1.40e+02 8.24e+00   9.67980242e+13 -1.25997597e+13  4.52e+08       6s
  12   5.58e+01 5.04e+00   4.84170440e+13 -8.03034482e+12  2.38e+08       7s
  13   2.30e+01 3.24e+00   2.65828426e+13 -5.36321200e+12  1.37e+08       7s
  14   3.28e+00 2.21e+00   9.91324257e+12 -3.77075291e+12  6.37e+07       8s
  15   6.66e-01 4.09e-01   2.82533580e+12 -7.31303140e+11  1.56e+07       8s
  16   2.45e-01 1.70e-01   1.20526643e+12 -3.08845867e+11  6.60e+06       9s
  17   1.08e-01 6.92e-02   6.85973331e+11 -1.31936131e+11  3.44e+06       9s
  18   3.11e-02 2.52e-02   3.03602271e+11 -5.03849642e+10  1.45e+06      10s
  19   1.15e-02 1.14e-02   1.80528199e+11 -2.38337478e+10  8.17e+05      10s
  20   4.66e-03 4.03e-03   8.97031437e+10 -7.20014938e+09  3.78e+05      11s
  21   2.56e-03 2.64e-03   5.97700734e+10 -4.06989516e+09  2.47e+05      11s
  22   1.73e-03 7.11e-04   4.61468979e+10  4.01760847e+08  1.74e+05      12s
  23   6.42e-04 3.74e-04   3.01615146e+10  1.16069440e+09  1.10e+05      12s
  24   2.86e-04 1.02e-04   1.77162253e+10  2.21211830e+09  5.86e+04      13s
  25   4.94e-05 3.85e-05   1.07912057e+10  2.41227113e+09  3.17e+04      13s
  26   1.19e-07 1.69e-05   5.72667989e+09  2.57562963e+09  1.19e+04      13s
  27   1.04e-07 6.01e-06   3.80394834e+09  2.73925873e+09  4.02e+03      14s
  28   4.47e-08 2.28e-06   3.25059851e+09  2.79925061e+09  1.70e+03      14s
  29   4.47e-08 8.95e-07   3.04615633e+09  2.82558974e+09  8.33e+02      15s
  30   7.45e-08 3.73e-07   2.93066108e+09  2.83532726e+09  3.60e+02      15s
  31   4.47e-08 1.03e-07   2.87795716e+09  2.84166625e+09  1.37e+02      16s
  32   8.35e-08 3.17e-08   2.85418180e+09  2.84367220e+09  3.97e+01      16s
  33   5.25e-08 6.75e-09   2.84665335e+09  2.84442061e+09  8.43e+00      16s
  34   8.94e-08 3.49e-09   2.84514816e+09  2.84451785e+09  2.38e+00      17s
  35   8.94e-08 9.31e-10   2.84469988e+09  2.84461561e+09  3.18e-01      17s
  36   1.04e-07 4.66e-10   2.84464906e+09  2.84463366e+09  5.81e-02      17s
  37   1.79e-07 4.66e-10   2.84463848e+09  2.84463659e+09  7.14e-03      18s
  38   5.96e-08 4.66e-10   2.84463725e+09  2.84463692e+09  1.25e-03      18s
  39   1.49e-07 4.66e-10   2.84463698e+09  2.84463696e+09  6.99e-05      18s
  40*  1.79e-07 2.33e-10   2.84463697e+09  2.84463697e+09  5.75e-06      18s
Summary
    Runtime:                                            18.45s
    Status interior point solve:                        optimal
    Status crossover:                                   not run
    objective value:                                    2.84463697e+09
    interior solution primal residual (abs/rel):        2.24e-07 / 2.45e-15
    interior solution dual residual (abs/rel):          2.33e-10 / 1.21e-16
    interior solution objective gap (abs/rel):          1.46e+00 / 5.12e-10
Ipx: IPM       optimal
Model   status      : Optimal
IPM       iterations: 40
Objective value     :  2.8446369716e+09
HiGHS run time      :         22.32
Running HiGHS 1.6.0: Copyright (c) 2023 HiGHS under MIT licence terms
Presolving model
167315 rows, 483341 cols, 1109162 nonzeros
126066 rows, 301664 cols, 747572 nonzeros
123689 rows, 166460 cols, 476773 nonzeros
120809 rows, 161755 cols, 467258 nonzeros
Presolve : Reductions: rows 120809(-3289691); columns 161755(-2141830); elements 467258(-9983815)
Solving the presolved LP
IPX model has 120809 rows, 161755 columns and 467258 nonzeros
Input
    Number of variables:                                161755
    Number of free variables:                           0
    Number of constraints:                              120809
    Number of equality constraints:                     18921
    Number of matrix entries:                           467258
    Matrix range:                                       [1e-02, 1e+00]
    RHS range:                                          [2e+05, 1e+08]
    Objective range:                                    [2e-04, 1e+06]
    Bounds range:                                       [5e+04, 1e+08]
Preprocessing
    Dualized model:                                     no
    Number of dense columns:                            0
    Range of scaling factors:                           [1.00e+00, 2.00e+00]
IPX version 1.0
Interior Point Solve
 Iter     P.res    D.res            P.obj           D.obj        mu     Time
   0   2.46e+07 1.46e+05   6.52927940e+13 -5.72370922e+16  4.14e+12       0s
   1   8.17e+06 1.13e+05   5.58196278e+16 -4.85692415e+16  2.97e+12       0s
   2   4.09e+06 9.55e+04   7.60840932e+16 -4.42317392e+16  2.80e+12       0s
   3   1.56e+06 2.29e+04   6.32672441e+16 -1.22659450e+16  8.03e+11       0s
   4   4.68e+05 7.01e+03   3.84537568e+16 -4.82207272e+15  2.82e+11       1s
   5   1.54e+05 1.20e+03   1.93475724e+16 -1.29904569e+15  8.90e+10       2s
 Constructing starting basis...
   6   3.57e+04 3.24e+02   6.23808572e+15 -5.02998570e+14  2.77e+10       3s
   7   2.05e+04 1.39e+02   4.48029166e+15 -3.25072586e+14  1.89e+10       4s
   8   9.02e+03 4.68e+01   2.60961795e+15 -1.68839850e+14  1.06e+10       4s
   9   3.76e+03 1.39e+01   1.76538376e+15 -1.14883464e+14  7.03e+09       5s
  10   1.62e+03 4.63e+00   1.21423235e+15 -7.42996529e+13  4.78e+09       5s
  11   7.46e+02 2.02e+00   8.49555517e+14 -4.56527553e+13  3.32e+09       6s
  12   3.60e+02 8.27e-01   6.09761995e+14 -2.04945664e+13  2.33e+09       6s
  13   2.22e+02 4.00e-01   4.87745696e+14 -4.24863291e+12  1.82e+09       7s
  14   8.26e+01 2.09e-01   2.37093843e+14  1.46264403e+13  8.28e+08       8s
  15   4.69e+01 7.53e-02   2.01269670e+14  2.17387478e+13  6.61e+08       9s
  16   1.56e+01 4.07e-02   1.02110561e+14  2.94639609e+13  2.70e+08       9s
  17   7.04e+00 1.85e-02   7.53868516e+13  3.39862188e+13  1.53e+08      10s
  18   5.38e+00 9.18e-03   6.73673261e+13  3.65169798e+13  1.13e+08      11s
  19   2.98e+00 4.45e-03   5.52186185e+13  3.78613151e+13  6.32e+07      12s
  20   1.55e+00 1.87e-03   4.82026841e+13  3.85504462e+13  3.50e+07      13s
  21   9.41e-01 7.94e-04   4.65321497e+13  3.86547888e+13  2.85e+07      13s
  22   7.39e-01 3.47e-04   4.59561125e+13  3.87118494e+13  2.61e+07      14s
  23   3.93e-01 1.46e-04   4.32152663e+13  3.89315818e+13  1.54e+07      15s
  24   1.87e-01 2.27e-05   4.20054311e+13  3.90067195e+13  1.08e+07      15s
  25   3.92e-02 7.54e-06   3.98613387e+13  3.91091394e+13  2.71e+06      16s
  26   1.01e-02 2.02e-06   3.93588074e+13  3.91526113e+13  7.42e+05      16s
  27   4.82e-03 6.63e-07   3.92690056e+13  3.91629724e+13  3.81e+05      17s
  28   1.10e-03 2.20e-07   3.92006253e+13  3.91666268e+13  1.22e+05      17s
  29   5.59e-04 8.17e-08   3.91871401e+13  3.91680565e+13  6.87e+04      18s
  30   2.98e-04 4.24e-08   3.91789254e+13  3.91685708e+13  3.73e+04      19s
  31   1.44e-04 2.05e-08   3.91741114e+13  3.91688539e+13  1.89e+04      19s
  32   5.59e-05 7.92e-09   3.91716769e+13  3.91689955e+13  9.65e+03      20s
  33   2.36e-05 3.73e-09   3.91704638e+13  3.91690634e+13  5.04e+03      20s
  34   1.35e-05 1.86e-09   3.91699963e+13  3.91691040e+13  3.21e+03      20s
  35   2.53e-06 6.98e-10   3.91695230e+13  3.91691284e+13  1.42e+03      21s
  36   7.83e-07 3.49e-10   3.91692894e+13  3.91691433e+13  5.26e+02      21s
  37   2.70e-07 2.33e-10   3.91692031e+13  3.91691500e+13  1.91e+02      22s
  38   1.49e-07 2.33e-10   3.91691791e+13  3.91691520e+13  9.75e+01      22s
  39   1.49e-07 2.33e-10   3.91691611e+13  3.91691525e+13  3.09e+01      23s
  40   2.09e-07 2.33e-10   3.91691541e+13  3.91691529e+13  4.46e+00      23s
  41   2.09e-07 4.66e-10   3.91691535e+13  3.91691531e+13  1.40e+00      23s
  42   1.79e-07 3.49e-10   3.91691531e+13  3.91691531e+13  1.67e-01      24s
  43*  1.79e-07 2.33e-10   3.91691531e+13  3.91691531e+13  5.58e-03      24s
Summary
    Runtime:                                            24.03s
    Status interior point solve:                        optimal
    Status crossover:                                   not run
    objective value:                                    3.91691531e+13
    interior solution primal residual (abs/rel):        1.34e-07 / 9.74e-16
    interior solution dual residual (abs/rel):          2.33e-10 / 1.78e-16
    interior solution objective gap (abs/rel):          1.59e+03 / 4.06e-11
Ipx: IPM       optimal
Model   status      : Optimal
IPM       iterations: 43
Objective value     :  3.9169152581e+13
HiGHS run time      :         27.24
Presolving model
167315 rows, 483341 cols, 1109162 nonzeros
126066 rows, 301664 cols, 747572 nonzeros
123689 rows, 166460 cols, 476773 nonzeros
120809 rows, 161755 cols, 467258 nonzeros
Presolve : Reductions: rows 120809(-3299711); columns 161755(-2141830); elements 467258(-9993835)
Solving the presolved LP
IPX model has 120809 rows, 161755 columns and 467258 nonzeros
Input
    Number of variables:                                161755
    Number of free variables:                           0
    Number of constraints:                              120809
    Number of equality constraints:                     18921
    Number of matrix entries:                           467258
    Matrix range:                                       [1e-02, 1e+00]
    RHS range:                                          [2e+05, 1e+08]
    Objective range:                                    [2e-04, 1e+06]
    Bounds range:                                       [5e+04, 1e+08]
Preprocessing
    Dualized model:                                     no
    Number of dense columns:                            0
    Range of scaling factors:                           [1.00e+00, 2.00e+00]
IPX version 1.0
Interior Point Solve
 Iter     P.res    D.res            P.obj           D.obj        mu     Time
   0   2.46e+07 1.50e+05   5.59917082e+13 -5.91339288e+16  4.24e+12       0s
   1   8.20e+06 1.17e+05   5.50910352e+16 -5.02448820e+16  3.06e+12       0s
   2   4.08e+06 9.80e+04   7.56681756e+16 -4.56875529e+16  2.89e+12       0s
   3   1.59e+06 2.37e+04   6.33601720e+16 -1.27657921e+16  8.33e+11       0s
   4   4.67e+05 7.36e+03   3.87927117e+16 -5.12097606e+15  2.94e+11       1s
   5   1.72e+05 1.49e+03   2.06490719e+16 -1.48885671e+15  9.94e+10       2s
 Constructing starting basis...
   6   4.98e+04 3.56e+02   7.60361212e+15 -5.15534612e+14  3.36e+10       3s
   7   1.15e+04 1.05e+02   2.46582859e+15 -2.14606948e+14  1.06e+10       3s
   8   4.26e+03 3.20e+01   1.31372426e+15 -1.01793078e+14  5.42e+09       4s
   9   1.21e+03 1.36e+01   4.08805682e+14 -4.38137110e+13  1.75e+09       5s
  10   5.34e+02 7.89e+00   2.15415626e+14 -2.77172581e+13  9.46e+08       5s
  11   1.28e+02 4.61e+00   7.71012777e+13 -1.72302299e+13  3.81e+08       6s
  12   6.49e+01 3.38e+00   5.67782231e+13 -1.33500438e+13  2.86e+08       6s
  13   2.53e+01 1.42e+00   2.73990428e+13 -5.95836903e+12  1.34e+08       7s
  14   1.12e+01 9.01e-01   1.52878644e+13 -3.92959685e+12  7.85e+07       8s
  15   5.96e-01 5.03e-01   3.76490381e+12 -2.28843445e+12  2.71e+07       8s
  16   9.83e-02 9.30e-02   8.00061647e+11 -4.27641420e+11  5.36e+06       9s
  17   5.00e-02 4.56e-02   5.46681304e+11 -2.16813648e+11  3.19e+06       9s
  18   2.17e-02 2.27e-02   3.25453713e+11 -1.10712851e+11  1.77e+06      10s
  19   1.61e-02 1.53e-02   3.05567265e+11 -7.85165003e+10  1.51e+06      10s
  20   1.13e-02 4.16e-03   2.39964321e+11 -2.21443782e+10  9.76e+05      11s
  21   6.36e-03 1.54e-03   1.95395864e+11 -1.14157649e+10  7.55e+05      11s
  22   3.19e-03 6.95e-04   1.03958720e+11 -3.41869846e+09  3.89e+05      12s
  23   1.61e-03 3.82e-04   6.56576249e+10 -1.03261882e+09  2.41e+05      12s
  24   1.17e-03 1.56e-04   5.43257515e+10  8.96331602e+08  1.93e+05      13s
  25   5.10e-04 7.86e-05   4.00369651e+10  1.41650439e+09  1.39e+05      13s
  26   1.41e-04 3.44e-05   1.66520448e+10  2.48833674e+09  5.10e+04      14s
  27   3.61e-05 1.20e-05   8.77737011e+09  3.10625891e+09  2.04e+04      14s
  28   1.38e-05 4.20e-06   5.90369560e+09  3.40742326e+09  8.98e+03      15s
  29   4.02e-06 2.15e-06   4.40827150e+09  3.49870682e+09  3.27e+03      15s
  30   1.22e-06 8.50e-07   3.91893109e+09  3.56051555e+09  1.29e+03      16s
  31   2.74e-07 3.10e-07   3.71601112e+09  3.58845650e+09  4.59e+02      16s
  32   2.38e-07 9.41e-08   3.63891433e+09  3.60132134e+09  1.35e+02      17s
  33   2.09e-07 2.84e-08   3.61656838e+09  3.60604305e+09  3.79e+01      17s
  34   8.94e-08 4.89e-09   3.60946391e+09  3.60775456e+09  6.15e+00      18s
  35   5.96e-08 1.16e-09   3.60891455e+09  3.60804724e+09  3.12e+00      18s
  36   1.49e-07 1.16e-09   3.60887746e+09  3.60805388e+09  2.96e+00      18s
  37   1.49e-07 3.49e-10   3.60821105e+09  3.60811559e+09  3.43e-01      19s
  38   2.38e-07 2.33e-10   3.60815258e+09  3.60812009e+09  1.17e-01      19s
  39   2.09e-07 2.33e-10   3.60814197e+09  3.60812083e+09  7.60e-02      19s
  40   1.49e-07 2.33e-10   3.60813616e+09  3.60812098e+09  5.46e-02      20s
  41   8.94e-08 2.33e-10   3.60812455e+09  3.60812114e+09  1.23e-02      20s
  42   1.49e-07 2.33e-10   3.60812135e+09  3.60812121e+09  5.29e-04      20s
  43   1.79e-07 3.49e-10   3.60812128e+09  3.60812122e+09  2.03e-04      20s
  44   6.85e-07 4.66e-10   3.60812123e+09  3.60812122e+09  1.47e-05      21s
  45*  5.96e-07 1.16e-10   3.60812122e+09  3.60812122e+09  2.38e-06      21s
Summary
    Runtime:                                            20.93s
    Status interior point solve:                        optimal
    Status crossover:                                   not run
    objective value:                                    3.60812122e+09
    interior solution primal residual (abs/rel):        5.36e-07 / 3.89e-15
    interior solution dual residual (abs/rel):          1.16e-10 / 8.90e-17
    interior solution objective gap (abs/rel):          6.05e-01 / 1.68e-10
Ipx: IPM       optimal
Model   status      : Optimal
IPM       iterations: 45
Objective value     :  3.6081212249e+09
HiGHS run time      :         24.60
Presolving model
167315 rows, 483341 cols, 1109162 nonzeros
126066 rows, 301664 cols, 747572 nonzeros
123689 rows, 166460 cols, 476773 nonzeros
120809 rows, 161755 cols, 467258 nonzeros
Presolve : Reductions: rows 120809(-3309731); columns 161755(-2141830); elements 467258(-10003855)
Solving the presolved LP
IPX model has 120809 rows, 161755 columns and 467258 nonzeros
Input
    Number of variables:                                161755
    Number of free variables:                           0
    Number of constraints:                              120809
    Number of equality constraints:                     18921
    Number of matrix entries:                           467258
    Matrix range:                                       [1e-02, 1e+00]
    RHS range:                                          [2e+05, 1e+08]
    Objective range:                                    [2e-04, 1e+06]
    Bounds range:                                       [5e+04, 1e+08]
Preprocessing
    Dualized model:                                     no
    Number of dense columns:                            0
    Range of scaling factors:                           [1.00e+00, 2.00e+00]
IPX version 1.0
Interior Point Solve
 Iter     P.res    D.res            P.obj           D.obj        mu     Time
   0   2.46e+07 1.50e+05   5.65511586e+13 -5.91450313e+16  4.24e+12       0s
   1   8.21e+06 1.17e+05   5.52226912e+16 -5.02484465e+16  3.07e+12       0s
   2   4.09e+06 9.82e+04   7.58265339e+16 -4.57139731e+16  2.89e+12       0s
   3   1.59e+06 2.37e+04   6.34780937e+16 -1.27612866e+16  8.33e+11       0s
   4   4.68e+05 7.34e+03   3.88830801e+16 -5.10476187e+15  2.93e+11       1s
   5   1.72e+05 1.47e+03   2.06690131e+16 -1.47884362e+15  9.92e+10       2s
 Constructing starting basis...
   6   4.97e+04 3.56e+02   7.58209564e+15 -5.16263395e+14  3.35e+10       3s
   7   1.13e+04 1.46e+02   2.45682968e+15 -2.64376185e+14  1.10e+10       3s
   8   3.30e+03 4.29e+01   1.20599398e+15 -1.17166973e+14  5.13e+09       4s
   9   1.18e+03 2.02e+01   4.66325558e+14 -5.49385394e+13  2.03e+09       5s
  10   5.36e+02 1.11e+01   2.39491233e+14 -3.28238777e+13  1.07e+09       5s
  11   1.49e+02 6.49e+00   9.06987813e+13 -2.01672412e+13  4.50e+08       6s
  12   7.16e+01 4.57e+00   6.64943168e+13 -1.51776008e+13  3.34e+08       6s
  13   2.55e+01 2.40e+00   2.90105865e+13 -8.24801154e+12  1.55e+08       7s
  14   1.07e+01 1.42e+00   1.63543509e+13 -5.09480647e+12  9.02e+07       7s
  15   5.82e-01 8.86e-01   5.26706472e+12 -3.29356768e+12  3.93e+07       8s
  16   6.78e-02 1.40e-01   1.07485660e+12 -5.43715099e+11  7.12e+06       8s
  17   2.68e-02 6.25e-02   5.91448327e+11 -2.50149551e+11  3.58e+06       9s
  18   1.36e-02 1.99e-02   3.69257166e+11 -8.29026430e+10  1.79e+06       9s
  19   5.02e-03 7.54e-03   2.74079277e+11 -3.77647037e+10  1.18e+06      10s
  20   1.11e-03 2.75e-03   1.35486495e+11 -1.51196429e+10  5.58e+05      10s
  21   5.82e-04 1.01e-03   8.33932744e+10 -4.18788036e+09  3.19e+05      11s
  22   2.95e-04 6.61e-04   4.85114624e+10 -1.77979209e+09  1.83e+05      11s
  23   1.59e-04 2.28e-04   3.66977547e+10  8.59945706e+08  1.29e+05      12s
  24   1.45e-05 1.00e-04   1.97182266e+10  1.83516035e+09  6.45e+04      12s
  25   6.29e-06 4.39e-05   1.13302371e+10  2.74310061e+09  3.09e+04      13s
  26   2.22e-06 1.28e-05   7.08375171e+09  3.25363966e+09  1.38e+04      14s
  27   8.37e-07 5.65e-06   5.09362706e+09  3.40320028e+09  6.08e+03      14s
  28   3.28e-07 2.36e-06   4.18373303e+09  3.48416528e+09  2.52e+03      14s
  29   1.79e-07 7.21e-07   3.81937466e+09  3.52568131e+09  1.06e+03      15s
  30   1.19e-07 2.38e-07   3.65509810e+09  3.53999480e+09  4.14e+02      15s
  31   1.49e-07 7.99e-08   3.57838965e+09  3.54566515e+09  1.18e+02      16s
  32   1.19e-07 3.02e-08   3.55675483e+09  3.54762325e+09  3.28e+01      16s
  33   1.49e-07 6.75e-09   3.54957452e+09  3.54857163e+09  3.61e+00      16s
  34   1.19e-07 1.16e-09   3.54898197e+09  3.54881288e+09  6.08e-01      17s
  35   1.19e-07 6.98e-10   3.54892920e+09  3.54883506e+09  3.39e-01      17s
  36   8.94e-08 4.66e-10   3.54892160e+09  3.54883727e+09  3.03e-01      17s
  37   1.49e-07 4.66e-10   3.54885315e+09  3.54884689e+09  2.25e-02      18s
  38   9.42e-08 2.33e-10   3.54884849e+09  3.54884795e+09  1.94e-03      18s
  39   2.68e-07 4.66e-10   3.54884810e+09  3.54884805e+09  1.55e-04      19s
  40*  1.79e-07 2.33e-10   3.54884808e+09  3.54884808e+09  1.19e-05      19s
Summary
    Runtime:                                            18.89s
    Status interior point solve:                        optimal
    Status crossover:                                   not run
    objective value:                                    3.54884808e+09
    interior solution primal residual (abs/rel):        1.49e-07 / 1.08e-15
    interior solution dual residual (abs/rel):          2.33e-10 / 1.78e-16
    interior solution objective gap (abs/rel):          3.25e+00 / 9.16e-10
Ipx: IPM       optimal
Model   status      : Optimal
IPM       iterations: 40
Objective value     :  3.5488480798e+09
HiGHS run time      :         22.56
Presolving model
167315 rows, 483341 cols, 1109162 nonzeros
126066 rows, 301664 cols, 747572 nonzeros
123689 rows, 166460 cols, 476773 nonzeros
120809 rows, 161755 cols, 467258 nonzeros
Presolve : Reductions: rows 120809(-3319751); columns 161755(-2141830); elements 467258(-10013875)
Solving the presolved LP
IPX model has 120809 rows, 161755 columns and 467258 nonzeros
Input
    Number of variables:                                161755
    Number of free variables:                           0
    Number of constraints:                              120809
    Number of equality constraints:                     18921
    Number of matrix entries:                           467258
    Matrix range:                                       [1e-02, 1e+00]
    RHS range:                                          [2e+05, 1e+08]
    Objective range:                                    [2e-04, 1e+06]
    Bounds range:                                       [5e+04, 1e+08]
Preprocessing
    Dualized model:                                     no
    Number of dense columns:                            0
    Range of scaling factors:                           [1.00e+00, 2.00e+00]
IPX version 1.0
Interior Point Solve
 Iter     P.res    D.res            P.obj           D.obj        mu     Time
   0   2.46e+07 1.50e+05   5.65586632e+13 -5.91447105e+16  4.24e+12       0s
   1   8.21e+06 1.17e+05   5.52225906e+16 -5.02471910e+16  3.07e+12       0s
   2   4.09e+06 9.82e+04   7.58269906e+16 -4.57129876e+16  2.89e+12       0s
   3   1.59e+06 2.37e+04   6.34769632e+16 -1.27607115e+16  8.33e+11       0s
   4   4.68e+05 7.34e+03   3.88847168e+16 -5.10406881e+15  2.93e+11       1s
   5   1.70e+05 1.47e+03   2.05374798e+16 -1.47886289e+15  9.86e+10       2s
 Constructing starting basis...
   6   4.89e+04 3.56e+02   7.52343910e+15 -5.15335749e+14  3.32e+10       3s
   7   1.11e+04 1.42e+02   2.54189948e+15 -2.67634014e+14  1.13e+10       3s
   8   3.46e+03 5.28e+01   1.23284636e+15 -1.30724953e+14  5.35e+09       4s
   9   1.15e+03 2.33e+01   4.61742666e+14 -5.82173984e+13  2.05e+09       5s
  10   5.38e+02 1.28e+01   2.47241059e+14 -3.48402674e+13  1.11e+09       5s
  11   1.47e+02 7.17e+00   8.98150242e+13 -2.05718695e+13  4.53e+08       6s
  12   6.68e+01 5.07e+00   6.46597879e+13 -1.55022861e+13  3.32e+08       6s
  13   2.38e+01 2.53e+00   2.93009617e+13 -8.07702958e+12  1.57e+08       7s
  14   9.08e+00 1.46e+00   1.62934027e+13 -4.89741905e+12  8.95e+07       7s
  15   9.09e-06 8.83e-01   4.60175218e+12 -3.09413075e+12  3.61e+07       8s
  16   1.77e-06 1.45e-01   1.23760837e+12 -5.24638171e+11  7.68e+06       8s
  17   7.75e-07 6.63e-02   7.19682114e+11 -2.49664317e+11  4.08e+06       9s
  18   3.58e-07 2.06e-02   3.95792449e+11 -8.13903148e+10  1.88e+06       9s
  19   1.49e-07 8.12e-03   3.03826799e+11 -3.95750556e+10  1.30e+06      10s
  20   1.79e-07 3.75e-03   1.74856485e+11 -2.03546396e+10  7.27e+05      10s
  21   1.79e-07 1.10e-03   8.55402746e+10 -4.29743085e+09  3.28e+05      11s
  22   1.79e-07 6.98e-04   5.25955807e+10 -1.85376655e+09  1.98e+05      11s
  23   2.09e-07 2.55e-04   4.07404321e+10  7.62612622e+08  1.44e+05      12s
  24   2.09e-07 1.05e-04   2.29270527e+10  1.86525714e+09  7.59e+04      13s
  25   1.79e-07 4.99e-05   1.30901113e+10  2.67138587e+09  3.75e+04      13s
  26   1.79e-07 1.38e-05   7.93104589e+09  3.23013180e+09  1.69e+04      14s
  27   1.49e-07 5.71e-06   5.38706015e+09  3.39505236e+09  7.17e+03      14s
  28   1.49e-07 2.68e-06   4.68605467e+09  3.45805004e+09  4.42e+03      15s
  29   2.68e-07 1.17e-06   3.91606036e+09  3.50303344e+09  1.49e+03      15s
  30   2.38e-07 3.43e-07   3.65761846e+09  3.52676695e+09  4.71e+02      15s
  31   1.79e-07 9.17e-08   3.57024453e+09  3.53649413e+09  1.21e+02      16s
  32   1.19e-07 2.48e-08   3.55018679e+09  3.53986050e+09  3.71e+01      16s
  33   1.49e-07 3.49e-09   3.54277465e+09  3.54098294e+09  6.44e+00      17s
  34   1.19e-07 9.31e-10   3.54154386e+09  3.54113164e+09  1.48e+00      17s
  35   1.19e-07 3.49e-10   3.54119532e+09  3.54116914e+09  9.42e-02      17s
  36   8.94e-08 2.33e-10   3.54118781e+09  3.54117160e+09  5.83e-02      18s
  37   1.19e-07 2.33e-10   3.54118738e+09  3.54117169e+09  5.65e-02      18s
  38   1.79e-07 2.33e-10   3.54117631e+09  3.54117262e+09  1.33e-02      18s
  39   2.09e-07 2.33e-10   3.54117486e+09  3.54117277e+09  7.55e-03      19s
  40   2.38e-07 4.66e-10   3.54117300e+09  3.54117289e+09  4.01e-04      19s
  41   2.09e-07 2.33e-10   3.54117292e+09  3.54117290e+09  4.99e-05      19s
  42*  3.58e-07 2.33e-10   3.54117291e+09  3.54117291e+09  2.26e-06      20s
Summary
    Runtime:                                            19.71s
    Status interior point solve:                        optimal
    Status crossover:                                   not run
    objective value:                                    3.54117291e+09
    interior solution primal residual (abs/rel):        4.32e-07 / 3.14e-15
    interior solution dual residual (abs/rel):          2.33e-10 / 1.78e-16
    interior solution objective gap (abs/rel):          6.06e-01 / 1.71e-10
Ipx: IPM       optimal
Model   status      : Optimal
IPM       iterations: 42
Objective value     :  3.5411729072e+09
HiGHS run time      :         23.42
Presolving model
167315 rows, 483341 cols, 1109162 nonzeros
126066 rows, 301664 cols, 747572 nonzeros
123689 rows, 166460 cols, 476773 nonzeros
120809 rows, 161755 cols, 467258 nonzeros
Presolve : Reductions: rows 120809(-3329771); columns 161755(-2141830); elements 467258(-10023895)
Solving the presolved LP
IPX model has 120809 rows, 161755 columns and 467258 nonzeros
Input
    Number of variables:                                161755
    Number of free variables:                           0
    Number of constraints:                              120809
    Number of equality constraints:                     18921
    Number of matrix entries:                           467258
    Matrix range:                                       [1e-02, 1e+00]
    RHS range:                                          [2e+05, 1e+08]
    Objective range:                                    [2e-04, 1e+06]
    Bounds range:                                       [5e+04, 1e+08]
Preprocessing
    Dualized model:                                     no
    Number of dense columns:                            0
    Range of scaling factors:                           [1.00e+00, 2.00e+00]
IPX version 1.0
Interior Point Solve
 Iter     P.res    D.res            P.obj           D.obj        mu     Time
   0   2.46e+07 1.50e+05   5.65586632e+13 -5.91447105e+16  4.24e+12       0s
   1   8.21e+06 1.17e+05   5.52225906e+16 -5.02471910e+16  3.07e+12       0s
   2   4.09e+06 9.82e+04   7.58269906e+16 -4.57129876e+16  2.89e+12       0s
   3   1.59e+06 2.37e+04   6.34769632e+16 -1.27607115e+16  8.33e+11       0s
   4   4.68e+05 7.34e+03   3.88847168e+16 -5.10406881e+15  2.93e+11       1s
   5   1.70e+05 1.47e+03   2.05374798e+16 -1.47886289e+15  9.86e+10       2s
 Constructing starting basis...
   6   4.89e+04 3.56e+02   7.52343910e+15 -5.15335749e+14  3.32e+10       3s
   7   1.11e+04 1.42e+02   2.54189948e+15 -2.67634014e+14  1.13e+10       3s
   8   3.46e+03 5.28e+01   1.23284636e+15 -1.30724953e+14  5.35e+09       4s
   9   1.15e+03 2.33e+01   4.61742666e+14 -5.82173984e+13  2.05e+09       5s
  10   5.38e+02 1.28e+01   2.47241059e+14 -3.48402674e+13  1.11e+09       5s
  11   1.47e+02 7.17e+00   8.98150242e+13 -2.05718695e+13  4.53e+08       6s
  12   6.68e+01 5.07e+00   6.46597879e+13 -1.55022861e+13  3.32e+08       6s
  13   2.38e+01 2.53e+00   2.93009617e+13 -8.07702958e+12  1.57e+08       7s
  14   9.08e+00 1.46e+00   1.62934027e+13 -4.89741905e+12  8.95e+07       7s
  15   9.09e-06 8.83e-01   4.60175218e+12 -3.09413075e+12  3.61e+07       8s
  16   1.77e-06 1.45e-01   1.23760837e+12 -5.24638171e+11  7.68e+06       8s
  17   7.75e-07 6.63e-02   7.19682114e+11 -2.49664317e+11  4.08e+06       9s
  18   3.58e-07 2.06e-02   3.95792449e+11 -8.13903148e+10  1.88e+06       9s
  19   1.49e-07 8.12e-03   3.03826799e+11 -3.95750556e+10  1.30e+06      10s
  20   1.79e-07 3.75e-03   1.74856485e+11 -2.03546396e+10  7.27e+05      10s
  21   1.79e-07 1.10e-03   8.55402746e+10 -4.29743085e+09  3.28e+05      11s
  22   1.79e-07 6.98e-04   5.25955807e+10 -1.85376655e+09  1.98e+05      11s
  23   2.09e-07 2.55e-04   4.07404321e+10  7.62612622e+08  1.44e+05      12s
  24   2.09e-07 1.05e-04   2.29270527e+10  1.86525714e+09  7.59e+04      12s
  25   1.79e-07 4.99e-05   1.30901113e+10  2.67138587e+09  3.75e+04      13s
  26   1.79e-07 1.38e-05   7.93104589e+09  3.23013180e+09  1.69e+04      14s
  27   1.49e-07 5.71e-06   5.38706015e+09  3.39505236e+09  7.17e+03      14s
  28   1.49e-07 2.68e-06   4.68605467e+09  3.45805004e+09  4.42e+03      15s
  29   2.68e-07 1.17e-06   3.91606036e+09  3.50303344e+09  1.49e+03      15s
  30   2.38e-07 3.43e-07   3.65761846e+09  3.52676695e+09  4.71e+02      15s
  31   1.79e-07 9.17e-08   3.57024453e+09  3.53649413e+09  1.21e+02      16s
  32   1.19e-07 2.48e-08   3.55018679e+09  3.53986050e+09  3.71e+01      16s
  33   1.49e-07 3.49e-09   3.54277465e+09  3.54098294e+09  6.44e+00      17s
  34   1.19e-07 9.31e-10   3.54154386e+09  3.54113164e+09  1.48e+00      17s
  35   1.19e-07 3.49e-10   3.54119532e+09  3.54116914e+09  9.42e-02      17s
  36   8.94e-08 2.33e-10   3.54118781e+09  3.54117160e+09  5.83e-02      18s
  37   1.19e-07 2.33e-10   3.54118738e+09  3.54117169e+09  5.65e-02      18s
  38   1.79e-07 2.33e-10   3.54117631e+09  3.54117262e+09  1.33e-02      18s
  39   2.09e-07 2.33e-10   3.54117486e+09  3.54117277e+09  7.55e-03      19s
  40   2.38e-07 4.66e-10   3.54117300e+09  3.54117289e+09  4.01e-04      19s
  41   2.09e-07 2.33e-10   3.54117292e+09  3.54117290e+09  4.99e-05      19s
  42*  3.58e-07 2.33e-10   3.54117291e+09  3.54117291e+09  2.26e-06      20s
Summary
    Runtime:                                            19.63s
    Status interior point solve:                        optimal
    Status crossover:                                   not run
    objective value:                                    3.54117291e+09
    interior solution primal residual (abs/rel):        4.32e-07 / 3.14e-15
    interior solution dual residual (abs/rel):          2.33e-10 / 1.78e-16
    interior solution objective gap (abs/rel):          6.06e-01 / 1.71e-10
Ipx: IPM       optimal
Model   status      : Optimal
IPM       iterations: 42
Objective value     :  3.5411729072e+09
HiGHS run time      :         23.39
[ Info: Rolling step not specified in scenaio.yaml file; Setting it to 5 years
[ Info: Demand-pathway mapping not specified in scenaio.yaml file; SERA will not look for eligible pathways for different demand types.
[ Info: Production capacity constraints from the grid model not defined. SERA will not create these constraints
[ Info: Regional technology limits not specified in scenaio.yaml file; SERA will not create these constraints
STARTING DATA PRE-PROCESSING 
Processing Temporal Data
Processing Nodes
Processing Demand
Processing Existings
Processing Links
Processing Pathways
Creating Infrastructure options
 22.716794 seconds (131.77 M allocations: 15.387 GiB, 34.90% gc time, 0.38% compilation time)

OPTIMIZING FROM 2026 TO 2030 

STARTING OPTIMIZATION MODEL CREATION
CREATING VARIABLES AND EXPRESSIONS
 29.158391 seconds (182.59 M allocations: 11.358 GiB, 51.75% gc time, 31.98% compilation time)
POPULATING EXPRESSIONS
 16.245196 seconds (75.76 M allocations: 11.668 GiB, 8.17% gc time, 1.13% compilation time)
CREATING CONSTRAINTS
 52.173602 seconds (111.92 M allocations: 6.102 GiB, 76.50% gc time, 9.04% compilation time)
POPULATED CORE OPTIMIZATION MODEL, STARTING ITERATIONS
READING COST DATA FOR ITERATION 1
 28.270433 seconds (80.65 M allocations: 7.787 GiB, 36.85% gc time, 1.48% compilation time)
CREATING EXPRESSIONS FOR CAPITAL AND FIXED COST
 32.726410 seconds (43.84 M allocations: 2.732 GiB, 86.33% gc time, 4.47% compilation time)
BUILDING OBJECTIVE FUNCTION
  7.783659 seconds (27.40 M allocations: 909.901 MiB, 58.08% gc time, 10.51% compilation time)
Optimizing for iteration 1
 69.196000 seconds (37.38 M allocations: 3.367 GiB, 55.30% gc time, 0.05% compilation time)
OPTIMAL
1.0891668353056166e9
 =  1.0
READING COST DATA FOR ITERATION 2
192.421499 seconds (65.13 M allocations: 7.428 GiB, 26.20% gc time, 0.02% compilation time)
CREATING EXPRESSIONS FOR CAPITAL AND FIXED COST
 26.485996 seconds (42.17 M allocations: 2.623 GiB, 89.32% gc time, 0.02% compilation time)
BUILDING OBJECTIVE FUNCTION
  7.167693 seconds (26.73 M allocations: 892.633 MiB, 66.33% gc time)
Optimizing for iteration 2
 19.866603 seconds (5 allocations: 32 bytes)
OPTIMAL
1.7501237137325609e9
 =  0.37766294647667425
READING COST DATA FOR ITERATION 3
193.146704 seconds (64.97 M allocations: 7.395 GiB, 26.70% gc time)
CREATING EXPRESSIONS FOR CAPITAL AND FIXED COST
 27.448786 seconds (42.17 M allocations: 2.623 GiB, 88.67% gc time)
BUILDING OBJECTIVE FUNCTION
  7.209978 seconds (26.73 M allocations: 892.633 MiB, 67.00% gc time)
Optimizing for iteration 3
 18.266850 seconds (2 allocations: 32 bytes)
OPTIMAL
1.5135944977852004e9
 =  0.1562698703605598
READING COST DATA FOR ITERATION 4
193.928040 seconds (64.98 M allocations: 7.451 GiB, 27.07% gc time)
CREATING EXPRESSIONS FOR CAPITAL AND FIXED COST
 27.579398 seconds (42.17 M allocations: 2.623 GiB, 88.89% gc time)
BUILDING OBJECTIVE FUNCTION
  7.520897 seconds (26.73 M allocations: 892.633 MiB, 66.21% gc time)
Optimizing for iteration 4
 18.438874 seconds (2 allocations: 32 bytes)
OPTIMAL
1.5135944971736717e9
 =  4.0407764330803677e-10
ITERATIONS COMPLETED
WRITING RESULTS TO FILE
  6.572372 seconds (9.98 M allocations: 434.191 MiB, 77.85% gc time, 9.53% compilation time)

OPTIMIZING FROM 2031 TO 2035 

STARTING OPTIMIZATION MODEL CREATION
CREATING VARIABLES AND EXPRESSIONS
194.054359 seconds (173.63 M allocations: 10.788 GiB, 94.67% gc time, 0.13% compilation time)
POPULATING EXPRESSIONS
 23.322440 seconds (75.58 M allocations: 11.657 GiB, 36.52% gc time)
CREATING CONSTRAINTS
 78.188961 seconds (109.20 M allocations: 5.924 GiB, 86.02% gc time)
POPULATED CORE OPTIMIZATION MODEL, STARTING ITERATIONS
READING COST DATA FOR ITERATION 1
 94.310264 seconds (64.86 M allocations: 7.432 GiB, 81.76% gc time)
CREATING EXPRESSIONS FOR CAPITAL AND FIXED COST
 37.233893 seconds (42.14 M allocations: 2.623 GiB, 92.78% gc time)
BUILDING OBJECTIVE FUNCTION
  9.706017 seconds (26.73 M allocations: 862.042 MiB, 75.98% gc time)
Optimizing for iteration 1
100.035854 seconds (37.37 M allocations: 3.366 GiB, 65.66% gc time)
OPTIMAL
3.97448967656544e13
 =  1.0
READING COST DATA FOR ITERATION 2
228.382971 seconds (65.04 M allocations: 7.444 GiB, 38.12% gc time)
CREATING EXPRESSIONS FOR CAPITAL AND FIXED COST
 41.360223 seconds (42.17 M allocations: 2.623 GiB, 93.22% gc time)
BUILDING OBJECTIVE FUNCTION
 10.159727 seconds (26.73 M allocations: 892.648 MiB, 76.23% gc time)
Optimizing for iteration 2
 22.981362 seconds (5 allocations: 32 bytes)
OPTIMAL
2.9874133913916016e9
 =  13303.116825671932
READING COST DATA FOR ITERATION 3
229.899194 seconds (65.03 M allocations: 7.507 GiB, 38.49% gc time)
CREATING EXPRESSIONS FOR CAPITAL AND FIXED COST
 42.414594 seconds (42.17 M allocations: 2.623 GiB, 93.08% gc time)
BUILDING OBJECTIVE FUNCTION
 10.209576 seconds (26.73 M allocations: 896.036 MiB, 76.77% gc time)
Optimizing for iteration 3
 21.406135 seconds (2 allocations: 32 bytes)
OPTIMAL
2.8452964252583294e9
 =  0.04994803524577067
READING COST DATA FOR ITERATION 4
230.465480 seconds (65.03 M allocations: 7.396 GiB, 38.84% gc time)
CREATING EXPRESSIONS FOR CAPITAL AND FIXED COST
 42.460285 seconds (42.17 M allocations: 2.623 GiB, 93.08% gc time)
BUILDING OBJECTIVE FUNCTION
 10.516604 seconds (26.73 M allocations: 892.648 MiB, 75.95% gc time)
Optimizing for iteration 4
 22.348604 seconds (2 allocations: 32 bytes)
OPTIMAL
2.8446369715886116e9
 =  0.0002318234898792751
ITERATIONS COMPLETED
WRITING RESULTS TO FILE
 18.431475 seconds (17.64 M allocations: 773.975 MiB, 87.10% gc time, 45.28% compilation time)

OPTIMIZING FROM 2036 TO 2040 

STARTING OPTIMIZATION MODEL CREATION
CREATING VARIABLES AND EXPRESSIONS
289.033414 seconds (173.37 M allocations: 10.737 GiB, 96.55% gc time)
POPULATING EXPRESSIONS
 18.268262 seconds (75.59 M allocations: 11.660 GiB, 17.85% gc time)
CREATING CONSTRAINTS
 90.405672 seconds (109.20 M allocations: 5.926 GiB, 87.57% gc time, 0.01% compilation time)
POPULATED CORE OPTIMIZATION MODEL, STARTING ITERATIONS
READING COST DATA FOR ITERATION 1
 99.042147 seconds (64.86 M allocations: 7.390 GiB, 82.65% gc time)
CREATING EXPRESSIONS FOR CAPITAL AND FIXED COST
 39.655049 seconds (42.28 M allocations: 2.628 GiB, 92.39% gc time, 0.15% compilation time)
BUILDING OBJECTIVE FUNCTION
 10.534475 seconds (26.73 M allocations: 862.058 MiB, 75.78% gc time)
Optimizing for iteration 1
113.981321 seconds (38.71 M allocations: 3.387 GiB, 67.45% gc time)
OPTIMAL
3.916915258052968e13
 =  1.0
READING COST DATA FOR ITERATION 2
225.171853 seconds (65.08 M allocations: 7.397 GiB, 37.29% gc time)
CREATING EXPRESSIONS FOR CAPITAL AND FIXED COST
 35.475596 seconds (42.28 M allocations: 2.626 GiB, 91.58% gc time)
BUILDING OBJECTIVE FUNCTION
  3.544553 seconds (26.73 M allocations: 892.666 MiB, 23.87% gc time)
Optimizing for iteration 2
 24.644412 seconds (5 allocations: 32 bytes)
OPTIMAL
3.6081212249239287e9
 =  10854.830538607768
READING COST DATA FOR ITERATION 3
233.397880 seconds (65.07 M allocations: 7.492 GiB, 39.66% gc time)
CREATING EXPRESSIONS FOR CAPITAL AND FIXED COST
 44.119364 seconds (42.28 M allocations: 2.626 GiB, 92.95% gc time)
BUILDING OBJECTIVE FUNCTION
 11.063968 seconds (26.73 M allocations: 896.053 MiB, 76.21% gc time)
Optimizing for iteration 3
 22.589209 seconds (2 allocations: 32 bytes)
OPTIMAL
3.5488480798190107e9
 =  0.016702080160064595
READING COST DATA FOR ITERATION 4
234.960804 seconds (65.07 M allocations: 7.396 GiB, 40.02% gc time)
CREATING EXPRESSIONS FOR CAPITAL AND FIXED COST
 44.430544 seconds (42.28 M allocations: 2.626 GiB, 93.02% gc time)
BUILDING OBJECTIVE FUNCTION
 10.874726 seconds (26.73 M allocations: 894.924 MiB, 77.22% gc time)
Optimizing for iteration 4
 23.450542 seconds (2 allocations: 32 bytes)
OPTIMAL
3.541172907178626e9
 =  0.0021674097370350297
READING COST DATA FOR ITERATION 5
235.402908 seconds (65.07 M allocations: 7.396 GiB, 39.97% gc time)
CREATING EXPRESSIONS FOR CAPITAL AND FIXED COST
 44.707494 seconds (42.28 M allocations: 2.626 GiB, 93.04% gc time)
BUILDING OBJECTIVE FUNCTION
 11.191237 seconds (26.73 M allocations: 894.924 MiB, 76.54% gc time)
Optimizing for iteration 5
 23.424529 seconds (2 allocations: 32 bytes)
OPTIMAL
3.541172907178626e9
 =  0.0
ITERATIONS COMPLETED
WRITING RESULTS TO FILE
 19.379380 seconds (23.71 M allocations: 997.753 MiB, 87.14% gc time)

THE OPTIMIZATION PROBLEM TOOK 74.68 MINUTES TO SOLVE. 
