Running HiGHS 1.6.0: Copyright (c) 2023 HiGHS under MIT licence terms
Presolving model
46572 rows, 210771 cols, 476186 nonzeros
45568 rows, 53932 cols, 151247 nonzeros
45211 rows, 53491 cols, 150449 nonzeros
Presolve : Reductions: rows 45211(-1291801); columns 53491(-687571); elements 150449(-3461014)
Solving the presolved LP
IPX model has 45211 rows, 53491 columns and 150449 nonzeros
Input
    Number of variables:                                53491
    Number of free variables:                           0
    Number of constraints:                              45211
    Number of equality constraints:                     8816
    Number of matrix entries:                           150449
    Matrix range:                                       [1e-02, 1e+00]
    RHS range:                                          [2e+05, 1e+08]
    Objective range:                                    [2e-04, 2e+01]
    Bounds range:                                       [2e+05, 1e+08]
Preprocessing
    Dualized model:                                     no
    Number of dense columns:                            0
    Range of scaling factors:                           [1.00e+00, 2.00e+00]
IPX version 1.0
Interior Point Solve
 Iter     P.res    D.res            P.obj           D.obj        mu     Time
   0   2.24e+07 3.84e+00   2.54434539e+09 -5.09174435e+12  1.30e+08       0s
   1   3.85e+06 1.69e+00   4.33362124e+11 -2.60768809e+12  4.61e+07       0s
   2   2.07e+06 1.55e+00   5.69050792e+11 -2.46699941e+12  4.45e+07       0s
   3   8.71e+05 2.93e-01   4.35157971e+11 -4.54289840e+11  1.09e+07       0s
   4   3.53e+05 7.59e-02   2.24094957e+11 -1.32511442e+11  3.79e+06       0s
   5   1.14e+05 1.39e-02   9.42001575e+10 -3.44287662e+10  1.23e+06       0s
 Constructing starting basis...
   6   4.25e+04 6.73e-03   4.21642585e+10 -1.69172354e+10  5.81e+05       1s
   7   8.48e+03 1.96e-03   1.91210365e+10 -3.85978471e+09  2.14e+05       1s
   8   4.80e+03 9.26e-04   1.55972386e+10  1.20745888e+09  1.32e+05       1s
   9   3.86e+03 8.21e-04   1.52087719e+10  1.57975310e+09  1.24e+05       1s
  10   8.01e+02 3.06e-04   1.07536342e+10  4.74467372e+09  5.37e+04       2s
  11   5.21e+02 1.61e-04   1.01261202e+10  5.71927304e+09  3.92e+04       2s
  12   3.60e+02 7.89e-05   9.50409500e+09  6.55570679e+09  2.62e+04       2s
  13   2.38e+02 2.90e-05   9.10030854e+09  6.92691555e+09  1.92e+04       3s
  14   1.35e+02 1.29e-05   8.54452825e+09  7.23553751e+09  1.16e+04       3s
  15   7.75e+01 8.81e-06   8.22396732e+09  7.31196491e+09  8.05e+03       3s
  16   4.18e+01 5.25e-06   8.00024026e+09  7.39691614e+09  5.32e+03       3s
  17   2.00e+01 3.07e-06   7.85293284e+09  7.45513206e+09  3.50e+03       3s
  18   9.77e+00 1.69e-06   7.75554657e+09  7.50556459e+09  2.20e+03       4s
  19   2.63e+00 9.57e-07   7.68425484e+09  7.53384420e+09  1.32e+03       4s
  20   1.27e+00 4.07e-07   7.65069575e+09  7.56635322e+09  7.41e+02       4s
  21   4.20e-01 2.71e-07   7.63268296e+09  7.57359259e+09  5.19e+02       4s
  22   1.79e-01 1.83e-07   7.61933170e+09  7.58060867e+09  3.40e+02       4s
  23   7.99e-02 1.02e-07   7.61240271e+09  7.58760793e+09  2.18e+02       4s
  24   5.11e-02 3.97e-08   7.60888974e+09  7.59415078e+09  1.29e+02       4s
  25   2.08e-02 2.00e-08   7.60558287e+09  7.59607585e+09  8.35e+01       4s
  26   4.48e-03 7.59e-09   7.60274635e+09  7.59768417e+09  4.45e+01       4s
  27   1.77e-03 4.88e-09   7.60140046e+09  7.59828298e+09  2.74e+01       4s
  28   1.09e-07 9.50e-10   7.60034165e+09  7.59921545e+09  9.89e+00       5s
  29   1.47e-07 1.07e-14   7.59995715e+09  7.59963328e+09  2.84e+00       5s
  30   1.23e-07 7.11e-15   7.59979650e+09  7.59966144e+09  1.19e+00       5s
  31   1.75e-07 1.07e-14   7.59974703e+09  7.59972188e+09  2.21e-01       5s
  32   8.38e-08 7.11e-15   7.59973452e+09  7.59972355e+09  9.64e-02       5s
  33   9.62e-08 7.11e-15   7.59972782e+09  7.59972651e+09  1.15e-02       5s
  34   8.82e-08 5.33e-15   7.59972680e+09  7.59972668e+09  1.09e-03       5s
  35   1.08e-07 7.11e-15   7.59972674e+09  7.59972671e+09  2.88e-04       5s
  36*  7.08e-08 7.11e-15   7.59972673e+09  7.59972672e+09  5.29e-05       5s
Summary
    Runtime:                                            4.96s
    Status interior point solve:                        optimal
    Status crossover:                                   not run
    objective value:                                    7.59972673e+09
    interior solution primal residual (abs/rel):        1.34e-07 / 9.19e-16
    interior solution dual residual (abs/rel):          1.19e-10 / 5.08e-12
    interior solution objective gap (abs/rel):          6.02e+00 / 7.92e-10
Ipx: IPM       optimal
Model   status      : Optimal
IPM       iterations: 36
Objective value     :  7.6034707949e+09
HiGHS run time      :          5.97
Presolving model
46572 rows, 210771 cols, 476186 nonzeros
45568 rows, 53932 cols, 151247 nonzeros
45211 rows, 53491 cols, 150449 nonzeros
Presolve : Reductions: rows 45211(-1291801); columns 53491(-687571); elements 150449(-3461014)
Solving the presolved LP
IPX model has 45211 rows, 53491 columns and 150449 nonzeros
Input
    Number of variables:                                53491
    Number of free variables:                           0
    Number of constraints:                              45211
    Number of equality constraints:                     8816
    Number of matrix entries:                           150449
    Matrix range:                                       [1e-02, 1e+00]
    RHS range:                                          [2e+05, 1e+08]
    Objective range:                                    [2e-04, 9e+05]
    Bounds range:                                       [2e+05, 1e+08]
Preprocessing
    Dualized model:                                     no
    Number of dense columns:                            0
    Range of scaling factors:                           [1.00e+00, 2.00e+00]
IPX version 1.0
Interior Point Solve
 Iter     P.res    D.res            P.obj           D.obj        mu     Time
   0   2.26e+07 1.59e+05   5.03169650e+13 -2.13618657e+17  5.38e+12       0s
   1   5.23e+06 9.79e+04   1.08659747e+16 -1.44946833e+17  2.64e+12       0s
   2   3.13e+06 7.82e+04   1.46915469e+16 -1.27584044e+17  2.40e+12       0s
   3   1.20e+06 1.92e+04   1.10277846e+16 -3.26399859e+16  6.54e+11       0s
   4   3.82e+05 4.13e+03   6.09660862e+15 -7.83754302e+15  1.79e+11       0s
   5   9.22e+04 1.60e+03   2.66751518e+15 -3.93470626e+15  7.65e+10       0s
 Constructing starting basis...
   6   1.63e+04 3.31e+02   7.23410012e+14 -1.00906577e+15  1.99e+10       1s
   7   4.67e+03 1.20e+02   2.70710820e+14 -4.61516197e+14  8.21e+09       1s
   8   1.12e+03 4.06e+01   7.89518651e+13 -2.03115378e+14  3.13e+09       1s
   9   4.51e+02 1.23e+01   4.08381936e+13 -5.80482828e+13  1.07e+09       2s
  10   8.29e+01 3.64e+00   1.48218371e+13 -2.17035853e+13  3.86e+08       2s
  11   7.38e+00 8.84e-01   4.65171062e+12 -7.23630131e+12  1.22e+08       2s
  12   2.04e+00 1.53e-01   1.68499058e+12 -1.25485072e+12  2.86e+07       2s
  13   6.08e-01 2.58e-02   7.81411631e+11 -3.91380391e+11  1.08e+07       2s
  14   2.68e-01 8.20e-03   4.20504474e+11 -1.57610329e+11  5.26e+06       2s
  15   1.19e-01 2.89e-03   2.20460151e+11 -6.28787353e+10  2.55e+06       3s
  16   7.90e-02 9.58e-04   1.63327013e+11 -2.48838447e+10  1.67e+06       3s
  17   4.74e-02 5.38e-04   1.11431878e+11 -1.40442347e+10  1.11e+06       3s
  18   2.88e-02 2.32e-04   7.99621557e+10 -5.84237748e+09  7.57e+05       3s
  19   1.86e-02 1.02e-04   6.07185377e+10 -1.23413931e+09  5.46e+05       3s
  20   1.29e-02 3.33e-05   4.92250615e+10  1.70129782e+09  4.18e+05       3s
  21   9.86e-03 1.56e-05   4.09132742e+10  4.22193069e+09  3.23e+05       3s
  22   5.70e-03 3.49e-10   3.11919368e+10  5.24065647e+09  2.28e+05       4s
  23   1.54e-03 3.49e-10   1.66694675e+10  7.26075422e+09  8.27e+04       4s
  24   7.69e-04 3.49e-10   1.28543846e+10  7.70340496e+09  4.52e+04       4s
  25   2.10e-04 3.49e-10   1.07439348e+10  7.94351520e+09  2.46e+04       4s
  26   1.07e-04 3.49e-10   9.75940556e+09  8.27567656e+09  1.30e+04       4s
  27   3.72e-05 3.49e-10   9.04362930e+09  8.45276119e+09  5.19e+03       4s
  28   1.09e-05 3.49e-10   8.75873495e+09  8.52631747e+09  2.04e+03       5s
  29   3.84e-06 2.33e-10   8.65653372e+09  8.55945805e+09  8.53e+02       5s
  30   1.31e-06 2.33e-10   8.61999955e+09  8.57222470e+09  4.20e+02       5s
  31   3.87e-07 3.49e-10   8.60070551e+09  8.58054918e+09  1.77e+02       5s
  32   1.19e-07 3.49e-10   8.59177843e+09  8.58459644e+09  6.31e+01       5s
  33   2.83e-07 2.33e-10   8.58899360e+09  8.58668691e+09  2.03e+01       5s
  34   2.83e-07 2.33e-10   8.58787030e+09  8.58723980e+09  5.54e+00       5s
  35   2.38e-07 3.49e-10   8.58756010e+09  8.58742700e+09  1.17e+00       5s
  36   2.38e-07 3.49e-10   8.58751379e+09  8.58749462e+09  1.68e-01       5s
  37   1.49e-07 4.66e-10   8.58750203e+09  8.58750028e+09  1.54e-02       6s
  38   3.87e-07 3.49e-10   8.58750121e+09  8.58750092e+09  2.53e-03       6s
  39   1.97e-06 3.49e-10   8.58750106e+09  8.58750103e+09  2.24e-04       6s
  40*  1.21e-06 3.49e-10   8.58750105e+09  8.58750105e+09  2.83e-05       6s
Summary
    Runtime:                                            5.76s
    Status interior point solve:                        optimal
    Status crossover:                                   not run
    objective value:                                    8.58750105e+09
    interior solution primal residual (abs/rel):        1.92e-06 / 1.32e-14
    interior solution dual residual (abs/rel):          3.49e-10 / 3.88e-16
    interior solution objective gap (abs/rel):          3.43e+00 / 4.00e-10
Ipx: IPM       optimal
Model   status      : Optimal
IPM       iterations: 40
Objective value     :  8.5930982681e+09
HiGHS run time      :          6.70
Presolving model
46572 rows, 210771 cols, 476186 nonzeros
45568 rows, 53932 cols, 151247 nonzeros
45211 rows, 53491 cols, 150449 nonzeros
Presolve : Reductions: rows 45211(-1291801); columns 53491(-687571); elements 150449(-3461014)
Solving the presolved LP
IPX model has 45211 rows, 53491 columns and 150449 nonzeros
Input
    Number of variables:                                53491
    Number of free variables:                           0
    Number of constraints:                              45211
    Number of equality constraints:                     8816
    Number of matrix entries:                           150449
    Matrix range:                                       [1e-02, 1e+00]
    RHS range:                                          [2e+05, 1e+08]
    Objective range:                                    [2e-04, 9e+05]
    Bounds range:                                       [2e+05, 1e+08]
Preprocessing
    Dualized model:                                     no
    Number of dense columns:                            0
    Range of scaling factors:                           [1.00e+00, 2.00e+00]
IPX version 1.0
Interior Point Solve
 Iter     P.res    D.res            P.obj           D.obj        mu     Time
   0   2.26e+07 1.56e+05   7.93587790e+13 -2.10027174e+17  5.31e+12       0s
   1   5.74e+06 9.62e+04   1.27008661e+16 -1.42260718e+17  2.63e+12       0s
   2   3.61e+06 7.85e+04   1.67885244e+16 -1.26634222e+17  2.40e+12       0s
   3   1.25e+06 1.64e+04   1.26600348e+16 -2.86949353e+16  5.91e+11       0s
   4   3.95e+05 3.97e+03   6.59582730e+15 -7.51033091e+15  1.74e+11       0s
   5   1.06e+05 1.31e+03   2.57095942e+15 -2.98331330e+15  6.19e+10       0s
 Constructing starting basis...
   6   1.56e+04 3.25e+02   6.86884812e+14 -9.28785810e+14  1.80e+10       1s
   7   2.46e+03 8.93e+01   1.91624026e+14 -3.43567670e+14  5.77e+09       1s
   8   4.34e+02 3.71e+01   9.74724390e+13 -1.73145491e+14  2.92e+09       1s
   9   9.86e+01 9.80e+00   5.41109131e+13 -5.91002697e+13  1.16e+09       2s
  10   2.86e+01 2.44e+00   2.89719965e+13 -2.26168775e+13  5.06e+08       2s
  11   9.89e+00 1.79e+00   1.39809522e+13 -1.75365863e+13  3.24e+08       2s
  12   2.11e+00 1.22e-01   6.53037265e+12 -3.23766173e+12  8.96e+07       2s
  13   8.37e-01 3.64e-02   3.41317565e+12 -1.33749065e+12  4.33e+07       2s
  14   2.89e-01 1.10e-02   1.64896247e+12 -5.82639269e+11  2.03e+07       2s
  15   1.54e-02 1.68e-03   4.25831223e+11 -1.85576147e+11  5.49e+06       2s
  16   7.07e-03 7.62e-04   2.89176072e+11 -1.09566578e+11  3.56e+06       3s
  17   3.56e-03 4.07e-04   1.92359794e+11 -6.81621923e+10  2.31e+06       3s
  18   2.20e-03 1.68e-04   1.48919464e+11 -3.73051926e+10  1.64e+06       3s
  19   1.27e-03 5.37e-05   1.10855840e+11 -1.81859977e+10  1.14e+06       3s
  20   5.30e-04 1.26e-05   5.76155772e+10 -1.90063701e+09  5.23e+05       3s
  21   1.35e-04 3.34e-06   3.13418532e+10  1.07997556e+09  2.66e+05       3s
  22   2.98e-05 1.33e-06   1.64038543e+10  3.73235939e+09  1.11e+05       3s
  23   9.30e-06 6.14e-07   1.17592234e+10  5.13945380e+09  5.81e+04       3s
  24   3.87e-06 2.80e-07   9.48612233e+09  6.10384059e+09  2.97e+04       4s
  25   1.67e-06 9.03e-08   8.30130125e+09  6.76068896e+09  1.35e+04       4s
  26   7.15e-07 2.91e-08   7.73068736e+09  7.00559785e+09  6.37e+03       4s
  27   3.58e-07 1.14e-08   7.44466779e+09  7.10090854e+09  3.02e+03       4s
  28   2.38e-07 3.73e-09   7.27294735e+09  7.14135086e+09  1.16e+03       4s
  29   1.64e-07 1.40e-09   7.22271065e+09  7.15937697e+09  5.56e+02       4s
  30   2.68e-07 5.82e-10   7.19371043e+09  7.16650538e+09  2.39e+02       4s
  31   1.34e-07 3.49e-10   7.18272356e+09  7.17037797e+09  1.08e+02       5s
  32   1.79e-07 3.49e-10   7.17735680e+09  7.17256700e+09  4.21e+01       5s
  33   1.19e-07 3.49e-10   7.17506965e+09  7.17369377e+09  1.21e+01       5s
  34   2.24e-07 3.49e-10   7.17430484e+09  7.17396449e+09  2.99e+00       5s
  35   1.20e-07 3.49e-10   7.17415970e+09  7.17411862e+09  3.61e-01       5s
  36   1.12e-07 3.49e-10   7.17413906e+09  7.17413320e+09  5.14e-02       5s
  37   1.64e-07 3.49e-10   7.17413670e+09  7.17413613e+09  4.95e-03       5s
  38   8.05e-07 2.33e-10   7.17413650e+09  7.17413646e+09  3.62e-04       5s
  39*  3.80e-06 3.49e-10   7.17413648e+09  7.17413648e+09  4.26e-05       5s
Summary
    Runtime:                                            5.22s
    Status interior point solve:                        optimal
    Status crossover:                                   not run
    objective value:                                    7.17413648e+09
    interior solution primal residual (abs/rel):        4.10e-06 / 2.81e-14
    interior solution dual residual (abs/rel):          3.49e-10 / 3.88e-16
    interior solution objective gap (abs/rel):          4.44e+00 / 6.19e-10
Ipx: IPM       optimal
Model   status      : Optimal
IPM       iterations: 39
Objective value     :  7.1797337013e+09
HiGHS run time      :          6.14
Presolving model
46572 rows, 210771 cols, 476186 nonzeros
45568 rows, 53932 cols, 151247 nonzeros
45211 rows, 53491 cols, 150449 nonzeros
Presolve : Reductions: rows 45211(-1291801); columns 53491(-687571); elements 150449(-3461014)
Solving the presolved LP
IPX model has 45211 rows, 53491 columns and 150449 nonzeros
Input
    Number of variables:                                53491
    Number of free variables:                           0
    Number of constraints:                              45211
    Number of equality constraints:                     8816
    Number of matrix entries:                           150449
    Matrix range:                                       [1e-02, 1e+00]
    RHS range:                                          [2e+05, 1e+08]
    Objective range:                                    [2e-04, 9e+05]
    Bounds range:                                       [2e+05, 1e+08]
Preprocessing
    Dualized model:                                     no
    Number of dense columns:                            0
    Range of scaling factors:                           [1.00e+00, 2.00e+00]
IPX version 1.0
Interior Point Solve
 Iter     P.res    D.res            P.obj           D.obj        mu     Time
   0   2.26e+07 1.56e+05   8.70617585e+13 -2.10064107e+17  5.32e+12       0s
   1   5.79e+06 9.63e+04   1.30635112e+16 -1.42271540e+17  2.64e+12       0s
   2   3.61e+06 7.79e+04   1.72839537e+16 -1.26060922e+17  2.39e+12       0s
   3   1.29e+06 1.63e+04   1.30837871e+16 -2.86028463e+16  5.94e+11       0s
   4   3.94e+05 3.95e+03   6.70186890e+15 -7.52722880e+15  1.75e+11       0s
   5   1.01e+05 1.29e+03   2.52624739e+15 -2.94475394e+15  6.05e+10       0s
 Constructing starting basis...
   6   1.81e+04 3.59e+02   7.43116745e+14 -9.83275704e+14  1.93e+10       1s
   7   2.79e+03 1.04e+02   1.99267875e+14 -3.69983915e+14  6.19e+09       1s
   8   4.84e+02 4.22e+01   1.04221953e+14 -1.83641138e+14  3.11e+09       1s
   9   1.13e+02 1.19e+01   5.59976203e+13 -6.42812445e+13  1.25e+09       2s
  10   3.29e+01 3.18e+00   3.16393188e+13 -2.60846069e+13  5.72e+08       2s
  11   9.47e+00 1.84e+00   1.37560450e+13 -1.65006217e+13  3.10e+08       2s
  12   1.74e+00 1.28e-01   6.56151362e+12 -3.38332489e+12  9.11e+07       2s
  13   5.95e-01 3.62e-02   3.11015813e+12 -1.29979919e+12  4.03e+07       2s
  14   2.11e-01 1.06e-02   1.52643224e+12 -5.36745693e+11  1.87e+07       2s
  15   2.40e-02 1.93e-03   4.66779499e+11 -1.80916225e+11  5.82e+06       2s
  16   8.19e-03 8.08e-04   2.76171915e+11 -1.02861517e+11  3.38e+06       3s
  17   4.43e-03 4.25e-04   1.90516336e+11 -6.30595798e+10  2.25e+06       3s
  18   2.89e-03 2.22e-04   1.40670405e+11 -3.57644185e+10  1.56e+06       3s
  19   1.61e-03 1.64e-04   1.21788088e+11 -3.18667505e+10  1.36e+06       3s
  20   9.49e-04 2.74e-05   8.42961048e+10 -5.61939528e+09  7.91e+05       3s
  21   3.07e-04 8.53e-06   3.82679632e+10  8.88273275e+08  3.28e+05       3s
  22   1.31e-04 2.20e-06   2.36583730e+10  3.97412797e+09  1.73e+05       3s
  23   4.30e-05 8.60e-07   1.35885830e+10  5.43945810e+09  7.16e+04       3s
  24   1.65e-05 4.30e-07   1.00105024e+10  6.06519003e+09  3.46e+04       4s
  25   8.23e-06 1.31e-07   8.65469491e+09  6.61478542e+09  1.79e+04       4s
  26   4.29e-06 4.37e-08   7.93687707e+09  6.81444007e+09  9.86e+03       4s
  27   2.29e-06 1.55e-08   7.51430238e+09  6.90958172e+09  5.31e+03       4s
  28   6.26e-07 5.70e-09   7.15379823e+09  6.94760543e+09  1.81e+03       4s
  29   2.68e-07 2.33e-09   7.06319715e+09  6.96721742e+09  8.43e+02       4s
  30   2.46e-07 1.16e-09   7.01702249e+09  6.97468974e+09  3.72e+02       4s
  31   1.49e-07 6.98e-10   6.99490886e+09  6.97978284e+09  1.33e+02       5s
  32   1.49e-07 4.66e-10   6.98907404e+09  6.98251514e+09  5.76e+01       5s
  33   2.68e-07 3.49e-10   6.98580219e+09  6.98393650e+09  1.64e+01       5s
  34   2.68e-07 3.49e-10   6.98486636e+09  6.98448346e+09  3.36e+00       5s
  35   2.53e-07 3.49e-10   6.98468743e+09  6.98463741e+09  4.39e-01       5s
  36   6.71e-08 3.49e-10   6.98467661e+09  6.98466279e+09  1.21e-01       5s
  37   2.98e-07 3.49e-10   6.98466989e+09  6.98466843e+09  1.28e-02       5s
  38   5.07e-07 3.49e-10   6.98466955e+09  6.98466930e+09  2.21e-03       5s
  39   1.13e-06 3.49e-10   6.98466939e+09  6.98466935e+09  3.25e-04       5s
  40*  1.80e-06 3.49e-10   6.98466938e+09  6.98466938e+09  4.68e-05       5s
Summary
    Runtime:                                            5.31s
    Status interior point solve:                        optimal
    Status crossover:                                   not run
    objective value:                                    6.98466938e+09
    interior solution primal residual (abs/rel):        4.71e-06 / 3.23e-14
    interior solution dual residual (abs/rel):          3.49e-10 / 3.88e-16
    interior solution objective gap (abs/rel):          5.51e+00 / 7.89e-10
Ipx: IPM       optimal
Model   status      : Optimal
IPM       iterations: 40
Objective value     :  6.9902666001e+09
HiGHS run time      :          6.21
Presolving model
46572 rows, 210771 cols, 476186 nonzeros
45568 rows, 53932 cols, 151247 nonzeros
45211 rows, 53491 cols, 150449 nonzeros
Presolve : Reductions: rows 45211(-1291801); columns 53491(-687571); elements 150449(-3461014)
Solving the presolved LP
IPX model has 45211 rows, 53491 columns and 150449 nonzeros
Input
    Number of variables:                                53491
    Number of free variables:                           0
    Number of constraints:                              45211
    Number of equality constraints:                     8816
    Number of matrix entries:                           150449
    Matrix range:                                       [1e-02, 1e+00]
    RHS range:                                          [2e+05, 1e+08]
    Objective range:                                    [2e-04, 9e+05]
    Bounds range:                                       [2e+05, 1e+08]
Preprocessing
    Dualized model:                                     no
    Number of dense columns:                            0
    Range of scaling factors:                           [1.00e+00, 2.00e+00]
IPX version 1.0
Interior Point Solve
 Iter     P.res    D.res            P.obj           D.obj        mu     Time
   0   2.26e+07 1.56e+05   8.96979759e+13 -2.10077019e+17  5.32e+12       0s
   1   5.81e+06 9.63e+04   1.31770127e+16 -1.42269033e+17  2.64e+12       0s
   2   3.61e+06 7.77e+04   1.74399474e+16 -1.25869821e+17  2.38e+12       0s
   3   1.30e+06 1.62e+04   1.32170926e+16 -2.85707050e+16  5.95e+11       0s
   4   3.96e+05 3.94e+03   6.74506989e+15 -7.52172538e+15  1.75e+11       0s
   5   1.02e+05 1.29e+03   2.54594572e+15 -2.93250984e+15  6.05e+10       0s
 Constructing starting basis...
   6   1.41e+04 3.80e+02   6.59351780e+14 -1.02329709e+15  1.90e+10       1s
   7   2.33e+03 9.87e+01   2.09473584e+14 -3.63532453e+14  6.17e+09       1s
   8   3.83e+02 3.90e+01   9.64202684e+13 -1.76610838e+14  2.93e+09       1s
   9   9.16e+01 1.09e+01   5.54959431e+13 -6.15438753e+13  1.21e+09       2s
  10   2.48e+01 3.52e+00   2.99849707e+13 -2.75549913e+13  5.78e+08       2s
  11   6.67e+00 1.90e+00   1.23855472e+13 -1.60947178e+13  2.94e+08       2s
  12   2.30e+00 4.62e-01   8.35997007e+12 -6.25745388e+12  1.42e+08       2s
  13   1.03e+00 6.19e-02   4.12436311e+12 -9.53720558e+11  4.64e+07       2s
  14   4.49e-01 3.19e-02   2.08747363e+12 -5.88645065e+11  2.46e+07       2s
  15   1.66e-01 4.30e-03   1.08024837e+12 -2.22634706e+11  1.16e+07       2s
  16   8.09e-02 1.47e-03   6.05347633e+11 -1.03118729e+11  6.29e+06       3s
  17   4.00e-02 9.44e-04   3.45354902e+11 -7.32006500e+10  3.72e+06       3s
  18   2.43e-02 4.77e-04   2.66371698e+11 -5.47628205e+10  2.84e+06       3s
  19   1.50e-02 3.03e-04   2.16431402e+11 -4.67839414e+10  2.33e+06       3s
  20   4.04e-03 1.36e-04   1.01285273e+11 -2.60074540e+10  1.12e+06       3s
  21   1.60e-03 4.85e-05   5.95626028e+10 -9.82097037e+09  6.11e+05       3s
  22   7.00e-04 1.55e-05   3.26895793e+10  3.32654835e+08  2.84e+05       3s
  23   1.90e-04 7.38e-06   1.72192638e+10  2.99097112e+09  1.25e+05       3s
  24   4.69e-05 3.28e-06   1.17788700e+10  4.61158711e+09  6.30e+04       4s
  25   1.84e-05 9.32e-07   9.41981696e+09  6.00806929e+09  3.00e+04       4s
  26   4.20e-06 2.87e-07   7.72245261e+09  6.55136428e+09  1.03e+04       4s
  27   1.10e-06 9.49e-08   7.19984190e+09  6.76492981e+09  3.82e+03       4s
  28   5.07e-07 3.81e-08   7.06800406e+09  6.84259004e+09  1.98e+03       4s
  29   2.38e-07 1.50e-08   6.99154106e+09  6.87947250e+09  9.84e+02       4s
  30   1.30e-07 8.03e-09   6.94812868e+09  6.89294999e+09  4.85e+02       4s
  31   3.13e-07 3.03e-09   6.92371836e+09  6.90326771e+09  1.80e+02       5s
  32   5.96e-08 1.40e-09   6.91582479e+09  6.90805790e+09  6.82e+01       5s
  33   1.79e-07 6.98e-10   6.91269063e+09  6.91028882e+09  2.11e+01       5s
  34   2.83e-07 4.66e-10   6.91185959e+09  6.91129536e+09  4.96e+00       5s
  35   1.19e-07 3.49e-10   6.91162059e+09  6.91153676e+09  7.36e-01       5s
  36   2.68e-07 3.49e-10   6.91160230e+09  6.91157787e+09  2.15e-01       5s
  37   1.34e-07 3.49e-10   6.91158950e+09  6.91158517e+09  3.81e-02       5s
  38   2.09e-07 3.49e-10   6.91158671e+09  6.91158614e+09  5.02e-03       5s
  39   1.49e-06 3.49e-10   6.91158634e+09  6.91158627e+09  6.30e-04       5s
  40   2.89e-06 3.49e-10   6.91158631e+09  6.91158630e+09  7.51e-05       5s
  41*  1.21e-06 2.33e-10   6.91158631e+09  6.91158631e+09  9.11e-06       5s
Summary
    Runtime:                                            5.39s
    Status interior point solve:                        optimal
    Status crossover:                                   not run
    objective value:                                    6.91158631e+09
    interior solution primal residual (abs/rel):        1.33e-06 / 9.08e-15
    interior solution dual residual (abs/rel):          2.33e-10 / 2.59e-16
    interior solution objective gap (abs/rel):          7.48e-01 / 1.08e-10
Ipx: IPM       optimal
Model   status      : Optimal
IPM       iterations: 41
Objective value     :  6.9171835258e+09
HiGHS run time      :          6.29
Presolving model
46572 rows, 210771 cols, 476186 nonzeros
45568 rows, 53932 cols, 151247 nonzeros
45211 rows, 53491 cols, 150449 nonzeros
Presolve : Reductions: rows 45211(-1291801); columns 53491(-687571); elements 150449(-3461014)
Solving the presolved LP
IPX model has 45211 rows, 53491 columns and 150449 nonzeros
Input
    Number of variables:                                53491
    Number of free variables:                           0
    Number of constraints:                              45211
    Number of equality constraints:                     8816
    Number of matrix entries:                           150449
    Matrix range:                                       [1e-02, 1e+00]
    RHS range:                                          [2e+05, 1e+08]
    Objective range:                                    [2e-04, 9e+05]
    Bounds range:                                       [2e+05, 1e+08]
Preprocessing
    Dualized model:                                     no
    Number of dense columns:                            0
    Range of scaling factors:                           [1.00e+00, 2.00e+00]
IPX version 1.0
Interior Point Solve
 Iter     P.res    D.res            P.obj           D.obj        mu     Time
   0   2.26e+07 1.56e+05   8.98122129e+13 -2.10076021e+17  5.32e+12       0s
   1   5.81e+06 9.62e+04   1.31859732e+16 -1.42260422e+17  2.64e+12       0s
   2   3.61e+06 7.77e+04   1.74500167e+16 -1.25866912e+17  2.38e+12       0s
   3   1.30e+06 1.63e+04   1.32210413e+16 -2.85744208e+16  5.95e+11       0s
   4   3.91e+05 3.93e+03   6.70393655e+15 -7.46929116e+15  1.74e+11       0s
   5   1.01e+05 1.28e+03   2.54139302e+15 -2.91278208e+15  6.01e+10       0s
 Constructing starting basis...
   6   1.31e+04 3.75e+02   6.39442108e+14 -1.01181303e+15  1.86e+10       1s
   7   2.08e+03 8.53e+01   2.14176540e+14 -3.38708214e+14  5.85e+09       1s
   8   3.36e+02 3.37e+01   8.85624937e+13 -1.63942776e+14  2.69e+09       1s
   9   8.53e+01 1.02e+01   5.38840303e+13 -6.02333408e+13  1.17e+09       2s
  10   2.41e+01 3.33e+00   2.88766376e+13 -2.63901878e+13  5.55e+08       2s
  11   6.33e+00 1.87e+00   1.23815577e+13 -1.63263821e+13  2.98e+08       2s
  12   1.46e+00 1.15e-01   6.64915819e+12 -3.17789474e+12  8.97e+07       2s
  13   7.24e-01 3.04e-02   3.78848136e+12 -1.08483304e+12  4.39e+07       2s
  14   2.84e-01 9.49e-03   1.82336552e+12 -4.71549475e+11  2.06e+07       2s
  15   2.53e-02 2.65e-03   5.73106666e+11 -2.35663398e+11  7.32e+06       2s
  16   1.41e-02 1.22e-03   3.65889674e+11 -1.20189234e+11  4.35e+06       3s
  17   8.05e-03 7.53e-04   2.61884330e+11 -8.55058378e+10  3.10e+06       3s
  18   6.72e-03 4.11e-04   2.31887233e+11 -5.40224340e+10  2.54e+06       3s
  19   4.53e-03 2.56e-04   1.83580288e+11 -4.01734138e+10  1.98e+06       3s
  20   2.87e-03 5.06e-05   1.46449657e+11 -2.10538784e+10  1.47e+06       3s
  21   8.55e-04 1.42e-05   7.00209329e+10 -7.88303880e+09  6.85e+05       3s
  22   2.57e-04 2.92e-06   3.15736970e+10  1.53085998e+09  2.64e+05       3s
  23   6.54e-05 1.32e-06   1.65445008e+10  3.55905515e+09  1.14e+05       3s
  24   1.98e-05 6.14e-07   1.13072974e+10  4.87725276e+09  5.65e+04       3s
  25   8.61e-06 2.19e-07   9.16613320e+09  5.91517032e+09  2.86e+04       4s
  26   1.61e-06 5.56e-08   7.41927630e+09  6.47371625e+09  8.30e+03       4s
  27   4.47e-07 1.71e-08   7.06312658e+09  6.63504928e+09  3.76e+03       4s
  28   2.38e-07 6.98e-09   6.93110069e+09  6.70310115e+09  2.00e+03       4s
  29   1.34e-07 2.79e-09   6.84339996e+09  6.73705151e+09  9.34e+02       4s
  30   2.68e-07 1.40e-09   6.80020621e+09  6.75083159e+09  4.34e+02       4s
  31   9.69e-08 6.98e-10   6.77641764e+09  6.75878829e+09  1.55e+02       4s
  32   1.08e-07 4.66e-10   6.76900518e+09  6.76237254e+09  5.82e+01       5s
  33   1.94e-07 3.49e-10   6.76627487e+09  6.76438986e+09  1.66e+01       5s
  34   1.64e-07 3.49e-10   6.76556879e+09  6.76530647e+09  2.30e+00       5s
  35   1.34e-07 3.49e-10   6.76545730e+09  6.76541184e+09  3.99e-01       5s
  36   2.05e-07 3.49e-10   6.76544234e+09  6.76543933e+09  2.64e-02       5s
  37   3.13e-07 3.49e-10   6.76544116e+09  6.76544088e+09  2.44e-03       5s
  38   7.30e-07 3.49e-10   6.76544100e+09  6.76544095e+09  4.41e-04       5s
  39   9.09e-07 3.49e-10   6.76544097e+09  6.76544096e+09  7.81e-05       5s
  40*  3.11e-06 3.49e-10   6.76544096e+09  6.76544096e+09  2.21e-05       5s
Summary
    Runtime:                                            5.17s
    Status interior point solve:                        optimal
    Status crossover:                                   not run
    objective value:                                    6.76544096e+09
    interior solution primal residual (abs/rel):        3.86e-06 / 2.64e-14
    interior solution dual residual (abs/rel):          3.49e-10 / 3.88e-16
    interior solution objective gap (abs/rel):          2.33e+00 / 3.44e-10
Ipx: IPM       optimal
Model   status      : Optimal
IPM       iterations: 40
Objective value     :  6.7710381820e+09
HiGHS run time      :          6.07
Presolving model
46572 rows, 210771 cols, 476186 nonzeros
45568 rows, 53932 cols, 151247 nonzeros
45211 rows, 53491 cols, 150449 nonzeros
Presolve : Reductions: rows 45211(-1291801); columns 53491(-687571); elements 150449(-3461014)
Solving the presolved LP
IPX model has 45211 rows, 53491 columns and 150449 nonzeros
Input
    Number of variables:                                53491
    Number of free variables:                           0
    Number of constraints:                              45211
    Number of equality constraints:                     8816
    Number of matrix entries:                           150449
    Matrix range:                                       [1e-02, 1e+00]
    RHS range:                                          [2e+05, 1e+08]
    Objective range:                                    [2e-04, 9e+05]
    Bounds range:                                       [2e+05, 1e+08]
Preprocessing
    Dualized model:                                     no
    Number of dense columns:                            0
    Range of scaling factors:                           [1.00e+00, 2.00e+00]
IPX version 1.0
Interior Point Solve
 Iter     P.res    D.res            P.obj           D.obj        mu     Time
   0   2.26e+07 1.56e+05   8.98851423e+13 -2.10074441e+17  5.32e+12       0s
   1   5.81e+06 9.62e+04   1.31927426e+16 -1.42245474e+17  2.64e+12       0s
   2   3.61e+06 7.77e+04   1.74572975e+16 -1.25860814e+17  2.38e+12       0s
   3   1.29e+06 1.63e+04   1.32148737e+16 -2.85637979e+16  5.94e+11       0s
   4   3.95e+05 3.94e+03   6.76074951e+15 -7.51218110e+15  1.75e+11       0s
   5   1.02e+05 1.28e+03   2.55447812e+15 -2.92282995e+15  6.04e+10       0s
 Constructing starting basis...
   6   1.66e+04 3.78e+02   7.13915070e+14 -1.01959610e+15  1.95e+10       1s
   7   2.90e+03 1.03e+02   2.19172784e+14 -3.70144762e+14  6.35e+09       1s
   8   4.98e+02 4.41e+01   1.00228068e+14 -1.90751009e+14  3.15e+09       1s
   9   1.40e+02 1.43e+01   6.78899890e+13 -7.82380882e+13  1.52e+09       2s
  10   5.20e+01 6.30e+00   3.83608396e+13 -3.89915010e+13  7.99e+08       2s
  11   1.39e+01 3.18e+00   1.75478805e+13 -2.20418245e+13  4.17e+08       2s
  12   7.41e+00 1.98e+00   1.33101654e+13 -1.54755743e+13  3.03e+08       2s
  13   1.41e+00 1.22e-01   5.89899770e+12 -2.70741145e+12  7.92e+07       2s
  14   6.04e-01 2.85e-02   3.06345968e+12 -8.86428794e+11  3.57e+07       2s
  15   2.34e-01 9.61e-03   1.53083784e+12 -4.25920429e+11  1.77e+07       2s
  16   4.03e-02 2.73e-03   4.45411716e+11 -1.64905411e+11  5.50e+06       3s
  17   1.94e-02 1.57e-03   3.09234899e+11 -1.15556750e+11  3.82e+06       3s
  18   1.13e-02 7.69e-04   2.03236303e+11 -6.03644652e+10  2.35e+06       3s
  19   7.38e-03 4.12e-04   1.62918853e+11 -4.10867048e+10  1.81e+06       3s
  20   3.80e-03 2.80e-04   1.19674723e+11 -3.23634410e+10  1.35e+06       3s
  21   9.13e-04 8.29e-05   6.71804427e+10 -1.43213021e+10  7.18e+05       3s
  22   2.59e-04 2.46e-05   3.80715722e+10 -3.88985095e+09  3.69e+05       3s
  23   9.97e-05 8.58e-06   2.11209911e+10  2.11207555e+09  1.67e+05       3s
  24   2.98e-05 3.80e-06   1.26500426e+10  4.22369676e+09  7.40e+04       4s
  25   9.98e-06 2.17e-06   9.26379557e+09  5.14597402e+09  3.62e+04       4s
  26   3.70e-06 5.59e-07   7.84676717e+09  6.20468008e+09  1.44e+04       4s
  27   2.09e-06 2.03e-07   7.39179073e+09  6.48857729e+09  7.93e+03       4s
  28   1.10e-06 7.47e-08   7.09144496e+09  6.60442898e+09  4.28e+03       4s
  29   5.07e-07 2.97e-08   6.89267479e+09  6.65207467e+09  2.11e+03       4s
  30   2.09e-07 9.20e-09   6.78295534e+09  6.67587872e+09  9.40e+02       4s
  31   1.64e-07 3.96e-09   6.72695383e+09  6.68474867e+09  3.71e+02       5s
  32   2.24e-07 1.51e-09   6.70525583e+09  6.69117630e+09  1.24e+02       5s
  33   1.68e-07 6.98e-10   6.69854929e+09  6.69388430e+09  4.10e+01       5s
  34   2.27e-07 4.66e-10   6.69668556e+09  6.69513710e+09  1.36e+01       5s
  35   2.24e-07 3.49e-10   6.69607332e+09  6.69588781e+09  1.63e+00       5s
  36   1.22e-07 3.49e-10   6.69597817e+09  6.69594562e+09  2.86e-01       5s
  37   1.27e-07 3.49e-10   6.69595868e+09  6.69595414e+09  3.99e-02       5s
  38   1.19e-07 3.49e-10   6.69595639e+09  6.69595558e+09  7.13e-03       5s
  39   4.62e-07 4.66e-10   6.69595591e+09  6.69595568e+09  2.00e-03       5s
  40   1.65e-06 3.49e-10   6.69595574e+09  6.69595571e+09  2.61e-04       5s
  41*  1.62e-06 3.49e-10   6.69595571e+09  6.69595571e+09  1.83e-05       5s
Summary
    Runtime:                                            5.40s
    Status interior point solve:                        optimal
    Status crossover:                                   not run
    objective value:                                    6.69595571e+09
    interior solution primal residual (abs/rel):        2.37e-06 / 1.62e-14
    interior solution dual residual (abs/rel):          3.49e-10 / 3.88e-16
    interior solution objective gap (abs/rel):          1.67e+00 / 2.49e-10
Ipx: IPM       optimal
Model   status      : Optimal
IPM       iterations: 41
Objective value     :  6.7015529322e+09
HiGHS run time      :          6.30
Presolving model
46572 rows, 210771 cols, 476186 nonzeros
45568 rows, 53932 cols, 151247 nonzeros
45211 rows, 53491 cols, 150449 nonzeros
Presolve : Reductions: rows 45211(-1291801); columns 53491(-687571); elements 150449(-3461014)
Solving the presolved LP
IPX model has 45211 rows, 53491 columns and 150449 nonzeros
Input
    Number of variables:                                53491
    Number of free variables:                           0
    Number of constraints:                              45211
    Number of equality constraints:                     8816
    Number of matrix entries:                           150449
    Matrix range:                                       [1e-02, 1e+00]
    RHS range:                                          [2e+05, 1e+08]
    Objective range:                                    [2e-04, 9e+05]
    Bounds range:                                       [2e+05, 1e+08]
Preprocessing
    Dualized model:                                     no
    Number of dense columns:                            0
    Range of scaling factors:                           [1.00e+00, 2.00e+00]
IPX version 1.0
Interior Point Solve
 Iter     P.res    D.res            P.obj           D.obj        mu     Time
   0   2.26e+07 1.56e+05   8.98851424e+13 -2.10074441e+17  5.32e+12       0s
   1   5.81e+06 9.62e+04   1.31927426e+16 -1.42245474e+17  2.64e+12       0s
   2   3.61e+06 7.77e+04   1.74572976e+16 -1.25860813e+17  2.38e+12       0s
   3   1.29e+06 1.63e+04   1.32148739e+16 -2.85637981e+16  5.94e+11       0s
   4   3.95e+05 3.94e+03   6.76074926e+15 -7.51218092e+15  1.75e+11       0s
   5   1.02e+05 1.28e+03   2.55447815e+15 -2.92282968e+15  6.04e+10       0s
 Constructing starting basis...
   6   1.41e+04 3.76e+02   6.59997982e+14 -1.01520486e+15  1.89e+10       1s
   7   2.38e+03 9.69e+01   2.12186927e+14 -3.59518947e+14  6.13e+09       1s
   8   3.81e+02 4.32e+01   9.48115479e+13 -1.88875462e+14  3.08e+09       1s
   9   1.07e+02 1.37e+01   6.55923768e+13 -7.57422696e+13  1.47e+09       2s
  10   4.11e+01 6.07e+00   3.72484528e+13 -3.75809474e+13  7.71e+08       2s
  11   1.05e+01 3.32e+00   1.75442577e+13 -2.31772747e+13  4.32e+08       2s
  12   5.33e+00 1.53e+00   1.37961227e+13 -1.35649644e+13  2.82e+08       2s
  13   1.30e+00 8.27e-02   6.46009388e+12 -2.47478287e+12  8.11e+07       2s
  14   5.34e-01 2.29e-02   3.26095908e+12 -9.55052051e+11  3.80e+07       2s
  15   2.03e-01 8.46e-03   1.67928673e+12 -5.04615183e+11  1.98e+07       2s
  16   2.16e-02 1.95e-03   4.45594015e+11 -1.83483493e+11  5.67e+06       3s
  17   9.01e-03 9.19e-04   2.91621973e+11 -1.11112303e+11  3.60e+06       3s
  18   5.38e-03 5.58e-04   2.08193730e+11 -7.42814189e+10  2.51e+06       3s
  19   3.45e-03 2.84e-04   1.64528620e+11 -4.66998105e+10  1.87e+06       3s
  20   1.76e-03 2.01e-04   1.17262140e+11 -3.66174842e+10  1.36e+06       3s
  21   6.31e-04 5.50e-05   7.09546307e+10 -1.36981458e+10  7.45e+05       3s
  22   2.39e-04 1.52e-05   3.47391816e+10 -4.71179411e+08  3.09e+05       3s
  23   6.88e-05 5.44e-06   1.84369595e+10  3.01273956e+09  1.35e+05       3s
  24   1.63e-05 2.29e-06   1.19790118e+10  4.51189060e+09  6.56e+04       4s
  25   6.32e-06 7.82e-07   9.27385931e+09  5.72662925e+09  3.12e+04       4s
  26   2.18e-06 2.04e-07   7.73083556e+09  6.35568968e+09  1.21e+04       4s
  27   7.15e-07 6.85e-08   7.09944545e+09  6.53843598e+09  4.93e+03       4s
  28   3.87e-07 2.15e-08   6.93463544e+09  6.61565764e+09  2.80e+03       4s
  29   1.79e-07 8.61e-09   6.80300224e+09  6.64748925e+09  1.37e+03       4s
  30   1.94e-07 3.73e-09   6.73826020e+09  6.66243186e+09  6.66e+02       4s
  31   2.09e-07 1.40e-09   6.69595044e+09  6.66999252e+09  2.28e+02       5s
  32   1.36e-07 6.98e-10   6.68485675e+09  6.67478155e+09  8.85e+01       5s
  33   1.79e-07 4.66e-10   6.68013398e+09  6.67671276e+09  3.00e+01       5s
  34   2.83e-07 3.49e-10   6.67819179e+09  6.67744254e+09  6.58e+00       5s
  35   1.49e-07 3.49e-10   6.67795376e+09  6.67788068e+09  6.42e-01       5s
  36   2.09e-07 3.49e-10   6.67794258e+09  6.67793590e+09  5.86e-02       5s
  37   1.89e-07 3.49e-10   6.67793893e+09  6.67793811e+09  7.25e-03       5s
  38   9.69e-07 3.49e-10   6.67793851e+09  6.67793843e+09  6.43e-04       5s
  39   7.67e-07 3.49e-10   6.67793848e+09  6.67793847e+09  8.94e-05       5s
  40*  2.24e-06 3.49e-10   6.67793847e+09  6.67793847e+09  1.32e-05       5s
Summary
    Runtime:                                            5.35s
    Status interior point solve:                        optimal
    Status crossover:                                   not run
    objective value:                                    6.67793847e+09
    interior solution primal residual (abs/rel):        1.79e-06 / 1.22e-14
    interior solution dual residual (abs/rel):          3.49e-10 / 3.88e-16
    interior solution objective gap (abs/rel):          1.25e+00 / 1.87e-10
Ipx: IPM       optimal
Model   status      : Optimal
IPM       iterations: 40
Objective value     :  6.6835356901e+09
HiGHS run time      :          6.25
Presolving model
46572 rows, 210771 cols, 476186 nonzeros
45568 rows, 53932 cols, 151247 nonzeros
45211 rows, 53491 cols, 150449 nonzeros
Presolve : Reductions: rows 45211(-1291801); columns 53491(-687571); elements 150449(-3461014)
Solving the presolved LP
IPX model has 45211 rows, 53491 columns and 150449 nonzeros
Input
    Number of variables:                                53491
    Number of free variables:                           0
    Number of constraints:                              45211
    Number of equality constraints:                     8816
    Number of matrix entries:                           150449
    Matrix range:                                       [1e-02, 1e+00]
    RHS range:                                          [2e+05, 1e+08]
    Objective range:                                    [2e-04, 9e+05]
    Bounds range:                                       [2e+05, 1e+08]
Preprocessing
    Dualized model:                                     no
    Number of dense columns:                            0
    Range of scaling factors:                           [1.00e+00, 2.00e+00]
IPX version 1.0
Interior Point Solve
 Iter     P.res    D.res            P.obj           D.obj        mu     Time
   0   2.26e+07 1.56e+05   8.98851424e+13 -2.10074441e+17  5.32e+12       0s
   1   5.81e+06 9.62e+04   1.31927426e+16 -1.42245474e+17  2.64e+12       0s
   2   3.61e+06 7.77e+04   1.74572976e+16 -1.25860813e+17  2.38e+12       0s
   3   1.29e+06 1.63e+04   1.32148739e+16 -2.85637981e+16  5.94e+11       0s
   4   3.95e+05 3.94e+03   6.76074926e+15 -7.51218092e+15  1.75e+11       0s
   5   1.02e+05 1.28e+03   2.55447815e+15 -2.92282968e+15  6.04e+10       0s
 Constructing starting basis...
   6   1.41e+04 3.76e+02   6.59997982e+14 -1.01520486e+15  1.89e+10       1s
   7   2.38e+03 9.69e+01   2.12186927e+14 -3.59518947e+14  6.13e+09       1s
   8   3.81e+02 4.32e+01   9.48115479e+13 -1.88875462e+14  3.08e+09       1s
   9   1.07e+02 1.37e+01   6.55923768e+13 -7.57422696e+13  1.47e+09       2s
  10   4.11e+01 6.07e+00   3.72484528e+13 -3.75809474e+13  7.71e+08       2s
  11   1.05e+01 3.32e+00   1.75442577e+13 -2.31772747e+13  4.32e+08       2s
  12   5.33e+00 1.53e+00   1.37961227e+13 -1.35649644e+13  2.82e+08       2s
  13   1.30e+00 8.27e-02   6.46009388e+12 -2.47478287e+12  8.11e+07       2s
  14   5.34e-01 2.29e-02   3.26095908e+12 -9.55052051e+11  3.80e+07       2s
  15   2.03e-01 8.46e-03   1.67928673e+12 -5.04615183e+11  1.98e+07       2s
  16   2.16e-02 1.95e-03   4.45594015e+11 -1.83483493e+11  5.67e+06       3s
  17   9.01e-03 9.19e-04   2.91621973e+11 -1.11112303e+11  3.60e+06       3s
  18   5.38e-03 5.58e-04   2.08193730e+11 -7.42814189e+10  2.51e+06       3s
  19   3.45e-03 2.84e-04   1.64528620e+11 -4.66998105e+10  1.87e+06       3s
  20   1.76e-03 2.01e-04   1.17262140e+11 -3.66174842e+10  1.36e+06       3s
  21   6.31e-04 5.50e-05   7.09546307e+10 -1.36981458e+10  7.45e+05       3s
  22   2.39e-04 1.52e-05   3.47391816e+10 -4.71179411e+08  3.09e+05       3s
  23   6.88e-05 5.44e-06   1.84369595e+10  3.01273956e+09  1.35e+05       3s
  24   1.63e-05 2.29e-06   1.19790118e+10  4.51189060e+09  6.56e+04       4s
  25   6.32e-06 7.82e-07   9.27385931e+09  5.72662925e+09  3.12e+04       4s
  26   2.18e-06 2.04e-07   7.73083556e+09  6.35568968e+09  1.21e+04       4s
  27   7.15e-07 6.85e-08   7.09944545e+09  6.53843598e+09  4.93e+03       4s
  28   3.87e-07 2.15e-08   6.93463544e+09  6.61565764e+09  2.80e+03       4s
  29   1.79e-07 8.61e-09   6.80300224e+09  6.64748925e+09  1.37e+03       4s
  30   1.94e-07 3.73e-09   6.73826020e+09  6.66243186e+09  6.66e+02       4s
  31   2.09e-07 1.40e-09   6.69595044e+09  6.66999252e+09  2.28e+02       5s
  32   1.36e-07 6.98e-10   6.68485675e+09  6.67478155e+09  8.85e+01       5s
  33   1.79e-07 4.66e-10   6.68013398e+09  6.67671276e+09  3.00e+01       5s
  34   2.83e-07 3.49e-10   6.67819179e+09  6.67744254e+09  6.58e+00       5s
  35   1.49e-07 3.49e-10   6.67795376e+09  6.67788068e+09  6.42e-01       5s
  36   2.09e-07 3.49e-10   6.67794258e+09  6.67793590e+09  5.86e-02       5s
  37   1.89e-07 3.49e-10   6.67793893e+09  6.67793811e+09  7.25e-03       5s
  38   9.69e-07 3.49e-10   6.67793851e+09  6.67793843e+09  6.43e-04       5s
  39   7.67e-07 3.49e-10   6.67793848e+09  6.67793847e+09  8.94e-05       5s
  40*  2.24e-06 3.49e-10   6.67793847e+09  6.67793847e+09  1.32e-05       5s
Summary
    Runtime:                                            5.36s
    Status interior point solve:                        optimal
    Status crossover:                                   not run
    objective value:                                    6.67793847e+09
    interior solution primal residual (abs/rel):        1.79e-06 / 1.22e-14
    interior solution dual residual (abs/rel):          3.49e-10 / 3.88e-16
    interior solution objective gap (abs/rel):          1.25e+00 / 1.87e-10
Ipx: IPM       optimal
Model   status      : Optimal
IPM       iterations: 40
Objective value     :  6.6835356901e+09
HiGHS run time      :          6.25
[ Info: Rolling step not specified in scenaio.yaml file; Setting it to 15 years
[ Info: Demand-pathway mapping not specified in scenaio.yaml file; SERA will not look for eligible pathways for different demand types.
[ Info: Production capacity constraints from the grid model not defined. SERA will not create these constraints
[ Info: Regional technology limits not specified in scenaio.yaml file; SERA will not create these constraints
STARTING DATA PRE-PROCESSING 
Processing Temporal Data
Processing Nodes
Processing Demand
Processing Existings
Processing Links
Processing Pathways
Creating Infrastructure options
  1.815013 seconds (11.26 M allocations: 1.206 GiB, 26.35% gc time, 4.17% compilation time)

OPTIMIZING FROM 2026 TO 2040 

STARTING OPTIMIZATION MODEL CREATION
CREATING VARIABLES AND EXPRESSIONS
  9.941218 seconds (70.41 M allocations: 4.358 GiB, 25.80% gc time, 46.11% compilation time)
POPULATING EXPRESSIONS
 12.682907 seconds (45.75 M allocations: 6.736 GiB, 11.23% gc time, 3.52% compilation time)
CREATING CONSTRAINTS
  5.170474 seconds (41.29 M allocations: 2.127 GiB, 13.97% gc time, 18.53% compilation time)
POPULATED CORE OPTIMIZATION MODEL, STARTING ITERATIONS
READING COST DATA FOR ITERATION 1
  9.155971 seconds (33.91 M allocations: 3.128 GiB, 3.79% gc time, 3.75% compilation time)
CREATING EXPRESSIONS FOR CAPITAL AND FIXED COST
  7.024321 seconds (50.01 M allocations: 3.142 GiB, 42.25% gc time, 15.95% compilation time)
BUILDING OBJECTIVE FUNCTION
  2.759258 seconds (13.70 M allocations: 519.689 MiB, 12.42% gc time, 38.93% compilation time)
Optimizing for iteration 1
  9.551621 seconds (14.15 M allocations: 1.322 GiB, 1.92% gc time, 0.24% compilation time)
OPTIMAL
7.603470794942306e9
ϵ =  1.0
READING COST DATA FOR ITERATION 2
  8.741371 seconds (30.98 M allocations: 3.024 GiB, 3.96% gc time, 0.35% compilation time)
CREATING EXPRESSIONS FOR CAPITAL AND FIXED COST
  4.430753 seconds (48.64 M allocations: 3.054 GiB, 34.47% gc time, 0.10% compilation time)
BUILDING OBJECTIVE FUNCTION
  5.551845 seconds (12.36 M allocations: 426.934 MiB, 75.31% gc time)
Optimizing for iteration 2
  6.712202 seconds (2 allocations: 32 bytes)
OPTIMAL
8.593098268061268e9
ϵ =  0.1151653853182634
READING COST DATA FOR ITERATION 3
 11.604192 seconds (30.86 M allocations: 3.075 GiB, 27.72% gc time)
CREATING EXPRESSIONS FOR CAPITAL AND FIXED COST
 24.833180 seconds (48.64 M allocations: 3.054 GiB, 87.32% gc time)
BUILDING OBJECTIVE FUNCTION
  1.709214 seconds (12.36 M allocations: 416.735 MiB, 14.34% gc time)
Optimizing for iteration 3
  6.153531 seconds (2 allocations: 32 bytes)
OPTIMAL
7.179733701325431e9
ϵ =  0.19685473382876725
READING COST DATA FOR ITERATION 4
 10.465091 seconds (30.84 M allocations: 3.021 GiB, 20.20% gc time)
CREATING EXPRESSIONS FOR CAPITAL AND FIXED COST
 28.496998 seconds (48.64 M allocations: 3.054 GiB, 88.67% gc time)
BUILDING OBJECTIVE FUNCTION
  1.902229 seconds (12.36 M allocations: 416.735 MiB, 24.12% gc time)
Optimizing for iteration 4
  6.224813 seconds (2 allocations: 32 bytes)
OPTIMAL
6.990266600108828e9
ϵ =  0.027104417049504594
READING COST DATA FOR ITERATION 5
 10.616993 seconds (30.83 M allocations: 3.021 GiB, 21.38% gc time)
CREATING EXPRESSIONS FOR CAPITAL AND FIXED COST
 25.579746 seconds (48.64 M allocations: 3.054 GiB, 87.28% gc time)
BUILDING OBJECTIVE FUNCTION
  1.729724 seconds (12.36 M allocations: 416.735 MiB, 12.91% gc time)
Optimizing for iteration 5
  6.305008 seconds (2 allocations: 32 bytes)
OPTIMAL
6.9171835258461275e9
ϵ =  0.010565438084687281
READING COST DATA FOR ITERATION 6
 13.792810 seconds (30.83 M allocations: 3.021 GiB, 37.29% gc time)
CREATING EXPRESSIONS FOR CAPITAL AND FIXED COST
 28.629433 seconds (48.64 M allocations: 3.054 GiB, 88.82% gc time)
BUILDING OBJECTIVE FUNCTION
  1.867043 seconds (12.36 M allocations: 416.735 MiB, 23.42% gc time)
Optimizing for iteration 6
  6.085077 seconds (2 allocations: 32 bytes)
OPTIMAL
6.771038181988792e9
ϵ =  0.02158389008143708
READING COST DATA FOR ITERATION 7
 11.033767 seconds (30.83 M allocations: 3.021 GiB, 24.23% gc time)
CREATING EXPRESSIONS FOR CAPITAL AND FIXED COST
 26.019409 seconds (48.64 M allocations: 3.054 GiB, 87.20% gc time)
BUILDING OBJECTIVE FUNCTION
  1.764666 seconds (12.36 M allocations: 416.735 MiB, 14.08% gc time)
Optimizing for iteration 7
  6.307498 seconds (2 allocations: 32 bytes)
OPTIMAL
6.701552932227145e9
ϵ =  0.010368529572823616
READING COST DATA FOR ITERATION 8
 14.394484 seconds (30.83 M allocations: 3.021 GiB, 39.35% gc time)
CREATING EXPRESSIONS FOR CAPITAL AND FIXED COST
 28.784609 seconds (48.64 M allocations: 3.054 GiB, 88.83% gc time)
BUILDING OBJECTIVE FUNCTION
  1.895087 seconds (12.36 M allocations: 416.735 MiB, 23.38% gc time)
Optimizing for iteration 8
  6.265149 seconds (2 allocations: 32 bytes)
OPTIMAL
6.683535690052192e9
ϵ =  0.002695765087599745
READING COST DATA FOR ITERATION 9
 20.308236 seconds (30.83 M allocations: 3.082 GiB, 58.65% gc time)
CREATING EXPRESSIONS FOR CAPITAL AND FIXED COST
 20.930678 seconds (48.64 M allocations: 3.054 GiB, 83.98% gc time)
BUILDING OBJECTIVE FUNCTION
  4.133341 seconds (12.36 M allocations: 416.735 MiB, 62.74% gc time)
Optimizing for iteration 9
  6.262784 seconds (2 allocations: 32 bytes)
OPTIMAL
6.683535690052192e9
ϵ =  0.0
ITERATIONS COMPLETED
WRITING RESULTS TO FILE
  4.126652 seconds (11.51 M allocations: 518.191 MiB, 61.91% gc time, 16.66% compilation time)

THE OPTIMIZATION PROBLEM TOOK 7.61 MINUTES TO SOLVE. 
