Running HiGHS 1.6.0: Copyright (c) 2023 HiGHS under MIT licence terms
Presolving model
171198 rows, 435810 cols, 1068049 nonzeros
135901 rows, 299319 cols, 796913 nonzeros
135848 rows, 157079 cols, 509622 nonzeros
130616 rows, 151673 cols, 498741 nonzeros
Presolve : Reductions: rows 130616(-1519271); columns 151673(-978745); elements 498741(-4233320)
Solving the presolved LP
IPX model has 130616 rows, 151673 columns and 498741 nonzeros
Input
    Number of variables:                                151673
    Number of free variables:                           0
    Number of constraints:                              130616
    Number of equality constraints:                     11028
    Number of matrix entries:                           498741
    Matrix range:                                       [1e-02, 1e+00]
    RHS range:                                          [2e+05, 6e+07]
    Objective range:                                    [3e-04, 2e+01]
    Bounds range:                                       [2e+05, 1e+08]
Preprocessing
    Dualized model:                                     no
    Number of dense columns:                            0
    Range of scaling factors:                           [1.00e+00, 2.00e+00]
IPX version 1.0
Interior Point Solve
 Iter     P.res    D.res            P.obj           D.obj        mu     Time
   0   1.18e+07 3.75e+00   1.68107999e+09 -2.02265739e+12  5.38e+07       0s
   1   2.06e+06 1.88e+00   5.41081583e+11 -1.08633724e+12  2.48e+07       0s
   2   1.03e+06 1.69e+00   6.88067035e+11 -9.96795092e+11  2.60e+07       0s
   3   3.68e+05 3.92e-01   5.20984669e+11 -2.30852744e+11  6.98e+06       1s
   4   1.40e+05 1.17e-01   3.12758995e+11 -7.19831755e+10  2.48e+06       1s
   5   3.64e+04 4.08e-02   1.75449778e+11 -2.99393608e+10  1.04e+06       2s
 Constructing starting basis...
   6   7.52e+03 1.07e-02   6.84035384e+10 -8.79516384e+09  3.36e+05       4s
   7   4.48e+03 1.52e-03   5.55692063e+10 -2.26556002e+09  2.16e+05       4s
   8   2.79e+03 9.06e-04   4.08566931e+10 -1.18633617e+09  1.55e+05       5s
   9   1.48e+03 5.69e-04   2.89029483e+10 -3.96773251e+08  1.07e+05       5s
  10   7.08e+02 3.41e-04   2.04737410e+10  4.06242405e+08  7.26e+04       6s
  11   4.25e+02 2.57e-04   1.91755462e+10  6.46867939e+08  6.68e+04       6s
  12   2.37e+02 1.52e-04   1.31700527e+10  1.47205477e+09  4.20e+04       7s
  13   1.18e+02 6.52e-05   9.53590911e+09  2.21581886e+09  2.62e+04       8s
  14   7.24e+01 4.53e-05   7.78273297e+09  2.44249197e+09  1.91e+04       9s
  15   4.45e+01 3.06e-05   6.62256575e+09  2.61367902e+09  1.43e+04      10s
  16   3.66e+01 2.23e-05   6.16226655e+09  2.72630142e+09  1.23e+04      11s
  17   2.32e+01 1.59e-05   5.27476466e+09  2.83727558e+09  8.71e+03      12s
  18   2.14e+01 1.12e-05   5.21381713e+09  2.87380002e+09  8.36e+03      13s
  19   1.63e+01 8.13e-06   4.82788712e+09  2.94109662e+09  6.74e+03      14s
  20   1.20e+01 5.20e-06   4.53351681e+09  2.99094043e+09  5.51e+03      15s
  21   1.08e+01 3.35e-06   4.41967869e+09  3.03886901e+09  4.93e+03      16s
  22   7.61e+00 2.53e-06   4.09593487e+09  3.06067975e+09  3.70e+03      17s
  23   5.82e+00 2.21e-06   3.97953470e+09  3.06383365e+09  3.27e+03      18s
  24   3.78e+00 1.83e-06   3.85457336e+09  3.06769945e+09  2.81e+03      19s
  25   2.25e+00 1.30e-06   3.63754639e+09  3.08448854e+09  1.97e+03      20s
  26   1.31e+00 7.18e-07   3.54882165e+09  3.09791073e+09  1.61e+03      20s
  27   7.76e-01 3.76e-07   3.44834641e+09  3.11203249e+09  1.20e+03      21s
  28   4.17e-01 2.79e-07   3.37751721e+09  3.11634057e+09  9.32e+02      22s
  29   2.67e-01 1.97e-07   3.31715595e+09  3.12243125e+09  6.95e+02      23s
  30   7.79e-02 1.24e-07   3.26274655e+09  3.12702618e+09  4.84e+02      24s
  31   5.44e-02 7.47e-08   3.24211666e+09  3.13173929e+09  3.94e+02      25s
  32   3.13e-02 5.53e-08   3.20782476e+09  3.13424118e+09  2.63e+02      25s
  33   9.92e-03 3.47e-08   3.18292460e+09  3.13667668e+09  1.65e+02      26s
  34   4.08e-03 2.04e-08   3.16872776e+09  3.13872078e+09  1.07e+02      27s
  35   1.86e-03 1.03e-08   3.16079940e+09  3.14031494e+09  7.31e+01      28s
  36   9.57e-04 5.79e-09   3.15491931e+09  3.14117811e+09  4.90e+01      28s
  37   4.81e-04 1.39e-09   3.15092215e+09  3.14210105e+09  3.15e+01      29s
  38   2.87e-04 4.01e-10   3.14828072e+09  3.14241224e+09  2.09e+01      30s
  39   1.58e-04 3.27e-10   3.14744910e+09  3.14241426e+09  1.80e+01      30s
  40   5.98e-05 5.27e-11   3.14501304e+09  3.14255955e+09  8.75e+00      31s
  41   1.58e-05 7.56e-12   3.14343178e+09  3.14261579e+09  2.91e+00      31s
  42   5.71e-08 4.57e-12   3.14310375e+09  3.14261443e+09  1.75e+00      32s
  43   5.69e-08 1.03e-12   3.14269897e+09  3.14263269e+09  2.36e-01      32s
  44   5.63e-08 7.11e-14   3.14264102e+09  3.14263768e+09  1.19e-02      32s
  45   4.01e-08 1.07e-14   3.14263842e+09  3.14263804e+09  1.36e-03      33s
  46   5.24e-08 7.11e-15   3.14263811e+09  3.14263808e+09  9.69e-05      33s
  47   2.98e-08 3.55e-15   3.14263809e+09  3.14263809e+09  1.23e-05      33s
  48*  6.22e-08 7.11e-15   3.14263809e+09  3.14263809e+09  1.02e-07      34s
Summary
    Runtime:                                            33.57s
    Status interior point solve:                        optimal
    Status crossover:                                   not run
    objective value:                                    3.14263809e+09
    interior solution primal residual (abs/rel):        1.64e-07 / 1.12e-15
    interior solution dual residual (abs/rel):          1.58e-14 / 6.50e-16
    interior solution objective gap (abs/rel):          2.65e-02 / 8.42e-12
Ipx: IPM       optimal
Model   status      : Optimal
IPM       iterations: 48
Objective value     :  3.1570832121e+09
HiGHS run time      :         35.11
Presolving model
171198 rows, 435810 cols, 1068049 nonzeros
135901 rows, 299319 cols, 796913 nonzeros
135848 rows, 157079 cols, 509622 nonzeros
130616 rows, 151673 cols, 498741 nonzeros
Presolve : Reductions: rows 130616(-1524281); columns 151673(-978745); elements 498741(-4238330)
Solving the presolved LP
IPX model has 130616 rows, 151673 columns and 498741 nonzeros
Input
    Number of variables:                                151673
    Number of free variables:                           0
    Number of constraints:                              130616
    Number of equality constraints:                     11028
    Number of matrix entries:                           498741
    Matrix range:                                       [1e-02, 1e+00]
    RHS range:                                          [2e+05, 6e+07]
    Objective range:                                    [3e-04, 9e+06]
    Bounds range:                                       [2e+05, 1e+08]
Preprocessing
    Dualized model:                                     no
    Number of dense columns:                            0
    Range of scaling factors:                           [1.00e+00, 2.00e+00]
IPX version 1.0
Interior Point Solve
 Iter     P.res    D.res            P.obj           D.obj        mu     Time
   0   1.17e+07 2.25e+05   2.81073496e+13 -1.22656892e+17  3.42e+12       0s
   1   3.07e+06 1.62e+05   4.80817216e+16 -9.18130344e+16  2.21e+12       0s
   2   1.52e+06 1.01e+05   6.65328025e+16 -6.43872851e+16  1.73e+12       0s
   3   4.45e+05 4.44e+04   5.49522671e+16 -3.09938288e+16  8.08e+11       1s
   4   1.81e+05 1.29e+04   3.82538625e+16 -9.58207122e+15  2.94e+11       1s
   5   4.10e+04 3.54e+03   1.75773048e+16 -2.94832108e+15  9.35e+10       2s
   6   1.95e+04 1.10e+03   9.85973367e+15 -1.02694638e+15  4.30e+10       3s
 Constructing starting basis...
   7   7.60e+03 3.10e+02   4.56741032e+15 -3.64114329e+14  1.90e+10       5s
   8   2.79e+03 8.55e+01   1.73155752e+15 -1.33694659e+14  6.99e+09       6s
   9   6.40e+02 3.42e+01   5.64461315e+14 -7.75175384e+13  2.41e+09       6s
  10   3.30e+02 2.20e+01   4.33083622e+14 -5.04940912e+13  1.82e+09       7s
  11   1.12e+02 1.46e+01   1.79922595e+14 -3.23386891e+13  8.15e+08       8s
  12   3.93e+01 7.26e+00   1.04306159e+14 -1.79098314e+13  4.68e+08       9s
  13   7.20e+00 3.28e+00   2.74829082e+13 -8.16426106e+12  1.41e+08       9s
  14   1.37e+00 8.42e-01   8.65508969e+12 -2.16083926e+12  4.22e+07      10s
  15   4.10e-01 2.85e-01   3.40993121e+12 -7.23615144e+11  1.60e+07      11s
  16   1.80e-01 8.33e-02   1.82909900e+12 -2.07944461e+11  7.62e+06      11s
  17   7.82e-02 3.04e-02   1.06743831e+12 -8.42886661e+10  4.24e+06      12s
  18   4.23e-02 1.16e-02   6.48243317e+11 -3.27848334e+10  2.48e+06      13s
  19   2.30e-02 4.34e-03   4.53773117e+11 -1.51133396e+10  1.69e+06      13s
  20   1.43e-02 1.07e-03   3.47223820e+11 -5.32064993e+09  1.26e+06      14s
  21   6.39e-03 5.00e-04   2.63860494e+11 -4.08369621e+09  9.59e+05      15s
  22   2.94e-03 1.25e-04   1.35833843e+11  1.96510945e+09  4.78e+05      15s
  23   1.42e-03 1.80e-05   7.60739244e+10  3.92188038e+09  2.57e+05      16s
  24   5.41e-04 5.95e-06   3.50176113e+10  4.46478631e+09  1.09e+05      16s
  25   4.70e-05 1.35e-06   1.92160058e+10  4.44871774e+09  5.27e+04      17s
  26   2.10e-05 4.66e-07   1.14903960e+10  4.77323234e+09  2.40e+04      18s
  27   5.84e-06 1.37e-07   7.04604975e+09  4.89674136e+09  7.67e+03      18s
  28   3.31e-06 4.10e-08   6.31174492e+09  4.93559265e+09  4.91e+03      19s
  29   1.22e-06 1.86e-08   5.49124007e+09  4.95315235e+09  1.92e+03      19s
  30   3.28e-07 7.45e-09   5.15558576e+09  4.96240386e+09  6.89e+02      20s
  31   1.49e-07 5.59e-09   5.05430085e+09  4.96593843e+09  3.15e+02      20s
  32   1.04e-07 3.73e-09   5.00095440e+09  4.96850791e+09  1.16e+02      21s
  33   1.04e-07 2.79e-09   4.98074167e+09  4.96941640e+09  4.04e+01      21s
  34   8.46e-08 1.86e-09   4.97224971e+09  4.96994303e+09  8.23e+00      22s
  35   1.19e-07 2.79e-09   4.97048759e+09  4.97005018e+09  1.56e+00      22s
  36   1.94e-07 2.79e-09   4.97012840e+09  4.97005831e+09  2.50e-01      22s
  37   1.04e-07 1.86e-09   4.97007075e+09  4.97006020e+09  3.76e-02      23s
  38   1.94e-07 1.86e-09   4.97006296e+09  4.97006052e+09  8.70e-03      23s
  39   1.02e-07 1.86e-09   4.97006152e+09  4.97006059e+09  3.30e-03      23s
  40   2.09e-07 1.86e-09   4.97006100e+09  4.97006061e+09  1.38e-03      24s
  41   1.64e-07 1.86e-09   4.97006077e+09  4.97006061e+09  5.43e-04      24s
  42   1.12e-07 1.86e-09   4.97006067e+09  4.97006062e+09  1.80e-04      24s
  43*  2.61e-07 9.31e-10   4.97006062e+09  4.97006062e+09  4.16e-06      24s
Summary
    Runtime:                                            24.29s
    Status interior point solve:                        optimal
    Status crossover:                                   not run
    objective value:                                    4.97006062e+09
    interior solution primal residual (abs/rel):        2.98e-07 / 2.04e-15
    interior solution dual residual (abs/rel):          9.31e-10 / 1.01e-16
    interior solution objective gap (abs/rel):          1.16e+00 / 2.33e-10
Ipx: IPM       optimal
Model   status      : Optimal
IPM       iterations: 43
Objective value     :  4.9905858868e+09
HiGHS run time      :         25.78
Presolving model
171198 rows, 435810 cols, 1068049 nonzeros
135901 rows, 299319 cols, 796913 nonzeros
135848 rows, 157079 cols, 509622 nonzeros
130616 rows, 151673 cols, 498741 nonzeros
Presolve : Reductions: rows 130616(-1529291); columns 151673(-978745); elements 498741(-4243340)
Solving the presolved LP
IPX model has 130616 rows, 151673 columns and 498741 nonzeros
Input
    Number of variables:                                151673
    Number of free variables:                           0
    Number of constraints:                              130616
    Number of equality constraints:                     11028
    Number of matrix entries:                           498741
    Matrix range:                                       [1e-02, 1e+00]
    RHS range:                                          [2e+05, 6e+07]
    Objective range:                                    [3e-04, 9e+06]
    Bounds range:                                       [2e+05, 1e+08]
Preprocessing
    Dualized model:                                     no
    Number of dense columns:                            0
    Range of scaling factors:                           [1.00e+00, 2.00e+00]
IPX version 1.0
Interior Point Solve
 Iter     P.res    D.res            P.obj           D.obj        mu     Time
   0   1.17e+07 2.25e+05   4.17334136e+13 -1.21940216e+17  3.42e+12       0s
   1   2.91e+06 1.62e+05   4.95565259e+16 -9.12561167e+16  2.20e+12       0s
   2   1.52e+06 1.03e+05   6.69559885e+16 -6.50554631e+16  1.75e+12       0s
   3   4.57e+05 4.27e+04   5.41991628e+16 -2.93372985e+16  7.70e+11       1s
   4   1.59e+05 1.27e+04   3.59168173e+16 -9.29864451e+15  2.75e+11       1s
   5   3.98e+04 3.23e+03   1.66807237e+16 -2.59133645e+15  8.60e+10       2s
   6   2.02e+04 9.38e+02   9.79224354e+15 -8.62148963e+14  4.14e+10       3s
 Constructing starting basis...
   7   5.24e+03 2.78e+02   3.49450555e+15 -3.29642161e+14  1.47e+10       5s
   8   1.20e+03 8.83e+01   8.78176096e+14 -1.34948109e+14  3.85e+09       6s
   9   3.31e+02 3.88e+01   5.39139954e+14 -7.07126991e+13  2.30e+09       7s
  10   1.97e+02 2.65e+01   3.71740234e+14 -4.81917192e+13  1.58e+09       7s
  11   1.28e+02 1.86e+01   2.59826387e+14 -3.24668821e+13  1.10e+09       8s
  12   8.04e+01 1.32e+01   1.83189700e+14 -2.31230502e+13  7.81e+08       9s
  13   4.72e+01 8.26e+00   1.27598726e+14 -1.51671184e+13  5.40e+08      10s
  14   2.99e+01 4.79e+00   9.27423690e+13 -9.66315476e+12  3.84e+08      10s
  15   1.27e+01 7.59e-01   6.03711646e+13 -3.34146253e+12  2.31e+08      11s
  16   4.31e+00 2.24e-01   3.18257928e+13 -1.57964815e+12  1.21e+08      12s
  17   1.74e+00 4.79e-02   1.56505152e+13 -4.89042853e+11  5.81e+07      12s
  18   1.79e-06 1.32e-02   3.11288957e+12 -2.19894313e+11  1.21e+07      13s
  19   5.36e-07 2.96e-03   7.55306962e+11 -5.41516089e+10  2.92e+06      14s
  20   3.58e-07 6.32e-04   5.22856140e+11 -1.02488155e+10  1.91e+06      14s
  21   2.98e-07 1.29e-04   2.77533208e+11 -2.42447487e+09  1.00e+06      15s
  22   2.38e-07 2.45e-05   1.21953414e+11  1.55882338e+09  4.30e+05      15s
  23   1.79e-07 5.42e-06   4.53232414e+10  2.93850423e+09  1.51e+05      16s
  24   1.04e-07 2.12e-06   2.02859490e+10  3.47488059e+09  6.00e+04      17s
  25   1.19e-07 9.20e-07   9.61806630e+09  3.79570548e+09  2.08e+04      17s
  26   7.45e-08 2.39e-07   6.30895053e+09  3.99114671e+09  8.27e+03      18s
  27   1.04e-07 8.29e-08   5.02066536e+09  4.05531226e+09  3.44e+03      18s
  28   1.19e-07 3.45e-08   4.45602538e+09  4.08252949e+09  1.33e+03      19s
  29   8.94e-08 1.30e-08   4.23655760e+09  4.09829767e+09  4.93e+02      19s
  30   1.19e-07 5.59e-09   4.15846541e+09  4.10439034e+09  1.93e+02      20s
  31   1.19e-07 3.73e-09   4.12712936e+09  4.10675405e+09  7.27e+01      21s
  32   1.08e-07 1.86e-09   4.11191025e+09  4.10797525e+09  1.40e+01      21s
  33   8.94e-08 1.86e-09   4.10903073e+09  4.10844873e+09  2.08e+00      22s
  34   8.94e-08 2.79e-09   4.10864252e+09  4.10851276e+09  4.63e-01      22s
  35   1.64e-07 1.86e-09   4.10853811e+09  4.10851896e+09  6.83e-02      22s
  36   1.19e-07 1.86e-09   4.10852406e+09  4.10852102e+09  1.08e-02      23s
  37   8.23e-08 1.86e-09   4.10852260e+09  4.10852120e+09  5.00e-03      23s
  38   1.19e-07 1.86e-09   4.10852139e+09  4.10852123e+09  5.74e-04      23s
  39   3.58e-07 1.86e-09   4.10852127e+09  4.10852124e+09  1.01e-04      24s
  40   1.19e-06 9.31e-10   4.10852125e+09  4.10852124e+09  2.21e-05      24s
  41*  4.02e-07 9.31e-10   4.10852124e+09  4.10852124e+09  2.42e-06      24s
Summary
    Runtime:                                            23.92s
    Status interior point solve:                        optimal
    Status crossover:                                   not run
    objective value:                                    4.10852124e+09
    interior solution primal residual (abs/rel):        5.66e-07 / 3.88e-15
    interior solution dual residual (abs/rel):          9.31e-10 / 1.01e-16
    interior solution objective gap (abs/rel):          5.98e-01 / 1.45e-10
Ipx: IPM       optimal
Model   status      : Optimal
IPM       iterations: 41
Objective value     :  4.1290465137e+09
HiGHS run time      :         25.40
Presolving model
171198 rows, 435810 cols, 1068049 nonzeros
135901 rows, 299319 cols, 796913 nonzeros
135848 rows, 157079 cols, 509622 nonzeros
130616 rows, 151673 cols, 498741 nonzeros
Presolve : Reductions: rows 130616(-1534301); columns 151673(-978745); elements 498741(-4248350)
Solving the presolved LP
IPX model has 130616 rows, 151673 columns and 498741 nonzeros
Input
    Number of variables:                                151673
    Number of free variables:                           0
    Number of constraints:                              130616
    Number of equality constraints:                     11028
    Number of matrix entries:                           498741
    Matrix range:                                       [1e-02, 1e+00]
    RHS range:                                          [2e+05, 6e+07]
    Objective range:                                    [3e-04, 9e+06]
    Bounds range:                                       [2e+05, 1e+08]
Preprocessing
    Dualized model:                                     no
    Number of dense columns:                            0
    Range of scaling factors:                           [1.00e+00, 2.00e+00]
IPX version 1.0
Interior Point Solve
 Iter     P.res    D.res            P.obj           D.obj        mu     Time
   0   1.17e+07 2.25e+05   4.37155832e+13 -1.21861617e+17  3.42e+12       0s
   1   2.91e+06 1.62e+05   4.96008937e+16 -9.11972833e+16  2.20e+12       0s
   2   1.52e+06 1.03e+05   6.70739572e+16 -6.50217908e+16  1.75e+12       0s
   3   4.57e+05 4.27e+04   5.43041050e+16 -2.93502479e+16  7.71e+11       1s
   4   1.60e+05 1.27e+04   3.60371033e+16 -9.30572742e+15  2.76e+11       1s
   5   3.97e+04 3.24e+03   1.67393638e+16 -2.60837471e+15  8.64e+10       2s
   6   2.01e+04 9.39e+02   9.82588348e+15 -8.61927431e+14  4.15e+10       3s
 Constructing starting basis...
   7   5.38e+03 2.75e+02   3.57385309e+15 -3.27699028e+14  1.50e+10       5s
   8   1.23e+03 9.56e+01   8.86882942e+14 -1.42429930e+14  3.92e+09       6s
   9   3.27e+02 4.30e+01   5.23380595e+14 -7.49325571e+13  2.26e+09       7s
  10   1.71e+02 2.72e+01   3.47372282e+14 -4.74998548e+13  1.49e+09       7s
  11   1.16e+02 1.98e+01   2.51333736e+14 -3.36713823e+13  1.08e+09       8s
  12   6.91e+01 1.37e+01   1.73421455e+14 -2.35332956e+13  7.49e+08       9s
  13   4.21e+01 8.42e+00   1.24061168e+14 -1.50908974e+13  5.27e+08      10s
  14   1.94e+01 4.37e+00   7.67886536e+13 -9.03807901e+12  3.24e+08      10s
  15   6.73e+00 4.43e-01   3.87850071e+13 -1.82196719e+12  1.47e+08      11s
  16   2.75e+00 9.26e-02   2.01679779e+13 -6.23973967e+11  7.48e+07      12s
  17   1.21e+00 3.73e-02   1.16880395e+13 -3.67783561e+11  4.35e+07      12s
  18   3.88e-02 1.31e-02   3.41665152e+12 -2.04578657e+11  1.32e+07      13s
  19   5.99e-03 2.74e-03   6.97215862e+11 -4.50265148e+10  2.68e+06      14s
  20   3.74e-03 5.90e-04   4.69774484e+11 -9.10624369e+09  1.71e+06      14s
  21   1.20e-03 1.65e-04   1.92399758e+11 -1.28857814e+09  6.92e+05      15s
  22   4.41e-04 3.57e-05   9.50556326e+10  1.82227773e+09  3.33e+05      15s
  23   1.04e-04 9.47e-06   3.37320019e+10  3.14678390e+09  1.09e+05      16s
  24   3.16e-05 3.60e-06   1.46727636e+10  3.65776909e+09  3.93e+04      16s
  25   1.37e-05 1.14e-06   9.54197788e+09  3.89961926e+09  2.01e+04      17s
  26   3.61e-06 3.33e-07   5.90389437e+09  4.00895260e+09  6.76e+03      17s
  27   5.96e-07 1.10e-07   4.63188836e+09  4.04838322e+09  2.08e+03      18s
  28   2.09e-07 4.28e-08   4.31739594e+09  4.06661783e+09  8.95e+02      19s
  29   1.04e-07 2.14e-08   4.17821975e+09  4.07400513e+09  3.72e+02      19s
  30   7.35e-08 9.31e-09   4.11923475e+09  4.07889487e+09  1.44e+02      20s
  31   1.64e-07 4.66e-09   4.09537155e+09  4.08053303e+09  5.29e+01      20s
  32   1.49e-07 2.79e-09   4.08522762e+09  4.08174454e+09  1.24e+01      21s
  33   1.64e-07 2.79e-09   4.08272695e+09  4.08215830e+09  2.03e+00      21s
  34   1.64e-07 1.86e-09   4.08228045e+09  4.08221127e+09  2.47e-01      22s
  35   1.49e-07 1.86e-09   4.08222856e+09  4.08221650e+09  4.30e-02      22s
  36   1.68e-07 2.79e-09   4.08221897e+09  4.08221732e+09  5.88e-03      22s
  37   1.84e-07 1.86e-09   4.08221765e+09  4.08221742e+09  8.20e-04      23s
  38   6.56e-07 2.79e-09   4.08221746e+09  4.08221744e+09  9.37e-05      23s
  39   6.41e-07 9.31e-10   4.08221745e+09  4.08221744e+09  2.86e-05      23s
  40*  5.66e-07 9.31e-10   4.08221744e+09  4.08221744e+09  1.30e-06      23s
Summary
    Runtime:                                            23.30s
    Status interior point solve:                        optimal
    Status crossover:                                   not run
    objective value:                                    4.08221744e+09
    interior solution primal residual (abs/rel):        5.22e-07 / 3.57e-15
    interior solution dual residual (abs/rel):          9.31e-10 / 1.01e-16
    interior solution objective gap (abs/rel):          3.38e-01 / 8.28e-11
Ipx: IPM       optimal
Model   status      : Optimal
IPM       iterations: 40
Objective value     :  4.1027427108e+09
HiGHS run time      :         24.78
Presolving model
171198 rows, 435810 cols, 1068049 nonzeros
135901 rows, 299319 cols, 796913 nonzeros
135848 rows, 157079 cols, 509622 nonzeros
130616 rows, 151673 cols, 498741 nonzeros
Presolve : Reductions: rows 130616(-1539311); columns 151673(-978745); elements 498741(-4253360)
Solving the presolved LP
IPX model has 130616 rows, 151673 columns and 498741 nonzeros
Input
    Number of variables:                                151673
    Number of free variables:                           0
    Number of constraints:                              130616
    Number of equality constraints:                     11028
    Number of matrix entries:                           498741
    Matrix range:                                       [1e-02, 1e+00]
    RHS range:                                          [2e+05, 6e+07]
    Objective range:                                    [3e-04, 9e+06]
    Bounds range:                                       [2e+05, 1e+08]
Preprocessing
    Dualized model:                                     no
    Number of dense columns:                            0
    Range of scaling factors:                           [1.00e+00, 2.00e+00]
IPX version 1.0
Interior Point Solve
 Iter     P.res    D.res            P.obj           D.obj        mu     Time
   0   1.17e+07 2.25e+05   4.43560693e+13 -1.21843562e+17  3.42e+12       0s
   1   2.91e+06 1.62e+05   4.96168658e+16 -9.11837451e+16  2.20e+12       0s
   2   1.52e+06 1.03e+05   6.71090556e+16 -6.50152398e+16  1.75e+12       0s
   3   4.57e+05 4.27e+04   5.43352331e+16 -2.93546870e+16  7.71e+11       1s
   4   1.60e+05 1.27e+04   3.60639379e+16 -9.30747271e+15  2.76e+11       1s
   5   3.99e+04 3.24e+03   1.67596488e+16 -2.60580559e+15  8.65e+10       2s
   6   2.02e+04 9.39e+02   9.83911881e+15 -8.61370983e+14  4.16e+10       3s
 Constructing starting basis...
   7   5.41e+03 2.75e+02   3.57164650e+15 -3.27020808e+14  1.49e+10       5s
   8   1.23e+03 9.41e+01   8.86340128e+14 -1.40893016e+14  3.91e+09       6s
   9   3.31e+02 4.29e+01   5.20808673e+14 -7.45977129e+13  2.25e+09       7s
  10   1.76e+02 2.78e+01   3.44011939e+14 -4.81394072e+13  1.49e+09       7s
  11   1.17e+02 2.00e+01   2.45722586e+14 -3.35191089e+13  1.06e+09       8s
  12   7.26e+01 1.39e+01   1.72980610e+14 -2.34142066e+13  7.47e+08       9s
  13   4.37e+01 8.76e+00   1.22309875e+14 -1.53874543e+13  5.22e+08      10s
  14   2.17e+01 4.38e+00   7.99942187e+13 -8.96459735e+12  3.35e+08      10s
  15   8.09e+00 4.66e-01   4.39947776e+13 -2.07291327e+12  1.67e+08      11s
  16   2.87e+00 1.24e-01   2.23041865e+13 -8.83287754e+11  8.37e+07      12s
  17   1.03e+00 4.13e-02   1.11040376e+13 -4.18963012e+11  4.16e+07      12s
  18   9.65e-02 1.36e-02   4.07151541e+12 -2.21350722e+11  1.56e+07      13s
  19   2.06e-02 2.26e-03   1.08683540e+12 -4.14300061e+10  4.06e+06      14s
  20   1.12e-02 5.11e-04   6.32355106e+11 -8.93867313e+09  2.29e+06      14s
  21   4.37e-03 1.49e-04   2.99552034e+11 -2.00408747e+09  1.08e+06      15s
  22   1.69e-03 1.65e-05   1.35203777e+11  2.36157568e+09  4.74e+05      15s
  23   3.46e-04 4.03e-06   4.14417534e+10  3.22963255e+09  1.36e+05      16s
  24   9.90e-05 1.30e-06   2.00952963e+10  3.58976616e+09  5.89e+04      16s
  25   3.39e-05 5.29e-07   1.05198961e+10  3.83248340e+09  2.39e+04      17s
  26   1.66e-05 1.29e-07   7.73605102e+09  3.97790909e+09  1.34e+04      17s
  27   3.46e-06 4.56e-08   5.05365647e+09  4.02960389e+09  3.65e+03      18s
  28   8.64e-07 1.77e-08   4.47948170e+09  4.04996650e+09  1.53e+03      19s
  29   2.98e-07 7.45e-09   4.23000221e+09  4.06320930e+09  5.95e+02      19s
  30   1.34e-07 3.73e-09   4.13220350e+09  4.06809530e+09  2.29e+02      20s
  31   2.24e-07 2.79e-09   4.09438080e+09  4.07015616e+09  8.64e+01      20s
  32   2.24e-07 1.86e-09   4.07867371e+09  4.07111157e+09  2.70e+01      21s
  33   1.34e-07 2.79e-09   4.07364629e+09  4.07151928e+09  7.59e+00      21s
  34   1.94e-07 1.86e-09   4.07233201e+09  4.07157900e+09  2.69e+00      21s
  35   1.94e-07 1.86e-09   4.07175437e+09  4.07159585e+09  5.65e-01      22s
  36   1.19e-07 2.79e-09   4.07161234e+09  4.07159938e+09  4.62e-02      22s
  37   1.34e-07 1.86e-09   4.07160133e+09  4.07159997e+09  4.83e-03      22s
  38   9.13e-08 2.79e-09   4.07160025e+09  4.07160009e+09  5.57e-04      23s
  39   1.94e-07 1.86e-09   4.07160014e+09  4.07160010e+09  1.32e-04      23s
  40   1.19e-06 9.31e-10   4.07160012e+09  4.07160011e+09  3.37e-05      23s
  41*  1.03e-06 9.31e-10   4.07160011e+09  4.07160011e+09  3.62e-07      24s
Summary
    Runtime:                                            23.67s
    Status interior point solve:                        optimal
    Status crossover:                                   not run
    objective value:                                    4.07160011e+09
    interior solution primal residual (abs/rel):        1.01e-06 / 6.94e-15
    interior solution dual residual (abs/rel):          2.33e-10 / 2.53e-17
    interior solution objective gap (abs/rel):          4.63e-02 / 1.14e-11
Ipx: IPM       optimal
Model   status      : Optimal
IPM       iterations: 41
Objective value     :  4.0921253772e+09
HiGHS run time      :         25.15
Presolving model
171198 rows, 435810 cols, 1068049 nonzeros
135901 rows, 299319 cols, 796913 nonzeros
135848 rows, 157079 cols, 509622 nonzeros
130616 rows, 151673 cols, 498741 nonzeros
Presolve : Reductions: rows 130616(-1544321); columns 151673(-978745); elements 498741(-4258370)
Solving the presolved LP
IPX model has 130616 rows, 151673 columns and 498741 nonzeros
Input
    Number of variables:                                151673
    Number of free variables:                           0
    Number of constraints:                              130616
    Number of equality constraints:                     11028
    Number of matrix entries:                           498741
    Matrix range:                                       [1e-02, 1e+00]
    RHS range:                                          [2e+05, 6e+07]
    Objective range:                                    [3e-04, 9e+06]
    Bounds range:                                       [2e+05, 1e+08]
Preprocessing
    Dualized model:                                     no
    Number of dense columns:                            0
    Range of scaling factors:                           [1.00e+00, 2.00e+00]
IPX version 1.0
Interior Point Solve
 Iter     P.res    D.res            P.obj           D.obj        mu     Time
   0   1.17e+07 2.25e+05   4.43560693e+13 -1.21843562e+17  3.42e+12       0s
   1   2.91e+06 1.62e+05   4.96168658e+16 -9.11837451e+16  2.20e+12       0s
   2   1.52e+06 1.03e+05   6.71090556e+16 -6.50152398e+16  1.75e+12       0s
   3   4.57e+05 4.27e+04   5.43352331e+16 -2.93546870e+16  7.71e+11       1s
   4   1.60e+05 1.27e+04   3.60639379e+16 -9.30747271e+15  2.76e+11       1s
   5   3.99e+04 3.24e+03   1.67596488e+16 -2.60580559e+15  8.65e+10       2s
   6   2.02e+04 9.39e+02   9.83911881e+15 -8.61370983e+14  4.16e+10       3s
 Constructing starting basis...
   7   5.41e+03 2.75e+02   3.57164650e+15 -3.27020808e+14  1.49e+10       5s
   8   1.23e+03 9.41e+01   8.86340128e+14 -1.40893016e+14  3.91e+09       6s
   9   3.31e+02 4.29e+01   5.20808673e+14 -7.45977129e+13  2.25e+09       7s
  10   1.76e+02 2.78e+01   3.44011939e+14 -4.81394072e+13  1.49e+09       7s
  11   1.17e+02 2.00e+01   2.45722586e+14 -3.35191089e+13  1.06e+09       8s
  12   7.26e+01 1.39e+01   1.72980610e+14 -2.34142066e+13  7.47e+08       9s
  13   4.37e+01 8.76e+00   1.22309875e+14 -1.53874543e+13  5.22e+08      10s
  14   2.17e+01 4.38e+00   7.99942187e+13 -8.96459735e+12  3.35e+08      10s
  15   8.09e+00 4.66e-01   4.39947776e+13 -2.07291327e+12  1.67e+08      11s
  16   2.87e+00 1.24e-01   2.23041865e+13 -8.83287754e+11  8.37e+07      12s
  17   1.03e+00 4.13e-02   1.11040376e+13 -4.18963012e+11  4.16e+07      12s
  18   9.65e-02 1.36e-02   4.07151541e+12 -2.21350722e+11  1.56e+07      13s
  19   2.06e-02 2.26e-03   1.08683540e+12 -4.14300061e+10  4.06e+06      13s
  20   1.12e-02 5.11e-04   6.32355106e+11 -8.93867313e+09  2.29e+06      14s
  21   4.37e-03 1.49e-04   2.99552034e+11 -2.00408747e+09  1.08e+06      15s
  22   1.69e-03 1.65e-05   1.35203777e+11  2.36157568e+09  4.74e+05      15s
  23   3.46e-04 4.03e-06   4.14417534e+10  3.22963255e+09  1.36e+05      16s
  24   9.90e-05 1.30e-06   2.00952963e+10  3.58976616e+09  5.89e+04      16s
  25   3.39e-05 5.29e-07   1.05198961e+10  3.83248340e+09  2.39e+04      17s
  26   1.66e-05 1.29e-07   7.73605102e+09  3.97790909e+09  1.34e+04      17s
  27   3.46e-06 4.56e-08   5.05365647e+09  4.02960389e+09  3.65e+03      18s
  28   8.64e-07 1.77e-08   4.47948170e+09  4.04996650e+09  1.53e+03      19s
  29   2.98e-07 7.45e-09   4.23000221e+09  4.06320930e+09  5.95e+02      19s
  30   1.34e-07 3.73e-09   4.13220350e+09  4.06809530e+09  2.29e+02      20s
  31   2.24e-07 2.79e-09   4.09438080e+09  4.07015616e+09  8.64e+01      20s
  32   2.24e-07 1.86e-09   4.07867371e+09  4.07111157e+09  2.70e+01      21s
  33   1.34e-07 2.79e-09   4.07364629e+09  4.07151928e+09  7.59e+00      21s
  34   1.94e-07 1.86e-09   4.07233201e+09  4.07157900e+09  2.69e+00      21s
  35   1.94e-07 1.86e-09   4.07175437e+09  4.07159585e+09  5.65e-01      22s
  36   1.19e-07 2.79e-09   4.07161234e+09  4.07159938e+09  4.62e-02      22s
  37   1.34e-07 1.86e-09   4.07160133e+09  4.07159997e+09  4.83e-03      22s
  38   9.13e-08 2.79e-09   4.07160025e+09  4.07160009e+09  5.57e-04      23s
  39   1.94e-07 1.86e-09   4.07160014e+09  4.07160010e+09  1.32e-04      23s
  40   1.19e-06 9.31e-10   4.07160012e+09  4.07160011e+09  3.37e-05      23s
  41*  1.03e-06 9.31e-10   4.07160011e+09  4.07160011e+09  3.62e-07      24s
Summary
    Runtime:                                            23.65s
    Status interior point solve:                        optimal
    Status crossover:                                   not run
    objective value:                                    4.07160011e+09
    interior solution primal residual (abs/rel):        1.01e-06 / 6.94e-15
    interior solution dual residual (abs/rel):          2.33e-10 / 2.53e-17
    interior solution objective gap (abs/rel):          4.63e-02 / 1.14e-11
Ipx: IPM       optimal
Model   status      : Optimal
IPM       iterations: 41
Objective value     :  4.0921253772e+09
HiGHS run time      :         25.15
Running HiGHS 1.6.0: Copyright (c) 2023 HiGHS under MIT licence terms
Presolving model
51358 rows, 162195 cols, 369427 nonzeros
40085 rows, 107058 cols, 261108 nonzeros
40010 rows, 53052 cols, 151196 nonzeros
37665 rows, 49330 cols, 143694 nonzeros
Presolve : Reductions: rows 37665(-787645); columns 49330(-516245); elements 143694(-2162799)
Solving the presolved LP
IPX model has 37665 rows, 49330 columns and 143694 nonzeros
Input
    Number of variables:                                49330
    Number of free variables:                           0
    Number of constraints:                              37665
    Number of equality constraints:                     5764
    Number of matrix entries:                           143694
    Matrix range:                                       [1e-02, 1e+00]
    RHS range:                                          [2e+05, 1e+08]
    Objective range:                                    [2e-04, 1e+06]
    Bounds range:                                       [1e+05, 2e+08]
Preprocessing
    Dualized model:                                     no
    Number of dense columns:                            0
    Range of scaling factors:                           [1.00e+00, 2.00e+00]
IPX version 1.0
Interior Point Solve
 Iter     P.res    D.res            P.obj           D.obj        mu     Time
   0   1.52e+07 1.37e+05   4.69828664e+13 -2.43184508e+16  2.51e+12       0s
   1   3.58e+06 9.66e+04   9.96802205e+15 -1.82464436e+16  1.57e+12       0s
   2   1.44e+06 5.18e+04   1.32818206e+16 -1.18681869e+16  1.08e+12       0s
   3   5.77e+05 1.16e+04   1.03238590e+16 -3.09897552e+15  3.24e+11       0s
   4   1.56e+05 2.58e+03   5.69013226e+15 -9.00625370e+14  1.04e+11       0s
   5   7.27e+04 8.71e+02   3.08569718e+15 -3.57700776e+14  4.68e+10       0s
 Constructing starting basis...
   6   2.06e+04 2.54e+02   1.26516269e+15 -1.50301690e+14  1.86e+10       1s
   7   8.54e+03 1.69e+02   7.17968791e+14 -1.00668810e+14  1.08e+10       1s
   8   7.01e+03 1.46e+02   6.36546815e+14 -8.26030191e+13  9.44e+09       1s
   9   2.03e+03 7.87e+01   3.15266914e+14 -2.57754372e+13  4.51e+09       1s
  10   1.10e+03 4.86e+01   2.30395317e+14 -5.03036866e+12  3.10e+09       1s
  11   8.07e+02 2.52e+01   1.89290385e+14  9.79127999e+12  2.29e+09       2s
  12   7.63e+02 2.43e+01   1.89033216e+14  1.15929213e+13  2.27e+09       2s
  13   5.07e+02 9.71e+00   1.43199875e+14  2.59821440e+13  1.46e+09       2s
  14   2.71e+02 6.07e+00   1.02121613e+14  3.01200782e+13  9.00e+08       2s
  15   2.00e+02 4.52e+00   9.84869651e+13  3.11261909e+13  8.44e+08       2s
  16   1.09e+02 6.49e-01   7.78941436e+13  3.63442510e+13  4.99e+08       2s
  17   5.32e+01 2.29e-01   5.89295114e+13  3.79615124e+13  2.51e+08       2s
  18   2.07e+01 3.28e-02   5.07413425e+13  3.82280395e+13  1.49e+08       2s
  19   6.00e+00 1.07e-02   4.30916452e+13  3.86914895e+13  5.24e+07       3s
  20   2.31e+00 5.74e-03   4.07814733e+13  3.88255936e+13  2.34e+07       3s
  21   2.10e+00 5.40e-03   4.07540736e+13  3.88281913e+13  2.30e+07       3s
  22   1.09e+00 2.20e-03   4.00597298e+13  3.89203547e+13  1.36e+07       3s
  23   6.49e-01 6.62e-04   3.96865497e+13  3.89762864e+13  8.41e+06       3s
  24   2.86e-06 1.02e-04   3.92944490e+13  3.89842548e+13  3.66e+06       3s
  25   1.91e-06 3.29e-05   3.91102927e+13  3.90020901e+13  1.28e+06       3s
  26   7.15e-07 7.26e-06   3.90351924e+13  3.90088628e+13  3.10e+05       3s
  27   4.77e-07 2.09e-06   3.90245984e+13  3.90112065e+13  1.58e+05       3s
  28   1.64e-07 9.65e-07   3.90148268e+13  3.90117637e+13  3.61e+04       4s
  29   2.09e-07 4.85e-07   3.90132934e+13  3.90119931e+13  1.53e+04       4s
  30   1.79e-07 2.96e-07   3.90128340e+13  3.90120786e+13  8.89e+03       4s
  31   2.38e-07 1.79e-07   3.90125941e+13  3.90121369e+13  5.38e+03       4s
  32   8.94e-08 9.90e-08   3.90124701e+13  3.90121775e+13  3.45e+03       4s
  33   1.49e-07 5.98e-08   3.90124131e+13  3.90121975e+13  2.54e+03       4s
  34   1.49e-07 2.79e-08   3.90123206e+13  3.90122174e+13  1.22e+03       4s
  35   1.49e-07 2.04e-08   3.90122970e+13  3.90122218e+13  8.85e+02       4s
  36   1.49e-07 9.55e-09   3.90122700e+13  3.90122298e+13  4.74e+02       5s
  37   1.49e-07 3.26e-09   3.90122507e+13  3.90122347e+13  1.89e+02       5s
  38   1.19e-07 1.16e-09   3.90122447e+13  3.90122363e+13  9.83e+01       5s
  39   9.97e-08 4.66e-10   3.90122418e+13  3.90122372e+13  5.46e+01       5s
  40   1.79e-07 2.33e-10   3.90122387e+13  3.90122374e+13  1.61e+01       5s
  41   2.68e-07 2.33e-10   3.90122377e+13  3.90122375e+13  2.90e+00       5s
  42*  1.79e-07 2.33e-10   3.90122375e+13  3.90122375e+13  3.68e-01       5s
Summary
    Runtime:                                            4.98s
    Status interior point solve:                        optimal
    Status crossover:                                   not run
    objective value:                                    3.90122375e+13
    interior solution primal residual (abs/rel):        2.38e-07 / 1.43e-15
    interior solution dual residual (abs/rel):          2.33e-10 / 1.78e-16
    interior solution objective gap (abs/rel):          3.12e+04 / 8.01e-10
Ipx: IPM       optimal
Model   status      : Optimal
IPM       iterations: 42
Objective value     :  3.9281919362e+13
HiGHS run time      :          5.68
Presolving model
51358 rows, 162195 cols, 369427 nonzeros
40085 rows, 107058 cols, 261108 nonzeros
40010 rows, 53052 cols, 151196 nonzeros
37665 rows, 49330 cols, 143694 nonzeros
Presolve : Reductions: rows 37665(-790150); columns 49330(-516245); elements 143694(-2165304)
Solving the presolved LP
IPX model has 37665 rows, 49330 columns and 143694 nonzeros
Input
    Number of variables:                                49330
    Number of free variables:                           0
    Number of constraints:                              37665
    Number of equality constraints:                     5764
    Number of matrix entries:                           143694
    Matrix range:                                       [1e-02, 1e+00]
    RHS range:                                          [2e+05, 1e+08]
    Objective range:                                    [2e-04, 1e+06]
    Bounds range:                                       [1e+05, 2e+08]
Preprocessing
    Dualized model:                                     no
    Number of dense columns:                            0
    Range of scaling factors:                           [1.00e+00, 2.00e+00]
IPX version 1.0
Interior Point Solve
 Iter     P.res    D.res            P.obj           D.obj        mu     Time
   0   1.52e+07 1.43e+05   7.79375139e+12 -2.57843289e+16  2.61e+12       0s
   1   3.40e+06 1.01e+05   9.42255329e+15 -1.94704810e+16  1.65e+12       0s
   2   1.45e+06 5.79e+04   1.24218146e+16 -1.31268999e+16  1.19e+12       0s
   3   5.44e+05 1.18e+04   9.72456914e+15 -3.10854326e+15  3.21e+11       0s
   4   1.75e+05 2.61e+03   5.66854927e+15 -9.23128582e+14  1.07e+11       0s
   5   8.15e+04 9.07e+02   3.05218783e+15 -3.96969284e+14  4.81e+10       0s
 Constructing starting basis...
   6   1.70e+04 2.59e+02   9.86994044e+14 -1.76698114e+14  1.56e+10       1s
   7   7.27e+03 1.71e+02   6.24209902e+14 -1.25365827e+14  1.01e+10       1s
   8   2.08e+03 8.37e+01   2.68487769e+14 -5.77864585e+13  4.42e+09       1s
   9   7.49e+02 3.41e+01   1.44063166e+14 -2.71103674e+13  2.27e+09       1s
  10   2.74e+02 5.00e+00   6.81086742e+13 -6.42268366e+12  9.20e+08       2s
  11   9.16e+01 1.06e+00   2.36003298e+13 -1.41508650e+12  3.04e+08       2s
  12   2.79e+01 1.26e-01   7.99226476e+12 -2.27107971e+11  9.82e+07       2s
  13   1.11e+01 4.38e-02   3.24010744e+12 -8.25629469e+10  3.96e+07       2s
  14   2.10e+00 1.33e-02   1.06586363e+12 -5.21522586e+10  1.34e+07       2s
  15   1.13e+00 3.35e-03   6.22244276e+11 -1.59986828e+10  7.59e+06       2s
  16   6.86e-01 2.28e-03   5.35760866e+11 -1.88641515e+10  6.62e+06       2s
  17   3.20e-01 1.81e-03   2.59187645e+11 -1.43719670e+10  3.27e+06       2s
  18   2.08e-01 8.12e-04   2.20944298e+11 -1.01299265e+10  2.75e+06       2s
  19   6.74e-02 4.21e-04   7.86936965e+10 -3.60800001e+09  9.76e+05       2s
  20   2.43e-02 8.49e-05   3.49828071e+10  1.84767577e+09  3.91e+05       2s
  21   8.90e-03 3.14e-05   1.78904031e+10  2.61125986e+09  1.80e+05       3s
  22   2.01e-03 1.10e-05   8.21907102e+09  3.13515185e+09  5.99e+04       3s
  23   6.18e-04 2.91e-06   5.57153779e+09  3.39145096e+09  2.57e+04       3s
  24   1.38e-04 9.46e-07   4.11360751e+09  3.49691867e+09  7.26e+03       3s
  25   4.18e-05 3.32e-07   3.75985163e+09  3.53629691e+09  2.63e+03       3s
  26   1.39e-05 8.92e-08   3.64669378e+09  3.55304430e+09  1.10e+03       3s
  27   4.47e-06 3.24e-08   3.59664936e+09  3.55802221e+09  4.55e+02       3s
  28   8.39e-07 1.30e-08   3.56993969e+09  3.56022688e+09  1.14e+02       3s
  29   2.68e-07 4.42e-09   3.56459686e+09  3.56132488e+09  3.85e+01       3s
  30   2.09e-07 6.98e-10   3.56264074e+09  3.56178645e+09  1.01e+01       4s
  31   1.79e-07 3.49e-10   3.56202485e+09  3.56185657e+09  1.98e+00       4s
  32   1.49e-07 2.33e-10   3.56197177e+09  3.56187429e+09  1.15e+00       4s
  33   1.49e-07 2.33e-10   3.56196398e+09  3.56187642e+09  1.03e+00       4s
  34   2.09e-07 2.33e-10   3.56189829e+09  3.56188652e+09  1.39e-01       4s
  35   2.68e-07 2.33e-10   3.56189012e+09  3.56188764e+09  2.91e-02       4s
  36   1.49e-07 2.33e-10   3.56188831e+09  3.56188784e+09  5.51e-03       4s
  37   8.94e-08 2.33e-10   3.56188808e+09  3.56188785e+09  2.67e-03       4s
  38   2.98e-07 2.33e-10   3.56188786e+09  3.56188785e+09  9.58e-05       4s
  39*  7.45e-07 2.33e-10   3.56188786e+09  3.56188786e+09  1.08e-05       4s
Summary
    Runtime:                                            4.14s
    Status interior point solve:                        optimal
    Status crossover:                                   not run
    objective value:                                    3.56188786e+09
    interior solution primal residual (abs/rel):        6.26e-07 / 3.74e-15
    interior solution dual residual (abs/rel):          2.33e-10 / 1.78e-16
    interior solution objective gap (abs/rel):          8.90e-01 / 2.50e-10
Ipx: IPM       optimal
Model   status      : Optimal
IPM       iterations: 39
Objective value     :  3.5704794048e+09
HiGHS run time      :          4.80
Presolving model
51358 rows, 162195 cols, 369427 nonzeros
40085 rows, 107058 cols, 261108 nonzeros
40010 rows, 53052 cols, 151196 nonzeros
37665 rows, 49330 cols, 143694 nonzeros
Presolve : Reductions: rows 37665(-792655); columns 49330(-516245); elements 143694(-2167809)
Solving the presolved LP
IPX model has 37665 rows, 49330 columns and 143694 nonzeros
Input
    Number of variables:                                49330
    Number of free variables:                           0
    Number of constraints:                              37665
    Number of equality constraints:                     5764
    Number of matrix entries:                           143694
    Matrix range:                                       [1e-02, 1e+00]
    RHS range:                                          [2e+05, 1e+08]
    Objective range:                                    [2e-04, 1e+06]
    Bounds range:                                       [1e+05, 2e+08]
Preprocessing
    Dualized model:                                     no
    Number of dense columns:                            0
    Range of scaling factors:                           [1.00e+00, 2.00e+00]
IPX version 1.0
Interior Point Solve
 Iter     P.res    D.res            P.obj           D.obj        mu     Time
   0   1.52e+07 1.32e+05   1.00826328e+13 -2.38143822e+16  2.42e+12       0s
   1   3.62e+06 9.14e+04   8.96075242e+15 -1.75925673e+16  1.49e+12       0s
   2   1.40e+06 4.52e+04   1.22131531e+16 -1.08492701e+16  9.70e+11       0s
   3   4.92e+05 1.20e+04   9.36642780e+15 -3.40787523e+15  3.19e+11       0s
   4   1.63e+05 2.22e+03   5.47830881e+15 -8.23402615e+14  9.84e+10       0s
   5   7.97e+04 7.73e+02   3.02376652e+15 -3.58660796e+14  4.62e+10       0s
 Constructing starting basis...
   6   1.86e+04 2.46e+02   1.00878304e+15 -1.69632779e+14  1.57e+10       1s
   7   8.08e+03 1.65e+02   6.39287495e+14 -1.22204558e+14  1.02e+10       1s
   8   2.80e+03 8.42e+01   3.15306043e+14 -5.94031677e+13  5.02e+09       1s
   9   1.41e+03 4.57e+01   2.02268719e+14 -3.41418714e+13  3.13e+09       1s
  10   5.47e+02 1.25e+01   9.49577202e+13 -1.26501749e+13  1.37e+09       1s
  11   1.73e+02 8.21e-01   3.43329884e+13 -1.25903115e+12  4.29e+08       1s
  12   6.73e+01 2.25e-01   1.51867849e+13 -5.04830867e+11  1.88e+08       2s
  13   1.24e+01 4.84e-02   3.20687672e+12 -1.36495822e+11  4.01e+07       2s
  14   3.85e+00 1.85e-02   1.26085671e+12 -6.68963168e+10  1.60e+07       2s
  15   4.22e-01 4.70e-03   1.94383154e+11 -1.71898471e+10  2.56e+06       2s
  16   3.33e-01 3.35e-03   1.77396321e+11 -1.32729975e+10  2.30e+06       2s
  17   2.18e-01 1.14e-03   1.20658038e+11 -2.49881174e+09  1.47e+06       2s
  18   4.36e-02 6.10e-04   8.47342297e+10 -1.98402212e+09  1.03e+06       2s
  19   1.97e-02 1.13e-04   4.29060967e+10  2.14706644e+09  4.82e+05       2s
  20   3.91e-03 1.70e-05   1.42166749e+10  2.98429440e+09  1.32e+05       2s
  21   4.82e-04 8.57e-06   5.85448165e+09  3.20202830e+09  3.13e+04       3s
  22   1.54e-04 2.62e-06   4.42352104e+09  3.39350720e+09  1.21e+04       3s
  23   3.81e-05 1.01e-06   3.83665206e+09  3.45414125e+09  4.51e+03       3s
  24   1.59e-05 3.83e-07   3.66193299e+09  3.48408253e+09  2.09e+03       3s
  25   5.90e-06 1.10e-07   3.56978925e+09  3.49845835e+09  8.40e+02       3s
  26   1.73e-06 2.92e-08   3.52862699e+09  3.50304787e+09  3.01e+02       3s
  27   4.77e-07 8.61e-09   3.51303615e+09  3.50451872e+09  1.00e+02       3s
  28   1.79e-07 1.86e-09   3.50714100e+09  3.50507821e+09  2.43e+01       3s
  29   2.98e-07 6.98e-10   3.50552998e+09  3.50526264e+09  3.15e+00       3s
  30   2.38e-07 2.33e-10   3.50533947e+09  3.50531130e+09  3.32e-01       3s
  31   8.94e-08 2.33e-10   3.50533002e+09  3.50531627e+09  1.62e-01       4s
  32   2.09e-07 2.33e-10   3.50532108e+09  3.50531864e+09  2.87e-02       4s
  33   5.96e-08 2.33e-10   3.50531902e+09  3.50531880e+09  2.69e-03       4s
  34   1.19e-07 2.33e-10   3.50531888e+09  3.50531883e+09  6.06e-04       4s
  35   2.38e-07 2.33e-10   3.50531885e+09  3.50531884e+09  1.68e-04       4s
  36*  6.56e-07 1.16e-10   3.50531884e+09  3.50531884e+09  3.15e-05       4s
Summary
    Runtime:                                            3.85s
    Status interior point solve:                        optimal
    Status crossover:                                   not run
    objective value:                                    3.50531884e+09
    interior solution primal residual (abs/rel):        1.43e-06 / 8.56e-15
    interior solution dual residual (abs/rel):          2.95e-10 / 2.26e-16
    interior solution objective gap (abs/rel):          2.67e+00 / 7.63e-10
Ipx: IPM       optimal
Model   status      : Optimal
IPM       iterations: 36
Objective value     :  3.5139103898e+09
HiGHS run time      :          4.50
Presolving model
51358 rows, 162195 cols, 369427 nonzeros
40085 rows, 107058 cols, 261108 nonzeros
40010 rows, 53052 cols, 151196 nonzeros
37665 rows, 49330 cols, 143694 nonzeros
Presolve : Reductions: rows 37665(-795160); columns 49330(-516245); elements 143694(-2170314)
Solving the presolved LP
IPX model has 37665 rows, 49330 columns and 143694 nonzeros
Input
    Number of variables:                                49330
    Number of free variables:                           0
    Number of constraints:                              37665
    Number of equality constraints:                     5764
    Number of matrix entries:                           143694
    Matrix range:                                       [1e-02, 1e+00]
    RHS range:                                          [2e+05, 1e+08]
    Objective range:                                    [2e-04, 1e+06]
    Bounds range:                                       [1e+05, 2e+08]
Preprocessing
    Dualized model:                                     no
    Number of dense columns:                            0
    Range of scaling factors:                           [1.00e+00, 2.00e+00]
IPX version 1.0
Interior Point Solve
 Iter     P.res    D.res            P.obj           D.obj        mu     Time
   0   1.52e+07 1.32e+05   1.00826328e+13 -2.38143822e+16  2.42e+12       0s
   1   3.62e+06 9.14e+04   8.96075242e+15 -1.75925673e+16  1.49e+12       0s
   2   1.40e+06 4.52e+04   1.22131531e+16 -1.08492701e+16  9.70e+11       0s
   3   4.92e+05 1.20e+04   9.36642780e+15 -3.40787523e+15  3.19e+11       0s
   4   1.63e+05 2.22e+03   5.47830881e+15 -8.23402615e+14  9.84e+10       0s
   5   7.97e+04 7.73e+02   3.02376652e+15 -3.58660796e+14  4.62e+10       0s
 Constructing starting basis...
   6   1.86e+04 2.46e+02   1.00878304e+15 -1.69632779e+14  1.57e+10       1s
   7   8.08e+03 1.65e+02   6.39287495e+14 -1.22204558e+14  1.02e+10       1s
   8   2.80e+03 8.42e+01   3.15306043e+14 -5.94031677e+13  5.02e+09       1s
   9   1.41e+03 4.57e+01   2.02268719e+14 -3.41418714e+13  3.13e+09       1s
  10   5.47e+02 1.25e+01   9.49577202e+13 -1.26501749e+13  1.37e+09       1s
  11   1.73e+02 8.21e-01   3.43329884e+13 -1.25903115e+12  4.29e+08       1s
  12   6.73e+01 2.25e-01   1.51867849e+13 -5.04830867e+11  1.88e+08       2s
  13   1.24e+01 4.84e-02   3.20687672e+12 -1.36495822e+11  4.01e+07       2s
  14   3.85e+00 1.85e-02   1.26085671e+12 -6.68963168e+10  1.60e+07       2s
  15   4.22e-01 4.70e-03   1.94383154e+11 -1.71898471e+10  2.56e+06       2s
  16   3.33e-01 3.35e-03   1.77396321e+11 -1.32729975e+10  2.30e+06       2s
  17   2.18e-01 1.14e-03   1.20658038e+11 -2.49881174e+09  1.47e+06       2s
  18   4.36e-02 6.10e-04   8.47342297e+10 -1.98402212e+09  1.03e+06       2s
  19   1.97e-02 1.13e-04   4.29060967e+10  2.14706644e+09  4.82e+05       2s
  20   3.91e-03 1.70e-05   1.42166749e+10  2.98429440e+09  1.32e+05       2s
  21   4.82e-04 8.57e-06   5.85448165e+09  3.20202830e+09  3.13e+04       3s
  22   1.54e-04 2.62e-06   4.42352104e+09  3.39350720e+09  1.21e+04       3s
  23   3.81e-05 1.01e-06   3.83665206e+09  3.45414125e+09  4.51e+03       3s
  24   1.59e-05 3.83e-07   3.66193299e+09  3.48408253e+09  2.09e+03       3s
  25   5.90e-06 1.10e-07   3.56978925e+09  3.49845835e+09  8.40e+02       3s
  26   1.73e-06 2.92e-08   3.52862699e+09  3.50304787e+09  3.01e+02       3s
  27   4.77e-07 8.61e-09   3.51303615e+09  3.50451872e+09  1.00e+02       3s
  28   1.79e-07 1.86e-09   3.50714100e+09  3.50507821e+09  2.43e+01       3s
  29   2.98e-07 6.98e-10   3.50552998e+09  3.50526264e+09  3.15e+00       3s
  30   2.38e-07 2.33e-10   3.50533947e+09  3.50531130e+09  3.32e-01       3s
  31   8.94e-08 2.33e-10   3.50533002e+09  3.50531627e+09  1.62e-01       4s
  32   2.09e-07 2.33e-10   3.50532108e+09  3.50531864e+09  2.87e-02       4s
  33   5.96e-08 2.33e-10   3.50531902e+09  3.50531880e+09  2.69e-03       4s
  34   1.19e-07 2.33e-10   3.50531888e+09  3.50531883e+09  6.06e-04       4s
  35   2.38e-07 2.33e-10   3.50531885e+09  3.50531884e+09  1.68e-04       4s
  36*  6.56e-07 1.16e-10   3.50531884e+09  3.50531884e+09  3.15e-05       4s
Summary
    Runtime:                                            3.85s
    Status interior point solve:                        optimal
    Status crossover:                                   not run
    objective value:                                    3.50531884e+09
    interior solution primal residual (abs/rel):        1.43e-06 / 8.56e-15
    interior solution dual residual (abs/rel):          2.95e-10 / 2.26e-16
    interior solution objective gap (abs/rel):          2.67e+00 / 7.63e-10
Ipx: IPM       optimal
Model   status      : Optimal
IPM       iterations: 36
Objective value     :  3.5139103898e+09
HiGHS run time      :          4.53
[ Info: Rolling step not specified in scenaio.yaml file; Setting it to 10 years
[ Info: Demand-pathway mapping not specified in scenaio.yaml file; SERA will not look for eligible pathways for different demand types.
[ Info: Production capacity constraints from the grid model not defined. SERA will not create these constraints
[ Info: Regional technology limits not specified in scenaio.yaml file; SERA will not create these constraints
STARTING DATA PRE-PROCESSING 
Processing Temporal Data
Processing Nodes
Processing Demand
Processing Existings
Processing Links
Processing Pathways
Creating Infrastructure options
  4.852012 seconds (32.83 M allocations: 3.874 GiB, 25.56% gc time, 1.65% compilation time)

OPTIMIZING FROM 2026 TO 2035 

STARTING OPTIMIZATION MODEL CREATION
CREATING VARIABLES AND EXPRESSIONS
 12.656337 seconds (93.97 M allocations: 5.846 GiB, 28.99% gc time, 42.37% compilation time)
POPULATING EXPRESSIONS
 16.232307 seconds (70.76 M allocations: 10.897 GiB, 12.33% gc time, 1.11% compilation time)
CREATING CONSTRAINTS
  6.256530 seconds (51.21 M allocations: 2.643 GiB, 14.20% gc time, 16.40% compilation time)
POPULATED CORE OPTIMIZATION MODEL, STARTING ITERATIONS
READING COST DATA FOR ITERATION 1
 10.663753 seconds (43.82 M allocations: 4.153 GiB, 3.81% gc time, 3.23% compilation time)
CREATING EXPRESSIONS FOR CAPITAL AND FIXED COST
  5.828737 seconds (45.16 M allocations: 2.852 GiB, 31.09% gc time, 22.66% compilation time)
BUILDING OBJECTIVE FUNCTION
  2.551952 seconds (17.12 M allocations: 608.105 MiB, 39.85% compilation time)
Optimizing for iteration 1
 40.182615 seconds (17.24 M allocations: 1.597 GiB, 1.52% gc time, 0.06% compilation time)
OPTIMAL
3.157083212075643e9
 =  1.0
READING COST DATA FOR ITERATION 2
 43.362958 seconds (35.94 M allocations: 3.987 GiB, 15.13% gc time, 0.08% compilation time)
CREATING EXPRESSIONS FOR CAPITAL AND FIXED COST
 24.304521 seconds (43.56 M allocations: 2.749 GiB, 87.74% gc time, 0.02% compilation time)
BUILDING OBJECTIVE FUNCTION
  4.191763 seconds (15.82 M allocations: 523.367 MiB, 61.86% gc time)
Optimizing for iteration 2
 25.798092 seconds (5 allocations: 32 bytes)
OPTIMAL
4.990585886763463e9
 =  0.3673922694228973
READING COST DATA FOR ITERATION 3
 44.592543 seconds (35.80 M allocations: 3.986 GiB, 16.85% gc time)
CREATING EXPRESSIONS FOR CAPITAL AND FIXED COST
 23.470117 seconds (43.56 M allocations: 2.749 GiB, 86.81% gc time)
BUILDING OBJECTIVE FUNCTION
  4.288067 seconds (15.82 M allocations: 527.908 MiB, 61.80% gc time)
Optimizing for iteration 3
 25.415515 seconds (2 allocations: 32 bytes)
OPTIMAL
4.1290465137194133e9
 =  0.2086533465248181
READING COST DATA FOR ITERATION 4
 52.458552 seconds (35.79 M allocations: 3.956 GiB, 31.52% gc time)
CREATING EXPRESSIONS FOR CAPITAL AND FIXED COST
 17.815694 seconds (43.56 M allocations: 2.749 GiB, 83.52% gc time)
BUILDING OBJECTIVE FUNCTION
  4.354980 seconds (15.82 M allocations: 523.367 MiB, 62.80% gc time)
Optimizing for iteration 4
 24.799469 seconds (2 allocations: 32 bytes)
OPTIMAL
4.1027427107958355e9
 =  0.0064112728430065005
READING COST DATA FOR ITERATION 5
 52.705414 seconds (35.79 M allocations: 3.959 GiB, 31.88% gc time)
CREATING EXPRESSIONS FOR CAPITAL AND FIXED COST
 18.965840 seconds (43.56 M allocations: 2.749 GiB, 84.26% gc time)
BUILDING OBJECTIVE FUNCTION
  4.331933 seconds (15.82 M allocations: 523.367 MiB, 62.63% gc time)
Optimizing for iteration 5
 25.161035 seconds (2 allocations: 32 bytes)
OPTIMAL
4.0921253771605697e9
 =  0.0025945768168658505
READING COST DATA FOR ITERATION 6
 52.968093 seconds (35.79 M allocations: 3.956 GiB, 32.04% gc time)
CREATING EXPRESSIONS FOR CAPITAL AND FIXED COST
 18.217463 seconds (43.56 M allocations: 2.749 GiB, 83.10% gc time)
BUILDING OBJECTIVE FUNCTION
  4.382938 seconds (15.82 M allocations: 523.367 MiB, 62.55% gc time)
Optimizing for iteration 6
 25.165561 seconds (2 allocations: 32 bytes)
OPTIMAL
4.0921253771605697e9
 =  0.0
ITERATIONS COMPLETED
WRITING RESULTS TO FILE
  4.247019 seconds (10.13 M allocations: 459.209 MiB, 66.06% gc time, 14.18% compilation time)

OPTIMIZING FROM 2036 TO 2040 

STARTING OPTIMIZATION MODEL CREATION
CREATING VARIABLES AND EXPRESSIONS
 27.185624 seconds (43.17 M allocations: 2.626 GiB, 90.73% gc time, 0.72% compilation time)
POPULATING EXPRESSIONS
  7.793226 seconds (19.63 M allocations: 2.998 GiB, 47.82% gc time)
CREATING CONSTRAINTS
  9.363564 seconds (24.88 M allocations: 1.273 GiB, 71.87% gc time, 0.06% compilation time)
POPULATED CORE OPTIMIZATION MODEL, STARTING ITERATIONS
READING COST DATA FOR ITERATION 1
 14.649907 seconds (17.89 M allocations: 2.035 GiB, 65.71% gc time)
CREATING EXPRESSIONS FOR CAPITAL AND FIXED COST
  3.725242 seconds (11.36 M allocations: 740.136 MiB, 79.74% gc time)
BUILDING OBJECTIVE FUNCTION
  6.996198 seconds (7.46 M allocations: 245.250 MiB, 90.06% gc time)
Optimizing for iteration 1
 14.779089 seconds (8.96 M allocations: 819.907 MiB, 46.50% gc time)
OPTIMAL
3.928191936179921e13
 =  1.0
READING COST DATA FOR ITERATION 2
 23.412793 seconds (18.03 M allocations: 1.982 GiB, 55.13% gc time)
CREATING EXPRESSIONS FOR CAPITAL AND FIXED COST
  4.052594 seconds (11.36 M allocations: 740.136 MiB, 80.87% gc time)
BUILDING OBJECTIVE FUNCTION
  0.651012 seconds (7.46 M allocations: 256.847 MiB)
Optimizing for iteration 2
  4.807920 seconds (5 allocations: 11.968 MiB)
OPTIMAL
3.570479404843501e9
 =  11000.86134907028
READING COST DATA FOR ITERATION 3
 23.485148 seconds (18.00 M allocations: 1.984 GiB, 55.23% gc time)
CREATING EXPRESSIONS FOR CAPITAL AND FIXED COST
  4.088430 seconds (11.36 M allocations: 740.136 MiB, 80.31% gc time)
BUILDING OBJECTIVE FUNCTION
  0.649307 seconds (7.46 M allocations: 256.847 MiB)
Optimizing for iteration 3
  4.513254 seconds (2 allocations: 32 bytes)
OPTIMAL
3.513910389806402e9
 =  0.01609859352167269
READING COST DATA FOR ITERATION 4
 23.645725 seconds (18.00 M allocations: 1.982 GiB, 55.14% gc time)
CREATING EXPRESSIONS FOR CAPITAL AND FIXED COST
  4.068677 seconds (11.36 M allocations: 740.136 MiB, 81.08% gc time)
BUILDING OBJECTIVE FUNCTION
  0.654715 seconds (7.46 M allocations: 256.847 MiB)
Optimizing for iteration 4
  4.539890 seconds (2 allocations: 32 bytes)
OPTIMAL
3.513910389806402e9
 =  0.0
ITERATIONS COMPLETED
WRITING RESULTS TO FILE
  5.369624 seconds (8.63 M allocations: 423.888 MiB, 69.19% gc time, 76.15% compilation time)

THE OPTIMIZATION PROBLEM TOOK 13.97 MINUTES TO SOLVE. 
