Running HiGHS 1.6.0: Copyright (c) 2023 HiGHS under MIT licence terms
Presolving model
1205112 rows, 2658686 cols, 6784502 nonzeros
921925 rows, 1794043 cols, 5053149 nonzeros
913766 rows, 1032322 cols, 3525878 nonzeros
904241 rows, 1022144 cols, 3505537 nonzeros
Presolve : Reductions: rows 904241(-9326526); columns 1022144(-5887878); elements 3505537(-35736117)
Solving the presolved LP
IPX model has 904241 rows, 1022144 columns and 3505537 nonzeros
Input
    Number of variables:                                1022144
    Number of free variables:                           0
    Number of constraints:                              904241
    Number of equality constraints:                     56190
    Number of matrix entries:                           3505537
    Matrix range:                                       [1e-02, 1e+00]
    RHS range:                                          [2e+05, 1e+08]
    Objective range:                                    [2e-04, 3e+02]
    Bounds range:                                       [7e+05, 9e+07]
Preprocessing
    Dualized model:                                     no
    Number of dense columns:                            0
    Range of scaling factors:                           [1.00e+00, 2.00e+00]
IPX version 1.0
Interior Point Solve
 Iter     P.res    D.res            P.obj           D.obj        mu     Time
   0   1.77e+07 6.74e+01   8.15058446e+09 -1.82849244e+14  1.29e+09       0s
   1   7.03e+06 5.56e+01   1.61700727e+13 -1.58734955e+14  1.15e+09       2s
   2   4.01e+06 4.92e+01   2.73950562e+13 -1.50697238e+14  1.30e+09       5s
   3   1.52e+06 1.56e+01   2.87341553e+13 -5.36188750e+13  4.29e+08       8s
   4   5.60e+05 9.38e+00   2.96120106e+13 -3.78106837e+13  2.90e+08      13s
   5   2.58e+05 4.99e+00   2.81408303e+13 -2.43481873e+13  1.71e+08      22s
 Constructing starting basis...
   6   6.30e+04 2.62e+00   2.37609711e+13 -1.51586708e+13  1.02e+08      53s
   7   6.53e+03 6.75e-01   1.46730627e+13 -4.12770816e+12  2.79e+07      74s
   8   1.22e+03 2.22e-01   8.33973418e+12 -1.63521812e+12  9.97e+06     103s
   9   9.44e+02 1.23e-01   7.62246799e+12 -1.19784232e+12  7.13e+06     127s
  10   7.33e+02 5.58e-02   6.50202729e+12 -6.66868311e+11  4.74e+06     146s
  11   4.91e+02 3.76e-02   4.71183224e+12 -4.75850914e+11  3.23e+06     166s
  12   2.27e+02 1.16e-02   2.49601334e+12 -1.72584388e+11  1.48e+06     185s
  13   5.94e+01 4.26e-03   8.69699612e+11 -7.49130755e+10  5.01e+05     202s
  14   1.12e+01 2.54e-03   4.40422909e+11 -5.40805048e+10  2.60e+05     216s
  15   3.46e+00 1.24e-03   2.61594512e+11 -3.15711101e+10  1.52e+05     230s
  16   2.29e+00 6.23e-04   2.00855670e+11 -1.60201514e+10  1.12e+05     244s
  17   1.05e+00 3.37e-04   1.36459506e+11 -7.68038738e+09  7.39e+04     259s
  18   4.80e-01 1.84e-04   9.79615459e+10 -2.39817236e+09  5.13e+04     275s
  19   3.48e-01 1.10e-04   8.36256984e+10  8.02203064e+08  4.23e+04     296s
  20   2.95e-01 8.19e-05   7.45444705e+10  2.54570794e+09  3.68e+04     318s
  21   1.70e-01 5.42e-05   5.18164690e+10  4.35212451e+09  2.42e+04     341s
  22   1.24e-01 3.41e-05   4.45919826e+10  5.49435607e+09  2.00e+04     369s
  23   9.14e-02 1.82e-05   3.75449893e+10  6.71791746e+09  1.57e+04     397s
  24   8.35e-02 1.28e-05   3.57368743e+10  7.13914393e+09  1.46e+04     429s
  25   7.33e-02 1.19e-05   3.27637273e+10  7.25841217e+09  1.30e+04     455s
  26   5.96e-02 3.29e-06   3.08322170e+10  7.48942859e+09  1.19e+04     478s
  27   3.39e-02 1.49e-06   2.48333091e+10  7.85724500e+09  8.66e+03     502s
  28   2.98e-02 9.10e-07   2.33452656e+10  8.14077585e+09  7.76e+03     532s
  29   2.48e-02 6.41e-07   2.24645277e+10  8.11572449e+09  7.32e+03     559s
  30   2.16e-02 1.32e-07   2.16403449e+10  8.22784093e+09  6.84e+03     581s
  31   1.59e-02 9.61e-08   1.86718192e+10  8.38146647e+09  5.25e+03     603s
  32   8.10e-03 4.13e-08   1.67196191e+10  8.39089967e+09  4.25e+03     629s
  33   4.01e-03 2.52e-08   1.33935522e+10  8.55749168e+09  2.47e+03     652s
  34   2.90e-03 1.29e-08   1.25298680e+10  8.67650222e+09  1.97e+03     678s
  35   2.34e-03 1.06e-08   1.19743030e+10  8.70826950e+09  1.67e+03     702s
  36   1.68e-03 7.52e-09   1.13276052e+10  8.74940348e+09  1.32e+03     721s
  37   1.39e-03 5.31e-09   1.12320049e+10  8.75328916e+09  1.26e+03     741s
  38   8.52e-04 2.54e-09   1.09549703e+10  8.76917373e+09  1.12e+03     760s
  39   6.40e-04 1.74e-09   1.05300422e+10  8.80616804e+09  8.79e+02     777s
  40   4.21e-04 9.96e-10   1.01672878e+10  8.83256173e+09  6.81e+02     795s
  41   3.11e-04 4.97e-10   9.98461413e+09  8.85026513e+09  5.79e+02     812s
  42   2.58e-04 4.05e-10   9.87557561e+09  8.85530710e+09  5.21e+02     830s
  43   1.36e-04 1.88e-10   9.51118023e+09  8.87692253e+09  3.24e+02     846s
  44   9.98e-05 1.24e-10   9.46000949e+09  8.87826965e+09  2.97e+02     862s
  45   8.52e-05 1.00e-10   9.38958560e+09  8.88347720e+09  2.58e+02     878s
  46   3.97e-05 5.67e-11   9.16893339e+09  8.89291266e+09  1.41e+02     893s
  47   3.03e-05 4.54e-11   9.15639801e+09  8.89346399e+09  1.34e+02     908s
  48   1.63e-05 2.15e-11   9.06937450e+09  8.90000662e+09  8.64e+01     923s
  49   1.01e-05 1.55e-11   9.01925842e+09  8.90225620e+09  5.97e+01     938s
  50   5.95e-06 1.09e-11   8.98692723e+09  8.90390858e+09  4.24e+01     952s
  51   3.99e-06 5.97e-12   8.97352075e+09  8.90552452e+09  3.47e+01     967s
  52   3.58e-06 4.21e-12   8.96824576e+09  8.90655850e+09  3.15e+01     982s
  53   2.00e-06 3.30e-12   8.94605485e+09  8.90716794e+09  1.98e+01     996s
  54   1.52e-06 1.59e-12   8.93867601e+09  8.90844988e+09  1.54e+01    1009s
  55   7.75e-07 2.84e-13   8.92870428e+09  8.90918217e+09  9.96e+00    1023s
  56   4.77e-07 1.42e-13   8.91181378e+09  8.90969704e+09  1.08e+00    1036s
  57   1.49e-07 1.14e-13   8.91007893e+09  8.90984701e+09  1.18e-01    1050s
  58   1.79e-07 1.14e-13   8.90988081e+09  8.90987093e+09  5.04e-03    1065s
  59   2.09e-07 1.71e-13   8.90987694e+09  8.90987632e+09  3.15e-04    1081s
  60   2.09e-07 8.53e-14   8.90987645e+09  8.90987643e+09  1.13e-05    1096s
  61*  3.58e-07 1.14e-13   8.90987644e+09  8.90987644e+09  4.51e-07    1110s
Summary
    Runtime:                                            1109.61s
    Status interior point solve:                        optimal
    Status crossover:                                   not run
    objective value:                                    8.90987644e+09
    interior solution primal residual (abs/rel):        6.56e-07 / 5.90e-15
    interior solution dual residual (abs/rel):          1.06e-10 / 3.20e-13
    interior solution objective gap (abs/rel):          7.79e-01 / 8.75e-11
Ipx: IPM       optimal
Model   status      : Optimal
IPM       iterations: 61
Objective value     :  8.9098764354e+09
HiGHS run time      :       1122.69
Presolving model
1205112 rows, 2658686 cols, 6784502 nonzeros
921925 rows, 1794043 cols, 5053149 nonzeros
913766 rows, 1032322 cols, 3525878 nonzeros
904241 rows, 1022144 cols, 3505537 nonzeros
Presolve : Reductions: rows 904241(-9356586); columns 1022144(-5887878); elements 3505537(-35766177)
Solving the presolved LP
IPX model has 904241 rows, 1022144 columns and 3505537 nonzeros
Input
    Number of variables:                                1022144
    Number of free variables:                           0
    Number of constraints:                              904241
    Number of equality constraints:                     56190
    Number of matrix entries:                           3505537
    Matrix range:                                       [1e-02, 1e+00]
    RHS range:                                          [2e+05, 1e+08]
    Objective range:                                    [2e-04, 1e+07]
    Bounds range:                                       [7e+05, 9e+07]
Preprocessing
    Dualized model:                                     no
    Number of dense columns:                            0
    Range of scaling factors:                           [1.00e+00, 2.00e+00]
IPX version 1.0
Interior Point Solve
 Iter     P.res    D.res            P.obj           D.obj        mu     Time
   0   1.77e+07 2.86e+06   2.16116544e+14 -7.75431769e+18  5.47e+13       0s
   1   7.02e+06 2.38e+06   7.14472137e+17 -6.78228044e+18  4.94e+13       2s
   2   3.87e+06 2.08e+06   1.20973419e+18 -6.39738476e+18  5.57e+13       5s
   3   1.53e+06 6.78e+05   1.25872905e+18 -2.33696059e+18  1.89e+13       8s
   4   5.88e+05 4.09e+05   1.29454040e+18 -1.66209043e+18  1.28e+13      14s
   5   2.73e+05 2.19e+05   1.23297549e+18 -1.08946531e+18  7.62e+12      23s
 Constructing starting basis...
   6   1.01e+05 1.27e+05   1.09543026e+18 -7.44768611e+17  5.01e+12      54s
   7   9.53e+03 3.75e+04   6.91654393e+17 -2.45749238e+17  1.54e+12      77s
   8   9.53e-03 1.84e+04   3.86028354e+17 -1.41830252e+17  7.01e+11     102s
   9   4.56e-03 6.65e+03   2.97165810e+17 -6.43244328e+16  3.22e+11     124s
  10   4.24e-03 4.46e+03   2.93372724e+17 -5.49905970e+16  2.70e+11     148s
  11   2.59e-03 1.99e+03   2.14325316e+17 -2.85757651e+16  1.58e+11     171s
  12   2.03e-03 1.03e+03   1.85978654e+17 -1.92768487e+16  1.21e+11     199s
  13   1.27e-03 5.24e+02   1.22419959e+17 -1.04250794e+16  7.42e+10     222s
  14   6.93e-04 2.03e+02   7.17144340e+16 -4.59617471e+15  4.08e+10     245s
  15   1.87e-04 6.26e+01   2.37897934e+16 -1.73716581e+15  1.34e+10     264s
  16   8.58e-05 1.87e+01   1.23416846e+16 -6.67128194e+14  6.75e+09     280s
  17   3.87e-05 1.13e+01   8.54815006e+15 -5.72558504e+14  4.76e+09     297s
  18   7.99e-06 7.17e+00   2.79467581e+15 -3.98062452e+14  1.71e+09     315s
  19   3.93e-06 4.10e+00   1.77894589e+15 -2.47669203e+14  1.08e+09     332s
  20   2.98e-06 2.27e+00   1.46520242e+15 -1.50923129e+14  8.52e+08     350s
  21   1.01e-06 1.26e+00   5.62590773e+14 -8.64894035e+13  3.46e+08     368s
  22   5.96e-07 6.19e-01   1.28566641e+14 -4.37366609e+13  9.47e+07     387s
  23   4.77e-07 2.02e-01   6.29273211e+13 -1.56273604e+13  4.23e+07     406s
  24   5.36e-07 7.96e-02   2.62518898e+13 -6.60223201e+12  1.76e+07     423s
  25   5.96e-07 2.67e-02   1.03774224e+13 -2.53518921e+12  6.84e+06     440s
  26   5.96e-07 1.19e-02   6.89480155e+12 -1.28384662e+12  4.28e+06     458s
  27   5.36e-07 6.66e-03   4.73273846e+12 -7.69751921e+11  2.86e+06     476s
  28   3.58e-07 3.07e-03   2.51053677e+12 -3.96281104e+11  1.50e+06     493s
  29   4.77e-07 1.67e-03   1.61969082e+12 -2.29179696e+11  9.50e+05     510s
  30   3.58e-07 8.69e-04   1.18743602e+12 -1.27947280e+11  6.74e+05     526s
  31   3.58e-07 7.86e-04   1.09212823e+12 -1.18679382e+11  6.20e+05     543s
  32   3.58e-07 7.31e-04   1.01366225e+12 -1.12529909e+11  5.77e+05     559s
  33   4.17e-07 5.78e-04   9.04061756e+11 -9.43460391e+10  5.11e+05     575s
  34   3.58e-07 2.75e-04   6.94616580e+11 -4.43030931e+10  3.78e+05     590s
  35   3.58e-07 2.30e-04   6.34334314e+11 -3.88360988e+10  3.44e+05     605s
  36   3.58e-07 1.57e-04   5.43667555e+11 -2.86003742e+10  2.92e+05     619s
  37   3.58e-07 1.19e-04   4.79084711e+11 -2.37181221e+10  2.57e+05     633s
  38   2.68e-07 6.84e-05   2.93347867e+11 -1.22631750e+10  1.56e+05     647s
  39   2.98e-07 3.56e-05   1.58750562e+11 -3.05132871e+09  8.26e+04     663s
  40   3.58e-07 1.62e-05   1.01624626e+11  4.20665815e+09  4.97e+04     678s
  41   1.94e-07 5.24e-06   7.71962836e+10  7.94423424e+09  3.53e+04     693s
  42   1.79e-07 2.15e-06   3.98291749e+10  1.02948828e+10  1.51e+04     707s
  43   5.07e-07 1.04e-06   2.71805660e+10  1.10952375e+10  8.21e+03     721s
  44   3.87e-07 3.84e-07   1.99353644e+10  1.17367172e+10  4.18e+03     734s
  45   3.58e-07 1.29e-07   1.50679834e+10  1.20058762e+10  1.56e+03     747s
  46   2.09e-07 4.28e-08   1.37001136e+10  1.21261232e+10  8.03e+02     759s
  47   2.09e-07 2.05e-08   1.29003326e+10  1.21765685e+10  3.69e+02     771s
  48   3.58e-07 1.12e-08   1.24486588e+10  1.22063669e+10  1.24e+02     783s
  49   4.77e-07 5.59e-09   1.22947878e+10  1.22180886e+10  3.91e+01     794s
  50   1.79e-07 3.73e-09   1.22426814e+10  1.22260792e+10  8.47e+00     805s
  51   1.79e-07 3.73e-09   1.22292693e+10  1.22277121e+10  7.94e-01     815s
  52   3.87e-07 3.73e-09   1.22280962e+10  1.22279748e+10  6.19e-02     826s
  53   3.28e-07 3.73e-09   1.22280179e+10  1.22280044e+10  6.91e-03     837s
  54   5.66e-07 3.73e-09   1.22280096e+10  1.22280088e+10  4.21e-04     848s
  55   1.67e-06 1.86e-09   1.22280092e+10  1.22280091e+10  3.22e-05     859s
  56*  1.19e-06 1.86e-09   1.22280092e+10  1.22280092e+10  1.58e-06     871s
Summary
    Runtime:                                            870.85s
    Status interior point solve:                        optimal
    Status crossover:                                   not run
    objective value:                                    1.22280092e+10
    interior solution primal residual (abs/rel):        4.92e-07 / 4.43e-15
    interior solution dual residual (abs/rel):          9.31e-10 / 9.62e-17
    interior solution objective gap (abs/rel):          2.71e+00 / 2.22e-10
Ipx: IPM       optimal
Model   status      : Optimal
IPM       iterations: 56
Objective value     :  1.2228009182e+10
HiGHS run time      :        884.02
Presolving model
1205112 rows, 2658686 cols, 6784502 nonzeros
921925 rows, 1794043 cols, 5053149 nonzeros
913766 rows, 1032322 cols, 3525878 nonzeros
904241 rows, 1022144 cols, 3505537 nonzeros
Presolve : Reductions: rows 904241(-9386646); columns 1022144(-5887878); elements 3505537(-35796237)
Solving the presolved LP
IPX model has 904241 rows, 1022144 columns and 3505537 nonzeros
Input
    Number of variables:                                1022144
    Number of free variables:                           0
    Number of constraints:                              904241
    Number of equality constraints:                     56190
    Number of matrix entries:                           3505537
    Matrix range:                                       [1e-02, 1e+00]
    RHS range:                                          [2e+05, 1e+08]
    Objective range:                                    [2e-04, 1e+07]
    Bounds range:                                       [7e+05, 9e+07]
Preprocessing
    Dualized model:                                     no
    Number of dense columns:                            0
    Range of scaling factors:                           [1.00e+00, 2.00e+00]
IPX version 1.0
Interior Point Solve
 Iter     P.res    D.res            P.obj           D.obj        mu     Time
   0   1.77e+07 2.86e+06   2.23489307e+14 -7.74775519e+18  5.47e+13       0s
   1   7.02e+06 2.38e+06   7.19813212e+17 -6.77630325e+18  4.94e+13       2s
   2   3.87e+06 2.08e+06   1.21858630e+18 -6.39222081e+18  5.56e+13       5s
   3   1.52e+06 6.77e+05   1.26879361e+18 -2.33529998e+18  1.89e+13       8s
   4   5.84e+05 4.08e+05   1.30516095e+18 -1.65833716e+18  1.28e+13      14s
   5   2.71e+05 2.19e+05   1.24425147e+18 -1.08821705e+18  7.61e+12      24s
 Constructing starting basis...
   6   9.86e+04 1.26e+05   1.10402772e+18 -7.40479944e+17  4.97e+12      56s
   7   9.65e+03 3.76e+04   7.00391599e+17 -2.46604137e+17  1.54e+12      78s
   8   9.65e-03 1.84e+04   3.90742170e+17 -1.41419688e+17  6.96e+11     104s
   9   4.62e-03 6.62e+03   3.01213173e+17 -6.41836736e+16  3.21e+11     128s
  10   4.30e-03 4.45e+03   2.97340153e+17 -5.48720527e+16  2.70e+11     153s
  11   2.63e-03 2.00e+03   2.17121906e+17 -2.85533046e+16  1.59e+11     175s
  12   2.07e-03 1.03e+03   1.88709942e+17 -1.91239515e+16  1.22e+11     201s
  13   1.30e-03 5.32e+02   1.24813237e+17 -1.05287543e+16  7.52e+10     223s
  14   7.06e-04 2.07e+02   7.26351144e+16 -4.62943897e+15  4.11e+10     242s
  15   1.91e-04 6.49e+01   2.40974207e+16 -1.76188165e+15  1.35e+10     260s
  16   1.16e-04 3.84e+01   1.57650519e+16 -1.12587881e+15  8.81e+09     275s
  17   4.11e-05 2.19e+01   6.84742359e+15 -6.93002450e+14  3.96e+09     290s
  18   1.53e-05 1.32e+01   4.31371416e+15 -4.92180303e+14  2.54e+09     307s
  19   5.01e-06 7.81e+00   1.79157742e+15 -2.95992634e+14  1.12e+09     323s
  20   2.98e-06 5.60e+00   1.34732368e+15 -2.20187104e+14  8.41e+08     341s
  21   1.10e-06 3.14e+00   6.42935960e+14 -1.26231150e+14  4.17e+08     358s
  22   6.56e-07 2.09e+00   4.12397347e+14 -8.62541702e+13  2.71e+08     377s
  23   5.36e-07 1.02e+00   2.72418248e+14 -4.48653609e+13  1.70e+08     393s
  24   4.77e-07 3.69e-01   1.12035895e+14 -1.71957991e+13  6.88e+07     409s
  25   4.47e-07 1.80e-01   5.97209559e+13 -9.04278507e+12  3.65e+07     425s
  26   3.87e-07 7.28e-02   3.41932819e+13 -3.80732770e+12  1.99e+07     441s
  27   2.98e-07 3.28e-02   2.45772239e+13 -1.77022585e+12  1.37e+07     457s
  28   3.58e-07 1.29e-02   1.05399014e+13 -7.23803779e+11  5.82e+06     471s
  29   2.98e-07 6.04e-03   5.37266526e+12 -3.52185413e+11  2.95e+06     486s
  30   4.17e-07 3.39e-03   3.61726258e+12 -2.65291712e+11  2.00e+06     500s
  31   4.17e-07 8.76e-04   2.67524797e+12 -9.42306866e+10  1.42e+06     515s
  32   3.28e-07 4.45e-04   1.32385934e+12 -5.66599308e+10  7.06e+05     530s
  33   2.98e-07 2.20e-04   9.13750089e+11 -3.93326021e+10  4.87e+05     543s
  34   2.83e-07 1.05e-04   6.04226376e+11 -2.66584363e+10  3.22e+05     558s
  35   2.98e-07 4.74e-05   3.63583890e+11 -1.11232520e+10  1.91e+05     572s
  36   2.68e-07 2.31e-05   2.20347339e+11 -5.57845323e+09  1.15e+05     586s
  37   2.98e-07 7.75e-06   8.31277108e+10  1.93709172e+09  4.14e+04     601s
  38   3.28e-07 4.97e-06   5.56694055e+10  3.67456204e+09  2.65e+04     616s
  39   2.68e-07 1.89e-06   2.67371607e+10  6.71823051e+09  1.02e+04     630s
  40   2.68e-07 9.29e-07   1.77524569e+10  7.70387039e+09  5.13e+03     643s
  41   1.19e-07 3.00e-07   1.26546759e+10  8.48170424e+09  2.13e+03     657s
  42   1.79e-07 1.38e-07   1.08742544e+10  8.72765930e+09  1.10e+03     670s
  43   2.09e-07 5.87e-08   9.91747306e+09  8.83780941e+09  5.51e+02     682s
  44   1.79e-07 2.24e-08   9.30298967e+09  8.90686830e+09  2.02e+02     694s
  45   1.79e-07 9.31e-09   9.07517859e+09  8.93296647e+09  7.26e+01     706s
  46   4.17e-07 3.73e-09   8.98105297e+09  8.94364057e+09  1.91e+01     718s
  47   3.28e-07 3.73e-09   8.95758619e+09  8.94616020e+09  5.83e+00     728s
  48   6.56e-07 3.73e-09   8.95281532e+09  8.94698943e+09  2.97e+00     739s
  49   5.07e-07 3.73e-09   8.94925876e+09  8.94719829e+09  1.05e+00     749s
  50   4.17e-07 5.59e-09   8.94845574e+09  8.94721483e+09  6.33e-01     758s
  51   4.47e-07 3.73e-09   8.94741073e+09  8.94726859e+09  7.25e-02     768s
  52   2.98e-07 3.73e-09   8.94733405e+09  8.94727939e+09  2.79e-02     778s
  53   2.09e-07 3.73e-09   8.94729282e+09  8.94728352e+09  4.74e-03     787s
  54   2.09e-07 3.73e-09   8.94728505e+09  8.94728432e+09  3.75e-04     797s
  55   1.25e-06 1.86e-09   8.94728442e+09  8.94728436e+09  3.53e-05     806s
  56*  1.52e-06 9.31e-10   8.94728437e+09  8.94728436e+09  3.51e-06     813s
Summary
    Runtime:                                            812.87s
    Status interior point solve:                        optimal
    Status crossover:                                   not run
    objective value:                                    8.94728437e+09
    interior solution primal residual (abs/rel):        1.40e-06 / 1.26e-14
    interior solution dual residual (abs/rel):          9.31e-10 / 9.62e-17
    interior solution objective gap (abs/rel):          6.51e+00 / 7.27e-10
Ipx: IPM       optimal
Model   status      : Optimal
IPM       iterations: 56
Objective value     :  8.9472843668e+09
HiGHS run time      :        826.07
Presolving model
1205112 rows, 2658686 cols, 6784502 nonzeros
921925 rows, 1794043 cols, 5053149 nonzeros
913766 rows, 1032322 cols, 3525878 nonzeros
904241 rows, 1022144 cols, 3505537 nonzeros
Presolve : Reductions: rows 904241(-9416706); columns 1022144(-5887878); elements 3505537(-35826297)
Solving the presolved LP
IPX model has 904241 rows, 1022144 columns and 3505537 nonzeros
Input
    Number of variables:                                1022144
    Number of free variables:                           0
    Number of constraints:                              904241
    Number of equality constraints:                     56190
    Number of matrix entries:                           3505537
    Matrix range:                                       [1e-02, 1e+00]
    RHS range:                                          [2e+05, 1e+08]
    Objective range:                                    [2e-04, 1e+07]
    Bounds range:                                       [7e+05, 9e+07]
Preprocessing
    Dualized model:                                     no
    Number of dense columns:                            0
    Range of scaling factors:                           [1.00e+00, 2.00e+00]
IPX version 1.0
Interior Point Solve
 Iter     P.res    D.res            P.obj           D.obj        mu     Time
   0   1.77e+07 2.86e+06   2.23912183e+14 -7.74722571e+18  5.47e+13       1s
   1   7.02e+06 2.38e+06   7.20038116e+17 -6.77582033e+18  4.94e+13       2s
   2   3.87e+06 2.08e+06   1.21895350e+18 -6.39178426e+18  5.56e+13       5s
   3   1.52e+06 6.77e+05   1.26919975e+18 -2.33496095e+18  1.89e+13       8s
   4   5.84e+05 4.08e+05   1.30557666e+18 -1.65811597e+18  1.28e+13      14s
   5   2.71e+05 2.19e+05   1.24468731e+18 -1.08807875e+18  7.61e+12      23s
 Constructing starting basis...
   6   9.86e+04 1.26e+05   1.10456666e+18 -7.40602502e+17  4.97e+12      56s
   7   9.02e+03 3.74e+04   6.97952137e+17 -2.45298408e+17  1.53e+12      78s
   8   9.02e-03 1.83e+04   3.88851509e+17 -1.40489725e+17  6.91e+11     105s
   9   4.38e-03 6.69e+03   3.01335932e+17 -6.46626311e+16  3.23e+11     128s
  10   4.06e-03 4.41e+03   2.96679306e+17 -5.42778728e+16  2.68e+11     153s
  11   2.16e-03 2.02e+03   1.96906208e+17 -2.80362795e+16  1.46e+11     177s
  12   1.53e-03 9.80e+02   1.63094158e+17 -1.82752676e+16  1.06e+11     203s
  13   8.34e-04 4.31e+02   9.74393196e+16 -8.84768065e+15  5.86e+10     228s
  14   4.26e-04 1.78e+02   5.40811863e+16 -4.06217124e+15  3.09e+10     248s
  15   1.21e-04 6.87e+01   1.92981725e+16 -1.81498130e+15  1.11e+10     265s
  16   4.22e-05 3.87e+01   8.52069299e+15 -1.09796832e+15  5.09e+09     281s
  17   1.36e-05 2.18e+01   4.61520569e+15 -6.95713535e+14  2.83e+09     297s
  18   7.45e-06 1.25e+01   3.14364482e+15 -4.25728410e+14  1.89e+09     314s
  19   3.10e-06 8.75e+00   1.61346281e+15 -2.99720639e+14  1.03e+09     332s
  20   1.43e-06 6.41e+00   1.26559703e+15 -2.33158000e+14  8.11e+08     351s
  21   5.07e-07 3.56e+00   5.71987127e+14 -1.31814350e+14  3.86e+08     368s
  22   4.77e-07 2.80e+00   5.19949601e+14 -1.05248892e+14  3.40e+08     387s
  23   3.58e-07 2.01e+00   2.69130780e+14 -7.64982474e+13  1.91e+08     404s
  24   4.17e-07 9.03e-01   1.04184033e+14 -3.52432473e+13  7.77e+07     420s
  25   4.47e-07 2.75e-01   4.99040399e+13 -1.18602491e+13  3.35e+07     437s
  26   4.17e-07 7.19e-02   1.70174159e+13 -3.49945579e+12  1.10e+07     453s
  27   3.58e-07 3.57e-02   1.03423677e+13 -1.84614274e+12  6.45e+06     471s
  28   3.58e-07 2.71e-02   8.61744663e+12 -1.48481617e+12  5.34e+06     487s
  29   4.17e-07 4.31e-03   3.99208228e+12 -3.00579986e+11  2.21e+06     504s
  30   3.58e-07 1.65e-03   2.46789060e+12 -1.55961304e+11  1.35e+06     520s
  31   3.58e-07 4.76e-04   1.72586196e+12 -7.47221451e+10  9.20e+05     535s
  32   2.68e-07 1.86e-04   8.98521608e+11 -3.13359315e+10  4.75e+05     550s
  33   3.28e-07 1.48e-04   6.92087278e+11 -2.89609279e+10  3.68e+05     565s
  34   3.87e-07 6.29e-05   3.44248858e+11 -1.36771861e+10  1.83e+05     579s
  35   6.26e-07 2.72e-05   1.62507387e+11 -3.94591719e+09  8.49e+04     594s
  36   1.49e-07 1.12e-05   8.50680431e+10  2.33460255e+09  4.22e+04     609s
  37   1.19e-07 7.03e-06   5.83883179e+10  3.86694656e+09  2.78e+04     623s
  38   7.75e-07 3.23e-06   2.60059418e+10  6.30730074e+09  1.01e+04     637s
  39   2.98e-07 1.24e-06   2.01748693e+10  7.51884791e+09  6.46e+03     651s
  40   1.19e-07 3.59e-07   1.17905487e+10  8.32048419e+09  1.77e+03     664s
  41   2.09e-07 1.60e-07   1.04269800e+10  8.54817461e+09  9.59e+02     678s
  42   2.68e-07 6.98e-08   9.58439003e+09  8.64861380e+09  4.77e+02     691s
  43   4.47e-07 2.79e-08   9.06563200e+09  8.71143770e+09  1.81e+02     704s
  44   4.47e-07 1.12e-08   8.86141442e+09  8.73511330e+09  6.44e+01     716s
  45   3.28e-07 5.59e-09   8.78301051e+09  8.74498727e+09  1.94e+01     728s
  46   1.64e-07 3.73e-09   8.75897688e+09  8.74759557e+09  5.81e+00     739s
  47   1.49e-07 3.73e-09   8.74997768e+09  8.74840800e+09  8.01e-01     749s
  48   3.28e-07 3.73e-09   8.74940858e+09  8.74852008e+09  4.53e-01     760s
  49   1.79e-07 3.73e-09   8.74914720e+09  8.74856172e+09  2.99e-01     770s
  50   1.79e-07 3.73e-09   8.74863723e+09  8.74858410e+09  2.71e-02     781s
  51   2.38e-07 3.73e-09   8.74859437e+09  8.74858921e+09  2.63e-03     791s
  52   2.98e-07 3.73e-09   8.74859105e+09  8.74858943e+09  8.26e-04     801s
  53   9.54e-07 1.86e-09   8.74859070e+09  8.74859054e+09  8.17e-05     813s
  54   2.09e-06 1.86e-09   8.74859062e+09  8.74859060e+09  1.27e-05     824s
  55*  4.77e-07 1.86e-09   8.74859061e+09  8.74859061e+09  2.74e-06     831s
Summary
    Runtime:                                            830.74s
    Status interior point solve:                        optimal
    Status crossover:                                   not run
    objective value:                                    8.74859061e+09
    interior solution primal residual (abs/rel):        4.17e-07 / 3.76e-15
    interior solution dual residual (abs/rel):          9.31e-10 / 9.62e-17
    interior solution objective gap (abs/rel):          3.73e+00 / 4.26e-10
Ipx: IPM       optimal
Model   status      : Optimal
IPM       iterations: 55
Objective value     :  8.7485906087e+09
HiGHS run time      :        844.04
Presolving model
1205112 rows, 2658686 cols, 6784502 nonzeros
921925 rows, 1794043 cols, 5053149 nonzeros
913766 rows, 1032322 cols, 3525878 nonzeros
904241 rows, 1022144 cols, 3505537 nonzeros
Presolve : Reductions: rows 904241(-9446766); columns 1022144(-5887878); elements 3505537(-35856357)
Solving the presolved LP
IPX model has 904241 rows, 1022144 columns and 3505537 nonzeros
Input
    Number of variables:                                1022144
    Number of free variables:                           0
    Number of constraints:                              904241
    Number of equality constraints:                     56190
    Number of matrix entries:                           3505537
    Matrix range:                                       [1e-02, 1e+00]
    RHS range:                                          [2e+05, 1e+08]
    Objective range:                                    [2e-04, 1e+07]
    Bounds range:                                       [7e+05, 9e+07]
Preprocessing
    Dualized model:                                     no
    Number of dense columns:                            0
    Range of scaling factors:                           [1.00e+00, 2.00e+00]
IPX version 1.0
Interior Point Solve
 Iter     P.res    D.res            P.obj           D.obj        mu     Time
   0   1.77e+07 2.86e+06   2.23974687e+14 -7.74723044e+18  5.47e+13       1s
   1   7.02e+06 2.38e+06   7.20087008e+17 -6.77582200e+18  4.94e+13       2s
   2   3.87e+06 2.08e+06   1.21904407e+18 -6.39179790e+18  5.56e+13       5s
   3   1.52e+06 6.77e+05   1.26929499e+18 -2.33494893e+18  1.89e+13       8s
   4   5.84e+05 4.08e+05   1.30568604e+18 -1.65809769e+18  1.28e+13      14s
   5   2.71e+05 2.19e+05   1.24478955e+18 -1.08804133e+18  7.60e+12      24s
 Constructing starting basis...
   6   9.87e+04 1.26e+05   1.10477419e+18 -7.40735436e+17  4.97e+12      56s
   7   8.98e+03 3.76e+04   6.97867860e+17 -2.46245787e+17  1.53e+12      78s
   8   8.98e-03 1.84e+04   3.91138754e+17 -1.41698137e+17  6.97e+11     104s
   9   4.30e-03 6.64e+03   3.01019011e+17 -6.41769324e+16  3.21e+11     125s
  10   4.00e-03 4.47e+03   2.97149386e+17 -5.48633200e+16  2.70e+11     149s
  11   2.45e-03 2.01e+03   2.17192665e+17 -2.85401188e+16  1.59e+11     173s
  12   1.93e-03 1.04e+03   1.88988014e+17 -1.92669969e+16  1.22e+11     199s
  13   1.21e-03 5.31e+02   1.25252151e+17 -1.04578353e+16  7.54e+10     223s
  14   6.66e-04 2.09e+02   7.36734716e+16 -4.67166609e+15  4.17e+10     243s
  15   1.85e-04 7.32e+01   2.46343859e+16 -1.90278944e+15  1.39e+10     260s
  16   1.28e-04 4.24e+01   1.80196460e+16 -1.19847641e+15  1.00e+10     275s
  17   5.20e-05 2.35e+01   8.23450642e+15 -7.00832474e+14  4.67e+09     290s
  18   2.05e-05 1.48e+01   4.95257942e+15 -5.10538771e+14  2.88e+09     305s
  19   5.51e-06 8.59e+00   1.97105061e+15 -3.12063717e+14  1.22e+09     321s
  20   2.83e-06 6.05e+00   1.30301161e+15 -2.24976485e+14  8.22e+08     339s
  21   1.64e-06 3.84e+00   8.81900845e+14 -1.46401000e+14  5.53e+08     357s
  22   7.75e-07 2.68e+00   4.62721903e+14 -1.03781446e+14  3.09e+08     374s
  23   3.87e-07 1.90e+00   2.96117536e+14 -7.67671794e+13  2.05e+08     391s
  24   3.58e-07 9.18e-01   1.02276740e+14 -3.77124517e+13  7.85e+07     407s
  25   4.17e-07 4.24e-01   4.75862604e+13 -1.84521025e+13  3.70e+07     425s
  26   3.87e-07 1.03e-01   2.41238627e+13 -5.08483611e+12  1.57e+07     441s
  27   5.36e-07 3.57e-02   1.19096144e+13 -1.90887087e+12  7.31e+06     458s
  28   3.58e-07 1.24e-02   8.48902561e+12 -8.06954865e+11  4.83e+06     476s
  29   3.28e-07 6.36e-03   4.35491339e+12 -4.29711209e+11  2.47e+06     493s
  30   3.58e-07 2.04e-03   3.58572181e+12 -2.18558747e+11  1.95e+06     509s
  31   4.17e-07 7.91e-04   2.51528381e+12 -9.53414675e+10  1.34e+06     524s
  32   3.28e-07 2.53e-04   1.44127229e+12 -5.15282341e+10  7.62e+05     539s
  33   5.07e-07 1.34e-04   7.50468654e+11 -3.23140139e+10  4.00e+05     553s
  34   2.68e-07 6.88e-05   5.02773192e+11 -2.15411928e+10  2.68e+05     567s
  35   2.38e-07 2.25e-05   2.24631986e+11 -4.92408554e+09  1.17e+05     581s
  36   2.38e-07 9.02e-06   1.56913887e+11  5.34187177e+08  7.98e+04     595s
  37   3.58e-07 2.54e-06   7.93958823e+10  4.69067254e+09  3.81e+04     608s
  38   3.58e-07 1.06e-06   5.30668965e+10  5.88534909e+09  2.41e+04     622s
  39   4.77e-07 2.89e-07   2.98537390e+10  7.77307462e+09  1.13e+04     634s
  40   4.47e-07 4.10e-08   1.61427781e+10  8.37061424e+09  3.97e+03     647s
  41   3.58e-07 1.86e-08   1.15859552e+10  8.55306313e+09  1.55e+03     660s
  42   3.87e-07 7.45e-09   1.00464451e+10  8.63867099e+09  7.18e+02     672s
  43   1.79e-07 4.66e-09   9.18842200e+09  8.67815361e+09  2.60e+02     684s
  44   5.07e-07 3.73e-09   8.89947795e+09  8.70026413e+09  1.02e+02     696s
  45   5.66e-07 3.73e-09   8.78047557e+09  8.70995361e+09  3.60e+01     707s
  46   1.79e-07 3.73e-09   8.72268266e+09  8.71466171e+09  4.09e+00     718s
  47   2.38e-07 3.73e-09   8.71650702e+09  8.71558189e+09  4.72e-01     729s
  48   4.17e-07 3.73e-09   8.71574225e+09  8.71567421e+09  3.47e-02     739s
  49   3.28e-07 3.73e-09   8.71570222e+09  8.71569807e+09  2.11e-03     751s
  50   5.07e-07 3.73e-09   8.71570079e+09  8.71570045e+09  1.74e-04     763s
  51   2.77e-06 1.86e-09   8.71570070e+09  8.71570067e+09  1.76e-05     775s
  52*  1.28e-06 1.86e-09   8.71570068e+09  8.71570068e+09  1.50e-06     785s
Summary
    Runtime:                                            785.46s
    Status interior point solve:                        optimal
    Status crossover:                                   not run
    objective value:                                    8.71570068e+09
    interior solution primal residual (abs/rel):        9.24e-07 / 8.32e-15
    interior solution dual residual (abs/rel):          9.31e-10 / 9.62e-17
    interior solution objective gap (abs/rel):          2.26e+00 / 2.60e-10
Ipx: IPM       optimal
Model   status      : Optimal
IPM       iterations: 52
Objective value     :  8.7157006805e+09
HiGHS run time      :        798.80
Presolving model
1205112 rows, 2658686 cols, 6784502 nonzeros
921925 rows, 1794043 cols, 5053149 nonzeros
913766 rows, 1032322 cols, 3525878 nonzeros
904241 rows, 1022144 cols, 3505537 nonzeros
Presolve : Reductions: rows 904241(-9476826); columns 1022144(-5887878); elements 3505537(-35886417)
Solving the presolved LP
IPX model has 904241 rows, 1022144 columns and 3505537 nonzeros
Input
    Number of variables:                                1022144
    Number of free variables:                           0
    Number of constraints:                              904241
    Number of equality constraints:                     56190
    Number of matrix entries:                           3505537
    Matrix range:                                       [1e-02, 1e+00]
    RHS range:                                          [2e+05, 1e+08]
    Objective range:                                    [2e-04, 1e+07]
    Bounds range:                                       [7e+05, 9e+07]
Preprocessing
    Dualized model:                                     no
    Number of dense columns:                            0
    Range of scaling factors:                           [1.00e+00, 2.00e+00]
IPX version 1.0
Interior Point Solve
 Iter     P.res    D.res            P.obj           D.obj        mu     Time
   0   1.77e+07 2.86e+06   2.23974920e+14 -7.74723071e+18  5.47e+13       1s
   1   7.02e+06 2.38e+06   7.20090422e+17 -6.77582183e+18  4.94e+13       2s
   2   3.87e+06 2.08e+06   1.21905092e+18 -6.39179744e+18  5.56e+13       5s
   3   1.52e+06 6.77e+05   1.26930317e+18 -2.33494900e+18  1.89e+13       8s
   4   5.84e+05 4.08e+05   1.30569316e+18 -1.65809880e+18  1.28e+13      14s
   5   2.71e+05 2.19e+05   1.24477997e+18 -1.08799627e+18  7.60e+12      24s
 Constructing starting basis...
   6   9.87e+04 1.26e+05   1.10477704e+18 -7.40629375e+17  4.97e+12      57s
   7   9.07e+03 3.77e+04   6.98298840e+17 -2.46827004e+17  1.54e+12      80s
   8   9.07e-03 1.84e+04   3.90705469e+17 -1.41637161e+17  6.97e+11     108s
   9   4.33e-03 6.63e+03   3.00911392e+17 -6.41808320e+16  3.21e+11     130s
  10   4.03e-03 4.46e+03   2.97033405e+17 -5.48338451e+16  2.70e+11     156s
  11   2.46e-03 2.00e+03   2.16801612e+17 -2.85388108e+16  1.59e+11     179s
  12   1.94e-03 1.05e+03   1.88401275e+17 -1.93517816e+16  1.22e+11     205s
  13   1.21e-03 5.37e+02   1.24662471e+17 -1.04976569e+16  7.51e+10     230s
  14   6.69e-04 2.12e+02   7.33518427e+16 -4.68574550e+15  4.16e+10     250s
  15   1.82e-04 7.21e+01   2.44726779e+16 -1.89334442e+15  1.38e+10     269s
  16   1.25e-04 4.17e+01   1.77943570e+16 -1.18944765e+15  9.90e+09     285s
  17   5.03e-05 2.29e+01   8.10496139e+15 -6.91041794e+14  4.60e+09     300s
  18   2.03e-05 1.45e+01   4.93087559e+15 -5.05673882e+14  2.86e+09     316s
  19   5.66e-06 8.47e+00   1.98173638e+15 -3.09400158e+14  1.22e+09     334s
  20   2.68e-06 5.95e+00   1.26095766e+15 -2.22971344e+14  8.00e+08     353s
  21   1.40e-06 3.79e+00   8.02713431e+14 -1.45447451e+14  5.12e+08     371s
  22   7.15e-07 2.67e+00   4.42278806e+14 -1.04030018e+14  2.99e+08     389s
  23   4.77e-07 1.87e+00   2.64601533e+14 -7.57564181e+13  1.89e+08     406s
  24   4.17e-07 8.44e-01   9.69686733e+13 -3.50435432e+13  7.40e+07     423s
  25   3.58e-07 2.97e-01   4.66302531e+13 -1.34313867e+13  3.30e+07     441s
  26   5.36e-07 9.18e-02   1.75349232e+13 -4.40620159e+12  1.19e+07     459s
  27   3.58e-07 4.09e-02   1.06900921e+13 -2.07545310e+12  6.80e+06     478s
  28   4.77e-07 2.45e-02   6.84011305e+12 -1.35478736e+12  4.35e+06     495s
  29   3.58e-07 5.60e-03   4.08908901e+12 -3.78321157e+11  2.31e+06     513s
  30   4.77e-07 2.14e-03   2.70807943e+12 -1.82356203e+11  1.48e+06     531s
  31   3.87e-07 6.48e-04   1.99307739e+12 -6.72602790e+10  1.05e+06     547s
  32   2.38e-07 2.28e-04   1.17665839e+12 -3.50515100e+10  6.19e+05     562s
  33   2.68e-07 1.48e-04   7.30902494e+11 -2.92980494e+10  3.88e+05     578s
  34   4.47e-07 6.99e-05   3.58048506e+11 -1.35463278e+10  1.90e+05     593s
  35   5.66e-07 3.19e-05   1.67343819e+11 -4.94352132e+09  8.79e+04     608s
  36   2.68e-07 1.24e-05   8.62470315e+10  1.96486223e+09  4.30e+04     623s
  37   1.79e-07 8.18e-06   6.07756087e+10  3.43533527e+09  2.93e+04     638s
  38   2.38e-07 2.31e-06   2.47435661e+10  6.90036016e+09  9.10e+03     652s
  39   1.49e-07 9.07e-07   1.93443471e+10  7.76378506e+09  5.91e+03     667s
  40   2.68e-07 2.91e-07   1.15823557e+10  8.34456841e+09  1.65e+03     681s
  41   2.98e-07 1.26e-07   1.03204986e+10  8.53932154e+09  9.09e+02     696s
  42   2.09e-07 5.59e-08   9.43717165e+09  8.61994699e+09  4.17e+02     709s
  43   2.68e-07 2.24e-08   9.01503511e+09  8.67298333e+09  1.75e+02     722s
  44   2.98e-07 9.31e-09   8.81194469e+09  8.69386383e+09  6.02e+01     735s
  45   2.09e-07 4.66e-09   8.74386322e+09  8.70361109e+09  2.05e+01     747s
  46   2.38e-07 3.73e-09   8.71578977e+09  8.70586530e+09  5.06e+00     758s
  47   1.79e-07 3.73e-09   8.70683043e+09  8.70622196e+09  3.10e-01     770s
  48   2.09e-07 3.73e-09   8.70640415e+09  8.70636352e+09  2.07e-02     781s
  49   3.58e-07 3.73e-09   8.70638258e+09  8.70637639e+09  3.16e-03     794s
  50   6.85e-07 3.73e-09   8.70637917e+09  8.70637824e+09  4.76e-04     806s
  51   3.87e-07 1.86e-09   8.70637892e+09  8.70637878e+09  7.09e-05     818s
  52   1.31e-06 1.86e-09   8.70637885e+09  8.70637883e+09  7.12e-06     831s
  53*  5.36e-07 1.86e-09   8.70637884e+09  8.70637884e+09  1.25e-06     838s
Summary
    Runtime:                                            837.68s
    Status interior point solve:                        optimal
    Status crossover:                                   not run
    objective value:                                    8.70637884e+09
    interior solution primal residual (abs/rel):        7.90e-07 / 7.11e-15
    interior solution dual residual (abs/rel):          9.31e-10 / 9.62e-17
    interior solution objective gap (abs/rel):          1.63e+00 / 1.87e-10
Ipx: IPM       optimal
Model   status      : Optimal
IPM       iterations: 53
Objective value     :  8.7063788390e+09
HiGHS run time      :        850.16
Presolving model
1205112 rows, 2658686 cols, 6784502 nonzeros
921925 rows, 1794043 cols, 5053149 nonzeros
913766 rows, 1032322 cols, 3525878 nonzeros
904241 rows, 1022144 cols, 3505537 nonzeros
Presolve : Reductions: rows 904241(-9506886); columns 1022144(-5887878); elements 3505537(-35916477)
Solving the presolved LP
IPX model has 904241 rows, 1022144 columns and 3505537 nonzeros
Input
    Number of variables:                                1022144
    Number of free variables:                           0
    Number of constraints:                              904241
    Number of equality constraints:                     56190
    Number of matrix entries:                           3505537
    Matrix range:                                       [1e-02, 1e+00]
    RHS range:                                          [2e+05, 1e+08]
    Objective range:                                    [2e-04, 1e+07]
    Bounds range:                                       [7e+05, 9e+07]
Preprocessing
    Dualized model:                                     no
    Number of dense columns:                            0
    Range of scaling factors:                           [1.00e+00, 2.00e+00]
IPX version 1.0
Interior Point Solve
 Iter     P.res    D.res            P.obj           D.obj        mu     Time
   0   1.77e+07 2.86e+06   2.23974920e+14 -7.74723071e+18  5.47e+13       0s
   1   7.02e+06 2.38e+06   7.20090422e+17 -6.77582183e+18  4.94e+13       2s
   2   3.87e+06 2.08e+06   1.21905092e+18 -6.39179744e+18  5.56e+13       5s
   3   1.52e+06 6.77e+05   1.26930317e+18 -2.33494900e+18  1.89e+13       8s
   4   5.84e+05 4.08e+05   1.30569324e+18 -1.65810014e+18  1.28e+13      14s
   5   2.71e+05 2.19e+05   1.24479266e+18 -1.08802955e+18  7.60e+12      23s
 Constructing starting basis...
   6   9.86e+04 1.26e+05   1.10467311e+18 -7.40604674e+17  4.97e+12      54s
   7   9.04e+03 3.74e+04   6.97927437e+17 -2.45063080e+17  1.53e+12      76s
   8   9.04e-03 1.83e+04   3.90377780e+17 -1.41178020e+17  6.94e+11     100s
   9   4.36e-03 6.62e+03   3.01321301e+17 -6.41034430e+16  3.21e+11     122s
  10   4.06e-03 4.45e+03   2.97494241e+17 -5.48305718e+16  2.70e+11     146s
  11   2.49e-03 2.00e+03   2.17266225e+17 -2.85001686e+16  1.59e+11     168s
  12   1.96e-03 1.04e+03   1.88717541e+17 -1.92340006e+16  1.22e+11     193s
  13   1.23e-03 5.32e+02   1.24925209e+17 -1.04717313e+16  7.52e+10     215s
  14   6.76e-04 2.07e+02   7.35669947e+16 -4.62599788e+15  4.16e+10     237s
  15   1.84e-04 7.12e+01   2.44497140e+16 -1.88698565e+15  1.38e+10     256s
  16   1.24e-04 4.10e+01   1.76534141e+16 -1.18326330e+15  9.82e+09     272s
  17   4.99e-05 2.25e+01   8.00846290e+15 -6.85882122e+14  4.54e+09     287s
  18   2.04e-05 1.43e+01   4.90627363e+15 -5.02832667e+14  2.85e+09     304s
  19   5.39e-06 8.35e+00   1.91661719e+15 -3.08244669e+14  1.19e+09     320s
  20   2.21e-06 5.89e+00   1.15253978e+15 -2.23318854e+14  7.45e+08     338s
  21   9.54e-07 3.40e+00   6.66968410e+14 -1.33749814e+14  4.35e+08     356s
  22   5.36e-07 2.51e+00   4.24353385e+14 -1.00060738e+14  2.87e+08     374s
  23   5.66e-07 1.65e+00   2.39270250e+14 -6.82371690e+13  1.70e+08     390s
  24   4.17e-07 6.40e-01   9.19846520e+13 -2.74069371e+13  6.60e+07     407s
  25   4.47e-07 2.38e-01   4.72582806e+13 -1.09395856e+13  3.16e+07     425s
  26   4.77e-07 7.64e-02   1.65000004e+13 -3.67212942e+12  1.09e+07     442s
  27   4.17e-07 3.34e-02   1.08084038e+13 -1.72522986e+12  6.63e+06     458s
  28   3.58e-07 2.52e-02   8.90636444e+12 -1.39969239e+12  5.44e+06     474s
  29   3.58e-07 5.53e-03   3.92005665e+12 -3.32298086e+11  2.20e+06     491s
  30   2.98e-07 2.04e-03   2.49285909e+12 -1.64925361e+11  1.37e+06     507s
  31   4.17e-07 6.49e-04   1.75086868e+12 -6.98901292e+10  9.31e+05     522s
  32   2.38e-07 2.16e-04   9.52088558e+11 -2.86861001e+10  5.01e+05     538s
  33   2.38e-07 1.94e-04   8.69153816e+11 -2.80485787e+10  4.58e+05     553s
  34   2.38e-07 1.49e-04   5.22322238e+11 -2.28569862e+10  2.78e+05     567s
  35   4.17e-07 5.37e-05   2.48591056e+11 -8.08540037e+09  1.31e+05     581s
  36   5.07e-07 3.52e-05   1.37902470e+11 -4.42649056e+09  7.26e+04     596s
  37   2.09e-07 1.29e-05   8.53184383e+10  3.09150539e+09  4.20e+04     611s
  38   1.79e-07 7.51e-06   5.72477885e+10  4.47574632e+09  2.69e+04     625s
  39   2.09e-07 2.00e-06   2.80608121e+10  7.40995301e+09  1.05e+04     640s
  40   3.58e-07 2.76e-07   1.80878175e+10  8.13274263e+09  5.08e+03     654s
  41   1.49e-07 9.22e-08   1.13814506e+10  8.48725142e+09  1.48e+03     668s
  42   4.77e-07 3.35e-08   9.92098675e+09  8.61338863e+09  6.67e+02     682s
  43   2.98e-07 1.68e-08   9.19380980e+09  8.66011142e+09  2.72e+02     695s
  44   3.87e-07 7.45e-09   8.89299813e+09  8.68842773e+09  1.04e+02     708s
  45   3.58e-07 3.73e-09   8.76184752e+09  8.69905866e+09  3.20e+01     721s
  46   2.38e-07 3.73e-09   8.71066851e+09  8.70500049e+09  2.89e+00     733s
  47   3.87e-07 3.73e-09   8.70716912e+09  8.70625652e+09  4.66e-01     745s
  48   4.77e-07 3.73e-09   8.70645427e+09  8.70634466e+09  5.59e-02     757s
  49   2.68e-07 3.73e-09   8.70638887e+09  8.70637221e+09  8.50e-03     768s
  50   4.47e-07 3.73e-09   8.70637967e+09  8.70637844e+09  6.29e-04     779s
  51   5.07e-07 3.73e-09   8.70637964e+09  8.70637846e+09  6.04e-04     791s
  52   1.07e-06 2.79e-09   8.70637888e+09  8.70637881e+09  3.64e-05     802s
  53   1.61e-06 1.86e-09   8.70637885e+09  8.70637883e+09  1.02e-05     811s
  54*  5.66e-07 1.86e-09   8.70637884e+09  8.70637884e+09  7.45e-07     818s
Summary
    Runtime:                                            817.79s
    Status interior point solve:                        optimal
    Status crossover:                                   not run
    objective value:                                    8.70637884e+09
    interior solution primal residual (abs/rel):        8.79e-07 / 7.92e-15
    interior solution dual residual (abs/rel):          1.86e-09 / 1.92e-16
    interior solution objective gap (abs/rel):          1.07e+00 / 1.23e-10
Ipx: IPM       optimal
Model   status      : Optimal
IPM       iterations: 54
Objective value     :  8.7063788383e+09
HiGHS run time      :        830.03
[ Info: Rolling step not specified in scenaio.yaml file; Setting it to 15 years
[ Info: Demand-pathway mapping not specified in scenaio.yaml file; SERA will not look for eligible pathways for different demand types.
[ Info: Production capacity constraints from the grid model not defined. SERA will not create these constraints
[ Info: Regional technology limits not specified in scenaio.yaml file; SERA will not create these constraints
STARTING DATA PRE-PROCESSING 
Processing Temporal Data
Processing Nodes
Processing Demand
Processing Existings
Processing Links
Processing Pathways
Creating Infrastructure options
 22.863906 seconds (131.77 M allocations: 15.387 GiB, 34.77% gc time, 0.38% compilation time)

OPTIMIZING FROM 2026 TO 2040 

STARTING OPTIMIZATION MODEL CREATION
CREATING VARIABLES AND EXPRESSIONS
297.050100 seconds (527.44 M allocations: 32.638 GiB, 88.72% gc time, 4.05% compilation time)
POPULATING EXPRESSIONS
130.969920 seconds (589.46 M allocations: 92.430 GiB, 12.01% gc time, 0.14% compilation time)
CREATING CONSTRAINTS
268.875932 seconds (332.17 M allocations: 19.517 GiB, 87.12% gc time, 0.52% compilation time)
POPULATED CORE OPTIMIZATION MODEL, STARTING ITERATIONS
READING COST DATA FOR ITERATION 1
244.903828 seconds (245.78 M allocations: 23.324 GiB, 77.94% gc time, 0.16% compilation time)
CREATING EXPRESSIONS FOR CAPITAL AND FIXED COST
663.369931 seconds (361.89 M allocations: 23.208 GiB, 96.01% gc time, 0.23% compilation time)
BUILDING OBJECTIVE FUNCTION
 52.438397 seconds (89.87 M allocations: 2.755 GiB, 79.95% gc time, 1.58% compilation time)
Optimizing for iteration 1
1471.917941 seconds (116.14 M allocations: 10.863 GiB, 21.65% gc time, 0.00% compilation time)
OPTIMAL
8.909876435393818e9
ϵ =  1.0
READING COST DATA FOR ITERATION 2
1942.229833 seconds (199.95 M allocations: 22.444 GiB, 25.20% gc time, 0.00% compilation time)
CREATING EXPRESSIONS FOR CAPITAL AND FIXED COST
1028.016567 seconds (360.50 M allocations: 23.100 GiB, 97.47% gc time, 0.02% compilation time)
BUILDING OBJECTIVE FUNCTION
 54.074313 seconds (89.21 M allocations: 2.798 GiB, 81.54% gc time)
Optimizing for iteration 2
884.158822 seconds (5 allocations: 32 bytes)
OPTIMAL
1.2228009182128416e10
ϵ =  0.2713551075500156
READING COST DATA FOR ITERATION 3
1951.852151 seconds (199.55 M allocations: 22.486 GiB, 25.49% gc time)
CREATING EXPRESSIONS FOR CAPITAL AND FIXED COST
980.243095 seconds (360.50 M allocations: 23.100 GiB, 97.37% gc time)
BUILDING OBJECTIVE FUNCTION
 55.235218 seconds (89.21 M allocations: 2.798 GiB, 81.76% gc time)
Optimizing for iteration 3
826.161068 seconds (2 allocations: 32 bytes)
OPTIMAL
8.947284366823656e9
ϵ =  0.3666726886947516
READING COST DATA FOR ITERATION 4
1945.135482 seconds (199.50 M allocations: 22.403 GiB, 25.23% gc time)
CREATING EXPRESSIONS FOR CAPITAL AND FIXED COST
1073.440538 seconds (360.50 M allocations: 23.100 GiB, 97.60% gc time)
BUILDING OBJECTIVE FUNCTION
 55.916836 seconds (89.21 M allocations: 2.798 GiB, 81.79% gc time)
Optimizing for iteration 4
844.125770 seconds (2 allocations: 32 bytes)
OPTIMAL
8.748590608675924e9
ϵ =  0.02271151629368461
READING COST DATA FOR ITERATION 5
1965.242198 seconds (199.49 M allocations: 22.531 GiB, 25.91% gc time)
CREATING EXPRESSIONS FOR CAPITAL AND FIXED COST
1017.474932 seconds (360.50 M allocations: 23.100 GiB, 97.40% gc time)
BUILDING OBJECTIVE FUNCTION
 56.798235 seconds (89.21 M allocations: 2.798 GiB, 81.96% gc time)
Optimizing for iteration 5
798.906055 seconds (2 allocations: 32 bytes)
OPTIMAL
8.71570068047155e9
ϵ =  0.0037736413185920914
READING COST DATA FOR ITERATION 6
2292.263498 seconds (199.49 M allocations: 22.355 GiB, 26.55% gc time)
CREATING EXPRESSIONS FOR CAPITAL AND FIXED COST
1254.951945 seconds (360.50 M allocations: 23.100 GiB, 97.80% gc time)
BUILDING OBJECTIVE FUNCTION
 69.583390 seconds (89.21 M allocations: 2.798 GiB, 83.67% gc time)
Optimizing for iteration 6
850.275292 seconds (2 allocations: 32 bytes)
OPTIMAL
8.706378838981049e9
ϵ =  0.001070691001887086
READING COST DATA FOR ITERATION 7
2203.347042 seconds (199.49 M allocations: 22.307 GiB, 28.07% gc time)
CREATING EXPRESSIONS FOR CAPITAL AND FIXED COST
1295.124362 seconds (360.50 M allocations: 23.100 GiB, 97.87% gc time)
BUILDING OBJECTIVE FUNCTION
 68.269910 seconds (89.21 M allocations: 2.798 GiB, 83.63% gc time)
Optimizing for iteration 7
830.146210 seconds (2 allocations: 32 bytes)
OPTIMAL
8.706378838330814e9
ϵ =  7.559287215918346e-11
ITERATIONS COMPLETED
WRITING RESULTS TO FILE
 96.650036 seconds (69.52 M allocations: 2.839 GiB, 92.16% gc time, 0.82% compilation time)

THE OPTIMIZATION PROBLEM TOOK 462.61 MINUTES TO SOLVE. 
