Running HiGHS 1.6.0: Copyright (c) 2023 HiGHS under MIT licence terms
Presolving model
863568 rows, 1838807 cols, 4714146 nonzeros
653160 rows, 1218813 cols, 3470805 nonzeros
645068 rows, 723921 cols, 2477172 nonzeros
643534 rows, 721949 cols, 2473295 nonzeros
Presolve : Reductions: rows 643534(-7202953); columns 721949(-4518513); elements 2473295(-29646314)
Solving the presolved LP
IPX model has 643534 rows, 721949 columns and 2473295 nonzeros
Input
    Number of variables:                                721949
    Number of free variables:                           0
    Number of constraints:                              643534
    Number of equality constraints:                     40406
    Number of matrix entries:                           2473295
    Matrix range:                                       [1e-02, 1e+00]
    RHS range:                                          [2e+05, 1e+08]
    Objective range:                                    [2e-04, 4e+01]
    Bounds range:                                       [7e+05, 1e+08]
Preprocessing
    Dualized model:                                     no
    Number of dense columns:                            0
    Range of scaling factors:                           [1.00e+00, 2.00e+00]
IPX version 1.0
Interior Point Solve
 Iter     P.res    D.res            P.obj           D.obj        mu     Time
   0   1.67e+07 3.12e+01   3.76958665e+09 -7.92340490e+13  5.77e+08       0s
   1   5.25e+06 2.23e+01   1.67268708e+12 -6.08802395e+13  4.31e+08       1s
   2   2.83e+06 1.94e+01   2.88545460e+12 -5.67914278e+13  4.94e+08       3s
   3   1.37e+06 2.94e+00   2.86791743e+12 -9.68687500e+12  8.10e+07       5s
   4   2.17e+05 3.82e-01   2.13329124e+12 -1.88105157e+12  1.26e+07       9s
 Constructing starting basis...
   5   7.92e+04 1.21e-01   1.39994758e+12 -7.75475969e+11  4.80e+06      26s
   6   1.50e+04 4.21e-02   6.49305460e+11 -3.13414875e+11  1.72e+06      36s
   7   5.08e+03 1.31e-02   4.18909240e+11 -1.22442575e+11  6.85e+05      46s
   8   1.68e+03 4.43e-03   2.22725780e+11 -4.52235539e+10  2.67e+05      55s
   9   7.48e+02 1.63e-03   1.39535325e+11 -1.93469992e+10  1.35e+05      64s
  10   3.30e+02 6.50e-04   9.12254171e+10 -9.15254390e+09  7.81e+04      72s
  11   1.36e+02 2.20e-04   5.32222383e+10 -2.43452457e+09  4.11e+04      81s
  12   9.87e+01 1.04e-04   4.59894817e+10 -5.31285921e+08  3.38e+04      93s
  13   4.23e+01 4.93e-05   2.45500942e+10  1.33737286e+09  1.67e+04     103s
  14   2.60e+01 3.38e-05   1.96886409e+10  1.75677936e+09  1.29e+04     116s
  15   1.10e+01 1.50e-05   1.33383232e+10  2.45244267e+09  7.79e+03     127s
  16   8.85e+00 1.10e-05   1.19351898e+10  2.66361610e+09  6.63e+03     142s
  17   8.07e+00 8.82e-06   1.17320903e+10  2.70912977e+09  6.45e+03     154s
  18   7.40e+00 6.04e-06   1.11839580e+10  2.90758434e+09  5.92e+03     166s
  19   5.82e+00 5.20e-06   9.92041051e+09  2.96177219e+09  4.97e+03     179s
  20   5.05e+00 4.23e-06   9.57879049e+09  2.98961698e+09  4.71e+03     191s
  21   2.52e+00 8.68e-07   8.43630571e+09  3.09015708e+09  3.82e+03     203s
  22   1.68e+00 4.70e-07   6.95005562e+09  3.24637735e+09  2.64e+03     218s
  23   6.55e-01 2.63e-07   6.30304656e+09  3.25232059e+09  2.18e+03     237s
  24   3.03e-01 1.11e-07   5.37577428e+09  3.32705157e+09  1.46e+03     253s
  25   1.60e-01 7.85e-08   4.73695568e+09  3.35993492e+09  9.83e+02     273s
  26   6.60e-02 2.16e-08   4.31027321e+09  3.42035591e+09  6.35e+02     294s
  27   3.62e-02 1.07e-08   4.02429598e+09  3.45024233e+09  4.10e+02     332s
  28   2.04e-02 5.68e-09   3.85353543e+09  3.46717506e+09  2.76e+02     371s
  29   1.69e-02 3.28e-09   3.83234566e+09  3.47054902e+09  2.58e+02     407s
  30   6.29e-03 1.56e-09   3.68510500e+09  3.48140896e+09  1.45e+02     430s
  31   6.16e-03 1.55e-09   3.68314495e+09  3.48152007e+09  1.44e+02     468s
  32   3.36e-03 7.93e-10   3.63608362e+09  3.48725932e+09  1.06e+02     485s
  33   1.85e-03 5.20e-10   3.58580678e+09  3.49171605e+09  6.72e+01     510s
  34   9.95e-04 3.27e-10   3.55709547e+09  3.49488323e+09  4.44e+01     534s
  35   8.61e-04 2.34e-10   3.55214796e+09  3.49647771e+09  3.97e+01     553s
  36   7.05e-04 1.64e-10   3.54468586e+09  3.49802038e+09  3.33e+01     567s
  37   5.51e-04 1.08e-10   3.53675454e+09  3.49935596e+09  2.67e+01     580s
  38   4.14e-04 6.78e-11   3.52917370e+09  3.50037623e+09  2.06e+01     592s
  39   3.05e-04 4.88e-11   3.52340052e+09  3.50082711e+09  1.61e+01     604s
  40   2.49e-04 3.10e-11   3.52024482e+09  3.50129378e+09  1.35e+01     615s
  41   1.74e-04 1.96e-11   3.51556046e+09  3.50165937e+09  9.92e+00     624s
  42   1.21e-04 9.66e-12   3.51220670e+09  3.50199494e+09  7.29e+00     633s
  43   7.10e-05 7.67e-12   3.50879834e+09  3.50207295e+09  4.80e+00     643s
  44   3.19e-05 4.22e-12   3.50590056e+09  3.50223017e+09  2.62e+00     651s
  45   1.88e-05 2.02e-12   3.50538107e+09  3.50227250e+09  2.22e+00     660s
  46   9.03e-06 1.01e-12   3.50405947e+09  3.50238543e+09  1.19e+00     668s
  47   8.40e-06 9.09e-13   3.50398850e+09  3.50239376e+09  1.14e+00     676s
  48   3.25e-06 3.13e-13   3.50330269e+09  3.50245921e+09  6.02e-01     684s
  49   2.03e-06 1.99e-13   3.50303703e+09  3.50248185e+09  3.96e-01     691s
  50   1.10e-06 8.53e-14   3.50283265e+09  3.50250612e+09  2.33e-01     698s
  51   5.96e-07 3.55e-14   3.50276212e+09  3.50250969e+09  1.80e-01     705s
  52   1.79e-07 2.13e-14   3.50260213e+09  3.50252080e+09  5.81e-02     712s
  53   1.58e-07 2.13e-14   3.50255247e+09  3.50252218e+09  2.16e-02     719s
  54   1.76e-07 2.13e-14   3.50254511e+09  3.50252288e+09  1.59e-02     726s
  55   6.18e-08 2.84e-14   3.50253508e+09  3.50252591e+09  6.55e-03     734s
  56   1.33e-07 2.84e-14   3.50252888e+09  3.50252627e+09  1.86e-03     742s
  57   1.87e-07 2.84e-14   3.50252651e+09  3.50252638e+09  9.05e-05     749s
  58   1.93e-07 2.13e-14   3.50252642e+09  3.50252639e+09  2.19e-05     756s
  59*  2.88e-07 2.13e-14   3.50252639e+09  3.50252639e+09  8.27e-07     763s
Summary
    Runtime:                                            763.20s
    Status interior point solve:                        optimal
    Status crossover:                                   not run
    objective value:                                    3.50252639e+09
    interior solution primal residual (abs/rel):        2.53e-07 / 1.74e-15
    interior solution dual residual (abs/rel):          2.09e-10 / 4.56e-12
    interior solution objective gap (abs/rel):          1.15e+00 / 3.27e-10
Ipx: IPM       optimal
Model   status      : Optimal
IPM       iterations: 59
Objective value     :  3.5025263924e+09
HiGHS run time      :        772.60
Presolving model
863568 rows, 1838807 cols, 4714146 nonzeros
653160 rows, 1218813 cols, 3470805 nonzeros
645068 rows, 723921 cols, 2477172 nonzeros
643534 rows, 721949 cols, 2473295 nonzeros
Presolve : Reductions: rows 643534(-7225498); columns 721949(-4518513); elements 2473295(-29668859)
Solving the presolved LP
IPX model has 643534 rows, 721949 columns and 2473295 nonzeros
Input
    Number of variables:                                721949
    Number of free variables:                           0
    Number of constraints:                              643534
    Number of equality constraints:                     40406
    Number of matrix entries:                           2473295
    Matrix range:                                       [1e-02, 1e+00]
    RHS range:                                          [2e+05, 1e+08]
    Objective range:                                    [2e-04, 1e+07]
    Bounds range:                                       [7e+05, 1e+08]
Preprocessing
    Dualized model:                                     no
    Number of dense columns:                            0
    Range of scaling factors:                           [1.00e+00, 2.00e+00]
IPX version 1.0
Interior Point Solve
 Iter     P.res    D.res            P.obj           D.obj        mu     Time
   0   1.67e+07 2.81e+06   2.28564454e+14 -7.13795858e+18  5.22e+13       0s
   1   5.32e+06 2.05e+06   5.28068199e+17 -5.58073707e+18  3.99e+13       1s
   2   2.88e+06 1.78e+06   8.60851707e+17 -5.20180282e+18  4.53e+13       3s
   3   1.47e+06 2.86e+05   8.55344305e+17 -9.55410292e+17  8.20e+12       5s
   4   2.85e+05 5.95e+04   6.41570214e+17 -2.73397205e+17  2.03e+12       9s
 Constructing starting basis...
   5   2.94e+04 1.50e+04   3.42080942e+17 -9.81106547e+16  6.22e+11      24s
   6   8.60e+03 5.85e+03   1.89039822e+17 -4.59246609e+16  2.64e+11      33s
   7   2.80e+03 2.33e+03   1.10717063e+17 -2.33783772e+16  1.27e+11      41s
   8   1.27e+03 8.61e+02   6.37001208e+16 -1.01227908e+16  6.15e+10      54s
   9   7.41e+02 3.25e+02   4.17453496e+16 -4.46252363e+15  3.57e+10      65s
  10   4.83e+02 1.36e+02   3.10471089e+16 -2.53381863e+15  2.51e+10      76s
  11   2.97e+02 5.66e+01   2.14621568e+16 -1.42142563e+15  1.68e+10      85s
  12   1.56e+02 1.50e+01   1.22806775e+16 -5.50770278e+14  9.28e+09      93s
  13   8.36e+01 5.50e+00   7.80543060e+15 -3.91828321e+14  5.91e+09     101s
  14   7.04e+00 2.01e+00   3.44483925e+15 -3.36206141e+14  2.76e+09     109s
  15   1.77e+00 1.23e+00   1.99771656e+15 -2.62705294e+14  1.67e+09     118s
  16   7.00e-01 7.41e-01   9.53237701e+14 -1.68842637e+14  8.33e+08     126s
  17   1.48e-01 3.40e-01   2.88213753e+14 -8.25322987e+13  2.78e+08     134s
  18   2.11e-02 1.47e-01   8.80667312e+13 -3.80612150e+13  9.54e+07     143s
  19   4.25e-03 3.44e-02   3.03816831e+13 -9.75428320e+12  2.98e+07     151s
  20   1.47e-03 1.00e-02   1.35227737e+13 -3.04664631e+12  1.21e+07     159s
  21   7.32e-04 3.44e-03   9.79383325e+12 -1.38309946e+12  8.05e+06     167s
  22   3.08e-04 1.62e-03   4.77914349e+12 -6.81483555e+11  3.92e+06     176s
  23   1.05e-04 1.03e-03   2.86769998e+12 -4.81474652e+11  2.40e+06     184s
  24   4.48e-05 5.84e-04   1.87496565e+12 -3.02161485e+11  1.56e+06     192s
  25   2.67e-05 3.45e-04   1.38550875e+12 -1.90633977e+11  1.13e+06     200s
  26   1.79e-05 2.36e-04   1.12868686e+12 -1.39363357e+11  9.06e+05     207s
  27   9.66e-06 1.03e-04   8.78815353e+11 -7.58365279e+10  6.82e+05     215s
  28   4.41e-06 5.90e-05   6.41968886e+11 -4.97516628e+10  4.94e+05     223s
  29   2.38e-06 3.42e-05   4.90437705e+11 -3.10209589e+10  3.72e+05     230s
  30   1.43e-06 2.38e-05   3.98293439e+11 -2.17861763e+10  3.00e+05     238s
  31   8.34e-07 1.27e-05   2.71003317e+11 -7.39657382e+09  1.99e+05     245s
  32   4.77e-07 6.80e-06   2.23578073e+11 -5.55496788e+08  1.60e+05     252s
  33   2.98e-07 3.69e-06   1.53400892e+11  6.07776255e+09  1.05e+05     259s
  34   1.79e-07 1.81e-06   1.26722414e+11  8.88551916e+09  8.41e+04     266s
  35   1.68e-07 1.13e-06   8.24494907e+10  1.20107492e+10  5.03e+04     272s
  36   1.01e-07 4.41e-07   6.05468725e+10  1.46234434e+10  3.28e+04     280s
  37   7.68e-08 1.94e-07   4.46978176e+10  1.61997955e+10  2.03e+04     286s
  38   9.87e-08 7.54e-08   3.46814825e+10  1.71993802e+10  1.25e+04     293s
  39   8.58e-08 1.49e-08   3.02727028e+10  1.74640975e+10  9.14e+03     299s
  40   1.54e-07 9.31e-09   2.32251842e+10  1.78342985e+10  3.85e+03     305s
  41   1.30e-07 5.59e-09   2.07282705e+10  1.80195451e+10  1.93e+03     311s
  42   8.35e-08 3.73e-09   1.95390163e+10  1.81196366e+10  1.01e+03     318s
  43   7.36e-08 3.73e-09   1.87112768e+10  1.81660150e+10  3.89e+02     324s
  44   1.26e-07 3.73e-09   1.84452046e+10  1.81906165e+10  1.82e+02     330s
  45   1.38e-07 3.73e-09   1.83452855e+10  1.82065017e+10  9.91e+01     335s
  46   7.31e-08 2.79e-09   1.82641214e+10  1.82118895e+10  3.73e+01     340s
  47   9.25e-08 2.79e-09   1.82411611e+10  1.82153640e+10  1.84e+01     346s
  48   1.04e-07 3.73e-09   1.82275811e+10  1.82163914e+10  7.99e+00     351s
  49   1.11e-07 3.73e-09   1.82181195e+10  1.82171879e+10  6.65e-01     356s
  50   5.66e-08 3.73e-09   1.82174465e+10  1.82173224e+10  8.86e-02     361s
  51   1.37e-07 3.73e-09   1.82173452e+10  1.82173342e+10  7.82e-03     366s
  52   1.27e-07 3.73e-09   1.82173391e+10  1.82173360e+10  2.20e-03     371s
  53   2.50e-07 3.73e-09   1.82173366e+10  1.82173364e+10  1.66e-04     375s
  54   5.81e-07 1.86e-09   1.82173365e+10  1.82173364e+10  3.56e-05     380s
  55*  4.58e-07 9.31e-10   1.82173364e+10  1.82173364e+10  7.81e-06     384s
Summary
    Runtime:                                            384.28s
    Status interior point solve:                        optimal
    Status crossover:                                   not run
    objective value:                                    1.82173364e+10
    interior solution primal residual (abs/rel):        6.26e-07 / 4.29e-15
    interior solution dual residual (abs/rel):          1.86e-09 / 1.92e-16
    interior solution objective gap (abs/rel):          1.01e+01 / 5.54e-10
Ipx: IPM       optimal
Model   status      : Optimal
IPM       iterations: 55
Objective value     :  1.8217336430e+10
HiGHS run time      :        393.08
Presolving model
863568 rows, 1838807 cols, 4714146 nonzeros
653160 rows, 1218813 cols, 3470805 nonzeros
645068 rows, 723921 cols, 2477172 nonzeros
643534 rows, 721949 cols, 2473295 nonzeros
Presolve : Reductions: rows 643534(-7248043); columns 721949(-4518513); elements 2473295(-29691404)
Solving the presolved LP
IPX model has 643534 rows, 721949 columns and 2473295 nonzeros
Input
    Number of variables:                                721949
    Number of free variables:                           0
    Number of constraints:                              643534
    Number of equality constraints:                     40406
    Number of matrix entries:                           2473295
    Matrix range:                                       [1e-02, 1e+00]
    RHS range:                                          [2e+05, 1e+08]
    Objective range:                                    [2e-04, 1e+07]
    Bounds range:                                       [7e+05, 1e+08]
Preprocessing
    Dualized model:                                     no
    Number of dense columns:                            0
    Range of scaling factors:                           [1.00e+00, 2.00e+00]
IPX version 1.0
Interior Point Solve
 Iter     P.res    D.res            P.obj           D.obj        mu     Time
   0   1.67e+07 2.81e+06   2.39002517e+14 -7.13236934e+18  5.22e+13       0s
   1   5.31e+06 2.04e+06   5.37053825e+17 -5.57627705e+18  3.99e+13       1s
   2   2.87e+06 1.78e+06   8.76148091e+17 -5.19707473e+18  4.53e+13       3s
   3   1.46e+06 2.86e+05   8.70905706e+17 -9.53103867e+17  8.19e+12       5s
   4   2.79e+05 5.97e+04   6.54525675e+17 -2.72687866e+17  2.03e+12       9s
 Constructing starting basis...
   5   3.04e+04 1.48e+04   3.55075928e+17 -9.69634844e+16  6.23e+11      25s
   6   6.28e+03 5.85e+03   1.76740779e+17 -4.58007260e+16  2.47e+11      33s
   7   1.32e+03 1.38e+03   9.67567355e+16 -1.74892519e+16  9.76e+10      42s
   8   4.27e+02 4.50e+02   4.52219805e+16 -7.03639326e+15  4.07e+10      54s
   9   1.52e+02 1.78e+02   2.16260929e+16 -3.25267792e+15  1.87e+10      64s
  10   4.04e+01 6.54e+01   8.34179041e+15 -1.35950671e+15  7.21e+09      72s
  11   1.84e+01 3.46e+01   4.88944289e+15 -7.93151004e+14  4.21e+09      82s
  12   7.88e+00 1.88e+01   3.78457672e+15 -5.50396961e+14  3.20e+09      90s
  13   3.59e+00 1.08e+01   2.19101942e+15 -3.41702487e+14  1.88e+09      99s
  14   1.21e+00 6.95e+00   1.01643342e+15 -2.28306793e+14  9.35e+08     107s
  15   2.66e-01 3.99e+00   3.52781833e+14 -1.34856500e+14  3.76e+08     114s
  16   2.02e-01 2.48e+00   3.02823917e+14 -8.76220700e+13  2.96e+08     122s
  17   1.57e-01 1.72e+00   2.59398965e+14 -6.32241554e+13  2.43e+08     129s
  18   4.20e-02 7.69e-01   9.11245939e+13 -2.93789603e+13  9.13e+07     136s
  19   1.20e-02 1.77e-01   4.37566640e+13 -8.02729233e+12  3.82e+07     144s
  20   5.88e-03 5.49e-02   2.43102308e+13 -2.71863851e+12  1.96e+07     152s
  21   1.46e-03 1.40e-02   9.31982473e+12 -9.00940062e+11  7.38e+06     160s
  22   4.70e-04 4.12e-03   6.10439906e+12 -4.72948466e+11  4.72e+06     168s
  23   2.80e-04 2.19e-03   4.06439303e+12 -2.78158963e+11  3.11e+06     176s
  24   1.97e-04 7.64e-04   3.21110280e+12 -1.40865524e+11  2.40e+06     184s
  25   1.10e-04 3.26e-04   1.93982147e+12 -6.65564549e+10  1.43e+06     191s
  26   5.44e-05 1.60e-04   1.14023044e+12 -3.90691935e+10  8.42e+05     199s
  27   2.61e-05 6.10e-05   6.83954492e+11 -1.88346567e+10  5.02e+05     206s
  28   1.00e-05 2.97e-05   3.97451926e+11 -1.09778425e+10  2.92e+05     212s
  29   3.22e-06 1.22e-05   2.48890696e+11 -4.78310240e+09  1.81e+05     219s
  30   1.25e-06 4.15e-06   1.35965898e+11  2.78428967e+09  9.51e+04     226s
  31   5.07e-07 1.74e-06   8.66654151e+10  5.58059009e+09  5.79e+04     233s
  32   2.98e-07 6.43e-07   5.79384450e+10  8.36074397e+09  3.54e+04     240s
  33   1.19e-07 4.16e-07   4.02956846e+10  8.63245609e+09  2.26e+04     247s
  34   1.71e-07 1.88e-07   2.29151048e+10  9.53577017e+09  9.55e+03     253s
  35   9.31e-08 9.31e-08   1.58115127e+10  1.00203472e+10  4.13e+03     259s
  36   1.47e-07 3.17e-08   1.26148274e+10  1.03194876e+10  1.64e+03     265s
  37   1.04e-07 1.68e-08   1.14022731e+10  1.04449523e+10  6.83e+02     272s
  38   5.59e-08 9.31e-09   1.11232481e+10  1.05161819e+10  4.33e+02     278s
  39   1.53e-07 5.59e-09   1.09705027e+10  1.05410284e+10  3.07e+02     284s
  40   6.33e-08 5.59e-09   1.07892525e+10  1.05693339e+10  1.57e+02     290s
  41   7.47e-08 3.73e-09   1.06680857e+10  1.05805216e+10  6.25e+01     295s
  42   1.13e-07 3.73e-09   1.06167324e+10  1.05840349e+10  2.33e+01     300s
  43   8.30e-08 3.73e-09   1.05956342e+10  1.05864191e+10  6.58e+00     306s
  44   1.05e-07 3.73e-09   1.05918063e+10  1.05873448e+10  3.18e+00     311s
  45   1.01e-07 3.73e-09   1.05885085e+10  1.05881735e+10  2.39e-01     316s
  46   1.09e-07 3.73e-09   1.05883160e+10  1.05882833e+10  2.33e-02     322s
  47   7.87e-08 3.73e-09   1.05882996e+10  1.05882932e+10  4.52e-03     327s
  48   2.51e-07 2.79e-09   1.05882948e+10  1.05882940e+10  5.60e-04     331s
  49   5.36e-07 2.79e-09   1.05882943e+10  1.05882942e+10  7.82e-05     337s
  50   7.26e-07 9.31e-10   1.05882943e+10  1.05882943e+10  2.21e-05     342s
  51*  2.95e-07 9.31e-10   1.05882943e+10  1.05882943e+10  2.30e-06     346s
Summary
    Runtime:                                            346.06s
    Status interior point solve:                        optimal
    Status crossover:                                   not run
    objective value:                                    1.05882943e+10
    interior solution primal residual (abs/rel):        3.73e-07 / 2.55e-15
    interior solution dual residual (abs/rel):          9.31e-10 / 9.62e-17
    interior solution objective gap (abs/rel):          2.42e+00 / 2.29e-10
Ipx: IPM       optimal
Model   status      : Optimal
IPM       iterations: 51
Objective value     :  1.0588294311e+10
HiGHS run time      :        354.84
Presolving model
863568 rows, 1838807 cols, 4714146 nonzeros
653160 rows, 1218813 cols, 3470805 nonzeros
645068 rows, 723921 cols, 2477172 nonzeros
643534 rows, 721949 cols, 2473295 nonzeros
Presolve : Reductions: rows 643534(-7270588); columns 721949(-4518513); elements 2473295(-29713949)
Solving the presolved LP
IPX model has 643534 rows, 721949 columns and 2473295 nonzeros
Input
    Number of variables:                                721949
    Number of free variables:                           0
    Number of constraints:                              643534
    Number of equality constraints:                     40406
    Number of matrix entries:                           2473295
    Matrix range:                                       [1e-02, 1e+00]
    RHS range:                                          [2e+05, 1e+08]
    Objective range:                                    [2e-04, 1e+07]
    Bounds range:                                       [7e+05, 1e+08]
Preprocessing
    Dualized model:                                     no
    Number of dense columns:                            0
    Range of scaling factors:                           [1.00e+00, 2.00e+00]
IPX version 1.0
Interior Point Solve
 Iter     P.res    D.res            P.obj           D.obj        mu     Time
   0   1.67e+07 2.81e+06   2.40148741e+14 -7.13237467e+18  5.22e+13       0s
   1   5.30e+06 2.04e+06   5.37785288e+17 -5.57627497e+18  3.99e+13       1s
   2   2.87e+06 1.78e+06   8.76638120e+17 -5.19643679e+18  4.53e+13       3s
   3   1.45e+06 2.85e+05   8.71371245e+17 -9.51944717e+17  8.18e+12       5s
   4   2.78e+05 5.97e+04   6.54373167e+17 -2.72346203e+17  2.03e+12       9s
 Constructing starting basis...
   5   3.08e+04 1.49e+04   3.55367005e+17 -9.69956314e+16  6.25e+11      25s
   6   6.33e+03 5.88e+03   1.77070123e+17 -4.58767473e+16  2.48e+11      33s
   7   1.32e+03 1.53e+03   9.68260846e+16 -1.84027664e+16  1.00e+11      41s
   8   3.78e+02 5.07e+02   4.28802299e+16 -7.44494431e+15  3.96e+10      54s
   9   1.25e+02 2.07e+02   2.02373370e+16 -3.53007297e+15  1.81e+10      64s
  10   3.41e+01 7.95e+01   7.94133133e+15 -1.49698988e+15  7.07e+09      73s
  11   1.64e+01 4.23e+01   4.73987063e+15 -8.54789988e+14  4.17e+09      83s
  12   7.29e+00 2.30e+01   3.72604946e+15 -5.81236008e+14  3.19e+09      92s
  13   2.53e+00 1.33e+01   1.85159697e+15 -3.60228608e+14  1.65e+09     101s
  14   9.08e-01 8.32e+00   9.41644346e+14 -2.34148685e+14  8.89e+08     108s
  15   2.21e-01 4.93e+00   3.61972159e+14 -1.42544590e+14  3.90e+08     116s
  16   1.71e-01 3.22e+00   3.13882010e+14 -9.69399772e+13  3.13e+08     124s
  17   1.11e-01 2.06e+00   2.37436735e+14 -6.46227473e+13  2.29e+08     131s
  18   3.35e-02 8.54e-01   9.08664503e+13 -2.77232835e+13  8.99e+07     139s
  19   7.95e-03 2.07e-01   3.90187908e+13 -7.84705538e+12  3.47e+07     147s
  20   3.04e-03 6.52e-02   1.83617428e+13 -2.69584165e+12  1.54e+07     155s
  21   1.26e-03 2.79e-02   8.90598820e+12 -1.22524776e+12  7.37e+06     162s
  22   3.20e-04 1.78e-02   5.64402977e+12 -8.86534705e+11  4.76e+06     170s
  23   1.26e-04 1.23e-02   4.15672176e+12 -6.74616720e+11  3.51e+06     178s
  24   4.40e-05 4.50e-03   2.41163824e+12 -2.99488256e+11  1.96e+06     186s
  25   2.53e-05 2.09e-03   1.58291842e+12 -1.49270210e+11  1.24e+06     194s
  26   1.59e-05 9.54e-04   1.22340251e+12 -8.44386718e+10  9.36e+05     201s
  27   9.03e-06 4.27e-04   7.97954386e+11 -4.08684359e+10  6.00e+05     209s
  28   4.65e-06 1.76e-04   5.46785393e+11 -2.15469588e+10  4.06e+05     216s
  29   1.91e-06 6.32e-05   3.23468959e+11 -8.31254126e+09  2.37e+05     223s
  30   6.56e-07 2.12e-05   1.87051568e+11 -1.08515051e+09  1.34e+05     230s
  31   1.49e-07 6.13e-06   8.11142005e+10  4.73831244e+09  5.45e+04     237s
  32   1.90e-07 2.80e-06   4.88973000e+10  6.74904867e+09  3.01e+04     244s
  33   1.38e-07 1.16e-06   2.99457978e+10  8.27677081e+09  1.55e+04     251s
  34   1.27e-07 3.95e-07   1.75896123e+10  9.10435426e+09  6.06e+03     258s
  35   1.15e-07 1.40e-07   1.31680969e+10  9.59878884e+09  2.55e+03     264s
  36   1.53e-07 5.77e-08   1.15442607e+10  9.77047409e+09  1.27e+03     271s
  37   1.61e-07 3.07e-08   1.09244940e+10  9.81899051e+09  7.89e+02     277s
  38   1.21e-07 1.40e-08   1.02166646e+10  9.88111201e+09  2.40e+02     282s
  39   7.97e-08 7.45e-09   1.00348330e+10  9.90768957e+09  9.08e+01     288s
  40   5.03e-08 5.59e-09   9.95764114e+09  9.92172039e+09  2.56e+01     294s
  41   7.86e-08 3.73e-09   9.93672502e+09  9.92743572e+09  6.63e+00     299s
  42   1.04e-07 3.73e-09   9.93123520e+09  9.92926143e+09  1.41e+00     305s
  43   7.13e-08 3.73e-09   9.92986222e+09  9.92955339e+09  2.20e-01     310s
  44   1.08e-07 2.79e-09   9.92966325e+09  9.92959678e+09  4.74e-02     315s
  45   7.45e-08 3.73e-09   9.92963169e+09  9.92961099e+09  1.48e-02     320s
  46   1.60e-07 3.73e-09   9.92962080e+09  9.92961643e+09  3.12e-03     325s
  47   5.06e-07 3.73e-09   9.92961790e+09  9.92961738e+09  3.71e-04     330s
  48   6.45e-07 1.86e-09   9.92961754e+09  9.92961747e+09  5.04e-05     334s
  49*  3.34e-07 1.86e-09   9.92961748e+09  9.92961747e+09  4.86e-06     338s
Summary
    Runtime:                                            338.42s
    Status interior point solve:                        optimal
    Status crossover:                                   not run
    objective value:                                    9.92961748e+09
    interior solution primal residual (abs/rel):        3.73e-07 / 2.55e-15
    interior solution dual residual (abs/rel):          9.31e-10 / 9.62e-17
    interior solution objective gap (abs/rel):          6.45e+00 / 6.50e-10
Ipx: IPM       optimal
Model   status      : Optimal
IPM       iterations: 49
Objective value     :  9.9296174805e+09
HiGHS run time      :        347.27
Presolving model
863568 rows, 1838807 cols, 4714146 nonzeros
653160 rows, 1218813 cols, 3470805 nonzeros
645068 rows, 723921 cols, 2477172 nonzeros
643534 rows, 721949 cols, 2473295 nonzeros
Presolve : Reductions: rows 643534(-7293133); columns 721949(-4518513); elements 2473295(-29736494)
Solving the presolved LP
IPX model has 643534 rows, 721949 columns and 2473295 nonzeros
Input
    Number of variables:                                721949
    Number of free variables:                           0
    Number of constraints:                              643534
    Number of equality constraints:                     40406
    Number of matrix entries:                           2473295
    Matrix range:                                       [1e-02, 1e+00]
    RHS range:                                          [2e+05, 1e+08]
    Objective range:                                    [2e-04, 1e+07]
    Bounds range:                                       [7e+05, 1e+08]
Preprocessing
    Dualized model:                                     no
    Number of dense columns:                            0
    Range of scaling factors:                           [1.00e+00, 2.00e+00]
IPX version 1.0
Interior Point Solve
 Iter     P.res    D.res            P.obj           D.obj        mu     Time
   0   1.67e+07 2.81e+06   2.40259475e+14 -7.13237927e+18  5.22e+13       0s
   1   5.31e+06 2.04e+06   5.37804366e+17 -5.57627605e+18  3.99e+13       1s
   2   2.87e+06 1.78e+06   8.76686060e+17 -5.19646702e+18  4.53e+13       3s
   3   1.45e+06 2.85e+05   8.71426822e+17 -9.51982469e+17  8.18e+12       5s
   4   2.78e+05 5.97e+04   6.54388385e+17 -2.72384510e+17  2.03e+12       9s
 Constructing starting basis...
   5   3.16e+04 1.49e+04   3.56354100e+17 -9.71382610e+16  6.27e+11      25s
   6   6.58e+03 5.89e+03   1.78160713e+17 -4.59207444e+16  2.49e+11      33s
   7   1.37e+03 1.57e+03   9.69864384e+16 -1.86023178e+16  1.01e+11      42s
   8   3.69e+02 5.26e+02   4.19099494e+16 -7.61722850e+15  3.92e+10      55s
   9   1.20e+02 2.18e+02   2.00164338e+16 -3.66752286e+15  1.81e+10      65s
  10   3.64e+01 9.27e+01   8.37826048e+15 -1.68685317e+15  7.57e+09      73s
  11   1.58e+01 4.72e+01   4.68850712e+15 -9.20346863e+14  4.19e+09      82s
  12   8.59e+00 2.67e+01   3.93540863e+15 -6.35631771e+14  3.39e+09      91s
  13   4.20e+00 1.48e+01   2.40276124e+15 -3.79363440e+14  2.06e+09     100s
  14   1.70e+00 1.02e+01   1.25659696e+15 -2.71282596e+14  1.15e+09     109s
  15   5.39e-01 5.30e+00   5.31478256e+14 -1.45073934e+14  5.12e+08     117s
  16   2.78e-01 3.36e+00   3.57410236e+14 -9.65327499e+13  3.44e+08     124s
  17   9.60e-02 2.03e+00   1.70784378e+14 -6.04548183e+13  1.77e+08     132s
  18   5.01e-02 8.05e-01   1.26585488e+14 -2.73512699e+13  1.15e+08     139s
  19   1.46e-02 2.57e-01   4.78969070e+13 -9.38156794e+12  4.24e+07     147s
  20   4.24e-03 5.38e-02   1.83945527e+13 -2.24918200e+12  1.50e+07     155s
  21   1.93e-03 1.89e-02   9.61930557e+12 -8.78431369e+11  7.59e+06     163s
  22   6.13e-04 1.32e-02   5.93909062e+12 -6.94405029e+11  4.81e+06     171s
  23   2.09e-04 5.69e-03   3.75904756e+12 -3.91232935e+11  2.99e+06     179s
  24   1.29e-04 2.62e-03   2.54685528e+12 -1.94300505e+11  1.97e+06     187s
  25   8.21e-05 1.55e-03   1.78788995e+12 -1.23234418e+11  1.37e+06     194s
  26   4.84e-05 6.59e-04   1.22205172e+12 -6.18795461e+10  9.18e+05     201s
  27   2.18e-05 3.17e-04   7.87830476e+11 -3.90657806e+10  5.91e+05     208s
  28   9.18e-06 1.25e-04   4.39651718e+11 -1.66857542e+10  3.26e+05     215s
  29   4.11e-06 5.93e-05   2.62132631e+11 -6.59910681e+09  1.92e+05     222s
  30   1.31e-06 1.92e-05   1.29371489e+11  1.86320212e+09  9.10e+04     229s
  31   5.96e-07 7.47e-06   7.92523531e+10  5.41439179e+09  5.27e+04     236s
  32   2.38e-07 2.44e-06   4.08073500e+10  7.90816154e+09  2.35e+04     243s
  33   1.15e-07 5.48e-07   2.75328926e+10  8.75719346e+09  1.34e+04     249s
  34   6.21e-08 1.32e-07   1.65382504e+10  9.38033952e+09  5.11e+03     256s
  35   9.93e-08 5.22e-08   1.21070469e+10  9.58835362e+09  1.80e+03     262s
  36   1.10e-07 2.33e-08   1.09835704e+10  9.68933477e+09  9.24e+02     269s
  37   1.37e-07 1.30e-08   1.03514135e+10  9.73189378e+09  4.42e+02     274s
  38   1.89e-07 7.45e-09   9.99939862e+09  9.75483394e+09  1.75e+02     280s
  39   1.04e-07 5.59e-09   9.84915935e+09  9.77155940e+09  5.54e+01     285s
  40   1.45e-07 3.73e-09   9.80115306e+09  9.77779543e+09  1.67e+01     290s
  41   1.10e-07 5.59e-09   9.78295468e+09  9.77930210e+09  2.61e+00     296s
  42   1.03e-07 3.73e-09   9.78036092e+09  9.77982284e+09  3.84e-01     301s
  43   1.97e-07 3.73e-09   9.77992890e+09  9.77987426e+09  3.90e-02     306s
  44   1.94e-07 2.79e-09   9.77988933e+09  9.77988278e+09  4.68e-03     311s
  45   2.10e-07 3.73e-09   9.77988434e+09  9.77988378e+09  3.95e-04     316s
  46   5.51e-07 1.86e-09   9.77988408e+09  9.77988399e+09  6.93e-05     321s
  47   6.18e-07 1.86e-09   9.77988404e+09  9.77988401e+09  2.74e-05     325s
  48*  6.18e-07 1.86e-09   9.77988402e+09  9.77988401e+09  6.26e-06     328s
Summary
    Runtime:                                            327.56s
    Status interior point solve:                        optimal
    Status crossover:                                   not run
    objective value:                                    9.77988402e+09
    interior solution primal residual (abs/rel):        9.83e-07 / 6.74e-15
    interior solution dual residual (abs/rel):          9.31e-10 / 9.62e-17
    interior solution objective gap (abs/rel):          7.90e+00 / 8.07e-10
Ipx: IPM       optimal
Model   status      : Optimal
IPM       iterations: 48
Objective value     :  9.7798840154e+09
HiGHS run time      :        336.39
Presolving model
863568 rows, 1838807 cols, 4714146 nonzeros
653160 rows, 1218813 cols, 3470805 nonzeros
645068 rows, 723921 cols, 2477172 nonzeros
643534 rows, 721949 cols, 2473295 nonzeros
Presolve : Reductions: rows 643534(-7315678); columns 721949(-4518513); elements 2473295(-29759039)
Solving the presolved LP
IPX model has 643534 rows, 721949 columns and 2473295 nonzeros
Input
    Number of variables:                                721949
    Number of free variables:                           0
    Number of constraints:                              643534
    Number of equality constraints:                     40406
    Number of matrix entries:                           2473295
    Matrix range:                                       [1e-02, 1e+00]
    RHS range:                                          [2e+05, 1e+08]
    Objective range:                                    [2e-04, 1e+07]
    Bounds range:                                       [7e+05, 1e+08]
Preprocessing
    Dualized model:                                     no
    Number of dense columns:                            0
    Range of scaling factors:                           [1.00e+00, 2.00e+00]
IPX version 1.0
Interior Point Solve
 Iter     P.res    D.res            P.obj           D.obj        mu     Time
   0   1.67e+07 2.81e+06   2.40455475e+14 -7.13238024e+18  5.22e+13       0s
   1   5.31e+06 2.04e+06   5.37831993e+17 -5.57627610e+18  3.99e+13       1s
   2   2.87e+06 1.78e+06   8.76745408e+17 -5.19648375e+18  4.53e+13       3s
   3   1.45e+06 2.85e+05   8.71491078e+17 -9.52001217e+17  8.18e+12       5s
   4   2.78e+05 5.97e+04   6.54521438e+17 -2.72394565e+17  2.03e+12       9s
 Constructing starting basis...
   5   3.10e+04 1.50e+04   3.55449987e+17 -9.71513294e+16  6.26e+11      25s
   6   6.37e+03 5.90e+03   1.77390643e+17 -4.59302096e+16  2.49e+11      33s
   7   1.31e+03 1.58e+03   9.68660364e+16 -1.86790407e+16  1.01e+11      42s
   8   3.84e+02 5.25e+02   4.34976489e+16 -7.58529442e+15  4.03e+10      54s
   9   1.30e+02 2.10e+02   2.07092356e+16 -3.52346202e+15  1.84e+10      65s
  10   3.48e+01 9.19e+01   8.05035534e+15 -1.67935179e+15  7.32e+09      74s
  11   1.61e+01 4.61e+01   4.73999976e+15 -9.06013501e+14  4.22e+09      83s
  12   9.16e+00 2.57e+01   3.99331771e+15 -6.20370045e+14  3.42e+09      91s
  13   4.54e+00 1.44e+01   2.43395472e+15 -3.74768644e+14  2.08e+09      99s
  14   1.85e+00 1.01e+01   1.27219046e+15 -2.70107038e+14  1.16e+09     107s
  15   5.70e-01 5.73e+00   5.28233635e+14 -1.57147357e+14  5.21e+08     114s
  16   2.20e-01 3.59e+00   3.16931224e+14 -1.03374125e+14  3.21e+08     122s
  17   1.11e-01 2.10e+00   2.05034463e+14 -6.31172464e+13  2.04e+08     129s
  18   5.97e-02 9.35e-01   1.46608153e+14 -3.12576879e+13  1.33e+08     137s
  19   1.74e-02 3.16e-01   5.55029338e+13 -1.13011612e+13  4.96e+07     145s
  20   4.67e-03 6.50e-02   2.15772959e+13 -2.76524060e+12  1.78e+07     153s
  21   1.54e-03 1.87e-02   8.94666886e+12 -9.13786922e+11  7.13e+06     161s
  22   7.19e-04 1.26e-02   5.89318692e+12 -6.81332947e+11  4.76e+06     169s
  23   3.43e-04 5.10e-03   3.98390056e+12 -3.55339391e+11  3.12e+06     177s
  24   2.22e-04 2.66e-03   2.84293225e+12 -2.03183124e+11  2.18e+06     185s
  25   1.21e-04 1.54e-03   1.87261141e+12 -1.33083811e+11  1.44e+06     193s
  26   4.51e-05 7.39e-04   9.83217030e+11 -7.37982867e+10  7.56e+05     201s
  27   1.59e-05 3.36e-04   5.51017671e+11 -3.92417024e+10  4.22e+05     208s
  28   7.03e-06 8.49e-05   3.62412687e+11 -1.27298498e+10  2.68e+05     216s
  29   4.47e-06 3.99e-05   2.61312313e+11 -3.57035505e+09  1.89e+05     224s
  30   1.52e-06 1.59e-05   1.22860787e+11  2.63516397e+09  8.58e+04     231s
  31   4.47e-07 5.35e-06   7.52740537e+10  5.24706395e+09  5.00e+04     238s
  32   1.79e-07 1.90e-06   3.99107040e+10  7.76818921e+09  2.29e+04     246s
  33   2.20e-07 4.56e-07   2.48647225e+10  8.74519407e+09  1.15e+04     253s
  34   1.97e-07 1.84e-07   1.44859187e+10  9.22620017e+09  3.75e+03     259s
  35   1.19e-07 7.64e-08   1.16274407e+10  9.46244683e+09  1.55e+03     266s
  36   9.69e-08 2.98e-08   1.06887385e+10  9.58282963e+09  7.89e+02     273s
  37   6.35e-08 1.58e-08   1.02051504e+10  9.62567526e+09  4.14e+02     279s
  38   1.25e-07 9.31e-09   9.84174475e+09  9.64749232e+09  1.39e+02     286s
  39   1.48e-07 5.59e-09   9.72517377e+09  9.66487759e+09  4.30e+01     291s
  40   1.29e-07 3.73e-09   9.69438672e+09  9.67214870e+09  1.59e+01     297s
  41   1.76e-07 3.73e-09   9.67655987e+09  9.67404803e+09  1.79e+00     303s
  42   1.68e-07 3.73e-09   9.67508038e+09  9.67483474e+09  1.75e-01     309s
  43   1.19e-07 3.73e-09   9.67493571e+09  9.67489046e+09  3.23e-02     314s
  44   6.71e-08 2.79e-09   9.67490387e+09  9.67489721e+09  4.76e-03     320s
  45   3.64e-07 3.73e-09   9.67489931e+09  9.67489851e+09  5.72e-04     325s
  46   3.70e-07 1.86e-09   9.67489889e+09  9.67489881e+09  5.96e-05     331s
  47*  3.02e-07 1.86e-09   9.67489885e+09  9.67489884e+09  6.00e-06     336s
Summary
    Runtime:                                            336.19s
    Status interior point solve:                        optimal
    Status crossover:                                   not run
    objective value:                                    9.67489885e+09
    interior solution primal residual (abs/rel):        5.07e-07 / 3.47e-15
    interior solution dual residual (abs/rel):          9.31e-10 / 9.62e-17
    interior solution objective gap (abs/rel):          7.85e+00 / 8.12e-10
Ipx: IPM       optimal
Model   status      : Optimal
IPM       iterations: 47
Objective value     :  9.6748988488e+09
HiGHS run time      :        345.03
Presolving model
863568 rows, 1838807 cols, 4714146 nonzeros
653160 rows, 1218813 cols, 3470805 nonzeros
645068 rows, 723921 cols, 2477172 nonzeros
643534 rows, 721949 cols, 2473295 nonzeros
Presolve : Reductions: rows 643534(-7338223); columns 721949(-4518513); elements 2473295(-29781584)
Solving the presolved LP
IPX model has 643534 rows, 721949 columns and 2473295 nonzeros
Input
    Number of variables:                                721949
    Number of free variables:                           0
    Number of constraints:                              643534
    Number of equality constraints:                     40406
    Number of matrix entries:                           2473295
    Matrix range:                                       [1e-02, 1e+00]
    RHS range:                                          [2e+05, 1e+08]
    Objective range:                                    [2e-04, 1e+07]
    Bounds range:                                       [7e+05, 1e+08]
Preprocessing
    Dualized model:                                     no
    Number of dense columns:                            0
    Range of scaling factors:                           [1.00e+00, 2.00e+00]
IPX version 1.0
Interior Point Solve
 Iter     P.res    D.res            P.obj           D.obj        mu     Time
   0   1.67e+07 2.81e+06   2.40478663e+14 -7.13238071e+18  5.22e+13       0s
   1   5.31e+06 2.04e+06   5.37836437e+17 -5.57627674e+18  3.99e+13       1s
   2   2.87e+06 1.78e+06   8.76751411e+17 -5.19648375e+18  4.53e+13       3s
   3   1.45e+06 2.85e+05   8.71497428e+17 -9.51998968e+17  8.18e+12       5s
   4   2.78e+05 5.97e+04   6.54532342e+17 -2.72393588e+17  2.03e+12       9s
 Constructing starting basis...
   5   3.09e+04 1.49e+04   3.55276154e+17 -9.71084200e+16  6.26e+11      25s
   6   6.32e+03 5.89e+03   1.77206944e+17 -4.59032427e+16  2.48e+11      33s
   7   1.31e+03 1.57e+03   9.68167940e+16 -1.86287433e+16  1.01e+11      42s
   8   3.29e+02 5.19e+02   4.03572727e+16 -7.52055480e+15  3.79e+10      55s
   9   1.05e+02 2.19e+02   1.94229557e+16 -3.69211618e+15  1.76e+10      65s
  10   3.00e+01 9.44e+01   7.74153096e+15 -1.70231225e+15  7.12e+09      75s
  11   1.41e+01 4.98e+01   4.62580259e+15 -9.56616529e+14  4.18e+09      85s
  12   8.02e+00 2.82e+01   3.90886877e+15 -6.51569236e+14  3.39e+09      94s
  13   3.98e+00 1.59e+01   2.40110835e+15 -3.94408311e+14  2.07e+09     102s
  14   1.64e+00 1.11e+01   1.27382001e+15 -2.83224951e+14  1.17e+09     109s
  15   5.02e-01 6.25e+00   5.28077924e+14 -1.62866729e+14  5.27e+08     117s
  16   2.01e-01 3.81e+00   3.28030101e+14 -1.04675470e+14  3.30e+08     125s
  17   9.95e-02 2.26e+00   2.06638314e+14 -6.45564756e+13  2.07e+08     132s
  18   5.23e-02 9.26e-01   1.50570332e+14 -3.03013817e+13  1.35e+08     140s
  19   1.63e-02 3.24e-01   5.83465016e+13 -1.12540166e+13  5.16e+07     147s
  20   4.34e-03 6.18e-02   2.19700694e+13 -2.57901097e+12  1.79e+07     155s
  21   2.48e-03 2.54e-02   1.40267315e+13 -1.18695705e+12  1.10e+07     163s
  22   7.91e-04 7.60e-03   5.11690269e+12 -3.88730912e+11  3.96e+06     171s
  23   6.48e-04 5.53e-03   4.66895672e+12 -3.26889676e+11  3.59e+06     178s
  24   2.55e-04 3.34e-03   3.16270490e+12 -2.49699000e+11  2.45e+06     185s
  25   1.09e-04 1.56e-03   2.07114711e+12 -1.54616664e+11  1.59e+06     193s
  26   2.72e-05 5.87e-04   9.19985579e+11 -7.34958344e+10  7.11e+05     200s
  27   3.46e-06 3.75e-04   5.46701426e+11 -5.47827563e+10  4.30e+05     208s
  28   1.67e-06 1.45e-04   3.71525020e+11 -2.37557754e+10  2.82e+05     216s
  29   1.07e-06 5.34e-05   2.91945684e+11 -9.20983524e+09  2.15e+05     224s
  30   6.56e-07 2.75e-05   1.91348594e+11 -1.34052353e+09  1.38e+05     231s
  31   2.98e-07 1.02e-05   1.08322437e+11  4.46673360e+09  7.41e+04     238s
  32   1.79e-07 3.63e-06   6.56382475e+10  7.07593162e+09  4.18e+04     244s
  33   9.94e-08 3.73e-09   4.00744863e+10  8.02611218e+09  2.29e+04     251s
  34   1.87e-07 3.73e-09   2.01176669e+10  8.98330667e+09  7.95e+03     258s
  35   1.43e-07 3.73e-09   1.57316944e+10  9.32627662e+09  4.57e+03     264s
  36   1.20e-07 3.73e-09   1.17978165e+10  9.45415506e+09  1.67e+03     270s
  37   1.60e-07 3.73e-09   1.05300481e+10  9.55240263e+09  6.98e+02     276s
  38   1.30e-07 3.73e-09   1.01110632e+10  9.58336731e+09  3.77e+02     282s
  39   1.86e-07 3.73e-09   9.72819027e+09  9.59471185e+09  9.53e+01     288s
  40   6.19e-08 3.73e-09   9.64808238e+09  9.60602687e+09  3.00e+01     293s
  41   1.00e-07 3.73e-09   9.63067172e+09  9.61038513e+09  1.45e+01     299s
  42   8.43e-08 3.73e-09   9.61517737e+09  9.61239677e+09  1.98e+00     304s
  43   9.69e-08 3.73e-09   9.61350708e+09  9.61322111e+09  2.04e-01     310s
  44   2.98e-07 3.73e-09   9.61330848e+09  9.61327101e+09  2.67e-02     315s
  45   1.19e-07 3.73e-09   9.61328938e+09  9.61328240e+09  4.98e-03     320s
  46   2.31e-07 3.73e-09   9.61328481e+09  9.61328414e+09  4.77e-04     326s
  47   3.89e-07 1.86e-09   9.61328465e+09  9.61328459e+09  4.33e-05     332s
  48*  9.24e-07 9.31e-10   9.61328463e+09  9.61328463e+09  5.57e-06     338s
Summary
    Runtime:                                            337.58s
    Status interior point solve:                        optimal
    Status crossover:                                   not run
    objective value:                                    9.61328463e+09
    interior solution primal residual (abs/rel):        7.30e-07 / 5.00e-15
    interior solution dual residual (abs/rel):          9.31e-10 / 9.62e-17
    interior solution objective gap (abs/rel):          6.53e+00 / 6.80e-10
Ipx: IPM       optimal
Model   status      : Optimal
IPM       iterations: 48
Objective value     :  9.6132846308e+09
HiGHS run time      :        346.53
Presolving model
863568 rows, 1838807 cols, 4714146 nonzeros
653160 rows, 1218813 cols, 3470805 nonzeros
645068 rows, 723921 cols, 2477172 nonzeros
643534 rows, 721949 cols, 2473295 nonzeros
Presolve : Reductions: rows 643534(-7360768); columns 721949(-4518513); elements 2473295(-29804129)
Solving the presolved LP
IPX model has 643534 rows, 721949 columns and 2473295 nonzeros
Input
    Number of variables:                                721949
    Number of free variables:                           0
    Number of constraints:                              643534
    Number of equality constraints:                     40406
    Number of matrix entries:                           2473295
    Matrix range:                                       [1e-02, 1e+00]
    RHS range:                                          [2e+05, 1e+08]
    Objective range:                                    [2e-04, 1e+07]
    Bounds range:                                       [7e+05, 1e+08]
Preprocessing
    Dualized model:                                     no
    Number of dense columns:                            0
    Range of scaling factors:                           [1.00e+00, 2.00e+00]
IPX version 1.0
Interior Point Solve
 Iter     P.res    D.res            P.obj           D.obj        mu     Time
   0   1.67e+07 2.81e+06   2.40490668e+14 -7.13238051e+18  5.22e+13       0s
   1   5.31e+06 2.04e+06   5.37839135e+17 -5.57627650e+18  3.99e+13       1s
   2   2.87e+06 1.78e+06   8.76798946e+17 -5.19648912e+18  4.53e+13       3s
   3   1.45e+06 2.85e+05   8.71537918e+17 -9.52023313e+17  8.18e+12       5s
   4   2.78e+05 5.97e+04   6.54586632e+17 -2.72411138e+17  2.03e+12       9s
 Constructing starting basis...
   5   3.08e+04 1.49e+04   3.55592395e+17 -9.71349607e+16  6.25e+11      24s
   6   6.32e+03 5.88e+03   1.77260838e+17 -4.58738749e+16  2.48e+11      33s
   7   1.31e+03 1.58e+03   9.69335875e+16 -1.87083964e+16  1.01e+11      41s
   8   3.89e+02 5.33e+02   4.36876851e+16 -7.65527979e+15  4.06e+10      53s
   9   1.31e+02 2.14e+02   2.08062071e+16 -3.57778360e+15  1.85e+10      64s
  10   3.47e+01 9.28e+01   8.06966770e+15 -1.68728487e+15  7.34e+09      73s
  11   1.59e+01 4.73e+01   4.75202684e+15 -9.24225280e+14  4.24e+09      83s
  12   8.83e+00 2.66e+01   3.97050120e+15 -6.32950501e+14  3.41e+09      91s
  13   4.39e+00 1.50e+01   2.42913328e+15 -3.83190624e+14  2.08e+09      99s
  14   1.75e+00 1.05e+01   1.26394878e+15 -2.75595596e+14  1.16e+09     106s
  15   5.44e-01 5.88e+00   5.27833987e+14 -1.58651225e+14  5.22e+08     114s
  16   2.12e-01 3.64e+00   3.26536198e+14 -1.03669604e+14  3.28e+08     122s
  17   8.81e-02 2.11e+00   1.87358167e+14 -6.26318622e+13  1.91e+08     129s
  18   4.88e-02 8.43e-01   1.39564252e+14 -2.85324248e+13  1.25e+08     137s
  19   1.59e-02 2.95e-01   5.53322011e+13 -1.05664273e+13  4.88e+07     145s
  20   4.57e-03 6.59e-02   2.00373028e+13 -2.60832773e+12  1.65e+07     153s
  21   1.75e-03 2.12e-02   1.04083656e+13 -1.02927022e+12  8.28e+06     161s
  22   6.84e-04 8.44e-03   6.26087212e+12 -5.45417222e+11  4.90e+06     169s
  23   4.30e-04 4.88e-03   4.79327849e+12 -3.74274082e+11  3.71e+06     177s
  24   2.09e-04 2.23e-03   3.37971818e+12 -2.37257533e+11  2.59e+06     184s
  25   1.05e-04 9.81e-04   2.09296260e+12 -1.27533080e+11  1.59e+06     192s
  26   3.31e-05 4.12e-04   1.09579214e+12 -7.16829822e+10  8.34e+05     200s
  27   3.81e-06 1.92e-04   5.82689377e+11 -4.58233964e+10  4.49e+05     208s
  28   1.19e-06 9.59e-05   3.49996381e+11 -2.58598164e+10  2.68e+05     215s
  29   5.96e-07 2.96e-05   2.15141520e+11 -5.78522642e+09  1.58e+05     222s
  30   3.58e-07 1.27e-05   1.40500597e+11  9.60588510e+08  9.96e+04     230s
  31   1.19e-07 5.55e-06   7.01337160e+10  5.11057796e+09  4.64e+04     236s
  32   1.01e-07 1.21e-06   3.89555246e+10  7.97283523e+09  2.21e+04     244s
  33   7.20e-08 3.72e-07   2.67622969e+10  8.57206034e+09  1.30e+04     250s
  34   2.24e-07 7.82e-08   1.88207283e+10  9.22305043e+09  6.85e+03     256s
  35   2.09e-07 2.05e-08   1.35033424e+10  9.31359252e+09  2.99e+03     262s
  36   2.24e-07 9.31e-09   1.09973818e+10  9.49476124e+09  1.07e+03     268s
  37   9.69e-08 5.59e-09   1.02560016e+10  9.54802870e+09  5.05e+02     274s
  38   1.00e-07 3.73e-09   9.85491528e+09  9.58046578e+09  1.96e+02     280s
  39   1.15e-07 3.73e-09   9.71450142e+09  9.59682418e+09  8.40e+01     285s
  40   1.54e-07 3.73e-09   9.65111617e+09  9.60277351e+09  3.45e+01     291s
  41   1.75e-07 3.73e-09   9.61335222e+09  9.60471867e+09  6.16e+00     295s
  42   1.68e-07 3.73e-09   9.60624496e+09  9.60534703e+09  6.41e-01     301s
  43   1.23e-07 3.73e-09   9.60559425e+09  9.60550140e+09  6.63e-02     306s
  44   7.82e-08 3.73e-09   9.60552124e+09  9.60551130e+09  7.10e-03     311s
  45   9.31e-08 3.73e-09   9.60551494e+09  9.60551389e+09  7.48e-04     316s
  46   6.34e-07 2.79e-09   9.60551427e+09  9.60551421e+09  4.48e-05     321s
  47*  8.27e-07 9.31e-10   9.60551425e+09  9.60551424e+09  3.92e-06     326s
Summary
    Runtime:                                            325.90s
    Status interior point solve:                        optimal
    Status crossover:                                   not run
    objective value:                                    9.60551425e+09
    interior solution primal residual (abs/rel):        8.20e-07 / 5.61e-15
    interior solution dual residual (abs/rel):          9.31e-10 / 9.62e-17
    interior solution objective gap (abs/rel):          4.66e+00 / 4.85e-10
Ipx: IPM       optimal
Model   status      : Optimal
IPM       iterations: 47
Objective value     :  9.6055142458e+09
HiGHS run time      :        334.79
[ Info: Rolling step not specified in scenaio.yaml file; Setting it to 15 years
[ Info: Demand-pathway mapping not specified in scenaio.yaml file; SERA will not look for eligible pathways for different demand types.
[ Info: Production capacity constraints from the grid model not defined. SERA will not create these constraints
[ Info: Regional technology limits not specified in scenaio.yaml file; SERA will not create these constraints
STARTING DATA PRE-PROCESSING 
Processing Temporal Data
Processing Nodes
Processing Demand
Processing Existings
Processing Links
Processing Pathways
Creating Infrastructure options
 15.274932 seconds (99.59 M allocations: 11.636 GiB, 26.80% gc time, 0.57% compilation time)

OPTIMIZING FROM 2026 TO 2040 

STARTING OPTIMIZATION MODEL CREATION
CREATING VARIABLES AND EXPRESSIONS
188.140002 seconds (401.28 M allocations: 25.031 GiB, 85.91% gc time, 7.22% compilation time)
POPULATING EXPRESSIONS
 96.901021 seconds (440.01 M allocations: 69.404 GiB, 10.59% gc time, 0.19% compilation time)
CREATING CONSTRAINTS
189.866789 seconds (260.02 M allocations: 15.817 GiB, 85.42% gc time, 0.97% compilation time)
POPULATED CORE OPTIMIZATION MODEL, STARTING ITERATIONS
READING COST DATA FOR ITERATION 1
122.454358 seconds (183.07 M allocations: 17.393 GiB, 67.81% gc time, 0.38% compilation time)
CREATING EXPRESSIONS FOR CAPITAL AND FIXED COST
375.583910 seconds (266.65 M allocations: 17.146 GiB, 94.70% gc time, 0.42% compilation time)
BUILDING OBJECTIVE FUNCTION
 29.018133 seconds (65.38 M allocations: 2.014 GiB, 72.88% gc time, 2.84% compilation time)
Optimizing for iteration 1
994.432982 seconds (88.96 M allocations: 8.390 GiB, 19.92% gc time, 0.00% compilation time)
OPTIMAL
3.502526392428398e9
ϵ =  1.0
READING COST DATA FOR ITERATION 2
1168.076684 seconds (148.52 M allocations: 16.674 GiB, 23.39% gc time, 0.00% compilation time)
CREATING EXPRESSIONS FOR CAPITAL AND FIXED COST
547.963307 seconds (265.26 M allocations: 17.039 GiB, 96.66% gc time, 0.00% compilation time)
BUILDING OBJECTIVE FUNCTION
 29.759372 seconds (64.72 M allocations: 2.033 GiB, 75.79% gc time)
Optimizing for iteration 2
393.186583 seconds (5 allocations: 32 bytes)
OPTIMAL
1.8217336430028854e10
ϵ =  0.8077366356008763
READING COST DATA FOR ITERATION 3
1170.642387 seconds (147.90 M allocations: 16.632 GiB, 23.55% gc time)
CREATING EXPRESSIONS FOR CAPITAL AND FIXED COST
553.779010 seconds (265.26 M allocations: 17.039 GiB, 96.61% gc time)
BUILDING OBJECTIVE FUNCTION
 30.206637 seconds (64.72 M allocations: 2.033 GiB, 75.99% gc time)
Optimizing for iteration 3
354.909004 seconds (2 allocations: 32 bytes)
OPTIMAL
1.0588294310558256e10
ϵ =  0.7205166286192553
READING COST DATA FOR ITERATION 4
1174.969097 seconds (147.85 M allocations: 16.693 GiB, 23.93% gc time)
CREATING EXPRESSIONS FOR CAPITAL AND FIXED COST
587.207118 seconds (265.26 M allocations: 17.039 GiB, 96.82% gc time)
BUILDING OBJECTIVE FUNCTION
 31.456482 seconds (64.72 M allocations: 2.033 GiB, 76.78% gc time)
Optimizing for iteration 4
347.337980 seconds (2 allocations: 32 bytes)
OPTIMAL
9.929617480538279e9
ϵ =  0.06633456236468753
READING COST DATA FOR ITERATION 5
1178.070742 seconds (147.83 M allocations: 16.677 GiB, 24.12% gc time)
CREATING EXPRESSIONS FOR CAPITAL AND FIXED COST
568.270862 seconds (265.26 M allocations: 17.039 GiB, 96.67% gc time)
BUILDING OBJECTIVE FUNCTION
 30.950851 seconds (64.72 M allocations: 2.033 GiB, 76.33% gc time)
Optimizing for iteration 5
336.453000 seconds (2 allocations: 32 bytes)
OPTIMAL
9.77988401544235e9
ϵ =  0.015310351826525695
READING COST DATA FOR ITERATION 6
1182.131755 seconds (147.82 M allocations: 16.590 GiB, 24.37% gc time)
CREATING EXPRESSIONS FOR CAPITAL AND FIXED COST
584.593906 seconds (265.26 M allocations: 17.039 GiB, 96.78% gc time)
BUILDING OBJECTIVE FUNCTION
 31.087791 seconds (64.72 M allocations: 2.033 GiB, 76.50% gc time)
Optimizing for iteration 6
345.103237 seconds (2 allocations: 32 bytes)
OPTIMAL
9.674898848832813e9
ϵ =  0.010851293459871776
READING COST DATA FOR ITERATION 7
1243.633166 seconds (147.82 M allocations: 16.804 GiB, 25.18% gc time)
CREATING EXPRESSIONS FOR CAPITAL AND FIXED COST
638.281202 seconds (265.26 M allocations: 17.039 GiB, 96.94% gc time)
BUILDING OBJECTIVE FUNCTION
 34.182254 seconds (64.72 M allocations: 2.033 GiB, 77.61% gc time)
Optimizing for iteration 7
346.607603 seconds (2 allocations: 32 bytes)
OPTIMAL
9.61328463083433e9
ϵ =  0.0064092784482523354
READING COST DATA FOR ITERATION 8
1254.786440 seconds (147.81 M allocations: 16.629 GiB, 25.43% gc time)
CREATING EXPRESSIONS FOR CAPITAL AND FIXED COST
624.270429 seconds (265.26 M allocations: 17.039 GiB, 96.89% gc time)
BUILDING OBJECTIVE FUNCTION
 34.637750 seconds (64.72 M allocations: 2.033 GiB, 77.90% gc time)
Optimizing for iteration 8
334.867478 seconds (2 allocations: 32 bytes)
OPTIMAL
9.60551424581428e9
ϵ =  0.000808950445140384
ITERATIONS COMPLETED
WRITING RESULTS TO FILE
 56.676047 seconds (51.93 M allocations: 2.143 GiB, 90.29% gc time, 1.27% compilation time)

THE OPTIMIZATION PROBLEM TOOK 290.36 MINUTES TO SOLVE. 
