Running HiGHS 1.6.0: Copyright (c) 2023 HiGHS under MIT licence terms
Presolving model
19983 rows, 94886 cols, 209441 nonzeros
19407 rows, 26112 cols, 68696 nonzeros
19170 rows, 25821 cols, 68168 nonzeros
Presolve : Reductions: rows 19170(-865627); columns 25821(-464617); elements 68168(-2255503)
Solving the presolved LP
IPX model has 19170 rows, 25821 columns and 68168 nonzeros
Input
    Number of variables:                                25821
    Number of free variables:                           0
    Number of constraints:                              19170
    Number of equality constraints:                     5610
    Number of matrix entries:                           68168
    Matrix range:                                       [1e-02, 1e+00]
    RHS range:                                          [2e+05, 6e+07]
    Objective range:                                    [3e-04, 3e+01]
    Bounds range:                                       [2e+05, 1e+08]
Preprocessing
    Dualized model:                                     no
    Number of dense columns:                            0
    Range of scaling factors:                           [1.00e+00, 2.00e+00]
IPX version 1.0
Interior Point Solve
 Iter     P.res    D.res            P.obj           D.obj        mu     Time
   0   1.59e+07 5.99e+00   1.71350295e+09 -3.18703298e+12  1.55e+08       0s
   1   2.83e+06 2.60e+00   2.24192822e+11 -1.52984152e+12  5.57e+07       0s
   2   1.43e+06 2.24e+00   2.95279004e+11 -1.36527129e+12  5.14e+07       0s
   3   6.45e+05 2.90e-01   2.08501129e+11 -1.64296121e+11  1.00e+07       0s
   4   1.48e+05 5.63e-02   8.09142724e+10 -4.58070850e+10  2.91e+06       0s
   5   5.38e+04 6.76e-03   3.45200169e+10 -5.80522701e+09  8.61e+05       0s
 Constructing starting basis...
   6   1.62e+04 1.89e-03   1.45434370e+10  2.88214535e+08  3.18e+05       0s
   7   5.23e+03 1.10e-03   1.06115927e+10  2.43437257e+09  1.78e+05       0s
   8   3.05e+03 3.24e-04   9.46681600e+09  4.35321671e+09  1.10e+05       1s
   9   1.41e+03 1.83e-04   8.15951274e+09  4.85537324e+09  7.01e+04       1s
  10   4.77e+02 5.54e-05   7.50532863e+09  5.28719645e+09  4.64e+04       1s
  11   3.26e+02 2.73e-05   7.14955113e+09  5.60019970e+09  3.24e+04       1s
  12   1.80e+02 1.06e-05   6.75887208e+09  5.80431338e+09  1.99e+04       1s
  13   1.14e+02 5.12e-06   6.54889807e+09  5.89515094e+09  1.36e+04       1s
  14   5.81e+01 2.34e-06   6.34588588e+09  5.95783116e+09  8.07e+03       1s
  15   2.90e+01 1.11e-06   6.22576450e+09  5.99436611e+09  4.81e+03       1s
  16   9.06e+00 5.38e-07   6.13695884e+09  6.01455934e+09  2.54e+03       1s
  17   1.69e+00 3.33e-07   6.08693074e+09  6.02588783e+09  1.26e+03       1s
  18   4.18e-01 1.66e-07   6.06654284e+09  6.03871598e+09  5.75e+02       1s
  19   1.86e-01 7.57e-08   6.06092962e+09  6.04629748e+09  3.02e+02       1s
  20   7.47e-02 5.46e-08   6.05837951e+09  6.04801509e+09  2.14e+02       1s
  21   4.38e-02 3.05e-08   6.05705432e+09  6.05026777e+09  1.40e+02       1s
  22   1.74e-02 1.11e-08   6.05603396e+09  6.05202633e+09  8.27e+01       1s
  23   7.43e-03 7.26e-09   6.05525511e+09  6.05247881e+09  5.73e+01       1s
  24   2.05e-03 6.34e-10   6.05452116e+09  6.05342397e+09  2.27e+01       1s
  25   2.31e-04 9.06e-11   6.05400748e+09  6.05361143e+09  8.18e+00       1s
  26   5.75e-05 3.23e-11   6.05383556e+09  6.05367582e+09  3.30e+00       1s
  27   1.03e-05 1.08e-11   6.05378732e+09  6.05370005e+09  1.80e+00       1s
  28   1.46e-06 2.66e-13   6.05374391e+09  6.05372812e+09  3.26e-01       1s
  29   2.68e-07 4.97e-14   6.05373327e+09  6.05373066e+09  5.37e-02       1s
  30   5.96e-08 1.42e-14   6.05373140e+09  6.05373110e+09  6.31e-03       1s
  31   3.35e-08 1.42e-14   6.05373122e+09  6.05373118e+09  7.76e-04       1s
  32*  6.71e-08 1.42e-14   6.05373120e+09  6.05373120e+09  6.94e-05       1s
Summary
    Runtime:                                            1.36s
    Status interior point solve:                        optimal
    Status crossover:                                   not run
    objective value:                                    6.05373120e+09
    interior solution primal residual (abs/rel):        8.94e-08 / 6.12e-16
    interior solution dual residual (abs/rel):          3.26e-11 / 9.34e-13
    interior solution objective gap (abs/rel):          3.36e+00 / 5.55e-10
Ipx: IPM       optimal
Model   status      : Optimal
IPM       iterations: 32
Objective value     :  6.0858623251e+09
HiGHS run time      :          1.98
Presolving model
19983 rows, 94886 cols, 209441 nonzeros
19407 rows, 26112 cols, 68696 nonzeros
19170 rows, 25821 cols, 68168 nonzeros
Presolve : Reductions: rows 19170(-865627); columns 25821(-464617); elements 68168(-2255503)
Solving the presolved LP
IPX model has 19170 rows, 25821 columns and 68168 nonzeros
Input
    Number of variables:                                25821
    Number of free variables:                           0
    Number of constraints:                              19170
    Number of equality constraints:                     5610
    Number of matrix entries:                           68168
    Matrix range:                                       [1e-02, 1e+00]
    RHS range:                                          [2e+05, 6e+07]
    Objective range:                                    [3e-04, 8e+05]
    Bounds range:                                       [2e+05, 1e+08]
Preprocessing
    Dualized model:                                     no
    Number of dense columns:                            0
    Range of scaling factors:                           [1.00e+00, 2.00e+00]
IPX version 1.0
Interior Point Solve
 Iter     P.res    D.res            P.obj           D.obj        mu     Time
   0   1.62e+07 1.68e+05   2.38704031e+13 -9.24546750e+16  4.41e+12       0s
   1   4.30e+06 1.09e+05   3.72387651e+15 -6.33301811e+16  2.38e+12       0s
   2   2.31e+06 7.03e+04   5.54548924e+15 -4.73202390e+16  1.88e+12       0s
   3   6.70e+05 9.17e+03   3.76914923e+15 -6.50015192e+15  3.24e+11       0s
   4   1.50e+05 3.06e+03   1.33872424e+15 -2.31929702e+15  1.03e+11       0s
   5   5.06e+04 5.34e+02   5.47114449e+14 -4.79335902e+14  2.62e+10       0s
   6   1.30e+04 1.72e+02   1.39428681e+14 -1.85803020e+14  8.04e+09       0s
 Constructing starting basis...
   7   2.69e+03 2.70e+01   3.13183853e+13 -5.50312429e+13  2.15e+09       1s
   8   9.50e+02 7.89e+00   1.67431729e+13 -1.51397637e+13  7.79e+08       1s
   9   1.76e+02 2.58e+00   4.96661878e+12 -5.72878641e+12  2.65e+08       1s
  10   2.31e+01 2.38e-01   1.40202630e+12 -9.95216796e+11  5.44e+07       1s
  11   3.83e+00 9.04e-02   4.61959397e+11 -4.40414462e+11  2.11e+07       1s
  12   1.19e+00 3.65e-02   2.38955704e+11 -1.98715242e+11  1.02e+07       1s
  13   4.06e-01 1.37e-02   1.46065107e+11 -9.25531794e+10  5.45e+06       1s
  14   1.96e-01 7.36e-03   9.92141684e+10 -5.64951903e+10  3.50e+06       1s
  15   6.43e-02 1.69e-03   4.64219452e+10 -1.27191721e+10  1.27e+06       1s
  16   7.40e-03 6.54e-04   1.36162750e+10 -2.79786927e+09  3.47e+05       1s
  17   3.85e-03 2.73e-04   1.01698146e+10  1.23989561e+09  1.87e+05       1s
  18   9.85e-04 1.10e-04   7.11112215e+09  3.07415085e+09  8.38e+04       1s
  19   3.47e-04 5.05e-05   5.91033867e+09  3.86889294e+09  4.23e+04       1s
  20   9.10e-05 1.86e-05   5.11183353e+09  4.37335522e+09  1.53e+04       1s
  21   2.44e-05 4.82e-06   4.87408918e+09  4.60507438e+09  5.56e+03       1s
  22   5.84e-06 1.91e-06   4.77776623e+09  4.66236596e+09  2.38e+03       1s
  23   2.03e-06 7.54e-07   4.74053574e+09  4.69081167e+09  1.03e+03       1s
  24   6.85e-07 3.38e-07   4.72361873e+09  4.70203395e+09  4.46e+02       1s
  25   2.09e-07 9.20e-08   4.71695243e+09  4.70898446e+09  1.65e+02       1s
  26   1.19e-07 3.09e-08   4.71412217e+09  4.71086587e+09  6.72e+01       1s
  27   1.19e-07 8.73e-09   4.71268794e+09  4.71184541e+09  1.74e+01       1s
  28   1.64e-07 1.05e-09   4.71236081e+09  4.71221048e+09  3.10e+00       2s
  29   1.79e-07 3.49e-10   4.71225823e+09  4.71224125e+09  3.51e-01       2s
  30   3.28e-07 2.33e-10   4.71225030e+09  4.71224681e+09  7.21e-02       2s
  31   1.64e-07 2.33e-10   4.71224769e+09  4.71224724e+09  9.19e-03       2s
  32   1.49e-07 2.33e-10   4.71224739e+09  4.71224734e+09  1.11e-03       2s
  33   5.96e-07 2.33e-10   4.71224736e+09  4.71224735e+09  1.19e-04       2s
  34*  1.13e-06 2.33e-10   4.71224736e+09  4.71224736e+09  2.97e-05       2s
Summary
    Runtime:                                            1.64s
    Status interior point solve:                        optimal
    Status crossover:                                   not run
    objective value:                                    4.71224736e+09
    interior solution primal residual (abs/rel):        1.04e-06 / 7.14e-15
    interior solution dual residual (abs/rel):          2.33e-10 / 2.96e-16
    interior solution objective gap (abs/rel):          1.25e+00 / 2.66e-10
Ipx: IPM       optimal
Model   status      : Optimal
IPM       iterations: 34
Objective value     :  4.7328508248e+09
HiGHS run time      :          2.20
Presolving model
19983 rows, 94886 cols, 209441 nonzeros
19407 rows, 26112 cols, 68696 nonzeros
19170 rows, 25821 cols, 68168 nonzeros
Presolve : Reductions: rows 19170(-865627); columns 25821(-464617); elements 68168(-2255503)
Solving the presolved LP
IPX model has 19170 rows, 25821 columns and 68168 nonzeros
Input
    Number of variables:                                25821
    Number of free variables:                           0
    Number of constraints:                              19170
    Number of equality constraints:                     5610
    Number of matrix entries:                           68168
    Matrix range:                                       [1e-02, 1e+00]
    RHS range:                                          [2e+05, 6e+07]
    Objective range:                                    [3e-04, 8e+05]
    Bounds range:                                       [2e+05, 1e+08]
Preprocessing
    Dualized model:                                     no
    Number of dense columns:                            0
    Range of scaling factors:                           [1.00e+00, 2.00e+00]
IPX version 1.0
Interior Point Solve
 Iter     P.res    D.res            P.obj           D.obj        mu     Time
   0   1.62e+07 1.70e+05   3.78655329e+13 -9.30307514e+16  4.45e+12       0s
   1   4.29e+06 1.09e+05   4.44222202e+15 -6.34880664e+16  2.39e+12       0s
   2   2.32e+06 6.99e+04   6.42697056e+15 -4.70033292e+16  1.87e+12       0s
   3   7.53e+05 8.95e+03   4.42306608e+15 -6.36855721e+15  3.35e+11       0s
   4   1.41e+05 3.10e+03   1.49359999e+15 -2.43326076e+15  1.06e+11       0s
   5   4.87e+04 7.75e+02   6.30080592e+14 -6.62777997e+14  3.24e+10       0s
   6   1.41e+04 2.45e+02   2.13547175e+14 -2.52084387e+14  1.12e+10       0s
 Constructing starting basis...
   7   3.15e+03 6.43e+01   5.69089424e+13 -9.11233188e+13  3.83e+09       1s
   8   1.13e+03 3.45e+01   4.46344990e+13 -5.47495120e+13  2.61e+09       1s
   9   4.41e+02 2.08e+01   2.59522416e+13 -3.41963808e+13  1.63e+09       1s
  10   1.26e+02 9.25e+00   1.70103270e+13 -1.86070580e+13  9.58e+08       1s
  11   4.66e+01 4.62e+00   1.06622830e+13 -1.11252100e+13  5.89e+08       1s
  12   2.39e+01 2.04e+00   7.17386376e+12 -5.96556169e+12  3.42e+08       1s
  13   7.17e+00 2.23e-01   4.36740555e+12 -2.11865542e+12  1.45e+08       1s
  14   3.25e+00 1.41e-02   2.13777879e+12 -2.26342191e+11  4.96e+07       1s
  15   1.32e+00 2.84e-03   9.64634640e+11 -8.47690254e+10  2.19e+07       1s
  16   2.39e-01 9.44e-04   2.31333868e+11 -3.81099748e+10  5.64e+06       1s
  17   6.49e-02 2.68e-04   8.01012323e+10 -1.17740344e+10  1.91e+06       1s
  18   1.37e-02 6.35e-05   2.52346730e+10 -1.17189330e+09  5.47e+05       1s
  19   5.30e-03 1.23e-05   1.47431531e+10  2.07483575e+09  2.62e+05       1s
  20   1.22e-03 4.92e-06   7.57277393e+09  3.00230908e+09  9.44e+04       1s
  21   3.24e-04 1.61e-06   5.26854649e+09  3.61463358e+09  3.42e+04       1s
  22   2.01e-04 4.90e-07   4.86541094e+09  3.86972276e+09  2.06e+04       1s
  23   5.65e-05 1.67e-07   4.29223416e+09  3.97247137e+09  6.60e+03       1s
  24   8.73e-06 5.33e-08   4.12192317e+09  4.00711897e+09  2.37e+03       1s
  25   2.98e-06 2.25e-08   4.07312729e+09  4.02494382e+09  9.95e+02       1s
  26   9.24e-07 1.11e-08   4.05263303e+09  4.03229893e+09  4.20e+02       1s
  27   2.68e-07 4.19e-09   4.04484715e+09  4.03709811e+09  1.60e+02       1s
  28   1.15e-07 2.10e-09   4.04264963e+09  4.03851714e+09  8.53e+01       1s
  29   1.64e-07 6.98e-10   4.04098683e+09  4.03987228e+09  2.30e+01       1s
  30   7.45e-08 2.33e-10   4.04047700e+09  4.04032031e+09  3.23e+00       1s
  31   1.49e-07 2.33e-10   4.04037583e+09  4.04036222e+09  2.81e-01       2s
  32   1.19e-07 2.33e-10   4.04036847e+09  4.04036727e+09  2.47e-02       2s
  33   8.20e-08 2.33e-10   4.04036766e+09  4.04036755e+09  2.16e-03       2s
  34   7.75e-07 3.49e-10   4.04036761e+09  4.04036759e+09  2.39e-04       2s
  35*  1.24e-06 2.33e-10   4.04036760e+09  4.04036760e+09  2.50e-05       2s
Summary
    Runtime:                                            1.60s
    Status interior point solve:                        optimal
    Status crossover:                                   not run
    objective value:                                    4.04036760e+09
    interior solution primal residual (abs/rel):        1.56e-06 / 1.07e-14
    interior solution dual residual (abs/rel):          2.33e-10 / 2.96e-16
    interior solution objective gap (abs/rel):          1.29e+00 / 3.19e-10
Ipx: IPM       optimal
Model   status      : Optimal
IPM       iterations: 35
Objective value     :  4.0609710660e+09
HiGHS run time      :          2.18
Presolving model
19983 rows, 94886 cols, 209441 nonzeros
19407 rows, 26112 cols, 68696 nonzeros
19170 rows, 25821 cols, 68168 nonzeros
Presolve : Reductions: rows 19170(-865627); columns 25821(-464617); elements 68168(-2255503)
Solving the presolved LP
IPX model has 19170 rows, 25821 columns and 68168 nonzeros
Input
    Number of variables:                                25821
    Number of free variables:                           0
    Number of constraints:                              19170
    Number of equality constraints:                     5610
    Number of matrix entries:                           68168
    Matrix range:                                       [1e-02, 1e+00]
    RHS range:                                          [2e+05, 6e+07]
    Objective range:                                    [3e-04, 8e+05]
    Bounds range:                                       [2e+05, 1e+08]
Preprocessing
    Dualized model:                                     no
    Number of dense columns:                            0
    Range of scaling factors:                           [1.00e+00, 2.00e+00]
IPX version 1.0
Interior Point Solve
 Iter     P.res    D.res            P.obj           D.obj        mu     Time
   0   1.62e+07 1.70e+05   3.99003412e+13 -9.30329817e+16  4.45e+12       0s
   1   4.29e+06 1.09e+05   4.52064289e+15 -6.35096582e+16  2.39e+12       0s
   2   2.32e+06 6.99e+04   6.51702647e+15 -4.70063617e+16  1.87e+12       0s
   3   7.47e+05 8.96e+03   4.46621015e+15 -6.37393345e+15  3.35e+11       0s
   4   1.40e+05 3.10e+03   1.51132480e+15 -2.43252256e+15  1.06e+11       0s
   5   4.84e+04 8.72e+02   6.37743021e+14 -7.34637506e+14  3.44e+10       0s
   6   1.56e+04 2.66e+02   2.46814843e+14 -2.72680148e+14  1.24e+10       0s
 Constructing starting basis...
   7   3.12e+03 7.89e+01   5.92482805e+13 -1.06576645e+14  4.36e+09       1s
   8   1.07e+03 4.76e+01   4.56692942e+13 -6.81411118e+13  3.06e+09       1s
   9   3.50e+02 2.51e+01   2.52305218e+13 -3.72594632e+13  1.72e+09       1s
  10   9.19e+01 1.25e+01   1.77602496e+13 -2.24261140e+13  1.11e+09       1s
  11   3.31e+01 5.88e+00   1.13746035e+13 -1.25068329e+13  6.54e+08       1s
  12   1.42e+01 2.53e+00   7.50370525e+12 -6.81939029e+12  3.80e+08       1s
  13   3.37e+00 1.19e-01   4.02665481e+12 -1.78802123e+12  1.25e+08       1s
  14   1.73e+00 1.05e-02   2.20258395e+12 -2.39078204e+11  5.10e+07       1s
  15   2.25e-01 5.27e-03   4.72885168e+11 -1.51572665e+11  1.35e+07       1s
  16   6.14e-02 1.59e-03   1.60398396e+11 -4.97199314e+10  4.46e+06       1s
  17   2.49e-02 3.99e-04   7.90493833e+10 -1.34547735e+10  1.93e+06       1s
  18   5.08e-03 1.39e-04   2.22254067e+10 -2.82127400e+09  5.20e+05       1s
  19   1.72e-03 2.82e-05   1.32872852e+10  1.56460795e+09  2.42e+05       1s
  20   2.83e-04 8.22e-06   6.26270786e+09  3.10845865e+09  6.51e+04       1s
  21   8.82e-05 3.19e-06   4.88205348e+09  3.60982177e+09  2.63e+04       1s
  22   4.35e-05 9.66e-07   4.50812467e+09  3.85993249e+09  1.34e+04       1s
  23   1.19e-05 3.67e-07   4.17616751e+09  3.94603182e+09  4.75e+03       1s
  24   2.80e-06 1.38e-07   4.07610034e+09  3.98192756e+09  1.94e+03       1s
  25   8.64e-07 4.89e-08   4.03899295e+09  4.00078093e+09  7.89e+02       1s
  26   2.98e-07 2.22e-08   4.02379670e+09  4.00752296e+09  3.36e+02       1s
  27   3.13e-07 7.57e-09   4.01756926e+09  4.01148796e+09  1.26e+02       1s
  28   1.94e-07 2.68e-09   4.01541350e+09  4.01300181e+09  4.98e+01       1s
  29   1.79e-07 5.82e-10   4.01432934e+09  4.01385880e+09  9.71e+00       1s
  30   1.15e-07 3.49e-10   4.01411116e+09  4.01404099e+09  1.45e+00       2s
  31   1.08e-07 2.33e-10   4.01406763e+09  4.01406092e+09  1.38e-01       2s
  32   1.49e-07 2.33e-10   4.01406413e+09  4.01406359e+09  1.11e-02       2s
  33   3.58e-07 2.33e-10   4.01406382e+09  4.01406377e+09  1.11e-03       2s
  34   7.90e-07 2.33e-10   4.01406380e+09  4.01406379e+09  1.71e-04       2s
  35*  1.76e-06 2.33e-10   4.01406380e+09  4.01406380e+09  1.44e-05       2s
Summary
    Runtime:                                            1.63s
    Status interior point solve:                        optimal
    Status crossover:                                   not run
    objective value:                                    4.01406380e+09
    interior solution primal residual (abs/rel):        1.48e-06 / 1.01e-14
    interior solution dual residual (abs/rel):          2.33e-10 / 2.96e-16
    interior solution objective gap (abs/rel):          5.24e-01 / 1.31e-10
Ipx: IPM       optimal
Model   status      : Optimal
IPM       iterations: 35
Objective value     :  4.0346672627e+09
HiGHS run time      :          2.16
Presolving model
19983 rows, 94886 cols, 209441 nonzeros
19407 rows, 26112 cols, 68696 nonzeros
19170 rows, 25821 cols, 68168 nonzeros
Presolve : Reductions: rows 19170(-865627); columns 25821(-464617); elements 68168(-2255503)
Solving the presolved LP
IPX model has 19170 rows, 25821 columns and 68168 nonzeros
Input
    Number of variables:                                25821
    Number of free variables:                           0
    Number of constraints:                              19170
    Number of equality constraints:                     5610
    Number of matrix entries:                           68168
    Matrix range:                                       [1e-02, 1e+00]
    RHS range:                                          [2e+05, 6e+07]
    Objective range:                                    [3e-04, 8e+05]
    Bounds range:                                       [2e+05, 1e+08]
Preprocessing
    Dualized model:                                     no
    Number of dense columns:                            0
    Range of scaling factors:                           [1.00e+00, 2.00e+00]
IPX version 1.0
Interior Point Solve
 Iter     P.res    D.res            P.obj           D.obj        mu     Time
   0   1.62e+07 1.70e+05   4.05597817e+13 -9.30344978e+16  4.45e+12       0s
   1   4.29e+06 1.09e+05   4.54337808e+15 -6.35108463e+16  2.39e+12       0s
   2   2.32e+06 6.99e+04   6.54263927e+15 -4.70051441e+16  1.87e+12       0s
   3   7.46e+05 8.96e+03   4.47927240e+15 -6.37520533e+15  3.35e+11       0s
   4   1.40e+05 3.10e+03   1.51582810e+15 -2.43190612e+15  1.06e+11       0s
   5   4.82e+04 8.72e+02   6.39436670e+14 -7.33588766e+14  3.44e+10       0s
   6   1.56e+04 2.65e+02   2.49605306e+14 -2.73255485e+14  1.25e+10       0s
 Constructing starting basis...
   7   3.17e+03 7.78e+01   5.92938502e+13 -1.05505110e+14  4.32e+09       1s
   8   1.15e+03 4.65e+01   4.62907827e+13 -6.68795355e+13  3.03e+09       1s
   9   3.84e+02 2.47e+01   2.55477656e+13 -3.68377371e+13  1.70e+09       1s
  10   1.01e+02 1.23e+01   1.76807264e+13 -2.21537309e+13  1.10e+09       1s
  11   3.66e+01 5.72e+00   1.14136148e+13 -1.22981632e+13  6.47e+08       1s
  12   1.59e+01 2.54e+00   7.54020773e+12 -6.85370652e+12  3.82e+08       1s
  13   4.17e+00 1.51e-01   4.10596906e+12 -1.81512617e+12  1.29e+08       1s
  14   2.16e+00 1.29e-02   2.24904120e+12 -2.29795842e+11  5.18e+07       1s
  15   3.10e-01 4.79e-03   4.78100917e+11 -1.18873229e+11  1.28e+07       1s
  16   5.25e-02 1.56e-03   1.15692578e+11 -4.25581021e+10  3.36e+06       1s
  17   1.56e-02 3.20e-04   5.18879939e+10 -1.01294516e+10  1.29e+06       1s
  18   4.89e-03 1.26e-04   2.04271203e+10 -2.01789719e+09  4.66e+05       1s
  19   1.62e-03 3.93e-05   1.25278606e+10  1.25515271e+09  2.33e+05       1s
  20   1.07e-03 1.01e-05   1.00924106e+10  3.00270416e+09  1.46e+05       1s
  21   2.90e-04 3.32e-06   6.08149769e+09  3.54491292e+09  5.24e+04       1s
  22   1.16e-04 1.19e-06   4.89501273e+09  3.81117378e+09  2.24e+04       1s
  23   3.45e-05 4.14e-07   4.30981127e+09  3.92025609e+09  8.04e+03       1s
  24   4.83e-06 1.45e-07   4.08316677e+09  3.96456627e+09  2.45e+03       1s
  25   1.37e-06 5.58e-08   4.03669992e+09  3.98551599e+09  1.06e+03       1s
  26   3.87e-07 2.55e-08   4.01580302e+09  3.99451103e+09  4.40e+02       1s
  27   1.49e-07 9.66e-09   4.00863202e+09  3.99972424e+09  1.84e+02       1s
  28   2.09e-07 3.38e-09   4.00561703e+09  4.00191757e+09  7.64e+01       1s
  29   1.34e-07 1.16e-09   4.00392076e+09  4.00296883e+09  1.97e+01       1s
  30   2.38e-07 3.49e-10   4.00349363e+09  4.00337455e+09  2.46e+00       2s
  31   1.19e-07 3.49e-10   4.00345238e+09  4.00344216e+09  2.11e-01       2s
  32   1.64e-07 2.33e-10   4.00344707e+09  4.00344581e+09  2.61e-02       2s
  33   2.83e-07 2.33e-10   4.00344653e+09  4.00344643e+09  2.06e-03       2s
  34   1.21e-06 2.33e-10   4.00344647e+09  4.00344646e+09  1.56e-04       2s
  35*  7.75e-07 2.33e-10   4.00344646e+09  4.00344646e+09  2.02e-05       2s
Summary
    Runtime:                                            1.63s
    Status interior point solve:                        optimal
    Status crossover:                                   not run
    objective value:                                    4.00344646e+09
    interior solution primal residual (abs/rel):        1.10e-06 / 7.55e-15
    interior solution dual residual (abs/rel):          2.33e-10 / 2.96e-16
    interior solution objective gap (abs/rel):          8.28e-01 / 2.07e-10
Ipx: IPM       optimal
Model   status      : Optimal
IPM       iterations: 35
Objective value     :  4.0240499300e+09
HiGHS run time      :          2.17
Presolving model
19983 rows, 94886 cols, 209441 nonzeros
19407 rows, 26112 cols, 68696 nonzeros
19170 rows, 25821 cols, 68168 nonzeros
Presolve : Reductions: rows 19170(-865627); columns 25821(-464617); elements 68168(-2255503)
Solving the presolved LP
IPX model has 19170 rows, 25821 columns and 68168 nonzeros
Input
    Number of variables:                                25821
    Number of free variables:                           0
    Number of constraints:                              19170
    Number of equality constraints:                     5610
    Number of matrix entries:                           68168
    Matrix range:                                       [1e-02, 1e+00]
    RHS range:                                          [2e+05, 6e+07]
    Objective range:                                    [3e-04, 8e+05]
    Bounds range:                                       [2e+05, 1e+08]
Preprocessing
    Dualized model:                                     no
    Number of dense columns:                            0
    Range of scaling factors:                           [1.00e+00, 2.00e+00]
IPX version 1.0
Interior Point Solve
 Iter     P.res    D.res            P.obj           D.obj        mu     Time
   0   1.62e+07 1.70e+05   4.05597817e+13 -9.30344978e+16  4.45e+12       0s
   1   4.29e+06 1.09e+05   4.54337808e+15 -6.35108463e+16  2.39e+12       0s
   2   2.32e+06 6.99e+04   6.54263927e+15 -4.70051441e+16  1.87e+12       0s
   3   7.46e+05 8.96e+03   4.47927240e+15 -6.37520533e+15  3.35e+11       0s
   4   1.40e+05 3.10e+03   1.51582810e+15 -2.43190612e+15  1.06e+11       0s
   5   4.82e+04 8.72e+02   6.39436670e+14 -7.33588766e+14  3.44e+10       0s
   6   1.56e+04 2.65e+02   2.49605306e+14 -2.73255485e+14  1.25e+10       0s
 Constructing starting basis...
   7   3.17e+03 7.78e+01   5.92938502e+13 -1.05505110e+14  4.32e+09       1s
   8   1.15e+03 4.65e+01   4.62907827e+13 -6.68795355e+13  3.03e+09       1s
   9   3.84e+02 2.47e+01   2.55477656e+13 -3.68377371e+13  1.70e+09       1s
  10   1.01e+02 1.23e+01   1.76807264e+13 -2.21537309e+13  1.10e+09       1s
  11   3.66e+01 5.72e+00   1.14136148e+13 -1.22981632e+13  6.47e+08       1s
  12   1.59e+01 2.54e+00   7.54020773e+12 -6.85370652e+12  3.82e+08       1s
  13   4.17e+00 1.51e-01   4.10596906e+12 -1.81512617e+12  1.29e+08       1s
  14   2.16e+00 1.29e-02   2.24904120e+12 -2.29795842e+11  5.18e+07       1s
  15   3.10e-01 4.79e-03   4.78100917e+11 -1.18873229e+11  1.28e+07       1s
  16   5.25e-02 1.56e-03   1.15692578e+11 -4.25581021e+10  3.36e+06       1s
  17   1.56e-02 3.20e-04   5.18879939e+10 -1.01294516e+10  1.29e+06       1s
  18   4.89e-03 1.26e-04   2.04271203e+10 -2.01789719e+09  4.66e+05       1s
  19   1.62e-03 3.93e-05   1.25278606e+10  1.25515271e+09  2.33e+05       1s
  20   1.07e-03 1.01e-05   1.00924106e+10  3.00270416e+09  1.46e+05       1s
  21   2.90e-04 3.32e-06   6.08149769e+09  3.54491292e+09  5.24e+04       1s
  22   1.16e-04 1.19e-06   4.89501273e+09  3.81117378e+09  2.24e+04       1s
  23   3.45e-05 4.14e-07   4.30981127e+09  3.92025609e+09  8.04e+03       1s
  24   4.83e-06 1.45e-07   4.08316677e+09  3.96456627e+09  2.45e+03       1s
  25   1.37e-06 5.58e-08   4.03669992e+09  3.98551599e+09  1.06e+03       1s
  26   3.87e-07 2.55e-08   4.01580302e+09  3.99451103e+09  4.40e+02       1s
  27   1.49e-07 9.66e-09   4.00863202e+09  3.99972424e+09  1.84e+02       1s
  28   2.09e-07 3.38e-09   4.00561703e+09  4.00191757e+09  7.64e+01       1s
  29   1.34e-07 1.16e-09   4.00392076e+09  4.00296883e+09  1.97e+01       1s
  30   2.38e-07 3.49e-10   4.00349363e+09  4.00337455e+09  2.46e+00       2s
  31   1.19e-07 3.49e-10   4.00345238e+09  4.00344216e+09  2.11e-01       2s
  32   1.64e-07 2.33e-10   4.00344707e+09  4.00344581e+09  2.61e-02       2s
  33   2.83e-07 2.33e-10   4.00344653e+09  4.00344643e+09  2.06e-03       2s
  34   1.21e-06 2.33e-10   4.00344647e+09  4.00344646e+09  1.56e-04       2s
  35*  7.75e-07 2.33e-10   4.00344646e+09  4.00344646e+09  2.02e-05       2s
Summary
    Runtime:                                            1.62s
    Status interior point solve:                        optimal
    Status crossover:                                   not run
    objective value:                                    4.00344646e+09
    interior solution primal residual (abs/rel):        1.10e-06 / 7.55e-15
    interior solution dual residual (abs/rel):          2.33e-10 / 2.96e-16
    interior solution objective gap (abs/rel):          8.28e-01 / 2.07e-10
Ipx: IPM       optimal
Model   status      : Optimal
IPM       iterations: 35
Objective value     :  4.0240499300e+09
HiGHS run time      :          2.18
Running HiGHS 1.6.0: Copyright (c) 2023 HiGHS under MIT licence terms
Presolving model
7955 rows, 30560 cols, 66877 nonzeros
7610 rows, 13359 cols, 30350 nonzeros
7486 rows, 11925 cols, 27498 nonzeros
Presolve : Reductions: rows 7486(-435279); columns 11925(-233660); elements 27498(-1107359)
Solving the presolved LP
IPX model has 7486 rows, 11925 columns and 27498 nonzeros
Input
    Number of variables:                                11925
    Number of free variables:                           0
    Number of constraints:                              7486
    Number of equality constraints:                     3052
    Number of matrix entries:                           27498
    Matrix range:                                       [1e-02, 1e+00]
    RHS range:                                          [2e+05, 1e+08]
    Objective range:                                    [2e-04, 3e+05]
    Bounds range:                                       [1e+05, 2e+08]
Preprocessing
    Dualized model:                                     no
    Number of dense columns:                            0
    Range of scaling factors:                           [1.00e+00, 2.00e+00]
IPX version 1.0
Interior Point Solve
 Iter     P.res    D.res            P.obj           D.obj        mu     Time
   0   2.04e+07 1.19e+05   4.34545392e+13 -2.10031412e+16  3.37e+12       0s
   1   4.44e+06 7.49e+04   1.91056581e+15 -1.45034747e+16  1.65e+12       0s
   2   1.90e+06 2.85e+04   2.08790513e+15 -7.45487881e+15  8.61e+11       0s
   3   7.70e+05 3.60e+03   1.25562692e+15 -1.06439190e+15  1.88e+11       0s
   4   1.49e+05 1.22e+03   3.07498123e+14 -3.92999642e+14  4.92e+10       0s
   5   5.67e+04 5.58e+02   1.57377756e+14 -1.92065889e+14  2.31e+10       0s
   6   1.46e+04 2.43e+02   1.08928745e+14 -9.32601515e+13  1.22e+10       0s
 Constructing starting basis...
   7   4.77e+03 1.31e+02   7.00183253e+13 -3.63435201e+13  7.70e+09       0s
   8   2.20e+03 5.26e+01   6.07037761e+13 -6.80729174e+12  4.54e+09       0s
   9   2.01e+03 5.00e+01   6.10351449e+13 -4.02070859e+12  4.40e+09       0s
  10   9.65e+02 1.74e+01   5.02882577e+13  2.07991319e+13  1.90e+09       0s
  11   6.98e+02 4.73e+00   4.80145779e+13  3.08817997e+13  9.90e+08       0s
  12   3.12e+02 7.72e-01   4.46752484e+13  3.44024277e+13  5.53e+08       0s
  13   9.46e+01 2.61e-01   4.09134826e+13  3.74354301e+13  1.88e+08       0s
  14   2.93e+01 5.51e-02   3.97205090e+13  3.85323456e+13  6.36e+07       0s
  15   9.10e+00 2.10e-02   3.92569071e+13  3.88091160e+13  2.41e+07       0s
  16   8.59e+00 1.95e-02   3.92520511e+13  3.88175608e+13  2.35e+07       0s
  17   3.93e+00 1.37e-02   3.91486065e+13  3.88624581e+13  1.59e+07       0s
  18   2.70e+00 9.94e-03   3.91157619e+13  3.88978936e+13  1.21e+07       0s
  19   1.15e+00 5.78e-03   3.90758854e+13  3.89348537e+13  7.86e+06       0s
  20   3.26e-01 1.02e-03   3.90448504e+13  3.89864057e+13  3.06e+06       0s
  21   3.90e-02 6.96e-05   3.90158594e+13  3.90092181e+13  3.34e+05       0s
  22   1.15e-02 2.08e-05   3.90126063e+13  3.90104780e+13  1.07e+05       0s
  23   3.85e-03 1.19e-05   3.90116576e+13  3.90107021e+13  4.78e+04       0s
  24   1.08e-03 6.06e-06   3.90112886e+13  3.90108650e+13  2.12e+04       0s
  25   3.14e-04 2.87e-06   3.90111743e+13  3.90109603e+13  1.07e+04       0s
  26   1.37e-04 1.55e-06   3.90111278e+13  3.90110084e+13  5.96e+03       0s
  27   5.25e-05 5.55e-07   3.90111037e+13  3.90110454e+13  2.91e+03       1s
  28   2.18e-05 2.68e-07   3.90110899e+13  3.90110586e+13  1.56e+03       1s
  29   9.42e-06 7.38e-08   3.90110822e+13  3.90110691e+13  6.55e+02       1s
  30   3.40e-06 3.09e-08   3.90110775e+13  3.90110720e+13  2.75e+02       1s
  31   1.10e-06 1.34e-08   3.90110759e+13  3.90110730e+13  1.41e+02       1s
  32   2.09e-07 5.97e-09   3.90110748e+13  3.90110737e+13  5.58e+01       1s
  33   1.19e-07 6.69e-10   3.90110744e+13  3.90110742e+13  6.67e+00       1s
  34*  3.80e-08 1.16e-10   3.90110743e+13  3.90110743e+13  8.12e-01       1s
Summary
    Runtime:                                            0.57s
    Status interior point solve:                        optimal
    Status crossover:                                   not run
    objective value:                                    3.90110743e+13
    interior solution primal residual (abs/rel):        1.79e-07 / 1.07e-15
    interior solution dual residual (abs/rel):          2.91e-10 / 1.11e-15
    interior solution objective gap (abs/rel):          1.63e+04 / 4.18e-10
Ipx: IPM       optimal
Model   status      : Optimal
IPM       iterations: 34
Objective value     :  3.9280756305e+13
HiGHS run time      :          0.83
Presolving model
7955 rows, 30560 cols, 66877 nonzeros
7610 rows, 13359 cols, 30350 nonzeros
7486 rows, 11925 cols, 27498 nonzeros
Presolve : Reductions: rows 7486(-435279); columns 11925(-233660); elements 27498(-1107359)
Solving the presolved LP
IPX model has 7486 rows, 11925 columns and 27498 nonzeros
Input
    Number of variables:                                11925
    Number of free variables:                           0
    Number of constraints:                              7486
    Number of equality constraints:                     3052
    Number of matrix entries:                           27498
    Matrix range:                                       [1e-02, 1e+00]
    RHS range:                                          [2e+05, 1e+08]
    Objective range:                                    [2e-04, 3e+05]
    Bounds range:                                       [1e+05, 2e+08]
Preprocessing
    Dualized model:                                     no
    Number of dense columns:                            0
    Range of scaling factors:                           [1.00e+00, 2.00e+00]
IPX version 1.0
Interior Point Solve
 Iter     P.res    D.res            P.obj           D.obj        mu     Time
   0   2.07e+07 1.19e+05   3.36966455e+12 -2.13669237e+16  3.33e+12       0s
   1   4.29e+06 7.46e+04   8.45690694e+14 -1.47629225e+16  1.64e+12       0s
   2   1.74e+06 2.95e+04   1.05538645e+15 -7.85445900e+15  8.78e+11       0s
   3   6.62e+05 3.94e+03   6.83999086e+14 -1.18374907e+15  1.72e+11       0s
   4   1.20e+05 7.08e+02   1.48995424e+14 -2.85107789e+14  3.33e+10       0s
   5   2.73e+04 2.92e+02   4.18672428e+13 -1.41540577e+14  1.27e+10       0s
 Constructing starting basis...
   6   2.73e-02 8.39e+01   3.22661336e+13 -6.04506781e+13  6.69e+09       0s
   7   4.77e-03 2.95e+01   1.09259576e+13 -2.30423971e+13  2.51e+09       0s
   8   6.53e-04 2.57e+00   3.50270749e+12 -4.53776280e+12  4.84e+08       0s
   9   9.50e-05 2.64e-01   6.95947957e+11 -5.33481324e+11  6.97e+07       0s
  10   1.81e-05 6.29e-02   1.70524083e+11 -1.44585487e+11  1.78e+07       0s
  11   4.41e-06 1.81e-02   6.13742318e+10 -4.77462441e+10  6.10e+06       0s
  12   2.98e-06 6.18e-03   4.81872635e+10 -2.07756328e+10  3.69e+06       0s
  13   1.07e-06 3.29e-03   2.61272031e+10 -1.13773940e+10  2.02e+06       0s
  14   7.15e-07 1.64e-03   2.27768956e+10 -6.71407085e+09  1.56e+06       0s
  15   2.68e-07 3.60e-04   9.92782458e+09  7.08550680e+08  4.71e+05       0s
  16   1.19e-07 1.08e-04   6.65309136e+09  2.27135805e+09  2.21e+05       0s
  17   1.19e-07 3.73e-05   4.61086044e+09  2.97295245e+09  8.20e+04       0s
  18   2.38e-07 1.86e-05   3.86555635e+09  3.20984891e+09  3.28e+04       0s
  19   1.19e-07 6.44e-06   3.65590492e+09  3.40611247e+09  1.25e+04       0s
  20   1.19e-07 2.32e-06   3.58091447e+09  3.48337984e+09  4.87e+03       0s
  21   1.79e-07 8.22e-07   3.55322006e+09  3.51375359e+09  1.97e+03       0s
  22   1.49e-07 2.82e-07   3.54069757e+09  3.52651279e+09  7.08e+02       0s
  23   1.79e-07 8.57e-08   3.53623958e+09  3.53144239e+09  2.39e+02       0s
  24   2.09e-07 1.73e-08   3.53494513e+09  3.53344585e+09  7.48e+01       0s
  25   2.09e-07 2.79e-09   3.53434408e+09  3.53399753e+09  1.73e+01       0s
  26   1.19e-07 8.73e-10   3.53418036e+09  3.53411285e+09  3.37e+00       0s
  27   1.79e-07 1.16e-10   3.53416711e+09  3.53415761e+09  4.74e-01       0s
  28   1.19e-07 5.82e-11   3.53416250e+09  3.53416147e+09  5.14e-02       0s
  29   2.98e-07 5.82e-11   3.53416192e+09  3.53416187e+09  2.63e-03       0s
  30   2.68e-07 5.82e-11   3.53416192e+09  3.53416191e+09  3.25e-04       0s
  31*  6.85e-07 5.82e-11   3.53416191e+09  3.53416191e+09  9.23e-05       0s
Summary
    Runtime:                                            0.46s
    Status interior point solve:                        optimal
    Status crossover:                                   not run
    objective value:                                    3.53416191e+09
    interior solution primal residual (abs/rel):        1.37e-06 / 8.20e-15
    interior solution dual residual (abs/rel):          1.54e-10 / 5.83e-16
    interior solution objective gap (abs/rel):          1.83e+00 / 5.17e-10
Ipx: IPM       optimal
Model   status      : Optimal
IPM       iterations: 31
Objective value     :  3.5428629245e+09
HiGHS run time      :          0.72
Presolving model
7955 rows, 30560 cols, 66877 nonzeros
7610 rows, 13359 cols, 30350 nonzeros
7486 rows, 11925 cols, 27498 nonzeros
Presolve : Reductions: rows 7486(-435279); columns 11925(-233660); elements 27498(-1107359)
Solving the presolved LP
IPX model has 7486 rows, 11925 columns and 27498 nonzeros
Input
    Number of variables:                                11925
    Number of free variables:                           0
    Number of constraints:                              7486
    Number of equality constraints:                     3052
    Number of matrix entries:                           27498
    Matrix range:                                       [1e-02, 1e+00]
    RHS range:                                          [2e+05, 1e+08]
    Objective range:                                    [2e-04, 3e+05]
    Bounds range:                                       [1e+05, 2e+08]
Preprocessing
    Dualized model:                                     no
    Number of dense columns:                            0
    Range of scaling factors:                           [1.00e+00, 2.00e+00]
IPX version 1.0
Interior Point Solve
 Iter     P.res    D.res            P.obj           D.obj        mu     Time
   0   2.07e+07 1.22e+05   5.80285924e+12 -2.18548987e+16  3.41e+12       0s
   1   4.55e+06 7.65e+04   9.74032443e+14 -1.51249916e+16  1.70e+12       0s
   2   1.85e+06 3.03e+04   1.21802732e+15 -8.07394310e+15  9.10e+11       0s
   3   8.40e+05 4.07e+03   8.29282428e+14 -1.22565614e+15  1.94e+11       0s
   4   1.55e+05 7.18e+02   1.85652660e+14 -2.94584214e+14  3.76e+10       0s
   5   3.68e+04 3.12e+02   5.35638281e+13 -1.51694531e+14  1.43e+10       0s
 Constructing starting basis...
   6   3.68e-02 1.27e+02   4.26944679e+13 -8.27727450e+13  9.51e+09       0s
   7   9.17e-03 6.52e+01   1.85082967e+13 -4.19187812e+13  4.78e+09       0s
   8   1.46e-03 1.46e+01   8.32987419e+12 -1.65411510e+13  1.74e+09       0s
   9   2.19e-04 1.61e+00   1.69369806e+12 -1.90446292e+12  2.34e+08       0s
  10   5.05e-05 3.95e-01   6.97037840e+11 -6.62830504e+11  8.38e+07       0s
  11   5.87e-06 3.69e-02   1.17038670e+11 -7.55050867e+10  1.10e+07       0s
  12   1.64e-06 1.31e-02   4.42559909e+10 -2.82535483e+10  4.11e+06       0s
  13   7.15e-07 6.89e-03   2.75439099e+10 -1.55481286e+10  2.42e+06       0s
  14   5.07e-07 1.27e-03   2.32226527e+10 -3.97398986e+09  1.41e+06       0s
  15   1.34e-07 4.40e-04   8.44679114e+09  7.63689462e+08  3.91e+05       0s
  16   1.49e-07 1.24e-04   5.98187796e+09  2.33348872e+09  1.84e+05       0s
  17   1.19e-07 3.52e-05   4.35673255e+09  3.01310799e+09  6.72e+04       0s
  18   1.79e-07 1.68e-05   3.77610954e+09  3.22927602e+09  2.73e+04       0s
  19   2.68e-07 5.27e-06   3.55764148e+09  3.38914336e+09  8.41e+03       0s
  20   1.49e-07 2.14e-06   3.50407741e+09  3.44037794e+09  3.18e+03       0s
  21   3.28e-07 5.95e-07   3.49040604e+09  3.46544642e+09  1.25e+03       0s
  22   1.49e-07 1.68e-07   3.48331345e+09  3.47408981e+09  4.60e+02       0s
  23   2.38e-07 3.05e-08   3.47940277e+09  3.47732230e+09  1.04e+02       0s
  24   1.19e-07 4.57e-09   3.47872146e+09  3.47816590e+09  2.77e+01       0s
  25   1.49e-07 6.11e-10   3.47842504e+09  3.47836574e+09  2.96e+00       0s
  26   3.87e-07 1.46e-10   3.47839887e+09  3.47839144e+09  3.71e-01       0s
  27   9.33e-08 8.73e-11   3.47839730e+09  3.47839576e+09  7.65e-02       0s
  28   1.49e-07 5.82e-11   3.47839703e+09  3.47839688e+09  7.14e-03       0s
  29   2.09e-07 5.82e-11   3.47839693e+09  3.47839692e+09  5.33e-04       0s
  30*  6.26e-07 5.82e-11   3.47839693e+09  3.47839693e+09  1.22e-04       0s
Summary
    Runtime:                                            0.43s
    Status interior point solve:                        optimal
    Status crossover:                                   not run
    objective value:                                    3.47839693e+09
    interior solution primal residual (abs/rel):        1.46e-06 / 8.73e-15
    interior solution dual residual (abs/rel):          2.72e-10 / 1.03e-15
    interior solution objective gap (abs/rel):          2.49e+00 / 7.16e-10
Ipx: IPM       optimal
Model   status      : Optimal
IPM       iterations: 30
Objective value     :  3.4870979396e+09
HiGHS run time      :          0.70
Presolving model
7955 rows, 30560 cols, 66877 nonzeros
7610 rows, 13359 cols, 30350 nonzeros
7486 rows, 11925 cols, 27498 nonzeros
Presolve : Reductions: rows 7486(-435279); columns 11925(-233660); elements 27498(-1107359)
Solving the presolved LP
IPX model has 7486 rows, 11925 columns and 27498 nonzeros
Input
    Number of variables:                                11925
    Number of free variables:                           0
    Number of constraints:                              7486
    Number of equality constraints:                     3052
    Number of matrix entries:                           27498
    Matrix range:                                       [1e-02, 1e+00]
    RHS range:                                          [2e+05, 1e+08]
    Objective range:                                    [2e-04, 3e+05]
    Bounds range:                                       [1e+05, 2e+08]
Preprocessing
    Dualized model:                                     no
    Number of dense columns:                            0
    Range of scaling factors:                           [1.00e+00, 2.00e+00]
IPX version 1.0
Interior Point Solve
 Iter     P.res    D.res            P.obj           D.obj        mu     Time
   0   2.07e+07 1.22e+05   5.80285924e+12 -2.18548987e+16  3.41e+12       0s
   1   4.55e+06 7.65e+04   9.74032443e+14 -1.51249916e+16  1.70e+12       0s
   2   1.85e+06 3.03e+04   1.21802732e+15 -8.07394310e+15  9.10e+11       0s
   3   8.40e+05 4.07e+03   8.29282428e+14 -1.22565614e+15  1.94e+11       0s
   4   1.55e+05 7.18e+02   1.85652660e+14 -2.94584214e+14  3.76e+10       0s
   5   3.68e+04 3.12e+02   5.35638281e+13 -1.51694531e+14  1.43e+10       0s
 Constructing starting basis...
   6   3.68e-02 1.27e+02   4.26944679e+13 -8.27727450e+13  9.51e+09       0s
   7   9.17e-03 6.52e+01   1.85082967e+13 -4.19187812e+13  4.78e+09       0s
   8   1.46e-03 1.46e+01   8.32987419e+12 -1.65411510e+13  1.74e+09       0s
   9   2.19e-04 1.61e+00   1.69369806e+12 -1.90446292e+12  2.34e+08       0s
  10   5.05e-05 3.95e-01   6.97037840e+11 -6.62830504e+11  8.38e+07       0s
  11   5.87e-06 3.69e-02   1.17038670e+11 -7.55050867e+10  1.10e+07       0s
  12   1.64e-06 1.31e-02   4.42559909e+10 -2.82535483e+10  4.11e+06       0s
  13   7.15e-07 6.89e-03   2.75439099e+10 -1.55481286e+10  2.42e+06       0s
  14   5.07e-07 1.27e-03   2.32226527e+10 -3.97398986e+09  1.41e+06       0s
  15   1.34e-07 4.40e-04   8.44679114e+09  7.63689462e+08  3.91e+05       0s
  16   1.49e-07 1.24e-04   5.98187796e+09  2.33348872e+09  1.84e+05       0s
  17   1.19e-07 3.52e-05   4.35673255e+09  3.01310799e+09  6.72e+04       0s
  18   1.79e-07 1.68e-05   3.77610954e+09  3.22927602e+09  2.73e+04       0s
  19   2.68e-07 5.27e-06   3.55764148e+09  3.38914336e+09  8.41e+03       0s
  20   1.49e-07 2.14e-06   3.50407741e+09  3.44037794e+09  3.18e+03       0s
  21   3.28e-07 5.95e-07   3.49040604e+09  3.46544642e+09  1.25e+03       0s
  22   1.49e-07 1.68e-07   3.48331345e+09  3.47408981e+09  4.60e+02       0s
  23   2.38e-07 3.05e-08   3.47940277e+09  3.47732230e+09  1.04e+02       0s
  24   1.19e-07 4.57e-09   3.47872146e+09  3.47816590e+09  2.77e+01       0s
  25   1.49e-07 6.11e-10   3.47842504e+09  3.47836574e+09  2.96e+00       0s
  26   3.87e-07 1.46e-10   3.47839887e+09  3.47839144e+09  3.71e-01       0s
  27   9.33e-08 8.73e-11   3.47839730e+09  3.47839576e+09  7.65e-02       0s
  28   1.49e-07 5.82e-11   3.47839703e+09  3.47839688e+09  7.14e-03       0s
  29   2.09e-07 5.82e-11   3.47839693e+09  3.47839692e+09  5.33e-04       0s
  30*  6.26e-07 5.82e-11   3.47839693e+09  3.47839693e+09  1.22e-04       0s
Summary
    Runtime:                                            0.44s
    Status interior point solve:                        optimal
    Status crossover:                                   not run
    objective value:                                    3.47839693e+09
    interior solution primal residual (abs/rel):        1.46e-06 / 8.73e-15
    interior solution dual residual (abs/rel):          2.72e-10 / 1.03e-15
    interior solution objective gap (abs/rel):          2.49e+00 / 7.16e-10
Ipx: IPM       optimal
Model   status      : Optimal
IPM       iterations: 30
Objective value     :  3.4870979396e+09
HiGHS run time      :          0.70
[ Info: Rolling step not specified in scenaio.yaml file; Setting it to 10 years
[ Info: Demand-pathway mapping not specified in scenaio.yaml file; SERA will not look for eligible pathways for different demand types.
[ Info: Production capacity constraints from the grid model not defined. SERA will not create these constraints
[ Info: Regional technology limits not specified in scenaio.yaml file; SERA will not create these constraints
STARTING DATA PRE-PROCESSING 
Processing Temporal Data
Processing Nodes
Processing Demand
Processing Existings
Processing Links
Processing Pathways
Creating Infrastructure options
  1.540146 seconds (11.13 M allocations: 1.175 GiB, 15.34% gc time, 4.95% compilation time)

OPTIMIZING FROM 2026 TO 2035 

STARTING OPTIMIZATION MODEL CREATION
CREATING VARIABLES AND EXPRESSIONS
  8.927635 seconds (49.48 M allocations: 3.051 GiB, 28.24% gc time, 51.86% compilation time)
POPULATING EXPRESSIONS
  5.413002 seconds (20.69 M allocations: 2.981 GiB, 5.15% gc time, 3.15% compilation time)
CREATING CONSTRAINTS
  3.602058 seconds (27.90 M allocations: 1.437 GiB, 12.26% gc time, 22.31% compilation time)
POPULATED CORE OPTIMIZATION MODEL, STARTING ITERATIONS
READING COST DATA FOR ITERATION 1
  6.148598 seconds (22.39 M allocations: 2.055 GiB, 4.47% gc time, 5.58% compilation time)
CREATING EXPRESSIONS FOR CAPITAL AND FIXED COST
  3.837918 seconds (23.15 M allocations: 1.442 GiB, 38.40% gc time, 28.98% compilation time)
BUILDING OBJECTIVE FUNCTION
  1.829030 seconds (9.06 M allocations: 363.697 MiB, 57.76% compilation time)
Optimizing for iteration 1
  4.538037 seconds (8.98 M allocations: 854.539 MiB, 8.40% gc time, 0.50% compilation time)
OPTIMAL
6.08586232506237e9
ϵ =  1.0
READING COST DATA FOR ITERATION 2
  5.698067 seconds (20.37 M allocations: 1.986 GiB, 3.63% gc time, 0.54% compilation time)
CREATING EXPRESSIONS FOR CAPITAL AND FIXED COST
  2.000924 seconds (21.78 M allocations: 1.353 GiB, 36.72% gc time, 0.22% compilation time)
BUILDING OBJECTIVE FUNCTION
  0.811950 seconds (7.72 M allocations: 279.598 MiB)
Optimizing for iteration 2
  2.211907 seconds (2 allocations: 32 bytes)
OPTIMAL
4.732850824814951e9
ϵ =  0.2858766418652807
READING COST DATA FOR ITERATION 3
  5.867395 seconds (20.31 M allocations: 1.979 GiB, 6.74% gc time)
CREATING EXPRESSIONS FOR CAPITAL AND FIXED COST
  1.649783 seconds (21.78 M allocations: 1.353 GiB, 21.44% gc time)
BUILDING OBJECTIVE FUNCTION
  1.348093 seconds (7.72 M allocations: 279.598 MiB, 39.86% gc time)
Optimizing for iteration 3
  2.189168 seconds (2 allocations: 32 bytes)
OPTIMAL
4.060971065977128e9
ϵ =  0.16544805366057552
READING COST DATA FOR ITERATION 4
  6.816285 seconds (20.30 M allocations: 2.006 GiB, 19.82% gc time)
CREATING EXPRESSIONS FOR CAPITAL AND FIXED COST
  1.864330 seconds (21.78 M allocations: 1.353 GiB, 32.83% gc time)
BUILDING OBJECTIVE FUNCTION
  2.020831 seconds (7.72 M allocations: 279.598 MiB, 60.72% gc time)
Optimizing for iteration 4
  2.165906 seconds (2 allocations: 32 bytes)
OPTIMAL
4.034667262734774e9
ϵ =  0.006519447956783413
READING COST DATA FOR ITERATION 5
  5.757179 seconds (20.30 M allocations: 2.004 GiB, 5.60% gc time)
CREATING EXPRESSIONS FOR CAPITAL AND FIXED COST
  2.059377 seconds (21.78 M allocations: 1.353 GiB, 38.28% gc time)
BUILDING OBJECTIVE FUNCTION
  0.800639 seconds (7.72 M allocations: 279.598 MiB)
Optimizing for iteration 5
  2.180457 seconds (2 allocations: 32 bytes)
OPTIMAL
4.024049930025503e9
ϵ =  0.0026384694260543936
READING COST DATA FOR ITERATION 6
  5.955844 seconds (20.30 M allocations: 1.978 GiB, 8.22% gc time)
CREATING EXPRESSIONS FOR CAPITAL AND FIXED COST
  1.759585 seconds (21.78 M allocations: 1.353 GiB, 24.79% gc time)
BUILDING OBJECTIVE FUNCTION
  0.772537 seconds (7.72 M allocations: 279.598 MiB)
Optimizing for iteration 6
  2.184135 seconds (2 allocations: 32 bytes)
OPTIMAL
4.024049930025503e9
ϵ =  0.0
ITERATIONS COMPLETED
WRITING RESULTS TO FILE
  1.019211 seconds (5.91 M allocations: 285.241 MiB, 58.79% compilation time)

OPTIMIZING FROM 2036 TO 2040 

STARTING OPTIMIZATION MODEL CREATION
CREATING VARIABLES AND EXPRESSIONS
  1.461018 seconds (21.15 M allocations: 1.289 GiB, 19.94% gc time, 13.35% compilation time)
POPULATING EXPRESSIONS
  1.582443 seconds (5.63 M allocations: 840.079 MiB, 17.12% gc time)
CREATING CONSTRAINTS
  1.353415 seconds (13.20 M allocations: 685.892 MiB, 13.91% gc time, 0.42% compilation time)
POPULATED CORE OPTIMIZATION MODEL, STARTING ITERATIONS
READING COST DATA FOR ITERATION 1
  2.918396 seconds (10.17 M allocations: 1018.116 MiB, 6.47% gc time)
CREATING EXPRESSIONS FOR CAPITAL AND FIXED COST
  0.323729 seconds (5.70 M allocations: 358.120 MiB)
BUILDING OBJECTIVE FUNCTION
  0.305469 seconds (3.62 M allocations: 129.743 MiB)
Optimizing for iteration 1
  2.133266 seconds (4.68 M allocations: 427.322 MiB, 11.66% gc time)
OPTIMAL
3.928075630516463e13
ϵ =  1.0
READING COST DATA FOR ITERATION 2
  2.979860 seconds (10.28 M allocations: 1017.398 MiB, 8.07% gc time)
CREATING EXPRESSIONS FOR CAPITAL AND FIXED COST
  0.332518 seconds (5.70 M allocations: 358.120 MiB)
BUILDING OBJECTIVE FUNCTION
  0.557784 seconds (3.62 M allocations: 134.634 MiB, 41.28% gc time)
Optimizing for iteration 2
  0.719149 seconds (2 allocations: 32 bytes)
OPTIMAL
3.542862924539719e9
ϵ =  11086.292153779164
READING COST DATA FOR ITERATION 3
  2.981306 seconds (10.26 M allocations: 1017.055 MiB, 7.65% gc time)
CREATING EXPRESSIONS FOR CAPITAL AND FIXED COST
  0.349345 seconds (5.70 M allocations: 358.120 MiB)
BUILDING OBJECTIVE FUNCTION
  0.326416 seconds (3.62 M allocations: 134.634 MiB)
Optimizing for iteration 3
  0.703522 seconds (2 allocations: 32 bytes)
OPTIMAL
3.487097939608326e9
ϵ =  0.015991803470160965
READING COST DATA FOR ITERATION 4
  3.000553 seconds (10.26 M allocations: 1017.055 MiB, 8.50% gc time)
CREATING EXPRESSIONS FOR CAPITAL AND FIXED COST
  0.643573 seconds (5.70 M allocations: 358.120 MiB, 46.62% gc time)
BUILDING OBJECTIVE FUNCTION
  0.325814 seconds (3.62 M allocations: 134.634 MiB)
Optimizing for iteration 4
  0.698678 seconds (2 allocations: 32 bytes)
OPTIMAL
3.487097939608326e9
ϵ =  0.0
ITERATIONS COMPLETED
WRITING RESULTS TO FILE
  1.207309 seconds (5.61 M allocations: 296.840 MiB, 68.10% compilation time)

THE OPTIMIZATION PROBLEM TOOK 2.27 MINUTES TO SOLVE. 
