Running HiGHS 1.6.0: Copyright (c) 2023 HiGHS under MIT licence terms
Presolving model
19983 rows, 94886 cols, 209441 nonzeros
19407 rows, 26112 cols, 68696 nonzeros
19170 rows, 25821 cols, 68168 nonzeros
Presolve : Reductions: rows 19170(-865627); columns 25821(-464617); elements 68168(-2255503)
Solving the presolved LP
IPX model has 19170 rows, 25821 columns and 68168 nonzeros
Input
    Number of variables:                                25821
    Number of free variables:                           0
    Number of constraints:                              19170
    Number of equality constraints:                     5610
    Number of matrix entries:                           68168
    Matrix range:                                       [1e-02, 1e+00]
    RHS range:                                          [2e+05, 6e+07]
    Objective range:                                    [3e-04, 2e+01]
    Bounds range:                                       [2e+05, 1e+08]
Preprocessing
    Dualized model:                                     no
    Number of dense columns:                            0
    Range of scaling factors:                           [1.00e+00, 2.00e+00]
IPX version 1.0
Interior Point Solve
 Iter     P.res    D.res            P.obj           D.obj        mu     Time
   0   1.60e+07 4.46e+00   1.32419824e+09 -2.38093978e+12  1.15e+08       0s
   1   2.74e+06 1.80e+00   1.65935024e+11 -1.07490217e+12  3.93e+07       0s
   2   1.32e+06 1.57e+00   2.15215817e+11 -9.69388987e+11  3.62e+07       0s
   3   6.41e+05 1.86e-01   1.54143573e+11 -1.05270934e+11  6.87e+06       0s
   4   1.57e+05 3.55e-02   5.89460557e+10 -2.86929520e+10  2.00e+06       0s
   5   4.74e+04 4.50e-03   2.31232530e+10 -4.39060870e+09  5.79e+05       0s
 Constructing starting basis...
   6   1.39e+04 1.33e-03   1.02383519e+10  1.09121767e+08  2.25e+05       0s
   7   4.80e+03 7.46e-04   7.45228326e+09  1.76193561e+09  1.23e+05       0s
   8   2.74e+03 1.68e-04   6.96425768e+09  3.02110527e+09  8.40e+04       1s
   9   1.12e+03 9.42e-05   6.21118003e+09  3.32387844e+09  6.07e+04       1s
  10   4.62e+02 3.86e-05   5.43757842e+09  3.81476856e+09  3.39e+04       1s
  11   2.67e+02 1.16e-05   5.14441924e+09  4.08291645e+09  2.21e+04       1s
  12   1.32e+02 4.18e-06   4.82751070e+09  4.22962490e+09  1.24e+04       1s
  13   5.89e+01 1.28e-06   4.63594930e+09  4.30052150e+09  6.97e+03       1s
  14   2.10e+01 8.16e-07   4.51759587e+09  4.31906461e+09  4.11e+03       1s
  15   1.23e+01 3.75e-07   4.47546156e+09  4.34681144e+09  2.66e+03       1s
  16   6.90e+00 1.66e-07   4.44541300e+09  4.36265007e+09  1.71e+03       1s
  17   1.75e+00 8.26e-08   4.41118520e+09  4.37060511e+09  8.39e+02       1s
  18   2.56e-01 4.59e-08   4.39643572e+09  4.37528212e+09  4.37e+02       1s
  19   1.21e-01 2.11e-08   4.39265461e+09  4.37954938e+09  2.71e+02       1s
  20   6.39e-02 9.83e-09   4.39011749e+09  4.38196193e+09  1.68e+02       1s
  21   2.33e-02 5.54e-09   4.38822727e+09  4.38289515e+09  1.10e+02       1s
  22   8.03e-03 3.00e-09   4.38686781e+09  4.38364504e+09  6.65e+01       1s
  23   2.06e-03 2.40e-10   4.38580721e+09  4.38473472e+09  2.21e+01       1s
  24   3.77e-08 2.19e-11   4.38525269e+09  4.38489412e+09  7.40e+00       1s
  25   6.77e-08 2.48e-12   4.38513195e+09  4.38498572e+09  3.02e+00       1s
  26   8.73e-08 7.11e-15   4.38503943e+09  4.38499823e+09  8.51e-01       1s
  27   4.94e-08 7.11e-15   4.38501765e+09  4.38500872e+09  1.84e-01       1s
  28   5.22e-08 7.11e-15   4.38501106e+09  4.38500954e+09  3.15e-02       1s
  29   7.06e-08 7.11e-15   4.38501060e+09  4.38501010e+09  1.02e-02       1s
  30   7.37e-08 7.11e-15   4.38501023e+09  4.38501019e+09  7.85e-04       1s
  31   2.98e-08 7.11e-15   4.38501021e+09  4.38501020e+09  1.13e-04       1s
  32*  6.83e-08 7.11e-15   4.38501020e+09  4.38501020e+09  1.14e-05       1s
Summary
    Runtime:                                            1.39s
    Status interior point solve:                        optimal
    Status crossover:                                   not run
    objective value:                                    4.38501020e+09
    interior solution primal residual (abs/rel):        2.98e-08 / 2.04e-16
    interior solution dual residual (abs/rel):          1.16e-11 / 5.31e-13
    interior solution objective gap (abs/rel):          5.56e-01 / 1.27e-10
Ipx: IPM       optimal
Model   status      : Optimal
IPM       iterations: 32
Objective value     :  4.4056934732e+09
HiGHS run time      :          2.01
Presolving model
19983 rows, 94886 cols, 209441 nonzeros
19407 rows, 26112 cols, 68696 nonzeros
19170 rows, 25821 cols, 68168 nonzeros
Presolve : Reductions: rows 19170(-865627); columns 25821(-464617); elements 68168(-2255503)
Solving the presolved LP
IPX model has 19170 rows, 25821 columns and 68168 nonzeros
Input
    Number of variables:                                25821
    Number of free variables:                           0
    Number of constraints:                              19170
    Number of equality constraints:                     5610
    Number of matrix entries:                           68168
    Matrix range:                                       [1e-02, 1e+00]
    RHS range:                                          [2e+05, 6e+07]
    Objective range:                                    [3e-04, 8e+05]
    Bounds range:                                       [2e+05, 1e+08]
Preprocessing
    Dualized model:                                     no
    Number of dense columns:                            0
    Range of scaling factors:                           [1.00e+00, 2.00e+00]
IPX version 1.0
Interior Point Solve
 Iter     P.res    D.res            P.obj           D.obj        mu     Time
   0   1.62e+07 1.69e+05   2.38277476e+13 -9.25405976e+16  4.41e+12       0s
   1   4.33e+06 1.09e+05   3.71894710e+15 -6.33742244e+16  2.38e+12       0s
   2   2.33e+06 7.04e+04   5.53942625e+15 -4.73915841e+16  1.89e+12       0s
   3   3.67e+05 9.03e+03   3.42598161e+15 -6.34290943e+15  2.86e+11       0s
   4   1.19e+05 3.01e+03   1.57430780e+15 -2.32839984e+15  1.05e+11       0s
   5   3.58e+04 5.34e+02   5.84666972e+14 -4.93838744e+14  2.62e+10       0s
   6   9.11e+03 1.73e+02   1.55800813e+14 -1.96506376e+14  8.36e+09       0s
 Constructing starting basis...
   7   1.90e+03 2.91e+01   3.41932555e+13 -6.04201242e+13  2.34e+09       1s
   8   6.05e+02 8.73e+00   1.75329762e+13 -1.70222756e+13  8.45e+08       1s
   9   1.13e+02 2.76e+00   5.31435593e+12 -6.09507776e+12  2.83e+08       1s
  10   1.79e+01 6.19e-01   1.48301952e+12 -1.70914815e+12  7.77e+07       1s
  11   3.78e+00 1.85e-01   4.98959151e+11 -5.36304637e+11  2.51e+07       1s
  12   1.29e+00 7.02e-02   3.04807883e+11 -2.55142457e+11  1.34e+07       1s
  13   5.24e-01 2.83e-02   1.83752638e+11 -1.21580712e+11  7.13e+06       1s
  14   3.01e-01 1.30e-02   1.32608469e+11 -6.56324297e+10  4.50e+06       1s
  15   1.41e-01 3.09e-03   7.45822038e+10 -1.63577748e+10  1.96e+06       1s
  16   4.38e-02 8.30e-04   3.22068574e+10 -2.62573304e+09  7.34e+05       1s
  17   1.94e-02 2.02e-04   1.83853684e+10  2.26056375e+09  3.35e+05       1s
  18   3.35e-03 3.31e-05   9.70582286e+09  3.58469756e+09  1.27e+05       1s
  19   5.61e-04 1.41e-05   6.16787954e+09  4.15346614e+09  4.16e+04       1s
  20   2.39e-04 5.11e-06   5.45636623e+09  4.52345131e+09  1.93e+04       1s
  21   8.16e-05 2.05e-06   5.04740378e+09  4.66857450e+09  7.82e+03       1s
  22   1.60e-05 7.56e-07   4.86491286e+09  4.73576335e+09  2.67e+03       1s
  23   5.75e-06 3.13e-07   4.82101460e+09  4.76386310e+09  1.18e+03       1s
  24   1.70e-06 1.51e-07   4.79999260e+09  4.77503919e+09  5.15e+02       1s
  25   4.77e-07 4.66e-08   4.79230912e+09  4.78267616e+09  1.99e+02       1s
  26   1.19e-07 1.53e-08   4.78904310e+09  4.78526593e+09  7.80e+01       1s
  27   1.49e-07 3.49e-09   4.78742630e+09  4.78655455e+09  1.80e+01       1s
  28   1.79e-07 8.15e-10   4.78702404e+09  4.78687583e+09  3.06e+00       2s
  29   1.19e-07 2.33e-10   4.78695864e+09  4.78694330e+09  3.17e-01       2s
  30   1.79e-07 2.33e-10   4.78694827e+09  4.78694666e+09  3.33e-02       2s
  31   1.34e-07 2.33e-10   4.78694715e+09  4.78694696e+09  3.96e-03       2s
  32   7.60e-07 2.33e-10   4.78694705e+09  4.78694702e+09  6.62e-04       2s
  33*  8.64e-07 2.33e-10   4.78694704e+09  4.78694703e+09  9.45e-05       2s
Summary
    Runtime:                                            1.65s
    Status interior point solve:                        optimal
    Status crossover:                                   not run
    objective value:                                    4.78694704e+09
    interior solution primal residual (abs/rel):        1.68e-06 / 1.15e-14
    interior solution dual residual (abs/rel):          2.33e-10 / 2.96e-16
    interior solution objective gap (abs/rel):          4.46e+00 / 9.32e-10
Ipx: IPM       optimal
Model   status      : Optimal
IPM       iterations: 33
Objective value     :  4.8075505044e+09
HiGHS run time      :          2.21
Presolving model
19983 rows, 94886 cols, 209441 nonzeros
19407 rows, 26112 cols, 68696 nonzeros
19170 rows, 25821 cols, 68168 nonzeros
Presolve : Reductions: rows 19170(-865627); columns 25821(-464617); elements 68168(-2255503)
Solving the presolved LP
IPX model has 19170 rows, 25821 columns and 68168 nonzeros
Input
    Number of variables:                                25821
    Number of free variables:                           0
    Number of constraints:                              19170
    Number of equality constraints:                     5610
    Number of matrix entries:                           68168
    Matrix range:                                       [1e-02, 1e+00]
    RHS range:                                          [2e+05, 6e+07]
    Objective range:                                    [3e-04, 8e+05]
    Bounds range:                                       [2e+05, 1e+08]
Preprocessing
    Dualized model:                                     no
    Number of dense columns:                            0
    Range of scaling factors:                           [1.00e+00, 2.00e+00]
IPX version 1.0
Interior Point Solve
 Iter     P.res    D.res            P.obj           D.obj        mu     Time
   0   1.62e+07 1.70e+05   3.78583613e+13 -9.30352785e+16  4.45e+12       0s
   1   4.29e+06 1.09e+05   4.44088223e+15 -6.34977028e+16  2.39e+12       0s
   2   2.32e+06 6.99e+04   6.42321384e+15 -4.70093336e+16  1.87e+12       0s
   3   7.52e+05 9.01e+03   4.41929065e+15 -6.41339091e+15  3.36e+11       0s
   4   1.40e+05 3.13e+03   1.48927217e+15 -2.44658427e+15  1.06e+11       0s
   5   4.96e+04 7.80e+02   6.40482507e+14 -6.65480348e+14  3.27e+10       0s
   6   1.59e+04 2.45e+02   2.47625075e+14 -2.59283502e+14  1.21e+10       0s
 Constructing starting basis...
   7   3.45e+03 6.50e+01   5.98588016e+13 -9.43749169e+13  3.98e+09       1s
   8   1.29e+03 3.91e+01   4.54549108e+13 -6.06293308e+13  2.81e+09       1s
   9   4.53e+02 2.14e+01   2.52564003e+13 -3.42142207e+13  1.61e+09       1s
  10   1.20e+02 1.08e+01   1.68361355e+13 -2.05597200e+13  1.03e+09       1s
  11   4.53e+01 5.26e+00   1.08845685e+13 -1.18403127e+13  6.22e+08       1s
  12   2.13e+01 2.32e+00   7.36326301e+12 -6.53085244e+12  3.67e+08       1s
  13   5.28e+00 1.72e-01   3.95779792e+12 -1.88129541e+12  1.28e+08       1s
  14   2.67e+00 1.56e-02   2.13721761e+12 -2.47758121e+11  5.00e+07       1s
  15   3.18e-01 2.49e-03   4.32513024e+11 -9.16784635e+10  1.11e+07       1s
  16   7.16e-02 8.89e-04   1.28188994e+11 -3.63777722e+10  3.45e+06       1s
  17   2.52e-02 1.55e-04   5.39259183e+10 -5.21065558e+09  1.23e+06       1s
  18   1.09e-02 4.15e-05   2.73133408e+10  8.24445006e+08  5.48e+05       1s
  19   2.41e-03 5.64e-06   1.16118702e+10  2.83725985e+09  1.81e+05       1s
  20   3.85e-04 1.65e-06   6.75393775e+09  3.35685055e+09  7.01e+04       1s
  21   1.30e-04 7.34e-07   5.10919724e+09  3.71178967e+09  2.89e+04       1s
  22   5.77e-05 1.92e-07   4.64389363e+09  3.92993766e+09  1.47e+04       1s
  23   1.58e-05 5.95e-08   4.25089025e+09  4.01949382e+09  4.78e+03       1s
  24   4.77e-06 1.96e-08   4.15002778e+09  4.04826128e+09  2.10e+03       1s
  25   1.55e-06 7.22e-09   4.10566426e+09  4.06178847e+09  9.06e+02       1s
  26   4.77e-07 3.61e-09   4.08466131e+09  4.06749984e+09  3.54e+02       1s
  27   2.83e-07 1.28e-09   4.07749292e+09  4.07115786e+09  1.31e+02       1s
  28   3.13e-07 5.82e-10   4.07496818e+09  4.07238990e+09  5.32e+01       1s
  29   1.04e-07 2.33e-10   4.07371369e+09  4.07328677e+09  8.81e+00       1s
  30   2.24e-07 3.49e-10   4.07350925e+09  4.07346331e+09  9.48e-01       2s
  31   1.34e-07 2.33e-10   4.07349253e+09  4.07348795e+09  9.45e-02       2s
  32   7.46e-08 2.33e-10   4.07349073e+09  4.07349017e+09  1.15e-02       2s
  33   2.68e-07 2.33e-10   4.07349044e+09  4.07349036e+09  1.64e-03       2s
  34   7.60e-07 2.33e-10   4.07349040e+09  4.07349039e+09  1.98e-04       2s
  35*  1.10e-06 2.33e-10   4.07349039e+09  4.07349039e+09  3.45e-05       2s
Summary
    Runtime:                                            1.63s
    Status interior point solve:                        optimal
    Status crossover:                                   not run
    objective value:                                    4.07349039e+09
    interior solution primal residual (abs/rel):        2.52e-06 / 1.72e-14
    interior solution dual residual (abs/rel):          2.33e-10 / 2.96e-16
    interior solution objective gap (abs/rel):          1.85e+00 / 4.53e-10
Ipx: IPM       optimal
Model   status      : Optimal
IPM       iterations: 35
Objective value     :  4.0940938560e+09
HiGHS run time      :          2.20
Presolving model
19983 rows, 94886 cols, 209441 nonzeros
19407 rows, 26112 cols, 68696 nonzeros
19170 rows, 25821 cols, 68168 nonzeros
Presolve : Reductions: rows 19170(-865627); columns 25821(-464617); elements 68168(-2255503)
Solving the presolved LP
IPX model has 19170 rows, 25821 columns and 68168 nonzeros
Input
    Number of variables:                                25821
    Number of free variables:                           0
    Number of constraints:                              19170
    Number of equality constraints:                     5610
    Number of matrix entries:                           68168
    Matrix range:                                       [1e-02, 1e+00]
    RHS range:                                          [2e+05, 6e+07]
    Objective range:                                    [3e-04, 8e+05]
    Bounds range:                                       [2e+05, 1e+08]
Preprocessing
    Dualized model:                                     no
    Number of dense columns:                            0
    Range of scaling factors:                           [1.00e+00, 2.00e+00]
IPX version 1.0
Interior Point Solve
 Iter     P.res    D.res            P.obj           D.obj        mu     Time
   0   1.62e+07 1.70e+05   3.98931696e+13 -9.30375074e+16  4.45e+12       0s
   1   4.30e+06 1.09e+05   4.51931811e+15 -6.35270409e+16  2.39e+12       0s
   2   2.32e+06 6.99e+04   6.51315192e+15 -4.70093306e+16  1.87e+12       0s
   3   7.50e+05 9.03e+03   4.46777795e+15 -6.42404269e+15  3.37e+11       0s
   4   1.40e+05 3.13e+03   1.50734749e+15 -2.44962410e+15  1.07e+11       0s
   5   4.99e+04 8.80e+02   6.52828101e+14 -7.40058784e+14  3.50e+10       0s
   6   1.56e+04 2.69e+02   2.46842238e+14 -2.75010412e+14  1.25e+10       0s
 Constructing starting basis...
   7   3.18e+03 8.01e+01   5.91703958e+13 -1.07326327e+14  4.38e+09       1s
   8   1.14e+03 4.83e+01   4.64689499e+13 -6.86510893e+13  3.10e+09       1s
   9   3.57e+02 2.53e+01   2.48133765e+13 -3.71860495e+13  1.70e+09       1s
  10   9.69e+01 1.24e+01   1.77058973e+13 -2.23096135e+13  1.10e+09       1s
  11   3.43e+01 5.88e+00   1.11055757e+13 -1.23357730e+13  6.43e+08       1s
  12   1.51e+01 2.45e+00   7.33784704e+12 -6.55607373e+12  3.66e+08       1s
  13   4.86e+00 1.02e-01   4.40293947e+12 -1.77745682e+12  1.32e+08       1s
  14   2.48e+00 2.21e-02   2.37804908e+12 -4.57249952e+11  5.97e+07       1s
  15   1.11e+00 3.93e-03   1.19134440e+12 -1.39162703e+11  2.78e+07       1s
  16   1.98e-01 6.79e-04   2.34694475e+11 -2.58190053e+10  5.41e+06       1s
  17   7.30e-02 1.98e-04   9.54131580e+10 -6.72843387e+09  2.12e+06       1s
  18   1.63e-02 5.21e-05   3.82617244e+10 -2.34547065e+09  8.40e+05       1s
  19   5.48e-03 1.23e-05   1.98279775e+10  1.15601263e+09  3.86e+05       1s
  20   1.35e-03 3.22e-06   9.01437886e+09  2.97036605e+09  1.25e+05       1s
  21   4.36e-04 1.11e-06   6.15010093e+09  3.52575542e+09  5.42e+04       1s
  22   1.83e-04 3.56e-07   5.00758029e+09  3.84185948e+09  2.41e+04       1s
  23   4.88e-05 1.11e-07   4.37101535e+09  3.95959643e+09  8.49e+03       1s
  24   9.18e-06 3.48e-08   4.14433738e+09  4.00892867e+09  2.80e+03       1s
  25   3.22e-06 1.44e-08   4.08877581e+09  4.02906882e+09  1.23e+03       1s
  26   9.54e-07 6.17e-09   4.06245381e+09  4.03872932e+09  4.90e+02       1s
  27   3.28e-07 2.21e-09   4.05339074e+09  4.04387626e+09  1.96e+02       1s
  28   1.04e-07 8.15e-10   4.04980102e+09  4.04581474e+09  8.23e+01       1s
  29   8.20e-08 3.49e-10   4.04779070e+09  4.04681500e+09  2.01e+01       1s
  30   7.45e-08 2.33e-10   4.04725193e+09  4.04712572e+09  2.61e+00       2s
  31   6.33e-08 2.33e-10   4.04719587e+09  4.04718347e+09  2.56e-01       2s
  32   1.34e-07 2.33e-10   4.04718701e+09  4.04718613e+09  1.82e-02       2s
  33   2.24e-07 2.33e-10   4.04718666e+09  4.04718653e+09  2.80e-03       2s
  34   8.49e-07 2.33e-10   4.04718659e+09  4.04718658e+09  2.16e-04       2s
  35*  1.40e-06 2.33e-10   4.04718659e+09  4.04718659e+09  3.28e-05       2s
Summary
    Runtime:                                            1.62s
    Status interior point solve:                        optimal
    Status crossover:                                   not run
    objective value:                                    4.04718659e+09
    interior solution primal residual (abs/rel):        1.47e-06 / 1.01e-14
    interior solution dual residual (abs/rel):          2.33e-10 / 2.96e-16
    interior solution objective gap (abs/rel):          1.65e+00 / 4.08e-10
Ipx: IPM       optimal
Model   status      : Optimal
IPM       iterations: 35
Objective value     :  4.0677900527e+09
HiGHS run time      :          2.15
Presolving model
19983 rows, 94886 cols, 209441 nonzeros
19407 rows, 26112 cols, 68696 nonzeros
19170 rows, 25821 cols, 68168 nonzeros
Presolve : Reductions: rows 19170(-865627); columns 25821(-464617); elements 68168(-2255503)
Solving the presolved LP
IPX model has 19170 rows, 25821 columns and 68168 nonzeros
Input
    Number of variables:                                25821
    Number of free variables:                           0
    Number of constraints:                              19170
    Number of equality constraints:                     5610
    Number of matrix entries:                           68168
    Matrix range:                                       [1e-02, 1e+00]
    RHS range:                                          [2e+05, 6e+07]
    Objective range:                                    [3e-04, 8e+05]
    Bounds range:                                       [2e+05, 1e+08]
Preprocessing
    Dualized model:                                     no
    Number of dense columns:                            0
    Range of scaling factors:                           [1.00e+00, 2.00e+00]
IPX version 1.0
Interior Point Solve
 Iter     P.res    D.res            P.obj           D.obj        mu     Time
   0   1.62e+07 1.70e+05   4.05526101e+13 -9.30390233e+16  4.45e+12       0s
   1   4.29e+06 1.09e+05   4.54205834e+15 -6.35282273e+16  2.39e+12       0s
   2   2.32e+06 6.99e+04   6.53879984e+15 -4.70081080e+16  1.87e+12       0s
   3   7.49e+05 9.03e+03   4.48099957e+15 -6.42529771e+15  3.37e+11       0s
   4   1.39e+05 3.13e+03   1.51182868e+15 -2.44904106e+15  1.07e+11       0s
   5   4.98e+04 8.80e+02   6.54582445e+14 -7.38992207e+14  3.50e+10       0s
   6   1.56e+04 2.68e+02   2.49156107e+14 -2.75607299e+14  1.25e+10       0s
 Constructing starting basis...
   7   3.15e+03 7.86e+01   5.91147742e+13 -1.06198963e+14  4.34e+09       1s
   8   1.17e+03 4.72e+01   4.65454350e+13 -6.76017228e+13  3.06e+09       1s
   9   3.74e+02 2.48e+01   2.50875732e+13 -3.68148903e+13  1.69e+09       1s
  10   1.01e+02 1.21e+01   1.76723448e+13 -2.19228985e+13  1.09e+09       1s
  11   3.51e+01 5.69e+00   1.10854231e+13 -1.21683891e+13  6.35e+08       1s
  12   1.55e+01 2.37e+00   7.33646532e+12 -6.46854019e+12  3.63e+08       1s
  13   4.07e+00 7.76e-02   4.01837361e+12 -1.62476041e+12  1.20e+08       1s
  14   2.08e+00 1.46e-02   2.20025654e+12 -3.85312368e+11  5.42e+07       1s
  15   5.86e-01 5.48e-03   7.80923102e+11 -1.86321156e+11  2.05e+07       1s
  16   1.41e-01 1.05e-03   2.13145672e+11 -3.80400447e+10  5.25e+06       1s
  17   6.15e-02 3.19e-04   1.00153892e+11 -1.03985866e+10  2.29e+06       1s
  18   1.50e-02 4.23e-05   3.52424061e+10 -3.66926902e+08  7.36e+05       1s
  19   5.73e-03 9.02e-06   1.90307776e+10  1.96542511e+09  3.53e+05       1s
  20   1.24e-03 2.07e-06   8.37810568e+09  3.23123474e+09  1.06e+05       1s
  21   5.29e-04 6.83e-07   6.22316909e+09  3.64865853e+09  5.32e+04       1s
  22   2.82e-04 2.74e-07   5.23818319e+09  3.85916227e+09  2.85e+04       1s
  23   8.20e-05 9.77e-08   4.42137897e+09  3.95824232e+09  9.56e+03       1s
  24   1.78e-05 2.67e-08   4.15934592e+09  4.00255390e+09  3.24e+03       1s
  25   6.74e-06 1.07e-08   4.08936566e+09  4.02094995e+09  1.41e+03       1s
  26   2.62e-06 4.54e-09   4.06066515e+09  4.02883670e+09  6.57e+02       1s
  27   8.05e-07 1.51e-09   4.04522513e+09  4.03364439e+09  2.39e+02       1s
  28   1.49e-07 5.82e-10   4.03952066e+09  4.03522031e+09  8.88e+01       1s
  29   7.45e-08 3.49e-10   4.03737469e+09  4.03608294e+09  2.67e+01       1s
  30   4.42e-08 2.33e-10   4.03673091e+09  4.03650139e+09  4.74e+00       1s
  31   8.94e-08 2.33e-10   4.03658354e+09  4.03656055e+09  4.75e-01       2s
  32   1.12e-07 2.33e-10   4.03657109e+09  4.03656781e+09  6.75e-02       2s
  33   1.64e-07 2.33e-10   4.03656956e+09  4.03656912e+09  8.98e-03       2s
  34   1.49e-07 2.33e-10   4.03656928e+09  4.03656923e+09  1.01e-03       2s
  35   1.07e-06 2.33e-10   4.03656926e+09  4.03656925e+09  1.25e-04       2s
  36*  1.31e-06 2.33e-10   4.03656925e+09  4.03656925e+09  2.55e-05       2s
Summary
    Runtime:                                            1.62s
    Status interior point solve:                        optimal
    Status crossover:                                   not run
    objective value:                                    4.03656925e+09
    interior solution primal residual (abs/rel):        1.38e-06 / 9.44e-15
    interior solution dual residual (abs/rel):          2.33e-10 / 2.96e-16
    interior solution objective gap (abs/rel):          1.19e+00 / 2.94e-10
Ipx: IPM       optimal
Model   status      : Optimal
IPM       iterations: 36
Objective value     :  4.0571727199e+09
HiGHS run time      :          2.16
Presolving model
19983 rows, 94886 cols, 209441 nonzeros
19407 rows, 26112 cols, 68696 nonzeros
19170 rows, 25821 cols, 68168 nonzeros
Presolve : Reductions: rows 19170(-865627); columns 25821(-464617); elements 68168(-2255503)
Solving the presolved LP
IPX model has 19170 rows, 25821 columns and 68168 nonzeros
Input
    Number of variables:                                25821
    Number of free variables:                           0
    Number of constraints:                              19170
    Number of equality constraints:                     5610
    Number of matrix entries:                           68168
    Matrix range:                                       [1e-02, 1e+00]
    RHS range:                                          [2e+05, 6e+07]
    Objective range:                                    [3e-04, 8e+05]
    Bounds range:                                       [2e+05, 1e+08]
Preprocessing
    Dualized model:                                     no
    Number of dense columns:                            0
    Range of scaling factors:                           [1.00e+00, 2.00e+00]
IPX version 1.0
Interior Point Solve
 Iter     P.res    D.res            P.obj           D.obj        mu     Time
   0   1.62e+07 1.70e+05   4.05526101e+13 -9.30390233e+16  4.45e+12       0s
   1   4.29e+06 1.09e+05   4.54205834e+15 -6.35282273e+16  2.39e+12       0s
   2   2.32e+06 6.99e+04   6.53879984e+15 -4.70081080e+16  1.87e+12       0s
   3   7.49e+05 9.03e+03   4.48099957e+15 -6.42529771e+15  3.37e+11       0s
   4   1.39e+05 3.13e+03   1.51182868e+15 -2.44904106e+15  1.07e+11       0s
   5   4.98e+04 8.80e+02   6.54582445e+14 -7.38992207e+14  3.50e+10       0s
   6   1.56e+04 2.68e+02   2.49156107e+14 -2.75607299e+14  1.25e+10       0s
 Constructing starting basis...
   7   3.15e+03 7.86e+01   5.91147742e+13 -1.06198963e+14  4.34e+09       1s
   8   1.17e+03 4.72e+01   4.65454350e+13 -6.76017228e+13  3.06e+09       1s
   9   3.74e+02 2.48e+01   2.50875732e+13 -3.68148903e+13  1.69e+09       1s
  10   1.01e+02 1.21e+01   1.76723448e+13 -2.19228985e+13  1.09e+09       1s
  11   3.51e+01 5.69e+00   1.10854231e+13 -1.21683891e+13  6.35e+08       1s
  12   1.55e+01 2.37e+00   7.33646532e+12 -6.46854019e+12  3.63e+08       1s
  13   4.07e+00 7.76e-02   4.01837361e+12 -1.62476041e+12  1.20e+08       1s
  14   2.08e+00 1.46e-02   2.20025654e+12 -3.85312368e+11  5.42e+07       1s
  15   5.86e-01 5.48e-03   7.80923102e+11 -1.86321156e+11  2.05e+07       1s
  16   1.41e-01 1.05e-03   2.13145672e+11 -3.80400447e+10  5.25e+06       1s
  17   6.15e-02 3.19e-04   1.00153892e+11 -1.03985866e+10  2.29e+06       1s
  18   1.50e-02 4.23e-05   3.52424061e+10 -3.66926902e+08  7.36e+05       1s
  19   5.73e-03 9.02e-06   1.90307776e+10  1.96542511e+09  3.53e+05       1s
  20   1.24e-03 2.07e-06   8.37810568e+09  3.23123474e+09  1.06e+05       1s
  21   5.29e-04 6.83e-07   6.22316909e+09  3.64865853e+09  5.32e+04       1s
  22   2.82e-04 2.74e-07   5.23818319e+09  3.85916227e+09  2.85e+04       1s
  23   8.20e-05 9.77e-08   4.42137897e+09  3.95824232e+09  9.56e+03       1s
  24   1.78e-05 2.67e-08   4.15934592e+09  4.00255390e+09  3.24e+03       1s
  25   6.74e-06 1.07e-08   4.08936566e+09  4.02094995e+09  1.41e+03       1s
  26   2.62e-06 4.54e-09   4.06066515e+09  4.02883670e+09  6.57e+02       1s
  27   8.05e-07 1.51e-09   4.04522513e+09  4.03364439e+09  2.39e+02       1s
  28   1.49e-07 5.82e-10   4.03952066e+09  4.03522031e+09  8.88e+01       1s
  29   7.45e-08 3.49e-10   4.03737469e+09  4.03608294e+09  2.67e+01       1s
  30   4.42e-08 2.33e-10   4.03673091e+09  4.03650139e+09  4.74e+00       1s
  31   8.94e-08 2.33e-10   4.03658354e+09  4.03656055e+09  4.75e-01       2s
  32   1.12e-07 2.33e-10   4.03657109e+09  4.03656781e+09  6.75e-02       2s
  33   1.64e-07 2.33e-10   4.03656956e+09  4.03656912e+09  8.98e-03       2s
  34   1.49e-07 2.33e-10   4.03656928e+09  4.03656923e+09  1.01e-03       2s
  35   1.07e-06 2.33e-10   4.03656926e+09  4.03656925e+09  1.25e-04       2s
  36*  1.31e-06 2.33e-10   4.03656925e+09  4.03656925e+09  2.55e-05       2s
Summary
    Runtime:                                            1.62s
    Status interior point solve:                        optimal
    Status crossover:                                   not run
    objective value:                                    4.03656925e+09
    interior solution primal residual (abs/rel):        1.38e-06 / 9.44e-15
    interior solution dual residual (abs/rel):          2.33e-10 / 2.96e-16
    interior solution objective gap (abs/rel):          1.19e+00 / 2.94e-10
Ipx: IPM       optimal
Model   status      : Optimal
IPM       iterations: 36
Objective value     :  4.0571727199e+09
HiGHS run time      :          2.17
Running HiGHS 1.6.0: Copyright (c) 2023 HiGHS under MIT licence terms
Presolving model
7955 rows, 30560 cols, 66877 nonzeros
7610 rows, 13355 cols, 30342 nonzeros
7486 rows, 11925 cols, 27498 nonzeros
Presolve : Reductions: rows 7486(-435279); columns 11925(-233660); elements 27498(-1107359)
Solving the presolved LP
IPX model has 7486 rows, 11925 columns and 27498 nonzeros
Input
    Number of variables:                                11925
    Number of free variables:                           0
    Number of constraints:                              7486
    Number of equality constraints:                     3052
    Number of matrix entries:                           27498
    Matrix range:                                       [1e-02, 1e+00]
    RHS range:                                          [2e+05, 1e+08]
    Objective range:                                    [2e-04, 3e+05]
    Bounds range:                                       [1e+05, 2e+08]
Preprocessing
    Dualized model:                                     no
    Number of dense columns:                            0
    Range of scaling factors:                           [1.00e+00, 2.00e+00]
IPX version 1.0
Interior Point Solve
 Iter     P.res    D.res            P.obj           D.obj        mu     Time
   0   2.04e+07 1.19e+05   4.34545392e+13 -2.10031412e+16  3.37e+12       0s
   1   4.44e+06 7.49e+04   1.91056581e+15 -1.45034747e+16  1.65e+12       0s
   2   1.90e+06 2.85e+04   2.08790513e+15 -7.45487881e+15  8.61e+11       0s
   3   7.70e+05 3.60e+03   1.25562692e+15 -1.06439190e+15  1.88e+11       0s
   4   1.49e+05 1.22e+03   3.07498123e+14 -3.92999642e+14  4.92e+10       0s
   5   5.67e+04 5.58e+02   1.57377748e+14 -1.92065508e+14  2.31e+10       0s
   6   1.46e+04 2.43e+02   1.08951093e+14 -9.32595637e+13  1.22e+10       0s
 Constructing starting basis...
   7   4.76e+03 1.31e+02   6.99579143e+13 -3.63813853e+13  7.70e+09       0s
   8   2.25e+03 5.62e+01   6.03713212e+13 -7.47793568e+12  4.62e+09       0s
   9   2.06e+03 5.34e+01   6.07589808e+13 -4.56738135e+12  4.47e+09       0s
  10   8.36e+02 1.81e+01   4.87791219e+13  2.08759552e+13  1.83e+09       0s
  11   6.24e+02 1.25e+01   4.72202294e+13  2.49853099e+13  1.45e+09       0s
  12   4.58e+02 3.94e+00   4.54326393e+13  3.34627739e+13  7.14e+08       0s
  13   1.21e+02 1.07e+00   4.16057014e+13  3.62247078e+13  3.15e+08       0s
  14   6.27e+01 4.56e-01   4.06676057e+13  3.73665751e+13  1.92e+08       0s
  15   7.95e+00 1.15e-02   3.94190507e+13  3.87371886e+13  3.50e+07       0s
  16   3.64e+00 6.73e-03   3.92165866e+13  3.88364901e+13  1.97e+07       0s
  17   3.59e+00 6.20e-03   3.92158893e+13  3.88472058e+13  1.91e+07       0s
  18   2.93e+00 2.93e-03   3.91893506e+13  3.89114850e+13  1.43e+07       0s
  19   7.27e-01 9.02e-04   3.90682501e+13  3.89731745e+13  4.86e+06       0s
  20   4.56e-02 2.33e-04   3.90191417e+13  3.89993996e+13  9.98e+05       0s
  21   1.31e-02 1.03e-04   3.90135831e+13  3.90058553e+13  3.88e+05       0s
  22   2.33e-03 4.20e-05   3.90119454e+13  3.90088355e+13  1.55e+05       0s
  23   6.11e-04 1.98e-05   3.90114227e+13  3.90100191e+13  7.01e+04       0s
  24   7.92e-05 7.85e-06   3.90112884e+13  3.90106201e+13  3.34e+04       0s
  25   3.92e-05 4.93e-06   3.90112134e+13  3.90107782e+13  2.17e+04       0s
  26   2.41e-05 3.36e-06   3.90111803e+13  3.90108634e+13  1.58e+04       1s
  27   1.80e-05 2.46e-06   3.90111635e+13  3.90109143e+13  1.24e+04       1s
  28   1.20e-05 1.88e-06   3.90111481e+13  3.90109462e+13  1.01e+04       1s
  29   6.23e-06 9.30e-07   3.90111318e+13  3.90109997e+13  6.59e+03       1s
  30   2.78e-06 5.47e-07   3.90111152e+13  3.90110241e+13  4.54e+03       1s
  31   1.04e-06 2.70e-07   3.90110988e+13  3.90110452e+13  2.67e+03       1s
  32   5.96e-07 1.01e-07   3.90110900e+13  3.90110619e+13  1.40e+03       1s
  33   3.87e-07 4.00e-08   3.90110852e+13  3.90110683e+13  8.42e+02       1s
  34   9.14e-08 1.29e-08   3.90110775e+13  3.90110719e+13  2.77e+02       1s
  35   1.49e-07 6.05e-09   3.90110759e+13  3.90110729e+13  1.46e+02       1s
  36   1.49e-07 2.59e-09   3.90110748e+13  3.90110737e+13  5.54e+01       1s
  37   2.38e-07 3.78e-10   3.90110744e+13  3.90110742e+13  8.42e+00       1s
  38*  1.19e-07 8.73e-11   3.90110743e+13  3.90110743e+13  6.80e-01       1s
Summary
    Runtime:                                            0.60s
    Status interior point solve:                        optimal
    Status crossover:                                   not run
    objective value:                                    3.90110743e+13
    interior solution primal residual (abs/rel):        1.94e-07 / 1.16e-15
    interior solution dual residual (abs/rel):          1.75e-10 / 6.63e-16
    interior solution objective gap (abs/rel):          1.36e+04 / 3.50e-10
Ipx: IPM       optimal
Model   status      : Optimal
IPM       iterations: 38
Objective value     :  3.9280756302e+13
HiGHS run time      :          0.86
Presolving model
7955 rows, 30560 cols, 66877 nonzeros
7610 rows, 13355 cols, 30342 nonzeros
7486 rows, 11925 cols, 27498 nonzeros
Presolve : Reductions: rows 7486(-435279); columns 11925(-233660); elements 27498(-1107359)
Solving the presolved LP
IPX model has 7486 rows, 11925 columns and 27498 nonzeros
Input
    Number of variables:                                11925
    Number of free variables:                           0
    Number of constraints:                              7486
    Number of equality constraints:                     3052
    Number of matrix entries:                           27498
    Matrix range:                                       [1e-02, 1e+00]
    RHS range:                                          [2e+05, 1e+08]
    Objective range:                                    [2e-04, 3e+05]
    Bounds range:                                       [1e+05, 2e+08]
Preprocessing
    Dualized model:                                     no
    Number of dense columns:                            0
    Range of scaling factors:                           [1.00e+00, 2.00e+00]
IPX version 1.0
Interior Point Solve
 Iter     P.res    D.res            P.obj           D.obj        mu     Time
   0   2.07e+07 1.19e+05   3.37632278e+12 -2.13639151e+16  3.33e+12       0s
   1   4.29e+06 7.45e+04   8.45644380e+14 -1.47608350e+16  1.64e+12       0s
   2   1.74e+06 2.95e+04   1.05532665e+15 -7.85277355e+15  8.77e+11       0s
   3   6.64e+05 3.93e+03   6.84691527e+14 -1.18116466e+15  1.72e+11       0s
   4   1.20e+05 7.07e+02   1.49092069e+14 -2.85015131e+14  3.33e+10       0s
   5   2.76e+04 2.92e+02   4.20937800e+13 -1.41719910e+14  1.28e+10       0s
 Constructing starting basis...
   6   2.76e-02 8.22e+01   3.16426149e+13 -5.89195692e+13  6.52e+09       0s
   7   4.36e-03 2.93e+01   1.00880681e+13 -2.28618666e+13  2.44e+09       0s
   8   8.04e-04 2.02e+00   3.34627928e+12 -3.48500619e+12  4.03e+08       0s
   9   1.35e-04 5.52e-01   6.91060831e+11 -9.78175130e+11  9.94e+07       0s
  10   1.93e-05 6.70e-02   1.53145439e+11 -1.43110838e+11  1.68e+07       0s
  11   6.65e-06 2.64e-02   7.14597855e+10 -6.29565068e+10  7.60e+06       0s
  12   3.46e-06 7.74e-03   4.68193842e+10 -2.25588554e+10  3.75e+06       0s
  13   1.79e-06 5.11e-03   3.29420051e+10 -1.58053847e+10  2.66e+06       0s
  14   1.13e-06 7.44e-04   2.46314791e+10 -1.47967560e+09  1.33e+06       0s
  15   4.77e-07 1.67e-04   1.56416113e+10  1.51551171e+07  7.88e+05       0s
  16   2.98e-07 4.70e-05   1.06875342e+10  2.26873861e+09  4.21e+05       0s
  17   1.79e-07 9.06e-06   5.53864055e+09  3.05194672e+09  1.24e+05       0s
  18   1.49e-07 3.98e-06   4.07497607e+09  3.27733860e+09  3.98e+04       0s
  19   1.19e-07 1.14e-06   3.78987894e+09  3.41673722e+09  1.86e+04       0s
  20   2.68e-07 3.75e-07   3.61546751e+09  3.48716866e+09  6.40e+03       0s
  21   1.19e-07 1.40e-07   3.57472003e+09  3.51167212e+09  3.14e+03       0s
  22   1.49e-07 3.72e-08   3.54974262e+09  3.52714993e+09  1.13e+03       0s
  23   1.19e-07 1.27e-08   3.53948125e+09  3.53114902e+09  4.16e+02       0s
  24   8.94e-08 3.03e-09   3.53563968e+09  3.53322668e+09  1.20e+02       0s
  25   1.79e-07 7.57e-10   3.53453951e+09  3.53388937e+09  3.24e+01       0s
  26   2.09e-07 1.75e-10   3.53419699e+09  3.53410408e+09  4.63e+00       0s
  27   2.09e-07 5.82e-11   3.53416586e+09  3.53415389e+09  5.97e-01       0s
  28   2.68e-07 8.73e-11   3.53416181e+09  3.53415958e+09  1.11e-01       0s
  29   1.19e-07 5.82e-11   3.53416062e+09  3.53416022e+09  1.99e-02       0s
  30   8.94e-08 5.82e-11   3.53416037e+09  3.53416027e+09  4.92e-03       0s
  31   1.49e-07 5.82e-11   3.53416030e+09  3.53416028e+09  9.45e-04       0s
  32*  5.96e-07 5.82e-11   3.53416029e+09  3.53416029e+09  5.65e-05       0s
Summary
    Runtime:                                            0.46s
    Status interior point solve:                        optimal
    Status crossover:                                   not run
    objective value:                                    3.53416029e+09
    interior solution primal residual (abs/rel):        1.25e-06 / 7.49e-15
    interior solution dual residual (abs/rel):          1.42e-10 / 5.39e-16
    interior solution objective gap (abs/rel):          1.14e+00 / 3.23e-10
Ipx: IPM       optimal
Model   status      : Optimal
IPM       iterations: 32
Objective value     :  3.5428612987e+09
HiGHS run time      :          0.72
Presolving model
7955 rows, 30560 cols, 66877 nonzeros
7610 rows, 13355 cols, 30342 nonzeros
7486 rows, 11925 cols, 27498 nonzeros
Presolve : Reductions: rows 7486(-435279); columns 11925(-233660); elements 27498(-1107359)
Solving the presolved LP
IPX model has 7486 rows, 11925 columns and 27498 nonzeros
Input
    Number of variables:                                11925
    Number of free variables:                           0
    Number of constraints:                              7486
    Number of equality constraints:                     3052
    Number of matrix entries:                           27498
    Matrix range:                                       [1e-02, 1e+00]
    RHS range:                                          [2e+05, 1e+08]
    Objective range:                                    [2e-04, 3e+05]
    Bounds range:                                       [1e+05, 2e+08]
Preprocessing
    Dualized model:                                     no
    Number of dense columns:                            0
    Range of scaling factors:                           [1.00e+00, 2.00e+00]
IPX version 1.0
Interior Point Solve
 Iter     P.res    D.res            P.obj           D.obj        mu     Time
   0   2.07e+07 1.22e+05   5.80285924e+12 -2.18548987e+16  3.41e+12       0s
   1   4.55e+06 7.65e+04   9.74032443e+14 -1.51249916e+16  1.70e+12       0s
   2   1.85e+06 3.03e+04   1.21802732e+15 -8.07394310e+15  9.10e+11       0s
   3   8.40e+05 4.07e+03   8.29282428e+14 -1.22565614e+15  1.94e+11       0s
   4   1.55e+05 7.18e+02   1.85652660e+14 -2.94584214e+14  3.76e+10       0s
   5   3.68e+04 3.12e+02   5.35614778e+13 -1.51689847e+14  1.43e+10       0s
 Constructing starting basis...
   6   3.68e-02 1.27e+02   4.26492617e+13 -8.24379313e+13  9.47e+09       0s
   7   9.00e-03 6.41e+01   1.83939549e+13 -4.13777364e+13  4.73e+09       0s
   8   1.64e-03 1.47e+01   8.48510001e+12 -1.64711634e+13  1.74e+09       0s
   9   2.18e-04 1.58e+00   1.58842293e+12 -1.87902120e+12  2.27e+08       0s
  10   4.52e-05 3.90e-01   6.38511062e+11 -6.52842104e+11  8.02e+07       0s
  11   3.58e-06 3.75e-02   8.57270502e+10 -7.43322197e+10  9.41e+06       0s
  12   1.01e-06 1.24e-02   3.50688584e+10 -2.56530089e+10  3.48e+06       0s
  13   3.58e-07 7.20e-03   2.02463332e+10 -1.50128925e+10  2.02e+06       0s
  14   2.68e-07 1.54e-03   1.83682011e+10 -4.13502377e+09  1.18e+06       0s
  15   2.09e-07 4.39e-04   8.60199922e+09  1.07330911e+09  3.85e+05       0s
  16   1.49e-07 8.37e-05   6.09163914e+09  2.57892328e+09  1.76e+05       0s
  17   1.79e-07 2.78e-05   4.30118396e+09  3.08631509e+09  6.08e+04       0s
  18   1.79e-07 1.42e-05   3.72486138e+09  3.25726670e+09  2.34e+04       0s
  19   1.79e-07 3.92e-06   3.55147706e+09  3.40716891e+09  7.20e+03       0s
  20   2.09e-07 1.56e-06   3.50265660e+09  3.44771007e+09  2.74e+03       0s
  21   1.79e-07 3.58e-07   3.49138700e+09  3.46824768e+09  1.15e+03       0s
  22   1.19e-07 1.03e-07   3.48337514e+09  3.47502182e+09  4.17e+02       0s
  23   2.98e-07 2.74e-08   3.47959712e+09  3.47728023e+09  1.16e+02       0s
  24   2.09e-07 4.98e-09   3.47866043e+09  3.47812996e+09  2.65e+01       0s
  25   1.79e-07 1.25e-09   3.47841277e+09  3.47833156e+09  4.05e+00       0s
  26   1.19e-07 2.91e-10   3.47839987e+09  3.47838360e+09  8.12e-01       0s
  27   7.45e-08 8.73e-11   3.47839741e+09  3.47839474e+09  1.33e-01       0s
  28   2.38e-07 5.82e-11   3.47839704e+09  3.47839675e+09  1.45e-02       0s
  29   2.68e-07 5.82e-11   3.47839694e+09  3.47839691e+09  1.53e-03       0s
  30   7.45e-07 5.82e-11   3.47839693e+09  3.47839692e+09  2.54e-04       0s
  31*  1.61e-06 5.82e-11   3.47839693e+09  3.47839693e+09  3.63e-05       0s
Summary
    Runtime:                                            0.45s
    Status interior point solve:                        optimal
    Status crossover:                                   not run
    objective value:                                    3.47839693e+09
    interior solution primal residual (abs/rel):        1.37e-06 / 8.20e-15
    interior solution dual residual (abs/rel):          1.37e-10 / 5.20e-16
    interior solution objective gap (abs/rel):          7.26e-01 / 2.09e-10
Ipx: IPM       optimal
Model   status      : Optimal
IPM       iterations: 31
Objective value     :  3.4870979390e+09
HiGHS run time      :          0.71
Presolving model
7955 rows, 30560 cols, 66877 nonzeros
7610 rows, 13355 cols, 30342 nonzeros
7486 rows, 11925 cols, 27498 nonzeros
Presolve : Reductions: rows 7486(-435279); columns 11925(-233660); elements 27498(-1107359)
Solving the presolved LP
IPX model has 7486 rows, 11925 columns and 27498 nonzeros
Input
    Number of variables:                                11925
    Number of free variables:                           0
    Number of constraints:                              7486
    Number of equality constraints:                     3052
    Number of matrix entries:                           27498
    Matrix range:                                       [1e-02, 1e+00]
    RHS range:                                          [2e+05, 1e+08]
    Objective range:                                    [2e-04, 3e+05]
    Bounds range:                                       [1e+05, 2e+08]
Preprocessing
    Dualized model:                                     no
    Number of dense columns:                            0
    Range of scaling factors:                           [1.00e+00, 2.00e+00]
IPX version 1.0
Interior Point Solve
 Iter     P.res    D.res            P.obj           D.obj        mu     Time
   0   2.07e+07 1.22e+05   5.80285924e+12 -2.18548987e+16  3.41e+12       0s
   1   4.55e+06 7.65e+04   9.74032443e+14 -1.51249916e+16  1.70e+12       0s
   2   1.85e+06 3.03e+04   1.21802732e+15 -8.07394310e+15  9.10e+11       0s
   3   8.40e+05 4.07e+03   8.29282428e+14 -1.22565614e+15  1.94e+11       0s
   4   1.55e+05 7.18e+02   1.85652660e+14 -2.94584214e+14  3.76e+10       0s
   5   3.68e+04 3.12e+02   5.35614778e+13 -1.51689847e+14  1.43e+10       0s
 Constructing starting basis...
   6   3.68e-02 1.27e+02   4.26492617e+13 -8.24379313e+13  9.47e+09       0s
   7   9.00e-03 6.41e+01   1.83939549e+13 -4.13777364e+13  4.73e+09       0s
   8   1.64e-03 1.47e+01   8.48510001e+12 -1.64711634e+13  1.74e+09       0s
   9   2.18e-04 1.58e+00   1.58842293e+12 -1.87902120e+12  2.27e+08       0s
  10   4.52e-05 3.90e-01   6.38511062e+11 -6.52842104e+11  8.02e+07       0s
  11   3.58e-06 3.75e-02   8.57270502e+10 -7.43322197e+10  9.41e+06       0s
  12   1.01e-06 1.24e-02   3.50688584e+10 -2.56530089e+10  3.48e+06       0s
  13   3.58e-07 7.20e-03   2.02463332e+10 -1.50128925e+10  2.02e+06       0s
  14   2.68e-07 1.54e-03   1.83682011e+10 -4.13502377e+09  1.18e+06       0s
  15   2.09e-07 4.39e-04   8.60199922e+09  1.07330911e+09  3.85e+05       0s
  16   1.49e-07 8.37e-05   6.09163914e+09  2.57892328e+09  1.76e+05       0s
  17   1.79e-07 2.78e-05   4.30118396e+09  3.08631509e+09  6.08e+04       0s
  18   1.79e-07 1.42e-05   3.72486138e+09  3.25726670e+09  2.34e+04       0s
  19   1.79e-07 3.92e-06   3.55147706e+09  3.40716891e+09  7.20e+03       0s
  20   2.09e-07 1.56e-06   3.50265660e+09  3.44771007e+09  2.74e+03       0s
  21   1.79e-07 3.58e-07   3.49138700e+09  3.46824768e+09  1.15e+03       0s
  22   1.19e-07 1.03e-07   3.48337514e+09  3.47502182e+09  4.17e+02       0s
  23   2.98e-07 2.74e-08   3.47959712e+09  3.47728023e+09  1.16e+02       0s
  24   2.09e-07 4.98e-09   3.47866043e+09  3.47812996e+09  2.65e+01       0s
  25   1.79e-07 1.25e-09   3.47841277e+09  3.47833156e+09  4.05e+00       0s
  26   1.19e-07 2.91e-10   3.47839987e+09  3.47838360e+09  8.12e-01       0s
  27   7.45e-08 8.73e-11   3.47839741e+09  3.47839474e+09  1.33e-01       0s
  28   2.38e-07 5.82e-11   3.47839704e+09  3.47839675e+09  1.45e-02       0s
  29   2.68e-07 5.82e-11   3.47839694e+09  3.47839691e+09  1.53e-03       0s
  30   7.45e-07 5.82e-11   3.47839693e+09  3.47839692e+09  2.54e-04       0s
  31*  1.61e-06 5.82e-11   3.47839693e+09  3.47839693e+09  3.63e-05       0s
Summary
    Runtime:                                            0.44s
    Status interior point solve:                        optimal
    Status crossover:                                   not run
    objective value:                                    3.47839693e+09
    interior solution primal residual (abs/rel):        1.37e-06 / 8.20e-15
    interior solution dual residual (abs/rel):          1.37e-10 / 5.20e-16
    interior solution objective gap (abs/rel):          7.26e-01 / 2.09e-10
Ipx: IPM       optimal
Model   status      : Optimal
IPM       iterations: 31
Objective value     :  3.4870979390e+09
HiGHS run time      :          0.70
[ Info: Rolling step not specified in scenaio.yaml file; Setting it to 10 years
[ Info: Demand-pathway mapping not specified in scenaio.yaml file; SERA will not look for eligible pathways for different demand types.
[ Info: Production capacity constraints from the grid model not defined. SERA will not create these constraints
[ Info: Regional technology limits not specified in scenaio.yaml file; SERA will not create these constraints
STARTING DATA PRE-PROCESSING 
Processing Temporal Data
Processing Nodes
Processing Demand
Processing Existings
Processing Links
Processing Pathways
Creating Infrastructure options
  1.520859 seconds (11.13 M allocations: 1.175 GiB, 14.96% gc time, 4.97% compilation time)

OPTIMIZING FROM 2026 TO 2035 

STARTING OPTIMIZATION MODEL CREATION
CREATING VARIABLES AND EXPRESSIONS
  8.787021 seconds (49.48 M allocations: 3.051 GiB, 27.91% gc time, 52.29% compilation time)
POPULATING EXPRESSIONS
  5.401301 seconds (20.69 M allocations: 2.981 GiB, 5.14% gc time, 3.15% compilation time)
CREATING CONSTRAINTS
  3.576007 seconds (27.90 M allocations: 1.437 GiB, 12.30% gc time, 22.45% compilation time)
POPULATED CORE OPTIMIZATION MODEL, STARTING ITERATIONS
READING COST DATA FOR ITERATION 1
  6.149036 seconds (22.39 M allocations: 2.056 GiB, 4.45% gc time, 5.59% compilation time)
CREATING EXPRESSIONS FOR CAPITAL AND FIXED COST
  3.832830 seconds (23.15 M allocations: 1.442 GiB, 38.38% gc time, 29.05% compilation time)
BUILDING OBJECTIVE FUNCTION
  1.828104 seconds (9.06 M allocations: 363.697 MiB, 57.94% compilation time)
Optimizing for iteration 1
  4.549380 seconds (8.98 M allocations: 854.539 MiB, 8.30% gc time, 0.51% compilation time)
OPTIMAL
4.405693473237066e9
ϵ =  1.0
READING COST DATA FOR ITERATION 2
  5.707591 seconds (20.37 M allocations: 1.986 GiB, 3.62% gc time, 0.54% compilation time)
CREATING EXPRESSIONS FOR CAPITAL AND FIXED COST
  1.998008 seconds (21.78 M allocations: 1.353 GiB, 36.54% gc time, 0.22% compilation time)
BUILDING OBJECTIVE FUNCTION
  0.808087 seconds (7.72 M allocations: 279.598 MiB)
Optimizing for iteration 2
  2.215662 seconds (2 allocations: 32 bytes)
OPTIMAL
4.807550504392032e9
ϵ =  0.08358872793701021
READING COST DATA FOR ITERATION 3
  5.863480 seconds (20.31 M allocations: 1.979 GiB, 6.71% gc time)
CREATING EXPRESSIONS FOR CAPITAL AND FIXED COST
  1.656334 seconds (21.78 M allocations: 1.353 GiB, 21.27% gc time)
BUILDING OBJECTIVE FUNCTION
  1.331895 seconds (7.72 M allocations: 279.598 MiB, 40.05% gc time)
Optimizing for iteration 3
  2.206437 seconds (2 allocations: 32 bytes)
OPTIMAL
4.094093856014435e9
ϵ =  0.17426484918744106
READING COST DATA FOR ITERATION 4
  6.819322 seconds (20.30 M allocations: 2.006 GiB, 19.75% gc time)
CREATING EXPRESSIONS FOR CAPITAL AND FIXED COST
  1.855868 seconds (21.78 M allocations: 1.353 GiB, 32.64% gc time)
BUILDING OBJECTIVE FUNCTION
  2.012867 seconds (7.72 M allocations: 279.598 MiB, 61.04% gc time)
Optimizing for iteration 4
  2.156555 seconds (2 allocations: 32 bytes)
OPTIMAL
4.0677900527054963e9
ϵ =  0.006466362070841575
READING COST DATA FOR ITERATION 5
  5.764605 seconds (20.30 M allocations: 2.004 GiB, 5.57% gc time)
CREATING EXPRESSIONS FOR CAPITAL AND FIXED COST
  2.055000 seconds (21.78 M allocations: 1.353 GiB, 38.19% gc time)
BUILDING OBJECTIVE FUNCTION
  0.791010 seconds (7.72 M allocations: 279.598 MiB)
Optimizing for iteration 5
  2.170561 seconds (2 allocations: 32 bytes)
OPTIMAL
4.0571727199390197e9
ϵ =  0.0026169289550556844
READING COST DATA FOR ITERATION 6
  5.959892 seconds (20.30 M allocations: 1.978 GiB, 8.17% gc time)
CREATING EXPRESSIONS FOR CAPITAL AND FIXED COST
  1.757011 seconds (21.78 M allocations: 1.353 GiB, 24.67% gc time)
BUILDING OBJECTIVE FUNCTION
  0.763711 seconds (7.72 M allocations: 279.598 MiB)
Optimizing for iteration 6
  2.176428 seconds (2 allocations: 32 bytes)
OPTIMAL
4.0571727199390197e9
ϵ =  0.0
ITERATIONS COMPLETED
WRITING RESULTS TO FILE
  1.020782 seconds (5.91 M allocations: 285.266 MiB, 58.85% compilation time)

OPTIMIZING FROM 2036 TO 2040 

STARTING OPTIMIZATION MODEL CREATION
CREATING VARIABLES AND EXPRESSIONS
  1.461964 seconds (21.15 M allocations: 1.289 GiB, 19.82% gc time, 13.32% compilation time)
POPULATING EXPRESSIONS
  1.622494 seconds (5.63 M allocations: 840.079 MiB, 16.69% gc time)
CREATING CONSTRAINTS
  1.338713 seconds (13.20 M allocations: 685.892 MiB, 14.01% gc time, 0.42% compilation time)
POPULATED CORE OPTIMIZATION MODEL, STARTING ITERATIONS
READING COST DATA FOR ITERATION 1
  2.922386 seconds (10.17 M allocations: 1018.116 MiB, 6.42% gc time)
CREATING EXPRESSIONS FOR CAPITAL AND FIXED COST
  0.323821 seconds (5.70 M allocations: 358.120 MiB)
BUILDING OBJECTIVE FUNCTION
  0.303736 seconds (3.62 M allocations: 129.743 MiB)
Optimizing for iteration 1
  2.161055 seconds (4.68 M allocations: 427.322 MiB, 11.44% gc time)
OPTIMAL
3.928075630224413e13
ϵ =  1.0
READING COST DATA FOR ITERATION 2
  2.983532 seconds (10.28 M allocations: 1017.395 MiB, 8.00% gc time)
CREATING EXPRESSIONS FOR CAPITAL AND FIXED COST
  0.335146 seconds (5.70 M allocations: 358.120 MiB)
BUILDING OBJECTIVE FUNCTION
  0.550103 seconds (3.62 M allocations: 134.634 MiB, 41.66% gc time)
Optimizing for iteration 2
  0.724065 seconds (2 allocations: 32 bytes)
OPTIMAL
3.5428612987204533e9
ϵ =  11086.29724091395
READING COST DATA FOR ITERATION 3
  2.985373 seconds (10.26 M allocations: 1017.055 MiB, 7.61% gc time)
CREATING EXPRESSIONS FOR CAPITAL AND FIXED COST
  0.349152 seconds (5.70 M allocations: 358.120 MiB)
BUILDING OBJECTIVE FUNCTION
  0.321895 seconds (3.62 M allocations: 134.634 MiB)
Optimizing for iteration 3
  0.714259 seconds (2 allocations: 32 bytes)
OPTIMAL
3.4870979389892907e9
ϵ =  0.015991337412027656
READING COST DATA FOR ITERATION 4
  3.002054 seconds (10.26 M allocations: 1017.055 MiB, 8.47% gc time)
CREATING EXPRESSIONS FOR CAPITAL AND FIXED COST
  0.643898 seconds (5.70 M allocations: 358.120 MiB, 46.53% gc time)
BUILDING OBJECTIVE FUNCTION
  0.321796 seconds (3.62 M allocations: 134.634 MiB)
Optimizing for iteration 4
  0.701674 seconds (2 allocations: 32 bytes)
OPTIMAL
3.4870979389892907e9
ϵ =  0.0
ITERATIONS COMPLETED
WRITING RESULTS TO FILE
  1.204017 seconds (5.59 M allocations: 296.464 MiB, 68.30% compilation time)

THE OPTIMIZATION PROBLEM TOOK 2.26 MINUTES TO SOLVE. 
