Running HiGHS 1.6.0: Copyright (c) 2023 HiGHS under MIT licence terms
Presolving model
863568 rows, 1838807 cols, 4714146 nonzeros
653160 rows, 1218813 cols, 3470805 nonzeros
645068 rows, 723921 cols, 2477172 nonzeros
643534 rows, 721949 cols, 2473295 nonzeros
Presolve : Reductions: rows 643534(-7202953); columns 721949(-4518513); elements 2473295(-29646314)
Solving the presolved LP
IPX model has 643534 rows, 721949 columns and 2473295 nonzeros
Input
    Number of variables:                                721949
    Number of free variables:                           0
    Number of constraints:                              643534
    Number of equality constraints:                     40406
    Number of matrix entries:                           2473295
    Matrix range:                                       [1e-02, 1e+00]
    RHS range:                                          [2e+05, 1e+08]
    Objective range:                                    [2e-04, 9e+01]
    Bounds range:                                       [7e+05, 1e+08]
Preprocessing
    Dualized model:                                     no
    Number of dense columns:                            0
    Range of scaling factors:                           [1.00e+00, 2.00e+00]
IPX version 1.0
Interior Point Solve
 Iter     P.res    D.res            P.obj           D.obj        mu     Time
   0   1.67e+07 5.93e+01   6.24119273e+09 -1.50381663e+14  1.09e+09       0s
   1   5.37e+06 4.26e+01   4.00755977e+12 -1.16363486e+14  8.27e+08       1s
   2   2.90e+06 3.73e+01   6.80496207e+12 -1.08748287e+14  9.49e+08       3s
   3   1.39e+06 5.85e+00   6.85685521e+12 -1.93482028e+13  1.62e+08       5s
   4   2.29e+05 8.23e-01   5.52458430e+12 -4.11309912e+12  2.76e+07       9s
 Constructing starting basis...
   5   7.39e+04 2.31e-01   3.67241689e+12 -1.50914436e+12  9.55e+06      25s
   6   1.51e+04 7.40e-02   1.73403731e+12 -5.63041107e+11  3.18e+06      35s
   7   4.75e+03 1.89e-02   1.03735012e+12 -2.02610203e+11  1.22e+06      45s
   8   1.64e+03 6.97e-03   5.06977762e+11 -8.31052352e+10  5.02e+05      54s
   9   6.86e+02 2.83e-03   2.75412296e+11 -3.73262429e+10  2.44e+05      63s
  10   2.65e+02 1.05e-03   1.70798108e+11 -1.79054314e+10  1.40e+05      73s
  11   1.19e+02 3.33e-04   1.05785329e+11 -5.86261882e+09  8.09e+04      82s
  12   8.56e+01 1.77e-04   8.75393013e+10 -2.45440850e+09  6.48e+04      92s
  13   5.81e+01 7.98e-05   6.82113194e+10  4.53219843e+08  4.86e+04     102s
  14   4.27e+01 5.48e-05   5.46913388e+10  1.50894866e+09  3.81e+04     112s
  15   2.77e+01 2.93e-05   4.68699398e+10  1.86649141e+09  3.22e+04     123s
  16   1.44e+01 1.35e-05   3.09443923e+10  3.11605560e+09  1.99e+04     132s
  17   9.49e+00 6.54e-06   2.52410686e+10  3.63220726e+09  1.54e+04     146s
  18   8.06e+00 2.59e-06   2.34739970e+10  3.96990412e+09  1.39e+04     159s
  19   7.58e+00 2.19e-06   2.25629683e+10  4.08630510e+09  1.32e+04     173s
  20   5.22e+00 1.24e-06   1.78710622e+10  4.38616743e+09  9.63e+03     185s
  21   3.21e+00 4.88e-07   1.42211829e+10  4.57540010e+09  6.89e+03     198s
  22   1.88e+00 3.10e-07   1.06628063e+10  4.72506425e+09  4.24e+03     214s
  23   1.51e+00 2.19e-07   9.93733415e+09  4.77053372e+09  3.69e+03     232s
  24   7.28e-01 1.19e-07   7.99517020e+09  4.85434197e+09  2.24e+03     247s
  25   5.83e-01 6.98e-08   7.51846586e+09  4.92164768e+09  1.85e+03     269s
  26   4.56e-01 5.04e-08   7.05366033e+09  4.95445219e+09  1.50e+03     293s
  27   3.08e-01 2.04e-08   6.64623631e+09  4.98142106e+09  1.19e+03     313s
  28   1.69e-01 1.14e-08   6.11219896e+09  5.00523474e+09  7.90e+02     335s
  29   1.22e-01 3.83e-09   5.96936726e+09  5.01671394e+09  6.80e+02     356s
  30   9.40e-02 3.03e-09   5.78154454e+09  5.02777152e+09  5.38e+02     373s
  31   7.80e-02 2.20e-09   5.73155939e+09  5.02951966e+09  5.01e+02     389s
  32   5.21e-02 1.38e-09   5.56257156e+09  5.04152529e+09  3.72e+02     402s
  33   2.90e-02 8.03e-10   5.41558683e+09  5.04978435e+09  2.61e+02     417s
  34   1.88e-02 2.90e-10   5.35179686e+09  5.05691622e+09  2.10e+02     431s
  35   1.49e-02 2.48e-10   5.30421499e+09  5.05917232e+09  1.75e+02     444s
  36   1.05e-02 1.70e-10   5.24583708e+09  5.06392248e+09  1.30e+02     455s
  37   8.01e-03 1.08e-10   5.23180626e+09  5.06465573e+09  1.19e+02     467s
  38   5.08e-03 6.58e-11   5.18300884e+09  5.06871252e+09  8.16e+01     476s
  39   2.87e-03 4.10e-11   5.15571605e+09  5.07026010e+09  6.10e+01     486s
  40   1.97e-03 2.62e-11   5.13607696e+09  5.07215827e+09  4.56e+01     495s
  41   1.60e-03 2.02e-11   5.12687762e+09  5.07306977e+09  3.84e+01     504s
  42   1.04e-03 1.29e-11   5.11555466e+09  5.07391630e+09  2.97e+01     513s
  43   7.93e-04 8.74e-12   5.11188449e+09  5.07421334e+09  2.69e+01     522s
  44   4.10e-04 5.37e-12   5.09675037e+09  5.07520087e+09  1.54e+01     530s
  45   2.23e-04 3.04e-12   5.09086242e+09  5.07573796e+09  1.08e+01     539s
  46   1.09e-04 1.39e-12   5.08585446e+09  5.07627003e+09  6.84e+00     547s
  47   2.92e-05 9.09e-13   5.08229372e+09  5.07642621e+09  4.19e+00     556s
  48   1.25e-05 4.55e-13   5.07976466e+09  5.07672760e+09  2.17e+00     564s
  49   3.81e-06 2.13e-13   5.07827105e+09  5.07689723e+09  9.81e-01     573s
  50   2.68e-07 7.11e-14   5.07724726e+09  5.07704759e+09  1.43e-01     581s
  51   9.21e-08 5.68e-14   5.07709250e+09  5.07707049e+09  1.57e-02     590s
  52   1.67e-07 4.26e-14   5.07707741e+09  5.07707575e+09  1.18e-03     598s
  53   1.36e-07 4.26e-14   5.07707710e+09  5.07707680e+09  2.11e-04     608s
  54   1.61e-07 4.26e-14   5.07707707e+09  5.07707702e+09  3.68e-05     617s
  55   1.75e-07 4.26e-14   5.07707707e+09  5.07707706e+09  5.21e-06     626s
  56*  8.98e-08 4.26e-14   5.07707707e+09  5.07707707e+09  3.12e-07     634s
Summary
    Runtime:                                            634.38s
    Status interior point solve:                        optimal
    Status crossover:                                   not run
    objective value:                                    5.07707707e+09
    interior solution primal residual (abs/rel):        3.28e-07 / 2.25e-15
    interior solution dual residual (abs/rel):          8.65e-11 / 9.84e-13
    interior solution objective gap (abs/rel):          4.31e-01 / 8.48e-11
Ipx: IPM       optimal
Model   status      : Optimal
IPM       iterations: 56
Objective value     :  5.0770770688e+09
HiGHS run time      :        643.74
Presolving model
863568 rows, 1838807 cols, 4714146 nonzeros
653160 rows, 1218813 cols, 3470805 nonzeros
645068 rows, 723921 cols, 2477172 nonzeros
643534 rows, 721949 cols, 2473295 nonzeros
Presolve : Reductions: rows 643534(-7225498); columns 721949(-4518513); elements 2473295(-29668859)
Solving the presolved LP
IPX model has 643534 rows, 721949 columns and 2473295 nonzeros
Input
    Number of variables:                                721949
    Number of free variables:                           0
    Number of constraints:                              643534
    Number of equality constraints:                     40406
    Number of matrix entries:                           2473295
    Matrix range:                                       [1e-02, 1e+00]
    RHS range:                                          [2e+05, 1e+08]
    Objective range:                                    [2e-04, 1e+07]
    Bounds range:                                       [7e+05, 1e+08]
Preprocessing
    Dualized model:                                     no
    Number of dense columns:                            0
    Range of scaling factors:                           [1.00e+00, 2.00e+00]
IPX version 1.0
Interior Point Solve
 Iter     P.res    D.res            P.obj           D.obj        mu     Time
   0   1.67e+07 2.81e+06   2.29937544e+14 -7.13899168e+18  5.22e+13       0s
   1   5.35e+06 2.05e+06   5.28521500e+17 -5.58167288e+18  4.00e+13       1s
   2   2.89e+06 1.78e+06   8.64037534e+17 -5.20565941e+18  4.54e+13       3s
   3   1.46e+06 2.88e+05   8.58836157e+17 -9.60592649e+17  8.25e+12       5s
   4   2.81e+05 5.96e+04   6.45890046e+17 -2.74261397e+17  2.03e+12       9s
 Constructing starting basis...
   5   2.99e+04 1.47e+04   3.46856375e+17 -9.71947307e+16  6.19e+11      24s
   6   8.92e+03 5.81e+03   1.92808436e+17 -4.60716582e+16  2.65e+11      33s
   7   2.39e+03 2.35e+03   1.04438555e+17 -2.35062612e+16  1.21e+11      42s
   8   1.07e+03 9.43e+02   6.11064529e+16 -1.09079854e+16  6.06e+10      53s
   9   5.81e+02 3.58e+02   3.83651611e+16 -4.81705296e+15  3.36e+10      65s
  10   4.05e+02 1.75e+02   2.94517803e+16 -2.80691530e+15  2.43e+10      75s
  11   2.10e+02 6.24e+01   1.61486764e+16 -1.08935687e+15  1.27e+10      83s
  12   1.02e+02 1.99e+01   8.81621660e+15 -5.01346471e+14  6.77e+09      92s
  13   4.55e+01 8.15e+00   6.10468292e+15 -4.35421099e+14  4.75e+09     102s
  14   3.38e+01 4.35e+00   4.95298978e+15 -3.08978176e+14  3.81e+09     112s
  15   2.02e+01 2.51e+00   3.23194733e+15 -2.07785501e+14  2.49e+09     122s
  16   1.31e+01 1.56e+00   2.18862676e+15 -1.42143034e+14  1.68e+09     130s
  17   3.65e+00 8.55e-01   6.87669466e+14 -8.42783196e+13  5.62e+08     138s
  18   1.30e+00 3.97e-01   3.53591807e+14 -4.69562171e+13  2.92e+08     145s
  19   3.21e-01 1.64e-01   9.83108369e+13 -1.97878879e+13  8.64e+07     152s
  20   6.69e-02 7.54e-02   3.08818543e+13 -9.64385642e+12  2.99e+07     159s
  21   2.87e-02 1.93e-02   1.60423344e+13 -2.69079851e+12  1.36e+07     167s
  22   1.25e-02 5.29e-03   8.94521638e+12 -9.17453847e+11  7.09e+06     175s
  23   7.11e-03 2.30e-03   5.98014289e+12 -4.78300023e+11  4.63e+06     183s
  24   4.38e-03 1.34e-03   4.50968249e+12 -3.41477908e+11  3.47e+06     190s
  25   3.29e-03 9.47e-04   3.85218252e+12 -2.79763353e+11  2.96e+06     197s
  26   1.49e-03 2.62e-04   2.73493782e+12 -1.68020458e+11  2.07e+06     204s
  27   8.99e-04 9.68e-05   1.99489562e+12 -9.21100204e+10  1.49e+06     212s
  28   6.32e-04 5.10e-05   1.50053409e+12 -5.26544084e+10  1.11e+06     219s
  29   4.60e-04 2.30e-05   1.27477480e+12 -4.29461062e+10  9.41e+05     227s
  30   2.79e-04 1.04e-05   8.51225553e+11 -1.87935966e+10  6.21e+05     234s
  31   2.06e-04 4.92e-06   7.28555141e+11 -1.55855678e+10  5.31e+05     242s
  32   1.32e-04 2.31e-06   5.33471895e+11 -6.32805891e+09  3.85e+05     249s
  33   6.37e-05 1.05e-06   3.80262363e+11 -3.77594435e+09  2.74e+05     256s
  34   2.86e-05 4.94e-07   2.01829666e+11  4.22616757e+09  1.41e+05     263s
  35   8.82e-06 1.86e-07   1.21256382e+11  7.46541125e+09  8.12e+04     270s
  36   4.59e-06 1.29e-07   8.90662851e+10  8.76783075e+09  5.73e+04     277s
  37   1.76e-06 6.15e-08   5.15409343e+10  1.12246596e+10  2.88e+04     284s
  38   6.85e-07 2.24e-08   3.82270985e+10  1.26447311e+10  1.83e+04     291s
  39   3.28e-07 1.02e-08   2.80922738e+10  1.34776509e+10  1.04e+04     298s
  40   2.98e-07 6.52e-09   2.02022870e+10  1.38556111e+10  4.53e+03     304s
  41   2.24e-07 4.66e-09   1.74372054e+10  1.40289364e+10  2.43e+03     311s
  42   1.52e-07 3.73e-09   1.57285678e+10  1.41639617e+10  1.12e+03     317s
  43   1.79e-07 3.73e-09   1.51054397e+10  1.42722762e+10  5.95e+02     323s
  44   1.20e-07 3.73e-09   1.47232380e+10  1.43240615e+10  2.85e+02     329s
  45   1.49e-07 1.86e-09   1.45007558e+10  1.43444199e+10  1.12e+02     334s
  46   2.38e-07 3.73e-09   1.44062103e+10  1.43560825e+10  3.58e+01     340s
  47   1.86e-07 3.73e-09   1.43753648e+10  1.43599599e+10  1.10e+01     345s
  48   1.17e-07 3.73e-09   1.43630277e+10  1.43609763e+10  1.46e+00     350s
  49   6.71e-08 3.73e-09   1.43613198e+10  1.43611839e+10  9.71e-02     355s
  50   1.64e-07 3.73e-09   1.43612270e+10  1.43612107e+10  1.16e-02     360s
  51   1.96e-07 3.73e-09   1.43612144e+10  1.43612132e+10  8.47e-04     365s
  52   7.90e-07 2.79e-09   1.43612137e+10  1.43612136e+10  9.58e-05     370s
  53   1.70e-06 1.86e-09   1.43612136e+10  1.43612136e+10  1.14e-05     375s
  54*  5.96e-07 1.86e-09   1.43612136e+10  1.43612136e+10  1.44e-06     380s
Summary
    Runtime:                                            379.75s
    Status interior point solve:                        optimal
    Status crossover:                                   not run
    objective value:                                    1.43612136e+10
    interior solution primal residual (abs/rel):        8.79e-07 / 6.02e-15
    interior solution dual residual (abs/rel):          1.86e-09 / 1.92e-16
    interior solution objective gap (abs/rel):          1.48e+00 / 1.03e-10
Ipx: IPM       optimal
Model   status      : Optimal
IPM       iterations: 54
Objective value     :  1.4361213607e+10
HiGHS run time      :        388.51
Presolving model
863568 rows, 1838807 cols, 4714146 nonzeros
653160 rows, 1218813 cols, 3470805 nonzeros
645068 rows, 723921 cols, 2477172 nonzeros
643534 rows, 721949 cols, 2473295 nonzeros
Presolve : Reductions: rows 643534(-7248043); columns 721949(-4518513); elements 2473295(-29691404)
Solving the presolved LP
IPX model has 643534 rows, 721949 columns and 2473295 nonzeros
Input
    Number of variables:                                721949
    Number of free variables:                           0
    Number of constraints:                              643534
    Number of equality constraints:                     40406
    Number of matrix entries:                           2473295
    Matrix range:                                       [1e-02, 1e+00]
    RHS range:                                          [2e+05, 1e+08]
    Objective range:                                    [2e-04, 1e+07]
    Bounds range:                                       [7e+05, 1e+08]
Preprocessing
    Dualized model:                                     no
    Number of dense columns:                            0
    Range of scaling factors:                           [1.00e+00, 2.00e+00]
IPX version 1.0
Interior Point Solve
 Iter     P.res    D.res            P.obj           D.obj        mu     Time
   0   1.67e+07 2.81e+06   2.40230905e+14 -7.13166594e+18  5.22e+13       0s
   1   5.32e+06 2.04e+06   5.37133405e+17 -5.57572640e+18  3.99e+13       1s
   2   2.88e+06 1.78e+06   8.75455928e+17 -5.19742285e+18  4.53e+13       3s
   3   1.45e+06 2.86e+05   8.70605835e+17 -9.53567468e+17  8.18e+12       5s
   4   2.85e+05 5.98e+04   6.55751393e+17 -2.72987930e+17  2.04e+12       9s
 Constructing starting basis...
   5   3.18e+04 1.47e+04   3.55564230e+17 -9.60704046e+16  6.19e+11      24s
   6   6.72e+03 5.81e+03   1.78562320e+17 -4.56808475e+16  2.48e+11      33s
   7   1.42e+03 1.52e+03   9.72912284e+16 -1.83365819e+16  1.00e+11      41s
   8   4.06e+02 5.14e+02   4.31866428e+16 -7.58334946e+15  4.00e+10      53s
   9   1.31e+02 2.10e+02   2.00816300e+16 -3.58363797e+15  1.80e+10      63s
  10   3.86e+01 7.70e+01   8.44223719e+15 -1.47729943e+15  7.40e+09      73s
  11   1.72e+01 4.07e+01   4.78590625e+15 -8.40969309e+14  4.18e+09      83s
  12   8.21e+00 2.27e+01   3.77464656e+15 -5.76577257e+14  3.22e+09      94s
  13   4.20e+00 1.40e+01   2.31436938e+15 -3.74764484e+14  1.99e+09     103s
  14   1.86e+00 9.56e+00   1.25500115e+15 -2.62073270e+14  1.14e+09     111s
  15   6.41e-01 5.04e+00   5.62956873e+14 -1.42710146e+14  5.32e+08     119s
  16   2.47e-01 2.84e+00   2.76174195e+14 -8.31018950e+13  2.73e+08     126s
  17   1.69e-01 1.57e+00   2.12161318e+14 -4.81402037e+13  1.95e+08     134s
  18   5.00e-02 7.11e-01   9.29587763e+13 -2.34721931e+13  8.73e+07     141s
  19   1.55e-02 2.12e-01   4.32261582e+13 -7.95663058e+12  3.78e+07     149s
  20   5.17e-03 4.68e-02   1.88842804e+13 -2.07004858e+12  1.52e+07     157s
  21   2.47e-03 1.00e-02   1.04954752e+13 -5.78301915e+11  7.96e+06     165s
  22   1.13e-03 7.02e-03   6.35581850e+12 -4.58044927e+11  4.90e+06     172s
  23   7.19e-04 2.11e-03   4.52542616e+12 -1.89472423e+11  3.37e+06     179s
  24   4.34e-04 8.53e-04   3.13529692e+12 -1.09916593e+11  2.32e+06     186s
  25   2.32e-04 3.78e-04   1.91981495e+12 -6.23490473e+10  1.42e+06     193s
  26   7.64e-05 1.62e-04   9.72984980e+11 -3.95983983e+10  7.23e+05     200s
  27   1.60e-05 8.27e-05   4.93194982e+11 -2.68655934e+10  3.71e+05     208s
  28   7.03e-06 3.24e-05   3.45605008e+11 -1.35256948e+10  2.56e+05     215s
  29   2.15e-06 9.39e-06   1.72335645e+11 -1.32622167e+09  1.24e+05     222s
  30   7.15e-07 4.48e-06   9.27530046e+10  2.76329139e+09  6.42e+04     230s
  31   2.38e-07 1.83e-06   4.99162811e+10  5.86284369e+09  3.14e+04     237s
  32   1.49e-07 8.07e-07   3.39933764e+10  7.50141717e+09  1.89e+04     245s
  33   2.21e-07 4.52e-07   2.45704466e+10  8.16090151e+09  1.17e+04     252s
  34   2.38e-07 2.20e-07   1.63644563e+10  8.72284071e+09  5.45e+03     258s
  35   2.23e-07 8.75e-08   1.31970676e+10  9.00413904e+09  2.99e+03     265s
  36   1.56e-07 4.28e-08   1.09221769e+10  9.18986521e+09  1.24e+03     271s
  37   1.28e-07 2.05e-08   1.00403357e+10  9.29126620e+09  5.35e+02     278s
  38   2.24e-07 7.45e-09   9.70027004e+09  9.34049780e+09  2.57e+02     284s
  39   2.98e-07 5.59e-09   9.49608086e+09  9.36101918e+09  9.64e+01     289s
  40   2.09e-07 3.73e-09   9.41465358e+09  9.36594107e+09  3.48e+01     295s
  41   1.79e-07 3.73e-09   9.39409477e+09  9.36955316e+09  1.75e+01     301s
  42   1.94e-07 3.73e-09   9.37818671e+09  9.37191640e+09  4.48e+00     306s
  43   2.38e-07 3.73e-09   9.37303358e+09  9.37235111e+09  4.87e-01     311s
  44   1.49e-07 3.73e-09   9.37245334e+09  9.37241202e+09  2.95e-02     316s
  45   2.53e-07 2.79e-09   9.37242480e+09  9.37242111e+09  2.63e-03     322s
  46   3.09e-07 3.73e-09   9.37242253e+09  9.37242214e+09  2.77e-04     327s
  47   4.92e-07 1.86e-09   9.37242230e+09  9.37242226e+09  2.95e-05     332s
  48*  1.79e-07 1.86e-09   9.37242228e+09  9.37242228e+09  1.85e-06     337s
Summary
    Runtime:                                            337.40s
    Status interior point solve:                        optimal
    Status crossover:                                   not run
    objective value:                                    9.37242228e+09
    interior solution primal residual (abs/rel):        2.53e-07 / 1.74e-15
    interior solution dual residual (abs/rel):          9.31e-10 / 9.62e-17
    interior solution objective gap (abs/rel):          2.16e+00 / 2.30e-10
Ipx: IPM       optimal
Model   status      : Optimal
IPM       iterations: 48
Objective value     :  9.3724222772e+09
HiGHS run time      :        346.17
Presolving model
863568 rows, 1838807 cols, 4714146 nonzeros
653160 rows, 1218813 cols, 3470805 nonzeros
645068 rows, 723921 cols, 2477172 nonzeros
643534 rows, 721949 cols, 2473295 nonzeros
Presolve : Reductions: rows 643534(-7270588); columns 721949(-4518513); elements 2473295(-29713949)
Solving the presolved LP
IPX model has 643534 rows, 721949 columns and 2473295 nonzeros
Input
    Number of variables:                                721949
    Number of free variables:                           0
    Number of constraints:                              643534
    Number of equality constraints:                     40406
    Number of matrix entries:                           2473295
    Matrix range:                                       [1e-02, 1e+00]
    RHS range:                                          [2e+05, 1e+08]
    Objective range:                                    [2e-04, 1e+07]
    Bounds range:                                       [7e+05, 1e+08]
Preprocessing
    Dualized model:                                     no
    Number of dense columns:                            0
    Range of scaling factors:                           [1.00e+00, 2.00e+00]
IPX version 1.0
Interior Point Solve
 Iter     P.res    D.res            P.obj           D.obj        mu     Time
   0   1.67e+07 2.81e+06   2.41268343e+14 -7.13253294e+18  5.22e+13       0s
   1   5.31e+06 2.04e+06   5.37854839e+17 -5.57641527e+18  3.99e+13       1s
   2   2.88e+06 1.78e+06   8.75794653e+17 -5.19724655e+18  4.53e+13       3s
   3   1.45e+06 2.85e+05   8.70907611e+17 -9.52284834e+17  8.17e+12       5s
   4   2.84e+05 5.98e+04   6.55258553e+17 -2.72363419e+17  2.03e+12       9s
 Constructing starting basis...
   5   3.19e+04 1.47e+04   3.55811102e+17 -9.61437502e+16  6.20e+11      24s
   6   6.80e+03 5.82e+03   1.79261083e+17 -4.57088520e+16  2.49e+11      33s
   7   1.43e+03 1.60e+03   9.74165588e+16 -1.88531586e+16  1.01e+11      42s
   8   3.47e+02 5.46e+02   4.04149515e+16 -7.82928261e+15  3.83e+10      55s
   9   1.06e+02 2.32e+02   1.91888268e+16 -3.84255945e+15  1.76e+10      66s
  10   3.34e+01 9.21e+01   8.16836401e+15 -1.64675184e+15  7.38e+09      75s
  11   1.43e+01 4.78e+01   4.58559848e+15 -9.14488028e+14  4.11e+09      85s
  12   6.61e+00 2.79e+01   3.57097736e+15 -6.27739275e+14  3.13e+09      96s
  13   3.04e+00 1.69e+01   2.08902969e+15 -3.98628549e+14  1.86e+09     105s
  14   1.34e+00 1.15e+01   1.14683528e+15 -2.78235864e+14  1.08e+09     114s
  15   4.31e-01 6.00e+00   5.09508160e+14 -1.48933596e+14  5.01e+08     121s
  16   1.57e-01 3.17e+00   2.73860609e+14 -8.35282345e+13  2.72e+08     129s
  17   9.50e-02 1.85e+00   1.88953615e+14 -5.02870779e+13  1.81e+08     136s
  18   3.25e-02 7.78e-01   7.71866351e+13 -2.18370880e+13  7.48e+07     144s
  19   9.24e-03 2.49e-01   3.66739405e+13 -7.87896881e+12  3.31e+07     151s
  20   3.58e-03 5.63e-02   1.71420932e+13 -1.99345783e+12  1.39e+07     159s
  21   2.06e-03 1.73e-02   1.08044118e+13 -7.03953379e+11  8.29e+06     167s
  22   7.85e-04 7.69e-03   6.27820440e+12 -4.33515529e+11  4.83e+06     175s
  23   5.24e-04 2.75e-03   4.69146534e+12 -2.10575701e+11  3.51e+06     182s
  24   2.86e-04 1.68e-03   3.34094129e+12 -1.67600304e+11  2.51e+06     189s
  25   1.10e-04 8.09e-04   1.68623265e+12 -9.75009805e+10  1.28e+06     196s
  26   4.48e-05 3.65e-04   9.46541272e+11 -5.40306310e+10  7.15e+05     203s
  27   1.72e-05 2.04e-04   6.05018412e+11 -3.70976786e+10  4.59e+05     210s
  28   9.42e-06 7.73e-05   3.89022979e+11 -1.34909597e+10  2.87e+05     218s
  29   2.09e-06 2.11e-05   2.17980491e+11 -4.76568309e+09  1.59e+05     225s
  30   5.96e-07 7.60e-06   1.10922533e+11  1.45453880e+09  7.81e+04     233s
  31   1.66e-07 3.58e-06   5.45792185e+10  3.94299646e+09  3.61e+04     240s
  32   1.64e-07 1.83e-06   3.04269165e+10  5.89114848e+09  1.75e+04     248s
  33   2.53e-07 7.69e-07   1.76512638e+10  7.45278471e+09  7.28e+03     255s
  34   1.56e-07 5.22e-07   1.55927028e+10  7.78777666e+09  5.57e+03     262s
  35   1.04e-07 2.10e-07   1.08395861e+10  8.39218950e+09  1.75e+03     269s
  36   2.09e-07 8.20e-08   9.71794592e+09  8.64914989e+09  7.63e+02     276s
  37   7.31e-08 4.10e-08   9.33406632e+09  8.73174841e+09  4.30e+02     282s
  38   1.68e-07 1.86e-08   9.07168140e+09  8.78445394e+09  2.05e+02     288s
  39   2.00e-07 7.45e-09   8.90948838e+09  8.80840863e+09  7.21e+01     294s
  40   1.73e-07 4.66e-09   8.84990279e+09  8.81465855e+09  2.52e+01     300s
  41   9.69e-08 3.73e-09   8.83214546e+09  8.82136236e+09  7.70e+00     306s
  42   1.33e-07 3.73e-09   8.82551622e+09  8.82314500e+09  1.69e+00     311s
  43   1.46e-07 3.73e-09   8.82374325e+09  8.82355971e+09  1.31e-01     317s
  44   1.19e-07 3.73e-09   8.82361703e+09  8.82360058e+09  1.17e-02     322s
  45   1.79e-07 3.73e-09   8.82360712e+09  8.82360559e+09  1.09e-03     327s
  46   3.80e-07 3.73e-09   8.82360626e+09  8.82360614e+09  8.90e-05     332s
  47   8.49e-07 1.86e-09   8.82360620e+09  8.82360619e+09  7.95e-06     338s
  48*  8.20e-07 9.31e-10   8.82360619e+09  8.82360619e+09  6.61e-07     341s
Summary
    Runtime:                                            341.04s
    Status interior point solve:                        optimal
    Status crossover:                                   not run
    objective value:                                    8.82360619e+09
    interior solution primal residual (abs/rel):        3.35e-07 / 2.30e-15
    interior solution dual residual (abs/rel):          4.66e-10 / 4.81e-17
    interior solution objective gap (abs/rel):          6.46e-01 / 7.33e-11
Ipx: IPM       optimal
Model   status      : Optimal
IPM       iterations: 48
Objective value     :  8.8236061880e+09
HiGHS run time      :        349.86
Presolving model
863568 rows, 1838807 cols, 4714146 nonzeros
653160 rows, 1218813 cols, 3470805 nonzeros
645068 rows, 723921 cols, 2477172 nonzeros
643534 rows, 721949 cols, 2473295 nonzeros
Presolve : Reductions: rows 643534(-7293133); columns 721949(-4518513); elements 2473295(-29736494)
Solving the presolved LP
IPX model has 643534 rows, 721949 columns and 2473295 nonzeros
Input
    Number of variables:                                721949
    Number of free variables:                           0
    Number of constraints:                              643534
    Number of equality constraints:                     40406
    Number of matrix entries:                           2473295
    Matrix range:                                       [1e-02, 1e+00]
    RHS range:                                          [2e+05, 1e+08]
    Objective range:                                    [2e-04, 1e+07]
    Bounds range:                                       [7e+05, 1e+08]
Preprocessing
    Dualized model:                                     no
    Number of dense columns:                            0
    Range of scaling factors:                           [1.00e+00, 2.00e+00]
IPX version 1.0
Interior Point Solve
 Iter     P.res    D.res            P.obj           D.obj        mu     Time
   0   1.67e+07 2.81e+06   2.41568427e+14 -7.13253328e+18  5.22e+13       0s
   1   5.31e+06 2.04e+06   5.38154008e+17 -5.57640776e+18  3.99e+13       1s
   2   2.87e+06 1.78e+06   8.77324745e+17 -5.19676371e+18  4.53e+13       3s
   3   1.45e+06 2.85e+05   8.72114873e+17 -9.52093493e+17  8.18e+12       5s
   4   2.78e+05 5.98e+04   6.55097356e+17 -2.72515750e+17  2.03e+12       9s
 Constructing starting basis...
   5   3.11e+04 1.47e+04   3.56381933e+17 -9.62246799e+16  6.21e+11      25s
   6   6.70e+03 5.81e+03   1.79757082e+17 -4.56721294e+16  2.49e+11      33s
   7   1.44e+03 1.80e+03   9.79862166e+16 -2.01365079e+16  1.05e+11      43s
   8   3.96e+02 6.32e+02   4.36342308e+16 -8.47583535e+15  4.19e+10      56s
   9   1.35e+02 2.52e+02   2.12413356e+16 -3.90532870e+15  1.93e+10      68s
  10   3.58e+01 9.68e+01   8.31663706e+15 -1.65721949e+15  7.50e+09      79s
  11   1.36e+01 5.53e+01   4.35347637e+15 -1.00098351e+15  4.03e+09      90s
  12   7.15e+00 2.52e+01   3.58303657e+15 -5.75243508e+14  3.08e+09     103s
  13   2.92e+00 1.67e+01   1.84468600e+15 -3.93148277e+14  1.67e+09     115s
  14   1.12e+00 1.02e+01   9.91587081e+14 -2.47115327e+14  9.34e+08     124s
  15   3.18e-01 6.11e+00   3.84596693e+14 -1.50789989e+14  4.12e+08     132s
  16   1.22e-01 3.23e+00   2.59097911e+14 -8.59950477e+13  2.63e+08     140s
  17   6.61e-02 1.56e+00   1.75298299e+14 -4.43672976e+13  1.65e+08     148s
  18   2.53e-02 3.10e-01   8.50091982e+13 -1.03509109e+13  6.97e+07     156s
  19   1.16e-02 8.89e-02   4.93985598e+13 -3.86881006e+12  3.85e+07     164s
  20   3.05e-03 1.92e-02   1.66961546e+13 -1.07778385e+12  1.28e+07     173s
  21   1.16e-03 6.84e-03   8.61693317e+12 -5.30681913e+11  6.56e+06     181s
  22   5.09e-04 4.07e-03   4.40171948e+12 -3.39467875e+11  3.40e+06     189s
  23   3.01e-04 1.56e-03   3.46301322e+12 -2.06767939e+11  2.63e+06     196s
  24   9.55e-05 8.80e-04   2.36599990e+12 -1.63985548e+11  1.81e+06     205s
  25   7.87e-06 9.66e-05   9.71995063e+11 -5.75517420e+10  7.35e+05     213s
  26   3.34e-06 4.55e-05   6.80167619e+11 -3.81864886e+10  5.13e+05     221s
  27   1.67e-06 1.96e-05   4.22518898e+11 -1.73181749e+10  3.14e+05     230s
  28   5.96e-07 7.74e-06   2.54254190e+11 -7.71837456e+09  1.87e+05     238s
  29   2.38e-07 2.70e-06   1.24233081e+11  4.85827896e+08  8.83e+04     245s
  30   1.19e-07 1.16e-06   8.17341347e+10  3.72293890e+09  5.57e+04     252s
  31   1.04e-07 4.54e-07   4.23341190e+10  6.31239932e+09  2.57e+04     259s
  32   1.98e-07 1.40e-07   2.46459455e+10  7.62219785e+09  1.22e+04     267s
  33   1.56e-07 3.54e-08   1.62072575e+10  8.19669206e+09  5.72e+03     273s
  34   1.64e-07 1.58e-08   1.11257583e+10  8.46582317e+09  1.90e+03     280s
  35   9.09e-08 7.45e-09   9.96004799e+09  8.58100226e+09  9.84e+02     287s
  36   6.82e-08 5.59e-09   9.26468356e+09  8.62418134e+09  4.57e+02     293s
  37   7.45e-08 3.73e-09   8.94966431e+09  8.64958485e+09  2.14e+02     299s
  38   1.32e-07 3.73e-09   8.76682586e+09  8.66299265e+09  7.41e+01     304s
  39   1.81e-07 3.73e-09   8.70350452e+09  8.66643321e+09  2.65e+01     310s
  40   1.42e-07 3.73e-09   8.68065670e+09  8.67062635e+09  7.16e+00     316s
  41   2.13e-07 3.73e-09   8.67404957e+09  8.67205960e+09  1.42e+00     321s
  42   1.22e-07 3.73e-09   8.67252644e+09  8.67229835e+09  1.63e-01     326s
  43   1.47e-07 3.73e-09   8.67238446e+09  8.67235646e+09  2.00e-02     332s
  44   2.16e-07 3.73e-09   8.67237700e+09  8.67237252e+09  3.20e-03     337s
  45   1.87e-07 3.73e-09   8.67237445e+09  8.67237366e+09  5.67e-04     342s
  46   2.05e-07 3.73e-09   8.67237383e+09  8.67237372e+09  7.91e-05     347s
  47   7.97e-07 1.86e-09   8.67237376e+09  8.67237373e+09  2.42e-05     350s
  48*  1.08e-06 9.31e-10   8.67237374e+09  8.67237373e+09  5.97e-06     353s
Summary
    Runtime:                                            352.57s
    Status interior point solve:                        optimal
    Status crossover:                                   not run
    objective value:                                    8.67237374e+09
    interior solution primal residual (abs/rel):        9.69e-07 / 6.63e-15
    interior solution dual residual (abs/rel):          9.31e-10 / 9.62e-17
    interior solution objective gap (abs/rel):          7.38e+00 / 8.51e-10
Ipx: IPM       optimal
Model   status      : Optimal
IPM       iterations: 48
Objective value     :  8.6723737352e+09
HiGHS run time      :        361.65
Presolving model
863568 rows, 1838807 cols, 4714146 nonzeros
653160 rows, 1218813 cols, 3470805 nonzeros
645068 rows, 723921 cols, 2477172 nonzeros
643534 rows, 721949 cols, 2473295 nonzeros
Presolve : Reductions: rows 643534(-7315678); columns 721949(-4518513); elements 2473295(-29759039)
Solving the presolved LP
IPX model has 643534 rows, 721949 columns and 2473295 nonzeros
Input
    Number of variables:                                721949
    Number of free variables:                           0
    Number of constraints:                              643534
    Number of equality constraints:                     40406
    Number of matrix entries:                           2473295
    Matrix range:                                       [1e-02, 1e+00]
    RHS range:                                          [2e+05, 1e+08]
    Objective range:                                    [2e-04, 1e+07]
    Bounds range:                                       [7e+05, 1e+08]
Preprocessing
    Dualized model:                                     no
    Number of dense columns:                            0
    Range of scaling factors:                           [1.00e+00, 2.00e+00]
IPX version 1.0
Interior Point Solve
 Iter     P.res    D.res            P.obj           D.obj        mu     Time
   0   1.67e+07 2.81e+06   2.41595493e+14 -7.13253227e+18  5.22e+13       0s
   1   5.31e+06 2.04e+06   5.37888768e+17 -5.57641849e+18  3.99e+13       1s
   2   2.88e+06 1.78e+06   8.75906085e+17 -5.19732015e+18  4.53e+13       3s
   3   1.45e+06 2.85e+05   8.71027881e+17 -9.52365952e+17  8.17e+12       5s
   4   2.84e+05 5.98e+04   6.55300699e+17 -2.72389399e+17  2.03e+12       9s
 Constructing starting basis...
   5   3.15e+04 1.47e+04   3.55807468e+17 -9.62976950e+16  6.21e+11      25s
   6   6.46e+03 5.82e+03   1.77384264e+17 -4.56627994e+16  2.47e+11      33s
   7   1.36e+03 1.78e+03   9.75609962e+16 -2.00841816e+16  1.05e+11      42s
   8   3.64e+02 6.14e+02   4.23484478e+16 -8.28436891e+15  4.06e+10      54s
   9   1.20e+02 2.49e+02   2.04649845e+16 -3.89094839e+15  1.87e+10      67s
  10   3.41e+01 9.68e+01   8.26292150e+15 -1.65182510e+15  7.46e+09      77s
  11   1.29e+01 5.56e+01   4.28059138e+15 -9.99852924e+14  3.98e+09      89s
  12   6.76e+00 2.48e+01   3.57678949e+15 -5.70867543e+14  3.07e+09     101s
  13   3.43e+00 1.67e+01   2.12097597e+15 -3.94676731e+14  1.87e+09     112s
  14   1.36e+00 1.06e+01   1.05539175e+15 -2.55393182e+14  9.85e+08     119s
  15   4.19e-01 6.24e+00   4.41865529e+14 -1.52650104e+14  4.54e+08     127s
  16   1.46e-01 3.44e+00   2.69167960e+14 -9.00608655e+13  2.74e+08     136s
  17   6.53e-02 1.66e+00   1.66666555e+14 -4.65800593e+13  1.61e+08     144s
  18   1.56e-02 1.89e-01   8.54142951e+13 -8.97554904e+12  6.84e+07     152s
  19   7.41e-03 4.59e-02   5.09739517e+13 -3.16068858e+12  3.89e+07     160s
  20   1.84e-03 1.04e-02   1.60391063e+13 -9.30605775e+11  1.22e+07     167s
  21   5.46e-04 4.22e-03   7.37787515e+12 -5.12381616e+11  5.66e+06     176s
  22   2.66e-04 2.48e-03   4.06171820e+12 -3.21163821e+11  3.14e+06     184s
  23   1.79e-04 1.06e-03   3.26299681e+12 -1.90627254e+11  2.47e+06     192s
  24   9.87e-05 5.93e-04   2.65841700e+12 -1.55999991e+11  2.01e+06     200s
  25   4.60e-05 2.52e-04   1.49393657e+12 -7.85078777e+10  1.12e+06     207s
  26   1.26e-05 6.29e-05   8.09551364e+11 -3.89161081e+10  6.06e+05     214s
  27   7.87e-06 4.57e-05   6.06310899e+11 -3.07410873e+10  4.55e+05     222s
  28   1.43e-06 3.31e-05   4.17458533e+11 -2.63231043e+10  3.17e+05     229s
  29   3.58e-07 7.61e-06   1.92535405e+11 -5.75765769e+09  1.42e+05     236s
  30   1.94e-07 4.78e-06   1.21561839e+11 -2.50122839e+09  8.86e+04     243s
  31   1.06e-07 1.74e-06   6.35593374e+10  3.79350261e+09  4.27e+04     250s
  32   1.73e-07 9.57e-07   4.45981788e+10  5.01375221e+09  2.83e+04     257s
  33   1.31e-07 3.05e-07   2.55957736e+10  7.24139877e+09  1.31e+04     264s
  34   8.20e-08 7.26e-08   1.70665340e+10  8.04595033e+09  6.44e+03     270s
  35   2.63e-07 3.17e-08   1.12121083e+10  8.36275991e+09  2.03e+03     276s
  36   1.19e-07 1.30e-08   9.96864089e+09  8.52198552e+09  1.03e+03     283s
  37   8.94e-08 7.45e-09   9.30924250e+09  8.57185012e+09  5.26e+02     289s
  38   1.04e-07 4.66e-09   8.94457388e+09  8.60405233e+09  2.43e+02     294s
  39   1.51e-07 3.73e-09   8.75358989e+09  8.61862092e+09  9.63e+01     300s
  40   2.20e-07 3.73e-09   8.67889026e+09  8.62434690e+09  3.89e+01     305s
  41   1.27e-07 3.73e-09   8.64658691e+09  8.62923059e+09  1.24e+01     310s
  42   1.34e-07 3.73e-09   8.63375921e+09  8.63019509e+09  2.54e+00     316s
  43   1.23e-07 3.73e-09   8.63112814e+09  8.63062092e+09  3.62e-01     321s
  44   1.05e-07 3.73e-09   8.63081471e+09  8.63076573e+09  3.50e-02     326s
  45   2.32e-07 2.79e-09   8.63078711e+09  8.63077734e+09  6.98e-03     331s
  46   2.79e-07 3.73e-09   8.63078099e+09  8.63077961e+09  9.81e-04     336s
  47   2.53e-07 5.59e-09   8.63078018e+09  8.63077998e+09  1.39e-04     342s
  48   1.13e-06 1.86e-09   8.63078003e+09  8.63078002e+09  1.00e-05     346s
  49*  9.24e-07 1.86e-09   8.63078002e+09  8.63078002e+09  1.20e-06     350s
Summary
    Runtime:                                            349.73s
    Status interior point solve:                        optimal
    Status crossover:                                   not run
    objective value:                                    8.63078002e+09
    interior solution primal residual (abs/rel):        3.43e-07 / 2.35e-15
    interior solution dual residual (abs/rel):          9.31e-10 / 9.62e-17
    interior solution objective gap (abs/rel):          1.23e+00 / 1.42e-10
Ipx: IPM       optimal
Model   status      : Optimal
IPM       iterations: 49
Objective value     :  8.6307800191e+09
HiGHS run time      :        358.63
Presolving model
863568 rows, 1838807 cols, 4714146 nonzeros
653160 rows, 1218813 cols, 3470805 nonzeros
645068 rows, 723921 cols, 2477172 nonzeros
643534 rows, 721949 cols, 2473295 nonzeros
Presolve : Reductions: rows 643534(-7338223); columns 721949(-4518513); elements 2473295(-29781584)
Solving the presolved LP
IPX model has 643534 rows, 721949 columns and 2473295 nonzeros
Input
    Number of variables:                                721949
    Number of free variables:                           0
    Number of constraints:                              643534
    Number of equality constraints:                     40406
    Number of matrix entries:                           2473295
    Matrix range:                                       [1e-02, 1e+00]
    RHS range:                                          [2e+05, 1e+08]
    Objective range:                                    [2e-04, 1e+07]
    Bounds range:                                       [7e+05, 1e+08]
Preprocessing
    Dualized model:                                     no
    Number of dense columns:                            0
    Range of scaling factors:                           [1.00e+00, 2.00e+00]
IPX version 1.0
Interior Point Solve
 Iter     P.res    D.res            P.obj           D.obj        mu     Time
   0   1.67e+07 2.81e+06   2.41611025e+14 -7.13250407e+18  5.22e+13       0s
   1   5.31e+06 2.04e+06   5.37894181e+17 -5.57639701e+18  3.99e+13       1s
   2   2.88e+06 1.78e+06   8.75918335e+17 -5.19730400e+18  4.53e+13       3s
   3   1.45e+06 2.85e+05   8.71040687e+17 -9.52367668e+17  8.17e+12       5s
   4   2.84e+05 5.98e+04   6.55433133e+17 -2.72396516e+17  2.04e+12       9s
 Constructing starting basis...
   5   3.12e+04 1.47e+04   3.55475164e+17 -9.62403000e+16  6.20e+11      24s
   6   6.55e+03 5.81e+03   1.78507303e+17 -4.56992628e+16  2.48e+11      33s
   7   1.38e+03 1.87e+03   9.74793464e+16 -2.06182964e+16  1.06e+11      41s
   8   3.74e+02 6.53e+02   4.30880562e+16 -8.59383313e+15  4.17e+10      53s
   9   1.19e+02 2.61e+02   2.04110570e+16 -3.96626251e+15  1.87e+10      64s
  10   3.26e+01 9.94e+01   8.19735380e+15 -1.66642820e+15  7.43e+09      74s
  11   1.26e+01 5.72e+01   4.32629452e+15 -1.01045313e+15  4.03e+09      84s
  12   6.71e+00 2.59e+01   3.56794416e+15 -5.76256308e+14  3.07e+09      96s
  13   3.06e+00 1.72e+01   1.99109100e+15 -3.94748083e+14  1.78e+09     106s
  14   1.21e+00 1.08e+01   1.03201980e+15 -2.53644357e+14  9.68e+08     114s
  15   3.90e-01 6.42e+00   4.42215137e+14 -1.53447219e+14  4.56e+08     123s
  16   1.33e-01 3.53e+00   2.66298548e+14 -9.02581459e+13  2.72e+08     131s
  17   5.70e-02 1.65e+00   1.64965866e+14 -4.56468135e+13  1.59e+08     138s
  18   1.48e-02 2.08e-01   8.46019752e+13 -9.14001959e+12  6.81e+07     146s
  19   6.78e-03 4.86e-02   4.95701539e+13 -3.13776438e+12  3.79e+07     154s
  20   1.64e-03 1.14e-02   1.53401335e+13 -9.38036064e+11  1.17e+07     162s
  21   4.89e-04 4.80e-03   7.13630960e+12 -5.26267302e+11  5.50e+06     170s
  22   2.30e-04 2.41e-03   3.84174896e+12 -2.87261750e+11  2.96e+06     178s
  23   1.29e-04 1.25e-03   2.85916711e+12 -1.93970152e+11  2.18e+06     186s
  24   7.75e-05 7.39e-04   2.42588192e+12 -1.56569320e+11  1.85e+06     193s
  25   4.43e-05 3.84e-04   1.46626264e+12 -8.28052173e+10  1.11e+06     201s
  26   1.17e-05 8.03e-05   8.32720274e+11 -4.03062317e+10  6.23e+05     208s
  27   7.75e-06 6.01e-05   6.37621544e+11 -3.21212498e+10  4.78e+05     216s
  28   1.67e-06 4.77e-05   4.60828890e+11 -2.89918704e+10  3.50e+05     223s
  29   4.77e-07 1.41e-05   2.23376391e+11 -8.79780658e+09  1.66e+05     230s
  30   1.79e-07 6.59e-06   1.31392465e+11 -2.40776559e+09  9.55e+04     237s
  31   1.71e-07 2.43e-06   6.09178838e+10  3.45055984e+09  4.10e+04     244s
  32   1.27e-07 1.13e-06   3.69716370e+10  5.58188507e+09  2.24e+04     251s
  33   9.23e-08 3.77e-07   2.35540312e+10  7.35591311e+09  1.16e+04     258s
  34   1.04e-07 5.40e-08   1.58900726e+10  8.16856103e+09  5.51e+03     264s
  35   1.47e-07 1.86e-08   1.10632017e+10  8.45212943e+09  1.86e+03     270s
  36   1.02e-07 9.31e-09   1.00634727e+10  8.54254635e+09  1.09e+03     276s
  37   1.30e-07 5.59e-09   9.29044058e+09  8.58372202e+09  5.04e+02     282s
  38   1.09e-07 3.73e-09   8.92752403e+09  8.60918265e+09  2.27e+02     287s
  39   1.04e-07 3.73e-09   8.73940099e+09  8.62058761e+09  8.48e+01     292s
  40   2.38e-07 3.73e-09   8.65961160e+09  8.62588961e+09  2.41e+01     298s
  41   1.56e-07 3.73e-09   8.63853776e+09  8.62939059e+09  6.53e+00     303s
  42   9.71e-08 3.73e-09   8.63335887e+09  8.63060628e+09  1.96e+00     308s
  43   1.25e-07 3.73e-09   8.63165231e+09  8.63124689e+09  2.89e-01     313s
  44   1.13e-07 3.73e-09   8.63139780e+09  8.63136499e+09  2.34e-02     318s
  45   1.71e-07 3.73e-09   8.63137943e+09  8.63137602e+09  2.43e-03     323s
  46   2.25e-07 3.73e-09   8.63137816e+09  8.63137771e+09  3.23e-04     328s
  47   7.60e-07 1.86e-09   8.63137798e+09  8.63137793e+09  3.34e-05     333s
  48*  1.22e-06 1.86e-09   8.63137796e+09  8.63137795e+09  6.28e-06     338s
Summary
    Runtime:                                            337.66s
    Status interior point solve:                        optimal
    Status crossover:                                   not run
    objective value:                                    8.63137795e+09
    interior solution primal residual (abs/rel):        8.94e-07 / 6.12e-15
    interior solution dual residual (abs/rel):          9.31e-10 / 9.62e-17
    interior solution objective gap (abs/rel):          7.76e+00 / 8.99e-10
Ipx: IPM       optimal
Model   status      : Optimal
IPM       iterations: 48
Objective value     :  8.6313779542e+09
HiGHS run time      :        346.49
[ Info: Rolling step not specified in scenaio.yaml file; Setting it to 15 years
[ Info: Demand-pathway mapping not specified in scenaio.yaml file; SERA will not look for eligible pathways for different demand types.
[ Info: Production capacity constraints from the grid model not defined. SERA will not create these constraints
[ Info: Regional technology limits not specified in scenaio.yaml file; SERA will not create these constraints
STARTING DATA PRE-PROCESSING 
Processing Temporal Data
Processing Nodes
Processing Demand
Processing Existings
Processing Links
Processing Pathways
Creating Infrastructure options
 15.329571 seconds (99.59 M allocations: 11.636 GiB, 26.66% gc time, 0.57% compilation time)

OPTIMIZING FROM 2026 TO 2040 

STARTING OPTIMIZATION MODEL CREATION
CREATING VARIABLES AND EXPRESSIONS
186.950533 seconds (401.28 M allocations: 25.031 GiB, 85.89% gc time, 7.26% compilation time)
POPULATING EXPRESSIONS
 96.947416 seconds (440.01 M allocations: 69.404 GiB, 10.76% gc time, 0.19% compilation time)
CREATING CONSTRAINTS
191.238277 seconds (260.02 M allocations: 15.817 GiB, 85.39% gc time, 0.98% compilation time)
POPULATED CORE OPTIMIZATION MODEL, STARTING ITERATIONS
READING COST DATA FOR ITERATION 1
137.891049 seconds (182.61 M allocations: 17.383 GiB, 70.87% gc time, 0.36% compilation time)
CREATING EXPRESSIONS FOR CAPITAL AND FIXED COST
423.803982 seconds (266.65 M allocations: 17.146 GiB, 95.25% gc time, 0.40% compilation time)
BUILDING OBJECTIVE FUNCTION
 31.613922 seconds (65.38 M allocations: 2.014 GiB, 74.73% gc time, 2.79% compilation time)
Optimizing for iteration 1
892.703019 seconds (88.96 M allocations: 8.390 GiB, 25.22% gc time, 0.00% compilation time)
OPTIMAL
5.07707706884295e9
ϵ =  1.0
READING COST DATA FOR ITERATION 2
1200.531341 seconds (148.39 M allocations: 16.672 GiB, 25.76% gc time, 0.00% compilation time)
CREATING EXPRESSIONS FOR CAPITAL AND FIXED COST
600.960969 seconds (265.26 M allocations: 17.039 GiB, 96.96% gc time, 0.00% compilation time)
BUILDING OBJECTIVE FUNCTION
 32.099617 seconds (64.72 M allocations: 2.033 GiB, 77.47% gc time)
Optimizing for iteration 2
388.620745 seconds (5 allocations: 32 bytes)
OPTIMAL
1.436121360671077e10
ϵ =  0.64647297868541
READING COST DATA FOR ITERATION 3
1262.933596 seconds (147.84 M allocations: 16.631 GiB, 23.85% gc time)
CREATING EXPRESSIONS FOR CAPITAL AND FIXED COST
609.594111 seconds (265.26 M allocations: 17.039 GiB, 96.86% gc time)
BUILDING OBJECTIVE FUNCTION
 32.430965 seconds (64.72 M allocations: 2.033 GiB, 76.74% gc time)
Optimizing for iteration 3
346.246428 seconds (2 allocations: 32 bytes)
OPTIMAL
9.372422277230392e9
ϵ =  0.5322840971004148
READING COST DATA FOR ITERATION 4
1406.943861 seconds (147.79 M allocations: 16.692 GiB, 25.19% gc time)
CREATING EXPRESSIONS FOR CAPITAL AND FIXED COST
681.243906 seconds (265.26 M allocations: 17.039 GiB, 97.06% gc time)
BUILDING OBJECTIVE FUNCTION
 33.450359 seconds (64.72 M allocations: 2.033 GiB, 76.80% gc time)
Optimizing for iteration 4
349.944619 seconds (2 allocations: 32 bytes)
OPTIMAL
8.823606188026756e9
ϵ =  0.06219861556757492
READING COST DATA FOR ITERATION 5
1322.100745 seconds (147.77 M allocations: 16.676 GiB, 25.12% gc time)
CREATING EXPRESSIONS FOR CAPITAL AND FIXED COST
867.691750 seconds (265.26 M allocations: 17.039 GiB, 97.22% gc time)
BUILDING OBJECTIVE FUNCTION
 45.480810 seconds (64.72 M allocations: 2.033 GiB, 78.75% gc time)
Optimizing for iteration 5
361.769482 seconds (2 allocations: 32 bytes)
OPTIMAL
8.67237373520727e9
ϵ =  0.01743841506772467
READING COST DATA FOR ITERATION 6
1504.391478 seconds (147.77 M allocations: 16.589 GiB, 26.63% gc time)
CREATING EXPRESSIONS FOR CAPITAL AND FIXED COST
647.855839 seconds (265.26 M allocations: 17.039 GiB, 96.99% gc time)
BUILDING OBJECTIVE FUNCTION
 33.607987 seconds (64.72 M allocations: 2.033 GiB, 77.25% gc time)
Optimizing for iteration 6
358.705652 seconds (2 allocations: 32 bytes)
OPTIMAL
8.630780019072142e9
ϵ =  0.004819230248018214
READING COST DATA FOR ITERATION 7
1281.279211 seconds (147.77 M allocations: 16.803 GiB, 25.27% gc time)
CREATING EXPRESSIONS FOR CAPITAL AND FIXED COST
658.948224 seconds (265.26 M allocations: 17.039 GiB, 97.03% gc time)
BUILDING OBJECTIVE FUNCTION
 34.113209 seconds (64.72 M allocations: 2.033 GiB, 77.21% gc time)
Optimizing for iteration 7
346.569002 seconds (2 allocations: 32 bytes)
OPTIMAL
8.631377954187311e9
ϵ =  6.927458358163824e-5
ITERATIONS COMPLETED
WRITING RESULTS TO FILE
 56.657197 seconds (51.85 M allocations: 2.133 GiB, 90.43% gc time, 1.27% compilation time)

THE OPTIMIZATION PROBLEM TOOK 277.17 MINUTES TO SOLVE. 
