Running HiGHS 1.6.0: Copyright (c) 2023 HiGHS under MIT licence terms
Presolving model
1210152 rows, 2661521 cols, 6797102 nonzeros
926965 rows, 1796878 cols, 5065770 nonzeros
918806 rows, 1035157 cols, 3538499 nonzeros
909274 rows, 1024965 cols, 3518130 nonzeros
Presolve : Reductions: rows 909274(-9335668); columns 1024965(-5890097); elements 3518130(-35757229)
Solving the presolved LP
IPX model has 909274 rows, 1024965 columns and 3518130 nonzeros
Input
    Number of variables:                                1024965
    Number of free variables:                           0
    Number of constraints:                              909274
    Number of equality constraints:                     56183
    Number of matrix entries:                           3518130
    Matrix range:                                       [1e-02, 1e+00]
    RHS range:                                          [2e+05, 1e+08]
    Objective range:                                    [2e-04, 4e+01]
    Bounds range:                                       [7e+05, 1e+08]
Preprocessing
    Dualized model:                                     no
    Number of dense columns:                            0
    Range of scaling factors:                           [1.00e+00, 2.00e+00]
IPX version 1.0
Interior Point Solve
 Iter     P.res    D.res            P.obj           D.obj        mu     Time
   0   1.20e+07 2.31e+06   1.26834492e+14 -2.67474891e+18  3.08e+13       0s
   1   4.17e+06 1.82e+06   3.60588093e+17 -2.20050738e+18  2.57e+13       1s
   2   1.95e+06 1.40e+06   6.09010881e+17 -1.86920794e+18  2.62e+13       2s
   3   8.38e+05 5.26e+05   5.95500933e+17 -7.63922425e+17  1.04e+13       3s
   4   3.22e+05 2.95e+05   5.69655507e+17 -4.90263318e+17  6.50e+12       5s
   5   1.29e+05 7.52e+04   4.55515649e+17 -1.46343224e+17  1.97e+12       8s
 Constructing starting basis...
   6   7.03e+03 2.74e+04   2.27208382e+17 -6.18231445e+16  7.23e+11      16s
   7   4.53e+03 1.19e+04   1.86787900e+17 -3.16117359e+16  4.03e+11      21s
   8   3.81e+03 6.78e+03   1.80130007e+17 -2.46570355e+16  3.19e+11      25s
   9   1.39e+03 3.22e+03   8.76099051e+16 -1.23935185e+16  1.39e+11      29s
  10   7.27e+02 1.46e+03   6.05142790e+16 -6.86305367e+15  8.56e+10      33s
  11   4.12e+02 4.93e+02   3.91241066e+16 -2.78066446e+15  4.94e+10      37s
  12   2.33e+02 1.58e+02   2.34870497e+16 -9.89761602e+14  2.79e+10      41s
  13   1.28e+02 8.94e+01   1.33535519e+16 -5.77639665e+14  1.58e+10      45s
  14   5.72e+01 4.37e+01   6.38156657e+15 -3.03635569e+14  7.58e+09      49s
  15   2.63e+01 2.63e+01   3.90073749e+15 -2.25922293e+14  4.71e+09      52s
  16   9.46e+00 1.55e+01   1.98136377e+15 -1.52370355e+14  2.46e+09      56s
  17   5.06e+00 1.06e+01   1.23545845e+15 -1.09355473e+14  1.56e+09      59s
  18   2.48e+00 6.50e+00   8.61982635e+14 -7.60360142e+13  1.09e+09      62s
  19   1.08e+00 4.63e+00   4.20368492e+14 -5.47312645e+13  5.65e+08      66s
  20   4.74e-01 2.60e+00   2.16903109e+14 -3.15585904e+13  2.98e+08      69s
  21   2.30e-01 1.57e+00   1.21344972e+14 -1.95922704e+13  1.70e+08      73s
  22   1.07e-01 2.76e-01   6.90421444e+13 -4.28685631e+12  8.37e+07      76s
  23   6.41e-02 7.83e-02   5.26616302e+13 -2.10564095e+12  6.15e+07      79s
  24   2.14e-02 1.93e-02   2.30033286e+13 -7.74967033e+11  2.66e+07      83s
  25   9.87e-03 9.73e-03   1.39549090e+13 -5.18224984e+11  1.62e+07      86s
  26   2.82e-03 4.08e-03   7.14346962e+12 -3.20523786e+11  8.34e+06      89s
  27   5.35e-04 1.41e-03   2.43763925e+12 -1.41178546e+11  2.87e+06      93s
  28   1.64e-04 3.51e-04   1.16005046e+12 -4.68994842e+10  1.34e+06      97s
  29   4.94e-05 1.40e-04   4.37868681e+11 -1.62952999e+10  5.04e+05     101s
  30   1.97e-05 3.67e-05   2.39139074e+11 -6.57351230e+08  2.66e+05     105s
  31   9.78e-06 1.33e-05   1.43777714e+11  4.47015130e+09  1.54e+05     108s
  32   2.86e-06 5.23e-06   6.82031720e+10  6.56483611e+09  6.83e+04     111s
  33   7.75e-07 1.55e-06   2.80095766e+10  8.23186061e+09  2.19e+04     114s
  34   2.68e-07 4.60e-07   1.69013546e+10  8.76879705e+09  9.02e+03     118s
  35   8.94e-08 1.72e-07   1.23215082e+10  8.95821843e+09  3.73e+03     121s
  36   6.39e-08 7.08e-08   1.02707375e+10  9.04697332e+09  1.36e+03     124s
  37   9.69e-08 2.98e-08   9.59247547e+09  9.09277037e+09  5.54e+02     127s
  38   4.47e-08 1.12e-08   9.34946204e+09  9.11642922e+09  2.58e+02     130s
  39   9.69e-08 5.59e-09   9.22157657e+09  9.12440008e+09  1.08e+02     133s
  40   5.37e-08 3.73e-09   9.15311305e+09  9.12757282e+09  2.83e+01     135s
  41   5.22e-08 2.79e-09   9.13175783e+09  9.12906678e+09  2.98e+00     138s
  42   6.71e-08 2.79e-09   9.12965620e+09  9.12931955e+09  3.73e-01     140s
  43   8.20e-08 1.86e-09   9.12940901e+09  9.12932568e+09  9.24e-02     143s
  44   1.12e-07 2.79e-09   9.12933417e+09  9.12932835e+09  6.45e-03     145s
  45   7.35e-08 2.79e-09   9.12933104e+09  9.12932859e+09  2.72e-03     147s
  46   8.20e-08 3.73e-09   9.12932932e+09  9.12932880e+09  5.77e-04     150s
  47   2.91e-07 1.86e-09   9.12932899e+09  9.12932882e+09  1.89e-04     151s
  48   2.68e-07 1.86e-09   9.12932885e+09  9.12932882e+09  2.82e-05     152s
  49*  2.01e-07 1.86e-09   9.12932882e+09  9.12932882e+09  2.98e-10     154s
Summary
    Runtime:                                            153.72s
    Status interior point solve:                        optimal
    Status crossover:                                   not run
    objective value:                                    9.12932882e+09
    interior solution primal residual (abs/rel):        1.94e-07 / 1.33e-15
    interior solution dual residual (abs/rel):          9.31e-10 / 1.01e-16
    interior solution objective gap (abs/rel):          1.74e-04 / 1.90e-14
Ipx: IPM       optimal
Model   status      : Optimal
IPM       iterations: 49
Objective value     :  9.1293288223e+09
HiGHS run time      :        160.52
Presolving model
561613 rows, 1354911 cols, 3325517 nonzeros
426321 rows, 885373 cols, 2386792 nonzeros
420988 rows, 498091 cols, 1610220 nonzeros
414824 rows, 491464 cols, 1596945 nonzeros
Presolve : Reductions: rows 414824(-6515093); columns 491464(-4118334); elements 1596945(-22038906)
Solving the presolved LP
IPX model has 414824 rows, 491464 columns and 1596945 nonzeros
Input
    Number of variables:                                491464
    Number of free variables:                           0
    Number of constraints:                              414824
    Number of equality constraints:                     37143
    Number of matrix entries:                           1596945
    Matrix range:                                       [1e-02, 1e+00]
    RHS range:                                          [2e+05, 6e+07]
    Objective range:                                    [3e-04, 9e+06]
    Bounds range:                                       [7e+05, 1e+08]
Preprocessing
    Dualized model:                                     no
    Number of dense columns:                            0
    Range of scaling factors:                           [1.00e+00, 2.00e+00]
IPX version 1.0
Interior Point Solve
 Iter     P.res    D.res            P.obj           D.obj        mu     Time
   0   1.20e+07 2.31e+06   1.26834492e+14 -2.67474891e+18  3.08e+13       0s
   1   4.17e+06 1.82e+06   3.60588093e+17 -2.20050738e+18  2.57e+13       1s
   2   1.95e+06 1.40e+06   6.09010881e+17 -1.86920794e+18  2.62e+13       2s
   3   8.38e+05 5.26e+05   5.95500933e+17 -7.63922425e+17  1.04e+13       3s
   4   3.22e+05 2.95e+05   5.69544254e+17 -4.90108438e+17  6.50e+12       5s
   5   1.29e+05 7.50e+04   4.55335308e+17 -1.46062596e+17  1.96e+12       8s
 Constructing starting basis...
   6   7.03e+03 2.74e+04   2.27097304e+17 -6.18058268e+16  7.23e+11      16s
   7   4.53e+03 1.19e+04   1.86718643e+17 -3.16007034e+16  4.02e+11      21s
   8   3.81e+03 6.77e+03   1.79957856e+17 -2.46448825e+16  3.19e+11      25s
   9   1.39e+03 3.22e+03   8.76386346e+16 -1.23775065e+16  1.39e+11      29s
  10   7.28e+02 1.45e+03   6.04918938e+16 -6.82936566e+15  8.55e+10      33s
  11   4.12e+02 4.91e+02   3.90370711e+16 -2.76708458e+15  4.93e+10      37s
  12   2.41e+02 1.56e+02   2.41709499e+16 -9.82110213e+14  2.87e+10      41s
  13   1.34e+02 9.35e+01   1.38267451e+16 -6.03172394e+14  1.64e+10      44s
  14   5.41e+01 4.48e+01   6.03947134e+15 -3.10941280e+14  7.21e+09      48s
  15   2.49e+01 2.84e+01   3.82768670e+15 -2.39414773e+14  4.65e+09      51s
  16   8.78e+00 1.70e+01   1.88107719e+15 -1.60095483e+14  2.36e+09      54s
  17   4.28e+00 1.14e+01   1.12678636e+15 -1.13339628e+14  1.45e+09      58s
  18   2.06e+00 7.24e+00   7.85425793e+14 -7.95620436e+13  1.02e+09      61s
  19   8.44e-01 5.17e+00   3.70648916e+14 -5.74440053e+13  5.16e+08      65s
  20   3.76e-01 2.85e+00   1.98996202e+14 -3.26085199e+13  2.80e+08      68s
  21   1.62e-01 1.75e+00   1.03061117e+14 -2.04680774e+13  1.52e+08      72s
  22   9.27e-02 3.43e-01   6.88229607e+13 -4.79728162e+12  8.45e+07      75s
  23   5.32e-02 1.06e-01   4.69780580e+13 -2.01869975e+12  5.53e+07      78s
  24   1.83e-02 2.69e-02   2.12871800e+13 -7.55560719e+11  2.47e+07      81s
  25   7.68e-03 1.35e-02   1.26743514e+13 -5.12190963e+11  1.48e+07      85s
  26   1.95e-03 6.62e-03   7.35004849e+12 -3.66607711e+11  8.66e+06      88s
  27   3.00e-04 1.40e-03   2.57541289e+12 -1.26747226e+11  3.01e+06      91s
  28   1.02e-04 3.83e-04   1.21987935e+12 -4.37551606e+10  1.40e+06      95s
  29   3.19e-05 1.32e-04   4.99795135e+11 -1.36712452e+10  5.70e+05      99s
  30   1.17e-05 4.06e-05   2.48397368e+11 -7.45355221e+08  2.76e+05     102s
  31   5.84e-06 1.37e-05   1.49025834e+11  4.60031631e+09  1.60e+05     106s
  32   1.76e-06 5.75e-06   7.01062641e+10  6.53709440e+09  7.05e+04     109s
  33   4.77e-07 1.77e-06   2.89995113e+10  8.18449779e+09  2.31e+04     113s
  34   1.49e-07 4.86e-07   1.70597554e+10  8.76349447e+09  9.20e+03     116s
  35   1.27e-07 1.79e-07   1.22638848e+10  8.95745988e+09  3.67e+03     119s
  36   6.94e-08 7.26e-08   1.01936915e+10  9.04738768e+09  1.27e+03     123s
  37   1.12e-07 2.98e-08   9.57102365e+09  9.09371662e+09  5.29e+02     126s
  38   5.22e-08 1.21e-08   9.31746036e+09  9.11655348e+09  2.23e+02     129s
  39   1.12e-07 5.59e-09   9.19771945e+09  9.12447457e+09  8.12e+01     131s
  40   4.79e-08 3.73e-09   9.15112025e+09  9.12789007e+09  2.58e+01     134s
  41   5.22e-08 1.86e-09   9.13048565e+09  9.12916339e+09  1.47e+00     137s
  42   7.45e-08 2.79e-09   9.12938489e+09  9.12931246e+09  8.03e-02     140s
  43   6.86e-08 2.79e-09   9.12933872e+09  9.12932528e+09  1.49e-02     142s
  44   1.11e-07 2.79e-09   9.12932946e+09  9.12932855e+09  1.01e-03     144s
  45   4.10e-07 1.86e-09   9.12932885e+09  9.12932876e+09  1.09e-04     147s
  46*  5.96e-07 9.31e-10   9.12932882e+09  9.12932882e+09  1.10e-05     150s
Summary
    Runtime:                                            150.07s
    Status interior point solve:                        optimal
    Status crossover:                                   not run
    objective value:                                    9.12932882e+09
    interior solution primal residual (abs/rel):        3.65e-07 / 2.50e-15
    interior solution dual residual (abs/rel):          9.31e-10 / 1.01e-16
    interior solution objective gap (abs/rel):          9.09e+00 / 9.96e-10
Ipx: IPM       optimal
Model   status      : Optimal
IPM       iterations: 46
Objective value     :  9.1293288240e+09
HiGHS run time      :        156.81
Running HiGHS 1.6.0: Copyright (c) 2023 HiGHS under MIT licence terms
Presolving model
167945 rows, 483126 cols, 1109402 nonzeros
126741 rows, 301494 cols, 747925 nonzeros
124503 rows, 167325 cols, 479239 nonzeros
121400 rows, 163074 cols, 470656 nonzeros
Presolve : Reductions: rows 121400(-3293825); columns 163074(-2142191); elements 470656(-9991652)
Solving the presolved LP
IPX model has 121400 rows, 163074 columns and 470656 nonzeros
Input
    Number of variables:                                163074
    Number of free variables:                           0
    Number of constraints:                              121400
    Number of equality constraints:                     18888
    Number of matrix entries:                           470656
    Matrix range:                                       [1e-02, 1e+00]
    RHS range:                                          [2e+05, 1e+08]
    Objective range:                                    [2e-04, 1e+06]
    Bounds range:                                       [9e+04, 1e+08]
Preprocessing
    Dualized model:                                     no
    Number of dense columns:                            0
    Range of scaling factors:                           [1.00e+00, 2.00e+00]
IPX version 1.0
Interior Point Solve
 Iter     P.res    D.res            P.obj           D.obj        mu     Time
   0   2.84e+07 1.47e+05   6.63592806e+13 -6.47478776e+16  4.79e+12       0s
   1   7.83e+06 1.08e+05   6.81452605e+16 -5.36703538e+16  3.19e+12       0s
   2   2.87e+06 7.37e+04   9.21647136e+16 -4.42242841e+16  2.57e+12       0s
   3   1.32e+06 2.02e+04   7.33740813e+16 -1.35970075e+16  8.41e+11       0s
   4   3.60e+05 6.56e+03   4.38436953e+16 -6.04190557e+15  3.09e+11       1s
   5   1.35e+05 1.53e+03   2.37064338e+16 -2.02072405e+15  1.12e+11       2s
 Constructing starting basis...
   6   6.22e+04 3.77e+02   1.30818277e+16 -8.20268727e+14  5.57e+10       3s
   7   2.69e+04 1.68e+02   6.05004817e+15 -4.08191178e+14  2.51e+10       4s
   8   1.23e+04 6.63e+01   3.98662395e+15 -3.05967142e+14  1.62e+10       4s
   9   5.39e+03 3.26e+01   2.08419194e+15 -1.75864391e+14  8.50e+09       5s
  10   1.94e+03 1.18e+01   1.24323214e+15 -1.01787283e+14  5.00e+09       5s
  11   1.07e+03 4.12e+00   1.00199090e+15 -6.70271287e+13  3.92e+09       6s
  12   6.07e+02 1.97e+00   7.14173587e+14 -3.29619857e+13  2.73e+09       7s
  13   4.99e+02 1.69e+00   6.83588443e+14 -3.15810561e+13  2.63e+09       7s
  14   2.54e+02 4.94e-01   4.42252656e+14  4.54585480e+12  1.59e+09       8s
  15   5.93e+01 1.23e-01   2.99108188e+14  9.23692725e+12  1.05e+09       9s
  16   1.17e+01 3.78e-02   1.30796328e+14  2.63411784e+13  3.81e+08       9s
  17   7.06e+00 1.79e-02   1.02223364e+14  3.20427459e+13  2.54e+08      11s
  18   4.29e+00 8.46e-03   8.11092172e+13  3.52748212e+13  1.65e+08      12s
  19   2.00e+00 3.97e-03   6.01191091e+13  3.72022670e+13  8.24e+07      13s
  20   8.46e-01 8.98e-04   5.06649952e+13  3.83677923e+13  4.39e+07      13s
  21   5.99e-01 1.97e-04   4.82627985e+13  3.87374150e+13  3.39e+07      14s
  22   3.24e-01 9.69e-05   4.58141403e+13  3.87712784e+13  2.51e+07      15s
  23   4.83e-02 4.75e-05   4.04197945e+13  3.89557254e+13  5.21e+06      15s
  24   1.02e-02 7.99e-06   3.95014860e+13  3.91179501e+13  1.36e+06      16s
  25   3.15e-03 2.75e-06   3.92815366e+13  3.91433603e+13  4.91e+05      16s
  26   1.65e-03 8.64e-07   3.92310299e+13  3.91528160e+13  2.78e+05      17s
  27   3.88e-04 3.06e-07   3.91783150e+13  3.91562320e+13  7.85e+04      17s
  28   9.88e-05 1.41e-07   3.91642879e+13  3.91573002e+13  2.48e+04      18s
  29   3.79e-05 7.54e-08   3.91608964e+13  3.91577382e+13  1.12e+04      19s
  30   1.12e-05 4.54e-08   3.91594749e+13  3.91579339e+13  5.48e+03      19s
  31   4.86e-06 2.31e-08   3.91588853e+13  3.91580981e+13  2.80e+03      20s
  32   1.55e-06 1.09e-08   3.91586231e+13  3.91581825e+13  1.57e+03      20s
  33   8.34e-07 4.42e-09   3.91584946e+13  3.91582369e+13  9.16e+02      21s
  34   3.87e-07 2.68e-09   3.91584022e+13  3.91582512e+13  5.37e+02      21s
  35   1.19e-07 1.75e-09   3.91583418e+13  3.91582595e+13  2.93e+02      22s
  36   6.40e-08 9.31e-10   3.91583173e+13  3.91582676e+13  1.77e+02      22s
  37   6.88e-08 4.66e-10   3.91582902e+13  3.91582722e+13  6.40e+01      22s
  38   1.79e-07 4.66e-10   3.91582829e+13  3.91582747e+13  2.93e+01      23s
  39   2.38e-07 2.33e-10   3.91582795e+13  3.91582755e+13  1.44e+01      23s
  40   2.09e-07 2.33e-10   3.91582763e+13  3.91582758e+13  1.64e+00      24s
  41   1.19e-07 2.33e-10   3.91582761e+13  3.91582758e+13  9.38e-01      24s
  42   1.19e-07 2.33e-10   3.91582760e+13  3.91582758e+13  6.89e-01      24s
  43   1.79e-07 2.33e-10   3.91582760e+13  3.91582758e+13  4.76e-01      25s
  44*  3.58e-07 4.66e-10   3.91582759e+13  3.91582758e+13  7.13e-02      25s
Summary
    Runtime:                                            25.03s
    Status interior point solve:                        optimal
    Status crossover:                                   not run
    objective value:                                    3.91582759e+13
    interior solution primal residual (abs/rel):        2.98e-07 / 2.04e-15
    interior solution dual residual (abs/rel):          4.66e-10 / 3.56e-16
    interior solution objective gap (abs/rel):          2.00e+04 / 5.11e-10
Ipx: IPM       optimal
Model   status      : Optimal
IPM       iterations: 44
Objective value     :  3.9158269520e+13
HiGHS run time      :         29.04
Presolving model
167945 rows, 483126 cols, 1109402 nonzeros
126741 rows, 301494 cols, 747925 nonzeros
124503 rows, 167325 cols, 479239 nonzeros
121400 rows, 163074 cols, 470656 nonzeros
Presolve : Reductions: rows 121400(-3303845); columns 163074(-2142191); elements 470656(-10001672)
Solving the presolved LP
IPX model has 121400 rows, 163074 columns and 470656 nonzeros
Input
    Number of variables:                                163074
    Number of free variables:                           0
    Number of constraints:                              121400
    Number of equality constraints:                     18888
    Number of matrix entries:                           470656
    Matrix range:                                       [1e-02, 1e+00]
    RHS range:                                          [2e+05, 1e+08]
    Objective range:                                    [2e-04, 1e+06]
    Bounds range:                                       [9e+04, 1e+08]
Preprocessing
    Dualized model:                                     no
    Number of dense columns:                            0
    Range of scaling factors:                           [1.00e+00, 2.00e+00]
IPX version 1.0
Interior Point Solve
 Iter     P.res    D.res            P.obj           D.obj        mu     Time
   0   2.84e+07 1.50e+05   5.61335258e+13 -6.62217156e+16  4.87e+12       0s
   1   7.89e+06 1.10e+05   6.69349935e+16 -5.49531774e+16  3.26e+12       0s
   2   2.88e+06 7.47e+04   9.11051531e+16 -4.51451957e+16  2.62e+12       0s
   3   1.30e+06 2.05e+04   7.25088543e+16 -1.38954407e+16  8.51e+11       0s
   4   3.63e+05 6.51e+03   4.38091680e+16 -6.09498898e+15  3.11e+11       1s
   5   1.33e+05 1.51e+03   2.35501540e+16 -2.06347701e+15  1.12e+11       2s
 Constructing starting basis...
   6   6.18e+04 3.71e+02   1.29725074e+16 -8.33798881e+14  5.54e+10       3s
   7   2.49e+04 1.92e+02   5.46012933e+15 -4.60859088e+14  2.33e+10       4s
   8   3.54e+03 6.46e+01   2.51760894e+15 -3.06885224e+14  1.08e+10       4s
   9   3.14e+02 2.28e+01   6.49499274e+14 -1.37345042e+14  3.07e+09       5s
  10   8.58e+01 1.17e+01   2.84093882e+14 -7.45556789e+13  1.43e+09       6s
  11   2.56e+01 5.88e+00   1.09767705e+14 -3.85575762e+13  6.05e+08       6s
  12   9.22e+00 2.84e+00   4.93408183e+13 -1.91861230e+13  2.81e+08       7s
  13   2.35e+00 1.16e+00   2.01031670e+13 -8.33296223e+12  1.17e+08       7s
  14   4.04e-01 3.50e-01   6.60967358e+12 -2.72729455e+12  3.80e+07       8s
  15   7.13e-02 8.46e-02   1.79094115e+12 -6.98247316e+11  9.97e+06       8s
  16   3.27e-02 2.97e-02   9.66984815e+11 -2.54293801e+11  4.71e+06       9s
  17   1.87e-02 1.05e-02   6.72939733e+11 -1.01266529e+11  2.87e+06       9s
  18   9.01e-03 4.31e-03   5.50913207e+11 -5.89855462e+10  2.22e+06      10s
  19   3.55e-03 1.79e-03   4.06081078e+11 -3.59297586e+10  1.59e+06      10s
  20   1.40e-03 7.31e-04   1.79815147e+11 -1.34312758e+10  6.93e+05      11s
  21   4.65e-04 3.29e-04   1.31791485e+11 -8.16328482e+09  5.00e+05      11s
  22   1.27e-04 1.60e-04   7.28016386e+10 -3.76880189e+09  2.73e+05      12s
  23   4.58e-05 8.34e-05   5.32737845e+10 -1.48517190e+09  1.95e+05      12s
  24   2.19e-05 2.92e-05   4.14390833e+10  7.10229114e+08  1.45e+05      13s
  25   1.49e-06 8.13e-06   1.62761860e+10  2.41711476e+09  4.93e+04      13s
  26   8.05e-07 4.62e-06   1.11369342e+10  2.99661822e+09  2.89e+04      14s
  27   2.68e-07 2.10e-06   6.60196810e+09  3.43588143e+09  1.13e+04      14s
  28   2.98e-07 9.08e-07   5.06583918e+09  3.65485502e+09  5.02e+03      15s
  29   1.79e-07 4.22e-07   4.53173491e+09  3.75393087e+09  2.77e+03      15s
  30   2.98e-07 9.13e-08   4.23059222e+09  3.82536051e+09  1.44e+03      16s
  31   1.49e-07 3.21e-08   4.00657690e+09  3.84662914e+09  5.69e+02      16s
  32   2.38e-07 9.55e-09   3.91312913e+09  3.85538277e+09  2.05e+02      17s
  33   1.79e-07 2.56e-09   3.88559569e+09  3.85847943e+09  9.64e+01      17s
  34   1.79e-07 1.05e-09   3.86689878e+09  3.85978944e+09  2.53e+01      18s
  35   1.06e-07 4.66e-10   3.86163109e+09  3.86040823e+09  4.35e+00      18s
  36   1.49e-07 4.66e-10   3.86069972e+09  3.86057202e+09  4.54e-01      18s
  37   8.94e-08 2.33e-10   3.86061827e+09  3.86059187e+09  9.39e-02      19s
  38   5.96e-08 4.66e-10   3.86060089e+09  3.86059697e+09  1.39e-02      19s
  39   2.38e-07 2.33e-10   3.86059812e+09  3.86059776e+09  1.30e-03      19s
  40   1.19e-07 3.49e-10   3.86059794e+09  3.86059781e+09  4.65e-04      20s
  41   2.98e-07 4.66e-10   3.86059783e+09  3.86059781e+09  5.75e-05      20s
  42*  7.45e-07 2.33e-10   3.86059782e+09  3.86059781e+09  1.12e-05      20s
Summary
    Runtime:                                            20.36s
    Status interior point solve:                        optimal
    Status crossover:                                   not run
    objective value:                                    3.86059782e+09
    interior solution primal residual (abs/rel):        5.36e-07 / 3.67e-15
    interior solution dual residual (abs/rel):          2.33e-10 / 1.78e-16
    interior solution objective gap (abs/rel):          3.14e+00 / 8.14e-10
Ipx: IPM       optimal
Model   status      : Optimal
IPM       iterations: 42
Objective value     :  3.8605978173e+09
HiGHS run time      :         24.18
Presolving model
167945 rows, 483126 cols, 1109402 nonzeros
126741 rows, 301494 cols, 747925 nonzeros
124503 rows, 167325 cols, 479239 nonzeros
121400 rows, 163074 cols, 470656 nonzeros
Presolve : Reductions: rows 121400(-3313865); columns 163074(-2142191); elements 470656(-10011692)
Solving the presolved LP
IPX model has 121400 rows, 163074 columns and 470656 nonzeros
Input
    Number of variables:                                163074
    Number of free variables:                           0
    Number of constraints:                              121400
    Number of equality constraints:                     18888
    Number of matrix entries:                           470656
    Matrix range:                                       [1e-02, 1e+00]
    RHS range:                                          [2e+05, 1e+08]
    Objective range:                                    [2e-04, 1e+06]
    Bounds range:                                       [9e+04, 1e+08]
Preprocessing
    Dualized model:                                     no
    Number of dense columns:                            0
    Range of scaling factors:                           [1.00e+00, 2.00e+00]
IPX version 1.0
Interior Point Solve
 Iter     P.res    D.res            P.obj           D.obj        mu     Time
   0   2.84e+07 1.50e+05   5.70240128e+13 -6.62488859e+16  4.87e+12       0s
   1   7.84e+06 1.10e+05   6.73624021e+16 -5.49611156e+16  3.26e+12       0s
   2   2.85e+06 7.47e+04   9.14606581e+16 -4.51163108e+16  2.61e+12       0s
   3   1.31e+06 2.06e+04   7.30338976e+16 -1.39648392e+16  8.57e+11       0s
   4   3.60e+05 6.57e+03   4.39627274e+16 -6.13848895e+15  3.12e+11       1s
   5   1.30e+05 1.52e+03   2.35210888e+16 -2.08156060e+15  1.12e+11       2s
 Constructing starting basis...
   6   6.04e+04 3.78e+02   1.29663907e+16 -8.42473564e+14  5.54e+10       3s
   7   2.46e+04 1.97e+02   5.54004358e+15 -4.66608059e+14  2.36e+10       4s
   8   4.61e+03 6.41e+01   2.65471101e+15 -3.02355535e+14  1.13e+10       4s
   9   4.93e+02 2.19e+01   7.41502321e+14 -1.34876660e+14  3.37e+09       5s
  10   1.90e+02 1.20e+01   3.56511197e+14 -7.56078450e+13  1.68e+09       6s
  11   6.42e+01 5.93e+00   1.65508192e+14 -4.03354210e+13  8.10e+08       6s
  12   2.21e+01 2.59e+00   7.22134062e+13 -1.86647172e+13  3.58e+08       7s
  13   4.67e+00 9.10e-01   2.77058108e+13 -7.42078725e+12  1.38e+08       7s
  14   8.00e-01 3.62e-01   8.78950208e+12 -3.18566261e+12  4.80e+07       8s
  15   1.34e-01 8.68e-02   2.15947314e+12 -8.05434679e+11  1.18e+07       8s
  16   5.08e-02 3.41e-02   1.03168949e+12 -3.28696722e+11  5.30e+06       9s
  17   2.31e-02 1.62e-02   6.58951024e+11 -1.67765584e+11  3.14e+06       9s
  18   8.24e-03 5.21e-03   2.88712827e+11 -5.48006260e+10  1.27e+06      10s
  19   3.91e-03 1.72e-03   1.75808304e+11 -1.88445714e+10  7.06e+05      10s
  20   2.09e-03 7.36e-04   1.13617505e+11 -7.47960048e+09  4.35e+05      11s
  21   1.42e-03 4.30e-04   9.50933453e+10 -4.48620117e+09  3.56e+05      11s
  22   7.15e-04 1.08e-04   6.35475883e+10 -9.51999465e+06  2.26e+05      12s
  23   2.24e-04 6.02e-05   4.67035473e+10  4.55054893e+08  1.65e+05      12s
  24   6.33e-05 1.79e-05   2.54807148e+10  1.98126412e+09  8.36e+04      13s
  25   1.46e-05 8.76e-06   1.25413246e+10  2.63066534e+09  3.52e+04      13s
  26   7.00e-06 3.52e-06   8.36155340e+09  3.17966674e+09  1.84e+04      14s
  27   5.66e-07 1.21e-06   6.35935909e+09  3.34604769e+09  1.07e+04      14s
  28   2.09e-07 3.48e-07   4.85359993e+09  3.50477404e+09  4.80e+03      15s
  29   9.62e-08 1.11e-07   4.07282730e+09  3.58288442e+09  1.74e+03      15s
  30   2.09e-07 3.28e-08   3.82231543e+09  3.60698650e+09  7.66e+02      15s
  31   1.49e-07 8.85e-09   3.69960918e+09  3.61701842e+09  2.94e+02      16s
  32   1.79e-07 3.03e-09   3.64534539e+09  3.61995711e+09  9.03e+01      16s
  33   8.94e-08 9.31e-10   3.63035331e+09  3.62184159e+09  3.03e+01      17s
  34   1.49e-07 4.66e-10   3.62461711e+09  3.62239721e+09  7.89e+00      17s
  35   2.09e-07 2.33e-10   3.62285924e+09  3.62256719e+09  1.04e+00      17s
  36   1.49e-07 2.33e-10   3.62262341e+09  3.62259225e+09  1.11e-01      18s
  37   5.96e-08 4.66e-10   3.62260434e+09  3.62259720e+09  2.54e-02      18s
  38   5.96e-08 4.66e-10   3.62259936e+09  3.62259885e+09  1.83e-03      18s
  39   2.68e-07 2.33e-10   3.62259898e+09  3.62259894e+09  1.67e-04      19s
  40   6.26e-07 2.33e-10   3.62259897e+09  3.62259896e+09  2.07e-05      19s
  41*  2.98e-07 2.33e-10   3.62259897e+09  3.62259896e+09  5.42e-06      20s
Summary
    Runtime:                                            19.54s
    Status interior point solve:                        optimal
    Status crossover:                                   not run
    objective value:                                    3.62259897e+09
    interior solution primal residual (abs/rel):        3.58e-07 / 2.45e-15
    interior solution dual residual (abs/rel):          2.33e-10 / 1.78e-16
    interior solution objective gap (abs/rel):          1.34e+00 / 3.70e-10
Ipx: IPM       optimal
Model   status      : Optimal
IPM       iterations: 41
Objective value     :  3.6225989656e+09
HiGHS run time      :         23.40
Presolving model
167945 rows, 483126 cols, 1109402 nonzeros
126741 rows, 301494 cols, 747925 nonzeros
124503 rows, 167325 cols, 479239 nonzeros
121400 rows, 163074 cols, 470656 nonzeros
Presolve : Reductions: rows 121400(-3323885); columns 163074(-2142191); elements 470656(-10021712)
Solving the presolved LP
IPX model has 121400 rows, 163074 columns and 470656 nonzeros
Input
    Number of variables:                                163074
    Number of free variables:                           0
    Number of constraints:                              121400
    Number of equality constraints:                     18888
    Number of matrix entries:                           470656
    Matrix range:                                       [1e-02, 1e+00]
    RHS range:                                          [2e+05, 1e+08]
    Objective range:                                    [2e-04, 1e+06]
    Bounds range:                                       [9e+04, 1e+08]
Preprocessing
    Dualized model:                                     no
    Number of dense columns:                            0
    Range of scaling factors:                           [1.00e+00, 2.00e+00]
IPX version 1.0
Interior Point Solve
 Iter     P.res    D.res            P.obj           D.obj        mu     Time
   0   2.84e+07 1.50e+05   5.70779299e+13 -6.62580791e+16  4.87e+12       0s
   1   7.84e+06 1.11e+05   6.73753656e+16 -5.49687305e+16  3.26e+12       0s
   2   2.85e+06 7.47e+04   9.14780470e+16 -4.51227173e+16  2.61e+12       0s
   3   1.31e+06 2.06e+04   7.30591036e+16 -1.39678471e+16  8.57e+11       0s
   4   3.60e+05 6.57e+03   4.39690501e+16 -6.13878046e+15  3.12e+11       1s
   5   1.30e+05 1.52e+03   2.35200282e+16 -2.08175366e+15  1.12e+11       2s
 Constructing starting basis...
   6   6.09e+04 3.72e+02   1.30735353e+16 -8.40157211e+14  5.57e+10       3s
   7   2.49e+04 1.82e+02   5.59713934e+15 -4.41847082e+14  2.36e+10       4s
   8   5.77e+03 6.21e+01   2.84137214e+15 -2.98985919e+14  1.19e+10       4s
   9   7.08e+01 2.02e+01   5.94092108e+14 -1.34078241e+14  2.83e+09       5s
  10   3.55e+01 1.18e+01   3.66990485e+14 -8.08792837e+13  1.74e+09       6s
  11   1.31e+01 6.87e+00   1.65191771e+14 -4.84382319e+13  8.52e+08       6s
  12   3.77e+00 2.80e+00   7.20483192e+13 -2.14817902e+13  3.72e+08       7s
  13   8.84e-01 9.22e-01   3.01044575e+13 -8.02908696e+12  1.50e+08       7s
  14   1.50e-01 3.86e-01   1.00341985e+13 -3.64267140e+12  5.48e+07       8s
  15   2.61e-02 9.22e-02   2.46599429e+12 -9.10481709e+11  1.34e+07       9s
  16   1.11e-02 3.60e-02   1.23256935e+12 -3.66586284e+11  6.20e+06       9s
  17   4.83e-03 1.50e-02   7.21922983e+11 -1.64454335e+11  3.35e+06       9s
  18   1.09e-03 4.60e-03   2.60502946e+11 -5.38482258e+10  1.16e+06      10s
  19   5.46e-04 1.75e-03   1.88167567e+11 -2.31949574e+10  7.67e+05      11s
  20   1.85e-04 7.63e-04   1.04453015e+11 -1.03260990e+10  4.13e+05      11s
  21   8.13e-05 4.53e-04   6.78822966e+10 -5.71001529e+09  2.64e+05      12s
  22   3.60e-05 2.50e-04   5.45303031e+10 -2.85486287e+09  2.05e+05      12s
  23   1.65e-05 9.43e-05   4.21535586e+10 -1.00775592e+08  1.51e+05      13s
  24   2.15e-06 3.69e-05   1.65190102e+10  1.75725226e+09  5.25e+04      13s
  25   9.24e-07 1.93e-05   1.05747018e+10  2.55195239e+09  2.85e+04      14s
  26   4.17e-07 6.03e-06   7.15667307e+09  3.23578105e+09  1.39e+04      14s
  27   1.79e-07 1.61e-06   5.81764159e+09  3.41261502e+09  8.55e+03      15s
  28   2.09e-07 4.66e-10   4.57770405e+09  3.54546406e+09  3.67e+03      15s
  29   2.98e-07 2.33e-10   3.94138284e+09  3.58814459e+09  1.26e+03      15s
  30   1.19e-07 2.33e-10   3.78487874e+09  3.60405794e+09  6.43e+02      16s
  31   8.94e-08 2.33e-10   3.68280885e+09  3.61203742e+09  2.52e+02      16s
  32   1.49e-07 2.33e-10   3.63617576e+09  3.61533968e+09  7.41e+01      17s
  33   2.68e-07 2.33e-10   3.62236699e+09  3.61674219e+09  2.00e+01      17s
  34   3.28e-07 2.33e-10   3.61815438e+09  3.61715728e+09  3.55e+00      18s
  35   2.09e-07 2.33e-10   3.61738460e+09  3.61724439e+09  4.99e-01      18s
  36   2.09e-07 4.66e-10   3.61726538e+09  3.61725633e+09  3.22e-02      18s
  37   3.28e-07 2.33e-10   3.61725860e+09  3.61725749e+09  3.95e-03      19s
  38   8.94e-08 2.33e-10   3.61725785e+09  3.61725766e+09  6.47e-04      19s
  39   1.49e-07 4.66e-10   3.61725774e+09  3.61725772e+09  8.01e-05      19s
  40   2.09e-07 2.33e-10   3.61725774e+09  3.61725773e+09  1.99e-05      20s
  41*  8.94e-08 1.16e-10   3.61725774e+09  3.61725773e+09  6.90e-06      20s
Summary
    Runtime:                                            20.08s
    Status interior point solve:                        optimal
    Status crossover:                                   not run
    objective value:                                    3.61725774e+09
    interior solution primal residual (abs/rel):        3.28e-07 / 2.25e-15
    interior solution dual residual (abs/rel):          2.14e-10 / 1.64e-16
    interior solution objective gap (abs/rel):          1.55e+00 / 4.30e-10
Ipx: IPM       optimal
Model   status      : Optimal
IPM       iterations: 41
Objective value     :  3.6172577361e+09
HiGHS run time      :         23.99
Presolving model
167945 rows, 483126 cols, 1109402 nonzeros
126741 rows, 301494 cols, 747925 nonzeros
124503 rows, 167325 cols, 479239 nonzeros
121400 rows, 163074 cols, 470656 nonzeros
Presolve : Reductions: rows 121400(-3333905); columns 163074(-2142191); elements 470656(-10031732)
Solving the presolved LP
IPX model has 121400 rows, 163074 columns and 470656 nonzeros
Input
    Number of variables:                                163074
    Number of free variables:                           0
    Number of constraints:                              121400
    Number of equality constraints:                     18888
    Number of matrix entries:                           470656
    Matrix range:                                       [1e-02, 1e+00]
    RHS range:                                          [2e+05, 1e+08]
    Objective range:                                    [2e-04, 1e+06]
    Bounds range:                                       [9e+04, 1e+08]
Preprocessing
    Dualized model:                                     no
    Number of dense columns:                            0
    Range of scaling factors:                           [1.00e+00, 2.00e+00]
IPX version 1.0
Interior Point Solve
 Iter     P.res    D.res            P.obj           D.obj        mu     Time
   0   2.84e+07 1.50e+05   5.70779578e+13 -6.62582033e+16  4.87e+12       0s
   1   7.84e+06 1.11e+05   6.73753884e+16 -5.49688376e+16  3.26e+12       0s
   2   2.85e+06 7.47e+04   9.14780213e+16 -4.51228959e+16  2.61e+12       0s
   3   1.31e+06 2.06e+04   7.30588023e+16 -1.39677766e+16  8.57e+11       0s
   4   3.60e+05 6.57e+03   4.39690263e+16 -6.13874612e+15  3.12e+11       1s
   5   1.30e+05 1.52e+03   2.35202005e+16 -2.08173489e+15  1.12e+11       2s
 Constructing starting basis...
   6   6.08e+04 3.74e+02   1.30464937e+16 -8.42283753e+14  5.57e+10       3s
   7   2.54e+04 1.90e+02   5.68801957e+15 -4.54262839e+14  2.41e+10       4s
   8   6.28e+03 6.13e+01   2.86045419e+15 -2.93327803e+14  1.20e+10       4s
   9   4.37e+02 2.02e+01   7.25966336e+14 -1.33093586e+14  3.30e+09       5s
  10   1.95e+02 1.10e+01   3.84466728e+14 -7.38822926e+13  1.77e+09       6s
  11   6.83e+01 5.37e+00   1.72611846e+14 -3.86644343e+13  8.23e+08       6s
  12   2.20e+01 2.33e+00   7.55031180e+13 -1.82012064e+13  3.66e+08       7s
  13   5.00e+00 8.06e-01   2.94949589e+13 -7.15420243e+12  1.43e+08       7s
  14   7.49e-01 3.40e-01   8.24596308e+12 -3.22098158e+12  4.61e+07       8s
  15   1.29e-01 7.65e-02   2.45255745e+12 -7.93940128e+11  1.27e+07       8s
  16   4.65e-02 2.99e-02   1.09138360e+12 -3.21449381e+11  5.45e+06       9s
  17   1.87e-02 1.26e-02   6.71810997e+11 -1.49993692e+11  3.09e+06       9s
  18   6.65e-03 4.41e-03   2.76542066e+11 -5.21943963e+10  1.21e+06      10s
  19   3.11e-03 1.48e-03   1.68457495e+11 -1.83263048e+10  6.76e+05      10s
  20   1.66e-03 8.14e-04   1.13561146e+11 -9.87767936e+09  4.44e+05      11s
  21   8.00e-04 4.59e-04   8.77162411e+10 -5.91550564e+09  3.35e+05      11s
  22   3.58e-04 7.36e-05   5.43393088e+10  5.90304480e+08  1.91e+05      12s
  23   5.43e-05 3.28e-05   3.18675736e+10  1.29226252e+09  1.09e+05      12s
  24   1.12e-05 1.36e-05   1.33294303e+10  2.44305629e+09  3.87e+04      13s
  25   5.33e-06 7.05e-06   8.81034101e+09  2.96577014e+09  2.08e+04      13s
  26   3.58e-07 2.08e-06   6.09972188e+09  3.30169053e+09  9.95e+03      14s
  27   1.49e-07 2.92e-07   4.82681388e+09  3.49561806e+09  4.73e+03      14s
  28   1.19e-07 8.92e-08   4.05474913e+09  3.57688298e+09  1.70e+03      15s
  29   1.19e-07 2.56e-08   3.78285359e+09  3.60210471e+09  6.43e+02      15s
  30   8.39e-08 7.22e-09   3.68773391e+09  3.61073278e+09  2.74e+02      16s
  31   1.19e-07 2.79e-09   3.65379027e+09  3.61297993e+09  1.45e+02      16s
  32   2.38e-07 9.31e-10   3.62976573e+09  3.61554869e+09  5.06e+01      17s
  33   1.19e-07 4.66e-10   3.61973223e+09  3.61671885e+09  1.07e+01      17s
  34   1.19e-07 2.33e-10   3.61763742e+09  3.61698873e+09  2.31e+00      17s
  35   5.96e-08 2.33e-10   3.61710643e+09  3.61703894e+09  2.40e-01      18s
  36   1.49e-07 2.33e-10   3.61706008e+09  3.61704478e+09  5.44e-02      18s
  37   1.49e-07 2.33e-10   3.61704661e+09  3.61704540e+09  4.30e-03      18s
  38   1.79e-07 4.66e-10   3.61704562e+09  3.61704550e+09  4.09e-04      19s
  39   3.87e-07 2.33e-10   3.61704553e+09  3.61704552e+09  5.55e-05      19s
  40*  5.66e-07 2.33e-10   3.61704552e+09  3.61704552e+09  9.29e-06      19s
Summary
    Runtime:                                            19.27s
    Status interior point solve:                        optimal
    Status crossover:                                   not run
    objective value:                                    3.61704552e+09
    interior solution primal residual (abs/rel):        3.87e-07 / 2.65e-15
    interior solution dual residual (abs/rel):          2.33e-10 / 1.78e-16
    interior solution objective gap (abs/rel):          2.58e+00 / 7.14e-10
Ipx: IPM       optimal
Model   status      : Optimal
IPM       iterations: 40
Objective value     :  3.6170455216e+09
HiGHS run time      :         23.19
[ Info: Rolling step not specified in scenaio.yaml file; Setting it to 10 years
[ Info: Demand-pathway mapping not specified in scenaio.yaml file; SERA will not look for eligible pathways for different demand types.
[ Info: Production capacity constraints from the grid model not defined. SERA will not create these constraints
[ Info: Regional technology limits not specified in scenaio.yaml file; SERA will not create these constraints
STARTING DATA PRE-PROCESSING 
Processing Temporal Data
Processing Nodes
Processing Demand
Processing Existings
Processing Links
Processing Pathways
Creating Infrastructure options
 25.684386 seconds (131.93 M allocations: 15.412 GiB, 41.81% gc time, 0.34% compilation time)

OPTIMIZING FROM 2026 TO 2035 

STARTING OPTIMIZATION MODEL CREATION
CREATING VARIABLES AND EXPRESSIONS
156.490052 seconds (355.21 M allocations: 22.202 GiB, 84.66% gc time, 3.56% compilation time)
POPULATING EXPRESSIONS
 65.533652 seconds (272.61 M allocations: 42.548 GiB, 15.89% gc time, 0.30% compilation time)
CREATING CONSTRAINTS
155.439021 seconds (222.12 M allocations: 12.685 GiB, 84.71% gc time, 4.46% compilation time)
POPULATED CORE OPTIMIZATION MODEL, STARTING ITERATIONS
READING COST DATA FOR ITERATION 1
 97.959860 seconds (163.27 M allocations: 15.603 GiB, 63.17% gc time, 0.40% compilation time)
CREATING EXPRESSIONS FOR CAPITAL AND FIXED COST
183.445292 seconds (163.76 M allocations: 10.355 GiB, 93.20% gc time, 0.77% compilation time)
BUILDING OBJECTIVE FUNCTION
 23.421963 seconds (57.16 M allocations: 1.795 GiB, 72.90% gc time, 3.54% compilation time)
Optimizing for iteration 1
459.580254 seconds (74.84 M allocations: 6.897 GiB, 31.07% gc time, 0.01% compilation time)
OPTIMAL
2.1344755925745745e9
ϵ =  1.0
READING COST DATA FOR ITERATION 2
790.580484 seconds (132.22 M allocations: 14.925 GiB, 24.55% gc time, 0.00% compilation time)
CREATING EXPRESSIONS FOR CAPITAL AND FIXED COST
268.596712 seconds (162.21 M allocations: 10.248 GiB, 95.88% gc time, 0.00% compilation time)
BUILDING OBJECTIVE FUNCTION
 23.771800 seconds (56.50 M allocations: 1.808 GiB, 75.97% gc time)
Optimizing for iteration 2
175.901304 seconds (5 allocations: 32 bytes)
OPTIMAL
1.3185770828826063e10
ϵ =  0.8381228052357531
READING COST DATA FOR ITERATION 3
792.748678 seconds (131.80 M allocations: 14.933 GiB, 24.86% gc time)
CREATING EXPRESSIONS FOR CAPITAL AND FIXED COST
252.244147 seconds (162.20 M allocations: 10.247 GiB, 95.45% gc time)
BUILDING OBJECTIVE FUNCTION
 23.993707 seconds (56.50 M allocations: 1.808 GiB, 76.16% gc time)
Optimizing for iteration 3
163.459209 seconds (2 allocations: 32 bytes)
OPTIMAL
9.379969477930338e9
ϵ =  0.40573707194382924
READING COST DATA FOR ITERATION 4
797.988690 seconds (131.78 M allocations: 14.972 GiB, 25.21% gc time)
CREATING EXPRESSIONS FOR CAPITAL AND FIXED COST
255.390240 seconds (162.20 M allocations: 10.247 GiB, 95.57% gc time)
BUILDING OBJECTIVE FUNCTION
 24.351437 seconds (56.50 M allocations: 1.808 GiB, 76.40% gc time)
Optimizing for iteration 4
159.114556 seconds (2 allocations: 32 bytes)
OPTIMAL
9.140816054854399e9
ϵ =  0.026163246436504313
READING COST DATA FOR ITERATION 5
799.518351 seconds (131.78 M allocations: 14.862 GiB, 25.44% gc time)
CREATING EXPRESSIONS FOR CAPITAL AND FIXED COST
259.131023 seconds (162.20 M allocations: 10.247 GiB, 95.52% gc time)
BUILDING OBJECTIVE FUNCTION
 24.566154 seconds (56.50 M allocations: 1.808 GiB, 76.60% gc time)
Optimizing for iteration 5
160.580777 seconds (2 allocations: 32 bytes)
OPTIMAL
9.12932882231359e9
ϵ =  0.0012582778827134686
READING COST DATA FOR ITERATION 6
803.157741 seconds (131.78 M allocations: 14.956 GiB, 25.69% gc time)
CREATING EXPRESSIONS FOR CAPITAL AND FIXED COST
261.718449 seconds (162.20 M allocations: 10.247 GiB, 95.64% gc time)
BUILDING OBJECTIVE FUNCTION
 25.119483 seconds (56.50 M allocations: 1.808 GiB, 76.75% gc time)
Optimizing for iteration 6
156.869832 seconds (2 allocations: 32 bytes)
OPTIMAL
9.129328824023697e9
ϵ =  1.8772678000967515e-10
ITERATIONS COMPLETED
WRITING RESULTS TO FILE
 31.763770 seconds (32.90 M allocations: 1.352 GiB, 88.46% gc time, 2.31% compilation time)

OPTIMIZING FROM 2036 TO 2040 

STARTING OPTIMIZATION MODEL CREATION
CREATING VARIABLES AND EXPRESSIONS
345.972088 seconds (173.75 M allocations: 10.760 GiB, 97.09% gc time, 0.06% compilation time)
POPULATING EXPRESSIONS
 19.856348 seconds (75.72 M allocations: 11.686 GiB, 21.40% gc time)
CREATING CONSTRAINTS
137.401310 seconds (109.32 M allocations: 5.931 GiB, 91.80% gc time, 0.01% compilation time)
POPULATED CORE OPTIMIZATION MODEL, STARTING ITERATIONS
READING COST DATA FOR ITERATION 1
150.896623 seconds (65.00 M allocations: 7.406 GiB, 88.47% gc time)
CREATING EXPRESSIONS FOR CAPITAL AND FIXED COST
 60.638820 seconds (42.31 M allocations: 2.630 GiB, 95.36% gc time, 0.10% compilation time)
BUILDING OBJECTIVE FUNCTION
 14.671947 seconds (26.75 M allocations: 862.457 MiB, 83.59% gc time)
Optimizing for iteration 1
147.439600 seconds (38.76 M allocations: 3.390 GiB, 73.55% gc time)
OPTIMAL
3.9158269519970305e13
ϵ =  1.0
READING COST DATA FOR ITERATION 2
283.658403 seconds (65.27 M allocations: 7.636 GiB, 50.64% gc time)
CREATING EXPRESSIONS FOR CAPITAL AND FIXED COST
 90.883654 seconds (42.32 M allocations: 2.628 GiB, 96.69% gc time)
BUILDING OBJECTIVE FUNCTION
 15.219611 seconds (26.75 M allocations: 893.103 MiB, 83.33% gc time)
Optimizing for iteration 2
 24.229916 seconds (5 allocations: 32 bytes)
OPTIMAL
3.8605978172570896e9
ϵ =  10142.058503771203
READING COST DATA FOR ITERATION 3
285.736127 seconds (65.25 M allocations: 7.413 GiB, 51.20% gc time)
CREATING EXPRESSIONS FOR CAPITAL AND FIXED COST
 65.905402 seconds (42.32 M allocations: 2.628 GiB, 95.44% gc time)
BUILDING OBJECTIVE FUNCTION
 15.427680 seconds (26.75 M allocations: 893.103 MiB, 83.38% gc time)
Optimizing for iteration 3
 23.427519 seconds (2 allocations: 32 bytes)
OPTIMAL
3.6225989656224627e9
ϵ =  0.06569837122272518
READING COST DATA FOR ITERATION 4
286.891212 seconds (65.25 M allocations: 7.413 GiB, 51.28% gc time)
CREATING EXPRESSIONS FOR CAPITAL AND FIXED COST
 66.199829 seconds (42.32 M allocations: 2.628 GiB, 95.40% gc time)
BUILDING OBJECTIVE FUNCTION
 15.491932 seconds (26.75 M allocations: 893.103 MiB, 83.35% gc time)
Optimizing for iteration 4
 24.016689 seconds (2 allocations: 32 bytes)
OPTIMAL
3.617257736073601e9
ϵ =  0.0014765963441371447
READING COST DATA FOR ITERATION 5
288.324243 seconds (65.25 M allocations: 7.461 GiB, 51.46% gc time)
CREATING EXPRESSIONS FOR CAPITAL AND FIXED COST
 66.632158 seconds (42.32 M allocations: 2.628 GiB, 95.40% gc time)
BUILDING OBJECTIVE FUNCTION
 15.589819 seconds (26.75 M allocations: 893.103 MiB, 83.45% gc time)
Optimizing for iteration 5
 23.223970 seconds (2 allocations: 32 bytes)
OPTIMAL
3.61704552162203e9
ϵ =  5.867066103491573e-5
ITERATIONS COMPLETED
WRITING RESULTS TO FILE
 29.271058 seconds (25.27 M allocations: 1.079 GiB, 89.42% gc time, 2.91% compilation time)

THE OPTIMIZATION PROBLEM TOOK 167.51 MINUTES TO SOLVE. 
