Running HiGHS 1.6.0: Copyright (c) 2023 HiGHS under MIT licence terms
Presolving model
439777 rows, 1134733 cols, 2766450 nonzeros
339749 rows, 698296 cols, 1892146 nonzeros
334564 rows, 391765 cols, 1277439 nonzeros
333540 rows, 390531 cols, 1274950 nonzeros
Presolve : Reductions: rows 333540(-8329737); columns 390531(-5342297); elements 1274950(-29697606)
Solving the presolved LP
IPX model has 333540 rows, 390531 columns and 1274950 nonzeros
Input
    Number of variables:                                390531
    Number of free variables:                           0
    Number of constraints:                              333540
    Number of equality constraints:                     28543
    Number of matrix entries:                           1274950
    Matrix range:                                       [1e-02, 1e+00]
    RHS range:                                          [4e+03, 4e+08]
    Objective range:                                    [2e-04, 3e+01]
    Bounds range:                                       [7e+05, 1e+08]
Preprocessing
    Dualized model:                                     no
    Number of dense columns:                            0
    Range of scaling factors:                           [1.00e+00, 2.00e+00]
IPX version 1.0
Interior Point Solve
 Iter     P.res    D.res            P.obj           D.obj        mu     Time
   0   6.33e+07 5.38e+00   1.22618514e+10 -1.02947381e+13  3.61e+08       0s
   1   1.18e+07 3.06e+00   3.62604394e+12 -8.09422528e+12  1.87e+08       0s
   2   6.84e+06 2.65e+00   4.52923210e+12 -7.91400128e+12  1.95e+08       1s
   3   3.63e+06 2.93e-01   3.75231601e+12 -1.18875383e+12  2.92e+07       2s
   4   1.07e+06 1.03e-01   1.81290592e+12 -4.93399648e+11  1.01e+07       4s
 Constructing starting basis...
   5   2.36e+05 3.80e-02   8.10021976e+11 -2.30209942e+11  3.62e+06      10s
   6   8.52e+04 1.09e-02   5.38349079e+11 -1.17809961e+11  1.49e+06      12s
   7   4.28e+04 2.46e-03   3.65800281e+11 -4.50382688e+10  6.76e+05      14s
   8   1.23e+04 1.08e-03   2.60991729e+11 -3.65661919e+10  4.48e+05      17s
   9   3.79e+03 4.05e-04   1.36400029e+11 -1.43878259e+10  2.12e+05      19s
  10   1.70e+03 1.83e-04   8.17246914e+10 -2.49172786e+09  1.15e+05      21s
  11   8.55e+02 6.08e-05   5.73152284e+10  4.56596843e+09  7.03e+04      24s
  12   6.12e+02 3.44e-05   4.68124217e+10  7.05637478e+09  5.27e+04      28s
  13   5.68e+02 2.03e-05   4.46473901e+10  8.59471893e+09  4.77e+04      30s
  14   3.49e+02 1.23e-05   3.27650906e+10  9.68033164e+09  3.05e+04      33s
  15   1.61e+02 5.65e-06   2.42449164e+10  1.02955518e+10  1.84e+04      36s
  16   6.70e+01 3.26e-06   1.80306558e+10  1.07720778e+10  9.55e+03      40s
  17   3.51e+01 1.97e-06   1.57499603e+10  1.10545095e+10  6.17e+03      44s
  18   2.14e+01 9.41e-07   1.45367817e+10  1.13360211e+10  4.21e+03      47s
  19   1.43e+01 7.13e-07   1.37617299e+10  1.14167791e+10  3.08e+03      51s
  20   8.39e+00 3.24e-07   1.30353358e+10  1.15719382e+10  1.92e+03      55s
  21   4.40e+00 2.03e-07   1.26142131e+10  1.16125352e+10  1.32e+03      60s
  22   1.85e+00 8.27e-08   1.22210254e+10  1.16747838e+10  7.17e+02      65s
  23   1.02e+00 3.54e-08   1.20636021e+10  1.17059383e+10  4.70e+02      72s
  24   4.69e-01 1.29e-08   1.19383831e+10  1.17251658e+10  2.80e+02      78s
  25   2.47e-01 5.38e-09   1.18705939e+10  1.17353499e+10  1.78e+02      84s
  26   1.20e-01 1.67e-09   1.18224071e+10  1.17426160e+10  1.05e+02      89s
  27   8.58e-02 7.93e-10   1.18042489e+10  1.17459566e+10  7.65e+01      94s
  28   3.62e-02 3.97e-10   1.17888425e+10  1.17458675e+10  5.64e+01      97s
  29   1.35e-02 2.37e-10   1.17670595e+10  1.17474739e+10  2.57e+01     100s
  30   7.91e-03 1.29e-10   1.17620229e+10  1.17485005e+10  1.77e+01     104s
  31   1.59e-03 7.80e-11   1.17575948e+10  1.17488798e+10  1.14e+01     107s
  32   6.65e-04 2.68e-11   1.17540713e+10  1.17498163e+10  5.58e+00     109s
  33   2.74e-04 7.89e-12   1.17523355e+10  1.17502119e+10  2.79e+00     112s
  34   4.61e-05 2.13e-12   1.17511194e+10  1.17503621e+10  9.94e-01     114s
  35   3.81e-07 6.54e-13   1.17506628e+10  1.17504255e+10  3.11e-01     116s
  36   2.44e-07 1.49e-13   1.17505400e+10  1.17504660e+10  9.71e-02     118s
  37   3.76e-07 3.55e-14   1.17504962e+10  1.17504784e+10  2.34e-02     120s
  38   7.99e-07 1.42e-14   1.17504841e+10  1.17504823e+10  2.30e-03     122s
  39   8.06e-07 1.42e-14   1.17504831e+10  1.17504829e+10  2.26e-04     124s
  40   6.88e-07 1.42e-14   1.17504830e+10  1.17504830e+10  3.07e-05     126s
  41*  1.14e-06 1.42e-14   1.17504830e+10  1.17504830e+10  4.50e-06     128s
Summary
    Runtime:                                            127.64s
    Status interior point solve:                        optimal
    Status crossover:                                   not run
    objective value:                                    1.17504830e+10
    interior solution primal residual (abs/rel):        8.34e-07 / 1.95e-15
    interior solution dual residual (abs/rel):          2.41e-10 / 6.87e-12
    interior solution objective gap (abs/rel):          3.42e+00 / 2.91e-10
Ipx: IPM       optimal
Model   status      : Optimal
IPM       iterations: 41
Objective value     :  1.1750482997e+10
HiGHS run time      :        135.81
Presolving model
439777 rows, 1134733 cols, 2766450 nonzeros
339749 rows, 698296 cols, 1892146 nonzeros
334564 rows, 391765 cols, 1277439 nonzeros
333540 rows, 390531 cols, 1274950 nonzeros
Presolve : Reductions: rows 333540(-8344767); columns 390531(-5342297); elements 1274950(-29712636)
Solving the presolved LP
IPX model has 333540 rows, 390531 columns and 1274950 nonzeros
Input
    Number of variables:                                390531
    Number of free variables:                           0
    Number of constraints:                              333540
    Number of equality constraints:                     28543
    Number of matrix entries:                           1274950
    Matrix range:                                       [1e-02, 1e+00]
    RHS range:                                          [4e+03, 4e+08]
    Objective range:                                    [3e-04, 6e+06]
    Bounds range:                                       [7e+05, 1e+08]
Preprocessing
    Dualized model:                                     no
    Number of dense columns:                            0
    Range of scaling factors:                           [1.00e+00, 2.00e+00]
IPX version 1.0
Interior Point Solve
 Iter     P.res    D.res            P.obj           D.obj        mu     Time
   0   6.32e+07 3.78e+05   6.96853489e+14 -7.23310977e+17  2.65e+13       0s
   1   1.56e+07 2.55e+05   7.07049984e+17 -6.16229194e+17  1.61e+13       0s
   2   8.17e+06 1.89e+05   9.29782166e+17 -5.93101764e+17  1.44e+13       1s
   3   3.58e+06 2.96e+04   7.42744428e+17 -1.31333248e+17  3.19e+12       2s
   4   5.93e+05 8.42e+03   3.12873606e+17 -5.22058446e+16  8.73e+11       4s
 Constructing starting basis...
   5   1.92e+05 2.90e+03   1.60861431e+17 -2.56634628e+16  3.62e+11       9s
   6   8.89e+04 1.45e+03   9.69772473e+16 -1.62919103e+16  1.98e+11      10s
   7   4.96e+04 7.82e+02   6.19683095e+16 -1.01162824e+16  1.17e+11      12s
   8   3.48e+04 3.59e+02   4.77413033e+16 -6.10381143e+15  8.13e+10      14s
   9   2.74e+04 1.49e+02   3.95883550e+16 -3.60946309e+15  6.19e+10      17s
  10   2.15e+04 9.93e+01   3.24002279e+16 -2.83569363e+15  4.99e+10      19s
  11   1.78e+04 4.33e+01   2.87522099e+16 -2.41168977e+15  4.32e+10      21s
  12   1.52e+04 2.06e+01   2.52394247e+16 -1.64727024e+15  3.68e+10      23s
  13   1.03e+04 5.98e+00   2.00330411e+16 -1.65781191e+15  2.94e+10      25s
  14   1.65e+03 5.40e+00   9.46985242e+15 -1.62941186e+15  1.55e+10      27s
  15   1.14e+03 2.04e+00   7.35108490e+15 -9.05067350e+14  1.12e+10      29s
  16   9.33e+02 1.08e+00   6.24784452e+15 -5.93550490e+14  9.21e+09      31s
  17   5.84e+02 6.37e-01   4.05744369e+15 -3.77424029e+14  5.95e+09      34s
  18   1.79e+02 3.77e-01   1.49154419e+15 -2.49327243e+14  2.35e+09      35s
  19   4.27e+01 1.46e-01   5.24222187e+14 -1.18548404e+14  8.70e+08      38s
  20   1.33e+01 5.73e-02   2.13169493e+14 -5.27541718e+13  3.58e+08      40s
  21   5.05e+00 2.74e-02   1.01832864e+14 -2.77509719e+13  1.74e+08      42s
  22   1.72e+00 6.04e-03   4.57320539e+13 -7.97364224e+12  7.12e+07      44s
  23   5.09e-01 1.84e-03   1.69304583e+13 -2.88006889e+12  2.61e+07      46s
  24   1.45e-01 6.94e-04   6.00726006e+12 -1.20837896e+12  9.50e+06      48s
  25   5.11e-02 2.57e-04   2.84313515e+12 -5.23275169e+11  4.42e+06      50s
  26   1.82e-02 1.47e-04   1.78350369e+12 -3.56862662e+11  2.81e+06      52s
  27   1.05e-02 6.91e-05   1.23218731e+12 -1.85825691e+11  1.86e+06      55s
  28   6.60e-03 3.05e-05   9.53325972e+11 -1.03022833e+11  1.39e+06      57s
  29   4.81e-03 1.01e-05   7.48622137e+11 -3.37024128e+10  1.03e+06      59s
  30   3.28e-03 4.96e-06   6.02359416e+11 -2.32236189e+10  8.21e+05      61s
  31   2.27e-03 2.61e-06   4.71266036e+11 -1.08539074e+10  6.33e+05      63s
  32   5.14e-04 1.03e-06   3.14286097e+11 -9.59925803e+09  4.25e+05      66s
  33   2.33e-04 3.31e-07   1.71129699e+11  1.06483340e+10  2.11e+05      69s
  34   9.08e-05 1.50e-07   1.01561139e+11  1.56004291e+10  1.13e+05      72s
  35   4.81e-05 6.43e-08   7.32280454e+10  1.92206755e+10  7.09e+04      76s
  36   2.09e-05 3.86e-08   4.93768668e+10  2.08284234e+10  3.75e+04      80s
  37   6.11e-06 1.86e-08   3.74113344e+10  2.20270407e+10  2.02e+04      83s
  38   7.68e-07 9.31e-09   2.91979591e+10  2.27824524e+10  8.42e+03      86s
  39   5.54e-07 4.66e-09   2.62267131e+10  2.35421840e+10  3.52e+03      89s
  40   4.15e-07 2.79e-09   2.52095093e+10  2.38343736e+10  1.80e+03      92s
  41   5.04e-07 1.86e-09   2.47556338e+10  2.40165251e+10  9.70e+02      94s
  42   3.91e-07 1.86e-09   2.43628669e+10  2.40671485e+10  3.88e+02      96s
  43   2.75e-07 1.86e-09   2.42545057e+10  2.40847557e+10  2.23e+02      98s
  44   2.83e-07 1.86e-09   2.41870834e+10  2.40975439e+10  1.17e+02     100s
  45   2.80e-07 1.86e-09   2.41439456e+10  2.41095711e+10  4.51e+01     102s
  46   9.05e-07 1.86e-09   2.41234656e+10  2.41124197e+10  1.45e+01     103s
  47   4.14e-07 2.79e-09   2.41200362e+10  2.41133914e+10  8.72e+00     105s
  48   1.97e-07 2.79e-09   2.41157300e+10  2.41143957e+10  1.75e+00     107s
  49   3.97e-07 1.86e-09   2.41149468e+10  2.41147887e+10  2.07e-01     109s
  50   3.05e-07 1.86e-09   2.41148369e+10  2.41148211e+10  2.07e-02     110s
  51   3.16e-07 1.86e-09   2.41148310e+10  2.41148285e+10  3.27e-03     112s
  52   8.74e-07 1.86e-09   2.41148306e+10  2.41148304e+10  2.78e-04     114s
  53   7.26e-07 9.31e-10   2.41148306e+10  2.41148306e+10  5.49e-05     116s
  54*  5.29e-07 9.31e-10   2.41148306e+10  2.41148306e+10  9.88e-06     118s
Summary
    Runtime:                                            117.59s
    Status interior point solve:                        optimal
    Status crossover:                                   not run
    objective value:                                    2.41148306e+10
    interior solution primal residual (abs/rel):        5.36e-07 / 1.25e-15
    interior solution dual residual (abs/rel):          9.31e-10 / 1.51e-16
    interior solution objective gap (abs/rel):          5.94e+00 / 2.46e-10
Ipx: IPM       optimal
Model   status      : Optimal
IPM       iterations: 54
Objective value     :  2.4114830599e+10
HiGHS run time      :        125.37
Presolving model
439777 rows, 1134733 cols, 2766450 nonzeros
339749 rows, 698296 cols, 1892146 nonzeros
334564 rows, 391765 cols, 1277439 nonzeros
333540 rows, 390531 cols, 1274950 nonzeros
Presolve : Reductions: rows 333540(-8359797); columns 390531(-5342297); elements 1274950(-29727666)
Solving the presolved LP
IPX model has 333540 rows, 390531 columns and 1274950 nonzeros
Input
    Number of variables:                                390531
    Number of free variables:                           0
    Number of constraints:                              333540
    Number of equality constraints:                     28543
    Number of matrix entries:                           1274950
    Matrix range:                                       [1e-02, 1e+00]
    RHS range:                                          [4e+03, 4e+08]
    Objective range:                                    [3e-04, 6e+06]
    Bounds range:                                       [7e+05, 1e+08]
Preprocessing
    Dualized model:                                     no
    Number of dense columns:                            0
    Range of scaling factors:                           [1.00e+00, 2.00e+00]
IPX version 1.0
Interior Point Solve
 Iter     P.res    D.res            P.obj           D.obj        mu     Time
   0   6.32e+07 3.79e+05   7.16499106e+14 -7.23606957e+17  2.65e+13       0s
   1   1.59e+07 2.55e+05   7.23607633e+17 -6.16352956e+17  1.61e+13       0s
   2   8.20e+06 1.91e+05   9.58732774e+17 -5.92854799e+17  1.45e+13       1s
   3   3.70e+06 2.84e+04   7.73797140e+17 -1.26201742e+17  3.15e+12       2s
   4   6.41e+05 8.16e+03   3.23043283e+17 -4.99056725e+16  8.63e+11       4s
 Constructing starting basis...
   5   1.72e+05 2.87e+03   1.52582567e+17 -2.50779594e+16  3.38e+11       9s
   6   8.33e+04 1.29e+03   9.65554914e+16 -1.50970731e+16  1.86e+11      11s
   7   4.76e+04 6.90e+02   6.15472824e+16 -9.11484150e+15  1.10e+11      12s
   8   2.92e+04 3.22e+02   4.13418993e+16 -5.10902663e+15  6.86e+10      14s
   9   1.88e+04 1.07e+02   2.86367301e+16 -2.42945232e+15  4.36e+10      16s
  10   1.30e+04 4.36e+01   2.17182039e+16 -1.65646009e+15  3.22e+10      18s
  11   7.45e+03 1.84e+01   1.42069672e+16 -1.13093869e+15  2.09e+10      20s
  12   1.20e+03 3.33e+00   6.78323113e+15 -9.51402960e+14  1.03e+10      22s
  13   3.21e+02 1.18e+00   2.65955561e+15 -4.43962579e+14  4.15e+09      24s
  14   2.02e+02 7.13e-01   1.91934970e+15 -3.07155730e+14  2.98e+09      26s
  15   6.44e+01 4.65e-01   7.43665696e+14 -2.07321117e+14  1.28e+09      28s
  16   1.51e+01 1.66e-01   3.41950935e+14 -9.17714941e+13  5.84e+08      30s
  17   5.92e+00 1.00e-01   1.68907680e+14 -5.77273096e+13  3.06e+08      32s
  18   2.20e+00 4.84e-02   8.82822876e+13 -3.03085960e+13  1.60e+08      34s
  19   9.58e-01 2.71e-02   4.61818577e+13 -1.76361620e+13  8.57e+07      36s
  20   4.35e-01 1.55e-02   2.69424640e+13 -1.06199333e+13  5.03e+07      38s
  21   2.20e-01 4.65e-03   1.66554985e+13 -3.66731748e+12  2.69e+07      40s
  22   7.52e-02 1.36e-03   6.67510516e+12 -1.17315299e+12  1.03e+07      43s
  23   4.04e-02 5.50e-04   4.25770334e+12 -5.61916780e+11  6.34e+06      45s
  24   3.04e-02 2.95e-04   3.67136335e+12 -3.94297411e+11  5.34e+06      47s
  25   1.64e-02 1.82e-04   2.63654981e+12 -2.98618480e+11  3.85e+06      49s
  26   5.83e-03 3.20e-05   1.51653077e+12 -1.20652164e+11  2.15e+06      51s
  27   2.67e-03 1.25e-05   7.81311172e+11 -4.58294745e+10  1.09e+06      53s
  28   1.43e-03 2.64e-06   5.44581762e+11 -1.77969045e+10  7.38e+05      55s
  29   7.75e-04 1.21e-06   3.27275258e+11 -9.57106986e+08  4.31e+05      57s
  30   4.12e-04 3.93e-07   2.21068799e+11  6.32702184e+09  2.82e+05      60s
  31   3.09e-04 1.08e-07   1.80885757e+11  1.23335364e+10  2.21e+05      63s
  32   1.17e-04 4.00e-08   8.88537767e+10  1.59592470e+10  9.57e+04      65s
  33   3.39e-05 1.21e-08   4.71769100e+10  1.77119618e+10  3.87e+04      69s
  34   9.33e-06 6.52e-09   2.98140331e+10  1.85809966e+10  1.47e+04      72s
  35   2.77e-06 3.73e-09   2.36353354e+10  1.91698734e+10  5.86e+03      75s
  36   1.01e-06 1.86e-09   2.14251663e+10  1.94445183e+10  2.60e+03      77s
  37   3.58e-07 1.86e-09   2.05100643e+10  1.95702119e+10  1.23e+03      79s
  38   3.57e-07 1.86e-09   1.99751488e+10  1.96217743e+10  4.64e+02      82s
  39   5.94e-07 1.86e-09   1.98000010e+10  1.96385485e+10  2.12e+02      84s
  40   3.68e-07 1.86e-09   1.97337326e+10  1.96612774e+10  9.51e+01      86s
  41   3.37e-07 1.86e-09   1.96824137e+10  1.96669123e+10  2.03e+01      88s
  42   5.46e-07 1.86e-09   1.96716934e+10  1.96685071e+10  4.18e+00      90s
  43   3.19e-07 1.86e-09   1.96692276e+10  1.96688885e+10  4.45e-01      91s
  44   4.39e-07 1.86e-09   1.96690263e+10  1.96689789e+10  6.22e-02      93s
  45   6.03e-07 1.86e-09   1.96690202e+10  1.96690002e+10  2.62e-02      95s
  46   4.53e-07 2.79e-09   1.96690161e+10  1.96690056e+10  1.39e-02      97s
  47   4.48e-07 1.86e-09   1.96690130e+10  1.96690069e+10  7.97e-03      98s
  48   5.42e-07 1.86e-09   1.96690101e+10  1.96690096e+10  6.54e-04     100s
  49   2.53e-06 1.86e-09   1.96690098e+10  1.96690097e+10  9.54e-05     102s
  50*  2.52e-06 9.31e-10   1.96690097e+10  1.96690097e+10  8.73e-06     104s
Summary
    Runtime:                                            104.04s
    Status interior point solve:                        optimal
    Status crossover:                                   not run
    objective value:                                    1.96690097e+10
    interior solution primal residual (abs/rel):        2.38e-06 / 5.57e-15
    interior solution dual residual (abs/rel):          9.31e-10 / 1.51e-16
    interior solution objective gap (abs/rel):          6.35e+00 / 3.23e-10
Ipx: IPM       optimal
Model   status      : Optimal
IPM       iterations: 50
Objective value     :  1.9669009742e+10
HiGHS run time      :        111.97
Presolving model
439777 rows, 1134733 cols, 2766450 nonzeros
339749 rows, 698296 cols, 1892146 nonzeros
334564 rows, 391765 cols, 1277439 nonzeros
333540 rows, 390531 cols, 1274950 nonzeros
Presolve : Reductions: rows 333540(-8374827); columns 390531(-5342297); elements 1274950(-29742696)
Solving the presolved LP
IPX model has 333540 rows, 390531 columns and 1274950 nonzeros
Input
    Number of variables:                                390531
    Number of free variables:                           0
    Number of constraints:                              333540
    Number of equality constraints:                     28543
    Number of matrix entries:                           1274950
    Matrix range:                                       [1e-02, 1e+00]
    RHS range:                                          [4e+03, 4e+08]
    Objective range:                                    [3e-04, 6e+06]
    Bounds range:                                       [7e+05, 1e+08]
Preprocessing
    Dualized model:                                     no
    Number of dense columns:                            0
    Range of scaling factors:                           [1.00e+00, 2.00e+00]
IPX version 1.0
Interior Point Solve
 Iter     P.res    D.res            P.obj           D.obj        mu     Time
   0   6.32e+07 3.78e+05   7.20256102e+14 -7.23467466e+17  2.65e+13       0s
   1   1.60e+07 2.55e+05   7.25395786e+17 -6.16211126e+17  1.61e+13       0s
   2   8.20e+06 1.91e+05   9.62079498e+17 -5.92687970e+17  1.45e+13       1s
   3   3.77e+06 2.84e+04   7.79870596e+17 -1.26039602e+17  3.17e+12       2s
   4   6.46e+05 8.09e+03   3.24476539e+17 -4.97195761e+16  8.62e+11       4s
 Constructing starting basis...
   5   1.73e+05 2.85e+03   1.53312836e+17 -2.50432224e+16  3.37e+11       9s
   6   8.39e+04 1.26e+03   9.69327653e+16 -1.49546606e+16  1.86e+11      10s
   7   4.80e+04 7.01e+02   6.22074474e+16 -9.37278622e+15  1.12e+11      12s
   8   2.91e+04 3.41e+02   4.09788005e+16 -5.27778420e+15  6.85e+10      14s
   9   1.79e+04 1.11e+02   2.75258420e+16 -2.48554429e+15  4.22e+10      16s
  10   1.20e+04 5.15e+01   2.04477150e+16 -1.74864305e+15  3.07e+10      18s
  11   6.89e+03 2.45e+01   1.33851682e+16 -1.18375339e+15  1.99e+10      20s
  12   1.51e+03 8.61e+00   6.84756002e+15 -9.63765336e+14  1.06e+10      22s
  13   4.25e+02 3.70e+00   2.69148590e+15 -4.96120003e+14  4.33e+09      24s
  14   1.43e+02 1.98e+00   1.36666005e+15 -3.10778967e+14  2.29e+09      26s
  15   4.73e+01 7.79e-01   6.77060224e+14 -1.48254510e+14  1.12e+09      28s
  16   1.74e+01 3.66e-01   3.17315467e+14 -7.56282597e+13  5.33e+08      30s
  17   6.23e+00 1.93e-01   1.51225270e+14 -4.30077238e+13  2.64e+08      32s
  18   2.22e+00 9.79e-02   7.47721862e+13 -2.36924095e+13  1.34e+08      34s
  19   8.38e-01 5.39e-02   3.86318803e+13 -1.39150561e+13  7.13e+07      36s
  20   2.68e-01 2.68e-02   2.04361163e+13 -7.59510670e+12  3.79e+07      38s
  21   6.91e-02 4.98e-03   7.41929428e+12 -1.64825266e+12  1.20e+07      41s
  22   3.80e-02 2.33e-03   4.63465607e+12 -8.31632348e+11  7.23e+06      43s
  23   2.56e-02 1.34e-03   3.75355057e+12 -5.64084923e+11  5.69e+06      45s
  24   1.44e-02 5.40e-04   2.83058057e+12 -3.27184143e+11  4.15e+06      46s
  25   5.38e-03 2.80e-04   1.78231821e+12 -2.23089064e+11  2.63e+06      48s
  26   1.77e-03 8.37e-05   7.05484155e+11 -6.61105828e+10  1.01e+06      51s
  27   7.12e-04 2.77e-05   3.97843695e+11 -2.26318071e+10  5.52e+05      53s
  28   2.68e-04 1.55e-05   2.77833766e+11 -1.38438343e+10  3.83e+05      55s
  29   1.56e-04 5.75e-06   1.91578957e+11  2.94093914e+09  2.48e+05      57s
  30   7.54e-05 2.00e-06   1.31898336e+11  9.04920230e+09  1.61e+05      59s
  31   4.51e-05 4.03e-07   1.01769872e+11  1.34876480e+10  1.16e+05      63s
  32   1.14e-05 8.01e-08   4.94015563e+10  1.67933802e+10  4.28e+04      65s
  33   2.71e-06 2.70e-08   2.88410020e+10  1.81082699e+10  1.41e+04      69s
  34   6.85e-07 1.02e-08   2.30361514e+10  1.86257734e+10  5.79e+03      72s
  35   2.74e-07 4.66e-09   2.09978382e+10  1.89238754e+10  2.72e+03      74s
  36   8.24e-07 1.86e-09   1.99706138e+10  1.90550607e+10  1.20e+03      76s
  37   3.77e-07 1.86e-09   1.94902431e+10  1.91037892e+10  5.07e+02      79s
  38   1.04e-06 1.86e-09   1.92736164e+10  1.91229768e+10  1.98e+02      81s
  39   4.85e-07 1.86e-09   1.91937405e+10  1.91419345e+10  6.80e+01      83s
  40   3.68e-07 1.86e-09   1.91656708e+10  1.91465994e+10  2.50e+01      85s
  41   3.87e-07 1.86e-09   1.91518169e+10  1.91480736e+10  4.91e+00      87s
  42   8.14e-07 1.86e-09   1.91490973e+10  1.91487698e+10  4.30e-01      88s
  43   5.95e-07 1.86e-09   1.91490127e+10  1.91488244e+10  2.47e-01      90s
  44   2.94e-07 1.86e-09   1.91489060e+10  1.91488357e+10  9.23e-02      92s
  45   5.34e-07 1.86e-09   1.91488607e+10  1.91488380e+10  2.98e-02      94s
  46   3.66e-07 1.86e-09   1.91488526e+10  1.91488482e+10  5.75e-03      96s
  47   8.68e-07 1.86e-09   1.91488518e+10  1.91488505e+10  1.68e-03      98s
  48   1.82e-06 1.86e-09   1.91488516e+10  1.91488514e+10  2.33e-04     100s
  49*  1.50e-06 9.31e-10   1.91488516e+10  1.91488516e+10  2.28e-05     102s
Summary
    Runtime:                                            101.57s
    Status interior point solve:                        optimal
    Status crossover:                                   not run
    objective value:                                    1.91488516e+10
    interior solution primal residual (abs/rel):        8.94e-07 / 2.09e-15
    interior solution dual residual (abs/rel):          9.31e-10 / 1.51e-16
    interior solution objective gap (abs/rel):          1.51e+01 / 7.89e-10
Ipx: IPM       optimal
Model   status      : Optimal
IPM       iterations: 49
Objective value     :  1.9148851589e+10
HiGHS run time      :        109.23
