Running HiGHS 1.6.0: Copyright (c) 2023 HiGHS under MIT licence terms
Presolving model
6207 rows, 26411 cols, 56747 nonzeros
5972 rows, 9987 cols, 23554 nonzeros
5855 rows, 9846 cols, 23296 nonzeros
Presolve : Reductions: rows 5855(-436436); columns 9846(-235266); elements 23296(-1103842)
Solving the presolved LP
IPX model has 5855 rows, 9846 columns and 23296 nonzeros
Input
    Number of variables:                                9846
    Number of free variables:                           0
    Number of constraints:                              5855
    Number of equality constraints:                     2675
    Number of matrix entries:                           23296
    Matrix range:                                       [1e-02, 1e+00]
    RHS range:                                          [2e+05, 1e+07]
    Objective range:                                    [4e-04, 3e+01]
    Bounds range:                                       [2e+05, 1e+08]
Preprocessing
    Dualized model:                                     no
    Number of dense columns:                            0
    Range of scaling factors:                           [1.00e+00, 2.00e+00]
IPX version 1.0
Interior Point Solve
 Iter     P.res    D.res            P.obj           D.obj        mu     Time
   0   5.47e+06 8.07e+00   4.54588952e+08 -1.02966516e+12  9.71e+07       0s
   1   9.00e+05 3.24e+00   3.12342588e+10 -4.24180436e+11  3.45e+07       0s
   2   4.12e+05 2.95e+00   4.08602477e+10 -3.89027724e+11  3.33e+07       0s
   3   2.54e+05 3.20e-01   3.10744298e+10 -4.06508461e+10  5.47e+06       0s
   4   9.24e+04 4.45e-02   1.37997196e+10 -6.07660172e+09  1.46e+06       0s
   5   3.44e+04 6.42e-03   6.13262633e+09 -5.12759056e+08  4.79e+05       0s
 Constructing starting basis...
   6   1.00e+04 9.96e-04   3.08095182e+09  9.58373434e+08  1.59e+05       0s
   7   3.69e+03 4.07e-04   2.44225644e+09  1.43784745e+09  7.38e+04       0s
   8   6.70e+02 3.58e-04   2.41136281e+09  1.47039369e+09  6.50e+04       0s
   9   2.92e+02 1.39e-04   2.14333944e+09  1.68924233e+09  3.10e+04       0s
  10   1.55e+02 9.46e-05   2.04491260e+09  1.72854040e+09  2.15e+04       0s
  11   5.42e+01 4.01e-05   1.92842398e+09  1.79033759e+09  9.31e+03       0s
  12   3.72e+01 2.56e-05   1.90878795e+09  1.80400801e+09  7.05e+03       0s
  13   2.02e+01 1.88e-05   1.89102570e+09  1.81008775e+09  5.43e+03       0s
  14   1.05e+01 1.14e-05   1.87479380e+09  1.81843968e+09  3.77e+03       0s
  15   2.98e+00 4.26e-06   1.85972244e+09  1.82740061e+09  2.16e+03       0s
  16   1.40e+00 2.23e-06   1.84966880e+09  1.83200639e+09  1.18e+03       0s
  17   4.61e-01 1.53e-06   1.84404595e+09  1.83347725e+09  7.04e+02       0s
  18   2.56e-01 4.86e-07   1.84157237e+09  1.83622147e+09  3.57e+02       0s
  19   1.06e-01 3.48e-07   1.84012447e+09  1.83652853e+09  2.40e+02       0s
  20   4.96e-02 1.81e-07   1.83914090e+09  1.83703042e+09  1.41e+02       0s
  21   1.65e-02 1.08e-07   1.83851649e+09  1.83725746e+09  8.38e+01       0s
  22   1.16e-02 5.35e-08   1.83845602e+09  1.83740718e+09  6.98e+01       0s
  23   1.84e-03 1.79e-08   1.83791352e+09  1.83760453e+09  2.06e+01       0s
  24   3.20e-04 5.24e-09   1.83776975e+09  1.83768899e+09  5.38e+00       0s
  25   1.51e-04 5.75e-10   1.83774890e+09  1.83772212e+09  1.78e+00       0s
  26   2.93e-05 7.11e-15   1.83773500e+09  1.83772588e+09  6.07e-01       0s
  27   9.83e-07 7.11e-15   1.83772742e+09  1.83772690e+09  3.46e-02       0s
  28   1.19e-07 7.11e-15   1.83772718e+09  1.83772712e+09  4.03e-03       0s
  29   2.98e-08 5.77e-15   1.83772715e+09  1.83772715e+09  2.74e-04       0s
  30*  2.98e-08 7.11e-15   1.83772715e+09  1.83772715e+09  3.66e-05       0s
Summary
    Runtime:                                            0.28s
    Status interior point solve:                        optimal
    Status crossover:                                   not run
    objective value:                                    1.83772715e+09
    interior solution primal residual (abs/rel):        2.98e-08 / 2.04e-16
    interior solution dual residual (abs/rel):          7.13e-12 / 2.30e-13
    interior solution objective gap (abs/rel):          5.49e-01 / 2.99e-10
Ipx: IPM       optimal
Model   status      : Optimal
IPM       iterations: 30
Objective value     :  1.8748391162e+09
HiGHS run time      :          0.58
Presolving model
6207 rows, 26411 cols, 56747 nonzeros
5972 rows, 9987 cols, 23554 nonzeros
5855 rows, 9846 cols, 23296 nonzeros
Presolve : Reductions: rows 5855(-436436); columns 9846(-235266); elements 23296(-1103842)
Solving the presolved LP
IPX model has 5855 rows, 9846 columns and 23296 nonzeros
Input
    Number of variables:                                9846
    Number of free variables:                           0
    Number of constraints:                              5855
    Number of equality constraints:                     2675
    Number of matrix entries:                           23296
    Matrix range:                                       [1e-02, 1e+00]
    RHS range:                                          [2e+05, 1e+07]
    Objective range:                                    [4e-04, 6e+05]
    Bounds range:                                       [2e+05, 1e+08]
Preprocessing
    Dualized model:                                     no
    Number of dense columns:                            0
    Range of scaling factors:                           [1.00e+00, 2.00e+00]
IPX version 1.0
Interior Point Solve
 Iter     P.res    D.res            P.obj           D.obj        mu     Time
   0   5.78e+06 2.47e+05   4.38012655e+12 -3.30399528e+16  3.09e+12       0s
   1   1.55e+06 1.67e+05   5.66733749e+14 -2.28002604e+16  1.93e+12       0s
   2   7.56e+05 9.39e+04   9.31172583e+14 -1.41239122e+16  1.37e+12       0s
   3   2.48e+05 1.41e+04   6.47348605e+14 -2.13999591e+15  2.52e+11       0s
   4   5.52e+04 2.65e+03   2.42501503e+14 -4.38702238e+14  5.69e+10       0s
   5   2.02e+04 5.20e+02   9.76346379e+13 -1.01013356e+14  1.62e+10       0s
 Constructing starting basis...
   6   4.44e+03 5.97e+01   1.90459682e+13 -2.18308366e+13  3.22e+09       0s
   7   1.29e+03 1.60e+01   5.94277494e+12 -6.76874689e+12  1.00e+09       0s
   8   2.44e+02 4.44e+00   1.94096875e+12 -1.57448807e+12  2.81e+08       0s
   9   5.15e+01 8.01e-01   5.62072794e+11 -3.63669131e+11  7.23e+07       0s
  10   1.13e+01 2.17e-01   1.71126496e+11 -9.96290663e+10  2.14e+07       0s
  11   5.30e+00 8.87e-02   1.04455594e+11 -4.94404427e+10  1.22e+07       0s
  12   2.21e+00 3.77e-02   5.38529679e+10 -2.26464929e+10  6.00e+06       0s
  13   9.58e-01 5.41e-03   2.75747370e+10 -3.19415420e+09  2.18e+06       0s
  14   3.18e-01 1.94e-03   1.24259954e+10 -7.18090638e+08  9.16e+05       0s
  15   1.04e-01 3.99e-04   5.39408506e+09  9.01608699e+08  3.04e+05       0s
  16   2.55e-02 1.35e-04   2.86100715e+09  1.18380980e+09  1.13e+05       0s
  17   7.24e-03 4.09e-05   1.96270619e+09  1.34347164e+09  4.14e+04       0s
  18   1.92e-03 1.41e-05   1.59066642e+09  1.40855019e+09  1.22e+04       0s
  19   5.43e-04 4.10e-06   1.50774980e+09  1.43222132e+09  5.04e+03       0s
  20   1.28e-04 1.43e-06   1.46831928e+09  1.44156465e+09  1.78e+03       0s
  21   4.24e-05 5.62e-07   1.45625403e+09  1.44554734e+09  7.13e+02       0s
  22   1.33e-05 2.37e-07   1.45140030e+09  1.44717750e+09  2.81e+02       0s
  23   2.18e-06 9.19e-08   1.44959657e+09  1.44791090e+09  1.12e+02       0s
  24   4.77e-07 3.62e-08   1.44880143e+09  1.44828931e+09  3.41e+01       0s
  25   1.19e-07 5.36e-09   1.44859884e+09  1.44850478e+09  6.26e+00       0s
  26   5.96e-08 1.34e-09   1.44855732e+09  1.44853427e+09  1.53e+00       0s
  27   2.98e-08 2.33e-10   1.44854479e+09  1.44854245e+09  1.56e-01       0s
  28   2.98e-08 1.16e-10   1.44854364e+09  1.44854321e+09  2.86e-02       0s
  29   3.35e-08 1.16e-10   1.44854348e+09  1.44854340e+09  4.81e-03       0s
  30   2.98e-08 1.16e-10   1.44854345e+09  1.44854343e+09  1.26e-03       0s
  31   2.98e-08 1.16e-10   1.44854344e+09  1.44854344e+09  2.62e-04       0s
  32*  2.98e-08 1.16e-10   1.44854344e+09  1.44854344e+09  5.07e-05       0s
Summary
    Runtime:                                            0.36s
    Status interior point solve:                        optimal
    Status crossover:                                   not run
    objective value:                                    1.44854344e+09
    interior solution primal residual (abs/rel):        4.28e-08 / 2.93e-16
    interior solution dual residual (abs/rel):          1.16e-10 / 1.88e-16
    interior solution objective gap (abs/rel):          7.61e-01 / 5.25e-10
Ipx: IPM       optimal
Model   status      : Optimal
IPM       iterations: 32
Objective value     :  1.4712627232e+09
HiGHS run time      :          0.61
Presolving model
6207 rows, 26411 cols, 56747 nonzeros
5972 rows, 9987 cols, 23554 nonzeros
5855 rows, 9846 cols, 23296 nonzeros
Presolve : Reductions: rows 5855(-436436); columns 9846(-235266); elements 23296(-1103842)
Solving the presolved LP
IPX model has 5855 rows, 9846 columns and 23296 nonzeros
Input
    Number of variables:                                9846
    Number of free variables:                           0
    Number of constraints:                              5855
    Number of equality constraints:                     2675
    Number of matrix entries:                           23296
    Matrix range:                                       [1e-02, 1e+00]
    RHS range:                                          [2e+05, 1e+07]
    Objective range:                                    [4e-04, 6e+05]
    Bounds range:                                       [2e+05, 1e+08]
Preprocessing
    Dualized model:                                     no
    Number of dense columns:                            0
    Range of scaling factors:                           [1.00e+00, 2.00e+00]
IPX version 1.0
Interior Point Solve
 Iter     P.res    D.res            P.obj           D.obj        mu     Time
   0   5.75e+06 2.50e+05   8.57534507e+12 -3.32820201e+16  3.12e+12       0s
   1   1.62e+06 1.68e+05   6.31948579e+14 -2.28660093e+16  1.94e+12       0s
   2   7.70e+05 9.35e+04   1.05191111e+15 -1.40400961e+16  1.36e+12       0s
   3   3.03e+05 1.39e+04   7.56019028e+14 -2.10872156e+15  2.64e+11       0s
   4   7.26e+04 2.89e+03   2.99579157e+14 -4.80018190e+14  6.60e+10       0s
   5   2.15e+04 8.32e+02   1.05021525e+14 -1.52753751e+14  2.09e+10       0s
 Constructing starting basis...
   6   3.79e+03 3.46e+02   1.96075835e+13 -7.05248382e+13  8.51e+09       0s
   7   8.37e+02 1.56e+02   1.42140773e+13 -3.34644262e+13  4.61e+09       0s
   8   3.64e+02 5.37e+01   1.07107695e+13 -1.46501611e+13  2.32e+09       0s
   9   1.21e+02 2.71e+01   6.10032161e+12 -8.23482383e+12  1.38e+09       0s
  10   4.75e+01 1.26e+01   3.97559299e+12 -4.62877741e+12  8.37e+08       0s
  11   2.11e+01 4.60e+00   2.58835963e+12 -2.18143486e+12  4.40e+08       0s
  12   3.16e+00 8.18e-02   7.60228837e+11 -2.23990092e+11  6.82e+07       0s
  13   2.57e-01 2.86e-02   1.82890253e+11 -1.01874468e+11  2.19e+07       0s
  14   5.45e-02 2.63e-03   4.78378681e+10 -8.83887182e+09  3.97e+06       0s
  15   1.42e-02 6.85e-04   1.64806138e+10 -1.97685341e+09  1.26e+06       0s
  16   2.54e-03 1.92e-04   4.78169936e+09  1.76465239e+08  3.09e+05       0s
  17   7.50e-04 6.72e-05   2.76955976e+09  7.67222347e+08  1.34e+05       0s
  18   1.83e-04 1.06e-05   1.65737884e+09  1.13037402e+09  3.51e+04       0s
  19   4.47e-05 4.35e-06   1.33648702e+09  1.18158580e+09  1.03e+04       0s
  20   1.60e-05 1.38e-06   1.28025128e+09  1.20557106e+09  4.97e+03       0s
  21   2.32e-06 5.96e-07   1.24153774e+09  1.21385984e+09  1.84e+03       0s
  22   8.94e-07 2.07e-07   1.23204199e+09  1.21941435e+09  8.40e+02       0s
  23   2.68e-07 1.05e-07   1.22610743e+09  1.22113635e+09  3.31e+02       0s
  24   1.19e-07 3.97e-08   1.22442065e+09  1.22229741e+09  1.41e+02       0s
  25   2.98e-08 1.18e-08   1.22350602e+09  1.22278115e+09  4.82e+01       0s
  26   2.98e-08 2.33e-09   1.22316149e+09  1.22301015e+09  1.01e+01       0s
  27   2.98e-08 3.49e-10   1.22309222e+09  1.22306152e+09  2.04e+00       0s
  28   2.98e-08 1.16e-10   1.22307024e+09  1.22306666e+09  2.38e-01       0s
  29   2.98e-08 2.33e-10   1.22306786e+09  1.22306733e+09  3.53e-02       0s
  30   2.98e-08 1.16e-10   1.22306751e+09  1.22306744e+09  4.81e-03       0s
  31   2.98e-08 1.16e-10   1.22306749e+09  1.22306748e+09  8.56e-04       0s
  32*  7.08e-08 1.16e-10   1.22306748e+09  1.22306748e+09  6.05e-05       0s
Summary
    Runtime:                                            0.35s
    Status interior point solve:                        optimal
    Status crossover:                                   not run
    objective value:                                    1.22306748e+09
    interior solution primal residual (abs/rel):        9.03e-08 / 6.19e-16
    interior solution dual residual (abs/rel):          1.16e-10 / 1.88e-16
    interior solution objective gap (abs/rel):          9.37e-01 / 7.66e-10
Ipx: IPM       optimal
Model   status      : Optimal
IPM       iterations: 32
Objective value     :  1.2457867633e+09
HiGHS run time      :          0.62
Presolving model
6207 rows, 26411 cols, 56747 nonzeros
5972 rows, 9987 cols, 23554 nonzeros
5855 rows, 9846 cols, 23296 nonzeros
Presolve : Reductions: rows 5855(-436436); columns 9846(-235266); elements 23296(-1103842)
Solving the presolved LP
IPX model has 5855 rows, 9846 columns and 23296 nonzeros
Input
    Number of variables:                                9846
    Number of free variables:                           0
    Number of constraints:                              5855
    Number of equality constraints:                     2675
    Number of matrix entries:                           23296
    Matrix range:                                       [1e-02, 1e+00]
    RHS range:                                          [2e+05, 1e+07]
    Objective range:                                    [4e-04, 6e+05]
    Bounds range:                                       [2e+05, 1e+08]
Preprocessing
    Dualized model:                                     no
    Number of dense columns:                            0
    Range of scaling factors:                           [1.00e+00, 2.00e+00]
IPX version 1.0
Interior Point Solve
 Iter     P.res    D.res            P.obj           D.obj        mu     Time
   0   5.75e+06 2.50e+05   8.72512524e+12 -3.32806182e+16  3.12e+12       0s
   1   1.62e+06 1.68e+05   6.32031099e+14 -2.28649823e+16  1.94e+12       0s
   2   7.70e+05 9.35e+04   1.05200500e+15 -1.40393716e+16  1.36e+12       0s
   3   3.03e+05 1.39e+04   7.56046715e+14 -2.10849181e+15  2.64e+11       0s
   4   7.26e+04 2.89e+03   2.99679643e+14 -4.79731097e+14  6.60e+10       0s
   5   2.15e+04 8.31e+02   1.05025992e+14 -1.52688126e+14  2.09e+10       0s
 Constructing starting basis...
   6   3.39e+03 3.41e+02   1.78075966e+13 -6.98557255e+13  8.31e+09       0s
   7   1.06e+03 1.66e+02   1.46474091e+13 -3.48905480e+13  4.78e+09       0s
   8   4.70e+02 5.17e+01   1.11363163e+13 -1.44853421e+13  2.31e+09       0s
   9   1.51e+02 2.66e+01   6.07075661e+12 -8.20576955e+12  1.36e+09       0s
  10   5.88e+01 1.27e+01   3.92783944e+12 -4.64776404e+12  8.31e+08       0s
  11   2.86e+01 4.10e+00   2.68604018e+12 -2.05407063e+12  4.22e+08       0s
  12   4.76e+00 1.06e-01   7.79398710e+11 -2.18186430e+11  6.99e+07       0s
  13   3.41e-01 1.55e-02   1.43449555e+11 -5.33704182e+10  1.42e+07       0s
  14   8.74e-02 1.47e-03   4.61383191e+10 -5.94746305e+09  3.55e+06       0s
  15   3.17e-02 2.20e-04   1.85657915e+10 -1.44932663e+08  1.25e+06       0s
  16   7.92e-03 3.70e-05   5.74912873e+09  9.15326376e+08  3.22e+05       0s
  17   1.03e-03 9.47e-06   2.35234645e+09  1.05125024e+09  8.67e+04       0s
  18   1.81e-04 2.30e-06   1.55377317e+09  1.15321189e+09  2.67e+04       0s
  19   6.03e-05 7.49e-07   1.33826231e+09  1.19627794e+09  9.45e+03       0s
  20   1.62e-05 2.41e-07   1.26789905e+09  1.21028615e+09  3.83e+03       0s
  21   4.11e-06 1.05e-07   1.23942319e+09  1.21587712e+09  1.57e+03       0s
  22   1.01e-06 3.82e-08   1.22788916e+09  1.21951391e+09  5.57e+02       0s
  23   2.98e-07 1.34e-08   1.22420174e+09  1.22107609e+09  2.08e+02       0s
  24   5.96e-08 5.24e-09   1.22289232e+09  1.22160970e+09  8.54e+01       0s
  25   2.98e-08 1.51e-09   1.22229607e+09  1.22195112e+09  2.30e+01       0s
  26   2.98e-08 3.49e-10   1.22212024e+09  1.22207332e+09  3.12e+00       0s
  27   2.98e-08 1.16e-10   1.22209387e+09  1.22208800e+09  3.91e-01       0s
  28   2.98e-08 2.33e-10   1.22209086e+09  1.22209006e+09  5.35e-02       0s
  29   2.98e-08 1.16e-10   1.22209037e+09  1.22209027e+09  7.13e-03       0s
  30   2.98e-08 2.33e-10   1.22209032e+09  1.22209029e+09  2.26e-03       0s
  31   5.22e-08 1.16e-10   1.22209030e+09  1.22209029e+09  1.95e-04       0s
  32*  2.05e-07 2.33e-10   1.22209030e+09  1.22209030e+09  1.76e-05       0s
Summary
    Runtime:                                            0.35s
    Status interior point solve:                        optimal
    Status crossover:                                   not run
    objective value:                                    1.22209030e+09
    interior solution primal residual (abs/rel):        2.81e-07 / 1.93e-15
    interior solution dual residual (abs/rel):          2.33e-10 / 3.76e-16
    interior solution objective gap (abs/rel):          2.46e-01 / 2.01e-10
Ipx: IPM       optimal
Model   status      : Optimal
IPM       iterations: 32
Objective value     :  1.2448095781e+09
HiGHS run time      :          0.60
Running HiGHS 1.6.0: Copyright (c) 2023 HiGHS under MIT licence terms
Presolving model
7007 rows, 28461 cols, 61664 nonzeros
6730 rows, 11741 cols, 27091 nonzeros
6613 rows, 10804 cols, 25241 nonzeros
Presolve : Reductions: rows 6613(-435893); columns 10804(-234523); elements 25241(-1105692)
Solving the presolved LP
IPX model has 6613 rows, 10804 columns and 25241 nonzeros
Input
    Number of variables:                                10804
    Number of free variables:                           0
    Number of constraints:                              6613
    Number of equality constraints:                     2847
    Number of matrix entries:                           25241
    Matrix range:                                       [1e-02, 1e+00]
    RHS range:                                          [3e+05, 6e+07]
    Objective range:                                    [3e-04, 4e+05]
    Bounds range:                                       [5e+04, 1e+08]
Preprocessing
    Dualized model:                                     no
    Number of dense columns:                            0
    Range of scaling factors:                           [1.00e+00, 2.00e+00]
IPX version 1.0
Interior Point Solve
 Iter     P.res    D.res            P.obj           D.obj        mu     Time
   0   9.34e+06 1.73e+05   3.00595294e+13 -2.65097058e+16  2.84e+12       0s
   1   2.45e+06 1.14e+05   1.03697237e+15 -1.82203432e+16  1.65e+12       0s
   2   1.08e+06 5.59e+04   1.40434880e+15 -1.04493197e+16  1.04e+12       0s
   3   4.76e+05 5.71e+03   9.51315394e+14 -1.10550239e+15  1.82e+11       0s
   4   1.01e+05 1.25e+03   3.08820475e+14 -3.00568203e+14  4.61e+10       0s
   5   3.85e+04 3.57e+02   1.43392072e+14 -9.31115806e+13  1.73e+10       0s
 Constructing starting basis...
   6   1.21e+04 1.06e+02   7.14075126e+13 -1.44368258e+13  6.21e+09       0s
   7   6.98e+03 5.60e+01   6.13205491e+13  5.14084981e+12  4.08e+09       0s
   8   5.95e+03 5.00e+01   6.02525697e+13  8.05536436e+12  3.87e+09       0s
   9   2.62e+03 2.24e+01   5.03226361e+13  2.12146765e+13  2.16e+09       0s
  10   7.94e+02 1.04e+01   4.33522139e+13  2.89562815e+13  1.10e+09       0s
  11   6.80e+02 7.98e+00   4.29783386e+13  2.99264007e+13  9.94e+08       0s
  12   3.67e+02 4.33e+00   4.12429926e+13  3.31987720e+13  6.14e+08       0s
  13   4.68e+01 1.04e+00   3.88067956e+13  3.65628054e+13  1.71e+08       0s
  14   1.90e+01 3.87e-01   3.83902997e+13  3.73499590e+13  7.75e+07       0s
  15   9.54e+00 2.15e-01   3.82432841e+13  3.75313339e+13  5.38e+07       0s
  16   7.68e+00 1.15e-01   3.82115606e+13  3.76516062e+13  4.00e+07       0s
  17   5.96e+00 9.14e-02   3.81744369e+13  3.76920866e+13  3.48e+07       0s
  18   3.24e+00 3.37e-02   3.80775633e+13  3.78325887e+13  1.68e+07       0s
  19   1.95e+00 1.09e-02   3.80375140e+13  3.78787677e+13  1.02e+07       0s
  20   8.56e-01 4.33e-03   3.79870942e+13  3.79053484e+13  5.09e+06       0s
  21   6.61e-02 5.23e-04   3.79426972e+13  3.79253181e+13  1.03e+06       0s
  22   1.13e-02 9.09e-05   3.79334290e+13  3.79302659e+13  1.84e+05       0s
  23   2.50e-03 3.21e-05   3.79318746e+13  3.79309445e+13  5.38e+04       0s
  24   6.37e-04 1.51e-05   3.79315024e+13  3.79311297e+13  2.15e+04       0s
  25   2.30e-04 7.45e-06   3.79314056e+13  3.79312168e+13  1.09e+04       0s
  26   8.86e-05 4.16e-06   3.79313681e+13  3.79312556e+13  6.50e+03       0s
  27   4.97e-05 2.09e-06   3.79313530e+13  3.79312820e+13  4.09e+03       0s
  28   9.33e-06 7.89e-07   3.79313317e+13  3.79313005e+13  1.80e+03       0s
  29   3.52e-06 3.48e-07   3.79313237e+13  3.79313086e+13  8.75e+02       0s
  30   6.26e-07 1.33e-07   3.79313189e+13  3.79313127e+13  3.59e+02       0s
  31   1.49e-07 4.31e-08   3.79313169e+13  3.79313149e+13  1.16e+02       0s
  32   1.04e-07 8.79e-09   3.79313163e+13  3.79313158e+13  2.97e+01       0s
  33   2.98e-08 2.39e-09   3.79313162e+13  3.79313160e+13  1.03e+01       0s
  34   4.47e-08 1.22e-09   3.79313161e+13  3.79313161e+13  3.99e+00       0s
  35*  4.47e-08 2.33e-10   3.79313161e+13  3.79313161e+13  7.09e-01       0s
Summary
    Runtime:                                            0.45s
    Status interior point solve:                        optimal
    Status crossover:                                   not run
    objective value:                                    3.79313161e+13
    interior solution primal residual (abs/rel):        2.38e-07 / 1.63e-15
    interior solution dual residual (abs/rel):          6.98e-10 / 1.81e-15
    interior solution objective gap (abs/rel):          1.23e+04 / 3.24e-10
Ipx: IPM       optimal
Model   status      : Optimal
IPM       iterations: 35
Objective value     :  3.9850939595e+13
HiGHS run time      :          0.74
Presolving model
7007 rows, 28461 cols, 61664 nonzeros
6730 rows, 11741 cols, 27091 nonzeros
6613 rows, 10804 cols, 25241 nonzeros
Presolve : Reductions: rows 6613(-435893); columns 10804(-234523); elements 25241(-1105692)
Solving the presolved LP
IPX model has 6613 rows, 10804 columns and 25241 nonzeros
Input
    Number of variables:                                10804
    Number of free variables:                           0
    Number of constraints:                              6613
    Number of equality constraints:                     2847
    Number of matrix entries:                           25241
    Matrix range:                                       [1e-02, 1e+00]
    RHS range:                                          [3e+05, 6e+07]
    Objective range:                                    [3e-04, 4e+05]
    Bounds range:                                       [5e+04, 1e+08]
Preprocessing
    Dualized model:                                     no
    Number of dense columns:                            0
    Range of scaling factors:                           [1.00e+00, 2.00e+00]
IPX version 1.0
Interior Point Solve
 Iter     P.res    D.res            P.obj           D.obj        mu     Time
   0   9.47e+06 1.74e+05   4.50296078e+12 -2.68738679e+16  2.85e+12       0s
   1   2.40e+06 1.15e+05   6.45718663e+14 -1.84918973e+16  1.66e+12       0s
   2   1.09e+06 5.69e+04   9.47922498e+14 -1.07694892e+16  1.07e+12       0s
   3   4.13e+05 6.67e+03   6.43720162e+14 -1.31840720e+15  1.80e+11       0s
   4   1.31e+05 1.04e+03   2.43964609e+14 -2.59134764e+14  4.31e+10       0s
   5   3.66e+04 3.02e+02   6.53187354e+13 -9.69814767e+13  1.31e+10       0s
 Constructing starting basis...
   6   6.31e+03 9.82e+01   1.75617836e+13 -3.35156818e+13  4.01e+09       0s
   7   1.64e+03 4.02e+01   9.07782792e+12 -1.50529527e+13  1.93e+09       0s
   8   3.62e+02 9.63e+00   3.37116251e+12 -5.03647733e+12  6.44e+08       0s
   9   7.41e+01 1.21e+00   8.43893935e+11 -6.35166062e+11  1.06e+08       0s
  10   1.01e+01 3.02e-01   1.57082091e+11 -1.70514394e+11  2.40e+07       0s
  11   3.48e+00 8.75e-02   6.53619800e+10 -5.08211883e+10  8.19e+06       0s
  12   2.07e+00 2.18e-02   4.61755402e+10 -1.54058926e+10  3.97e+06       0s
  13   1.13e+00 8.74e-03   3.39314450e+10 -8.37764963e+09  2.68e+06       0s
  14   5.92e-01 1.87e-03   2.34435563e+10 -1.95559313e+09  1.53e+06       0s
  15   2.60e-01 8.68e-04   1.24084973e+10  5.17006550e+08  7.04e+05       0s
  16   1.02e-01 2.00e-04   6.98306687e+09  2.08575555e+09  2.86e+05       0s
  17   2.86e-02 4.04e-05   4.17841203e+09  2.63245562e+09  8.97e+04       0s
  18   5.56e-03 1.58e-05   3.21974182e+09  2.76022520e+09  2.66e+04       0s
  19   1.03e-03 4.15e-06   2.98650484e+09  2.83177178e+09  8.94e+03       0s
  20   2.14e-04 1.57e-06   2.90863530e+09  2.85859868e+09  2.89e+03       0s
  21   6.31e-05 6.39e-07   2.89116960e+09  2.86961306e+09  1.24e+03       0s
  22   1.88e-05 2.24e-07   2.88397114e+09  2.87524053e+09  5.04e+02       0s
  23   6.08e-06 8.87e-08   2.88102711e+09  2.87738199e+09  2.10e+02       0s
  24   9.83e-07 2.26e-08   2.87954023e+09  2.87852869e+09  5.84e+01       0s
  25   2.38e-07 7.68e-09   2.87914841e+09  2.87884691e+09  1.74e+01       0s
  26   1.34e-07 2.85e-09   2.87904135e+09  2.87895119e+09  5.20e+00       0s
  27   7.45e-08 3.49e-10   2.87902372e+09  2.87901097e+09  7.35e-01       0s
  28   5.22e-08 1.75e-10   2.87901861e+09  2.87901702e+09  9.19e-02       0s
  29   1.04e-07 1.16e-10   2.87901816e+09  2.87901792e+09  1.41e-02       0s
  30   1.04e-07 1.16e-10   2.87901802e+09  2.87901798e+09  2.11e-03       0s
  31   2.98e-07 1.16e-10   2.87901800e+09  2.87901799e+09  1.96e-04       0s
  32*  4.77e-07 1.16e-10   2.87901800e+09  2.87901800e+09  1.54e-05       0s
Summary
    Runtime:                                            0.37s
    Status interior point solve:                        optimal
    Status crossover:                                   not run
    objective value:                                    2.87901800e+09
    interior solution primal residual (abs/rel):        5.29e-07 / 3.62e-15
    interior solution dual residual (abs/rel):          1.16e-10 / 3.01e-16
    interior solution objective gap (abs/rel):          2.66e-01 / 9.25e-11
Ipx: IPM       optimal
Model   status      : Optimal
IPM       iterations: 32
Objective value     :  2.9011921259e+09
HiGHS run time      :          0.63
Presolving model
7007 rows, 28461 cols, 61664 nonzeros
6730 rows, 11741 cols, 27091 nonzeros
6613 rows, 10804 cols, 25241 nonzeros
Presolve : Reductions: rows 6613(-435893); columns 10804(-234523); elements 25241(-1105692)
Solving the presolved LP
IPX model has 6613 rows, 10804 columns and 25241 nonzeros
Input
    Number of variables:                                10804
    Number of free variables:                           0
    Number of constraints:                              6613
    Number of equality constraints:                     2847
    Number of matrix entries:                           25241
    Matrix range:                                       [1e-02, 1e+00]
    RHS range:                                          [3e+05, 6e+07]
    Objective range:                                    [3e-04, 4e+05]
    Bounds range:                                       [5e+04, 1e+08]
Preprocessing
    Dualized model:                                     no
    Number of dense columns:                            0
    Range of scaling factors:                           [1.00e+00, 2.00e+00]
IPX version 1.0
Interior Point Solve
 Iter     P.res    D.res            P.obj           D.obj        mu     Time
   0   9.44e+06 1.73e+05   9.10433059e+12 -2.67662469e+16  2.85e+12       0s
   1   2.55e+06 1.14e+05   7.11408254e+14 -1.84043255e+16  1.67e+12       0s
   2   1.13e+06 5.65e+04   1.05514884e+15 -1.06710375e+16  1.06e+12       0s
   3   4.68e+05 6.95e+03   7.25477791e+14 -1.36562844e+15  1.92e+11       0s
   4   1.55e+05 1.08e+03   2.87720629e+14 -2.66588201e+14  4.77e+10       0s
   5   2.80e+04 3.59e+02   5.12709855e+13 -1.07633502e+14  1.23e+10       0s
 Constructing starting basis...
   6   7.87e+03 1.63e+02   2.71756140e+13 -4.77233378e+13  6.07e+09       0s
   7   1.92e+03 7.53e+01   1.47717157e+13 -2.49115549e+13  3.32e+09       0s
   8   2.85e+02 2.06e+01   5.51244490e+12 -9.51068772e+12  1.22e+09       0s
   9   9.45e+01 2.26e+00   2.04668575e+12 -1.03617464e+12  2.18e+08       0s
  10   3.29e+01 2.94e-01   8.25915727e+11 -2.12618274e+11  6.61e+07       0s
  11   4.23e+00 6.71e-02   1.24655895e+11 -5.27066478e+10  1.16e+07       0s
  12   2.89e+00 1.36e-02   8.88497612e+10 -1.11024430e+10  6.07e+06       0s
  13   8.41e-01 4.63e-03   3.88132640e+10 -5.63834417e+09  2.73e+06       0s
  14   2.20e-01 2.06e-03   2.09404989e+10 -2.99586875e+09  1.48e+06       0s
  15   8.63e-02 2.36e-04   1.15884660e+10  1.39250966e+09  5.97e+05       0s
  16   3.38e-02 2.04e-05   6.47608645e+09  2.39955365e+09  2.36e+05       0s
  17   6.87e-03 6.70e-06   3.57454710e+09  2.59857156e+09  5.64e+04       0s
  18   2.25e-03 2.81e-06   3.04745371e+09  2.67731192e+09  2.14e+04       0s
  19   5.05e-04 8.52e-07   2.85599808e+09  2.71782273e+09  7.98e+03       0s
  20   1.37e-04 3.44e-07   2.78813301e+09  2.73704348e+09  2.95e+03       0s
  21   4.04e-05 1.41e-07   2.76794314e+09  2.74569534e+09  1.28e+03       0s
  22   1.30e-05 4.74e-08   2.75947224e+09  2.75076999e+09  5.02e+02       0s
  23   4.02e-06 1.57e-08   2.75608345e+09  2.75270286e+09  1.95e+02       0s
  24   7.75e-07 3.38e-09   2.75456359e+09  2.75356415e+09  5.77e+01       0s
  25   1.79e-07 9.31e-10   2.75405493e+09  2.75382091e+09  1.35e+01       0s
  26   1.04e-07 4.07e-10   2.75393312e+09  2.75387861e+09  3.14e+00       0s
  27   1.04e-07 1.16e-10   2.75391659e+09  2.75391042e+09  3.56e-01       0s
  28   5.96e-08 1.16e-10   2.75391506e+09  2.75391344e+09  9.35e-02       0s
  29   5.96e-08 1.16e-10   2.75391425e+09  2.75391404e+09  1.22e-02       0s
  30   1.49e-07 1.16e-10   2.75391411e+09  2.75391407e+09  2.19e-03       0s
  31   1.64e-07 1.16e-10   2.75391408e+09  2.75391408e+09  3.23e-04       0s
  32*  3.87e-07 1.16e-10   2.75391408e+09  2.75391408e+09  1.06e-05       0s
Summary
    Runtime:                                            0.36s
    Status interior point solve:                        optimal
    Status crossover:                                   not run
    objective value:                                    2.75391408e+09
    interior solution primal residual (abs/rel):        3.13e-07 / 2.14e-15
    interior solution dual residual (abs/rel):          1.16e-10 / 3.01e-16
    interior solution objective gap (abs/rel):          1.74e-01 / 6.33e-11
Ipx: IPM       optimal
Model   status      : Optimal
IPM       iterations: 32
Objective value     :  2.7760882086e+09
HiGHS run time      :          0.62
Presolving model
7007 rows, 28461 cols, 61664 nonzeros
6730 rows, 11741 cols, 27091 nonzeros
6613 rows, 10804 cols, 25241 nonzeros
Presolve : Reductions: rows 6613(-435893); columns 10804(-234523); elements 25241(-1105692)
Solving the presolved LP
IPX model has 6613 rows, 10804 columns and 25241 nonzeros
Input
    Number of variables:                                10804
    Number of free variables:                           0
    Number of constraints:                              6613
    Number of equality constraints:                     2847
    Number of matrix entries:                           25241
    Matrix range:                                       [1e-02, 1e+00]
    RHS range:                                          [3e+05, 6e+07]
    Objective range:                                    [3e-04, 4e+05]
    Bounds range:                                       [5e+04, 1e+08]
Preprocessing
    Dualized model:                                     no
    Number of dense columns:                            0
    Range of scaling factors:                           [1.00e+00, 2.00e+00]
IPX version 1.0
Interior Point Solve
 Iter     P.res    D.res            P.obj           D.obj        mu     Time
   0   9.44e+06 1.73e+05   9.17281048e+12 -2.67653695e+16  2.85e+12       0s
   1   2.55e+06 1.14e+05   7.11407447e+14 -1.84036973e+16  1.67e+12       0s
   2   1.13e+06 5.65e+04   1.05519234e+15 -1.06705248e+16  1.06e+12       0s
   3   4.68e+05 6.95e+03   7.25516561e+14 -1.36550503e+15  1.92e+11       0s
   4   1.55e+05 1.08e+03   2.87777056e+14 -2.66514442e+14  4.77e+10       0s
   5   2.80e+04 3.59e+02   5.12586012e+13 -1.07620448e+14  1.22e+10       0s
 Constructing starting basis...
   6   6.77e+03 1.62e+02   2.58774777e+13 -4.75489014e+13  5.97e+09       0s
   7   1.58e+03 7.34e+01   1.42395175e+13 -2.43654056e+13  3.24e+09       0s
   8   1.75e+02 2.03e+01   4.96966137e+12 -9.41575643e+12  1.19e+09       0s
   9   6.73e+01 2.29e+00   2.12570691e+12 -1.07236043e+12  2.26e+08       0s
  10   2.94e+01 3.31e-01   1.05021328e+12 -2.46373668e+11  8.18e+07       0s
  11   3.82e+00 6.79e-02   1.56783367e+11 -5.58829402e+10  1.37e+07       0s
  12   2.45e+00 1.52e-02   1.05364256e+11 -1.32344112e+10  7.19e+06       0s
  13   5.76e-01 5.18e-03   4.35595374e+10 -8.00023537e+09  3.21e+06       0s
  14   9.67e-02 1.92e-03   1.92201663e+10 -3.44504714e+09  1.41e+06       0s
  15   3.06e-02 3.55e-04   9.52885016e+09  1.10382319e+09  4.97e+05       0s
  16   1.29e-02 4.25e-05   5.85976566e+09  2.32284926e+09  2.05e+05       0s
  17   3.53e-03 1.34e-05   3.65378781e+09  2.58379247e+09  6.18e+04       0s
  18   1.02e-03 5.47e-06   3.04394675e+09  2.66933285e+09  2.16e+04       0s
  19   3.02e-04 1.82e-06   2.86824184e+09  2.71396605e+09  8.90e+03       0s
  20   6.73e-05 7.07e-07   2.78601017e+09  2.73542238e+09  2.92e+03       0s
  21   2.69e-05 3.28e-07   2.76820502e+09  2.74436606e+09  1.38e+03       0s
  22   1.04e-05 1.34e-07   2.75995325e+09  2.74926594e+09  6.17e+02       0s
  23   3.28e-06 5.10e-08   2.75591509e+09  2.75154173e+09  2.52e+02       0s
  24   5.36e-07 9.49e-09   2.75405260e+09  2.75279124e+09  7.28e+01       0s
  25   1.49e-07 2.10e-09   2.75345966e+09  2.75314547e+09  1.81e+01       0s
  26   7.45e-08 6.40e-10   2.75328343e+09  2.75322063e+09  3.62e+00       0s
  27   8.94e-08 1.16e-10   2.75325845e+09  2.75325145e+09  4.04e-01       0s
  28   1.64e-07 1.16e-10   2.75325528e+09  2.75325420e+09  6.21e-02       0s
  29   8.94e-08 1.16e-10   2.75325486e+09  2.75325454e+09  1.86e-02       0s
  30   1.19e-07 1.16e-10   2.75325469e+09  2.75325459e+09  5.80e-03       0s
  31   8.94e-08 1.16e-10   2.75325463e+09  2.75325462e+09  6.94e-04       0s
  32*  7.75e-07 1.16e-10   2.75325463e+09  2.75325462e+09  1.05e-04       0s
Summary
    Runtime:                                            0.36s
    Status interior point solve:                        optimal
    Status crossover:                                   not run
    objective value:                                    2.75325463e+09
    interior solution primal residual (abs/rel):        1.09e-06 / 7.45e-15
    interior solution dual residual (abs/rel):          1.16e-10 / 3.01e-16
    interior solution objective gap (abs/rel):          1.85e+00 / 6.73e-10
Ipx: IPM       optimal
Model   status      : Optimal
IPM       iterations: 32
Objective value     :  2.7754287555e+09
HiGHS run time      :          0.62
Running HiGHS 1.6.0: Copyright (c) 2023 HiGHS under MIT licence terms
Presolving model
7964 rows, 32323 cols, 70412 nonzeros
7613 rows, 13572 cols, 30774 nonzeros
7487 rows, 11936 cols, 27518 nonzeros
Presolve : Reductions: rows 7487(-435278); columns 11936(-233649); elements 27518(-1107339)
Solving the presolved LP
IPX model has 7487 rows, 11936 columns and 27518 nonzeros
Input
    Number of variables:                                11936
    Number of free variables:                           0
    Number of constraints:                              7487
    Number of equality constraints:                     3053
    Number of matrix entries:                           27518
    Matrix range:                                       [1e-02, 1e+00]
    RHS range:                                          [2e+05, 1e+08]
    Objective range:                                    [2e-04, 3e+05]
    Bounds range:                                       [1e+05, 2e+08]
Preprocessing
    Dualized model:                                     no
    Number of dense columns:                            0
    Range of scaling factors:                           [1.00e+00, 2.00e+00]
IPX version 1.0
Interior Point Solve
 Iter     P.res    D.res            P.obj           D.obj        mu     Time
   0   1.94e+07 1.19e+05   4.34095224e+13 -2.09859285e+16  3.24e+12       0s
   1   4.12e+06 7.51e+04   1.85287487e+15 -1.44841481e+16  1.60e+12       0s
   2   1.78e+06 2.87e+04   2.01686347e+15 -7.44542227e+15  8.39e+11       0s
   3   7.75e+05 3.58e+03   1.25189675e+15 -1.03707766e+15  1.86e+11       0s
   4   1.47e+05 1.19e+03   3.01324853e+14 -3.79263400e+14  4.77e+10       0s
   5   5.53e+04 5.22e+02   1.54863315e+14 -1.79343856e+14  2.20e+10       0s
   6   1.41e+04 2.12e+02   1.04011528e+14 -8.00781873e+13  1.10e+10       0s
 Constructing starting basis...
   7   4.83e+03 1.10e+02   6.96108223e+13 -2.84301083e+13  6.90e+09       0s
   8   2.96e+03 4.47e+01   6.16002087e+13 -2.75315873e+12  4.17e+09       0s
   9   2.60e+03 4.01e+01   6.07690774e+13  1.42577164e+12  3.87e+09       0s
  10   1.75e+03 1.15e+01   5.47771021e+13  2.40934770e+13  1.82e+09       0s
  11   1.11e+03 3.87e+00   4.96892042e+13  3.16908526e+13  1.02e+09       0s
  12   8.14e+02 2.13e+00   4.77945678e+13  3.33564295e+13  8.15e+08       0s
  13   3.58e+02 6.08e-01   4.33983150e+13  3.66308341e+13  3.74e+08       0s
  14   1.41e+02 2.46e-01   4.09178796e+13  3.78915615e+13  1.69e+08       0s
  15   3.64e+01 4.31e-02   3.96785725e+13  3.86012911e+13  5.83e+07       0s
  16   2.28e+01 2.44e-02   3.94627018e+13  3.87378522e+13  3.94e+07       0s
  17   2.15e+01 1.32e-02   3.94473944e+13  3.87872111e+13  3.49e+07       0s
  18   1.76e+01 8.13e-03   3.93985647e+13  3.88235682e+13  3.04e+07       0s
  19   4.62e+00 4.11e-03   3.91307332e+13  3.89090610e+13  1.18e+07       0s
  20   1.39e+00 1.81e-03   3.90654787e+13  3.89569207e+13  5.72e+06       0s
  21   3.90e-01 5.50e-04   3.90290607e+13  3.89934793e+13  1.83e+06       0s
  22   7.96e-02 2.08e-04   3.90150343e+13  3.90043627e+13  5.38e+05       0s
  23   1.05e-02 9.76e-05   3.90121773e+13  3.90077768e+13  2.20e+05       0s
  24   2.23e-03 4.20e-05   3.90115173e+13  3.90096232e+13  9.46e+04       0s
  25   8.07e-04 8.51e-06   3.90113677e+13  3.90107364e+13  3.15e+04       0s
  26   5.84e-04 6.16e-06   3.90113160e+13  3.90108062e+13  2.54e+04       0s
  27   3.72e-04 3.99e-06   3.90112486e+13  3.90108866e+13  1.81e+04       0s
  28   1.75e-04 2.47e-06   3.90111932e+13  3.90109420e+13  1.25e+04       1s
  29   7.64e-05 1.59e-06   3.90111463e+13  3.90109808e+13  8.25e+03       1s
  30   3.42e-05 9.10e-07   3.90111197e+13  3.90110135e+13  5.29e+03       1s
  31   1.11e-05 2.98e-07   3.90110969e+13  3.90110473e+13  2.47e+03       1s
  32   7.21e-06 1.55e-07   3.90110903e+13  3.90110574e+13  1.64e+03       1s
  33   2.80e-06 2.86e-08   3.90110812e+13  3.90110675e+13  6.85e+02       1s
  34   6.56e-07 1.09e-08   3.90110742e+13  3.90110700e+13  2.07e+02       1s
  35   2.98e-07 2.59e-09   3.90110730e+13  3.90110713e+13  8.69e+01       1s
  36   1.19e-07 1.31e-09   3.90110721e+13  3.90110715e+13  3.31e+01       1s
  37   1.79e-07 2.04e-10   3.90110719e+13  3.90110718e+13  3.64e+00       1s
  38*  1.19e-07 8.73e-11   3.90110719e+13  3.90110718e+13  7.82e-01       1s
Summary
    Runtime:                                            0.59s
    Status interior point solve:                        optimal
    Status crossover:                                   not run
    objective value:                                    3.90110719e+13
    interior solution primal residual (abs/rel):        1.04e-07 / 6.94e-16
    interior solution dual residual (abs/rel):          1.75e-10 / 6.63e-16
    interior solution objective gap (abs/rel):          1.57e+04 / 4.02e-10
Ipx: IPM       optimal
Model   status      : Optimal
IPM       iterations: 38
Objective value     :  3.9280753827e+13
HiGHS run time      :          0.88
Presolving model
7964 rows, 32323 cols, 70412 nonzeros
7613 rows, 13572 cols, 30774 nonzeros
7487 rows, 11936 cols, 27518 nonzeros
Presolve : Reductions: rows 7487(-435278); columns 11936(-233649); elements 27518(-1107339)
Solving the presolved LP
IPX model has 7487 rows, 11936 columns and 27518 nonzeros
Input
    Number of variables:                                11936
    Number of free variables:                           0
    Number of constraints:                              7487
    Number of equality constraints:                     3053
    Number of matrix entries:                           27518
    Matrix range:                                       [1e-02, 1e+00]
    RHS range:                                          [2e+05, 1e+08]
    Objective range:                                    [2e-04, 3e+05]
    Bounds range:                                       [1e+05, 2e+08]
Preprocessing
    Dualized model:                                     no
    Number of dense columns:                            0
    Range of scaling factors:                           [1.00e+00, 2.00e+00]
IPX version 1.0
Interior Point Solve
 Iter     P.res    D.res            P.obj           D.obj        mu     Time
   0   1.97e+07 1.19e+05   3.34437090e+12 -2.13544565e+16  3.20e+12       0s
   1   4.07e+06 7.47e+04   8.15076442e+14 -1.47480600e+16  1.60e+12       0s
   2   1.68e+06 3.01e+04   1.02079596e+15 -7.89375737e+15  8.65e+11       0s
   3   6.54e+05 3.92e+03   6.65525154e+14 -1.15653238e+15  1.67e+11       0s
   4   1.19e+05 7.43e+02   1.43814420e+14 -2.89161893e+14  3.32e+10       0s
   5   2.66e+04 2.96e+02   4.06566927e+13 -1.38980393e+14  1.24e+10       0s
 Constructing starting basis...
   6   2.66e-02 8.14e+01   3.02973408e+13 -5.69145543e+13  6.24e+09       0s
   7   4.18e-03 2.54e+01   9.91937251e+12 -2.05896921e+13  2.20e+09       0s
   8   7.34e-04 2.13e+00   3.39552994e+12 -3.79656139e+12  4.25e+08       0s
   9   1.31e-04 2.38e-01   7.32588779e+11 -4.58189538e+11  6.64e+07       0s
  10   3.02e-05 5.39e-02   1.89644406e+11 -1.09739184e+11  1.64e+07       0s
  11   1.04e-05 1.75e-02   8.53306940e+10 -4.39543163e+10  7.05e+06       0s
  12   7.69e-06 5.05e-03   6.84799698e+10 -1.74586614e+10  4.48e+06       0s
  13   1.19e-06 1.94e-03   2.57739520e+10 -8.62998760e+09  1.83e+06       0s
  14   5.96e-07 7.63e-04   1.95396464e+10 -3.74796257e+09  1.21e+06       0s
  15   2.38e-07 2.28e-04   9.84832750e+09  1.16116554e+09  4.40e+05       0s
  16   1.49e-07 6.44e-05   6.51928060e+09  2.50582769e+09  2.01e+05       0s
  17   7.82e-08 1.76e-05   4.53707776e+09  3.14063509e+09  6.97e+04       0s
  18   1.79e-07 7.92e-06   3.87852251e+09  3.30900455e+09  2.84e+04       0s
  19   8.94e-08 2.91e-06   3.65688168e+09  3.44598102e+09  1.05e+04       0s
  20   8.94e-08 1.01e-06   3.58211004e+09  3.50117965e+09  4.03e+03       0s
  21   1.19e-07 3.52e-07   3.55512749e+09  3.52230702e+09  1.64e+03       0s
  22   1.49e-07 1.27e-07   3.54279466e+09  3.53100571e+09  5.87e+02       0s
  23   1.19e-07 3.05e-08   3.53841906e+09  3.53526251e+09  1.57e+02       0s
  24   1.49e-07 8.79e-09   3.53736021e+09  3.53644309e+09  4.57e+01       0s
  25   1.79e-07 7.57e-10   3.53700548e+09  3.53690870e+09  4.82e+00       0s
  26   2.38e-07 2.62e-10   3.53697295e+09  3.53694531e+09  1.38e+00       0s
  27   1.06e-07 8.73e-11   3.53696567e+09  3.53696064e+09  2.50e-01       0s
  28   2.09e-07 5.82e-11   3.53696461e+09  3.53696298e+09  8.15e-02       0s
  29   1.79e-07 5.82e-11   3.53696379e+09  3.53696370e+09  4.10e-03       0s
  30   3.28e-07 5.82e-11   3.53696377e+09  3.53696377e+09  3.72e-04       0s
  31*  1.04e-06 5.82e-11   3.53696377e+09  3.53696377e+09  6.54e-05       0s
Summary
    Runtime:                                            0.45s
    Status interior point solve:                        optimal
    Status crossover:                                   not run
    objective value:                                    3.53696377e+09
    interior solution primal residual (abs/rel):        8.94e-07 / 5.95e-15
    interior solution dual residual (abs/rel):          1.26e-10 / 4.79e-16
    interior solution objective gap (abs/rel):          1.29e+00 / 3.65e-10
Ipx: IPM       optimal
Model   status      : Optimal
IPM       iterations: 31
Objective value     :  3.5456647844e+09
HiGHS run time      :          0.71
Presolving model
7964 rows, 32323 cols, 70412 nonzeros
7613 rows, 13572 cols, 30774 nonzeros
7487 rows, 11936 cols, 27518 nonzeros
Presolve : Reductions: rows 7487(-435278); columns 11936(-233649); elements 27518(-1107339)
Solving the presolved LP
IPX model has 7487 rows, 11936 columns and 27518 nonzeros
Input
    Number of variables:                                11936
    Number of free variables:                           0
    Number of constraints:                              7487
    Number of equality constraints:                     3053
    Number of matrix entries:                           27518
    Matrix range:                                       [1e-02, 1e+00]
    RHS range:                                          [2e+05, 1e+08]
    Objective range:                                    [2e-04, 3e+05]
    Bounds range:                                       [1e+05, 2e+08]
Preprocessing
    Dualized model:                                     no
    Number of dense columns:                            0
    Range of scaling factors:                           [1.00e+00, 2.00e+00]
IPX version 1.0
Interior Point Solve
 Iter     P.res    D.res            P.obj           D.obj        mu     Time
   0   1.96e+07 1.22e+05   5.78490908e+12 -2.18457498e+16  3.28e+12       0s
   1   4.06e+06 7.67e+04   9.55177110e+14 -1.51093174e+16  1.64e+12       0s
   2   1.68e+06 3.07e+04   1.18028476e+15 -8.07884762e+15  8.88e+11       0s
   3   7.29e+05 4.10e+03   7.84711089e+14 -1.19966348e+15  1.83e+11       0s
   4   1.35e+05 7.59e+02   1.75769992e+14 -2.94922746e+14  3.62e+10       0s
   5   3.11e+04 3.28e+02   5.09421047e+13 -1.49265830e+14  1.38e+10       0s
 Constructing starting basis...
   6   3.11e-02 1.19e+02   4.05843020e+13 -7.60250627e+13  8.65e+09       0s
   7   6.49e-03 5.95e+01   1.66198949e+13 -3.86027167e+13  4.31e+09       0s
   8   1.78e-03 1.08e+01   7.94703172e+12 -1.22335530e+13  1.34e+09       0s
   9   2.75e-04 1.16e+00   1.58898771e+12 -1.43013948e+12  1.86e+08       0s
  10   3.40e-05 3.17e-01   4.30046159e+11 -5.13882670e+11  5.87e+07       0s
  11   4.23e-06 6.47e-02   7.55079537e+10 -1.08477013e+11  1.14e+07       0s
  12   1.55e-06 1.64e-02   3.54120251e+10 -2.72314440e+10  3.66e+06       0s
  13   8.64e-07 8.64e-03   2.53069482e+10 -1.46810888e+10  2.28e+06       0s
  14   5.36e-07 4.89e-03   1.84082291e+10 -7.53199845e+09  1.44e+06       0s
  15   1.79e-07 1.40e-03   1.03135937e+10 -8.93389460e+08  5.97e+05       0s
  16   1.04e-07 2.26e-04   6.91485103e+09  2.21467388e+09  2.39e+05       0s
  17   1.49e-07 8.68e-05   4.59240066e+09  2.83760413e+09  8.82e+04       0s
  18   6.69e-08 4.48e-05   3.86828695e+09  3.12134946e+09  3.74e+04       0s
  19   2.38e-07 1.47e-05   3.62710937e+09  3.33434580e+09  1.46e+04       0s
  20   1.19e-07 5.10e-06   3.53196933e+09  3.41523518e+09  5.82e+03       0s
  21   1.79e-07 1.85e-06   3.49349706e+09  3.44723356e+09  2.31e+03       0s
  22   2.38e-07 5.09e-07   3.47731761e+09  3.46199540e+09  7.64e+02       0s
  23   8.94e-08 8.96e-08   3.47177281e+09  3.46722664e+09  2.27e+02       0s
  24   2.68e-07 2.76e-08   3.46990356e+09  3.46847683e+09  7.11e+01       0s
  25   2.09e-07 4.16e-09   3.46922883e+09  3.46898431e+09  1.22e+01       0s
  26   1.19e-07 5.53e-10   3.46913427e+09  3.46908491e+09  2.46e+00       0s
  27   1.19e-07 1.46e-10   3.46910678e+09  3.46909712e+09  4.81e-01       0s
  28   1.79e-07 5.82e-11   3.46910097e+09  3.46910028e+09  3.45e-02       0s
  29   1.79e-07 5.82e-11   3.46910074e+09  3.46910057e+09  8.60e-03       0s
  30   5.07e-07 5.82e-11   3.46910066e+09  3.46910065e+09  6.01e-04       0s
  31*  1.07e-06 5.82e-11   3.46910066e+09  3.46910066e+09  6.69e-05       0s
Summary
    Runtime:                                            0.45s
    Status interior point solve:                        optimal
    Status crossover:                                   not run
    objective value:                                    3.46910066e+09
    interior solution primal residual (abs/rel):        1.19e-06 / 7.93e-15
    interior solution dual residual (abs/rel):          9.04e-11 / 3.43e-16
    interior solution objective gap (abs/rel):          1.30e+00 / 3.75e-10
Ipx: IPM       optimal
Model   status      : Optimal
IPM       iterations: 31
Objective value     :  3.4778016740e+09
HiGHS run time      :          0.71
Presolving model
7964 rows, 32323 cols, 70412 nonzeros
7613 rows, 13572 cols, 30774 nonzeros
7487 rows, 11936 cols, 27518 nonzeros
Presolve : Reductions: rows 7487(-435278); columns 11936(-233649); elements 27518(-1107339)
Solving the presolved LP
IPX model has 7487 rows, 11936 columns and 27518 nonzeros
Input
    Number of variables:                                11936
    Number of free variables:                           0
    Number of constraints:                              7487
    Number of equality constraints:                     3053
    Number of matrix entries:                           27518
    Matrix range:                                       [1e-02, 1e+00]
    RHS range:                                          [2e+05, 1e+08]
    Objective range:                                    [2e-04, 3e+05]
    Bounds range:                                       [1e+05, 2e+08]
Preprocessing
    Dualized model:                                     no
    Number of dense columns:                            0
    Range of scaling factors:                           [1.00e+00, 2.00e+00]
IPX version 1.0
Interior Point Solve
 Iter     P.res    D.res            P.obj           D.obj        mu     Time
   0   1.96e+07 1.22e+05   5.78490908e+12 -2.18457498e+16  3.28e+12       0s
   1   4.06e+06 7.67e+04   9.55177110e+14 -1.51093174e+16  1.64e+12       0s
   2   1.68e+06 3.07e+04   1.18028476e+15 -8.07884762e+15  8.88e+11       0s
   3   7.29e+05 4.10e+03   7.84711089e+14 -1.19966348e+15  1.83e+11       0s
   4   1.35e+05 7.59e+02   1.75769992e+14 -2.94922746e+14  3.62e+10       0s
   5   3.11e+04 3.28e+02   5.09421047e+13 -1.49265830e+14  1.38e+10       0s
 Constructing starting basis...
   6   3.11e-02 1.19e+02   4.05843020e+13 -7.60250627e+13  8.65e+09       0s
   7   6.49e-03 5.95e+01   1.66198949e+13 -3.86027167e+13  4.31e+09       0s
   8   1.78e-03 1.08e+01   7.94703172e+12 -1.22335530e+13  1.34e+09       0s
   9   2.75e-04 1.16e+00   1.58898771e+12 -1.43013948e+12  1.86e+08       0s
  10   3.40e-05 3.17e-01   4.30046159e+11 -5.13882670e+11  5.87e+07       0s
  11   4.23e-06 6.47e-02   7.55079537e+10 -1.08477013e+11  1.14e+07       0s
  12   1.55e-06 1.64e-02   3.54120251e+10 -2.72314440e+10  3.66e+06       0s
  13   8.64e-07 8.64e-03   2.53069482e+10 -1.46810888e+10  2.28e+06       0s
  14   5.36e-07 4.89e-03   1.84082291e+10 -7.53199845e+09  1.44e+06       0s
  15   1.79e-07 1.40e-03   1.03135937e+10 -8.93389460e+08  5.97e+05       0s
  16   1.04e-07 2.26e-04   6.91485103e+09  2.21467388e+09  2.39e+05       0s
  17   1.49e-07 8.68e-05   4.59240066e+09  2.83760413e+09  8.82e+04       0s
  18   6.69e-08 4.48e-05   3.86828695e+09  3.12134946e+09  3.74e+04       0s
  19   2.38e-07 1.47e-05   3.62710937e+09  3.33434580e+09  1.46e+04       0s
  20   1.19e-07 5.10e-06   3.53196933e+09  3.41523518e+09  5.82e+03       0s
  21   1.79e-07 1.85e-06   3.49349706e+09  3.44723356e+09  2.31e+03       0s
  22   2.38e-07 5.09e-07   3.47731761e+09  3.46199540e+09  7.64e+02       0s
  23   8.94e-08 8.96e-08   3.47177281e+09  3.46722664e+09  2.27e+02       0s
  24   2.68e-07 2.76e-08   3.46990356e+09  3.46847683e+09  7.11e+01       0s
  25   2.09e-07 4.16e-09   3.46922883e+09  3.46898431e+09  1.22e+01       0s
  26   1.19e-07 5.53e-10   3.46913427e+09  3.46908491e+09  2.46e+00       0s
  27   1.19e-07 1.46e-10   3.46910678e+09  3.46909712e+09  4.81e-01       0s
  28   1.79e-07 5.82e-11   3.46910097e+09  3.46910028e+09  3.45e-02       0s
  29   1.79e-07 5.82e-11   3.46910074e+09  3.46910057e+09  8.60e-03       0s
  30   5.07e-07 5.82e-11   3.46910066e+09  3.46910065e+09  6.01e-04       0s
  31*  1.07e-06 5.82e-11   3.46910066e+09  3.46910066e+09  6.69e-05       0s
Summary
    Runtime:                                            0.45s
    Status interior point solve:                        optimal
    Status crossover:                                   not run
    objective value:                                    3.46910066e+09
    interior solution primal residual (abs/rel):        1.19e-06 / 7.93e-15
    interior solution dual residual (abs/rel):          9.04e-11 / 3.43e-16
    interior solution objective gap (abs/rel):          1.30e+00 / 3.75e-10
Ipx: IPM       optimal
Model   status      : Optimal
IPM       iterations: 31
Objective value     :  3.4778016740e+09
HiGHS run time      :          0.72
[ Info: Rolling step not specified in scenaio.yaml file; Setting it to 5 years
[ Info: Demand-pathway mapping not specified in scenaio.yaml file; SERA will not look for eligible pathways for different demand types.
[ Info: Production capacity constraints from the grid model not defined. SERA will not create these constraints
[ Info: Regional technology limits not specified in scenaio.yaml file; SERA will not create these constraints
STARTING DATA PRE-PROCESSING 
Processing Temporal Data
Processing Nodes
Processing Demand
Processing Existings
Processing Links
Processing Pathways
Creating Infrastructure options
  1.526174 seconds (11.13 M allocations: 1.175 GiB, 15.09% gc time, 5.01% compilation time)

OPTIMIZING FROM 2026 TO 2030 

STARTING OPTIMIZATION MODEL CREATION
CREATING VARIABLES AND EXPRESSIONS
  6.487306 seconds (28.87 M allocations: 1.793 GiB, 17.05% gc time, 78.76% compilation time)
POPULATING EXPRESSIONS
  2.040683 seconds (5.78 M allocations: 841.308 MiB, 26.00% gc time, 8.14% compilation time)
CREATING CONSTRAINTS
  2.102933 seconds (14.75 M allocations: 788.899 MiB, 8.19% gc time, 36.20% compilation time)
POPULATED CORE OPTIMIZATION MODEL, STARTING ITERATIONS
READING COST DATA FOR ITERATION 1
  3.307556 seconds (11.35 M allocations: 1.035 GiB, 5.48% gc time, 10.33% compilation time)
CREATING EXPRESSIONS FOR CAPITAL AND FIXED COST
  1.624489 seconds (7.07 M allocations: 448.526 MiB, 10.97% gc time, 68.17% compilation time)
BUILDING OBJECTIVE FUNCTION
  1.453386 seconds (4.96 M allocations: 223.589 MiB, 6.33% gc time, 72.09% compilation time)
Optimizing for iteration 1
  1.717962 seconds (4.49 M allocations: 422.870 MiB, 3.49% gc time, 1.32% compilation time)
OPTIMAL
1.8748391162211227e9
 =  1.0
READING COST DATA FOR ITERATION 2
  2.882401 seconds (10.21 M allocations: 1023.713 MiB, 3.88% gc time, 1.07% compilation time)
CREATING EXPRESSIONS FOR CAPITAL AND FIXED COST
  0.443731 seconds (5.70 M allocations: 358.167 MiB, 24.61% gc time, 0.97% compilation time)
BUILDING OBJECTIVE FUNCTION
  0.311760 seconds (3.62 M allocations: 134.602 MiB)
Optimizing for iteration 2
  0.617714 seconds (2 allocations: 32 bytes)
OPTIMAL
1.4712627232271953e9
 =  0.2743061362342429
READING COST DATA FOR ITERATION 3
  3.410796 seconds (10.18 M allocations: 1021.855 MiB, 18.65% gc time)
CREATING EXPRESSIONS FOR CAPITAL AND FIXED COST
  0.370788 seconds (5.70 M allocations: 358.120 MiB, 13.57% gc time)
BUILDING OBJECTIVE FUNCTION
  0.455269 seconds (3.62 M allocations: 134.602 MiB, 28.10% gc time)
Optimizing for iteration 3
  0.625223 seconds (2 allocations: 32 bytes)
OPTIMAL
1.2457867633067732e9
 =  0.18099081364608902
READING COST DATA FOR ITERATION 4
  2.937808 seconds (10.18 M allocations: 1015.404 MiB, 6.44% gc time)
CREATING EXPRESSIONS FOR CAPITAL AND FIXED COST
  0.464658 seconds (5.70 M allocations: 358.120 MiB, 28.88% gc time)
BUILDING OBJECTIVE FUNCTION
  0.327869 seconds (3.62 M allocations: 134.602 MiB)
Optimizing for iteration 4
  0.602546 seconds (2 allocations: 32 bytes)
OPTIMAL
1.244809578120879e9
 =  0.0007850077659149753
ITERATIONS COMPLETED
WRITING RESULTS TO FILE
  0.962122 seconds (2.49 M allocations: 143.848 MiB, 23.86% gc time, 86.38% compilation time)

OPTIMIZING FROM 2031 TO 2035 

STARTING OPTIMIZATION MODEL CREATION
CREATING VARIABLES AND EXPRESSIONS
  1.550649 seconds (21.14 M allocations: 1.289 GiB, 26.05% gc time, 12.57% compilation time)
POPULATING EXPRESSIONS
  1.550819 seconds (5.61 M allocations: 832.678 MiB, 12.26% gc time)
CREATING CONSTRAINTS
  1.273910 seconds (13.20 M allocations: 684.761 MiB, 8.67% gc time)
POPULATED CORE OPTIMIZATION MODEL, STARTING ITERATIONS
READING COST DATA FOR ITERATION 1
  2.954497 seconds (10.17 M allocations: 1021.839 MiB, 6.91% gc time)
CREATING EXPRESSIONS FOR CAPITAL AND FIXED COST
  0.485358 seconds (5.70 M allocations: 358.120 MiB, 30.47% gc time)
BUILDING OBJECTIVE FUNCTION
  0.319328 seconds (3.62 M allocations: 129.728 MiB)
Optimizing for iteration 1
  1.952153 seconds (4.48 M allocations: 422.603 MiB, 9.00% gc time)
OPTIMAL
3.985093959520267e13
 =  1.0
READING COST DATA FOR ITERATION 2
  2.900232 seconds (10.23 M allocations: 1016.475 MiB, 4.88% gc time)
CREATING EXPRESSIONS FOR CAPITAL AND FIXED COST
  0.337995 seconds (5.70 M allocations: 358.120 MiB)
BUILDING OBJECTIVE FUNCTION
  0.314168 seconds (3.62 M allocations: 134.617 MiB)
Optimizing for iteration 2
  0.635730 seconds (2 allocations: 32 bytes)
OPTIMAL
2.9011921259337497e9
 =  13735.056719227632
READING COST DATA FOR ITERATION 3
  2.914728 seconds (10.22 M allocations: 1.020 GiB, 5.16% gc time)
CREATING EXPRESSIONS FOR CAPITAL AND FIXED COST
  0.511224 seconds (5.70 M allocations: 358.120 MiB, 31.93% gc time)
BUILDING OBJECTIVE FUNCTION
  0.321914 seconds (3.62 M allocations: 134.617 MiB)
Optimizing for iteration 3
  0.624062 seconds (2 allocations: 32 bytes)
OPTIMAL
2.7760882085715275e9
 =  0.04506482069839978
READING COST DATA FOR ITERATION 4
  3.060039 seconds (10.22 M allocations: 1016.211 MiB, 7.84% gc time)
CREATING EXPRESSIONS FOR CAPITAL AND FIXED COST
  1.499460 seconds (5.70 M allocations: 358.120 MiB, 77.20% gc time)
BUILDING OBJECTIVE FUNCTION
  0.315874 seconds (3.62 M allocations: 134.617 MiB)
Optimizing for iteration 4
  0.619127 seconds (2 allocations: 32 bytes)
OPTIMAL
2.775428755529541e9
 =  0.00023760402449180887
ITERATIONS COMPLETED
WRITING RESULTS TO FILE
  2.093042 seconds (4.18 M allocations: 229.405 MiB, 48.72% gc time, 39.44% compilation time)

OPTIMIZING FROM 2036 TO 2040 

STARTING OPTIMIZATION MODEL CREATION
CREATING VARIABLES AND EXPRESSIONS
  1.438917 seconds (20.87 M allocations: 1.271 GiB, 29.02% gc time)
POPULATING EXPRESSIONS
  1.627929 seconds (5.63 M allocations: 840.079 MiB, 12.78% gc time)
CREATING CONSTRAINTS
  1.361773 seconds (13.20 M allocations: 685.892 MiB, 12.54% gc time, 0.41% compilation time)
POPULATED CORE OPTIMIZATION MODEL, STARTING ITERATIONS
READING COST DATA FOR ITERATION 1
  2.925521 seconds (10.17 M allocations: 1.019 GiB, 5.60% gc time)
CREATING EXPRESSIONS FOR CAPITAL AND FIXED COST
  0.350179 seconds (5.70 M allocations: 358.120 MiB)
BUILDING OBJECTIVE FUNCTION
  0.301022 seconds (3.62 M allocations: 129.743 MiB)
Optimizing for iteration 1
  2.139469 seconds (4.68 M allocations: 427.322 MiB, 11.06% gc time)
OPTIMAL
3.928075382708699e13
 =  1.0
READING COST DATA FOR ITERATION 2
  2.991373 seconds (10.28 M allocations: 1017.379 MiB, 6.83% gc time)
CREATING EXPRESSIONS FOR CAPITAL AND FIXED COST
  0.548274 seconds (5.70 M allocations: 358.120 MiB, 36.96% gc time)
BUILDING OBJECTIVE FUNCTION
  0.338830 seconds (3.62 M allocations: 134.634 MiB)
Optimizing for iteration 2
  0.717056 seconds (2 allocations: 32 bytes)
OPTIMAL
3.5456647844482193e9
 =  11077.530040227595
READING COST DATA FOR ITERATION 3
  3.005310 seconds (10.26 M allocations: 1017.035 MiB, 7.74% gc time)
CREATING EXPRESSIONS FOR CAPITAL AND FIXED COST
  0.340519 seconds (5.70 M allocations: 358.120 MiB)
BUILDING OBJECTIVE FUNCTION
  0.561597 seconds (3.62 M allocations: 134.634 MiB, 44.06% gc time)
Optimizing for iteration 3
  0.717221 seconds (2 allocations: 32 bytes)
OPTIMAL
3.477801673962393e9
 =  0.0195132203753652
READING COST DATA FOR ITERATION 4
  3.003788 seconds (10.26 M allocations: 1017.035 MiB, 7.33% gc time)
CREATING EXPRESSIONS FOR CAPITAL AND FIXED COST
  0.351335 seconds (5.70 M allocations: 358.120 MiB)
BUILDING OBJECTIVE FUNCTION
  0.313703 seconds (3.62 M allocations: 134.634 MiB)
Optimizing for iteration 4
  0.721975 seconds (2 allocations: 32 bytes)
OPTIMAL
3.477801673962393e9
 =  0.0
ITERATIONS COMPLETED
WRITING RESULTS TO FILE
  0.707524 seconds (4.30 M allocations: 200.404 MiB, 50.04% gc time)

THE OPTIMIZATION PROBLEM TOOK 1.67 MINUTES TO SOLVE. 
