Running HiGHS 1.6.0: Copyright (c) 2023 HiGHS under MIT licence terms
Presolving model
1212651 rows, 2664335 cols, 6804620 nonzeros
929464 rows, 1799692 cols, 5073306 nonzeros
921303 rows, 1037969 cols, 3546030 nonzeros
911771 rows, 1027775 cols, 3525661 nonzeros
Presolve : Reductions: rows 911771(-9342621); columns 1027775(-5892327); elements 3525661(-35771433)
Solving the presolved LP
IPX model has 911771 rows, 1027775 columns and 3525661 nonzeros
Input
    Number of variables:                                1027775
    Number of free variables:                           0
    Number of constraints:                              911771
    Number of equality constraints:                     56181
    Number of matrix entries:                           3525661
    Matrix range:                                       [1e-02, 1e+00]
    RHS range:                                          [2e+05, 1e+08]
    Objective range:                                    [2e-04, 4e+01]
    Bounds range:                                       [7e+05, 1e+08]
Preprocessing
    Dualized model:                                     no
    Number of dense columns:                            0
    Range of scaling factors:                           [1.00e+00, 2.00e+00]
IPX version 1.0
Interior Point Solve
 Iter     P.res    D.res            P.obj           D.obj        mu     Time
   0   1.52e+07 3.20e+01   3.63348933e+09 -9.85082081e+13  5.35e+08       1s
   1   5.06e+06 2.35e+01   2.23465429e+12 -7.75179055e+13  4.16e+08       2s
   2   2.62e+06 2.00e+01   3.91201085e+12 -7.10265071e+13  4.65e+08       5s
   3   9.60e+05 8.15e+00   4.15077175e+12 -3.19390532e+13  1.99e+08       8s
   4   4.71e+05 5.39e+00   4.44996321e+12 -2.38093441e+13  1.49e+08      13s
   5   1.88e+05 2.76e+00   4.34379764e+12 -1.41509580e+13  8.35e+07      21s
 Constructing starting basis...
   6   3.33e+04 1.44e+00   3.83643225e+12 -8.38401303e+12  5.01e+07      45s
   7   6.30e+03 5.88e-01   2.83799890e+12 -3.60121846e+12  2.11e+07      62s
   8   6.30e-03 1.88e-01   1.78065307e+12 -1.35704736e+12  7.36e+06      82s
   9   2.07e-03 7.23e-02   1.26463755e+12 -5.94826292e+11  3.13e+06     108s
  10   1.56e-03 4.24e-02   1.19148143e+12 -4.30302399e+11  2.14e+06     142s
  11   1.24e-03 2.05e-02   1.09958852e+12 -2.68424843e+11  1.33e+06     174s
  12   7.49e-04 1.23e-02   8.24378692e+11 -1.77304616e+11  8.59e+05     201s
  13   3.29e-04 2.68e-03   4.82619004e+11 -4.88160834e+10  3.29e+05     223s
  14   9.20e-05 8.98e-04   1.85919091e+11 -1.85347854e+10  1.14e+05     244s
  15   1.68e-05 3.40e-04   9.50293878e+10 -9.93251041e+09  5.59e+04     263s
  16   1.15e-05 2.01e-04   8.38462239e+10 -6.82341201e+09  4.74e+04     282s
  17   5.13e-06 5.82e-05   5.65688838e+10 -1.84907243e+09  2.99e+04     299s
  18   3.46e-06 3.79e-05   4.89029364e+10 -9.32974115e+08  2.54e+04     317s
  19   1.85e-06 2.33e-05   3.13433313e+10  5.26266026e+08  1.57e+04     336s
  20   9.24e-07 1.24e-05   2.32227337e+10  1.38258564e+09  1.11e+04     357s
  21   6.26e-07 7.53e-06   1.89069795e+10  1.91175873e+09  8.61e+03     381s
  22   3.58e-07 4.45e-06   1.34184781e+10  2.40841509e+09  5.58e+03     406s
  23   2.68e-07 2.44e-06   1.18520956e+10  2.73678893e+09  4.62e+03     439s
  24   2.49e-07 1.49e-06   9.53041316e+09  2.93839471e+09  3.34e+03     468s
  25   2.07e-07 1.15e-06   8.74873714e+09  3.04054982e+09  2.89e+03     498s
  26   1.35e-07 7.99e-07   7.12021806e+09  3.16407065e+09  2.00e+03     525s
  27   1.19e-07 6.84e-07   6.96674339e+09  3.19442406e+09  1.91e+03     560s
  28   1.19e-07 5.20e-07   6.56957193e+09  3.25474779e+09  1.68e+03     588s
  29   1.19e-07 4.63e-07   6.45178915e+09  3.26403918e+09  1.61e+03     621s
  30   1.30e-07 3.29e-07   6.26059264e+09  3.28843663e+09  1.50e+03     648s
  31   8.94e-08 2.28e-07   5.56184452e+09  3.33558601e+09  1.13e+03     678s
  32   5.96e-08 1.66e-07   5.20981426e+09  3.35692151e+09  9.38e+02     716s
  33   1.40e-07 1.17e-07   4.96796469e+09  3.38306098e+09  8.02e+02     755s
  34   1.01e-07 7.26e-08   4.74551486e+09  3.40987245e+09  6.76e+02     794s
  35   5.96e-08 5.28e-08   4.49499618e+09  3.42735941e+09  5.40e+02     832s
  36   1.41e-07 3.18e-08   4.24136412e+09  3.44761076e+09  4.02e+02     875s
  37   5.96e-08 2.10e-08   4.10978098e+09  3.45638682e+09  3.31e+02     925s
  38   8.96e-08 6.56e-09   3.96265209e+09  3.46563924e+09  2.52e+02     964s
  39   1.48e-07 5.03e-09   3.79444985e+09  3.47163641e+09  1.63e+02    1003s
  40   7.58e-08 4.03e-09   3.76321805e+09  3.47446587e+09  1.46e+02    1051s
  41   9.59e-08 2.08e-09   3.66362351e+09  3.48566972e+09  9.01e+01    1085s
  42   8.11e-08 1.29e-09   3.63976614e+09  3.48972443e+09  7.59e+01    1131s
  43   6.73e-08 9.63e-10   3.61120420e+09  3.49147327e+09  6.06e+01    1160s
  44   1.16e-07 6.03e-10   3.58181127e+09  3.49468026e+09  4.41e+01    1187s
  45   5.49e-08 3.78e-10   3.55752817e+09  3.49713956e+09  3.06e+01    1214s
  46   4.12e-08 2.14e-10   3.53890170e+09  3.49885219e+09  2.03e+01    1241s
  47   1.37e-07 1.11e-10   3.52891929e+09  3.50011735e+09  1.46e+01    1266s
  48   9.36e-08 6.26e-11   3.52487979e+09  3.50088525e+09  1.21e+01    1288s
  49   7.57e-08 3.93e-11   3.52073520e+09  3.50137516e+09  9.80e+00    1307s
  50   9.61e-08 2.93e-11   3.51686169e+09  3.50161770e+09  7.72e+00    1325s
  51   8.17e-08 1.88e-11   3.51072122e+09  3.50188385e+09  4.47e+00    1341s
  52   1.52e-07 9.43e-12   3.50878413e+09  3.50211074e+09  3.38e+00    1358s
  53   1.48e-07 5.76e-12   3.50666537e+09  3.50222335e+09  2.25e+00    1374s
  54   1.08e-07 3.74e-12   3.50617342e+09  3.50226395e+09  1.98e+00    1389s
  55   1.02e-07 2.11e-12   3.50449955e+09  3.50236414e+09  1.08e+00    1404s
  56   4.74e-08 8.46e-13   3.50429857e+09  3.50242961e+09  9.46e-01    1420s
  57   7.62e-08 4.55e-13   3.50363613e+09  3.50246332e+09  5.94e-01    1434s
  58   6.31e-08 1.85e-13   3.50299444e+09  3.50249214e+09  2.54e-01    1449s
  59   9.35e-08 4.26e-14   3.50289142e+09  3.50250334e+09  1.96e-01    1464s
  60   9.72e-08 2.84e-14   3.50262755e+09  3.50251736e+09  5.58e-02    1478s
  61   1.19e-07 2.13e-14   3.50257510e+09  3.50251962e+09  2.81e-02    1491s
  62   1.27e-07 2.13e-14   3.50256974e+09  3.50252060e+09  2.49e-02    1506s
  63   6.56e-08 2.84e-14   3.50254475e+09  3.50252526e+09  9.87e-03    1520s
  64   1.52e-07 2.13e-14   3.50253556e+09  3.50252600e+09  4.84e-03    1533s
  65   1.30e-07 2.13e-14   3.50252717e+09  3.50252632e+09  4.30e-04    1545s
  66   9.20e-08 2.13e-14   3.50252660e+09  3.50252638e+09  1.10e-04    1558s
  67   9.45e-08 2.13e-14   3.50252642e+09  3.50252639e+09  1.46e-05    1571s
  68*  1.59e-07 2.13e-14   3.50252639e+09  3.50252639e+09  7.45e-07    1582s
Summary
    Runtime:                                            1582.23s
    Status interior point solve:                        optimal
    Status crossover:                                   not run
    objective value:                                    3.50252639e+09
    interior solution primal residual (abs/rel):        2.53e-07 / 1.74e-15
    interior solution dual residual (abs/rel):          4.82e-10 / 1.05e-11
    interior solution objective gap (abs/rel):          1.48e+00 / 4.24e-10
Ipx: IPM       optimal
Model   status      : Optimal
IPM       iterations: 68
Objective value     :  3.5025263920e+09
HiGHS run time      :       1595.19
Presolving model
1212651 rows, 2664335 cols, 6804620 nonzeros
929464 rows, 1799692 cols, 5073306 nonzeros
921303 rows, 1037969 cols, 3546030 nonzeros
911771 rows, 1027775 cols, 3525661 nonzeros
Presolve : Reductions: rows 911771(-9372681); columns 1027775(-5892327); elements 3525661(-35801493)
Solving the presolved LP
IPX model has 911771 rows, 1027775 columns and 3525661 nonzeros
Input
    Number of variables:                                1027775
    Number of free variables:                           0
    Number of constraints:                              911771
    Number of equality constraints:                     56181
    Number of matrix entries:                           3525661
    Matrix range:                                       [1e-02, 1e+00]
    RHS range:                                          [2e+05, 1e+08]
    Objective range:                                    [2e-04, 1e+07]
    Bounds range:                                       [7e+05, 1e+08]
Preprocessing
    Dualized model:                                     no
    Number of dense columns:                            0
    Range of scaling factors:                           [1.00e+00, 2.00e+00]
IPX version 1.0
Interior Point Solve
 Iter     P.res    D.res            P.obj           D.obj        mu     Time
   0   1.52e+07 2.86e+06   2.09852613e+14 -8.81813432e+18  4.81e+13       0s
   1   5.06e+06 2.14e+06   6.39736679e+17 -7.04801156e+18  3.82e+13       2s
   2   2.60e+06 1.80e+06   1.06666714e+18 -6.41769349e+18  4.21e+13       5s
   3   1.02e+06 7.52e+05   1.11046189e+18 -2.97539796e+18  1.85e+13       8s
   4   5.05e+05 4.94e+05   1.16128197e+18 -2.21563969e+18  1.37e+13      12s
   5   2.13e+05 2.63e+05   1.10051170e+18 -1.37139814e+18  7.94e+12      21s
 Constructing starting basis...
   6   6.18e+04 1.49e+05   9.69563298e+17 -8.92401100e+17  5.11e+12      47s
   7   6.18e-02 5.74e+04   6.26628315e+17 -3.78455357e+17  1.97e+12      65s
   8   7.63e-06 2.24e+04   3.79971436e+17 -1.69357706e+17  7.66e+11      83s
   9   1.14e-05 9.13e+03   2.86104602e+17 -8.14408038e+16  3.63e+11     102s
  10   5.72e-06 5.07e+03   2.67120036e+17 -5.57180754e+16  2.59e+11     123s
  11   9.54e-06 1.66e+03   1.84779421e+17 -3.09970067e+16  1.37e+11     144s
  12   8.58e-06 7.34e+02   1.54450815e+17 -1.82106942e+16  9.86e+10     166s
  13   1.05e-05 3.44e+02   1.00303125e+17 -9.49006025e+15  5.97e+10     190s
  14   6.20e-06 1.61e+02   6.81711887e+16 -4.79991563e+15  3.85e+10     212s
  15   5.72e-06 6.68e+01   4.71079646e+16 -2.73530908e+15  2.59e+10     231s
  16   1.67e-06 2.60e+01   2.42676742e+16 -1.11923672e+15  1.31e+10     247s
  17   2.15e-06 7.91e+00   1.41337592e+16 -5.06859995e+14  7.48e+09     262s
  18   1.09e-06 4.27e+00   1.01614872e+16 -4.93034400e+14  5.47e+09     278s
  19   1.04e-06 2.40e+00   3.18927346e+15 -3.35308994e+14  1.84e+09     294s
  20   2.31e-06 1.30e+00   2.31551605e+15 -2.25513305e+14  1.32e+09     312s
  21   1.63e-06 7.63e-01   1.95916347e+15 -1.39567841e+14  1.08e+09     330s
  22   1.43e-06 5.15e-01   8.76856207e+14 -9.64449737e+13  5.05e+08     346s
  23   1.19e-06 2.09e-01   2.68639848e+14 -4.22260034e+13  1.62e+08     362s
  24   1.55e-06 7.21e-02   6.48319479e+13 -1.59692826e+13  4.25e+07     380s
  25   1.31e-06 1.57e-02   2.79846494e+13 -4.35181868e+12  1.67e+07     399s
  26   1.01e-06 5.38e-03   1.26660956e+13 -1.79191439e+12  7.41e+06     416s
  27   9.54e-07 2.86e-03   6.72786278e+12 -1.03924186e+12  3.97e+06     435s
  28   9.54e-07 1.50e-03   4.83572558e+12 -6.27609829e+11  2.78e+06     451s
  29   8.34e-07 6.68e-04   2.84209763e+12 -3.25131269e+11  1.61e+06     466s
  30   7.15e-07 4.16e-04   2.07409707e+12 -2.22566707e+11  1.16e+06     483s
  31   7.75e-07 2.86e-04   1.81863633e+12 -1.73278085e+11  1.01e+06     499s
  32   7.15e-07 1.45e-04   1.48863081e+12 -1.01092193e+11  8.05e+05     514s
  33   7.15e-07 8.99e-05   1.30185385e+12 -6.99636924e+10  6.95e+05     529s
  34   4.77e-07 5.95e-05   8.79806104e+11 -4.56286653e+10  4.69e+05     543s
  35   4.77e-07 3.74e-05   6.99108919e+11 -2.93050225e+10  3.69e+05     557s
  36   5.36e-07 2.69e-05   6.15990805e+11 -2.40844070e+10  3.24e+05     571s
  37   4.02e-07 1.42e-05   4.42927668e+11 -8.81201829e+09  2.29e+05     585s
  38   2.68e-07 7.71e-06   3.37455019e+11 -2.65520215e+09  1.72e+05     599s
  39   2.24e-07 3.97e-06   2.42872000e+11  4.64830511e+09  1.21e+05     613s
  40   1.79e-07 1.61e-06   1.95812125e+11  7.43740318e+09  9.53e+04     626s
  41   1.79e-07 1.12e-06   1.30587476e+11  1.03496340e+10  6.09e+04     640s
  42   1.24e-07 3.82e-07   8.26584003e+10  1.34295946e+10  3.50e+04     653s
  43   8.91e-08 2.48e-07   5.64562950e+10  1.46524944e+10  2.12e+04     667s
  44   6.33e-08 1.30e-07   4.77675148e+10  1.57414061e+10  1.62e+04     681s
  45   1.03e-07 5.77e-08   3.23313274e+10  1.69534219e+10  7.78e+03     693s
  46   5.84e-08 2.61e-08   2.75012358e+10  1.75312368e+10  5.05e+03     706s
  47   2.28e-07 1.30e-08   2.23417911e+10  1.78569641e+10  2.27e+03     719s
  48   9.64e-08 7.45e-09   2.06227751e+10  1.80121821e+10  1.32e+03     732s
  49   1.26e-07 3.73e-09   1.93610391e+10  1.80905222e+10  6.43e+02     744s
  50   1.63e-07 3.73e-09   1.89072558e+10  1.81344825e+10  3.91e+02     757s
  51   6.71e-08 3.73e-09   1.84577823e+10  1.81561076e+10  1.53e+02     768s
  52   1.04e-07 3.73e-09   1.83086483e+10  1.81657110e+10  7.23e+01     780s
  53   1.04e-07 3.73e-09   1.82543971e+10  1.81691791e+10  4.31e+01     791s
  54   9.73e-08 3.73e-09   1.82060814e+10  1.81720121e+10  1.72e+01     802s
  55   1.72e-07 3.73e-09   1.81845384e+10  1.81730700e+10  5.80e+00     812s
  56   1.94e-07 3.73e-09   1.81747113e+10  1.81738181e+10  4.52e-01     824s
  57   1.88e-07 2.79e-09   1.81740441e+10  1.81739086e+10  6.86e-02     835s
  58   8.93e-08 3.73e-09   1.81739232e+10  1.81739142e+10  4.52e-03     846s
  59   3.54e-07 3.73e-09   1.81739163e+10  1.81739153e+10  5.22e-04     857s
  60   7.89e-07 2.79e-09   1.81739157e+10  1.81739155e+10  7.86e-05     869s
  61*  2.99e-07 1.86e-09   1.81739156e+10  1.81739156e+10  5.98e-06     883s
Summary
    Runtime:                                            882.87s
    Status interior point solve:                        optimal
    Status crossover:                                   not run
    objective value:                                    1.81739156e+10
    interior solution primal residual (abs/rel):        5.22e-07 / 3.57e-15
    interior solution dual residual (abs/rel):          1.86e-09 / 1.92e-16
    interior solution objective gap (abs/rel):          9.78e+00 / 5.38e-10
Ipx: IPM       optimal
Model   status      : Optimal
IPM       iterations: 61
Objective value     :  1.8173915640e+10
HiGHS run time      :        894.92
Presolving model
1212651 rows, 2664335 cols, 6804620 nonzeros
929464 rows, 1799692 cols, 5073306 nonzeros
921303 rows, 1037969 cols, 3546030 nonzeros
911771 rows, 1027775 cols, 3525661 nonzeros
Presolve : Reductions: rows 911771(-9402741); columns 1027775(-5892327); elements 3525661(-35831553)
Solving the presolved LP
IPX model has 911771 rows, 1027775 columns and 3525661 nonzeros
Input
    Number of variables:                                1027775
    Number of free variables:                           0
    Number of constraints:                              911771
    Number of equality constraints:                     56181
    Number of matrix entries:                           3525661
    Matrix range:                                       [1e-02, 1e+00]
    RHS range:                                          [2e+05, 1e+08]
    Objective range:                                    [2e-04, 1e+07]
    Bounds range:                                       [7e+05, 1e+08]
Preprocessing
    Dualized model:                                     no
    Number of dense columns:                            0
    Range of scaling factors:                           [1.00e+00, 2.00e+00]
IPX version 1.0
Interior Point Solve
 Iter     P.res    D.res            P.obj           D.obj        mu     Time
   0   1.52e+07 2.86e+06   2.18288227e+14 -8.81027093e+18  4.80e+13       0s
   1   5.06e+06 2.14e+06   6.47019533e+17 -7.04151025e+18  3.81e+13       2s
   2   2.60e+06 1.80e+06   1.07939606e+18 -6.41328464e+18  4.21e+13       5s
   3   1.02e+06 7.51e+05   1.12443940e+18 -2.97002562e+18  1.85e+13       8s
   4   5.03e+05 4.93e+05   1.17636082e+18 -2.21018093e+18  1.36e+13      13s
   5   2.11e+05 2.62e+05   1.11655716e+18 -1.36705395e+18  7.91e+12      21s
 Constructing starting basis...
   6   6.07e+04 1.48e+05   9.84120733e+17 -8.86980835e+17  5.07e+12      49s
   7   6.07e-02 5.73e+04   6.35453861e+17 -3.75156111e+17  1.95e+12      68s
   8   1.14e-05 2.18e+04   3.86490081e+17 -1.64857577e+17  7.45e+11      87s
   9   1.53e-05 9.25e+03   2.96199281e+17 -8.22787411e+16  3.66e+11     105s
  10   1.14e-05 5.05e+03   2.74194588e+17 -5.51606720e+16  2.59e+11     124s
  11   7.63e-06 1.79e+03   2.15369072e+17 -3.24849614e+16  1.55e+11     143s
  12   9.54e-06 1.02e+03   1.85465106e+17 -2.11499521e+16  1.20e+11     164s
  13   1.05e-05 5.80e+02   1.35590624e+17 -1.27931416e+16  8.21e+10     185s
  14   3.34e-06 2.16e+02   8.30295041e+16 -5.37412420e+15  4.67e+10     205s
  15   3.34e-06 7.37e+01   3.84824743e+16 -2.12757557e+15  2.10e+10     224s
  16   3.46e-06 2.71e+01   1.35099990e+16 -9.91951020e+14  7.49e+09     239s
  17   1.37e-06 1.53e+01   8.55069349e+15 -6.85572669e+14  4.78e+09     255s
  18   4.17e-07 8.58e+00   4.04382945e+15 -4.57669334e+14  2.35e+09     271s
  19   3.58e-07 5.05e+00   2.62132342e+15 -2.97739062e+14  1.53e+09     287s
  20   7.15e-07 3.60e+00   1.21148239e+15 -2.15058785e+14  7.58e+08     302s
  21   5.36e-07 2.00e+00   7.31384451e+14 -1.24815803e+14  4.55e+08     319s
  22   5.36e-07 1.41e+00   5.85139861e+14 -8.98796114e+13  3.57e+08     336s
  23   5.36e-07 8.71e-01   2.87669922e+14 -5.68025396e+13  1.84e+08     351s
  24   5.96e-07 3.37e-01   1.54489531e+14 -2.36803118e+13  9.38e+07     367s
  25   5.96e-07 8.47e-02   5.19231238e+13 -6.78895519e+12  3.06e+07     384s
  26   5.36e-07 2.28e-02   1.76746888e+13 -1.98688700e+12  1.02e+07     400s
  27   5.36e-07 4.00e-03   1.10374184e+13 -5.87617622e+11  5.92e+06     416s
  28   4.17e-07 2.62e-03   9.26329163e+12 -4.09880874e+11  4.92e+06     431s
  29   4.17e-07 2.06e-03   5.33819308e+12 -3.36245766e+11  2.88e+06     444s
  30   4.77e-07 6.34e-04   3.52944978e+12 -1.87477339e+11  1.89e+06     458s
  31   4.77e-07 2.52e-04   2.22162945e+12 -1.00479422e+11  1.18e+06     472s
  32   4.77e-07 1.32e-04   1.15901132e+12 -5.64114217e+10  6.16e+05     486s
  33   3.58e-07 7.26e-05   7.31704573e+11 -3.63645661e+10  3.89e+05     500s
  34   3.43e-07 3.86e-05   4.41904430e+11 -1.99683648e+10  2.34e+05     513s
  35   2.38e-07 1.32e-05   3.02542171e+11 -7.54552094e+09  1.57e+05     527s
  36   1.79e-07 2.96e-06   1.59401590e+11  1.64760777e+09  7.98e+04     540s
  37   1.44e-07 8.15e-07   7.39265759e+10  6.35734982e+09  3.42e+04     554s
  38   7.73e-08 3.53e-07   4.40243948e+10  8.19846846e+09  1.81e+04     567s
  39   8.13e-08 1.42e-07   3.10511953e+10  9.20114927e+09  1.11e+04     580s
  40   1.19e-07 6.15e-08   1.84671194e+10  9.90405608e+09  4.33e+03     592s
  41   6.89e-08 2.24e-08   1.43724676e+10  1.02873497e+10  2.07e+03     605s
  42   1.08e-07 1.12e-08   1.19866917e+10  1.04497344e+10  7.78e+02     617s
  43   5.96e-08 6.52e-09   1.12432698e+10  1.05211740e+10  3.65e+02     629s
  44   9.85e-08 3.73e-09   1.09354957e+10  1.05668115e+10  1.87e+02     641s
  45   6.15e-08 3.73e-09   1.07763716e+10  1.05826108e+10  9.81e+01     653s
  46   7.54e-08 3.73e-09   1.06519621e+10  1.05938090e+10  2.94e+01     664s
  47   5.73e-08 3.73e-09   1.06273705e+10  1.05963567e+10  1.57e+01     674s
  48   1.06e-07 2.79e-09   1.06257018e+10  1.05964537e+10  1.48e+01     685s
  49   2.07e-07 3.73e-09   1.06027877e+10  1.05986107e+10  2.11e+00     696s
  50   8.75e-08 5.59e-09   1.05992570e+10  1.05988832e+10  1.89e-01     706s
  51   1.03e-07 5.59e-09   1.05989789e+10  1.05989321e+10  2.37e-02     716s
  52   1.26e-07 2.79e-09   1.05989615e+10  1.05989380e+10  1.19e-02     727s
  53   1.38e-07 2.79e-09   1.05989476e+10  1.05989399e+10  3.91e-03     737s
  54   1.97e-07 3.73e-09   1.05989427e+10  1.05989422e+10  2.64e-04     748s
  55   5.40e-07 1.86e-09   1.05989424e+10  1.05989424e+10  1.58e-05     761s
  56*  2.48e-07 9.31e-10   1.05989424e+10  1.05989424e+10  2.87e-06     771s
Summary
    Runtime:                                            770.98s
    Status interior point solve:                        optimal
    Status crossover:                                   not run
    objective value:                                    1.05989424e+10
    interior solution primal residual (abs/rel):        2.83e-07 / 1.94e-15
    interior solution dual residual (abs/rel):          9.31e-10 / 9.62e-17
    interior solution objective gap (abs/rel):          4.33e+00 / 4.09e-10
Ipx: IPM       optimal
Model   status      : Optimal
IPM       iterations: 56
Objective value     :  1.0598942430e+10
HiGHS run time      :        783.29
Presolving model
1212651 rows, 2664335 cols, 6804620 nonzeros
929464 rows, 1799692 cols, 5073306 nonzeros
921303 rows, 1037969 cols, 3546030 nonzeros
911771 rows, 1027775 cols, 3525661 nonzeros
Presolve : Reductions: rows 911771(-9432801); columns 1027775(-5892327); elements 3525661(-35861613)
Solving the presolved LP
IPX model has 911771 rows, 1027775 columns and 3525661 nonzeros
Input
    Number of variables:                                1027775
    Number of free variables:                           0
    Number of constraints:                              911771
    Number of equality constraints:                     56181
    Number of matrix entries:                           3525661
    Matrix range:                                       [1e-02, 1e+00]
    RHS range:                                          [2e+05, 1e+08]
    Objective range:                                    [2e-04, 1e+07]
    Bounds range:                                       [7e+05, 1e+08]
Preprocessing
    Dualized model:                                     no
    Number of dense columns:                            0
    Range of scaling factors:                           [1.00e+00, 2.00e+00]
IPX version 1.0
Interior Point Solve
 Iter     P.res    D.res            P.obj           D.obj        mu     Time
   0   1.52e+07 2.86e+06   2.19170127e+14 -8.81137199e+18  4.81e+13       0s
   1   5.06e+06 2.14e+06   6.47299759e+17 -7.04237031e+18  3.81e+13       2s
   2   2.60e+06 1.80e+06   1.07993997e+18 -6.41424364e+18  4.21e+13       5s
   3   1.02e+06 7.51e+05   1.12506437e+18 -2.97008079e+18  1.85e+13       8s
   4   5.02e+05 4.93e+05   1.17686097e+18 -2.20997726e+18  1.36e+13      13s
   5   2.11e+05 2.62e+05   1.11693063e+18 -1.36619413e+18  7.91e+12      21s
 Constructing starting basis...
   6   6.01e+04 1.48e+05   9.83553289e+17 -8.85115523e+17  5.06e+12      49s
   7   6.01e-02 5.74e+04   6.34265570e+17 -3.75153712e+17  1.95e+12      69s
   8   1.72e-05 2.21e+04   3.88120857e+17 -1.66393172e+17  7.51e+11      88s
   9   1.53e-05 9.20e+03   2.95386104e+17 -8.17610481e+16  3.64e+11     107s
  10   1.24e-05 5.07e+03   2.74364561e+17 -5.52767777e+16  2.59e+11     127s
  11   1.53e-05 1.71e+03   1.92532996e+17 -3.15837988e+16  1.40e+11     146s
  12   1.05e-05 9.01e+02   1.61120673e+17 -2.01629339e+16  1.04e+11     168s
  13   5.72e-06 4.26e+02   1.24942022e+17 -1.06664604e+16  7.37e+10     190s
  14   7.63e-06 1.73e+02   7.45960347e+16 -4.71559845e+15  4.17e+10     209s
  15   2.15e-06 5.33e+01   2.50216119e+16 -1.70527955e+15  1.38e+10     228s
  16   2.62e-06 3.18e+01   1.90275471e+16 -1.11532477e+15  1.04e+10     245s
  17   1.31e-06 1.65e+01   8.58223721e+15 -6.45079398e+14  4.76e+09     260s
  18   1.01e-06 8.30e+00   5.91220230e+15 -4.65076082e+14  3.30e+09     276s
  19   7.75e-07 5.19e+00   4.02773003e+15 -3.04424347e+14  2.24e+09     292s
  20   5.07e-07 3.58e+00   1.62637957e+15 -2.14238935e+14  9.63e+08     309s
  21   3.87e-07 2.02e+00   9.08916577e+14 -1.26941423e+14  5.43e+08     325s
  22   5.36e-07 1.44e+00   4.30880270e+14 -9.26855940e+13  2.79e+08     342s
  23   5.36e-07 8.69e-01   2.50992605e+14 -5.86677116e+13  1.66e+08     359s
  24   5.36e-07 4.50e-01   1.12584563e+14 -3.18437939e+13  7.79e+07     376s
  25   5.36e-07 9.26e-02   5.10246777e+13 -8.05596528e+12  3.09e+07     394s
  26   6.56e-07 2.31e-02   1.93867889e+13 -2.21273565e+12  1.12e+07     412s
  27   4.17e-07 8.10e-03   1.19473133e+13 -8.73766538e+11  6.56e+06     428s
  28   5.36e-07 7.36e-03   9.13014853e+12 -8.24913269e+11  5.11e+06     443s
  29   5.96e-07 2.30e-03   7.34610534e+12 -4.38591972e+11  3.96e+06     458s
  30   7.15e-07 6.69e-04   6.03160491e+12 -2.83759532e+11  3.20e+06     473s
  31   7.15e-07 2.72e-04   3.55519531e+12 -1.31073591e+11  1.87e+06     488s
  32   4.77e-07 1.17e-04   2.56938999e+12 -7.66986576e+10  1.34e+06     503s
  33   7.15e-07 5.00e-05   1.49328677e+12 -6.03538109e+10  7.87e+05     516s
  34   4.77e-07 1.78e-05   7.94235742e+11 -2.77217930e+10  4.16e+05     530s
  35   4.77e-07 6.31e-06   4.60673498e+11 -1.08634318e+10  2.39e+05     543s
  36   2.38e-07 2.85e-06   3.14991174e+11 -2.23636452e+09  1.61e+05     556s
  37   1.34e-07 1.36e-06   1.22581242e+11  2.89441316e+09  6.06e+04     568s
  38   1.23e-07 6.75e-07   6.33035986e+10  5.29078936e+09  2.94e+04     581s
  39   9.69e-08 2.78e-07   4.05671087e+10  7.31861717e+09  1.68e+04     594s
  40   7.88e-08 9.87e-08   2.63796286e+10  8.63923321e+09  8.98e+03     606s
  41   9.69e-08 2.42e-08   1.85723755e+10  9.46602258e+09  4.61e+03     619s
  42   7.23e-08 1.30e-08   1.44872378e+10  9.69149707e+09  2.43e+03     631s
  43   7.82e-08 5.59e-09   1.22388513e+10  9.78347744e+09  1.24e+03     642s
  44   5.59e-08 5.59e-09   1.07020519e+10  9.86437437e+09  4.24e+02     654s
  45   5.48e-08 3.73e-09   1.03642335e+10  9.89657417e+09  2.37e+02     666s
  46   5.41e-08 2.79e-09   1.01430457e+10  9.92532418e+09  1.10e+02     677s
  47   7.82e-08 3.73e-09   1.00109324e+10  9.93457724e+09  3.86e+01     688s
  48   7.64e-08 3.73e-09   9.95827010e+09  9.93819464e+09  1.02e+01     699s
  49   1.75e-07 3.73e-09   9.94182441e+09  9.93998296e+09  9.32e-01     711s
  50   9.87e-08 3.73e-09   9.94060580e+09  9.94032476e+09  1.42e-01     722s
  51   8.24e-08 3.73e-09   9.94040205e+09  9.94034768e+09  2.75e-02     733s
  52   1.81e-07 3.73e-09   9.94035887e+09  9.94035300e+09  2.97e-03     744s
  53   6.57e-08 3.73e-09   9.94035606e+09  9.94035335e+09  1.37e-03     755s
  54   1.01e-07 2.79e-09   9.94035605e+09  9.94035335e+09  1.37e-03     766s
  55   4.43e-07 3.73e-09   9.94035367e+09  9.94035355e+09  6.20e-05     777s
  56   3.09e-07 1.86e-09   9.94035360e+09  9.94035358e+09  7.70e-06     789s
  57*  1.30e-07 1.86e-09   9.94035359e+09  9.94035359e+09  2.25e-06     796s
Summary
    Runtime:                                            796.44s
    Status interior point solve:                        optimal
    Status crossover:                                   not run
    objective value:                                    9.94035359e+09
    interior solution primal residual (abs/rel):        1.94e-07 / 1.33e-15
    interior solution dual residual (abs/rel):          1.86e-09 / 1.92e-16
    interior solution objective gap (abs/rel):          3.03e+00 / 3.05e-10
Ipx: IPM       optimal
Model   status      : Optimal
IPM       iterations: 57
Objective value     :  9.9403535872e+09
HiGHS run time      :        808.97
Presolving model
1212651 rows, 2664335 cols, 6804620 nonzeros
929464 rows, 1799692 cols, 5073306 nonzeros
921303 rows, 1037969 cols, 3546030 nonzeros
911771 rows, 1027775 cols, 3525661 nonzeros
Presolve : Reductions: rows 911771(-9462861); columns 1027775(-5892327); elements 3525661(-35891673)
Solving the presolved LP
IPX model has 911771 rows, 1027775 columns and 3525661 nonzeros
Input
    Number of variables:                                1027775
    Number of free variables:                           0
    Number of constraints:                              911771
    Number of equality constraints:                     56181
    Number of matrix entries:                           3525661
    Matrix range:                                       [1e-02, 1e+00]
    RHS range:                                          [2e+05, 1e+08]
    Objective range:                                    [2e-04, 1e+07]
    Bounds range:                                       [7e+05, 1e+08]
Preprocessing
    Dualized model:                                     no
    Number of dense columns:                            0
    Range of scaling factors:                           [1.00e+00, 2.00e+00]
IPX version 1.0
Interior Point Solve
 Iter     P.res    D.res            P.obj           D.obj        mu     Time
   0   1.52e+07 2.86e+06   2.19257328e+14 -8.81137346e+18  4.81e+13       0s
   1   5.06e+06 2.14e+06   6.47326447e+17 -7.04236842e+18  3.81e+13       2s
   2   2.60e+06 1.80e+06   1.07998060e+18 -6.41423996e+18  4.21e+13       5s
   3   1.02e+06 7.51e+05   1.12511359e+18 -2.97008345e+18  1.85e+13       8s
   4   5.02e+05 4.93e+05   1.17690811e+18 -2.20995827e+18  1.36e+13      13s
   5   2.11e+05 2.62e+05   1.11697128e+18 -1.36613715e+18  7.91e+12      21s
 Constructing starting basis...
   6   6.01e+04 1.48e+05   9.83658564e+17 -8.85252308e+17  5.06e+12      49s
   7   6.01e-02 5.70e+04   6.35486330e+17 -3.73728763e+17  1.94e+12      69s
   8   1.24e-05 2.20e+04   3.86827315e+17 -1.65761978e+17  7.48e+11      88s
   9   1.53e-05 9.10e+03   2.95419120e+17 -8.11897044e+16  3.62e+11     106s
  10   2.29e-05 5.04e+03   2.75013513e+17 -5.52028302e+16  2.59e+11     127s
  11   9.54e-06 1.68e+03   1.90998848e+17 -3.10589448e+16  1.38e+11     146s
  12   4.77e-06 7.37e+02   1.59263448e+17 -1.80581826e+16  1.00e+11     168s
  13   8.58e-06 3.44e+02   1.04661052e+17 -9.49468917e+15  6.15e+10     190s
  14   6.20e-06 1.50e+02   5.68855833e+16 -4.46063160e+15  3.22e+10     210s
  15   4.77e-06 5.10e+01   1.89075163e+16 -1.73029463e+15  1.07e+10     230s
  16   3.10e-06 3.17e+01   1.47396900e+16 -1.14385925e+15  8.21e+09     248s
  17   1.31e-06 1.77e+01   6.50689184e+15 -7.02407247e+14  3.75e+09     263s
  18   1.19e-06 9.43e+00   4.54916820e+15 -4.82026171e+14  2.62e+09     280s
  19   4.47e-07 6.33e+00   2.74965204e+15 -3.29290230e+14  1.61e+09     299s
  20   3.28e-07 4.17e+00   1.30308489e+15 -2.20429538e+14  8.06e+08     316s
  21   4.17e-07 2.41e+00   8.46649889e+14 -1.32858618e+14  5.17e+08     334s
  22   3.58e-07 1.65e+00   4.83982235e+14 -9.33419709e+13  3.07e+08     352s
  23   5.07e-07 9.98e-01   2.58446004e+14 -5.88530431e+13  1.70e+08     368s
  24   7.15e-07 4.58e-01   1.37980206e+14 -2.90896603e+13  8.90e+07     386s
  25   5.36e-07 1.11e-01   5.72280350e+13 -7.83373691e+12  3.40e+07     404s
  26   4.77e-07 2.84e-02   2.18374962e+13 -2.20618803e+12  1.24e+07     421s
  27   4.77e-07 1.16e-02   1.44492829e+13 -1.07504877e+12  7.95e+06     437s
  28   3.58e-07 5.02e-03   7.79385334e+12 -4.95723282e+11  4.23e+06     453s
  29   3.87e-07 2.51e-03   6.23716298e+12 -3.16573707e+11  3.33e+06     467s
  30   3.58e-07 1.37e-03   4.53941425e+12 -2.09419302e+11  2.41e+06     481s
  31   4.17e-07 6.25e-04   2.43953317e+12 -1.23639763e+11  1.30e+06     496s
  32   4.77e-07 2.57e-04   1.57007214e+12 -7.21864884e+10  8.32e+05     510s
  33   2.98e-07 1.15e-04   8.66388338e+11 -3.88060327e+10  4.58e+05     525s
  34   2.68e-07 5.45e-05   5.43355138e+11 -2.12506509e+10  2.86e+05     539s
  35   2.38e-07 1.95e-05   3.15592374e+11 -7.10585730e+09  1.63e+05     552s
  36   1.86e-07 7.84e-06   1.48644884e+11  3.65087626e+08  7.51e+04     566s
  37   9.69e-08 2.82e-06   7.92694146e+10  5.05952986e+09  3.76e+04     579s
  38   1.23e-07 1.42e-06   4.65534144e+10  7.04663267e+09  2.00e+04     593s
  39   1.09e-07 4.97e-07   2.95512931e+10  8.40339566e+09  1.07e+04     606s
  40   1.21e-07 1.47e-07   1.83831134e+10  9.23578073e+09  4.63e+03     619s
  41   5.59e-08 6.71e-08   1.46583346e+10  9.48670823e+09  2.62e+03     632s
  42   9.66e-08 1.49e-08   1.18538583e+10  9.64712471e+09  1.12e+03     644s
  43   1.10e-07 8.38e-09   1.04709195e+10  9.71368781e+09  3.83e+02     656s
  44   1.47e-07 5.59e-09   1.01957453e+10  9.74376452e+09  2.29e+02     669s
  45   5.62e-08 3.73e-09   9.89392379e+09  9.77384049e+09  6.08e+01     680s
  46   6.24e-08 3.73e-09   9.81936321e+09  9.78135900e+09  1.92e+01     692s
  47   1.28e-07 3.73e-09   9.78836677e+09  9.78421815e+09  2.10e+00     703s
  48   1.27e-07 3.73e-09   9.78544321e+09  9.78496524e+09  2.42e-01     713s
  49   7.94e-08 3.73e-09   9.78508812e+09  9.78506122e+09  1.36e-02     725s
  50   2.25e-07 3.73e-09   9.78507264e+09  9.78507066e+09  1.00e-03     737s
  51   7.64e-07 2.79e-09   9.78507179e+09  9.78507166e+09  6.51e-05     751s
  52   1.02e-06 1.86e-09   9.78507174e+09  9.78507172e+09  1.26e-05     764s
  53*  1.62e-07 1.86e-09   9.78507174e+09  9.78507174e+09  1.04e-06     774s
Summary
    Runtime:                                            774.29s
    Status interior point solve:                        optimal
    Status crossover:                                   not run
    objective value:                                    9.78507174e+09
    interior solution primal residual (abs/rel):        7.60e-07 / 5.21e-15
    interior solution dual residual (abs/rel):          9.31e-10 / 9.62e-17
    interior solution objective gap (abs/rel):          1.26e+00 / 1.29e-10
Ipx: IPM       optimal
Model   status      : Optimal
IPM       iterations: 53
Objective value     :  9.7850717378e+09
HiGHS run time      :        787.22
Presolving model
1212651 rows, 2664335 cols, 6804620 nonzeros
929464 rows, 1799692 cols, 5073306 nonzeros
921303 rows, 1037969 cols, 3546030 nonzeros
911771 rows, 1027775 cols, 3525661 nonzeros
Presolve : Reductions: rows 911771(-9492921); columns 1027775(-5892327); elements 3525661(-35921733)
Solving the presolved LP
IPX model has 911771 rows, 1027775 columns and 3525661 nonzeros
Input
    Number of variables:                                1027775
    Number of free variables:                           0
    Number of constraints:                              911771
    Number of equality constraints:                     56181
    Number of matrix entries:                           3525661
    Matrix range:                                       [1e-02, 1e+00]
    RHS range:                                          [2e+05, 1e+08]
    Objective range:                                    [2e-04, 1e+07]
    Bounds range:                                       [7e+05, 1e+08]
Preprocessing
    Dualized model:                                     no
    Number of dense columns:                            0
    Range of scaling factors:                           [1.00e+00, 2.00e+00]
IPX version 1.0
Interior Point Solve
 Iter     P.res    D.res            P.obj           D.obj        mu     Time
   0   1.52e+07 2.86e+06   2.19443885e+14 -8.81137078e+18  4.81e+13       0s
   1   5.06e+06 2.14e+06   6.47345929e+17 -7.04236479e+18  3.81e+13       2s
   2   2.60e+06 1.80e+06   1.08001595e+18 -6.41422091e+18  4.21e+13       5s
   3   1.02e+06 7.51e+05   1.12515454e+18 -2.97009003e+18  1.85e+13       8s
   4   5.02e+05 4.93e+05   1.17695811e+18 -2.20999007e+18  1.36e+13      13s
   5   2.11e+05 2.62e+05   1.11684950e+18 -1.36567848e+18  7.91e+12      21s
 Constructing starting basis...
   6   5.98e+04 1.48e+05   9.83116304e+17 -8.84327796e+17  5.06e+12      50s
   7   5.98e-02 5.73e+04   6.36707707e+17 -3.76393493e+17  1.95e+12      69s
   8   1.91e-05 2.19e+04   3.86653900e+17 -1.65136951e+17  7.46e+11      87s
   9   7.63e-06 9.15e+03   2.96149610e+17 -8.16531672e+16  3.64e+11     105s
  10   1.14e-05 5.05e+03   2.74933492e+17 -5.52340611e+16  2.59e+11     126s
  11   9.54e-06 1.69e+03   1.91882880e+17 -3.12883044e+16  1.39e+11     144s
  12   7.63e-06 9.14e+02   1.60697579e+17 -2.04905250e+16  1.05e+11     166s
  13   2.86e-06 4.21e+02   1.21698848e+17 -1.05377498e+16  7.19e+10     187s
  14   3.81e-06 1.71e+02   7.19141752e+16 -4.66690499e+15  4.02e+10     207s
  15   5.96e-06 6.39e+01   2.41970900e+16 -1.96767239e+15  1.36e+10     226s
  16   4.65e-06 3.27e+01   1.87686694e+16 -1.12891057e+15  1.03e+10     242s
  17   1.91e-06 1.78e+01   8.99133733e+15 -6.71906214e+14  4.99e+09     256s
  18   4.17e-07 8.96e+00   5.97704867e+15 -4.64645552e+14  3.33e+09     272s
  19   7.45e-07 5.13e+00   4.07599012e+15 -2.86231924e+14  2.25e+09     289s
  20   5.96e-07 3.67e+00   2.08475197e+15 -2.08770153e+14  1.19e+09     304s
  21   4.17e-07 2.29e+00   1.01931661e+15 -1.35236985e+14  6.05e+08     320s
  22   4.77e-07 1.54e+00   4.83988805e+14 -9.47396587e+13  3.08e+08     337s
  23   5.36e-07 9.68e-01   2.68731557e+14 -6.20489238e+13  1.77e+08     354s
  24   7.15e-07 4.87e-01   1.56054263e+14 -3.39941960e+13  1.01e+08     371s
  25   5.96e-07 1.47e-01   7.04101368e+13 -1.18110211e+13  4.32e+07     388s
  26   4.77e-07 3.73e-02   2.79605760e+13 -3.19746082e+12  1.61e+07     407s
  27   6.56e-07 9.84e-03   1.41644335e+13 -9.93336036e+11  7.76e+06     424s
  28   4.17e-07 8.49e-03   8.57485979e+12 -8.82197633e+11  4.85e+06     440s
  29   5.96e-07 3.67e-03   6.08652343e+12 -5.12273494e+11  3.37e+06     456s
  30   4.77e-07 1.55e-03   3.86202802e+12 -2.69096256e+11  2.10e+06     472s
  31   4.77e-07 1.18e-03   3.24682190e+12 -2.33605703e+11  1.77e+06     487s
  32   5.96e-07 2.56e-04   1.85744753e+12 -8.66065189e+10  9.85e+05     502s
  33   3.58e-07 1.33e-04   1.25993237e+12 -5.48312709e+10  6.66e+05     517s
  34   3.58e-07 7.35e-05   7.47585403e+11 -3.04728001e+10  3.94e+05     530s
  35   2.38e-07 2.31e-05   4.54564621e+11 -1.31123472e+10  2.37e+05     544s
  36   2.27e-07 1.09e-05   2.73485437e+11 -3.65694317e+09  1.40e+05     557s
  37   1.93e-07 3.67e-06   1.23668489e+11  2.67784643e+09  6.12e+04     570s
  38   8.20e-08 1.39e-06   6.63363794e+10  5.93734319e+09  3.06e+04     584s
  39   1.79e-07 3.47e-07   4.04486428e+10  7.93563666e+09  1.65e+04     598s
  40   1.60e-07 1.42e-07   2.21553976e+10  8.64913614e+09  6.84e+03     611s
  41   7.73e-08 5.22e-08   1.34788780e+10  9.21835070e+09  2.16e+03     624s
  42   7.45e-08 3.17e-08   1.18783622e+10  9.36950957e+09  1.27e+03     638s
  43   1.21e-07 1.02e-08   1.07543698e+10  9.52613571e+09  6.22e+02     650s
  44   1.12e-07 7.45e-09   1.01287424e+10  9.57803157e+09  2.79e+02     662s
  45   1.13e-07 3.73e-09   9.84605248e+09  9.61302498e+09  1.18e+02     674s
  46   1.08e-07 3.73e-09   9.69504458e+09  9.63011535e+09  3.29e+01     686s
  47   1.45e-07 3.73e-09   9.65644070e+09  9.63729179e+09  9.69e+00     698s
  48   1.20e-07 2.79e-09   9.64177484e+09  9.63948448e+09  1.16e+00     709s
  49   7.36e-08 3.73e-09   9.64045805e+09  9.64016792e+09  1.47e-01     721s
  50   1.12e-07 3.73e-09   9.64026387e+09  9.64023107e+09  1.66e-02     732s
  51   5.89e-08 3.73e-09   9.64023979e+09  9.64023564e+09  2.10e-03     743s
  52   1.16e-07 3.73e-09   9.64023751e+09  9.64023619e+09  6.69e-04     754s
  53   5.44e-07 3.73e-09   9.64023643e+09  9.64023632e+09  5.52e-05     764s
  54   4.69e-07 1.86e-09   9.64023636e+09  9.64023634e+09  1.32e-05     774s
  55*  7.53e-07 1.86e-09   9.64023634e+09  9.64023634e+09  5.96e-07     781s
Summary
    Runtime:                                            780.88s
    Status interior point solve:                        optimal
    Status crossover:                                   not run
    objective value:                                    9.64023634e+09
    interior solution primal residual (abs/rel):        7.00e-07 / 4.80e-15
    interior solution dual residual (abs/rel):          9.31e-10 / 9.62e-17
    interior solution objective gap (abs/rel):          9.65e-01 / 1.00e-10
Ipx: IPM       optimal
Model   status      : Optimal
IPM       iterations: 55
Objective value     :  9.6402363379e+09
HiGHS run time      :        793.50
Presolving model
1212651 rows, 2664335 cols, 6804620 nonzeros
929464 rows, 1799692 cols, 5073306 nonzeros
921303 rows, 1037969 cols, 3546030 nonzeros
911771 rows, 1027775 cols, 3525661 nonzeros
Presolve : Reductions: rows 911771(-9522981); columns 1027775(-5892327); elements 3525661(-35951793)
Solving the presolved LP
IPX model has 911771 rows, 1027775 columns and 3525661 nonzeros
Input
    Number of variables:                                1027775
    Number of free variables:                           0
    Number of constraints:                              911771
    Number of equality constraints:                     56181
    Number of matrix entries:                           3525661
    Matrix range:                                       [1e-02, 1e+00]
    RHS range:                                          [2e+05, 1e+08]
    Objective range:                                    [2e-04, 1e+07]
    Bounds range:                                       [7e+05, 1e+08]
Preprocessing
    Dualized model:                                     no
    Number of dense columns:                            0
    Range of scaling factors:                           [1.00e+00, 2.00e+00]
IPX version 1.0
Interior Point Solve
 Iter     P.res    D.res            P.obj           D.obj        mu     Time
   0   1.52e+07 2.86e+06   2.19453514e+14 -8.81137044e+18  4.81e+13       0s
   1   5.06e+06 2.14e+06   6.47353069e+17 -7.04236417e+18  3.81e+13       2s
   2   2.60e+06 1.80e+06   1.08002456e+18 -6.41421767e+18  4.21e+13       5s
   3   1.02e+06 7.51e+05   1.12516476e+18 -2.97008661e+18  1.85e+13       8s
   4   5.02e+05 4.93e+05   1.17694485e+18 -2.20989488e+18  1.36e+13      13s
   5   2.11e+05 2.62e+05   1.11694344e+18 -1.36589491e+18  7.91e+12      21s
 Constructing starting basis...
   6   5.99e+04 1.48e+05   9.83308961e+17 -8.84634736e+17  5.06e+12      48s
   7   5.99e-02 5.70e+04   6.35632228e+17 -3.73988395e+17  1.94e+12      68s
   8   1.91e-05 2.20e+04   3.87151656e+17 -1.66028010e+17  7.49e+11      86s
   9   7.63e-06 9.08e+03   2.95320410e+17 -8.10563679e+16  3.61e+11     106s
  10   1.14e-05 5.05e+03   2.75135776e+17 -5.53151225e+16  2.59e+11     127s
  11   7.63e-06 1.67e+03   1.90227125e+17 -3.08772541e+16  1.38e+11     146s
  12   6.68e-06 7.33e+02   1.58721533e+17 -1.81342433e+16  9.98e+10     168s
  13   1.14e-05 3.44e+02   1.02877139e+17 -9.44533059e+15  6.05e+10     191s
  14   3.81e-06 1.50e+02   5.63715440e+16 -4.46243743e+15  3.19e+10     210s
  15   3.46e-06 5.72e+01   1.87256155e+16 -1.90031747e+15  1.07e+10     228s
  16   1.61e-06 3.14e+01   1.18931472e+16 -1.12490289e+15  6.76e+09     244s
  17   1.01e-06 1.71e+01   6.07358770e+15 -6.95905244e+14  3.53e+09     259s
  18   7.15e-07 9.49e+00   4.00654409e+15 -4.56702867e+14  2.33e+09     275s
  19   3.58e-07 6.19e+00   1.77865520e+15 -3.03571303e+14  1.10e+09     293s
  20   4.17e-07 4.21e+00   1.19075623e+15 -2.16020419e+14  7.48e+08     311s
  21   3.28e-07 2.68e+00   6.62025059e+14 -1.39815556e+14  4.30e+08     328s
  22   4.17e-07 1.90e+00   4.19900487e+14 -1.01117767e+14  2.81e+08     347s
  23   4.47e-07 1.09e+00   2.04919573e+14 -6.05966934e+13  1.45e+08     363s
  24   5.96e-07 3.68e-01   1.07531088e+14 -2.29320808e+13  6.95e+07     382s
  25   5.07e-07 9.45e-02   3.81125851e+13 -6.56075537e+12  2.35e+07     399s
  26   4.17e-07 2.92e-02   1.56765620e+13 -2.20293914e+12  9.30e+06     417s
  27   4.17e-07 1.37e-02   9.61769858e+12 -1.17578600e+12  5.57e+06     433s
  28   4.17e-07 5.68e-03   6.69521317e+12 -5.70655070e+11  3.72e+06     450s
  29   4.17e-07 3.26e-03   5.02718981e+12 -3.53112274e+11  2.74e+06     465s
  30   4.17e-07 1.78e-03   3.84319090e+12 -2.20495075e+11  2.07e+06     480s
  31   3.58e-07 9.39e-04   2.35612550e+12 -1.38565758e+11  1.27e+06     493s
  32   3.28e-07 4.52e-04   1.27373289e+12 -7.57606779e+10  6.84e+05     508s
  33   2.98e-07 2.64e-04   7.61757526e+11 -5.03861104e+10  4.12e+05     522s
  34   2.38e-07 1.70e-04   5.21842227e+11 -3.63100942e+10  2.83e+05     536s
  35   2.38e-07 6.66e-05   3.07293151e+11 -1.28432717e+10  1.62e+05     550s
  36   2.38e-07 2.73e-05   1.65089715e+11 -2.17215089e+09  8.47e+04     563s
  37   1.45e-07 1.07e-05   1.03218668e+11  2.57397820e+09  5.09e+04     578s
  38   1.27e-07 3.19e-06   4.60635654e+10  6.96331174e+09  1.98e+04     592s
  39   1.73e-07 1.23e-06   3.28559669e+10  8.03260845e+09  1.26e+04     606s
  40   1.03e-07 1.34e-07   1.72168806e+10  9.17084500e+09  4.07e+03     618s
  41   8.44e-08 7.08e-08   1.42858644e+10  9.36254184e+09  2.49e+03     632s
  42   1.94e-07 2.05e-08   1.18005932e+10  9.50280966e+09  1.16e+03     643s
  43   1.18e-07 1.12e-08   1.02881585e+10  9.57207270e+09  3.62e+02     655s
  44   1.55e-07 7.45e-09   1.00199199e+10  9.60625818e+09  2.09e+02     667s
  45   1.86e-07 4.66e-09   9.75256413e+09  9.62938328e+09  6.23e+01     679s
  46   1.57e-07 3.73e-09   9.67745225e+09  9.64091072e+09  1.85e+01     690s
  47   1.83e-07 3.73e-09   9.65088804e+09  9.64354457e+09  3.72e+00     701s
  48   2.42e-07 3.73e-09   9.64632321e+09  9.64478624e+09  7.78e-01     711s
  49   1.06e-07 3.73e-09   9.64510084e+09  9.64502468e+09  3.85e-02     722s
  50   2.26e-07 5.59e-09   9.64505782e+09  9.64504908e+09  4.42e-03     732s
  51   4.02e-07 3.73e-09   9.64505244e+09  9.64505143e+09  5.08e-04     743s
  52   9.02e-07 2.79e-09   9.64505180e+09  9.64505173e+09  3.46e-05     754s
  53*  1.00e-06 9.31e-10   9.64505176e+09  9.64505176e+09  3.73e-06     764s
Summary
    Runtime:                                            763.90s
    Status interior point solve:                        optimal
    Status crossover:                                   not run
    objective value:                                    9.64505176e+09
    interior solution primal residual (abs/rel):        8.64e-07 / 5.92e-15
    interior solution dual residual (abs/rel):          9.31e-10 / 9.62e-17
    interior solution objective gap (abs/rel):          6.62e+00 / 6.86e-10
Ipx: IPM       optimal
Model   status      : Optimal
IPM       iterations: 53
Objective value     :  9.6450517624e+09
HiGHS run time      :        776.21
[ Info: Rolling step not specified in scenaio.yaml file; Setting it to 15 years
[ Info: Demand-pathway mapping not specified in scenaio.yaml file; SERA will not look for eligible pathways for different demand types.
[ Info: Production capacity constraints from the grid model not defined. SERA will not create these constraints
[ Info: Regional technology limits not specified in scenaio.yaml file; SERA will not create these constraints
STARTING DATA PRE-PROCESSING 
Processing Temporal Data
Processing Nodes
Processing Demand
Processing Existings
Processing Links
Processing Pathways
Creating Infrastructure options
 22.894274 seconds (132.06 M allocations: 15.443 GiB, 34.63% gc time, 0.44% compilation time)

OPTIMIZING FROM 2026 TO 2040 

STARTING OPTIMIZATION MODEL CREATION
CREATING VARIABLES AND EXPRESSIONS
298.968522 seconds (528.06 M allocations: 32.675 GiB, 88.74% gc time, 3.99% compilation time)
POPULATING EXPRESSIONS
133.433111 seconds (591.23 M allocations: 92.837 GiB, 11.86% gc time, 0.14% compilation time)
CREATING CONSTRAINTS
273.004244 seconds (332.75 M allocations: 19.546 GiB, 87.20% gc time, 0.50% compilation time)
POPULATED CORE OPTIMIZATION MODEL, STARTING ITERATIONS
READING COST DATA FOR ITERATION 1
246.233588 seconds (247.52 M allocations: 23.450 GiB, 77.69% gc time, 0.16% compilation time)
CREATING EXPRESSIONS FOR CAPITAL AND FIXED COST
663.120508 seconds (362.48 M allocations: 23.247 GiB, 96.01% gc time, 0.22% compilation time)
BUILDING OBJECTIVE FUNCTION
 52.227539 seconds (89.96 M allocations: 2.756 GiB, 80.04% gc time, 1.58% compilation time)
Optimizing for iteration 1
1943.117259 seconds (116.40 M allocations: 10.880 GiB, 16.33% gc time, 0.00% compilation time)
OPTIMAL
3.502526392003147e9
ϵ =  1.0
READING COST DATA FOR ITERATION 2
2006.687513 seconds (201.10 M allocations: 22.552 GiB, 25.10% gc time, 0.00% compilation time)
CREATING EXPRESSIONS FOR CAPITAL AND FIXED COST
1017.718819 seconds (361.09 M allocations: 23.140 GiB, 97.58% gc time, 0.02% compilation time)
BUILDING OBJECTIVE FUNCTION
 56.771223 seconds (89.30 M allocations: 2.801 GiB, 82.46% gc time)
Optimizing for iteration 2
895.058803 seconds (5 allocations: 32 bytes)
OPTIMAL
1.817391563983198e10
ϵ =  0.8072772834749483
READING COST DATA FOR ITERATION 3
2036.134883 seconds (200.49 M allocations: 22.591 GiB, 25.32% gc time)
CREATING EXPRESSIONS FOR CAPITAL AND FIXED COST
1026.254256 seconds (361.09 M allocations: 23.140 GiB, 97.47% gc time)
BUILDING OBJECTIVE FUNCTION
 57.206839 seconds (89.30 M allocations: 2.801 GiB, 82.05% gc time)
Optimizing for iteration 3
783.390218 seconds (2 allocations: 32 bytes)
OPTIMAL
1.0598942429877607e10
ϵ =  0.7146914194559928
READING COST DATA FOR ITERATION 4
1977.033094 seconds (200.43 M allocations: 22.507 GiB, 25.47% gc time)
CREATING EXPRESSIONS FOR CAPITAL AND FIXED COST
994.290228 seconds (361.09 M allocations: 23.140 GiB, 97.47% gc time)
BUILDING OBJECTIVE FUNCTION
 55.657780 seconds (89.30 M allocations: 2.801 GiB, 81.70% gc time)
Optimizing for iteration 4
809.063615 seconds (2 allocations: 32 bytes)
OPTIMAL
9.940353587224304e9
ϵ =  0.06625406600228581
READING COST DATA FOR ITERATION 5
1942.064085 seconds (200.41 M allocations: 22.634 GiB, 26.09% gc time)
CREATING EXPRESSIONS FOR CAPITAL AND FIXED COST
1013.130510 seconds (361.09 M allocations: 23.140 GiB, 97.47% gc time)
BUILDING OBJECTIVE FUNCTION
 54.941061 seconds (89.30 M allocations: 2.801 GiB, 81.55% gc time)
Optimizing for iteration 5
787.325129 seconds (2 allocations: 32 bytes)
OPTIMAL
9.785071737782848e9
ϵ =  0.01586926019575911
READING COST DATA FOR ITERATION 6
2233.141721 seconds (200.40 M allocations: 22.459 GiB, 27.27% gc time)
CREATING EXPRESSIONS FOR CAPITAL AND FIXED COST
1180.824073 seconds (361.09 M allocations: 23.140 GiB, 97.78% gc time)
BUILDING OBJECTIVE FUNCTION
 64.440565 seconds (89.30 M allocations: 2.801 GiB, 83.17% gc time)
Optimizing for iteration 6
793.620263 seconds (2 allocations: 32 bytes)
OPTIMAL
9.640236337867435e9
ϵ =  0.015024050743775247
READING COST DATA FOR ITERATION 7
2055.391432 seconds (200.40 M allocations: 22.411 GiB, 25.19% gc time)
CREATING EXPRESSIONS FOR CAPITAL AND FIXED COST
1111.917628 seconds (361.09 M allocations: 23.140 GiB, 97.65% gc time)
BUILDING OBJECTIVE FUNCTION
 60.130355 seconds (89.30 M allocations: 2.801 GiB, 82.67% gc time)
Optimizing for iteration 7
776.313709 seconds (2 allocations: 32 bytes)
OPTIMAL
9.645051762374191e9
ϵ =  0.0004992637300049225
ITERATIONS COMPLETED
WRITING RESULTS TO FILE
126.570054 seconds (69.96 M allocations: 2.869 GiB, 93.48% gc time, 0.59% compilation time)

THE OPTIMIZATION PROBLEM TOOK 461.94 MINUTES TO SOLVE. 
