Running HiGHS 1.6.0: Copyright (c) 2023 HiGHS under MIT licence terms
Presolving model
161056 rows, 470380 cols, 1074500 nonzeros
119759 rows, 288647 cols, 712797 nonzeros
117290 rows, 155580 cols, 446070 nonzeros
114465 rows, 152560 cols, 439961 nonzeros
Presolve : Reductions: rows 114465(-3303436); columns 152560(-2153912); elements 439961(-10009617)
Solving the presolved LP
IPX model has 114465 rows, 152560 columns and 439961 nonzeros
Input
    Number of variables:                                152560
    Number of free variables:                           0
    Number of constraints:                              114465
    Number of equality constraints:                     18378
    Number of matrix entries:                           439961
    Matrix range:                                       [1e-02, 1e+00]
    RHS range:                                          [2e+05, 1e+07]
    Objective range:                                    [4e-04, 7e+02]
    Bounds range:                                       [7e+05, 1e+08]
Preprocessing
    Dualized model:                                     no
    Number of dense columns:                            0
    Range of scaling factors:                           [1.00e+00, 2.00e+00]
IPX version 1.0
Interior Point Solve
 Iter     P.res    D.res            P.obj           D.obj        mu     Time
   0   3.67e+06 3.46e+01   1.42341675e+09 -8.61432842e+12  1.76e+08       0s
   1   1.11e+06 2.43e+01   2.50577253e+12 -6.15681359e+12  1.15e+08       0s
   2   5.10e+05 1.41e+01   3.57120976e+12 -3.80157381e+12  8.38e+07       0s
   3   1.80e+05 4.33e+00   2.71922697e+12 -1.22055145e+12  3.02e+07       0s
   4   6.53e+04 7.39e-01   1.57460540e+12 -2.21079734e+11  9.06e+06       1s
   5   2.10e+04 2.14e-01   6.27464159e+11 -6.65681862e+10  3.06e+06       1s
 Constructing starting basis...
   6   4.09e+03 9.55e-02   2.30553225e+11 -3.23024701e+10  1.16e+06       3s
   7   1.46e+03 4.31e-02   1.26295026e+11 -1.55765442e+10  6.06e+05       3s
   8   5.04e+02 2.06e-02   7.60119339e+10 -7.95810513e+09  3.50e+05       4s
   9   2.83e+02 1.10e-02   5.18161442e+10 -3.91487113e+09  2.28e+05       4s
  10   1.34e+02 6.45e-03   3.16189073e+10 -1.73919267e+09  1.35e+05       5s
  11   6.41e+01 4.29e-03   2.06101600e+10 -7.01944530e+08  8.59e+04       5s
  12   2.24e+01 2.52e-03   1.59443117e+10  6.51103547e+07  6.35e+04       6s
  13   1.62e+01 1.01e-03   1.34333591e+10  8.96173719e+08  4.96e+04       6s
  14   7.82e+00 5.54e-04   8.05229025e+09  1.22130659e+09  2.69e+04       7s
  15   6.76e+00 2.54e-04   7.53956187e+09  1.39976937e+09  2.42e+04       7s
  16   4.04e+00 1.44e-04   5.89110389e+09  1.48145588e+09  1.73e+04       8s
  17   2.29e+00 1.61e-05   4.80499497e+09  1.57778013e+09  1.27e+04       8s
  18   8.58e-01 8.72e-06   3.11963331e+09  1.60757405e+09  5.93e+03       9s
  19   3.92e-01 5.96e-06   2.47839879e+09  1.62204453e+09  3.36e+03       9s
  20   3.52e-01 4.55e-06   2.41094141e+09  1.62968814e+09  3.06e+03      10s
  21   3.21e-01 3.69e-06   2.39577099e+09  1.63161005e+09  2.99e+03      10s
  22   2.66e-01 2.57e-06   2.36562422e+09  1.63480742e+09  2.86e+03      11s
  23   8.66e-02 1.66e-06   1.91661379e+09  1.64397277e+09  1.07e+03      11s
  24   1.69e-02 7.77e-07   1.79199291e+09  1.65146476e+09  5.50e+02      12s
  25   3.78e-03 5.93e-07   1.74748993e+09  1.65323308e+09  3.69e+02      12s
  26   1.55e-03 2.57e-07   1.71069973e+09  1.65744103e+09  2.09e+02      13s
  27   7.94e-04 1.70e-07   1.69648445e+09  1.65857668e+09  1.48e+02      13s
  28   1.87e-04 8.00e-08   1.68204451e+09  1.65982182e+09  8.70e+01      14s
  29   5.41e-05 4.13e-08   1.66932211e+09  1.66057677e+09  3.42e+01      14s
  30   1.15e-05 1.46e-08   1.66409449e+09  1.66112475e+09  1.16e+01      14s
  31   1.49e-06 1.41e-09   1.66242748e+09  1.66140961e+09  3.99e+00      15s
  32   8.34e-07 7.42e-10   1.66224825e+09  1.66142634e+09  3.22e+00      15s
  33   2.98e-08 2.21e-10   1.66165679e+09  1.66144806e+09  8.17e-01      16s
  34   2.98e-08 2.93e-11   1.66151032e+09  1.66146145e+09  1.91e-01      16s
  35   2.98e-08 3.75e-12   1.66146804e+09  1.66146326e+09  1.87e-02      16s
  36   2.98e-08 9.09e-13   1.66146444e+09  1.66146348e+09  3.73e-03      17s
  37   2.98e-08 2.27e-13   1.66146363e+09  1.66146353e+09  3.67e-04      17s
  38   2.98e-08 2.27e-13   1.66146355e+09  1.66146354e+09  2.30e-05      17s
  39*  2.98e-08 2.27e-13   1.66146354e+09  1.66146354e+09  2.27e-06      17s
Summary
    Runtime:                                            17.46s
    Status interior point solve:                        optimal
    Status crossover:                                   not run
    objective value:                                    1.66146354e+09
    interior solution primal residual (abs/rel):        2.98e-08 / 2.04e-16
    interior solution dual residual (abs/rel):          3.90e-11 / 5.26e-14
    interior solution objective gap (abs/rel):          5.79e-01 / 3.48e-10
Ipx: IPM       optimal
Model   status      : Optimal
IPM       iterations: 39
Objective value     :  1.6614635408e+09
HiGHS run time      :         21.29
Presolving model
161056 rows, 470380 cols, 1074500 nonzeros
119759 rows, 288647 cols, 712797 nonzeros
117290 rows, 155580 cols, 446070 nonzeros
114465 rows, 152560 cols, 439961 nonzeros
Presolve : Reductions: rows 114465(-3313456); columns 152560(-2153912); elements 439961(-10019637)
Solving the presolved LP
IPX model has 114465 rows, 152560 columns and 439961 nonzeros
Input
    Number of variables:                                152560
    Number of free variables:                           0
    Number of constraints:                              114465
    Number of equality constraints:                     18378
    Number of matrix entries:                           439961
    Matrix range:                                       [1e-02, 1e+00]
    RHS range:                                          [2e+05, 1e+07]
    Objective range:                                    [4e-04, 8e+06]
    Bounds range:                                       [7e+05, 1e+08]
Preprocessing
    Dualized model:                                     no
    Number of dense columns:                            0
    Range of scaling factors:                           [1.00e+00, 2.00e+00]
IPX version 1.0
Interior Point Solve
 Iter     P.res    D.res            P.obj           D.obj        mu     Time
   0   3.72e+06 1.50e+06   3.87078958e+13 -3.78626094e+17  7.21e+12       0s
   1   1.12e+06 1.12e+06   5.87012251e+16 -2.86817339e+17  5.38e+12       0s
   2   5.01e+05 6.06e+05   8.93125589e+16 -1.68774021e+17  3.86e+12       0s
   3   1.15e+05 2.43e+05   7.26145773e+16 -7.04774462e+16  1.59e+12       0s
   4   4.09e+04 4.40e+04   5.01069981e+16 -1.33159077e+16  4.06e+11       1s
   5   1.52e+04 9.95e+03   2.75353225e+16 -3.32762038e+15  1.45e+11       2s
 Constructing starting basis...
   6   5.04e+03 4.35e+03   1.08623503e+16 -1.48324550e+15  5.72e+10       3s
   7   1.92e+03 1.28e+03   5.48732617e+15 -4.98805698e+14  2.56e+10       4s
   8   6.57e+02 3.42e+02   3.30964271e+15 -2.00580517e+14  1.44e+10       4s
   9   1.64e+02 1.23e+02   1.07626964e+15 -8.21537789e+13  4.77e+09       4s
  10   5.92e+01 5.09e+01   4.61119919e+14 -3.66000783e+13  2.05e+09       5s
  11   2.19e+01 2.21e+01   2.18721503e+14 -1.73988378e+13  9.76e+08       5s
  12   3.91e+00 6.71e+00   7.32367658e+13 -6.23582829e+12  3.30e+08       6s
  13   5.97e-01 1.53e+00   1.67193028e+13 -1.55631406e+12  7.61e+07       6s
  14   4.46e-02 2.83e-01   2.81306285e+12 -3.24762505e+11  1.32e+07       7s
  15   1.28e-02 8.79e-02   9.79655215e+11 -1.04277181e+11  4.51e+06       7s
  16   2.92e-03 4.55e-02   4.30066117e+11 -5.69577619e+10  2.04e+06       7s
  17   9.44e-04 1.96e-02   2.39694108e+11 -2.59913698e+10  1.10e+06       8s
  18   1.81e-04 6.20e-03   1.02377780e+11 -8.46098914e+09  4.48e+05       8s
  19   7.39e-05 2.43e-03   5.10227463e+10 -2.65136536e+09  2.14e+05       9s
  20   5.65e-05 1.41e-03   4.45952266e+10 -1.18150295e+09  1.81e+05       9s
  21   3.64e-05 5.21e-04   3.09040763e+10  4.13145493e+08  1.20e+05      10s
  22   1.24e-05 8.89e-05   1.30497635e+10  1.24757328e+09  4.63e+04      10s
  23   7.75e-07 7.20e-05   9.50931206e+09  1.25191257e+09  3.24e+04      10s
  24   2.09e-07 1.27e-05   4.37422951e+09  1.42373400e+09  1.16e+04      11s
  25   8.94e-08 3.85e-06   2.44620386e+09  1.46983648e+09  3.82e+03      11s
  26   2.98e-08 1.38e-06   1.79382286e+09  1.48488797e+09  1.21e+03      11s
  27   2.98e-08 5.86e-07   1.62802140e+09  1.49082967e+09  5.37e+02      12s
  28   2.98e-08 2.06e-07   1.53874862e+09  1.49395861e+09  1.75e+02      12s
  29   2.98e-08 7.82e-08   1.51654289e+09  1.49508211e+09  8.40e+01      13s
  30   2.98e-08 1.68e-08   1.50163625e+09  1.49564737e+09  2.35e+01      13s
  31   2.98e-08 4.66e-09   1.49691446e+09  1.49585321e+09  4.16e+00      13s
  32   2.98e-08 1.86e-09   1.49596432e+09  1.49589057e+09  2.89e-01      13s
  33   2.98e-08 1.86e-09   1.49590931e+09  1.49589324e+09  6.29e-02      14s
  34   2.98e-08 1.86e-09   1.49589608e+09  1.49589373e+09  9.24e-03      14s
  35   2.98e-08 1.86e-09   1.49589401e+09  1.49589377e+09  9.37e-04      14s
  36   2.98e-08 1.86e-09   1.49589379e+09  1.49589378e+09  5.03e-05      15s
  37   2.98e-08 9.31e-10   1.49589379e+09  1.49589378e+09  1.87e-05      15s
  38*  2.98e-08 9.31e-10   1.49589378e+09  1.49589378e+09  4.81e-09      15s
Summary
    Runtime:                                            15.19s
    Status interior point solve:                        optimal
    Status crossover:                                   not run
    objective value:                                    1.49589378e+09
    interior solution primal residual (abs/rel):        3.17e-08 / 2.17e-16
    interior solution dual residual (abs/rel):          9.31e-10 / 1.10e-16
    interior solution objective gap (abs/rel):          6.37e-05 / 4.26e-14
Ipx: IPM       optimal
Model   status      : Optimal
IPM       iterations: 38
Objective value     :  1.4958937804e+09
HiGHS run time      :         18.89
Presolving model
161056 rows, 470380 cols, 1074500 nonzeros
119759 rows, 288647 cols, 712797 nonzeros
117290 rows, 155580 cols, 446070 nonzeros
114465 rows, 152560 cols, 439961 nonzeros
Presolve : Reductions: rows 114465(-3323476); columns 152560(-2153912); elements 439961(-10029657)
Solving the presolved LP
IPX model has 114465 rows, 152560 columns and 439961 nonzeros
Input
    Number of variables:                                152560
    Number of free variables:                           0
    Number of constraints:                              114465
    Number of equality constraints:                     18378
    Number of matrix entries:                           439961
    Matrix range:                                       [1e-02, 1e+00]
    RHS range:                                          [2e+05, 1e+07]
    Objective range:                                    [4e-04, 8e+06]
    Bounds range:                                       [7e+05, 1e+08]
Preprocessing
    Dualized model:                                     no
    Number of dense columns:                            0
    Range of scaling factors:                           [1.00e+00, 2.00e+00]
IPX version 1.0
Interior Point Solve
 Iter     P.res    D.res            P.obj           D.obj        mu     Time
   0   3.72e+06 1.50e+06   3.95993349e+13 -3.78555937e+17  7.21e+12       0s
   1   1.12e+06 1.12e+06   5.87494533e+16 -2.86709414e+17  5.38e+12       0s
   2   5.01e+05 6.05e+05   8.94142093e+16 -1.68573161e+17  3.86e+12       0s
   3   1.15e+05 2.42e+05   7.27165229e+16 -7.01377745e+16  1.59e+12       1s
   4   4.14e+04 4.40e+04   5.02850873e+16 -1.33302140e+16  4.07e+11       1s
   5   1.54e+04 1.00e+04   2.76323420e+16 -3.36058020e+15  1.45e+11       2s
 Constructing starting basis...
   6   5.07e+03 4.19e+03   1.09256525e+16 -1.43253812e+15  5.69e+10       3s
   7   1.65e+03 1.23e+03   4.99736379e+15 -4.78131761e+14  2.34e+10       4s
   8   6.93e+02 5.61e+02   2.99574950e+15 -2.52835327e+14  1.37e+10       4s
   9   3.83e+02 2.94e+02   1.83146454e+15 -1.40149828e+14  8.22e+09       5s
  10   1.98e+02 1.86e+02   1.02804985e+15 -9.09877761e+13  4.69e+09       5s
  11   1.19e+02 1.17e+02   6.46825194e+14 -5.81908728e+13  2.96e+09       5s
  12   8.36e+01 5.55e+01   4.64059510e+14 -2.77205148e+13  2.02e+09       6s
  13   2.85e+01 3.09e+01   1.64076524e+14 -1.54847014e+13  7.54e+08       6s
  14   1.40e+01 8.34e+00   9.04240240e+13 -4.67394322e+12  3.88e+08       6s
  15   1.98e+00 9.52e-01   3.06045664e+13 -1.12175839e+12  1.27e+08       7s
  16   6.73e-01 2.02e-01   1.25066565e+13 -3.14407824e+11  5.09e+07       7s
  17   1.70e-01 3.05e-02   3.38230635e+12 -5.30468962e+10  1.36e+07       8s
  18   6.62e-02 1.78e-02   1.40761320e+12 -3.21873141e+10  5.69e+06       8s
  19   3.42e-02 8.06e-03   8.18020556e+11 -1.69159659e+10  3.30e+06       8s
  20   5.25e-03 2.71e-03   1.55071166e+11 -5.44614074e+09  6.34e+05       9s
  21   1.40e-04 1.35e-03   4.49716217e+10 -2.64603115e+09  1.89e+05       9s
  22   2.54e-05 4.08e-04   1.27651581e+10  1.33525483e+07  5.02e+04      10s
  23   7.96e-06 1.51e-04   5.19024134e+09  8.11072756e+08  1.72e+04      10s
  24   2.68e-06 9.44e-05   4.15277334e+09  9.67631983e+08  1.25e+04      10s
  25   3.35e-08 5.08e-05   2.71721457e+09  1.10055759e+09  6.33e+03      11s
  26   3.73e-08 1.68e-05   1.70500706e+09  1.22977898e+09  1.86e+03      11s
  27   2.98e-08 7.85e-06   1.45778637e+09  1.26587156e+09  7.52e+02      12s
  28   2.98e-08 4.19e-06   1.34164193e+09  1.28088552e+09  2.38e+02      12s
  29   2.98e-08 1.55e-06   1.31813624e+09  1.29182085e+09  1.03e+02      12s
  30   2.98e-08 6.37e-07   1.30748968e+09  1.29566804e+09  4.63e+01      13s
  31   2.98e-08 1.10e-07   1.29927470e+09  1.29802252e+09  4.90e+00      13s
  32   2.98e-08 7.45e-09   1.29869995e+09  1.29848534e+09  8.40e-01      13s
  33   2.98e-08 1.86e-09   1.29856221e+09  1.29850854e+09  2.10e-01      14s
  34   2.98e-08 1.86e-09   1.29851970e+09  1.29851185e+09  3.07e-02      14s
  35   2.98e-08 1.86e-09   1.29851500e+09  1.29851226e+09  1.07e-02      14s
  36   4.10e-08 1.86e-09   1.29851266e+09  1.29851236e+09  1.17e-03      14s
  37   2.98e-08 1.86e-09   1.29851245e+09  1.29851238e+09  2.49e-04      15s
  38   1.42e-07 9.31e-10   1.29851239e+09  1.29851239e+09  1.02e-05      15s
  39*  1.27e-07 9.31e-10   1.29851239e+09  1.29851239e+09  1.08e-09      15s
Summary
    Runtime:                                            15.28s
    Status interior point solve:                        optimal
    Status crossover:                                   not run
    objective value:                                    1.29851239e+09
    interior solution primal residual (abs/rel):        1.29e-07 / 8.80e-16
    interior solution dual residual (abs/rel):          9.31e-10 / 1.10e-16
    interior solution objective gap (abs/rel):          5.96e-06 / 4.59e-15
Ipx: IPM       optimal
Model   status      : Optimal
IPM       iterations: 39
Objective value     :  1.2985123916e+09
HiGHS run time      :         19.25
Presolving model
161056 rows, 470380 cols, 1074500 nonzeros
119759 rows, 288647 cols, 712797 nonzeros
117290 rows, 155580 cols, 446070 nonzeros
114465 rows, 152560 cols, 439961 nonzeros
Presolve : Reductions: rows 114465(-3333496); columns 152560(-2153912); elements 439961(-10039677)
Solving the presolved LP
IPX model has 114465 rows, 152560 columns and 439961 nonzeros
Input
    Number of variables:                                152560
    Number of free variables:                           0
    Number of constraints:                              114465
    Number of equality constraints:                     18378
    Number of matrix entries:                           439961
    Matrix range:                                       [1e-02, 1e+00]
    RHS range:                                          [2e+05, 1e+07]
    Objective range:                                    [4e-04, 8e+06]
    Bounds range:                                       [7e+05, 1e+08]
Preprocessing
    Dualized model:                                     no
    Number of dense columns:                            0
    Range of scaling factors:                           [1.00e+00, 2.00e+00]
IPX version 1.0
Interior Point Solve
 Iter     P.res    D.res            P.obj           D.obj        mu     Time
   0   3.72e+06 1.50e+06   3.96330074e+13 -3.78555365e+17  7.21e+12       0s
   1   1.12e+06 1.12e+06   5.87504622e+16 -2.86707116e+17  5.38e+12       0s
   2   5.01e+05 6.05e+05   8.94160870e+16 -1.68581194e+17  3.86e+12       0s
   3   1.15e+05 2.42e+05   7.27101680e+16 -7.01388376e+16  1.59e+12       1s
   4   4.14e+04 4.40e+04   5.02845456e+16 -1.33288796e+16  4.07e+11       1s
   5   1.54e+04 1.00e+04   2.76255707e+16 -3.35998166e+15  1.45e+11       2s
 Constructing starting basis...
   6   5.07e+03 4.22e+03   1.09237417e+16 -1.44186495e+15  5.70e+10       3s
   7   1.66e+03 1.23e+03   4.91800272e+15 -4.71593398e+14  2.31e+10       4s
   8   7.01e+02 5.66e+02   2.82455137e+15 -2.46284887e+14  1.29e+10       4s
   9   3.95e+02 2.93e+02   1.77571054e+15 -1.35718624e+14  7.96e+09       5s
  10   2.20e+02 1.89e+02   1.05878998e+15 -8.97159483e+13  4.80e+09       5s
  11   1.20e+02 8.73e+01   6.22199988e+14 -4.28973279e+13  2.75e+09       5s
  12   4.88e+01 5.08e+01   2.63074513e+14 -2.49825389e+13  1.21e+09       6s
  13   2.44e+01 3.59e+01   1.49257693e+14 -1.79575399e+13  7.15e+08       6s
  14   1.64e+01 2.12e+01   1.07844783e+14 -1.09097629e+13  5.02e+08       7s
  15   5.42e+00 3.25e+00   4.39627635e+13 -2.02943687e+12  1.87e+08       7s
  16   1.55e+00 3.09e-01   1.88736274e+13 -4.39444614e+11  7.66e+07       8s
  17   1.93e-01 5.19e-02   3.12727602e+12 -9.50552271e+10  1.28e+07       8s
  18   4.12e-02 1.53e-02   9.27721215e+11 -3.38353086e+10  3.82e+06       8s
  19   1.62e-02 7.53e-03   4.20526148e+11 -1.73000361e+10  1.74e+06       9s
  20   7.29e-03 2.31e-03   2.25420718e+11 -5.77500965e+09  9.12e+05       9s
  21   1.50e-03 4.06e-04   6.20624455e+10 -4.46976894e+08  2.45e+05      10s
  22   5.96e-08 2.85e-04   2.71280441e+10 -1.67184552e+08  1.07e+05      10s
  23   4.47e-08 2.24e-05   5.52385028e+09  1.07593811e+09  1.74e+04      10s
  24   2.98e-08 8.64e-06   3.12832170e+09  1.16632358e+09  7.68e+03      11s
  25   4.10e-08 3.80e-06   2.17047749e+09  1.19803092e+09  3.81e+03      11s
  26   2.98e-08 1.55e-06   1.86929199e+09  1.21687234e+09  2.55e+03      11s
  27   2.98e-08 7.14e-07   1.49776812e+09  1.22706824e+09  1.06e+03      12s
  28   2.98e-08 3.53e-07   1.29789501e+09  1.23194137e+09  2.58e+02      12s
  29   2.98e-08 1.29e-07   1.26215730e+09  1.23499146e+09  1.06e+02      13s
  30   2.98e-08 5.12e-08   1.24699572e+09  1.23605523e+09  4.28e+01      13s
  31   2.98e-08 1.21e-08   1.23847402e+09  1.23677573e+09  6.65e+00      13s
  32   2.98e-08 2.79e-09   1.23709007e+09  1.23695053e+09  5.46e-01      14s
  33   2.98e-08 1.86e-09   1.23698009e+09  1.23695939e+09  8.11e-02      14s
  34   2.98e-08 1.86e-09   1.23696298e+09  1.23696017e+09  1.10e-02      14s
  35   3.35e-08 1.86e-09   1.23696043e+09  1.23696031e+09  4.75e-04      15s
  36   3.73e-08 9.31e-10   1.23696035e+09  1.23696033e+09  7.02e-05      15s
  37   1.64e-07 9.31e-10   1.23696034e+09  1.23696033e+09  1.97e-05      15s
  38*  1.34e-07 9.31e-10   1.23696033e+09  1.23696033e+09  7.79e-08      15s
Summary
    Runtime:                                            15.46s
    Status interior point solve:                        optimal
    Status crossover:                                   not run
    objective value:                                    1.23696033e+09
    interior solution primal residual (abs/rel):        1.29e-07 / 8.80e-16
    interior solution dual residual (abs/rel):          9.31e-10 / 1.10e-16
    interior solution objective gap (abs/rel):          1.27e-02 / 1.03e-11
Ipx: IPM       optimal
Model   status      : Optimal
IPM       iterations: 38
Objective value     :  1.2369603327e+09
HiGHS run time      :         19.38
Presolving model
161056 rows, 470380 cols, 1074500 nonzeros
119759 rows, 288647 cols, 712797 nonzeros
117290 rows, 155580 cols, 446070 nonzeros
114465 rows, 152560 cols, 439961 nonzeros
Presolve : Reductions: rows 114465(-3343516); columns 152560(-2153912); elements 439961(-10049697)
Solving the presolved LP
IPX model has 114465 rows, 152560 columns and 439961 nonzeros
Input
    Number of variables:                                152560
    Number of free variables:                           0
    Number of constraints:                              114465
    Number of equality constraints:                     18378
    Number of matrix entries:                           439961
    Matrix range:                                       [1e-02, 1e+00]
    RHS range:                                          [2e+05, 1e+07]
    Objective range:                                    [4e-04, 8e+06]
    Bounds range:                                       [7e+05, 1e+08]
Preprocessing
    Dualized model:                                     no
    Number of dense columns:                            0
    Range of scaling factors:                           [1.00e+00, 2.00e+00]
IPX version 1.0
Interior Point Solve
 Iter     P.res    D.res            P.obj           D.obj        mu     Time
   0   3.72e+06 1.50e+06   3.97041093e+13 -3.78556152e+17  7.21e+12       0s
   1   1.12e+06 1.12e+06   5.87423547e+16 -2.86709056e+17  5.38e+12       0s
   2   5.02e+05 6.05e+05   8.94164511e+16 -1.68507480e+17  3.86e+12       0s
   3   1.15e+05 2.41e+05   7.27031082e+16 -7.01174780e+16  1.59e+12       1s
   4   4.13e+04 4.40e+04   5.02688452e+16 -1.33277836e+16  4.07e+11       1s
   5   1.54e+04 1.00e+04   2.76302397e+16 -3.35988021e+15  1.45e+11       2s
 Constructing starting basis...
   6   5.07e+03 4.22e+03   1.09269833e+16 -1.43973688e+15  5.70e+10       3s
   7   9.40e+02 1.32e+03   3.49268710e+15 -4.95204790e+14  1.75e+10       4s
   8   4.59e+02 7.11e+02   2.12723753e+15 -2.81380695e+14  1.04e+10       4s
   9   2.10e+02 2.39e+02   1.07421840e+15 -9.97038822e+13  4.91e+09       5s
  10   6.14e+01 1.33e+02   3.67345489e+14 -5.62350769e+13  1.82e+09       5s
  11   2.73e+01 6.96e+01   1.90515839e+14 -2.98814750e+13  9.52e+08       5s
  12   1.37e+01 4.94e+01   1.12331782e+14 -2.15517130e+13  5.91e+08       6s
  13   9.39e+00 2.85e+01   8.46889995e+13 -1.27767593e+13  4.22e+08       6s
  14   9.35e-01 5.20e+00   3.53882981e+13 -3.13523278e+12  1.60e+08       7s
  15   3.90e-01 2.33e-01   1.79344121e+13 -2.96465154e+11  7.19e+07       7s
  16   8.73e-02 6.24e-02   4.30451602e+12 -8.69246512e+10  1.73e+07       7s
  17   7.49e-03 1.04e-02   8.03535317e+11 -2.50476994e+10  3.28e+06       8s
  18   1.00e-03 2.16e-03   2.34207321e+11 -7.58259454e+09  9.54e+05       8s
  19   2.55e-04 4.77e-05   6.83778058e+10  7.27089366e+08  2.65e+05       9s
  20   3.14e-05 7.28e-06   1.90588923e+10  8.85462772e+08  7.12e+04       9s
  21   7.18e-06 2.37e-06   5.52079495e+09  1.11009286e+09  1.73e+04       9s
  22   2.74e-06 1.04e-06   2.97115512e+09  1.17544791e+09  7.03e+03      10s
  23   9.24e-07 3.88e-07   2.05961791e+09  1.20465741e+09  3.35e+03      10s
  24   1.49e-07 1.84e-07   1.47814824e+09  1.21742862e+09  1.02e+03      10s
  25   5.96e-08 8.66e-08   1.32372575e+09  1.22564297e+09  3.84e+02      11s
  26   2.98e-08 3.17e-08   1.26777161e+09  1.23057705e+09  1.46e+02      11s
  27   2.98e-08 1.30e-08   1.24949812e+09  1.23226346e+09  6.75e+01      11s
  28   2.98e-08 4.66e-09   1.23792409e+09  1.23320521e+09  1.85e+01      12s
  29   2.98e-08 1.86e-09   1.23434805e+09  1.23339486e+09  3.73e+00      12s
  30   2.98e-08 2.79e-09   1.23360875e+09  1.23342392e+09  7.24e-01      12s
  31   2.98e-08 1.86e-09   1.23344116e+09  1.23343075e+09  4.08e-02      13s
  32   2.98e-08 1.86e-09   1.23343273e+09  1.23343226e+09  1.82e-03      13s
  33   2.98e-08 1.86e-09   1.23343238e+09  1.23343234e+09  1.56e-04      13s
  34   1.04e-07 9.31e-10   1.23343235e+09  1.23343235e+09  1.60e-05      13s
  35*  8.20e-08 9.31e-10   1.23343235e+09  1.23343235e+09  2.73e-08      14s
Summary
    Runtime:                                            13.89s
    Status interior point solve:                        optimal
    Status crossover:                                   not run
    objective value:                                    1.23343235e+09
    interior solution primal residual (abs/rel):        8.38e-08 / 5.74e-16
    interior solution dual residual (abs/rel):          9.31e-10 / 1.10e-16
    interior solution objective gap (abs/rel):          4.89e-03 / 3.96e-12
Ipx: IPM       optimal
Model   status      : Optimal
IPM       iterations: 35
Objective value     :  1.2334323498e+09
HiGHS run time      :         17.79
Presolving model
161056 rows, 470380 cols, 1074500 nonzeros
119759 rows, 288647 cols, 712797 nonzeros
117290 rows, 155580 cols, 446070 nonzeros
114465 rows, 152560 cols, 439961 nonzeros
Presolve : Reductions: rows 114465(-3353536); columns 152560(-2153912); elements 439961(-10059717)
Solving the presolved LP
IPX model has 114465 rows, 152560 columns and 439961 nonzeros
Input
    Number of variables:                                152560
    Number of free variables:                           0
    Number of constraints:                              114465
    Number of equality constraints:                     18378
    Number of matrix entries:                           439961
    Matrix range:                                       [1e-02, 1e+00]
    RHS range:                                          [2e+05, 1e+07]
    Objective range:                                    [4e-04, 8e+06]
    Bounds range:                                       [7e+05, 1e+08]
Preprocessing
    Dualized model:                                     no
    Number of dense columns:                            0
    Range of scaling factors:                           [1.00e+00, 2.00e+00]
IPX version 1.0
Interior Point Solve
 Iter     P.res    D.res            P.obj           D.obj        mu     Time
   0   3.72e+06 1.50e+06   3.97041093e+13 -3.78556152e+17  7.21e+12       0s
   1   1.12e+06 1.12e+06   5.87423547e+16 -2.86709056e+17  5.38e+12       0s
   2   5.02e+05 6.05e+05   8.94164511e+16 -1.68507480e+17  3.86e+12       0s
   3   1.15e+05 2.41e+05   7.27031082e+16 -7.01174780e+16  1.59e+12       1s
   4   4.13e+04 4.40e+04   5.02688452e+16 -1.33277836e+16  4.07e+11       1s
   5   1.54e+04 1.00e+04   2.76302397e+16 -3.35988021e+15  1.45e+11       2s
 Constructing starting basis...
   6   5.07e+03 4.22e+03   1.09269833e+16 -1.43973688e+15  5.70e+10       3s
   7   9.40e+02 1.32e+03   3.49268710e+15 -4.95204790e+14  1.75e+10       4s
   8   4.59e+02 7.11e+02   2.12723753e+15 -2.81380695e+14  1.04e+10       4s
   9   2.10e+02 2.39e+02   1.07421840e+15 -9.97038822e+13  4.91e+09       5s
  10   6.14e+01 1.33e+02   3.67345489e+14 -5.62350769e+13  1.82e+09       5s
  11   2.73e+01 6.96e+01   1.90515839e+14 -2.98814750e+13  9.52e+08       5s
  12   1.37e+01 4.94e+01   1.12331782e+14 -2.15517130e+13  5.91e+08       6s
  13   9.39e+00 2.85e+01   8.46889995e+13 -1.27767593e+13  4.22e+08       6s
  14   9.35e-01 5.20e+00   3.53882981e+13 -3.13523278e+12  1.60e+08       7s
  15   3.90e-01 2.33e-01   1.79344121e+13 -2.96465154e+11  7.19e+07       7s
  16   8.73e-02 6.24e-02   4.30451602e+12 -8.69246512e+10  1.73e+07       7s
  17   7.49e-03 1.04e-02   8.03535317e+11 -2.50476994e+10  3.28e+06       8s
  18   1.00e-03 2.16e-03   2.34207321e+11 -7.58259454e+09  9.54e+05       8s
  19   2.55e-04 4.77e-05   6.83778058e+10  7.27089366e+08  2.65e+05       9s
  20   3.14e-05 7.28e-06   1.90588923e+10  8.85462772e+08  7.12e+04       9s
  21   7.18e-06 2.37e-06   5.52079495e+09  1.11009286e+09  1.73e+04       9s
  22   2.74e-06 1.04e-06   2.97115512e+09  1.17544791e+09  7.03e+03      10s
  23   9.24e-07 3.88e-07   2.05961791e+09  1.20465741e+09  3.35e+03      10s
  24   1.49e-07 1.84e-07   1.47814824e+09  1.21742862e+09  1.02e+03      10s
  25   5.96e-08 8.66e-08   1.32372575e+09  1.22564297e+09  3.84e+02      11s
  26   2.98e-08 3.17e-08   1.26777161e+09  1.23057705e+09  1.46e+02      11s
  27   2.98e-08 1.30e-08   1.24949812e+09  1.23226346e+09  6.75e+01      11s
  28   2.98e-08 4.66e-09   1.23792409e+09  1.23320521e+09  1.85e+01      12s
  29   2.98e-08 1.86e-09   1.23434805e+09  1.23339486e+09  3.73e+00      12s
  30   2.98e-08 2.79e-09   1.23360875e+09  1.23342392e+09  7.24e-01      12s
  31   2.98e-08 1.86e-09   1.23344116e+09  1.23343075e+09  4.08e-02      13s
  32   2.98e-08 1.86e-09   1.23343273e+09  1.23343226e+09  1.82e-03      13s
  33   2.98e-08 1.86e-09   1.23343238e+09  1.23343234e+09  1.56e-04      13s
  34   1.04e-07 9.31e-10   1.23343235e+09  1.23343235e+09  1.60e-05      13s
  35*  8.20e-08 9.31e-10   1.23343235e+09  1.23343235e+09  2.73e-08      14s
Summary
    Runtime:                                            13.88s
    Status interior point solve:                        optimal
    Status crossover:                                   not run
    objective value:                                    1.23343235e+09
    interior solution primal residual (abs/rel):        8.38e-08 / 5.74e-16
    interior solution dual residual (abs/rel):          9.31e-10 / 1.10e-16
    interior solution objective gap (abs/rel):          4.89e-03 / 3.96e-12
Ipx: IPM       optimal
Model   status      : Optimal
IPM       iterations: 35
Objective value     :  1.2334323498e+09
HiGHS run time      :         17.90
Running HiGHS 1.6.0: Copyright (c) 2023 HiGHS under MIT licence terms
Presolving model
164361 rows, 476035 cols, 1090110 nonzeros
123080 rows, 294321 cols, 728449 nonzeros
120640 rows, 161026 cols, 461365 nonzeros
117775 rows, 157036 cols, 453323 nonzeros
Presolve : Reductions: rows 117775(-3300341); columns 157036(-2149651); elements 453323(-10001100)
Solving the presolved LP
IPX model has 117775 rows, 157036 columns and 453323 nonzeros
Input
    Number of variables:                                157036
    Number of free variables:                           0
    Number of constraints:                              117775
    Number of equality constraints:                     18598
    Number of matrix entries:                           453323
    Matrix range:                                       [1e-02, 1e+00]
    RHS range:                                          [3e+05, 6e+07]
    Objective range:                                    [3e-04, 2e+06]
    Bounds range:                                       [2e+05, 1e+08]
Preprocessing
    Dualized model:                                     no
    Number of dense columns:                            0
    Range of scaling factors:                           [1.00e+00, 2.00e+00]
IPX version 1.0
Interior Point Solve
 Iter     P.res    D.res            P.obj           D.obj        mu     Time
   0   1.31e+07 2.50e+05   4.39407737e+13 -8.41735656e+16  3.84e+12       0s
   1   3.62e+06 1.81e+05   4.75437767e+16 -6.47770978e+16  2.63e+12       0s
   2   1.49e+06 1.14e+05   6.54079354e+16 -4.68463931e+16  2.05e+12       0s
   3   5.96e+05 3.66e+04   5.20045416e+16 -1.61307013e+16  7.34e+11       0s
   4   1.63e+05 9.67e+03   3.21427989e+16 -5.06898003e+15  2.38e+11       1s
   5   6.24e+04 1.87e+03   1.69522495e+16 -1.19058940e+15  8.04e+10       2s
 Constructing starting basis...
   6   1.81e+04 5.10e+02   6.70339622e+15 -4.38962374e+14  3.01e+10       3s
   7   3.52e+03 2.44e+02   2.13795043e+15 -2.40086523e+14  1.00e+10       4s
   8   1.85e+03 1.30e+02   1.52463225e+15 -1.45884356e+14  6.89e+09       4s
   9   9.44e+02 3.78e+01   1.11797592e+15 -6.04581720e+13  4.64e+09       5s
  10   5.73e+02 1.58e+01   8.55086338e+14 -2.54961038e+13  3.43e+09       5s
  11   3.69e+02 6.36e+00   6.68264991e+14 -2.78581050e+12  2.59e+09       6s
  12   3.28e+02 5.32e+00   6.53868132e+14 -2.78114306e+12  2.54e+09       7s
  13   1.80e+02 2.63e+00   4.24250536e+14  1.42373906e+13  1.58e+09       7s
  14   7.25e+01 3.63e-01   3.13220194e+14  2.03253224e+13  1.11e+09       8s
  15   4.67e+01 1.59e-01   2.28940126e+14  2.95081052e+13  7.56e+08       9s
  16   2.40e+01 3.60e-02   1.97044290e+14  2.81935191e+13  6.40e+08       9s
  17   9.51e+00 1.15e-02   1.11370283e+14  3.48203325e+13  2.90e+08      10s
  18   3.96e+00 3.91e-03   7.98927001e+13  3.65698696e+13  1.64e+08      11s
  19   1.12e+00 1.25e-03   5.12852812e+13  3.81123409e+13  4.97e+07      11s
  20   3.08e-01 5.78e-04   4.25082929e+13  3.85076788e+13  1.51e+07      12s
  21   8.79e-02 1.04e-04   4.12059381e+13  3.87007692e+13  9.41e+06      13s
  22   5.29e-02 7.50e-05   4.07847370e+13  3.87226401e+13  7.75e+06      13s
  23   1.98e-02 1.39e-05   3.98681355e+13  3.88079110e+13  3.98e+06      14s
  24   2.26e-03 6.97e-06   3.95188867e+13  3.88149898e+13  2.64e+06      14s
  25   2.03e-03 6.29e-06   3.94513617e+13  3.88182446e+13  2.38e+06      15s
  26   5.82e-04 3.30e-06   3.90440017e+13  3.88357050e+13  7.82e+05      15s
  27   1.57e-04 7.70e-07   3.89213265e+13  3.88502701e+13  2.67e+05      16s
  28   3.03e-05 2.90e-07   3.88723522e+13  3.88534333e+13  7.10e+04      17s
  29   1.03e-05 1.01e-07   3.88618894e+13  3.88547901e+13  2.66e+04      17s
  30   9.61e-06 3.28e-08   3.88617797e+13  3.88551410e+13  2.49e+04      18s
  31   2.53e-06 1.54e-08   3.88574840e+13  3.88553490e+13  8.01e+03      18s
  32   1.10e-06 6.98e-09   3.88565720e+13  3.88554488e+13  4.22e+03      19s
  33   5.96e-07 3.73e-09   3.88562001e+13  3.88554908e+13  2.66e+03      19s
  34   2.68e-07 2.10e-09   3.88559173e+13  3.88555134e+13  1.52e+03      20s
  35   8.94e-08 9.31e-10   3.88557341e+13  3.88555305e+13  7.64e+02      20s
  36   3.00e-08 4.66e-10   3.88556413e+13  3.88555382e+13  3.87e+02      21s
  37   3.01e-08 4.66e-10   3.88555851e+13  3.88555416e+13  1.63e+02      21s
  38   3.61e-08 4.66e-10   3.88555565e+13  3.88555434e+13  4.88e+01      22s
  39   2.98e-08 4.66e-10   3.88555477e+13  3.88555447e+13  1.13e+01      22s
  40   3.92e-08 4.66e-10   3.88555456e+13  3.88555450e+13  1.99e+00      22s
  41   2.98e-08 4.66e-10   3.88555453e+13  3.88555451e+13  8.27e-01      23s
  42   2.98e-08 4.66e-10   3.88555451e+13  3.88555451e+13  1.60e-01      23s
  43*  2.98e-08 4.66e-10   3.88555451e+13  3.88555451e+13  5.77e-03      23s
Summary
    Runtime:                                            23.28s
    Status interior point solve:                        optimal
    Status crossover:                                   not run
    objective value:                                    3.88555451e+13
    interior solution primal residual (abs/rel):        3.73e-08 / 2.55e-16
    interior solution dual residual (abs/rel):          4.66e-10 / 2.42e-16
    interior solution objective gap (abs/rel):          1.59e+03 / 4.08e-11
Ipx: IPM       optimal
Model   status      : Optimal
IPM       iterations: 43
Objective value     :  3.8855544752e+13
HiGHS run time      :         27.36
Presolving model
164361 rows, 476035 cols, 1090110 nonzeros
123080 rows, 294321 cols, 728449 nonzeros
120640 rows, 161026 cols, 461365 nonzeros
117775 rows, 157036 cols, 453323 nonzeros
Presolve : Reductions: rows 117775(-3310361); columns 157036(-2149651); elements 453323(-10011120)
Solving the presolved LP
IPX model has 117775 rows, 157036 columns and 453323 nonzeros
Input
    Number of variables:                                157036
    Number of free variables:                           0
    Number of constraints:                              117775
    Number of equality constraints:                     18598
    Number of matrix entries:                           453323
    Matrix range:                                       [1e-02, 1e+00]
    RHS range:                                          [3e+05, 6e+07]
    Objective range:                                    [3e-04, 2e+06]
    Bounds range:                                       [2e+05, 1e+08]
Preprocessing
    Dualized model:                                     no
    Number of dense columns:                            0
    Range of scaling factors:                           [1.00e+00, 2.00e+00]
IPX version 1.0
Interior Point Solve
 Iter     P.res    D.res            P.obj           D.obj        mu     Time
   0   1.31e+07 2.24e+05   3.80777188e+13 -7.51794638e+16  3.46e+12       0s
   1   3.63e+06 1.61e+05   4.49632892e+16 -5.77320537e+16  2.35e+12       0s
   2   1.53e+06 1.03e+05   6.10615644e+16 -4.20079952e+16  1.83e+12       0s
   3   6.40e+05 3.22e+04   4.84966517e+16 -1.40263073e+16  6.49e+11       0s
   4   2.21e+05 8.13e+03   3.11276024e+16 -4.24566880e+15  2.18e+11       1s
   5   6.93e+04 1.74e+03   1.38182353e+16 -1.06358266e+15  6.71e+10       2s
 Constructing starting basis...
   6   5.91e+03 5.73e+02   3.28150093e+15 -4.53246432e+14  1.66e+10       3s
   7   1.10e+03 2.26e+02   1.15576223e+15 -2.02649353e+14  5.93e+09       4s
   8   4.48e+02 8.95e+01   8.13884122e+14 -1.00438847e+14  3.80e+09       4s
   9   1.53e+02 4.77e+01   3.18243755e+14 -5.43497672e+13  1.58e+09       5s
  10   2.29e+01 1.35e+01   6.78690432e+13 -1.60514004e+13  3.67e+08       5s
  11   4.47e+00 3.25e+00   1.72259601e+13 -4.01366509e+12  9.21e+07       6s
  12   1.29e+00 1.33e+00   6.85789690e+12 -1.70623255e+12  3.72e+07       6s
  13   5.41e-01 8.27e-01   3.99580471e+12 -1.09792302e+12  2.24e+07       7s
  14   2.05e-01 4.27e-01   2.09082844e+12 -5.88705358e+11  1.18e+07       7s
  15   4.80e-02 2.22e-01   1.05524766e+12 -3.21230596e+11  6.09e+06       8s
  16   1.78e-02 9.29e-02   6.36161081e+11 -1.42496963e+11  3.31e+06       9s
  17   8.41e-03 4.83e-02   3.78308743e+11 -7.53404845e+10  1.89e+06       9s
  18   2.20e-03 1.43e-02   1.56545797e+11 -2.20391549e+10  7.19e+05      10s
  19   1.10e-03 3.46e-03   1.03552926e+11 -4.35724136e+09  4.15e+05      10s
  20   5.75e-04 1.79e-03   6.25727507e+10 -1.04604708e+09  2.42e+05      11s
  21   2.56e-04 1.10e-03   4.97826863e+10 -2.30449258e+07  1.89e+05      11s
  22   1.20e-04 7.62e-04   3.69041507e+10  6.81076788e+08  1.37e+05      12s
  23   4.47e-08 3.88e-04   1.81518277e+10  1.63033795e+09  6.24e+04      12s
  24   4.10e-08 2.79e-04   1.65970235e+10  2.00021026e+09  5.50e+04      13s
  25   3.73e-08 8.90e-05   7.90192865e+09  2.83262321e+09  1.91e+04      13s
  26   2.98e-08 3.10e-05   4.95242366e+09  3.12244917e+09  6.87e+03      14s
  27   4.10e-08 1.31e-05   4.30117741e+09  3.21272758e+09  4.09e+03      15s
  28   7.16e-08 6.09e-06   3.62798146e+09  3.25260503e+09  1.41e+03      15s
  29   7.82e-08 2.02e-06   3.45888710e+09  3.27663519e+09  6.84e+02      16s
  30   3.73e-08 7.28e-07   3.35331563e+09  3.28453401e+09  2.58e+02      16s
  31   3.00e-08 2.08e-07   3.31074207e+09  3.28797437e+09  8.54e+01      16s
  32   4.10e-08 8.31e-08   3.29694894e+09  3.28899809e+09  2.98e+01      17s
  33   4.27e-08 1.49e-08   3.29186717e+09  3.28957207e+09  8.61e+00      17s
  34   2.98e-08 6.52e-09   3.29012631e+09  3.28965962e+09  1.75e+00      18s
  35   5.11e-08 9.31e-10   3.28984200e+09  3.28972588e+09  4.36e-01      18s
  36   2.98e-08 4.66e-10   3.28976275e+09  3.28973149e+09  1.17e-01      18s
  37   2.98e-08 4.66e-10   3.28973783e+09  3.28973265e+09  1.95e-02      18s
  38   4.47e-08 4.66e-10   3.28973529e+09  3.28973278e+09  9.43e-03      19s
  39   4.96e-08 4.66e-10   3.28973419e+09  3.28973280e+09  5.20e-03      19s
  40   7.08e-08 4.66e-10   3.28973337e+09  3.28973281e+09  2.09e-03      19s
  41   3.73e-08 4.66e-10   3.28973287e+09  3.28973281e+09  2.04e-04      19s
  42   5.45e-08 4.66e-10   3.28973283e+09  3.28973281e+09  6.97e-05      20s
  43*  1.56e-07 2.33e-10   3.28973282e+09  3.28973281e+09  7.82e-06      20s
Summary
    Runtime:                                            19.75s
    Status interior point solve:                        optimal
    Status crossover:                                   not run
    objective value:                                    3.28973282e+09
    interior solution primal residual (abs/rel):        2.09e-07 / 1.43e-15
    interior solution dual residual (abs/rel):          2.33e-10 / 1.21e-16
    interior solution objective gap (abs/rel):          2.06e+00 / 6.25e-10
Ipx: IPM       optimal
Model   status      : Optimal
IPM       iterations: 43
Objective value     :  3.2897328152e+09
HiGHS run time      :         23.73
Presolving model
164361 rows, 476035 cols, 1090110 nonzeros
123080 rows, 294321 cols, 728449 nonzeros
120640 rows, 161026 cols, 461365 nonzeros
117775 rows, 157036 cols, 453323 nonzeros
Presolve : Reductions: rows 117775(-3320381); columns 157036(-2149651); elements 453323(-10021140)
Solving the presolved LP
IPX model has 117775 rows, 157036 columns and 453323 nonzeros
Input
    Number of variables:                                157036
    Number of free variables:                           0
    Number of constraints:                              117775
    Number of equality constraints:                     18598
    Number of matrix entries:                           453323
    Matrix range:                                       [1e-02, 1e+00]
    RHS range:                                          [3e+05, 6e+07]
    Objective range:                                    [3e-04, 2e+06]
    Bounds range:                                       [2e+05, 1e+08]
Preprocessing
    Dualized model:                                     no
    Number of dense columns:                            0
    Range of scaling factors:                           [1.00e+00, 2.00e+00]
IPX version 1.0
Interior Point Solve
 Iter     P.res    D.res            P.obj           D.obj        mu     Time
   0   1.31e+07 2.24e+05   3.94845254e+13 -7.51406928e+16  3.46e+12       0s
   1   3.62e+06 1.61e+05   4.51606601e+16 -5.76662579e+16  2.35e+12       0s
   2   1.48e+06 1.03e+05   6.16458991e+16 -4.20141917e+16  1.84e+12       0s
   3   6.26e+05 3.21e+04   4.89868530e+16 -1.39883458e+16  6.50e+11       0s
   4   2.19e+05 8.34e+03   3.15867297e+16 -4.34154999e+15  2.23e+11       1s
   5   6.97e+04 1.78e+03   1.42105985e+16 -1.07979191e+15  6.90e+10       2s
 Constructing starting basis...
   6   5.41e+03 6.27e+02   3.36829142e+15 -4.85607951e+14  1.73e+10       3s
   7   1.30e+03 2.56e+02   1.33175402e+15 -2.20187928e+14  6.78e+09       4s
   8   3.86e+02 1.15e+02   8.55281942e+14 -1.17894974e+14  4.12e+09       4s
   9   1.11e+02 8.35e+01   3.29497769e+14 -8.67480629e+13  1.90e+09       5s
  10   3.20e+01 2.64e+01   1.22566085e+14 -2.84394354e+13  6.72e+08       5s
  11   1.11e+01 8.58e+00   5.06194706e+13 -9.65608894e+12  2.61e+08       6s
  12   4.13e+00 2.10e+00   2.08496567e+13 -2.47598861e+12  9.60e+07       6s
  13   1.46e+00 9.04e-01   8.40254148e+12 -1.10778152e+12  3.93e+07       7s
  14   3.74e-01 2.46e-01   2.65869659e+12 -3.22500734e+11  1.22e+07       8s
  15   1.92e-01 8.23e-02   1.48954799e+12 -1.13716564e+11  6.34e+06       8s
  16   1.14e-01 4.16e-02   9.17975059e+11 -5.77276829e+10  3.81e+06       9s
  17   4.09e-02 6.70e-03   4.48637534e+11 -1.42945288e+10  1.76e+06       9s
  18   1.57e-02 3.06e-03   3.23356377e+11 -1.11459679e+10  1.27e+06      10s
  19   4.93e-03 1.29e-03   1.13775748e+11 -3.63361006e+09  4.44e+05      10s
  20   1.72e-03 5.88e-04   5.55852158e+10 -8.50449998e+08  2.13e+05      11s
  21   8.06e-04 3.19e-04   3.48214449e+10  4.03580567e+08  1.30e+05      11s
  22   2.63e-04 1.75e-04   2.14778991e+10  1.10614411e+09  7.66e+04      12s
  23   8.67e-05 5.88e-05   9.96590519e+09  1.98795176e+09  3.00e+04      12s
  24   2.26e-05 1.05e-05   5.49729460e+09  2.37346317e+09  1.17e+04      13s
  25   4.89e-06 3.60e-06   3.34926321e+09  2.46573972e+09  3.32e+03      13s
  26   1.37e-06 1.58e-06   2.81195471e+09  2.49758035e+09  1.18e+03      14s
  27   5.96e-07 5.54e-07   2.65831344e+09  2.51575028e+09  5.35e+02      14s
  28   2.09e-07 1.78e-07   2.57868824e+09  2.52259631e+09  2.11e+02      15s
  29   8.94e-08 5.22e-08   2.54738505e+09  2.52522616e+09  8.32e+01      15s
  30   2.98e-08 1.26e-08   2.53093816e+09  2.52625001e+09  1.76e+01      15s
  31   3.68e-08 4.42e-09   2.52781590e+09  2.52649461e+09  4.96e+00      16s
  32   5.33e-08 1.40e-09   2.52682306e+09  2.52661180e+09  7.93e-01      16s
  33   4.35e-08 4.66e-10   2.52666498e+09  2.52665075e+09  5.34e-02      17s
  34   6.03e-08 4.66e-10   2.52665430e+09  2.52665330e+09  3.75e-03      17s
  35   6.71e-08 4.66e-10   2.52665369e+09  2.52665361e+09  2.89e-04      17s
  36   9.18e-08 4.66e-10   2.52665365e+09  2.52665364e+09  2.24e-05      18s
  37*  8.88e-08 2.33e-10   2.52665364e+09  2.52665364e+09  3.74e-06      18s
Summary
    Runtime:                                            17.97s
    Status interior point solve:                        optimal
    Status crossover:                                   not run
    objective value:                                    2.52665364e+09
    interior solution primal residual (abs/rel):        1.19e-07 / 8.17e-16
    interior solution dual residual (abs/rel):          2.33e-10 / 1.21e-16
    interior solution objective gap (abs/rel):          9.28e-01 / 3.67e-10
Ipx: IPM       optimal
Model   status      : Optimal
IPM       iterations: 37
Objective value     :  2.5266536424e+09
HiGHS run time      :         21.90
Presolving model
164361 rows, 476035 cols, 1090110 nonzeros
123080 rows, 294321 cols, 728449 nonzeros
120640 rows, 161026 cols, 461365 nonzeros
117775 rows, 157036 cols, 453323 nonzeros
Presolve : Reductions: rows 117775(-3330401); columns 157036(-2149651); elements 453323(-10031160)
Solving the presolved LP
IPX model has 117775 rows, 157036 columns and 453323 nonzeros
Input
    Number of variables:                                157036
    Number of free variables:                           0
    Number of constraints:                              117775
    Number of equality constraints:                     18598
    Number of matrix entries:                           453323
    Matrix range:                                       [1e-02, 1e+00]
    RHS range:                                          [3e+05, 6e+07]
    Objective range:                                    [3e-04, 2e+06]
    Bounds range:                                       [2e+05, 1e+08]
Preprocessing
    Dualized model:                                     no
    Number of dense columns:                            0
    Range of scaling factors:                           [1.00e+00, 2.00e+00]
IPX version 1.0
Interior Point Solve
 Iter     P.res    D.res            P.obj           D.obj        mu     Time
   0   1.31e+07 2.24e+05   3.95434565e+13 -7.51397512e+16  3.46e+12       0s
   1   3.62e+06 1.61e+05   4.51629005e+16 -5.76633502e+16  2.35e+12       0s
   2   1.48e+06 1.03e+05   6.16475328e+16 -4.20104432e+16  1.84e+12       0s
   3   6.26e+05 3.21e+04   4.89877334e+16 -1.39880213e+16  6.50e+11       0s
   4   2.13e+05 8.35e+03   3.13888115e+16 -4.35110021e+15  2.22e+11       1s
   5   6.78e+04 1.77e+03   1.41191316e+16 -1.07669049e+15  6.84e+10       2s
 Constructing starting basis...
   6   5.64e+03 6.26e+02   3.41227059e+15 -4.84526415e+14  1.75e+10       3s
   7   1.33e+03 2.52e+02   1.31824591e+15 -2.16893138e+14  6.70e+09       4s
   8   4.30e+02 1.29e+02   8.87023569e+14 -1.28916223e+14  4.34e+09       4s
   9   8.45e+01 8.91e+01   2.64466400e+14 -8.96496966e+13  1.68e+09       5s
  10   2.48e+01 3.05e+01   1.14424262e+14 -3.22919442e+13  6.72e+08       5s
  11   4.48e+00 8.16e+00   3.09464365e+13 -9.07238666e+12  1.83e+08       6s
  12   8.05e-01 3.18e+00   9.53944533e+12 -3.65890175e+12  6.24e+07       6s
  13   3.51e-01 8.46e-01   5.89515863e+12 -1.07792999e+12  2.97e+07       7s
  14   1.09e-01 3.12e-01   2.24354843e+12 -4.13743083e+11  1.12e+07       8s
  15   4.22e-02 8.38e-02   9.60781365e+11 -1.13541701e+11  4.35e+06       8s
  16   2.09e-02 2.39e-02   5.23000738e+11 -3.33667796e+10  2.17e+06       9s
  17   1.04e-02 6.60e-03   3.09086405e+11 -1.04779000e+10  1.22e+06       9s
  18   2.59e-03 2.65e-03   1.53903401e+11 -5.43132378e+09  6.06e+05      10s
  19   1.03e-03 1.13e-03   7.46402372e+10 -1.41165978e+09  2.88e+05      10s
  20   5.16e-04 4.85e-04   4.46964118e+10  4.90241217e+08  1.67e+05      11s
  21   1.18e-04 3.13e-04   2.82429704e+10  8.71216812e+08  1.03e+05      11s
  22   5.22e-08 1.58e-04   1.52669352e+10  1.39656265e+09  5.22e+04      12s
  23   3.73e-08 3.73e-05   5.26948311e+09  2.21635543e+09  1.15e+04      12s
  24   2.98e-08 1.23e-05   3.68114557e+09  2.40579006e+09  4.79e+03      13s
  25   3.14e-08 5.40e-06   2.99571099e+09  2.46155658e+09  2.00e+03      13s
  26   3.73e-08 2.30e-06   2.71306996e+09  2.48930645e+09  8.40e+02      14s
  27   3.51e-08 7.25e-07   2.61438276e+09  2.50349222e+09  4.16e+02      14s
  28   4.47e-08 3.00e-07   2.54846503e+09  2.50752998e+09  1.54e+02      15s
  29   4.10e-08 9.92e-08   2.52216623e+09  2.50990101e+09  4.60e+01      15s
  30   5.76e-08 1.91e-08   2.51396006e+09  2.51092801e+09  1.14e+01      16s
  31   4.19e-08 6.05e-09   2.51191759e+09  2.51117006e+09  2.81e+00      16s
  32   4.40e-08 1.40e-09   2.51147266e+09  2.51127475e+09  7.43e-01      16s
  33   3.73e-08 4.66e-10   2.51134017e+09  2.51129882e+09  1.55e-01      17s
  34   5.07e-08 4.66e-10   2.51130351e+09  2.51130034e+09  1.19e-02      17s
  35   4.51e-08 4.66e-10   2.51130083e+09  2.51130061e+09  8.22e-04      17s
  36   8.47e-08 4.66e-10   2.51130067e+09  2.51130064e+09  9.82e-05      18s
  37*  1.83e-07 2.33e-10   2.51130064e+09  2.51130064e+09  7.17e-06      18s
Summary
    Runtime:                                            17.91s
    Status interior point solve:                        optimal
    Status crossover:                                   not run
    objective value:                                    2.51130064e+09
    interior solution primal residual (abs/rel):        1.94e-07 / 1.33e-15
    interior solution dual residual (abs/rel):          2.33e-10 / 1.21e-16
    interior solution objective gap (abs/rel):          1.90e+00 / 7.57e-10
Ipx: IPM       optimal
Model   status      : Optimal
IPM       iterations: 37
Objective value     :  2.5113006434e+09
HiGHS run time      :         21.87
Presolving model
164361 rows, 476035 cols, 1090110 nonzeros
123080 rows, 294321 cols, 728449 nonzeros
120640 rows, 161026 cols, 461365 nonzeros
117775 rows, 157036 cols, 453323 nonzeros
Presolve : Reductions: rows 117775(-3340421); columns 157036(-2149651); elements 453323(-10041180)
Solving the presolved LP
IPX model has 117775 rows, 157036 columns and 453323 nonzeros
Input
    Number of variables:                                157036
    Number of free variables:                           0
    Number of constraints:                              117775
    Number of equality constraints:                     18598
    Number of matrix entries:                           453323
    Matrix range:                                       [1e-02, 1e+00]
    RHS range:                                          [3e+05, 6e+07]
    Objective range:                                    [3e-04, 2e+06]
    Bounds range:                                       [2e+05, 1e+08]
Preprocessing
    Dualized model:                                     no
    Number of dense columns:                            0
    Range of scaling factors:                           [1.00e+00, 2.00e+00]
IPX version 1.0
Interior Point Solve
 Iter     P.res    D.res            P.obj           D.obj        mu     Time
   0   1.31e+07 2.24e+05   3.96073790e+13 -7.51392575e+16  3.46e+12       0s
   1   3.62e+06 1.61e+05   4.51670183e+16 -5.76623376e+16  2.35e+12       0s
   2   1.48e+06 1.03e+05   6.16534222e+16 -4.20122095e+16  1.84e+12       0s
   3   6.26e+05 3.21e+04   4.89913155e+16 -1.39882517e+16  6.50e+11       0s
   4   2.13e+05 8.35e+03   3.13920555e+16 -4.35267840e+15  2.22e+11       1s
   5   6.78e+04 1.77e+03   1.41235796e+16 -1.07696379e+15  6.84e+10       2s
 Constructing starting basis...
   6   5.69e+03 6.19e+02   3.35703041e+15 -4.77334823e+14  1.72e+10       3s
   7   1.17e+03 2.62e+02   1.28395588e+15 -2.25678307e+14  6.64e+09       4s
   8   7.34e+01 1.34e+02   6.93835286e+14 -1.32313307e+14  3.66e+09       4s
   9   1.62e+01 8.88e+01   2.32884163e+14 -8.82832676e+13  1.57e+09       5s
  10   4.56e+00 2.63e+01   9.49405761e+13 -2.73816092e+13  5.67e+08       5s
  11   7.13e-01 5.85e+00   2.45102285e+13 -6.52563086e+12  1.41e+08       6s
  12   2.00e-01 1.72e+00   8.87446288e+12 -2.00225566e+12  4.79e+07       6s
  13   6.37e-02 7.22e-01   3.63885411e+12 -8.70161647e+11  1.99e+07       7s
  14   1.24e-02 2.30e-01   9.99062219e+11 -2.86155654e+11  5.74e+06       8s
  15   2.66e-03 5.99e-02   3.88090136e+11 -7.98202331e+10  1.98e+06       8s
  16   1.03e-03 2.73e-02   2.40009960e+11 -3.83989089e+10  1.14e+06       9s
  17   5.50e-04 1.12e-02   1.83334737e+11 -1.73015015e+10  7.91e+05       9s
  18   1.43e-04 3.32e-03   5.75221676e+10 -3.65224704e+09  2.37e+05      10s
  19   7.48e-05 2.20e-03   3.91053218e+10 -1.85284006e+09  1.57e+05      10s
  20   1.65e-05 1.26e-03   2.64194400e+10 -3.91778251e+08  1.02e+05      11s
  21   3.64e-06 6.37e-04   1.32787716e+10  8.84682230e+08  4.69e+04      11s
  22   4.17e-07 2.04e-04   5.53601562e+09  1.91875455e+09  1.36e+04      12s
  23   1.79e-07 6.79e-05   3.79833281e+09  2.30565370e+09  5.61e+03      12s
  24   5.96e-08 3.25e-05   3.08441012e+09  2.40544386e+09  2.55e+03      13s
  25   2.98e-08 1.30e-05   2.67972971e+09  2.46660299e+09  8.00e+02      13s
  26   3.90e-08 4.44e-06   2.58536663e+09  2.49434285e+09  3.42e+02      14s
  27   6.93e-08 1.18e-06   2.54467347e+09  2.50468327e+09  1.50e+02      14s
  28   4.70e-08 4.10e-07   2.52167164e+09  2.50772678e+09  5.23e+01      15s
  29   5.98e-08 8.06e-08   2.51287611e+09  2.50907403e+09  1.43e+01      15s
  30   3.59e-08 2.70e-08   2.51035567e+09  2.50937621e+09  3.68e+00      16s
  31   3.32e-08 6.98e-09   2.50963199e+09  2.50950862e+09  4.63e-01      16s
  32   3.24e-08 9.31e-10   2.50956454e+09  2.50954962e+09  5.60e-02      16s
  33   4.84e-08 4.66e-10   2.50955562e+09  2.50955218e+09  1.29e-02      17s
  34   4.36e-08 4.66e-10   2.50955288e+09  2.50955263e+09  9.23e-04      17s
  35   6.80e-08 4.66e-10   2.50955268e+09  2.50955266e+09  6.00e-05      17s
  36*  7.08e-08 2.33e-10   2.50955266e+09  2.50955266e+09  3.39e-06      18s
Summary
    Runtime:                                            17.58s
    Status interior point solve:                        optimal
    Status crossover:                                   not run
    objective value:                                    2.50955266e+09
    interior solution primal residual (abs/rel):        3.96e-08 / 2.71e-16
    interior solution dual residual (abs/rel):          2.33e-10 / 1.21e-16
    interior solution objective gap (abs/rel):          8.80e-01 / 3.51e-10
Ipx: IPM       optimal
Model   status      : Optimal
IPM       iterations: 36
Objective value     :  2.5095526642e+09
HiGHS run time      :         21.64
Running HiGHS 1.6.0: Copyright (c) 2023 HiGHS under MIT licence terms
Presolving model
168239 rows, 483995 cols, 1111290 nonzeros
126983 rows, 302311 cols, 749721 nonzeros
124583 rows, 167142 cols, 478995 nonzeros
121734 rows, 162281 cols, 469184 nonzeros
Presolve : Reductions: rows 121734(-3296641); columns 162281(-2144664); elements 469184(-10000894)
Solving the presolved LP
IPX model has 121734 rows, 162281 columns and 469184 nonzeros
Input
    Number of variables:                                162281
    Number of free variables:                           0
    Number of constraints:                              121734
    Number of equality constraints:                     18922
    Number of matrix entries:                           469184
    Matrix range:                                       [1e-02, 1e+00]
    RHS range:                                          [2e+05, 1e+08]
    Objective range:                                    [2e-04, 1e+06]
    Bounds range:                                       [2e+05, 1e+08]
Preprocessing
    Dualized model:                                     no
    Number of dense columns:                            0
    Range of scaling factors:                           [1.00e+00, 2.00e+00]
IPX version 1.0
Interior Point Solve
 Iter     P.res    D.res            P.obj           D.obj        mu     Time
   0   2.94e+07 1.48e+05   6.60484965e+13 -6.44868153e+16  4.98e+12       0s
   1   8.38e+06 1.04e+05   6.89451018e+16 -5.21029450e+16  3.21e+12       0s
   2   2.92e+06 6.78e+04   9.41268759e+16 -4.18128696e+16  2.47e+12       0s
   3   1.13e+06 1.91e+04   7.29201140e+16 -1.37021956e+16  8.18e+11       0s
   4   2.94e+05 7.13e+03   4.38569722e+16 -6.65313464e+15  3.24e+11       1s
   5   1.01e+05 1.48e+03   2.42701776e+16 -2.14241858e+15  1.14e+11       2s
 Constructing starting basis...
   6   4.91e+04 4.04e+02   1.40470638e+16 -9.12607946e+14  6.02e+10       3s
   7   2.66e+04 1.73e+02   7.76243610e+15 -4.02189305e+14  3.16e+10       4s
   8   1.62e+04 8.99e+01   5.10204955e+15 -2.51077122e+14  2.04e+10       4s
   9   6.32e+03 3.89e+01   2.61444487e+15 -1.56565651e+14  1.04e+10       5s
  10   2.22e+03 1.46e+01   1.46329815e+15 -9.60442364e+13  5.83e+09       5s
  11   1.07e+03 3.87e+00   1.03333665e+15 -5.06170832e+13  3.98e+09       6s
  12   5.64e+02 1.79e+00   7.42353297e+14 -2.87856919e+13  2.84e+09       7s
  13   4.04e+02 8.01e-01   6.30559746e+14 -1.14829954e+13  2.35e+09       7s
  14   1.02e+02 3.90e-01   4.13052987e+14 -3.64179714e+12  1.55e+09       8s
  15   2.90e+01 1.51e-01   1.92527280e+14  1.89231156e+13  6.47e+08       9s
  16   1.91e+01 3.86e-02   1.60791210e+14  2.89849928e+13  4.80e+08      10s
  17   1.29e+01 2.25e-02   1.23729067e+14  3.29563218e+13  3.29e+08      11s
  18   6.20e+00 1.11e-02   8.25576788e+13  3.58407325e+13  1.69e+08      12s
  19   2.96e+00 5.69e-03   6.08292991e+13  3.73965044e+13  8.48e+07      13s
  20   8.55e-01 1.64e-03   4.60566486e+13  3.86070689e+13  2.68e+07      14s
  21   3.12e-01 4.13e-04   4.24443283e+13  3.89280743e+13  1.26e+07      14s
  22   2.34e-01 1.78e-04   4.21414762e+13  3.89499860e+13  1.14e+07      15s
  23   5.42e-02 3.62e-05   4.03970627e+13  3.90571259e+13  4.80e+06      15s
  24   2.45e-02 4.66e-10   3.99050416e+13  3.91165000e+13  2.82e+06      16s
  25   6.78e-03 2.33e-10   3.96321679e+13  3.91148080e+13  1.85e+06      17s
  26   1.49e-03 2.33e-10   3.92761313e+13  3.91336627e+13  5.10e+05      17s
  27   5.83e-04 2.33e-10   3.92078487e+13  3.91412625e+13  2.38e+05      18s
  28   5.27e-04 2.33e-10   3.92061647e+13  3.91417023e+13  2.31e+05      18s
  29   7.01e-05 2.33e-10   3.91566478e+13  3.91439818e+13  4.53e+04      19s
  30   1.52e-05 2.33e-10   3.91487724e+13  3.91450485e+13  1.33e+04      20s
  31   3.73e-06 2.33e-10   3.91468171e+13  3.91454799e+13  4.78e+03      20s
  32   1.82e-06 2.33e-10   3.91463250e+13  3.91456207e+13  2.52e+03      21s
  33   1.19e-06 2.33e-10   3.91461887e+13  3.91456691e+13  1.86e+03      21s
  34   6.85e-07 2.33e-10   3.91460681e+13  3.91456960e+13  1.33e+03      22s
  35   4.47e-07 2.33e-10   3.91460284e+13  3.91457142e+13  1.12e+03      23s
  36   2.38e-07 2.33e-10   3.91459701e+13  3.91457250e+13  8.77e+02      23s
  37   1.19e-07 2.33e-10   3.91459288e+13  3.91457382e+13  6.82e+02      24s
  38   8.94e-08 2.33e-10   3.91458949e+13  3.91457527e+13  5.09e+02      24s
  39   5.96e-08 4.66e-10   3.91458543e+13  3.91457658e+13  3.17e+02      24s
  40   5.96e-08 2.33e-10   3.91458407e+13  3.91457689e+13  2.57e+02      25s
  41   6.19e-08 2.33e-10   3.91458277e+13  3.91457718e+13  2.00e+02      25s
  42   6.00e-08 2.33e-10   3.91457978e+13  3.91457739e+13  8.56e+01      26s
  43   5.21e-08 4.66e-10   3.91457854e+13  3.91457752e+13  3.63e+01      26s
  44   8.23e-08 2.33e-10   3.91457786e+13  3.91457758e+13  9.91e+00      27s
  45   5.70e-08 2.33e-10   3.91457765e+13  3.91457759e+13  2.12e+00      27s
  46   3.82e-08 2.33e-10   3.91457760e+13  3.91457759e+13  3.59e-01      27s
  47*  4.02e-08 2.33e-10   3.91457760e+13  3.91457759e+13  7.52e-02      27s
Summary
    Runtime:                                            27.46s
    Status interior point solve:                        optimal
    Status crossover:                                   not run
    objective value:                                    3.91457760e+13
    interior solution primal residual (abs/rel):        5.96e-08 / 4.08e-16
    interior solution dual residual (abs/rel):          2.33e-10 / 1.78e-16
    interior solution objective gap (abs/rel):          2.11e+04 / 5.38e-10
Ipx: IPM       optimal
Model   status      : Optimal
IPM       iterations: 47
Objective value     :  3.9145769350e+13
HiGHS run time      :         30.77
Presolving model
168239 rows, 483995 cols, 1111290 nonzeros
126983 rows, 302311 cols, 749721 nonzeros
124583 rows, 167142 cols, 478995 nonzeros
121734 rows, 162281 cols, 469184 nonzeros
Presolve : Reductions: rows 121734(-3306661); columns 162281(-2144664); elements 469184(-10010914)
Solving the presolved LP
IPX model has 121734 rows, 162281 columns and 469184 nonzeros
Input
    Number of variables:                                162281
    Number of free variables:                           0
    Number of constraints:                              121734
    Number of equality constraints:                     18922
    Number of matrix entries:                           469184
    Matrix range:                                       [1e-02, 1e+00]
    RHS range:                                          [2e+05, 1e+08]
    Objective range:                                    [2e-04, 1e+06]
    Bounds range:                                       [2e+05, 1e+08]
Preprocessing
    Dualized model:                                     no
    Number of dense columns:                            0
    Range of scaling factors:                           [1.00e+00, 2.00e+00]
IPX version 1.0
Interior Point Solve
 Iter     P.res    D.res            P.obj           D.obj        mu     Time
   0   2.94e+07 1.53e+05   5.64950257e+13 -6.69428652e+16  5.13e+12       0s
   1   8.39e+06 1.08e+05   6.83005592e+16 -5.42274303e+16  3.33e+12       0s
   2   2.91e+06 6.84e+04   9.38453191e+16 -4.29597470e+16  2.52e+12       0s
   3   1.16e+06 1.98e+04   7.34478757e+16 -1.45909893e+16  8.56e+11       0s
   4   2.96e+05 7.19e+03   4.37276035e+16 -6.79726217e+15  3.29e+11       1s
   5   9.72e+04 1.42e+03   2.40105106e+16 -2.18991536e+15  1.13e+11       2s
 Constructing starting basis...
   6   4.61e+04 3.73e+02   1.34574763e+16 -8.83545963e+14  5.76e+10       3s
   7   1.85e+04 1.35e+02   5.54106895e+15 -3.38022164e+14  2.27e+10       4s
   8   5.62e+02 4.69e+01   1.31049070e+15 -1.93741128e+14  5.85e+09       4s
   9   1.11e+02 2.33e+01   4.48815886e+14 -1.02851389e+14  2.22e+09       5s
  10   1.95e+01 9.14e+00   1.50795254e+14 -4.26745787e+13  7.95e+08       6s
  11   4.49e+00 1.12e+00   5.31276071e+13 -6.82717511e+12  2.28e+08       6s
  12   1.27e+00 3.52e-01   1.67760135e+13 -2.24231099e+12  7.20e+07       7s
  13   3.27e-01 1.22e-01   4.95504244e+12 -8.07313310e+11  2.19e+07       7s
  14   1.16e-01 5.30e-02   2.03196938e+12 -3.63744824e+11  9.12e+06       8s
  15   6.33e-02 2.49e-02   1.21541489e+12 -1.75922206e+11  5.22e+06       8s
  16   3.91e-02 7.59e-03   8.20109823e+11 -5.92237115e+10  3.22e+06       9s
  17   2.76e-02 3.82e-03   7.48034905e+11 -4.67391713e+10  2.89e+06       9s
  18   1.68e-02 9.79e-04   5.32802746e+11 -1.87689208e+10  1.98e+06      10s
  19   4.13e-03 2.16e-04   2.99076547e+11 -1.24408919e+10  1.12e+06      10s
  20   2.23e-03 4.17e-05   1.81387780e+11 -1.77408819e+09  6.56e+05      11s
  21   1.32e-03 1.31e-05   1.17540366e+11  6.46621888e+08  4.18e+05      11s
  22   9.35e-04 4.18e-06   9.57387802e+10  7.17373644e+08  3.40e+05      12s
  23   3.67e-04 2.21e-06   4.26243624e+10  1.75574454e+09  1.46e+05      12s
  24   2.20e-04 9.74e-07   3.08640372e+10  2.26296412e+09  1.02e+05      13s
  25   2.36e-05 4.93e-07   1.71699103e+10  2.38538065e+09  5.29e+04      13s
  26   8.23e-06 1.51e-07   8.57928944e+09  2.98899833e+09  2.00e+04      14s
  27   1.97e-06 4.56e-08   4.78081382e+09  3.19540877e+09  5.67e+03      15s
  28   5.36e-07 2.24e-08   3.79118500e+09  3.24889287e+09  1.94e+03      15s
  29   1.79e-07 8.85e-09   3.46937250e+09  3.28361210e+09  6.65e+02      16s
  30   5.96e-08 3.03e-09   3.37531002e+09  3.29942714e+09  2.72e+02      16s
  31   3.18e-08 1.16e-09   3.33836690e+09  3.30496398e+09  1.20e+02      17s
  32   4.95e-08 4.66e-10   3.32155661e+09  3.30713745e+09  5.16e+01      17s
  33   8.14e-08 4.66e-10   3.31266789e+09  3.30799076e+09  1.67e+01      18s
  34   1.04e-07 2.33e-10   3.30950798e+09  3.30820246e+09  4.67e+00      18s
  35   1.12e-07 4.66e-10   3.30860344e+09  3.30827828e+09  1.16e+00      19s
  36   7.45e-08 4.66e-10   3.30838637e+09  3.30832954e+09  2.03e-01      19s
  37   6.71e-08 2.33e-10   3.30834841e+09  3.30833284e+09  5.57e-02      19s
  38   5.61e-08 2.33e-10   3.30833765e+09  3.30833373e+09  1.40e-02      20s
  39   6.20e-08 2.33e-10   3.30833715e+09  3.30833378e+09  1.20e-02      20s
  40   4.17e-08 4.66e-10   3.30833427e+09  3.30833400e+09  9.41e-04      20s
  41   5.96e-08 4.66e-10   3.30833405e+09  3.30833403e+09  6.60e-05      21s
  42*  7.45e-08 2.33e-10   3.30833404e+09  3.30833403e+09  5.15e-06      21s
Summary
    Runtime:                                            21.18s
    Status interior point solve:                        optimal
    Status crossover:                                   not run
    objective value:                                    3.30833404e+09
    interior solution primal residual (abs/rel):        5.96e-08 / 4.08e-16
    interior solution dual residual (abs/rel):          2.33e-10 / 1.78e-16
    interior solution objective gap (abs/rel):          1.41e+00 / 4.25e-10
Ipx: IPM       optimal
Model   status      : Optimal
IPM       iterations: 42
Objective value     :  3.3083340361e+09
HiGHS run time      :         24.83
Presolving model
168239 rows, 483995 cols, 1111290 nonzeros
126983 rows, 302311 cols, 749721 nonzeros
124583 rows, 167142 cols, 478995 nonzeros
121734 rows, 162281 cols, 469184 nonzeros
Presolve : Reductions: rows 121734(-3316681); columns 162281(-2144664); elements 469184(-10020934)
Solving the presolved LP
IPX model has 121734 rows, 162281 columns and 469184 nonzeros
Input
    Number of variables:                                162281
    Number of free variables:                           0
    Number of constraints:                              121734
    Number of equality constraints:                     18922
    Number of matrix entries:                           469184
    Matrix range:                                       [1e-02, 1e+00]
    RHS range:                                          [2e+05, 1e+08]
    Objective range:                                    [2e-04, 1e+06]
    Bounds range:                                       [2e+05, 1e+08]
Preprocessing
    Dualized model:                                     no
    Number of dense columns:                            0
    Range of scaling factors:                           [1.00e+00, 2.00e+00]
IPX version 1.0
Interior Point Solve
 Iter     P.res    D.res            P.obj           D.obj        mu     Time
   0   2.94e+07 1.51e+05   5.73325688e+13 -6.60840086e+16  5.07e+12       0s
   1   8.34e+06 1.07e+05   6.83198777e+16 -5.34999227e+16  3.28e+12       0s
   2   2.90e+06 6.76e+04   9.35394645e+16 -4.23976014e+16  2.49e+12       0s
   3   1.16e+06 1.95e+04   7.31179072e+16 -1.43199408e+16  8.43e+11       0s
   4   2.90e+05 7.15e+03   4.33910239e+16 -6.76290858e+15  3.26e+11       1s
   5   9.77e+04 1.42e+03   2.40042097e+16 -2.16791636e+15  1.13e+11       2s
 Constructing starting basis...
   6   4.67e+04 3.85e+02   1.35524866e+16 -8.93217236e+14  5.81e+10       3s
   7   1.93e+04 1.52e+02   5.72975341e+15 -3.70057212e+14  2.37e+10       4s
   8   5.38e+02 4.77e+01   1.40288228e+15 -2.01518233e+14  6.21e+09       4s
   9   1.07e+02 2.29e+01   5.31741709e+14 -1.06182125e+14  2.53e+09       5s
  10   3.21e+01 1.22e+01   2.29063977e+14 -5.82234117e+13  1.17e+09       6s
  11   8.14e+00 1.96e+00   7.46302762e+13 -1.09177302e+13  3.29e+08       6s
  12   2.89e+00 6.87e-01   2.96621451e+13 -4.04166489e+12  1.29e+08       7s
  13   1.65e+00 1.81e-01   1.76164004e+13 -1.13526363e+12  6.92e+07       7s
  14   3.81e-01 6.02e-02   4.25052470e+12 -3.85925729e+11  1.72e+07       8s
  15   1.44e-01 1.91e-02   1.85940191e+12 -1.38215229e+11  7.34e+06       8s
  16   1.01e-01 7.32e-03   1.34767435e+12 -5.65091423e+10  5.09e+06       9s
  17   6.40e-02 1.98e-03   9.91868116e+11 -3.06106884e+10  3.68e+06       9s
  18   1.74e-02 5.20e-04   4.23755845e+11 -1.55126264e+10  1.58e+06      10s
  19   5.06e-03 5.25e-05   1.90268142e+11 -3.94457026e+09  6.95e+05      10s
  20   2.33e-03 2.91e-05   1.05390463e+11 -1.77157081e+09  3.84e+05      11s
  21   8.23e-04 1.33e-05   6.18906772e+10 -3.81968953e+08  2.23e+05      11s
  22   2.23e-04 3.28e-06   3.45302659e+10  1.15285487e+09  1.19e+05      12s
  23   3.82e-05 1.19e-06   1.63814340e+10  1.94669331e+09  5.16e+04      12s
  24   8.40e-06 3.77e-07   6.43816621e+09  2.64318980e+09  1.36e+04      13s
  25   3.46e-06 1.19e-07   4.52494235e+09  2.89029698e+09  5.85e+03      14s
  26   7.15e-07 3.96e-08   3.41043634e+09  2.97087568e+09  1.57e+03      14s
  27   2.38e-07 1.49e-08   3.16490555e+09  2.99962036e+09  5.91e+02      15s
  28   5.96e-08 5.59e-09   3.07234908e+09  3.01038695e+09  2.22e+02      15s
  29   5.96e-08 1.86e-09   3.03992832e+09  3.01585187e+09  8.61e+01      16s
  30   9.69e-08 9.31e-10   3.02722355e+09  3.01737615e+09  3.52e+01      16s
  31   5.61e-08 4.66e-10   3.02035231e+09  3.01848472e+09  6.68e+00      17s
  32   4.96e-08 2.33e-10   3.01925611e+09  3.01870357e+09  1.98e+00      17s
  33   5.79e-08 2.33e-10   3.01918418e+09  3.01872187e+09  1.65e+00      18s
  34   1.49e-07 2.33e-10   3.01881333e+09  3.01877004e+09  1.55e-01      18s
  35   7.45e-08 2.33e-10   3.01878518e+09  3.01877429e+09  3.90e-02      18s
  36   9.44e-08 4.66e-10   3.01877631e+09  3.01877453e+09  6.34e-03      19s
  37   6.70e-08 4.66e-10   3.01877479e+09  3.01877466e+09  4.92e-04      19s
  38   5.66e-08 2.33e-10   3.01877468e+09  3.01877467e+09  5.41e-05      19s
  39   9.93e-08 2.33e-10   3.01877467e+09  3.01877467e+09  1.62e-05      20s
  40*  1.34e-07 1.16e-10   3.01877467e+09  3.01877467e+09  1.93e-06      20s
Summary
    Runtime:                                            20.03s
    Status interior point solve:                        optimal
    Status crossover:                                   not run
    objective value:                                    3.01877467e+09
    interior solution primal residual (abs/rel):        1.04e-07 / 7.14e-16
    interior solution dual residual (abs/rel):          1.16e-10 / 8.90e-17
    interior solution objective gap (abs/rel):          4.86e-01 / 1.61e-10
Ipx: IPM       optimal
Model   status      : Optimal
IPM       iterations: 40
Objective value     :  3.0187746702e+09
HiGHS run time      :         24.02
Presolving model
168239 rows, 483995 cols, 1111290 nonzeros
126983 rows, 302311 cols, 749721 nonzeros
124583 rows, 167142 cols, 478995 nonzeros
121734 rows, 162281 cols, 469184 nonzeros
Presolve : Reductions: rows 121734(-3326701); columns 162281(-2144664); elements 469184(-10030954)
Solving the presolved LP
IPX model has 121734 rows, 162281 columns and 469184 nonzeros
Input
    Number of variables:                                162281
    Number of free variables:                           0
    Number of constraints:                              121734
    Number of equality constraints:                     18922
    Number of matrix entries:                           469184
    Matrix range:                                       [1e-02, 1e+00]
    RHS range:                                          [2e+05, 1e+08]
    Objective range:                                    [2e-04, 1e+06]
    Bounds range:                                       [2e+05, 1e+08]
Preprocessing
    Dualized model:                                     no
    Number of dense columns:                            0
    Range of scaling factors:                           [1.00e+00, 2.00e+00]
IPX version 1.0
Interior Point Solve
 Iter     P.res    D.res            P.obj           D.obj        mu     Time
   0   2.94e+07 1.48e+05   5.74190009e+13 -6.45523397e+16  4.97e+12       0s
   1   8.34e+06 1.04e+05   6.77259194e+16 -5.22342537e+16  3.21e+12       0s
   2   2.90e+06 6.62e+04   9.24825845e+16 -4.14137821e+16  2.43e+12       0s
   3   1.16e+06 1.90e+04   7.20698116e+16 -1.39147405e+16  8.21e+11       0s
   4   2.86e+05 6.93e+03   4.24760432e+16 -6.54025101e+15  3.15e+11       1s
   5   1.07e+05 1.36e+03   2.43938523e+16 -2.06941841e+15  1.14e+11       2s
 Constructing starting basis...
   6   5.20e+04 3.59e+02   1.39651952e+16 -8.70722493e+14  5.94e+10       3s
   7   2.07e+04 1.40e+02   5.70461711e+15 -3.57369620e+14  2.35e+10       4s
   8   6.16e+02 4.31e+01   1.43607042e+15 -1.97657655e+14  6.29e+09       4s
   9   1.19e+02 2.11e+01   5.01003556e+14 -1.04249968e+14  2.40e+09       5s
  10   3.29e+01 1.11e+01   2.31370999e+14 -5.76157159e+13  1.17e+09       6s
  11   7.67e+00 2.54e+00   7.14041879e+13 -1.46324085e+13  3.39e+08       6s
  12   2.20e+00 6.48e-01   2.35978477e+13 -3.91965496e+12  1.06e+08       7s
  13   1.50e+00 1.82e-01   1.68901916e+13 -1.21748209e+12  6.70e+07       7s
  14   3.82e-01 3.71e-02   6.28072720e+12 -3.94779846e+11  2.44e+07       8s
  15   1.21e-01 1.24e-02   2.32518482e+12 -1.50058678e+11  9.02e+06       8s
  16   6.55e-02 6.86e-03   1.32987917e+12 -8.57836117e+10  5.14e+06       9s
  17   2.65e-02 4.20e-03   8.34138912e+11 -6.37287689e+10  3.27e+06       9s
  18   1.63e-02 8.51e-04   5.60510427e+11 -1.61205029e+10  2.07e+06      10s
  19   6.95e-03 4.09e-04   2.94073299e+11 -9.16668278e+09  1.09e+06      11s
  20   2.56e-03 9.04e-05   1.57948666e+11 -3.39860137e+09  5.78e+05      11s
  21   8.64e-04 1.51e-05   8.11655214e+10 -1.66184382e+08  2.91e+05      11s
  22   1.60e-04 2.38e-06   2.89422983e+10  1.75074703e+09  9.73e+04      12s
  23   1.79e-05 9.43e-07   1.40416436e+10  2.17580105e+09  4.25e+04      13s
  24   3.40e-06 2.80e-07   5.55132354e+09  2.75404528e+09  1.00e+04      13s
  25   8.64e-07 9.06e-08   3.82606832e+09  2.93809325e+09  3.18e+03      14s
  26   2.68e-07 2.79e-08   3.38829658e+09  3.00207073e+09  1.38e+03      14s
  27   1.19e-07 8.61e-09   3.16656377e+09  3.02816761e+09  4.95e+02      15s
  28   6.06e-08 3.73e-09   3.08315727e+09  3.03448513e+09  1.74e+02      15s
  29   5.96e-08 1.40e-09   3.05813698e+09  3.03882568e+09  6.91e+01      16s
  30   4.47e-08 4.66e-10   3.04746380e+09  3.04042109e+09  2.52e+01      16s
  31   5.73e-08 2.33e-10   3.04243860e+09  3.04074023e+09  6.08e+00      17s
  32   6.71e-08 2.33e-10   3.04142784e+09  3.04095328e+09  1.70e+00      17s
  33   4.49e-08 2.33e-10   3.04118950e+09  3.04100921e+09  6.45e-01      18s
  34   7.45e-08 2.33e-10   3.04104241e+09  3.04103332e+09  3.25e-02      18s
  35   9.73e-08 4.66e-10   3.04103714e+09  3.04103469e+09  8.76e-03      18s
  36   7.81e-08 2.33e-10   3.04103642e+09  3.04103505e+09  4.91e-03      19s
  37   8.99e-08 2.33e-10   3.04103534e+09  3.04103507e+09  9.63e-04      19s
  38   1.19e-07 2.33e-10   3.04103517e+09  3.04103507e+09  3.37e-04      19s
  39   1.08e-07 2.33e-10   3.04103508e+09  3.04103507e+09  1.37e-05      19s
  40*  1.19e-07 2.33e-10   3.04103507e+09  3.04103507e+09  3.74e-06      20s
Summary
    Runtime:                                            19.77s
    Status interior point solve:                        optimal
    Status crossover:                                   not run
    objective value:                                    3.04103507e+09
    interior solution primal residual (abs/rel):        1.79e-07 / 1.22e-15
    interior solution dual residual (abs/rel):          2.33e-10 / 1.78e-16
    interior solution objective gap (abs/rel):          9.72e-01 / 3.20e-10
Ipx: IPM       optimal
Model   status      : Optimal
IPM       iterations: 40
Objective value     :  3.0410350728e+09
HiGHS run time      :         23.69
Presolving model
168239 rows, 483995 cols, 1111290 nonzeros
126983 rows, 302311 cols, 749721 nonzeros
124583 rows, 167142 cols, 478995 nonzeros
121734 rows, 162281 cols, 469184 nonzeros
Presolve : Reductions: rows 121734(-3336721); columns 162281(-2144664); elements 469184(-10040974)
Solving the presolved LP
IPX model has 121734 rows, 162281 columns and 469184 nonzeros
Input
    Number of variables:                                162281
    Number of free variables:                           0
    Number of constraints:                              121734
    Number of equality constraints:                     18922
    Number of matrix entries:                           469184
    Matrix range:                                       [1e-02, 1e+00]
    RHS range:                                          [2e+05, 1e+08]
    Objective range:                                    [2e-04, 1e+06]
    Bounds range:                                       [2e+05, 1e+08]
Preprocessing
    Dualized model:                                     no
    Number of dense columns:                            0
    Range of scaling factors:                           [1.00e+00, 2.00e+00]
IPX version 1.0
Interior Point Solve
 Iter     P.res    D.res            P.obj           D.obj        mu     Time
   0   2.94e+07 1.47e+05   5.74193621e+13 -6.45278238e+16  4.96e+12       0s
   1   8.34e+06 1.04e+05   6.77166734e+16 -5.22139273e+16  3.21e+12       0s
   2   2.90e+06 6.62e+04   9.24661202e+16 -4.13979064e+16  2.43e+12       0s
   3   1.16e+06 1.90e+04   7.20519148e+16 -1.39077975e+16  8.21e+11       0s
   4   2.86e+05 6.93e+03   4.24611354e+16 -6.53607448e+15  3.15e+11       1s
   5   1.07e+05 1.36e+03   2.44002727e+16 -2.06759024e+15  1.14e+11       2s
 Constructing starting basis...
   6   5.21e+04 3.58e+02   1.39674484e+16 -8.68043716e+14  5.94e+10       3s
   7   2.09e+04 1.41e+02   5.72828830e+15 -3.58185761e+14  2.36e+10       4s
   8   2.85e+02 4.27e+01   1.38466923e+15 -1.98173368e+14  6.10e+09       4s
   9   5.67e+01 2.09e+01   5.26352120e+14 -1.06118020e+14  2.50e+09       5s
  10   1.71e+01 1.11e+01   2.26585262e+14 -5.76908343e+13  1.15e+09       6s
  11   4.24e+00 2.73e+00   7.36121116e+13 -1.56665668e+13  3.53e+08       6s
  12   1.16e+00 6.19e-01   2.33203715e+13 -3.75671966e+12  1.04e+08       7s
  13   7.75e-01 1.71e-01   1.62539377e+13 -1.13629883e+12  6.43e+07       7s
  14   3.48e-01 7.42e-02   9.33616866e+12 -6.37716509e+11  3.68e+07       8s
  15   1.20e-01 2.15e-02   3.50125993e+12 -2.00446602e+11  1.35e+07       8s
  16   4.97e-02 8.26e-03   1.52263649e+12 -7.95595316e+10  5.82e+06       9s
  17   1.74e-02 4.15e-03   8.99140091e+11 -5.65821191e+10  3.48e+06       9s
  18   7.34e-03 6.79e-04   4.92458347e+11 -1.67079929e+10  1.83e+06      10s
  19   3.00e-03 1.21e-04   2.44181097e+11 -3.99345191e+09  8.89e+05      10s
  20   1.82e-03 5.54e-05   1.60384325e+11 -1.28438093e+09  5.79e+05      11s
  21   6.28e-04 1.93e-05   7.37875771e+10  4.22802811e+08  2.63e+05      11s
  22   1.74e-04 5.39e-06   2.99832084e+10  1.81132767e+09  1.01e+05      12s
  23   4.26e-05 2.27e-06   1.60682588e+10  2.20115409e+09  4.96e+04      12s
  24   7.39e-06 7.43e-07   5.74979415e+09  2.73012489e+09  1.08e+04      13s
  25   1.37e-06 2.29e-07   3.89944233e+09  2.91799240e+09  3.51e+03      14s
  26   3.87e-07 7.93e-08   3.38333415e+09  2.98566195e+09  1.42e+03      14s
  27   1.49e-07 2.28e-08   3.15579967e+09  3.01833698e+09  4.92e+02      15s
  28   6.71e-08 9.78e-09   3.07714622e+09  3.02555428e+09  1.85e+02      15s
  29   6.71e-08 3.03e-09   3.05120121e+09  3.03037801e+09  7.45e+01      16s
  30   3.44e-08 6.98e-10   3.03963294e+09  3.03223265e+09  2.65e+01      16s
  31   8.86e-08 4.66e-10   3.03437763e+09  3.03256099e+09  6.50e+00      16s
  32   6.71e-08 4.66e-10   3.03328542e+09  3.03279141e+09  1.77e+00      17s
  33   1.27e-07 2.33e-10   3.03298347e+09  3.03284435e+09  4.98e-01      17s
  34   1.23e-07 4.66e-10   3.03288713e+09  3.03287694e+09  3.64e-02      18s
  35   5.22e-08 3.49e-10   3.03288085e+09  3.03287954e+09  4.68e-03      18s
  36   1.02e-07 2.33e-10   3.03287995e+09  3.03287976e+09  7.04e-04      18s
  37   8.94e-08 4.66e-10   3.03287980e+09  3.03287977e+09  8.65e-05      19s
  38*  1.86e-07 1.16e-10   3.03287978e+09  3.03287978e+09  4.71e-06      19s
Summary
    Runtime:                                            19.15s
    Status interior point solve:                        optimal
    Status crossover:                                   not run
    objective value:                                    3.03287978e+09
    interior solution primal residual (abs/rel):        2.53e-07 / 1.74e-15
    interior solution dual residual (abs/rel):          2.33e-10 / 1.78e-16
    interior solution objective gap (abs/rel):          1.31e+00 / 4.33e-10
Ipx: IPM       optimal
Model   status      : Optimal
IPM       iterations: 38
Objective value     :  3.0328797788e+09
HiGHS run time      :         23.19
Presolving model
168239 rows, 483995 cols, 1111290 nonzeros
126983 rows, 302311 cols, 749721 nonzeros
124583 rows, 167142 cols, 478995 nonzeros
121734 rows, 162281 cols, 469184 nonzeros
Presolve : Reductions: rows 121734(-3346741); columns 162281(-2144664); elements 469184(-10050994)
Solving the presolved LP
IPX model has 121734 rows, 162281 columns and 469184 nonzeros
Input
    Number of variables:                                162281
    Number of free variables:                           0
    Number of constraints:                              121734
    Number of equality constraints:                     18922
    Number of matrix entries:                           469184
    Matrix range:                                       [1e-02, 1e+00]
    RHS range:                                          [2e+05, 1e+08]
    Objective range:                                    [2e-04, 1e+06]
    Bounds range:                                       [2e+05, 1e+08]
Preprocessing
    Dualized model:                                     no
    Number of dense columns:                            0
    Range of scaling factors:                           [1.00e+00, 2.00e+00]
IPX version 1.0
Interior Point Solve
 Iter     P.res    D.res            P.obj           D.obj        mu     Time
   0   2.94e+07 1.47e+05   5.74193621e+13 -6.45278238e+16  4.96e+12       0s
   1   8.34e+06 1.04e+05   6.77166734e+16 -5.22139273e+16  3.21e+12       0s
   2   2.90e+06 6.62e+04   9.24661202e+16 -4.13979064e+16  2.43e+12       0s
   3   1.16e+06 1.90e+04   7.20519148e+16 -1.39077975e+16  8.21e+11       0s
   4   2.86e+05 6.93e+03   4.24611354e+16 -6.53607448e+15  3.15e+11       1s
   5   1.07e+05 1.36e+03   2.44002727e+16 -2.06759024e+15  1.14e+11       2s
 Constructing starting basis...
   6   5.21e+04 3.58e+02   1.39674484e+16 -8.68043716e+14  5.94e+10       3s
   7   2.09e+04 1.41e+02   5.72828830e+15 -3.58185761e+14  2.36e+10       4s
   8   2.85e+02 4.27e+01   1.38466923e+15 -1.98173368e+14  6.10e+09       4s
   9   5.67e+01 2.09e+01   5.26352120e+14 -1.06118020e+14  2.50e+09       5s
  10   1.71e+01 1.11e+01   2.26585262e+14 -5.76908343e+13  1.15e+09       6s
  11   4.24e+00 2.73e+00   7.36121116e+13 -1.56665668e+13  3.53e+08       6s
  12   1.16e+00 6.19e-01   2.33203715e+13 -3.75671966e+12  1.04e+08       7s
  13   7.75e-01 1.71e-01   1.62539377e+13 -1.13629883e+12  6.43e+07       7s
  14   3.48e-01 7.42e-02   9.33616866e+12 -6.37716509e+11  3.68e+07       8s
  15   1.20e-01 2.15e-02   3.50125993e+12 -2.00446602e+11  1.35e+07       8s
  16   4.97e-02 8.26e-03   1.52263649e+12 -7.95595316e+10  5.82e+06       9s
  17   1.74e-02 4.15e-03   8.99140091e+11 -5.65821191e+10  3.48e+06       9s
  18   7.34e-03 6.79e-04   4.92458347e+11 -1.67079929e+10  1.83e+06      10s
  19   3.00e-03 1.21e-04   2.44181097e+11 -3.99345191e+09  8.89e+05      10s
  20   1.82e-03 5.54e-05   1.60384325e+11 -1.28438093e+09  5.79e+05      11s
  21   6.28e-04 1.93e-05   7.37875771e+10  4.22802811e+08  2.63e+05      11s
  22   1.74e-04 5.39e-06   2.99832084e+10  1.81132767e+09  1.01e+05      12s
  23   4.26e-05 2.27e-06   1.60682588e+10  2.20115409e+09  4.96e+04      12s
  24   7.39e-06 7.43e-07   5.74979415e+09  2.73012489e+09  1.08e+04      13s
  25   1.37e-06 2.29e-07   3.89944233e+09  2.91799240e+09  3.51e+03      14s
  26   3.87e-07 7.93e-08   3.38333415e+09  2.98566195e+09  1.42e+03      14s
  27   1.49e-07 2.28e-08   3.15579967e+09  3.01833698e+09  4.92e+02      15s
  28   6.71e-08 9.78e-09   3.07714622e+09  3.02555428e+09  1.85e+02      15s
  29   6.71e-08 3.03e-09   3.05120121e+09  3.03037801e+09  7.45e+01      16s
  30   3.44e-08 6.98e-10   3.03963294e+09  3.03223265e+09  2.65e+01      16s
  31   8.86e-08 4.66e-10   3.03437763e+09  3.03256099e+09  6.50e+00      17s
  32   6.71e-08 4.66e-10   3.03328542e+09  3.03279141e+09  1.77e+00      17s
  33   1.27e-07 2.33e-10   3.03298347e+09  3.03284435e+09  4.98e-01      17s
  34   1.23e-07 4.66e-10   3.03288713e+09  3.03287694e+09  3.64e-02      18s
  35   5.22e-08 3.49e-10   3.03288085e+09  3.03287954e+09  4.68e-03      18s
  36   1.02e-07 2.33e-10   3.03287995e+09  3.03287976e+09  7.04e-04      19s
  37   8.94e-08 4.66e-10   3.03287980e+09  3.03287977e+09  8.65e-05      19s
  38*  1.86e-07 1.16e-10   3.03287978e+09  3.03287978e+09  4.71e-06      19s
Summary
    Runtime:                                            19.23s
    Status interior point solve:                        optimal
    Status crossover:                                   not run
    objective value:                                    3.03287978e+09
    interior solution primal residual (abs/rel):        2.53e-07 / 1.74e-15
    interior solution dual residual (abs/rel):          2.33e-10 / 1.78e-16
    interior solution objective gap (abs/rel):          1.31e+00 / 4.33e-10
Ipx: IPM       optimal
Model   status      : Optimal
IPM       iterations: 38
Objective value     :  3.0328797788e+09
HiGHS run time      :         23.27
[ Info: Rolling step not specified in scenaio.yaml file; Setting it to 5 years
[ Info: Demand-pathway mapping not specified in scenaio.yaml file; SERA will not look for eligible pathways for different demand types.
[ Info: Production capacity constraints from the grid model not defined. SERA will not create these constraints
[ Info: Regional technology limits not specified in scenaio.yaml file; SERA will not create these constraints
STARTING DATA PRE-PROCESSING 
Processing Temporal Data
Processing Nodes
Processing Demand
Processing Existings
Processing Links
Processing Pathways
Creating Infrastructure options
 22.860747 seconds (132.06 M allocations: 15.443 GiB, 34.64% gc time, 0.44% compilation time)

OPTIMIZING FROM 2026 TO 2030 

STARTING OPTIMIZATION MODEL CREATION
CREATING VARIABLES AND EXPRESSIONS
 26.686360 seconds (182.79 M allocations: 11.368 GiB, 46.79% gc time, 34.91% compilation time)
POPULATING EXPRESSIONS
 18.989869 seconds (75.99 M allocations: 11.717 GiB, 20.67% gc time, 14.70% compilation time)
CREATING CONSTRAINTS
 52.362651 seconds (112.11 M allocations: 6.112 GiB, 76.45% gc time, 8.97% compilation time)
POPULATED CORE OPTIMIZATION MODEL, STARTING ITERATIONS
READING COST DATA FOR ITERATION 1
 28.352725 seconds (80.10 M allocations: 7.800 GiB, 36.41% gc time, 1.31% compilation time)
CREATING EXPRESSIONS FOR CAPITAL AND FIXED COST
 32.718540 seconds (43.91 M allocations: 2.736 GiB, 86.27% gc time, 14.98% compilation time)
BUILDING OBJECTIVE FUNCTION
  7.774915 seconds (27.42 M allocations: 910.699 MiB, 58.19% gc time, 10.52% compilation time)
Optimizing for iteration 1
 73.607401 seconds (37.46 M allocations: 3.372 GiB, 57.67% gc time, 0.04% compilation time)
OPTIMAL
1.6614635407865598e9
 =  1.0
READING COST DATA FOR ITERATION 2
186.440836 seconds (65.31 M allocations: 7.461 GiB, 25.05% gc time, 0.02% compilation time)
CREATING EXPRESSIONS FOR CAPITAL AND FIXED COST
 21.973775 seconds (42.24 M allocations: 2.627 GiB, 87.11% gc time, 0.02% compilation time)
BUILDING OBJECTIVE FUNCTION
  7.182801 seconds (26.76 M allocations: 896.896 MiB, 66.64% gc time)
Optimizing for iteration 2
 18.933973 seconds (5 allocations: 32 bytes)
OPTIMAL
1.4958937804375398e9
 =  0.11068283224036524
READING COST DATA FOR ITERATION 3
192.324117 seconds (65.25 M allocations: 7.429 GiB, 27.39% gc time)
CREATING EXPRESSIONS FOR CAPITAL AND FIXED COST
 41.697199 seconds (42.24 M allocations: 2.627 GiB, 89.83% gc time)
BUILDING OBJECTIVE FUNCTION
 10.699264 seconds (26.76 M allocations: 893.508 MiB, 70.00% gc time)
Optimizing for iteration 3
 19.299693 seconds (2 allocations: 32 bytes)
OPTIMAL
1.2985123916084716e9
 =  0.15200577992490127
READING COST DATA FOR ITERATION 4
234.259782 seconds (65.25 M allocations: 7.484 GiB, 34.51% gc time)
CREATING EXPRESSIONS FOR CAPITAL AND FIXED COST
 41.945402 seconds (42.24 M allocations: 2.627 GiB, 90.11% gc time)
BUILDING OBJECTIVE FUNCTION
 10.522396 seconds (26.76 M allocations: 896.896 MiB, 70.63% gc time)
Optimizing for iteration 4
 19.430277 seconds (2 allocations: 32 bytes)
OPTIMAL
1.236960332748821e9
 =  0.049760737859290645
READING COST DATA FOR ITERATION 5
235.382923 seconds (65.24 M allocations: 7.452 GiB, 34.65% gc time)
CREATING EXPRESSIONS FOR CAPITAL AND FIXED COST
 42.398917 seconds (42.24 M allocations: 2.627 GiB, 89.91% gc time)
BUILDING OBJECTIVE FUNCTION
 10.506962 seconds (26.76 M allocations: 893.508 MiB, 71.00% gc time)
Optimizing for iteration 5
 17.836476 seconds (2 allocations: 32 bytes)
OPTIMAL
1.2334323497577193e9
 =  0.0028602971138736643
READING COST DATA FOR ITERATION 6
235.543679 seconds (65.24 M allocations: 7.476 GiB, 34.95% gc time)
CREATING EXPRESSIONS FOR CAPITAL AND FIXED COST
 42.604179 seconds (42.24 M allocations: 2.627 GiB, 90.10% gc time)
BUILDING OBJECTIVE FUNCTION
 10.657450 seconds (26.76 M allocations: 893.508 MiB, 70.96% gc time)
Optimizing for iteration 6
 17.949282 seconds (2 allocations: 32 bytes)
OPTIMAL
1.2334323497577193e9
 =  0.0
ITERATIONS COMPLETED
WRITING RESULTS TO FILE
 16.458770 seconds (9.99 M allocations: 433.456 MiB, 89.77% gc time, 45.46% compilation time)

OPTIMIZING FROM 2031 TO 2035 

STARTING OPTIMIZATION MODEL CREATION
CREATING VARIABLES AND EXPRESSIONS
283.556300 seconds (173.84 M allocations: 10.793 GiB, 95.14% gc time, 0.10% compilation time)
POPULATING EXPRESSIONS
 26.747688 seconds (75.81 M allocations: 11.711 GiB, 43.32% gc time)
CREATING CONSTRAINTS
110.754351 seconds (109.39 M allocations: 5.933 GiB, 89.28% gc time)
POPULATED CORE OPTIMIZATION MODEL, STARTING ITERATIONS
READING COST DATA FOR ITERATION 1
133.367512 seconds (65.13 M allocations: 7.555 GiB, 86.57% gc time)
CREATING EXPRESSIONS FOR CAPITAL AND FIXED COST
 63.705547 seconds (42.21 M allocations: 2.627 GiB, 95.58% gc time)
BUILDING OBJECTIVE FUNCTION
 13.081594 seconds (26.76 M allocations: 862.840 MiB, 81.24% gc time)
Optimizing for iteration 1
142.397453 seconds (37.45 M allocations: 3.372 GiB, 73.89% gc time)
OPTIMAL
3.885554475221445e13
 =  1.0
READING COST DATA FOR ITERATION 2
256.052575 seconds (65.31 M allocations: 7.430 GiB, 44.92% gc time)
CREATING EXPRESSIONS FOR CAPITAL AND FIXED COST
 45.993463 seconds (42.24 M allocations: 2.627 GiB, 93.95% gc time)
BUILDING OBJECTIVE FUNCTION
 13.390056 seconds (26.76 M allocations: 893.523 MiB, 81.90% gc time)
Optimizing for iteration 2
 23.777218 seconds (5 allocations: 32 bytes)
OPTIMAL
3.2897328151970162e9
 =  11810.155171240618
READING COST DATA FOR ITERATION 3
267.769170 seconds (65.29 M allocations: 7.429 GiB, 47.40% gc time)
CREATING EXPRESSIONS FOR CAPITAL AND FIXED COST
 57.865645 seconds (42.24 M allocations: 2.627 GiB, 94.88% gc time)
BUILDING OBJECTIVE FUNCTION
 13.648416 seconds (26.76 M allocations: 893.523 MiB, 81.19% gc time)
Optimizing for iteration 3
 21.931846 seconds (2 allocations: 32 bytes)
OPTIMAL
2.5266536424078693e9
 =  0.3020117834835943
READING COST DATA FOR ITERATION 4
268.314485 seconds (65.28 M allocations: 7.429 GiB, 47.53% gc time)
CREATING EXPRESSIONS FOR CAPITAL AND FIXED COST
 58.139045 seconds (42.24 M allocations: 2.627 GiB, 94.84% gc time)
BUILDING OBJECTIVE FUNCTION
 13.562356 seconds (26.76 M allocations: 893.523 MiB, 81.68% gc time)
Optimizing for iteration 4
 21.903308 seconds (2 allocations: 32 bytes)
OPTIMAL
2.511300643445086e9
 =  0.006113564699223711
READING COST DATA FOR ITERATION 5
268.276446 seconds (65.28 M allocations: 7.525 GiB, 47.80% gc time)
CREATING EXPRESSIONS FOR CAPITAL AND FIXED COST
 70.446123 seconds (42.24 M allocations: 2.627 GiB, 95.70% gc time)
BUILDING OBJECTIVE FUNCTION
 13.757594 seconds (26.76 M allocations: 893.523 MiB, 81.17% gc time)
Optimizing for iteration 5
 21.670398 seconds (2 allocations: 32 bytes)
OPTIMAL
2.509552664223919e9
 =  0.0006965302008501065
ITERATIONS COMPLETED
WRITING RESULTS TO FILE
 25.527170 seconds (17.61 M allocations: 771.643 MiB, 89.47% gc time, 45.92% compilation time)

OPTIMIZING FROM 2036 TO 2040 

STARTING OPTIMIZATION MODEL CREATION
CREATING VARIABLES AND EXPRESSIONS
389.908648 seconds (173.58 M allocations: 10.747 GiB, 97.38% gc time)
POPULATING EXPRESSIONS
 18.589584 seconds (75.84 M allocations: 11.724 GiB, 17.36% gc time)
CREATING CONSTRAINTS
112.757401 seconds (109.40 M allocations: 5.936 GiB, 88.39% gc time, 0.01% compilation time)
POPULATED CORE OPTIMIZATION MODEL, STARTING ITERATIONS
READING COST DATA FOR ITERATION 1
121.680122 seconds (65.13 M allocations: 7.424 GiB, 84.95% gc time)
CREATING EXPRESSIONS FOR CAPITAL AND FIXED COST
 50.988461 seconds (42.35 M allocations: 2.632 GiB, 92.23% gc time, 0.13% compilation time)
BUILDING OBJECTIVE FUNCTION
 13.419921 seconds (26.76 M allocations: 866.243 MiB, 76.64% gc time)
Optimizing for iteration 1
141.864080 seconds (38.80 M allocations: 3.393 GiB, 69.84% gc time)
OPTIMAL
3.914576935016391e13
 =  1.0
READING COST DATA FOR ITERATION 2
254.627992 seconds (65.36 M allocations: 7.431 GiB, 46.40% gc time)
CREATING EXPRESSIONS FOR CAPITAL AND FIXED COST
 57.503894 seconds (42.35 M allocations: 2.630 GiB, 92.94% gc time)
BUILDING OBJECTIVE FUNCTION
 14.002695 seconds (26.76 M allocations: 893.540 MiB, 77.75% gc time)
Optimizing for iteration 2
 24.890069 seconds (5 allocations: 32 bytes)
OPTIMAL
3.3083340360832243e9
 =  11831.471849339687
READING COST DATA FOR ITERATION 3
256.475658 seconds (65.33 M allocations: 7.653 GiB, 46.57% gc time)
CREATING EXPRESSIONS FOR CAPITAL AND FIXED COST
 70.134506 seconds (42.35 M allocations: 2.630 GiB, 93.97% gc time)
BUILDING OBJECTIVE FUNCTION
 14.319854 seconds (26.76 M allocations: 893.540 MiB, 77.30% gc time)
Optimizing for iteration 3
 24.058609 seconds (2 allocations: 32 bytes)
OPTIMAL
3.018774670172648e9
 =  0.09591950295987926
READING COST DATA FOR ITERATION 4
257.706942 seconds (65.33 M allocations: 7.430 GiB, 47.02% gc time)
CREATING EXPRESSIONS FOR CAPITAL AND FIXED COST
 58.775366 seconds (42.35 M allocations: 2.630 GiB, 92.91% gc time)
BUILDING OBJECTIVE FUNCTION
 13.911645 seconds (26.76 M allocations: 893.540 MiB, 78.62% gc time)
Optimizing for iteration 4
 23.730087 seconds (2 allocations: 32 bytes)
OPTIMAL
3.041035072774442e9
 =  0.00732000850674826
READING COST DATA FOR ITERATION 5
258.495496 seconds (65.33 M allocations: 7.430 GiB, 47.24% gc time)
CREATING EXPRESSIONS FOR CAPITAL AND FIXED COST
 59.255911 seconds (42.35 M allocations: 2.630 GiB, 92.80% gc time)
BUILDING OBJECTIVE FUNCTION
 14.294255 seconds (26.76 M allocations: 893.540 MiB, 77.64% gc time)
Optimizing for iteration 5
 23.226795 seconds (2 allocations: 32 bytes)
OPTIMAL
3.032879778824024e9
 =  0.0026889605077804637
READING COST DATA FOR ITERATION 6
259.982622 seconds (65.33 M allocations: 7.478 GiB, 47.32% gc time)
CREATING EXPRESSIONS FOR CAPITAL AND FIXED COST
 59.622906 seconds (42.35 M allocations: 2.630 GiB, 92.95% gc time)
BUILDING OBJECTIVE FUNCTION
 14.129460 seconds (26.76 M allocations: 896.928 MiB, 78.60% gc time)
Optimizing for iteration 6
 23.313927 seconds (2 allocations: 32 bytes)
OPTIMAL
3.032879778824024e9
 =  0.0
ITERATIONS COMPLETED
WRITING RESULTS TO FILE
 24.866088 seconds (23.67 M allocations: 995.980 MiB, 89.21% gc time)

THE OPTIMIZATION PROBLEM TOOK 111.94 MINUTES TO SOLVE. 
