Running HiGHS 1.6.0: Copyright (c) 2023 HiGHS under MIT licence terms
Presolving model
21117 rows, 96230 cols, 212864 nonzeros
20541 rows, 27456 cols, 72140 nonzeros
20304 rows, 27165 cols, 71612 nonzeros
Presolve : Reductions: rows 20304(-870793); columns 27165(-466633); elements 71612(-2264974)
Solving the presolved LP
IPX model has 20304 rows, 27165 columns and 71612 nonzeros
Input
    Number of variables:                                27165
    Number of free variables:                           0
    Number of constraints:                              20304
    Number of equality constraints:                     5610
    Number of matrix entries:                           71612
    Matrix range:                                       [1e-02, 1e+00]
    RHS range:                                          [2e+05, 6e+07]
    Objective range:                                    [3e-04, 1e+01]
    Bounds range:                                       [2e+05, 1e+08]
Preprocessing
    Dualized model:                                     no
    Number of dense columns:                            0
    Range of scaling factors:                           [1.00e+00, 2.00e+00]
IPX version 1.0
Interior Point Solve
 Iter     P.res    D.res            P.obj           D.obj        mu     Time
   0   1.13e+07 3.81e+00   9.92350868e+08 -2.06877919e+12  7.86e+07       0s
   1   1.96e+06 1.45e+00   1.02330762e+11 -8.66225677e+11  2.68e+07       0s
   2   9.54e+05 1.33e+00   1.46715024e+11 -8.05206331e+11  2.63e+07       0s
   3   4.83e+05 1.51e-01   1.10005480e+11 -8.39304352e+10  4.75e+06       0s
   4   1.67e+05 2.73e-02   4.56004055e+10 -1.71618681e+10  1.37e+06       0s
   5   5.56e+04 5.49e-03   2.02301705e+10 -4.62076052e+09  5.06e+05       0s
 Constructing starting basis...
   6   1.40e+04 2.78e-03   7.76795655e+09 -1.94144592e+09  2.08e+05       0s
   7   7.87e+03 1.45e-03   6.18330998e+09  2.15572628e+08  1.25e+05       0s
   8   4.23e+03 1.10e-03   5.91730431e+09  5.85869266e+08  1.10e+05       0s
   9   9.35e+02 4.36e-04   3.86425149e+09  1.88842167e+09  3.99e+04       1s
  10   6.60e+02 1.69e-04   3.69230952e+09  2.32135685e+09  2.75e+04       1s
  11   4.55e+02 6.48e-05   3.47969807e+09  2.56384300e+09  1.83e+04       1s
  12   2.20e+02 3.33e-05   3.18879365e+09  2.65797694e+09  1.05e+04       1s
  13   1.12e+02 2.19e-05   3.03994985e+09  2.69964929e+09  6.75e+03       1s
  14   5.98e+01 1.33e-05   2.96755788e+09  2.73236982e+09  4.65e+03       1s
  15   2.91e+01 6.86e-06   2.90718397e+09  2.76442760e+09  2.82e+03       1s
  16   1.75e+01 3.48e-06   2.88073020e+09  2.78350577e+09  1.92e+03       1s
  17   6.74e+00 7.87e-07   2.85196300e+09  2.80075954e+09  1.01e+03       1s
  18   2.77e+00 4.27e-07   2.83746130e+09  2.80426527e+09  6.53e+02       1s
  19   1.23e+00 2.60e-07   2.82636875e+09  2.80746633e+09  3.72e+02       1s
  20   2.58e-01 8.65e-08   2.82028111e+09  2.81049328e+09  1.92e+02       1s
  21   9.95e-02 5.32e-08   2.81789051e+09  2.81142044e+09  1.27e+02       1s
  22   3.21e-02 1.81e-08   2.81559026e+09  2.81287668e+09  5.33e+01       1s
  23   1.14e-02 2.71e-09   2.81463110e+09  2.81363404e+09  1.96e+01       1s
  24   5.56e-03 7.11e-15   2.81427664e+09  2.81382709e+09  8.83e+00       1s
  25   5.73e-08 5.33e-15   2.81399647e+09  2.81380902e+09  3.68e+00       1s
  26   2.98e-08 3.55e-15   2.81387789e+09  2.81384170e+09  7.11e-01       1s
  27   2.98e-08 5.33e-15   2.81386277e+09  2.81385793e+09  9.50e-02       1s
  28   2.98e-08 5.33e-15   2.81385936e+09  2.81385857e+09  1.56e-02       1s
  29   7.64e-08 5.33e-15   2.81385866e+09  2.81385858e+09  1.54e-03       1s
  30   4.93e-08 3.55e-15   2.81385863e+09  2.81385859e+09  7.20e-04       1s
  31*  3.36e-08 3.55e-15   2.81385859e+09  2.81385859e+09  2.60e-05       1s
Summary
    Runtime:                                            1.42s
    Status interior point solve:                        optimal
    Status crossover:                                   not run
    objective value:                                    2.81385859e+09
    interior solution primal residual (abs/rel):        5.22e-08 / 3.57e-16
    interior solution dual residual (abs/rel):          3.55e-15 / 3.02e-16
    interior solution objective gap (abs/rel):          1.32e+00 / 4.71e-10
Ipx: IPM       optimal
Model   status      : Optimal
IPM       iterations: 31
Objective value     :  2.8283819101e+09
HiGHS run time      :          2.06
Presolving model
21117 rows, 96230 cols, 212864 nonzeros
20541 rows, 27456 cols, 72140 nonzeros
20304 rows, 27165 cols, 71612 nonzeros
Presolve : Reductions: rows 20304(-870793); columns 27165(-466633); elements 71612(-2264974)
Solving the presolved LP
IPX model has 20304 rows, 27165 columns and 71612 nonzeros
Input
    Number of variables:                                27165
    Number of free variables:                           0
    Number of constraints:                              20304
    Number of equality constraints:                     5610
    Number of matrix entries:                           71612
    Matrix range:                                       [1e-02, 1e+00]
    RHS range:                                          [2e+05, 6e+07]
    Objective range:                                    [3e-04, 8e+05]
    Bounds range:                                       [2e+05, 1e+08]
Preprocessing
    Dualized model:                                     no
    Number of dense columns:                            0
    Range of scaling factors:                           [1.00e+00, 2.00e+00]
IPX version 1.0
Interior Point Solve
 Iter     P.res    D.res            P.obj           D.obj        mu     Time
   0   1.14e+07 1.74e+05   2.29161346e+13 -9.59035150e+16  3.62e+12       0s
   1   3.03e+06 1.10e+05   2.92550380e+15 -6.33878021e+16  1.99e+12       0s
   2   1.71e+06 7.39e+04   4.54378986e+15 -4.80368030e+16  1.64e+12       0s
   3   3.53e+05 9.90e+03   3.01677380e+15 -6.73967559e+15  2.66e+11       0s
   4   8.58e+04 3.74e+03   1.39918328e+15 -2.90864479e+15  1.08e+11       0s
   5   3.52e+04 7.80e+02   6.62260196e+14 -6.69370783e+14  3.09e+10       0s
   6   7.02e+03 2.69e+02   1.39572038e+14 -2.65721729e+14  9.24e+09       0s
 Constructing starting basis...
   7   1.09e+03 5.43e+01   3.31290538e+13 -8.46532885e+13  2.89e+09       1s
   8   3.81e+02 1.56e+01   1.73989088e+13 -2.21788842e+13  9.52e+08       1s
   9   9.10e+01 5.42e+00   5.96408472e+12 -8.25638450e+12  3.44e+08       1s
  10   1.12e+01 6.10e-01   1.68297778e+12 -1.49418601e+12  7.05e+07       1s
  11   2.64e+00 1.91e-01   5.47908770e+11 -4.94569167e+11  2.32e+07       1s
  12   7.87e-01 7.73e-02   2.60933763e+11 -2.29355830e+11  1.09e+07       1s
  13   2.13e-01 2.77e-02   1.07729502e+11 -8.82823089e+10  4.33e+06       1s
  14   1.31e-01 6.60e-03   8.22940579e+10 -2.66677261e+10  2.26e+06       1s
  15   5.42e-02 1.96e-03   4.89931074e+10 -9.05806760e+09  1.18e+06       1s
  16   3.77e-02 1.54e-03   4.37796002e+10 -7.86195644e+09  1.05e+06       1s
  17   1.78e-02 3.69e-04   3.01868163e+10 -1.34436839e+09  6.27e+05       1s
  18   1.16e-02 1.41e-04   2.59681525e+10  2.29999218e+07  5.12e+05       1s
  19   2.48e-03 4.55e-05   1.10286579e+10  2.70729353e+09  1.64e+05       1s
  20   5.95e-04 1.70e-05   6.98617095e+09  3.76855886e+09  6.33e+04       1s
  21   3.71e-04 6.89e-06   6.26598471e+09  4.24380556e+09  3.97e+04       1s
  22   2.33e-04 2.02e-06   5.81185397e+09  4.48142207e+09  2.61e+04       1s
  23   1.38e-04 2.41e-07   5.43764091e+09  4.60849527e+09  1.63e+04       1s
  24   6.16e-05 8.48e-08   5.02959145e+09  4.65687893e+09  7.32e+03       1s
  25   2.13e-05 3.89e-08   4.81472793e+09  4.67255508e+09  2.79e+03       1s
  26   5.63e-06 1.41e-08   4.72996490e+09  4.68231904e+09  9.36e+02       2s
  27   2.35e-06 5.82e-09   4.70894092e+09  4.68679553e+09  4.35e+02       2s
  28   6.85e-07 3.03e-09   4.69706912e+09  4.68857750e+09  1.67e+02       2s
  29   8.94e-08 1.51e-09   4.69314429e+09  4.68945519e+09  7.25e+01       2s
  30   8.94e-08 8.15e-10   4.69155436e+09  4.69020789e+09  2.64e+01       2s
  31   1.42e-07 3.49e-10   4.69105045e+09  4.69075178e+09  5.87e+00       2s
  32   1.27e-07 2.33e-10   4.69089504e+09  4.69086340e+09  6.21e-01       2s
  33   8.20e-08 3.49e-10   4.69087534e+09  4.69087246e+09  5.65e-02       2s
  34   4.28e-08 2.33e-10   4.69087368e+09  4.69087346e+09  4.34e-03       2s
  35   7.45e-08 2.33e-10   4.69087358e+09  4.69087354e+09  8.83e-04       2s
  36   2.61e-07 2.33e-10   4.69087357e+09  4.69087355e+09  2.32e-04       2s
  37*  5.14e-07 2.33e-10   4.69087356e+09  4.69087356e+09  3.48e-05       2s
Summary
    Runtime:                                            1.90s
    Status interior point solve:                        optimal
    Status crossover:                                   not run
    objective value:                                    4.69087356e+09
    interior solution primal residual (abs/rel):        3.58e-07 / 2.45e-15
    interior solution dual residual (abs/rel):          2.33e-10 / 2.96e-16
    interior solution objective gap (abs/rel):          1.74e+00 / 3.71e-10
Ipx: IPM       optimal
Model   status      : Optimal
IPM       iterations: 37
Objective value     :  4.7114770269e+09
HiGHS run time      :          2.47
Presolving model
21117 rows, 96230 cols, 212864 nonzeros
20541 rows, 27456 cols, 72140 nonzeros
20304 rows, 27165 cols, 71612 nonzeros
Presolve : Reductions: rows 20304(-870793); columns 27165(-466633); elements 71612(-2264974)
Solving the presolved LP
IPX model has 20304 rows, 27165 columns and 71612 nonzeros
Input
    Number of variables:                                27165
    Number of free variables:                           0
    Number of constraints:                              20304
    Number of equality constraints:                     5610
    Number of matrix entries:                           71612
    Matrix range:                                       [1e-02, 1e+00]
    RHS range:                                          [2e+05, 6e+07]
    Objective range:                                    [3e-04, 8e+05]
    Bounds range:                                       [2e+05, 1e+08]
Preprocessing
    Dualized model:                                     no
    Number of dense columns:                            0
    Range of scaling factors:                           [1.00e+00, 2.00e+00]
IPX version 1.0
Interior Point Solve
 Iter     P.res    D.res            P.obj           D.obj        mu     Time
   0   1.14e+07 1.76e+05   3.68962632e+13 -9.69972334e+16  3.67e+12       0s
   1   3.02e+06 1.11e+05   3.46728810e+15 -6.39648874e+16  2.01e+12       0s
   2   1.67e+06 7.37e+04   5.27667607e+15 -4.78827557e+16  1.63e+12       0s
   3   2.94e+05 1.09e+04   3.36515435e+15 -7.39685832e+15  2.82e+11       0s
   4   7.11e+04 3.50e+03   1.35150771e+15 -2.53870872e+15  9.35e+10       0s
   5   2.57e+04 9.94e+02   6.04019282e+14 -7.81977391e+14  3.14e+10       0s
   6   6.91e+03 3.05e+02   1.99620828e+14 -2.89611922e+14  1.07e+10       0s
 Constructing starting basis...
   7   1.31e+03 7.03e+01   4.68363785e+13 -9.41155892e+13  3.42e+09       1s
   8   4.35e+02 2.47e+01   2.84515277e+13 -3.39583679e+13  1.49e+09       1s
   9   1.05e+02 6.56e+00   1.30992731e+13 -1.16152265e+13  5.74e+08       1s
  10   2.43e+01 3.43e+00   5.00851107e+12 -6.76297724e+12  2.88e+08       1s
  11   4.43e+00 3.35e-01   1.93921774e+12 -1.11165493e+12  6.63e+07       1s
  12   1.29e+00 5.81e-02   8.04604382e+11 -2.80576282e+11  2.27e+07       1s
  13   2.75e-01 2.21e-02   2.41338016e+11 -1.22240377e+11  7.74e+06       1s
  14   9.57e-02 6.52e-03   1.09238836e+11 -3.94770917e+10  3.09e+06       1s
  15   3.70e-02 3.05e-03   6.78018070e+10 -2.18080591e+10  1.85e+06       1s
  16   1.68e-02 1.12e-03   3.91166467e+10 -7.30002183e+09  9.36e+05       1s
  17   8.34e-03 6.03e-04   2.70302170e+10 -3.47574819e+09  6.10e+05       1s
  18   4.33e-03 2.76e-04   1.95978508e+10 -5.18562028e+08  3.99e+05       1s
  19   2.47e-03 6.30e-05   1.35197180e+10  2.62109826e+09  2.15e+05       1s
  20   1.29e-03 2.56e-05   1.09333835e+10  2.81236824e+09  1.60e+05       1s
  21   3.66e-04 1.02e-05   6.10041735e+09  3.47665052e+09  5.16e+04       1s
  22   8.65e-05 4.18e-06   4.57666372e+09  3.76120762e+09  1.60e+04       1s
  23   2.38e-05 1.39e-06   4.20588667e+09  3.90576601e+09  5.90e+03       1s
  24   6.97e-06 5.57e-07   4.07544399e+09  3.95844939e+09  2.30e+03       1s
  25   2.12e-06 2.14e-07   4.03289876e+09  3.98178115e+09  1.00e+03       1s
  26   5.66e-07 8.89e-08   4.01568915e+09  3.99121594e+09  4.81e+02       1s
  27   1.49e-07 1.83e-08   4.00696816e+09  3.99781631e+09  1.80e+02       2s
  28   5.96e-08 6.75e-09   4.00251308e+09  3.99952820e+09  5.86e+01       2s
  29   7.11e-08 2.21e-09   4.00117114e+09  4.00029117e+09  1.73e+01       2s
  30   6.71e-08 4.66e-10   4.00079258e+09  4.00059994e+09  3.78e+00       2s
  31   5.22e-08 2.33e-10   4.00068868e+09  4.00065342e+09  6.92e-01       2s
  32   3.73e-08 2.33e-10   4.00067103e+09  4.00066623e+09  9.42e-02       2s
  33   1.12e-07 2.33e-10   4.00066766e+09  4.00066692e+09  1.44e-02       2s
  34   1.86e-07 2.33e-10   4.00066713e+09  4.00066705e+09  1.63e-03       2s
  35   3.35e-07 2.33e-10   4.00066709e+09  4.00066708e+09  2.18e-04       2s
  36*  6.41e-07 2.33e-10   4.00066708e+09  4.00066708e+09  1.90e-05       2s
Summary
    Runtime:                                            1.77s
    Status interior point solve:                        optimal
    Status crossover:                                   not run
    objective value:                                    4.00066708e+09
    interior solution primal residual (abs/rel):        6.03e-07 / 4.13e-15
    interior solution dual residual (abs/rel):          2.33e-10 / 2.96e-16
    interior solution objective gap (abs/rel):          1.13e+00 / 2.83e-10
Ipx: IPM       optimal
Model   status      : Optimal
IPM       iterations: 36
Objective value     :  4.0212705497e+09
HiGHS run time      :          2.32
Presolving model
21117 rows, 96230 cols, 212864 nonzeros
20541 rows, 27456 cols, 72140 nonzeros
20304 rows, 27165 cols, 71612 nonzeros
Presolve : Reductions: rows 20304(-870793); columns 27165(-466633); elements 71612(-2264974)
Solving the presolved LP
IPX model has 20304 rows, 27165 columns and 71612 nonzeros
Input
    Number of variables:                                27165
    Number of free variables:                           0
    Number of constraints:                              20304
    Number of equality constraints:                     5610
    Number of matrix entries:                           71612
    Matrix range:                                       [1e-02, 1e+00]
    RHS range:                                          [2e+05, 6e+07]
    Objective range:                                    [3e-04, 8e+05]
    Bounds range:                                       [2e+05, 1e+08]
Preprocessing
    Dualized model:                                     no
    Number of dense columns:                            0
    Range of scaling factors:                           [1.00e+00, 2.00e+00]
IPX version 1.0
Interior Point Solve
 Iter     P.res    D.res            P.obj           D.obj        mu     Time
   0   1.14e+07 1.76e+05   3.89617410e+13 -9.69844188e+16  3.67e+12       0s
   1   3.02e+06 1.11e+05   3.51966296e+15 -6.40322981e+16  2.01e+12       0s
   2   1.67e+06 7.41e+04   5.35768081e+15 -4.80550379e+16  1.64e+12       0s
   3   2.73e+05 9.30e+03   3.37836475e+15 -6.31827202e+15  2.50e+11       0s
   4   6.63e+04 3.26e+03   1.38203367e+15 -2.44148039e+15  9.11e+10       0s
   5   2.49e+04 1.04e+03   6.21711311e+14 -8.25469816e+14  3.28e+10       0s
   6   7.05e+03 3.25e+02   2.19088242e+14 -3.09515310e+14  1.16e+10       0s
 Constructing starting basis...
   7   1.26e+03 7.15e+01   5.10838000e+13 -9.73260893e+13  3.59e+09       1s
   8   4.89e+02 2.72e+01   3.63009796e+13 -4.02321095e+13  1.82e+09       1s
   9   1.76e+02 1.12e+01   2.00988005e+13 -1.89061086e+13  9.26e+08       1s
  10   5.13e+01 5.31e+00   9.34514869e+12 -9.93596677e+12  4.70e+08       1s
  11   3.00e+01 3.40e+00   6.75310609e+12 -6.96304527e+12  3.37e+08       1s
  12   8.87e+00 2.21e-01   3.56693704e+12 -1.39929313e+12  1.03e+08       1s
  13   4.48e+00 5.90e-02   2.02076237e+12 -4.79210756e+11  5.10e+07       1s
  14   1.87e+00 7.31e-03   9.22128200e+11 -9.03287079e+10  2.02e+07       1s
  15   1.10e+00 2.67e-03   5.59957463e+11 -3.68926379e+10  1.18e+07       1s
  16   4.73e-01 1.25e-03   3.15642198e+11 -3.37421804e+10  6.97e+06       1s
  17   1.05e-01 4.11e-04   1.16737394e+11 -1.81434852e+10  2.68e+06       1s
  18   5.04e-02 1.91e-04   7.63510714e+10 -1.11214076e+10  1.73e+06       1s
  19   2.33e-02 3.41e-05   4.42519427e+10 -1.58829612e+09  9.02e+05       1s
  20   1.08e-02 5.75e-06   2.54083356e+10  1.70107866e+09  4.66e+05       1s
  21   4.79e-03 2.54e-06   1.82833612e+10  1.64411910e+09  3.27e+05       1s
  22   1.13e-03 8.19e-07   7.80552315e+09  2.92417729e+09  9.59e+04       1s
  23   3.41e-04 2.90e-07   5.27131793e+09  3.40251335e+09  3.67e+04       1s
  24   1.80e-04 9.90e-08   4.60652455e+09  3.63549130e+09  1.91e+04       1s
  25   3.69e-05 3.38e-08   4.01255921e+09  3.71971493e+09  5.75e+03       1s
  26   1.13e-05 1.47e-08   3.86735143e+09  3.75611725e+09  2.18e+03       1s
  27   4.71e-06 5.36e-09   3.82807198e+09  3.77501503e+09  1.04e+03       1s
  28   1.76e-06 2.56e-09   3.80688578e+09  3.78172234e+09  4.94e+02       2s
  29   2.68e-07 5.82e-10   3.79564252e+09  3.78648505e+09  1.80e+02       2s
  30   5.96e-08 3.49e-10   3.79088465e+09  3.78794143e+09  5.78e+01       2s
  31   5.59e-08 3.49e-10   3.78953021e+09  3.78858950e+09  1.85e+01       2s
  32   4.47e-08 2.33e-10   3.78915167e+09  3.78886882e+09  5.55e+00       2s
  33   4.47e-08 2.33e-10   3.78903329e+09  3.78898551e+09  9.38e-01       2s
  34   1.04e-07 2.33e-10   3.78901661e+09  3.78901301e+09  7.06e-02       2s
  35   2.61e-07 2.33e-10   3.78901466e+09  3.78901438e+09  5.57e-03       2s
  36   4.17e-07 3.49e-10   3.78901461e+09  3.78901457e+09  6.80e-04       2s
  37*  5.74e-07 2.33e-10   3.78901460e+09  3.78901460e+09  6.82e-05       2s
Summary
    Runtime:                                            1.80s
    Status interior point solve:                        optimal
    Status crossover:                                   not run
    objective value:                                    3.78901460e+09
    interior solution primal residual (abs/rel):        1.45e-06 / 9.90e-15
    interior solution dual residual (abs/rel):          2.33e-10 / 2.96e-16
    interior solution objective gap (abs/rel):          3.58e+00 / 9.44e-10
Ipx: IPM       optimal
Model   status      : Optimal
IPM       iterations: 37
Objective value     :  3.8096180687e+09
HiGHS run time      :          2.36
Presolving model
21117 rows, 96230 cols, 212864 nonzeros
20541 rows, 27456 cols, 72140 nonzeros
20304 rows, 27165 cols, 71612 nonzeros
Presolve : Reductions: rows 20304(-870793); columns 27165(-466633); elements 71612(-2264974)
Solving the presolved LP
IPX model has 20304 rows, 27165 columns and 71612 nonzeros
Input
    Number of variables:                                27165
    Number of free variables:                           0
    Number of constraints:                              20304
    Number of equality constraints:                     5610
    Number of matrix entries:                           71612
    Matrix range:                                       [1e-02, 1e+00]
    RHS range:                                          [2e+05, 6e+07]
    Objective range:                                    [3e-04, 8e+05]
    Bounds range:                                       [2e+05, 1e+08]
Preprocessing
    Dualized model:                                     no
    Number of dense columns:                            0
    Range of scaling factors:                           [1.00e+00, 2.00e+00]
IPX version 1.0
Interior Point Solve
 Iter     P.res    D.res            P.obj           D.obj        mu     Time
   0   1.14e+07 1.77e+05   3.96268343e+13 -9.72138305e+16  3.68e+12       0s
   1   3.03e+06 1.11e+05   3.54120012e+15 -6.41940856e+16  2.01e+12       0s
   2   1.67e+06 7.42e+04   5.38324213e+15 -4.81569473e+16  1.64e+12       0s
   3   2.75e+05 9.32e+03   3.39705183e+15 -6.33406724e+15  2.51e+11       0s
   4   6.38e+04 3.23e+03   1.31857001e+15 -2.38958280e+15  8.82e+10       0s
   5   2.20e+04 1.04e+03   5.64427063e+14 -8.17494402e+14  3.13e+10       0s
   6   6.74e+03 3.26e+02   2.17102285e+14 -3.08971355e+14  1.15e+10       0s
 Constructing starting basis...
   7   1.30e+03 6.90e+01   5.35410675e+13 -9.40581603e+13  3.54e+09       1s
   8   4.51e+02 2.86e+01   3.86219026e+13 -4.39649884e+13  1.97e+09       1s
   9   1.36e+02 1.20e+01   2.10820603e+13 -2.12241511e+13  1.02e+09       1s
  10   4.58e+01 5.40e+00   1.15796699e+13 -1.10865281e+13  5.50e+08       1s
  11   1.72e+01 3.19e+00   6.35285178e+12 -7.18339505e+12  3.40e+08       1s
  12   4.10e+00 1.22e+00   3.36420715e+12 -3.44407174e+12  1.69e+08       1s
  13   1.95e+00 1.40e-01   1.82771135e+12 -4.84755053e+11  4.96e+07       1s
  14   8.52e-01 2.78e-02   9.55460673e+11 -1.70305403e+11  2.31e+07       1s
  15   2.32e-01 1.01e-02   3.09674453e+11 -7.12294899e+10  7.84e+06       1s
  16   1.72e-02 3.44e-03   1.16005958e+11 -3.94625803e+10  3.25e+06       1s
  17   1.05e-02 1.81e-03   8.32885418e+10 -2.24798306e+10  2.16e+06       1s
  18   6.38e-03 1.14e-03   5.78355458e+10 -1.42843587e+10  1.46e+06       1s
  19   2.82e-03 4.95e-04   3.49320435e+10 -6.04901567e+09  8.19e+05       1s
  20   1.49e-03 8.45e-05   2.41736402e+10  2.03659676e+08  4.73e+05       1s
  21   6.58e-04 1.09e-05   1.39043850e+10  2.72969532e+09  2.20e+05       1s
  22   5.48e-05 2.75e-06   5.95741706e+09  3.13495994e+09  5.54e+04       1s
  23   1.43e-05 9.37e-07   4.39152873e+09  3.46508223e+09  1.82e+04       1s
  24   7.57e-06 3.37e-07   4.09892420e+09  3.59310899e+09  9.93e+03       1s
  25   1.94e-06 1.26e-07   3.80703489e+09  3.65148945e+09  3.05e+03       1s
  26   8.34e-07 5.59e-08   3.74847911e+09  3.67261265e+09  1.49e+03       1s
  27   3.58e-07 2.13e-08   3.72111915e+09  3.68355142e+09  7.38e+02       2s
  28   1.19e-07 8.27e-09   3.70478431e+09  3.68879724e+09  3.14e+02       2s
  29   6.71e-08 3.14e-09   3.69643194e+09  3.69144558e+09  9.79e+01       2s
  30   4.47e-08 1.28e-09   3.69437560e+09  3.69260121e+09  3.48e+01       2s
  31   3.54e-08 5.82e-10   3.69357344e+09  3.69307569e+09  9.78e+00       2s
  32   8.94e-08 3.49e-10   3.69340178e+09  3.69328173e+09  2.36e+00       2s
  33   4.47e-08 2.33e-10   3.69337678e+09  3.69335768e+09  3.75e-01       2s
  34   4.10e-08 2.33e-10   3.69336747e+09  3.69336237e+09  1.00e-01       2s
  35   7.45e-08 2.33e-10   3.69336357e+09  3.69336300e+09  1.11e-02       2s
  36   2.38e-07 2.33e-10   3.69336313e+09  3.69336310e+09  5.52e-04       2s
  37*  8.20e-07 3.49e-10   3.69336312e+09  3.69336312e+09  4.44e-05       2s
Summary
    Runtime:                                            1.81s
    Status interior point solve:                        optimal
    Status crossover:                                   not run
    objective value:                                    3.69336312e+09
    interior solution primal residual (abs/rel):        1.30e-06 / 8.88e-15
    interior solution dual residual (abs/rel):          3.49e-10 / 4.44e-16
    interior solution objective gap (abs/rel):          2.24e+00 / 6.06e-10
Ipx: IPM       optimal
Model   status      : Optimal
IPM       iterations: 37
Objective value     :  3.7139665863e+09
HiGHS run time      :          2.37
Presolving model
21117 rows, 96230 cols, 212864 nonzeros
20541 rows, 27456 cols, 72140 nonzeros
20304 rows, 27165 cols, 71612 nonzeros
Presolve : Reductions: rows 20304(-870793); columns 27165(-466633); elements 71612(-2264974)
Solving the presolved LP
IPX model has 20304 rows, 27165 columns and 71612 nonzeros
Input
    Number of variables:                                27165
    Number of free variables:                           0
    Number of constraints:                              20304
    Number of equality constraints:                     5610
    Number of matrix entries:                           71612
    Matrix range:                                       [1e-02, 1e+00]
    RHS range:                                          [2e+05, 6e+07]
    Objective range:                                    [3e-04, 8e+05]
    Bounds range:                                       [2e+05, 1e+08]
Preprocessing
    Dualized model:                                     no
    Number of dense columns:                            0
    Range of scaling factors:                           [1.00e+00, 2.00e+00]
IPX version 1.0
Interior Point Solve
 Iter     P.res    D.res            P.obj           D.obj        mu     Time
   0   1.14e+07 1.77e+05   3.96268343e+13 -9.72138305e+16  3.68e+12       0s
   1   3.03e+06 1.11e+05   3.54120012e+15 -6.41940856e+16  2.01e+12       0s
   2   1.67e+06 7.42e+04   5.38324213e+15 -4.81569473e+16  1.64e+12       0s
   3   2.75e+05 9.32e+03   3.39705183e+15 -6.33406724e+15  2.51e+11       0s
   4   6.38e+04 3.23e+03   1.31857001e+15 -2.38958280e+15  8.82e+10       0s
   5   2.20e+04 1.04e+03   5.64427063e+14 -8.17494402e+14  3.13e+10       0s
   6   6.74e+03 3.26e+02   2.17102285e+14 -3.08971355e+14  1.15e+10       0s
 Constructing starting basis...
   7   1.30e+03 6.90e+01   5.35410675e+13 -9.40581603e+13  3.54e+09       1s
   8   4.51e+02 2.86e+01   3.86219026e+13 -4.39649884e+13  1.97e+09       1s
   9   1.36e+02 1.20e+01   2.10820603e+13 -2.12241511e+13  1.02e+09       1s
  10   4.58e+01 5.40e+00   1.15796699e+13 -1.10865281e+13  5.50e+08       1s
  11   1.72e+01 3.19e+00   6.35285178e+12 -7.18339505e+12  3.40e+08       1s
  12   4.10e+00 1.22e+00   3.36420715e+12 -3.44407174e+12  1.69e+08       1s
  13   1.95e+00 1.40e-01   1.82771135e+12 -4.84755053e+11  4.96e+07       1s
  14   8.52e-01 2.78e-02   9.55460673e+11 -1.70305403e+11  2.31e+07       1s
  15   2.32e-01 1.01e-02   3.09674453e+11 -7.12294899e+10  7.84e+06       1s
  16   1.72e-02 3.44e-03   1.16005958e+11 -3.94625803e+10  3.25e+06       1s
  17   1.05e-02 1.81e-03   8.32885418e+10 -2.24798306e+10  2.16e+06       1s
  18   6.38e-03 1.14e-03   5.78355458e+10 -1.42843587e+10  1.46e+06       1s
  19   2.82e-03 4.95e-04   3.49320435e+10 -6.04901567e+09  8.19e+05       1s
  20   1.49e-03 8.45e-05   2.41736402e+10  2.03659676e+08  4.73e+05       1s
  21   6.58e-04 1.09e-05   1.39043850e+10  2.72969532e+09  2.20e+05       1s
  22   5.48e-05 2.75e-06   5.95741706e+09  3.13495994e+09  5.54e+04       1s
  23   1.43e-05 9.37e-07   4.39152873e+09  3.46508223e+09  1.82e+04       1s
  24   7.57e-06 3.37e-07   4.09892420e+09  3.59310899e+09  9.93e+03       1s
  25   1.94e-06 1.26e-07   3.80703489e+09  3.65148945e+09  3.05e+03       1s
  26   8.34e-07 5.59e-08   3.74847911e+09  3.67261265e+09  1.49e+03       1s
  27   3.58e-07 2.13e-08   3.72111915e+09  3.68355142e+09  7.38e+02       2s
  28   1.19e-07 8.27e-09   3.70478431e+09  3.68879724e+09  3.14e+02       2s
  29   6.71e-08 3.14e-09   3.69643194e+09  3.69144558e+09  9.79e+01       2s
  30   4.47e-08 1.28e-09   3.69437560e+09  3.69260121e+09  3.48e+01       2s
  31   3.54e-08 5.82e-10   3.69357344e+09  3.69307569e+09  9.78e+00       2s
  32   8.94e-08 3.49e-10   3.69340178e+09  3.69328173e+09  2.36e+00       2s
  33   4.47e-08 2.33e-10   3.69337678e+09  3.69335768e+09  3.75e-01       2s
  34   4.10e-08 2.33e-10   3.69336747e+09  3.69336237e+09  1.00e-01       2s
  35   7.45e-08 2.33e-10   3.69336357e+09  3.69336300e+09  1.11e-02       2s
  36   2.38e-07 2.33e-10   3.69336313e+09  3.69336310e+09  5.52e-04       2s
  37*  8.20e-07 3.49e-10   3.69336312e+09  3.69336312e+09  4.44e-05       2s
Summary
    Runtime:                                            1.82s
    Status interior point solve:                        optimal
    Status crossover:                                   not run
    objective value:                                    3.69336312e+09
    interior solution primal residual (abs/rel):        1.30e-06 / 8.88e-15
    interior solution dual residual (abs/rel):          3.49e-10 / 4.44e-16
    interior solution objective gap (abs/rel):          2.24e+00 / 6.06e-10
Ipx: IPM       optimal
Model   status      : Optimal
IPM       iterations: 37
Objective value     :  3.7139665863e+09
HiGHS run time      :          2.36
Running HiGHS 1.6.0: Copyright (c) 2023 HiGHS under MIT licence terms
Presolving model
8249 rows, 31459 cols, 68775 nonzeros
7905 rows, 14181 cols, 32111 nonzeros
7781 rows, 12335 cols, 28435 nonzeros
Presolve : Reductions: rows 7781(-438134); columns 12335(-234930); elements 28435(-1114192)
Solving the presolved LP
IPX model has 7781 rows, 12335 columns and 28435 nonzeros
Input
    Number of variables:                                12335
    Number of free variables:                           0
    Number of constraints:                              7781
    Number of equality constraints:                     3053
    Number of matrix entries:                           28435
    Matrix range:                                       [1e-02, 1e+00]
    RHS range:                                          [2e+05, 1e+08]
    Objective range:                                    [2e-04, 3e+05]
    Bounds range:                                       [1e+05, 1e+08]
Preprocessing
    Dualized model:                                     no
    Number of dense columns:                            0
    Range of scaling factors:                           [1.00e+00, 2.00e+00]
IPX version 1.0
Interior Point Solve
 Iter     P.res    D.res            P.obj           D.obj        mu     Time
   0   2.46e+07 1.23e+05   4.27072699e+13 -2.18172725e+16  4.00e+12       0s
   1   5.54e+06 7.36e+04   2.25044283e+15 -1.46831357e+16  1.86e+12       0s
   2   2.30e+06 3.82e+04   2.54437809e+15 -9.53394021e+15  1.17e+12       0s
   3   1.08e+06 6.35e+03   1.72794477e+15 -1.65732086e+15  2.86e+11       0s
   4   2.74e+05 1.24e+03   6.67339652e+14 -5.02829327e+14  7.94e+10       0s
   5   9.60e+04 4.18e+02   2.62991258e+14 -1.91233576e+14  2.88e+10       0s
   6   3.41e+04 1.92e+02   1.21007035e+14 -8.70573189e+13  1.27e+10       0s
 Constructing starting basis...
   7   6.39e+03 4.90e+01   7.67888486e+13 -1.21094093e+13  5.48e+09       0s
   8   4.47e+03 1.57e+01   6.73122750e+13  8.28455124e+12  3.32e+09       0s
   9   3.88e+03 7.93e+00   6.48491431e+13  1.56372079e+13  2.67e+09       0s
  10   4.84e+02 2.30e+00   4.61742335e+13  2.79373724e+13  1.02e+09       0s
  11   3.67e+02 1.68e+00   4.51747007e+13  2.99551288e+13  8.65e+08       0s
  12   1.29e+02 5.93e-01   4.18502905e+13  3.52529217e+13  3.74e+08       0s
  13   3.25e+01 9.11e-02   4.00385737e+13  3.81129897e+13  1.03e+08       0s
  14   2.39e+01 2.61e-02   3.98124978e+13  3.86020066e+13  6.20e+07       0s
  15   4.88e+00 5.42e-03   3.92561111e+13  3.88257598e+13  2.20e+07       0s
  16   6.84e-01 1.27e-03   3.90550378e+13  3.89285118e+13  6.36e+06       0s
  17   3.79e-01 4.69e-04   3.90278403e+13  3.89588104e+13  3.40e+06       0s
  18   3.35e-01 1.47e-04   3.90254066e+13  3.89677185e+13  2.81e+06       0s
  19   1.64e-01 7.49e-05   3.90081751e+13  3.89731959e+13  1.70e+06       0s
  20   2.89e-02 3.94e-05   3.89894755e+13  3.89772268e+13  5.92e+05       0s
  21   7.87e-03 1.23e-05   3.89854536e+13  3.89808089e+13  2.24e+05       0s
  22   1.36e-03 3.41e-06   3.89833753e+13  3.89823300e+13  5.04e+04       0s
  23   3.50e-04 1.39e-06   3.89830854e+13  3.89826784e+13  1.96e+04       0s
  24   1.35e-04 6.63e-07   3.89830099e+13  3.89828088e+13  9.68e+03       0s
  25   5.75e-05 3.93e-07   3.89829846e+13  3.89828559e+13  6.20e+03       0s
  26   2.79e-05 2.06e-07   3.89829690e+13  3.89828909e+13  3.76e+03       1s
  27   1.23e-05 1.03e-07   3.89829583e+13  3.89829113e+13  2.27e+03       1s
  28   4.62e-06 4.50e-08   3.89829505e+13  3.89829240e+13  1.28e+03       1s
  29   1.52e-06 2.37e-08   3.89829433e+13  3.89829301e+13  6.36e+02       1s
  30   6.56e-07 1.38e-08   3.89829414e+13  3.89829330e+13  4.05e+02       1s
  31   2.68e-07 3.61e-09   3.89829402e+13  3.89829361e+13  2.01e+02       1s
  32   1.49e-07 1.54e-09   3.89829391e+13  3.89829371e+13  9.62e+01       1s
  33   8.94e-08 6.40e-10   3.89829387e+13  3.89829375e+13  5.68e+01       1s
  34   8.20e-08 5.82e-11   3.89829383e+13  3.89829379e+13  1.72e+01       1s
  35   7.08e-08 5.82e-11   3.89829381e+13  3.89829380e+13  3.79e+00       1s
  36*  8.49e-08 5.82e-11   3.89829380e+13  3.89829380e+13  6.72e-01       1s
Summary
    Runtime:                                            0.60s
    Status interior point solve:                        optimal
    Status crossover:                                   not run
    objective value:                                    3.89829380e+13
    interior solution primal residual (abs/rel):        5.96e-08 / 4.08e-16
    interior solution dual residual (abs/rel):          5.82e-11 / 2.21e-16
    interior solution objective gap (abs/rel):          1.40e+04 / 3.58e-10
Ipx: IPM       optimal
Model   status      : Optimal
IPM       iterations: 36
Objective value     :  3.9252619984e+13
HiGHS run time      :          0.86
Presolving model
8249 rows, 31459 cols, 68775 nonzeros
7905 rows, 14181 cols, 32111 nonzeros
7781 rows, 12335 cols, 28435 nonzeros
Presolve : Reductions: rows 7781(-438134); columns 12335(-234930); elements 28435(-1114192)
Solving the presolved LP
IPX model has 7781 rows, 12335 columns and 28435 nonzeros
Input
    Number of variables:                                12335
    Number of free variables:                           0
    Number of constraints:                              7781
    Number of equality constraints:                     3053
    Number of matrix entries:                           28435
    Matrix range:                                       [1e-02, 1e+00]
    RHS range:                                          [2e+05, 1e+08]
    Objective range:                                    [2e-04, 3e+05]
    Bounds range:                                       [1e+05, 1e+08]
Preprocessing
    Dualized model:                                     no
    Number of dense columns:                            0
    Range of scaling factors:                           [1.00e+00, 2.00e+00]
IPX version 1.0
Interior Point Solve
 Iter     P.res    D.res            P.obj           D.obj        mu     Time
   0   2.48e+07 1.23e+05   1.71711783e+12 -2.21244234e+16  3.93e+12       0s
   1   5.79e+06 7.35e+04   9.77922369e+14 -1.49628590e+16  1.87e+12       0s
   2   2.53e+06 3.93e+04   1.27688696e+15 -1.00357578e+16  1.24e+12       0s
   3   9.86e+05 6.32e+03   9.00459491e+14 -1.74772580e+15  2.61e+11       0s
   4   1.71e+05 1.32e+03   2.64325546e+14 -5.01947459e+14  5.93e+10       0s
   5   5.18e+04 4.34e+02   7.49512421e+13 -2.01942455e+14  1.99e+10       0s
   6   1.10e+04 1.14e+02   2.24752584e+13 -6.29741725e+13  5.67e+09       0s
 Constructing starting basis...
   7   4.02e+02 1.93e+01   7.77521832e+12 -1.58339225e+13  1.59e+09       0s
   8   7.60e+01 1.54e+00   2.34784951e+12 -1.94724285e+12  2.46e+08       0s
   9   1.86e+01 3.26e-01   7.72633608e+11 -5.30407256e+11  7.17e+07       0s
  10   1.46e+01 2.77e-01   6.89586686e+11 -5.02940842e+11  6.82e+07       0s
  11   8.86e+00 2.21e-01   5.15778303e+11 -4.34369387e+11  5.70e+07       0s
  12   4.33e+00 1.89e-01   3.45203155e+11 -3.86689217e+11  4.72e+07       0s
  13   7.80e-01 2.88e-02   1.07991679e+11 -8.00086942e+10  1.09e+07       0s
  14   4.53e-01 1.43e-02   7.45374098e+10 -4.41602005e+10  6.67e+06       0s
  15   1.62e-01 7.85e-03   4.87268988e+10 -2.91093333e+10  4.37e+06       0s
  16   4.08e-02 3.72e-03   2.25081428e+10 -1.34899596e+10  1.97e+06       0s
  17   2.82e-03 1.49e-03   8.65823324e+09 -3.68115111e+09  6.50e+05       0s
  18   8.79e-04 3.49e-04   6.28470175e+09  1.66959383e+09  2.30e+05       0s
  19   3.63e-04 1.17e-04   5.01768828e+09  2.69872082e+09  1.13e+05       0s
  20   1.80e-04 4.92e-05   4.55764971e+09  3.15055123e+09  6.82e+04       0s
  21   7.34e-05 8.06e-06   4.05742640e+09  3.51273172e+09  2.63e+04       0s
  22   1.82e-05 3.54e-06   3.74761717e+09  3.58107616e+09  8.03e+03       0s
  23   1.08e-05 2.85e-06   3.71536163e+09  3.59034758e+09  6.02e+03       0s
  24   5.60e-06 1.10e-06   3.68241580e+09  3.62033838e+09  2.99e+03       0s
  25   1.07e-06 4.95e-07   3.65676241e+09  3.62980447e+09  1.30e+03       0s
  26   3.28e-07 1.62e-07   3.64784863e+09  3.63742928e+09  5.02e+02       0s
  27   1.19e-07 3.52e-08   3.64433091e+09  3.64050808e+09  1.84e+02       0s
  28   5.76e-08 1.00e-08   3.64284811e+09  3.64160682e+09  5.98e+01       1s
  29   6.71e-08 2.76e-09   3.64236680e+09  3.64194588e+09  2.03e+01       1s
  30   3.64e-08 3.49e-10   3.64217750e+09  3.64210586e+09  3.45e+00       1s
  31   6.61e-08 8.73e-11   3.64213493e+09  3.64212515e+09  4.71e-01       1s
  32   6.43e-08 5.82e-11   3.64212775e+09  3.64212714e+09  2.96e-02       1s
  33   8.42e-08 5.82e-11   3.64212752e+09  3.64212749e+09  1.33e-03       1s
  34*  4.84e-08 8.73e-11   3.64212751e+09  3.64212751e+09  1.58e-04       1s
Summary
    Runtime:                                            0.55s
    Status interior point solve:                        optimal
    Status crossover:                                   not run
    objective value:                                    3.64212751e+09
    interior solution primal residual (abs/rel):        7.45e-08 / 5.10e-16
    interior solution dual residual (abs/rel):          5.82e-11 / 2.21e-16
    interior solution objective gap (abs/rel):          3.31e+00 / 9.08e-10
Ipx: IPM       optimal
Model   status      : Optimal
IPM       iterations: 34
Objective value     :  3.6508285204e+09
HiGHS run time      :          0.80
Presolving model
8249 rows, 31459 cols, 68775 nonzeros
7905 rows, 14181 cols, 32111 nonzeros
7781 rows, 12335 cols, 28435 nonzeros
Presolve : Reductions: rows 7781(-438134); columns 12335(-234930); elements 28435(-1114192)
Solving the presolved LP
IPX model has 7781 rows, 12335 columns and 28435 nonzeros
Input
    Number of variables:                                12335
    Number of free variables:                           0
    Number of constraints:                              7781
    Number of equality constraints:                     3053
    Number of matrix entries:                           28435
    Matrix range:                                       [1e-02, 1e+00]
    RHS range:                                          [2e+05, 1e+08]
    Objective range:                                    [2e-04, 3e+05]
    Bounds range:                                       [1e+05, 1e+08]
Preprocessing
    Dualized model:                                     no
    Number of dense columns:                            0
    Range of scaling factors:                           [1.00e+00, 2.00e+00]
IPX version 1.0
Interior Point Solve
 Iter     P.res    D.res            P.obj           D.obj        mu     Time
   0   2.48e+07 1.23e+05   4.49660423e+12 -2.21058462e+16  3.94e+12       0s
   1   5.66e+06 7.32e+04   1.16349837e+15 -1.48900994e+16  1.86e+12       0s
   2   2.45e+06 3.78e+04   1.48550230e+15 -9.76513429e+15  1.20e+12       0s
   3   1.13e+06 6.35e+03   1.06718448e+15 -1.75045698e+15  2.77e+11       0s
   4   2.83e+05 1.31e+03   4.11706606e+14 -5.58119479e+14  7.54e+10       0s
   5   6.09e+04 4.17e+02   8.38640889e+13 -2.17115158e+14  2.11e+10       0s
   6   1.37e+04 1.40e+02   3.49142678e+13 -7.98064054e+13  7.39e+09       0s
 Constructing starting basis...
   7   1.07e+03 4.72e+01   1.47134921e+13 -3.29643809e+13  3.48e+09       0s
   8   2.00e+02 4.28e+00   5.69331316e+12 -6.38190458e+12  7.06e+08       0s
   9   5.04e+01 6.63e-01   1.86367755e+12 -1.20952289e+12  1.69e+08       0s
  10   2.52e+01 2.64e-01   1.06016100e+12 -5.62857269e+11  8.78e+07       0s
  11   1.32e+01 5.44e-02   6.88793277e+11 -2.62010718e+11  4.88e+07       0s
  12   4.49e+00 2.50e-02   3.49021023e+11 -1.73425660e+11  2.80e+07       0s
  13   2.08e+00 3.24e-03   1.76576933e+11 -2.85898271e+10  1.02e+07       0s
  14   9.44e-01 1.57e-03   9.12302579e+10 -1.56625147e+10  5.31e+06       0s
  15   3.37e-01 8.18e-04   4.41307597e+10 -9.37235453e+09  2.66e+06       0s
  16   5.96e-07 1.80e-04   1.15235318e+10 -1.98902714e+09  6.62e+05       0s
  17   3.58e-07 5.01e-05   6.67902763e+09  1.47541380e+09  2.52e+05       0s
  18   1.49e-07 1.70e-05   4.49952431e+09  2.25828690e+09  1.08e+05       0s
  19   7.45e-08 8.11e-06   3.59620187e+09  2.59366198e+09  4.83e+04       0s
  20   7.04e-08 3.35e-06   3.24857799e+09  2.79785926e+09  2.17e+04       0s
  21   3.16e-08 2.19e-06   3.16708352e+09  2.85420411e+09  1.51e+04       0s
  22   3.49e-08 8.37e-07   3.04445186e+09  2.93443475e+09  5.30e+03       0s
  23   4.83e-08 2.66e-07   3.00947383e+09  2.97123860e+09  1.84e+03       0s
  24   8.44e-08 9.85e-08   2.99965688e+09  2.98283900e+09  8.10e+02       0s
  25   7.19e-08 2.84e-08   2.99514416e+09  2.98877135e+09  3.07e+02       0s
  26   5.66e-08 7.48e-09   2.99310538e+09  2.99085154e+09  1.09e+02       0s
  27   4.91e-08 1.43e-09   2.99219999e+09  2.99157554e+09  3.01e+01       0s
  28   3.47e-08 1.75e-10   2.99186156e+09  2.99176398e+09  4.70e+00       0s
  29   5.93e-08 1.16e-10   2.99180265e+09  2.99177836e+09  1.17e+00       0s
  30   5.96e-08 5.82e-11   2.99179396e+09  2.99179210e+09  8.93e-02       0s
  31   5.89e-08 5.82e-11   2.99179326e+09  2.99179294e+09  1.51e-02       0s
  32   4.09e-08 5.82e-11   2.99179321e+09  2.99179313e+09  3.89e-03       0s
  33   4.51e-08 5.82e-11   2.99179317e+09  2.99179316e+09  4.97e-04       0s
  34*  1.45e-07 5.82e-11   2.99179316e+09  2.99179316e+09  1.30e-04       0s
Summary
    Runtime:                                            0.50s
    Status interior point solve:                        optimal
    Status crossover:                                   not run
    objective value:                                    2.99179316e+09
    interior solution primal residual (abs/rel):        3.28e-07 / 2.25e-15
    interior solution dual residual (abs/rel):          1.79e-10 / 6.80e-16
    interior solution objective gap (abs/rel):          2.66e+00 / 8.89e-10
Ipx: IPM       optimal
Model   status      : Optimal
IPM       iterations: 34
Objective value     :  3.0004941769e+09
HiGHS run time      :          0.78
Presolving model
8249 rows, 31459 cols, 68775 nonzeros
7905 rows, 14181 cols, 32111 nonzeros
7781 rows, 12335 cols, 28435 nonzeros
Presolve : Reductions: rows 7781(-438134); columns 12335(-234930); elements 28435(-1114192)
Solving the presolved LP
IPX model has 7781 rows, 12335 columns and 28435 nonzeros
Input
    Number of variables:                                12335
    Number of free variables:                           0
    Number of constraints:                              7781
    Number of equality constraints:                     3053
    Number of matrix entries:                           28435
    Matrix range:                                       [1e-02, 1e+00]
    RHS range:                                          [2e+05, 1e+08]
    Objective range:                                    [2e-04, 3e+05]
    Bounds range:                                       [1e+05, 1e+08]
Preprocessing
    Dualized model:                                     no
    Number of dense columns:                            0
    Range of scaling factors:                           [1.00e+00, 2.00e+00]
IPX version 1.0
Interior Point Solve
 Iter     P.res    D.res            P.obj           D.obj        mu     Time
   0   2.48e+07 1.23e+05   4.52537265e+12 -2.21030532e+16  3.94e+12       0s
   1   5.66e+06 7.32e+04   1.16504015e+15 -1.48866603e+16  1.86e+12       0s
   2   2.45e+06 3.75e+04   1.48723306e+15 -9.72158697e+15  1.19e+12       0s
   3   9.41e+05 6.25e+03   1.01043269e+15 -1.73475242e+15  2.60e+11       0s
   4   1.59e+05 1.23e+03   2.90732119e+14 -4.82787689e+14  5.73e+10       0s
   5   3.98e+04 4.10e+02   7.67081885e+13 -2.00031498e+14  1.89e+10       0s
 Constructing starting basis...
   6   8.62e+03 1.29e+02   3.74713177e+13 -7.51814929e+13  8.27e+09       0s
   7   7.15e+02 5.09e+01   1.36544247e+13 -3.38351227e+13  3.59e+09       0s
   8   1.22e+02 5.11e+00   6.52618805e+12 -8.37248013e+12  8.77e+08       0s
   9   3.31e+01 6.95e-01   2.15675423e+12 -1.29761278e+12  1.89e+08       0s
  10   1.45e+01 2.38e-01   1.16349272e+12 -5.91979585e+11  9.46e+07       0s
  11   1.08e+01 1.03e-01   9.02544157e+11 -3.08384021e+11  6.31e+07       0s
  12   1.88e+00 3.30e-02   2.53874663e+11 -1.46517699e+11  2.16e+07       0s
  13   5.98e-01 1.21e-02   9.64891564e+10 -5.68441624e+10  8.21e+06       0s
  14   2.74e-01 4.51e-03   5.73179283e+10 -2.51440568e+10  4.29e+06       0s
  15   5.91e-02 1.83e-03   2.11883111e+10 -1.01288122e+10  1.61e+06       0s
  16   1.41e-02 4.53e-04   8.44348941e+09 -3.88958078e+08  4.38e+05       0s
  17   6.26e-03 1.06e-04   5.61515027e+09  1.79712420e+09  1.86e+05       0s
  18   1.82e-03 3.36e-05   3.91647316e+09  2.40438052e+09  7.31e+04       0s
  19   4.62e-04 1.58e-05   3.23280473e+09  2.63557464e+09  2.88e+04       0s
  20   1.05e-04 6.25e-06   2.98260581e+09  2.78029939e+09  9.75e+03       0s
  21   3.49e-05 2.49e-06   2.93269216e+09  2.83805040e+09  4.56e+03       0s
  22   1.17e-05 1.15e-06   2.90709591e+09  2.86179924e+09  2.18e+03       0s
  23   2.26e-06 1.61e-07   2.89432249e+09  2.88061367e+09  6.60e+02       0s
  24   4.47e-07 3.77e-08   2.88903118e+09  2.88434314e+09  2.26e+02       0s
  25   1.49e-07 1.11e-08   2.88713736e+09  2.88566018e+09  7.11e+01       0s
  26   4.59e-08 2.01e-09   2.88645344e+09  2.88612310e+09  1.59e+01       0s
  27   4.48e-08 3.78e-10   2.88630918e+09  2.88625224e+09  2.74e+00       0s
  28   5.23e-08 8.73e-11   2.88628351e+09  2.88627583e+09  3.70e-01       0s
  29   7.03e-08 8.73e-11   2.88628079e+09  2.88627893e+09  8.98e-02       0s
  30   4.45e-08 5.82e-11   2.88627978e+09  2.88627934e+09  2.10e-02       0s
  31   9.31e-08 5.82e-11   2.88627944e+09  2.88627938e+09  2.93e-03       0s
  32   1.37e-07 5.82e-11   2.88627942e+09  2.88627941e+09  3.26e-04       0s
  33*  2.50e-07 5.82e-11   2.88627942e+09  2.88627941e+09  8.67e-05       0s
Summary
    Runtime:                                            0.45s
    Status interior point solve:                        optimal
    Status crossover:                                   not run
    objective value:                                    2.88627942e+09
    interior solution primal residual (abs/rel):        6.71e-07 / 4.59e-15
    interior solution dual residual (abs/rel):          1.74e-10 / 6.62e-16
    interior solution objective gap (abs/rel):          1.79e+00 / 6.19e-10
Ipx: IPM       optimal
Model   status      : Optimal
IPM       iterations: 33
Objective value     :  2.8949804279e+09
HiGHS run time      :          0.71
Presolving model
8249 rows, 31459 cols, 68775 nonzeros
7905 rows, 14181 cols, 32111 nonzeros
7781 rows, 12335 cols, 28435 nonzeros
Presolve : Reductions: rows 7781(-438134); columns 12335(-234930); elements 28435(-1114192)
Solving the presolved LP
IPX model has 7781 rows, 12335 columns and 28435 nonzeros
Input
    Number of variables:                                12335
    Number of free variables:                           0
    Number of constraints:                              7781
    Number of equality constraints:                     3053
    Number of matrix entries:                           28435
    Matrix range:                                       [1e-02, 1e+00]
    RHS range:                                          [2e+05, 1e+08]
    Objective range:                                    [2e-04, 3e+05]
    Bounds range:                                       [1e+05, 1e+08]
Preprocessing
    Dualized model:                                     no
    Number of dense columns:                            0
    Range of scaling factors:                           [1.00e+00, 2.00e+00]
IPX version 1.0
Interior Point Solve
 Iter     P.res    D.res            P.obj           D.obj        mu     Time
   0   2.48e+07 1.23e+05   4.52537260e+12 -2.21030532e+16  3.94e+12       0s
   1   5.66e+06 7.32e+04   1.16504016e+15 -1.48866604e+16  1.86e+12       0s
   2   2.45e+06 3.75e+04   1.48723307e+15 -9.72158685e+15  1.19e+12       0s
   3   9.41e+05 6.25e+03   1.01043278e+15 -1.73475239e+15  2.60e+11       0s
   4   1.59e+05 1.23e+03   2.90732128e+14 -4.82787748e+14  5.73e+10       0s
   5   3.97e+04 4.10e+02   7.67090009e+13 -2.00036991e+14  1.89e+10       0s
 Constructing starting basis...
   6   8.66e+03 1.30e+02   3.74274590e+13 -7.51726296e+13  8.27e+09       0s
   7   6.86e+02 5.01e+01   1.36858961e+13 -3.35396902e+13  3.56e+09       0s
   8   9.94e+01 4.97e+00   6.29751758e+12 -8.29259583e+12  8.59e+08       0s
   9   2.79e+01 6.80e-01   2.14381127e+12 -1.28095138e+12  1.87e+08       0s
  10   1.26e+01 2.22e-01   1.18118422e+12 -5.71593287e+11  9.39e+07       0s
  11   5.85e+00 9.68e-02   6.13724540e+11 -2.93559964e+11  4.86e+07       0s
  12   1.09e+00 3.04e-02   1.49475963e+11 -1.04561251e+11  1.39e+07       0s
  13   1.82e-01 1.15e-02   4.85289466e+10 -4.50734763e+10  5.18e+06       0s
  14   3.37e-02 4.69e-03   1.80729591e+10 -1.82211273e+10  1.97e+06       0s
  15   1.95e-02 1.23e-03   1.27624047e+10 -2.82894923e+09  7.99e+05       0s
  16   7.61e-03 4.39e-04   7.49437335e+09  6.20716745e+08  3.41e+05       0s
  17   3.43e-03 1.68e-04   5.33894942e+09  1.66493433e+09  1.80e+05       0s
  18   8.10e-04 4.48e-05   3.71820939e+09  2.43497463e+09  6.21e+04       0s
  19   1.88e-04 1.24e-05   3.16405156e+09  2.71093715e+09  2.19e+04       0s
  20   4.08e-05 7.16e-06   2.97414602e+09  2.77468376e+09  9.62e+03       0s
  21   1.39e-05 2.75e-06   2.92032944e+09  2.83689261e+09  4.02e+03       0s
  22   4.98e-06 1.31e-06   2.90002159e+09  2.85794902e+09  2.03e+03       0s
  23   1.31e-06 4.44e-07   2.88893450e+09  2.87164101e+09  8.33e+02       0s
  24   3.87e-07 1.04e-07   2.88395825e+09  2.87828389e+09  2.73e+02       0s
  25   8.94e-08 3.13e-08   2.88159168e+09  2.88002392e+09  7.55e+01       0s
  26   7.10e-08 8.12e-09   2.88111566e+09  2.88060524e+09  2.46e+01       0s
  27   4.82e-08 9.90e-10   2.88093133e+09  2.88085398e+09  3.73e+00       0s
  28   5.36e-08 1.46e-10   2.88089314e+09  2.88088325e+09  4.77e-01       0s
  29   5.15e-08 5.82e-11   2.88088794e+09  2.88088659e+09  6.50e-02       0s
  30   9.28e-08 5.82e-11   2.88088704e+09  2.88088683e+09  9.67e-03       0s
  31   1.13e-07 5.82e-11   2.88088690e+09  2.88088687e+09  1.60e-03       0s
  32*  1.05e-07 5.82e-11   2.88088689e+09  2.88088689e+09  9.40e-05       0s
Summary
    Runtime:                                            0.45s
    Status interior point solve:                        optimal
    Status crossover:                                   not run
    objective value:                                    2.88088689e+09
    interior solution primal residual (abs/rel):        2.68e-07 / 1.84e-15
    interior solution dual residual (abs/rel):          5.82e-11 / 2.21e-16
    interior solution objective gap (abs/rel):          1.93e+00 / 6.69e-10
Ipx: IPM       optimal
Model   status      : Optimal
IPM       iterations: 32
Objective value     :  2.8895879058e+09
HiGHS run time      :          0.72
Presolving model
8249 rows, 31459 cols, 68775 nonzeros
7905 rows, 14181 cols, 32111 nonzeros
7781 rows, 12335 cols, 28435 nonzeros
Presolve : Reductions: rows 7781(-438134); columns 12335(-234930); elements 28435(-1114192)
Solving the presolved LP
IPX model has 7781 rows, 12335 columns and 28435 nonzeros
Input
    Number of variables:                                12335
    Number of free variables:                           0
    Number of constraints:                              7781
    Number of equality constraints:                     3053
    Number of matrix entries:                           28435
    Matrix range:                                       [1e-02, 1e+00]
    RHS range:                                          [2e+05, 1e+08]
    Objective range:                                    [2e-04, 3e+05]
    Bounds range:                                       [1e+05, 1e+08]
Preprocessing
    Dualized model:                                     no
    Number of dense columns:                            0
    Range of scaling factors:                           [1.00e+00, 2.00e+00]
IPX version 1.0
Interior Point Solve
 Iter     P.res    D.res            P.obj           D.obj        mu     Time
   0   2.48e+07 1.23e+05   4.52537262e+12 -2.21030532e+16  3.94e+12       0s
   1   5.66e+06 7.32e+04   1.16504019e+15 -1.48866604e+16  1.86e+12       0s
   2   2.45e+06 3.75e+04   1.48723310e+15 -9.72158664e+15  1.19e+12       0s
   3   9.41e+05 6.25e+03   1.01043294e+15 -1.73475230e+15  2.60e+11       0s
   4   1.59e+05 1.23e+03   2.90732141e+14 -4.82787773e+14  5.73e+10       0s
   5   3.98e+04 4.10e+02   7.67069661e+13 -2.00030969e+14  1.89e+10       0s
 Constructing starting basis...
   6   8.62e+03 1.29e+02   3.74591615e+13 -7.52049917e+13  8.28e+09       0s
   7   6.97e+02 5.05e+01   1.37385246e+13 -3.37914307e+13  3.59e+09       0s
   8   1.20e+02 5.21e+00   6.46921791e+12 -8.31529621e+12  8.74e+08       0s
   9   3.54e+01 7.18e-01   2.28522426e+12 -1.31397282e+12  1.96e+08       0s
  10   1.66e+01 2.39e-01   1.28523152e+12 -5.94971334e+11  1.01e+08       0s
  11   1.28e+01 1.08e-01   1.02388417e+12 -3.18788276e+11  6.96e+07       0s
  12   2.01e+00 3.10e-02   2.75288456e+11 -1.50939820e+11  2.29e+07       0s
  13   5.30e-01 1.30e-02   9.04152511e+10 -6.64011714e+10  8.48e+06       0s
  14   1.70e-01 2.42e-03   5.17322650e+10 -2.12891938e+10  3.72e+06       0s
  15   4.48e-02 7.61e-04   2.12282424e+10 -6.34231822e+09  1.37e+06       0s
  16   2.35e-03 2.78e-04   6.33949376e+09 -9.18051982e+08  3.56e+05       0s
  17   9.75e-04 7.51e-05   4.67279381e+09  1.57595814e+09  1.50e+05       0s
  18   3.26e-04 3.40e-05   3.63148177e+09  2.20268894e+09  6.91e+04       0s
  19   1.85e-04 1.50e-05   3.41961756e+09  2.51306992e+09  4.37e+04       0s
  20   4.44e-05 5.19e-06   3.03419248e+09  2.72793140e+09  1.48e+04       0s
  21   1.43e-05 2.14e-06   2.93670450e+09  2.80450383e+09  6.37e+03       0s
  22   4.05e-06 6.39e-07   2.89689098e+09  2.84564597e+09  2.47e+03       0s
  23   1.01e-06 1.88e-07   2.87886639e+09  2.86076026e+09  8.72e+02       0s
  24   2.38e-07 4.79e-08   2.87234930e+09  2.86642837e+09  2.85e+02       0s
  25   7.94e-08 1.36e-08   2.86995195e+09  2.86824674e+09  8.21e+01       0s
  26   5.44e-08 4.39e-09   2.86934860e+09  2.86881182e+09  2.59e+01       0s
  27   6.30e-08 4.07e-10   2.86919013e+09  2.86911378e+09  3.68e+00       0s
  28   6.20e-08 1.46e-10   2.86916707e+09  2.86914143e+09  1.23e+00       0s
  29   4.57e-08 5.82e-11   2.86915527e+09  2.86915075e+09  2.18e-01       0s
  30   5.37e-08 5.82e-11   2.86915443e+09  2.86915123e+09  1.54e-01       0s
  31   6.09e-08 5.82e-11   2.86915204e+09  2.86915153e+09  2.42e-02       0s
  32   1.01e-07 5.82e-11   2.86915164e+09  2.86915162e+09  1.17e-03       0s
  33   1.02e-07 5.82e-11   2.86915164e+09  2.86915163e+09  3.47e-04       0s
  34*  2.97e-07 5.82e-11   2.86915164e+09  2.86915164e+09  2.72e-05       0s
Summary
    Runtime:                                            0.46s
    Status interior point solve:                        optimal
    Status crossover:                                   not run
    objective value:                                    2.86915164e+09
    interior solution primal residual (abs/rel):        7.45e-07 / 5.10e-15
    interior solution dual residual (abs/rel):          5.82e-11 / 2.21e-16
    interior solution objective gap (abs/rel):          6.09e-01 / 2.12e-10
Ipx: IPM       optimal
Model   status      : Optimal
IPM       iterations: 34
Objective value     :  2.8778526522e+09
HiGHS run time      :          0.73
Presolving model
8249 rows, 31459 cols, 68775 nonzeros
7905 rows, 14181 cols, 32111 nonzeros
7781 rows, 12335 cols, 28435 nonzeros
Presolve : Reductions: rows 7781(-438134); columns 12335(-234930); elements 28435(-1114192)
Solving the presolved LP
IPX model has 7781 rows, 12335 columns and 28435 nonzeros
Input
    Number of variables:                                12335
    Number of free variables:                           0
    Number of constraints:                              7781
    Number of equality constraints:                     3053
    Number of matrix entries:                           28435
    Matrix range:                                       [1e-02, 1e+00]
    RHS range:                                          [2e+05, 1e+08]
    Objective range:                                    [2e-04, 3e+05]
    Bounds range:                                       [1e+05, 1e+08]
Preprocessing
    Dualized model:                                     no
    Number of dense columns:                            0
    Range of scaling factors:                           [1.00e+00, 2.00e+00]
IPX version 1.0
Interior Point Solve
 Iter     P.res    D.res            P.obj           D.obj        mu     Time
   0   2.48e+07 1.23e+05   4.53235419e+12 -2.21022731e+16  3.94e+12       0s
   1   5.65e+06 7.32e+04   1.16684596e+15 -1.48833376e+16  1.86e+12       0s
   2   2.44e+06 3.75e+04   1.48913435e+15 -9.71275802e+15  1.19e+12       0s
   3   9.51e+05 6.26e+03   1.01529714e+15 -1.73794982e+15  2.61e+11       0s
   4   1.58e+05 1.23e+03   2.89990242e+14 -4.82888103e+14  5.72e+10       0s
   5   4.01e+04 4.13e+02   7.66359668e+13 -1.99898415e+14  1.89e+10       0s
   6   7.31e+03 1.37e+02   3.06564021e+13 -7.09963312e+13  6.46e+09       0s
 Constructing starting basis...
   7   2.45e+03 5.15e+01   1.89011694e+13 -3.45951275e+13  3.84e+09       0s
   8   7.60e+02 8.67e+00   1.00762437e+13 -1.14843783e+13  1.30e+09       0s
   9   1.96e+02 4.52e+00   3.49295282e+12 -6.44852690e+12  6.34e+08       0s
  10   5.06e+01 7.52e-01   1.20078441e+12 -1.13671736e+12  1.39e+08       0s
  11   4.25e+01 5.78e-01   1.07717635e+12 -9.44172110e+11  1.19e+08       0s
  12   2.66e+01 2.96e-01   8.60796929e+11 -6.31326480e+11  8.66e+07       0s
  13   1.17e+01 7.37e-02   4.68944980e+11 -2.27420724e+11  3.78e+07       0s
  14   3.40e+00 2.99e-02   1.66857347e+11 -1.03263201e+11  1.48e+07       0s
  15   7.79e-01 7.99e-03   4.75613691e+10 -2.73619740e+10  4.03e+06       0s
  16   9.91e-02 3.66e-03   1.36125556e+10 -1.18802594e+10  1.37e+06       0s
  17   1.34e-02 1.01e-03   6.42297640e+09 -1.47678346e+09  4.05e+05       0s
  18   5.23e-03 2.84e-04   4.75965129e+09  1.34652091e+09  1.69e+05       0s
  19   1.49e-03 1.11e-04   3.61736952e+09  2.10817821e+09  7.36e+04       0s
  20   5.52e-04 4.82e-05   3.26141081e+09  2.47112449e+09  3.83e+04       0s
  21   1.21e-04 1.74e-05   2.95321256e+09  2.69017407e+09  1.27e+04       0s
  22   3.83e-05 7.14e-06   2.88858147e+09  2.76683378e+09  5.88e+03       0s
  23   1.13e-05 1.87e-06   2.85774016e+09  2.81117487e+09  2.25e+03       0s
  24   3.31e-06 4.55e-07   2.84237805e+09  2.82620829e+09  7.79e+02       0s
  25   6.26e-07 1.13e-07   2.83587146e+09  2.83060635e+09  2.54e+02       0s
  26   1.49e-07 2.86e-08   2.83364926e+09  2.83222536e+09  6.86e+01       0s
  27   7.67e-08 9.37e-09   2.83305646e+09  2.83259025e+09  2.25e+01       0s
  28   4.52e-08 7.86e-10   2.83287799e+09  2.83282785e+09  2.42e+00       0s
  29   5.55e-08 1.16e-10   2.83285432e+09  2.83285042e+09  1.88e-01       0s
  30   5.96e-08 8.73e-11   2.83285242e+09  2.83285205e+09  1.81e-02       1s
  31   4.20e-08 5.82e-11   2.83285228e+09  2.83285220e+09  3.60e-03       1s
  32   9.50e-08 5.82e-11   2.83285226e+09  2.83285225e+09  3.47e-04       1s
  33*  3.18e-07 5.82e-11   2.83285226e+09  2.83285226e+09  3.09e-05       1s
Summary
    Runtime:                                            0.52s
    Status interior point solve:                        optimal
    Status crossover:                                   not run
    objective value:                                    2.83285226e+09
    interior solution primal residual (abs/rel):        7.60e-07 / 5.21e-15
    interior solution dual residual (abs/rel):          5.82e-11 / 2.21e-16
    interior solution objective gap (abs/rel):          5.93e-01 / 2.09e-10
Ipx: IPM       optimal
Model   status      : Optimal
IPM       iterations: 33
Objective value     :  2.8415532697e+09
HiGHS run time      :          0.79
Presolving model
8249 rows, 31459 cols, 68775 nonzeros
7905 rows, 14181 cols, 32111 nonzeros
7781 rows, 12335 cols, 28435 nonzeros
Presolve : Reductions: rows 7781(-438134); columns 12335(-234930); elements 28435(-1114192)
Solving the presolved LP
IPX model has 7781 rows, 12335 columns and 28435 nonzeros
Input
    Number of variables:                                12335
    Number of free variables:                           0
    Number of constraints:                              7781
    Number of equality constraints:                     3053
    Number of matrix entries:                           28435
    Matrix range:                                       [1e-02, 1e+00]
    RHS range:                                          [2e+05, 1e+08]
    Objective range:                                    [2e-04, 3e+05]
    Bounds range:                                       [1e+05, 1e+08]
Preprocessing
    Dualized model:                                     no
    Number of dense columns:                            0
    Range of scaling factors:                           [1.00e+00, 2.00e+00]
IPX version 1.0
Interior Point Solve
 Iter     P.res    D.res            P.obj           D.obj        mu     Time
   0   2.48e+07 1.23e+05   4.53235419e+12 -2.21022731e+16  3.94e+12       0s
   1   5.65e+06 7.32e+04   1.16684596e+15 -1.48833376e+16  1.86e+12       0s
   2   2.44e+06 3.75e+04   1.48913435e+15 -9.71275802e+15  1.19e+12       0s
   3   9.51e+05 6.26e+03   1.01529714e+15 -1.73794982e+15  2.61e+11       0s
   4   1.58e+05 1.23e+03   2.89990242e+14 -4.82888103e+14  5.72e+10       0s
   5   4.01e+04 4.13e+02   7.66359668e+13 -1.99898415e+14  1.89e+10       0s
   6   7.31e+03 1.37e+02   3.06564021e+13 -7.09963312e+13  6.46e+09       0s
 Constructing starting basis...
   7   2.45e+03 5.15e+01   1.89011694e+13 -3.45951275e+13  3.84e+09       0s
   8   7.60e+02 8.67e+00   1.00762437e+13 -1.14843783e+13  1.30e+09       0s
   9   1.96e+02 4.52e+00   3.49295282e+12 -6.44852690e+12  6.34e+08       0s
  10   5.06e+01 7.52e-01   1.20078441e+12 -1.13671736e+12  1.39e+08       0s
  11   4.25e+01 5.78e-01   1.07717635e+12 -9.44172110e+11  1.19e+08       0s
  12   2.66e+01 2.96e-01   8.60796929e+11 -6.31326480e+11  8.66e+07       0s
  13   1.17e+01 7.37e-02   4.68944980e+11 -2.27420724e+11  3.78e+07       0s
  14   3.40e+00 2.99e-02   1.66857347e+11 -1.03263201e+11  1.48e+07       0s
  15   7.79e-01 7.99e-03   4.75613691e+10 -2.73619740e+10  4.03e+06       0s
  16   9.91e-02 3.66e-03   1.36125556e+10 -1.18802594e+10  1.37e+06       0s
  17   1.34e-02 1.01e-03   6.42297640e+09 -1.47678346e+09  4.05e+05       0s
  18   5.23e-03 2.84e-04   4.75965129e+09  1.34652091e+09  1.69e+05       0s
  19   1.49e-03 1.11e-04   3.61736952e+09  2.10817821e+09  7.36e+04       0s
  20   5.52e-04 4.82e-05   3.26141081e+09  2.47112449e+09  3.83e+04       0s
  21   1.21e-04 1.74e-05   2.95321256e+09  2.69017407e+09  1.27e+04       0s
  22   3.83e-05 7.14e-06   2.88858147e+09  2.76683378e+09  5.88e+03       0s
  23   1.13e-05 1.87e-06   2.85774016e+09  2.81117487e+09  2.25e+03       0s
  24   3.31e-06 4.55e-07   2.84237805e+09  2.82620829e+09  7.79e+02       0s
  25   6.26e-07 1.13e-07   2.83587146e+09  2.83060635e+09  2.54e+02       0s
  26   1.49e-07 2.86e-08   2.83364926e+09  2.83222536e+09  6.86e+01       0s
  27   7.67e-08 9.37e-09   2.83305646e+09  2.83259025e+09  2.25e+01       0s
  28   4.52e-08 7.86e-10   2.83287799e+09  2.83282785e+09  2.42e+00       0s
  29   5.55e-08 1.16e-10   2.83285432e+09  2.83285042e+09  1.88e-01       0s
  30   5.96e-08 8.73e-11   2.83285242e+09  2.83285205e+09  1.81e-02       1s
  31   4.20e-08 5.82e-11   2.83285228e+09  2.83285220e+09  3.60e-03       1s
  32   9.50e-08 5.82e-11   2.83285226e+09  2.83285225e+09  3.47e-04       1s
  33*  3.18e-07 5.82e-11   2.83285226e+09  2.83285226e+09  3.09e-05       1s
Summary
    Runtime:                                            0.52s
    Status interior point solve:                        optimal
    Status crossover:                                   not run
    objective value:                                    2.83285226e+09
    interior solution primal residual (abs/rel):        7.60e-07 / 5.21e-15
    interior solution dual residual (abs/rel):          5.82e-11 / 2.21e-16
    interior solution objective gap (abs/rel):          5.93e-01 / 2.09e-10
Ipx: IPM       optimal
Model   status      : Optimal
IPM       iterations: 33
Objective value     :  2.8415532697e+09
HiGHS run time      :          0.78
[ Info: Rolling step not specified in scenaio.yaml file; Setting it to 10 years
[ Info: Demand-pathway mapping not specified in scenaio.yaml file; SERA will not look for eligible pathways for different demand types.
[ Info: Production capacity constraints from the grid model not defined. SERA will not create these constraints
[ Info: Regional technology limits not specified in scenaio.yaml file; SERA will not create these constraints
STARTING DATA PRE-PROCESSING 
Processing Temporal Data
Processing Nodes
Processing Demand
Processing Existings
Processing Links
Processing Pathways
Creating Infrastructure options
  1.821023 seconds (11.26 M allocations: 1.206 GiB, 26.97% gc time, 4.21% compilation time)

OPTIMIZING FROM 2026 TO 2035 

STARTING OPTIMIZATION MODEL CREATION
CREATING VARIABLES AND EXPRESSIONS
  8.205715 seconds (49.68 M allocations: 3.063 GiB, 22.27% gc time, 58.56% compilation time)
POPULATING EXPRESSIONS
  6.035721 seconds (21.07 M allocations: 3.090 GiB, 13.18% gc time, 2.83% compilation time)
CREATING CONSTRAINTS
  3.544734 seconds (28.06 M allocations: 1.445 GiB, 10.33% gc time, 21.67% compilation time)
POPULATED CORE OPTIMIZATION MODEL, STARTING ITERATIONS
READING COST DATA FOR ITERATION 1
  6.338938 seconds (22.79 M allocations: 2.096 GiB, 5.50% gc time, 7.43% compilation time)
CREATING EXPRESSIONS FOR CAPITAL AND FIXED COST
  3.061856 seconds (23.28 M allocations: 1.450 GiB, 21.43% gc time, 36.55% compilation time)
BUILDING OBJECTIVE FUNCTION
  2.092241 seconds (9.09 M allocations: 364.511 MiB, 12.05% gc time, 62.55% compilation time)
Optimizing for iteration 1
  4.613842 seconds (9.04 M allocations: 859.003 MiB, 7.26% gc time, 0.50% compilation time)
OPTIMAL
2.828381910114875e9
 =  1.0
READING COST DATA FOR ITERATION 2
  6.884970 seconds (20.64 M allocations: 2.023 GiB, 18.16% gc time, 0.44% compilation time)
CREATING EXPRESSIONS FOR CAPITAL AND FIXED COST
  1.833258 seconds (21.91 M allocations: 1.361 GiB, 30.36% gc time, 0.24% compilation time)
BUILDING OBJECTIVE FUNCTION
  1.979987 seconds (7.75 M allocations: 280.489 MiB, 60.47% gc time)
Optimizing for iteration 2
  2.481034 seconds (2 allocations: 32 bytes)
OPTIMAL
4.711477026947059e9
 =  0.399682542451529
READING COST DATA FOR ITERATION 3
  5.830619 seconds (20.58 M allocations: 2.016 GiB, 5.08% gc time)
CREATING EXPRESSIONS FOR CAPITAL AND FIXED COST
  1.980822 seconds (21.91 M allocations: 1.361 GiB, 33.83% gc time)
BUILDING OBJECTIVE FUNCTION
  0.781906 seconds (7.75 M allocations: 280.489 MiB)
Optimizing for iteration 3
  2.327985 seconds (2 allocations: 32 bytes)
OPTIMAL
4.021270549701975e9
 =  0.17163890584189298
READING COST DATA FOR ITERATION 4
  5.822864 seconds (20.58 M allocations: 2.045 GiB, 3.92% gc time)
CREATING EXPRESSIONS FOR CAPITAL AND FIXED COST
  2.125749 seconds (21.91 M allocations: 1.361 GiB, 37.59% gc time)
BUILDING OBJECTIVE FUNCTION
  0.824387 seconds (7.75 M allocations: 280.489 MiB)
Optimizing for iteration 4
  2.367881 seconds (2 allocations: 32 bytes)
OPTIMAL
3.8096180686689205e9
 =  0.05555740161296607
READING COST DATA FOR ITERATION 5
  6.112985 seconds (20.57 M allocations: 2.040 GiB, 7.92% gc time)
CREATING EXPRESSIONS FOR CAPITAL AND FIXED COST
  1.655955 seconds (21.91 M allocations: 1.361 GiB, 19.68% gc time)
BUILDING OBJECTIVE FUNCTION
  1.328595 seconds (7.75 M allocations: 280.489 MiB, 40.23% gc time)
Optimizing for iteration 5
  2.377243 seconds (2 allocations: 32 bytes)
OPTIMAL
3.7139665863188e9
 =  0.02575453497683077
READING COST DATA FOR ITERATION 6
  7.528516 seconds (20.57 M allocations: 2.016 GiB, 24.39% gc time)
CREATING EXPRESSIONS FOR CAPITAL AND FIXED COST
  1.935613 seconds (21.91 M allocations: 1.361 GiB, 37.84% gc time)
BUILDING OBJECTIVE FUNCTION
  0.777607 seconds (7.75 M allocations: 280.489 MiB)
Optimizing for iteration 6
  2.367085 seconds (2 allocations: 32 bytes)
OPTIMAL
3.7139665863188e9
 =  0.0
ITERATIONS COMPLETED
WRITING RESULTS TO FILE
  1.464288 seconds (6.01 M allocations: 289.083 MiB, 29.05% gc time, 41.11% compilation time)

OPTIMIZING FROM 2036 TO 2040 

STARTING OPTIMIZATION MODEL CREATION
CREATING VARIABLES AND EXPRESSIONS
  1.503367 seconds (21.25 M allocations: 1.294 GiB, 22.26% gc time, 12.97% compilation time)
POPULATING EXPRESSIONS
  1.640844 seconds (5.75 M allocations: 878.627 MiB, 15.88% gc time)
CREATING CONSTRAINTS
  1.391891 seconds (13.28 M allocations: 690.126 MiB, 14.30% gc time, 0.41% compilation time)
POPULATED CORE OPTIMIZATION MODEL, STARTING ITERATIONS
READING COST DATA FOR ITERATION 1
  2.950576 seconds (10.31 M allocations: 1.013 GiB, 6.06% gc time)
CREATING EXPRESSIONS FOR CAPITAL AND FIXED COST
  0.329447 seconds (5.74 M allocations: 360.171 MiB)
BUILDING OBJECTIVE FUNCTION
  0.325687 seconds (3.63 M allocations: 130.142 MiB)
Optimizing for iteration 1
  2.179701 seconds (4.72 M allocations: 429.655 MiB, 11.97% gc time)
OPTIMAL
3.925261998406492e13
 =  1.0
READING COST DATA FOR ITERATION 2
  3.016382 seconds (10.42 M allocations: 1.012 GiB, 7.47% gc time)
CREATING EXPRESSIONS FOR CAPITAL AND FIXED COST
  0.353631 seconds (5.74 M allocations: 360.171 MiB)
BUILDING OBJECTIVE FUNCTION
  0.564909 seconds (3.63 M allocations: 135.072 MiB, 43.01% gc time)
Optimizing for iteration 2
  0.807859 seconds (2 allocations: 32 bytes)
OPTIMAL
3.6508285204405074e9
 =  10750.701912126136
READING COST DATA FOR ITERATION 3
  3.000280 seconds (10.40 M allocations: 1.012 GiB, 7.01% gc time)
CREATING EXPRESSIONS FOR CAPITAL AND FIXED COST
  0.369576 seconds (5.74 M allocations: 360.171 MiB)
BUILDING OBJECTIVE FUNCTION
  0.321801 seconds (3.63 M allocations: 135.072 MiB)
Optimizing for iteration 3
  0.779578 seconds (2 allocations: 32 bytes)
OPTIMAL
3.0004941768844013e9
 =  0.21674241148882384
READING COST DATA FOR ITERATION 4
  3.043016 seconds (10.40 M allocations: 1.012 GiB, 8.43% gc time)
CREATING EXPRESSIONS FOR CAPITAL AND FIXED COST
  0.614779 seconds (5.74 M allocations: 360.171 MiB, 46.94% gc time)
BUILDING OBJECTIVE FUNCTION
  0.345868 seconds (3.63 M allocations: 135.072 MiB)
Optimizing for iteration 4
  0.714522 seconds (2 allocations: 32 bytes)
OPTIMAL
2.89498042789503e9
 =  0.03644713724924274
READING COST DATA FOR ITERATION 5
  3.043234 seconds (10.40 M allocations: 1.012 GiB, 8.15% gc time)
CREATING EXPRESSIONS FOR CAPITAL AND FIXED COST
  0.338540 seconds (5.74 M allocations: 360.171 MiB)
BUILDING OBJECTIVE FUNCTION
  0.341972 seconds (3.63 M allocations: 135.072 MiB)
Optimizing for iteration 5
  0.721472 seconds (2 allocations: 32 bytes)
OPTIMAL
2.889587905833489e9
 =  0.0018661906947657172
READING COST DATA FOR ITERATION 6
  3.073825 seconds (10.40 M allocations: 1.012 GiB, 8.52% gc time)
CREATING EXPRESSIONS FOR CAPITAL AND FIXED COST
  0.356045 seconds (5.74 M allocations: 360.171 MiB)
BUILDING OBJECTIVE FUNCTION
  0.947728 seconds (3.63 M allocations: 135.072 MiB, 63.91% gc time)
Optimizing for iteration 6
  0.734254 seconds (2 allocations: 32 bytes)
OPTIMAL
2.8778526522236156e9
 =  0.004077781258456896
READING COST DATA FOR ITERATION 7
  2.918216 seconds (10.39 M allocations: 1.012 GiB, 4.41% gc time)
CREATING EXPRESSIONS FOR CAPITAL AND FIXED COST
  0.321964 seconds (5.74 M allocations: 360.171 MiB)
BUILDING OBJECTIVE FUNCTION
  0.334457 seconds (3.63 M allocations: 135.072 MiB)
Optimizing for iteration 7
  0.788848 seconds (2 allocations: 32 bytes)
OPTIMAL
2.841553269728294e9
 =  0.012774486011592964
READING COST DATA FOR ITERATION 8
  3.020500 seconds (10.39 M allocations: 1.012 GiB, 7.94% gc time)
CREATING EXPRESSIONS FOR CAPITAL AND FIXED COST
  0.636816 seconds (5.74 M allocations: 360.171 MiB, 46.81% gc time)
BUILDING OBJECTIVE FUNCTION
  0.326635 seconds (3.63 M allocations: 135.072 MiB)
Optimizing for iteration 8
  0.787413 seconds (2 allocations: 32 bytes)
OPTIMAL
2.841553269728294e9
 =  0.0
ITERATIONS COMPLETED
WRITING RESULTS TO FILE
  1.206502 seconds (5.61 M allocations: 296.127 MiB, 69.08% compilation time)

THE OPTIMIZATION PROBLEM TOOK 2.67 MINUTES TO SOLVE. 
