Running HiGHS 1.6.0: Copyright (c) 2023 HiGHS under MIT licence terms
Presolving model
365543 rows, 834006 cols, 2133206 nonzeros
292691 rows, 589340 cols, 1645237 nonzeros
292643 rows, 322488 cols, 1101146 nonzeros
284620 rows, 314267 cols, 1084644 nonzeros
Presolve : Reductions: rows 284620(-2190577); columns 314267(-1381725); elements 1084644(-6223360)
Solving the presolved LP
IPX model has 284620 rows, 314267 columns and 1084644 nonzeros
Input
    Number of variables:                                314267
    Number of free variables:                           0
    Number of constraints:                              284620
    Number of equality constraints:                     17033
    Number of matrix entries:                           1084644
    Matrix range:                                       [1e-02, 1e+00]
    RHS range:                                          [2e+05, 1e+08]
    Objective range:                                    [2e-04, 1e+02]
    Bounds range:                                       [2e+05, 1e+08]
Preprocessing
    Dualized model:                                     no
    Number of dense columns:                            0
    Range of scaling factors:                           [1.00e+00, 2.00e+00]
IPX version 1.0
Interior Point Solve
 Iter     P.res    D.res            P.obj           D.obj        mu     Time
   0   2.38e+07 4.05e+00   5.04849443e+09 -5.34630431e+12  1.15e+08       0s
   1   4.98e+06 2.39e+00   3.47828589e+12 -3.52729985e+12  5.98e+07       0s
   2   2.72e+06 2.14e+00   4.32449333e+12 -3.28144960e+12  6.00e+07       1s
   3   1.12e+06 7.41e-01   3.56533352e+12 -1.23602461e+12  2.33e+07       2s
   4   3.80e+05 2.69e-01   2.34966242e+12 -5.04012076e+11  9.40e+06       3s
   5   1.38e+05 8.99e-02   1.35325816e+12 -1.94592762e+11  3.76e+06       6s
   6   5.38e+04 3.70e-02   7.68694872e+11 -9.54969171e+10  1.78e+06       9s
 Constructing starting basis...
   7   1.32e+04 9.86e-03   2.79143272e+11 -2.97202468e+10  5.71e+05      14s
   8   5.42e+03 2.56e-03   1.72721129e+11 -1.12150412e+10  3.17e+05      15s
   9   2.36e+03 5.68e-04   1.12908569e+11 -3.60150022e+09  1.96e+05      17s
  10   8.22e+02 3.39e-04   6.56061135e+10 -1.12338012e+09  1.11e+05      19s
  11   4.80e+02 2.47e-04   5.75653213e+10  2.02144386e+08  9.54e+04      22s
  12   1.94e+02 1.35e-04   4.44301577e+10  2.36599282e+09  6.97e+04      24s
  13   8.17e+01 6.61e-05   3.02381658e+10  4.88578758e+09  4.19e+04      28s
  14   5.24e+01 4.75e-05   2.42311811e+10  5.79228391e+09  3.05e+04      33s
  15   3.75e+01 2.87e-05   2.10302856e+10  6.64965998e+09  2.38e+04      37s
  16   2.89e+01 2.14e-05   1.88132948e+10  7.02371907e+09  1.95e+04      42s
  17   1.53e+01 1.21e-05   1.62160456e+10  7.31685471e+09  1.47e+04      46s
  18   1.07e+01 8.41e-06   1.41657721e+10  7.62097576e+09  1.08e+04      50s
  19   8.68e+00 7.78e-06   1.34536818e+10  7.65565514e+09  9.58e+03      53s
  20   5.63e+00 4.97e-06   1.22618181e+10  7.82931913e+09  7.32e+03      56s
  21   4.62e+00 3.51e-06   1.17263751e+10  7.95072657e+09  6.24e+03      60s
  22   3.37e+00 2.40e-06   1.09686879e+10  8.05026830e+09  4.82e+03      63s
  23   2.39e+00 1.67e-06   1.05078986e+10  8.10245801e+09  3.97e+03      66s
  24   1.89e+00 1.27e-06   1.02387132e+10  8.13563399e+09  3.47e+03      69s
  25   9.38e-01 9.48e-07   9.67593586e+09  8.16529225e+09  2.49e+03      72s
  26   6.11e-01 6.31e-07   9.40618513e+09  8.20260725e+09  1.99e+03      75s
  27   3.58e-01 3.63e-07   9.13327693e+09  8.24045631e+09  1.47e+03      77s
  28   2.44e-01 2.73e-07   9.02316885e+09  8.25270420e+09  1.27e+03      80s
  29   1.59e-01 2.14e-07   8.90417494e+09  8.26272467e+09  1.06e+03      83s
  30   5.85e-02 1.70e-07   8.73937150e+09  8.27085889e+09  7.73e+02      86s
  31   3.33e-02 1.24e-07   8.67319926e+09  8.28080100e+09  6.48e+02      89s
  32   1.53e-02 8.40e-08   8.55985693e+09  8.29242713e+09  4.41e+02      92s
  33   1.04e-02 5.63e-08   8.51704678e+09  8.30147398e+09  3.56e+02      94s
  34   7.65e-03 4.97e-08   8.50590488e+09  8.30321736e+09  3.35e+02      97s
  35   4.34e-03 3.35e-08   8.45785139e+09  8.30938442e+09  2.45e+02      99s
  36   2.65e-03 2.08e-08   8.42476163e+09  8.31485112e+09  1.81e+02     102s
  37   1.51e-03 1.00e-08   8.39612635e+09  8.32002873e+09  1.26e+02     104s
  38   4.65e-04 4.96e-09   8.37283716e+09  8.32228586e+09  8.34e+01     106s
  39   2.75e-04 2.94e-09   8.35750112e+09  8.32396639e+09  5.54e+01     108s
  40   1.29e-04 1.80e-09   8.35080620e+09  8.32465549e+09  4.32e+01     110s
  41   5.86e-05 4.29e-10   8.34123696e+09  8.32608880e+09  2.50e+01     112s
  42   1.06e-05 1.58e-10   8.33594613e+09  8.32630977e+09  1.59e+01     114s
  43   8.47e-08 6.24e-11   8.33189097e+09  8.32650584e+09  8.89e+00     116s
  44   1.43e-07 1.26e-11   8.32899689e+09  8.32681407e+09  3.60e+00     118s
  45   9.31e-08 9.96e-12   8.32832764e+09  8.32682630e+09  2.48e+00     119s
  46   1.38e-07 2.34e-12   8.32769935e+09  8.32691063e+09  1.30e+00     121s
  47   1.61e-07 4.26e-14   8.32737336e+09  8.32694225e+09  7.12e-01     123s
  48   1.03e-07 4.26e-14   8.32706240e+09  8.32696040e+09  1.68e-01     124s
  49   8.85e-08 4.26e-14   8.32700402e+09  8.32696144e+09  7.03e-02     126s
  50   1.00e-07 4.26e-14   8.32696608e+09  8.32696191e+09  6.88e-03     127s
  51   1.96e-07 4.26e-14   8.32696310e+09  8.32696290e+09  3.26e-04     129s
  52   6.89e-08 5.68e-14   8.32696295e+09  8.32696294e+09  1.91e-05     130s
  53*  6.52e-08 4.26e-14   8.32696295e+09  8.32696294e+09  2.75e-06     131s
Summary
    Runtime:                                            131.06s
    Status interior point solve:                        optimal
    Status crossover:                                   not run
    objective value:                                    8.32696295e+09
    interior solution primal residual (abs/rel):        1.34e-07 / 9.19e-16
    interior solution dual residual (abs/rel):          6.52e-11 / 4.97e-13
    interior solution objective gap (abs/rel):          1.67e+00 / 2.00e-10
Ipx: IPM       optimal
Model   status      : Optimal
IPM       iterations: 53
Objective value     :  8.3305193667e+09
HiGHS run time      :        133.83
Presolving model
365543 rows, 834006 cols, 2133206 nonzeros
292691 rows, 589340 cols, 1645237 nonzeros
292643 rows, 322488 cols, 1101146 nonzeros
284620 rows, 314267 cols, 1084644 nonzeros
Presolve : Reductions: rows 284620(-2198092); columns 314267(-1381725); elements 1084644(-6230875)
Solving the presolved LP
IPX model has 284620 rows, 314267 columns and 1084644 nonzeros
Input
    Number of variables:                                314267
    Number of free variables:                           0
    Number of constraints:                              284620
    Number of equality constraints:                     17033
    Number of matrix entries:                           1084644
    Matrix range:                                       [1e-02, 1e+00]
    RHS range:                                          [2e+05, 1e+08]
    Objective range:                                    [2e-04, 1e+07]
    Bounds range:                                       [2e+05, 1e+08]
Preprocessing
    Dualized model:                                     no
    Number of dense columns:                            0
    Range of scaling factors:                           [1.00e+00, 2.00e+00]
IPX version 1.0
Interior Point Solve
 Iter     P.res    D.res            P.obj           D.obj        mu     Time
   0   2.38e+07 1.57e+05   5.86982783e+13 -2.06992854e+17  4.49e+12       0s
   1   6.11e+06 1.12e+05   1.28382494e+17 -1.60288336e+17  2.87e+12       0s
   2   3.30e+06 8.44e+04   1.72184432e+17 -1.36516420e+17  2.59e+12       1s
   3   1.15e+06 3.89e+04   1.50546584e+17 -7.26266924e+16  1.27e+12       2s
   4   3.99e+05 1.68e+04   1.11340559e+17 -3.58099181e+16  5.81e+11       4s
   5   2.22e+05 7.85e+03   8.56788387e+16 -1.84984216e+16  3.11e+11       6s
   6   8.07e+04 2.90e+03   4.95958887e+16 -7.74398492e+15  1.32e+11      10s
 Constructing starting basis...
   7   4.96e+04 1.28e+03   3.65766680e+16 -4.23090003e+15  8.34e+10      16s
   8   2.69e+04 5.23e+02   2.16589059e+16 -1.92761834e+15  4.40e+10      20s
   9   1.32e+04 1.96e+02   1.15683969e+16 -8.60204765e+14  2.21e+10      22s
  10   5.15e+03 7.32e+01   4.82717592e+15 -3.93318090e+14  9.09e+09      25s
  11   3.77e+03 5.14e+01   4.21559482e+15 -3.45763928e+14  7.90e+09      27s
  12   1.04e+03 1.19e+01   1.25149331e+15 -1.41153689e+14  2.38e+09      29s
  13   4.67e+02 7.93e+00   8.70648757e+14 -9.88362751e+13  1.67e+09      32s
  14   1.76e+02 5.58e+00   4.03305823e+14 -6.79388677e+13  8.21e+08      35s
  15   2.72e+01 2.81e+00   1.97829071e+14 -3.80644842e+13  4.14e+08      38s
  16   8.83e+00 1.52e+00   8.30513304e+13 -2.08210240e+13  1.85e+08      41s
  17   2.15e+00 5.65e-01   3.60993191e+13 -8.56966065e+12  7.87e+07      43s
  18   5.61e-01 1.59e-01   1.13974681e+13 -2.35699276e+12  2.40e+07      45s
  19   2.45e-01 6.93e-02   5.95591452e+12 -1.03648205e+12  1.21e+07      47s
  20   1.07e-01 2.29e-02   3.01972116e+12 -3.35461850e+11  5.70e+06      50s
  21   6.34e-02 9.98e-03   2.05963700e+12 -1.55244269e+11  3.72e+06      52s
  22   4.23e-02 5.60e-03   1.43237872e+12 -8.67513625e+10  2.54e+06      54s
  23   3.00e-02 1.76e-03   1.10753228e+12 -3.29111249e+10  1.89e+06      56s
  24   2.09e-02 4.16e-04   8.21349874e+11 -7.45338504e+09  1.37e+06      58s
  25   8.70e-03 7.64e-05   4.00106339e+11  1.96587466e+09  6.58e+05      60s
  26   5.23e-03 1.55e-05   2.81785426e+11  3.62263127e+09  4.59e+05      62s
  27   1.33e-03 1.38e-06   1.06511185e+11  6.73275678e+09  1.65e+05      64s
  28   3.65e-04 5.01e-07   4.26956869e+10  7.90305327e+09  5.74e+04      66s
  29   8.78e-05 3.13e-07   2.07652665e+10  8.26533802e+09  2.06e+04      68s
  30   3.81e-05 1.40e-07   1.51382735e+10  8.68833515e+09  1.06e+04      70s
  31   2.14e-05 4.66e-08   1.27436130e+10  8.95759610e+09  6.25e+03      72s
  32   1.20e-05 1.68e-08   1.12800394e+10  9.05051774e+09  3.68e+03      74s
  33   4.05e-06 9.31e-09   9.88131640e+09  9.08603087e+09  1.31e+03      76s
  34   1.04e-06 5.59e-09   9.38036778e+09  9.10000576e+09  4.63e+02      77s
  35   5.07e-07 3.73e-09   9.20138582e+09  9.10875611e+09  1.53e+02      79s
  36   6.85e-07 2.79e-09   9.14802910e+09  9.11111436e+09  6.09e+01      81s
  37   4.47e-07 3.73e-09   9.12259141e+09  9.11393813e+09  1.43e+01      82s
  38   2.68e-07 3.73e-09   9.11640107e+09  9.11495706e+09  2.38e+00      84s
  39   1.79e-07 3.73e-09   9.11521479e+09  9.11506792e+09  2.42e-01      85s
  40   2.98e-07 3.73e-09   9.11511389e+09  9.11509321e+09  3.41e-02      87s
  41   2.89e-07 3.73e-09   9.11510310e+09  9.11510017e+09  4.84e-03      88s
  42   5.36e-07 3.73e-09   9.11510225e+09  9.11510202e+09  3.66e-04      89s
  43   1.22e-06 1.86e-09   9.11510217e+09  9.11510216e+09  2.01e-05      91s
  44*  6.26e-07 1.86e-09   9.11510216e+09  9.11510216e+09  2.17e-06      92s
Summary
    Runtime:                                            92.04s
    Status interior point solve:                        optimal
    Status crossover:                                   not run
    objective value:                                    9.11510216e+09
    interior solution primal residual (abs/rel):        2.18e-06 / 1.49e-14
    interior solution dual residual (abs/rel):          9.31e-10 / 9.62e-17
    interior solution objective gap (abs/rel):          9.77e-01 / 1.07e-10
Ipx: IPM       optimal
Model   status      : Optimal
IPM       iterations: 44
Objective value     :  9.1205117214e+09
HiGHS run time      :         94.65
Presolving model
365543 rows, 834006 cols, 2133206 nonzeros
292691 rows, 589340 cols, 1645237 nonzeros
292643 rows, 322488 cols, 1101146 nonzeros
284620 rows, 314267 cols, 1084644 nonzeros
Presolve : Reductions: rows 284620(-2205607); columns 314267(-1381725); elements 1084644(-6238390)
Solving the presolved LP
IPX model has 284620 rows, 314267 columns and 1084644 nonzeros
Input
    Number of variables:                                314267
    Number of free variables:                           0
    Number of constraints:                              284620
    Number of equality constraints:                     17033
    Number of matrix entries:                           1084644
    Matrix range:                                       [1e-02, 1e+00]
    RHS range:                                          [2e+05, 1e+08]
    Objective range:                                    [2e-04, 1e+07]
    Bounds range:                                       [2e+05, 1e+08]
Preprocessing
    Dualized model:                                     no
    Number of dense columns:                            0
    Range of scaling factors:                           [1.00e+00, 2.00e+00]
IPX version 1.0
Interior Point Solve
 Iter     P.res    D.res            P.obj           D.obj        mu     Time
   0   2.37e+07 1.57e+05   8.54415449e+13 -2.05631202e+17  4.49e+12       0s
   1   6.11e+06 1.12e+05   1.30746354e+17 -1.59200373e+17  2.87e+12       0s
   2   3.30e+06 8.44e+04   1.74833510e+17 -1.35546255e+17  2.58e+12       1s
   3   1.14e+06 3.88e+04   1.52619129e+17 -7.19598971e+16  1.26e+12       2s
   4   4.02e+05 1.70e+04   1.13015098e+17 -3.60129355e+16  5.85e+11       4s
   5   2.22e+05 7.55e+03   8.65389858e+16 -1.77174371e+16  3.04e+11       6s
   6   8.92e+04 2.87e+03   5.18100017e+16 -7.58746401e+15  1.35e+11      10s
 Constructing starting basis...
   7   5.59e+04 1.30e+03   3.83948752e+16 -4.21899901e+15  8.66e+10      16s
   8   3.03e+04 5.34e+02   2.26276912e+16 -1.90996834e+15  4.56e+10      20s
   9   1.48e+04 1.96e+02   1.20998793e+16 -8.34983730e+14  2.29e+10      23s
  10   5.73e+03 7.32e+01   5.09271023e+15 -3.87043022e+14  9.51e+09      25s
  11   4.29e+03 5.24e+01   4.48790103e+15 -3.42256898e+14  8.34e+09      27s
  12   1.13e+03 1.49e+01   1.28637456e+15 -1.53896925e+14  2.47e+09      30s
  13   5.66e+02 9.19e+00   9.64550019e+14 -9.72606865e+13  1.82e+09      33s
  14   2.91e+02 6.30e+00   5.58748102e+14 -6.29385749e+13  1.07e+09      36s
  15   1.86e+02 4.29e+00   3.89067468e+14 -4.09923760e+13  7.41e+08      39s
  16   1.24e+02 2.93e+00   2.80937642e+14 -2.84267402e+13  5.32e+08      42s
  17   7.56e+01 1.81e+00   1.92923434e+14 -1.87730123e+13  3.63e+08      44s
  18   4.69e+01 1.01e+00   1.38148618e+14 -1.22549636e+13  2.57e+08      47s
  19   1.56e+01 1.18e-01   8.03616247e+13 -4.39380889e+12  1.41e+08      49s
  20   7.52e+00 2.48e-02   4.42260465e+13 -1.37961301e+12  7.58e+07      51s
  21   3.99e+00 6.58e-03   2.55222034e+13 -5.19723793e+11  4.32e+07      53s
  22   1.81e-01 2.47e-03   4.69238940e+12 -3.00683094e+11  8.30e+06      55s
  23   3.62e-02 4.17e-04   1.32045590e+12 -6.18638744e+10  2.29e+06      57s
  24   2.70e-02 1.38e-04   1.03185344e+12 -2.09128380e+10  1.74e+06      59s
  25   1.26e-02 3.60e-05   6.76688434e+11 -1.21882605e+10  1.14e+06      61s
  26   3.35e-03 6.67e-06   2.74694168e+11 -7.39947967e+08  4.55e+05      63s
  27   1.19e-03 1.24e-06   1.40416770e+11  3.80221635e+09  2.26e+05      65s
  28   5.16e-04 5.29e-07   7.66884352e+10  5.49208349e+09  1.18e+05      67s
  29   1.32e-04 2.81e-07   3.07843410e+10  6.40040553e+09  4.03e+04      69s
  30   4.67e-05 1.27e-07   1.89598994e+10  7.04194137e+09  1.97e+04      71s
  31   1.91e-05 4.10e-08   1.29796215e+10  7.53178226e+09  8.99e+03      73s
  32   4.53e-06 1.40e-08   9.54418991e+09  7.69570167e+09  3.05e+03      75s
  33   1.22e-06 6.52e-09   8.50584439e+09  7.75255194e+09  1.24e+03      77s
  34   5.96e-07 4.66e-09   8.05541502e+09  7.78319103e+09  4.49e+02      79s
  35   5.66e-07 3.73e-09   7.90482809e+09  7.79758841e+09  1.77e+02      81s
  36   3.28e-07 3.73e-09   7.84459429e+09  7.80225561e+09  6.99e+01      83s
  37   3.58e-07 2.79e-09   7.81337308e+09  7.80494989e+09  1.39e+01      85s
  38   4.17e-07 2.79e-09   7.80719862e+09  7.80582101e+09  2.27e+00      87s
  39   5.07e-07 2.79e-09   7.80616186e+09  7.80591124e+09  4.14e-01      88s
  40   6.85e-07 3.73e-09   7.80594995e+09  7.80593510e+09  2.45e-02      90s
  41   3.87e-07 3.73e-09   7.80594214e+09  7.80594080e+09  2.21e-03      91s
  42   1.88e-06 2.79e-09   7.80594175e+09  7.80594151e+09  4.00e-04      93s
  43   1.73e-06 9.31e-10   7.80594171e+09  7.80594170e+09  2.96e-05      94s
  44*  1.22e-06 9.31e-10   7.80594171e+09  7.80594171e+09  3.25e-06      96s
Summary
    Runtime:                                            95.53s
    Status interior point solve:                        optimal
    Status crossover:                                   not run
    objective value:                                    7.80594171e+09
    interior solution primal residual (abs/rel):        1.52e-06 / 1.04e-14
    interior solution dual residual (abs/rel):          9.31e-10 / 9.62e-17
    interior solution objective gap (abs/rel):          1.51e+00 / 1.94e-10
Ipx: IPM       optimal
Model   status      : Optimal
IPM       iterations: 44
Objective value     :  7.8113512651e+09
HiGHS run time      :         98.17
Presolving model
365543 rows, 834006 cols, 2133206 nonzeros
292691 rows, 589340 cols, 1645237 nonzeros
292643 rows, 322488 cols, 1101146 nonzeros
284620 rows, 314267 cols, 1084644 nonzeros
Presolve : Reductions: rows 284620(-2213122); columns 314267(-1381725); elements 1084644(-6245905)
Solving the presolved LP
IPX model has 284620 rows, 314267 columns and 1084644 nonzeros
Input
    Number of variables:                                314267
    Number of free variables:                           0
    Number of constraints:                              284620
    Number of equality constraints:                     17033
    Number of matrix entries:                           1084644
    Matrix range:                                       [1e-02, 1e+00]
    RHS range:                                          [2e+05, 1e+08]
    Objective range:                                    [2e-04, 1e+07]
    Bounds range:                                       [2e+05, 1e+08]
Preprocessing
    Dualized model:                                     no
    Number of dense columns:                            0
    Range of scaling factors:                           [1.00e+00, 2.00e+00]
IPX version 1.0
Interior Point Solve
 Iter     P.res    D.res            P.obj           D.obj        mu     Time
   0   2.37e+07 1.57e+05   9.25776248e+13 -2.05418839e+17  4.49e+12       0s
   1   6.11e+06 1.12e+05   1.31196807e+17 -1.59032810e+17  2.87e+12       0s
   2   3.30e+06 8.44e+04   1.75367760e+17 -1.35375981e+17  2.58e+12       1s
   3   1.14e+06 3.88e+04   1.53012681e+17 -7.18857593e+16  1.26e+12       2s
   4   4.02e+05 1.70e+04   1.13304555e+17 -3.59640524e+16  5.85e+11       4s
   5   2.22e+05 7.54e+03   8.67146119e+16 -1.76804814e+16  3.04e+11       6s
   6   8.95e+04 2.86e+03   5.19525942e+16 -7.56594487e+15  1.35e+11      10s
 Constructing starting basis...
   7   5.62e+04 1.30e+03   3.84550129e+16 -4.18795028e+15  8.65e+10      16s
   8   3.04e+04 5.34e+02   2.26202231e+16 -1.89316260e+15  4.56e+10      20s
   9   1.46e+04 1.95e+02   1.18938006e+16 -8.22426758e+14  2.25e+10      23s
  10   5.66e+03 7.06e+01   5.05961846e+15 -3.76707390e+14  9.42e+09      25s
  11   4.18e+03 5.02e+01   4.40905269e+15 -3.31206928e+14  8.18e+09      28s
  12   1.10e+03 1.57e+01   1.25147650e+15 -1.56828609e+14  2.42e+09      30s
  13   6.04e+02 9.77e+00   9.91759398e+14 -9.90385360e+13  1.87e+09      33s
  14   3.09e+02 6.76e+00   5.67382829e+14 -6.47575038e+13  1.09e+09      36s
  15   1.96e+02 4.60e+00   3.93952769e+14 -4.22686481e+13  7.52e+08      39s
  16   1.30e+02 2.90e+00   2.85663486e+14 -2.73102728e+13  5.37e+08      42s
  17   8.52e+01 1.98e+00   2.03486046e+14 -1.97422969e+13  3.83e+08      44s
  18   4.57e+01 9.66e-01   1.42941767e+14 -1.24664913e+13  2.65e+08      46s
  19   1.13e+01 6.68e-02   7.12481532e+13 -3.70822796e+12  1.25e+08      49s
  20   5.26e+00 2.49e-02   4.16015455e+13 -1.89639348e+12  7.23e+07      51s
  21   2.89e+00 6.24e-03   2.47719156e+13 -6.20549387e+11  4.21e+07      53s
  22   1.17e-01 1.59e-03   3.71899632e+12 -2.50946984e+11  6.59e+06      55s
  23   3.11e-02 3.70e-04   1.41631936e+12 -7.19670838e+10  2.46e+06      58s
  24   1.85e-02 1.29e-04   9.53431435e+11 -2.82758083e+10  1.62e+06      60s
  25   7.79e-03 4.49e-05   6.28364176e+11 -1.64065071e+10  1.06e+06      62s
  26   1.56e-03 1.12e-05   2.96159477e+11 -5.53312578e+09  4.98e+05      64s
  27   6.12e-04 1.93e-06   1.47595991e+11  3.56914071e+09  2.38e+05      66s
  28   2.11e-04 8.03e-07   6.94732802e+10  5.37554846e+09  1.06e+05      68s
  29   5.75e-05 3.95e-07   3.13183425e+10  6.32091618e+09  4.13e+04      70s
  30   2.28e-05 1.81e-07   1.98096992e+10  6.95022647e+09  2.12e+04      72s
  31   7.36e-06 5.96e-08   1.23051240e+10  7.43278985e+09  8.04e+03      74s
  32   2.00e-06 1.86e-08   9.53912516e+09  7.59848222e+09  3.20e+03      76s
  33   7.45e-07 9.31e-09   8.56381365e+09  7.65503449e+09  1.50e+03      78s
  34   3.10e-07 4.66e-09   8.04797595e+09  7.69135635e+09  5.89e+02      81s
  35   2.31e-07 3.73e-09   7.90936032e+09  7.70424016e+09  3.39e+02      82s
  36   3.87e-07 2.79e-09   7.79290301e+09  7.70927715e+09  1.38e+02      84s
  37   3.20e-07 3.73e-09   7.74525876e+09  7.71062121e+09  5.72e+01      86s
  38   6.56e-07 3.73e-09   7.71841844e+09  7.71210152e+09  1.04e+01      87s
  39   3.87e-07 3.73e-09   7.71299685e+09  7.71249560e+09  8.27e-01      89s
  40   3.58e-07 1.86e-09   7.71258522e+09  7.71253610e+09  8.11e-02      91s
  41   3.58e-07 2.79e-09   7.71255280e+09  7.71254635e+09  1.07e-02      92s
  42   1.01e-06 3.73e-09   7.71255023e+09  7.71254937e+09  1.41e-03      94s
  43   1.37e-06 2.79e-09   7.71254997e+09  7.71254979e+09  2.89e-04      95s
  44   3.34e-06 9.31e-10   7.71254994e+09  7.71254992e+09  3.97e-05      97s
  45*  2.00e-06 9.31e-10   7.71254993e+09  7.71254993e+09  2.14e-06      98s
Summary
    Runtime:                                            98.11s
    Status interior point solve:                        optimal
    Status crossover:                                   not run
    objective value:                                    7.71254993e+09
    interior solution primal residual (abs/rel):        2.12e-06 / 1.45e-14
    interior solution dual residual (abs/rel):          9.31e-10 / 9.62e-17
    interior solution objective gap (abs/rel):          9.68e-01 / 1.25e-10
Ipx: IPM       optimal
Model   status      : Optimal
IPM       iterations: 45
Objective value     :  7.7179594910e+09
HiGHS run time      :        100.70
Presolving model
365543 rows, 834006 cols, 2133206 nonzeros
292691 rows, 589340 cols, 1645237 nonzeros
292643 rows, 322488 cols, 1101146 nonzeros
284620 rows, 314267 cols, 1084644 nonzeros
Presolve : Reductions: rows 284620(-2220637); columns 314267(-1381725); elements 1084644(-6253420)
Solving the presolved LP
IPX model has 284620 rows, 314267 columns and 1084644 nonzeros
Input
    Number of variables:                                314267
    Number of free variables:                           0
    Number of constraints:                              284620
    Number of equality constraints:                     17033
    Number of matrix entries:                           1084644
    Matrix range:                                       [1e-02, 1e+00]
    RHS range:                                          [2e+05, 1e+08]
    Objective range:                                    [2e-04, 1e+07]
    Bounds range:                                       [2e+05, 1e+08]
Preprocessing
    Dualized model:                                     no
    Number of dense columns:                            0
    Range of scaling factors:                           [1.00e+00, 2.00e+00]
IPX version 1.0
Interior Point Solve
 Iter     P.res    D.res            P.obj           D.obj        mu     Time
   0   2.37e+07 1.57e+05   9.51803326e+13 -2.05369687e+17  4.49e+12       0s
   1   6.11e+06 1.12e+05   1.31348413e+17 -1.58993665e+17  2.87e+12       0s
   2   3.30e+06 8.44e+04   1.75553209e+17 -1.35327176e+17  2.58e+12       1s
   3   1.14e+06 3.88e+04   1.53145948e+17 -7.18718616e+16  1.26e+12       2s
   4   4.01e+05 1.70e+04   1.13362126e+17 -3.59513025e+16  5.85e+11       4s
   5   2.22e+05 7.55e+03   8.67601796e+16 -1.76887564e+16  3.04e+11       6s
   6   8.92e+04 2.86e+03   5.19523676e+16 -7.55987386e+15  1.35e+11      10s
 Constructing starting basis...
   7   5.60e+04 1.30e+03   3.84368011e+16 -4.17918733e+15  8.64e+10      16s
   8   3.02e+04 5.32e+02   2.25126968e+16 -1.88316564e+15  4.53e+10      20s
   9   1.44e+04 1.96e+02   1.18298191e+16 -8.26674401e+14  2.24e+10      22s
  10   5.56e+03 7.11e+01   5.01074848e+15 -3.78007104e+14  9.34e+09      25s
  11   4.08e+03 5.02e+01   4.34846502e+15 -3.30344254e+14  8.07e+09      27s
  12   1.07e+03 1.51e+01   1.25340764e+15 -1.53919132e+14  2.41e+09      29s
  13   5.69e+02 9.42e+00   9.69666415e+14 -9.74310246e+13  1.83e+09      32s
  14   2.91e+02 6.58e+00   5.57748559e+14 -6.43572844e+13  1.07e+09      36s
  15   1.84e+02 4.45e+00   3.86130564e+14 -4.14582211e+13  7.37e+08      39s
  16   1.22e+02 2.99e+00   2.77973787e+14 -2.82343094e+13  5.27e+08      42s
  17   7.65e+01 1.88e+00   1.93190504e+14 -1.89304589e+13  3.64e+08      44s
  18   4.09e+01 1.02e+00   1.32326115e+14 -1.24711537e+13  2.47e+08      46s
  19   8.62e+00 8.28e-02   6.37274213e+13 -3.63220217e+12  1.12e+08      49s
  20   4.08e+00 1.93e-02   3.48034046e+13 -1.18523774e+12  5.97e+07      51s
  21   2.09e+00 5.71e-03   2.00553872e+13 -4.96824588e+11  3.41e+07      53s
  22   4.16e-01 5.75e-04   4.37015830e+12 -6.15403402e+10  7.33e+06      56s
  23   1.12e-01 1.77e-04   1.75049255e+12 -3.86053770e+10  2.96e+06      58s
  24   4.88e-02 4.33e-05   9.64223579e+11 -1.56750687e+10  1.62e+06      60s
  25   1.27e-02 6.65e-06   4.07921509e+11 -3.97993968e+09  6.80e+05      62s
  26   4.33e-03 6.90e-07   2.05260773e+11  2.44557416e+09  3.35e+05      63s
  27   1.50e-03 3.10e-07   8.87758981e+10  4.76905229e+09  1.39e+05      65s
  28   3.68e-04 1.42e-07   3.84379873e+10  5.97207879e+09  5.36e+04      67s
  29   1.41e-04 6.89e-08   2.23726239e+10  6.73546090e+09  2.58e+04      69s
  30   4.43e-05 2.05e-08   1.33403625e+10  7.35989710e+09  9.87e+03      71s
  31   2.04e-05 8.38e-09   1.07776414e+10  7.54393807e+09  5.34e+03      74s
  32   1.15e-05 7.45e-09   9.55220222e+09  7.62332867e+09  3.18e+03      76s
  33   4.05e-06 3.73e-09   8.39062587e+09  7.65562617e+09  1.21e+03      77s
  34   2.06e-06 2.79e-09   8.08478133e+09  7.66847823e+09  6.87e+02      79s
  35   4.47e-07 1.86e-09   7.79987655e+09  7.67748304e+09  2.02e+02      81s
  36   4.17e-07 3.73e-09   7.73541526e+09  7.67920626e+09  9.28e+01      83s
  37   3.87e-07 2.79e-09   7.69380535e+09  7.68188508e+09  1.97e+01      85s
  38   3.87e-07 3.73e-09   7.68534766e+09  7.68302494e+09  3.83e+00      86s
  39   2.98e-07 2.79e-09   7.68336678e+09  7.68315443e+09  3.51e-01      88s
  40   2.68e-07 2.79e-09   7.68320428e+09  7.68318463e+09  3.24e-02      89s
  41   4.77e-07 2.79e-09   7.68319599e+09  7.68319269e+09  5.45e-03      91s
  42   1.28e-06 2.79e-09   7.68319496e+09  7.68319435e+09  1.01e-03      92s
  43   2.71e-06 1.86e-09   7.68319488e+09  7.68319483e+09  7.41e-05      94s
  44*  4.56e-06 9.31e-10   7.68319486e+09  7.68319485e+09  7.24e-06      95s
Summary
    Runtime:                                            94.88s
    Status interior point solve:                        optimal
    Status crossover:                                   not run
    objective value:                                    7.68319486e+09
    interior solution primal residual (abs/rel):        4.11e-06 / 2.82e-14
    interior solution dual residual (abs/rel):          9.31e-10 / 9.62e-17
    interior solution objective gap (abs/rel):          4.43e+00 / 5.76e-10
Ipx: IPM       optimal
Model   status      : Optimal
IPM       iterations: 44
Objective value     :  7.6886044162e+09
HiGHS run time      :         97.54
Presolving model
365543 rows, 834006 cols, 2133206 nonzeros
292691 rows, 589340 cols, 1645237 nonzeros
292643 rows, 322488 cols, 1101146 nonzeros
284620 rows, 314267 cols, 1084644 nonzeros
Presolve : Reductions: rows 284620(-2228152); columns 314267(-1381725); elements 1084644(-6260935)
Solving the presolved LP
IPX model has 284620 rows, 314267 columns and 1084644 nonzeros
Input
    Number of variables:                                314267
    Number of free variables:                           0
    Number of constraints:                              284620
    Number of equality constraints:                     17033
    Number of matrix entries:                           1084644
    Matrix range:                                       [1e-02, 1e+00]
    RHS range:                                          [2e+05, 1e+08]
    Objective range:                                    [2e-04, 1e+07]
    Bounds range:                                       [2e+05, 1e+08]
Preprocessing
    Dualized model:                                     no
    Number of dense columns:                            0
    Range of scaling factors:                           [1.00e+00, 2.00e+00]
IPX version 1.0
Interior Point Solve
 Iter     P.res    D.res            P.obj           D.obj        mu     Time
   0   2.37e+07 1.57e+05   9.52679298e+13 -2.05369019e+17  4.49e+12       0s
   1   6.11e+06 1.12e+05   1.31354312e+17 -1.58993109e+17  2.87e+12       0s
   2   3.30e+06 8.44e+04   1.75561147e+17 -1.35326126e+17  2.58e+12       1s
   3   1.14e+06 3.88e+04   1.53151401e+17 -7.18722561e+16  1.26e+12       2s
   4   4.02e+05 1.70e+04   1.13370808e+17 -3.59099590e+16  5.84e+11       4s
   5   2.22e+05 7.54e+03   8.67270386e+16 -1.76729561e+16  3.04e+11       6s
   6   8.95e+04 2.86e+03   5.19614217e+16 -7.54823816e+15  1.35e+11      10s
 Constructing starting basis...
   7   5.62e+04 1.30e+03   3.84909926e+16 -4.18233239e+15  8.65e+10      16s
   8   3.07e+04 5.35e+02   2.27628468e+16 -1.89085348e+15  4.58e+10      19s
   9   1.48e+04 1.98e+02   1.20774057e+16 -8.33343474e+14  2.28e+10      22s
  10   5.71e+03 7.32e+01   5.07570844e+15 -3.84169226e+14  9.47e+09      25s
  11   4.13e+03 5.12e+01   4.37571159e+15 -3.33984092e+14  8.13e+09      27s
  12   1.11e+03 1.58e+01   1.27244553e+15 -1.56349760e+14  2.45e+09      29s
  13   5.67e+02 9.77e+00   9.66363684e+14 -9.84775571e+13  1.83e+09      32s
  14   2.92e+02 6.73e+00   5.59425954e+14 -6.41224568e+13  1.07e+09      35s
  15   1.84e+02 4.56e+00   3.86572925e+14 -4.15958917e+13  7.38e+08      38s
  16   1.23e+02 3.07e+00   2.79865928e+14 -2.84654857e+13  5.31e+08      41s
  17   7.69e+01 1.92e+00   1.95440083e+14 -1.90047794e+13  3.68e+08      43s
  18   4.36e+01 1.08e+00   1.36160382e+14 -1.26729467e+13  2.54e+08      45s
  19   1.34e+01 1.03e-01   7.42649449e+13 -3.88398817e+12  1.30e+08      47s
  20   5.44e+00 2.02e-02   3.47393854e+13 -1.08058967e+12  5.95e+07      50s
  21   2.10e+00 6.45e-03   1.69126254e+13 -5.23440060e+11  2.89e+07      52s
  22   4.09e-01 6.77e-04   3.61184441e+12 -6.24889398e+10  6.08e+06      54s
  23   1.39e-01 1.58e-04   1.73897557e+12 -3.56802179e+10  2.93e+06      56s
  24   6.70e-02 4.30e-05   1.03408369e+12 -1.66591582e+10  1.74e+06      58s
  25   1.48e-02 5.54e-06   3.93985413e+11 -3.79732712e+09  6.57e+05      60s
  26   4.52e-03 8.49e-07   1.81110928e+11  2.62142519e+09  2.95e+05      61s
  27   1.69e-03 3.99e-07   8.68744434e+10  4.69312681e+09  1.36e+05      63s
  28   5.18e-04 1.86e-07   4.14238112e+10  5.92904245e+09  5.86e+04      65s
  29   2.14e-04 9.31e-08   2.45137273e+10  6.69562465e+09  2.94e+04      67s
  30   6.64e-05 2.79e-08   1.41043170e+10  7.33464191e+09  1.12e+04      69s
  31   3.48e-05 1.02e-08   1.15352754e+10  7.53234520e+09  6.61e+03      71s
  32   1.90e-05 5.59e-09   9.90382291e+09  7.61360172e+09  3.78e+03      73s
  33   6.17e-06 3.73e-09   8.46176898e+09  7.64911830e+09  1.34e+03      75s
  34   2.06e-06 2.79e-09   8.02332355e+09  7.66593977e+09  5.90e+02      77s
  35   4.77e-07 3.73e-09   7.78337618e+09  7.67579577e+09  1.78e+02      79s
  36   4.17e-07 3.73e-09   7.72341926e+09  7.67852937e+09  7.41e+01      81s
  37   5.36e-07 3.73e-09   7.69053374e+09  7.68120688e+09  1.54e+01      83s
  38   3.43e-07 3.73e-09   7.68371533e+09  7.68226848e+09  2.39e+00      85s
  39   3.28e-07 2.79e-09   7.68248207e+09  7.68239638e+09  1.41e-01      86s
  40   2.68e-07 3.73e-09   7.68242271e+09  7.68241573e+09  1.15e-02      88s
  41   8.94e-07 3.73e-09   7.68241960e+09  7.68241913e+09  7.75e-04      89s
  42   3.40e-06 1.86e-09   7.68241947e+09  7.68241943e+09  7.36e-05      91s
  43*  4.26e-06 9.31e-10   7.68241945e+09  7.68241945e+09  5.16e-06      92s
Summary
    Runtime:                                            92.51s
    Status interior point solve:                        optimal
    Status crossover:                                   not run
    objective value:                                    7.68241945e+09
    interior solution primal residual (abs/rel):        3.81e-06 / 2.61e-14
    interior solution dual residual (abs/rel):          4.66e-10 / 4.81e-17
    interior solution objective gap (abs/rel):          2.68e+00 / 3.49e-10
Ipx: IPM       optimal
Model   status      : Optimal
IPM       iterations: 43
Objective value     :  7.6878290096e+09
HiGHS run time      :         95.17
[ Info: Rolling step not specified in scenaio.yaml file; Setting it to 15 years
[ Info: Demand-pathway mapping not specified in scenaio.yaml file; SERA will not look for eligible pathways for different demand types.
[ Info: Production capacity constraints from the grid model not defined. SERA will not create these constraints
[ Info: Regional technology limits not specified in scenaio.yaml file; SERA will not create these constraints
STARTING DATA PRE-PROCESSING 
Processing Temporal Data
Processing Nodes
Processing Demand
Processing Existings
Processing Links
Processing Pathways
Creating Infrastructure options
  4.861923 seconds (32.83 M allocations: 3.874 GiB, 25.45% gc time, 1.66% compilation time)

OPTIMIZING FROM 2026 TO 2040 

STARTING OPTIMIZATION MODEL CREATION
CREATING VARIABLES AND EXPRESSIONS
 16.571801 seconds (136.55 M allocations: 8.369 GiB, 33.42% gc time, 35.51% compilation time)
POPULATING EXPRESSIONS
 33.985067 seconds (153.10 M allocations: 23.707 GiB, 9.07% gc time, 0.54% compilation time)
CREATING CONSTRAINTS
  8.943011 seconds (76.04 M allocations: 3.919 GiB, 12.07% gc time, 8.75% compilation time)
POPULATED CORE OPTIMIZATION MODEL, STARTING ITERATIONS
READING COST DATA FOR ITERATION 1
 16.048210 seconds (65.50 M allocations: 6.201 GiB, 5.43% gc time, 2.24% compilation time)
CREATING EXPRESSIONS FOR CAPITAL AND FIXED COST
 41.780327 seconds (98.36 M allocations: 6.293 GiB, 80.54% gc time, 3.19% compilation time)
BUILDING OBJECTIVE FUNCTION
  8.114693 seconds (26.38 M allocations: 884.986 MiB, 51.17% gc time, 13.39% compilation time)
Optimizing for iteration 1
167.561285 seconds (26.88 M allocations: 2.502 GiB, 15.88% gc time, 0.01% compilation time)
OPTIMAL
8.330519366699261e9
ϵ =  1.0
READING COST DATA FOR ITERATION 2
111.257956 seconds (53.90 M allocations: 5.994 GiB, 30.40% gc time, 0.02% compilation time)
CREATING EXPRESSIONS FOR CAPITAL AND FIXED COST
 81.726105 seconds (96.76 M allocations: 6.190 GiB, 91.93% gc time, 0.01% compilation time)
BUILDING OBJECTIVE FUNCTION
  7.251621 seconds (25.08 M allocations: 818.641 MiB, 60.16% gc time)
Optimizing for iteration 2
 94.677535 seconds (5 allocations: 32 bytes)
OPTIMAL
9.12051172138877e9
ϵ =  0.08661710864715393
READING COST DATA FOR ITERATION 3
117.271162 seconds (53.67 M allocations: 5.933 GiB, 33.81% gc time)
CREATING EXPRESSIONS FOR CAPITAL AND FIXED COST
 83.020699 seconds (96.76 M allocations: 6.190 GiB, 91.74% gc time)
BUILDING OBJECTIVE FUNCTION
  7.403705 seconds (25.08 M allocations: 818.641 MiB, 60.18% gc time)
Optimizing for iteration 3
 98.189844 seconds (2 allocations: 32 bytes)
OPTIMAL
7.811351265093321e9
ϵ =  0.1675971815715994
READING COST DATA FOR ITERATION 4
116.099084 seconds (53.66 M allocations: 5.932 GiB, 33.04% gc time)
CREATING EXPRESSIONS FOR CAPITAL AND FIXED COST
 83.250931 seconds (96.76 M allocations: 6.190 GiB, 91.99% gc time)
BUILDING OBJECTIVE FUNCTION
  7.365243 seconds (25.08 M allocations: 818.641 MiB, 60.61% gc time)
Optimizing for iteration 4
100.719096 seconds (2 allocations: 32 bytes)
OPTIMAL
7.717959491039839e9
ϵ =  0.012100578418689216
READING COST DATA FOR ITERATION 5
117.017294 seconds (53.65 M allocations: 5.987 GiB, 33.77% gc time)
CREATING EXPRESSIONS FOR CAPITAL AND FIXED COST
 85.332671 seconds (96.76 M allocations: 6.190 GiB, 91.86% gc time)
BUILDING OBJECTIVE FUNCTION
  7.769664 seconds (25.08 M allocations: 818.641 MiB, 61.30% gc time)
Optimizing for iteration 5
 97.561882 seconds (2 allocations: 32 bytes)
OPTIMAL
7.688604416175208e9
ϵ =  0.0038179978153726453
READING COST DATA FOR ITERATION 6
117.242443 seconds (53.65 M allocations: 5.956 GiB, 33.68% gc time)
CREATING EXPRESSIONS FOR CAPITAL AND FIXED COST
 85.256798 seconds (96.76 M allocations: 6.190 GiB, 92.11% gc time)
BUILDING OBJECTIVE FUNCTION
  7.565597 seconds (25.08 M allocations: 818.641 MiB, 61.04% gc time)
Optimizing for iteration 6
 95.187754 seconds (2 allocations: 32 bytes)
OPTIMAL
7.687829009568585e9
ϵ =  0.00010086158336996449
ITERATIONS COMPLETED
WRITING RESULTS TO FILE
  7.410293 seconds (20.45 M allocations: 893.394 MiB, 67.27% gc time, 10.19% compilation time)

THE OPTIMIZATION PROBLEM TOOK 31.1 MINUTES TO SOLVE. 
