Running HiGHS 1.6.0: Copyright (c) 2023 HiGHS under MIT licence terms
Presolving model
172332 rows, 437154 cols, 1071472 nonzeros
137035 rows, 300663 cols, 800348 nonzeros
136976 rows, 158417 cols, 513042 nonzeros
131735 rows, 152987 cols, 502125 nonzeros
Presolve : Reductions: rows 131735(-1524452); columns 152987(-980791); elements 502125(-4242851)
Solving the presolved LP
IPX model has 131735 rows, 152987 columns and 502125 nonzeros
Input
    Number of variables:                                152987
    Number of free variables:                           0
    Number of constraints:                              131735
    Number of equality constraints:                     11013
    Number of matrix entries:                           502125
    Matrix range:                                       [1e-02, 1e+00]
    RHS range:                                          [2e+05, 6e+07]
    Objective range:                                    [3e-04, 1e+02]
    Bounds range:                                       [2e+05, 1e+08]
Preprocessing
    Dualized model:                                     no
    Number of dense columns:                            0
    Range of scaling factors:                           [1.00e+00, 2.00e+00]
IPX version 1.0
Interior Point Solve
 Iter     P.res    D.res            P.obj           D.obj        mu     Time
   0   8.72e+06 5.45e+00   2.39159101e+09 -2.95657509e+12  6.31e+07       0s
   1   2.04e+06 2.91e+00   9.12194920e+11 -1.65084618e+12  3.11e+07       0s
   2   9.28e+05 2.43e+00   1.18963476e+12 -1.41753671e+12  2.94e+07       0s
   3   3.90e+05 7.03e-01   9.17091268e+11 -4.19884137e+11  1.00e+07       1s
   4   1.08e+05 2.01e-01   4.83467324e+11 -1.24062965e+11  3.25e+06       1s
   5   2.85e+04 5.12e-02   2.39214616e+11 -3.67272882e+10  1.15e+06       2s
   6   6.47e+03 2.19e-02   9.46285942e+10 -1.66941877e+10  4.26e+05       3s
 Constructing starting basis...
   7   3.23e+03 3.22e-03   6.46594604e+10 -2.88519981e+09  2.48e+05       5s
   8   1.17e+03 2.02e-03   3.88687963e+10 -1.46012326e+09  1.47e+05       5s
   9   5.04e+02 1.34e-03   2.64016463e+10 -1.60501962e+08  9.58e+04       6s
  10   3.18e+02 9.24e-04   2.42922390e+10  6.70888581e+08  8.48e+04       7s
  11   9.40e+01 4.73e-04   1.23919669e+10  2.34840488e+09  3.58e+04       8s
  12   4.81e+01 2.86e-04   1.04105438e+10  2.96470369e+09  2.65e+04       9s
  13   4.18e+01 1.99e-04   9.81241014e+09  3.30290625e+09  2.31e+04      10s
  14   3.34e+01 1.68e-04   8.91653292e+09  3.42211129e+09  1.95e+04      11s
  15   2.62e+01 1.13e-04   8.07698952e+09  3.62886020e+09  1.58e+04      12s
  16   2.23e+01 7.36e-05   7.59823368e+09  3.77382823e+09  1.36e+04      13s
  17   1.76e+01 4.32e-05   6.93145070e+09  3.89665042e+09  1.08e+04      14s
  18   1.48e+01 2.70e-05   6.52172812e+09  3.96130929e+09  9.07e+03      15s
  19   9.05e+00 1.46e-05   5.76344350e+09  4.00566044e+09  6.23e+03      15s
  20   5.95e+00 9.67e-06   5.27547591e+09  4.03302949e+09  4.40e+03      16s
  21   4.22e+00 6.59e-06   5.13174417e+09  4.04102497e+09  3.86e+03      17s
  22   2.42e+00 4.62e-06   4.78203432e+09  4.05622852e+09  2.57e+03      17s
  23   1.48e+00 2.26e-06   4.61183120e+09  4.07404218e+09  1.90e+03      18s
  24   9.08e-01 1.37e-06   4.46960052e+09  4.08346008e+09  1.37e+03      19s
  25   4.53e-01 7.79e-07   4.35088341e+09  4.09011743e+09  9.23e+02      20s
  26   2.88e-01 5.32e-07   4.28535792e+09  4.09411698e+09  6.77e+02      20s
  27   1.28e-01 3.80e-07   4.22948841e+09  4.09635939e+09  4.71e+02      21s
  28   5.21e-02 2.46e-07   4.20232687e+09  4.09835884e+09  3.68e+02      21s
  29   2.34e-02 1.66e-07   4.18447490e+09  4.09982598e+09  2.99e+02      22s
  30   1.30e-02 7.26e-08   4.15435455e+09  4.10328760e+09  1.81e+02      22s
  31   9.86e-03 6.28e-08   4.14849359e+09  4.10354052e+09  1.59e+02      23s
  32   4.91e-03 2.14e-08   4.13668224e+09  4.10480995e+09  1.13e+02      24s
  33   1.67e-03 4.50e-09   4.12071593e+09  4.10587986e+09  5.25e+01      24s
  34   6.96e-04 2.84e-14   4.11429362e+09  4.10631617e+09  2.82e+01      25s
  35   5.67e-08 2.84e-14   4.10871417e+09  4.10636938e+09  8.29e+00      25s
  36   2.98e-08 2.84e-14   4.10755255e+09  4.10646685e+09  3.84e+00      25s
  37   2.98e-08 4.26e-14   4.10685717e+09  4.10647062e+09  1.37e+00      26s
  38   2.98e-08 2.84e-14   4.10657617e+09  4.10648876e+09  3.09e-01      26s
  39   3.17e-08 2.84e-14   4.10650562e+09  4.10649013e+09  5.48e-02      27s
  40   3.07e-08 2.84e-14   4.10649196e+09  4.10649045e+09  5.34e-03      27s
  41   4.39e-08 2.84e-14   4.10649082e+09  4.10649068e+09  5.12e-04      27s
  42   5.67e-08 4.26e-14   4.10649071e+09  4.10649070e+09  5.35e-05      28s
  43*  4.82e-08 2.84e-14   4.10649070e+09  4.10649070e+09  2.32e-06      28s
Summary
    Runtime:                                            27.73s
    Status interior point solve:                        optimal
    Status crossover:                                   not run
    objective value:                                    4.10649070e+09
    interior solution primal residual (abs/rel):        4.47e-08 / 3.06e-16
    interior solution dual residual (abs/rel):          3.71e-13 / 2.98e-15
    interior solution objective gap (abs/rel):          6.54e-01 / 1.59e-10
Ipx: IPM       optimal
Model   status      : Optimal
IPM       iterations: 43
Objective value     :  4.1270957775e+09
HiGHS run time      :         29.29
Presolving model
172332 rows, 437154 cols, 1071472 nonzeros
137035 rows, 300663 cols, 800348 nonzeros
136976 rows, 158417 cols, 513042 nonzeros
131735 rows, 152987 cols, 502125 nonzeros
Presolve : Reductions: rows 131735(-1529462); columns 152987(-980791); elements 502125(-4247861)
Solving the presolved LP
IPX model has 131735 rows, 152987 columns and 502125 nonzeros
Input
    Number of variables:                                152987
    Number of free variables:                           0
    Number of constraints:                              131735
    Number of equality constraints:                     11013
    Number of matrix entries:                           502125
    Matrix range:                                       [1e-02, 1e+00]
    RHS range:                                          [2e+05, 6e+07]
    Objective range:                                    [3e-04, 9e+06]
    Bounds range:                                       [2e+05, 1e+08]
Preprocessing
    Dualized model:                                     no
    Number of dense columns:                            0
    Range of scaling factors:                           [1.00e+00, 2.00e+00]
IPX version 1.0
Interior Point Solve
 Iter     P.res    D.res            P.obj           D.obj        mu     Time
   0   8.71e+06 2.24e+05   2.79810117e+13 -1.21982466e+17  2.62e+12       0s
   1   2.46e+06 1.53e+05   3.36383022e+16 -8.60607574e+16  1.62e+12       0s
   2   1.18e+06 1.09e+05   4.86430912e+16 -6.52582712e+16  1.39e+12       0s
   3   3.91e+05 4.66e+04   4.03765978e+16 -2.96438035e+16  6.33e+11       1s
   4   1.50e+05 1.35e+04   2.85207399e+16 -9.17390945e+15  2.29e+11       1s
   5   4.27e+04 4.00e+03   1.47152690e+16 -2.98537926e+15  8.13e+10       2s
   6   2.05e+04 1.28e+03   8.26497130e+15 -1.04033906e+15  3.71e+10       3s
 Constructing starting basis...
   7   6.62e+03 3.56e+02   3.57054891e+15 -3.69001924e+14  1.52e+10       5s
   8   2.55e+03 1.15e+02   1.48320627e+15 -1.51841155e+14  6.14e+09       6s
   9   7.41e+02 4.85e+01   5.26861832e+14 -8.33495573e+13  2.29e+09       6s
  10   3.23e+02 2.96e+01   3.73860334e+14 -5.13103390e+13  1.60e+09       7s
  11   1.16e+02 1.82e+01   1.62952691e+14 -3.05574526e+13  7.39e+08       8s
  12   4.09e+01 9.81e+00   7.38162312e+13 -1.65797680e+13  3.49e+08       8s
  13   1.18e+01 3.32e+00   2.63840994e+13 -5.59972557e+12  1.23e+08       9s
  14   2.41e+00 6.72e-01   7.24065684e+12 -1.14661574e+12  3.16e+07      10s
  15   1.22e+00 2.22e-01   4.35920473e+12 -4.14732132e+11  1.75e+07      10s
  16   3.81e-01 5.36e-02   1.52496401e+12 -1.03323607e+11  5.91e+06      11s
  17   1.10e-01 2.37e-02   5.79716991e+11 -4.79175150e+10  2.28e+06      12s
  18   6.40e-02 1.27e-02   4.11938223e+11 -2.66152832e+10  1.59e+06      12s
  19   2.82e-02 3.80e-03   2.72693011e+11 -9.18730549e+09  1.01e+06      13s
  20   1.94e-02 1.46e-03   1.94307973e+11 -1.04754963e+09  6.95e+05      14s
  21   1.34e-02 7.85e-04   1.49004020e+11  6.67662225e+08  5.27e+05      14s
  22   9.50e-03 3.25e-04   1.14275103e+11  2.35678958e+09  3.97e+05      15s
  23   4.02e-03 1.01e-04   8.23626462e+10  2.38013914e+09  2.83e+05      15s
  24   2.02e-03 2.54e-05   4.49730383e+10  3.95595573e+09  1.45e+05      16s
  25   3.72e-04 9.74e-06   1.72088671e+10  4.20475421e+09  4.60e+04      17s
  26   1.55e-04 1.66e-06   1.18202078e+10  4.43692571e+09  2.61e+04      17s
  27   3.66e-05 5.16e-07   6.47042691e+09  4.56162015e+09  6.75e+03      18s
  28   1.94e-05 2.27e-07   5.69700367e+09  4.59608485e+09  3.89e+03      18s
  29   7.45e-06 9.97e-08   5.06968938e+09  4.61548143e+09  1.61e+03      19s
  30   3.55e-06 4.66e-08   4.85616502e+09  4.62426969e+09  8.20e+02      20s
  31   1.46e-06 2.33e-08   4.73333416e+09  4.62831441e+09  3.71e+02      20s
  32   2.98e-07 9.31e-09   4.66422714e+09  4.63081966e+09  1.18e+02      21s
  33   8.94e-08 4.66e-09   4.64329506e+09  4.63198441e+09  4.00e+01      21s
  34   5.59e-08 3.73e-09   4.63605277e+09  4.63254111e+09  1.24e+01      22s
  35   8.94e-08 1.86e-09   4.63366491e+09  4.63279723e+09  3.07e+00      22s
  36   4.47e-08 1.86e-09   4.63291836e+09  4.63286717e+09  1.81e-01      23s
  37   7.45e-08 2.79e-09   4.63287591e+09  4.63287196e+09  1.40e-02      23s
  38   8.94e-08 1.86e-09   4.63287301e+09  4.63287257e+09  1.54e-03      23s
  39   2.38e-07 2.79e-09   4.63287267e+09  4.63287262e+09  1.77e-04      24s
  40   5.96e-07 9.31e-10   4.63287263e+09  4.63287262e+09  1.99e-05      24s
  41*  4.92e-07 9.31e-10   4.63287262e+09  4.63287262e+09  2.29e-06      24s
Summary
    Runtime:                                            24.13s
    Status interior point solve:                        optimal
    Status crossover:                                   not run
    objective value:                                    4.63287262e+09
    interior solution primal residual (abs/rel):        5.51e-07 / 3.78e-15
    interior solution dual residual (abs/rel):          1.86e-09 / 2.03e-16
    interior solution objective gap (abs/rel):          5.18e-01 / 1.12e-10
Ipx: IPM       optimal
Model   status      : Optimal
IPM       iterations: 41
Objective value     :  4.6533978914e+09
HiGHS run time      :         25.62
Presolving model
172332 rows, 437154 cols, 1071472 nonzeros
137035 rows, 300663 cols, 800348 nonzeros
136976 rows, 158417 cols, 513042 nonzeros
131735 rows, 152987 cols, 502125 nonzeros
Presolve : Reductions: rows 131735(-1534472); columns 152987(-980791); elements 502125(-4252871)
Solving the presolved LP
IPX model has 131735 rows, 152987 columns and 502125 nonzeros
Input
    Number of variables:                                152987
    Number of free variables:                           0
    Number of constraints:                              131735
    Number of equality constraints:                     11013
    Number of matrix entries:                           502125
    Matrix range:                                       [1e-02, 1e+00]
    RHS range:                                          [2e+05, 6e+07]
    Objective range:                                    [3e-04, 9e+06]
    Bounds range:                                       [2e+05, 1e+08]
Preprocessing
    Dualized model:                                     no
    Number of dense columns:                            0
    Range of scaling factors:                           [1.00e+00, 2.00e+00]
IPX version 1.0
Interior Point Solve
 Iter     P.res    D.res            P.obj           D.obj        mu     Time
   0   8.70e+06 2.24e+05   4.16260088e+13 -1.21261958e+17  2.62e+12       0s
   1   2.73e+06 1.53e+05   3.25583254e+16 -8.55571451e+16  1.64e+12       0s
   2   1.53e+06 1.15e+05   4.64483733e+16 -6.81189750e+16  1.45e+12       0s
   3   4.34e+05 4.65e+04   3.90971993e+16 -2.90659128e+16  6.15e+11       1s
   4   1.38e+05 1.46e+04   2.65741503e+16 -9.68511847e+15  2.24e+11       1s
   5   5.41e+04 4.42e+03   1.66181253e+16 -3.26921113e+15  9.24e+10       2s
   6   2.37e+04 1.45e+03   8.59247694e+15 -1.13994462e+15  3.92e+10       3s
 Constructing starting basis...
   7   1.07e+04 4.43e+02   4.82042283e+15 -4.37356510e+14  2.03e+10       5s
   8   4.18e+03 1.53e+02   1.94403152e+15 -1.80997977e+14  8.01e+09       5s
   9   9.69e+02 5.39e+01   6.23598644e+14 -9.03305520e+13  2.67e+09       6s
  10   4.74e+02 3.66e+01   4.73179225e+14 -6.25704269e+13  2.01e+09       7s
  11   2.11e+02 2.55e+01   2.54526466e+14 -4.21612348e+13  1.13e+09       8s
  12   1.12e+02 1.67e+01   1.66395869e+14 -2.70891647e+13  7.37e+08       8s
  13   5.16e+01 1.28e+01   1.13391856e+14 -2.14624354e+13  5.21e+08       9s
  14   1.97e+01 7.34e+00   6.06487833e+13 -1.25327748e+13  2.85e+08      10s
  15   9.57e+00 2.94e+00   3.72198467e+13 -5.41762139e+12  1.62e+08      10s
  16   2.63e+00 3.22e-01   1.67807434e+13 -9.80501306e+11  6.42e+07      11s
  17   1.20e+00 6.32e-02   9.73999224e+12 -3.16442162e+11  3.59e+07      12s
  18   4.44e-01 1.49e-02   4.36994543e+12 -1.07935774e+11  1.59e+07      12s
  19   2.45e-01 7.11e-03   3.02625905e+12 -7.71502260e+10  1.11e+07      13s
  20   4.58e-02 1.79e-03   1.44646893e+12 -4.71661132e+10  5.31e+06      13s
  21   2.38e-02 7.03e-04   7.93206515e+11 -1.79176263e+10  2.88e+06      14s
  22   1.49e-02 1.41e-04   5.81834660e+11 -7.06156233e+09  2.08e+06      14s
  23   6.10e-03 3.77e-05   2.92716503e+11 -1.44939566e+09  1.04e+06      15s
  24   2.18e-03 6.94e-06   1.42326479e+11  1.29416101e+09  4.99e+05      15s
  25   9.51e-04 1.62e-06   7.36362441e+10  2.87385756e+09  2.50e+05      16s
  26   1.64e-07 2.79e-09   3.27233742e+10  2.93755976e+09  1.05e+05      16s
  27   8.94e-08 1.86e-09   1.44988923e+10  3.59334574e+09  3.86e+04      17s
  28   5.96e-08 1.86e-09   1.01201152e+10  3.87001187e+09  2.21e+04      17s
  29   6.33e-08 1.86e-09   5.74922467e+09  3.98287894e+09  6.25e+03      18s
  30   1.04e-07 1.86e-09   4.64773300e+09  4.02146302e+09  2.21e+03      19s
  31   5.59e-08 2.79e-09   4.31217160e+09  4.03684486e+09  9.74e+02      19s
  32   2.98e-08 1.86e-09   4.17550405e+09  4.04224248e+09  4.71e+02      20s
  33   1.19e-07 1.86e-09   4.09240556e+09  4.04516981e+09  1.67e+02      20s
  34   8.94e-08 1.86e-09   4.06467934e+09  4.04671808e+09  6.35e+01      21s
  35   5.96e-08 2.79e-09   4.05422869e+09  4.04733486e+09  2.44e+01      21s
  36   4.95e-08 2.79e-09   4.04899755e+09  4.04760984e+09  4.91e+00      22s
  37   5.22e-08 2.79e-09   4.04799026e+09  4.04780685e+09  6.49e-01      22s
  38   8.94e-08 1.86e-09   4.04786315e+09  4.04783833e+09  8.77e-02      23s
  39   1.49e-07 2.79e-09   4.04784639e+09  4.04784164e+09  1.68e-02      23s
  40   6.33e-08 2.79e-09   4.04784232e+09  4.04784178e+09  1.92e-03      23s
  41   2.68e-07 1.86e-09   4.04784185e+09  4.04784181e+09  1.62e-04      24s
  42*  9.98e-07 9.31e-10   4.04784181e+09  4.04784181e+09  1.20e-05      24s
Summary
    Runtime:                                            24.12s
    Status interior point solve:                        optimal
    Status crossover:                                   not run
    objective value:                                    4.04784181e+09
    interior solution primal residual (abs/rel):        8.94e-07 / 6.12e-15
    interior solution dual residual (abs/rel):          9.31e-10 / 1.01e-16
    interior solution objective gap (abs/rel):          3.46e+00 / 8.56e-10
Ipx: IPM       optimal
Model   status      : Optimal
IPM       iterations: 42
Objective value     :  4.0683670844e+09
HiGHS run time      :         25.61
Presolving model
172332 rows, 437154 cols, 1071472 nonzeros
137035 rows, 300663 cols, 800348 nonzeros
136976 rows, 158417 cols, 513042 nonzeros
131735 rows, 152987 cols, 502125 nonzeros
Presolve : Reductions: rows 131735(-1539482); columns 152987(-980791); elements 502125(-4257881)
Solving the presolved LP
IPX model has 131735 rows, 152987 columns and 502125 nonzeros
Input
    Number of variables:                                152987
    Number of free variables:                           0
    Number of constraints:                              131735
    Number of equality constraints:                     11013
    Number of matrix entries:                           502125
    Matrix range:                                       [1e-02, 1e+00]
    RHS range:                                          [2e+05, 6e+07]
    Objective range:                                    [3e-04, 9e+06]
    Bounds range:                                       [2e+05, 1e+08]
Preprocessing
    Dualized model:                                     no
    Number of dense columns:                            0
    Range of scaling factors:                           [1.00e+00, 2.00e+00]
IPX version 1.0
Interior Point Solve
 Iter     P.res    D.res            P.obj           D.obj        mu     Time
   0   8.70e+06 2.24e+05   4.36116323e+13 -1.21180741e+17  2.62e+12       0s
   1   2.73e+06 1.53e+05   3.25802757e+16 -8.54991372e+16  1.64e+12       0s
   2   1.53e+06 1.15e+05   4.64527968e+16 -6.81136043e+16  1.45e+12       0s
   3   4.34e+05 4.65e+04   3.90922755e+16 -2.90142959e+16  6.14e+11       1s
   4   1.34e+05 1.46e+04   2.63563263e+16 -9.66223048e+15  2.22e+11       1s
   5   4.89e+04 4.67e+03   1.68375832e+16 -3.52769323e+15  9.53e+10       2s
   6   1.99e+04 1.45e+03   8.22666953e+15 -1.15707195e+15  3.77e+10       3s
 Constructing starting basis...
   7   1.05e+04 4.70e+02   5.15034322e+15 -4.62757621e+14  2.17e+10       5s
   8   4.08e+03 1.89e+02   2.07959798e+15 -2.13312603e+14  8.68e+09       5s
   9   5.28e+02 8.52e+01   6.63887968e+14 -1.25512107e+14  2.99e+09       6s
  10   2.01e+02 6.21e+01   4.34879764e+14 -9.37901817e+13  2.03e+09       7s
  11   8.19e+01 4.56e+01   2.72427235e+14 -6.80771854e+13  1.33e+09       8s
  12   4.16e+01 3.08e+01   1.85332865e+14 -4.49092618e+13  9.06e+08       9s
  13   2.13e+01 2.30e+01   1.29582810e+14 -3.39073473e+13  6.51e+08       9s
  14   9.57e+00 1.27e+01   8.13077016e+13 -1.89639856e+13  3.96e+08      10s
  15   4.81e+00 9.96e+00   4.90066599e+13 -1.50488030e+13  2.60e+08      11s
  16   2.20e+00 2.58e+00   2.69394440e+13 -4.10146167e+12  1.18e+08      11s
  17   6.50e-01 5.14e-01   1.11800986e+13 -9.64826408e+11  4.47e+07      12s
  18   2.64e-01 8.31e-02   5.82704650e+12 -2.23176577e+11  2.17e+07      13s
  19   1.30e-01 2.52e-02   3.01247765e+12 -7.27749219e+10  1.10e+07      13s
  20   4.69e-02 7.40e-03   1.47115454e+12 -3.46663372e+10  5.36e+06      14s
  21   2.25e-02 3.01e-03   8.08562700e+11 -1.60956163e+10  2.93e+06      14s
  22   4.51e-03 4.38e-04   4.48438379e+11 -1.02313221e+10  1.63e+06      15s
  23   1.81e-03 8.21e-05   2.03428316e+11  1.20262511e+08  7.19e+05      15s
  24   7.53e-04 1.48e-05   1.05008294e+11  2.29192210e+09  3.63e+05      16s
  25   3.97e-04 4.19e-06   6.34143587e+10  3.12243063e+09  2.13e+05      16s
  26   7.38e-05 4.37e-07   2.67753069e+10  3.38612409e+09  8.27e+04      17s
  27   2.10e-05 1.08e-07   1.22233147e+10  3.75698676e+09  2.99e+04      17s
  28   8.11e-06 3.17e-08   7.88222074e+09  3.88462577e+09  1.41e+04      18s
  29   2.09e-06 9.31e-09   5.05934583e+09  3.95589615e+09  3.90e+03      19s
  30   9.24e-07 5.59e-09   4.51091179e+09  3.97382340e+09  1.90e+03      19s
  31   3.58e-07 2.79e-09   4.21401128e+09  3.98139586e+09  8.23e+02      20s
  32   3.13e-07 3.73e-09   4.07789317e+09  3.98564706e+09  3.26e+02      20s
  33   1.19e-07 1.86e-09   4.01951324e+09  3.98827131e+09  1.10e+02      21s
  34   5.96e-08 1.86e-09   3.99971908e+09  3.98940728e+09  3.65e+01      21s
  35   1.04e-07 2.79e-09   3.99323295e+09  3.98994631e+09  1.16e+01      22s
  36   1.34e-07 1.86e-09   3.99101963e+09  3.99021901e+09  2.83e+00      22s
  37   6.17e-08 1.86e-09   3.99035893e+09  3.99028455e+09  2.63e-01      23s
  38   7.45e-08 2.79e-09   3.99030014e+09  3.99029464e+09  1.94e-02      23s
  39   6.71e-08 1.86e-09   3.99029573e+09  3.99029517e+09  1.97e-03      23s
  40   4.17e-07 2.79e-09   3.99029534e+09  3.99029525e+09  3.43e-04      24s
  41   7.67e-07 9.31e-10   3.99029527e+09  3.99029526e+09  2.18e-05      24s
  42*  6.85e-07 9.31e-10   3.99029527e+09  3.99029526e+09  2.34e-06      24s
Summary
    Runtime:                                            24.44s
    Status interior point solve:                        optimal
    Status crossover:                                   not run
    objective value:                                    3.99029527e+09
    interior solution primal residual (abs/rel):        7.30e-07 / 5.00e-15
    interior solution dual residual (abs/rel):          9.31e-10 / 1.01e-16
    interior solution objective gap (abs/rel):          3.89e-01 / 9.74e-11
Ipx: IPM       optimal
Model   status      : Optimal
IPM       iterations: 42
Objective value     :  4.0108205350e+09
HiGHS run time      :         25.92
Presolving model
172332 rows, 437154 cols, 1071472 nonzeros
137035 rows, 300663 cols, 800348 nonzeros
136976 rows, 158417 cols, 513042 nonzeros
131735 rows, 152987 cols, 502125 nonzeros
Presolve : Reductions: rows 131735(-1544492); columns 152987(-980791); elements 502125(-4262891)
Solving the presolved LP
IPX model has 131735 rows, 152987 columns and 502125 nonzeros
Input
    Number of variables:                                152987
    Number of free variables:                           0
    Number of constraints:                              131735
    Number of equality constraints:                     11013
    Number of matrix entries:                           502125
    Matrix range:                                       [1e-02, 1e+00]
    RHS range:                                          [2e+05, 6e+07]
    Objective range:                                    [3e-04, 9e+06]
    Bounds range:                                       [2e+05, 1e+08]
Preprocessing
    Dualized model:                                     no
    Number of dense columns:                            0
    Range of scaling factors:                           [1.00e+00, 2.00e+00]
IPX version 1.0
Interior Point Solve
 Iter     P.res    D.res            P.obj           D.obj        mu     Time
   0   8.70e+06 2.24e+05   4.42552725e+13 -1.21162047e+17  2.62e+12       0s
   1   2.73e+06 1.53e+05   3.25881109e+16 -8.54858958e+16  1.64e+12       0s
   2   1.53e+06 1.15e+05   4.64570555e+16 -6.81130477e+16  1.45e+12       0s
   3   4.34e+05 4.65e+04   3.90932345e+16 -2.90020827e+16  6.13e+11       1s
   4   1.34e+05 1.46e+04   2.63453066e+16 -9.65706064e+15  2.22e+11       1s
   5   4.89e+04 4.67e+03   1.68326251e+16 -3.52376930e+15  9.52e+10       2s
   6   1.99e+04 1.45e+03   8.22978924e+15 -1.15576660e+15  3.77e+10       3s
 Constructing starting basis...
   7   1.05e+04 4.69e+02   5.15088707e+15 -4.62086220e+14  2.17e+10       5s
   8   4.08e+03 1.87e+02   2.07947066e+15 -2.11914068e+14  8.67e+09       5s
   9   5.51e+02 8.32e+01   6.61346831e+14 -1.23389084e+14  2.97e+09       6s
  10   2.11e+02 6.10e+01   4.34809904e+14 -9.25973807e+13  2.03e+09       7s
  11   8.80e+01 4.48e+01   2.71924237e+14 -6.71755798e+13  1.32e+09       8s
  12   4.41e+01 3.06e+01   1.81844411e+14 -4.46419249e+13  8.91e+08       9s
  13   2.22e+01 2.31e+01   1.27850869e+14 -3.40681462e+13  6.45e+08       9s
  14   9.83e+00 1.26e+01   8.04749255e+13 -1.88981328e+13  3.93e+08      10s
  15   4.75e+00 9.78e+00   4.73139474e+13 -1.48143203e+13  2.52e+08      11s
  16   1.83e+00 2.36e+00   2.39084325e+13 -3.83379746e+12  1.06e+08      11s
  17   6.23e-01 4.68e-01   1.13273799e+13 -9.11374896e+11  4.49e+07      12s
  18   2.66e-01 7.46e-02   5.89938361e+12 -2.01611706e+11  2.19e+07      12s
  19   1.51e-01 2.58e-02   3.45649524e+12 -7.35163796e+10  1.26e+07      13s
  20   6.39e-02 6.48e-03   1.92996592e+12 -3.88060432e+10  7.00e+06      13s
  21   3.58e-02 2.92e-03   1.13244885e+12 -1.77197601e+10  4.08e+06      14s
  22   1.13e-02 5.46e-04   6.23926439e+11 -1.17224117e+10  2.25e+06      14s
  23   3.89e-03 1.27e-04   2.51984844e+11 -1.32032534e+09  8.97e+05      15s
  24   1.57e-04 2.60e-05   9.65412945e+10  3.18349292e+08  3.40e+05      15s
  25   5.94e-05 7.41e-06   4.59107240e+10  2.60545643e+09  1.53e+05      16s
  26   2.80e-05 2.02e-06   2.92112153e+10  3.29898486e+09  9.16e+04      17s
  27   8.76e-06 6.71e-07   1.32800067e+10  3.68541740e+09  3.39e+04      17s
  28   5.01e-06 1.80e-07   9.93689436e+09  3.85016035e+09  2.15e+04      18s
  29   1.22e-06 5.87e-08   5.49159173e+09  3.93088619e+09  5.52e+03      18s
  30   3.58e-07 2.24e-08   4.48786559e+09  3.95715046e+09  1.88e+03      19s
  31   1.49e-07 1.02e-08   4.19546683e+09  3.96897096e+09  8.01e+02      19s
  32   7.45e-08 5.59e-09   4.07923187e+09  3.97369457e+09  3.73e+02      20s
  33   4.62e-08 3.73e-09   4.00903302e+09  3.97733247e+09  1.12e+02      20s
  34   1.94e-07 3.73e-09   3.98780291e+09  3.97867134e+09  3.23e+01      21s
  35   1.64e-07 1.86e-09   3.98225147e+09  3.97927722e+09  1.05e+01      22s
  36   7.45e-08 2.79e-09   3.98051967e+09  3.97961376e+09  3.20e+00      22s
  37   5.96e-08 2.79e-09   3.97974299e+09  3.97966684e+09  2.69e-01      22s
  38   3.73e-08 1.86e-09   3.97969497e+09  3.97967751e+09  6.18e-02      23s
  39   5.96e-08 1.86e-09   3.97967996e+09  3.97967786e+09  7.44e-03      23s
  40   2.98e-08 1.86e-09   3.97967829e+09  3.97967792e+09  1.33e-03      23s
  41   1.49e-07 1.86e-09   3.97967800e+09  3.97967793e+09  2.60e-04      24s
  42   4.32e-07 9.31e-10   3.97967795e+09  3.97967793e+09  7.60e-05      24s
  43*  7.30e-07 9.31e-10   3.97967793e+09  3.97967793e+09  9.63e-06      24s
Summary
    Runtime:                                            24.22s
    Status interior point solve:                        optimal
    Status crossover:                                   not run
    objective value:                                    3.97967793e+09
    interior solution primal residual (abs/rel):        5.81e-07 / 3.98e-15
    interior solution dual residual (abs/rel):          9.31e-10 / 1.01e-16
    interior solution objective gap (abs/rel):          2.58e+00 / 6.49e-10
Ipx: IPM       optimal
Model   status      : Optimal
IPM       iterations: 43
Objective value     :  4.0002032045e+09
HiGHS run time      :         25.70
Presolving model
172332 rows, 437154 cols, 1071472 nonzeros
137035 rows, 300663 cols, 800348 nonzeros
136976 rows, 158417 cols, 513042 nonzeros
131735 rows, 152987 cols, 502125 nonzeros
Presolve : Reductions: rows 131735(-1549502); columns 152987(-980791); elements 502125(-4267901)
Solving the presolved LP
IPX model has 131735 rows, 152987 columns and 502125 nonzeros
Input
    Number of variables:                                152987
    Number of free variables:                           0
    Number of constraints:                              131735
    Number of equality constraints:                     11013
    Number of matrix entries:                           502125
    Matrix range:                                       [1e-02, 1e+00]
    RHS range:                                          [2e+05, 6e+07]
    Objective range:                                    [3e-04, 9e+06]
    Bounds range:                                       [2e+05, 1e+08]
Preprocessing
    Dualized model:                                     no
    Number of dense columns:                            0
    Range of scaling factors:                           [1.00e+00, 2.00e+00]
IPX version 1.0
Interior Point Solve
 Iter     P.res    D.res            P.obj           D.obj        mu     Time
   0   8.70e+06 2.24e+05   4.42552725e+13 -1.21162047e+17  2.62e+12       0s
   1   2.73e+06 1.53e+05   3.25881109e+16 -8.54858958e+16  1.64e+12       0s
   2   1.53e+06 1.15e+05   4.64570555e+16 -6.81130477e+16  1.45e+12       0s
   3   4.34e+05 4.65e+04   3.90932345e+16 -2.90020827e+16  6.13e+11       1s
   4   1.34e+05 1.46e+04   2.63453392e+16 -9.65706163e+15  2.22e+11       1s
   5   4.92e+04 4.69e+03   1.69177946e+16 -3.54299601e+15  9.58e+10       2s
   6   1.99e+04 1.45e+03   8.21481015e+15 -1.15813794e+15  3.76e+10       3s
 Constructing starting basis...
   7   1.05e+04 4.69e+02   5.16033421e+15 -4.63659207e+14  2.17e+10       5s
   8   4.06e+03 1.87e+02   2.07010050e+15 -2.12362237e+14  8.63e+09       6s
   9   5.56e+02 8.28e+01   6.60320286e+14 -1.23013271e+14  2.97e+09       6s
  10   2.11e+02 6.06e+01   4.37782814e+14 -9.23565804e+13  2.04e+09       7s
  11   8.64e+01 4.45e+01   2.70964221e+14 -6.69325059e+13  1.32e+09       8s
  12   4.52e+01 3.02e+01   1.86212588e+14 -4.42023960e+13  9.04e+08       9s
  13   2.33e+01 2.28e+01   1.30227558e+14 -3.37855168e+13  6.52e+08      10s
  14   1.03e+01 1.25e+01   8.15636798e+13 -1.87264689e+13  3.96e+08      10s
  15   5.03e+00 9.72e+00   4.80771838e+13 -1.47767914e+13  2.55e+08      11s
  16   2.18e+00 2.43e+00   2.58721539e+13 -3.93230535e+12  1.14e+08      11s
  17   6.91e-01 5.03e-01   1.11572706e+13 -9.46438001e+11  4.46e+07      12s
  18   2.70e-01 8.52e-02   5.38954871e+12 -2.10859085e+11  2.01e+07      13s
  19   1.22e-01 2.56e-02   2.67355236e+12 -7.17861245e+10  9.81e+06      13s
  20   3.30e-02 9.56e-03   9.57551051e+11 -3.18713142e+10  3.54e+06      14s
  21   1.59e-02 3.38e-03   6.38931780e+11 -1.69534568e+10  2.34e+06      14s
  22   1.45e-03 4.44e-04   2.91559969e+11 -6.98823095e+09  1.06e+06      15s
  23   5.55e-04 4.17e-05   1.52621939e+11  7.73238611e+08  5.37e+05      16s
  24   2.36e-04 7.00e-06   8.00363394e+10  2.69302962e+09  2.74e+05      16s
  25   2.38e-05 1.26e-06   2.75984812e+10  3.17637363e+09  8.64e+04      17s
  26   5.84e-06 4.20e-07   1.30178389e+10  3.58850228e+09  3.33e+04      17s
  27   2.74e-06 1.41e-07   8.34789278e+09  3.83365175e+09  1.60e+04      18s
  28   6.56e-07 5.87e-08   5.28463056e+09  3.90702971e+09  4.87e+03      18s
  29   2.09e-07 2.14e-08   4.40335405e+09  3.95199713e+09  1.60e+03      19s
  30   8.94e-08 1.02e-08   4.15040758e+09  3.96652799e+09  6.50e+02      20s
  31   5.96e-08 5.59e-09   4.05944411e+09  3.97292366e+09  3.06e+02      20s
  32   7.45e-08 3.73e-09   4.00631706e+09  3.97682597e+09  1.04e+02      21s
  33   1.12e-07 1.86e-09   3.98729281e+09  3.97849567e+09  3.11e+01      21s
  34   8.94e-08 2.79e-09   3.98211038e+09  3.97919196e+09  1.03e+01      22s
  35   5.22e-08 1.86e-09   3.98026949e+09  3.97960658e+09  2.34e+00      23s
  36   8.94e-08 1.86e-09   3.97971734e+09  3.97966808e+09  1.74e-01      23s
  37   8.94e-08 2.79e-09   3.97968222e+09  3.97967742e+09  1.70e-02      23s
  38   1.04e-07 2.79e-09   3.97967843e+09  3.97967785e+09  2.03e-03      24s
  39   1.34e-07 1.86e-09   3.97967803e+09  3.97967793e+09  3.85e-04      24s
  40   4.84e-07 1.86e-09   3.97967795e+09  3.97967793e+09  5.23e-05      24s
  41*  6.85e-07 9.31e-10   3.97967793e+09  3.97967793e+09  2.39e-06      25s
Summary
    Runtime:                                            24.63s
    Status interior point solve:                        optimal
    Status crossover:                                   not run
    objective value:                                    3.97967793e+09
    interior solution primal residual (abs/rel):        6.26e-07 / 4.29e-15
    interior solution dual residual (abs/rel):          9.31e-10 / 1.01e-16
    interior solution objective gap (abs/rel):          6.56e-01 / 1.65e-10
Ipx: IPM       optimal
Model   status      : Optimal
IPM       iterations: 41
Objective value     :  4.0002032025e+09
HiGHS run time      :         26.13
Running HiGHS 1.6.0: Copyright (c) 2023 HiGHS under MIT licence terms
Presolving model
51652 rows, 163354 cols, 371840 nonzeros
40381 rows, 108219 cols, 263533 nonzeros
40304 rows, 54073 cols, 153339 nonzeros
37956 rows, 49753 cols, 144649 nonzeros
Presolve : Reductions: rows 37956(-790504); columns 49753(-517502); elements 144649(-2169614)
Solving the presolved LP
IPX model has 37956 rows, 49753 columns and 144649 nonzeros
Input
    Number of variables:                                49753
    Number of free variables:                           0
    Number of constraints:                              37956
    Number of equality constraints:                     5762
    Number of matrix entries:                           144649
    Matrix range:                                       [1e-02, 1e+00]
    RHS range:                                          [2e+05, 1e+08]
    Objective range:                                    [2e-04, 1e+06]
    Bounds range:                                       [1e+05, 1e+08]
Preprocessing
    Dualized model:                                     no
    Number of dense columns:                            0
    Range of scaling factors:                           [1.00e+00, 2.00e+00]
IPX version 1.0
Interior Point Solve
 Iter     P.res    D.res            P.obj           D.obj        mu     Time
   0   1.24e+07 1.36e+05   4.69888590e+13 -2.42847433e+16  2.10e+12       0s
   1   3.04e+06 9.00e+04   7.80272463e+15 -1.69422742e+16  1.22e+12       0s
   2   1.33e+06 4.25e+04   1.04426134e+16 -9.94279730e+15  7.75e+11       0s
   3   3.16e+05 1.45e+04   7.96994575e+15 -3.93992502e+15  2.93e+11       0s
   4   1.20e+05 2.67e+03   4.95575294e+15 -8.15102207e+14  8.93e+10       0s
   5   5.70e+04 8.46e+02   2.77447440e+15 -3.16019017e+14  4.10e+10       0s
 Constructing starting basis...
   6   1.81e+04 2.94e+02   1.18360237e+15 -1.45573585e+14  1.73e+10       1s
   7   7.84e+03 1.84e+02   7.06644785e+14 -9.30241755e+13  1.04e+10       1s
   8   3.79e+03 1.06e+02   5.01750129e+14 -4.46708073e+13  7.04e+09       1s
   9   2.66e+03 7.90e+01   3.97197160e+14 -2.49687239e+13  5.43e+09       1s
  10   2.16e+03 3.02e+01   3.80290067e+14 -7.41851269e+12  4.77e+09       2s
  11   1.78e+03 2.12e+01   3.28977774e+14  3.96117952e+12  3.97e+09       2s
  12   1.45e+03 1.49e+01   3.06286308e+14  5.78653925e+12  3.67e+09       2s
  13   8.86e+02 4.68e+00   2.59553646e+14  1.24911176e+13  2.97e+09       2s
  14   5.70e+02 2.77e+00   2.31488852e+14  1.50791644e+13  2.61e+09       2s
  15   3.03e+02 1.32e+00   1.70202762e+14  2.39773027e+13  1.76e+09       2s
  16   1.69e+02 4.35e-01   1.22874414e+14  3.17928942e+13  1.09e+09       2s
  17   1.22e+02 2.11e-01   1.15824709e+14  3.20692351e+13  9.99e+08       2s
  18   3.77e+01 5.85e-02   6.83990707e+13  3.64511998e+13  3.80e+08       3s
  19   1.04e+01 1.51e-02   4.99560981e+13  3.80555391e+13  1.41e+08       3s
  20   3.76e+00 4.16e-03   4.35527813e+13  3.86753289e+13  5.76e+07       3s
  21   1.21e+00 1.32e-03   4.07563552e+13  3.88604404e+13  2.23e+07       3s
  22   4.08e-01 4.23e-04   3.96026014e+13  3.89416713e+13  7.75e+06       3s
  23   2.44e-01 2.49e-04   3.94025557e+13  3.89543002e+13  5.25e+06       3s
  24   2.31e-01 2.22e-04   3.93935989e+13  3.89550256e+13  5.14e+06       3s
  25   1.18e-01 8.44e-05   3.92996205e+13  3.89613418e+13  3.96e+06       3s
  26   3.63e-02 3.61e-05   3.90911597e+13  3.89735810e+13  1.37e+06       4s
  27   1.49e-02 2.37e-05   3.90386822e+13  3.89766689e+13  7.25e+05       4s
  28   1.75e-03 7.12e-06   3.90010748e+13  3.89811737e+13  2.32e+05       4s
  29   8.34e-04 1.91e-06   3.89929677e+13  3.89832507e+13  1.13e+05       4s
  30   2.21e-04 7.08e-07   3.89866030e+13  3.89838145e+13  3.26e+04       4s
  31   7.95e-05 3.14e-07   3.89851189e+13  3.89840039e+13  1.30e+04       4s
  32   3.68e-05 1.83e-07   3.89846580e+13  3.89840672e+13  6.90e+03       4s
  33   1.99e-05 1.24e-07   3.89845127e+13  3.89840930e+13  4.90e+03       5s
  34   9.33e-06 9.01e-08   3.89843812e+13  3.89841095e+13  3.17e+03       5s
  35   5.10e-06 5.94e-08   3.89843272e+13  3.89841247e+13  2.36e+03       5s
  36   3.07e-06 3.29e-08   3.89842762e+13  3.89841406e+13  1.58e+03       5s
  37   8.94e-07 2.01e-08   3.89842313e+13  3.89841476e+13  9.77e+02       5s
  38   4.17e-07 1.28e-08   3.89842098e+13  3.89841524e+13  6.70e+02       5s
  39   8.94e-08 6.98e-09   3.89841905e+13  3.89841563e+13  3.98e+02       5s
  40   5.96e-08 3.26e-09   3.89841748e+13  3.89841601e+13  1.71e+02       5s
  41   3.35e-08 1.51e-09   3.89841693e+13  3.89841619e+13  8.66e+01       5s
  42   6.71e-08 1.05e-09   3.89841668e+13  3.89841624e+13  5.13e+01       6s
  43   6.15e-08 4.66e-10   3.89841639e+13  3.89841631e+13  9.28e+00       6s
  44   8.57e-08 2.33e-10   3.89841636e+13  3.89841633e+13  2.75e+00       6s
  45   5.96e-08 2.33e-10   3.89841634e+13  3.89841634e+13  4.67e-01       6s
  46*  7.08e-08 2.33e-10   3.89841634e+13  3.89841634e+13  7.79e-02       6s
Summary
    Runtime:                                            5.81s
    Status interior point solve:                        optimal
    Status crossover:                                   not run
    objective value:                                    3.89841634e+13
    interior solution primal residual (abs/rel):        4.47e-08 / 3.06e-16
    interior solution dual residual (abs/rel):          2.33e-10 / 1.78e-16
    interior solution objective gap (abs/rel):          6.69e+03 / 1.71e-10
Ipx: IPM       optimal
Model   status      : Optimal
IPM       iterations: 46
Objective value     :  3.9253845279e+13
HiGHS run time      :          6.52
Presolving model
51652 rows, 163354 cols, 371840 nonzeros
40381 rows, 108219 cols, 263533 nonzeros
40304 rows, 54073 cols, 153339 nonzeros
37956 rows, 49753 cols, 144649 nonzeros
Presolve : Reductions: rows 37956(-793009); columns 49753(-517502); elements 144649(-2172119)
Solving the presolved LP
IPX model has 37956 rows, 49753 columns and 144649 nonzeros
Input
    Number of variables:                                49753
    Number of free variables:                           0
    Number of constraints:                              37956
    Number of equality constraints:                     5762
    Number of matrix entries:                           144649
    Matrix range:                                       [1e-02, 1e+00]
    RHS range:                                          [2e+05, 1e+08]
    Objective range:                                    [2e-04, 1e+06]
    Bounds range:                                       [1e+05, 1e+08]
Preprocessing
    Dualized model:                                     no
    Number of dense columns:                            0
    Range of scaling factors:                           [1.00e+00, 2.00e+00]
IPX version 1.0
Interior Point Solve
 Iter     P.res    D.res            P.obj           D.obj        mu     Time
   0   1.25e+07 1.36e+05   7.58354436e+12 -2.45989536e+16  2.09e+12       0s
   1   3.00e+06 8.93e+04   7.13002046e+15 -1.71477482e+16  1.22e+12       0s
   2   1.33e+06 4.26e+04   9.66162649e+15 -1.01226198e+16  7.77e+11       0s
   3   3.13e+05 1.41e+04   7.48562751e+15 -3.94095993e+15  2.88e+11       0s
   4   1.23e+05 2.67e+03   4.71845471e+15 -8.63580456e+14  8.84e+10       0s
   5   5.77e+04 8.49e+02   2.61121021e+15 -3.55928861e+14  4.01e+10       0s
 Constructing starting basis...
   6   1.41e+04 2.92e+02   9.30321910e+14 -1.76598868e+14  1.48e+10       1s
   7   5.67e+03 1.93e+02   5.72256546e+14 -1.26260203e+14  9.38e+09       1s
   8   1.60e+03 1.21e+02   2.60502827e+14 -7.76680697e+13  4.69e+09       1s
   9   6.69e+02 7.35e+01   1.71941597e+14 -5.08305535e+13  3.09e+09       1s
  10   6.69e-04 2.09e+01   8.34027241e+13 -2.13051775e+13  1.39e+09       2s
  11   1.92e-04 4.35e+00   2.72359431e+13 -4.51741151e+12  4.05e+08       2s
  12   4.78e-05 5.55e-01   9.74818243e+12 -8.34809256e+11  1.28e+08       2s
  13   1.43e-05 1.73e-01   3.46926905e+12 -2.95996007e+11  4.54e+07       2s
  14   8.94e-06 1.44e-01   2.61928637e+12 -2.64747307e+11  3.52e+07       2s
  15   2.06e-06 4.46e-02   7.08304612e+11 -8.49110990e+10  9.73e+06       2s
  16   7.75e-07 2.73e-02   3.83567362e+11 -5.61963022e+10  5.46e+06       2s
  17   5.07e-07 5.55e-03   2.81676700e+11 -1.38215888e+10  3.52e+06       2s
  18   2.09e-07 2.94e-03   8.97169176e+10 -6.90120039e+09  1.16e+06       2s
  19   1.49e-07 1.19e-03   6.50908456e+10 -1.22197331e+09  7.84e+05       3s
  20   1.79e-07 2.96e-04   3.96642421e+10  1.09779259e+09  4.52e+05       3s
  21   1.79e-07 1.17e-04   1.89105534e+10  2.33476366e+09  1.94e+05       3s
  22   8.94e-08 3.00e-05   1.22650170e+10  2.96148567e+09  1.09e+05       3s
  23   5.26e-08 1.35e-05   6.39962794e+09  3.18872972e+09  3.75e+04       3s
  24   5.59e-08 3.80e-06   4.60488078e+09  3.33739469e+09  1.48e+04       3s
  25   5.77e-08 1.44e-06   3.76380905e+09  3.39351073e+09  4.32e+03       3s
  26   7.90e-08 5.37e-07   3.53910793e+09  3.41728645e+09  1.42e+03       3s
  27   5.45e-08 2.45e-07   3.47628900e+09  3.42581905e+09  5.89e+02       4s
  28   6.89e-08 9.55e-08   3.45069169e+09  3.42993793e+09  2.42e+02       4s
  29   9.31e-08 2.75e-08   3.43900458e+09  3.43238556e+09  7.73e+01       4s
  30   4.71e-08 7.22e-09   3.43516853e+09  3.43314377e+09  2.36e+01       4s
  31   7.08e-08 1.63e-09   3.43374624e+09  3.43342767e+09  3.72e+00       4s
  32   8.20e-08 6.98e-10   3.43353115e+09  3.43348431e+09  5.47e-01       4s
  33   8.57e-08 4.66e-10   3.43350876e+09  3.43349987e+09  1.04e-01       4s
  34   4.47e-08 2.33e-10   3.43350548e+09  3.43350170e+09  4.41e-02       4s
  35   4.51e-08 2.33e-10   3.43350401e+09  3.43350227e+09  2.04e-02       4s
  36   6.38e-08 4.66e-10   3.43350286e+09  3.43350266e+09  2.26e-03       4s
  37   8.20e-08 2.33e-10   3.43350272e+09  3.43350270e+09  2.75e-04       4s
  38*  1.45e-07 2.33e-10   3.43350271e+09  3.43350271e+09  3.62e-05       5s
Summary
    Runtime:                                            4.52s
    Status interior point solve:                        optimal
    Status crossover:                                   not run
    objective value:                                    3.43350271e+09
    interior solution primal residual (abs/rel):        3.28e-07 / 2.25e-15
    interior solution dual residual (abs/rel):          2.33e-10 / 1.78e-16
    interior solution objective gap (abs/rel):          3.10e+00 / 9.04e-10
Ipx: IPM       optimal
Model   status      : Optimal
IPM       iterations: 38
Objective value     :  3.4420942576e+09
HiGHS run time      :          5.19
Presolving model
51652 rows, 163354 cols, 371840 nonzeros
40381 rows, 108219 cols, 263533 nonzeros
40304 rows, 54073 cols, 153339 nonzeros
37956 rows, 49753 cols, 144649 nonzeros
Presolve : Reductions: rows 37956(-795514); columns 49753(-517502); elements 144649(-2174624)
Solving the presolved LP
IPX model has 37956 rows, 49753 columns and 144649 nonzeros
Input
    Number of variables:                                49753
    Number of free variables:                           0
    Number of constraints:                              37956
    Number of equality constraints:                     5762
    Number of matrix entries:                           144649
    Matrix range:                                       [1e-02, 1e+00]
    RHS range:                                          [2e+05, 1e+08]
    Objective range:                                    [2e-04, 1e+06]
    Bounds range:                                       [1e+05, 1e+08]
Preprocessing
    Dualized model:                                     no
    Number of dense columns:                            0
    Range of scaling factors:                           [1.00e+00, 2.00e+00]
IPX version 1.0
Interior Point Solve
 Iter     P.res    D.res            P.obj           D.obj        mu     Time
   0   1.25e+07 1.36e+05   9.91389921e+12 -2.46051119e+16  2.09e+12       0s
   1   3.00e+06 8.96e+04   7.22576828e+15 -1.71583553e+16  1.22e+12       0s
   2   1.33e+06 4.27e+04   9.77820280e+15 -1.01244705e+16  7.79e+11       0s
   3   3.14e+05 1.44e+04   7.56902847e+15 -3.99448107e+15  2.92e+11       0s
   4   1.22e+05 2.71e+03   4.76520916e+15 -8.69051435e+14  8.91e+10       0s
   5   5.72e+04 8.50e+02   2.64019500e+15 -3.52959184e+14  4.03e+10       0s
 Constructing starting basis...
   6   1.38e+04 2.89e+02   9.36548668e+14 -1.73687566e+14  1.47e+10       1s
   7   5.96e+03 1.90e+02   6.05109620e+14 -1.24169521e+14  9.72e+09       1s
   8   1.18e+03 1.08e+02   2.88818294e+14 -7.29407518e+13  4.94e+09       1s
   9   8.70e+02 7.51e+01   2.40977071e+14 -5.22339456e+13  3.94e+09       1s
  10   5.87e+02 2.15e+01   2.13235502e+14 -2.75048626e+13  2.99e+09       2s
  11   1.21e+02 6.82e+00   8.22601720e+13 -1.21719412e+13  1.17e+09       2s
  12   3.83e+01 1.17e+00   2.95274529e+13 -2.35805053e+12  3.85e+08       2s
  13   1.37e+01 3.11e-01   1.23900626e+13 -7.70598705e+11  1.57e+08       2s
  14   4.25e+00 9.10e-02   4.38395482e+12 -2.54087594e+11  5.53e+07       2s
  15   2.65e+00 5.11e-02   3.06647339e+12 -1.70972449e+11  3.86e+07       2s
  16   6.21e-01 1.33e-02   8.57251342e+11 -5.15463633e+10  1.08e+07       2s
  17   1.38e-01 6.17e-03   2.99859735e+11 -2.73593256e+10  3.92e+06       2s
  18   2.04e-02 1.29e-03   5.67474398e+10 -3.59507262e+09  7.18e+05       2s
  19   8.78e-03 3.92e-04   3.11317674e+10  6.24720274e+08  3.59e+05       3s
  20   4.10e-03 1.10e-04   1.81031865e+10  1.90876843e+09  1.90e+05       3s
  21   1.53e-03 3.14e-05   9.65373376e+09  2.53988166e+09  8.31e+04       3s
  22   6.37e-04 8.91e-06   6.55513017e+09  2.74973544e+09  4.44e+04       3s
  23   1.15e-04 2.53e-06   3.76049948e+09  2.87400901e+09  1.04e+04       3s
  24   3.52e-05 8.67e-07   3.24222916e+09  2.91670336e+09  3.80e+03       3s
  25   1.36e-05 3.93e-07   3.07017428e+09  2.93168302e+09  1.62e+03       3s
  26   3.31e-06 1.24e-07   2.99507743e+09  2.93973584e+09  6.46e+02       3s
  27   7.45e-07 3.59e-08   2.96327288e+09  2.94343452e+09  2.32e+02       4s
  28   2.68e-07 1.08e-08   2.95218158e+09  2.94499191e+09  8.39e+01       4s
  29   5.96e-08 3.03e-09   2.94773081e+09  2.94547443e+09  2.63e+01       4s
  30   6.52e-08 9.31e-10   2.94613080e+09  2.94566419e+09  5.45e+00       4s
  31   6.89e-08 3.49e-10   2.94579214e+09  2.94572763e+09  7.53e-01       4s
  32   7.87e-08 2.33e-10   2.94575986e+09  2.94574110e+09  2.19e-01       4s
  33   8.94e-08 2.33e-10   2.94574488e+09  2.94574239e+09  2.90e-02       4s
  34   5.22e-08 2.33e-10   2.94574311e+09  2.94574256e+09  6.36e-03       4s
  35   8.75e-08 2.33e-10   2.94574267e+09  2.94574263e+09  4.05e-04       4s
  36   6.52e-08 2.33e-10   2.94574265e+09  2.94574263e+09  2.21e-04       4s
  37   8.15e-08 3.49e-10   2.94574264e+09  2.94574263e+09  4.47e-05       4s
  38*  1.38e-07 2.33e-10   2.94574263e+09  2.94574263e+09  9.48e-06       4s
Summary
    Runtime:                                            4.42s
    Status interior point solve:                        optimal
    Status crossover:                                   not run
    objective value:                                    2.94574263e+09
    interior solution primal residual (abs/rel):        4.02e-07 / 2.76e-15
    interior solution dual residual (abs/rel):          2.33e-10 / 1.78e-16
    interior solution objective gap (abs/rel):          7.94e-01 / 2.70e-10
Ipx: IPM       optimal
Model   status      : Optimal
IPM       iterations: 38
Objective value     :  2.9543341831e+09
HiGHS run time      :          5.10
Presolving model
51652 rows, 163354 cols, 371840 nonzeros
40381 rows, 108219 cols, 263533 nonzeros
40304 rows, 54073 cols, 153339 nonzeros
37956 rows, 49753 cols, 144649 nonzeros
Presolve : Reductions: rows 37956(-798019); columns 49753(-517502); elements 144649(-2177129)
Solving the presolved LP
IPX model has 37956 rows, 49753 columns and 144649 nonzeros
Input
    Number of variables:                                49753
    Number of free variables:                           0
    Number of constraints:                              37956
    Number of equality constraints:                     5762
    Number of matrix entries:                           144649
    Matrix range:                                       [1e-02, 1e+00]
    RHS range:                                          [2e+05, 1e+08]
    Objective range:                                    [2e-04, 1e+06]
    Bounds range:                                       [1e+05, 1e+08]
Preprocessing
    Dualized model:                                     no
    Number of dense columns:                            0
    Range of scaling factors:                           [1.00e+00, 2.00e+00]
IPX version 1.0
Interior Point Solve
 Iter     P.res    D.res            P.obj           D.obj        mu     Time
   0   1.25e+07 1.36e+05   9.91389932e+12 -2.46051119e+16  2.09e+12       0s
   1   3.00e+06 8.96e+04   7.22576828e+15 -1.71583552e+16  1.22e+12       0s
   2   1.33e+06 4.27e+04   9.77820280e+15 -1.01244705e+16  7.79e+11       0s
   3   3.14e+05 1.44e+04   7.56902836e+15 -3.99448095e+15  2.92e+11       0s
   4   1.22e+05 2.70e+03   4.77168841e+15 -8.68590877e+14  8.92e+10       0s
   5   5.74e+04 8.50e+02   2.64401840e+15 -3.53127241e+14  4.03e+10       0s
 Constructing starting basis...
   6   1.42e+04 2.91e+02   9.42236894e+14 -1.73863553e+14  1.48e+10       1s
   7   5.94e+03 1.93e+02   6.01008704e+14 -1.24839863e+14  9.69e+09       1s
   8   1.35e+03 1.10e+02   2.92056570e+14 -7.31115736e+13  4.98e+09       1s
   9   1.01e+03 7.83e+01   2.44325022e+14 -5.33846945e+13  4.01e+09       1s
  10   5.57e+02 2.00e+01   2.05368740e+14 -2.67297693e+13  2.88e+09       2s
  11   6.77e+01 5.73e+00   8.63995737e+13 -1.34669798e+13  1.24e+09       2s
  12   3.78e+01 8.88e-01   5.49442255e+13 -3.17825831e+12  6.91e+08       2s
  13   1.24e+01 2.45e-01   1.86537559e+13 -8.91767647e+11  2.31e+08       2s
  14   7.10e+00 7.10e-02   1.12461461e+13 -3.19795311e+11  1.36e+08       2s
  15   3.12e+00 1.93e-02   5.21479041e+12 -1.10966032e+11  6.25e+07       2s
  16   1.42e+00 1.44e-02   3.26010083e+12 -1.13168815e+11  4.02e+07       2s
  17   2.44e-01 4.50e-03   7.68864785e+11 -4.50579309e+10  9.72e+06       2s
  18   6.84e-02 7.24e-04   3.92287260e+11 -1.88320528e+10  4.84e+06       2s
  19   2.95e-02 2.33e-04   1.74739880e+11 -4.12153166e+09  2.09e+06       3s
  20   7.15e-07 5.16e-05   7.34792586e+10 -2.21825214e+09  8.85e+05       3s
  21   7.75e-07 1.09e-05   2.26454948e+10  1.66603280e+09  2.45e+05       3s
  22   2.68e-07 4.09e-06   1.03076026e+10  2.29445419e+09  9.35e+04       3s
  23   1.32e-07 2.34e-06   4.99843148e+09  2.54386284e+09  2.87e+04       3s
  24   9.98e-08 7.25e-07   3.69638321e+09  2.80384198e+09  1.04e+04       3s
  25   8.45e-08 2.95e-07   3.22182798e+09  2.88232556e+09  3.96e+03       3s
  26   6.01e-08 9.66e-08   3.06711247e+09  2.92272881e+09  1.69e+03       3s
  27   6.23e-08 4.44e-08   3.00003981e+09  2.93323993e+09  7.80e+02       4s
  28   9.78e-08 9.08e-09   2.96811241e+09  2.94113392e+09  3.15e+02       4s
  29   9.13e-08 2.79e-09   2.95174856e+09  2.94346445e+09  9.67e+01       4s
  30   7.30e-08 9.31e-10   2.94738656e+09  2.94409806e+09  3.84e+01       4s
  31   4.61e-08 3.49e-10   2.94493808e+09  2.94433596e+09  7.03e+00       4s
  32   3.40e-08 2.33e-10   2.94458711e+09  2.94439875e+09  2.20e+00       4s
  33   8.12e-08 2.33e-10   2.94446200e+09  2.94442239e+09  4.62e-01       4s
  34   4.07e-08 2.33e-10   2.94442891e+09  2.94442389e+09  5.86e-02       4s
  35   7.45e-08 4.66e-10   2.94442519e+09  2.94442437e+09  9.56e-03       4s
  36   8.38e-08 2.33e-10   2.94442446e+09  2.94442442e+09  3.99e-04       4s
  37   8.94e-08 2.33e-10   2.94442444e+09  2.94442444e+09  4.23e-05       4s
  38*  1.62e-07 2.33e-10   2.94442444e+09  2.94442444e+09  6.08e-06       4s
Summary
    Runtime:                                            4.43s
    Status interior point solve:                        optimal
    Status crossover:                                   not run
    objective value:                                    2.94442444e+09
    interior solution primal residual (abs/rel):        3.73e-07 / 2.55e-15
    interior solution dual residual (abs/rel):          2.33e-10 / 1.78e-16
    interior solution objective gap (abs/rel):          4.88e-01 / 1.66e-10
Ipx: IPM       optimal
Model   status      : Optimal
IPM       iterations: 38
Objective value     :  2.9530159849e+09
HiGHS run time      :          5.09
[ Info: Rolling step not specified in scenaio.yaml file; Setting it to 10 years
[ Info: Demand-pathway mapping not specified in scenaio.yaml file; SERA will not look for eligible pathways for different demand types.
[ Info: Production capacity constraints from the grid model not defined. SERA will not create these constraints
[ Info: Regional technology limits not specified in scenaio.yaml file; SERA will not create these constraints
STARTING DATA PRE-PROCESSING 
Processing Temporal Data
Processing Nodes
Processing Demand
Processing Existings
Processing Links
Processing Pathways
Creating Infrastructure options
  4.889622 seconds (32.96 M allocations: 3.904 GiB, 25.89% gc time, 1.66% compilation time)

OPTIMIZING FROM 2026 TO 2035 

STARTING OPTIMIZATION MODEL CREATION
CREATING VARIABLES AND EXPRESSIONS
 12.820810 seconds (94.17 M allocations: 5.872 GiB, 30.18% gc time, 38.40% compilation time)
POPULATING EXPRESSIONS
 15.319102 seconds (71.15 M allocations: 11.005 GiB, 5.14% gc time, 1.20% compilation time)
CREATING CONSTRAINTS
  6.235000 seconds (51.37 M allocations: 2.651 GiB, 13.55% gc time, 12.63% compilation time)
POPULATED CORE OPTIMIZATION MODEL, STARTING ITERATIONS
READING COST DATA FOR ITERATION 1
 12.157599 seconds (44.09 M allocations: 4.190 GiB, 13.46% gc time, 2.99% compilation time)
CREATING EXPRESSIONS FOR CAPITAL AND FIXED COST
  7.087868 seconds (45.29 M allocations: 2.860 GiB, 42.45% gc time, 45.32% compilation time)
BUILDING OBJECTIVE FUNCTION
  2.511287 seconds (17.15 M allocations: 608.919 MiB, 40.51% compilation time)
Optimizing for iteration 1
 34.343202 seconds (17.30 M allocations: 1.602 GiB, 1.73% gc time, 0.07% compilation time)
OPTIMAL
4.127095777495077e9
 =  1.0
READING COST DATA FOR ITERATION 2
 41.868252 seconds (36.19 M allocations: 4.024 GiB, 10.58% gc time, 0.05% compilation time)
CREATING EXPRESSIONS FOR CAPITAL AND FIXED COST
 19.688889 seconds (43.69 M allocations: 2.757 GiB, 85.52% gc time, 0.02% compilation time)
BUILDING OBJECTIVE FUNCTION
  4.158611 seconds (15.85 M allocations: 528.799 MiB, 61.65% gc time)
Optimizing for iteration 2
 25.634937 seconds (5 allocations: 32 bytes)
OPTIMAL
4.653397891388933e9
 =  0.1131006043708548
READING COST DATA FOR ITERATION 3
 47.184559 seconds (36.08 M allocations: 4.023 GiB, 20.43% gc time)
CREATING EXPRESSIONS FOR CAPITAL AND FIXED COST
 23.469371 seconds (43.69 M allocations: 2.757 GiB, 86.95% gc time)
BUILDING OBJECTIVE FUNCTION
  4.305085 seconds (15.85 M allocations: 524.258 MiB, 61.88% gc time)
Optimizing for iteration 3
 25.623099 seconds (2 allocations: 32 bytes)
OPTIMAL
4.0683670844437995e9
 =  0.14379990664618986
READING COST DATA FOR ITERATION 4
 54.192489 seconds (36.07 M allocations: 3.994 GiB, 32.25% gc time)
CREATING EXPRESSIONS FOR CAPITAL AND FIXED COST
 17.975392 seconds (43.69 M allocations: 2.757 GiB, 83.14% gc time)
BUILDING OBJECTIVE FUNCTION
  4.298121 seconds (15.85 M allocations: 524.258 MiB, 62.27% gc time)
Optimizing for iteration 4
 25.940009 seconds (2 allocations: 32 bytes)
OPTIMAL
4.010820535034026e9
 =  0.014347824567830897
READING COST DATA FOR ITERATION 5
 53.483728 seconds (36.07 M allocations: 3.995 GiB, 31.43% gc time)
CREATING EXPRESSIONS FOR CAPITAL AND FIXED COST
 18.142485 seconds (43.69 M allocations: 2.757 GiB, 83.26% gc time)
BUILDING OBJECTIVE FUNCTION
  4.257787 seconds (15.85 M allocations: 524.258 MiB, 63.05% gc time)
Optimizing for iteration 5
 25.719802 seconds (2 allocations: 32 bytes)
OPTIMAL
4.000203204527072e9
 =  0.002654197790501513
READING COST DATA FOR ITERATION 6
 53.701509 seconds (36.07 M allocations: 3.993 GiB, 31.66% gc time)
CREATING EXPRESSIONS FOR CAPITAL AND FIXED COST
 18.261849 seconds (43.69 M allocations: 2.757 GiB, 83.25% gc time)
BUILDING OBJECTIVE FUNCTION
  4.353565 seconds (15.85 M allocations: 524.258 MiB, 62.57% gc time)
Optimizing for iteration 6
 26.140944 seconds (2 allocations: 32 bytes)
OPTIMAL
4.000203202462508e9
 =  5.161228246796356e-10
ITERATIONS COMPLETED
WRITING RESULTS TO FILE
  6.414241 seconds (10.26 M allocations: 464.680 MiB, 77.33% gc time, 43.48% compilation time)

OPTIMIZING FROM 2036 TO 2040 

STARTING OPTIMIZATION MODEL CREATION
CREATING VARIABLES AND EXPRESSIONS
 27.102896 seconds (43.28 M allocations: 2.631 GiB, 90.62% gc time, 0.73% compilation time)
POPULATING EXPRESSIONS
  7.898816 seconds (19.75 M allocations: 3.035 GiB, 47.41% gc time)
CREATING CONSTRAINTS
  9.315516 seconds (24.96 M allocations: 1.277 GiB, 72.07% gc time, 0.06% compilation time)
POPULATED CORE OPTIMIZATION MODEL, STARTING ITERATIONS
READING COST DATA FOR ITERATION 1
 14.736771 seconds (18.02 M allocations: 2.053 GiB, 65.46% gc time)
CREATING EXPRESSIONS FOR CAPITAL AND FIXED COST
  3.731275 seconds (11.39 M allocations: 742.187 MiB, 79.33% gc time)
BUILDING OBJECTIVE FUNCTION
  6.928557 seconds (7.48 M allocations: 249.036 MiB, 90.05% gc time)
Optimizing for iteration 1
 15.663007 seconds (8.99 M allocations: 817.700 MiB, 44.09% gc time)
OPTIMAL
3.925384527945458e13
 =  1.0
READING COST DATA FOR ITERATION 2
 23.558590 seconds (18.18 M allocations: 2.001 GiB, 54.65% gc time)
CREATING EXPRESSIONS FOR CAPITAL AND FIXED COST
  4.043700 seconds (11.39 M allocations: 742.187 MiB, 80.47% gc time)
BUILDING OBJECTIVE FUNCTION
  0.638332 seconds (7.48 M allocations: 257.284 MiB)
Optimizing for iteration 2
  5.196045 seconds (5 allocations: 11.975 MiB)
OPTIMAL
3.442094257589569e9
 =  11403.058791505275
READING COST DATA FOR ITERATION 3
 23.720774 seconds (18.14 M allocations: 2.003 GiB, 54.57% gc time)
CREATING EXPRESSIONS FOR CAPITAL AND FIXED COST
  4.097383 seconds (11.39 M allocations: 742.187 MiB, 79.94% gc time)
BUILDING OBJECTIVE FUNCTION
  0.646843 seconds (7.48 M allocations: 257.284 MiB)
Optimizing for iteration 3
  5.110733 seconds (2 allocations: 32 bytes)
OPTIMAL
2.9543341831469364e9
 =  0.16509983102963133
READING COST DATA FOR ITERATION 4
 23.714911 seconds (18.14 M allocations: 2.001 GiB, 54.85% gc time)
CREATING EXPRESSIONS FOR CAPITAL AND FIXED COST
  4.111782 seconds (11.39 M allocations: 742.187 MiB, 79.95% gc time)
BUILDING OBJECTIVE FUNCTION
  0.643835 seconds (7.48 M allocations: 257.284 MiB)
Optimizing for iteration 4
  5.097048 seconds (2 allocations: 32 bytes)
OPTIMAL
2.953015984875185e9
 =  0.00044639049653420846
ITERATIONS COMPLETED
WRITING RESULTS TO FILE
  5.145371 seconds (8.73 M allocations: 427.394 MiB, 69.90% gc time, 16.03% compilation time)

THE OPTIMIZATION PROBLEM TOOK 13.97 MINUTES TO SOLVE. 
