Running HiGHS 1.6.0: Copyright (c) 2023 HiGHS under MIT licence terms
Presolving model
863568 rows, 1838807 cols, 4714146 nonzeros
653160 rows, 1218813 cols, 3470805 nonzeros
645068 rows, 723921 cols, 2477172 nonzeros
643534 rows, 721949 cols, 2473295 nonzeros
Presolve : Reductions: rows 643534(-7202953); columns 721949(-4518513); elements 2473295(-29646314)
Solving the presolved LP
IPX model has 643534 rows, 721949 columns and 2473295 nonzeros
Input
    Number of variables:                                721949
    Number of free variables:                           0
    Number of constraints:                              643534
    Number of equality constraints:                     40406
    Number of matrix entries:                           2473295
    Matrix range:                                       [1e-02, 1e+00]
    RHS range:                                          [2e+05, 1e+08]
    Objective range:                                    [2e-04, 3e+02]
    Bounds range:                                       [7e+05, 1e+08]
Preprocessing
    Dualized model:                                     no
    Number of dense columns:                            0
    Range of scaling factors:                           [1.00e+00, 2.00e+00]
IPX version 1.0
Interior Point Solve
 Iter     P.res    D.res            P.obj           D.obj        mu     Time
   0   1.67e+07 6.48e+01   8.41270719e+09 -1.64354609e+14  1.20e+09       0s
   1   5.33e+06 4.65e+01   1.24032889e+13 -1.27001527e+14  9.03e+08       1s
   2   2.87e+06 4.08e+01   2.04082877e+13 -1.18725895e+14  1.03e+09       3s
   3   1.41e+06 6.51e+00   2.01036194e+13 -2.13979724e+13  1.85e+08       5s
   4   2.39e+05 9.71e-01   1.44585442e+13 -4.78436631e+12  3.61e+07       9s
 Constructing starting basis...
   5   7.43e+04 2.60e-01   8.30537387e+12 -1.63680286e+12  1.24e+07      25s
   6   2.03e+04 1.02e-01   3.86435188e+12 -7.54336384e+11  4.76e+06      35s
   7   4.42e+03 5.24e-02   1.90595158e+12 -4.52986890e+11  2.21e+06      46s
   8   1.30e+03 2.30e-02   1.00576669e+12 -2.28505223e+11  1.04e+06      56s
   9   5.02e+02 7.73e-03   5.59430328e+11 -9.01601325e+10  4.98e+05      64s
  10   1.72e+02 2.41e-03   3.32714711e+11 -3.85794204e+10  2.72e+05      72s
  11   6.67e+01 9.98e-04   1.93058058e+11 -1.81772853e+10  1.53e+05      82s
  12   3.16e+01 4.96e-04   1.24945828e+11 -8.51874482e+09  9.59e+04      94s
  13   2.49e+01 3.22e-04   1.08536933e+11 -4.59785507e+09  8.11e+04     105s
  14   2.16e+01 1.92e-04   9.87785628e+10 -1.20628683e+09  7.16e+04     115s
  15   1.44e+01 1.26e-04   7.34335013e+10  9.40965769e+08  5.18e+04     124s
  16   1.11e+01 7.27e-05   6.10775892e+10  2.84178133e+09  4.16e+04     134s
  17   8.67e+00 3.75e-05   5.34225087e+10  3.75661245e+09  3.55e+04     146s
  18   7.01e+00 2.69e-05   4.57624796e+10  4.39387966e+09  2.95e+04     157s
  19   5.44e+00 1.22e-05   4.03225080e+10  4.85531876e+09  2.53e+04     169s
  20   4.47e+00 9.84e-06   3.50560066e+10  5.14016820e+09  2.14e+04     181s
  21   2.94e+00 5.26e-06   2.74645168e+10  5.59186184e+09  1.56e+04     194s
  22   1.76e+00 2.78e-06   2.12096086e+10  5.89273499e+09  1.09e+04     209s
  23   1.15e+00 1.60e-06   1.75087578e+10  6.10796393e+09  8.14e+03     224s
  24   8.49e-01 1.09e-06   1.51948013e+10  6.26021947e+09  6.38e+03     240s
  25   6.06e-01 4.00e-07   1.39910446e+10  6.32351051e+09  5.47e+03     255s
  26   3.34e-01 2.68e-07   1.16009542e+10  6.41417031e+09  3.70e+03     268s
  27   2.56e-01 1.89e-07   1.08617937e+10  6.47375077e+09  3.13e+03     284s
  28   1.83e-01 1.32e-07   1.02231761e+10  6.51208062e+09  2.65e+03     297s
  29   1.22e-01 8.96e-08   9.35159837e+09  6.57286901e+09  1.98e+03     309s
  30   8.88e-02 4.83e-08   8.89714576e+09  6.62944896e+09  1.62e+03     322s
  31   5.24e-02 3.18e-08   8.12952756e+09  6.67413046e+09  1.04e+03     335s
  32   4.76e-02 2.45e-08   8.06255765e+09  6.68546976e+09  9.83e+02     347s
  33   1.94e-02 1.74e-08   7.50194879e+09  6.70465278e+09  5.69e+02     357s
  34   1.47e-02 1.32e-08   7.37794190e+09  6.71880734e+09  4.70e+02     368s
  35   1.05e-02 7.23e-09   7.32242149e+09  6.73053898e+09  4.22e+02     378s
  36   6.83e-03 4.35e-09   7.17352413e+09  6.74735326e+09  3.04e+02     387s
  37   5.98e-03 2.87e-09   7.15994021e+09  6.75039796e+09  2.92e+02     396s
  38   3.71e-03 1.78e-09   7.04356810e+09  6.76028524e+09  2.02e+02     405s
  39   2.39e-03 1.12e-09   6.99329546e+09  6.76453191e+09  1.63e+02     413s
  40   1.37e-03 7.55e-10   6.93232525e+09  6.76845870e+09  1.17e+02     422s
  41   8.70e-04 4.31e-10   6.89802720e+09  6.77245534e+09  8.96e+01     430s
  42   4.49e-04 2.50e-10   6.85785268e+09  6.77557099e+09  5.87e+01     438s
  43   2.32e-04 1.96e-10   6.83633634e+09  6.77652872e+09  4.27e+01     447s
  44   1.09e-04 7.97e-11   6.82173130e+09  6.77885894e+09  3.06e+01     455s
  45   4.93e-05 6.42e-11   6.81456520e+09  6.77917737e+09  2.53e+01     463s
  46   2.45e-05 2.61e-11   6.80275670e+09  6.78087521e+09  1.56e+01     471s
  47   7.12e-06 1.80e-11   6.79688784e+09  6.78114922e+09  1.12e+01     478s
  48   5.48e-06 6.20e-12   6.79396352e+09  6.78212626e+09  8.45e+00     486s
  49   6.85e-07 2.50e-12   6.78996758e+09  6.78216937e+09  5.57e+00     493s
  50   2.68e-07 9.09e-13   6.78574808e+09  6.78254506e+09  2.29e+00     500s
  51   9.84e-08 1.14e-13   6.78385989e+09  6.78273030e+09  8.06e-01     508s
  52   6.99e-08 8.53e-14   6.78287586e+09  6.78276149e+09  8.16e-02     514s
  53   1.28e-07 1.14e-13   6.78278786e+09  6.78277157e+09  1.16e-02     522s
  54   7.63e-08 1.14e-13   6.78278174e+09  6.78277452e+09  5.15e-03     529s
  55   6.19e-08 5.68e-14   6.78278137e+09  6.78277498e+09  4.56e-03     535s
  56   1.52e-07 1.14e-13   6.78277768e+09  6.78277696e+09  5.15e-04     543s
  57   2.05e-07 1.14e-13   6.78277751e+09  6.78277736e+09  1.04e-04     550s
  58   8.43e-08 1.14e-13   6.78277747e+09  6.78277745e+09  1.60e-05     558s
  59*  8.44e-08 1.14e-13   6.78277747e+09  6.78277747e+09  1.79e-06     565s
Summary
    Runtime:                                            564.64s
    Status interior point solve:                        optimal
    Status crossover:                                   not run
    objective value:                                    6.78277747e+09
    interior solution primal residual (abs/rel):        1.34e-07 / 9.19e-16
    interior solution dual residual (abs/rel):          2.57e-10 / 7.75e-13
    interior solution objective gap (abs/rel):          2.55e+00 / 3.75e-10
Ipx: IPM       optimal
Model   status      : Optimal
IPM       iterations: 59
Objective value     :  6.7827774678e+09
HiGHS run time      :        574.17
Presolving model
863568 rows, 1838807 cols, 4714146 nonzeros
653160 rows, 1218813 cols, 3470805 nonzeros
645068 rows, 723921 cols, 2477172 nonzeros
643534 rows, 721949 cols, 2473295 nonzeros
Presolve : Reductions: rows 643534(-7225498); columns 721949(-4518513); elements 2473295(-29668859)
Solving the presolved LP
IPX model has 643534 rows, 721949 columns and 2473295 nonzeros
Input
    Number of variables:                                721949
    Number of free variables:                           0
    Number of constraints:                              643534
    Number of equality constraints:                     40406
    Number of matrix entries:                           2473295
    Matrix range:                                       [1e-02, 1e+00]
    RHS range:                                          [2e+05, 1e+08]
    Objective range:                                    [2e-04, 1e+07]
    Bounds range:                                       [7e+05, 1e+08]
Preprocessing
    Dualized model:                                     no
    Number of dense columns:                            0
    Range of scaling factors:                           [1.00e+00, 2.00e+00]
IPX version 1.0
Interior Point Solve
 Iter     P.res    D.res            P.obj           D.obj        mu     Time
   0   1.67e+07 2.81e+06   2.31058384e+14 -7.13872527e+18  5.22e+13       0s
   1   5.36e+06 2.05e+06   5.29274981e+17 -5.58151634e+18  4.00e+13       1s
   2   2.89e+06 1.78e+06   8.66159649e+17 -5.20631648e+18  4.54e+13       3s
   3   1.46e+06 2.89e+05   8.61037689e+17 -9.61938867e+17  8.26e+12       5s
   4   2.82e+05 5.97e+04   6.48604589e+17 -2.74730629e+17  2.04e+12       9s
 Constructing starting basis...
   5   2.98e+04 1.43e+04   3.48855115e+17 -9.56975551e+16  6.11e+11      25s
   6   7.44e+03 5.71e+03   1.81789785e+17 -4.56497889e+16  2.53e+11      34s
   7   1.55e+03 2.22e+03   9.26122521e+16 -2.24899466e+16  1.09e+11      43s
   8   5.25e+02 8.40e+02   4.75929691e+16 -9.98386362e+15  4.84e+10      55s
   9   2.81e+02 3.55e+02   3.02285290e+16 -4.77051277e+15  2.75e+10      67s
  10   1.35e+02 1.34e+02   1.66719875e+16 -2.00222930e+15  1.41e+10      77s
  11   6.37e+01 4.94e+01   8.73769988e+15 -8.33914917e+14  7.08e+09      87s
  12   3.02e+01 2.22e+01   5.90570659e+15 -5.67430849e+14  4.76e+09      96s
  13   2.25e+01 1.18e+01   4.95728919e+15 -3.99234258e+14  3.91e+09     106s
  14   1.43e+01 7.37e+00   3.48879855e+15 -2.83070808e+14  2.75e+09     116s
  15   1.05e+01 4.63e+00   2.69752742e+15 -1.96520965e+14  2.10e+09     126s
  16   5.82e+00 2.80e+00   1.57250961e+15 -1.27656489e+14  1.24e+09     135s
  17   1.82e+00 1.35e+00   5.73116440e+14 -6.74877927e+13  4.68e+08     142s
  18   5.11e-01 7.67e-01   2.41537215e+14 -4.26019494e+13  2.09e+08     150s
  19   1.17e-01 2.28e-01   7.24343604e+13 -1.37710919e+13  6.34e+07     157s
  20   4.37e-02 6.00e-02   3.41402531e+13 -4.24188606e+12  2.79e+07     165s
  21   1.52e-02 1.61e-02   1.67850767e+13 -1.57370811e+12  1.32e+07     172s
  22   4.89e-03 3.54e-03   9.42557974e+12 -7.06838438e+11  7.26e+06     180s
  23   1.48e-03 1.47e-03   6.90732753e+12 -5.58128114e+11  5.35e+06     188s
  24   6.24e-04 4.33e-04   4.07307391e+12 -2.59934112e+11  3.10e+06     197s
  25   3.87e-04 1.71e-04   3.13878794e+12 -1.67081788e+11  2.36e+06     205s
  26   1.89e-04 9.84e-05   1.78723447e+12 -1.03854609e+11  1.35e+06     214s
  27   1.18e-04 4.28e-05   1.32855706e+12 -6.01382844e+10  9.91e+05     222s
  28   9.11e-05 2.13e-05   1.15260365e+12 -4.31683522e+10  8.54e+05     230s
  29   4.22e-05 1.12e-05   6.59962585e+11 -2.34967368e+10  4.88e+05     238s
  30   3.15e-05 7.11e-06   5.73528705e+11 -1.80618047e+10  4.22e+05     246s
  31   1.22e-05 3.14e-06   4.01928655e+11 -1.14453226e+10  2.95e+05     253s
  32   8.94e-06 1.56e-06   3.36027020e+11 -3.95923133e+09  2.43e+05     260s
  33   5.25e-06 7.49e-07   2.51951329e+11  8.51898815e+08  1.79e+05     267s
  34   1.79e-06 2.91e-07   1.84239470e+11  2.95704373e+09  1.29e+05     274s
  35   6.56e-07 1.38e-07   1.00012036e+11  7.31258783e+09  6.62e+04     281s
  36   1.79e-07 3.54e-08   6.53822549e+10  1.01304640e+10  3.94e+04     288s
  37   9.10e-08 3.17e-08   5.44701998e+10  1.03001839e+10  3.15e+04     296s
  38   1.27e-07 2.05e-08   3.47237231e+10  1.15155751e+10  1.66e+04     302s
  39   2.09e-07 9.31e-09   2.38318264e+10  1.26296303e+10  8.00e+03     309s
  40   1.94e-07 6.52e-09   1.91319851e+10  1.30654735e+10  4.33e+03     316s
  41   6.46e-08 3.73e-09   1.67761120e+10  1.35052809e+10  2.33e+03     322s
  42   9.69e-08 3.73e-09   1.53329616e+10  1.36412762e+10  1.21e+03     328s
  43   1.56e-07 3.73e-09   1.45619315e+10  1.37359590e+10  5.90e+02     335s
  44   7.45e-08 3.73e-09   1.41344739e+10  1.37824976e+10  2.51e+02     341s
  45   1.49e-07 3.73e-09   1.39409442e+10  1.38040049e+10  9.77e+01     347s
  46   1.27e-07 3.73e-09   1.38775906e+10  1.38116103e+10  4.71e+01     352s
  47   1.34e-07 3.73e-09   1.38319996e+10  1.38146180e+10  1.24e+01     357s
  48   1.64e-07 3.73e-09   1.38196860e+10  1.38158947e+10  2.71e+00     363s
  49   1.34e-07 3.73e-09   1.38165737e+10  1.38162540e+10  2.28e-01     368s
  50   1.34e-07 3.73e-09   1.38163876e+10  1.38163363e+10  3.66e-02     373s
  51   2.27e-07 3.73e-09   1.38163625e+10  1.38163585e+10  2.90e-03     378s
  52   3.87e-07 3.73e-09   1.38163607e+10  1.38163603e+10  3.04e-04     384s
  53   5.96e-07 1.86e-09   1.38163605e+10  1.38163605e+10  4.08e-05     389s
  54*  1.13e-06 1.86e-09   1.38163605e+10  1.38163605e+10  3.62e-06     394s
Summary
    Runtime:                                            394.23s
    Status interior point solve:                        optimal
    Status crossover:                                   not run
    objective value:                                    1.38163605e+10
    interior solution primal residual (abs/rel):        1.30e-06 / 8.88e-15
    interior solution dual residual (abs/rel):          9.31e-10 / 9.62e-17
    interior solution objective gap (abs/rel):          4.57e+00 / 3.31e-10
Ipx: IPM       optimal
Model   status      : Optimal
IPM       iterations: 54
Objective value     :  1.3816360486e+10
HiGHS run time      :        403.11
Presolving model
863568 rows, 1838807 cols, 4714146 nonzeros
653160 rows, 1218813 cols, 3470805 nonzeros
645068 rows, 723921 cols, 2477172 nonzeros
643534 rows, 721949 cols, 2473295 nonzeros
Presolve : Reductions: rows 643534(-7248043); columns 721949(-4518513); elements 2473295(-29691404)
Solving the presolved LP
IPX model has 643534 rows, 721949 columns and 2473295 nonzeros
Input
    Number of variables:                                721949
    Number of free variables:                           0
    Number of constraints:                              643534
    Number of equality constraints:                     40406
    Number of matrix entries:                           2473295
    Matrix range:                                       [1e-02, 1e+00]
    RHS range:                                          [2e+05, 1e+08]
    Objective range:                                    [2e-04, 1e+07]
    Bounds range:                                       [7e+05, 1e+08]
Preprocessing
    Dualized model:                                     no
    Number of dense columns:                            0
    Range of scaling factors:                           [1.00e+00, 2.00e+00]
IPX version 1.0
Interior Point Solve
 Iter     P.res    D.res            P.obj           D.obj        mu     Time
   0   1.67e+07 2.81e+06   2.40746955e+14 -7.13211618e+18  5.22e+13       0s
   1   5.32e+06 2.04e+06   5.37193631e+17 -5.57611222e+18  3.99e+13       1s
   2   2.88e+06 1.78e+06   8.75508072e+17 -5.19788020e+18  4.53e+13       3s
   3   1.45e+06 2.86e+05   8.70695973e+17 -9.53755701e+17  8.19e+12       5s
   4   2.86e+05 5.98e+04   6.56123466e+17 -2.73248442e+17  2.04e+12       9s
 Constructing starting basis...
   5   3.24e+04 1.45e+04   3.56708384e+17 -9.54653204e+16  6.17e+11      25s
   6   7.06e+03 5.76e+03   1.79787077e+17 -4.55278330e+16  2.48e+11      34s
   7   1.50e+03 1.75e+03   9.76571302e+16 -1.98522051e+16  1.04e+11      43s
   8   3.72e+02 6.20e+02   4.11481722e+16 -8.41387564e+15  3.98e+10      54s
   9   1.11e+02 2.59e+02   1.91995003e+16 -4.04022635e+15  1.79e+10      65s
  10   3.02e+01 9.87e+01   7.70544488e+15 -1.68335856e+15  7.09e+09      75s
  11   1.35e+01 5.28e+01   4.62396798e+15 -9.71779110e+14  4.20e+09      86s
  12   6.19e+00 2.98e+01   3.57894962e+15 -6.44873939e+14  3.15e+09      97s
  13   2.06e+00 1.79e+01   1.73488561e+15 -4.06544092e+14  1.62e+09     107s
  14   6.67e-01 1.22e+01   9.15588274e+14 -2.85848010e+14  9.22e+08     116s
  15   2.00e-01 7.28e+00   4.13228017e+14 -1.73886813e+14  4.58e+08     125s
  16   6.11e-02 4.40e+00   2.26945167e+14 -1.09116063e+14  2.64e+08     132s
  17   2.16e-02 1.78e+00   1.45400343e+14 -4.85842849e+13  1.49e+08     140s
  18   6.27e-03 3.63e-01   5.84699813e+13 -1.10220703e+13  5.16e+07     149s
  19   2.09e-03 8.98e-02   2.38183535e+13 -3.01529746e+12  1.96e+07     158s
  20   6.57e-04 2.69e-02   8.79882386e+12 -9.79097611e+11  7.10e+06     166s
  21   2.18e-04 9.83e-03   4.49527215e+12 -4.47858255e+11  3.57e+06     175s
  22   1.43e-04 3.59e-03   3.44289711e+12 -2.15340804e+11  2.62e+06     183s
  23   9.97e-05 1.17e-03   2.87770134e+12 -1.32244823e+11  2.15e+06     190s
  24   5.28e-05 6.14e-04   1.70438104e+12 -7.69431254e+10  1.27e+06     198s
  25   1.80e-05 2.24e-04   9.68450015e+11 -4.59268262e+10  7.25e+05     206s
  26   5.36e-06 8.78e-05   5.19195434e+11 -2.50042347e+10  3.89e+05     214s
  27   1.19e-06 3.65e-05   3.00507338e+11 -1.37469138e+10  2.24e+05     222s
  28   5.96e-07 1.53e-05   1.80366674e+11 -3.19965474e+09  1.31e+05     230s
  29   1.79e-07 1.11e-05   1.08927057e+11 -1.13052582e+09  7.86e+04     238s
  30   1.71e-07 4.15e-06   6.01313232e+10  3.84023297e+09  4.02e+04     246s
  31   1.00e-07 1.64e-06   3.13288021e+10  6.41065664e+09  1.78e+04     253s
  32   1.34e-07 6.82e-07   2.10159750e+10  7.66029364e+09  9.53e+03     261s
  33   2.09e-07 2.37e-07   1.48963389e+10  8.40302890e+09  4.63e+03     269s
  34   9.69e-08 1.19e-07   1.10541039e+10  8.68750776e+09  1.69e+03     276s
  35   1.34e-07 4.19e-08   9.80832040e+09  8.91261645e+09  6.39e+02     283s
  36   1.14e-07 2.24e-08   9.38389213e+09  8.97614543e+09  2.91e+02     290s
  37   8.95e-08 9.31e-09   9.21709705e+09  9.01713732e+09  1.43e+02     297s
  38   1.49e-07 4.66e-09   9.12192281e+09  9.03403303e+09  6.27e+01     303s
  39   7.78e-08 3.73e-09   9.06597854e+09  9.04128536e+09  1.76e+01     309s
  40   1.35e-07 3.73e-09   9.05015608e+09  9.04267567e+09  5.34e+00     315s
  41   1.09e-07 3.73e-09   9.04489452e+09  9.04341983e+09  1.05e+00     321s
  42   1.79e-07 3.73e-09   9.04371102e+09  9.04357956e+09  9.38e-02     326s
  43   2.09e-07 2.79e-09   9.04362246e+09  9.04360766e+09  1.06e-02     332s
  44   3.73e-07 3.73e-09   9.04361652e+09  9.04361461e+09  1.36e-03     339s
  45   1.06e-06 1.86e-09   9.04361604e+09  9.04361590e+09  9.99e-05     345s
  46   1.12e-06 1.86e-09   9.04361601e+09  9.04361600e+09  1.24e-05     352s
  47*  2.46e-07 1.86e-09   9.04361601e+09  9.04361601e+09  6.40e-07     356s
Summary
    Runtime:                                            356.35s
    Status interior point solve:                        optimal
    Status crossover:                                   not run
    objective value:                                    9.04361601e+09
    interior solution primal residual (abs/rel):        6.41e-07 / 4.39e-15
    interior solution dual residual (abs/rel):          9.31e-10 / 9.62e-17
    interior solution objective gap (abs/rel):          4.76e-01 / 5.26e-11
Ipx: IPM       optimal
Model   status      : Optimal
IPM       iterations: 47
Objective value     :  9.0436160080e+09
HiGHS run time      :        365.19
Presolving model
863568 rows, 1838807 cols, 4714146 nonzeros
653160 rows, 1218813 cols, 3470805 nonzeros
645068 rows, 723921 cols, 2477172 nonzeros
643534 rows, 721949 cols, 2473295 nonzeros
Presolve : Reductions: rows 643534(-7270588); columns 721949(-4518513); elements 2473295(-29713949)
Solving the presolved LP
IPX model has 643534 rows, 721949 columns and 2473295 nonzeros
Input
    Number of variables:                                721949
    Number of free variables:                           0
    Number of constraints:                              643534
    Number of equality constraints:                     40406
    Number of matrix entries:                           2473295
    Matrix range:                                       [1e-02, 1e+00]
    RHS range:                                          [2e+05, 1e+08]
    Objective range:                                    [2e-04, 1e+07]
    Bounds range:                                       [7e+05, 1e+08]
Preprocessing
    Dualized model:                                     no
    Number of dense columns:                            0
    Range of scaling factors:                           [1.00e+00, 2.00e+00]
IPX version 1.0
Interior Point Solve
 Iter     P.res    D.res            P.obj           D.obj        mu     Time
   0   1.67e+07 2.81e+06   2.41297342e+14 -7.13261320e+18  5.22e+13       0s
   1   5.32e+06 2.04e+06   5.37489082e+17 -5.57650040e+18  3.99e+13       1s
   2   2.88e+06 1.78e+06   8.75884847e+17 -5.19812489e+18  4.53e+13       3s
   3   1.45e+06 2.86e+05   8.71077218e+17 -9.53530823e+17  8.18e+12       5s
   4   2.85e+05 5.98e+04   6.56222467e+17 -2.73081557e+17  2.04e+12       9s
 Constructing starting basis...
   5   3.22e+04 1.45e+04   3.57090715e+17 -9.53999947e+16  6.16e+11      25s
   6   6.96e+03 5.75e+03   1.79321319e+17 -4.55274746e+16  2.48e+11      34s
   7   1.48e+03 1.66e+03   9.78614674e+16 -1.93110338e+16  1.03e+11      43s
   8   4.00e+02 5.83e+02   4.24657039e+16 -8.14947736e+15  4.04e+10      54s
   9   1.16e+02 2.39e+02   1.90851546e+16 -3.85592254e+15  1.76e+10      65s
  10   3.49e+01 9.30e+01   8.19413445e+15 -1.64625991e+15  7.40e+09      76s
  11   1.55e+01 4.88e+01   4.73961452e+15 -9.27996733e+14  4.24e+09      87s
  12   6.92e+00 2.76e+01   3.61795495e+15 -6.22781204e+14  3.16e+09      98s
  13   2.50e+00 1.64e+01   1.85353228e+15 -3.91334171e+14  1.68e+09     107s
  14   1.00e+00 1.18e+01   1.03886388e+15 -2.87470118e+14  1.01e+09     118s
  15   3.11e-01 6.59e+00   4.47055426e+14 -1.63250576e+14  4.71e+08     127s
  16   1.12e-01 4.06e+00   2.54162802e+14 -1.04437936e+14  2.79e+08     135s
  17   8.12e-02 1.98e+00   2.06683226e+14 -5.38564991e+13  1.97e+08     143s
  18   2.54e-02 3.47e-01   9.80956461e+13 -1.22169373e+13  8.07e+07     151s
  19   6.62e-03 6.24e-02   3.49227485e+13 -2.85262557e+12  2.73e+07     159s
  20   1.98e-03 1.79e-02   1.20489717e+13 -9.14570257e+11  9.34e+06     167s
  21   8.09e-04 6.94e-03   6.50253735e+12 -4.51776429e+11  4.99e+06     175s
  22   4.90e-04 2.70e-03   4.98480514e+12 -2.73421876e+11  3.77e+06     182s
  23   3.18e-04 1.09e-03   3.66214574e+12 -1.51356603e+11  2.73e+06     190s
  24   2.01e-04 3.25e-04   2.66449957e+12 -8.15427763e+10  1.96e+06     197s
  25   5.48e-05 9.75e-05   1.21392232e+12 -4.77390955e+10  9.01e+05     205s
  26   2.13e-05 4.48e-05   7.05517747e+11 -3.01003741e+10  5.25e+05     213s
  27   3.58e-06 1.67e-05   3.64082405e+11 -1.71807285e+10  2.72e+05     221s
  28   1.55e-06 7.33e-06   1.99854388e+11 -5.23586955e+09  1.46e+05     228s
  29   5.96e-07 2.57e-06   1.43142159e+11 -4.84531087e+08  1.03e+05     236s
  30   2.38e-07 1.10e-06   6.74121483e+10  4.19366563e+09  4.51e+04     244s
  31   1.18e-07 3.74e-07   3.24937702e+10  6.53126575e+09  1.85e+04     251s
  32   9.95e-08 1.53e-07   2.21156642e+10  7.43633202e+09  1.05e+04     258s
  33   2.09e-07 2.42e-08   1.56948967e+10  8.26278065e+09  5.30e+03     265s
  34   1.14e-07 9.31e-09   1.10324112e+10  8.53542958e+09  1.78e+03     272s
  35   1.42e-07 5.59e-09   9.86055413e+09  8.65895827e+09  8.58e+02     279s
  36   2.68e-07 3.73e-09   9.22068297e+09  8.69615235e+09  3.74e+02     286s
  37   1.49e-07 2.79e-09   8.97689469e+09  8.72276557e+09  1.81e+02     292s
  38   8.94e-08 3.73e-09   8.83269422e+09  8.73217649e+09  7.17e+01     298s
  39   1.56e-07 3.73e-09   8.77484713e+09  8.73653190e+09  2.73e+01     303s
  40   2.38e-07 2.79e-09   8.74944099e+09  8.73978040e+09  6.90e+00     309s
  41   2.09e-07 3.73e-09   8.74203824e+09  8.74081371e+09  8.74e-01     315s
  42   1.64e-07 3.73e-09   8.74138214e+09  8.74115688e+09  1.61e-01     321s
  43   1.27e-07 3.73e-09   8.74126271e+09  8.74121358e+09  3.51e-02     326s
  44   1.56e-07 2.79e-09   8.74123918e+09  8.74122957e+09  6.86e-03     332s
  45   3.58e-07 3.73e-09   8.74123690e+09  8.74123611e+09  5.59e-04     337s
  46   8.20e-07 1.86e-09   8.74123662e+09  8.74123655e+09  4.90e-05     343s
  47*  7.15e-07 1.86e-09   8.74123661e+09  8.74123660e+09  7.11e-06     349s
Summary
    Runtime:                                            348.95s
    Status interior point solve:                        optimal
    Status crossover:                                   not run
    objective value:                                    8.74123660e+09
    interior solution primal residual (abs/rel):        3.87e-07 / 2.65e-15
    interior solution dual residual (abs/rel):          9.31e-10 / 9.62e-17
    interior solution objective gap (abs/rel):          7.84e+00 / 8.97e-10
Ipx: IPM       optimal
Model   status      : Optimal
IPM       iterations: 47
Objective value     :  8.7412366045e+09
HiGHS run time      :        357.90
Presolving model
863568 rows, 1838807 cols, 4714146 nonzeros
653160 rows, 1218813 cols, 3470805 nonzeros
645068 rows, 723921 cols, 2477172 nonzeros
643534 rows, 721949 cols, 2473295 nonzeros
Presolve : Reductions: rows 643534(-7293133); columns 721949(-4518513); elements 2473295(-29736494)
Solving the presolved LP
IPX model has 643534 rows, 721949 columns and 2473295 nonzeros
Input
    Number of variables:                                721949
    Number of free variables:                           0
    Number of constraints:                              643534
    Number of equality constraints:                     40406
    Number of matrix entries:                           2473295
    Matrix range:                                       [1e-02, 1e+00]
    RHS range:                                          [2e+05, 1e+08]
    Objective range:                                    [2e-04, 1e+07]
    Bounds range:                                       [7e+05, 1e+08]
Preprocessing
    Dualized model:                                     no
    Number of dense columns:                            0
    Range of scaling factors:                           [1.00e+00, 2.00e+00]
IPX version 1.0
Interior Point Solve
 Iter     P.res    D.res            P.obj           D.obj        mu     Time
   0   1.67e+07 2.81e+06   2.41404334e+14 -7.13257263e+18  5.22e+13       0s
   1   5.32e+06 2.04e+06   5.37532223e+17 -5.57647308e+18  3.99e+13       1s
   2   2.88e+06 1.78e+06   8.76063200e+17 -5.19810448e+18  4.53e+13       3s
   3   1.45e+06 2.86e+05   8.71236907e+17 -9.53574885e+17  8.18e+12       5s
   4   2.85e+05 5.98e+04   6.56405817e+17 -2.73135612e+17  2.04e+12       9s
 Constructing starting basis...
   5   3.22e+04 1.45e+04   3.57124525e+17 -9.54456909e+16  6.16e+11      25s
   6   7.03e+03 5.75e+03   1.80023456e+17 -4.54900391e+16  2.48e+11      34s
   7   1.52e+03 1.76e+03   9.81052593e+16 -1.99323150e+16  1.05e+11      42s
   8   3.73e+02 6.26e+02   4.10483118e+16 -8.46093874e+15  3.98e+10      55s
   9   1.10e+02 2.62e+02   1.90708698e+16 -4.07070446e+15  1.78e+10      68s
  10   3.43e+01 1.14e+02   8.37043317e+15 -1.90527229e+15  7.79e+09      79s
  11   1.33e+01 6.19e+01   4.44864078e+15 -1.08978918e+15  4.19e+09      91s
  12   5.69e+00 3.58e+01   3.58418148e+15 -7.29959932e+14  3.24e+09     104s
  13   1.54e+00 2.09e+01   1.57085332e+15 -4.44429561e+14  1.54e+09     114s
  14   5.76e-01 1.41e+01   9.22431372e+14 -3.09176476e+14  9.50e+08     123s
  15   1.71e-01 8.14e+00   4.28695336e+14 -1.81768336e+14  4.77e+08     131s
  16   7.51e-02 4.86e+00   2.72588374e+14 -1.12723288e+14  3.00e+08     140s
  17   3.85e-02 2.01e+00   1.79252182e+14 -4.99658711e+13  1.74e+08     148s
  18   1.17e-02 4.98e-01   7.25811659e+13 -1.36398785e+13  6.41e+07     156s
  19   3.33e-03 9.23e-02   2.89757010e+13 -3.11925168e+12  2.34e+07     164s
  20   1.06e-03 2.56e-02   1.05786404e+13 -9.45255516e+11  8.34e+06     172s
  21   4.33e-04 9.34e-03   5.71398605e+12 -4.33947290e+11  4.42e+06     180s
  22   3.15e-04 3.42e-03   4.82723451e+12 -2.53161791e+11  3.64e+06     187s
  23   1.80e-04 1.24e-03   3.48304849e+12 -1.54359191e+11  2.60e+06     195s
  24   8.77e-05 2.70e-04   2.33205259e+12 -8.77916025e+10  1.73e+06     203s
  25   2.53e-05 8.63e-05   9.28610541e+11 -3.77426155e+10  6.90e+05     211s
  26   8.34e-06 4.49e-05   5.38524938e+11 -2.58590830e+10  4.03e+05     218s
  27   2.03e-06 1.79e-05   2.82017741e+11 -1.25593134e+10  2.10e+05     226s
  28   8.34e-07 9.23e-06   1.64950668e+11 -4.57338274e+09  1.21e+05     234s
  29   2.98e-07 3.33e-06   9.22849091e+10  2.03726192e+09  6.44e+04     241s
  30   1.49e-07 1.17e-06   5.36469845e+10  5.67217555e+09  3.42e+04     249s
  31   1.08e-07 2.44e-07   3.20108850e+10  7.33766572e+09  1.76e+04     256s
  32   8.82e-08 4.66e-08   2.13236790e+10  8.03375621e+09  9.49e+03     263s
  33   1.79e-07 1.77e-08   1.57851940e+10  8.41365230e+09  5.26e+03     270s
  34   1.08e-07 5.59e-09   1.12719129e+10  8.58997507e+09  1.91e+03     277s
  35   1.19e-07 3.73e-09   9.87844369e+09  8.65018150e+09  8.77e+02     283s
  36   8.89e-08 3.73e-09   9.24492442e+09  8.67278072e+09  4.08e+02     289s
  37   9.69e-08 3.73e-09   8.91861264e+09  8.68986985e+09  1.63e+02     295s
  38   1.34e-07 3.73e-09   8.78937093e+09  8.69660174e+09  6.62e+01     301s
  39   1.42e-07 3.73e-09   8.74040219e+09  8.70021534e+09  2.87e+01     306s
  40   1.79e-07 3.73e-09   8.71746738e+09  8.70287331e+09  1.04e+01     312s
  41   1.56e-07 3.73e-09   8.70599944e+09  8.70348005e+09  1.80e+00     317s
  42   2.24e-07 3.73e-09   8.70404019e+09  8.70372149e+09  2.27e-01     322s
  43   2.38e-07 3.73e-09   8.70387785e+09  8.70376865e+09  7.79e-02     328s
  44   2.09e-07 3.73e-09   8.70380762e+09  8.70379568e+09  8.52e-03     333s
  45   1.49e-07 2.79e-09   8.70380212e+09  8.70379669e+09  3.88e-03     338s
  46   3.05e-07 3.73e-09   8.70379906e+09  8.70379871e+09  2.50e-04     344s
  47   4.92e-07 1.86e-09   8.70379893e+09  8.70379890e+09  2.32e-05     350s
  48*  4.88e-07 1.86e-09   8.70379891e+09  8.70379891e+09  2.13e-06     355s
Summary
    Runtime:                                            354.73s
    Status interior point solve:                        optimal
    Status crossover:                                   not run
    objective value:                                    8.70379891e+09
    interior solution primal residual (abs/rel):        7.45e-07 / 5.10e-15
    interior solution dual residual (abs/rel):          4.66e-10 / 4.81e-17
    interior solution objective gap (abs/rel):          2.42e+00 / 2.78e-10
Ipx: IPM       optimal
Model   status      : Optimal
IPM       iterations: 48
Objective value     :  8.7037989098e+09
HiGHS run time      :        363.59
Presolving model
863568 rows, 1838807 cols, 4714146 nonzeros
653160 rows, 1218813 cols, 3470805 nonzeros
645068 rows, 723921 cols, 2477172 nonzeros
643534 rows, 721949 cols, 2473295 nonzeros
Presolve : Reductions: rows 643534(-7315678); columns 721949(-4518513); elements 2473295(-29759039)
Solving the presolved LP
IPX model has 643534 rows, 721949 columns and 2473295 nonzeros
Input
    Number of variables:                                721949
    Number of free variables:                           0
    Number of constraints:                              643534
    Number of equality constraints:                     40406
    Number of matrix entries:                           2473295
    Matrix range:                                       [1e-02, 1e+00]
    RHS range:                                          [2e+05, 1e+08]
    Objective range:                                    [2e-04, 1e+07]
    Bounds range:                                       [7e+05, 1e+08]
Preprocessing
    Dualized model:                                     no
    Number of dense columns:                            0
    Range of scaling factors:                           [1.00e+00, 2.00e+00]
IPX version 1.0
Interior Point Solve
 Iter     P.res    D.res            P.obj           D.obj        mu     Time
   0   1.67e+07 2.81e+06   2.41408646e+14 -7.13257165e+18  5.22e+13       0s
   1   5.32e+06 2.04e+06   5.37536908e+17 -5.57647195e+18  3.99e+13       1s
   2   2.88e+06 1.78e+06   8.76068031e+17 -5.19810044e+18  4.53e+13       3s
   3   1.45e+06 2.86e+05   8.71241693e+17 -9.53569779e+17  8.18e+12       5s
   4   2.85e+05 5.98e+04   6.56409077e+17 -2.73135404e+17  2.04e+12       9s
 Constructing starting basis...
   5   3.22e+04 1.45e+04   3.56803261e+17 -9.54153593e+16  6.16e+11      25s
   6   7.02e+03 5.75e+03   1.80059856e+17 -4.54888331e+16  2.48e+11      34s
   7   1.53e+03 1.75e+03   9.82819448e+16 -1.98450792e+16  1.04e+11      43s
   8   3.64e+02 6.23e+02   4.03694533e+16 -8.42691877e+15  3.92e+10      55s
   9   1.11e+02 2.63e+02   1.92523719e+16 -4.09004967e+15  1.80e+10      68s
  10   2.97e+01 1.15e+02   7.62382983e+15 -1.90955452e+15  7.25e+09      79s
  11   1.24e+01 6.53e+01   4.43798263e+15 -1.14591282e+15  4.23e+09      90s
  12   4.44e+00 3.74e+01   3.41521595e+15 -7.52559824e+14  3.14e+09     101s
  13   1.08e+00 2.15e+01   1.46226350e+15 -4.51765045e+14  1.47e+09     112s
  14   3.63e-01 1.45e+01   8.69250051e+14 -3.13844259e+14  9.18e+08     121s
  15   1.09e-01 8.29e+00   4.27324653e+14 -1.84105873e+14  4.80e+08     130s
  16   4.71e-02 4.90e+00   2.69173111e+14 -1.13000476e+14  2.99e+08     139s
  17   2.05e-02 2.02e+00   1.66486202e+14 -5.01692176e+13  1.66e+08     147s
  18   6.62e-03 5.73e-01   6.72813171e+13 -1.51121984e+13  6.18e+07     155s
  19   1.87e-03 1.15e-01   2.64572210e+13 -3.54174861e+12  2.20e+07     163s
  20   6.07e-04 3.07e-02   1.00870843e+13 -1.03765288e+12  8.08e+06     171s
  21   2.24e-04 1.12e-02   5.34395854e+12 -4.76509878e+11  4.20e+06     179s
  22   1.31e-04 3.97e-03   4.22854184e+12 -2.71586147e+11  3.23e+06     187s
  23   8.73e-05 1.24e-03   3.39224466e+12 -1.54159343e+11  2.54e+06     195s
  24   5.24e-05 3.97e-04   2.24885357e+12 -6.66431506e+10  1.65e+06     203s
  25   1.79e-05 1.13e-04   1.05469590e+12 -3.25288556e+10  7.76e+05     211s
  26   7.27e-06 5.66e-05   6.16241041e+11 -2.18871494e+10  4.56e+05     219s
  27   1.07e-06 2.12e-05   2.64813691e+11 -1.06388663e+10  1.97e+05     226s
  28   5.96e-07 1.08e-05   1.75926327e+11 -3.87565992e+09  1.28e+05     234s
  29   2.38e-07 3.43e-06   9.73304486e+10  2.51831181e+09  6.77e+04     241s
  30   1.19e-07 1.10e-06   5.45194207e+10  5.91226916e+09  3.47e+04     248s
  31   9.85e-08 4.49e-07   3.14480854e+10  7.07592811e+09  1.74e+04     256s
  32   1.38e-07 1.25e-07   2.01514196e+10  7.88718672e+09  8.75e+03     262s
  33   1.42e-07 4.38e-08   1.19301320e+10  8.37237808e+09  2.54e+03     269s
  34   1.34e-07 1.77e-08   9.97153820e+09  8.57207418e+09  9.99e+02     276s
  35   1.73e-07 1.02e-08   9.30337785e+09  8.62982371e+09  4.81e+02     283s
  36   1.19e-07 5.59e-09   9.00028635e+09  8.66695697e+09  2.38e+02     289s
  37   1.79e-07 3.73e-09   8.82436874e+09  8.68658573e+09  9.83e+01     295s
  38   1.20e-07 3.73e-09   8.74115294e+09  8.69368459e+09  3.39e+01     300s
  39   1.04e-07 3.73e-09   8.71078755e+09  8.69630444e+09  1.03e+01     306s
  40   2.38e-07 3.73e-09   8.69883831e+09  8.69699094e+09  1.32e+00     311s
  41   1.41e-07 3.73e-09   8.69782115e+09  8.69727346e+09  3.91e-01     317s
  42   1.49e-07 4.66e-09   8.69749143e+09  8.69735619e+09  9.65e-02     322s
  43   1.79e-07 3.73e-09   8.69738543e+09  8.69737563e+09  6.99e-03     327s
  44   1.71e-07 3.73e-09   8.69738006e+09  8.69737856e+09  1.07e-03     333s
  45   6.15e-07 3.73e-09   8.69737918e+09  8.69737906e+09  9.16e-05     338s
  46   1.04e-06 1.86e-09   8.69737912e+09  8.69737910e+09  9.02e-06     344s
  47*  5.81e-07 9.31e-10   8.69737911e+09  8.69737911e+09  1.02e-06     348s
Summary
    Runtime:                                            348.08s
    Status interior point solve:                        optimal
    Status crossover:                                   not run
    objective value:                                    8.69737911e+09
    interior solution primal residual (abs/rel):        4.47e-07 / 3.06e-15
    interior solution dual residual (abs/rel):          9.31e-10 / 9.62e-17
    interior solution objective gap (abs/rel):          9.71e-01 / 1.12e-10
Ipx: IPM       optimal
Model   status      : Optimal
IPM       iterations: 47
Objective value     :  8.6973791070e+09
HiGHS run time      :        357.00
[ Info: Rolling step not specified in scenaio.yaml file; Setting it to 15 years
[ Info: Demand-pathway mapping not specified in scenaio.yaml file; SERA will not look for eligible pathways for different demand types.
[ Info: Production capacity constraints from the grid model not defined. SERA will not create these constraints
[ Info: Regional technology limits not specified in scenaio.yaml file; SERA will not create these constraints
STARTING DATA PRE-PROCESSING 
Processing Temporal Data
Processing Nodes
Processing Demand
Processing Existings
Processing Links
Processing Pathways
Creating Infrastructure options
 15.374204 seconds (99.59 M allocations: 11.636 GiB, 26.66% gc time, 0.56% compilation time)

OPTIMIZING FROM 2026 TO 2040 

STARTING OPTIMIZATION MODEL CREATION
CREATING VARIABLES AND EXPRESSIONS
188.574736 seconds (401.28 M allocations: 25.031 GiB, 85.85% gc time, 7.21% compilation time)
POPULATING EXPRESSIONS
 97.456161 seconds (440.01 M allocations: 69.404 GiB, 10.80% gc time, 0.19% compilation time)
CREATING CONSTRAINTS
192.018633 seconds (260.02 M allocations: 15.817 GiB, 85.43% gc time, 0.97% compilation time)
POPULATED CORE OPTIMIZATION MODEL, STARTING ITERATIONS
READING COST DATA FOR ITERATION 1
123.093236 seconds (182.57 M allocations: 17.381 GiB, 67.96% gc time, 0.38% compilation time)
CREATING EXPRESSIONS FOR CAPITAL AND FIXED COST
361.936416 seconds (266.65 M allocations: 17.146 GiB, 94.42% gc time, 0.43% compilation time)
BUILDING OBJECTIVE FUNCTION
 29.235259 seconds (65.38 M allocations: 2.014 GiB, 73.04% gc time, 2.84% compilation time)
Optimizing for iteration 1
797.138623 seconds (88.96 M allocations: 8.390 GiB, 25.00% gc time, 0.00% compilation time)
OPTIMAL
6.782777467779939e9
ϵ =  1.0
READING COST DATA FOR ITERATION 2
1159.193320 seconds (148.27 M allocations: 16.669 GiB, 23.68% gc time, 0.00% compilation time)
CREATING EXPRESSIONS FOR CAPITAL AND FIXED COST
550.745118 seconds (265.26 M allocations: 17.039 GiB, 96.64% gc time, 0.00% compilation time)
BUILDING OBJECTIVE FUNCTION
 29.867362 seconds (64.72 M allocations: 2.033 GiB, 75.90% gc time)
Optimizing for iteration 2
403.223165 seconds (5 allocations: 32 bytes)
OPTIMAL
1.3816360485827097e10
ϵ =  0.5090763971642276
READING COST DATA FOR ITERATION 3
1156.026869 seconds (147.83 M allocations: 16.630 GiB, 23.77% gc time)
CREATING EXPRESSIONS FOR CAPITAL AND FIXED COST
552.050787 seconds (265.26 M allocations: 17.039 GiB, 96.58% gc time)
BUILDING OBJECTIVE FUNCTION
 30.003416 seconds (64.72 M allocations: 2.033 GiB, 76.00% gc time)
Optimizing for iteration 3
365.261562 seconds (2 allocations: 32 bytes)
OPTIMAL
9.043616008003204e9
ϵ =  0.5277473605249186
READING COST DATA FOR ITERATION 4
1166.487423 seconds (147.78 M allocations: 16.692 GiB, 24.18% gc time)
CREATING EXPRESSIONS FOR CAPITAL AND FIXED COST
590.234612 seconds (265.26 M allocations: 17.039 GiB, 96.80% gc time)
BUILDING OBJECTIVE FUNCTION
 31.467812 seconds (64.72 M allocations: 2.033 GiB, 76.84% gc time)
Optimizing for iteration 4
357.970914 seconds (2 allocations: 32 bytes)
OPTIMAL
8.741236604460968e9
ϵ =  0.03459229136885194
READING COST DATA FOR ITERATION 5
1169.663435 seconds (147.77 M allocations: 16.676 GiB, 24.39% gc time)
CREATING EXPRESSIONS FOR CAPITAL AND FIXED COST
570.679397 seconds (265.26 M allocations: 17.039 GiB, 96.65% gc time)
BUILDING OBJECTIVE FUNCTION
 30.970438 seconds (64.72 M allocations: 2.033 GiB, 76.39% gc time)
Optimizing for iteration 5
363.656745 seconds (2 allocations: 32 bytes)
OPTIMAL
8.703798909840363e9
ϵ =  0.004301305097294841
READING COST DATA FOR ITERATION 6
1174.535117 seconds (147.76 M allocations: 16.589 GiB, 24.64% gc time)
CREATING EXPRESSIONS FOR CAPITAL AND FIXED COST
589.831470 seconds (265.26 M allocations: 17.039 GiB, 96.76% gc time)
BUILDING OBJECTIVE FUNCTION
 31.285695 seconds (64.72 M allocations: 2.033 GiB, 76.56% gc time)
Optimizing for iteration 6
357.067609 seconds (2 allocations: 32 bytes)
OPTIMAL
8.697379107035372e9
ϵ =  0.0007381307323255449
ITERATIONS COMPLETED
WRITING RESULTS TO FILE
 51.229951 seconds (51.89 M allocations: 2.133 GiB, 89.49% gc time, 1.39% compilation time)

THE OPTIMIZATION PROBLEM TOOK 211.48 MINUTES TO SOLVE. 
