Running HiGHS 1.6.0: Copyright (c) 2023 HiGHS under MIT licence terms
Presolving model
863568 rows, 1838807 cols, 4714146 nonzeros
653160 rows, 1218813 cols, 3470805 nonzeros
645068 rows, 723921 cols, 2477172 nonzeros
643534 rows, 721949 cols, 2473295 nonzeros
Presolve : Reductions: rows 643534(-7202953); columns 721949(-4518513); elements 2473295(-29646314)
Solving the presolved LP
IPX model has 643534 rows, 721949 columns and 2473295 nonzeros
Input
    Number of variables:                                721949
    Number of free variables:                           0
    Number of constraints:                              643534
    Number of equality constraints:                     40406
    Number of matrix entries:                           2473295
    Matrix range:                                       [1e-02, 1e+00]
    RHS range:                                          [2e+05, 1e+08]
    Objective range:                                    [1e-04, 4e+01]
    Bounds range:                                       [7e+05, 1e+08]
Preprocessing
    Dualized model:                                     no
    Number of dense columns:                            0
    Range of scaling factors:                           [1.00e+00, 2.00e+00]
IPX version 1.0
Interior Point Solve
 Iter     P.res    D.res            P.obj           D.obj        mu     Time
   0   1.67e+07 2.89e+01   3.37359933e+09 -7.33536079e+13  5.34e+08       0s
   1   5.26e+06 2.07e+01   1.39565782e+12 -5.65259127e+13  4.01e+08       1s
   2   2.83e+06 1.80e+01   2.40941905e+12 -5.26803301e+13  4.59e+08       3s
   3   1.40e+06 2.70e+00   2.38088196e+12 -8.96711826e+12  7.48e+07       5s
   4   2.25e+05 3.41e-01   1.72766558e+12 -1.72148274e+12  1.13e+07       9s
 Constructing starting basis...
   5   8.84e+04 1.11e-01   1.15884196e+12 -7.30244249e+11  4.40e+06      25s
   6   1.76e+04 4.11e-02   5.20087359e+11 -3.03223221e+11  1.62e+06      36s
   7   6.37e+03 1.38e-02   3.42578765e+11 -1.23855704e+11  6.67e+05      47s
   8   2.08e+03 4.93e-03   1.84466525e+11 -4.74048696e+10  2.61e+05      57s
   9   1.03e+03 1.83e-03   1.27233638e+11 -2.07570482e+10  1.36e+05      66s
  10   4.61e+02 6.11e-04   8.23064385e+10 -8.54185553e+09  7.28e+04      76s
  11   2.50e+02 2.11e-04   5.65761982e+10 -2.84182380e+09  4.45e+04      85s
  12   9.63e+01 7.21e-05   3.29050177e+10 -1.33826020e+08  2.41e+04      94s
  13   3.91e+01 4.82e-05   2.04022799e+10  5.57662275e+08  1.44e+04     104s
  14   2.04e+01 3.31e-05   1.54983631e+10  1.04866041e+09  1.04e+04     115s
  15   1.40e+01 1.65e-05   1.24227898e+10  1.80148153e+09  7.62e+03     125s
  16   1.20e+01 1.29e-05   1.14770627e+10  1.95715408e+09  6.83e+03     138s
  17   9.76e+00 9.79e-06   1.10306085e+10  2.01341390e+09  6.46e+03     147s
  18   8.65e+00 7.25e-06   1.06621594e+10  2.09116600e+09  6.13e+03     156s
  19   7.79e+00 5.34e-06   9.95546562e+09  2.25510135e+09  5.51e+03     165s
  20   7.48e+00 4.18e-06   9.74536335e+09  2.33002280e+09  5.30e+03     175s
  21   3.95e+00 1.61e-06   7.67364340e+09  2.45549697e+09  3.73e+03     183s
  22   3.50e+00 9.59e-07   7.28638472e+09  2.52895809e+09  3.40e+03     195s
  23   2.02e+00 3.42e-07   6.17511711e+09  2.57752380e+09  2.57e+03     205s
  24   8.96e-01 1.21e-07   4.74557973e+09  2.65628185e+09  1.49e+03     219s
  25   5.56e-01 5.20e-08   4.31467825e+09  2.68337877e+09  1.16e+03     236s
  26   2.20e-01 8.18e-09   3.71382093e+09  2.72318929e+09  7.07e+02     252s
  27   1.21e-01 3.66e-09   3.35404558e+09  2.74847726e+09  4.32e+02     270s
  28   6.20e-02 2.10e-09   3.12008252e+09  2.75943880e+09  2.57e+02     290s
  29   1.10e-02 5.91e-10   2.96480718e+09  2.76688075e+09  1.41e+02     311s
  30   5.62e-03 3.15e-10   2.89731148e+09  2.77334397e+09  8.85e+01     343s
  31   2.21e-03 1.82e-10   2.84990145e+09  2.77684936e+09  5.21e+01     371s
  32   1.12e-03 9.39e-11   2.82458352e+09  2.78028636e+09  3.16e+01     393s
  33   5.27e-04 3.72e-11   2.81210450e+09  2.78225885e+09  2.13e+01     415s
  34   2.69e-04 2.27e-11   2.80230135e+09  2.78315447e+09  1.37e+01     432s
  35   1.58e-04 1.11e-11   2.79822321e+09  2.78384433e+09  1.03e+01     444s
  36   7.82e-05 5.63e-12   2.79365277e+09  2.78434106e+09  6.65e+00     453s
  37   2.49e-05 1.26e-12   2.79123176e+09  2.78466456e+09  4.69e+00     462s
  38   1.12e-05 7.18e-13   2.78834965e+09  2.78489327e+09  2.47e+00     471s
  39   5.45e-06 2.34e-13   2.78757946e+09  2.78503787e+09  1.81e+00     479s
  40   2.29e-06 9.24e-14   2.78664238e+09  2.78514054e+09  1.07e+00     486s
  41   8.94e-07 4.97e-14   2.78597116e+09  2.78519362e+09  5.55e-01     493s
  42   2.38e-07 2.13e-14   2.78559389e+09  2.78523297e+09  2.58e-01     500s
  43   2.50e-07 2.13e-14   2.78533668e+09  2.78525538e+09  5.80e-02     506s
  44   5.13e-08 2.13e-14   2.78528524e+09  2.78526289e+09  1.60e-02     513s
  45   4.56e-08 2.13e-14   2.78527020e+09  2.78526481e+09  3.85e-03     519s
  46   1.16e-07 2.13e-14   2.78526631e+09  2.78526590e+09  2.93e-04     525s
  47   1.12e-07 2.13e-14   2.78526609e+09  2.78526601e+09  5.73e-05     531s
  48   2.02e-07 2.13e-14   2.78526604e+09  2.78526603e+09  5.25e-06     538s
  49*  1.51e-07 2.84e-14   2.78526604e+09  2.78526604e+09  2.88e-07     544s
Summary
    Runtime:                                            544.01s
    Status interior point solve:                        optimal
    Status crossover:                                   not run
    objective value:                                    2.78526604e+09
    interior solution primal residual (abs/rel):        1.94e-07 / 1.33e-15
    interior solution dual residual (abs/rel):          7.81e-11 / 1.76e-12
    interior solution objective gap (abs/rel):          4.06e-01 / 1.46e-10
Ipx: IPM       optimal
ERROR:   LP solver claims optimality, but with num/sum/max primal(0/0/0)and dual(1/0.779612/0.779611) infeasibilities
Model   status      : Optimal
IPM       iterations: 49
Objective value     :  2.7852660362e+09
HiGHS run time      :        553.46
Presolving model
863568 rows, 1838807 cols, 4714146 nonzeros
653160 rows, 1218813 cols, 3470805 nonzeros
645068 rows, 723921 cols, 2477172 nonzeros
643534 rows, 721949 cols, 2473295 nonzeros
Presolve : Reductions: rows 643534(-7225498); columns 721949(-4518513); elements 2473295(-29668859)
Solving the presolved LP
IPX model has 643534 rows, 721949 columns and 2473295 nonzeros
Input
    Number of variables:                                721949
    Number of free variables:                           0
    Number of constraints:                              643534
    Number of equality constraints:                     40406
    Number of matrix entries:                           2473295
    Matrix range:                                       [1e-02, 1e+00]
    RHS range:                                          [2e+05, 1e+08]
    Objective range:                                    [2e-04, 8e+06]
    Bounds range:                                       [7e+05, 1e+08]
Preprocessing
    Dualized model:                                     no
    Number of dense columns:                            0
    Range of scaling factors:                           [1.00e+00, 2.00e+00]
IPX version 1.0
Interior Point Solve
 Iter     P.res    D.res            P.obj           D.obj        mu     Time
   0   1.67e+07 2.61e+06   2.06900228e+14 -6.61559040e+18  4.83e+13       0s
   1   5.26e+06 1.90e+06   3.98681117e+17 -5.17876575e+18  3.71e+13       1s
   2   2.85e+06 1.65e+06   6.48864465e+17 -4.82410642e+18  4.21e+13       3s
   3   1.42e+06 2.62e+05   6.46252719e+17 -8.76269778e+17  7.45e+12       5s
   4   2.63e+05 4.36e+04   4.87741823e+17 -2.15421345e+17  1.54e+12       9s
 Constructing starting basis...
   5   5.29e+04 1.20e+04   2.61203902e+17 -7.68341882e+16  4.94e+11      26s
   6   1.49e+04 4.73e+03   1.38557774e+17 -3.58530047e+16  2.05e+11      34s
   7   3.21e+03 1.85e+03   7.34903590e+16 -1.81277207e+16  9.10e+10      42s
   8   1.37e+03 6.83e+02   4.32674862e+16 -7.97955383e+15  4.40e+10      52s
   9   6.60e+02 2.12e+02   2.51400419e+16 -3.00624097e+15  2.19e+10      61s
  10   2.60e+02 7.95e+01   1.29565580e+16 -1.42640269e+15  1.08e+10      69s
  11   1.19e+02 3.02e+01   6.57147858e+15 -6.17264711e+14  5.32e+09      77s
  12   6.01e+01 1.36e+01   4.61437198e+15 -4.30665130e+14  3.71e+09      85s
  13   6.01e-05 5.60e+00   2.23255011e+15 -3.06340033e+14  1.90e+09      93s
  14   1.73e-05 3.38e+00   8.71481111e+14 -1.97363395e+14  8.14e+08     101s
  15   1.13e-05 1.84e+00   6.34701500e+14 -1.14419104e+14  5.62e+08     110s
  16   4.05e-06 8.77e-01   2.72947441e+14 -5.82400881e+13  2.49e+08     117s
  17   1.31e-06 4.07e-01   1.10955552e+14 -2.87309437e+13  1.05e+08     124s
  18   5.96e-07 1.20e-01   3.09903588e+13 -9.49842977e+12  3.02e+07     131s
  19   4.77e-07 2.95e-02   1.27531950e+13 -2.63392327e+12  1.13e+07     138s
  20   5.36e-07 9.83e-03   6.52686156e+12 -1.07517385e+12  5.50e+06     145s
  21   3.58e-07 4.44e-03   3.37413308e+12 -5.38589359e+11  2.82e+06     152s
  22   4.77e-07 2.46e-03   2.07408596e+12 -3.47883767e+11  1.74e+06     159s
  23   4.17e-07 1.06e-03   1.29694514e+12 -1.85022974e+11  1.06e+06     167s
  24   5.36e-07 5.26e-04   8.08091370e+11 -1.04358843e+11  6.53e+05     174s
  25   3.28e-07 2.96e-04   6.28177043e+11 -6.32228405e+10  4.94e+05     183s
  26   2.38e-07 1.72e-04   5.06300405e+11 -3.97107880e+10  3.90e+05     191s
  27   2.98e-07 1.16e-04   4.52438313e+11 -2.72274696e+10  3.43e+05     199s
  28   2.38e-07 8.88e-05   3.69779571e+11 -1.99968843e+10  2.78e+05     206s
  29   2.38e-07 6.16e-05   2.81174118e+11 -1.30099977e+10  2.10e+05     213s
  30   1.94e-07 3.23e-05   2.50855642e+11 -7.54919090e+09  1.84e+05     221s
  31   2.71e-07 1.71e-05   1.96408752e+11 -1.77655257e+09  1.41e+05     228s
  32   1.84e-07 7.23e-06   1.43368243e+11  1.18054332e+09  1.01e+05     236s
  33   1.51e-07 3.29e-06   1.15740322e+11  5.67590141e+09  7.86e+04     243s
  34   1.83e-07 1.49e-06   7.29675058e+10  7.42890192e+09  4.68e+04     251s
  35   1.96e-07 3.10e-07   4.51513305e+10  9.30792453e+09  2.56e+04     260s
  36   6.05e-08 1.60e-07   3.10705025e+10  1.03618637e+10  1.48e+04     268s
  37   7.54e-08 5.96e-08   2.21116786e+10  1.11396903e+10  7.83e+03     276s
  38   6.15e-08 1.86e-08   1.76380956e+10  1.15322309e+10  4.36e+03     283s
  39   7.17e-08 7.45e-09   1.51340010e+10  1.17159338e+10  2.44e+03     290s
  40   1.78e-07 3.73e-09   1.37258167e+10  1.17446882e+10  1.41e+03     296s
  41   1.30e-07 2.79e-09   1.25654742e+10  1.18218751e+10  5.31e+02     302s
  42   1.10e-07 2.79e-09   1.21900291e+10  1.18673201e+10  2.30e+02     309s
  43   1.01e-07 1.86e-09   1.21074517e+10  1.18745126e+10  1.66e+02     315s
  44   1.36e-07 2.79e-09   1.20119413e+10  1.18845389e+10  9.09e+01     320s
  45   1.43e-07 1.86e-09   1.19584822e+10  1.18921487e+10  4.73e+01     326s
  46   1.91e-07 2.79e-09   1.19220623e+10  1.18971024e+10  1.78e+01     332s
  47   1.25e-07 2.79e-09   1.19054901e+10  1.18978123e+10  5.48e+00     337s
  48   7.45e-08 2.79e-09   1.18996625e+10  1.18982662e+10  9.97e-01     342s
  49   1.17e-07 2.79e-09   1.18987542e+10  1.18983570e+10  2.83e-01     347s
  50   8.94e-08 2.79e-09   1.18984126e+10  1.18983683e+10  3.16e-02     352s
  51   1.07e-07 2.79e-09   1.18983763e+10  1.18983717e+10  3.27e-03     357s
  52   1.38e-07 2.79e-09   1.18983724e+10  1.18983720e+10  3.21e-04     362s
  53   3.33e-07 2.79e-09   1.18983721e+10  1.18983720e+10  3.63e-05     366s
  54*  7.50e-07 9.31e-10   1.18983720e+10  1.18983720e+10  3.72e-06     369s
Summary
    Runtime:                                            369.44s
    Status interior point solve:                        optimal
    Status crossover:                                   not run
    objective value:                                    1.18983720e+10
    interior solution primal residual (abs/rel):        6.11e-07 / 4.18e-15
    interior solution dual residual (abs/rel):          9.31e-10 / 1.18e-16
    interior solution objective gap (abs/rel):          4.91e+00 / 4.12e-10
Ipx: IPM       optimal
Model   status      : Optimal
IPM       iterations: 54
Objective value     :  1.1898372028e+10
HiGHS run time      :        378.26
Presolving model
863568 rows, 1838807 cols, 4714146 nonzeros
653160 rows, 1218813 cols, 3470805 nonzeros
645068 rows, 723921 cols, 2477172 nonzeros
643534 rows, 721949 cols, 2473295 nonzeros
Presolve : Reductions: rows 643534(-7248043); columns 721949(-4518513); elements 2473295(-29691404)
Solving the presolved LP
IPX model has 643534 rows, 721949 columns and 2473295 nonzeros
Input
    Number of variables:                                721949
    Number of free variables:                           0
    Number of constraints:                              643534
    Number of equality constraints:                     40406
    Number of matrix entries:                           2473295
    Matrix range:                                       [1e-02, 1e+00]
    RHS range:                                          [2e+05, 1e+08]
    Objective range:                                    [2e-04, 8e+06]
    Bounds range:                                       [7e+05, 1e+08]
Preprocessing
    Dualized model:                                     no
    Number of dense columns:                            0
    Range of scaling factors:                           [1.00e+00, 2.00e+00]
IPX version 1.0
Interior Point Solve
 Iter     P.res    D.res            P.obj           D.obj        mu     Time
   0   1.67e+07 2.61e+06   2.13741173e+14 -6.61468538e+18  4.83e+13       0s
   1   5.26e+06 1.90e+06   4.03318818e+17 -5.17801492e+18  3.71e+13       1s
   2   2.86e+06 1.65e+06   6.55946132e+17 -4.82341489e+18  4.20e+13       3s
   3   1.42e+06 2.62e+05   6.53887476e+17 -8.75871855e+17  7.44e+12       5s
   4   2.63e+05 4.41e+04   4.95117642e+17 -2.16450751e+17  1.56e+12       9s
 Constructing starting basis...
   5   5.64e+04 1.23e+04   2.71877539e+17 -7.76757738e+16  5.06e+11      25s
   6   1.70e+04 4.89e+03   1.48313038e+17 -3.66231218e+16  2.14e+11      34s
   7   3.11e+03 2.24e+03   7.19154068e+16 -2.00443128e+16  9.37e+10      42s
   8   9.30e+02 8.88e+02   3.79322618e+16 -9.34727965e+15  4.19e+10      53s
   9   2.45e+02 3.39e+02   1.73662976e+16 -4.13408024e+15  1.75e+10      63s
  10   7.02e+01 1.16e+02   7.90763973e+15 -1.62460206e+15  7.34e+09      72s
  11   3.49e+01 4.86e+01   4.65122803e+15 -7.40240416e+14  4.05e+09      81s
  12   1.86e+01 2.36e+01   3.74494825e+15 -4.92272326e+14  3.14e+09      89s
  13   7.81e+00 1.41e+01   2.03437163e+15 -3.20577438e+14  1.75e+09      98s
  14   1.64e+00 8.27e+00   7.95726180e+14 -2.01109150e+14  7.56e+08     107s
  15   1.05e+00 5.25e+00   6.02318853e+14 -1.33903301e+14  5.55e+08     115s
  16   2.99e-01 3.63e+00   2.22401481e+14 -9.35322228e+13  2.46e+08     122s
  17   1.09e-01 1.75e+00   1.39373182e+14 -4.84797465e+13  1.44e+08     129s
  18   4.89e-02 6.28e-01   7.77571126e+13 -1.86352401e+13  7.24e+07     136s
  19   2.16e-02 1.60e-01   4.08146218e+13 -5.31952616e+12  3.38e+07     143s
  20   5.82e-03 3.80e-02   1.33338903e+13 -1.40096887e+12  1.07e+07     150s
  21   1.65e-03 7.99e-03   5.23841441e+12 -3.98774832e+11  4.06e+06     157s
  22   9.07e-04 3.79e-03   3.39533690e+12 -2.24657436e+11  2.60e+06     164s
  23   3.43e-04 1.54e-03   1.70488088e+12 -1.13049091e+11  1.30e+06     170s
  24   1.80e-04 5.65e-04   1.21927468e+12 -6.53323067e+10  9.18e+05     178s
  25   1.15e-04 2.42e-04   1.00962550e+12 -4.76331805e+10  7.55e+05     186s
  26   5.85e-05 7.51e-05   6.75669777e+11 -2.44849258e+10  5.00e+05     193s
  27   2.77e-05 4.00e-05   5.34496212e+11 -2.19485308e+10  3.97e+05     201s
  28   1.03e-05 1.67e-05   2.40565856e+11 -7.06154371e+09  1.77e+05     209s
  29   5.60e-06 7.07e-06   1.87024731e+11 -3.08276536e+09  1.36e+05     217s
  30   7.75e-07 3.12e-06   1.05252467e+11 -2.77119949e+08  7.53e+04     224s
  31   1.79e-07 9.15e-07   5.53051525e+10  3.64574851e+09  3.69e+04     232s
  32   8.94e-08 3.42e-07   3.23476639e+10  5.57595497e+09  1.91e+04     240s
  33   1.81e-07 1.42e-07   1.87613068e+10  6.68615786e+09  8.62e+03     247s
  34   1.51e-07 6.24e-08   1.23722303e+10  7.15446918e+09  3.72e+03     254s
  35   8.20e-08 2.61e-08   1.03385174e+10  7.41747425e+09  2.08e+03     261s
  36   1.10e-07 1.02e-08   8.90532904e+09  7.55046358e+09  9.67e+02     267s
  37   1.58e-07 5.59e-09   8.14055869e+09  7.59369520e+09  3.90e+02     273s
  38   9.41e-08 2.79e-09   7.88447368e+09  7.62236237e+09  1.87e+02     279s
  39   8.75e-08 2.79e-09   7.71817420e+09  7.63069998e+09  6.24e+01     284s
  40   1.70e-07 3.73e-09   7.65907574e+09  7.64011835e+09  1.35e+01     290s
  41   6.52e-08 2.79e-09   7.65102427e+09  7.64303125e+09  5.71e+00     296s
  42   1.14e-07 2.79e-09   7.64520466e+09  7.64411177e+09  7.80e-01     301s
  43   7.47e-08 2.79e-09   7.64441405e+09  7.64428393e+09  9.29e-02     306s
  44   1.19e-07 2.79e-09   7.64431446e+09  7.64429944e+09  1.07e-02     311s
  45   1.56e-07 2.79e-09   7.64430637e+09  7.64430376e+09  1.86e-03     316s
  46   1.62e-07 2.79e-09   7.64430594e+09  7.64430579e+09  1.05e-04     321s
  47   5.32e-07 9.31e-10   7.64430588e+09  7.64430586e+09  1.05e-05     327s
  48*  2.51e-07 1.40e-09   7.64430587e+09  7.64430587e+09  2.60e-06     331s
Summary
    Runtime:                                            330.79s
    Status interior point solve:                        optimal
    Status crossover:                                   not run
    objective value:                                    7.64430587e+09
    interior solution primal residual (abs/rel):        3.28e-07 / 2.25e-15
    interior solution dual residual (abs/rel):          9.31e-10 / 1.18e-16
    interior solution objective gap (abs/rel):          2.71e+00 / 3.54e-10
Ipx: IPM       optimal
Model   status      : Optimal
IPM       iterations: 48
Objective value     :  7.6443058701e+09
HiGHS run time      :        339.62
Presolving model
863568 rows, 1838807 cols, 4714146 nonzeros
653160 rows, 1218813 cols, 3470805 nonzeros
645068 rows, 723921 cols, 2477172 nonzeros
643534 rows, 721949 cols, 2473295 nonzeros
Presolve : Reductions: rows 643534(-7270588); columns 721949(-4518513); elements 2473295(-29713949)
Solving the presolved LP
IPX model has 643534 rows, 721949 columns and 2473295 nonzeros
Input
    Number of variables:                                721949
    Number of free variables:                           0
    Number of constraints:                              643534
    Number of equality constraints:                     40406
    Number of matrix entries:                           2473295
    Matrix range:                                       [1e-02, 1e+00]
    RHS range:                                          [2e+05, 1e+08]
    Objective range:                                    [2e-04, 8e+06]
    Bounds range:                                       [7e+05, 1e+08]
Preprocessing
    Dualized model:                                     no
    Number of dense columns:                            0
    Range of scaling factors:                           [1.00e+00, 2.00e+00]
IPX version 1.0
Interior Point Solve
 Iter     P.res    D.res            P.obj           D.obj        mu     Time
   0   1.67e+07 2.61e+06   2.14602600e+14 -6.61468825e+18  4.83e+13       0s
   1   5.26e+06 1.90e+06   4.03321387e+17 -5.17803357e+18  3.71e+13       1s
   2   2.86e+06 1.65e+06   6.56525603e+17 -4.82407696e+18  4.21e+13       3s
   3   1.42e+06 2.62e+05   6.54509474e+17 -8.76864877e+17  7.45e+12       5s
   4   2.66e+05 4.42e+04   4.96511151e+17 -2.17118617e+17  1.56e+12       9s
 Constructing starting basis...
   5   5.59e+04 1.23e+04   2.72019905e+17 -7.81621407e+16  5.08e+11      26s
   6   1.67e+04 4.91e+03   1.48164199e+17 -3.68476224e+16  2.14e+11      35s
   7   3.02e+03 2.22e+03   7.21493730e+16 -2.00555872e+16  9.37e+10      44s
   8   9.48e+02 8.83e+02   3.87386681e+16 -9.34517915e+15  4.25e+10      56s
   9   2.45e+02 3.29e+02   1.73932936e+16 -4.04973840e+15  1.73e+10      66s
  10   6.91e+01 1.11e+02   7.95185041e+15 -1.59601013e+15  7.33e+09      75s
  11   3.59e+01 4.75e+01   4.82633431e+15 -7.36834616e+14  4.16e+09      84s
  12   2.23e+01 2.51e+01   3.92594659e+15 -4.98726131e+14  3.27e+09      94s
  13   9.25e+00 1.55e+01   2.10267478e+15 -3.33372816e+14  1.81e+09     102s
  14   2.82e+00 9.39e+00   1.05437170e+15 -2.18748685e+14  9.57e+08     111s
  15   1.53e+00 6.13e+00   6.57164120e+14 -1.45983122e+14  6.05e+08     118s
  16   3.67e-01 3.74e+00   2.41053336e+14 -9.11246399e+13  2.57e+08     125s
  17   1.71e-01 1.71e+00   1.78792099e+14 -4.69588847e+13  1.71e+08     133s
  18   1.10e-01 8.80e-01   1.23875860e+14 -2.49410331e+13  1.11e+08     140s
  19   3.08e-02 3.33e-01   4.47689883e+13 -9.99987578e+12  4.09e+07     146s
  20   6.47e-03 7.85e-02   1.72909010e+13 -2.85467438e+12  1.48e+07     154s
  21   2.00e-03 2.02e-02   6.95508584e+12 -8.34299407e+11  5.65e+06     162s
  22   9.09e-04 6.44e-03   3.86838093e+12 -3.18766457e+11  3.01e+06     169s
  23   4.90e-04 3.14e-03   2.63223359e+12 -1.91817578e+11  2.03e+06     177s
  24   2.27e-04 1.06e-03   1.70212068e+12 -9.92869088e+10  1.29e+06     184s
  25   1.57e-04 5.76e-04   1.50450529e+12 -8.19684471e+10  1.13e+06     192s
  26   1.14e-04 2.59e-04   1.15911391e+12 -4.15040970e+10  8.58e+05     199s
  27   5.86e-05 1.12e-04   6.52286068e+11 -1.80632101e+10  4.79e+05     207s
  28   3.37e-05 4.26e-05   4.39949011e+11 -8.35243314e+09  3.20e+05     215s
  29   1.07e-05 1.24e-05   2.95283930e+11 -7.51789509e+09  2.16e+05     221s
  30   4.47e-06 5.58e-06   1.46408657e+11 -6.00067790e+08  1.05e+05     229s
  31   2.09e-07 3.31e-06   6.44943949e+10  1.21233661e+09  4.52e+04     237s
  32   1.25e-07 1.22e-06   3.18310408e+10  4.41484384e+09  1.96e+04     245s
  33   1.40e-07 5.22e-07   1.77507976e+10  5.93342284e+09  8.43e+03     253s
  34   8.94e-08 1.80e-07   1.26838791e+10  6.79491305e+09  4.20e+03     261s
  35   6.52e-08 7.45e-08   9.89100714e+09  7.11517735e+09  1.98e+03     268s
  36   7.82e-08 3.07e-08   8.51750057e+09  7.28067310e+09  8.83e+02     275s
  37   6.71e-08 1.68e-08   7.93995489e+09  7.33850335e+09  4.29e+02     282s
  38   1.05e-07 9.31e-09   7.68367662e+09  7.37020984e+09  2.24e+02     288s
  39   1.51e-07 5.59e-09   7.55876809e+09  7.38664200e+09  1.23e+02     294s
  40   1.33e-07 2.79e-09   7.49021492e+09  7.39767781e+09  6.60e+01     300s
  41   9.50e-08 2.79e-09   7.44889235e+09  7.40198175e+09  3.35e+01     306s
  42   8.75e-08 1.86e-09   7.41952462e+09  7.40303002e+09  1.18e+01     312s
  43   9.69e-08 2.79e-09   7.40829066e+09  7.40378466e+09  3.22e+00     318s
  44   1.47e-07 2.79e-09   7.40532654e+09  7.40405671e+09  9.06e-01     323s
  45   9.50e-08 2.79e-09   7.40431262e+09  7.40416645e+09  1.04e-01     329s
  46   9.74e-08 2.79e-09   7.40420894e+09  7.40419326e+09  1.12e-02     335s
  47   1.26e-07 2.79e-09   7.40419703e+09  7.40419544e+09  1.14e-03     340s
  48   2.59e-07 2.79e-09   7.40419624e+09  7.40419611e+09  9.54e-05     346s
  49   4.25e-07 9.31e-10   7.40419619e+09  7.40419617e+09  1.26e-05     352s
  50*  4.10e-07 1.40e-09   7.40419618e+09  7.40419617e+09  2.15e-06     356s
Summary
    Runtime:                                            355.81s
    Status interior point solve:                        optimal
    Status crossover:                                   not run
    objective value:                                    7.40419618e+09
    interior solution primal residual (abs/rel):        4.47e-07 / 3.06e-15
    interior solution dual residual (abs/rel):          9.31e-10 / 1.18e-16
    interior solution objective gap (abs/rel):          2.33e+00 / 3.14e-10
Ipx: IPM       optimal
Model   status      : Optimal
IPM       iterations: 50
Objective value     :  7.4041961765e+09
HiGHS run time      :        365.06
Presolving model
863568 rows, 1838807 cols, 4714146 nonzeros
653160 rows, 1218813 cols, 3470805 nonzeros
645068 rows, 723921 cols, 2477172 nonzeros
643534 rows, 721949 cols, 2473295 nonzeros
Presolve : Reductions: rows 643534(-7293133); columns 721949(-4518513); elements 2473295(-29736494)
Solving the presolved LP
IPX model has 643534 rows, 721949 columns and 2473295 nonzeros
Input
    Number of variables:                                721949
    Number of free variables:                           0
    Number of constraints:                              643534
    Number of equality constraints:                     40406
    Number of matrix entries:                           2473295
    Matrix range:                                       [1e-02, 1e+00]
    RHS range:                                          [2e+05, 1e+08]
    Objective range:                                    [2e-04, 8e+06]
    Bounds range:                                       [7e+05, 1e+08]
Preprocessing
    Dualized model:                                     no
    Number of dense columns:                            0
    Range of scaling factors:                           [1.00e+00, 2.00e+00]
IPX version 1.0
Interior Point Solve
 Iter     P.res    D.res            P.obj           D.obj        mu     Time
   0   1.67e+07 2.61e+06   2.14975424e+14 -6.61473874e+18  4.83e+13       0s
   1   5.27e+06 1.90e+06   4.03363379e+17 -5.17808061e+18  3.71e+13       1s
   2   2.86e+06 1.65e+06   6.56608834e+17 -4.82417265e+18  4.21e+13       3s
   3   1.42e+06 2.62e+05   6.54601326e+17 -8.76922670e+17  7.45e+12       5s
   4   2.66e+05 4.42e+04   4.96833794e+17 -2.17298494e+17  1.56e+12       9s
 Constructing starting basis...
   5   5.58e+04 1.23e+04   2.72011446e+17 -7.81543547e+16  5.07e+11      26s
   6   1.67e+04 4.91e+03   1.48028761e+17 -3.68710276e+16  2.14e+11      35s
   7   3.01e+03 2.22e+03   7.21727482e+16 -2.00285037e+16  9.36e+10      44s
   8   9.28e+02 8.83e+02   3.84741647e+16 -9.35405437e+15  4.22e+10      56s
   9   2.41e+02 3.31e+02   1.73870576e+16 -4.07317477e+15  1.74e+10      66s
  10   7.05e+01 1.13e+02   8.02455183e+15 -1.60378161e+15  7.39e+09      76s
  11   3.59e+01 4.71e+01   4.89452326e+15 -7.38745577e+14  4.21e+09      85s
  12   2.17e+01 2.60e+01   3.91701089e+15 -5.09981084e+14  3.28e+09      94s
  13   8.85e+00 1.56e+01   2.08307303e+15 -3.33093410e+14  1.80e+09     103s
  14   2.47e+00 9.34e+00   1.02194847e+15 -2.17350379e+14  9.33e+08     111s
  15   1.33e+00 6.05e+00   6.46534799e+14 -1.44300133e+14  5.96e+08     119s
  16   3.34e-01 3.50e+00   2.46227273e+14 -8.60158773e+13  2.56e+08     126s
  17   2.43e-01 1.68e+00   2.11750900e+14 -4.61255413e+13  1.93e+08     134s
  18   1.68e-01 1.09e+00   1.66087425e+14 -3.16944265e+13  1.47e+08     140s
  19   5.66e-02 4.18e-01   6.18265114e+13 -1.24175866e+13  5.52e+07     147s
  20   1.39e-02 1.21e-01   2.60377218e+13 -4.28755015e+12  2.23e+07     154s
  21   4.60e-03 2.95e-02   1.05705119e+13 -1.16320701e+12  8.52e+06     162s
  22   1.62e-03 7.86e-03   4.42748405e+12 -3.56815867e+11  3.44e+06     169s
  23   9.34e-04 4.30e-03   3.02580818e+12 -2.24743087e+11  2.33e+06     175s
  24   4.75e-04 2.56e-03   1.89457017e+12 -1.50018709e+11  1.47e+06     182s
  25   2.81e-04 1.37e-03   1.63722307e+12 -1.15175609e+11  1.25e+06     189s
  26   1.71e-04 4.73e-04   1.08258962e+12 -4.43046489e+10  8.05e+05     198s
  27   6.82e-05 1.70e-04   5.43067409e+11 -1.88528527e+10  4.01e+05     205s
  28   2.71e-05 8.20e-05   2.82682830e+11 -8.93523822e+09  2.08e+05     212s
  29   1.19e-05 3.30e-05   1.79537132e+11 -2.85808706e+09  1.30e+05     219s
  30   1.40e-06 1.35e-05   8.55634759e+10  5.60314001e+08  6.07e+04     226s
  31   4.17e-07 5.19e-06   4.26921516e+10  3.96969006e+09  2.76e+04     234s
  32   1.19e-07 2.06e-06   2.45989800e+10  5.54860401e+09  1.36e+04     242s
  33   1.55e-07 8.81e-07   1.50107256e+10  6.47385806e+09  6.09e+03     250s
  34   8.38e-08 3.04e-07   1.08221446e+10  6.94894721e+09  2.76e+03     257s
  35   1.43e-07 1.24e-07   8.91919440e+09  7.14907281e+09  1.26e+03     264s
  36   8.94e-08 5.96e-08   8.07138781e+09  7.22856696e+09  6.02e+02     270s
  37   9.69e-08 2.89e-08   7.65549997e+09  7.27253156e+09  2.73e+02     277s
  38   2.50e-07 1.30e-08   7.44510868e+09  7.29397826e+09  1.08e+02     283s
  39   1.92e-07 7.45e-09   7.34623703e+09  7.30435496e+09  2.99e+01     289s
  40   9.31e-08 3.73e-09   7.32234452e+09  7.31118230e+09  7.97e+00     295s
  41   1.77e-07 2.79e-09   7.31574392e+09  7.31377029e+09  1.41e+00     301s
  42   1.83e-07 3.73e-09   7.31469045e+09  7.31450493e+09  1.32e-01     307s
  43   1.81e-07 2.79e-09   7.31460465e+09  7.31458403e+09  1.47e-02     312s
  44   2.33e-07 2.79e-09   7.31459502e+09  7.31459196e+09  2.19e-03     318s
  45   1.83e-07 2.79e-09   7.31459328e+09  7.31459301e+09  1.98e-04     323s
  46   3.35e-07 9.31e-10   7.31459322e+09  7.31459315e+09  5.25e-05     329s
  47   4.69e-07 9.31e-10   7.31459319e+09  7.31459317e+09  1.46e-05     334s
  48*  7.71e-07 9.31e-10   7.31459317e+09  7.31459317e+09  1.09e-06     337s
Summary
    Runtime:                                            337.33s
    Status interior point solve:                        optimal
    Status crossover:                                   not run
    objective value:                                    7.31459317e+09
    interior solution primal residual (abs/rel):        9.24e-07 / 6.33e-15
    interior solution dual residual (abs/rel):          4.66e-10 / 5.91e-17
    interior solution objective gap (abs/rel):          1.26e+00 / 1.72e-10
Ipx: IPM       optimal
Model   status      : Optimal
IPM       iterations: 48
Objective value     :  7.3145931712e+09
HiGHS run time      :        346.24
Presolving model
863568 rows, 1838807 cols, 4714146 nonzeros
653160 rows, 1218813 cols, 3470805 nonzeros
645068 rows, 723921 cols, 2477172 nonzeros
643534 rows, 721949 cols, 2473295 nonzeros
Presolve : Reductions: rows 643534(-7315678); columns 721949(-4518513); elements 2473295(-29759039)
Solving the presolved LP
IPX model has 643534 rows, 721949 columns and 2473295 nonzeros
Input
    Number of variables:                                721949
    Number of free variables:                           0
    Number of constraints:                              643534
    Number of equality constraints:                     40406
    Number of matrix entries:                           2473295
    Matrix range:                                       [1e-02, 1e+00]
    RHS range:                                          [2e+05, 1e+08]
    Objective range:                                    [2e-04, 8e+06]
    Bounds range:                                       [7e+05, 1e+08]
Preprocessing
    Dualized model:                                     no
    Number of dense columns:                            0
    Range of scaling factors:                           [1.00e+00, 2.00e+00]
IPX version 1.0
Interior Point Solve
 Iter     P.res    D.res            P.obj           D.obj        mu     Time
   0   1.67e+07 2.61e+06   2.15088464e+14 -6.61474204e+18  4.83e+13       0s
   1   5.27e+06 1.90e+06   4.03383032e+17 -5.17807976e+18  3.71e+13       1s
   2   2.86e+06 1.65e+06   6.56650569e+17 -4.82418129e+18  4.21e+13       3s
   3   1.42e+06 2.62e+05   6.54644871e+17 -8.76934144e+17  7.45e+12       5s
   4   2.66e+05 4.42e+04   4.96896899e+17 -2.17288746e+17  1.56e+12       9s
 Constructing starting basis...
   5   5.58e+04 1.23e+04   2.72049882e+17 -7.81327302e+16  5.07e+11      26s
   6   1.67e+04 4.90e+03   1.47932272e+17 -3.67907376e+16  2.14e+11      35s
   7   3.01e+03 2.21e+03   7.21548051e+16 -1.99687145e+16  9.34e+10      44s
   8   9.38e+02 8.84e+02   3.86356895e+16 -9.36550417e+15  4.24e+10      55s
   9   1.94e+02 3.28e+02   1.58560092e+16 -4.04195049e+15  1.62e+10      66s
  10   6.56e+01 1.13e+02   8.15105104e+15 -1.61659294e+15  7.49e+09      76s
  11   3.22e+01 4.75e+01   4.76454262e+15 -7.36814294e+14  4.12e+09      86s
  12   1.98e+01 2.66e+01   3.81263364e+15 -5.06524335e+14  3.20e+09      95s
  13   7.99e+00 1.58e+01   2.01862163e+15 -3.28187274e+14  1.75e+09     103s
  14   1.89e+00 9.60e+00   9.27799609e+14 -2.15697231e+14  8.65e+08     112s
  15   1.07e+00 6.10e+00   6.24283641e+14 -1.41574754e+14  5.78e+08     119s
  16   3.60e-01 3.68e+00   2.64105997e+14 -8.66839283e+13  2.69e+08     127s
  17   2.35e-01 1.92e+00   2.09665502e+14 -4.91362755e+13  1.95e+08     134s
  18   1.50e-01 1.16e+00   1.55633086e+14 -3.14507764e+13  1.40e+08     141s
  19   5.05e-02 4.42e-01   5.85998564e+13 -1.23229295e+13  5.29e+07     147s
  20   1.14e-02 1.20e-01   2.16242924e+13 -3.86061598e+12  1.88e+07     154s
  21   3.72e-03 2.83e-02   8.86250200e+12 -1.02113501e+12  7.18e+06     161s
  22   1.48e-03 9.89e-03   4.63832519e+12 -4.32641939e+11  3.66e+06     169s
  23   7.09e-04 4.28e-03   2.80573567e+12 -2.24514571e+11  2.18e+06     176s
  24   4.36e-04 2.36e-03   2.18854793e+12 -1.55742338e+11  1.68e+06     183s
  25   2.72e-04 8.20e-04   1.55554283e+12 -7.06190063e+10  1.16e+06     190s
  26   2.02e-04 3.81e-04   1.24703097e+12 -4.12344206e+10  9.20e+05     198s
  27   1.20e-04 1.06e-04   9.74181121e+11 -3.31316479e+10  7.19e+05     206s
  28   5.11e-05 4.15e-05   4.53930529e+11 -1.12354963e+10  3.32e+05     213s
  29   2.32e-05 1.60e-05   2.60949247e+11 -3.76335141e+09  1.89e+05     220s
  30   7.75e-06 6.72e-06   1.38508660e+11 -5.77475835e+07  9.89e+04     228s
  31   9.24e-07 4.00e-06   6.17646184e+10  1.71599705e+09  4.29e+04     236s
  32   2.09e-07 1.42e-06   3.01008665e+10  4.67082704e+09  1.82e+04     243s
  33   2.16e-07 6.81e-07   2.20194182e+10  5.76128244e+09  1.16e+04     251s
  34   1.42e-07 2.45e-07   1.37335471e+10  6.56912286e+09  5.11e+03     258s
  35   1.15e-07 1.36e-07   1.03842573e+10  6.85583434e+09  2.52e+03     266s
  36   8.57e-08 5.49e-08   8.75325918e+09  7.08656902e+09  1.19e+03     272s
  37   2.12e-07 2.05e-08   8.18155223e+09  7.17217849e+09  7.20e+02     279s
  38   1.83e-07 1.02e-08   7.60692181e+09  7.22580222e+09  2.72e+02     285s
  39   1.30e-07 4.66e-09   7.40217433e+09  7.25096943e+09  1.08e+02     291s
  40   1.42e-07 3.73e-09   7.30953794e+09  7.26122549e+09  3.45e+01     298s
  41   8.20e-08 2.79e-09   7.28392830e+09  7.26580349e+09  1.29e+01     304s
  42   1.79e-07 2.79e-09   7.27059933e+09  7.26818606e+09  1.72e+00     310s
  43   1.12e-07 3.73e-09   7.26890312e+09  7.26872266e+09  1.29e-01     315s
  44   8.57e-08 2.79e-09   7.26879530e+09  7.26877762e+09  1.26e-02     321s
  45   8.20e-08 2.79e-09   7.26878543e+09  7.26878294e+09  1.77e-03     326s
  46   1.13e-07 2.79e-09   7.26878376e+09  7.26878346e+09  2.13e-04     331s
  47   1.71e-07 1.86e-09   7.26878359e+09  7.26878356e+09  2.52e-05     337s
  48*  4.84e-07 9.31e-10   7.26878357e+09  7.26878357e+09  5.21e-06     341s
Summary
    Runtime:                                            341.06s
    Status interior point solve:                        optimal
    Status crossover:                                   not run
    objective value:                                    7.26878357e+09
    interior solution primal residual (abs/rel):        5.66e-07 / 3.88e-15
    interior solution dual residual (abs/rel):          4.66e-10 / 5.91e-17
    interior solution objective gap (abs/rel):          6.58e+00 / 9.05e-10
Ipx: IPM       optimal
Model   status      : Optimal
IPM       iterations: 48
Objective value     :  7.2687835727e+09
HiGHS run time      :        349.98
Presolving model
863568 rows, 1838807 cols, 4714146 nonzeros
653160 rows, 1218813 cols, 3470805 nonzeros
645068 rows, 723921 cols, 2477172 nonzeros
643534 rows, 721949 cols, 2473295 nonzeros
Presolve : Reductions: rows 643534(-7338223); columns 721949(-4518513); elements 2473295(-29781584)
Solving the presolved LP
IPX model has 643534 rows, 721949 columns and 2473295 nonzeros
Input
    Number of variables:                                721949
    Number of free variables:                           0
    Number of constraints:                              643534
    Number of equality constraints:                     40406
    Number of matrix entries:                           2473295
    Matrix range:                                       [1e-02, 1e+00]
    RHS range:                                          [2e+05, 1e+08]
    Objective range:                                    [2e-04, 8e+06]
    Bounds range:                                       [7e+05, 1e+08]
Preprocessing
    Dualized model:                                     no
    Number of dense columns:                            0
    Range of scaling factors:                           [1.00e+00, 2.00e+00]
IPX version 1.0
Interior Point Solve
 Iter     P.res    D.res            P.obj           D.obj        mu     Time
   0   1.67e+07 2.61e+06   2.15113332e+14 -6.61474177e+18  4.83e+13       0s
   1   5.27e+06 1.90e+06   4.03383416e+17 -5.17807796e+18  3.71e+13       1s
   2   2.86e+06 1.65e+06   6.56669529e+17 -4.82420111e+18  4.21e+13       3s
   3   1.42e+06 2.62e+05   6.54665545e+17 -8.76961268e+17  7.45e+12       5s
   4   2.66e+05 4.42e+04   4.96925277e+17 -2.17284414e+17  1.56e+12       9s
 Constructing starting basis...
   5   5.58e+04 1.23e+04   2.72045910e+17 -7.80793688e+16  5.07e+11      25s
   6   1.65e+04 4.90e+03   1.47335033e+17 -3.67981001e+16  2.13e+11      34s
   7   2.96e+03 2.19e+03   7.21004961e+16 -1.99061208e+16  9.31e+10      42s
   8   9.14e+02 8.78e+02   3.83820806e+16 -9.32675258e+15  4.21e+10      52s
   9   2.39e+02 3.33e+02   1.74234598e+16 -4.10175285e+15  1.74e+10      62s
  10   7.05e+01 1.15e+02   8.00416960e+15 -1.62381991e+15  7.39e+09      71s
  11   3.51e+01 4.75e+01   4.76503293e+15 -7.33750804e+14  4.12e+09      79s
  12   2.18e+01 2.66e+01   3.84934788e+15 -5.07911664e+14  3.23e+09      88s
  13   1.00e+01 1.59e+01   2.19600524e+15 -3.30097689e+14  1.87e+09      97s
  14   2.96e+00 9.58e+00   1.05438134e+15 -2.14654481e+14  9.53e+08     105s
  15   1.62e+00 6.21e+00   6.66240727e+14 -1.42378243e+14  6.08e+08     113s
  16   4.12e-01 3.62e+00   2.50774028e+14 -8.51475974e+13  2.58e+08     119s
  17   3.33e-01 2.12e+00   2.20363314e+14 -5.28029054e+13  2.06e+08     127s
  18   1.84e-01 1.29e+00   1.64725954e+14 -3.50600632e+13  1.50e+08     134s
  19   6.79e-02 5.30e-01   6.84145296e+13 -1.48644725e+13  6.22e+07     140s
  20   1.65e-02 1.81e-01   2.85187021e+13 -5.75826364e+12  2.54e+07     147s
  21   4.36e-03 3.45e-02   1.31589578e+13 -1.49797599e+12  1.06e+07     154s
  22   2.25e-03 5.46e-03   8.02012320e+12 -3.69968132e+11  6.01e+06     162s
  23   1.18e-03 2.25e-03   4.46872129e+12 -1.71050433e+11  3.32e+06     169s
  24   5.08e-04 7.94e-04   3.09100639e+12 -1.42551881e+11  2.31e+06     176s
  25   1.27e-04 6.16e-04   2.19779765e+12 -1.36765914e+11  1.67e+06     184s
  26   1.50e-05 8.66e-05   9.87974057e+11 -5.89779715e+10  7.48e+05     192s
  27   5.01e-06 3.45e-05   4.96096429e+11 -2.90875280e+10  3.75e+05     200s
  28   1.67e-06 1.03e-05   2.66444506e+11 -1.08324908e+10  1.98e+05     208s
  29   8.34e-07 8.30e-06   2.22435019e+11 -9.50085876e+09  1.66e+05     216s
  30   3.58e-07 3.32e-06   1.33392968e+11 -2.14453302e+09  9.67e+04     223s
  31   8.94e-08 1.77e-06   5.49155066e+10  1.35676673e+09  3.82e+04     230s
  32   1.15e-07 1.03e-06   2.97098912e+10  3.30801644e+09  1.88e+04     238s
  33   1.12e-07 3.68e-07   1.68493825e+10  5.59674786e+09  8.03e+03     246s
  34   1.45e-07 1.58e-07   1.19041690e+10  6.45567303e+09  3.89e+03     254s
  35   8.57e-08 5.68e-08   9.19481344e+09  6.88087251e+09  1.65e+03     261s
  36   1.31e-07 2.14e-08   8.18585307e+09  7.08139933e+09  7.88e+02     268s
  37   1.06e-07 1.12e-08   7.59319542e+09  7.14372422e+09  3.21e+02     274s
  38   8.94e-08 4.66e-09   7.36285071e+09  7.18384915e+09  1.28e+02     280s
  39   1.32e-07 3.73e-09   7.25462401e+09  7.19535261e+09  4.23e+01     286s
  40   7.45e-08 2.79e-09   7.21606522e+09  7.20136662e+09  1.05e+01     292s
  41   1.01e-07 1.86e-09   7.20656272e+09  7.20396525e+09  1.85e+00     297s
  42   8.57e-08 2.79e-09   7.20510284e+09  7.20486079e+09  1.73e-01     303s
  43   9.50e-08 2.79e-09   7.20498180e+09  7.20493807e+09  3.12e-02     309s
  44   1.56e-07 3.73e-09   7.20495687e+09  7.20495387e+09  2.14e-03     315s
  45   1.04e-07 2.79e-09   7.20495575e+09  7.20495517e+09  4.18e-04     320s
  46   2.31e-07 1.86e-09   7.20495560e+09  7.20495555e+09  3.64e-05     327s
  47*  4.21e-07 9.31e-10   7.20495558e+09  7.20495557e+09  3.37e-06     332s
Summary
    Runtime:                                            332.36s
    Status interior point solve:                        optimal
    Status crossover:                                   not run
    objective value:                                    7.20495558e+09
    interior solution primal residual (abs/rel):        4.92e-07 / 3.37e-15
    interior solution dual residual (abs/rel):          9.31e-10 / 1.18e-16
    interior solution objective gap (abs/rel):          4.22e+00 / 5.86e-10
Ipx: IPM       optimal
Model   status      : Optimal
IPM       iterations: 47
Objective value     :  7.2049555766e+09
HiGHS run time      :        341.25
Presolving model
863568 rows, 1838807 cols, 4714146 nonzeros
653160 rows, 1218813 cols, 3470805 nonzeros
645068 rows, 723921 cols, 2477172 nonzeros
643534 rows, 721949 cols, 2473295 nonzeros
Presolve : Reductions: rows 643534(-7360768); columns 721949(-4518513); elements 2473295(-29804129)
Solving the presolved LP
IPX model has 643534 rows, 721949 columns and 2473295 nonzeros
Input
    Number of variables:                                721949
    Number of free variables:                           0
    Number of constraints:                              643534
    Number of equality constraints:                     40406
    Number of matrix entries:                           2473295
    Matrix range:                                       [1e-02, 1e+00]
    RHS range:                                          [2e+05, 1e+08]
    Objective range:                                    [2e-04, 8e+06]
    Bounds range:                                       [7e+05, 1e+08]
Preprocessing
    Dualized model:                                     no
    Number of dense columns:                            0
    Range of scaling factors:                           [1.00e+00, 2.00e+00]
IPX version 1.0
Interior Point Solve
 Iter     P.res    D.res            P.obj           D.obj        mu     Time
   0   1.67e+07 2.61e+06   2.15153540e+14 -6.61474332e+18  4.83e+13       0s
   1   5.27e+06 1.90e+06   4.03393292e+17 -5.17807869e+18  3.71e+13       1s
   2   2.86e+06 1.65e+06   6.56692206e+17 -4.82420463e+18  4.21e+13       3s
   3   1.42e+06 2.62e+05   6.54688531e+17 -8.76965307e+17  7.45e+12       5s
   4   2.66e+05 4.42e+04   4.96937868e+17 -2.17273309e+17  1.56e+12       9s
 Constructing starting basis...
   5   5.59e+04 1.23e+04   2.72118011e+17 -7.81444692e+16  5.07e+11      25s
   6   1.68e+04 4.90e+03   1.48500310e+17 -3.68438676e+16  2.14e+11      33s
   7   3.05e+03 2.22e+03   7.22248114e+16 -2.00559838e+16  9.37e+10      41s
   8   9.25e+02 8.82e+02   3.82811790e+16 -9.33885655e+15  4.21e+10      52s
   9   1.99e+02 3.33e+02   1.61049414e+16 -4.09483222e+15  1.64e+10      61s
  10   6.56e+01 1.16e+02   8.07228960e+15 -1.63998966e+15  7.46e+09      70s
  11   3.22e+01 4.85e+01   4.71316069e+15 -7.39941762e+14  4.09e+09      79s
  12   1.94e+01 2.93e+01   3.76036741e+15 -5.32407600e+14  3.19e+09      87s
  13   8.02e+00 1.72e+01   2.05046025e+15 -3.41440615e+14  1.78e+09      95s
  14   2.73e+00 1.04e+01   1.09546149e+15 -2.23340701e+14  9.92e+08     103s
  15   1.48e+00 6.78e+00   6.81384785e+14 -1.48228669e+14  6.26e+08     111s
  16   3.57e-01 3.92e+00   2.53365249e+14 -8.81093810e+13  2.64e+08     118s
  17   2.97e-01 2.72e+00   2.27484618e+14 -6.35222266e+13  2.22e+08     125s
  18   8.37e-02 1.38e+00   1.33554648e+14 -3.59602814e+13  1.29e+08     131s
  19   2.64e-02 4.85e-01   6.20937860e+13 -1.39125491e+13  5.69e+07     138s
  20   6.39e-03 1.54e-01   2.35228373e+13 -4.89193812e+12  2.11e+07     145s
  21   2.20e-03 3.72e-02   1.04018021e+13 -1.33730859e+12  8.56e+06     152s
  22   1.17e-03 8.92e-03   6.63056787e+12 -4.32817260e+11  5.08e+06     158s
  23   5.75e-04 3.25e-03   3.74581319e+12 -1.93335996e+11  2.82e+06     165s
  24   2.58e-04 1.51e-03   2.54657757e+12 -1.41234891e+11  1.92e+06     173s
  25   1.20e-04 1.22e-03   2.10371740e+12 -1.34219269e+11  1.60e+06     180s
  26   4.77e-05 3.40e-04   1.09703829e+12 -5.24233716e+10  8.21e+05     188s
  27   2.36e-05 1.74e-04   6.55361918e+11 -3.04198189e+10  4.90e+05     195s
  28   5.30e-06 4.82e-05   3.07713307e+11 -1.27748740e+10  2.29e+05     201s
  29   1.97e-06 1.55e-05   1.88000323e+11 -4.32511115e+09  1.37e+05     209s
  30   4.77e-07 6.88e-06   8.07937303e+10  5.45636363e+08  5.73e+04     216s
  31   1.48e-07 3.00e-06   4.18822020e+10  3.22228262e+09  2.76e+04     224s
  32   2.20e-07 1.31e-06   2.28390137e+10  4.98761616e+09  1.27e+04     232s
  33   9.31e-08 5.05e-07   1.48421752e+10  6.17610906e+09  6.19e+03     239s
  34   9.14e-08 1.56e-07   1.07908156e+10  6.72183393e+09  2.90e+03     246s
  35   1.14e-07 6.24e-08   8.62745287e+09  6.94972660e+09  1.20e+03     252s
  36   6.33e-08 2.79e-08   7.84842386e+09  7.03897045e+09  5.78e+02     259s
  37   1.68e-07 1.30e-08   7.39233534e+09  7.08937406e+09  2.16e+02     265s
  38   1.06e-07 6.52e-09   7.20731253e+09  7.10925868e+09  7.00e+01     271s
  39   1.71e-07 3.73e-09   7.15208372e+09  7.11767666e+09  2.46e+01     276s
  40   1.88e-07 2.79e-09   7.13141589e+09  7.12352798e+09  5.63e+00     282s
  41   7.82e-08 2.79e-09   7.12684908e+09  7.12553236e+09  9.40e-01     288s
  42   1.94e-07 2.79e-09   7.12633304e+09  7.12621522e+09  8.41e-02     294s
  43   1.64e-07 2.79e-09   7.12627959e+09  7.12625208e+09  1.96e-02     299s
  44   2.04e-07 3.73e-09   7.12626578e+09  7.12626015e+09  4.02e-03     304s
  45   1.34e-07 2.79e-09   7.12626405e+09  7.12626352e+09  3.78e-04     309s
  46   5.70e-07 9.31e-10   7.12626392e+09  7.12626389e+09  2.26e-05     315s
  47*  3.73e-07 9.31e-10   7.12626391e+09  7.12626391e+09  4.45e-06     319s
Summary
    Runtime:                                            319.50s
    Status interior point solve:                        optimal
    Status crossover:                                   not run
    objective value:                                    7.12626391e+09
    interior solution primal residual (abs/rel):        4.77e-07 / 3.27e-15
    interior solution dual residual (abs/rel):          4.66e-10 / 5.91e-17
    interior solution objective gap (abs/rel):          4.95e+00 / 6.95e-10
Ipx: IPM       optimal
Model   status      : Optimal
IPM       iterations: 47
Objective value     :  7.1262639137e+09
HiGHS run time      :        328.40
Presolving model
863568 rows, 1838807 cols, 4714146 nonzeros
653160 rows, 1218813 cols, 3470805 nonzeros
645068 rows, 723921 cols, 2477172 nonzeros
643534 rows, 721949 cols, 2473295 nonzeros
Presolve : Reductions: rows 643534(-7383313); columns 721949(-4518513); elements 2473295(-29826674)
Solving the presolved LP
IPX model has 643534 rows, 721949 columns and 2473295 nonzeros
Input
    Number of variables:                                721949
    Number of free variables:                           0
    Number of constraints:                              643534
    Number of equality constraints:                     40406
    Number of matrix entries:                           2473295
    Matrix range:                                       [1e-02, 1e+00]
    RHS range:                                          [2e+05, 1e+08]
    Objective range:                                    [2e-04, 8e+06]
    Bounds range:                                       [7e+05, 1e+08]
Preprocessing
    Dualized model:                                     no
    Number of dense columns:                            0
    Range of scaling factors:                           [1.00e+00, 2.00e+00]
IPX version 1.0
Interior Point Solve
 Iter     P.res    D.res            P.obj           D.obj        mu     Time
   0   1.67e+07 2.61e+06   2.15155906e+14 -6.61474264e+18  4.83e+13       0s
   1   5.27e+06 1.90e+06   4.03393544e+17 -5.17807817e+18  3.71e+13       1s
   2   2.86e+06 1.65e+06   6.56693608e+17 -4.82420513e+18  4.21e+13       3s
   3   1.42e+06 2.62e+05   6.54689864e+17 -8.76966076e+17  7.45e+12       5s
   4   2.66e+05 4.42e+04   4.96870769e+17 -2.17216838e+17  1.56e+12       9s
 Constructing starting basis...
   5   5.59e+04 1.23e+04   2.72147898e+17 -7.81062678e+16  5.07e+11      26s
   6   1.70e+04 4.91e+03   1.48895619e+17 -3.68400937e+16  2.15e+11      35s
   7   3.10e+03 2.27e+03   7.22340515e+16 -2.02811792e+16  9.43e+10      43s
   8   9.30e+02 8.88e+02   3.84590542e+16 -9.38398015e+15  4.23e+10      53s
   9   2.43e+02 3.35e+02   1.74972083e+16 -4.11104510e+15  1.75e+10      64s
  10   7.04e+01 1.15e+02   7.96587539e+15 -1.61862483e+15  7.36e+09      73s
  11   3.45e+01 4.75e+01   4.70008273e+15 -7.32590002e+14  4.07e+09      83s
  12   2.10e+01 2.90e+01   3.74956594e+15 -5.28741327e+14  3.18e+09      91s
  13   8.84e+00 1.70e+01   2.06520769e+15 -3.40009148e+14  1.79e+09     100s
  14   2.90e+00 1.04e+01   1.06658303e+15 -2.22246431e+14  9.70e+08     108s
  15   1.57e+00 6.73e+00   6.63955065e+14 -1.47174172e+14  6.12e+08     116s
  16   3.82e-01 3.89e+00   2.48827106e+14 -8.74343965e+13  2.60e+08     123s
  17   2.83e-01 2.14e+00   2.09111223e+14 -5.14077448e+13  1.97e+08     131s
  18   1.83e-01 1.38e+00   1.57859173e+14 -3.49511345e+13  1.45e+08     137s
  19   6.30e-02 5.74e-01   6.33642068e+13 -1.50110931e+13  5.88e+07     144s
  20   1.40e-02 1.93e-01   2.56053769e+13 -5.70184287e+12  2.33e+07     151s
  21   3.82e-03 4.21e-02   1.16300165e+13 -1.55671364e+12  9.62e+06     158s
  22   1.87e-03 8.13e-03   7.11613427e+12 -4.42648822e+11  5.43e+06     165s
  23   9.35e-04 3.28e-03   4.02647389e+12 -2.11210345e+11  3.04e+06     173s
  24   3.96e-04 1.50e-03   3.01302176e+12 -1.73524513e+11  2.28e+06     180s
  25   1.18e-04 1.22e-03   2.27501612e+12 -1.63539532e+11  1.75e+06     188s
  26   2.43e-05 3.33e-04   8.02464032e+11 -5.93749822e+10  6.16e+05     196s
  27   1.28e-05 1.38e-04   5.76448498e+11 -3.27167445e+10  4.35e+05     204s
  28   5.72e-06 5.73e-05   3.02447736e+11 -1.26782211e+10  2.25e+05     211s
  29   2.50e-06 2.20e-05   1.91048112e+11 -4.61436774e+09  1.40e+05     219s
  30   1.25e-06 1.19e-05   1.18088385e+11 -5.13746635e+08  8.47e+04     226s
  31   3.58e-07 6.83e-06   5.95542322e+10  1.83787273e+09  4.12e+04     233s
  32   1.11e-07 1.75e-06   2.99428873e+10  4.89649429e+09  1.79e+04     241s
  33   9.87e-08 6.31e-07   1.73523914e+10  6.15403759e+09  7.99e+03     248s
  34   7.82e-08 2.69e-07   1.22078866e+10  6.63933056e+09  3.97e+03     255s
  35   1.23e-07 1.09e-07   9.34754668e+09  6.89497080e+09  1.75e+03     262s
  36   1.06e-07 3.26e-08   8.09569705e+09  7.03297719e+09  7.59e+02     269s
  37   1.71e-07 1.86e-08   7.56805127e+09  7.06476589e+09  3.59e+02     275s
  38   9.78e-08 8.38e-09   7.26813841e+09  7.09023100e+09  1.27e+02     281s
  39   1.06e-07 4.66e-09   7.16065599e+09  7.10009490e+09  4.32e+01     287s
  40   7.82e-08 2.79e-09   7.12237376e+09  7.10464282e+09  1.27e+01     292s
  41   7.45e-08 2.79e-09   7.11116721e+09  7.10682301e+09  3.10e+00     298s
  42   9.87e-08 2.79e-09   7.10791156e+09  7.10751266e+09  2.85e-01     303s
  43   1.48e-07 2.79e-09   7.10769760e+09  7.10766106e+09  2.61e-02     309s
  44   1.43e-07 2.79e-09   7.10768195e+09  7.10767559e+09  4.54e-03     314s
  45   1.49e-07 2.79e-09   7.10767805e+09  7.10767712e+09  6.64e-04     320s
  46   2.18e-07 1.86e-09   7.10767784e+09  7.10767771e+09  9.82e-05     326s
  47   5.97e-07 9.31e-10   7.10767782e+09  7.10767780e+09  1.71e-05     332s
  48*  4.68e-07 9.31e-10   7.10767781e+09  7.10767781e+09  1.52e-06     337s
Summary
    Runtime:                                            336.56s
    Status interior point solve:                        optimal
    Status crossover:                                   not run
    objective value:                                    7.10767781e+09
    interior solution primal residual (abs/rel):        2.53e-07 / 1.74e-15
    interior solution dual residual (abs/rel):          9.31e-10 / 1.18e-16
    interior solution objective gap (abs/rel):          1.47e+00 / 2.07e-10
Ipx: IPM       optimal
Model   status      : Optimal
IPM       iterations: 48
Objective value     :  7.1076778135e+09
HiGHS run time      :        345.52
Presolving model
863568 rows, 1838807 cols, 4714146 nonzeros
653160 rows, 1218813 cols, 3470805 nonzeros
645068 rows, 723921 cols, 2477172 nonzeros
643534 rows, 721949 cols, 2473295 nonzeros
Presolve : Reductions: rows 643534(-7405858); columns 721949(-4518513); elements 2473295(-29849219)
Solving the presolved LP
IPX model has 643534 rows, 721949 columns and 2473295 nonzeros
Input
    Number of variables:                                721949
    Number of free variables:                           0
    Number of constraints:                              643534
    Number of equality constraints:                     40406
    Number of matrix entries:                           2473295
    Matrix range:                                       [1e-02, 1e+00]
    RHS range:                                          [2e+05, 1e+08]
    Objective range:                                    [2e-04, 8e+06]
    Bounds range:                                       [7e+05, 1e+08]
Preprocessing
    Dualized model:                                     no
    Number of dense columns:                            0
    Range of scaling factors:                           [1.00e+00, 2.00e+00]
IPX version 1.0
Interior Point Solve
 Iter     P.res    D.res            P.obj           D.obj        mu     Time
   0   1.67e+07 2.61e+06   2.15155910e+14 -6.61474236e+18  4.83e+13       0s
   1   5.27e+06 1.90e+06   4.03393608e+17 -5.17807794e+18  3.71e+13       1s
   2   2.86e+06 1.65e+06   6.56693605e+17 -4.82420480e+18  4.21e+13       3s
   3   1.42e+06 2.62e+05   6.54689851e+17 -8.76965793e+17  7.45e+12       5s
   4   2.66e+05 4.42e+04   4.96964059e+17 -2.17292754e+17  1.56e+12       9s
 Constructing starting basis...
   5   5.59e+04 1.23e+04   2.72112922e+17 -7.81121663e+16  5.07e+11      25s
   6   1.66e+04 4.90e+03   1.47660333e+17 -3.67952493e+16  2.13e+11      34s
   7   2.98e+03 2.21e+03   7.21106726e+16 -1.99654170e+16  9.33e+10      42s
   8   9.27e+02 8.78e+02   3.85401770e+16 -9.31246463e+15  4.22e+10      52s
   9   1.96e+02 3.30e+02   1.60348789e+16 -4.06921262e+15  1.63e+10      62s
  10   6.62e+01 1.15e+02   8.16558928e+15 -1.62907289e+15  7.52e+09      71s
  11   3.18e+01 4.72e+01   4.74575194e+15 -7.34084050e+14  4.10e+09      80s
  12   1.94e+01 2.85e+01   3.76619636e+15 -5.25737634e+14  3.19e+09      89s
  13   8.29e+00 1.68e+01   2.09598076e+15 -3.39046202e+14  1.81e+09      98s
  14   2.90e+00 1.02e+01   1.12397035e+15 -2.21397223e+14  1.01e+09     107s
  15   1.57e+00 6.62e+00   6.93939288e+14 -1.47087507e+14  6.33e+08     115s
  16   3.67e-01 3.81e+00   2.57422412e+14 -8.74120636e+13  2.66e+08     122s
  17   3.01e-01 2.81e+00   2.28177457e+14 -6.62879462e+13  2.25e+08     129s
  18   1.02e-01 1.61e+00   1.30311666e+14 -4.05761955e+13  1.31e+08     135s
  19   3.04e-02 6.23e-01   6.05379414e+13 -1.70123936e+13  5.87e+07     142s
  20   6.45e-03 2.05e-01   2.35564733e+13 -6.19368752e+12  2.23e+07     148s
  21   2.32e-03 4.81e-02   1.17288520e+13 -1.68772250e+12  9.82e+06     156s
  22   1.23e-03 1.02e-02   7.11905778e+12 -4.50179096e+11  5.45e+06     163s
  23   4.85e-04 4.04e-03   3.10825086e+12 -1.93344859e+11  2.37e+06     170s
  24   2.74e-04 2.34e-03   2.55980788e+12 -1.59857947e+11  1.95e+06     177s
  25   1.10e-04 6.25e-04   1.75187333e+12 -9.52227250e+10  1.32e+06     184s
  26   4.33e-05 2.41e-04   9.24281837e+11 -4.77276406e+10  6.94e+05     192s
  27   1.87e-05 8.74e-05   5.07260715e+11 -2.05440970e+10  3.77e+05     199s
  28   8.17e-06 3.08e-05   3.29267096e+11 -1.05294638e+10  2.43e+05     207s
  29   3.28e-06 8.07e-06   2.24148185e+11 -4.72835525e+09  1.63e+05     214s
  30   1.07e-06 3.00e-06   9.36537578e+10  1.63298121e+09  6.57e+04     221s
  31   2.98e-07 1.25e-06   4.91970038e+10  3.72966380e+09  3.25e+04     228s
  32   1.33e-07 3.99e-07   2.30035590e+10  5.49225410e+09  1.25e+04     236s
  33   1.27e-07 1.65e-07   1.37479149e+10  6.30616790e+09  5.31e+03     243s
  34   9.50e-08 5.68e-08   9.82124902e+09  6.74023568e+09  2.20e+03     250s
  35   7.03e-08 1.77e-08   8.43123336e+09  6.94294335e+09  1.06e+03     256s
  36   1.68e-07 7.45e-09   7.86183632e+09  6.99865224e+09  6.16e+02     262s
  37   1.39e-07 4.66e-09   7.32675376e+09  7.03982066e+09  2.05e+02     268s
  38   1.02e-07 2.79e-09   7.15133727e+09  7.05304206e+09  7.02e+01     274s
  39   9.87e-08 2.79e-09   7.08742269e+09  7.05956390e+09  1.99e+01     280s
  40   1.62e-07 2.79e-09   7.07087967e+09  7.06405874e+09  4.87e+00     286s
  41   1.55e-07 2.79e-09   7.06677332e+09  7.06591318e+09  6.14e-01     291s
  42   6.45e-08 2.79e-09   7.06633021e+09  7.06622907e+09  7.22e-02     296s
  43   1.42e-07 2.79e-09   7.06626535e+09  7.06625263e+09  9.08e-03     301s
  44   9.13e-08 3.73e-09   7.06625699e+09  7.06625485e+09  1.53e-03     306s
  45   8.38e-08 2.79e-09   7.06625532e+09  7.06625508e+09  1.71e-04     311s
  46   1.79e-07 1.40e-09   7.06625517e+09  7.06625511e+09  4.42e-05     315s
  47*  5.33e-07 1.40e-09   7.06625512e+09  7.06625512e+09  5.32e-06     319s
Summary
    Runtime:                                            319.02s
    Status interior point solve:                        imprecise
    Status crossover:                                   not run
    objective value:                                    7.06625512e+09
    interior solution primal residual (abs/rel):        6.71e-07 / 4.59e-15
    interior solution dual residual (abs/rel):          9.31e-10 / 1.18e-16
    interior solution objective gap (abs/rel):          7.11e+00 / 1.01e-09
WARNING: Ipx: IPM       imprecise
WARNING: Unwelcome IPX status of Unknown: basis is not valid; solution is valid; run_crossover is "off"
Model   status      : Unknown
IPM       iterations: 47
Objective value     :  7.0662551244e+09
HiGHS run time      :        327.62
[ Info: Rolling step not specified in scenaio.yaml file; Setting it to 15 years
[ Info: Demand-pathway mapping not specified in scenaio.yaml file; SERA will not look for eligible pathways for different demand types.
[ Info: Production capacity constraints from the grid model not defined. SERA will not create these constraints
[ Info: Regional technology limits not specified in scenaio.yaml file; SERA will not create these constraints
STARTING DATA PRE-PROCESSING 
Processing Temporal Data
Processing Nodes
Processing Demand
Processing Existings
Processing Links
Processing Pathways
Creating Infrastructure options
 15.363699 seconds (99.59 M allocations: 11.636 GiB, 26.66% gc time, 0.56% compilation time)

OPTIMIZING FROM 2026 TO 2040 

STARTING OPTIMIZATION MODEL CREATION
CREATING VARIABLES AND EXPRESSIONS
187.724757 seconds (401.28 M allocations: 25.031 GiB, 85.94% gc time, 7.24% compilation time)
POPULATING EXPRESSIONS
 96.975895 seconds (440.01 M allocations: 69.404 GiB, 10.70% gc time, 0.19% compilation time)
CREATING CONSTRAINTS
190.144335 seconds (260.02 M allocations: 15.817 GiB, 85.38% gc time, 0.97% compilation time)
POPULATED CORE OPTIMIZATION MODEL, STARTING ITERATIONS
READING COST DATA FOR ITERATION 1
122.143922 seconds (183.07 M allocations: 17.393 GiB, 67.79% gc time, 0.38% compilation time)
CREATING EXPRESSIONS FOR CAPITAL AND FIXED COST
375.084597 seconds (266.65 M allocations: 17.146 GiB, 94.67% gc time, 0.42% compilation time)
BUILDING OBJECTIVE FUNCTION
 31.732515 seconds (73.49 M allocations: 2.183 GiB, 66.86% gc time, 2.59% compilation time)
Optimizing for iteration 1
774.194126 seconds (88.96 M allocations: 8.390 GiB, 25.46% gc time, 0.00% compilation time)
OPTIMAL
2.785266036242553e9
 =  1.0
READING COST DATA FOR ITERATION 2
1155.909215 seconds (148.50 M allocations: 16.674 GiB, 23.25% gc time, 0.00% compilation time)
CREATING EXPRESSIONS FOR CAPITAL AND FIXED COST
539.513620 seconds (265.26 M allocations: 17.039 GiB, 96.57% gc time, 0.00% compilation time)
BUILDING OBJECTIVE FUNCTION
 32.377557 seconds (72.86 M allocations: 2.205 GiB, 69.49% gc time)
Optimizing for iteration 2
378.371302 seconds (5 allocations: 32 bytes)
OPTIMAL
1.1898372028401163e10
 =  0.7659120063153226
READING COST DATA FOR ITERATION 3
1158.901236 seconds (148.04 M allocations: 16.634 GiB, 23.55% gc time)
CREATING EXPRESSIONS FOR CAPITAL AND FIXED COST
544.003118 seconds (265.26 M allocations: 17.039 GiB, 96.54% gc time)
BUILDING OBJECTIVE FUNCTION
 32.884867 seconds (72.86 M allocations: 2.205 GiB, 69.72% gc time)
Optimizing for iteration 3
339.691269 seconds (2 allocations: 32 bytes)
OPTIMAL
7.644305870147352e9
 =  0.5565013005126833
READING COST DATA FOR ITERATION 4
1165.524044 seconds (147.96 M allocations: 16.695 GiB, 23.92% gc time)
CREATING EXPRESSIONS FOR CAPITAL AND FIXED COST
583.705015 seconds (265.26 M allocations: 17.039 GiB, 96.80% gc time)
BUILDING OBJECTIVE FUNCTION
 33.204318 seconds (72.86 M allocations: 2.205 GiB, 69.91% gc time)
Optimizing for iteration 4
365.144121 seconds (2 allocations: 32 bytes)
OPTIMAL
7.404196176546141e9
 =  0.03242886707429364
READING COST DATA FOR ITERATION 5
1275.083541 seconds (147.94 M allocations: 16.679 GiB, 25.34% gc time)
CREATING EXPRESSIONS FOR CAPITAL AND FIXED COST
646.633132 seconds (265.26 M allocations: 17.039 GiB, 96.87% gc time)
BUILDING OBJECTIVE FUNCTION
 38.009053 seconds (72.86 M allocations: 2.205 GiB, 70.88% gc time)
Optimizing for iteration 5
346.322853 seconds (2 allocations: 32 bytes)
OPTIMAL
7.314593171156768e9
 =  0.012249895967235146
READING COST DATA FOR ITERATION 6
1333.008239 seconds (147.92 M allocations: 16.592 GiB, 24.92% gc time)
CREATING EXPRESSIONS FOR CAPITAL AND FIXED COST
676.750038 seconds (265.26 M allocations: 17.039 GiB, 97.02% gc time)
BUILDING OBJECTIVE FUNCTION
 38.642795 seconds (72.86 M allocations: 2.205 GiB, 71.48% gc time)
Optimizing for iteration 6
350.064057 seconds (2 allocations: 32 bytes)
OPTIMAL
7.268783572733979e9
 =  0.006302237226488849
READING COST DATA FOR ITERATION 7
1328.912324 seconds (147.92 M allocations: 16.805 GiB, 25.28% gc time)
CREATING EXPRESSIONS FOR CAPITAL AND FIXED COST
662.367809 seconds (265.26 M allocations: 17.039 GiB, 97.00% gc time)
BUILDING OBJECTIVE FUNCTION
 38.018132 seconds (72.86 M allocations: 2.205 GiB, 71.44% gc time)
Optimizing for iteration 7
341.325740 seconds (2 allocations: 32 bytes)
OPTIMAL
7.204955576575656e9
 =  0.008858902109819444
READING COST DATA FOR ITERATION 8
1280.531704 seconds (147.91 M allocations: 16.630 GiB, 25.82% gc time)
CREATING EXPRESSIONS FOR CAPITAL AND FIXED COST
674.548498 seconds (265.26 M allocations: 17.039 GiB, 97.05% gc time)
BUILDING OBJECTIVE FUNCTION
 39.329289 seconds (72.86 M allocations: 2.205 GiB, 72.03% gc time)
Optimizing for iteration 8
328.483744 seconds (2 allocations: 32 bytes)
OPTIMAL
7.126263913694561e9
 =  0.011042485071302446
READING COST DATA FOR ITERATION 9
1319.494743 seconds (147.91 M allocations: 16.588 GiB, 25.71% gc time)
CREATING EXPRESSIONS FOR CAPITAL AND FIXED COST
692.654636 seconds (265.26 M allocations: 17.039 GiB, 97.05% gc time)
BUILDING OBJECTIVE FUNCTION
 39.683352 seconds (72.86 M allocations: 2.205 GiB, 72.18% gc time)
Optimizing for iteration 9
345.598641 seconds (2 allocations: 32 bytes)
OPTIMAL
7.107677813500406e9
 =  0.0026149328489551435
READING COST DATA FOR ITERATION 10
1331.894695 seconds (147.91 M allocations: 16.774 GiB, 25.52% gc time)
CREATING EXPRESSIONS FOR CAPITAL AND FIXED COST
660.096924 seconds (265.26 M allocations: 17.039 GiB, 96.95% gc time)
BUILDING OBJECTIVE FUNCTION
 39.952163 seconds (72.86 M allocations: 2.205 GiB, 72.40% gc time)
Optimizing for iteration 10
327.717998 seconds (2 allocations: 32 bytes)
OTHER_ERROR
2.6325068639105525e14
 =  0.005862042675296367
ITERATIONS COMPLETED
WRITING RESULTS TO FILE
 58.279566 seconds (51.20 M allocations: 2.147 GiB, 90.77% gc time, 0.90% compilation time)

THE OPTIMIZATION PROBLEM TOOK 376.48 MINUTES TO SOLVE. 
