Running HiGHS 1.6.0: Copyright (c) 2023 HiGHS under MIT licence terms
Presolving model
1210152 rows, 2661521 cols, 6797102 nonzeros
926965 rows, 1796878 cols, 5065770 nonzeros
918806 rows, 1035157 cols, 3538499 nonzeros
909274 rows, 1024965 cols, 3518130 nonzeros
Presolve : Reductions: rows 909274(-9335668); columns 1024965(-5890097); elements 3518130(-35757229)
Solving the presolved LP
IPX model has 909274 rows, 1024965 columns and 3518130 nonzeros
Input
    Number of variables:                                1024965
    Number of free variables:                           0
    Number of constraints:                              909274
    Number of equality constraints:                     56183
    Number of matrix entries:                           3518130
    Matrix range:                                       [1e-02, 1e+00]
    RHS range:                                          [2e+05, 1e+08]
    Objective range:                                    [2e-04, 8e+02]
    Bounds range:                                       [7e+05, 1e+08]
Preprocessing
    Dualized model:                                     no
    Number of dense columns:                            0
    Range of scaling factors:                           [1.00e+00, 2.00e+00]
IPX version 1.0
Interior Point Solve
 Iter     P.res    D.res            P.obj           D.obj        mu     Time
   0   1.66e+07 6.30e+01   8.37164608e+09 -1.93788704e+14  1.17e+09       0s
   1   5.51e+06 4.92e+01   3.97219817e+13 -1.60880832e+14  9.60e+08       2s
   2   2.76e+06 4.10e+01   6.43451614e+13 -1.46317198e+14  1.04e+09       5s
   3   1.11e+06 1.60e+01   6.24590638e+13 -6.32750286e+13  4.27e+08       8s
   4   4.85e+05 1.01e+01   6.06633200e+13 -4.55810253e+13  2.96e+08      14s
   5   1.68e+05 5.00e+00   5.15728145e+13 -2.64916713e+13  1.58e+08      23s
 Constructing starting basis...
   6   2.39e+04 1.35e+00   3.23625548e+13 -8.24011233e+12  4.95e+07      47s
   7   3.15e+03 4.94e-01   1.67877294e+13 -3.64664465e+12  1.82e+07      61s
   8   1.73e+03 2.26e-01   1.17055221e+13 -1.83505242e+12  9.73e+06      81s
   9   1.61e+03 1.61e-01   1.14002496e+13 -1.56319174e+12  8.60e+06     100s
  10   5.89e+02 9.76e-02   5.93291612e+12 -1.03745191e+12  4.33e+06     118s
  11   2.79e+02 3.92e-02   3.45661697e+12 -4.72964345e+11  2.21e+06     135s
  12   9.63e+01 1.31e-02   1.54488951e+12 -1.82946186e+11  9.19e+05     151s
  13   2.77e+01 5.06e-03   6.97417937e+11 -8.50751629e+10  4.07e+05     166s
  14   5.65e+00 1.58e-03   3.79140151e+11 -3.93260519e+10  2.14e+05     179s
  15   3.09e+00 8.02e-04   2.67905785e+11 -2.18916874e+10  1.48e+05     195s
  16   2.07e+00 5.61e-04   2.15116473e+11 -1.49163437e+10  1.17e+05     213s
  17   1.37e+00 4.02e-04   1.60935686e+11 -8.82163420e+09  8.64e+04     231s
  18   7.92e-01 3.09e-04   1.15951868e+11 -5.12626771e+09  6.16e+04     251s
  19   5.03e-01 1.66e-04   9.84791775e+10 -1.60742897e+08  5.01e+04     274s
  20   3.92e-01 1.03e-04   8.36272431e+10  3.43854452e+09  4.07e+04     299s
  21   2.10e-01 5.58e-05   5.96273188e+10  5.87789699e+09  2.73e+04     326s
  22   1.16e-01 2.54e-05   5.01608035e+10  7.01853560e+09  2.19e+04     359s
  23   7.77e-02 1.72e-05   3.94220125e+10  8.00791841e+09  1.59e+04     386s
  24   6.27e-02 9.07e-06   3.60142991e+10  8.75888300e+09  1.38e+04     418s
  25   3.79e-02 7.87e-06   2.72365936e+10  8.96261121e+09  9.27e+03     443s
  26   2.43e-02 5.76e-06   2.33815900e+10  9.25295222e+09  7.17e+03     468s
  27   1.71e-02 3.14e-06   2.13337015e+10  9.61149277e+09  5.95e+03     490s
  28   1.09e-02 1.61e-06   1.85964827e+10  9.92803085e+09  4.40e+03     510s
  29   9.64e-03 1.20e-06   1.80372715e+10  1.00102245e+10  4.07e+03     532s
  30   5.35e-03 7.56e-07   1.51370953e+10  1.01675272e+10  2.52e+03     551s
  31   3.13e-03 3.63e-07   1.42204496e+10  1.02541389e+10  2.01e+03     570s
  32   1.64e-03 2.30e-07   1.27250641e+10  1.03314766e+10  1.21e+03     587s
  33   9.55e-04 1.25e-07   1.20857309e+10  1.03891819e+10  8.61e+02     606s
  34   4.99e-04 9.28e-08   1.17214463e+10  1.04051232e+10  6.68e+02     624s
  35   3.01e-04 6.49e-08   1.15525388e+10  1.04194818e+10  5.75e+02     641s
  36   1.74e-04 3.77e-08   1.13525866e+10  1.04395187e+10  4.63e+02     659s
  37   7.40e-05 1.57e-08   1.10130422e+10  1.04678083e+10  2.77e+02     676s
  38   4.11e-05 8.67e-09   1.08503796e+10  1.04802351e+10  1.88e+02     692s
  39   1.96e-05 4.62e-09   1.07188493e+10  1.04888225e+10  1.17e+02     707s
  40   9.89e-06 2.67e-09   1.06448024e+10  1.04937413e+10  7.67e+01     723s
  41   4.53e-06 8.80e-10   1.05965725e+10  1.04988368e+10  4.96e+01     738s
  42   5.96e-07 2.27e-13   1.05504841e+10  1.05021078e+10  2.46e+01     752s
  43   2.68e-07 2.27e-13   1.05305117e+10  1.05035305e+10  1.37e+01     765s
  44   1.63e-07 2.27e-13   1.05211736e+10  1.05037617e+10  8.84e+00     778s
  45   1.27e-07 3.41e-13   1.05133518e+10  1.05039191e+10  4.79e+00     790s
  46   1.05e-07 2.27e-13   1.05085883e+10  1.05042753e+10  2.19e+00     803s
  47   6.85e-08 3.41e-13   1.05068696e+10  1.05044396e+10  1.23e+00     816s
  48   8.52e-08 2.27e-13   1.05055990e+10  1.05045170e+10  5.49e-01     827s
  49   1.49e-07 2.27e-13   1.05046393e+10  1.05045461e+10  4.73e-02     839s
  50   1.05e-07 2.27e-13   1.05045614e+10  1.05045530e+10  4.25e-03     850s
  51   1.06e-07 3.41e-13   1.05045560e+10  1.05045554e+10  2.75e-04     863s
  52   6.99e-08 2.27e-13   1.05045558e+10  1.05045556e+10  1.05e-04     879s
  53   1.70e-07 2.27e-13   1.05045558e+10  1.05045557e+10  2.37e-05     891s
  54*  1.31e-07 3.41e-13   1.05045558e+10  1.05045558e+10  8.54e-07     907s
Summary
    Runtime:                                            906.95s
    Status interior point solve:                        optimal
    Status crossover:                                   not run
    objective value:                                    1.05045558e+10
    interior solution primal residual (abs/rel):        2.38e-07 / 1.63e-15
    interior solution dual residual (abs/rel):          8.32e-11 / 9.83e-14
    interior solution objective gap (abs/rel):          1.70e+00 / 1.61e-10
Ipx: IPM       optimal
ERROR:   LP solver claims optimality, but with num/sum/max primal(0/0/0)and dual(1/2.19045/2.19045) infeasibilities
Model   status      : Optimal
IPM       iterations: 54
Objective value     :  1.0504555765e+10
HiGHS run time      :        919.86
Presolving model
1210152 rows, 2661521 cols, 6797102 nonzeros
926965 rows, 1796878 cols, 5065770 nonzeros
918806 rows, 1035157 cols, 3538499 nonzeros
909274 rows, 1024965 cols, 3518130 nonzeros
Presolve : Reductions: rows 909274(-9365728); columns 1024965(-5890097); elements 3518130(-35787289)
Solving the presolved LP
IPX model has 909274 rows, 1024965 columns and 3518130 nonzeros
Input
    Number of variables:                                1024965
    Number of free variables:                           0
    Number of constraints:                              909274
    Number of equality constraints:                     56183
    Number of matrix entries:                           3518130
    Matrix range:                                       [1e-02, 1e+00]
    RHS range:                                          [2e+05, 1e+08]
    Objective range:                                    [2e-04, 1e+07]
    Bounds range:                                       [7e+05, 1e+08]
Preprocessing
    Dualized model:                                     no
    Number of dense columns:                            0
    Range of scaling factors:                           [1.00e+00, 2.00e+00]
IPX version 1.0
Interior Point Solve
 Iter     P.res    D.res            P.obj           D.obj        mu     Time
   0   1.66e+07 2.84e+06   2.16140344e+14 -8.73997977e+18  5.18e+13       0s
   1   5.44e+06 2.24e+06   7.31981743e+17 -7.32440405e+18  4.40e+13       2s
   2   2.72e+06 1.82e+06   1.21282899e+18 -6.59129040e+18  4.72e+13       5s
   3   1.09e+06 7.31e+05   1.25045941e+18 -2.97313748e+18  2.00e+13       9s
   4   5.37e+05 4.73e+05   1.29583177e+18 -2.20755287e+18  1.45e+13      15s
   5   2.33e+05 2.59e+05   1.21947074e+18 -1.39883753e+18  8.60e+12      24s
 Constructing starting basis...
   6   6.50e+04 1.36e+05   1.05461183e+18 -8.58300582e+17  5.12e+12      53s
   7   5.52e+03 4.85e+04   6.84408892e+17 -3.32197896e+17  1.83e+12      71s
   8   5.53e-03 2.01e+04   3.81192534e+17 -1.55010340e+17  7.18e+11      89s
   9   2.68e-03 8.48e+03   3.03929097e+17 -7.97042408e+16  3.64e+11     109s
  10   2.20e-03 4.34e+03   2.83065346e+17 -5.23520858e+16  2.54e+11     130s
  11   8.66e-04 1.84e+03   1.75020535e+17 -2.82338573e+16  1.31e+11     152s
  12   6.89e-04 8.76e+02   1.56006960e+17 -1.83258925e+16  1.01e+11     175s
  13   3.93e-04 5.94e+02   9.59949148e+16 -1.28445167e+16  6.14e+10     197s
  14   1.95e-04 1.54e+02   5.55989384e+16 -4.38427736e+15  3.17e+10     217s
  15   5.58e-05 5.14e+01   1.93072075e+16 -1.69217430e+15  1.09e+10     235s
  16   1.74e-05 1.34e+01   8.05088834e+15 -6.09315000e+14  4.47e+09     251s
  17   7.03e-06 7.05e+00   5.92093807e+15 -4.84194907e+14  3.32e+09     269s
  18   2.09e-06 4.30e+00   2.11322831e+15 -3.05673647e+14  1.27e+09     286s
  19   8.34e-07 2.67e+00   1.21218188e+15 -2.04136176e+14  7.51e+08     303s
  20   7.15e-07 1.44e+00   5.88727545e+14 -1.15659604e+14  3.75e+08     321s
  21   6.56e-07 6.99e-01   2.27378733e+14 -6.15333017e+13  1.56e+08     340s
  22   6.56e-07 2.05e-01   6.57854243e+13 -1.91624072e+13  4.57e+07     359s
  23   7.15e-07 4.96e-02   2.56466246e+13 -5.24917086e+12  1.63e+07     377s
  24   5.36e-07 2.36e-02   1.18279706e+13 -2.59148190e+12  7.57e+06     395s
  25   4.77e-07 8.19e-03   6.47656565e+12 -9.89504556e+11  3.86e+06     412s
  26   5.96e-07 5.89e-03   5.56254815e+12 -7.47854957e+11  3.25e+06     429s
  27   4.17e-07 3.69e-03   3.71548527e+12 -4.90574233e+11  2.16e+06     445s
  28   4.77e-07 2.49e-03   2.72001544e+12 -3.54273781e+11  1.57e+06     461s
  29   4.77e-07 1.73e-03   2.31905993e+12 -2.58925722e+11  1.32e+06     477s
  30   4.17e-07 1.33e-03   2.12031943e+12 -2.17262626e+11  1.19e+06     493s
  31   3.58e-07 1.07e-03   1.80082477e+12 -1.88406165e+11  1.01e+06     509s
  32   4.77e-07 7.85e-04   1.29480787e+12 -1.48914160e+11  7.36e+05     524s
  33   4.77e-07 2.95e-04   9.20397738e+11 -7.25617789e+10  5.05e+05     539s
  34   3.87e-07 2.04e-04   7.27188762e+11 -5.25216987e+10  3.96e+05     554s
  35   5.36e-07 1.31e-04   6.42902607e+11 -3.53257997e+10  3.44e+05     569s
  36   6.26e-07 6.79e-05   4.14259960e+11 -1.46355762e+10  2.18e+05     583s
  37   2.68e-07 2.97e-05   3.18148773e+11 -5.84296992e+09  1.64e+05     597s
  38   2.38e-07 1.35e-05   1.89634661e+11  1.81365943e+09  9.53e+04     611s
  39   4.17e-07 8.24e-06   1.61734906e+11  3.89714949e+09  8.01e+04     625s
  40   2.98e-07 5.53e-06   1.05006804e+11  6.17451949e+09  5.02e+04     638s
  41   2.38e-07 2.87e-06   6.25838232e+10  8.22225071e+09  2.76e+04     651s
  42   2.83e-07 1.13e-06   4.81381752e+10  9.50567325e+09  1.96e+04     664s
  43   2.98e-07 4.04e-07   3.02142802e+10  1.08651007e+10  9.82e+03     677s
  44   3.58e-07 1.08e-07   2.07780450e+10  1.14571072e+10  4.73e+03     690s
  45   4.77e-07 7.45e-08   1.54482170e+10  1.15457291e+10  1.98e+03     702s
  46   5.07e-07 3.54e-08   1.35459909e+10  1.16526600e+10  9.61e+02     714s
  47   5.07e-07 1.86e-08   1.23420954e+10  1.17142509e+10  3.19e+02     725s
  48   2.09e-07 8.38e-09   1.19822743e+10  1.17516601e+10  1.17e+02     737s
  49   2.38e-07 4.66e-09   1.18669950e+10  1.17644447e+10  5.20e+01     747s
  50   4.17e-07 3.73e-09   1.17982653e+10  1.17727646e+10  1.29e+01     759s
  51   5.07e-07 3.73e-09   1.17801894e+10  1.17758874e+10  2.18e+00     769s
  52   2.24e-07 3.73e-09   1.17766088e+10  1.17762281e+10  1.93e-01     779s
  53   3.97e-07 3.73e-09   1.17763118e+10  1.17762838e+10  1.42e-02     790s
  54   4.47e-07 3.73e-09   1.17763000e+10  1.17762938e+10  3.19e-03     800s
  55   6.26e-07 3.73e-09   1.17762986e+10  1.17762972e+10  6.89e-04     811s
  56   1.07e-06 1.86e-09   1.17762984e+10  1.17762982e+10  1.11e-04     821s
  57   7.00e-07 9.31e-10   1.17762983e+10  1.17762983e+10  2.30e-05     833s
  58*  2.98e-07 9.31e-10   1.17762983e+10  1.17762983e+10  3.06e-06     842s
Summary
    Runtime:                                            842.34s
    Status interior point solve:                        optimal
    Status crossover:                                   not run
    objective value:                                    1.17762983e+10
    interior solution primal residual (abs/rel):        6.26e-07 / 4.29e-15
    interior solution dual residual (abs/rel):          9.31e-10 / 9.62e-17
    interior solution objective gap (abs/rel):          3.85e+00 / 3.27e-10
Ipx: IPM       optimal
Model   status      : Optimal
IPM       iterations: 58
Objective value     :  1.1776298318e+10
HiGHS run time      :        855.45
Presolving model
1210152 rows, 2661521 cols, 6797102 nonzeros
926965 rows, 1796878 cols, 5065770 nonzeros
918806 rows, 1035157 cols, 3538499 nonzeros
909274 rows, 1024965 cols, 3518130 nonzeros
Presolve : Reductions: rows 909274(-9395788); columns 1024965(-5890097); elements 3518130(-35817349)
Solving the presolved LP
IPX model has 909274 rows, 1024965 columns and 3518130 nonzeros
Input
    Number of variables:                                1024965
    Number of free variables:                           0
    Number of constraints:                              909274
    Number of equality constraints:                     56183
    Number of matrix entries:                           3518130
    Matrix range:                                       [1e-02, 1e+00]
    RHS range:                                          [2e+05, 1e+08]
    Objective range:                                    [2e-04, 1e+07]
    Bounds range:                                       [7e+05, 1e+08]
Preprocessing
    Dualized model:                                     no
    Number of dense columns:                            0
    Range of scaling factors:                           [1.00e+00, 2.00e+00]
IPX version 1.0
Interior Point Solve
 Iter     P.res    D.res            P.obj           D.obj        mu     Time
   0   1.66e+07 2.84e+06   2.23137825e+14 -8.74903087e+18  5.19e+13       0s
   1   5.44e+06 2.24e+06   7.36181907e+17 -7.33181226e+18  4.40e+13       2s
   2   2.72e+06 1.82e+06   1.21974448e+18 -6.59824424e+18  4.72e+13       5s
   3   1.09e+06 7.32e+05   1.25809157e+18 -2.97580777e+18  2.00e+13       9s
   4   5.36e+05 4.74e+05   1.30407623e+18 -2.20838911e+18  1.45e+13      15s
   5   2.32e+05 2.59e+05   1.22815993e+18 -1.39914940e+18  8.60e+12      24s
 Constructing starting basis...
   6   6.48e+04 1.36e+05   1.06284990e+18 -8.58031143e+17  5.11e+12      52s
   7   5.67e+03 4.86e+04   6.92162219e+17 -3.32303793e+17  1.83e+12      70s
   8   5.67e-03 2.04e+04   3.87862363e+17 -1.57403389e+17  7.27e+11      88s
   9   2.70e-03 8.42e+03   3.06344226e+17 -7.90728938e+16  3.62e+11     107s
  10   2.24e-03 4.33e+03   2.86260917e+17 -5.22965470e+16  2.55e+11     129s
  11   8.75e-04 1.85e+03   1.75399988e+17 -2.81760263e+16  1.30e+11     150s
  12   6.96e-04 8.55e+02   1.56417159e+17 -1.80222600e+16  1.00e+11     173s
  13   4.14e-04 5.84e+02   9.93596185e+16 -1.27024134e+16  6.27e+10     193s
  14   2.41e-04 1.69e+02   6.45622799e+16 -4.65940064e+15  3.65e+10     212s
  15   6.77e-05 6.20e+01   2.10923387e+16 -1.87826596e+15  1.20e+10     229s
  16   4.86e-05 3.60e+01   1.58952060e+16 -1.16230402e+15  8.83e+09     246s
  17   2.19e-05 2.04e+01   7.82866108e+15 -6.84232970e+14  4.41e+09     260s
  18   7.63e-06 1.01e+01   3.81762247e+15 -3.88090751e+14  2.19e+09     276s
  19   3.73e-06 6.53e+00   2.15336807e+15 -2.56512123e+14  1.26e+09     293s
  20   2.09e-06 4.80e+00   1.57318813e+15 -1.99925085e+14  9.32e+08     310s
  21   9.83e-07 3.54e+00   8.52474414e+14 -1.49188467e+14  5.33e+08     326s
  22   4.17e-07 1.91e+00   4.67536093e+14 -8.56117672e+13  2.95e+08     344s
  23   3.58e-07 1.64e+00   4.16167182e+14 -7.43014046e+13  2.61e+08     362s
  24   3.58e-07 4.79e-01   1.89058859e+14 -2.36635738e+13  1.12e+08     377s
  25   4.17e-07 2.51e-01   1.68558610e+14 -1.39344841e+13  9.45e+07     393s
  26   4.77e-07 4.72e-02   9.15348948e+13 -5.07291293e+12  4.95e+07     408s
  27   5.96e-07 1.07e-02   2.36866756e+13 -1.77889971e+12  1.30e+07     424s
  28   5.36e-07 8.18e-03   1.62495575e+13 -1.42615246e+12  9.05e+06     440s
  29   8.34e-07 4.72e-03   8.93891206e+12 -9.92105424e+11  5.10e+06     455s
  30   8.34e-07 3.00e-03   6.75488002e+12 -6.74911076e+11  3.80e+06     471s
  31   9.54e-07 1.93e-03   4.79387819e+12 -4.94246477e+11  2.70e+06     487s
  32   7.15e-07 5.86e-04   2.91030160e+12 -1.97800540e+11  1.58e+06     502s
  33   5.96e-07 2.98e-04   1.72781105e+12 -1.17331314e+11  9.38e+05     518s
  34   4.77e-07 1.11e-04   9.86320625e+11 -4.85775741e+10  5.26e+05     533s
  35   2.98e-07 3.11e-05   4.80686328e+11 -1.48755481e+10  2.52e+05     548s
  36   2.98e-07 1.60e-05   2.80634574e+11 -7.03998506e+09  1.46e+05     562s
  37   2.98e-07 7.70e-06   1.26350903e+11 -5.59983314e+08  6.44e+04     576s
  38   2.81e-07 3.12e-06   4.74267416e+10  5.23677796e+09  2.14e+04     590s
  39   3.87e-07 1.78e-06   3.06057963e+10  7.28951071e+09  1.18e+04     604s
  40   3.58e-07 5.63e-07   1.84841262e+10  9.37518066e+09  4.62e+03     618s
  41   3.87e-07 3.46e-07   1.48768891e+10  9.77158019e+09  2.59e+03     633s
  42   2.15e-07 1.38e-07   1.18513249e+10  1.02261207e+10  8.25e+02     646s
  43   2.68e-07 6.89e-08   1.11422652e+10  1.03798475e+10  3.87e+02     659s
  44   3.87e-07 2.61e-08   1.07588851e+10  1.04811800e+10  1.41e+02     671s
  45   4.47e-07 1.12e-08   1.06388244e+10  1.05183423e+10  6.11e+01     683s
  46   3.87e-07 5.59e-09   1.05589597e+10  1.05352224e+10  1.20e+01     695s
  47   2.09e-07 3.73e-09   1.05414369e+10  1.05390578e+10  1.21e+00     706s
  48   3.28e-07 3.73e-09   1.05397075e+10  1.05393566e+10  1.78e-01     716s
  49   4.77e-07 3.73e-09   1.05394875e+10  1.05394506e+10  1.88e-02     727s
  50   4.77e-07 3.73e-09   1.05394723e+10  1.05394672e+10  2.57e-03     737s
  51   1.43e-06 3.73e-09   1.05394702e+10  1.05394698e+10  1.84e-04     747s
  52   2.47e-06 1.86e-09   1.05394700e+10  1.05394700e+10  1.93e-05     758s
  53*  4.77e-07 9.31e-10   1.05394700e+10  1.05394700e+10  2.94e-06     766s
Summary
    Runtime:                                            765.95s
    Status interior point solve:                        optimal
    Status crossover:                                   not run
    objective value:                                    1.05394700e+10
    interior solution primal residual (abs/rel):        1.10e-06 / 7.55e-15
    interior solution dual residual (abs/rel):          9.31e-10 / 9.62e-17
    interior solution objective gap (abs/rel):          4.21e+00 / 3.99e-10
Ipx: IPM       optimal
Model   status      : Optimal
IPM       iterations: 53
Objective value     :  1.0539469978e+10
HiGHS run time      :        778.30
Presolving model
1210152 rows, 2661521 cols, 6797102 nonzeros
926965 rows, 1796878 cols, 5065770 nonzeros
918806 rows, 1035157 cols, 3538499 nonzeros
909274 rows, 1024965 cols, 3518130 nonzeros
Presolve : Reductions: rows 909274(-9425848); columns 1024965(-5890097); elements 3518130(-35847409)
Solving the presolved LP
IPX model has 909274 rows, 1024965 columns and 3518130 nonzeros
Input
    Number of variables:                                1024965
    Number of free variables:                           0
    Number of constraints:                              909274
    Number of equality constraints:                     56183
    Number of matrix entries:                           3518130
    Matrix range:                                       [1e-02, 1e+00]
    RHS range:                                          [2e+05, 1e+08]
    Objective range:                                    [2e-04, 1e+07]
    Bounds range:                                       [7e+05, 1e+08]
Preprocessing
    Dualized model:                                     no
    Number of dense columns:                            0
    Range of scaling factors:                           [1.00e+00, 2.00e+00]
IPX version 1.0
Interior Point Solve
 Iter     P.res    D.res            P.obj           D.obj        mu     Time
   0   1.66e+07 2.84e+06   2.23614799e+14 -8.75056304e+18  5.19e+13       0s
   1   5.44e+06 2.24e+06   7.36495699e+17 -7.33308870e+18  4.40e+13       2s
   2   2.72e+06 1.82e+06   1.22033782e+18 -6.59933200e+18  4.72e+13       5s
   3   1.09e+06 7.32e+05   1.25871189e+18 -2.97657507e+18  2.00e+13       9s
   4   5.36e+05 4.74e+05   1.30478734e+18 -2.20888336e+18  1.45e+13      15s
   5   2.32e+05 2.59e+05   1.22911447e+18 -1.40010606e+18  8.61e+12      24s
 Constructing starting basis...
   6   6.51e+04 1.36e+05   1.06428431e+18 -8.59271780e+17  5.12e+12      52s
   7   5.85e+03 4.87e+04   6.94222289e+17 -3.33378463e+17  1.84e+12      69s
   8   5.85e-03 2.02e+04   3.87331480e+17 -1.56204019e+17  7.23e+11      87s
   9   2.81e-03 8.48e+03   3.07405607e+17 -7.96175889e+16  3.64e+11     107s
  10   2.32e-03 4.32e+03   2.86444807e+17 -5.21455719e+16  2.54e+11     128s
  11   9.13e-04 1.84e+03   1.77397874e+17 -2.82046550e+16  1.31e+11     150s
  12   7.26e-04 8.81e+02   1.57998395e+17 -1.83977715e+16  1.02e+11     172s
  13   4.19e-04 5.99e+02   9.81438949e+16 -1.29249806e+16  6.23e+10     191s
  14   2.10e-04 1.56e+02   5.73778827e+16 -4.43083002e+15  3.25e+10     209s
  15   6.46e-05 4.63e+01   2.08734415e+16 -1.53201241e+15  1.16e+10     226s
  16   3.84e-05 2.66e+01   1.33610589e+16 -9.42194973e+14  7.39e+09     240s
  17   1.77e-05 1.22e+01   7.03678212e+15 -4.83880899e+14  3.88e+09     254s
  18   6.65e-06 6.66e+00   3.43036091e+15 -2.97172829e+14  1.93e+09     270s
  19   4.20e-06 4.54e+00   2.34232958e+15 -2.05604357e+14  1.32e+09     285s
  20   2.15e-06 3.41e+00   1.46687154e+15 -1.61445065e+14  8.52e+08     301s
  21   1.40e-06 2.37e+00   1.00995706e+15 -1.13578535e+14  5.88e+08     317s
  22   6.85e-07 1.45e+00   5.24055626e+14 -7.10128371e+13  3.13e+08     333s
  23   5.07e-07 1.08e+00   3.59855603e+14 -5.47198411e+13  2.19e+08     349s
  24   4.47e-07 3.71e-01   1.48272433e+14 -1.96383650e+13  8.81e+07     363s
  25   4.77e-07 1.08e-01   5.58158658e+13 -6.13878756e+12  3.23e+07     377s
  26   4.17e-07 3.15e-02   2.52170733e+13 -2.23205014e+12  1.42e+07     391s
  27   4.17e-07 1.78e-02   1.70779797e+13 -1.34320594e+12  9.48e+06     406s
  28   4.77e-07 1.59e-02   1.53627247e+13 -1.23784392e+12  8.54e+06     421s
  29   5.36e-07 9.14e-03   1.25538123e+13 -9.14825454e+11  6.91e+06     435s
  30   5.96e-07 6.01e-03   8.50522798e+12 -7.03028819e+11  4.73e+06     449s
  31   5.96e-07 3.29e-03   5.05479963e+12 -4.51156994e+11  2.82e+06     464s
  32   5.96e-07 1.01e-03   2.88292364e+12 -1.72584901e+11  1.56e+06     478s
  33   4.77e-07 3.37e-04   1.95814974e+12 -8.48217231e+10  1.04e+06     492s
  34   5.36e-07 1.62e-04   1.01043523e+12 -4.10183055e+10  5.34e+05     506s
  35   5.36e-07 4.84e-05   5.40615708e+11 -1.64539833e+10  2.83e+05     520s
  36   1.94e-07 1.34e-05   2.56279209e+11 -2.02038599e+09  1.31e+05     533s
  37   3.87e-07 5.76e-06   8.68343761e+10  3.63215671e+09  4.22e+04     547s
  38   5.96e-07 1.75e-06   4.60201063e+10  7.60258852e+09  1.95e+04     561s
  39   5.66e-07 5.61e-07   2.62637596e+10  9.28700596e+09  8.62e+03     575s
  40   4.77e-07 1.32e-07   1.56007455e+10  9.89240236e+09  2.90e+03     588s
  41   3.80e-07 5.77e-08   1.21943173e+10  1.00870212e+10  1.07e+03     600s
  42   2.68e-07 2.79e-08   1.10846479e+10  1.01756452e+10  4.61e+02     613s
  43   2.79e-07 1.30e-08   1.05973032e+10  1.02319754e+10  1.85e+02     625s
  44   3.20e-07 7.45e-09   1.04162955e+10  1.02529931e+10  8.29e+01     636s
  45   4.47e-07 3.73e-09   1.03100437e+10  1.02648124e+10  2.30e+01     646s
  46   2.68e-07 3.73e-09   1.02850361e+10  1.02676891e+10  8.80e+00     657s
  47   4.47e-07 3.73e-09   1.02738179e+10  1.02683960e+10  2.75e+00     666s
  48   2.87e-07 3.73e-09   1.02689225e+10  1.02685581e+10  1.85e-01     675s
  49   3.87e-07 3.73e-09   1.02687110e+10  1.02685902e+10  6.13e-02     685s
  50   2.94e-07 5.59e-09   1.02686150e+10  1.02686096e+10  2.73e-03     695s
  51   9.83e-07 3.73e-09   1.02686122e+10  1.02686117e+10  2.57e-04     705s
  52   2.26e-06 1.86e-09   1.02686119e+10  1.02686119e+10  2.04e-05     716s
  53*  2.18e-06 1.86e-09   1.02686119e+10  1.02686119e+10  8.46e-07     723s
Summary
    Runtime:                                            723.52s
    Status interior point solve:                        optimal
    Status crossover:                                   not run
    objective value:                                    1.02686119e+10
    interior solution primal residual (abs/rel):        2.38e-06 / 1.63e-14
    interior solution dual residual (abs/rel):          9.31e-10 / 9.62e-17
    interior solution objective gap (abs/rel):          1.41e+00 / 1.37e-10
Ipx: IPM       optimal
Model   status      : Optimal
IPM       iterations: 53
Objective value     :  1.0268611890e+10
HiGHS run time      :        735.80
Presolving model
1210152 rows, 2661521 cols, 6797102 nonzeros
926965 rows, 1796878 cols, 5065770 nonzeros
918806 rows, 1035157 cols, 3538499 nonzeros
909274 rows, 1024965 cols, 3518130 nonzeros
Presolve : Reductions: rows 909274(-9455908); columns 1024965(-5890097); elements 3518130(-35877469)
Solving the presolved LP
IPX model has 909274 rows, 1024965 columns and 3518130 nonzeros
Input
    Number of variables:                                1024965
    Number of free variables:                           0
    Number of constraints:                              909274
    Number of equality constraints:                     56183
    Number of matrix entries:                           3518130
    Matrix range:                                       [1e-02, 1e+00]
    RHS range:                                          [2e+05, 1e+08]
    Objective range:                                    [2e-04, 1e+07]
    Bounds range:                                       [7e+05, 1e+08]
Preprocessing
    Dualized model:                                     no
    Number of dense columns:                            0
    Range of scaling factors:                           [1.00e+00, 2.00e+00]
IPX version 1.0
Interior Point Solve
 Iter     P.res    D.res            P.obj           D.obj        mu     Time
   0   1.66e+07 2.84e+06   2.23776024e+14 -8.75055696e+18  5.19e+13       0s
   1   5.44e+06 2.24e+06   7.36581303e+17 -7.33308683e+18  4.40e+13       2s
   2   2.72e+06 1.82e+06   1.22047804e+18 -6.59932959e+18  4.72e+13       5s
   3   1.09e+06 7.32e+05   1.25886702e+18 -2.97653201e+18  2.00e+13       9s
   4   5.36e+05 4.74e+05   1.30496988e+18 -2.20888752e+18  1.45e+13      15s
   5   2.32e+05 2.59e+05   1.22927176e+18 -1.40004036e+18  8.61e+12      24s
 Constructing starting basis...
   6   6.51e+04 1.36e+05   1.06434027e+18 -8.59124596e+17  5.12e+12      52s
   7   5.75e+03 4.85e+04   6.93519302e+17 -3.32014160e+17  1.83e+12      70s
   8   5.75e-03 2.04e+04   3.88395755e+17 -1.57875881e+17  7.29e+11      88s
   9   2.72e-03 8.40e+03   3.06330865e+17 -7.89409716e+16  3.61e+11     107s
  10   2.26e-03 4.32e+03   2.86484595e+17 -5.23195227e+16  2.55e+11     129s
  11   8.81e-04 1.85e+03   1.75372337e+17 -2.81911736e+16  1.30e+11     150s
  12   7.00e-04 8.87e+02   1.56256699e+17 -1.83589160e+16  1.01e+11     173s
  13   4.05e-04 6.12e+02   9.73910259e+16 -1.30600766e+16  6.21e+10     194s
  14   2.32e-04 1.66e+02   6.29099401e+16 -4.63164091e+15  3.56e+10     213s
  15   6.63e-05 4.90e+01   2.09127609e+16 -1.54972930e+15  1.16e+10     229s
  16   4.03e-05 2.86e+01   1.36894938e+16 -9.71092229e+14  7.58e+09     246s
  17   1.94e-05 1.33e+01   7.37523564e+15 -4.95903535e+14  4.06e+09     261s
  18   7.63e-06 7.59e+00   3.66688713e+15 -3.14887752e+14  2.06e+09     277s
  19   4.74e-06 4.96e+00   2.47283270e+15 -2.10389368e+14  1.39e+09     293s
  20   2.74e-06 3.59e+00   1.67988477e+15 -1.60174947e+14  9.58e+08     309s
  21   2.09e-06 2.60e+00   1.31053088e+15 -1.17103959e+14  7.42e+08     326s
  22   1.01e-06 1.59e+00   6.56687527e+14 -7.31974170e+13  3.81e+08     342s
  23   5.66e-07 1.22e+00   3.90615582e+14 -5.74183237e+13  2.36e+08     358s
  24   6.56e-07 7.76e-02   2.46649190e+14 -1.35704395e+13  1.33e+08     373s
  25   4.77e-07 2.05e-02   9.59009946e+13 -4.00570025e+12  5.09e+07     390s
  26   4.77e-07 6.37e-03   6.22003708e+13 -1.65691245e+12  3.25e+07     405s
  27   3.58e-07 4.31e-03   3.46720333e+13 -1.15367272e+12  1.82e+07     421s
  28   9.54e-07 3.73e-03   2.30071963e+13 -1.08545131e+12  1.23e+07     436s
  29   1.91e-06 2.52e-03   1.30723578e+13 -9.49404820e+11  7.18e+06     452s
  30   2.15e-06 8.25e-04   6.93726750e+12 -3.49853842e+11  3.71e+06     467s
  31   2.15e-06 4.00e-04   4.96079807e+12 -2.65921024e+11  2.66e+06     482s
  32   2.38e-06 1.30e-04   2.87449502e+12 -1.12795246e+11  1.52e+06     497s
  33   8.34e-07 5.82e-05   1.47301145e+12 -5.96942142e+10  7.78e+05     512s
  34   5.66e-07 1.88e-05   7.71221202e+11 -2.75560483e+10  4.05e+05     526s
  35   5.96e-07 7.93e-06   4.99732289e+11 -1.03262176e+10  2.59e+05     541s
  36   4.17e-07 2.87e-06   1.88579284e+11  3.26227316e+08  9.55e+04     554s
  37   3.87e-07 1.34e-06   7.25974791e+10  4.72348186e+09  3.44e+04     569s
  38   6.26e-07 4.14e-07   3.78612591e+10  8.04098605e+09  1.51e+04     583s
  39   2.98e-07 1.21e-07   2.49989401e+10  9.44092466e+09  7.90e+03     597s
  40   2.87e-07 3.54e-08   1.67937096e+10  9.89097889e+09  3.50e+03     610s
  41   2.68e-07 1.68e-08   1.24977267e+10  1.00715182e+10  1.23e+03     622s
  42   3.07e-07 8.38e-09   1.12094141e+10  1.01549814e+10  5.35e+02     634s
  43   2.09e-07 6.52e-09   1.06002010e+10  1.02037424e+10  2.01e+02     646s
  44   2.59e-07 3.73e-09   1.04008935e+10  1.02221142e+10  9.07e+01     657s
  45   3.58e-07 3.73e-09   1.02814049e+10  1.02319577e+10  2.51e+01     668s
  46   2.09e-07 3.73e-09   1.02443311e+10  1.02355474e+10  4.46e+00     678s
  47   3.28e-07 3.73e-09   1.02395662e+10  1.02360629e+10  1.78e+00     688s
  48   2.38e-07 3.73e-09   1.02388909e+10  1.02361189e+10  1.41e+00     698s
  49   3.28e-07 3.73e-09   1.02372506e+10  1.02362034e+10  5.31e-01     707s
  50   3.58e-07 2.79e-09   1.02363024e+10  1.02362189e+10  4.24e-02     716s
  51   2.68e-07 3.73e-09   1.02362296e+10  1.02362231e+10  3.28e-03     726s
  52   7.45e-07 3.73e-09   1.02362242e+10  1.02362238e+10  2.14e-04     735s
  53   1.52e-06 1.86e-09   1.02362239e+10  1.02362239e+10  9.51e-06     746s
  54*  1.07e-06 9.31e-10   1.02362239e+10  1.02362239e+10  4.10e-07     753s
Summary
    Runtime:                                            753.22s
    Status interior point solve:                        optimal
    Status crossover:                                   not run
    objective value:                                    1.02362239e+10
    interior solution primal residual (abs/rel):        1.07e-06 / 7.35e-15
    interior solution dual residual (abs/rel):          9.31e-10 / 9.62e-17
    interior solution objective gap (abs/rel):          5.34e-01 / 5.22e-11
Ipx: IPM       optimal
Model   status      : Optimal
IPM       iterations: 54
Objective value     :  1.0236223925e+10
HiGHS run time      :        765.55
Presolving model
1210152 rows, 2661521 cols, 6797102 nonzeros
926965 rows, 1796878 cols, 5065770 nonzeros
918806 rows, 1035157 cols, 3538499 nonzeros
909274 rows, 1024965 cols, 3518130 nonzeros
Presolve : Reductions: rows 909274(-9485968); columns 1024965(-5890097); elements 3518130(-35907529)
Solving the presolved LP
IPX model has 909274 rows, 1024965 columns and 3518130 nonzeros
Input
    Number of variables:                                1024965
    Number of free variables:                           0
    Number of constraints:                              909274
    Number of equality constraints:                     56183
    Number of matrix entries:                           3518130
    Matrix range:                                       [1e-02, 1e+00]
    RHS range:                                          [2e+05, 1e+08]
    Objective range:                                    [2e-04, 1e+07]
    Bounds range:                                       [7e+05, 1e+08]
Preprocessing
    Dualized model:                                     no
    Number of dense columns:                            0
    Range of scaling factors:                           [1.00e+00, 2.00e+00]
IPX version 1.0
Interior Point Solve
 Iter     P.res    D.res            P.obj           D.obj        mu     Time
   0   1.66e+07 2.84e+06   2.23781419e+14 -8.75055658e+18  5.19e+13       0s
   1   5.44e+06 2.24e+06   7.36586113e+17 -7.33308647e+18  4.40e+13       2s
   2   2.72e+06 1.82e+06   1.22048669e+18 -6.59932903e+18  4.72e+13       5s
   3   1.09e+06 7.32e+05   1.25887651e+18 -2.97653284e+18  2.00e+13       9s
   4   5.36e+05 4.74e+05   1.30498624e+18 -2.20890673e+18  1.45e+13      15s
   5   2.32e+05 2.59e+05   1.22934423e+18 -1.40019337e+18  8.61e+12      24s
 Constructing starting basis...
   6   6.51e+04 1.36e+05   1.06450724e+18 -8.59435483e+17  5.12e+12      52s
   7   5.86e+03 4.87e+04   6.94530610e+17 -3.33128876e+17  1.84e+12      70s
   8   5.87e-03 2.05e+04   3.88997003e+17 -1.57974082e+17  7.30e+11      88s
   9   2.77e-03 8.40e+03   3.06682517e+17 -7.89852297e+16  3.62e+11     106s
  10   2.30e-03 4.32e+03   2.86806681e+17 -5.23002910e+16  2.55e+11     127s
  11   9.00e-04 1.85e+03   1.75434774e+17 -2.81869509e+16  1.30e+11     148s
  12   7.15e-04 8.92e+02   1.56424413e+17 -1.84038646e+16  1.01e+11     171s
  13   4.12e-04 6.09e+02   9.70715612e+16 -1.29733300e+16  6.19e+10     191s
  14   2.18e-04 1.61e+02   5.90837892e+16 -4.49200070e+15  3.35e+10     209s
  15   6.32e-05 4.77e+01   2.03003758e+16 -1.53805698e+15  1.13e+10     225s
  16   3.77e-05 2.75e+01   1.30729068e+16 -9.52271966e+14  7.25e+09     240s
  17   1.79e-05 1.29e+01   7.02704739e+15 -4.91091474e+14  3.88e+09     255s
  18   6.79e-06 7.57e+00   3.45103984e+15 -3.18147074e+14  1.96e+09     271s
  19   4.26e-06 4.95e+00   2.34361669e+15 -2.12166511e+14  1.33e+09     287s
  20   2.32e-06 3.77e+00   1.54973151e+15 -1.68163525e+14  8.98e+08     304s
  21   1.58e-06 2.69e+00   1.09334183e+15 -1.21412140e+14  6.36e+08     321s
  22   7.45e-07 1.61e+00   5.54614326e+14 -7.41802746e+13  3.31e+08     338s
  23   4.17e-07 1.26e+00   3.21451230e+14 -5.96796566e+13  2.03e+08     354s
  24   5.07e-07 2.30e-01   1.10467697e+14 -1.55741095e+13  6.59e+07     370s
  25   4.77e-07 4.62e-02   5.39368131e+13 -3.94175201e+12  2.98e+07     387s
  26   4.77e-07 1.90e-02   3.85521243e+13 -1.79552282e+12  2.06e+07     404s
  27   4.17e-07 1.07e-02   2.49340914e+13 -1.02548697e+12  1.32e+07     419s
  28   5.36e-07 9.80e-03   1.86950069e+13 -9.89161786e+11  1.01e+07     434s
  29   4.77e-07 6.64e-03   1.36123827e+13 -7.23635168e+11  7.34e+06     448s
  30   7.15e-07 2.13e-03   9.00882539e+12 -4.67115906e+11  4.83e+06     463s
  31   8.34e-07 1.74e-03   5.59155056e+12 -4.02428064e+11  3.06e+06     478s
  32   7.15e-07 2.84e-04   3.34591141e+12 -1.47700849e+11  1.78e+06     493s
  33   9.54e-07 8.20e-05   1.81281231e+12 -7.14501257e+10  9.57e+05     509s
  34   6.26e-07 2.54e-05   7.93075154e+11 -2.59137520e+10  4.16e+05     524s
  35   4.17e-07 9.70e-06   5.76147767e+11 -1.56507064e+10  3.00e+05     538s
  36   4.47e-07 3.21e-06   2.18642003e+11 -9.11669697e+08  1.11e+05     552s
  37   4.17e-07 1.45e-06   9.11835626e+10  4.01849532e+09  4.42e+04     566s
  38   2.38e-07 4.19e-07   4.67989298e+10  7.72704536e+09  1.98e+04     580s
  39   3.58e-07 2.51e-07   2.70635728e+10  8.63175330e+09  9.35e+03     594s
  40   3.87e-07 5.59e-08   1.77136338e+10  9.69531569e+09  4.07e+03     608s
  41   3.87e-07 2.24e-08   1.40170122e+10  9.99728693e+09  2.04e+03     622s
  42   2.09e-07 1.02e-08   1.15748479e+10  1.01312077e+10  7.33e+02     634s
  43   3.31e-07 7.45e-09   1.08816935e+10  1.01817334e+10  3.55e+02     646s
  44   3.58e-07 3.73e-09   1.04952825e+10  1.02125399e+10  1.43e+02     658s
  45   2.98e-07 3.73e-09   1.03500044e+10  1.02255794e+10  6.31e+01     669s
  46   2.98e-07 3.73e-09   1.02679928e+10  1.02338469e+10  1.73e+01     680s
  47   2.38e-07 3.73e-09   1.02414118e+10  1.02356811e+10  2.91e+00     691s
  48   2.09e-07 3.73e-09   1.02384047e+10  1.02359420e+10  1.25e+00     700s
  49   3.58e-07 3.73e-09   1.02368486e+10  1.02360225e+10  4.19e-01     710s
  50   3.28e-07 3.73e-09   1.02367884e+10  1.02360321e+10  3.84e-01     719s
  51   3.87e-07 3.73e-09   1.02362853e+10  1.02360434e+10  1.23e-01     728s
  52   3.30e-07 3.73e-09   1.02362416e+10  1.02360431e+10  1.01e-01     738s
  53   5.07e-07 3.73e-09   1.02360653e+10  1.02360466e+10  9.47e-03     747s
  54   3.45e-07 5.59e-09   1.02360495e+10  1.02360474e+10  1.09e-03     757s
  55   1.64e-06 3.73e-09   1.02360478e+10  1.02360476e+10  1.05e-04     767s
  56   1.79e-06 1.86e-09   1.02360477e+10  1.02360476e+10  1.17e-05     774s
  57*  1.76e-06 9.31e-10   1.02360476e+10  1.02360476e+10  1.59e-06     778s
Summary
    Runtime:                                            778.36s
    Status interior point solve:                        optimal
    Status crossover:                                   not run
    objective value:                                    1.02360476e+10
    interior solution primal residual (abs/rel):        1.58e-06 / 1.08e-14
    interior solution dual residual (abs/rel):          9.31e-10 / 9.62e-17
    interior solution objective gap (abs/rel):          2.43e+00 / 2.37e-10
Ipx: IPM       optimal
Model   status      : Optimal
IPM       iterations: 57
Objective value     :  1.0236047637e+10
HiGHS run time      :        790.61
[ Info: Rolling step not specified in scenaio.yaml file; Setting it to 15 years
[ Info: Demand-pathway mapping not specified in scenaio.yaml file; SERA will not look for eligible pathways for different demand types.
[ Info: Production capacity constraints from the grid model not defined. SERA will not create these constraints
[ Info: Regional technology limits not specified in scenaio.yaml file; SERA will not create these constraints
STARTING DATA PRE-PROCESSING 
Processing Temporal Data
Processing Nodes
Processing Demand
Processing Existings
Processing Links
Processing Pathways
Creating Infrastructure options
 25.740965 seconds (131.93 M allocations: 15.412 GiB, 42.09% gc time, 0.35% compilation time)

OPTIMIZING FROM 2026 TO 2040 

STARTING OPTIMIZATION MODEL CREATION
CREATING VARIABLES AND EXPRESSIONS
309.654709 seconds (527.75 M allocations: 32.709 GiB, 89.11% gc time, 3.96% compilation time)
POPULATING EXPRESSIONS
133.367057 seconds (590.38 M allocations: 92.595 GiB, 11.97% gc time, 0.14% compilation time)
CREATING CONSTRAINTS
273.125939 seconds (332.52 M allocations: 19.534 GiB, 87.25% gc time, 0.52% compilation time)
POPULATED CORE OPTIMIZATION MODEL, STARTING ITERATIONS
READING COST DATA FOR ITERATION 1
245.722933 seconds (243.78 M allocations: 23.312 GiB, 77.87% gc time, 0.16% compilation time)
CREATING EXPRESSIONS FOR CAPITAL AND FIXED COST
665.166100 seconds (362.19 M allocations: 23.230 GiB, 95.98% gc time, 0.23% compilation time)
BUILDING OBJECTIVE FUNCTION
 52.601675 seconds (89.92 M allocations: 2.756 GiB, 79.80% gc time, 1.58% compilation time)
Optimizing for iteration 1
1269.486614 seconds (116.30 M allocations: 10.873 GiB, 25.12% gc time, 0.00% compilation time)
OPTIMAL
1.0504555764813883e10
ϵ =  1.0
READING COST DATA FOR ITERATION 2
1953.212135 seconds (200.15 M allocations: 22.486 GiB, 25.15% gc time, 0.00% compilation time)
CREATING EXPRESSIONS FOR CAPITAL AND FIXED COST
966.961343 seconds (360.79 M allocations: 23.123 GiB, 97.43% gc time, 0.02% compilation time)
BUILDING OBJECTIVE FUNCTION
 53.833630 seconds (89.26 M allocations: 2.799 GiB, 81.38% gc time)
Optimizing for iteration 2
855.590196 seconds (5 allocations: 32 bytes)
OPTIMAL
1.1776298317769602e10
ϵ =  0.10799170661602575
READING COST DATA FOR ITERATION 3
1949.618875 seconds (199.86 M allocations: 22.532 GiB, 25.16% gc time)
CREATING EXPRESSIONS FOR CAPITAL AND FIXED COST
1510.369371 seconds (360.79 M allocations: 23.123 GiB, 97.94% gc time)
BUILDING OBJECTIVE FUNCTION
 82.342175 seconds (89.26 M allocations: 2.799 GiB, 84.21% gc time)
Optimizing for iteration 3
778.454332 seconds (2 allocations: 32 bytes)
OPTIMAL
1.0539469977535658e10
ϵ =  0.11735204359135641
READING COST DATA FOR ITERATION 4
2836.748803 seconds (199.83 M allocations: 22.448 GiB, 27.74% gc time)
CREATING EXPRESSIONS FOR CAPITAL AND FIXED COST
1552.649017 seconds (360.79 M allocations: 23.123 GiB, 97.96% gc time)
BUILDING OBJECTIVE FUNCTION
 83.516389 seconds (89.26 M allocations: 2.799 GiB, 84.36% gc time)
Optimizing for iteration 4
735.951402 seconds (2 allocations: 32 bytes)
OPTIMAL
1.0268611890268147e10
ϵ =  0.026377283528590152
READING COST DATA FOR ITERATION 5
2841.499352 seconds (199.82 M allocations: 22.575 GiB, 27.89% gc time)
CREATING EXPRESSIONS FOR CAPITAL AND FIXED COST
1578.632249 seconds (360.79 M allocations: 23.123 GiB, 97.95% gc time)
BUILDING OBJECTIVE FUNCTION
 83.859534 seconds (89.26 M allocations: 2.799 GiB, 84.55% gc time)
Optimizing for iteration 5
765.706768 seconds (2 allocations: 32 bytes)
OPTIMAL
1.023622392538599e10
ϵ =  0.0031640539626994497
READING COST DATA FOR ITERATION 6
2829.731765 seconds (199.82 M allocations: 22.400 GiB, 27.52% gc time)
CREATING EXPRESSIONS FOR CAPITAL AND FIXED COST
1682.673745 seconds (360.79 M allocations: 23.123 GiB, 98.12% gc time)
BUILDING OBJECTIVE FUNCTION
 84.568777 seconds (89.26 M allocations: 2.799 GiB, 84.66% gc time)
Optimizing for iteration 6
790.768356 seconds (2 allocations: 32 bytes)
OPTIMAL
1.0236047637481962e10
ϵ =  1.722226303746243e-5
ITERATIONS COMPLETED
WRITING RESULTS TO FILE
127.718357 seconds (69.25 M allocations: 2.822 GiB, 93.56% gc time, 0.61% compilation time)

THE OPTIMIZATION PROBLEM TOOK 454.72 MINUTES TO SOLVE. 
