Running HiGHS 1.6.0: Copyright (c) 2023 HiGHS under MIT licence terms
Presolving model
21117 rows, 96230 cols, 212864 nonzeros
20541 rows, 27456 cols, 72140 nonzeros
20304 rows, 27165 cols, 71612 nonzeros
Presolve : Reductions: rows 20304(-870793); columns 27165(-466633); elements 71612(-2264974)
Solving the presolved LP
IPX model has 20304 rows, 27165 columns and 71612 nonzeros
Input
    Number of variables:                                27165
    Number of free variables:                           0
    Number of constraints:                              20304
    Number of equality constraints:                     5610
    Number of matrix entries:                           71612
    Matrix range:                                       [1e-02, 1e+00]
    RHS range:                                          [2e+05, 6e+07]
    Objective range:                                    [3e-04, 3e+01]
    Bounds range:                                       [2e+05, 1e+08]
Preprocessing
    Dualized model:                                     no
    Number of dense columns:                            0
    Range of scaling factors:                           [1.00e+00, 2.00e+00]
IPX version 1.0
Interior Point Solve
 Iter     P.res    D.res            P.obj           D.obj        mu     Time
   0   1.12e+07 6.69e+00   1.59734869e+09 -3.61829046e+12  1.38e+08       0s
   1   1.99e+06 2.98e+00   1.83852607e+11 -1.71646782e+12  5.21e+07       0s
   2   1.05e+06 2.61e+00   2.64963469e+11 -1.54726267e+12  5.03e+07       0s
   3   5.04e+05 3.52e-01   1.96972975e+11 -1.97203218e+11  9.84e+06       0s
   4   1.64e+05 7.22e-02   9.62521470e+10 -5.48969323e+10  3.33e+06       0s
   5   4.75e+04 1.45e-02   3.48850109e+10 -1.21446280e+10  9.70e+05       0s
 Constructing starting basis...
   6   1.35e+04 3.97e-03   1.49630022e+10 -2.07999699e+09  3.65e+05       0s
   7   3.06e+03 2.37e-03   1.00881812e+10  9.23994945e+08  1.91e+05       0s
   8   9.01e+02 8.21e-04   8.43399218e+09  3.43777160e+09  1.01e+05       0s
   9   3.03e+02 4.38e-04   7.93710630e+09  4.01606135e+09  7.87e+04       1s
  10   8.66e+01 1.83e-04   6.54198446e+09  4.95457013e+09  3.15e+04       1s
  11   5.36e+01 7.93e-05   6.35957026e+09  5.23878207e+09  2.22e+04       1s
  12   3.31e+01 3.46e-05   6.13160937e+09  5.44852164e+09  1.35e+04       1s
  13   1.92e+01 1.55e-05   5.98189828e+09  5.53091123e+09  8.88e+03       1s
  14   1.10e+01 8.42e-06   5.86723906e+09  5.57633293e+09  5.73e+03       1s
  15   4.37e+00 4.78e-06   5.76597216e+09  5.60323406e+09  3.20e+03       1s
  16   1.95e+00 2.60e-06   5.72478208e+09  5.62126500e+09  2.04e+03       1s
  17   9.07e-01 1.17e-06   5.69507909e+09  5.63809769e+09  1.12e+03       1s
  18   3.35e-01 5.65e-07   5.67649730e+09  5.64579552e+09  6.03e+02       1s
  19   1.22e-01 2.23e-07   5.66704916e+09  5.65108605e+09  3.14e+02       1s
  20   5.34e-02 1.11e-07   5.66267187e+09  5.65329752e+09  1.84e+02       1s
  21   5.99e-03 7.19e-08   5.65940225e+09  5.65410225e+09  1.04e+02       1s
  22   2.32e-03 3.56e-08   5.65817725e+09  5.65515718e+09  5.93e+01       1s
  23   7.54e-04 6.35e-09   5.65728752e+09  5.65617528e+09  2.18e+01       1s
  24   1.61e-04 6.66e-10   5.65677912e+09  5.65644580e+09  6.55e+00       1s
  25   6.92e-05 2.13e-10   5.65664207e+09  5.65649305e+09  2.93e+00       1s
  26   3.58e-08 3.58e-11   5.65656015e+09  5.65650525e+09  1.08e+00       1s
  27   3.74e-08 8.42e-13   5.65652923e+09  5.65652134e+09  1.55e-01       1s
  28   6.19e-08 3.06e-13   5.65652222e+09  5.65652163e+09  1.18e-02       1s
  29   8.11e-08 2.13e-14   5.65652185e+09  5.65652181e+09  7.71e-04       1s
  30*  3.47e-08 7.11e-15   5.65652182e+09  5.65652181e+09  5.63e-05       1s
Summary
    Runtime:                                            1.40s
    Status interior point solve:                        optimal
    Status crossover:                                   not run
    objective value:                                    5.65652182e+09
    interior solution primal residual (abs/rel):        4.47e-08 / 3.06e-16
    interior solution dual residual (abs/rel):          4.68e-11 / 1.34e-12
    interior solution objective gap (abs/rel):          2.86e+00 / 5.06e-10
Ipx: IPM       optimal
Model   status      : Optimal
IPM       iterations: 30
Objective value     :  5.6886529443e+09
HiGHS run time      :          2.04
Presolving model
21117 rows, 96230 cols, 212864 nonzeros
20541 rows, 27456 cols, 72140 nonzeros
20304 rows, 27165 cols, 71612 nonzeros
Presolve : Reductions: rows 20304(-870793); columns 27165(-466633); elements 71612(-2264974)
Solving the presolved LP
IPX model has 20304 rows, 27165 columns and 71612 nonzeros
Input
    Number of variables:                                27165
    Number of free variables:                           0
    Number of constraints:                              20304
    Number of equality constraints:                     5610
    Number of matrix entries:                           71612
    Matrix range:                                       [1e-02, 1e+00]
    RHS range:                                          [2e+05, 6e+07]
    Objective range:                                    [3e-04, 8e+05]
    Bounds range:                                       [2e+05, 1e+08]
Preprocessing
    Dualized model:                                     no
    Number of dense columns:                            0
    Range of scaling factors:                           [1.00e+00, 2.00e+00]
IPX version 1.0
Interior Point Solve
 Iter     P.res    D.res            P.obj           D.obj        mu     Time
   0   1.14e+07 1.76e+05   2.29697360e+13 -9.67809644e+16  3.65e+12       0s
   1   3.03e+06 1.11e+05   2.95144194e+15 -6.39966622e+16  2.01e+12       0s
   2   1.70e+06 7.44e+04   4.58490898e+15 -4.84090974e+16  1.65e+12       0s
   3   3.21e+05 1.03e+04   2.99911717e+15 -6.93411296e+15  2.69e+11       0s
   4   7.44e+04 3.27e+03   1.17518043e+15 -2.39546222e+15  8.84e+10       0s
   5   2.38e+04 4.91e+02   5.04205126e+14 -4.67543232e+14  2.17e+10       0s
 Constructing starting basis...
   6   3.64e+03 1.48e+02   7.66208076e+13 -1.74925691e+14  6.30e+09       1s
   7   1.35e+03 4.63e+01   2.93617603e+13 -6.25138067e+13  2.25e+09       1s
   8   3.52e+02 1.10e+01   1.40412499e+13 -1.61249393e+13  7.13e+08       1s
   9   5.89e+01 3.29e+00   4.24924860e+12 -5.76751998e+12  2.38e+08       1s
  10   9.35e+00 3.49e-01   1.36589381e+12 -9.53013903e+11  5.05e+07       1s
  11   2.97e+00 1.03e-01   6.05573947e+11 -3.50678494e+11  2.06e+07       1s
  12   1.05e+00 2.19e-02   2.81611641e+11 -1.01633800e+11  7.98e+06       1s
  13   3.64e-01 6.00e-03   1.16666083e+11 -3.05078660e+10  3.01e+06       1s
  14   8.87e-02 1.75e-03   5.94323898e+10 -1.36707979e+10  1.48e+06       1s
  15   1.85e-02 8.34e-04   3.04015367e+10 -6.80531090e+09  7.50e+05       1s
  16   1.17e-02 2.92e-04   2.29840488e+10 -4.07204245e+08  4.65e+05       1s
  17   7.76e-03 1.19e-04   1.85552261e+10  1.63183621e+09  3.34e+05       1s
  18   4.77e-03 1.35e-05   1.48677625e+10  3.13114656e+09  2.31e+05       1s
  19   2.45e-03 2.86e-06   1.06377770e+10  3.90319378e+09  1.32e+05       1s
  20   1.07e-03 1.25e-06   7.39091856e+09  4.22420755e+09  6.22e+04       1s
  21   3.57e-04 1.33e-07   5.91664219e+09  4.38808482e+09  3.00e+04       1s
  22   9.12e-05 4.64e-08   4.94275285e+09  4.50558235e+09  8.59e+03       1s
  23   4.42e-05 1.50e-08   4.77728123e+09  4.55107877e+09  4.44e+03       1s
  24   2.78e-05 6.52e-09   4.70894010e+09  4.56913754e+09  2.75e+03       1s
  25   9.06e-06 2.79e-09   4.63453804e+09  4.57615146e+09  1.15e+03       2s
  26   2.47e-06 1.16e-09   4.60151825e+09  4.58122038e+09  3.99e+02       2s
  27   5.07e-07 5.82e-10   4.59148064e+09  4.58334573e+09  1.60e+02       2s
  28   2.68e-07 3.49e-10   4.58870074e+09  4.58469361e+09  7.87e+01       2s
  29   1.19e-07 3.49e-10   4.58685660e+09  4.58525551e+09  3.14e+01       2s
  30   2.09e-07 2.33e-10   4.58595779e+09  4.58552027e+09  8.59e+00       2s
  31   1.49e-07 2.33e-10   4.58572118e+09  4.58564661e+09  1.46e+00       2s
  32   1.19e-07 3.49e-10   4.58568672e+09  4.58567544e+09  2.22e-01       2s
  33   3.45e-08 2.33e-10   4.58568001e+09  4.58567799e+09  3.98e-02       2s
  34   2.09e-07 2.33e-10   4.58567877e+09  4.58567821e+09  1.10e-02       2s
  35   4.77e-07 2.33e-10   4.58567834e+09  4.58567828e+09  1.31e-03       2s
  36   7.00e-07 2.33e-10   4.58567829e+09  4.58567829e+09  1.18e-04       2s
  37*  5.51e-07 2.33e-10   4.58567829e+09  4.58567829e+09  1.57e-05       2s
Summary
    Runtime:                                            1.94s
    Status interior point solve:                        optimal
    Status crossover:                                   not run
    objective value:                                    4.58567829e+09
    interior solution primal residual (abs/rel):        3.80e-07 / 2.60e-15
    interior solution dual residual (abs/rel):          2.33e-10 / 2.96e-16
    interior solution objective gap (abs/rel):          9.37e-01 / 2.04e-10
Ipx: IPM       optimal
Model   status      : Optimal
IPM       iterations: 37
Objective value     :  4.6062817549e+09
HiGHS run time      :          2.52
Presolving model
21117 rows, 96230 cols, 212864 nonzeros
20541 rows, 27456 cols, 72140 nonzeros
20304 rows, 27165 cols, 71612 nonzeros
Presolve : Reductions: rows 20304(-870793); columns 27165(-466633); elements 71612(-2264974)
Solving the presolved LP
IPX model has 20304 rows, 27165 columns and 71612 nonzeros
Input
    Number of variables:                                27165
    Number of free variables:                           0
    Number of constraints:                              20304
    Number of equality constraints:                     5610
    Number of matrix entries:                           71612
    Matrix range:                                       [1e-02, 1e+00]
    RHS range:                                          [2e+05, 6e+07]
    Objective range:                                    [3e-04, 8e+05]
    Bounds range:                                       [2e+05, 1e+08]
Preprocessing
    Dualized model:                                     no
    Number of dense columns:                            0
    Range of scaling factors:                           [1.00e+00, 2.00e+00]
IPX version 1.0
Interior Point Solve
 Iter     P.res    D.res            P.obj           D.obj        mu     Time
   0   1.14e+07 1.76e+05   3.69028950e+13 -9.70154028e+16  3.67e+12       0s
   1   3.02e+06 1.11e+05   3.46764907e+15 -6.39731059e+16  2.01e+12       0s
   2   1.67e+06 7.37e+04   5.27837555e+15 -4.78991142e+16  1.63e+12       0s
   3   2.96e+05 9.56e+03   3.36915830e+15 -6.51982662e+15  2.58e+11       0s
   4   7.04e+04 3.32e+03   1.35992471e+15 -2.48458047e+15  9.23e+10       0s
   5   2.70e+04 1.03e+03   6.09402542e+14 -8.11177374e+14  3.24e+10       0s
   6   7.81e+03 3.22e+02   2.22073604e+14 -3.07011693e+14  1.16e+10       0s
 Constructing starting basis...
   7   1.37e+03 7.18e+01   5.07572814e+13 -9.85827807e+13  3.62e+09       1s
   8   4.84e+02 2.75e+01   3.19891652e+13 -3.91100413e+13  1.70e+09       1s
   9   1.55e+02 8.35e+00   1.72765467e+13 -1.49502680e+13  7.50e+08       1s
  10   3.40e+01 4.47e+00   6.09405904e+12 -8.50450059e+12  3.60e+08       1s
  11   2.01e+01 1.11e+00   5.05729709e+12 -3.57984867e+12  1.92e+08       1s
  12   8.77e+00 3.43e-01   2.49429746e+12 -1.19417182e+12  7.99e+07       1s
  13   2.66e+00 8.05e-02   9.50982820e+11 -3.40896760e+11  2.74e+07       1s
  14   5.56e-01 7.09e-03   3.47150764e+11 -8.27654752e+10  8.70e+06       1s
  15   2.61e-01 2.01e-03   1.75542070e+11 -2.41861186e+10  3.98e+06       1s
  16   1.22e-01 1.24e-03   9.96217096e+10 -1.63593694e+10  2.32e+06       1s
  17   7.14e-02 6.62e-04   6.31591919e+10 -7.74719907e+09  1.41e+06       1s
  18   4.04e-02 1.65e-04   4.29593211e+10 -1.36705199e+09  8.75e+05       1s
  19   1.54e-02 1.83e-05   2.43303888e+10  1.41123602e+09  4.51e+05       1s
  20   5.11e-03 6.09e-06   1.17615617e+10  2.91431152e+09  1.74e+05       1s
  21   2.86e-04 1.89e-06   6.62553405e+09  3.32296341e+09  6.49e+04       1s
  22   1.34e-04 7.15e-07   5.44930919e+09  3.74168143e+09  3.35e+04       1s
  23   7.02e-05 1.71e-07   5.11340415e+09  3.87052917e+09  2.44e+04       1s
  24   1.59e-05 5.19e-08   4.33310813e+09  4.01966411e+09  6.16e+03       1s
  25   4.29e-06 1.75e-08   4.17579801e+09  4.06497286e+09  2.18e+03       1s
  26   2.00e-06 6.52e-09   4.13814350e+09  4.08234836e+09  1.10e+03       1s
  27   6.56e-07 2.79e-09   4.11143674e+09  4.08966022e+09  4.28e+02       1s
  28   1.49e-07 1.16e-09   4.10102325e+09  4.09295201e+09  1.59e+02       2s
  29   2.09e-07 5.82e-10   4.09790470e+09  4.09452455e+09  6.64e+01       2s
  30   6.33e-08 3.49e-10   4.09634133e+09  4.09522908e+09  2.18e+01       2s
  31   2.98e-08 2.33e-10   4.09586916e+09  4.09560536e+09  5.18e+00       2s
  32   5.59e-08 2.33e-10   4.09571733e+09  4.09568250e+09  6.84e-01       2s
  33   1.27e-07 3.49e-10   4.09569901e+09  4.09569598e+09  5.96e-02       2s
  34   1.12e-07 2.33e-10   4.09569671e+09  4.09569651e+09  3.85e-03       2s
  35   4.62e-07 2.33e-10   4.09569658e+09  4.09569656e+09  3.73e-04       2s
  36*  1.73e-06 2.33e-10   4.09569657e+09  4.09569657e+09  7.06e-05       2s
Summary
    Runtime:                                            1.77s
    Status interior point solve:                        optimal
    Status crossover:                                   not run
    objective value:                                    4.09569657e+09
    interior solution primal residual (abs/rel):        1.73e-06 / 1.18e-14
    interior solution dual residual (abs/rel):          2.33e-10 / 2.96e-16
    interior solution objective gap (abs/rel):          3.72e+00 / 9.09e-10
Ipx: IPM       optimal
Model   status      : Optimal
IPM       iterations: 36
Objective value     :  4.1163000373e+09
HiGHS run time      :          2.34
Presolving model
21117 rows, 96230 cols, 212864 nonzeros
20541 rows, 27456 cols, 72140 nonzeros
20304 rows, 27165 cols, 71612 nonzeros
Presolve : Reductions: rows 20304(-870793); columns 27165(-466633); elements 71612(-2264974)
Solving the presolved LP
IPX model has 20304 rows, 27165 columns and 71612 nonzeros
Input
    Number of variables:                                27165
    Number of free variables:                           0
    Number of constraints:                              20304
    Number of equality constraints:                     5610
    Number of matrix entries:                           71612
    Matrix range:                                       [1e-02, 1e+00]
    RHS range:                                          [2e+05, 6e+07]
    Objective range:                                    [3e-04, 8e+05]
    Bounds range:                                       [2e+05, 1e+08]
Preprocessing
    Dualized model:                                     no
    Number of dense columns:                            0
    Range of scaling factors:                           [1.00e+00, 2.00e+00]
IPX version 1.0
Interior Point Solve
 Iter     P.res    D.res            P.obj           D.obj        mu     Time
   0   1.14e+07 1.77e+05   3.89619604e+13 -9.72163720e+16  3.68e+12       0s
   1   3.02e+06 1.11e+05   3.52452159e+15 -6.42087033e+16  2.01e+12       0s
   2   1.67e+06 7.42e+04   5.36523761e+15 -4.81862777e+16  1.64e+12       0s
   3   3.23e+05 9.67e+03   3.46280063e+15 -6.58609687e+15  2.64e+11       0s
   4   7.78e+04 3.37e+03   1.41554496e+15 -2.52717606e+15  9.49e+10       0s
   5   3.03e+04 1.08e+03   6.51913682e+14 -8.53206442e+14  3.44e+10       0s
   6   8.39e+03 3.31e+02   2.29031218e+14 -3.15413970e+14  1.20e+10       0s
 Constructing starting basis...
   7   1.50e+03 7.84e+01   5.40957035e+13 -1.04168415e+14  3.85e+09       1s
   8   5.82e+02 3.75e+01   4.01350528e+13 -5.34781710e+13  2.28e+09       1s
   9   1.97e+02 1.82e+01   2.30372931e+13 -2.84561598e+13  1.27e+09       1s
  10   7.78e+01 8.53e+00   1.37058766e+13 -1.47344018e+13  7.02e+08       1s
  11   2.07e+01 3.76e+00   6.35634868e+12 -7.45477710e+12  3.46e+08       1s
  12   1.12e+01 1.32e+00   4.89097600e+12 -3.64658258e+12  2.00e+08       1s
  13   4.94e+00 1.50e-01   2.35406363e+12 -4.90541238e+11  5.96e+07       1s
  14   1.61e+00 3.98e-02   8.61901677e+11 -1.61828311e+11  2.12e+07       1s
  15   5.44e-01 1.26e-02   3.64760711e+11 -7.11222055e+10  8.98e+06       1s
  16   7.13e-02 3.11e-03   1.19977343e+11 -3.15317408e+10  3.11e+06       1s
  17   3.48e-02 1.76e-03   7.96759391e+10 -2.03942664e+10  2.04e+06       1s
  18   2.14e-02 8.65e-04   5.30942841e+10 -9.05346436e+09  1.25e+06       1s
  19   1.32e-02 2.87e-04   4.38694830e+10 -4.77768265e+09  9.65e+05       1s
  20   3.16e-03 1.26e-04   2.28219769e+10 -1.71712853e+09  4.85e+05       1s
  21   1.35e-03 2.99e-05   1.32418875e+10  2.02790296e+09  2.21e+05       1s
  22   3.55e-04 8.95e-06   7.61645338e+09  2.95624264e+09  9.16e+04       1s
  23   1.34e-04 2.72e-06   5.58510102e+09  3.45883346e+09  4.18e+04       1s
  24   6.31e-05 1.14e-06   4.73079506e+09  3.64905608e+09  2.12e+04       1s
  25   1.23e-05 3.75e-07   4.06030367e+09  3.75898117e+09  5.92e+03       1s
  26   2.95e-06 1.41e-07   3.90982211e+09  3.80247891e+09  2.11e+03       1s
  27   8.34e-07 5.93e-08   3.86460409e+09  3.82101147e+09  8.56e+02       2s
  28   2.98e-07 2.77e-08   3.84890601e+09  3.82910790e+09  3.89e+02       2s
  29   8.94e-08 9.66e-09   3.84215425e+09  3.83409003e+09  1.58e+02       2s
  30   1.42e-07 3.73e-09   3.83927883e+09  3.83595129e+09  6.53e+01       2s
  31   8.94e-08 1.05e-09   3.83792057e+09  3.83698729e+09  1.83e+01       2s
  32   1.34e-07 4.66e-10   3.83753972e+09  3.83730890e+09  4.53e+00       2s
  33   1.64e-07 2.33e-10   3.83740300e+09  3.83737873e+09  4.77e-01       2s
  34   1.19e-07 3.49e-10   3.83738735e+09  3.83738346e+09  7.64e-02       2s
  35   2.24e-07 2.33e-10   3.83738524e+09  3.83738425e+09  1.93e-02       2s
  36   2.38e-07 2.33e-10   3.83738481e+09  3.83738434e+09  9.34e-03       2s
  37   7.45e-08 2.33e-10   3.83738446e+09  3.83738435e+09  2.20e-03       2s
  38   8.94e-08 2.33e-10   3.83738440e+09  3.83738436e+09  8.70e-04       2s
  39   3.43e-07 2.33e-10   3.83738436e+09  3.83738436e+09  1.35e-04       2s
  40*  1.39e-06 2.33e-10   3.83738436e+09  3.83738436e+09  1.10e-05       2s
Summary
    Runtime:                                            1.87s
    Status interior point solve:                        optimal
    Status crossover:                                   not run
    objective value:                                    3.83738436e+09
    interior solution primal residual (abs/rel):        1.09e-06 / 7.45e-15
    interior solution dual residual (abs/rel):          2.33e-10 / 2.96e-16
    interior solution objective gap (abs/rel):          5.16e-01 / 1.34e-10
Ipx: IPM       optimal
Model   status      : Optimal
IPM       iterations: 40
Objective value     :  3.8579878254e+09
HiGHS run time      :          2.45
Presolving model
21117 rows, 96230 cols, 212864 nonzeros
20541 rows, 27456 cols, 72140 nonzeros
20304 rows, 27165 cols, 71612 nonzeros
Presolve : Reductions: rows 20304(-870793); columns 27165(-466633); elements 71612(-2264974)
Solving the presolved LP
IPX model has 20304 rows, 27165 columns and 71612 nonzeros
Input
    Number of variables:                                27165
    Number of free variables:                           0
    Number of constraints:                              20304
    Number of equality constraints:                     5610
    Number of matrix entries:                           71612
    Matrix range:                                       [1e-02, 1e+00]
    RHS range:                                          [2e+05, 6e+07]
    Objective range:                                    [3e-04, 8e+05]
    Bounds range:                                       [2e+05, 1e+08]
Preprocessing
    Dualized model:                                     no
    Number of dense columns:                            0
    Range of scaling factors:                           [1.00e+00, 2.00e+00]
IPX version 1.0
Interior Point Solve
 Iter     P.res    D.res            P.obj           D.obj        mu     Time
   0   1.14e+07 1.77e+05   3.96221680e+13 -9.72161593e+16  3.68e+12       0s
   1   3.03e+06 1.11e+05   3.54000958e+15 -6.42088523e+16  2.01e+12       0s
   2   1.67e+06 7.42e+04   5.38401132e+15 -4.81817125e+16  1.64e+12       0s
   3   3.24e+05 9.68e+03   3.47319864e+15 -6.59549436e+15  2.64e+11       0s
   4   7.77e+04 3.38e+03   1.41847279e+15 -2.52872111e+15  9.49e+10       0s
   5   3.03e+04 1.11e+03   6.52972357e+14 -8.73462017e+14  3.49e+10       0s
   6   8.44e+03 3.35e+02   2.31785956e+14 -3.18699600e+14  1.21e+10       0s
 Constructing starting basis...
   7   1.55e+03 8.02e+01   5.45358094e+13 -1.05195285e+14  3.89e+09       1s
   8   5.92e+02 3.84e+01   4.01102136e+13 -5.39167114e+13  2.30e+09       1s
   9   2.04e+02 1.87e+01   2.33144847e+13 -2.87587713e+13  1.29e+09       1s
  10   8.09e+01 8.72e+00   1.39035050e+13 -1.48660943e+13  7.10e+08       1s
  11   2.03e+01 3.87e+00   6.27816195e+12 -7.54580839e+12  3.48e+08       1s
  12   1.03e+01 4.16e-01   4.76875097e+12 -2.24600603e+12  1.48e+08       1s
  13   4.84e+00 5.45e-02   2.35179558e+12 -3.30497535e+11  5.41e+07       1s
  14   1.81e+00 2.81e-02   9.92698473e+11 -1.98379772e+11  2.44e+07       1s
  15   3.59e-01 5.43e-03   3.53256710e+11 -8.26447604e+10  8.89e+06       1s
  16   9.73e-02 1.44e-03   1.56316689e+11 -3.45208360e+10  3.84e+06       1s
  17   3.64e-02 8.29e-04   8.62193033e+10 -2.25989289e+10  2.18e+06       1s
  18   2.46e-02 4.21e-04   6.21805035e+10 -1.07310404e+10  1.45e+06       1s
  19   1.46e-02 1.20e-04   4.99403153e+10 -5.42537956e+09  1.09e+06       1s
  20   4.27e-03 3.59e-05   2.73774228e+10 -1.44643553e+09  5.67e+05       1s
  21   1.35e-03 6.12e-06   1.32159766e+10  2.27497769e+09  2.15e+05       1s
  22   2.71e-04 1.87e-06   7.23794049e+09  2.99759760e+09  8.33e+04       1s
  23   1.01e-04 6.79e-07   5.33932746e+09  3.44497582e+09  3.72e+04       1s
  24   4.58e-05 2.78e-07   4.55803729e+09  3.64940084e+09  1.78e+04       1s
  25   9.39e-06 8.82e-08   4.03164438e+09  3.75288916e+09  5.47e+03       1s
  26   3.13e-06 3.43e-08   3.90709810e+09  3.79405021e+09  2.22e+03       1s
  27   8.94e-07 1.33e-08   3.85513581e+09  3.81255633e+09  8.36e+02       1s
  28   3.28e-07 6.29e-09   3.83961208e+09  3.81936984e+09  3.98e+02       2s
  29   1.19e-07 2.33e-09   3.83225160e+09  3.82368932e+09  1.68e+02       2s
  30   5.96e-08 1.05e-09   3.82912786e+09  3.82546356e+09  7.20e+01       2s
  31   1.19e-07 4.66e-10   3.82746024e+09  3.82630412e+09  2.27e+01       2s
  32   8.94e-08 2.33e-10   3.82693618e+09  3.82665302e+09  5.56e+00       2s
  33   1.04e-07 2.33e-10   3.82678642e+09  3.82675544e+09  6.09e-01       2s
  34   1.34e-07 2.33e-10   3.82676944e+09  3.82676516e+09  8.41e-02       2s
  35   1.19e-07 3.49e-10   3.82676724e+09  3.82676690e+09  6.68e-03       2s
  36   5.07e-07 2.33e-10   3.82676704e+09  3.82676701e+09  5.86e-04       2s
  37*  5.81e-07 2.33e-10   3.82676703e+09  3.82676702e+09  7.65e-05       2s
Summary
    Runtime:                                            1.81s
    Status interior point solve:                        optimal
    Status crossover:                                   not run
    objective value:                                    3.82676703e+09
    interior solution primal residual (abs/rel):        3.50e-06 / 2.40e-14
    interior solution dual residual (abs/rel):          2.33e-10 / 2.96e-16
    interior solution objective gap (abs/rel):          3.75e+00 / 9.79e-10
Ipx: IPM       optimal
Model   status      : Optimal
IPM       iterations: 37
Objective value     :  3.8473704937e+09
HiGHS run time      :          2.38
Presolving model
21117 rows, 96230 cols, 212864 nonzeros
20541 rows, 27456 cols, 72140 nonzeros
20304 rows, 27165 cols, 71612 nonzeros
Presolve : Reductions: rows 20304(-870793); columns 27165(-466633); elements 71612(-2264974)
Solving the presolved LP
IPX model has 20304 rows, 27165 columns and 71612 nonzeros
Input
    Number of variables:                                27165
    Number of free variables:                           0
    Number of constraints:                              20304
    Number of equality constraints:                     5610
    Number of matrix entries:                           71612
    Matrix range:                                       [1e-02, 1e+00]
    RHS range:                                          [2e+05, 6e+07]
    Objective range:                                    [3e-04, 8e+05]
    Bounds range:                                       [2e+05, 1e+08]
Preprocessing
    Dualized model:                                     no
    Number of dense columns:                            0
    Range of scaling factors:                           [1.00e+00, 2.00e+00]
IPX version 1.0
Interior Point Solve
 Iter     P.res    D.res            P.obj           D.obj        mu     Time
   0   1.14e+07 1.77e+05   3.96221680e+13 -9.72161593e+16  3.68e+12       0s
   1   3.03e+06 1.11e+05   3.54000958e+15 -6.42088523e+16  2.01e+12       0s
   2   1.67e+06 7.42e+04   5.38401132e+15 -4.81817125e+16  1.64e+12       0s
   3   3.24e+05 9.68e+03   3.47319864e+15 -6.59549436e+15  2.64e+11       0s
   4   7.77e+04 3.38e+03   1.41847279e+15 -2.52872111e+15  9.49e+10       0s
   5   3.03e+04 1.11e+03   6.52972357e+14 -8.73462017e+14  3.49e+10       0s
   6   8.44e+03 3.35e+02   2.31785956e+14 -3.18699600e+14  1.21e+10       0s
 Constructing starting basis...
   7   1.55e+03 8.02e+01   5.45358094e+13 -1.05195285e+14  3.89e+09       1s
   8   5.92e+02 3.84e+01   4.01102136e+13 -5.39167114e+13  2.30e+09       1s
   9   2.04e+02 1.87e+01   2.33144847e+13 -2.87587713e+13  1.29e+09       1s
  10   8.09e+01 8.72e+00   1.39035050e+13 -1.48660943e+13  7.10e+08       1s
  11   2.03e+01 3.87e+00   6.27816195e+12 -7.54580839e+12  3.48e+08       1s
  12   1.03e+01 4.16e-01   4.76875097e+12 -2.24600603e+12  1.48e+08       1s
  13   4.84e+00 5.45e-02   2.35179558e+12 -3.30497535e+11  5.41e+07       1s
  14   1.81e+00 2.81e-02   9.92698473e+11 -1.98379772e+11  2.44e+07       1s
  15   3.59e-01 5.43e-03   3.53256710e+11 -8.26447604e+10  8.89e+06       1s
  16   9.73e-02 1.44e-03   1.56316689e+11 -3.45208360e+10  3.84e+06       1s
  17   3.64e-02 8.29e-04   8.62193033e+10 -2.25989289e+10  2.18e+06       1s
  18   2.46e-02 4.21e-04   6.21805035e+10 -1.07310404e+10  1.45e+06       1s
  19   1.46e-02 1.20e-04   4.99403153e+10 -5.42537956e+09  1.09e+06       1s
  20   4.27e-03 3.59e-05   2.73774228e+10 -1.44643553e+09  5.67e+05       1s
  21   1.35e-03 6.12e-06   1.32159766e+10  2.27497769e+09  2.15e+05       1s
  22   2.71e-04 1.87e-06   7.23794049e+09  2.99759760e+09  8.33e+04       1s
  23   1.01e-04 6.79e-07   5.33932746e+09  3.44497582e+09  3.72e+04       1s
  24   4.58e-05 2.78e-07   4.55803729e+09  3.64940084e+09  1.78e+04       1s
  25   9.39e-06 8.82e-08   4.03164438e+09  3.75288916e+09  5.47e+03       1s
  26   3.13e-06 3.43e-08   3.90709810e+09  3.79405021e+09  2.22e+03       1s
  27   8.94e-07 1.33e-08   3.85513581e+09  3.81255633e+09  8.36e+02       1s
  28   3.28e-07 6.29e-09   3.83961208e+09  3.81936984e+09  3.98e+02       2s
  29   1.19e-07 2.33e-09   3.83225160e+09  3.82368932e+09  1.68e+02       2s
  30   5.96e-08 1.05e-09   3.82912786e+09  3.82546356e+09  7.20e+01       2s
  31   1.19e-07 4.66e-10   3.82746024e+09  3.82630412e+09  2.27e+01       2s
  32   8.94e-08 2.33e-10   3.82693618e+09  3.82665302e+09  5.56e+00       2s
  33   1.04e-07 2.33e-10   3.82678642e+09  3.82675544e+09  6.09e-01       2s
  34   1.34e-07 2.33e-10   3.82676944e+09  3.82676516e+09  8.41e-02       2s
  35   1.19e-07 3.49e-10   3.82676724e+09  3.82676690e+09  6.68e-03       2s
  36   5.07e-07 2.33e-10   3.82676704e+09  3.82676701e+09  5.86e-04       2s
  37*  5.81e-07 2.33e-10   3.82676703e+09  3.82676702e+09  7.65e-05       2s
Summary
    Runtime:                                            1.80s
    Status interior point solve:                        optimal
    Status crossover:                                   not run
    objective value:                                    3.82676703e+09
    interior solution primal residual (abs/rel):        3.50e-06 / 2.40e-14
    interior solution dual residual (abs/rel):          2.33e-10 / 2.96e-16
    interior solution objective gap (abs/rel):          3.75e+00 / 9.79e-10
Ipx: IPM       optimal
Model   status      : Optimal
IPM       iterations: 37
Objective value     :  3.8473704937e+09
HiGHS run time      :          2.36
Running HiGHS 1.6.0: Copyright (c) 2023 HiGHS under MIT licence terms
Presolving model
8249 rows, 31509 cols, 68875 nonzeros
7905 rows, 14205 cols, 32159 nonzeros
7781 rows, 12335 cols, 28435 nonzeros
Presolve : Reductions: rows 7781(-438134); columns 12335(-234930); elements 28435(-1114192)
Solving the presolved LP
IPX model has 7781 rows, 12335 columns and 28435 nonzeros
Input
    Number of variables:                                12335
    Number of free variables:                           0
    Number of constraints:                              7781
    Number of equality constraints:                     3053
    Number of matrix entries:                           28435
    Matrix range:                                       [1e-02, 1e+00]
    RHS range:                                          [2e+05, 1e+08]
    Objective range:                                    [2e-04, 3e+05]
    Bounds range:                                       [1e+05, 1e+08]
Preprocessing
    Dualized model:                                     no
    Number of dense columns:                            0
    Range of scaling factors:                           [1.00e+00, 2.00e+00]
IPX version 1.0
Interior Point Solve
 Iter     P.res    D.res            P.obj           D.obj        mu     Time
   0   2.45e+07 1.23e+05   4.27022288e+13 -2.18165580e+16  3.99e+12       0s
   1   5.51e+06 7.37e+04   2.24186841e+15 -1.46767402e+16  1.85e+12       0s
   2   2.30e+06 3.86e+04   2.53712245e+15 -9.59297606e+15  1.18e+12       0s
   3   9.87e+05 6.43e+03   1.65993490e+15 -1.65803402e+15  2.76e+11       0s
   4   2.70e+05 1.24e+03   6.64105274e+14 -4.80970792e+14  7.76e+10       0s
   5   9.69e+04 4.19e+02   2.68831670e+14 -1.87110452e+14  2.89e+10       0s
   6   3.43e+04 1.98e+02   1.21224342e+14 -8.74336352e+13  1.28e+10       0s
 Constructing starting basis...
   7   1.16e+04 8.46e+01   8.81240849e+13 -3.22083130e+13  7.82e+09       0s
   8   7.76e+03 3.23e+01   7.73471043e+13 -1.21168648e+12  4.71e+09       0s
   9   5.81e+03 2.23e+01   6.83973332e+13  5.49160194e+12  3.76e+09       0s
  10   5.44e+03 2.07e+01   6.74957839e+13  7.79795998e+12  3.58e+09       0s
  11   3.11e+03 4.42e+00   5.73366456e+13  2.59457116e+13  1.71e+09       0s
  12   1.95e+03 2.07e+00   5.10907288e+13  3.13452212e+13  1.07e+09       0s
  13   1.48e+03 1.02e+00   4.92122356e+13  3.33826132e+13  8.48e+08       0s
  14   3.41e+02 4.93e-01   4.19332277e+13  3.59686927e+13  3.35e+08       0s
  15   1.33e+02 1.03e-01   4.03127336e+13  3.82109943e+13  1.13e+08       0s
  16   7.36e+01 2.44e-02   3.98150995e+13  3.86509164e+13  6.01e+07       0s
  17   9.53e+00 4.92e-03   3.91688734e+13  3.88663480e+13  1.56e+07       0s
  18   2.82e+00 1.57e-03   3.90511352e+13  3.89385286e+13  5.68e+06       0s
  19   1.97e+00 9.24e-04   3.90378519e+13  3.89514583e+13  4.32e+06       0s
  20   2.89e-01 1.06e-04   3.90039381e+13  3.89727908e+13  1.52e+06       0s
  21   9.49e-02 4.02e-05   3.89904025e+13  3.89788890e+13  5.57e+05       0s
  22   1.36e-02 2.90e-06   3.89848759e+13  3.89823092e+13  1.24e+05       0s
  23   2.29e-03 1.16e-06   3.89833826e+13  3.89827398e+13  3.10e+04       0s
  24   8.71e-04 5.18e-07   3.89832027e+13  3.89829016e+13  1.45e+04       0s
  25   4.84e-04 3.26e-07   3.89831503e+13  3.89829491e+13  9.70e+03       0s
  26   2.82e-04 2.00e-07   3.89831183e+13  3.89829825e+13  6.54e+03       1s
  27   1.60e-04 1.18e-07   3.89830980e+13  3.89830048e+13  4.49e+03       1s
  28   7.86e-05 4.09e-08   3.89830799e+13  3.89830289e+13  2.45e+03       1s
  29   2.94e-05 2.68e-08   3.89830682e+13  3.89830335e+13  1.67e+03       1s
  30   1.27e-05 1.58e-08   3.89830602e+13  3.89830388e+13  1.03e+03       1s
  31   4.86e-06 7.31e-09   3.89830545e+13  3.89830437e+13  5.21e+02       1s
  32   1.18e-07 4.28e-09   3.89830512e+13  3.89830454e+13  2.79e+02       1s
  33   8.94e-08 1.48e-09   3.89830498e+13  3.89830477e+13  1.05e+02       1s
  34   8.94e-08 5.82e-10   3.89830495e+13  3.89830483e+13  5.79e+01       1s
  35   5.35e-08 1.16e-10   3.89830493e+13  3.89830489e+13  2.04e+01       1s
  36   6.71e-08 5.82e-11   3.89830491e+13  3.89830490e+13  8.12e+00       1s
  37*  1.19e-07 5.82e-11   3.89830490e+13  3.89830490e+13  1.26e+00       1s
Summary
    Runtime:                                            0.61s
    Status interior point solve:                        optimal
    Status crossover:                                   not run
    objective value:                                    3.89830490e+13
    interior solution primal residual (abs/rel):        1.94e-07 / 1.33e-15
    interior solution dual residual (abs/rel):          5.82e-11 / 2.21e-16
    interior solution objective gap (abs/rel):          2.61e+04 / 6.69e-10
Ipx: IPM       optimal
Model   status      : Optimal
IPM       iterations: 37
Objective value     :  3.9252730963e+13
HiGHS run time      :          0.86
Presolving model
8249 rows, 31509 cols, 68875 nonzeros
7905 rows, 14205 cols, 32159 nonzeros
7781 rows, 12335 cols, 28435 nonzeros
Presolve : Reductions: rows 7781(-438134); columns 12335(-234930); elements 28435(-1114192)
Solving the presolved LP
IPX model has 7781 rows, 12335 columns and 28435 nonzeros
Input
    Number of variables:                                12335
    Number of free variables:                           0
    Number of constraints:                              7781
    Number of equality constraints:                     3053
    Number of matrix entries:                           28435
    Matrix range:                                       [1e-02, 1e+00]
    RHS range:                                          [2e+05, 1e+08]
    Objective range:                                    [2e-04, 3e+05]
    Bounds range:                                       [1e+05, 1e+08]
Preprocessing
    Dualized model:                                     no
    Number of dense columns:                            0
    Range of scaling factors:                           [1.00e+00, 2.00e+00]
IPX version 1.0
Interior Point Solve
 Iter     P.res    D.res            P.obj           D.obj        mu     Time
   0   2.47e+07 1.23e+05   1.84308047e+12 -2.21165038e+16  3.92e+12       0s
   1   5.73e+06 7.33e+04   9.86011988e+14 -1.49317470e+16  1.86e+12       0s
   2   2.51e+06 3.96e+04   1.28611941e+15 -1.00557613e+16  1.24e+12       0s
   3   1.01e+06 6.35e+03   9.16124206e+14 -1.73752228e+15  2.62e+11       0s
   4   1.72e+05 1.28e+03   2.72547249e+14 -5.00936249e+14  5.92e+10       0s
   5   4.28e+04 4.31e+02   6.45517993e+13 -2.06046678e+14  1.91e+10       0s
   6   1.14e+04 1.50e+02   2.73013738e+13 -7.66690280e+13  6.96e+09       0s
 Constructing starting basis...
   7   1.86e+03 2.81e+01   1.17692052e+13 -2.02240891e+13  2.19e+09       0s
   8   2.46e+02 2.48e+00   3.25161330e+12 -3.86027269e+12  4.09e+08       0s
   9   6.09e+01 3.94e-01   1.10981270e+12 -7.33599520e+11  1.00e+08       0s
  10   2.23e+01 2.00e-01   5.25757551e+11 -4.50160837e+11  5.49e+07       0s
  11   2.89e+00 1.18e-01   2.44061160e+11 -3.17648992e+11  3.51e+07       0s
  12   3.68e-01 4.00e-02   7.04542798e+10 -1.18116267e+11  1.18e+07       0s
  13   1.75e-01 1.24e-02   4.70078558e+10 -4.08698005e+10  5.08e+06       0s
  14   1.25e-01 2.93e-03   3.99879005e+10 -1.35455260e+10  2.78e+06       0s
  15   4.14e-02 1.87e-03   1.90950180e+10 -7.90753983e+09  1.39e+06       0s
  16   9.26e-03 4.48e-04   9.87472530e+09 -9.69336410e+07  4.95e+05       0s
  17   3.50e-03 1.15e-04   6.91602085e+09  1.87507754e+09  2.45e+05       0s
  18   8.10e-04 3.58e-05   4.60923524e+09  2.71266594e+09  9.17e+04       0s
  19   1.61e-04 1.71e-05   3.80705657e+09  3.02464863e+09  3.77e+04       0s
  20   3.53e-05 4.97e-06   3.52551730e+09  3.26133318e+09  1.27e+04       0s
  21   9.06e-06 1.94e-06   3.43207426e+09  3.33401019e+09  4.72e+03       0s
  22   2.26e-06 6.12e-07   3.40366218e+09  3.36859687e+09  1.69e+03       0s
  23   7.45e-07 2.56e-07   3.39461464e+09  3.37901150e+09  7.52e+02       0s
  24   2.38e-07 9.60e-08   3.39043723e+09  3.38419561e+09  3.01e+02       0s
  25   8.94e-08 3.11e-08   3.38882346e+09  3.38655263e+09  1.09e+02       0s
  26   6.74e-08 8.12e-09   3.38814921e+09  3.38743011e+09  3.46e+01       0s
  27   1.33e-07 5.53e-10   3.38790434e+09  3.38774981e+09  7.44e+00       0s
  28   6.57e-08 1.16e-10   3.38779912e+09  3.38777412e+09  1.20e+00       0s
  29   6.73e-08 5.82e-11   3.38778314e+09  3.38777889e+09  2.04e-01       0s
  30   6.31e-08 5.82e-11   3.38777970e+09  3.38777945e+09  1.22e-02       1s
  31   8.20e-08 5.82e-11   3.38777956e+09  3.38777954e+09  1.27e-03       1s
  32   1.36e-07 5.82e-11   3.38777955e+09  3.38777954e+09  1.72e-04       1s
  33*  1.60e-07 5.82e-11   3.38777955e+09  3.38777955e+09  5.65e-05       1s
Summary
    Runtime:                                            0.52s
    Status interior point solve:                        optimal
    Status crossover:                                   not run
    objective value:                                    3.38777955e+09
    interior solution primal residual (abs/rel):        7.60e-07 / 5.21e-15
    interior solution dual residual (abs/rel):          3.26e-10 / 1.24e-15
    interior solution objective gap (abs/rel):          1.22e+00 / 3.61e-10
Ipx: IPM       optimal
Model   status      : Optimal
IPM       iterations: 33
Objective value     :  3.3964805586e+09
HiGHS run time      :          0.78
Presolving model
8249 rows, 31509 cols, 68875 nonzeros
7905 rows, 14205 cols, 32159 nonzeros
7781 rows, 12335 cols, 28435 nonzeros
Presolve : Reductions: rows 7781(-438134); columns 12335(-234930); elements 28435(-1114192)
Solving the presolved LP
IPX model has 7781 rows, 12335 columns and 28435 nonzeros
Input
    Number of variables:                                12335
    Number of free variables:                           0
    Number of constraints:                              7781
    Number of equality constraints:                     3053
    Number of matrix entries:                           28435
    Matrix range:                                       [1e-02, 1e+00]
    RHS range:                                          [2e+05, 1e+08]
    Objective range:                                    [2e-04, 3e+05]
    Bounds range:                                       [1e+05, 1e+08]
Preprocessing
    Dualized model:                                     no
    Number of dense columns:                            0
    Range of scaling factors:                           [1.00e+00, 2.00e+00]
IPX version 1.0
Interior Point Solve
 Iter     P.res    D.res            P.obj           D.obj        mu     Time
   0   2.47e+07 1.23e+05   4.49788920e+12 -2.21036500e+16  3.93e+12       0s
   1   5.62e+06 7.32e+04   1.15985210e+15 -1.48835315e+16  1.85e+12       0s
   2   2.44e+06 3.80e+04   1.48036681e+15 -9.77848189e+15  1.20e+12       0s
   3   1.09e+06 6.41e+03   1.05187057e+15 -1.75341176e+15  2.74e+11       0s
   4   2.80e+05 1.30e+03   4.08865173e+14 -5.45115592e+14  7.41e+10       0s
   5   6.04e+04 4.24e+02   8.35707385e+13 -2.16775269e+14  2.11e+10       0s
   6   1.40e+04 1.49e+02   3.55254141e+13 -8.31888367e+13  7.68e+09       0s
 Constructing starting basis...
   7   5.42e+03 5.39e+01   2.24971001e+13 -3.63817794e+13  4.14e+09       0s
   8   8.38e+02 2.22e+01   7.77979082e+12 -1.91047686e+13  1.95e+09       0s
   9   1.96e+02 2.42e+00   2.36312009e+12 -2.17003001e+12  2.91e+08       0s
  10   9.16e+01 1.03e+00   1.35136252e+12 -1.07748089e+12  1.51e+08       0s
  11   4.26e+01 6.37e-01   8.95351759e+11 -7.95708007e+11  1.08e+08       0s
  12   1.22e+01 8.65e-02   4.63135717e+11 -2.70147524e+11  3.99e+07       0s
  13   3.43e+00 1.74e-02   1.54506286e+11 -6.42275671e+10  1.15e+07       0s
  14   3.22e-01 3.75e-03   4.46960699e+10 -2.25542918e+10  3.50e+06       0s
  15   8.75e-02 1.44e-03   1.71109386e+10 -7.25102142e+09  1.24e+06       0s
  16   1.54e-02 5.33e-04   8.21923997e+09 -1.28703782e+09  4.73e+05       0s
  17   6.65e-03 1.39e-04   5.61840455e+09  1.70102969e+09  1.91e+05       0s
  18   1.79e-03 5.58e-05   3.97619227e+09  2.36096252e+09  7.82e+04       0s
  19   3.63e-04 2.62e-05   3.42945178e+09  2.67692300e+09  3.63e+04       0s
  20   8.25e-05 6.02e-06   3.16867843e+09  2.93773731e+09  1.11e+04       0s
  21   2.78e-05 2.11e-06   3.08940668e+09  3.00157287e+09  4.23e+03       0s
  22   9.00e-06 7.27e-07   3.06079204e+09  3.02543085e+09  1.70e+03       0s
  23   2.62e-06 2.80e-07   3.04845866e+09  3.03432952e+09  6.81e+02       0s
  24   6.26e-07 8.92e-08   3.04349878e+09  3.03865907e+09  2.33e+02       0s
  25   1.79e-07 1.42e-08   3.04200090e+09  3.04058064e+09  6.84e+01       0s
  26   8.94e-08 4.69e-09   3.04139860e+09  3.04092162e+09  2.30e+01       0s
  27   1.12e-07 9.02e-10   3.04118199e+09  3.04107576e+09  5.12e+00       0s
  28   4.74e-08 1.75e-10   3.04113796e+09  3.04112416e+09  6.65e-01       0s
  29   8.14e-08 8.73e-11   3.04113547e+09  3.04113250e+09  1.43e-01       0s
  30   5.25e-08 5.82e-11   3.04113484e+09  3.04113452e+09  1.56e-02       0s
  31   5.22e-08 5.82e-11   3.04113471e+09  3.04113464e+09  3.46e-03       0s
  32   1.01e-07 5.82e-11   3.04113466e+09  3.04113465e+09  3.60e-04       0s
  33*  2.64e-07 5.82e-11   3.04113466e+09  3.04113465e+09  6.41e-05       1s
Summary
    Runtime:                                            0.51s
    Status interior point solve:                        optimal
    Status crossover:                                   not run
    objective value:                                    3.04113466e+09
    interior solution primal residual (abs/rel):        1.37e-06 / 9.39e-15
    interior solution dual residual (abs/rel):          5.82e-11 / 2.21e-16
    interior solution objective gap (abs/rel):          1.35e+00 / 4.44e-10
Ipx: IPM       optimal
Model   status      : Optimal
IPM       iterations: 33
Objective value     :  3.0498356674e+09
HiGHS run time      :          0.77
Presolving model
8249 rows, 31509 cols, 68875 nonzeros
7905 rows, 14205 cols, 32159 nonzeros
7781 rows, 12335 cols, 28435 nonzeros
Presolve : Reductions: rows 7781(-438134); columns 12335(-234930); elements 28435(-1114192)
Solving the presolved LP
IPX model has 7781 rows, 12335 columns and 28435 nonzeros
Input
    Number of variables:                                12335
    Number of free variables:                           0
    Number of constraints:                              7781
    Number of equality constraints:                     3053
    Number of matrix entries:                           28435
    Matrix range:                                       [1e-02, 1e+00]
    RHS range:                                          [2e+05, 1e+08]
    Objective range:                                    [2e-04, 3e+05]
    Bounds range:                                       [1e+05, 1e+08]
Preprocessing
    Dualized model:                                     no
    Number of dense columns:                            0
    Range of scaling factors:                           [1.00e+00, 2.00e+00]
IPX version 1.0
Interior Point Solve
 Iter     P.res    D.res            P.obj           D.obj        mu     Time
   0   2.47e+07 1.23e+05   4.51672532e+12 -2.21027411e+16  3.93e+12       0s
   1   5.62e+06 7.32e+04   1.16119400e+15 -1.48801519e+16  1.85e+12       0s
   2   2.44e+06 3.80e+04   1.48241244e+15 -9.77694942e+15  1.20e+12       0s
   3   1.08e+06 6.41e+03   1.05015864e+15 -1.75243551e+15  2.73e+11       0s
   4   2.89e+05 1.29e+03   4.17131910e+14 -5.43192056e+14  7.48e+10       0s
   5   6.17e+04 4.24e+02   8.44609241e+13 -2.17092383e+14  2.12e+10       0s
   6   1.32e+04 1.49e+02   3.43449441e+13 -8.28718540e+13  7.56e+09       0s
 Constructing starting basis...
   7   5.08e+03 5.10e+01   2.25225690e+13 -3.60898482e+13  4.07e+09       0s
   8   1.02e+03 2.18e+01   8.71099682e+12 -1.94500054e+13  2.01e+09       0s
   9   1.96e+02 2.60e+00   2.31844900e+12 -2.46425132e+12  3.10e+08       0s
  10   1.01e+02 8.04e-01   1.53967879e+12 -1.07670909e+12  1.54e+08       0s
  11   5.29e+01 3.90e-01   1.05677166e+12 -7.15384241e+11  1.04e+08       0s
  12   2.87e+01 1.04e-01   6.75142121e+11 -2.92522561e+11  5.24e+07       0s
  13   6.02e+00 1.57e-02   1.78849870e+11 -6.18836519e+10  1.25e+07       0s
  14   9.20e-01 5.13e-03   6.07451955e+10 -2.98551766e+10  4.79e+06       0s
  15   2.08e-01 1.97e-03   2.03197407e+10 -1.04889087e+10  1.59e+06       0s
  16   5.67e-02 4.85e-04   8.92399065e+09 -4.26527871e+08  4.65e+05       0s
  17   2.44e-02 1.27e-04   5.79228259e+09  1.76706739e+09  1.96e+05       0s
  18   6.95e-03 4.10e-05   4.05362482e+09  2.39913942e+09  8.01e+04       0s
  19   1.32e-03 1.93e-05   3.25143908e+09  2.66224518e+09  2.84e+04       0s
  20   6.93e-04 1.10e-05   3.14341036e+09  2.76538063e+09  1.82e+04       0s
  21   2.16e-04 5.03e-06   3.01487802e+09  2.85577253e+09  7.67e+03       0s
  22   5.70e-05 1.67e-06   2.96767593e+09  2.90879123e+09  2.84e+03       0s
  23   1.51e-05 4.03e-07   2.95127488e+09  2.93055520e+09  9.98e+02       0s
  24   5.60e-06 1.22e-07   2.94528898e+09  2.93674339e+09  4.12e+02       0s
  25   1.46e-06 3.93e-08   2.94199044e+09  2.93886991e+09  1.50e+02       0s
  26   4.17e-07 9.63e-09   2.94081149e+09  2.93983899e+09  4.68e+01       0s
  27   1.49e-07 3.14e-09   2.94041609e+09  2.94008526e+09  1.59e+01       0s
  28   1.33e-07 4.66e-10   2.94025096e+09  2.94018922e+09  2.97e+00       0s
  29   1.19e-07 1.16e-10   2.94022486e+09  2.94021521e+09  4.65e-01       0s
  30   7.45e-08 5.82e-11   2.94022180e+09  2.94021977e+09  9.80e-02       0s
  31   6.71e-08 5.82e-11   2.94022142e+09  2.94022126e+09  7.85e-03       0s
  32   8.37e-08 5.82e-11   2.94022130e+09  2.94022128e+09  1.00e-03       0s
  33   5.22e-08 5.82e-11   2.94022130e+09  2.94022129e+09  4.38e-04       1s
  34*  1.49e-07 5.82e-11   2.94022129e+09  2.94022129e+09  6.51e-05       1s
Summary
    Runtime:                                            0.51s
    Status interior point solve:                        optimal
    Status crossover:                                   not run
    objective value:                                    2.94022129e+09
    interior solution primal residual (abs/rel):        1.34e-06 / 9.19e-15
    interior solution dual residual (abs/rel):          1.33e-10 / 5.06e-16
    interior solution objective gap (abs/rel):          1.38e+00 / 4.70e-10
Ipx: IPM       optimal
Model   status      : Optimal
IPM       iterations: 34
Objective value     :  2.9489223007e+09
HiGHS run time      :          0.77
Presolving model
8249 rows, 31509 cols, 68875 nonzeros
7905 rows, 14205 cols, 32159 nonzeros
7781 rows, 12335 cols, 28435 nonzeros
Presolve : Reductions: rows 7781(-438134); columns 12335(-234930); elements 28435(-1114192)
Solving the presolved LP
IPX model has 7781 rows, 12335 columns and 28435 nonzeros
Input
    Number of variables:                                12335
    Number of free variables:                           0
    Number of constraints:                              7781
    Number of equality constraints:                     3053
    Number of matrix entries:                           28435
    Matrix range:                                       [1e-02, 1e+00]
    RHS range:                                          [2e+05, 1e+08]
    Objective range:                                    [2e-04, 3e+05]
    Bounds range:                                       [1e+05, 1e+08]
Preprocessing
    Dualized model:                                     no
    Number of dense columns:                            0
    Range of scaling factors:                           [1.00e+00, 2.00e+00]
IPX version 1.0
Interior Point Solve
 Iter     P.res    D.res            P.obj           D.obj        mu     Time
   0   2.47e+07 1.23e+05   4.51672538e+12 -2.21027411e+16  3.93e+12       0s
   1   5.62e+06 7.32e+04   1.16119400e+15 -1.48801519e+16  1.85e+12       0s
   2   2.44e+06 3.80e+04   1.48241243e+15 -9.77694943e+15  1.20e+12       0s
   3   1.08e+06 6.41e+03   1.05015858e+15 -1.75243552e+15  2.73e+11       0s
   4   2.89e+05 1.29e+03   4.17131933e+14 -5.43192206e+14  7.48e+10       0s
   5   6.17e+04 4.24e+02   8.44603721e+13 -2.17093125e+14  2.12e+10       0s
   6   1.39e+04 1.49e+02   3.50559720e+13 -8.28770077e+13  7.63e+09       0s
 Constructing starting basis...
   7   5.27e+03 4.99e+01   2.28173027e+13 -3.57353783e+13  4.05e+09       0s
   8   9.71e+02 2.08e+01   8.36343245e+12 -1.89125232e+13  1.94e+09       0s
   9   2.02e+02 2.47e+00   2.38485498e+12 -2.41119709e+12  3.07e+08       0s
  10   1.08e+02 7.74e-01   1.59174695e+12 -1.04966176e+12  1.55e+08       0s
  11   6.17e+01 3.34e-01   1.12265807e+12 -6.58065414e+11  1.01e+08       0s
  12   3.77e+01 9.82e-02   7.63554864e+11 -2.80594690e+11  5.56e+07       0s
  13   7.15e+00 1.46e-02   1.79928765e+11 -5.82817397e+10  1.23e+07       0s
  14   5.82e-01 4.75e-03   5.87343294e+10 -3.16070923e+10  4.81e+06       0s
  15   9.87e-02 1.81e-03   1.74658853e+10 -1.11439880e+10  1.49e+06       0s
  16   3.12e-02 4.19e-04   8.91199550e+09 -4.98275309e+08  4.68e+05       0s
  17   1.38e-02 1.18e-04   5.82342879e+09  1.68109715e+09  2.02e+05       0s
  18   3.77e-03 4.29e-05   3.97146624e+09  2.31479544e+09  8.02e+04       0s
  19   9.46e-04 2.02e-05   3.27625874e+09  2.60845539e+09  3.22e+04       0s
  20   2.66e-04 7.90e-06   3.03905664e+09  2.78456167e+09  1.23e+04       0s
  21   5.70e-05 3.79e-06   2.96221328e+09  2.84534965e+09  5.63e+03       0s
  22   2.18e-05 1.22e-06   2.93784160e+09  2.88920245e+09  2.34e+03       0s
  23   4.59e-06 5.49e-07   2.92280662e+09  2.90160351e+09  1.02e+03       0s
  24   2.03e-06 6.08e-08   2.92036025e+09  2.91084625e+09  4.58e+02       0s
  25   4.77e-07 1.12e-08   2.91577706e+09  2.91348827e+09  1.10e+02       0s
  26   1.19e-07 1.95e-09   2.91462008e+09  2.91400850e+09  2.95e+01       0s
  27   1.02e-07 3.20e-10   2.91433734e+09  2.91416421e+09  8.34e+00       0s
  28   5.96e-08 1.16e-10   2.91420120e+09  2.91418810e+09  6.31e-01       0s
  29   3.70e-08 5.82e-11   2.91419537e+09  2.91419345e+09  9.24e-02       0s
  30   6.33e-08 5.82e-11   2.91419446e+09  2.91419423e+09  1.12e-02       0s
  31   6.20e-08 5.82e-11   2.91419436e+09  2.91419429e+09  2.96e-03       0s
  32   9.31e-08 5.82e-11   2.91419432e+09  2.91419431e+09  3.69e-04       0s
  33*  1.56e-07 5.82e-11   2.91419431e+09  2.91419431e+09  6.77e-05       1s
Summary
    Runtime:                                            0.50s
    Status interior point solve:                        optimal
    Status crossover:                                   not run
    objective value:                                    2.91419431e+09
    interior solution primal residual (abs/rel):        1.28e-06 / 8.78e-15
    interior solution dual residual (abs/rel):          6.29e-11 / 2.39e-16
    interior solution objective gap (abs/rel):          1.42e+00 / 4.89e-10
Ipx: IPM       optimal
Model   status      : Optimal
IPM       iterations: 33
Objective value     :  2.9228953256e+09
HiGHS run time      :          0.77
Presolving model
8249 rows, 31509 cols, 68875 nonzeros
7905 rows, 14205 cols, 32159 nonzeros
7781 rows, 12335 cols, 28435 nonzeros
Presolve : Reductions: rows 7781(-438134); columns 12335(-234930); elements 28435(-1114192)
Solving the presolved LP
IPX model has 7781 rows, 12335 columns and 28435 nonzeros
Input
    Number of variables:                                12335
    Number of free variables:                           0
    Number of constraints:                              7781
    Number of equality constraints:                     3053
    Number of matrix entries:                           28435
    Matrix range:                                       [1e-02, 1e+00]
    RHS range:                                          [2e+05, 1e+08]
    Objective range:                                    [2e-04, 3e+05]
    Bounds range:                                       [1e+05, 1e+08]
Preprocessing
    Dualized model:                                     no
    Number of dense columns:                            0
    Range of scaling factors:                           [1.00e+00, 2.00e+00]
IPX version 1.0
Interior Point Solve
 Iter     P.res    D.res            P.obj           D.obj        mu     Time
   0   2.47e+07 1.23e+05   4.51672540e+12 -2.21027411e+16  3.93e+12       0s
   1   5.62e+06 7.32e+04   1.16119400e+15 -1.48801519e+16  1.85e+12       0s
   2   2.44e+06 3.80e+04   1.48241243e+15 -9.77694943e+15  1.20e+12       0s
   3   1.08e+06 6.41e+03   1.05015855e+15 -1.75243552e+15  2.73e+11       0s
   4   2.89e+05 1.29e+03   4.17131950e+14 -5.43192275e+14  7.48e+10       0s
   5   6.17e+04 4.24e+02   8.44441937e+13 -2.17098204e+14  2.12e+10       0s
   6   1.32e+04 1.49e+02   3.43426829e+13 -8.28796022e+13  7.56e+09       0s
 Constructing starting basis...
   7   5.26e+03 4.40e+01   2.32679566e+13 -3.38740603e+13  3.85e+09       0s
   8   1.08e+03 1.82e+01   8.41740307e+12 -1.76929443e+13  1.81e+09       0s
   9   2.31e+02 2.14e+00   2.45850910e+12 -2.27353917e+12  2.95e+08       0s
  10   1.18e+02 6.74e-01   1.55841704e+12 -9.80414856e+11  1.47e+08       0s
  11   6.91e+01 2.76e-01   1.09332779e+12 -5.87894985e+11  9.39e+07       0s
  12   1.26e+01 8.09e-02   2.80689686e+11 -2.12060871e+11  2.79e+07       0s
  13   7.01e-01 1.19e-02   6.61823458e+10 -5.15162155e+10  6.40e+06       0s
  14   1.29e-01 4.86e-03   2.64447155e+10 -2.26029692e+10  2.64e+06       0s
  15   4.33e-02 1.89e-03   1.39778635e+10 -7.71769989e+09  1.13e+06       0s
  16   1.20e-02 6.54e-04   7.69243764e+09 -1.08295056e+09  4.40e+05       0s
  17   4.85e-03 1.82e-04   5.12778611e+09  1.58559139e+09  1.73e+05       0s
  18   1.26e-03 8.30e-05   3.76739251e+09  2.17930787e+09  7.71e+04       0s
  19   3.52e-04 4.04e-05   3.26787212e+09  2.52459605e+09  3.60e+04       0s
  20   1.25e-04 1.36e-05   3.07782263e+09  2.75918471e+09  1.54e+04       0s
  21   2.70e-05 4.30e-06   2.96416778e+09  2.85148863e+09  5.43e+03       0s
  22   9.24e-06 1.97e-06   2.92967273e+09  2.88049458e+09  2.37e+03       0s
  23   2.03e-06 5.81e-07   2.91614654e+09  2.89762843e+09  8.93e+02       0s
  24   7.15e-07 1.45e-07   2.91131308e+09  2.90440816e+09  3.33e+02       0s
  25   1.19e-07 2.47e-08   2.90823496e+09  2.90669735e+09  7.41e+01       0s
  26   5.22e-08 2.97e-09   2.90757557e+09  2.90726622e+09  1.49e+01       0s
  27   4.47e-08 6.11e-10   2.90742158e+09  2.90736212e+09  2.86e+00       0s
  28   8.54e-08 2.04e-10   2.90739031e+09  2.90738116e+09  4.41e-01       0s
  29   1.12e-07 5.82e-11   2.90738837e+09  2.90738760e+09  3.70e-02       0s
  30   7.76e-08 5.82e-11   2.90738804e+09  2.90738786e+09  8.75e-03       0s
  31   4.92e-08 5.82e-11   2.90738797e+09  2.90738796e+09  5.28e-04       0s
  32   1.55e-07 5.82e-11   2.90738796e+09  2.90738796e+09  1.56e-04       0s
  33*  2.38e-07 5.82e-11   2.90738796e+09  2.90738796e+09  1.07e-04       0s
Summary
    Runtime:                                            0.50s
    Status interior point solve:                        optimal
    Status crossover:                                   not run
    objective value:                                    2.90738796e+09
    interior solution primal residual (abs/rel):        1.36e-06 / 9.29e-15
    interior solution dual residual (abs/rel):          5.90e-10 / 2.24e-15
    interior solution objective gap (abs/rel):          2.23e+00 / 7.65e-10
Ipx: IPM       optimal
Model   status      : Optimal
IPM       iterations: 33
Objective value     :  2.9160889744e+09
HiGHS run time      :          0.77
Presolving model
8249 rows, 31509 cols, 68875 nonzeros
7905 rows, 14205 cols, 32159 nonzeros
7781 rows, 12335 cols, 28435 nonzeros
Presolve : Reductions: rows 7781(-438134); columns 12335(-234930); elements 28435(-1114192)
Solving the presolved LP
IPX model has 7781 rows, 12335 columns and 28435 nonzeros
Input
    Number of variables:                                12335
    Number of free variables:                           0
    Number of constraints:                              7781
    Number of equality constraints:                     3053
    Number of matrix entries:                           28435
    Matrix range:                                       [1e-02, 1e+00]
    RHS range:                                          [2e+05, 1e+08]
    Objective range:                                    [2e-04, 3e+05]
    Bounds range:                                       [1e+05, 1e+08]
Preprocessing
    Dualized model:                                     no
    Number of dense columns:                            0
    Range of scaling factors:                           [1.00e+00, 2.00e+00]
IPX version 1.0
Interior Point Solve
 Iter     P.res    D.res            P.obj           D.obj        mu     Time
   0   2.47e+07 1.23e+05   4.51672537e+12 -2.21027411e+16  3.93e+12       0s
   1   5.62e+06 7.32e+04   1.16119401e+15 -1.48801520e+16  1.85e+12       0s
   2   2.44e+06 3.80e+04   1.48241245e+15 -9.77694942e+15  1.20e+12       0s
   3   1.08e+06 6.41e+03   1.05015851e+15 -1.75243552e+15  2.73e+11       0s
   4   2.89e+05 1.29e+03   4.17131998e+14 -5.43192342e+14  7.48e+10       0s
   5   6.17e+04 4.24e+02   8.44604613e+13 -2.17093193e+14  2.12e+10       0s
   6   1.32e+04 1.49e+02   3.43447415e+13 -8.28730873e+13  7.56e+09       0s
 Constructing starting basis...
   7   5.19e+03 4.31e+01   2.32359472e+13 -3.36107608e+13  3.82e+09       0s
   8   1.18e+03 1.80e+01   8.72414048e+12 -1.75746636e+13  1.81e+09       0s
   9   2.39e+02 2.10e+00   2.47180532e+12 -2.30828216e+12  2.96e+08       0s
  10   1.33e+02 6.24e-01   1.66030581e+12 -9.68378415e+11  1.49e+08       0s
  11   8.71e+01 2.47e-01   1.23634161e+12 -5.79648413e+11  9.90e+07       0s
  12   1.74e+01 8.58e-02   3.12081125e+11 -2.30288399e+11  3.04e+07       0s
  13   9.60e-01 2.19e-02   7.73381073e+10 -8.09564962e+10  8.98e+06       0s
  14   2.35e-01 7.12e-03   2.94947206e+10 -2.67447493e+10  3.09e+06       0s
  15   6.76e-02 3.14e-03   1.62677013e+10 -1.16391670e+10  1.49e+06       0s
  16   3.75e-02 1.51e-03   1.22173762e+10 -4.71569554e+09  8.74e+05       0s
  17   8.92e-03 3.94e-04   6.49888731e+09  5.78057315e+08  2.94e+05       0s
  18   4.00e-03 8.06e-05   4.81932633e+09  2.00785948e+09  1.37e+05       0s
  19   9.49e-04 2.87e-05   3.50858976e+09  2.50966634e+09  4.83e+04       0s
  20   3.05e-04 9.18e-06   3.18019521e+09  2.71735120e+09  2.23e+04       0s
  21   1.32e-04 4.18e-06   3.05716011e+09  2.79157919e+09  1.28e+04       0s
  22   5.04e-05 1.29e-06   2.96536195e+09  2.85152250e+09  5.48e+03       0s
  23   1.25e-05 4.10e-07   2.91368273e+09  2.87418177e+09  1.90e+03       0s
  24   3.40e-06 9.08e-08   2.89809900e+09  2.88422275e+09  6.68e+02       0s
  25   1.19e-06 2.32e-08   2.89275574e+09  2.88731213e+09  2.62e+02       0s
  26   2.09e-07 5.24e-09   2.88968481e+09  2.88849815e+09  5.72e+01       0s
  27   8.94e-08 8.15e-10   2.88915553e+09  2.88885068e+09  1.47e+01       0s
  28   9.69e-08 1.75e-10   2.88896706e+09  2.88890215e+09  3.13e+00       0s
  29   9.51e-08 8.73e-11   2.88892785e+09  2.88891861e+09  4.45e-01       0s
  30   1.01e-07 5.82e-11   2.88892271e+09  2.88892176e+09  4.56e-02       0s
  31   1.05e-07 5.82e-11   2.88892217e+09  2.88892205e+09  5.78e-03       0s
  32   1.21e-07 5.82e-11   2.88892212e+09  2.88892208e+09  2.06e-03       0s
  33*  9.69e-08 5.82e-11   2.88892209e+09  2.88892209e+09  1.37e-04       1s
Summary
    Runtime:                                            0.50s
    Status interior point solve:                        optimal
    Status crossover:                                   not run
    objective value:                                    2.88892209e+09
    interior solution primal residual (abs/rel):        3.87e-07 / 2.65e-15
    interior solution dual residual (abs/rel):          3.02e-10 / 1.14e-15
    interior solution objective gap (abs/rel):          2.89e+00 / 9.99e-10
Ipx: IPM       optimal
Model   status      : Optimal
IPM       iterations: 33
Objective value     :  2.8976231021e+09
HiGHS run time      :          0.76
Presolving model
8249 rows, 31509 cols, 68875 nonzeros
7905 rows, 14205 cols, 32159 nonzeros
7781 rows, 12335 cols, 28435 nonzeros
Presolve : Reductions: rows 7781(-438134); columns 12335(-234930); elements 28435(-1114192)
Solving the presolved LP
IPX model has 7781 rows, 12335 columns and 28435 nonzeros
Input
    Number of variables:                                12335
    Number of free variables:                           0
    Number of constraints:                              7781
    Number of equality constraints:                     3053
    Number of matrix entries:                           28435
    Matrix range:                                       [1e-02, 1e+00]
    RHS range:                                          [2e+05, 1e+08]
    Objective range:                                    [2e-04, 3e+05]
    Bounds range:                                       [1e+05, 1e+08]
Preprocessing
    Dualized model:                                     no
    Number of dense columns:                            0
    Range of scaling factors:                           [1.00e+00, 2.00e+00]
IPX version 1.0
Interior Point Solve
 Iter     P.res    D.res            P.obj           D.obj        mu     Time
   0   2.47e+07 1.23e+05   4.53193540e+12 -2.21019691e+16  3.93e+12       0s
   1   5.62e+06 7.32e+04   1.16244822e+15 -1.48773593e+16  1.85e+12       0s
   2   2.44e+06 3.80e+04   1.48429526e+15 -9.77737904e+15  1.20e+12       0s
   3   1.07e+06 6.42e+03   1.04807508e+15 -1.75198228e+15  2.72e+11       0s
   4   2.98e+05 1.28e+03   4.23766254e+14 -5.35442766e+14  7.50e+10       0s
   5   6.31e+04 4.25e+02   8.54708410e+13 -2.17128202e+14  2.14e+10       0s
   6   1.44e+04 1.48e+02   3.54664947e+13 -8.17944557e+13  7.61e+09       0s
 Constructing starting basis...
   7   6.11e+03 5.13e+01   2.51287230e+13 -3.78423824e+13  4.32e+09       0s
   8   9.81e+02 3.16e+01   1.01150055e+13 -2.73746209e+13  2.88e+09       0s
   9   2.08e+02 4.89e+00   2.92335235e+12 -4.41530863e+12  5.20e+08       0s
  10   7.65e+01 1.12e+00   1.41316504e+12 -1.18026786e+12  1.64e+08       0s
  11   6.03e+01 6.68e-01   1.22208173e+12 -8.73410861e+11  1.27e+08       0s
  12   4.28e+01 2.04e-01   9.94720023e+11 -4.63808079e+11  7.97e+07       0s
  13   8.44e+00 6.34e-02   2.27266869e+11 -1.56901549e+11  2.13e+07       0s
  14   1.93e+00 1.13e-02   8.01638324e+10 -3.97717116e+10  6.34e+06       0s
  15   3.28e-01 2.88e-03   1.93944746e+10 -8.47860475e+09  1.44e+06       0s
  16   8.24e-02 8.25e-04   8.51926063e+09 -5.93661523e+08  4.57e+05       0s
  17   3.71e-02 2.01e-04   5.71297145e+09  1.67895106e+09  1.97e+05       0s
  18   1.00e-02 7.23e-05   3.86338853e+09  2.28517639e+09  7.66e+04       0s
  19   1.70e-03 3.42e-05   3.14331189e+09  2.55082443e+09  2.87e+04       0s
  20   6.56e-04 1.42e-05   2.98702335e+09  2.71054751e+09  1.34e+04       0s
  21   1.90e-04 5.88e-06   2.90764244e+09  2.77907562e+09  6.20e+03       0s
  22   3.21e-05 2.12e-06   2.86333037e+09  2.81644531e+09  2.26e+03       0s
  23   5.93e-06 5.83e-07   2.85043883e+09  2.83405675e+09  7.90e+02       0s
  24   1.91e-06 1.41e-07   2.84601072e+09  2.84054584e+09  2.63e+02       0s
  25   3.58e-07 3.06e-08   2.84371101e+09  2.84246714e+09  5.99e+01       0s
  26   1.19e-07 5.65e-09   2.84323710e+09  2.84295089e+09  1.38e+01       0s
  27   9.31e-08 1.08e-09   2.84308549e+09  2.84304545e+09  1.93e+00       0s
  28   8.51e-08 2.62e-10   2.84307280e+09  2.84306577e+09  3.39e-01       0s
  29   5.96e-08 1.16e-10   2.84307120e+09  2.84306967e+09  7.38e-02       0s
  30   5.96e-08 5.82e-11   2.84307097e+09  2.84307070e+09  1.33e-02       0s
  31   6.54e-08 5.82e-11   2.84307093e+09  2.84307088e+09  2.27e-03       0s
  32   8.58e-08 5.82e-11   2.84307092e+09  2.84307091e+09  4.18e-04       0s
  33*  9.95e-08 5.82e-11   2.84307092e+09  2.84307092e+09  6.75e-05       0s
Summary
    Runtime:                                            0.49s
    Status interior point solve:                        optimal
    Status crossover:                                   not run
    objective value:                                    2.84307092e+09
    interior solution primal residual (abs/rel):        6.56e-07 / 4.49e-15
    interior solution dual residual (abs/rel):          8.36e-11 / 3.18e-16
    interior solution objective gap (abs/rel):          1.36e+00 / 4.78e-10
Ipx: IPM       optimal
Model   status      : Optimal
IPM       iterations: 33
Objective value     :  2.8517719318e+09
HiGHS run time      :          0.75
Presolving model
8249 rows, 31509 cols, 68875 nonzeros
7905 rows, 14205 cols, 32159 nonzeros
7781 rows, 12335 cols, 28435 nonzeros
Presolve : Reductions: rows 7781(-438134); columns 12335(-234930); elements 28435(-1114192)
Solving the presolved LP
IPX model has 7781 rows, 12335 columns and 28435 nonzeros
Input
    Number of variables:                                12335
    Number of free variables:                           0
    Number of constraints:                              7781
    Number of equality constraints:                     3053
    Number of matrix entries:                           28435
    Matrix range:                                       [1e-02, 1e+00]
    RHS range:                                          [2e+05, 1e+08]
    Objective range:                                    [2e-04, 3e+05]
    Bounds range:                                       [1e+05, 1e+08]
Preprocessing
    Dualized model:                                     no
    Number of dense columns:                            0
    Range of scaling factors:                           [1.00e+00, 2.00e+00]
IPX version 1.0
Interior Point Solve
 Iter     P.res    D.res            P.obj           D.obj        mu     Time
   0   2.47e+07 1.23e+05   4.53193540e+12 -2.21019691e+16  3.93e+12       0s
   1   5.62e+06 7.32e+04   1.16244822e+15 -1.48773593e+16  1.85e+12       0s
   2   2.44e+06 3.80e+04   1.48429526e+15 -9.77737904e+15  1.20e+12       0s
   3   1.07e+06 6.42e+03   1.04807508e+15 -1.75198228e+15  2.72e+11       0s
   4   2.98e+05 1.28e+03   4.23766254e+14 -5.35442766e+14  7.50e+10       0s
   5   6.31e+04 4.25e+02   8.54708410e+13 -2.17128202e+14  2.14e+10       0s
   6   1.44e+04 1.48e+02   3.54664947e+13 -8.17944557e+13  7.61e+09       0s
 Constructing starting basis...
   7   6.11e+03 5.13e+01   2.51287230e+13 -3.78423824e+13  4.32e+09       0s
   8   9.81e+02 3.16e+01   1.01150055e+13 -2.73746209e+13  2.88e+09       0s
   9   2.08e+02 4.89e+00   2.92335235e+12 -4.41530863e+12  5.20e+08       0s
  10   7.65e+01 1.12e+00   1.41316504e+12 -1.18026786e+12  1.64e+08       0s
  11   6.03e+01 6.68e-01   1.22208173e+12 -8.73410861e+11  1.27e+08       0s
  12   4.28e+01 2.04e-01   9.94720023e+11 -4.63808079e+11  7.97e+07       0s
  13   8.44e+00 6.34e-02   2.27266869e+11 -1.56901549e+11  2.13e+07       0s
  14   1.93e+00 1.13e-02   8.01638324e+10 -3.97717116e+10  6.34e+06       0s
  15   3.28e-01 2.88e-03   1.93944746e+10 -8.47860475e+09  1.44e+06       0s
  16   8.24e-02 8.25e-04   8.51926063e+09 -5.93661523e+08  4.57e+05       0s
  17   3.71e-02 2.01e-04   5.71297145e+09  1.67895106e+09  1.97e+05       0s
  18   1.00e-02 7.23e-05   3.86338853e+09  2.28517639e+09  7.66e+04       0s
  19   1.70e-03 3.42e-05   3.14331189e+09  2.55082443e+09  2.87e+04       0s
  20   6.56e-04 1.42e-05   2.98702335e+09  2.71054751e+09  1.34e+04       0s
  21   1.90e-04 5.88e-06   2.90764244e+09  2.77907562e+09  6.20e+03       0s
  22   3.21e-05 2.12e-06   2.86333037e+09  2.81644531e+09  2.26e+03       0s
  23   5.93e-06 5.83e-07   2.85043883e+09  2.83405675e+09  7.90e+02       0s
  24   1.91e-06 1.41e-07   2.84601072e+09  2.84054584e+09  2.63e+02       0s
  25   3.58e-07 3.06e-08   2.84371101e+09  2.84246714e+09  5.99e+01       0s
  26   1.19e-07 5.65e-09   2.84323710e+09  2.84295089e+09  1.38e+01       0s
  27   9.31e-08 1.08e-09   2.84308549e+09  2.84304545e+09  1.93e+00       0s
  28   8.51e-08 2.62e-10   2.84307280e+09  2.84306577e+09  3.39e-01       0s
  29   5.96e-08 1.16e-10   2.84307120e+09  2.84306967e+09  7.38e-02       0s
  30   5.96e-08 5.82e-11   2.84307097e+09  2.84307070e+09  1.33e-02       0s
  31   6.54e-08 5.82e-11   2.84307093e+09  2.84307088e+09  2.27e-03       0s
  32   8.58e-08 5.82e-11   2.84307092e+09  2.84307091e+09  4.18e-04       0s
  33*  9.95e-08 5.82e-11   2.84307092e+09  2.84307092e+09  6.75e-05       0s
Summary
    Runtime:                                            0.50s
    Status interior point solve:                        optimal
    Status crossover:                                   not run
    objective value:                                    2.84307092e+09
    interior solution primal residual (abs/rel):        6.56e-07 / 4.49e-15
    interior solution dual residual (abs/rel):          8.36e-11 / 3.18e-16
    interior solution objective gap (abs/rel):          1.36e+00 / 4.78e-10
Ipx: IPM       optimal
Model   status      : Optimal
IPM       iterations: 33
Objective value     :  2.8517719318e+09
HiGHS run time      :          0.77
[ Info: Rolling step not specified in scenaio.yaml file; Setting it to 10 years
[ Info: Demand-pathway mapping not specified in scenaio.yaml file; SERA will not look for eligible pathways for different demand types.
[ Info: Production capacity constraints from the grid model not defined. SERA will not create these constraints
[ Info: Regional technology limits not specified in scenaio.yaml file; SERA will not create these constraints
STARTING DATA PRE-PROCESSING 
Processing Temporal Data
Processing Nodes
Processing Demand
Processing Existings
Processing Links
Processing Pathways
Creating Infrastructure options
  1.824981 seconds (11.26 M allocations: 1.206 GiB, 26.90% gc time, 4.21% compilation time)

OPTIMIZING FROM 2026 TO 2035 

STARTING OPTIMIZATION MODEL CREATION
CREATING VARIABLES AND EXPRESSIONS
  8.220847 seconds (49.68 M allocations: 3.063 GiB, 22.47% gc time, 58.39% compilation time)
POPULATING EXPRESSIONS
  6.077653 seconds (21.07 M allocations: 3.090 GiB, 13.33% gc time, 2.82% compilation time)
CREATING CONSTRAINTS
  3.555363 seconds (28.06 M allocations: 1.445 GiB, 10.55% gc time, 21.66% compilation time)
POPULATED CORE OPTIMIZATION MODEL, STARTING ITERATIONS
READING COST DATA FOR ITERATION 1
  6.361316 seconds (22.70 M allocations: 2.093 GiB, 5.56% gc time, 7.45% compilation time)
CREATING EXPRESSIONS FOR CAPITAL AND FIXED COST
  3.077960 seconds (23.28 M allocations: 1.450 GiB, 21.66% gc time, 36.48% compilation time)
BUILDING OBJECTIVE FUNCTION
  2.087407 seconds (9.09 M allocations: 364.511 MiB, 12.20% gc time, 62.84% compilation time)
Optimizing for iteration 1
  4.596479 seconds (9.04 M allocations: 859.003 MiB, 7.44% gc time, 0.50% compilation time)
OPTIMAL
5.688652944312083e9
 =  1.0
READING COST DATA FOR ITERATION 2
  6.926785 seconds (20.64 M allocations: 2.023 GiB, 18.42% gc time, 0.45% compilation time)
CREATING EXPRESSIONS FOR CAPITAL AND FIXED COST
  1.830842 seconds (21.91 M allocations: 1.361 GiB, 30.77% gc time, 0.24% compilation time)
BUILDING OBJECTIVE FUNCTION
  2.001009 seconds (7.75 M allocations: 280.489 MiB, 61.11% gc time)
Optimizing for iteration 2
  2.523527 seconds (2 allocations: 32 bytes)
OPTIMAL
4.606281754885101e9
 =  0.23497720005492947
READING COST DATA FOR ITERATION 3
  5.870296 seconds (20.59 M allocations: 2.016 GiB, 5.05% gc time)
CREATING EXPRESSIONS FOR CAPITAL AND FIXED COST
  1.996356 seconds (21.91 M allocations: 1.361 GiB, 33.97% gc time)
BUILDING OBJECTIVE FUNCTION
  0.777240 seconds (7.75 M allocations: 280.489 MiB)
Optimizing for iteration 3
  2.345762 seconds (2 allocations: 32 bytes)
OPTIMAL
4.116300037269403e9
 =  0.1190345002014744
READING COST DATA FOR ITERATION 4
  5.855138 seconds (20.58 M allocations: 2.045 GiB, 3.96% gc time)
CREATING EXPRESSIONS FOR CAPITAL AND FIXED COST
  2.141378 seconds (21.91 M allocations: 1.361 GiB, 37.85% gc time)
BUILDING OBJECTIVE FUNCTION
  0.818754 seconds (7.75 M allocations: 280.489 MiB)
Optimizing for iteration 4
  2.452603 seconds (2 allocations: 32 bytes)
OPTIMAL
3.857987825384574e9
 =  0.06695516512135995
READING COST DATA FOR ITERATION 5
  6.142290 seconds (20.57 M allocations: 2.040 GiB, 7.92% gc time)
CREATING EXPRESSIONS FOR CAPITAL AND FIXED COST
  1.659171 seconds (21.91 M allocations: 1.361 GiB, 19.99% gc time)
BUILDING OBJECTIVE FUNCTION
  1.332625 seconds (7.75 M allocations: 280.489 MiB, 40.74% gc time)
Optimizing for iteration 5
  2.387267 seconds (2 allocations: 32 bytes)
OPTIMAL
3.84737049368207e9
 =  0.0027596332923860785
READING COST DATA FOR ITERATION 6
  7.593275 seconds (20.57 M allocations: 2.016 GiB, 24.59% gc time)
CREATING EXPRESSIONS FOR CAPITAL AND FIXED COST
  1.946081 seconds (21.91 M allocations: 1.361 GiB, 38.17% gc time)
BUILDING OBJECTIVE FUNCTION
  0.778053 seconds (7.75 M allocations: 280.489 MiB)
Optimizing for iteration 6
  2.364367 seconds (2 allocations: 32 bytes)
OPTIMAL
3.84737049368207e9
 =  0.0
ITERATIONS COMPLETED
WRITING RESULTS TO FILE
  1.478233 seconds (6.03 M allocations: 289.689 MiB, 29.30% gc time, 40.79% compilation time)

OPTIMIZING FROM 2036 TO 2040 

STARTING OPTIMIZATION MODEL CREATION
CREATING VARIABLES AND EXPRESSIONS
  1.516320 seconds (21.25 M allocations: 1.294 GiB, 22.34% gc time, 12.87% compilation time)
POPULATING EXPRESSIONS
  1.653301 seconds (5.75 M allocations: 878.627 MiB, 15.87% gc time)
CREATING CONSTRAINTS
  1.400291 seconds (13.28 M allocations: 690.126 MiB, 14.36% gc time, 0.41% compilation time)
POPULATED CORE OPTIMIZATION MODEL, STARTING ITERATIONS
READING COST DATA FOR ITERATION 1
  2.952885 seconds (10.31 M allocations: 1.013 GiB, 6.00% gc time)
CREATING EXPRESSIONS FOR CAPITAL AND FIXED COST
  0.329047 seconds (5.74 M allocations: 360.171 MiB)
BUILDING OBJECTIVE FUNCTION
  0.323562 seconds (3.63 M allocations: 130.142 MiB)
Optimizing for iteration 1
  2.192000 seconds (4.72 M allocations: 429.655 MiB, 11.91% gc time)
OPTIMAL
3.925273096271533e13
 =  1.0
READING COST DATA FOR ITERATION 2
  3.015433 seconds (10.42 M allocations: 1.012 GiB, 7.42% gc time)
CREATING EXPRESSIONS FOR CAPITAL AND FIXED COST
  0.352987 seconds (5.74 M allocations: 360.171 MiB)
BUILDING OBJECTIVE FUNCTION
  0.564585 seconds (3.63 M allocations: 135.072 MiB, 43.12% gc time)
Optimizing for iteration 2
  0.781778 seconds (2 allocations: 32 bytes)
OPTIMAL
3.396480558605278e9
 =  11555.883746401838
READING COST DATA FOR ITERATION 3
  3.004614 seconds (10.40 M allocations: 1.012 GiB, 6.95% gc time)
CREATING EXPRESSIONS FOR CAPITAL AND FIXED COST
  0.369374 seconds (5.74 M allocations: 360.171 MiB)
BUILDING OBJECTIVE FUNCTION
  0.322011 seconds (3.63 M allocations: 135.072 MiB)
Optimizing for iteration 3
  0.777478 seconds (2 allocations: 32 bytes)
OPTIMAL
3.0498356673773875e9
 =  0.1136601866572049
READING COST DATA FOR ITERATION 4
  3.046498 seconds (10.40 M allocations: 1.012 GiB, 8.38% gc time)
CREATING EXPRESSIONS FOR CAPITAL AND FIXED COST
  0.612757 seconds (5.74 M allocations: 360.171 MiB, 46.75% gc time)
BUILDING OBJECTIVE FUNCTION
  0.344665 seconds (3.63 M allocations: 135.072 MiB)
Optimizing for iteration 4
  0.773994 seconds (2 allocations: 32 bytes)
OPTIMAL
2.9489223007043557e9
 =  0.03422042237224156
READING COST DATA FOR ITERATION 5
  3.047328 seconds (10.40 M allocations: 1.012 GiB, 8.09% gc time)
CREATING EXPRESSIONS FOR CAPITAL AND FIXED COST
  0.338912 seconds (5.74 M allocations: 360.171 MiB)
BUILDING OBJECTIVE FUNCTION
  0.339630 seconds (3.63 M allocations: 135.072 MiB)
Optimizing for iteration 5
  0.776261 seconds (2 allocations: 32 bytes)
OPTIMAL
2.922895325598897e9
 =  0.008904518364890254
READING COST DATA FOR ITERATION 6
  3.079151 seconds (10.39 M allocations: 1.012 GiB, 8.46% gc time)
CREATING EXPRESSIONS FOR CAPITAL AND FIXED COST
  0.355285 seconds (5.74 M allocations: 360.171 MiB)
BUILDING OBJECTIVE FUNCTION
  0.946684 seconds (3.63 M allocations: 135.072 MiB, 64.13% gc time)
Optimizing for iteration 6
  0.769640 seconds (2 allocations: 32 bytes)
OPTIMAL
2.916088974385831e9
 =  0.0023340684296239856
READING COST DATA FOR ITERATION 7
  2.925753 seconds (10.39 M allocations: 1.012 GiB, 4.37% gc time)
CREATING EXPRESSIONS FOR CAPITAL AND FIXED COST
  0.319950 seconds (5.74 M allocations: 360.171 MiB)
BUILDING OBJECTIVE FUNCTION
  0.330363 seconds (3.63 M allocations: 135.072 MiB)
Optimizing for iteration 7
  0.765808 seconds (2 allocations: 32 bytes)
OPTIMAL
2.897623102121751e9
 =  0.006372765405737477
READING COST DATA FOR ITERATION 8
  3.032212 seconds (10.39 M allocations: 1.012 GiB, 7.85% gc time)
CREATING EXPRESSIONS FOR CAPITAL AND FIXED COST
  0.633186 seconds (5.74 M allocations: 360.171 MiB, 46.47% gc time)
BUILDING OBJECTIVE FUNCTION
  0.324659 seconds (3.63 M allocations: 135.072 MiB)
Optimizing for iteration 8
  0.754751 seconds (2 allocations: 32 bytes)
OPTIMAL
2.8517719317980595e9
 =  0.016078133672766216
READING COST DATA FOR ITERATION 9
  3.025773 seconds (10.39 M allocations: 1.012 GiB, 7.66% gc time)
CREATING EXPRESSIONS FOR CAPITAL AND FIXED COST
  0.362226 seconds (5.74 M allocations: 360.171 MiB)
BUILDING OBJECTIVE FUNCTION
  0.323760 seconds (3.63 M allocations: 135.072 MiB)
Optimizing for iteration 9
  0.770425 seconds (2 allocations: 32 bytes)
OPTIMAL
2.8517719317980595e9
 =  0.0
ITERATIONS COMPLETED
WRITING RESULTS TO FILE
  1.601549 seconds (5.63 M allocations: 297.749 MiB, 25.12% gc time, 77.24% compilation time)

THE OPTIMIZATION PROBLEM TOOK 2.77 MINUTES TO SOLVE. 
