Running HiGHS 1.6.0: Copyright (c) 2023 HiGHS under MIT licence terms
Presolving model
113519 rows, 313603 cols, 720522 nonzeros
83381 rows, 186969 cols, 466941 nonzeros
80987 rows, 107161 cols, 306716 nonzeros
80511 rows, 106588 cols, 305541 nonzeros
Presolve : Reductions: rows 80511(-2534755); columns 106588(-1640004); elements 305541(-7884452)
Solving the presolved LP
IPX model has 80511 rows, 106588 columns and 305541 nonzeros
Input
    Number of variables:                                106588
    Number of free variables:                           0
    Number of constraints:                              80511
    Number of equality constraints:                     13182
    Number of matrix entries:                           305541
    Matrix range:                                       [1e-02, 1e+00]
    RHS range:                                          [2e+05, 1e+07]
    Objective range:                                    [4e-04, 7e+02]
    Bounds range:                                       [7e+05, 1e+08]
Preprocessing
    Dualized model:                                     no
    Number of dense columns:                            0
    Range of scaling factors:                           [1.00e+00, 2.00e+00]
IPX version 1.0
Interior Point Solve
 Iter     P.res    D.res            P.obj           D.obj        mu     Time
   0   4.04e+06 3.32e+01   1.51156210e+09 -7.11598688e+12  1.93e+08       0s
   1   1.12e+06 2.26e+01   2.02076745e+12 -4.92293617e+12  1.20e+08       0s
   2   5.37e+05 1.14e+01   2.75539032e+12 -2.70759539e+12  7.90e+07       0s
   3   1.75e+05 1.76e+00   1.79662865e+12 -4.33463547e+11  1.91e+07       0s
   4   5.23e+04 1.82e-01   7.22437825e+11 -4.73807969e+10  4.93e+06       1s
   5   1.54e+04 5.52e-02   2.39789511e+11 -1.49961649e+10  1.55e+06       1s
 Constructing starting basis...
   6   6.23e+03 1.74e-02   1.55166101e+11 -6.93179073e+09  9.73e+05       2s
   7   3.47e+03 5.09e-03   1.08108369e+11 -2.61532020e+09  6.51e+05       2s
   8   1.05e+03 2.38e-03   4.91486450e+10 -9.49236479e+08  2.90e+05       3s
   9   6.92e+02 1.12e-03   3.80015339e+10  7.17871241e+07  2.18e+05       3s
  10   3.74e+02 6.37e-04   2.27190055e+10  6.95455880e+08  1.26e+05       3s
  11   3.28e+02 3.51e-04   2.11251820e+10  9.54938828e+08  1.15e+05       3s
  12   1.30e+02 1.32e-04   1.24512587e+10  1.25467566e+09  6.35e+04       4s
  13   8.63e+01 7.92e-05   9.68061174e+09  1.37095909e+09  4.70e+04       4s
  14   6.08e+01 4.31e-05   7.38675791e+09  1.49746619e+09  3.33e+04       4s
  15   2.18e+01 1.14e-05   4.97431357e+09  1.55125919e+09  1.92e+04       5s
  16   8.52e+00 6.57e-06   3.33746043e+09  1.58569026e+09  9.83e+03       5s
  17   4.36e+00 3.29e-06   2.64911320e+09  1.61754276e+09  5.78e+03       5s
  18   2.28e+00 1.41e-06   2.30391447e+09  1.63607097e+09  3.74e+03       5s
  19   6.93e-01 6.23e-07   1.88071133e+09  1.64954279e+09  1.29e+03       6s
  20   1.99e-01 4.21e-07   1.79834332e+09  1.65199629e+09  8.17e+02       6s
  21   3.86e-02 2.84e-07   1.73056897e+09  1.65434274e+09  4.25e+02       6s
  22   1.41e-02 1.29e-07   1.70009168e+09  1.65775640e+09  2.36e+02       7s
  23   5.56e-03 7.53e-08   1.68711496e+09  1.65900004e+09  1.57e+02       7s
  24   1.00e-03 3.85e-08   1.67296785e+09  1.66003948e+09  7.20e+01       7s
  25   3.15e-04 1.51e-08   1.66710720e+09  1.66083476e+09  3.49e+01       7s
  26   8.61e-05 3.84e-09   1.66324386e+09  1.66129401e+09  1.09e+01       8s
  27   1.54e-05 8.76e-10   1.66210590e+09  1.66141238e+09  3.86e+00       8s
  28   2.98e-08 4.02e-10   1.66178367e+09  1.66143311e+09  1.95e+00       8s
  29   2.98e-08 5.53e-11   1.66153096e+09  1.66145910e+09  4.00e-01       8s
  30   2.98e-08 6.25e-12   1.66147051e+09  1.66146302e+09  4.17e-02       8s
  31   2.98e-08 6.82e-13   1.66146412e+09  1.66146349e+09  3.47e-03       9s
  32   2.98e-08 2.27e-13   1.66146358e+09  1.66146353e+09  2.69e-04       9s
  33   2.98e-08 1.71e-13   1.66146355e+09  1.66146354e+09  6.70e-05       9s
  34   2.98e-08 2.27e-13   1.66146355e+09  1.66146354e+09  2.68e-05       9s
  35*  2.98e-08 1.71e-13   1.66146354e+09  1.66146354e+09  1.69e-06       9s
Summary
    Runtime:                                            9.40s
    Status interior point solve:                        optimal
    Status crossover:                                   not run
    objective value:                                    1.66146354e+09
    interior solution primal residual (abs/rel):        2.98e-08 / 2.04e-16
    interior solution dual residual (abs/rel):          9.82e-11 / 1.33e-13
    interior solution objective gap (abs/rel):          3.04e-01 / 1.83e-10
Ipx: IPM       optimal
Model   status      : Optimal
IPM       iterations: 35
Objective value     :  1.6614635410e+09
HiGHS run time      :         12.12
Presolving model
113519 rows, 313603 cols, 720522 nonzeros
83381 rows, 186969 cols, 466941 nonzeros
80987 rows, 107161 cols, 306716 nonzeros
80511 rows, 106588 cols, 305541 nonzeros
Presolve : Reductions: rows 80511(-2542270); columns 106588(-1640004); elements 305541(-7891967)
Solving the presolved LP
IPX model has 80511 rows, 106588 columns and 305541 nonzeros
Input
    Number of variables:                                106588
    Number of free variables:                           0
    Number of constraints:                              80511
    Number of equality constraints:                     13182
    Number of matrix entries:                           305541
    Matrix range:                                       [1e-02, 1e+00]
    RHS range:                                          [2e+05, 1e+07]
    Objective range:                                    [4e-04, 8e+06]
    Bounds range:                                       [7e+05, 1e+08]
Preprocessing
    Dualized model:                                     no
    Number of dense columns:                            0
    Range of scaling factors:                           [1.00e+00, 2.00e+00]
IPX version 1.0
Interior Point Solve
 Iter     P.res    D.res            P.obj           D.obj        mu     Time
   0   4.12e+06 1.45e+06   4.29601468e+13 -3.13854341e+17  7.88e+12       0s
   1   1.01e+06 1.05e+06   5.08295446e+16 -2.30829140e+17  5.61e+12       0s
   2   5.12e+05 6.16e+05   6.94897195e+16 -1.45250674e+17  4.18e+12       0s
   3   1.70e+05 1.21e+05   5.37240666e+16 -2.95994944e+16  1.01e+12       0s
   4   3.21e+04 1.51e+04   2.55594409e+16 -4.05682412e+15  2.08e+11       1s
   5   1.17e+04 5.55e+03   1.13702953e+16 -1.54673445e+15  8.03e+10       1s
 Constructing starting basis...
   6   4.75e+03 1.81e+03   5.62129244e+15 -5.51562241e+14  3.79e+10       2s
   7   1.82e+03 3.82e+02   3.10894534e+15 -1.82073299e+14  1.92e+10       2s
   8   3.44e+02 1.64e+02   1.11964038e+15 -9.85059408e+13  7.16e+09       3s
   9   4.17e+01 9.24e+01   4.21537800e+14 -6.28308600e+13  2.97e+09       3s
  10   1.41e+01 4.10e+01   1.77869670e+14 -2.89089311e+13  1.28e+09       3s
  11   3.83e+00 1.54e+01   6.85647238e+13 -1.13749754e+13  4.95e+08       3s
  12   5.29e-01 3.44e+00   1.53439762e+13 -2.68129752e+12  1.12e+08       4s
  13   9.20e-02 8.01e-01   4.13958145e+12 -6.66746286e+11  2.94e+07       4s
  14   1.95e-02 1.86e-01   1.22466844e+12 -1.64074311e+11  8.34e+06       4s
  15   4.52e-03 6.80e-02   3.44374229e+11 -6.03524046e+10  2.45e+06       4s
  16   2.32e-03 3.12e-02   2.15373950e+11 -2.81507640e+10  1.44e+06       5s
  17   5.54e-04 1.68e-02   9.27261940e+10 -1.52496000e+10  6.35e+05       5s
  18   2.42e-04 5.37e-03   5.12586219e+10 -4.23905241e+09  3.17e+05       5s
  19   1.01e-04 2.18e-03   2.71000135e+10 -1.01006364e+09  1.59e+05       5s
  20   4.04e-05 1.10e-03   1.79806918e+10  4.64341659e+07  1.01e+05       6s
  21   2.01e-05 4.23e-04   1.04381181e+10  9.05433616e+08  5.33e+04       6s
  22   5.13e-06 3.09e-04   7.79185919e+09  1.01374875e+09  3.79e+04       6s
  23   1.25e-06 6.11e-05   3.09631722e+09  1.39592222e+09  9.48e+03       6s
  24   4.47e-07 2.19e-05   2.10869910e+09  1.45884369e+09  3.62e+03       6s
  25   1.49e-07 8.44e-06   1.72104323e+09  1.48197601e+09  1.33e+03       7s
  26   5.96e-08 3.56e-06   1.59081819e+09  1.49124420e+09  5.55e+02       7s
  27   2.98e-08 1.13e-06   1.52963864e+09  1.49609331e+09  1.87e+02       7s
  28   2.98e-08 4.61e-07   1.51306867e+09  1.49754348e+09  8.65e+01       7s
  29   2.98e-08 1.18e-07   1.50220962e+09  1.49831830e+09  2.17e+01       8s
  30   2.98e-08 1.68e-08   1.49898602e+09  1.49860763e+09  2.11e+00       8s
  31   2.98e-08 2.79e-09   1.49871285e+09  1.49864944e+09  3.53e-01       8s
  32   2.98e-08 1.86e-09   1.49865912e+09  1.49865145e+09  4.27e-02       8s
  33   2.98e-08 1.86e-09   1.49865211e+09  1.49865176e+09  1.94e-03       8s
  34   2.98e-08 2.79e-09   1.49865188e+09  1.49865181e+09  4.00e-04       8s
  35   3.73e-08 9.31e-10   1.49865182e+09  1.49865181e+09  4.23e-05       8s
  36   3.73e-08 9.31e-10   1.49865182e+09  1.49865182e+09  1.52e-05       9s
  37*  2.98e-08 9.31e-10   1.49865182e+09  1.49865182e+09  1.24e-08       9s
Summary
    Runtime:                                            8.86s
    Status interior point solve:                        optimal
    Status crossover:                                   not run
    objective value:                                    1.49865182e+09
    interior solution primal residual (abs/rel):        2.98e-08 / 2.04e-16
    interior solution dual residual (abs/rel):          9.31e-10 / 1.10e-16
    interior solution objective gap (abs/rel):          1.59e-03 / 1.06e-12
Ipx: IPM       optimal
Model   status      : Optimal
IPM       iterations: 37
Objective value     :  1.4986518150e+09
HiGHS run time      :         11.01
Presolving model
113519 rows, 313603 cols, 720522 nonzeros
83381 rows, 186969 cols, 466941 nonzeros
80987 rows, 107161 cols, 306716 nonzeros
80511 rows, 106588 cols, 305541 nonzeros
Presolve : Reductions: rows 80511(-2549785); columns 106588(-1640004); elements 305541(-7899482)
Solving the presolved LP
IPX model has 80511 rows, 106588 columns and 305541 nonzeros
Input
    Number of variables:                                106588
    Number of free variables:                           0
    Number of constraints:                              80511
    Number of equality constraints:                     13182
    Number of matrix entries:                           305541
    Matrix range:                                       [1e-02, 1e+00]
    RHS range:                                          [2e+05, 1e+07]
    Objective range:                                    [4e-04, 8e+06]
    Bounds range:                                       [7e+05, 1e+08]
Preprocessing
    Dualized model:                                     no
    Number of dense columns:                            0
    Range of scaling factors:                           [1.00e+00, 2.00e+00]
IPX version 1.0
Interior Point Solve
 Iter     P.res    D.res            P.obj           D.obj        mu     Time
   0   4.12e+06 1.45e+06   4.40474828e+13 -3.13804284e+17  7.88e+12       0s
   1   1.01e+06 1.05e+06   5.09318497e+16 -2.30721626e+17  5.61e+12       0s
   2   5.11e+05 6.16e+05   6.96274790e+16 -1.45217958e+17  4.18e+12       0s
   3   1.67e+05 1.23e+05   5.37720766e+16 -2.99742743e+16  1.01e+12       0s
   4   3.07e+04 1.53e+04   2.52589903e+16 -4.06360303e+15  2.06e+11       1s
   5   1.09e+04 6.23e+03   1.09472094e+16 -1.69672697e+15  7.94e+10       1s
 Constructing starting basis...
   6   3.81e+03 2.32e+03   5.08271295e+15 -6.79979284e+14  3.62e+10       2s
   7   9.34e+02 7.26e+02   2.44507865e+15 -2.67811002e+14  1.63e+10       2s
   8   3.63e+02 2.54e+02   1.36492044e+15 -1.16512557e+14  8.70e+09       3s
   9   2.19e+02 1.50e+02   8.97492821e+14 -7.26194931e+13  5.68e+09       3s
  10   4.10e+01 8.66e+01   2.27029676e+14 -4.32840789e+13  1.66e+09       3s
  11   3.20e+01 3.72e+01   1.87937755e+14 -1.91140348e+13  1.22e+09       3s
  12   1.46e+01 2.37e+01   8.94295879e+13 -1.22595630e+13  6.11e+08       4s
  13   6.68e+00 4.46e+00   4.74949633e+13 -2.76878601e+12  2.89e+08       4s
  14   2.24e+00 6.14e-01   2.26584337e+13 -7.15902276e+11  1.32e+08       4s
  15   7.74e-01 1.46e-01   9.31339038e+12 -2.32970369e+11  5.38e+07       4s
  16   1.19e-01 2.25e-02   1.62084846e+12 -4.12608039e+10  9.34e+06       5s
  17   4.53e-02 1.33e-02   7.13727022e+11 -2.59874438e+10  4.17e+06       5s
  18   1.24e-02 6.06e-03   3.12079072e+11 -1.41114765e+10  1.84e+06       5s
  19   9.04e-04 1.72e-03   5.90090739e+10 -4.00307512e+09  3.54e+05       5s
  20   7.45e-08 1.19e-03   2.82952975e+10 -2.66203302e+09  1.74e+05       5s
  21   4.47e-08 3.09e-04   9.72739707e+09  2.07643554e+08  5.32e+04       6s
  22   2.98e-08 9.43e-05   3.87594495e+09  9.49863311e+08  1.63e+04       6s
  23   2.98e-08 5.96e-05   2.96320531e+09  1.05809436e+09  1.06e+04       6s
  24   2.98e-08 1.65e-05   1.83559274e+09  1.22270546e+09  3.41e+03       6s
  25   2.98e-08 6.34e-06   1.51163818e+09  1.26765468e+09  1.36e+03       7s
  26   5.59e-08 2.55e-06   1.37624778e+09  1.28567737e+09  5.04e+02       7s
  27   3.35e-08 8.35e-07   1.33144770e+09  1.29469424e+09  2.05e+02       7s
  28   2.98e-08 3.03e-07   1.31380898e+09  1.29764106e+09  9.00e+01       7s
  29   2.98e-08 6.71e-08   1.30359679e+09  1.29893967e+09  2.59e+01       7s
  30   2.98e-08 1.21e-08   1.30006219e+09  1.29930802e+09  4.20e+00       8s
  31   2.98e-08 2.79e-09   1.29945777e+09  1.29936582e+09  5.12e-01       8s
  32   2.98e-08 1.86e-09   1.29938265e+09  1.29937574e+09  3.85e-02       8s
  33   3.35e-08 1.86e-09   1.29937788e+09  1.29937649e+09  7.76e-03       8s
  34   4.84e-08 1.86e-09   1.29937682e+09  1.29937658e+09  1.34e-03       8s
  35   3.35e-08 1.86e-09   1.29937662e+09  1.29937660e+09  1.01e-04       8s
  36*  1.68e-08 9.31e-10   1.29937660e+09  1.29937660e+09  1.25e-07       9s
Summary
    Runtime:                                            8.51s
    Status interior point solve:                        optimal
    Status crossover:                                   not run
    objective value:                                    1.29937660e+09
    interior solution primal residual (abs/rel):        1.68e-08 / 1.15e-16
    interior solution dual residual (abs/rel):          9.31e-10 / 1.10e-16
    interior solution objective gap (abs/rel):          2.27e-02 / 1.75e-11
Ipx: IPM       optimal
Model   status      : Optimal
IPM       iterations: 36
Objective value     :  1.2993766028e+09
HiGHS run time      :         10.66
Presolving model
113519 rows, 313603 cols, 720522 nonzeros
83381 rows, 186969 cols, 466941 nonzeros
80987 rows, 107161 cols, 306716 nonzeros
80511 rows, 106588 cols, 305541 nonzeros
Presolve : Reductions: rows 80511(-2557300); columns 106588(-1640004); elements 305541(-7906997)
Solving the presolved LP
IPX model has 80511 rows, 106588 columns and 305541 nonzeros
Input
    Number of variables:                                106588
    Number of free variables:                           0
    Number of constraints:                              80511
    Number of equality constraints:                     13182
    Number of matrix entries:                           305541
    Matrix range:                                       [1e-02, 1e+00]
    RHS range:                                          [2e+05, 1e+07]
    Objective range:                                    [4e-04, 8e+06]
    Bounds range:                                       [7e+05, 1e+08]
Preprocessing
    Dualized model:                                     no
    Number of dense columns:                            0
    Range of scaling factors:                           [1.00e+00, 2.00e+00]
IPX version 1.0
Interior Point Solve
 Iter     P.res    D.res            P.obj           D.obj        mu     Time
   0   4.12e+06 1.45e+06   4.41253137e+13 -3.13802276e+17  7.88e+12       0s
   1   1.01e+06 1.05e+06   5.09270470e+16 -2.30700166e+17  5.61e+12       0s
   2   5.11e+05 6.16e+05   6.96062970e+16 -1.45199970e+17  4.18e+12       0s
   3   1.67e+05 1.23e+05   5.37468580e+16 -2.99718364e+16  1.01e+12       0s
   4   3.45e+04 1.53e+04   2.59884134e+16 -4.05811373e+15  2.12e+11       1s
   5   1.27e+04 6.30e+03   1.15605911e+16 -1.71231474e+15  8.38e+10       1s
 Constructing starting basis...
   6   4.52e+03 2.45e+03   5.32381383e+15 -7.09336838e+14  3.80e+10       2s
   7   1.00e+03 6.66e+02   2.45900706e+15 -2.52480120e+14  1.62e+10       2s
   8   3.09e+02 2.24e+02   1.06318781e+15 -1.00602112e+14  6.85e+09       3s
   9   1.97e+02 1.02e+02   7.46727477e+14 -5.06399501e+13  4.63e+09       3s
  10   3.71e+01 5.45e+01   1.78447057e+14 -2.76014660e+13  1.24e+09       3s
  11   2.09e+01 3.48e+01   1.10218423e+14 -1.77538865e+13  7.76e+08       3s
  12   1.20e+01 2.37e+01   7.27915116e+13 -1.23500976e+13  5.19e+08       4s
  13   6.17e+00 1.40e+01   4.49747909e+13 -7.56537394e+12  3.21e+08       4s
  14   1.63e+00 3.76e+00   1.52188211e+13 -2.15337238e+12  1.05e+08       4s
  15   5.03e-01 2.40e-01   8.12582439e+12 -3.06493686e+11  4.76e+07       4s
  16   8.59e-02 6.28e-02   1.74519886e+12 -9.09259399e+10  1.04e+07       4s
  17   3.20e-02 1.29e-02   7.30862339e+11 -2.11874413e+10  4.22e+06       5s
  18   6.74e-03 5.57e-03   2.65748418e+11 -1.12043633e+10  1.56e+06       5s
  19   1.79e-03 1.62e-03   8.55896256e+10 -2.85480595e+09  4.95e+05       5s
  20   4.57e-04 3.68e-04   3.13546139e+10 -1.36177331e+07  1.75e+05       5s
  21   3.35e-08 1.95e-04   8.25111506e+09  4.56668753e+08  4.35e+04       6s
  22   2.98e-08 5.56e-05   2.63689557e+09  1.00505435e+09  9.09e+03       6s
  23   2.98e-08 2.24e-05   1.91448690e+09  1.13883670e+09  4.32e+03       6s
  24   2.98e-08 1.07e-05   1.46251993e+09  1.18559079e+09  1.54e+03       6s
  25   2.98e-08 4.50e-06   1.34500907e+09  1.21330626e+09  7.34e+02       6s
  26   2.98e-08 2.27e-06   1.26769235e+09  1.22414150e+09  2.43e+02       7s
  27   2.98e-08 7.78e-07   1.24791295e+09  1.23140782e+09  9.19e+01       7s
  28   2.98e-08 2.04e-07   1.24201888e+09  1.23422962e+09  4.34e+01       7s
  29   2.98e-08 2.61e-08   1.23573092e+09  1.23526257e+09  2.61e+00       7s
  30   2.98e-08 3.73e-09   1.23541918e+09  1.23539063e+09  1.59e-01       7s
  31   2.98e-08 1.86e-09   1.23540247e+09  1.23539904e+09  1.91e-02       8s
  32   2.98e-08 1.86e-09   1.23540030e+09  1.23539970e+09  3.34e-03       8s
  33   2.98e-08 2.79e-09   1.23540024e+09  1.23540019e+09  3.11e-04       8s
  34   9.31e-08 9.31e-10   1.23540021e+09  1.23540021e+09  3.56e-05       8s
  35*  1.56e-07 9.31e-10   1.23540021e+09  1.23540021e+09  3.44e-06       8s
Summary
    Runtime:                                            8.41s
    Status interior point solve:                        optimal
    Status crossover:                                   not run
    objective value:                                    1.23540021e+09
    interior solution primal residual (abs/rel):        1.17e-07 / 8.04e-16
    interior solution dual residual (abs/rel):          9.31e-10 / 1.10e-16
    interior solution objective gap (abs/rel):          5.32e-01 / 4.30e-10
Ipx: IPM       optimal
Model   status      : Optimal
IPM       iterations: 35
Objective value     :  1.2354002076e+09
HiGHS run time      :         10.87
Presolving model
113519 rows, 313603 cols, 720522 nonzeros
83381 rows, 186969 cols, 466941 nonzeros
80987 rows, 107161 cols, 306716 nonzeros
80511 rows, 106588 cols, 305541 nonzeros
Presolve : Reductions: rows 80511(-2564815); columns 106588(-1640004); elements 305541(-7914512)
Solving the presolved LP
IPX model has 80511 rows, 106588 columns and 305541 nonzeros
Input
    Number of variables:                                106588
    Number of free variables:                           0
    Number of constraints:                              80511
    Number of equality constraints:                     13182
    Number of matrix entries:                           305541
    Matrix range:                                       [1e-02, 1e+00]
    RHS range:                                          [2e+05, 1e+07]
    Objective range:                                    [4e-04, 8e+06]
    Bounds range:                                       [7e+05, 1e+08]
Preprocessing
    Dualized model:                                     no
    Number of dense columns:                            0
    Range of scaling factors:                           [1.00e+00, 2.00e+00]
IPX version 1.0
Interior Point Solve
 Iter     P.res    D.res            P.obj           D.obj        mu     Time
   0   4.12e+06 1.45e+06   4.41751538e+13 -3.13800544e+17  7.88e+12       0s
   1   1.01e+06 1.05e+06   5.09281432e+16 -2.30699126e+17  5.61e+12       0s
   2   5.11e+05 6.16e+05   6.96060337e+16 -1.45199501e+17  4.18e+12       0s
   3   1.67e+05 1.23e+05   5.37428671e+16 -2.99721318e+16  1.01e+12       0s
   4   3.45e+04 1.53e+04   2.59882187e+16 -4.05774132e+15  2.12e+11       1s
   5   1.27e+04 6.31e+03   1.15173922e+16 -1.71401332e+15  8.36e+10       1s
 Constructing starting basis...
   6   4.50e+03 2.44e+03   5.31074514e+15 -7.07360654e+14  3.79e+10       2s
   7   9.59e+02 6.63e+02   2.42581527e+15 -2.51193394e+14  1.60e+10       2s
   8   2.30e+02 2.54e+02   7.05559154e+14 -1.02688247e+14  4.85e+09       3s
   9   4.77e+01 1.10e+02   2.63772895e+14 -4.72658212e+13  1.90e+09       3s
  10   2.33e+01 7.25e+01   1.45864393e+14 -3.13890383e+13  1.10e+09       3s
  11   1.29e+01 4.78e+01   9.64596419e+13 -2.09706445e+13  7.31e+08       3s
  12   8.55e+00 3.17e+01   7.23575310e+13 -1.42125646e+13  5.36e+08       4s
  13   5.66e+00 1.98e+01   5.46893369e+13 -9.20367632e+12  3.91e+08       4s
  14   3.05e+00 3.23e+00   4.02714748e+13 -2.31331809e+12  2.44e+08       4s
  15   1.08e+00 8.32e-01   2.56602547e+13 -1.10202679e+12  1.52e+08       4s
  16   1.56e-01 1.03e-01   6.29460047e+12 -2.32154937e+11  3.69e+07       4s
  17   3.48e-02 1.47e-02   1.48109869e+12 -3.44457813e+10  8.50e+06       5s
  18   1.15e-02 5.20e-03   5.38478014e+11 -1.30055454e+10  3.09e+06       5s
  19   2.49e-03 8.33e-04   1.37481958e+11 -1.82378811e+09  7.78e+05       5s
  20   4.22e-04 1.23e-04   3.78704950e+10  2.91865740e+08  2.09e+05       5s
  21   2.13e-05 3.96e-05   1.01504318e+10  7.51065349e+08  5.24e+04       6s
  22   5.39e-06 1.71e-05   3.59459280e+09  1.01928864e+09  1.43e+04       6s
  23   2.06e-06 6.26e-06   2.18778476e+09  1.15179747e+09  5.77e+03       6s
  24   3.28e-07 2.28e-06   1.55143999e+09  1.19868526e+09  1.96e+03       6s
  25   1.19e-07 1.02e-06   1.36688422e+09  1.21697555e+09  8.35e+02       6s
  26   5.96e-08 4.90e-07   1.26846884e+09  1.22540716e+09  2.40e+02       7s
  27   2.98e-08 2.10e-07   1.25382561e+09  1.22988004e+09  1.33e+02       7s
  28   2.98e-08 6.24e-08   1.24125032e+09  1.23234215e+09  4.96e+01       7s
  29   2.98e-08 1.21e-08   1.23434592e+09  1.23324068e+09  6.16e+00       7s
  30   2.98e-08 2.79e-09   1.23353603e+09  1.23341664e+09  6.65e-01       8s
  31   2.98e-08 1.86e-09   1.23344135e+09  1.23342880e+09  6.99e-02       8s
  32   2.98e-08 1.86e-09   1.23343277e+09  1.23343117e+09  8.92e-03       8s
  33   4.84e-08 1.86e-09   1.23343241e+09  1.23343210e+09  1.76e-03       8s
  34   2.98e-08 1.86e-09   1.23343236e+09  1.23343234e+09  1.10e-04       8s
  35   1.08e-07 9.31e-10   1.23343235e+09  1.23343235e+09  2.25e-05       8s
  36*  6.33e-08 9.31e-10   1.23343235e+09  1.23343235e+09  9.71e-09       9s
Summary
    Runtime:                                            8.77s
    Status interior point solve:                        optimal
    Status crossover:                                   not run
    objective value:                                    1.23343235e+09
    interior solution primal residual (abs/rel):        6.52e-08 / 4.47e-16
    interior solution dual residual (abs/rel):          9.31e-10 / 1.10e-16
    interior solution objective gap (abs/rel):          1.31e-03 / 1.06e-12
Ipx: IPM       optimal
Model   status      : Optimal
IPM       iterations: 36
Objective value     :  1.2334323498e+09
HiGHS run time      :         10.91
Presolving model
113519 rows, 313603 cols, 720522 nonzeros
83381 rows, 186969 cols, 466941 nonzeros
80987 rows, 107161 cols, 306716 nonzeros
80511 rows, 106588 cols, 305541 nonzeros
Presolve : Reductions: rows 80511(-2572330); columns 106588(-1640004); elements 305541(-7922027)
Solving the presolved LP
IPX model has 80511 rows, 106588 columns and 305541 nonzeros
Input
    Number of variables:                                106588
    Number of free variables:                           0
    Number of constraints:                              80511
    Number of equality constraints:                     13182
    Number of matrix entries:                           305541
    Matrix range:                                       [1e-02, 1e+00]
    RHS range:                                          [2e+05, 1e+07]
    Objective range:                                    [4e-04, 8e+06]
    Bounds range:                                       [7e+05, 1e+08]
Preprocessing
    Dualized model:                                     no
    Number of dense columns:                            0
    Range of scaling factors:                           [1.00e+00, 2.00e+00]
IPX version 1.0
Interior Point Solve
 Iter     P.res    D.res            P.obj           D.obj        mu     Time
   0   4.12e+06 1.45e+06   4.41751538e+13 -3.13800544e+17  7.88e+12       0s
   1   1.01e+06 1.05e+06   5.09281432e+16 -2.30699126e+17  5.61e+12       0s
   2   5.11e+05 6.16e+05   6.96060337e+16 -1.45199501e+17  4.18e+12       0s
   3   1.67e+05 1.23e+05   5.37428671e+16 -2.99721318e+16  1.01e+12       0s
   4   3.45e+04 1.53e+04   2.59882187e+16 -4.05774132e+15  2.12e+11       1s
   5   1.27e+04 6.31e+03   1.15173922e+16 -1.71401332e+15  8.36e+10       1s
 Constructing starting basis...
   6   4.50e+03 2.44e+03   5.31074514e+15 -7.07360654e+14  3.79e+10       2s
   7   9.59e+02 6.63e+02   2.42581527e+15 -2.51193394e+14  1.60e+10       2s
   8   2.30e+02 2.54e+02   7.05559154e+14 -1.02688247e+14  4.85e+09       3s
   9   4.77e+01 1.10e+02   2.63772895e+14 -4.72658212e+13  1.90e+09       3s
  10   2.33e+01 7.25e+01   1.45864393e+14 -3.13890383e+13  1.10e+09       3s
  11   1.29e+01 4.78e+01   9.64596419e+13 -2.09706445e+13  7.31e+08       3s
  12   8.55e+00 3.17e+01   7.23575310e+13 -1.42125646e+13  5.36e+08       4s
  13   5.66e+00 1.98e+01   5.46893369e+13 -9.20367632e+12  3.91e+08       4s
  14   3.05e+00 3.23e+00   4.02714748e+13 -2.31331809e+12  2.44e+08       4s
  15   1.08e+00 8.32e-01   2.56602547e+13 -1.10202679e+12  1.52e+08       4s
  16   1.56e-01 1.03e-01   6.29460047e+12 -2.32154937e+11  3.69e+07       4s
  17   3.48e-02 1.47e-02   1.48109869e+12 -3.44457813e+10  8.50e+06       5s
  18   1.15e-02 5.20e-03   5.38478014e+11 -1.30055454e+10  3.09e+06       5s
  19   2.49e-03 8.33e-04   1.37481958e+11 -1.82378811e+09  7.78e+05       5s
  20   4.22e-04 1.23e-04   3.78704950e+10  2.91865740e+08  2.09e+05       5s
  21   2.13e-05 3.96e-05   1.01504318e+10  7.51065349e+08  5.24e+04       6s
  22   5.39e-06 1.71e-05   3.59459280e+09  1.01928864e+09  1.43e+04       6s
  23   2.06e-06 6.26e-06   2.18778476e+09  1.15179747e+09  5.77e+03       6s
  24   3.28e-07 2.28e-06   1.55143999e+09  1.19868526e+09  1.96e+03       6s
  25   1.19e-07 1.02e-06   1.36688422e+09  1.21697555e+09  8.35e+02       6s
  26   5.96e-08 4.90e-07   1.26846884e+09  1.22540716e+09  2.40e+02       7s
  27   2.98e-08 2.10e-07   1.25382561e+09  1.22988004e+09  1.33e+02       7s
  28   2.98e-08 6.24e-08   1.24125032e+09  1.23234215e+09  4.96e+01       7s
  29   2.98e-08 1.21e-08   1.23434592e+09  1.23324068e+09  6.16e+00       7s
  30   2.98e-08 2.79e-09   1.23353603e+09  1.23341664e+09  6.65e-01       8s
  31   2.98e-08 1.86e-09   1.23344135e+09  1.23342880e+09  6.99e-02       8s
  32   2.98e-08 1.86e-09   1.23343277e+09  1.23343117e+09  8.92e-03       8s
  33   4.84e-08 1.86e-09   1.23343241e+09  1.23343210e+09  1.76e-03       8s
  34   2.98e-08 1.86e-09   1.23343236e+09  1.23343234e+09  1.10e-04       8s
  35   1.08e-07 9.31e-10   1.23343235e+09  1.23343235e+09  2.25e-05       9s
  36*  6.33e-08 9.31e-10   1.23343235e+09  1.23343235e+09  9.71e-09       9s
Summary
    Runtime:                                            8.79s
    Status interior point solve:                        optimal
    Status crossover:                                   not run
    objective value:                                    1.23343235e+09
    interior solution primal residual (abs/rel):        6.52e-08 / 4.47e-16
    interior solution dual residual (abs/rel):          9.31e-10 / 1.10e-16
    interior solution objective gap (abs/rel):          1.31e-03 / 1.06e-12
Ipx: IPM       optimal
Model   status      : Optimal
IPM       iterations: 36
Objective value     :  1.2334323498e+09
HiGHS run time      :         11.27
Running HiGHS 1.6.0: Copyright (c) 2023 HiGHS under MIT licence terms
Presolving model
116206 rows, 318375 cols, 733506 nonzeros
86082 rows, 191758 cols, 479963 nonzeros
83718 rows, 111732 cols, 319406 nonzeros
83187 rows, 110188 cols, 316294 nonzeros
Presolve : Reductions: rows 83187(-2532294); columns 110188(-1636619); elements 316294(-7878544)
Solving the presolved LP
IPX model has 83187 rows, 110188 columns and 316294 nonzeros
Input
    Number of variables:                                110188
    Number of free variables:                           0
    Number of constraints:                              83187
    Number of equality constraints:                     13390
    Number of matrix entries:                           316294
    Matrix range:                                       [1e-02, 1e+00]
    RHS range:                                          [3e+05, 6e+07]
    Objective range:                                    [3e-04, 2e+06]
    Bounds range:                                       [2e+05, 1e+08]
Preprocessing
    Dualized model:                                     no
    Number of dense columns:                            0
    Range of scaling factors:                           [1.00e+00, 2.00e+00]
IPX version 1.0
Interior Point Solve
 Iter     P.res    D.res            P.obj           D.obj        mu     Time
   0   9.39e+06 2.50e+05   3.97441122e+13 -7.03170662e+16  2.89e+12       0s
   1   2.54e+06 1.77e+05   2.51824836e+16 -5.20714603e+16  1.95e+12       0s
   2   1.09e+06 1.11e+05   3.44526819e+16 -3.63794478e+16  1.52e+12       0s
   3   4.13e+05 2.48e+04   2.61999548e+16 -8.57022877e+15  4.16e+11       0s
   4   1.32e+05 3.47e+03   1.43074470e+16 -1.45192175e+15  1.09e+11       1s
   5   2.66e+04 9.22e+02   4.89372120e+15 -5.17827714e+14  3.15e+10       1s
 Constructing starting basis...
   6   6.59e+03 4.56e+02   1.91005708e+15 -2.85187478e+14  1.33e+10       2s
   7   3.76e+03 2.36e+02   1.45010470e+15 -1.69439044e+14  9.49e+09       2s
   8   2.11e+03 8.36e+01   1.05989473e+15 -7.00447774e+13  6.36e+09       3s
   9   1.14e+03 3.23e+01   7.31015032e+14 -2.13024944e+13  4.16e+09       3s
  10   9.45e+02 6.34e+00   6.63091928e+14  1.15978133e+12  3.57e+09       3s
  11   2.52e+02 4.09e+00   3.63312761e+14  7.13933278e+12  1.96e+09       4s
  12   2.37e+01 1.42e+00   1.48214678e+14  2.31902859e+13  6.99e+08       4s
  13   1.89e+01 5.54e-01   1.35738565e+14  2.98955184e+13  5.77e+08       5s
  14   1.17e+01 1.71e-01   1.18048040e+14  3.27916850e+13  4.60e+08       5s
  15   1.86e+00 5.93e-02   6.20975419e+13  3.61590873e+13  1.41e+08       5s
  16   3.73e-01 2.11e-02   4.60372574e+13  3.77885948e+13  4.50e+07       6s
  17   1.20e-01 9.53e-03   4.15927912e+13  3.83649893e+13  1.76e+07       6s
  18   2.96e-02 2.18e-03   3.96939797e+13  3.87382174e+13  5.13e+06       7s
  19   1.39e-02 9.04e-04   3.94384454e+13  3.87923533e+13  3.45e+06       7s
  20   1.30e-02 7.55e-04   3.94295654e+13  3.87979360e+13  3.37e+06       8s
  21   5.88e-03 1.69e-04   3.92290041e+13  3.88319103e+13  2.11e+06       8s
  22   1.25e-03 7.95e-05   3.90248209e+13  3.88411482e+13  9.75e+05       8s
  23   3.36e-04 7.46e-06   3.89244482e+13  3.88522377e+13  3.83e+05       9s
  24   8.39e-05 2.49e-06   3.88750794e+13  3.88543021e+13  1.10e+05       9s
  25   8.49e-06 7.49e-07   3.88606659e+13  3.88550150e+13  3.00e+04       9s
  26   7.45e-06 1.72e-07   3.88604717e+13  3.88552549e+13  2.77e+04      10s
  27   1.49e-06 7.12e-08   3.88573098e+13  3.88553895e+13  1.02e+04      10s
  28   5.07e-07 3.42e-08   3.88562898e+13  3.88554620e+13  4.39e+03      10s
  29   1.79e-07 1.79e-08   3.88558643e+13  3.88554989e+13  1.94e+03      11s
  30   8.94e-08 8.38e-09   3.88557332e+13  3.88555204e+13  1.13e+03      11s
  31   5.96e-08 3.03e-09   3.88556471e+13  3.88555346e+13  5.97e+02      11s
  32   2.98e-08 1.40e-09   3.88556049e+13  3.88555393e+13  3.48e+02      11s
  33   2.98e-08 6.98e-10   3.88555674e+13  3.88555422e+13  1.34e+02      12s
  34   2.98e-08 4.66e-10   3.88555506e+13  3.88555439e+13  3.59e+01      12s
  35   2.98e-08 4.66e-10   3.88555464e+13  3.88555447e+13  8.70e+00      12s
  36   4.28e-08 4.66e-10   3.88555453e+13  3.88555450e+13  1.58e+00      12s
  37   2.98e-08 4.66e-10   3.88555452e+13  3.88555451e+13  6.93e-01      13s
  38*  3.66e-08 4.66e-10   3.88555451e+13  3.88555451e+13  1.53e-01      13s
Summary
    Runtime:                                            12.85s
    Status interior point solve:                        optimal
    Status crossover:                                   not run
    objective value:                                    3.88555451e+13
    interior solution primal residual (abs/rel):        5.22e-08 / 3.57e-16
    interior solution dual residual (abs/rel):          4.66e-10 / 2.42e-16
    interior solution objective gap (abs/rel):          2.88e+04 / 7.40e-10
Ipx: IPM       optimal
Model   status      : Optimal
IPM       iterations: 38
Objective value     :  3.8855545056e+13
HiGHS run time      :         15.21
Presolving model
116206 rows, 318375 cols, 733506 nonzeros
86082 rows, 191758 cols, 479963 nonzeros
83718 rows, 111732 cols, 319406 nonzeros
83187 rows, 110188 cols, 316294 nonzeros
Presolve : Reductions: rows 83187(-2539809); columns 110188(-1636619); elements 316294(-7886059)
Solving the presolved LP
IPX model has 83187 rows, 110188 columns and 316294 nonzeros
Input
    Number of variables:                                110188
    Number of free variables:                           0
    Number of constraints:                              83187
    Number of equality constraints:                     13390
    Number of matrix entries:                           316294
    Matrix range:                                       [1e-02, 1e+00]
    RHS range:                                          [3e+05, 6e+07]
    Objective range:                                    [3e-04, 2e+06]
    Bounds range:                                       [2e+05, 1e+08]
Preprocessing
    Dualized model:                                     no
    Number of dense columns:                            0
    Range of scaling factors:                           [1.00e+00, 2.00e+00]
IPX version 1.0
Interior Point Solve
 Iter     P.res    D.res            P.obj           D.obj        mu     Time
   0   9.39e+06 2.20e+05   3.33602097e+13 -6.18686374e+16  2.56e+12       0s
   1   2.53e+06 1.56e+05   2.36124805e+16 -4.57606693e+16  1.72e+12       0s
   2   1.11e+06 9.69e+04   3.19595221e+16 -3.16984919e+16  1.32e+12       0s
   3   3.92e+05 2.12e+04   2.35521464e+16 -7.30859499e+15  3.55e+11       0s
   4   1.32e+05 3.42e+03   1.29270773e+16 -1.41907335e+15  9.99e+10       1s
   5   3.04e+04 8.15e+02   4.98116782e+15 -4.91803766e+14  3.17e+10       1s
 Constructing starting basis...
   6   1.16e+04 1.95e+02   2.17825851e+15 -1.42382968e+14  1.33e+10       2s
   7   3.24e+03 8.53e+01   8.01815256e+14 -7.46649444e+13  5.00e+09       2s
   8   3.24e-03 4.28e+01   3.10270169e+14 -4.83905966e+13  2.10e+09       3s
   9   6.66e-04 1.20e+01   8.25702446e+13 -1.41077232e+13  5.67e+08       3s
  10   1.56e-04 2.26e+00   2.26708983e+13 -2.77810664e+12  1.45e+08       3s
  11   6.61e-05 8.73e-01   1.01135390e+13 -1.09421414e+12  6.32e+07       3s
  12   4.36e-05 5.45e-01   6.74431945e+12 -6.88157296e+11  4.17e+07       4s
  13   2.50e-05 3.34e-01   3.94492783e+12 -4.25933318e+11  2.45e+07       4s
  14   4.92e-06 7.72e-02   1.60416406e+12 -1.42202512e+11  9.62e+06       4s
  15   2.09e-06 2.88e-02   8.05577615e+11 -5.83553377e+10  4.71e+06       5s
  16   1.16e-06 1.42e-02   5.35358579e+11 -3.30260889e+10  3.08e+06       5s
  17   4.77e-07 7.07e-03   2.30632393e+11 -1.53749137e+10  1.33e+06       5s
  18   2.68e-07 2.88e-03   1.28563001e+11 -4.62742998e+09  7.14e+05       6s
  19   1.19e-07 1.85e-03   6.13710684e+10 -2.23731715e+09  3.41e+05       6s
  20   5.96e-08 7.46e-04   3.60186018e+10  3.27140647e+08  1.90e+05       6s
  21   5.84e-08 2.13e-04   2.48544154e+10  2.11933596e+09  1.21e+05       6s
  22   4.47e-08 1.35e-04   1.62317522e+10  2.31213530e+09  7.40e+04       7s
  23   5.96e-08 1.07e-04   1.42091860e+10  2.42935049e+09  6.26e+04       7s
  24   4.32e-08 2.70e-05   7.52923612e+09  2.99124431e+09  2.41e+04       7s
  25   3.55e-08 8.79e-06   4.57696269e+09  3.18594188e+09  7.38e+03       8s
  26   2.98e-08 2.84e-06   3.87429401e+09  3.24890727e+09  3.32e+03       8s
  27   3.66e-08 1.34e-06   3.47754801e+09  3.26912146e+09  1.11e+03       8s
  28   3.73e-08 5.68e-07   3.39075722e+09  3.28040197e+09  5.85e+02       9s
  29   3.13e-08 1.87e-07   3.33446907e+09  3.28633526e+09  2.55e+02       9s
  30   3.04e-08 5.61e-08   3.30481458e+09  3.28860993e+09  8.60e+01       9s
  31   5.38e-08 2.12e-08   3.29573819e+09  3.28933346e+09  3.40e+01       9s
  32   4.92e-08 4.42e-09   3.29176950e+09  3.28969636e+09  1.10e+01      10s
  33   4.57e-08 2.10e-09   3.29030196e+09  3.28975686e+09  2.89e+00      10s
  34   4.09e-08 6.98e-10   3.28994548e+09  3.28980088e+09  7.67e-01      10s
  35   3.05e-08 4.66e-10   3.28984533e+09  3.28980790e+09  1.99e-01      10s
  36   4.03e-08 4.66e-10   3.28981022e+09  3.28980933e+09  4.68e-03      10s
  37   6.24e-08 4.66e-10   3.28980975e+09  3.28980958e+09  8.89e-04      10s
  38   8.20e-08 4.66e-10   3.28980962e+09  3.28980961e+09  5.08e-05      11s
  39*  4.17e-08 2.33e-10   3.28980961e+09  3.28980961e+09  3.67e-06      11s
Summary
    Runtime:                                            10.84s
    Status interior point solve:                        optimal
    Status crossover:                                   not run
    objective value:                                    3.28980961e+09
    interior solution primal residual (abs/rel):        5.22e-08 / 3.57e-16
    interior solution dual residual (abs/rel):          2.33e-10 / 1.21e-16
    interior solution objective gap (abs/rel):          6.71e-01 / 2.04e-10
Ipx: IPM       optimal
Model   status      : Optimal
IPM       iterations: 39
Objective value     :  3.2898096078e+09
HiGHS run time      :         13.12
Presolving model
116206 rows, 318375 cols, 733506 nonzeros
86082 rows, 191758 cols, 479963 nonzeros
83718 rows, 111732 cols, 319406 nonzeros
83187 rows, 110188 cols, 316294 nonzeros
Presolve : Reductions: rows 83187(-2547324); columns 110188(-1636619); elements 316294(-7893574)
Solving the presolved LP
IPX model has 83187 rows, 110188 columns and 316294 nonzeros
Input
    Number of variables:                                110188
    Number of free variables:                           0
    Number of constraints:                              83187
    Number of equality constraints:                     13390
    Number of matrix entries:                           316294
    Matrix range:                                       [1e-02, 1e+00]
    RHS range:                                          [3e+05, 6e+07]
    Objective range:                                    [3e-04, 2e+06]
    Bounds range:                                       [2e+05, 1e+08]
Preprocessing
    Dualized model:                                     no
    Number of dense columns:                            0
    Range of scaling factors:                           [1.00e+00, 2.00e+00]
IPX version 1.0
Interior Point Solve
 Iter     P.res    D.res            P.obj           D.obj        mu     Time
   0   9.38e+06 2.20e+05   3.48439522e+13 -6.16449174e+16  2.55e+12       0s
   1   2.53e+06 1.55e+05   2.36501123e+16 -4.54511091e+16  1.71e+12       0s
   2   1.13e+06 9.73e+04   3.18232165e+16 -3.17266991e+16  1.32e+12       0s
   3   3.87e+05 2.15e+04   2.33720022e+16 -7.37406877e+15  3.54e+11       0s
   4   1.28e+05 3.03e+03   1.28378235e+16 -1.28738831e+15  9.59e+10       1s
   5   2.59e+04 7.58e+02   4.50757475e+15 -4.60458185e+14  2.85e+10       1s
 Constructing starting basis...
   6   8.34e+03 2.04e+02   1.78674466e+15 -1.47622870e+14  1.11e+10       2s
   7   3.04e+03 1.20e+02   9.61060170e+14 -1.01171331e+14  6.13e+09       2s
   8   3.48e+02 6.27e+01   2.62114506e+14 -5.72431599e+13  1.92e+09       3s
   9   1.44e+02 2.03e+01   1.31828127e+14 -1.99771368e+13  8.82e+08       3s
  10   3.57e+01 4.45e+00   4.68019058e+13 -5.30898954e+12  2.94e+08       3s
  11   7.97e+00 1.21e+00   1.32782353e+13 -1.57165501e+12  8.37e+07       3s
  12   2.69e+00 3.84e-01   5.06679270e+12 -5.29474749e+11  3.12e+07       4s
  13   1.08e+00 2.66e-01   2.58362757e+12 -3.81810639e+11  1.69e+07       4s
  14   2.61e-01 8.61e-02   8.25280925e+11 -1.31020822e+11  5.43e+06       4s
  15   1.37e-01 2.21e-02   5.24768057e+11 -3.94412966e+10  3.08e+06       5s
  16   7.32e-02 1.39e-02   3.92074898e+11 -2.86815124e+10  2.30e+06       5s
  17   3.18e-02 6.23e-03   2.73937393e+11 -1.68917145e+10  1.57e+06       5s
  18   4.18e-03 1.80e-03   8.50489725e+10 -5.11755387e+09  4.84e+05       6s
  19   1.46e-03 7.66e-04   4.99576548e+10 -1.63479681e+09  2.76e+05       6s
  20   6.59e-04 5.09e-04   2.91903733e+10 -4.21854805e+08  1.58e+05       6s
  21   2.31e-04 1.01e-04   1.95870893e+10  1.41918324e+09  9.65e+04       6s
  22   6.76e-05 3.63e-05   9.57074145e+09  2.01668668e+09  4.01e+04       7s
  23   1.84e-05 9.19e-06   5.04072523e+09  2.35835585e+09  1.42e+04       7s
  24   4.47e-06 2.41e-06   3.39015582e+09  2.46644966e+09  4.90e+03       7s
  25   1.67e-06 9.62e-07   2.89507673e+09  2.49954275e+09  2.10e+03       8s
  26   7.45e-07 4.00e-07   2.69400621e+09  2.51486167e+09  9.50e+02       8s
  27   3.28e-07 1.40e-07   2.60681400e+09  2.52163054e+09  4.52e+02       8s
  28   7.58e-08 5.08e-08   2.55055770e+09  2.52428692e+09  1.39e+02       8s
  29   3.31e-08 1.79e-08   2.53345906e+09  2.52572284e+09  4.10e+01       9s
  30   4.52e-08 3.73e-09   2.52864490e+09  2.52638933e+09  1.20e+01       9s
  31   8.41e-08 1.40e-09   2.52711901e+09  2.52655968e+09  2.97e+00       9s
  32   5.98e-08 4.66e-10   2.52677482e+09  2.52664194e+09  7.05e-01       9s
  33   4.47e-08 4.66e-10   2.52667946e+09  2.52665217e+09  1.45e-01       9s
  34   3.20e-08 4.66e-10   2.52665499e+09  2.52665340e+09  8.43e-03      10s
  35   5.80e-08 4.66e-10   2.52665386e+09  2.52665360e+09  1.34e-03      10s
  36   5.96e-08 4.66e-10   2.52665366e+09  2.52665364e+09  9.72e-05      10s
  37*  1.49e-07 2.33e-10   2.52665364e+09  2.52665364e+09  1.18e-05      10s
Summary
    Runtime:                                            10.09s
    Status interior point solve:                        optimal
    Status crossover:                                   not run
    objective value:                                    2.52665364e+09
    interior solution primal residual (abs/rel):        1.64e-07 / 1.12e-15
    interior solution dual residual (abs/rel):          2.33e-10 / 1.21e-16
    interior solution objective gap (abs/rel):          2.19e+00 / 8.67e-10
Ipx: IPM       optimal
Model   status      : Optimal
IPM       iterations: 37
Objective value     :  2.5266536429e+09
HiGHS run time      :         12.35
Presolving model
116206 rows, 318375 cols, 733506 nonzeros
86082 rows, 191758 cols, 479963 nonzeros
83718 rows, 111732 cols, 319406 nonzeros
83187 rows, 110188 cols, 316294 nonzeros
Presolve : Reductions: rows 83187(-2554839); columns 110188(-1636619); elements 316294(-7901089)
Solving the presolved LP
IPX model has 83187 rows, 110188 columns and 316294 nonzeros
Input
    Number of variables:                                110188
    Number of free variables:                           0
    Number of constraints:                              83187
    Number of equality constraints:                     13390
    Number of matrix entries:                           316294
    Matrix range:                                       [1e-02, 1e+00]
    RHS range:                                          [3e+05, 6e+07]
    Objective range:                                    [3e-04, 2e+06]
    Bounds range:                                       [2e+05, 1e+08]
Preprocessing
    Dualized model:                                     no
    Number of dense columns:                            0
    Range of scaling factors:                           [1.00e+00, 2.00e+00]
IPX version 1.0
Interior Point Solve
 Iter     P.res    D.res            P.obj           D.obj        mu     Time
   0   9.38e+06 2.20e+05   3.49061484e+13 -6.16437287e+16  2.55e+12       0s
   1   2.53e+06 1.55e+05   2.36522237e+16 -4.54475967e+16  1.71e+12       0s
   2   1.13e+06 9.73e+04   3.18257807e+16 -3.17233156e+16  1.32e+12       0s
   3   3.87e+05 2.15e+04   2.33767878e+16 -7.37316252e+15  3.54e+11       0s
   4   1.28e+05 3.03e+03   1.28205148e+16 -1.28524999e+15  9.58e+10       1s
   5   2.63e+04 7.59e+02   4.55363498e+15 -4.61688969e+14  2.88e+10       1s
 Constructing starting basis...
   6   8.81e+03 2.37e+02   1.86172841e+15 -1.67067539e+14  1.18e+10       2s
   7   1.55e+03 1.31e+02   7.24314397e+14 -1.07469481e+14  4.89e+09       2s
   8   1.23e+02 6.77e+01   2.41500092e+14 -6.06684017e+13  1.85e+09       3s
   9   5.36e+01 2.33e+01   1.14634302e+14 -2.12199424e+13  8.06e+08       3s
  10   1.13e+01 5.30e+00   3.68093918e+13 -5.59968751e+12  2.45e+08       3s
  11   1.82e+00 1.58e+00   8.27293645e+12 -1.75759909e+12  5.92e+07       4s
  12   6.20e-01 5.37e-01   3.39176839e+12 -6.25288390e+11  2.33e+07       4s
  13   1.71e-01 3.32e-01   1.35799058e+12 -3.98164339e+11  1.06e+07       4s
  14   6.80e-02 1.37e-01   7.99323648e+11 -1.76146171e+11  5.70e+06       5s
  15   1.86e-02 5.28e-02   2.94094870e+11 -6.96356116e+10  2.11e+06       5s
  16   1.37e-02 3.26e-02   2.59442261e+11 -4.52908266e+10  1.73e+06       5s
  17   7.00e-03 1.04e-02   1.46592961e+11 -1.35529812e+10  8.80e+05       5s
  18   2.47e-03 7.27e-03   1.07865195e+11 -1.00964132e+10  6.47e+05       6s
  19   1.04e-03 2.42e-03   7.13850899e+10 -3.21934818e+09  4.02e+05       6s
  20   4.73e-04 1.22e-03   3.65434747e+10 -5.37831310e+08  1.99e+05       6s
  21   2.62e-04 4.79e-04   2.73305562e+10  8.62940140e+08  1.41e+05       7s
  22   6.48e-05 1.67e-04   1.12808523e+10  1.79983221e+09  5.04e+04       7s
  23   8.26e-06 3.11e-05   4.75899593e+09  2.31431962e+09  1.30e+04       7s
  24   2.56e-06 1.09e-05   3.32486935e+09  2.43433732e+09  4.73e+03       7s
  25   7.45e-07 4.78e-06   2.81748167e+09  2.47368028e+09  1.82e+03       8s
  26   2.98e-07 2.01e-06   2.63446254e+09  2.49495791e+09  7.40e+02       8s
  27   1.19e-07 7.78e-07   2.56922294e+09  2.50440342e+09  3.44e+02       8s
  28   5.96e-08 3.33e-07   2.52969028e+09  2.50799313e+09  1.15e+02       9s
  29   4.99e-08 1.20e-07   2.51661842e+09  2.51000608e+09  3.51e+01       9s
  30   3.52e-08 1.77e-08   2.51304761e+09  2.51104766e+09  1.06e+01       9s
  31   3.88e-08 6.29e-09   2.51173336e+09  2.51120570e+09  2.80e+00       9s
  32   2.98e-08 1.16e-09   2.51142750e+09  2.51128849e+09  7.38e-01      10s
  33   4.31e-08 4.66e-10   2.51131484e+09  2.51129937e+09  8.21e-02      10s
  34   2.98e-08 4.66e-10   2.51130152e+09  2.51130048e+09  5.51e-03      10s
  35   3.92e-08 4.66e-10   2.51130071e+09  2.51130063e+09  4.29e-04      10s
  36   1.27e-07 4.66e-10   2.51130064e+09  2.51130064e+09  1.52e-05      10s
  37*  1.04e-07 2.33e-10   2.51130064e+09  2.51130064e+09  1.32e-06      11s
Summary
    Runtime:                                            10.62s
    Status interior point solve:                        optimal
    Status crossover:                                   not run
    objective value:                                    2.51130064e+09
    interior solution primal residual (abs/rel):        5.25e-08 / 3.60e-16
    interior solution dual residual (abs/rel):          2.33e-10 / 1.21e-16
    interior solution objective gap (abs/rel):          2.16e-01 / 8.59e-11
Ipx: IPM       optimal
Model   status      : Optimal
IPM       iterations: 37
Objective value     :  2.5113006421e+09
HiGHS run time      :         12.89
Presolving model
116206 rows, 318375 cols, 733506 nonzeros
86082 rows, 191758 cols, 479963 nonzeros
83718 rows, 111732 cols, 319406 nonzeros
83187 rows, 110188 cols, 316294 nonzeros
Presolve : Reductions: rows 83187(-2562354); columns 110188(-1636619); elements 316294(-7908604)
Solving the presolved LP
IPX model has 83187 rows, 110188 columns and 316294 nonzeros
Input
    Number of variables:                                110188
    Number of free variables:                           0
    Number of constraints:                              83187
    Number of equality constraints:                     13390
    Number of matrix entries:                           316294
    Matrix range:                                       [1e-02, 1e+00]
    RHS range:                                          [3e+05, 6e+07]
    Objective range:                                    [3e-04, 2e+06]
    Bounds range:                                       [2e+05, 1e+08]
Preprocessing
    Dualized model:                                     no
    Number of dense columns:                            0
    Range of scaling factors:                           [1.00e+00, 2.00e+00]
IPX version 1.0
Interior Point Solve
 Iter     P.res    D.res            P.obj           D.obj        mu     Time
   0   9.38e+06 2.20e+05   3.49750126e+13 -6.16431554e+16  2.55e+12       0s
   1   2.53e+06 1.55e+05   2.36556980e+16 -4.54463543e+16  1.71e+12       0s
   2   1.13e+06 9.73e+04   3.18435811e+16 -3.17205761e+16  1.32e+12       0s
   3   3.85e+05 2.14e+04   2.33679108e+16 -7.35505698e+15  3.54e+11       0s
   4   1.26e+05 3.02e+03   1.27423253e+16 -1.28030962e+15  9.51e+10       1s
   5   2.56e+04 7.68e+02   4.63464634e+15 -4.75024822e+14  2.93e+10       1s
 Constructing starting basis...
   6   9.40e+03 2.74e+02   2.00451496e+15 -1.89375872e+14  1.28e+10       2s
   7   2.26e+03 1.45e+02   8.01912015e+14 -1.13285402e+14  5.37e+09       2s
   8   1.75e+02 6.24e+01   4.21302665e+14 -6.35074009e+13  2.83e+09       3s
   9   6.32e+01 2.82e+01   1.60278359e+14 -2.86023753e+13  1.11e+09       3s
  10   1.48e+01 4.75e+00   5.46025639e+13 -5.97110323e+12  3.41e+08       3s
  11   5.66e+00 1.14e+00   2.32466553e+13 -1.57912010e+12  1.37e+08       4s
  12   3.24e+00 3.83e-01   1.35325469e+13 -5.51738888e+11  7.64e+07       4s
  13   2.04e+00 1.84e-01   9.07931987e+12 -3.08594498e+11  5.07e+07       4s
  14   7.26e-01 7.45e-02   3.38639049e+12 -1.31215265e+11  1.90e+07       4s
  15   4.60e-01 2.34e-02   2.24387954e+12 -4.96371204e+10  1.23e+07       5s
  16   2.12e-01 1.22e-02   1.32705924e+12 -3.90416467e+10  7.33e+06       5s
  17   1.17e-01 2.09e-03   7.99949511e+11 -1.16415884e+10  4.32e+06       5s
  18   2.18e-02 2.72e-04   3.09737827e+11 -8.44203647e+09  1.69e+06       5s
  19   6.80e-03 1.04e-04   1.06902591e+11 -2.10603998e+09  5.79e+05       6s
  20   2.06e-03 5.08e-05   4.72945746e+10 -2.98181333e+08  2.53e+05       6s
  21   8.39e-04 3.27e-05   2.87076627e+10  4.46834219e+08  1.50e+05       6s
  22   1.66e-04 2.00e-05   1.75328683e+10  9.89278065e+08  8.78e+04       7s
  23   3.15e-05 6.67e-06   6.64845042e+09  1.93519301e+09  2.50e+04       7s
  24   7.99e-06 2.02e-06   3.78717598e+09  2.32044399e+09  7.78e+03       7s
  25   1.91e-06 8.76e-07   2.96481642e+09  2.42047356e+09  2.89e+03       7s
  26   4.47e-07 4.11e-07   2.65839841e+09  2.46585220e+09  1.02e+03       8s
  27   1.79e-07 1.73e-07   2.57190506e+09  2.49057944e+09  4.31e+02       8s
  28   8.94e-08 6.17e-08   2.54225308e+09  2.50256872e+09  2.11e+02       8s
  29   4.78e-08 2.17e-08   2.52411692e+09  2.50696068e+09  9.10e+01       9s
  30   4.84e-08 7.92e-09   2.51457158e+09  2.50860062e+09  3.17e+01       9s
  31   6.50e-08 9.31e-10   2.51097614e+09  2.50942487e+09  8.23e+00       9s
  32   6.00e-08 6.98e-10   2.50978378e+09  2.50950879e+09  1.46e+00       9s
  33   4.45e-08 4.66e-10   2.50956444e+09  2.50954588e+09  9.85e-02       9s
  34   6.88e-08 4.66e-10   2.50955356e+09  2.50955223e+09  7.02e-03      10s
  35   3.49e-08 4.66e-10   2.50955282e+09  2.50955262e+09  1.06e-03      10s
  36   5.29e-08 4.66e-10   2.50955270e+09  2.50955266e+09  2.29e-04      10s
  37   8.49e-08 2.33e-10   2.50955267e+09  2.50955266e+09  1.49e-05      10s
  38*  1.08e-07 2.33e-10   2.50955266e+09  2.50955266e+09  2.77e-06      10s
Summary
    Runtime:                                            10.36s
    Status interior point solve:                        optimal
    Status crossover:                                   not run
    objective value:                                    2.50955266e+09
    interior solution primal residual (abs/rel):        1.12e-07 / 7.65e-16
    interior solution dual residual (abs/rel):          2.33e-10 / 1.21e-16
    interior solution objective gap (abs/rel):          4.79e-01 / 1.91e-10
Ipx: IPM       optimal
Model   status      : Optimal
IPM       iterations: 38
Objective value     :  2.5095526641e+09
HiGHS run time      :         12.62
Running HiGHS 1.6.0: Copyright (c) 2023 HiGHS under MIT licence terms
Presolving model
119360 rows, 325401 cols, 751762 nonzeros
89258 rows, 198811 cols, 498302 nonzeros
86926 rows, 116886 cols, 334049 nonzeros
86387 rows, 114405 cols, 329050 nonzeros
Presolve : Reductions: rows 86387(-2529353); columns 114405(-1632660); elements 329050(-7878773)
Solving the presolved LP
IPX model has 86387 rows, 114405 columns and 329050 nonzeros
Input
    Number of variables:                                114405
    Number of free variables:                           0
    Number of constraints:                              86387
    Number of equality constraints:                     13681
    Number of matrix entries:                           329050
    Matrix range:                                       [1e-02, 1e+00]
    RHS range:                                          [2e+05, 1e+08]
    Objective range:                                    [2e-04, 1e+06]
    Bounds range:                                       [2e+05, 1e+08]
Preprocessing
    Dualized model:                                     no
    Number of dense columns:                            0
    Range of scaling factors:                           [1.00e+00, 2.00e+00]
IPX version 1.0
Interior Point Solve
 Iter     P.res    D.res            P.obj           D.obj        mu     Time
   0   3.13e+07 1.48e+05   6.29483580e+13 -5.24655634e+16  5.33e+12       0s
   1   8.61e+06 1.01e+05   5.38018326e+16 -4.16611979e+16  3.31e+12       0s
   2   3.24e+06 6.31e+04   7.10743714e+16 -3.28164862e+16  2.47e+12       0s
   3   1.36e+06 1.56e+04   5.32554357e+16 -8.80434241e+15  7.48e+11       0s
   4   4.26e+05 3.08e+03   2.84895443e+16 -2.37646954e+15  2.20e+11       1s
   5   1.64e+05 9.64e+02   1.34269459e+16 -9.82231570e+14  8.55e+10       1s
 Constructing starting basis...
   6   7.64e+04 3.17e+02   6.93951988e+15 -4.14321315e+14  4.20e+10       2s
   7   4.41e+04 1.28e+02   4.36807844e+15 -2.19043557e+14  2.52e+10       3s
   8   2.18e+04 6.31e+01   2.63023897e+15 -1.51889988e+14  1.50e+10       3s
   9   6.91e+03 1.65e+01   1.44817119e+15 -9.32182076e+13  8.10e+09       3s
  10   4.98e+03 6.32e+00   1.19698591e+15 -5.39499753e+13  6.50e+09       3s
  11   2.72e+03 2.80e+00   7.17759785e+14 -1.28279397e+13  3.78e+09       4s
  12   1.98e+03 9.01e-01   6.40272220e+14 -1.28102967e+13  3.36e+09       4s
  13   8.47e+02 4.08e-01   3.64036408e+14  7.29142703e+12  1.84e+09       4s
  14   3.12e+02 1.81e-01   1.89832300e+14  2.21101231e+13  8.66e+08       5s
  15   9.46e+01 6.28e-02   1.35149927e+14  2.74329377e+13  5.55e+08       6s
  16   3.65e+01 3.56e-02   8.06751205e+13  3.23445536e+13  2.50e+08       6s
  17   1.73e+01 1.61e-02   6.32893526e+13  3.55988136e+13  1.43e+08       7s
  18   1.16e+01 7.55e-03   5.62089002e+13  3.73865507e+13  9.62e+07       7s
  19   7.20e+00 2.47e-03   4.99112872e+13  3.85657195e+13  5.75e+07       8s
  20   3.14e+00 1.35e-03   4.39855242e+13  3.88198331e+13  2.61e+07       8s
  21   5.83e-01 1.63e-09   4.19088795e+13  3.89284554e+13  1.50e+07       8s
  22   4.48e-01 1.40e-09   4.17180476e+13  3.89352245e+13  1.40e+07       9s
  23   2.06e-01 6.98e-10   4.06064752e+13  3.90503771e+13  7.82e+06       9s
  24   7.96e-02 4.66e-10   3.99906514e+13  3.90613423e+13  4.67e+06       9s
  25   4.47e-02 2.33e-10   3.97762528e+13  3.91060649e+13  3.37e+06      10s
  26   2.06e-02 2.33e-10   3.95017467e+13  3.91173986e+13  1.93e+06      10s
  27   6.04e-03 2.33e-10   3.93736955e+13  3.91249485e+13  1.25e+06      10s
  28   2.05e-03 2.33e-10   3.92268475e+13  3.91373797e+13  4.50e+05      11s
  29   9.99e-04 2.33e-10   3.91893529e+13  3.91426599e+13  2.35e+05      11s
  30   8.69e-04 2.33e-10   3.91878933e+13  3.91427908e+13  2.27e+05      12s
  31   1.36e-04 2.33e-10   3.91539976e+13  3.91446230e+13  4.71e+04      12s
  32   4.31e-05 2.33e-10   3.91487746e+13  3.91453975e+13  1.70e+04      12s
  33   1.49e-05 2.33e-10   3.91469440e+13  3.91456075e+13  6.72e+03      13s
  34   8.70e-06 2.33e-10   3.91465268e+13  3.91456696e+13  4.31e+03      13s
  35   4.92e-06 2.33e-10   3.91462400e+13  3.91457189e+13  2.62e+03      13s
  36   2.35e-06 2.33e-10   3.91460509e+13  3.91457409e+13  1.56e+03      14s
  37   1.28e-06 2.33e-10   3.91459646e+13  3.91457569e+13  1.04e+03      14s
  38   6.85e-07 2.33e-10   3.91458984e+13  3.91457652e+13  6.69e+02      14s
  39   3.28e-07 2.33e-10   3.91458467e+13  3.91457715e+13  3.78e+02      15s
  40   2.09e-07 2.33e-10   3.91458232e+13  3.91457728e+13  2.53e+02      15s
  41   7.99e-08 2.33e-10   3.91458005e+13  3.91457738e+13  1.34e+02      15s
  42   5.52e-08 4.66e-10   3.91457874e+13  3.91457750e+13  6.25e+01      15s
  43   5.69e-08 2.33e-10   3.91457792e+13  3.91457756e+13  1.81e+01      16s
  44   6.71e-08 2.33e-10   3.91457766e+13  3.91457759e+13  3.50e+00      16s
  45   6.24e-08 2.33e-10   3.91457761e+13  3.91457759e+13  1.04e+00      16s
  46*  6.10e-08 2.33e-10   3.91457760e+13  3.91457759e+13  1.75e-01      16s
Summary
    Runtime:                                            16.30s
    Status interior point solve:                        optimal
    Status crossover:                                   not run
    objective value:                                    3.91457760e+13
    interior solution primal residual (abs/rel):        8.94e-08 / 6.12e-16
    interior solution dual residual (abs/rel):          2.33e-10 / 1.78e-16
    interior solution objective gap (abs/rel):          3.48e+04 / 8.90e-10
Ipx: IPM       optimal
Model   status      : Optimal
IPM       iterations: 46
Objective value     :  3.9145775851e+13
HiGHS run time      :         18.51
Presolving model
119360 rows, 325401 cols, 751762 nonzeros
89258 rows, 198811 cols, 498302 nonzeros
86926 rows, 116886 cols, 334049 nonzeros
86387 rows, 114405 cols, 329050 nonzeros
Presolve : Reductions: rows 86387(-2536868); columns 114405(-1632660); elements 329050(-7886288)
Solving the presolved LP
IPX model has 86387 rows, 114405 columns and 329050 nonzeros
Input
    Number of variables:                                114405
    Number of free variables:                           0
    Number of constraints:                              86387
    Number of equality constraints:                     13681
    Number of matrix entries:                           329050
    Matrix range:                                       [1e-02, 1e+00]
    RHS range:                                          [2e+05, 1e+08]
    Objective range:                                    [2e-04, 1e+06]
    Bounds range:                                       [2e+05, 1e+08]
Preprocessing
    Dualized model:                                     no
    Number of dense columns:                            0
    Range of scaling factors:                           [1.00e+00, 2.00e+00]
IPX version 1.0
Interior Point Solve
 Iter     P.res    D.res            P.obj           D.obj        mu     Time
   0   3.14e+07 1.52e+05   5.14728317e+13 -5.43743648e+16  5.47e+12       0s
   1   8.66e+06 1.04e+05   5.25786052e+16 -4.32340839e+16  3.42e+12       0s
   2   3.28e+06 6.48e+04   7.01890392e+16 -3.40264287e+16  2.55e+12       0s
   3   1.34e+06 1.58e+04   5.25488415e+16 -9.06378807e+15  7.59e+11       0s
   4   3.27e+05 3.33e+03   2.59341629e+16 -2.56583841e+15  2.08e+11       1s
   5   1.10e+05 7.32e+02   1.25954771e+16 -1.02709838e+15  7.74e+10       1s
 Constructing starting basis...
   6   4.67e+04 1.41e+02   6.10763261e+15 -3.35405134e+14  3.50e+10       2s
   7   1.67e+04 5.04e+01   2.43892349e+15 -1.52283472e+14  1.38e+10       3s
   8   2.10e+03 1.21e+01   9.63137902e+14 -9.86467420e+13  5.55e+09       3s
   9   3.43e+02 5.36e+00   2.31923301e+14 -4.64970201e+13  1.49e+09       3s
  10   7.28e+01 1.83e+00   6.49699057e+13 -1.68774518e+13  4.43e+08       3s
  11   1.72e+01 2.84e-01   2.08159078e+13 -3.05453079e+12  1.25e+08       4s
  12   6.21e+00 9.21e-02   8.22468730e+12 -1.04504079e+12  4.82e+07       4s
  13   1.87e+00 2.84e-02   2.99085339e+12 -3.62728589e+11  1.73e+07       5s
  14   9.03e-01 9.68e-03   1.62016578e+12 -1.37390671e+11  8.99e+06       5s
  15   4.65e-01 4.21e-03   9.65679951e+11 -6.95876940e+10  5.27e+06       5s
  16   3.50e-01 2.78e-03   8.36506258e+11 -5.67632393e+10  4.54e+06       6s
  17   2.15e-01 1.50e-03   6.13471656e+11 -3.82451876e+10  3.30e+06       6s
  18   1.19e-01 7.06e-04   3.80174056e+11 -1.95952326e+10  2.02e+06       6s
  19   5.60e-02 4.56e-04   3.06537828e+11 -1.79152311e+10  1.64e+06       6s
  20   2.62e-02 2.14e-04   1.50984822e+11 -6.97113822e+09  7.96e+05       7s
  21   1.84e-02 1.48e-04   1.35534232e+11 -6.03981437e+09  7.13e+05       7s
  22   6.43e-03 7.19e-05   5.62508103e+10 -1.71106725e+09  2.92e+05       7s
  23   2.25e-03 3.26e-05   3.73377466e+10  1.89425904e+07  1.88e+05       8s
  24   7.22e-04 1.81e-05   2.49576167e+10  9.42704693e+08  1.21e+05       8s
  25   1.19e-07 6.89e-06   1.28153675e+10  1.95285502e+09  5.46e+04       8s
  26   5.96e-08 4.59e-06   8.06175690e+09  2.27970828e+09  2.91e+04       9s
  27   5.15e-08 1.62e-06   5.65855287e+09  2.85286652e+09  1.41e+04       9s
  28   7.45e-08 5.49e-07   4.05566380e+09  3.14794317e+09  4.56e+03       9s
  29   6.30e-08 2.05e-07   3.60617541e+09  3.24540340e+09  1.81e+03      10s
  30   4.56e-08 8.27e-08   3.42335629e+09  3.28206168e+09  7.10e+02      10s
  31   9.44e-08 2.51e-08   3.35553945e+09  3.29938722e+09  2.82e+02      10s
  32   4.71e-08 8.85e-09   3.32477093e+09  3.30505157e+09  9.91e+01      10s
  33   1.12e-07 2.33e-09   3.31568441e+09  3.30735020e+09  4.19e+01      11s
  34   4.84e-08 6.98e-10   3.31096910e+09  3.30817101e+09  1.41e+01      11s
  35   4.63e-08 3.49e-10   3.30913580e+09  3.30825672e+09  4.42e+00      11s
  36   9.50e-08 2.33e-10   3.30847134e+09  3.30831249e+09  7.98e-01      11s
  37   1.78e-07 2.33e-10   3.30836695e+09  3.30832974e+09  1.87e-01      12s
  38   1.36e-07 2.33e-10   3.30834038e+09  3.30833380e+09  3.31e-02      12s
  39   8.04e-08 2.33e-10   3.30833503e+09  3.30833471e+09  1.65e-03      12s
  40   6.71e-08 2.33e-10   3.30833483e+09  3.30833478e+09  2.73e-04      12s
  41   1.23e-07 4.66e-10   3.30833479e+09  3.30833479e+09  2.45e-05      13s
  42*  1.00e-07 2.33e-10   3.30833479e+09  3.30833479e+09  4.23e-06      13s
Summary
    Runtime:                                            12.85s
    Status interior point solve:                        optimal
    Status crossover:                                   not run
    objective value:                                    3.30833479e+09
    interior solution primal residual (abs/rel):        1.94e-07 / 1.33e-15
    interior solution dual residual (abs/rel):          2.33e-10 / 1.78e-16
    interior solution objective gap (abs/rel):          7.90e-01 / 2.39e-10
Ipx: IPM       optimal
Model   status      : Optimal
IPM       iterations: 42
Objective value     :  3.3083347895e+09
HiGHS run time      :         15.00
Presolving model
119360 rows, 325401 cols, 751762 nonzeros
89258 rows, 198811 cols, 498302 nonzeros
86926 rows, 116886 cols, 334049 nonzeros
86387 rows, 114405 cols, 329050 nonzeros
Presolve : Reductions: rows 86387(-2544383); columns 114405(-1632660); elements 329050(-7893803)
Solving the presolved LP
IPX model has 86387 rows, 114405 columns and 329050 nonzeros
Input
    Number of variables:                                114405
    Number of free variables:                           0
    Number of constraints:                              86387
    Number of equality constraints:                     13681
    Number of matrix entries:                           329050
    Matrix range:                                       [1e-02, 1e+00]
    RHS range:                                          [2e+05, 1e+08]
    Objective range:                                    [2e-04, 1e+06]
    Bounds range:                                       [2e+05, 1e+08]
Preprocessing
    Dualized model:                                     no
    Number of dense columns:                            0
    Range of scaling factors:                           [1.00e+00, 2.00e+00]
IPX version 1.0
Interior Point Solve
 Iter     P.res    D.res            P.obj           D.obj        mu     Time
   0   3.14e+07 1.50e+05   5.24873032e+13 -5.37041407e+16  5.41e+12       0s
   1   8.61e+06 1.03e+05   5.26670457e+16 -4.26709805e+16  3.37e+12       0s
   2   3.27e+06 6.40e+04   7.00049508e+16 -3.35612914e+16  2.52e+12       0s
   3   1.34e+06 1.57e+04   5.23368557e+16 -8.95132185e+15  7.51e+11       0s
   4   3.64e+05 3.27e+03   2.67121269e+16 -2.50738879e+15  2.13e+11       1s
   5   1.31e+05 9.28e+02   1.26089599e+16 -1.02288246e+15  8.04e+10       1s
 Constructing starting basis...
   6   5.19e+04 1.86e+02   5.78834097e+15 -3.33469257e+14  3.39e+10       2s
   7   1.84e+04 7.74e+01   2.35801423e+15 -1.71537801e+14  1.37e+10       3s
   8   2.51e+03 1.95e+01   1.10820488e+15 -1.14687863e+14  6.44e+09       3s
   9   5.19e+02 8.41e+00   2.94312444e+14 -5.03529473e+13  1.85e+09       3s
  10   1.53e+02 2.15e+00   1.12201744e+14 -1.58775417e+13  6.76e+08       3s
  11   3.06e+01 3.33e-01   2.80418363e+13 -2.94023887e+12  1.61e+08       4s
  12   1.41e+01 1.25e-01   1.42751388e+13 -1.24155215e+12  8.01e+07       4s
  13   4.11e+00 2.68e-02   4.44192237e+12 -2.84218538e+11  2.42e+07       4s
  14   1.43e+00 9.54e-03   1.71692134e+12 -1.11667156e+11  9.33e+06       5s
  15   1.05e+00 7.50e-04   1.39307607e+12 -4.32993092e+10  7.25e+06       5s
  16   6.43e-01 4.58e-04   1.16214537e+12 -4.88100763e+10  6.11e+06       5s
  17   1.53e-01 1.53e-04   5.44052284e+11 -3.18536029e+10  2.90e+06       6s
  18   4.62e-02 2.22e-05   2.29518297e+11 -7.62726970e+09  1.19e+06       6s
  19   1.02e-02 4.38e-06   9.30294486e+10 -2.22314216e+09  4.79e+05       6s
  20   4.97e-03 1.80e-06   5.58912847e+10 -1.37626581e+06  2.81e+05       6s
  21   9.24e-04 5.97e-07   2.31248638e+10  1.34960981e+09  1.09e+05       7s
  22   1.45e-04 2.61e-07   1.18270993e+10  2.00143969e+09  4.94e+04       7s
  23   3.66e-05 7.57e-08   5.64213125e+09  2.68560585e+09  1.49e+04       7s
  24   1.34e-05 2.89e-08   4.05098953e+09  2.88440752e+09  5.86e+03       8s
  25   4.20e-06 1.33e-08   3.41344155e+09  2.95261966e+09  2.32e+03       8s
  26   1.16e-06 5.59e-09   3.14727240e+09  2.98989729e+09  7.91e+02       8s
  27   3.87e-07 2.10e-09   3.07129416e+09  3.00855989e+09  3.15e+02       9s
  28   1.49e-07 6.98e-10   3.04279908e+09  3.01484456e+09  1.40e+02       9s
  29   5.96e-08 4.66e-10   3.02525324e+09  3.01755083e+09  3.87e+01       9s
  30   7.82e-08 2.33e-10   3.02000554e+09  3.01853463e+09  7.39e+00       9s
  31   5.08e-08 2.33e-10   3.01894066e+09  3.01872331e+09  1.09e+00      10s
  32   1.27e-07 2.33e-10   3.01880332e+09  3.01875801e+09  2.28e-01      10s
  33   5.33e-08 2.33e-10   3.01878395e+09  3.01877373e+09  5.13e-02      10s
  34   4.45e-08 2.33e-10   3.01877582e+09  3.01877448e+09  6.70e-03      10s
  35   1.03e-07 2.33e-10   3.01877479e+09  3.01877466e+09  6.51e-04      10s
  36   1.27e-07 2.33e-10   3.01877467e+09  3.01877467e+09  2.26e-05      11s
  37*  1.27e-07 2.33e-10   3.01877467e+09  3.01877467e+09  2.85e-06      11s
Summary
    Runtime:                                            10.95s
    Status interior point solve:                        optimal
    Status crossover:                                   not run
    objective value:                                    3.01877467e+09
    interior solution primal residual (abs/rel):        8.94e-08 / 6.12e-16
    interior solution dual residual (abs/rel):          2.33e-10 / 1.78e-16
    interior solution objective gap (abs/rel):          5.25e-01 / 1.74e-10
Ipx: IPM       optimal
Model   status      : Optimal
IPM       iterations: 37
Objective value     :  3.0187746700e+09
HiGHS run time      :         13.09
Presolving model
119360 rows, 325401 cols, 751762 nonzeros
89258 rows, 198811 cols, 498302 nonzeros
86926 rows, 116886 cols, 334049 nonzeros
86387 rows, 114405 cols, 329050 nonzeros
Presolve : Reductions: rows 86387(-2551898); columns 114405(-1632660); elements 329050(-7901318)
Solving the presolved LP
IPX model has 86387 rows, 114405 columns and 329050 nonzeros
Input
    Number of variables:                                114405
    Number of free variables:                           0
    Number of constraints:                              86387
    Number of equality constraints:                     13681
    Number of matrix entries:                           329050
    Matrix range:                                       [1e-02, 1e+00]
    RHS range:                                          [2e+05, 1e+08]
    Objective range:                                    [2e-04, 1e+06]
    Bounds range:                                       [2e+05, 1e+08]
Preprocessing
    Dualized model:                                     no
    Number of dense columns:                            0
    Range of scaling factors:                           [1.00e+00, 2.00e+00]
IPX version 1.0
Interior Point Solve
 Iter     P.res    D.res            P.obj           D.obj        mu     Time
   0   3.14e+07 1.47e+05   5.25904378e+13 -5.25297117e+16  5.30e+12       0s
   1   8.61e+06 1.01e+05   5.22247297e+16 -4.17164267e+16  3.30e+12       0s
   2   3.27e+06 6.28e+04   6.93013173e+16 -3.28291248e+16  2.46e+12       0s
   3   1.36e+06 1.54e+04   5.19280685e+16 -8.76818395e+15  7.41e+11       0s
   4   3.92e+05 3.12e+03   2.70259811e+16 -2.42802571e+15  2.13e+11       1s
   5   1.50e+05 9.70e+02   1.28618290e+16 -1.00894707e+15  8.28e+10       1s
 Constructing starting basis...
   6   5.83e+04 2.08e+02   5.76322873e+15 -3.35989671e+14  3.41e+10       2s
   7   2.04e+04 8.39e+01   2.35886270e+15 -1.72952430e+14  1.38e+10       3s
   8   2.57e+03 2.08e+01   1.11708513e+15 -1.16887795e+14  6.51e+09       3s
   9   4.92e+02 8.88e+00   2.86108946e+14 -5.10710201e+13  1.82e+09       3s
  10   1.43e+02 2.17e+00   1.09379976e+14 -1.56132013e+13  6.60e+08       4s
  11   3.36e+01 3.44e-01   3.07966240e+13 -2.92868105e+12  1.75e+08       4s
  12   1.35e+01 1.38e-01   1.36789893e+13 -1.29065277e+12  7.74e+07       4s
  13   3.15e+00 2.79e-02   3.55869922e+12 -2.84393661e+11  1.97e+07       4s
  14   1.61e+00 1.29e-02   1.95349069e+12 -1.41770781e+11  1.07e+07       5s
  15   1.04e+00 4.48e-03   1.32179864e+12 -5.51221048e+10  6.99e+06       5s
  16   4.28e-01 1.46e-03   8.48425906e+11 -4.27283089e+10  4.51e+06       5s
  17   1.06e-01 5.68e-04   4.84900822e+11 -3.16189695e+10  2.61e+06       6s
  18   3.96e-02 9.91e-05   2.13736595e+11 -5.84170328e+09  1.11e+06       6s
  19   1.45e-02 3.56e-05   1.06481145e+11 -2.25273196e+09  5.47e+05       6s
  20   3.04e-03 3.03e-06   5.13959563e+10  1.94377397e+08  2.57e+05       7s
  21   7.64e-04 9.13e-07   2.03326836e+10  1.78394436e+09  9.32e+04       7s
  22   1.63e-04 4.08e-07   1.01617632e+10  2.28935811e+09  3.96e+04       7s
  23   3.36e-05 1.34e-07   4.82040077e+09  2.76881925e+09  1.03e+04       7s
  24   1.05e-05 5.01e-08   3.72091328e+09  2.92970940e+09  3.98e+03       8s
  25   2.21e-06 1.77e-08   3.27577033e+09  2.99548864e+09  1.41e+03       8s
  26   6.26e-07 5.36e-09   3.12344097e+09  3.02612479e+09  4.89e+02       8s
  27   1.49e-07 2.33e-09   3.07295576e+09  3.03410863e+09  1.95e+02       9s
  28   7.45e-08 9.31e-10   3.05554212e+09  3.03825175e+09  8.69e+01       9s
  29   6.68e-08 4.66e-10   3.04730186e+09  3.04042105e+09  3.46e+01       9s
  30   5.96e-08 2.33e-10   3.04289439e+09  3.04079111e+09  1.06e+01      10s
  31   4.13e-08 2.33e-10   3.04133818e+09  3.04096076e+09  1.90e+00      10s
  32   4.44e-08 2.33e-10   3.04112343e+09  3.04099942e+09  6.23e-01      10s
  33   6.30e-08 2.33e-10   3.04105316e+09  3.04103027e+09  1.15e-01      10s
  34   5.09e-08 4.66e-10   3.04103955e+09  3.04103483e+09  2.37e-02      10s
  35   8.94e-08 2.33e-10   3.04103725e+09  3.04103499e+09  1.13e-02      11s
  36   7.77e-08 2.33e-10   3.04103603e+09  3.04103505e+09  4.91e-03      11s
  37   7.76e-08 4.66e-10   3.04103514e+09  3.04103507e+09  3.52e-04      11s
  38   2.38e-07 2.33e-10   3.04103508e+09  3.04103507e+09  3.94e-05      11s
  39*  3.58e-07 2.33e-10   3.04103507e+09  3.04103507e+09  6.60e-06      11s
Summary
    Runtime:                                            11.45s
    Status interior point solve:                        optimal
    Status crossover:                                   not run
    objective value:                                    3.04103507e+09
    interior solution primal residual (abs/rel):        4.77e-07 / 3.27e-15
    interior solution dual residual (abs/rel):          2.33e-10 / 1.78e-16
    interior solution objective gap (abs/rel):          1.31e+00 / 4.29e-10
Ipx: IPM       optimal
Model   status      : Optimal
IPM       iterations: 39
Objective value     :  3.0410350730e+09
HiGHS run time      :         14.10
Presolving model
119360 rows, 325401 cols, 751762 nonzeros
89258 rows, 198811 cols, 498302 nonzeros
86926 rows, 116886 cols, 334049 nonzeros
86387 rows, 114405 cols, 329050 nonzeros
Presolve : Reductions: rows 86387(-2559413); columns 114405(-1632660); elements 329050(-7908833)
Solving the presolved LP
IPX model has 86387 rows, 114405 columns and 329050 nonzeros
Input
    Number of variables:                                114405
    Number of free variables:                           0
    Number of constraints:                              86387
    Number of equality constraints:                     13681
    Number of matrix entries:                           329050
    Matrix range:                                       [1e-02, 1e+00]
    RHS range:                                          [2e+05, 1e+08]
    Objective range:                                    [2e-04, 1e+06]
    Bounds range:                                       [2e+05, 1e+08]
Preprocessing
    Dualized model:                                     no
    Number of dense columns:                            0
    Range of scaling factors:                           [1.00e+00, 2.00e+00]
IPX version 1.0
Interior Point Solve
 Iter     P.res    D.res            P.obj           D.obj        mu     Time
   0   3.14e+07 1.47e+05   5.25908628e+13 -5.25098793e+16  5.30e+12       0s
   1   8.61e+06 1.01e+05   5.22175857e+16 -4.17002333e+16  3.30e+12       0s
   2   3.27e+06 6.27e+04   6.92898968e+16 -3.28166385e+16  2.46e+12       0s
   3   1.36e+06 1.54e+04   5.19164732e+16 -8.76464202e+15  7.40e+11       0s
   4   3.92e+05 3.12e+03   2.70255247e+16 -2.42689216e+15  2.12e+11       1s
   5   1.50e+05 9.70e+02   1.28644932e+16 -1.00854679e+15  8.28e+10       1s
 Constructing starting basis...
   6   5.94e+04 2.14e+02   5.81943048e+15 -3.37908608e+14  3.45e+10       2s
   7   2.05e+04 8.54e+01   2.35603887e+15 -1.72736941e+14  1.38e+10       3s
   8   2.71e+03 2.18e+01   1.15697138e+15 -1.20496188e+14  6.74e+09       3s
   9   4.84e+02 9.55e+00   2.72337700e+14 -5.30756468e+13  1.76e+09       3s
  10   1.36e+02 2.55e+00   1.03168833e+14 -1.72001670e+13  6.41e+08       3s
  11   3.25e+01 3.73e-01   3.05637170e+13 -3.06151219e+12  1.75e+08       4s
  12   1.42e+01 1.50e-01   1.43994508e+13 -1.32713569e+12  8.13e+07       4s
  13   2.92e+00 2.91e-02   3.36467683e+12 -2.83849013e+11  1.88e+07       4s
  14   1.44e+00 1.51e-02   1.79965997e+12 -1.55680380e+11  1.00e+07       5s
  15   9.19e-01 4.66e-03   1.26768999e+12 -6.32727858e+10  6.76e+06       5s
  16   3.92e-01 1.42e-03   8.11281542e+11 -4.24468761e+10  4.32e+06       5s
  17   7.16e-02 5.60e-04   4.02970959e+11 -2.90394957e+10  2.18e+06       6s
  18   2.99e-02 9.82e-05   1.95567984e+11 -5.11720157e+09  1.01e+06       6s
  19   1.39e-02 2.57e-05   1.12601631e+11 -1.29901710e+09  5.73e+05       6s
  20   5.27e-03 5.58e-06   6.50903431e+10  6.95350801e+07  3.27e+05       6s
  21   1.34e-03 1.45e-06   2.60678159e+10  1.67197599e+09  1.23e+05       7s
  22   1.73e-04 6.49e-07   9.76149636e+09  2.23780106e+09  3.78e+04       7s
  23   3.70e-05 2.37e-07   4.87059051e+09  2.71367629e+09  1.08e+04       7s
  24   1.10e-05 9.08e-08   3.68105203e+09  2.90225685e+09  3.91e+03       8s
  25   2.38e-06 3.52e-08   3.27351219e+09  2.97580381e+09  1.50e+03       8s
  26   8.05e-07 1.23e-08   3.12439187e+09  3.01191825e+09  5.65e+02       8s
  27   2.38e-07 5.36e-09   3.06894099e+09  3.02335817e+09  2.29e+02       9s
  28   8.94e-08 1.40e-09   3.04553533e+09  3.03042536e+09  7.59e+01       9s
  29   5.97e-08 5.82e-10   3.03937156e+09  3.03217663e+09  3.62e+01       9s
  30   4.29e-08 2.33e-10   3.03535643e+09  3.03262614e+09  1.37e+01       9s
  31   1.12e-07 2.33e-10   3.03352594e+09  3.03280855e+09  3.61e+00      10s
  32   7.19e-08 2.33e-10   3.03310424e+09  3.03286911e+09  1.18e+00      10s
  33   6.37e-08 2.33e-10   3.03291511e+09  3.03287732e+09  1.90e-01      10s
  34   5.27e-08 3.49e-10   3.03288319e+09  3.03287950e+09  1.85e-02      10s
  35   5.96e-08 2.33e-10   3.03288125e+09  3.03287972e+09  7.72e-03      10s
  36   4.35e-08 2.33e-10   3.03288119e+09  3.03287972e+09  7.41e-03      11s
  37   7.37e-08 4.66e-10   3.03288007e+09  3.03287976e+09  1.52e-03      11s
  38   1.01e-07 2.33e-10   3.03287983e+09  3.03287978e+09  2.70e-04      11s
  39   1.64e-07 2.33e-10   3.03287978e+09  3.03287978e+09  2.19e-05      11s
  40*  7.44e-08 2.33e-10   3.03287978e+09  3.03287978e+09  1.75e-06      11s
Summary
    Runtime:                                            11.24s
    Status interior point solve:                        optimal
    Status crossover:                                   not run
    objective value:                                    3.03287978e+09
    interior solution primal residual (abs/rel):        1.04e-07 / 7.14e-16
    interior solution dual residual (abs/rel):          2.33e-10 / 1.78e-16
    interior solution objective gap (abs/rel):          3.34e-01 / 1.10e-10
Ipx: IPM       optimal
Model   status      : Optimal
IPM       iterations: 40
Objective value     :  3.0328797781e+09
HiGHS run time      :         13.74
Presolving model
119360 rows, 325401 cols, 751762 nonzeros
89258 rows, 198811 cols, 498302 nonzeros
86926 rows, 116886 cols, 334049 nonzeros
86387 rows, 114405 cols, 329050 nonzeros
Presolve : Reductions: rows 86387(-2566928); columns 114405(-1632660); elements 329050(-7916348)
Solving the presolved LP
IPX model has 86387 rows, 114405 columns and 329050 nonzeros
Input
    Number of variables:                                114405
    Number of free variables:                           0
    Number of constraints:                              86387
    Number of equality constraints:                     13681
    Number of matrix entries:                           329050
    Matrix range:                                       [1e-02, 1e+00]
    RHS range:                                          [2e+05, 1e+08]
    Objective range:                                    [2e-04, 1e+06]
    Bounds range:                                       [2e+05, 1e+08]
Preprocessing
    Dualized model:                                     no
    Number of dense columns:                            0
    Range of scaling factors:                           [1.00e+00, 2.00e+00]
IPX version 1.0
Interior Point Solve
 Iter     P.res    D.res            P.obj           D.obj        mu     Time
   0   3.14e+07 1.47e+05   5.25908628e+13 -5.25098793e+16  5.30e+12       0s
   1   8.61e+06 1.01e+05   5.22175857e+16 -4.17002333e+16  3.30e+12       0s
   2   3.27e+06 6.27e+04   6.92898968e+16 -3.28166385e+16  2.46e+12       0s
   3   1.36e+06 1.54e+04   5.19164732e+16 -8.76464202e+15  7.40e+11       0s
   4   3.92e+05 3.12e+03   2.70255247e+16 -2.42689216e+15  2.12e+11       1s
   5   1.50e+05 9.70e+02   1.28644932e+16 -1.00854679e+15  8.28e+10       1s
 Constructing starting basis...
   6   5.94e+04 2.14e+02   5.81943048e+15 -3.37908608e+14  3.45e+10       2s
   7   2.05e+04 8.54e+01   2.35603887e+15 -1.72736941e+14  1.38e+10       3s
   8   2.71e+03 2.18e+01   1.15697138e+15 -1.20496188e+14  6.74e+09       3s
   9   4.84e+02 9.55e+00   2.72337700e+14 -5.30756468e+13  1.76e+09       3s
  10   1.36e+02 2.55e+00   1.03168833e+14 -1.72001670e+13  6.41e+08       3s
  11   3.25e+01 3.73e-01   3.05637170e+13 -3.06151219e+12  1.75e+08       4s
  12   1.42e+01 1.50e-01   1.43994508e+13 -1.32713569e+12  8.13e+07       4s
  13   2.92e+00 2.91e-02   3.36467683e+12 -2.83849013e+11  1.88e+07       4s
  14   1.44e+00 1.51e-02   1.79965997e+12 -1.55680380e+11  1.00e+07       5s
  15   9.19e-01 4.66e-03   1.26768999e+12 -6.32727858e+10  6.76e+06       5s
  16   3.92e-01 1.42e-03   8.11281542e+11 -4.24468761e+10  4.32e+06       5s
  17   7.16e-02 5.60e-04   4.02970959e+11 -2.90394957e+10  2.18e+06       6s
  18   2.99e-02 9.82e-05   1.95567984e+11 -5.11720157e+09  1.01e+06       6s
  19   1.39e-02 2.57e-05   1.12601631e+11 -1.29901710e+09  5.73e+05       6s
  20   5.27e-03 5.58e-06   6.50903431e+10  6.95350801e+07  3.27e+05       6s
  21   1.34e-03 1.45e-06   2.60678159e+10  1.67197599e+09  1.23e+05       7s
  22   1.73e-04 6.49e-07   9.76149636e+09  2.23780106e+09  3.78e+04       7s
  23   3.70e-05 2.37e-07   4.87059051e+09  2.71367629e+09  1.08e+04       7s
  24   1.10e-05 9.08e-08   3.68105203e+09  2.90225685e+09  3.91e+03       8s
  25   2.38e-06 3.52e-08   3.27351219e+09  2.97580381e+09  1.50e+03       8s
  26   8.05e-07 1.23e-08   3.12439187e+09  3.01191825e+09  5.65e+02       8s
  27   2.38e-07 5.36e-09   3.06894099e+09  3.02335817e+09  2.29e+02       9s
  28   8.94e-08 1.40e-09   3.04553533e+09  3.03042536e+09  7.59e+01       9s
  29   5.97e-08 5.82e-10   3.03937156e+09  3.03217663e+09  3.62e+01       9s
  30   4.29e-08 2.33e-10   3.03535643e+09  3.03262614e+09  1.37e+01       9s
  31   1.12e-07 2.33e-10   3.03352594e+09  3.03280855e+09  3.61e+00      10s
  32   7.19e-08 2.33e-10   3.03310424e+09  3.03286911e+09  1.18e+00      10s
  33   6.37e-08 2.33e-10   3.03291511e+09  3.03287732e+09  1.90e-01      10s
  34   5.27e-08 3.49e-10   3.03288319e+09  3.03287950e+09  1.85e-02      10s
  35   5.96e-08 2.33e-10   3.03288125e+09  3.03287972e+09  7.72e-03      10s
  36   4.35e-08 2.33e-10   3.03288119e+09  3.03287972e+09  7.41e-03      11s
  37   7.37e-08 4.66e-10   3.03288007e+09  3.03287976e+09  1.52e-03      11s
  38   1.01e-07 2.33e-10   3.03287983e+09  3.03287978e+09  2.70e-04      11s
  39   1.64e-07 2.33e-10   3.03287978e+09  3.03287978e+09  2.19e-05      11s
  40*  7.44e-08 2.33e-10   3.03287978e+09  3.03287978e+09  1.75e-06      11s
Summary
    Runtime:                                            11.24s
    Status interior point solve:                        optimal
    Status crossover:                                   not run
    objective value:                                    3.03287978e+09
    interior solution primal residual (abs/rel):        1.04e-07 / 7.14e-16
    interior solution dual residual (abs/rel):          2.33e-10 / 1.78e-16
    interior solution objective gap (abs/rel):          3.34e-01 / 1.10e-10
Ipx: IPM       optimal
Model   status      : Optimal
IPM       iterations: 40
Objective value     :  3.0328797781e+09
HiGHS run time      :         13.90
[ Info: Rolling step not specified in scenaio.yaml file; Setting it to 5 years
[ Info: Demand-pathway mapping not specified in scenaio.yaml file; SERA will not look for eligible pathways for different demand types.
[ Info: Production capacity constraints from the grid model not defined. SERA will not create these constraints
[ Info: Regional technology limits not specified in scenaio.yaml file; SERA will not create these constraints
STARTING DATA PRE-PROCESSING 
Processing Temporal Data
Processing Nodes
Processing Demand
Processing Existings
Processing Links
Processing Pathways
Creating Infrastructure options
 15.294849 seconds (99.59 M allocations: 11.636 GiB, 26.71% gc time, 0.56% compilation time)

OPTIMIZING FROM 2026 TO 2030 

STARTING OPTIMIZATION MODEL CREATION
CREATING VARIABLES AND EXPRESSIONS
 22.380306 seconds (140.41 M allocations: 8.644 GiB, 46.92% gc time, 24.21% compilation time)
POPULATING EXPRESSIONS
 12.808390 seconds (56.61 M allocations: 8.762 GiB, 7.74% gc time, 1.44% compilation time)
CREATING CONSTRAINTS
 21.951563 seconds (87.85 M allocations: 4.882 GiB, 57.21% gc time, 17.75% compilation time)
POPULATED CORE OPTIMIZATION MODEL, STARTING ITERATIONS
READING COST DATA FOR ITERATION 1
 18.561129 seconds (58.92 M allocations: 5.747 GiB, 27.81% gc time, 2.23% compilation time)
CREATING EXPRESSIONS FOR CAPITAL AND FIXED COST
 31.230181 seconds (32.70 M allocations: 2.051 GiB, 87.86% gc time, 12.60% compilation time)
BUILDING OBJECTIVE FUNCTION
  3.062244 seconds (20.05 M allocations: 669.035 MiB, 14.30% gc time, 27.99% compilation time)
Optimizing for iteration 1
 48.844958 seconds (28.65 M allocations: 2.744 GiB, 59.82% gc time, 0.07% compilation time)
OPTIMAL
1.6614635410477831e9
 =  1.0
READING COST DATA FOR ITERATION 2
109.908360 seconds (47.78 M allocations: 5.545 GiB, 23.66% gc time, 0.03% compilation time)
CREATING EXPRESSIONS FOR CAPITAL AND FIXED COST
 17.011792 seconds (31.04 M allocations: 1.942 GiB, 87.20% gc time, 0.03% compilation time)
BUILDING OBJECTIVE FUNCTION
  2.293451 seconds (19.39 M allocations: 643.755 MiB, 18.45% gc time)
Optimizing for iteration 2
 11.037461 seconds (5 allocations: 32 bytes)
OPTIMAL
1.4986518150356617e9
 =  0.10863879413394077
READING COST DATA FOR ITERATION 3
113.034195 seconds (47.73 M allocations: 5.486 GiB, 26.23% gc time)
CREATING EXPRESSIONS FOR CAPITAL AND FIXED COST
 16.786893 seconds (31.04 M allocations: 1.942 GiB, 86.66% gc time)
BUILDING OBJECTIVE FUNCTION
  2.181975 seconds (19.39 M allocations: 643.755 MiB, 16.01% gc time)
Optimizing for iteration 3
 10.680579 seconds (2 allocations: 32 bytes)
OPTIMAL
1.2993766028350468e9
 =  0.15336216749264467
READING COST DATA FOR ITERATION 4
113.567004 seconds (47.72 M allocations: 5.502 GiB, 26.49% gc time)
CREATING EXPRESSIONS FOR CAPITAL AND FIXED COST
 16.876173 seconds (31.04 M allocations: 1.942 GiB, 87.08% gc time)
BUILDING OBJECTIVE FUNCTION
  2.091223 seconds (19.39 M allocations: 643.755 MiB, 14.56% gc time)
Optimizing for iteration 4
 10.888286 seconds (2 allocations: 32 bytes)
OPTIMAL
1.2354002076236055e9
 =  0.05178596767037476
READING COST DATA FOR ITERATION 5
113.864341 seconds (47.71 M allocations: 5.541 GiB, 26.70% gc time)
CREATING EXPRESSIONS FOR CAPITAL AND FIXED COST
 17.105368 seconds (31.04 M allocations: 1.942 GiB, 86.96% gc time)
BUILDING OBJECTIVE FUNCTION
  2.114570 seconds (19.39 M allocations: 643.755 MiB, 14.79% gc time)
Optimizing for iteration 5
 10.929562 seconds (2 allocations: 32 bytes)
OPTIMAL
1.2334323497532904e9
 =  0.0015954323483601787
READING COST DATA FOR ITERATION 6
114.091284 seconds (47.71 M allocations: 5.509 GiB, 26.99% gc time)
CREATING EXPRESSIONS FOR CAPITAL AND FIXED COST
 17.222280 seconds (31.04 M allocations: 1.942 GiB, 87.15% gc time)
BUILDING OBJECTIVE FUNCTION
  2.085421 seconds (19.39 M allocations: 643.755 MiB, 13.91% gc time)
Optimizing for iteration 6
 11.294915 seconds (2 allocations: 32 bytes)
OPTIMAL
1.2334323497532904e9
 =  0.0
ITERATIONS COMPLETED
WRITING RESULTS TO FILE
  5.251710 seconds (7.66 M allocations: 343.252 MiB, 76.36% gc time, 11.96% compilation time)

OPTIMIZING FROM 2031 TO 2035 

STARTING OPTIMIZATION MODEL CREATION
CREATING VARIABLES AND EXPRESSIONS
131.164853 seconds (131.46 M allocations: 8.078 GiB, 93.98% gc time, 0.15% compilation time)
POPULATING EXPRESSIONS
 17.453925 seconds (56.43 M allocations: 8.756 GiB, 35.25% gc time)
CREATING CONSTRAINTS
 51.935390 seconds (85.13 M allocations: 4.703 GiB, 83.01% gc time)
POPULATED CORE OPTIMIZATION MODEL, STARTING ITERATIONS
READING COST DATA FOR ITERATION 1
 57.989252 seconds (47.63 M allocations: 5.515 GiB, 78.34% gc time)
CREATING EXPRESSIONS FOR CAPITAL AND FIXED COST
 23.491589 seconds (31.00 M allocations: 1.941 GiB, 91.51% gc time)
BUILDING OBJECTIVE FUNCTION
  1.961266 seconds (19.39 M allocations: 621.176 MiB, 14.80% gc time)
Optimizing for iteration 1
 73.885056 seconds (28.64 M allocations: 2.743 GiB, 69.48% gc time)
OPTIMAL
3.88555450560706e13
 =  1.0
READING COST DATA FOR ITERATION 2
129.778904 seconds (47.79 M allocations: 5.535 GiB, 35.28% gc time)
CREATING EXPRESSIONS FOR CAPITAL AND FIXED COST
 32.637984 seconds (31.04 M allocations: 1.942 GiB, 93.45% gc time)
BUILDING OBJECTIVE FUNCTION
  2.295830 seconds (19.39 M allocations: 643.770 MiB, 19.78% gc time)
Optimizing for iteration 2
 13.150662 seconds (5 allocations: 32 bytes)
OPTIMAL
3.2898096077723947e9
 =  11809.87956101515
READING COST DATA FOR ITERATION 3
135.919551 seconds (47.76 M allocations: 5.503 GiB, 38.25% gc time)
CREATING EXPRESSIONS FOR CAPITAL AND FIXED COST
 26.249612 seconds (31.04 M allocations: 1.942 GiB, 92.07% gc time)
BUILDING OBJECTIVE FUNCTION
  2.094810 seconds (19.39 M allocations: 643.770 MiB, 15.51% gc time)
Optimizing for iteration 3
 12.375675 seconds (2 allocations: 32 bytes)
OPTIMAL
2.526653642936973e9
 =  0.30204217620750806
READING COST DATA FOR ITERATION 4
136.424121 seconds (47.76 M allocations: 5.598 GiB, 38.67% gc time)
CREATING EXPRESSIONS FOR CAPITAL AND FIXED COST
 26.481524 seconds (31.04 M allocations: 1.942 GiB, 92.21% gc time)
BUILDING OBJECTIVE FUNCTION
  2.054626 seconds (19.39 M allocations: 643.770 MiB, 15.25% gc time)
Optimizing for iteration 4
 12.909502 seconds (2 allocations: 32 bytes)
OPTIMAL
2.5113006421169667e9
 =  0.006113565441635614
READING COST DATA FOR ITERATION 5
136.585385 seconds (47.76 M allocations: 5.486 GiB, 38.86% gc time)
CREATING EXPRESSIONS FOR CAPITAL AND FIXED COST
 26.663552 seconds (31.04 M allocations: 1.942 GiB, 92.18% gc time)
BUILDING OBJECTIVE FUNCTION
  2.130442 seconds (19.39 M allocations: 643.770 MiB, 15.77% gc time)
Optimizing for iteration 5
 12.647222 seconds (2 allocations: 32 bytes)
OPTIMAL
2.509552664096303e9
 =  0.0006965297230088771
ITERATIONS COMPLETED
WRITING RESULTS TO FILE
  8.745884 seconds (13.44 M allocations: 603.051 MiB, 77.05% gc time, 9.39% compilation time)

OPTIMIZING FROM 2036 TO 2040 

STARTING OPTIMIZATION MODEL CREATION
CREATING VARIABLES AND EXPRESSIONS
189.290716 seconds (131.20 M allocations: 8.032 GiB, 96.21% gc time)
POPULATING EXPRESSIONS
 19.932232 seconds (56.46 M allocations: 8.769 GiB, 43.08% gc time)
CREATING CONSTRAINTS
 55.291191 seconds (85.14 M allocations: 4.705 GiB, 83.78% gc time, 0.01% compilation time)
POPULATED CORE OPTIMIZATION MODEL, STARTING ITERATIONS
READING COST DATA FOR ITERATION 1
 61.012660 seconds (47.63 M allocations: 5.482 GiB, 79.30% gc time)
CREATING EXPRESSIONS FOR CAPITAL AND FIXED COST
 24.866619 seconds (31.14 M allocations: 1.947 GiB, 91.17% gc time, 0.24% compilation time)
BUILDING OBJECTIVE FUNCTION
  2.381859 seconds (19.39 M allocations: 621.192 MiB, 22.31% gc time)
Optimizing for iteration 1
 74.117293 seconds (29.65 M allocations: 2.759 GiB, 64.98% gc time)
OPTIMAL
3.9145775851337414e13
 =  1.0
READING COST DATA FOR ITERATION 2
137.798455 seconds (47.83 M allocations: 5.488 GiB, 39.25% gc time)
CREATING EXPRESSIONS FOR CAPITAL AND FIXED COST
 27.409259 seconds (31.15 M allocations: 1.945 GiB, 91.76% gc time)
BUILDING OBJECTIVE FUNCTION
  2.602704 seconds (19.39 M allocations: 643.788 MiB, 23.22% gc time)
Optimizing for iteration 2
 15.035432 seconds (5 allocations: 32 bytes)
OPTIMAL
3.308334789520122e9
 =  11831.471119713748
READING COST DATA FOR ITERATION 3
138.104249 seconds (47.81 M allocations: 5.504 GiB, 39.40% gc time)
CREATING EXPRESSIONS FOR CAPITAL AND FIXED COST
 27.593799 seconds (31.15 M allocations: 1.945 GiB, 91.55% gc time)
BUILDING OBJECTIVE FUNCTION
  2.520841 seconds (19.39 M allocations: 643.788 MiB, 21.83% gc time)
Optimizing for iteration 3
 13.118855 seconds (2 allocations: 32 bytes)
OPTIMAL
3.018774670007401e9
 =  0.09591975260317576
READING COST DATA FOR ITERATION 4
138.980671 seconds (47.80 M allocations: 5.583 GiB, 39.40% gc time)
CREATING EXPRESSIONS FOR CAPITAL AND FIXED COST
 28.422919 seconds (31.15 M allocations: 1.945 GiB, 91.86% gc time)
BUILDING OBJECTIVE FUNCTION
  2.510959 seconds (19.39 M allocations: 643.788 MiB, 21.06% gc time)
Optimizing for iteration 4
 14.123495 seconds (2 allocations: 32 bytes)
OPTIMAL
3.041035073005257e9
 =  0.007320008636195067
READING COST DATA FOR ITERATION 5
138.706542 seconds (47.80 M allocations: 5.487 GiB, 39.57% gc time)
CREATING EXPRESSIONS FOR CAPITAL AND FIXED COST
 27.745704 seconds (31.15 M allocations: 1.945 GiB, 91.66% gc time)
BUILDING OBJECTIVE FUNCTION
  2.527755 seconds (19.39 M allocations: 643.788 MiB, 21.71% gc time)
Optimizing for iteration 5
 13.761856 seconds (2 allocations: 32 bytes)
OPTIMAL
3.0328797781318016e9
 =  0.0026889608128659727
READING COST DATA FOR ITERATION 6
138.943503 seconds (47.80 M allocations: 5.487 GiB, 39.60% gc time)
CREATING EXPRESSIONS FOR CAPITAL AND FIXED COST
 27.742109 seconds (31.15 M allocations: 1.945 GiB, 91.64% gc time)
BUILDING OBJECTIVE FUNCTION
  2.542213 seconds (19.39 M allocations: 643.788 MiB, 21.95% gc time)
Optimizing for iteration 6
 13.922678 seconds (2 allocations: 32 bytes)
OPTIMAL
3.0328797781318016e9
 =  0.0
ITERATIONS COMPLETED
WRITING RESULTS TO FILE
  9.112879 seconds (17.67 M allocations: 748.999 MiB, 78.75% gc time)

THE OPTIMIZATION PROBLEM TOOK 56.76 MINUTES TO SOLVE. 
