Running HiGHS 1.6.0: Copyright (c) 2023 HiGHS under MIT licence terms
Presolving model
171198 rows, 435810 cols, 1068049 nonzeros
135901 rows, 299319 cols, 796913 nonzeros
135848 rows, 157079 cols, 509622 nonzeros
130616 rows, 151673 cols, 498741 nonzeros
Presolve : Reductions: rows 130616(-1519271); columns 151673(-978745); elements 498741(-4233320)
Solving the presolved LP
IPX model has 130616 rows, 151673 columns and 498741 nonzeros
Input
    Number of variables:                                151673
    Number of free variables:                           0
    Number of constraints:                              130616
    Number of equality constraints:                     11028
    Number of matrix entries:                           498741
    Matrix range:                                       [1e-02, 1e+00]
    RHS range:                                          [2e+05, 6e+07]
    Objective range:                                    [3e-04, 1e+02]
    Bounds range:                                       [2e+05, 1e+08]
Preprocessing
    Dualized model:                                     no
    Number of dense columns:                            0
    Range of scaling factors:                           [1.00e+00, 2.00e+00]
IPX version 1.0
Interior Point Solve
 Iter     P.res    D.res            P.obj           D.obj        mu     Time
   0   1.18e+07 5.40e+00   2.43293433e+09 -2.91867367e+12  8.11e+07       0s
   1   2.19e+06 3.02e+00   1.24295982e+12 -1.72272823e+12  3.96e+07       0s
   2   1.17e+06 2.54e+00   1.50833066e+12 -1.49643590e+12  3.76e+07       0s
   3   3.75e+05 6.58e-01   1.09414483e+12 -3.96723680e+11  1.13e+07       1s
   4   9.24e+04 1.75e-01   5.44825553e+11 -1.10411849e+11  3.45e+06       1s
   5   2.95e+04 4.47e-02   2.87553135e+11 -3.39864522e+10  1.33e+06       2s
 Constructing starting basis...
   6   8.95e+03 1.85e-02   1.16513433e+11 -1.47712537e+10  5.29e+05       4s
   7   4.86e+03 2.47e-03   8.69142003e+10 -3.25424212e+09  3.33e+05       5s
   8   1.54e+03 1.60e-03   4.24657769e+10 -1.81828315e+09  1.62e+05       5s
   9   4.90e+02 1.09e-03   2.61558241e+10 -3.75769547e+08  9.63e+04       6s
  10   3.72e+02 9.05e-04   2.57612218e+10  1.24691412e+08  9.28e+04       7s
  11   7.48e+01 3.88e-04   1.40420998e+10  2.34189092e+09  4.20e+04       8s
  12   3.65e+01 2.43e-04   1.10588531e+10  3.12967160e+09  2.84e+04       9s
  13   3.19e+01 1.64e-04   1.04357886e+10  3.55248725e+09  2.46e+04      10s
  14   2.32e+01 1.37e-04   9.20697644e+09  3.68633359e+09  1.98e+04      11s
  15   1.64e+01 8.23e-05   8.13735224e+09  3.95585159e+09  1.50e+04      12s
  16   1.50e+01 5.22e-05   7.86360334e+09  4.11929040e+09  1.34e+04      13s
  17   1.07e+01 3.08e-05   6.98590029e+09  4.23649872e+09  9.82e+03      14s
  18   7.87e+00 1.99e-05   6.41275011e+09  4.29384715e+09  7.57e+03      15s
  19   3.60e+00 1.56e-05   5.74489313e+09  4.31191830e+09  5.12e+03      15s
  20   2.01e+00 9.65e-06   5.31377270e+09  4.35206775e+09  3.43e+03      16s
  21   1.49e+00 5.71e-06   5.14463276e+09  4.38322273e+09  2.72e+03      17s
  22   8.70e-01 3.85e-06   4.98140656e+09  4.39584740e+09  2.09e+03      17s
  23   5.49e-01 2.07e-06   4.84294524e+09  4.41294408e+09  1.53e+03      18s
  24   3.05e-01 1.27e-06   4.71689794e+09  4.42195208e+09  1.05e+03      19s
  25   1.84e-01 7.14e-07   4.63603222e+09  4.42957696e+09  7.37e+02      19s
  26   9.18e-02 3.38e-07   4.56221049e+09  4.43547691e+09  4.52e+02      20s
  27   2.78e-02 8.18e-08   4.50690717e+09  4.43978976e+09  2.39e+02      21s
  28   1.50e-02 5.97e-08   4.48600357e+09  4.44051152e+09  1.62e+02      21s
  29   4.49e-03 3.62e-08   4.47058505e+09  4.44122810e+09  1.05e+02      22s
  30   3.50e-04 1.46e-08   4.45787083e+09  4.44213530e+09  5.61e+01      22s
  31   1.67e-04 7.14e-09   4.45184436e+09  4.44275413e+09  3.24e+01      23s
  32   8.19e-05 2.22e-09   4.44810185e+09  4.44323185e+09  1.74e+01      23s
  33   1.90e-05 2.32e-10   4.44550157e+09  4.44341453e+09  7.45e+00      24s
  34   5.45e-06 4.26e-14   4.44420234e+09  4.44349348e+09  2.53e+00      24s
  35   3.17e-08 2.84e-14   4.44392105e+09  4.44348783e+09  1.55e+00      24s
  36   2.98e-08 2.84e-14   4.44357498e+09  4.44350048e+09  2.66e-01      25s
  37   2.98e-08 2.84e-14   4.44351494e+09  4.44350245e+09  4.46e-02      25s
  38   3.21e-08 4.26e-14   4.44350367e+09  4.44350314e+09  1.89e-03      26s
  39   4.17e-08 4.26e-14   4.44350329e+09  4.44350326e+09  1.40e-04      26s
  40   2.98e-08 2.84e-14   4.44350327e+09  4.44350326e+09  2.12e-05      26s
  41*  4.15e-08 2.84e-14   4.44350327e+09  4.44350327e+09  5.58e-06      26s
Summary
    Runtime:                                            26.49s
    Status interior point solve:                        optimal
    Status crossover:                                   not run
    objective value:                                    4.44350327e+09
    interior solution primal residual (abs/rel):        2.98e-08 / 2.04e-16
    interior solution dual residual (abs/rel):          3.29e-11 / 2.64e-13
    interior solution objective gap (abs/rel):          1.57e+00 / 3.53e-10
Ipx: IPM       optimal
Model   status      : Optimal
IPM       iterations: 41
Objective value     :  4.4641083416e+09
HiGHS run time      :         28.06
Presolving model
171198 rows, 435810 cols, 1068049 nonzeros
135901 rows, 299319 cols, 796913 nonzeros
135848 rows, 157079 cols, 509622 nonzeros
130616 rows, 151673 cols, 498741 nonzeros
Presolve : Reductions: rows 130616(-1524281); columns 151673(-978745); elements 498741(-4238330)
Solving the presolved LP
IPX model has 130616 rows, 151673 columns and 498741 nonzeros
Input
    Number of variables:                                151673
    Number of free variables:                           0
    Number of constraints:                              130616
    Number of equality constraints:                     11028
    Number of matrix entries:                           498741
    Matrix range:                                       [1e-02, 1e+00]
    RHS range:                                          [2e+05, 6e+07]
    Objective range:                                    [3e-04, 9e+06]
    Bounds range:                                       [2e+05, 1e+08]
Preprocessing
    Dualized model:                                     no
    Number of dense columns:                            0
    Range of scaling factors:                           [1.00e+00, 2.00e+00]
IPX version 1.0
Interior Point Solve
 Iter     P.res    D.res            P.obj           D.obj        mu     Time
   0   1.17e+07 2.25e+05   2.81149231e+13 -1.22661935e+17  3.42e+12       0s
   1   3.07e+06 1.62e+05   4.80830534e+16 -9.18154129e+16  2.21e+12       0s
   2   1.52e+06 1.01e+05   6.65332420e+16 -6.43852300e+16  1.73e+12       0s
   3   4.47e+05 4.44e+04   5.49428428e+16 -3.09596911e+16  8.08e+11       1s
   4   1.81e+05 1.28e+04   3.82008642e+16 -9.47750719e+15  2.92e+11       1s
   5   4.25e+04 3.53e+03   1.78627109e+16 -2.95570138e+15  9.48e+10       2s
   6   2.02e+04 1.10e+03   9.96913106e+15 -1.03483281e+15  4.35e+10       3s
 Constructing starting basis...
   7   8.11e+03 3.16e+02   4.72300991e+15 -3.71383392e+14  1.96e+10       5s
   8   3.08e+03 8.70e+01   1.86219213e+15 -1.36342335e+14  7.49e+09       6s
   9   6.51e+02 3.53e+01   5.98944584e+14 -8.11596203e+13  2.55e+09       7s
  10   3.35e+02 2.05e+01   4.45732279e+14 -4.80792207e+13  1.85e+09       7s
  11   1.33e+02 1.41e+01   2.08159901e+14 -3.22026378e+13  9.16e+08       8s
  12   5.63e+01 7.69e+00   1.05541859e+14 -1.74897817e+13  4.71e+08       9s
  13   1.40e+01 3.84e+00   3.39872571e+13 -8.81682597e+12  1.68e+08      10s
  14   3.40e+00 7.02e-01   9.76693253e+12 -1.54854186e+12  4.32e+07      10s
  15   6.17e-01 1.97e-01   2.61652464e+12 -4.36611221e+11  1.17e+07      11s
  16   3.22e-01 6.95e-02   1.54919513e+12 -1.52855776e+11  6.34e+06      11s
  17   1.89e-01 3.61e-02   9.78333619e+11 -8.10103512e+10  3.91e+06      12s
  18   8.48e-02 1.09e-02   5.24698587e+11 -2.53625329e+10  2.00e+06      13s
  19   4.40e-02 2.47e-03   2.97188308e+11 -3.51389834e+09  1.08e+06      13s
  20   2.23e-02 1.07e-03   1.55282845e+11  1.02194780e+09  5.53e+05      14s
  21   1.10e-02 1.36e-04   9.48822176e+10  3.14145351e+09  3.28e+05      14s
  22   4.42e-03 3.61e-05   4.55949846e+10  4.11895564e+09  1.48e+05      15s
  23   9.32e-04 1.69e-05   1.54787569e+10  4.43026400e+09  3.95e+04      15s
  24   3.48e-04 6.21e-06   9.51462786e+09  4.64850335e+09  1.74e+04      16s
  25   1.04e-04 1.96e-06   6.49717867e+09  4.75875717e+09  6.21e+03      17s
  26   2.24e-05 6.35e-07   5.42295785e+09  4.79713048e+09  2.23e+03      17s
  27   6.26e-06 2.47e-07   5.03787771e+09  4.81528511e+09  7.94e+02      18s
  28   2.35e-06 1.21e-07   4.91719124e+09  4.82216759e+09  3.39e+02      18s
  29   7.75e-07 4.28e-08   4.86513319e+09  4.82660433e+09  1.37e+02      19s
  30   2.24e-07 1.58e-08   4.84743285e+09  4.82812213e+09  6.89e+01      19s
  31   1.19e-07 5.59e-09   4.83227601e+09  4.82911512e+09  1.13e+01      20s
  32   2.53e-07 1.86e-09   4.83000678e+09  4.82943023e+09  2.06e+00      20s
  33   1.79e-07 1.86e-09   4.82952900e+09  4.82945191e+09  2.75e-01      21s
  34   1.94e-07 1.86e-09   4.82947365e+09  4.82945570e+09  6.40e-02      21s
  35   4.47e-08 1.86e-09   4.82945880e+09  4.82945635e+09  8.76e-03      21s
  36   1.04e-07 1.86e-09   4.82945695e+09  4.82945650e+09  1.58e-03      22s
  37   1.13e-07 1.86e-09   4.82945665e+09  4.82945651e+09  4.77e-04      22s
  38   1.94e-07 9.31e-10   4.82945655e+09  4.82945652e+09  1.13e-04      22s
  39   8.34e-07 9.31e-10   4.82945652e+09  4.82945652e+09  1.84e-05      22s
  40*  7.15e-07 9.31e-10   4.82945652e+09  4.82945652e+09  9.65e-10      22s
Summary
    Runtime:                                            22.41s
    Status interior point solve:                        optimal
    Status crossover:                                   not run
    objective value:                                    4.82945652e+09
    interior solution primal residual (abs/rel):        7.30e-07 / 5.00e-15
    interior solution dual residual (abs/rel):          9.31e-10 / 1.01e-16
    interior solution objective gap (abs/rel):          1.00e-04 / 2.07e-14
Ipx: IPM       optimal
Model   status      : Optimal
IPM       iterations: 40
Objective value     :  4.8499817863e+09
HiGHS run time      :         23.90
Presolving model
171198 rows, 435810 cols, 1068049 nonzeros
135901 rows, 299319 cols, 796913 nonzeros
135848 rows, 157079 cols, 509622 nonzeros
130616 rows, 151673 cols, 498741 nonzeros
Presolve : Reductions: rows 130616(-1529291); columns 151673(-978745); elements 498741(-4243340)
Solving the presolved LP
IPX model has 130616 rows, 151673 columns and 498741 nonzeros
Input
    Number of variables:                                151673
    Number of free variables:                           0
    Number of constraints:                              130616
    Number of equality constraints:                     11028
    Number of matrix entries:                           498741
    Matrix range:                                       [1e-02, 1e+00]
    RHS range:                                          [2e+05, 6e+07]
    Objective range:                                    [3e-04, 9e+06]
    Bounds range:                                       [2e+05, 1e+08]
Preprocessing
    Dualized model:                                     no
    Number of dense columns:                            0
    Range of scaling factors:                           [1.00e+00, 2.00e+00]
IPX version 1.0
Interior Point Solve
 Iter     P.res    D.res            P.obj           D.obj        mu     Time
   0   1.17e+07 2.25e+05   4.17334136e+13 -1.21940216e+17  3.42e+12       0s
   1   2.91e+06 1.62e+05   4.95565259e+16 -9.12561167e+16  2.20e+12       0s
   2   1.52e+06 1.03e+05   6.69559885e+16 -6.50554631e+16  1.75e+12       0s
   3   4.57e+05 4.27e+04   5.41991628e+16 -2.93372985e+16  7.70e+11       1s
   4   1.60e+05 1.27e+04   3.59871793e+16 -9.30027344e+15  2.75e+11       1s
   5   3.97e+04 3.24e+03   1.66931576e+16 -2.60760241e+15  8.62e+10       2s
   6   2.01e+04 9.38e+02   9.79610651e+15 -8.63219687e+14  4.14e+10       3s
 Constructing starting basis...
   7   5.35e+03 2.75e+02   3.53874821e+15 -3.27541348e+14  1.48e+10       5s
   8   1.56e+03 8.88e+01   1.10450922e+15 -1.35732628e+14  4.69e+09       6s
   9   3.97e+02 3.28e+01   5.00870547e+14 -6.77403512e+13  2.13e+09       7s
  10   1.90e+02 2.29e+01   3.38372164e+14 -4.60023925e+13  1.45e+09       7s
  11   9.84e+01 1.38e+01   2.12398951e+14 -2.60150386e+13  9.01e+08       8s
  12   6.53e+01 9.90e+00   1.58261949e+14 -1.90071071e+13  6.70e+08       9s
  13   3.90e+01 6.37e+00   1.13419161e+14 -1.29468704e+13  4.77e+08      10s
  14   2.04e+01 3.47e+00   7.57087848e+13 -8.10220785e+12  3.15e+08      10s
  15   8.37e+00 3.78e-01   4.16339418e+13 -1.77081065e+12  1.57e+08      11s
  16   2.62e+00 6.88e-02   1.72670141e+13 -5.40631899e+11  6.41e+07      12s
  17   5.58e-01 2.61e-02   7.03092361e+12 -3.07440500e+11  2.66e+07      12s
  18   1.19e-01 3.11e-03   1.69200294e+12 -3.99139146e+10  6.22e+06      13s
  19   3.75e-02 5.80e-04   5.76601074e+11 -6.07206128e+09  2.08e+06      14s
  20   1.40e-02 1.65e-04   2.73369023e+11 -1.26205180e+09  9.81e+05      14s
  21   5.26e-03 1.60e-05   1.30110103e+11  2.09873972e+09  4.57e+05      15s
  22   9.93e-04 4.09e-06   3.75047713e+10  3.21527766e+09  1.22e+05      15s
  23   2.32e-04 1.63e-06   1.58729130e+10  3.61922522e+09  4.37e+04      16s
  24   9.97e-05 4.84e-07   9.85189176e+09  3.92185892e+09  2.12e+04      16s
  25   2.14e-05 1.38e-07   5.86283080e+09  4.03180689e+09  6.53e+03      17s
  26   4.41e-06 4.75e-08   4.70916120e+09  4.07318431e+09  2.27e+03      17s
  27   1.16e-06 1.86e-08   4.33196703e+09  4.09269630e+09  8.54e+02      18s
  28   3.87e-07 1.02e-08   4.19919932e+09  4.10019394e+09  3.53e+02      19s
  29   1.49e-07 4.66e-09   4.14553507e+09  4.10508289e+09  1.44e+02      19s
  30   1.04e-07 3.73e-09   4.12174373e+09  4.10683012e+09  5.32e+01      20s
  31   1.34e-07 1.86e-09   4.11059794e+09  4.10805008e+09  9.09e+00      20s
  32   7.45e-08 2.79e-09   4.10894183e+09  4.10848194e+09  1.64e+00      20s
  33   8.94e-08 2.79e-09   4.10856276e+09  4.10851351e+09  1.76e-01      21s
  34   8.94e-08 2.79e-09   4.10853115e+09  4.10852071e+09  3.73e-02      21s
  35   1.12e-07 1.86e-09   4.10852309e+09  4.10852112e+09  7.02e-03      22s
  36   3.28e-07 1.86e-09   4.10852132e+09  4.10852123e+09  3.19e-04      22s
  37   1.16e-06 1.86e-09   4.10852125e+09  4.10852124e+09  3.38e-05      22s
  38*  1.65e-06 9.31e-10   4.10852124e+09  4.10852124e+09  5.53e-06      22s
Summary
    Runtime:                                            22.43s
    Status interior point solve:                        optimal
    Status crossover:                                   not run
    objective value:                                    4.10852124e+09
    interior solution primal residual (abs/rel):        1.39e-06 / 9.49e-15
    interior solution dual residual (abs/rel):          9.31e-10 / 1.01e-16
    interior solution objective gap (abs/rel):          1.41e+00 / 3.43e-10
Ipx: IPM       optimal
Model   status      : Optimal
IPM       iterations: 38
Objective value     :  4.1290465145e+09
HiGHS run time      :         23.92
Presolving model
171198 rows, 435810 cols, 1068049 nonzeros
135901 rows, 299319 cols, 796913 nonzeros
135848 rows, 157079 cols, 509622 nonzeros
130616 rows, 151673 cols, 498741 nonzeros
Presolve : Reductions: rows 130616(-1534301); columns 151673(-978745); elements 498741(-4248350)
Solving the presolved LP
IPX model has 130616 rows, 151673 columns and 498741 nonzeros
Input
    Number of variables:                                151673
    Number of free variables:                           0
    Number of constraints:                              130616
    Number of equality constraints:                     11028
    Number of matrix entries:                           498741
    Matrix range:                                       [1e-02, 1e+00]
    RHS range:                                          [2e+05, 6e+07]
    Objective range:                                    [3e-04, 9e+06]
    Bounds range:                                       [2e+05, 1e+08]
Preprocessing
    Dualized model:                                     no
    Number of dense columns:                            0
    Range of scaling factors:                           [1.00e+00, 2.00e+00]
IPX version 1.0
Interior Point Solve
 Iter     P.res    D.res            P.obj           D.obj        mu     Time
   0   1.17e+07 2.25e+05   4.37155832e+13 -1.21861617e+17  3.42e+12       0s
   1   2.91e+06 1.62e+05   4.96008937e+16 -9.11972833e+16  2.20e+12       0s
   2   1.52e+06 1.03e+05   6.70739572e+16 -6.50217908e+16  1.75e+12       0s
   3   4.57e+05 4.27e+04   5.43041050e+16 -2.93502479e+16  7.71e+11       1s
   4   1.60e+05 1.27e+04   3.60327727e+16 -9.30527496e+15  2.76e+11       1s
   5   3.97e+04 3.24e+03   1.67366623e+16 -2.60841731e+15  8.64e+10       2s
   6   2.01e+04 9.39e+02   9.82408025e+15 -8.61857460e+14  4.15e+10       3s
 Constructing starting basis...
   7   5.42e+03 2.74e+02   3.56522634e+15 -3.25351180e+14  1.49e+10       5s
   8   1.23e+03 9.38e+01   8.84390150e+14 -1.40398827e+14  3.90e+09       6s
   9   3.34e+02 4.23e+01   5.26189503e+14 -7.40563216e+13  2.27e+09       7s
  10   1.79e+02 2.74e+01   3.47024939e+14 -4.77057671e+13  1.49e+09       8s
  11   1.21e+02 1.99e+01   2.49335759e+14 -3.35426212e+13  1.07e+09       8s
  12   7.28e+01 1.39e+01   1.72353644e+14 -2.35673108e+13  7.45e+08       9s
  13   4.46e+01 8.64e+00   1.24129090e+14 -1.53207043e+13  5.28e+08      10s
  14   2.38e+01 4.50e+00   8.27939965e+13 -9.11683331e+12  3.46e+08      11s
  15   6.73e+00 4.95e-01   4.07522334e+13 -2.21504136e+12  1.56e+08      11s
  16   2.35e+00 1.25e-01   2.08018231e+13 -8.87725245e+11  7.83e+07      12s
  17   8.02e-01 4.22e-02   1.05677121e+13 -4.35815952e+11  3.97e+07      13s
  18   1.81e-01 1.52e-02   5.20252412e+12 -2.44222199e+11  1.97e+07      13s
  19   3.06e-02 2.21e-03   1.05838267e+12 -3.80874625e+10  3.94e+06      14s
  20   1.68e-02 5.41e-04   5.97354401e+11 -7.35430444e+09  2.16e+06      15s
  21   6.56e-03 1.27e-04   2.75973038e+11 -6.06203911e+08  9.88e+05      15s
  22   2.57e-03 2.69e-05   1.26546333e+11  2.19786388e+09  4.44e+05      16s
  23   5.04e-04 7.13e-06   3.91468696e+10  3.15945183e+09  1.28e+05      16s
  24   1.49e-04 2.35e-06   1.91315403e+10  3.59123891e+09  5.54e+04      17s
  25   5.71e-05 7.71e-07   1.06219952e+10  3.87785234e+09  2.41e+04      18s
  26   3.03e-05 2.39e-07   7.83830157e+09  3.99752047e+09  1.37e+04      18s
  27   7.81e-06 8.01e-08   5.22208172e+09  4.04570089e+09  4.20e+03      19s
  28   1.70e-06 2.61e-08   4.49361283e+09  4.06423383e+09  1.53e+03      19s
  29   4.47e-07 9.31e-09   4.23732234e+09  4.07439233e+09  5.81e+02      20s
  30   2.09e-07 5.59e-09   4.14885339e+09  4.07911251e+09  2.49e+02      21s
  31   5.96e-08 2.79e-09   4.10567623e+09  4.08088788e+09  8.84e+01      21s
  32   1.64e-07 2.79e-09   4.08798125e+09  4.08178656e+09  2.21e+01      22s
  33   1.64e-07 2.79e-09   4.08356187e+09  4.08215313e+09  5.03e+00      22s
  34   1.34e-07 1.86e-09   4.08273145e+09  4.08220658e+09  1.87e+00      22s
  35   1.42e-07 1.86e-09   4.08228780e+09  4.08221504e+09  2.60e-01      23s
  36   1.79e-07 1.86e-09   4.08222548e+09  4.08221686e+09  3.08e-02      23s
  37   1.01e-07 2.79e-09   4.08221826e+09  4.08221736e+09  3.22e-03      24s
  38   5.66e-07 1.86e-09   4.08221752e+09  4.08221743e+09  3.28e-04      24s
  39   1.18e-06 9.31e-10   4.08221745e+09  4.08221744e+09  4.25e-05      24s
  40*  1.04e-06 9.31e-10   4.08221744e+09  4.08221744e+09  3.24e-07      25s
Summary
    Runtime:                                            24.55s
    Status interior point solve:                        optimal
    Status crossover:                                   not run
    objective value:                                    4.08221744e+09
    interior solution primal residual (abs/rel):        1.04e-06 / 7.09e-15
    interior solution dual residual (abs/rel):          9.31e-10 / 1.01e-16
    interior solution objective gap (abs/rel):          8.48e-02 / 2.08e-11
Ipx: IPM       optimal
Model   status      : Optimal
IPM       iterations: 40
Objective value     :  4.1027427102e+09
HiGHS run time      :         26.02
Presolving model
171198 rows, 435810 cols, 1068049 nonzeros
135901 rows, 299319 cols, 796913 nonzeros
135848 rows, 157079 cols, 509622 nonzeros
130616 rows, 151673 cols, 498741 nonzeros
Presolve : Reductions: rows 130616(-1539311); columns 151673(-978745); elements 498741(-4253360)
Solving the presolved LP
IPX model has 130616 rows, 151673 columns and 498741 nonzeros
Input
    Number of variables:                                151673
    Number of free variables:                           0
    Number of constraints:                              130616
    Number of equality constraints:                     11028
    Number of matrix entries:                           498741
    Matrix range:                                       [1e-02, 1e+00]
    RHS range:                                          [2e+05, 6e+07]
    Objective range:                                    [3e-04, 9e+06]
    Bounds range:                                       [2e+05, 1e+08]
Preprocessing
    Dualized model:                                     no
    Number of dense columns:                            0
    Range of scaling factors:                           [1.00e+00, 2.00e+00]
IPX version 1.0
Interior Point Solve
 Iter     P.res    D.res            P.obj           D.obj        mu     Time
   0   1.17e+07 2.25e+05   4.43560693e+13 -1.21843562e+17  3.42e+12       0s
   1   2.91e+06 1.62e+05   4.96168658e+16 -9.11837451e+16  2.20e+12       0s
   2   1.52e+06 1.03e+05   6.71090556e+16 -6.50152398e+16  1.75e+12       0s
   3   4.57e+05 4.27e+04   5.43352331e+16 -2.93546870e+16  7.71e+11       1s
   4   1.60e+05 1.27e+04   3.60639379e+16 -9.30747271e+15  2.76e+11       1s
   5   3.99e+04 3.24e+03   1.67596488e+16 -2.60580559e+15  8.65e+10       2s
   6   2.02e+04 9.39e+02   9.83911881e+15 -8.61370983e+14  4.16e+10       3s
 Constructing starting basis...
   7   5.41e+03 2.75e+02   3.57164650e+15 -3.27020808e+14  1.49e+10       5s
   8   1.23e+03 9.41e+01   8.86340128e+14 -1.40893016e+14  3.91e+09       6s
   9   3.31e+02 4.29e+01   5.20808673e+14 -7.45977129e+13  2.25e+09       7s
  10   1.76e+02 2.78e+01   3.44011939e+14 -4.81394072e+13  1.49e+09       7s
  11   1.17e+02 2.00e+01   2.45722586e+14 -3.35191089e+13  1.06e+09       8s
  12   7.26e+01 1.39e+01   1.72980610e+14 -2.34142066e+13  7.47e+08       9s
  13   4.37e+01 8.76e+00   1.22309875e+14 -1.53874543e+13  5.22e+08      10s
  14   2.17e+01 4.38e+00   7.99942187e+13 -8.96459735e+12  3.35e+08      10s
  15   8.09e+00 4.66e-01   4.39947776e+13 -2.07291327e+12  1.67e+08      11s
  16   2.87e+00 1.24e-01   2.23041865e+13 -8.83287754e+11  8.37e+07      12s
  17   1.03e+00 4.13e-02   1.11040376e+13 -4.18963012e+11  4.16e+07      12s
  18   9.65e-02 1.36e-02   4.07151541e+12 -2.21350722e+11  1.56e+07      13s
  19   2.06e-02 2.26e-03   1.08683540e+12 -4.14300061e+10  4.06e+06      14s
  20   1.12e-02 5.11e-04   6.32355106e+11 -8.93867313e+09  2.29e+06      14s
  21   4.37e-03 1.49e-04   2.99552034e+11 -2.00408747e+09  1.08e+06      15s
  22   1.69e-03 1.65e-05   1.35203777e+11  2.36157568e+09  4.74e+05      15s
  23   3.46e-04 4.03e-06   4.14417534e+10  3.22963255e+09  1.36e+05      16s
  24   9.90e-05 1.30e-06   2.00952963e+10  3.58976616e+09  5.89e+04      16s
  25   3.39e-05 5.29e-07   1.05198961e+10  3.83248340e+09  2.39e+04      17s
  26   1.66e-05 1.29e-07   7.73605102e+09  3.97790909e+09  1.34e+04      18s
  27   3.46e-06 4.56e-08   5.05365647e+09  4.02960389e+09  3.65e+03      18s
  28   8.64e-07 1.77e-08   4.47948170e+09  4.04996650e+09  1.53e+03      19s
  29   2.98e-07 7.45e-09   4.23000221e+09  4.06320930e+09  5.95e+02      19s
  30   1.34e-07 3.73e-09   4.13220350e+09  4.06809530e+09  2.29e+02      20s
  31   2.24e-07 2.79e-09   4.09438080e+09  4.07015616e+09  8.64e+01      20s
  32   2.24e-07 1.86e-09   4.07867371e+09  4.07111157e+09  2.70e+01      21s
  33   1.34e-07 2.79e-09   4.07364629e+09  4.07151928e+09  7.59e+00      21s
  34   1.94e-07 1.86e-09   4.07233201e+09  4.07157900e+09  2.69e+00      22s
  35   1.94e-07 1.86e-09   4.07175437e+09  4.07159585e+09  5.65e-01      22s
  36   1.19e-07 2.79e-09   4.07161234e+09  4.07159938e+09  4.62e-02      22s
  37   1.34e-07 1.86e-09   4.07160133e+09  4.07159997e+09  4.83e-03      23s
  38   9.13e-08 2.79e-09   4.07160025e+09  4.07160009e+09  5.57e-04      23s
  39   1.94e-07 1.86e-09   4.07160014e+09  4.07160010e+09  1.32e-04      23s
  40   1.19e-06 9.31e-10   4.07160012e+09  4.07160011e+09  3.37e-05      24s
  41*  1.03e-06 9.31e-10   4.07160011e+09  4.07160011e+09  3.62e-07      24s
Summary
    Runtime:                                            23.80s
    Status interior point solve:                        optimal
    Status crossover:                                   not run
    objective value:                                    4.07160011e+09
    interior solution primal residual (abs/rel):        1.01e-06 / 6.94e-15
    interior solution dual residual (abs/rel):          2.33e-10 / 2.53e-17
    interior solution objective gap (abs/rel):          4.63e-02 / 1.14e-11
Ipx: IPM       optimal
Model   status      : Optimal
IPM       iterations: 41
Objective value     :  4.0921253772e+09
HiGHS run time      :         25.29
Presolving model
171198 rows, 435810 cols, 1068049 nonzeros
135901 rows, 299319 cols, 796913 nonzeros
135848 rows, 157079 cols, 509622 nonzeros
130616 rows, 151673 cols, 498741 nonzeros
Presolve : Reductions: rows 130616(-1544321); columns 151673(-978745); elements 498741(-4258370)
Solving the presolved LP
IPX model has 130616 rows, 151673 columns and 498741 nonzeros
Input
    Number of variables:                                151673
    Number of free variables:                           0
    Number of constraints:                              130616
    Number of equality constraints:                     11028
    Number of matrix entries:                           498741
    Matrix range:                                       [1e-02, 1e+00]
    RHS range:                                          [2e+05, 6e+07]
    Objective range:                                    [3e-04, 9e+06]
    Bounds range:                                       [2e+05, 1e+08]
Preprocessing
    Dualized model:                                     no
    Number of dense columns:                            0
    Range of scaling factors:                           [1.00e+00, 2.00e+00]
IPX version 1.0
Interior Point Solve
 Iter     P.res    D.res            P.obj           D.obj        mu     Time
   0   1.17e+07 2.25e+05   4.43560693e+13 -1.21843562e+17  3.42e+12       0s
   1   2.91e+06 1.62e+05   4.96168658e+16 -9.11837451e+16  2.20e+12       0s
   2   1.52e+06 1.03e+05   6.71090556e+16 -6.50152398e+16  1.75e+12       0s
   3   4.57e+05 4.27e+04   5.43352331e+16 -2.93546870e+16  7.71e+11       1s
   4   1.60e+05 1.27e+04   3.60639379e+16 -9.30747271e+15  2.76e+11       1s
   5   3.99e+04 3.24e+03   1.67596488e+16 -2.60580559e+15  8.65e+10       2s
   6   2.02e+04 9.39e+02   9.83911881e+15 -8.61370983e+14  4.16e+10       3s
 Constructing starting basis...
   7   5.41e+03 2.75e+02   3.57164650e+15 -3.27020808e+14  1.49e+10       5s
   8   1.23e+03 9.41e+01   8.86340128e+14 -1.40893016e+14  3.91e+09       6s
   9   3.31e+02 4.29e+01   5.20808673e+14 -7.45977129e+13  2.25e+09       7s
  10   1.76e+02 2.78e+01   3.44011939e+14 -4.81394072e+13  1.49e+09       8s
  11   1.17e+02 2.00e+01   2.45722586e+14 -3.35191089e+13  1.06e+09       8s
  12   7.26e+01 1.39e+01   1.72980610e+14 -2.34142066e+13  7.47e+08       9s
  13   4.37e+01 8.76e+00   1.22309875e+14 -1.53874543e+13  5.22e+08      10s
  14   2.17e+01 4.38e+00   7.99942187e+13 -8.96459735e+12  3.35e+08      11s
  15   8.09e+00 4.66e-01   4.39947776e+13 -2.07291327e+12  1.67e+08      11s
  16   2.87e+00 1.24e-01   2.23041865e+13 -8.83287754e+11  8.37e+07      12s
  17   1.03e+00 4.13e-02   1.11040376e+13 -4.18963012e+11  4.16e+07      12s
  18   9.65e-02 1.36e-02   4.07151541e+12 -2.21350722e+11  1.56e+07      13s
  19   2.06e-02 2.26e-03   1.08683540e+12 -4.14300061e+10  4.06e+06      14s
  20   1.12e-02 5.11e-04   6.32355106e+11 -8.93867313e+09  2.29e+06      14s
  21   4.37e-03 1.49e-04   2.99552034e+11 -2.00408747e+09  1.08e+06      15s
  22   1.69e-03 1.65e-05   1.35203777e+11  2.36157568e+09  4.74e+05      15s
  23   3.46e-04 4.03e-06   4.14417534e+10  3.22963255e+09  1.36e+05      16s
  24   9.90e-05 1.30e-06   2.00952963e+10  3.58976616e+09  5.89e+04      17s
  25   3.39e-05 5.29e-07   1.05198961e+10  3.83248340e+09  2.39e+04      17s
  26   1.66e-05 1.29e-07   7.73605102e+09  3.97790909e+09  1.34e+04      18s
  27   3.46e-06 4.56e-08   5.05365647e+09  4.02960389e+09  3.65e+03      18s
  28   8.64e-07 1.77e-08   4.47948170e+09  4.04996650e+09  1.53e+03      19s
  29   2.98e-07 7.45e-09   4.23000221e+09  4.06320930e+09  5.95e+02      19s
  30   1.34e-07 3.73e-09   4.13220350e+09  4.06809530e+09  2.29e+02      20s
  31   2.24e-07 2.79e-09   4.09438080e+09  4.07015616e+09  8.64e+01      21s
  32   2.24e-07 1.86e-09   4.07867371e+09  4.07111157e+09  2.70e+01      21s
  33   1.34e-07 2.79e-09   4.07364629e+09  4.07151928e+09  7.59e+00      21s
  34   1.94e-07 1.86e-09   4.07233201e+09  4.07157900e+09  2.69e+00      22s
  35   1.94e-07 1.86e-09   4.07175437e+09  4.07159585e+09  5.65e-01      22s
  36   1.19e-07 2.79e-09   4.07161234e+09  4.07159938e+09  4.62e-02      22s
  37   1.34e-07 1.86e-09   4.07160133e+09  4.07159997e+09  4.83e-03      23s
  38   9.13e-08 2.79e-09   4.07160025e+09  4.07160009e+09  5.57e-04      23s
  39   1.94e-07 1.86e-09   4.07160014e+09  4.07160010e+09  1.32e-04      24s
  40   1.19e-06 9.31e-10   4.07160012e+09  4.07160011e+09  3.37e-05      24s
  41*  1.03e-06 9.31e-10   4.07160011e+09  4.07160011e+09  3.62e-07      24s
Summary
    Runtime:                                            24.03s
    Status interior point solve:                        optimal
    Status crossover:                                   not run
    objective value:                                    4.07160011e+09
    interior solution primal residual (abs/rel):        1.01e-06 / 6.94e-15
    interior solution dual residual (abs/rel):          2.33e-10 / 2.53e-17
    interior solution objective gap (abs/rel):          4.63e-02 / 1.14e-11
Ipx: IPM       optimal
Model   status      : Optimal
IPM       iterations: 41
Objective value     :  4.0921253772e+09
HiGHS run time      :         25.53
Running HiGHS 1.6.0: Copyright (c) 2023 HiGHS under MIT licence terms
Presolving model
51358 rows, 162195 cols, 369427 nonzeros
40085 rows, 107058 cols, 261108 nonzeros
40010 rows, 53052 cols, 151196 nonzeros
37665 rows, 49330 cols, 143694 nonzeros
Presolve : Reductions: rows 37665(-787645); columns 49330(-516245); elements 143694(-2162799)
Solving the presolved LP
IPX model has 37665 rows, 49330 columns and 143694 nonzeros
Input
    Number of variables:                                49330
    Number of free variables:                           0
    Number of constraints:                              37665
    Number of equality constraints:                     5764
    Number of matrix entries:                           143694
    Matrix range:                                       [1e-02, 1e+00]
    RHS range:                                          [2e+05, 1e+08]
    Objective range:                                    [2e-04, 1e+06]
    Bounds range:                                       [1e+05, 2e+08]
Preprocessing
    Dualized model:                                     no
    Number of dense columns:                            0
    Range of scaling factors:                           [1.00e+00, 2.00e+00]
IPX version 1.0
Interior Point Solve
 Iter     P.res    D.res            P.obj           D.obj        mu     Time
   0   1.52e+07 1.37e+05   4.69828664e+13 -2.43184508e+16  2.51e+12       0s
   1   3.58e+06 9.66e+04   9.96802205e+15 -1.82464436e+16  1.57e+12       0s
   2   1.44e+06 5.18e+04   1.32818206e+16 -1.18681869e+16  1.08e+12       0s
   3   5.77e+05 1.16e+04   1.03238590e+16 -3.09897552e+15  3.24e+11       0s
   4   1.56e+05 2.58e+03   5.69013226e+15 -9.00625370e+14  1.04e+11       0s
   5   7.27e+04 8.71e+02   3.08569718e+15 -3.57700776e+14  4.68e+10       0s
 Constructing starting basis...
   6   2.06e+04 2.54e+02   1.26516269e+15 -1.50301690e+14  1.86e+10       1s
   7   8.54e+03 1.69e+02   7.17968791e+14 -1.00668810e+14  1.08e+10       1s
   8   7.01e+03 1.46e+02   6.36546815e+14 -8.26030191e+13  9.44e+09       1s
   9   2.03e+03 7.87e+01   3.15266914e+14 -2.57754372e+13  4.51e+09       1s
  10   1.10e+03 4.86e+01   2.30395317e+14 -5.03036866e+12  3.10e+09       1s
  11   8.07e+02 2.52e+01   1.89290385e+14  9.79127999e+12  2.29e+09       2s
  12   7.63e+02 2.43e+01   1.89033216e+14  1.15929213e+13  2.27e+09       2s
  13   5.07e+02 9.71e+00   1.43199875e+14  2.59821440e+13  1.46e+09       2s
  14   2.71e+02 6.07e+00   1.02121613e+14  3.01200782e+13  9.00e+08       2s
  15   2.00e+02 4.52e+00   9.84869651e+13  3.11261909e+13  8.44e+08       2s
  16   1.09e+02 6.49e-01   7.78941436e+13  3.63442510e+13  4.99e+08       2s
  17   5.32e+01 2.29e-01   5.89295114e+13  3.79615124e+13  2.51e+08       2s
  18   2.07e+01 3.28e-02   5.07413425e+13  3.82280395e+13  1.49e+08       2s
  19   6.00e+00 1.07e-02   4.30916452e+13  3.86914895e+13  5.24e+07       3s
  20   2.31e+00 5.74e-03   4.07814733e+13  3.88255936e+13  2.34e+07       3s
  21   2.10e+00 5.40e-03   4.07540736e+13  3.88281913e+13  2.30e+07       3s
  22   1.09e+00 2.20e-03   4.00597298e+13  3.89203547e+13  1.36e+07       3s
  23   6.49e-01 6.62e-04   3.96865497e+13  3.89762864e+13  8.41e+06       3s
  24   2.86e-06 1.02e-04   3.92944490e+13  3.89842548e+13  3.66e+06       3s
  25   1.91e-06 3.29e-05   3.91102927e+13  3.90020901e+13  1.28e+06       3s
  26   7.15e-07 7.26e-06   3.90351924e+13  3.90088628e+13  3.10e+05       3s
  27   4.77e-07 2.09e-06   3.90245984e+13  3.90112065e+13  1.58e+05       3s
  28   1.64e-07 9.65e-07   3.90148268e+13  3.90117637e+13  3.61e+04       4s
  29   2.09e-07 4.85e-07   3.90132934e+13  3.90119931e+13  1.53e+04       4s
  30   1.79e-07 2.96e-07   3.90128340e+13  3.90120786e+13  8.89e+03       4s
  31   2.38e-07 1.79e-07   3.90125941e+13  3.90121369e+13  5.38e+03       4s
  32   8.94e-08 9.90e-08   3.90124701e+13  3.90121775e+13  3.45e+03       4s
  33   1.49e-07 5.98e-08   3.90124131e+13  3.90121975e+13  2.54e+03       4s
  34   1.49e-07 2.79e-08   3.90123206e+13  3.90122174e+13  1.22e+03       4s
  35   1.49e-07 2.04e-08   3.90122970e+13  3.90122218e+13  8.85e+02       4s
  36   1.49e-07 9.55e-09   3.90122700e+13  3.90122298e+13  4.74e+02       5s
  37   1.49e-07 3.26e-09   3.90122507e+13  3.90122347e+13  1.89e+02       5s
  38   1.19e-07 1.16e-09   3.90122447e+13  3.90122363e+13  9.83e+01       5s
  39   9.97e-08 4.66e-10   3.90122418e+13  3.90122372e+13  5.46e+01       5s
  40   1.79e-07 2.33e-10   3.90122387e+13  3.90122374e+13  1.61e+01       5s
  41   2.68e-07 2.33e-10   3.90122377e+13  3.90122375e+13  2.90e+00       5s
  42*  1.79e-07 2.33e-10   3.90122375e+13  3.90122375e+13  3.68e-01       5s
Summary
    Runtime:                                            4.96s
    Status interior point solve:                        optimal
    Status crossover:                                   not run
    objective value:                                    3.90122375e+13
    interior solution primal residual (abs/rel):        2.38e-07 / 1.43e-15
    interior solution dual residual (abs/rel):          2.33e-10 / 1.78e-16
    interior solution objective gap (abs/rel):          3.12e+04 / 8.01e-10
Ipx: IPM       optimal
Model   status      : Optimal
IPM       iterations: 42
Objective value     :  3.9281919362e+13
HiGHS run time      :          5.65
Presolving model
51358 rows, 162195 cols, 369427 nonzeros
40085 rows, 107058 cols, 261108 nonzeros
40010 rows, 53052 cols, 151196 nonzeros
37665 rows, 49330 cols, 143694 nonzeros
Presolve : Reductions: rows 37665(-790150); columns 49330(-516245); elements 143694(-2165304)
Solving the presolved LP
IPX model has 37665 rows, 49330 columns and 143694 nonzeros
Input
    Number of variables:                                49330
    Number of free variables:                           0
    Number of constraints:                              37665
    Number of equality constraints:                     5764
    Number of matrix entries:                           143694
    Matrix range:                                       [1e-02, 1e+00]
    RHS range:                                          [2e+05, 1e+08]
    Objective range:                                    [2e-04, 1e+06]
    Bounds range:                                       [1e+05, 2e+08]
Preprocessing
    Dualized model:                                     no
    Number of dense columns:                            0
    Range of scaling factors:                           [1.00e+00, 2.00e+00]
IPX version 1.0
Interior Point Solve
 Iter     P.res    D.res            P.obj           D.obj        mu     Time
   0   1.52e+07 1.43e+05   7.79375139e+12 -2.57843289e+16  2.61e+12       0s
   1   3.40e+06 1.01e+05   9.42255329e+15 -1.94704810e+16  1.65e+12       0s
   2   1.45e+06 5.79e+04   1.24218146e+16 -1.31268999e+16  1.19e+12       0s
   3   5.44e+05 1.18e+04   9.72456914e+15 -3.10854326e+15  3.21e+11       0s
   4   1.75e+05 2.61e+03   5.66854927e+15 -9.23128582e+14  1.07e+11       0s
   5   8.15e+04 9.07e+02   3.05218783e+15 -3.96969284e+14  4.81e+10       0s
 Constructing starting basis...
   6   1.70e+04 2.59e+02   9.86994044e+14 -1.76698114e+14  1.56e+10       1s
   7   7.27e+03 1.71e+02   6.24209902e+14 -1.25365827e+14  1.01e+10       1s
   8   2.08e+03 8.37e+01   2.68487769e+14 -5.77864585e+13  4.42e+09       1s
   9   7.49e+02 3.41e+01   1.44063166e+14 -2.71103674e+13  2.27e+09       1s
  10   2.74e+02 5.00e+00   6.81086742e+13 -6.42268366e+12  9.20e+08       2s
  11   9.16e+01 1.06e+00   2.36003298e+13 -1.41508650e+12  3.04e+08       2s
  12   2.79e+01 1.26e-01   7.99226476e+12 -2.27107971e+11  9.82e+07       2s
  13   1.11e+01 4.38e-02   3.24010744e+12 -8.25629469e+10  3.96e+07       2s
  14   2.10e+00 1.33e-02   1.06586363e+12 -5.21522586e+10  1.34e+07       2s
  15   1.13e+00 3.35e-03   6.22244276e+11 -1.59986828e+10  7.59e+06       2s
  16   6.86e-01 2.28e-03   5.35760866e+11 -1.88641515e+10  6.62e+06       2s
  17   3.20e-01 1.81e-03   2.59187645e+11 -1.43719670e+10  3.27e+06       2s
  18   2.08e-01 8.12e-04   2.20944298e+11 -1.01299265e+10  2.75e+06       2s
  19   6.74e-02 4.21e-04   7.86936965e+10 -3.60800001e+09  9.76e+05       2s
  20   2.43e-02 8.49e-05   3.49828071e+10  1.84767577e+09  3.91e+05       2s
  21   8.90e-03 3.14e-05   1.78904031e+10  2.61125986e+09  1.80e+05       3s
  22   2.01e-03 1.10e-05   8.21907102e+09  3.13515185e+09  5.99e+04       3s
  23   6.18e-04 2.91e-06   5.57153779e+09  3.39145096e+09  2.57e+04       3s
  24   1.38e-04 9.46e-07   4.11360751e+09  3.49691867e+09  7.26e+03       3s
  25   4.18e-05 3.32e-07   3.75985163e+09  3.53629691e+09  2.63e+03       3s
  26   1.39e-05 8.92e-08   3.64669378e+09  3.55304430e+09  1.10e+03       3s
  27   4.47e-06 3.24e-08   3.59664936e+09  3.55802221e+09  4.55e+02       3s
  28   8.39e-07 1.30e-08   3.56993969e+09  3.56022688e+09  1.14e+02       3s
  29   2.68e-07 4.42e-09   3.56459686e+09  3.56132488e+09  3.85e+01       3s
  30   2.09e-07 6.98e-10   3.56264074e+09  3.56178645e+09  1.01e+01       4s
  31   1.79e-07 3.49e-10   3.56202485e+09  3.56185657e+09  1.98e+00       4s
  32   1.49e-07 2.33e-10   3.56197177e+09  3.56187429e+09  1.15e+00       4s
  33   1.49e-07 2.33e-10   3.56196398e+09  3.56187642e+09  1.03e+00       4s
  34   2.09e-07 2.33e-10   3.56189829e+09  3.56188652e+09  1.39e-01       4s
  35   2.68e-07 2.33e-10   3.56189012e+09  3.56188764e+09  2.91e-02       4s
  36   1.49e-07 2.33e-10   3.56188831e+09  3.56188784e+09  5.51e-03       4s
  37   8.94e-08 2.33e-10   3.56188808e+09  3.56188785e+09  2.67e-03       4s
  38   2.98e-07 2.33e-10   3.56188786e+09  3.56188785e+09  9.58e-05       4s
  39*  7.45e-07 2.33e-10   3.56188786e+09  3.56188786e+09  1.08e-05       4s
Summary
    Runtime:                                            4.12s
    Status interior point solve:                        optimal
    Status crossover:                                   not run
    objective value:                                    3.56188786e+09
    interior solution primal residual (abs/rel):        6.26e-07 / 3.74e-15
    interior solution dual residual (abs/rel):          2.33e-10 / 1.78e-16
    interior solution objective gap (abs/rel):          8.90e-01 / 2.50e-10
Ipx: IPM       optimal
Model   status      : Optimal
IPM       iterations: 39
Objective value     :  3.5704794048e+09
HiGHS run time      :          4.78
Presolving model
51358 rows, 162195 cols, 369427 nonzeros
40085 rows, 107058 cols, 261108 nonzeros
40010 rows, 53052 cols, 151196 nonzeros
37665 rows, 49330 cols, 143694 nonzeros
Presolve : Reductions: rows 37665(-792655); columns 49330(-516245); elements 143694(-2167809)
Solving the presolved LP
IPX model has 37665 rows, 49330 columns and 143694 nonzeros
Input
    Number of variables:                                49330
    Number of free variables:                           0
    Number of constraints:                              37665
    Number of equality constraints:                     5764
    Number of matrix entries:                           143694
    Matrix range:                                       [1e-02, 1e+00]
    RHS range:                                          [2e+05, 1e+08]
    Objective range:                                    [2e-04, 1e+06]
    Bounds range:                                       [1e+05, 2e+08]
Preprocessing
    Dualized model:                                     no
    Number of dense columns:                            0
    Range of scaling factors:                           [1.00e+00, 2.00e+00]
IPX version 1.0
Interior Point Solve
 Iter     P.res    D.res            P.obj           D.obj        mu     Time
   0   1.52e+07 1.32e+05   1.00826328e+13 -2.38143822e+16  2.42e+12       0s
   1   3.62e+06 9.14e+04   8.96075242e+15 -1.75925673e+16  1.49e+12       0s
   2   1.40e+06 4.52e+04   1.22131531e+16 -1.08492701e+16  9.70e+11       0s
   3   4.92e+05 1.20e+04   9.36642780e+15 -3.40787523e+15  3.19e+11       0s
   4   1.63e+05 2.22e+03   5.47830881e+15 -8.23402615e+14  9.84e+10       0s
   5   7.97e+04 7.73e+02   3.02376652e+15 -3.58660796e+14  4.62e+10       0s
 Constructing starting basis...
   6   1.86e+04 2.46e+02   1.00878304e+15 -1.69632779e+14  1.57e+10       1s
   7   8.08e+03 1.65e+02   6.39287495e+14 -1.22204558e+14  1.02e+10       1s
   8   2.80e+03 8.42e+01   3.15306043e+14 -5.94031677e+13  5.02e+09       1s
   9   1.41e+03 4.57e+01   2.02268719e+14 -3.41418714e+13  3.13e+09       1s
  10   5.47e+02 1.25e+01   9.49577202e+13 -1.26501749e+13  1.37e+09       1s
  11   1.73e+02 8.21e-01   3.43329884e+13 -1.25903115e+12  4.29e+08       1s
  12   6.73e+01 2.25e-01   1.51867849e+13 -5.04830867e+11  1.88e+08       2s
  13   1.24e+01 4.84e-02   3.20687672e+12 -1.36495822e+11  4.01e+07       2s
  14   3.85e+00 1.85e-02   1.26085671e+12 -6.68963168e+10  1.60e+07       2s
  15   4.22e-01 4.70e-03   1.94383154e+11 -1.71898471e+10  2.56e+06       2s
  16   3.33e-01 3.35e-03   1.77396321e+11 -1.32729975e+10  2.30e+06       2s
  17   2.18e-01 1.14e-03   1.20658038e+11 -2.49881174e+09  1.47e+06       2s
  18   4.36e-02 6.10e-04   8.47342297e+10 -1.98402212e+09  1.03e+06       2s
  19   1.97e-02 1.13e-04   4.29060967e+10  2.14706644e+09  4.82e+05       2s
  20   3.91e-03 1.70e-05   1.42166749e+10  2.98429440e+09  1.32e+05       2s
  21   4.82e-04 8.57e-06   5.85448165e+09  3.20202830e+09  3.13e+04       3s
  22   1.54e-04 2.62e-06   4.42352104e+09  3.39350720e+09  1.21e+04       3s
  23   3.81e-05 1.01e-06   3.83665206e+09  3.45414125e+09  4.51e+03       3s
  24   1.59e-05 3.83e-07   3.66193299e+09  3.48408253e+09  2.09e+03       3s
  25   5.90e-06 1.10e-07   3.56978925e+09  3.49845835e+09  8.40e+02       3s
  26   1.73e-06 2.92e-08   3.52862699e+09  3.50304787e+09  3.01e+02       3s
  27   4.77e-07 8.61e-09   3.51303615e+09  3.50451872e+09  1.00e+02       3s
  28   1.79e-07 1.86e-09   3.50714100e+09  3.50507821e+09  2.43e+01       3s
  29   2.98e-07 6.98e-10   3.50552998e+09  3.50526264e+09  3.15e+00       3s
  30   2.38e-07 2.33e-10   3.50533947e+09  3.50531130e+09  3.32e-01       3s
  31   8.94e-08 2.33e-10   3.50533002e+09  3.50531627e+09  1.62e-01       4s
  32   2.09e-07 2.33e-10   3.50532108e+09  3.50531864e+09  2.87e-02       4s
  33   5.96e-08 2.33e-10   3.50531902e+09  3.50531880e+09  2.69e-03       4s
  34   1.19e-07 2.33e-10   3.50531888e+09  3.50531883e+09  6.06e-04       4s
  35   2.38e-07 2.33e-10   3.50531885e+09  3.50531884e+09  1.68e-04       4s
  36*  6.56e-07 1.16e-10   3.50531884e+09  3.50531884e+09  3.15e-05       4s
Summary
    Runtime:                                            3.85s
    Status interior point solve:                        optimal
    Status crossover:                                   not run
    objective value:                                    3.50531884e+09
    interior solution primal residual (abs/rel):        1.43e-06 / 8.56e-15
    interior solution dual residual (abs/rel):          2.95e-10 / 2.26e-16
    interior solution objective gap (abs/rel):          2.67e+00 / 7.63e-10
Ipx: IPM       optimal
Model   status      : Optimal
IPM       iterations: 36
Objective value     :  3.5139103898e+09
HiGHS run time      :          4.51
Presolving model
51358 rows, 162195 cols, 369427 nonzeros
40085 rows, 107058 cols, 261108 nonzeros
40010 rows, 53052 cols, 151196 nonzeros
37665 rows, 49330 cols, 143694 nonzeros
Presolve : Reductions: rows 37665(-795160); columns 49330(-516245); elements 143694(-2170314)
Solving the presolved LP
IPX model has 37665 rows, 49330 columns and 143694 nonzeros
Input
    Number of variables:                                49330
    Number of free variables:                           0
    Number of constraints:                              37665
    Number of equality constraints:                     5764
    Number of matrix entries:                           143694
    Matrix range:                                       [1e-02, 1e+00]
    RHS range:                                          [2e+05, 1e+08]
    Objective range:                                    [2e-04, 1e+06]
    Bounds range:                                       [1e+05, 2e+08]
Preprocessing
    Dualized model:                                     no
    Number of dense columns:                            0
    Range of scaling factors:                           [1.00e+00, 2.00e+00]
IPX version 1.0
Interior Point Solve
 Iter     P.res    D.res            P.obj           D.obj        mu     Time
   0   1.52e+07 1.32e+05   1.00826328e+13 -2.38143822e+16  2.42e+12       0s
   1   3.62e+06 9.14e+04   8.96075242e+15 -1.75925673e+16  1.49e+12       0s
   2   1.40e+06 4.52e+04   1.22131531e+16 -1.08492701e+16  9.70e+11       0s
   3   4.92e+05 1.20e+04   9.36642780e+15 -3.40787523e+15  3.19e+11       0s
   4   1.63e+05 2.22e+03   5.47830881e+15 -8.23402615e+14  9.84e+10       0s
   5   7.97e+04 7.73e+02   3.02376652e+15 -3.58660796e+14  4.62e+10       0s
 Constructing starting basis...
   6   1.86e+04 2.46e+02   1.00878304e+15 -1.69632779e+14  1.57e+10       1s
   7   8.08e+03 1.65e+02   6.39287495e+14 -1.22204558e+14  1.02e+10       1s
   8   2.80e+03 8.42e+01   3.15306043e+14 -5.94031677e+13  5.02e+09       1s
   9   1.41e+03 4.57e+01   2.02268719e+14 -3.41418714e+13  3.13e+09       1s
  10   5.47e+02 1.25e+01   9.49577202e+13 -1.26501749e+13  1.37e+09       1s
  11   1.73e+02 8.21e-01   3.43329884e+13 -1.25903115e+12  4.29e+08       1s
  12   6.73e+01 2.25e-01   1.51867849e+13 -5.04830867e+11  1.88e+08       2s
  13   1.24e+01 4.84e-02   3.20687672e+12 -1.36495822e+11  4.01e+07       2s
  14   3.85e+00 1.85e-02   1.26085671e+12 -6.68963168e+10  1.60e+07       2s
  15   4.22e-01 4.70e-03   1.94383154e+11 -1.71898471e+10  2.56e+06       2s
  16   3.33e-01 3.35e-03   1.77396321e+11 -1.32729975e+10  2.30e+06       2s
  17   2.18e-01 1.14e-03   1.20658038e+11 -2.49881174e+09  1.47e+06       2s
  18   4.36e-02 6.10e-04   8.47342297e+10 -1.98402212e+09  1.03e+06       2s
  19   1.97e-02 1.13e-04   4.29060967e+10  2.14706644e+09  4.82e+05       2s
  20   3.91e-03 1.70e-05   1.42166749e+10  2.98429440e+09  1.32e+05       2s
  21   4.82e-04 8.57e-06   5.85448165e+09  3.20202830e+09  3.13e+04       3s
  22   1.54e-04 2.62e-06   4.42352104e+09  3.39350720e+09  1.21e+04       3s
  23   3.81e-05 1.01e-06   3.83665206e+09  3.45414125e+09  4.51e+03       3s
  24   1.59e-05 3.83e-07   3.66193299e+09  3.48408253e+09  2.09e+03       3s
  25   5.90e-06 1.10e-07   3.56978925e+09  3.49845835e+09  8.40e+02       3s
  26   1.73e-06 2.92e-08   3.52862699e+09  3.50304787e+09  3.01e+02       3s
  27   4.77e-07 8.61e-09   3.51303615e+09  3.50451872e+09  1.00e+02       3s
  28   1.79e-07 1.86e-09   3.50714100e+09  3.50507821e+09  2.43e+01       3s
  29   2.98e-07 6.98e-10   3.50552998e+09  3.50526264e+09  3.15e+00       3s
  30   2.38e-07 2.33e-10   3.50533947e+09  3.50531130e+09  3.32e-01       3s
  31   8.94e-08 2.33e-10   3.50533002e+09  3.50531627e+09  1.62e-01       4s
  32   2.09e-07 2.33e-10   3.50532108e+09  3.50531864e+09  2.87e-02       4s
  33   5.96e-08 2.33e-10   3.50531902e+09  3.50531880e+09  2.69e-03       4s
  34   1.19e-07 2.33e-10   3.50531888e+09  3.50531883e+09  6.06e-04       4s
  35   2.38e-07 2.33e-10   3.50531885e+09  3.50531884e+09  1.68e-04       4s
  36*  6.56e-07 1.16e-10   3.50531884e+09  3.50531884e+09  3.15e-05       4s
Summary
    Runtime:                                            3.85s
    Status interior point solve:                        optimal
    Status crossover:                                   not run
    objective value:                                    3.50531884e+09
    interior solution primal residual (abs/rel):        1.43e-06 / 8.56e-15
    interior solution dual residual (abs/rel):          2.95e-10 / 2.26e-16
    interior solution objective gap (abs/rel):          2.67e+00 / 7.63e-10
Ipx: IPM       optimal
Model   status      : Optimal
IPM       iterations: 36
Objective value     :  3.5139103898e+09
HiGHS run time      :          4.54
[ Info: Rolling step not specified in scenaio.yaml file; Setting it to 10 years
[ Info: Demand-pathway mapping not specified in scenaio.yaml file; SERA will not look for eligible pathways for different demand types.
[ Info: Production capacity constraints from the grid model not defined. SERA will not create these constraints
[ Info: Regional technology limits not specified in scenaio.yaml file; SERA will not create these constraints
STARTING DATA PRE-PROCESSING 
Processing Temporal Data
Processing Nodes
Processing Demand
Processing Existings
Processing Links
Processing Pathways
Creating Infrastructure options
  4.823540 seconds (32.83 M allocations: 3.874 GiB, 25.73% gc time, 1.66% compilation time)

OPTIMIZING FROM 2026 TO 2035 

STARTING OPTIMIZATION MODEL CREATION
CREATING VARIABLES AND EXPRESSIONS
 12.787872 seconds (93.97 M allocations: 5.846 GiB, 29.63% gc time, 41.74% compilation time)
POPULATING EXPRESSIONS
 16.223957 seconds (70.76 M allocations: 10.897 GiB, 12.27% gc time, 1.11% compilation time)
CREATING CONSTRAINTS
  6.277500 seconds (51.21 M allocations: 2.643 GiB, 14.14% gc time, 16.34% compilation time)
POPULATED CORE OPTIMIZATION MODEL, STARTING ITERATIONS
READING COST DATA FOR ITERATION 1
 10.636555 seconds (43.77 M allocations: 4.152 GiB, 3.84% gc time, 3.35% compilation time)
CREATING EXPRESSIONS FOR CAPITAL AND FIXED COST
  5.846484 seconds (45.16 M allocations: 2.852 GiB, 30.86% gc time, 22.58% compilation time)
BUILDING OBJECTIVE FUNCTION
  2.547668 seconds (17.12 M allocations: 608.105 MiB, 39.87% compilation time)
Optimizing for iteration 1
 33.146026 seconds (17.24 M allocations: 1.597 GiB, 1.85% gc time, 0.07% compilation time)
OPTIMAL
4.464108341591326e9
 =  1.0
READING COST DATA FOR ITERATION 2
 43.466744 seconds (35.92 M allocations: 3.987 GiB, 15.04% gc time, 0.04% compilation time)
CREATING EXPRESSIONS FOR CAPITAL AND FIXED COST
 24.130132 seconds (43.56 M allocations: 2.749 GiB, 87.59% gc time, 0.02% compilation time)
BUILDING OBJECTIVE FUNCTION
  4.177534 seconds (15.82 M allocations: 523.367 MiB, 61.79% gc time)
Optimizing for iteration 2
 23.922330 seconds (5 allocations: 32 bytes)
OPTIMAL
4.849981786264604e9
 =  0.07956183377143057
READING COST DATA FOR ITERATION 3
 44.921289 seconds (35.80 M allocations: 3.986 GiB, 18.52% gc time)
CREATING EXPRESSIONS FOR CAPITAL AND FIXED COST
 23.446006 seconds (43.56 M allocations: 2.749 GiB, 86.74% gc time)
BUILDING OBJECTIVE FUNCTION
  4.279059 seconds (15.82 M allocations: 527.908 MiB, 61.83% gc time)
Optimizing for iteration 3
 23.933724 seconds (2 allocations: 32 bytes)
OPTIMAL
4.129046514481909e9
 =  0.17460090828576244
READING COST DATA FOR ITERATION 4
 52.587659 seconds (35.79 M allocations: 3.956 GiB, 31.24% gc time)
CREATING EXPRESSIONS FOR CAPITAL AND FIXED COST
 18.732403 seconds (43.56 M allocations: 2.749 GiB, 84.25% gc time)
BUILDING OBJECTIVE FUNCTION
  4.302862 seconds (15.82 M allocations: 523.367 MiB, 62.56% gc time)
Optimizing for iteration 4
 26.038312 seconds (2 allocations: 32 bytes)
OPTIMAL
4.1027427101987085e9
 =  0.006411273175341949
READING COST DATA FOR ITERATION 5
 52.851748 seconds (35.79 M allocations: 3.959 GiB, 31.59% gc time)
CREATING EXPRESSIONS FOR CAPITAL AND FIXED COST
 17.903107 seconds (43.56 M allocations: 2.749 GiB, 83.29% gc time)
BUILDING OBJECTIVE FUNCTION
  4.318716 seconds (15.82 M allocations: 523.367 MiB, 62.63% gc time)
Optimizing for iteration 5
 25.303872 seconds (2 allocations: 32 bytes)
OPTIMAL
4.0921253771605697e9
 =  0.002594576670935195
READING COST DATA FOR ITERATION 6
 53.325611 seconds (35.79 M allocations: 3.956 GiB, 31.69% gc time)
CREATING EXPRESSIONS FOR CAPITAL AND FIXED COST
 18.090335 seconds (43.56 M allocations: 2.749 GiB, 83.31% gc time)
BUILDING OBJECTIVE FUNCTION
  4.373405 seconds (15.82 M allocations: 523.367 MiB, 62.67% gc time)
Optimizing for iteration 6
 25.540558 seconds (2 allocations: 32 bytes)
OPTIMAL
4.0921253771605697e9
 =  0.0
ITERATIONS COMPLETED
WRITING RESULTS TO FILE
  4.252979 seconds (10.13 M allocations: 459.209 MiB, 65.99% gc time, 14.23% compilation time)

OPTIMIZING FROM 2036 TO 2040 

STARTING OPTIMIZATION MODEL CREATION
CREATING VARIABLES AND EXPRESSIONS
 28.038545 seconds (43.17 M allocations: 2.626 GiB, 91.05% gc time, 0.70% compilation time)
POPULATING EXPRESSIONS
  8.890273 seconds (19.63 M allocations: 2.998 GiB, 53.61% gc time)
CREATING CONSTRAINTS
  9.329633 seconds (24.88 M allocations: 1.273 GiB, 71.81% gc time, 0.06% compilation time)
POPULATED CORE OPTIMIZATION MODEL, STARTING ITERATIONS
READING COST DATA FOR ITERATION 1
 14.541951 seconds (17.89 M allocations: 2.035 GiB, 65.51% gc time)
CREATING EXPRESSIONS FOR CAPITAL AND FIXED COST
  3.706937 seconds (11.36 M allocations: 740.136 MiB, 79.45% gc time)
BUILDING OBJECTIVE FUNCTION
  6.940577 seconds (7.46 M allocations: 245.250 MiB, 90.03% gc time)
Optimizing for iteration 1
 14.701767 seconds (8.96 M allocations: 819.907 MiB, 46.39% gc time)
OPTIMAL
3.928191936179921e13
 =  1.0
READING COST DATA FOR ITERATION 2
 23.454350 seconds (18.03 M allocations: 1.982 GiB, 54.83% gc time)
CREATING EXPRESSIONS FOR CAPITAL AND FIXED COST
  4.046792 seconds (11.36 M allocations: 740.136 MiB, 80.66% gc time)
BUILDING OBJECTIVE FUNCTION
  0.648552 seconds (7.46 M allocations: 256.847 MiB)
Optimizing for iteration 2
  4.789015 seconds (5 allocations: 11.968 MiB)
OPTIMAL
3.570479404843501e9
 =  11000.86134907028
READING COST DATA FOR ITERATION 3
 23.535011 seconds (18.00 M allocations: 1.984 GiB, 54.91% gc time)
CREATING EXPRESSIONS FOR CAPITAL AND FIXED COST
  4.080016 seconds (11.36 M allocations: 740.136 MiB, 80.11% gc time)
BUILDING OBJECTIVE FUNCTION
  0.646290 seconds (7.46 M allocations: 256.847 MiB)
Optimizing for iteration 3
  4.514391 seconds (2 allocations: 32 bytes)
OPTIMAL
3.513910389806402e9
 =  0.01609859352167269
READING COST DATA FOR ITERATION 4
 23.679520 seconds (18.00 M allocations: 1.982 GiB, 54.84% gc time)
CREATING EXPRESSIONS FOR CAPITAL AND FIXED COST
  4.060869 seconds (11.36 M allocations: 740.136 MiB, 80.90% gc time)
BUILDING OBJECTIVE FUNCTION
  0.652248 seconds (7.46 M allocations: 256.847 MiB)
Optimizing for iteration 4
  4.547967 seconds (2 allocations: 32 bytes)
OPTIMAL
3.513910389806402e9
 =  0.0
ITERATIONS COMPLETED
WRITING RESULTS TO FILE
  4.971514 seconds (8.63 M allocations: 423.888 MiB, 68.44% gc time, 75.73% compilation time)

THE OPTIMIZATION PROBLEM TOOK 13.85 MINUTES TO SOLVE. 
