Running HiGHS 1.6.0: Copyright (c) 2023 HiGHS under MIT licence terms
Presolving model
861069 rows, 1835993 cols, 4706628 nonzeros
650661 rows, 1215999 cols, 3463266 nonzeros
642569 rows, 721107 cols, 2469633 nonzeros
641035 rows, 719135 cols, 2465756 nonzeros
Presolve : Reductions: rows 641035(-7196002); columns 719135(-4516287); elements 2465756(-29632118)
Solving the presolved LP
IPX model has 641035 rows, 719135 columns and 2465756 nonzeros
Input
    Number of variables:                                719135
    Number of free variables:                           0
    Number of constraints:                              641035
    Number of equality constraints:                     40406
    Number of matrix entries:                           2465756
    Matrix range:                                       [1e-02, 1e+00]
    RHS range:                                          [2e+05, 1e+08]
    Objective range:                                    [2e-04, 9e+01]
    Bounds range:                                       [7e+05, 1e+08]
Preprocessing
    Dualized model:                                     no
    Number of dense columns:                            0
    Range of scaling factors:                           [1.00e+00, 2.00e+00]
IPX version 1.0
Interior Point Solve
 Iter     P.res    D.res            P.obj           D.obj        mu     Time
   0   1.89e+07 5.93e+01   6.33565552e+09 -1.50356525e+14  1.23e+09       0s
   1   6.03e+06 4.50e+01   4.59580680e+12 -1.22501147e+14  9.91e+08       1s
   2   3.19e+06 3.84e+01   7.79839850e+12 -1.13862892e+14  1.12e+09       3s
   3   1.62e+06 5.77e+00   7.84973129e+12 -1.99234562e+13  1.84e+08       5s
   4   2.98e+05 6.86e-01   6.32053311e+12 -3.98516042e+12  2.81e+07       9s
 Constructing starting basis...
   5   8.70e+04 1.88e-01   3.98319765e+12 -1.49830854e+12  9.49e+06      26s
   6   1.63e+04 6.78e-02   1.76819668e+12 -6.21177395e+11  3.30e+06      34s
   7   5.26e+03 2.35e-02   1.08788856e+12 -2.70137568e+11  1.44e+06      43s
   8   1.47e+03 8.58e-03   4.99663200e+11 -1.08343507e+11  5.45e+05      50s
   9   7.36e+02 3.33e-03   3.17706171e+11 -4.64841774e+10  2.92e+05      58s
  10   2.69e+02 8.88e-04   1.71042803e+11 -1.52550182e+10  1.39e+05      65s
  11   1.28e+02 3.54e-04   1.15084768e+11 -6.61514614e+09  8.86e+04      73s
  12   7.56e+01 1.64e-04   8.61441154e+10 -2.16742192e+09  6.38e+04      83s
  13   5.15e+01 6.70e-05   6.97874962e+10  6.85632328e+08  4.97e+04      92s
  14   3.85e+01 4.39e-05   5.66308213e+10  1.95290247e+09  3.93e+04     103s
  15   2.84e+01 1.90e-05   4.72732668e+10  3.11733065e+09  3.17e+04     114s
  16   1.84e+01 1.11e-05   3.49914568e+10  3.83508141e+09  2.23e+04     125s
  17   1.64e+01 5.47e-06   3.31591057e+10  4.09558246e+09  2.08e+04     138s
  18   9.33e+00 3.57e-06   2.22629435e+10  4.51973069e+09  1.27e+04     149s
  19   8.73e+00 2.90e-06   2.14733536e+10  4.62972557e+09  1.21e+04     163s
  20   5.34e+00 1.40e-06   1.62751271e+10  4.97679376e+09  8.10e+03     174s
  21   3.66e+00 7.79e-07   1.41567212e+10  5.06636082e+09  6.51e+03     188s
  22   1.84e+00 5.20e-07   1.01864944e+10  5.21699560e+09  3.56e+03     203s
  23   9.27e-01 2.68e-07   8.36538711e+09  5.35838647e+09  2.15e+03     223s
  24   7.72e-01 2.18e-07   8.01061475e+09  5.39135706e+09  1.88e+03     249s
  25   3.54e-01 1.14e-07   7.11908955e+09  5.45554928e+09  1.19e+03     267s
  26   2.12e-01 5.81e-08   6.70763416e+09  5.50474312e+09  8.62e+02     294s
  27   1.69e-01 4.08e-08   6.56499085e+09  5.52285655e+09  7.47e+02     321s
  28   1.15e-01 2.93e-08   6.34257718e+09  5.53881968e+09  5.76e+02     342s
  29   8.09e-02 1.40e-08   6.20721608e+09  5.55953994e+09  4.64e+02     361s
  30   4.96e-02 6.85e-09   6.08264489e+09  5.56909961e+09  3.68e+02     379s
  31   3.71e-02 5.19e-09   6.00940102e+09  5.57379275e+09  3.12e+02     395s
  32   1.98e-02 2.75e-09   5.86512599e+09  5.58530584e+09  2.00e+02     408s
  33   1.44e-02 2.28e-09   5.82140695e+09  5.58747855e+09  1.68e+02     423s
  34   1.04e-02 1.70e-09   5.77238195e+09  5.59171434e+09  1.29e+02     434s
  35   7.44e-03 1.02e-09   5.76109907e+09  5.59296148e+09  1.20e+02     445s
  36   4.13e-03 7.02e-10   5.72351824e+09  5.59543432e+09  9.18e+01     455s
  37   2.56e-03 4.57e-10   5.69302392e+09  5.59847044e+09  6.77e+01     465s
  38   1.89e-03 2.69e-10   5.67986675e+09  5.60083344e+09  5.66e+01     476s
  39   1.58e-03 2.19e-10   5.67470261e+09  5.60137373e+09  5.25e+01     484s
  40   5.95e-04 1.35e-10   5.64511381e+09  5.60308496e+09  3.01e+01     493s
  41   2.38e-04 6.22e-11   5.63844629e+09  5.60419788e+09  2.45e+01     503s
  42   1.82e-04 4.93e-11   5.63232401e+09  5.60483558e+09  1.97e+01     513s
  43   9.52e-05 2.67e-11   5.62270954e+09  5.60595833e+09  1.20e+01     522s
  44   4.16e-05 1.40e-11   5.61775175e+09  5.60651695e+09  8.05e+00     531s
  45   2.37e-05 1.05e-11   5.61654428e+09  5.60664695e+09  7.09e+00     540s
  46   1.30e-05 7.26e-12   5.61298352e+09  5.60694856e+09  4.32e+00     548s
  47   8.73e-06 3.50e-12   5.61156826e+09  5.60730123e+09  3.06e+00     557s
  48   3.61e-06 1.07e-12   5.60998002e+09  5.60751669e+09  1.76e+00     566s
  49   1.55e-06 5.97e-13   5.60888265e+09  5.60759140e+09  9.25e-01     574s
  50   6.85e-07 1.42e-13   5.60849514e+09  5.60765629e+09  6.01e-01     582s
  51   2.38e-07 7.11e-14   5.60798586e+09  5.60769544e+09  2.08e-01     590s
  52   6.99e-08 4.26e-14   5.60776876e+09  5.60771223e+09  4.05e-02     598s
  53   9.38e-08 4.26e-14   5.60771603e+09  5.60771521e+09  5.85e-04     607s
  54   1.19e-07 4.26e-14   5.60771550e+09  5.60771547e+09  2.03e-05     617s
  55*  1.01e-07 4.26e-14   5.60771549e+09  5.60771549e+09  1.93e-06     627s
Summary
    Runtime:                                            626.58s
    Status interior point solve:                        optimal
    Status crossover:                                   not run
    objective value:                                    5.60771549e+09
    interior solution primal residual (abs/rel):        2.38e-07 / 1.63e-15
    interior solution dual residual (abs/rel):          1.13e-10 / 1.28e-12
    interior solution objective gap (abs/rel):          2.69e+00 / 4.79e-10
Ipx: IPM       optimal
Model   status      : Optimal
IPM       iterations: 55
Objective value     :  5.6077154940e+09
HiGHS run time      :        635.89
Presolving model
861069 rows, 1835993 cols, 4706628 nonzeros
650661 rows, 1215999 cols, 3463266 nonzeros
642569 rows, 721107 cols, 2469633 nonzeros
641035 rows, 719135 cols, 2465756 nonzeros
Presolve : Reductions: rows 641035(-7218547); columns 719135(-4516287); elements 2465756(-29654663)
Solving the presolved LP
IPX model has 641035 rows, 719135 columns and 2465756 nonzeros
Input
    Number of variables:                                719135
    Number of free variables:                           0
    Number of constraints:                              641035
    Number of equality constraints:                     40406
    Number of matrix entries:                           2465756
    Matrix range:                                       [1e-02, 1e+00]
    RHS range:                                          [2e+05, 1e+08]
    Objective range:                                    [2e-04, 1e+07]
    Bounds range:                                       [7e+05, 1e+08]
Preprocessing
    Dualized model:                                     no
    Number of dense columns:                            0
    Range of scaling factors:                           [1.00e+00, 2.00e+00]
IPX version 1.0
Interior Point Solve
 Iter     P.res    D.res            P.obj           D.obj        mu     Time
   0   1.89e+07 2.81e+06   2.31535586e+14 -7.12353257e+18  5.84e+13       0s
   1   6.01e+06 2.15e+06   6.13975744e+17 -5.85379690e+18  4.76e+13       1s
   2   3.17e+06 1.82e+06   1.00247924e+18 -5.41710800e+18  5.30e+13       3s
   3   1.63e+06 2.80e+05   9.95512207e+17 -9.77502496e+17  9.25e+12       5s
   4   3.17e+05 6.05e+04   7.35154072e+17 -2.90026156e+17  2.34e+12       9s
 Constructing starting basis...
   5   3.44e+04 1.78e+04   4.12991924e+17 -1.21654972e+17  8.14e+11      24s
   6   8.41e+03 7.32e+03   2.18548960e+17 -5.84719799e+16  3.37e+11      32s
   7   1.45e+03 2.83e+03   1.07723222e+17 -2.81893731e+16  1.37e+11      39s
   8   6.50e+02 1.14e+03   6.69925057e+16 -1.33918269e+16  7.03e+10      48s
   9   3.15e+02 3.84e+02   3.92065303e+16 -5.30885241e+15  3.52e+10      58s
  10   1.97e+02 1.48e+02   2.81514015e+16 -2.62397813e+15  2.32e+10      67s
  11   1.08e+02 4.67e+01   1.66094166e+16 -9.95624506e+14  1.29e+10      75s
  12   7.65e+01 1.46e+01   1.23306549e+16 -4.65889401e+14  9.27e+09      83s
  13   4.49e+01 7.52e+00   8.29659865e+15 -3.80035260e+14  6.29e+09      91s
  14   3.01e+01 4.07e+00   6.14582165e+15 -2.90887731e+14  4.66e+09      98s
  15   2.25e+01 2.13e+00   4.94053070e+15 -2.18188046e+14  3.73e+09     106s
  16   1.22e+01 1.33e+00   2.90961960e+15 -1.58735242e+14  2.22e+09     114s
  17   6.67e+00 7.80e-01   1.69359076e+15 -1.04430968e+14  1.30e+09     122s
  18   2.27e+00 4.13e-01   6.28207418e+14 -5.99524311e+13  5.00e+08     129s
  19   3.73e-01 2.15e-01   2.35512546e+14 -3.78436032e+13  2.01e+08     137s
  20   4.70e-02 9.89e-02   5.68683895e+13 -1.87440655e+13  5.63e+07     144s
  21   6.71e-03 3.41e-02   2.32275458e+13 -7.35318736e+12  2.26e+07     151s
  22   2.72e-03 1.06e-02   1.25258058e+13 -2.49957446e+12  1.09e+07     159s
  23   1.54e-03 5.80e-03   8.59598659e+12 -1.47403073e+12  7.30e+06     167s
  24   6.15e-04 2.79e-03   4.77277046e+12 -7.74599523e+11  4.00e+06     174s
  25   2.66e-04 1.71e-03   3.16956717e+12 -5.18705215e+11  2.66e+06     181s
  26   1.06e-04 1.01e-03   1.97360983e+12 -3.29234959e+11  1.66e+06     189s
  27   6.87e-05 5.46e-04   1.63507562e+12 -2.00327879e+11  1.32e+06     198s
  28   3.67e-05 3.26e-04   1.10971109e+12 -1.23643615e+11  8.85e+05     206s
  29   2.81e-05 2.21e-04   1.00003319e+12 -9.25724084e+10  7.84e+05     214s
  30   2.11e-05 1.50e-04   8.47038285e+11 -6.49008362e+10  6.54e+05     222s
  31   1.44e-05 7.71e-05   6.45392566e+11 -3.03685745e+10  4.84e+05     229s
  32   1.22e-05 4.63e-05   5.67860789e+11 -1.48063510e+10  4.18e+05     236s
  33   8.34e-06 2.87e-05   4.48550434e+11 -6.56572789e+09  3.26e+05     244s
  34   3.70e-06 2.36e-05   2.84459654e+11 -3.61883175e+09  2.06e+05     250s
  35   2.26e-06 1.22e-05   2.46583508e+11  2.18786320e+09  1.75e+05     258s
  36   1.19e-06 6.38e-06   1.50409576e+11  9.80638311e+09  1.01e+05     265s
  37   5.96e-07 2.55e-06   1.02364706e+11  1.42049803e+10  6.32e+04     272s
  38   2.98e-07 1.47e-06   6.39155217e+10  1.62621019e+10  3.41e+04     279s
  39   1.34e-07 8.16e-07   4.05970073e+10  1.76602474e+10  1.64e+04     286s
  40   1.30e-07 4.06e-07   3.09388958e+10  1.85262204e+10  8.89e+03     292s
  41   1.19e-07 2.01e-07   2.71244027e+10  1.91064678e+10  5.74e+03     299s
  42   1.59e-07 1.43e-07   2.45219216e+10  1.92416193e+10  3.78e+03     305s
  43   1.75e-07 4.00e-08   2.18686001e+10  1.96297257e+10  1.60e+03     311s
  44   1.12e-07 9.31e-09   2.08717699e+10  1.97689460e+10  7.90e+02     317s
  45   1.61e-07 5.59e-09   2.02570302e+10  1.98202518e+10  3.13e+02     323s
  46   1.07e-07 3.73e-09   2.00020360e+10  1.98362133e+10  1.19e+02     329s
  47   1.79e-07 3.73e-09   1.98864542e+10  1.98440898e+10  3.04e+01     334s
  48   2.38e-07 3.73e-09   1.98541407e+10  1.98470454e+10  5.08e+00     340s
  49   1.30e-07 3.73e-09   1.98487095e+10  1.98483259e+10  2.75e-01     345s
  50   1.19e-07 3.73e-09   1.98484578e+10  1.98484166e+10  2.95e-02     351s
  51   1.83e-07 5.59e-09   1.98484373e+10  1.98484295e+10  5.59e-03     356s
  52   3.58e-07 3.73e-09   1.98484356e+10  1.98484350e+10  4.40e-04     361s
  53   9.54e-07 1.86e-09   1.98484355e+10  1.98484354e+10  3.31e-05     368s
  54*  2.68e-07 1.86e-09   1.98484355e+10  1.98484355e+10  4.43e-06     373s
Summary
    Runtime:                                            373.52s
    Status interior point solve:                        optimal
    Status crossover:                                   not run
    objective value:                                    1.98484355e+10
    interior solution primal residual (abs/rel):        5.36e-07 / 3.67e-15
    interior solution dual residual (abs/rel):          9.31e-10 / 9.62e-17
    interior solution objective gap (abs/rel):          4.63e+00 / 2.33e-10
Ipx: IPM       optimal
Model   status      : Optimal
IPM       iterations: 54
Objective value     :  1.9848435457e+10
HiGHS run time      :        382.77
Presolving model
861069 rows, 1835993 cols, 4706628 nonzeros
650661 rows, 1215999 cols, 3463266 nonzeros
642569 rows, 721107 cols, 2469633 nonzeros
641035 rows, 719135 cols, 2465756 nonzeros
Presolve : Reductions: rows 641035(-7241092); columns 719135(-4516287); elements 2465756(-29677208)
Solving the presolved LP
IPX model has 641035 rows, 719135 columns and 2465756 nonzeros
Input
    Number of variables:                                719135
    Number of free variables:                           0
    Number of constraints:                              641035
    Number of equality constraints:                     40406
    Number of matrix entries:                           2465756
    Matrix range:                                       [1e-02, 1e+00]
    RHS range:                                          [2e+05, 1e+08]
    Objective range:                                    [2e-04, 1e+07]
    Bounds range:                                       [7e+05, 1e+08]
Preprocessing
    Dualized model:                                     no
    Number of dense columns:                            0
    Range of scaling factors:                           [1.00e+00, 2.00e+00]
IPX version 1.0
Interior Point Solve
 Iter     P.res    D.res            P.obj           D.obj        mu     Time
   0   1.89e+07 2.80e+06   2.43225942e+14 -7.11586169e+18  5.83e+13       0s
   1   6.01e+06 2.15e+06   6.22486413e+17 -5.84717122e+18  4.76e+13       1s
   2   3.15e+06 1.82e+06   1.01746174e+18 -5.40992249e+18  5.29e+13       3s
   3   1.63e+06 2.80e+05   1.01074845e+18 -9.77603911e+17  9.27e+12       5s
   4   3.21e+05 6.11e+04   7.50557311e+17 -2.91365254e+17  2.37e+12       9s
 Constructing starting basis...
   5   3.58e+04 1.80e+04   4.26935830e+17 -1.22076727e+17  8.24e+11      25s
   6   8.58e+03 7.43e+03   2.25289656e+17 -5.89594818e+16  3.40e+11      32s
   7   1.26e+03 2.94e+03   1.04863015e+17 -2.83710235e+16  1.33e+11      39s
   8   2.24e+02 1.21e+03   4.78691194e+16 -1.37916193e+16  5.44e+10      49s
   9   6.52e+01 3.80e+02   2.36655786e+16 -5.20327781e+15  2.29e+10      59s
  10   1.49e+01 1.08e+02   9.80427721e+15 -1.80853571e+15  8.79e+09      68s
  11   5.69e+00 5.53e+01   5.14982089e+15 -1.00334608e+15  4.63e+09      77s
  12   3.16e+00 2.69e+01   3.74884247e+15 -5.67358119e+14  3.21e+09      86s
  13   1.39e+00 1.60e+01   2.24842179e+15 -3.68298502e+14  1.95e+09      94s
  14   6.65e-01 1.07e+01   1.29545508e+15 -2.53698572e+14  1.16e+09     101s
  15   2.56e-01 5.93e+00   6.01281598e+14 -1.43073872e+14  5.63e+08     109s
  16   1.22e-01 3.67e+00   3.43351859e+14 -9.15080281e+13  3.30e+08     117s
  17   6.27e-02 2.04e+00   2.15930920e+14 -5.33920534e+13  2.04e+08     124s
  18   1.36e-02 4.80e-02   1.22916706e+14 -7.98818098e+12  9.41e+07     131s
  19   5.04e-03 2.31e-02   5.14237750e+13 -4.15618166e+12  4.00e+07     139s
  20   2.53e-03 1.26e-02   3.00222475e+13 -2.49568855e+12  2.34e+07     146s
  21   7.98e-04 3.91e-03   1.26428319e+13 -9.69869836e+11  9.78e+06     154s
  22   3.78e-04 1.34e-03   7.08995913e+12 -4.09858545e+11  5.38e+06     162s
  23   2.40e-04 5.15e-04   5.28263824e+12 -2.33190025e+11  3.96e+06     169s
  24   6.10e-05 1.70e-04   2.99463559e+12 -1.61486623e+11  2.26e+06     176s
  25   2.26e-05 8.17e-05   1.33458265e+12 -8.20575834e+10  1.02e+06     185s
  26   9.06e-06 2.03e-05   7.61786569e+11 -2.76789014e+10  5.66e+05     193s
  27   4.05e-06 1.13e-05   5.32863352e+11 -1.85398204e+10  3.95e+05     201s
  28   1.43e-06 2.63e-06   2.50569364e+11  1.44277769e+09  1.78e+05     208s
  29   5.96e-07 1.11e-06   1.45222485e+11  6.68474030e+09  9.93e+04     216s
  30   2.38e-07 4.23e-07   8.10905603e+10  1.02480361e+10  5.08e+04     223s
  31   2.38e-07 1.55e-07   4.24753284e+10  1.24141829e+10  2.15e+04     231s
  32   2.38e-07 6.52e-08   2.86564105e+10  1.34118682e+10  1.09e+04     238s
  33   2.98e-07 3.35e-08   2.06043365e+10  1.39356830e+10  4.78e+03     245s
  34   2.98e-07 1.30e-08   1.69422828e+10  1.42723205e+10  1.91e+03     251s
  35   2.09e-07 5.59e-09   1.55032959e+10  1.43994681e+10  7.91e+02     258s
  36   1.49e-07 3.73e-09   1.48413460e+10  1.44500442e+10  2.80e+02     264s
  37   2.38e-07 3.73e-09   1.46389282e+10  1.44869574e+10  1.09e+02     270s
  38   2.68e-07 3.73e-09   1.45617175e+10  1.45007558e+10  4.37e+01     276s
  39   3.87e-07 2.79e-09   1.45221912e+10  1.45077137e+10  1.04e+01     282s
  40   1.49e-07 2.79e-09   1.45113786e+10  1.45090466e+10  1.67e+00     287s
  41   1.79e-07 3.73e-09   1.45097622e+10  1.45092218e+10  3.87e-01     292s
  42   2.68e-07 3.73e-09   1.45093919e+10  1.45092851e+10  7.65e-02     298s
  43   4.17e-07 3.73e-09   1.45093165e+10  1.45093071e+10  6.70e-03     303s
  44   5.07e-07 3.73e-09   1.45093113e+10  1.45093097e+10  1.18e-03     308s
  45   1.34e-06 2.79e-09   1.45093108e+10  1.45093107e+10  8.18e-05     314s
  46*  3.87e-07 1.86e-09   1.45093108e+10  1.45093108e+10  3.92e-06     320s
Summary
    Runtime:                                            320.39s
    Status interior point solve:                        optimal
    Status crossover:                                   not run
    objective value:                                    1.45093108e+10
    interior solution primal residual (abs/rel):        7.00e-07 / 4.80e-15
    interior solution dual residual (abs/rel):          9.31e-10 / 9.62e-17
    interior solution objective gap (abs/rel):          4.98e+00 / 3.44e-10
Ipx: IPM       optimal
Model   status      : Optimal
IPM       iterations: 46
Objective value     :  1.4509310797e+10
HiGHS run time      :        329.29
Presolving model
861069 rows, 1835993 cols, 4706628 nonzeros
650661 rows, 1215999 cols, 3463266 nonzeros
642569 rows, 721107 cols, 2469633 nonzeros
641035 rows, 719135 cols, 2465756 nonzeros
Presolve : Reductions: rows 641035(-7263637); columns 719135(-4516287); elements 2465756(-29699753)
Solving the presolved LP
IPX model has 641035 rows, 719135 columns and 2465756 nonzeros
Input
    Number of variables:                                719135
    Number of free variables:                           0
    Number of constraints:                              641035
    Number of equality constraints:                     40406
    Number of matrix entries:                           2465756
    Matrix range:                                       [1e-02, 1e+00]
    RHS range:                                          [2e+05, 1e+08]
    Objective range:                                    [2e-04, 1e+07]
    Bounds range:                                       [7e+05, 1e+08]
Preprocessing
    Dualized model:                                     no
    Number of dense columns:                            0
    Range of scaling factors:                           [1.00e+00, 2.00e+00]
IPX version 1.0
Interior Point Solve
 Iter     P.res    D.res            P.obj           D.obj        mu     Time
   0   1.89e+07 2.80e+06   2.43486329e+14 -7.11663946e+18  5.84e+13       0s
   1   6.01e+06 2.15e+06   6.22644308e+17 -5.84781625e+18  4.76e+13       1s
   2   3.15e+06 1.82e+06   1.01789723e+18 -5.41067891e+18  5.30e+13       3s
   3   1.62e+06 2.80e+05   1.01120323e+18 -9.78028958e+17  9.28e+12       5s
   4   3.15e+05 6.12e+04   7.49951834e+17 -2.91512303e+17  2.36e+12       9s
 Constructing starting basis...
   5   3.46e+04 1.80e+04   4.26619098e+17 -1.22024297e+17  8.23e+11      24s
   6   7.92e+03 7.39e+03   2.23416090e+17 -5.89209202e+16  3.37e+11      32s
   7   1.17e+03 2.97e+03   1.05464027e+17 -2.88605875e+16  1.34e+11      39s
   8   2.12e+02 1.22e+03   4.77945422e+16 -1.38962532e+16  5.45e+10      49s
   9   6.16e+01 3.74e+02   2.36951599e+16 -5.13864217e+15  2.29e+10      59s
  10   1.42e+01 1.10e+02   9.90746645e+15 -1.84571676e+15  8.90e+09      67s
  11   5.28e+00 5.77e+01   5.07682510e+15 -1.03693319e+15  4.61e+09      76s
  12   2.64e+00 2.77e+01   3.58096734e+15 -5.81313080e+14  3.10e+09      84s
  13   1.17e+00 1.67e+01   2.20336520e+15 -3.82181834e+14  1.93e+09      93s
  14   5.06e-01 1.12e+01   1.18573468e+15 -2.60644972e+14  1.09e+09     101s
  15   1.80e-01 6.34e+00   5.28476033e+14 -1.50119424e+14  5.18e+08     109s
  16   8.56e-02 3.66e+00   3.14370765e+14 -9.02382611e+13  3.09e+08     117s
  17   5.15e-02 2.09e+00   2.20145123e+14 -5.39288939e+13  2.07e+08     124s
  18   1.38e-02 4.28e-01   9.46056693e+13 -1.37052815e+13  7.99e+07     131s
  19   5.88e-03 1.25e-01   4.76309017e+13 -4.55577806e+12  3.80e+07     138s
  20   2.06e-03 5.11e-02   2.21337823e+13 -2.17760994e+12  1.77e+07     146s
  21   5.64e-04 6.43e-03   1.05630126e+13 -6.11542264e+11  8.04e+06     153s
  22   2.64e-04 1.85e-03   5.94982371e+12 -2.50971085e+11  4.45e+06     160s
  23   2.00e-04 1.14e-03   5.43844105e+12 -2.42414566e+11  4.08e+06     168s
  24   9.41e-05 4.13e-04   2.83980966e+12 -1.00482093e+11  2.11e+06     176s
  25   3.66e-05 2.04e-04   1.44564416e+12 -6.03730494e+10  1.08e+06     183s
  26   1.44e-05 4.03e-05   7.85833233e+11 -1.85314498e+10  5.76e+05     191s
  27   7.69e-06 1.81e-05   5.25959410e+11 -8.39143922e+09  3.83e+05     199s
  28   1.97e-06 4.80e-06   2.00625569e+11  4.36443280e+09  1.41e+05     206s
  29   2.67e-07 3.45e-06   1.05825682e+11  5.39736281e+09  7.20e+04     213s
  30   1.79e-07 1.17e-06   5.25465990e+10  1.00361692e+10  3.05e+04     221s
  31   1.19e-07 5.59e-07   3.16851803e+10  1.17863840e+10  1.43e+04     228s
  32   2.38e-07 2.03e-07   2.25992197e+10  1.29707208e+10  6.90e+03     235s
  33   1.03e-07 7.45e-08   1.72825577e+10  1.35182502e+10  2.70e+03     242s
  34   2.38e-07 3.35e-08   1.59609776e+10  1.37024820e+10  1.62e+03     249s
  35   2.98e-07 1.30e-08   1.47038381e+10  1.38526226e+10  6.10e+02     255s
  36   2.09e-07 7.45e-09   1.43001302e+10  1.39019954e+10  2.85e+02     262s
  37   1.49e-07 3.73e-09   1.40840450e+10  1.39224237e+10  1.16e+02     268s
  38   1.27e-07 3.73e-09   1.39813526e+10  1.39335662e+10  3.42e+01     273s
  39   3.58e-07 3.73e-09   1.39438798e+10  1.39375539e+10  4.53e+00     279s
  40   3.87e-07 3.73e-09   1.39392167e+10  1.39384142e+10  5.75e-01     285s
  41   1.49e-07 3.73e-09   1.39387602e+10  1.39385205e+10  1.72e-01     290s
  42   1.79e-07 3.73e-09   1.39385542e+10  1.39385303e+10  1.72e-02     295s
  43   1.34e-07 3.73e-09   1.39385401e+10  1.39385323e+10  5.58e-03     300s
  44   1.49e-07 3.73e-09   1.39385353e+10  1.39385328e+10  1.78e-03     305s
  45   4.17e-07 3.73e-09   1.39385333e+10  1.39385331e+10  9.56e-05     311s
  46*  1.52e-06 1.86e-09   1.39385332e+10  1.39385332e+10  9.56e-06     316s
Summary
    Runtime:                                            315.99s
    Status interior point solve:                        optimal
    Status crossover:                                   not run
    objective value:                                    1.39385332e+10
    interior solution primal residual (abs/rel):        1.01e-06 / 6.94e-15
    interior solution dual residual (abs/rel):          9.31e-10 / 9.62e-17
    interior solution objective gap (abs/rel):          1.29e+01 / 9.26e-10
Ipx: IPM       optimal
Model   status      : Optimal
IPM       iterations: 46
Objective value     :  1.3938533165e+10
HiGHS run time      :        325.36
Presolving model
861069 rows, 1835993 cols, 4706628 nonzeros
650661 rows, 1215999 cols, 3463266 nonzeros
642569 rows, 721107 cols, 2469633 nonzeros
641035 rows, 719135 cols, 2465756 nonzeros
Presolve : Reductions: rows 641035(-7286182); columns 719135(-4516287); elements 2465756(-29722298)
Solving the presolved LP
IPX model has 641035 rows, 719135 columns and 2465756 nonzeros
Input
    Number of variables:                                719135
    Number of free variables:                           0
    Number of constraints:                              641035
    Number of equality constraints:                     40406
    Number of matrix entries:                           2465756
    Matrix range:                                       [1e-02, 1e+00]
    RHS range:                                          [2e+05, 1e+08]
    Objective range:                                    [2e-04, 1e+07]
    Bounds range:                                       [7e+05, 1e+08]
Preprocessing
    Dualized model:                                     no
    Number of dense columns:                            0
    Range of scaling factors:                           [1.00e+00, 2.00e+00]
IPX version 1.0
Interior Point Solve
 Iter     P.res    D.res            P.obj           D.obj        mu     Time
   0   1.89e+07 2.80e+06   2.43529747e+14 -7.11663838e+18  5.84e+13       0s
   1   6.01e+06 2.15e+06   6.22679238e+17 -5.84781723e+18  4.76e+13       1s
   2   3.15e+06 1.82e+06   1.01796707e+18 -5.41069381e+18  5.30e+13       3s
   3   1.63e+06 2.80e+05   1.01127537e+18 -9.78047625e+17  9.28e+12       5s
   4   3.15e+05 6.12e+04   7.49971194e+17 -2.91520500e+17  2.36e+12       9s
 Constructing starting basis...
   5   3.48e+04 1.80e+04   4.26707401e+17 -1.22095381e+17  8.24e+11      25s
   6   8.29e+03 7.42e+03   2.25247820e+17 -5.89132624e+16  3.39e+11      32s
   7   1.22e+03 2.93e+03   1.05053974e+17 -2.84038473e+16  1.33e+11      40s
   8   2.22e+02 1.22e+03   4.80696057e+16 -1.38398689e+16  5.46e+10      50s
   9   6.28e+01 3.71e+02   2.35049197e+16 -5.11127837e+15  2.27e+10      61s
  10   1.44e+01 1.09e+02   9.87354329e+15 -1.83851754e+15  8.86e+09      71s
  11   5.37e+00 5.75e+01   5.08364950e+15 -1.03999396e+15  4.62e+09      79s
  12   2.76e+00 2.73e+01   3.63929682e+15 -5.78554609e+14  3.14e+09      88s
  13   1.22e+00 1.66e+01   2.22193204e+15 -3.82850352e+14  1.94e+09      96s
  14   5.28e-01 1.11e+01   1.19363350e+15 -2.60189502e+14  1.10e+09     105s
  15   2.09e-01 6.31e+00   5.75811156e+14 -1.50741533e+14  5.52e+08     113s
  16   9.62e-02 3.79e+00   3.23942051e+14 -9.36670141e+13  3.19e+08     121s
  17   4.95e-02 2.07e+00   2.07139661e+14 -5.37737268e+13  1.98e+08     129s
  18   1.10e-02 8.17e-02   1.23293351e+14 -8.85133870e+12  9.52e+07     136s
  19   5.04e-03 3.99e-02   6.21811245e+13 -4.65560614e+12  4.81e+07     144s
  20   3.35e-03 1.16e-02   4.45466773e+13 -1.78891765e+12  3.33e+07     152s
  21   1.32e-03 5.99e-03   1.82028215e+13 -9.44200189e+11  1.37e+07     161s
  22   4.33e-04 1.92e-03   9.09285460e+12 -4.94210040e+11  6.88e+06     168s
  23   2.37e-04 3.94e-04   6.51471188e+12 -2.60786736e+11  4.86e+06     176s
  24   1.07e-04 1.55e-04   3.87029205e+12 -1.58615906e+11  2.89e+06     184s
  25   2.93e-05 5.43e-05   1.55257112e+12 -7.43167971e+10  1.17e+06     192s
  26   1.12e-05 2.21e-05   8.88025249e+11 -3.96733982e+10  6.65e+05     200s
  27   1.67e-06 1.62e-05   5.04496487e+11 -3.26429017e+10  3.85e+05     208s
  28   5.96e-07 4.95e-06   2.49779636e+11 -6.59012558e+09  1.84e+05     215s
  29   2.38e-07 1.99e-06   1.38899560e+11  2.85678594e+09  9.75e+04     223s
  30   1.23e-07 7.51e-07   8.85246946e+10  8.32519429e+09  5.75e+04     230s
  31   3.58e-07 2.82e-07   4.93173383e+10  1.10595143e+10  2.74e+04     237s
  32   2.09e-07 1.14e-07   3.01436130e+10  1.25464511e+10  1.26e+04     244s
  33   8.94e-08 2.24e-08   2.07879393e+10  1.33495617e+10  5.33e+03     251s
  34   2.98e-07 9.31e-09   1.61501831e+10  1.36699634e+10  1.78e+03     257s
  35   2.68e-07 5.59e-09   1.52995310e+10  1.37836892e+10  1.09e+03     263s
  36   2.38e-07 5.59e-09   1.44642955e+10  1.38451976e+10  4.44e+02     269s
  37   2.38e-07 3.73e-09   1.40922324e+10  1.38814362e+10  1.51e+02     276s
  38   3.28e-07 2.79e-09   1.39819612e+10  1.38970772e+10  6.08e+01     281s
  39   1.49e-07 3.73e-09   1.39302044e+10  1.39062587e+10  1.72e+01     287s
  40   2.68e-07 3.73e-09   1.39144490e+10  1.39090125e+10  3.90e+00     292s
  41   1.34e-07 2.79e-09   1.39114864e+10  1.39092861e+10  1.58e+00     297s
  42   2.68e-07 3.73e-09   1.39107486e+10  1.39093669e+10  9.90e-01     302s
  43   2.38e-07 3.73e-09   1.39104360e+10  1.39093696e+10  7.64e-01     307s
  44   2.09e-07 3.73e-09   1.39096564e+10  1.39094038e+10  1.81e-01     311s
  45   1.49e-07 3.73e-09   1.39094308e+10  1.39094125e+10  1.31e-02     316s
  46   5.36e-07 3.73e-09   1.39094179e+10  1.39094134e+10  3.27e-03     321s
  47   4.32e-07 3.73e-09   1.39094140e+10  1.39094136e+10  2.60e-04     325s
  48   7.45e-07 1.86e-09   1.39094139e+10  1.39094137e+10  1.54e-04     330s
  49   1.94e-06 2.79e-09   1.39094137e+10  1.39094137e+10  1.41e-05     333s
  50*  1.85e-06 1.86e-09   1.39094137e+10  1.39094137e+10  7.26e-07     336s
Summary
    Runtime:                                            336.40s
    Status interior point solve:                        optimal
    Status crossover:                                   not run
    objective value:                                    1.39094137e+10
    interior solution primal residual (abs/rel):        1.10e-06 / 7.55e-15
    interior solution dual residual (abs/rel):          9.31e-10 / 9.62e-17
    interior solution objective gap (abs/rel):          7.23e-01 / 5.19e-11
Ipx: IPM       optimal
Model   status      : Optimal
IPM       iterations: 50
Objective value     :  1.3909413672e+10
HiGHS run time      :        345.46
Presolving model
861069 rows, 1835993 cols, 4706628 nonzeros
650661 rows, 1215999 cols, 3463266 nonzeros
642569 rows, 721107 cols, 2469633 nonzeros
641035 rows, 719135 cols, 2465756 nonzeros
Presolve : Reductions: rows 641035(-7308727); columns 719135(-4516287); elements 2465756(-29744843)
Solving the presolved LP
IPX model has 641035 rows, 719135 columns and 2465756 nonzeros
Input
    Number of variables:                                719135
    Number of free variables:                           0
    Number of constraints:                              641035
    Number of equality constraints:                     40406
    Number of matrix entries:                           2465756
    Matrix range:                                       [1e-02, 1e+00]
    RHS range:                                          [2e+05, 1e+08]
    Objective range:                                    [2e-04, 1e+07]
    Bounds range:                                       [7e+05, 1e+08]
Preprocessing
    Dualized model:                                     no
    Number of dense columns:                            0
    Range of scaling factors:                           [1.00e+00, 2.00e+00]
IPX version 1.0
Interior Point Solve
 Iter     P.res    D.res            P.obj           D.obj        mu     Time
   0   1.89e+07 2.80e+06   2.43529995e+14 -7.11663943e+18  5.84e+13       0s
   1   6.01e+06 2.15e+06   6.22679398e+17 -5.84781754e+18  4.76e+13       1s
   2   3.15e+06 1.82e+06   1.01797216e+18 -5.41070084e+18  5.30e+13       3s
   3   1.63e+06 2.80e+05   1.01128113e+18 -9.78056733e+17  9.28e+12       5s
   4   3.21e+05 6.12e+04   7.51223550e+17 -2.91586391e+17  2.37e+12       9s
 Constructing starting basis...
   5   3.58e+04 1.80e+04   4.27412061e+17 -1.22195521e+17  8.25e+11      25s
   6   8.43e+03 7.42e+03   2.25128780e+17 -5.90127730e+16  3.39e+11      32s
   7   1.24e+03 2.94e+03   1.05077767e+17 -2.84593012e+16  1.33e+11      40s
   8   2.27e+02 1.22e+03   4.80328312e+16 -1.38466058e+16  5.46e+10      49s
   9   6.40e+01 3.71e+02   2.35815231e+16 -5.12333428e+15  2.27e+10      58s
  10   1.47e+01 1.09e+02   9.92808473e+15 -1.83737650e+15  8.90e+09      67s
  11   5.53e+00 5.74e+01   5.07638041e+15 -1.03804884e+15  4.61e+09      76s
  12   2.85e+00 2.76e+01   3.63488853e+15 -5.82699726e+14  3.14e+09      85s
  13   1.25e+00 1.68e+01   2.21707807e+15 -3.84676216e+14  1.94e+09      94s
  14   5.45e-01 1.12e+01   1.19545991e+15 -2.61484444e+14  1.10e+09     102s
  15   2.10e-01 6.33e+00   5.65442521e+14 -1.50669531e+14  5.45e+08     109s
  16   1.04e-01 3.76e+00   3.37915376e+14 -9.27658444e+13  3.28e+08     118s
  17   5.34e-02 2.12e+00   2.10987937e+14 -5.47344704e+13  2.01e+08     125s
  18   1.31e-02 6.88e-02   1.23125889e+14 -8.22473640e+12  9.45e+07     132s
  19   5.18e-03 3.10e-02   5.48595899e+13 -4.04374482e+12  4.24e+07     141s
  20   2.07e-03 1.05e-02   2.73189190e+13 -1.74256583e+12  2.09e+07     149s
  21   7.39e-04 2.29e-03   1.27842312e+13 -6.02268031e+11  9.61e+06     157s
  22   3.37e-04 9.70e-04   7.19651828e+12 -3.38672399e+11  5.41e+06     165s
  23   9.73e-05 5.19e-04   4.67334987e+12 -2.81935683e+11  3.56e+06     173s
  24   2.96e-05 1.79e-04   2.17336841e+12 -1.33351111e+11  1.65e+06     181s
  25   9.54e-06 6.02e-05   9.50751409e+11 -5.08470125e+10  7.18e+05     189s
  26   1.43e-06 4.91e-05   6.54680087e+11 -4.57528344e+10  5.02e+05     196s
  27   5.96e-07 1.00e-05   3.27561580e+11 -4.71763225e+09  2.38e+05     204s
  28   2.53e-07 4.34e-06   1.73739746e+11  2.00525590e+09  1.23e+05     212s
  29   3.28e-07 2.40e-06   1.04222468e+11  5.64315629e+09  7.06e+04     220s
  30   2.98e-07 8.88e-07   5.03395052e+10  9.96677700e+09  2.89e+04     227s
  31   1.49e-07 3.45e-07   3.02635244e+10  1.20559261e+10  1.30e+04     235s
  32   2.68e-07 7.26e-08   2.23689417e+10  1.32936067e+10  6.50e+03     242s
  33   2.09e-07 2.79e-08   1.73406391e+10  1.36433159e+10  2.65e+03     249s
  34   3.28e-07 1.40e-08   1.58205593e+10  1.37380908e+10  1.49e+03     256s
  35   2.38e-07 6.52e-09   1.46709313e+10  1.38379741e+10  5.97e+02     262s
  36   1.34e-07 5.59e-09   1.42237610e+10  1.38724476e+10  2.52e+02     269s
  37   1.79e-07 3.73e-09   1.40375339e+10  1.38893488e+10  1.06e+02     275s
  38   1.39e-07 3.73e-09   1.39418477e+10  1.38986915e+10  3.09e+01     281s
  39   2.09e-07 3.73e-09   1.39090594e+10  1.39021300e+10  4.96e+00     287s
  40   2.38e-07 5.59e-09   1.39036763e+10  1.39028135e+10  6.18e-01     293s
  41   2.68e-07 5.59e-09   1.39031668e+10  1.39029019e+10  1.90e-01     298s
  42   2.38e-07 3.73e-09   1.39029947e+10  1.39029132e+10  5.84e-02     303s
  43   2.68e-07 2.79e-09   1.39029318e+10  1.39029147e+10  1.23e-02     308s
  44   1.79e-07 2.79e-09   1.39029184e+10  1.39029164e+10  1.50e-03     312s
  45   1.13e-06 2.79e-09   1.39029168e+10  1.39029166e+10  1.20e-04     317s
  46   2.62e-06 1.86e-09   1.39029166e+10  1.39029166e+10  1.60e-05     322s
  47*  1.31e-06 1.86e-09   1.39029166e+10  1.39029166e+10  2.42e-06     326s
Summary
    Runtime:                                            325.81s
    Status interior point solve:                        optimal
    Status crossover:                                   not run
    objective value:                                    1.39029166e+10
    interior solution primal residual (abs/rel):        1.43e-06 / 9.80e-15
    interior solution dual residual (abs/rel):          9.31e-10 / 9.62e-17
    interior solution objective gap (abs/rel):          2.59e+00 / 1.87e-10
Ipx: IPM       optimal
Model   status      : Optimal
IPM       iterations: 47
Objective value     :  1.3902916632e+10
HiGHS run time      :        335.12
[ Info: Rolling step not specified in scenaio.yaml file; Setting it to 15 years
[ Info: Demand-pathway mapping not specified in scenaio.yaml file; SERA will not look for eligible pathways for different demand types.
[ Info: Production capacity constraints from the grid model not defined. SERA will not create these constraints
[ Info: Regional technology limits not specified in scenaio.yaml file; SERA will not create these constraints
STARTING DATA PRE-PROCESSING 
Processing Temporal Data
Processing Nodes
Processing Demand
Processing Existings
Processing Links
Processing Pathways
Creating Infrastructure options
 19.409770 seconds (99.46 M allocations: 11.605 GiB, 42.26% gc time, 0.45% compilation time)

OPTIMIZING FROM 2026 TO 2040 

STARTING OPTIMIZATION MODEL CREATION
CREATING VARIABLES AND EXPRESSIONS
180.282968 seconds (400.97 M allocations: 25.070 GiB, 85.54% gc time, 3.99% compilation time)
POPULATING EXPRESSIONS
101.203102 seconds (439.16 M allocations: 69.163 GiB, 13.52% gc time, 0.19% compilation time)
CREATING CONSTRAINTS
191.332197 seconds (259.79 M allocations: 15.805 GiB, 85.59% gc time, 0.96% compilation time)
POPULATED CORE OPTIMIZATION MODEL, STARTING ITERATIONS
READING COST DATA FOR ITERATION 1
127.868037 seconds (182.13 M allocations: 17.325 GiB, 69.23% gc time, 0.29% compilation time)
CREATING EXPRESSIONS FOR CAPITAL AND FIXED COST
364.020951 seconds (266.36 M allocations: 17.129 GiB, 94.54% gc time, 0.43% compilation time)
BUILDING OBJECTIVE FUNCTION
 31.898909 seconds (65.34 M allocations: 2.016 GiB, 74.63% gc time, 2.72% compilation time)
Optimizing for iteration 1
886.766504 seconds (88.86 M allocations: 8.383 GiB, 25.63% gc time, 0.00% compilation time)
OPTIMAL
5.607715493976575e9
ϵ =  1.0
READING COST DATA FOR ITERATION 2
1298.970214 seconds (147.99 M allocations: 16.616 GiB, 25.39% gc time, 0.00% compilation time)
CREATING EXPRESSIONS FOR CAPITAL AND FIXED COST
820.371041 seconds (264.96 M allocations: 17.021 GiB, 97.55% gc time, 0.00% compilation time)
BUILDING OBJECTIVE FUNCTION
 38.756501 seconds (64.68 M allocations: 2.035 GiB, 78.95% gc time)
Optimizing for iteration 2
382.912802 seconds (5 allocations: 32 bytes)
OPTIMAL
1.9848435456960503e10
ϵ =  0.7174731728284711
READING COST DATA FOR ITERATION 3
1609.924245 seconds (147.41 M allocations: 16.574 GiB, 23.69% gc time)
CREATING EXPRESSIONS FOR CAPITAL AND FIXED COST
777.341594 seconds (264.96 M allocations: 17.021 GiB, 96.96% gc time)
BUILDING OBJECTIVE FUNCTION
 44.063662 seconds (64.68 M allocations: 2.035 GiB, 78.84% gc time)
Optimizing for iteration 3
329.394319 seconds (2 allocations: 32 bytes)
OPTIMAL
1.4509310796915297e10
ϵ =  0.36797920554486746
READING COST DATA FOR ITERATION 4
1673.169932 seconds (147.37 M allocations: 16.636 GiB, 26.07% gc time)
CREATING EXPRESSIONS FOR CAPITAL AND FIXED COST
820.927558 seconds (264.96 M allocations: 17.021 GiB, 97.43% gc time)
BUILDING OBJECTIVE FUNCTION
 42.318519 seconds (64.68 M allocations: 2.035 GiB, 79.02% gc time)
Optimizing for iteration 4
325.467090 seconds (2 allocations: 32 bytes)
OPTIMAL
1.3938533165054495e10
ϵ =  0.04094961966952829
READING COST DATA FOR ITERATION 5
1626.487253 seconds (147.36 M allocations: 16.620 GiB, 23.97% gc time)
CREATING EXPRESSIONS FOR CAPITAL AND FIXED COST
806.553191 seconds (264.96 M allocations: 17.021 GiB, 97.02% gc time)
BUILDING OBJECTIVE FUNCTION
 45.227218 seconds (64.68 M allocations: 2.035 GiB, 79.22% gc time)
Optimizing for iteration 5
345.568947 seconds (2 allocations: 32 bytes)
OPTIMAL
1.3909413671882082e10
ϵ =  0.002093509752933208
READING COST DATA FOR ITERATION 6
1265.420879 seconds (147.36 M allocations: 16.533 GiB, 25.14% gc time)
CREATING EXPRESSIONS FOR CAPITAL AND FIXED COST
687.037138 seconds (264.96 M allocations: 17.021 GiB, 96.76% gc time)
BUILDING OBJECTIVE FUNCTION
 38.383028 seconds (64.68 M allocations: 2.035 GiB, 77.35% gc time)
Optimizing for iteration 6
335.205371 seconds (2 allocations: 32 bytes)
OPTIMAL
1.3902916632201838e10
ϵ =  0.0004673148700304609
ITERATIONS COMPLETED
WRITING RESULTS TO FILE
 60.146360 seconds (51.71 M allocations: 2.127 GiB, 90.76% gc time, 1.10% compilation time)

THE OPTIMIZATION PROBLEM TOOK 257.68 MINUTES TO SOLVE. 
