Running HiGHS 1.6.0: Copyright (c) 2023 HiGHS under MIT licence terms
Presolving model
49617 rows, 158010 cols, 359225 nonzeros
38425 rows, 102894 cols, 251101 nonzeros
38366 rows, 49637 cols, 144312 nonzeros
36002 rows, 47182 cols, 139356 nonzeros
Presolve : Reductions: rows 36002(-788834); columns 47182(-517920); elements 139356(-2156747)
Solving the presolved LP
IPX model has 36002 rows, 47182 columns and 139356 nonzeros
Input
    Number of variables:                                47182
    Number of free variables:                           0
    Number of constraints:                              36002
    Number of equality constraints:                     5355
    Number of matrix entries:                           139356
    Matrix range:                                       [1e-02, 1e+00]
    RHS range:                                          [2e+05, 1e+07]
    Objective range:                                    [4e-04, 1e+02]
    Bounds range:                                       [2e+05, 1e+08]
Preprocessing
    Dualized model:                                     no
    Number of dense columns:                            0
    Range of scaling factors:                           [1.00e+00, 2.00e+00]
IPX version 1.0
Interior Point Solve
 Iter     P.res    D.res            P.obj           D.obj        mu     Time
   0   2.49e+06 7.59e+00   6.24524115e+08 -9.92714138e+11  3.33e+07       0s
   1   5.43e+05 3.92e+00   1.30659116e+11 -5.17896352e+11  1.56e+07       0s
   2   2.28e+05 3.18e+00   1.79130401e+11 -4.23924008e+11  1.43e+07       0s
   3   1.25e+05 4.30e-01   1.35850618e+11 -5.66322146e+10  3.36e+06       0s
   4   3.55e+04 1.61e-01   7.88663659e+10 -2.26141834e+10  1.52e+06       0s
   5   1.43e+04 2.87e-02   3.67069703e+10 -3.99057407e+09  5.40e+05       0s
 Constructing starting basis...
   6   5.74e+03 8.31e-03   2.12782753e+10 -1.13265443e+09  3.02e+05       1s
   7   1.36e+03 3.90e-03   7.88353097e+09 -1.77180678e+08  1.06e+05       1s
   8   3.57e+02 2.13e-03   6.48322215e+09  3.83211848e+08  7.87e+04       1s
   9   8.69e+01 1.05e-03   3.32124200e+09  8.95315171e+08  3.10e+04       1s
  10   4.86e+01 6.03e-04   2.66385624e+09  1.08356089e+09  2.01e+04       1s
  11   3.20e+01 4.55e-04   2.33560065e+09  1.14191126e+09  1.51e+04       1s
  12   2.03e+01 2.91e-04   2.04723163e+09  1.20563717e+09  1.06e+04       2s
  13   1.11e+01 1.25e-04   1.75578681e+09  1.27545575e+09  6.05e+03       2s
  14   6.87e+00 8.84e-05   1.63459916e+09  1.28934294e+09  4.35e+03       2s
  15   4.84e+00 5.81e-05   1.57361006e+09  1.30136441e+09  3.42e+03       2s
  16   1.94e+00 3.43e-05   1.50854715e+09  1.31000125e+09  2.49e+03       2s
  17   1.10e+00 1.53e-05   1.44410323e+09  1.32060934e+09  1.55e+03       2s
  18   7.19e-01 1.15e-05   1.41768486e+09  1.32259965e+09  1.19e+03       2s
  19   4.49e-01 6.74e-06   1.39745489e+09  1.32520290e+09  9.06e+02       2s
  20   3.10e-01 3.15e-06   1.38804149e+09  1.32703678e+09  7.65e+02       2s
  21   1.07e-01 1.44e-06   1.35368715e+09  1.32878802e+09  3.12e+02       2s
  22   5.36e-02 6.99e-07   1.34461859e+09  1.32954458e+09  1.89e+02       3s
  23   2.09e-02 3.37e-07   1.34000990e+09  1.32987840e+09  1.27e+02       3s
  24   4.99e-03 1.56e-07   1.33518833e+09  1.33013518e+09  6.33e+01       3s
  25   9.16e-04 3.60e-08   1.33257456e+09  1.33036430e+09  2.77e+01       3s
  26   2.98e-08 7.80e-09   1.33094302e+09  1.33045555e+09  6.11e+00       3s
  27   2.98e-08 6.89e-10   1.33069934e+09  1.33049565e+09  2.55e+00       3s
  28   2.98e-08 6.63e-11   1.33057871e+09  1.33049695e+09  1.02e+00       3s
  29   2.98e-08 6.28e-12   1.33050902e+09  1.33050017e+09  1.11e-01       3s
  30   2.98e-08 8.67e-13   1.33050267e+09  1.33050047e+09  2.76e-02       3s
  31   2.98e-08 1.71e-13   1.33050080e+09  1.33050051e+09  3.65e-03       3s
  32   2.98e-08 2.84e-14   1.33050055e+09  1.33050052e+09  4.59e-04       3s
  33*  2.98e-08 1.42e-14   1.33050052e+09  1.33050052e+09  5.82e-09       3s
Summary
    Runtime:                                            3.17s
    Status interior point solve:                        optimal
    Status crossover:                                   not run
    objective value:                                    1.33050052e+09
    interior solution primal residual (abs/rel):        2.98e-08 / 2.04e-16
    interior solution dual residual (abs/rel):          2.60e-14 / 2.28e-16
    interior solution objective gap (abs/rel):          3.94e-04 / 2.96e-13
Ipx: IPM       optimal
Model   status      : Optimal
IPM       iterations: 33
Objective value     :  1.3543088641e+09
HiGHS run time      :          3.85
Presolving model
49617 rows, 158010 cols, 359225 nonzeros
38425 rows, 102894 cols, 251101 nonzeros
38366 rows, 49637 cols, 144312 nonzeros
36002 rows, 47182 cols, 139356 nonzeros
Presolve : Reductions: rows 36002(-791339); columns 47182(-517920); elements 139356(-2159252)
Solving the presolved LP
IPX model has 36002 rows, 47182 columns and 139356 nonzeros
Input
    Number of variables:                                47182
    Number of free variables:                           0
    Number of constraints:                              36002
    Number of equality constraints:                     5355
    Number of matrix entries:                           139356
    Matrix range:                                       [1e-02, 1e+00]
    RHS range:                                          [2e+05, 1e+07]
    Objective range:                                    [4e-04, 8e+06]
    Bounds range:                                       [2e+05, 1e+08]
Preprocessing
    Dualized model:                                     no
    Number of dense columns:                            0
    Range of scaling factors:                           [1.00e+00, 2.00e+00]
IPX version 1.0
Interior Point Solve
 Iter     P.res    D.res            P.obj           D.obj        mu     Time
   0   2.49e+06 3.18e+05   5.44877260e+12 -4.25820619e+16  1.43e+12       0s
   1   7.32e+05 2.33e+05   5.69962392e+15 -3.14800241e+16  9.71e+11       0s
   2   3.61e+05 1.47e+05   8.54253486e+15 -2.04522389e+16  7.55e+11       0s
   3   1.36e+05 3.62e+04   6.29221779e+15 -5.16804980e+15  2.32e+11       0s
   4   2.54e+04 7.02e+03   2.91928479e+15 -1.05114349e+15  5.98e+10       0s
   5   1.04e+04 2.10e+03   1.40139396e+15 -3.29171490e+14  2.36e+10       0s
   6   3.30e+03 5.76e+02   4.91325157e+14 -9.97998533e+13  7.70e+09       1s
 Constructing starting basis...
   7   9.50e+02 1.62e+02   1.70559819e+14 -3.34793321e+13  2.78e+09       1s
   8   4.27e+02 1.08e+02   1.22271292e+14 -2.27392374e+13  1.98e+09       1s
   9   8.33e+01 6.50e+01   3.27639346e+13 -1.34014136e+13  6.63e+08       1s
  10   1.29e+01 2.72e+01   9.85272039e+12 -5.56995374e+12  2.28e+08       1s
  11   3.97e+00 3.78e+00   3.95683930e+12 -7.71033677e+11  6.44e+07       1s
  12   1.23e+00 1.54e+00   1.38763390e+12 -3.08824911e+11  2.33e+07       2s
  13   3.73e-01 4.76e-01   4.89011256e+11 -9.23804402e+10  7.92e+06       2s
  14   1.12e-01 2.32e-01   2.12901864e+11 -4.61036665e+10  3.57e+06       2s
  15   2.26e-02 5.33e-02   6.21859655e+10 -9.84862297e+09  9.74e+05       2s
  16   7.11e-03 1.06e-02   2.35082883e+10 -8.62365799e+08  3.18e+05       2s
  17   2.42e-03 5.28e-03   1.38418966e+10  2.18933386e+08  1.76e+05       2s
  18   5.22e-04 1.53e-03   5.52524396e+09  1.09989677e+09  5.64e+04       2s
  19   1.17e-04 3.56e-04   2.51089028e+09  1.41248014e+09  1.39e+04       2s
  20   4.30e-05 1.32e-04   1.93069929e+09  1.47546627e+09  5.72e+03       2s
  21   4.17e-06 5.36e-05   1.64768634e+09  1.49748778e+09  1.88e+03       2s
  22   1.28e-06 2.27e-05   1.57083025e+09  1.50802384e+09  7.88e+02       2s
  23   2.38e-07 1.22e-05   1.52867174e+09  1.51187005e+09  2.11e+02       2s
  24   8.94e-08 4.89e-06   1.52212234e+09  1.51459808e+09  9.44e+01       3s
  25   2.98e-08 1.44e-06   1.51901299e+09  1.51588038e+09  3.93e+01       3s
  26   2.98e-08 2.91e-07   1.51696346e+09  1.51637195e+09  7.42e+00       3s
  27   2.98e-08 2.14e-08   1.51654439e+09  1.51648860e+09  6.99e-01       3s
  28   2.98e-08 3.73e-09   1.51650001e+09  1.51649607e+09  4.95e-02       3s
  29   3.35e-08 1.86e-09   1.51649723e+09  1.51649696e+09  3.39e-03       3s
  30   2.98e-08 1.86e-09   1.51649709e+09  1.51649705e+09  4.94e-04       3s
  31   4.47e-08 1.86e-09   1.51649706e+09  1.51649706e+09  5.24e-05       3s
  32*  5.22e-08 9.31e-10   1.51649706e+09  1.51649706e+09  1.19e-07       3s
Summary
    Runtime:                                            3.06s
    Status interior point solve:                        optimal
    Status crossover:                                   not run
    objective value:                                    1.51649706e+09
    interior solution primal residual (abs/rel):        6.89e-08 / 4.72e-16
    interior solution dual residual (abs/rel):          9.31e-10 / 1.10e-16
    interior solution objective gap (abs/rel):          8.65e-03 / 5.71e-12
Ipx: IPM       optimal
Model   status      : Optimal
IPM       iterations: 32
Objective value     :  1.5391971362e+09
HiGHS run time      :          3.68
Presolving model
49617 rows, 158010 cols, 359225 nonzeros
38425 rows, 102894 cols, 251101 nonzeros
38366 rows, 49637 cols, 144312 nonzeros
36002 rows, 47182 cols, 139356 nonzeros
Presolve : Reductions: rows 36002(-793844); columns 47182(-517920); elements 139356(-2161757)
Solving the presolved LP
IPX model has 36002 rows, 47182 columns and 139356 nonzeros
Input
    Number of variables:                                47182
    Number of free variables:                           0
    Number of constraints:                              36002
    Number of equality constraints:                     5355
    Number of matrix entries:                           139356
    Matrix range:                                       [1e-02, 1e+00]
    RHS range:                                          [2e+05, 1e+07]
    Objective range:                                    [4e-04, 8e+06]
    Bounds range:                                       [2e+05, 1e+08]
Preprocessing
    Dualized model:                                     no
    Number of dense columns:                            0
    Range of scaling factors:                           [1.00e+00, 2.00e+00]
IPX version 1.0
Interior Point Solve
 Iter     P.res    D.res            P.obj           D.obj        mu     Time
   0   2.48e+06 3.18e+05   9.50506084e+12 -4.23825171e+16  1.43e+12       0s
   1   7.30e+05 2.33e+05   5.72747741e+15 -3.13178196e+16  9.67e+11       0s
   2   3.60e+05 1.47e+05   8.57645100e+15 -2.03628541e+16  7.52e+11       0s
   3   1.27e+05 3.60e+04   6.23695548e+15 -5.11098817e+15  2.28e+11       0s
   4   2.24e+04 6.73e+03   2.85341852e+15 -1.00204816e+15  5.72e+10       0s
   5   8.77e+03 2.05e+03   1.34534986e+15 -3.20582421e+14  2.25e+10       0s
   6   2.89e+03 5.65e+02   4.89762368e+14 -9.75219247e+13  7.57e+09       1s
 Constructing starting basis...
   7   8.44e+02 1.61e+02   1.75068440e+14 -3.27026006e+13  2.82e+09       1s
   8   3.89e+02 9.51e+01   1.28926604e+14 -1.91562794e+13  2.00e+09       1s
   9   1.79e+02 6.12e+01   6.53344638e+13 -1.18493933e+13  1.06e+09       1s
  10   8.95e+01 3.87e+01   4.27645297e+13 -7.69557438e+12  6.94e+08       1s
  11   5.98e+01 2.25e+01   3.16851750e+13 -4.61184112e+12  4.94e+08       1s
  12   1.77e+01 1.45e+01   2.23942105e+13 -3.29821692e+12  3.56e+08       2s
  13   6.81e+00 8.61e-01   1.11720689e+13 -3.53268814e+11  1.47e+08       2s
  14   1.76e+00 1.82e-01   3.96363878e+12 -1.11669859e+11  5.19e+07       2s
  15   2.30e-01 4.77e-02   1.12143829e+12 -4.40650711e+10  1.50e+07       2s
  16   4.34e-02 4.41e-03   2.44683735e+11 -3.97119151e+09  3.15e+06       2s
  17   1.32e-02 8.47e-04   9.01284712e+10 -2.74216675e+08  1.14e+06       2s
  18   3.53e-03 1.32e-04   2.89124346e+10  8.65910911e+08  3.52e+05       2s
  19   8.54e-04 2.48e-05   1.02888326e+10  1.10321999e+09  1.15e+05       2s
  20   2.48e-04 6.98e-06   4.24549823e+09  1.20035371e+09  3.82e+04       2s
  21   7.41e-05 3.04e-06   2.21636212e+09  1.23107644e+09  1.24e+04       2s
  22   1.47e-05 8.74e-07   1.60081341e+09  1.24703444e+09  4.43e+03       2s
  23   1.91e-06 3.42e-07   1.35800824e+09  1.25399330e+09  1.30e+03       2s
  24   4.77e-07 1.26e-07   1.29280825e+09  1.25809484e+09  4.35e+02       3s
  25   1.49e-07 4.75e-08   1.27214765e+09  1.25977804e+09  1.55e+02       3s
  26   5.96e-08 1.96e-08   1.26566436e+09  1.26040104e+09  6.59e+01       3s
  27   2.98e-08 5.59e-09   1.26202482e+09  1.26075828e+09  1.59e+01       3s
  28   2.98e-08 1.86e-09   1.26096229e+09  1.26086016e+09  1.28e+00       3s
  29   2.98e-08 1.86e-09   1.26088638e+09  1.26087417e+09  1.53e-01       3s
  30   3.35e-08 1.86e-09   1.26087773e+09  1.26087513e+09  3.25e-02       3s
  31   2.98e-08 1.86e-09   1.26087559e+09  1.26087537e+09  2.81e-03       3s
  32   2.98e-08 1.86e-09   1.26087546e+09  1.26087540e+09  7.65e-04       3s
  33   7.08e-08 9.31e-10   1.26087540e+09  1.26087540e+09  4.06e-05       3s
  34*  8.57e-08 9.31e-10   1.26087540e+09  1.26087540e+09  4.17e-08       3s
Summary
    Runtime:                                            3.19s
    Status interior point solve:                        optimal
    Status crossover:                                   not run
    objective value:                                    1.26087540e+09
    interior solution primal residual (abs/rel):        8.75e-08 / 6.00e-16
    interior solution dual residual (abs/rel):          9.31e-10 / 1.10e-16
    interior solution objective gap (abs/rel):          2.87e-03 / 2.27e-12
Ipx: IPM       optimal
Model   status      : Optimal
IPM       iterations: 34
Objective value     :  1.2835754738e+09
HiGHS run time      :          3.80
Presolving model
49617 rows, 158010 cols, 359225 nonzeros
38425 rows, 102894 cols, 251101 nonzeros
38366 rows, 49637 cols, 144312 nonzeros
36002 rows, 47182 cols, 139356 nonzeros
Presolve : Reductions: rows 36002(-796349); columns 47182(-517920); elements 139356(-2164262)
Solving the presolved LP
IPX model has 36002 rows, 47182 columns and 139356 nonzeros
Input
    Number of variables:                                47182
    Number of free variables:                           0
    Number of constraints:                              36002
    Number of equality constraints:                     5355
    Number of matrix entries:                           139356
    Matrix range:                                       [1e-02, 1e+00]
    RHS range:                                          [2e+05, 1e+07]
    Objective range:                                    [4e-04, 8e+06]
    Bounds range:                                       [2e+05, 1e+08]
Preprocessing
    Dualized model:                                     no
    Number of dense columns:                            0
    Range of scaling factors:                           [1.00e+00, 2.00e+00]
IPX version 1.0
Interior Point Solve
 Iter     P.res    D.res            P.obj           D.obj        mu     Time
   0   2.48e+06 3.18e+05   9.65480463e+12 -4.23799892e+16  1.43e+12       0s
   1   7.30e+05 2.33e+05   5.72748967e+15 -3.13158672e+16  9.67e+11       0s
   2   3.60e+05 1.47e+05   8.57636523e+15 -2.03613808e+16  7.52e+11       0s
   3   1.27e+05 3.60e+04   6.23692193e+15 -5.11058644e+15  2.28e+11       0s
   4   2.24e+04 6.73e+03   2.85348740e+15 -1.00196385e+15  5.72e+10       0s
   5   8.77e+03 2.05e+03   1.34519105e+15 -3.20535774e+14  2.25e+10       0s
   6   2.90e+03 5.65e+02   4.90640350e+14 -9.75316523e+13  7.58e+09       1s
 Constructing starting basis...
   7   8.40e+02 1.63e+02   1.74987230e+14 -3.30081553e+13  2.82e+09       1s
   8   4.00e+02 9.62e+01   1.30262240e+14 -1.93342129e+13  2.02e+09       1s
   9   1.88e+02 6.22e+01   6.68661985e+13 -1.20150961e+13  1.08e+09       1s
  10   9.03e+01 4.00e+01   4.15660888e+13 -7.87930953e+12  6.82e+08       1s
  11   5.99e+01 2.45e+01   3.07995959e+13 -4.95476285e+12  4.89e+08       1s
  12   1.80e+01 1.59e+01   1.73073704e+13 -3.43106706e+12  2.91e+08       2s
  13   8.61e+00 1.12e+00   9.01222055e+12 -2.83188574e+11  1.20e+08       2s
  14   1.10e+00 7.93e-02   1.51703301e+12 -3.18169611e+10  1.97e+07       2s
  15   1.23e-01 1.10e-02   2.60410923e+11 -5.96586555e+09  3.38e+06       2s
  16   4.12e-02 9.12e-04   9.68526271e+10  2.74070766e+08  1.22e+06       2s
  17   1.07e-02 2.79e-09   3.16580635e+10  1.01756048e+09  3.85e+05       2s
  18   3.85e-03 1.86e-09   1.52688788e+10  1.09585688e+09  1.78e+05       2s
  19   1.47e-03 1.86e-09   6.91857643e+09  1.18384256e+09  7.20e+04       2s
  20   3.39e-04 1.86e-09   2.62195134e+09  1.22508171e+09  1.75e+04       2s
  21   9.02e-05 1.86e-09   1.86360953e+09  1.24067430e+09  7.81e+03       2s
  22   1.57e-05 9.31e-10   1.42062962e+09  1.25212517e+09  2.11e+03       2s
  23   4.47e-06 9.31e-10   1.31458115e+09  1.25655167e+09  7.27e+02       2s
  24   9.24e-07 1.86e-09   1.27379624e+09  1.25821760e+09  1.95e+02       3s
  25   3.28e-07 1.86e-09   1.26617747e+09  1.25922723e+09  8.71e+01       3s
  26   1.19e-07 1.86e-09   1.26253317e+09  1.25970487e+09  3.54e+01       3s
  27   2.98e-08 1.86e-09   1.26023046e+09  1.25985930e+09  4.65e+00       3s
  28   2.98e-08 1.86e-09   1.25995364e+09  1.25989615e+09  7.20e-01       3s
  29   2.98e-08 1.86e-09   1.25990679e+09  1.25989778e+09  1.13e-01       3s
  30   2.98e-08 1.86e-09   1.25989958e+09  1.25989814e+09  1.81e-02       3s
  31   2.98e-08 1.86e-09   1.25989827e+09  1.25989819e+09  1.05e-03       3s
  32   6.33e-08 9.31e-10   1.25989822e+09  1.25989821e+09  7.17e-05       3s
  33*  1.71e-07 9.31e-10   1.25989821e+09  1.25989821e+09  5.76e-06       3s
Summary
    Runtime:                                            3.10s
    Status interior point solve:                        optimal
    Status crossover:                                   not run
    objective value:                                    1.25989821e+09
    interior solution primal residual (abs/rel):        1.29e-07 / 8.80e-16
    interior solution dual residual (abs/rel):          9.31e-10 / 1.10e-16
    interior solution objective gap (abs/rel):          3.55e-01 / 2.82e-10
Ipx: IPM       optimal
Model   status      : Optimal
IPM       iterations: 33
Objective value     :  1.2825982890e+09
HiGHS run time      :          3.72
Running HiGHS 1.6.0: Copyright (c) 2023 HiGHS under MIT licence terms
Presolving model
50413 rows, 160077 cols, 364176 nonzeros
39191 rows, 104964 cols, 256033 nonzeros
39132 rows, 51423 cols, 147919 nonzeros
36766 rows, 48157 cols, 141333 nonzeros
Presolve : Reductions: rows 36766(-788285); columns 48157(-517160); elements 141333(-2158565)
Solving the presolved LP
IPX model has 36766 rows, 48157 columns and 141333 nonzeros
Input
    Number of variables:                                48157
    Number of free variables:                           0
    Number of constraints:                              36766
    Number of equality constraints:                     5533
    Number of matrix entries:                           141333
    Matrix range:                                       [1e-02, 1e+00]
    RHS range:                                          [3e+05, 6e+07]
    Objective range:                                    [3e-04, 2e+06]
    Bounds range:                                       [5e+04, 1e+08]
Preprocessing
    Dualized model:                                     no
    Number of dense columns:                            0
    Range of scaling factors:                           [1.00e+00, 2.00e+00]
IPX version 1.0
Interior Point Solve
 Iter     P.res    D.res            P.obj           D.obj        mu     Time
   0   1.04e+07 2.00e+05   3.27363108e+13 -3.08810410e+16  2.61e+12       0s
   1   2.56e+06 1.43e+05   9.81308296e+15 -2.29237399e+16  1.70e+12       0s
   2   1.02e+06 7.72e+04   1.35785809e+16 -1.42236735e+16  1.19e+12       0s
   3   3.86e+05 1.81e+04   1.06272794e+16 -3.71645788e+15  3.61e+11       0s
   4   8.50e+04 3.75e+03   5.40891324e+15 -8.72580326e+14  1.01e+11       0s
   5   3.97e+04 1.26e+03   3.01628568e+15 -3.29318959e+14  4.63e+10       0s
   6   1.22e+04 3.16e+02   1.16907727e+15 -1.02526667e+14  1.61e+10       1s
 Constructing starting basis...
   7   3.85e+03 1.24e+02   4.61964553e+14 -3.88581867e+13  6.60e+09       1s
   8   1.16e+03 7.39e+01   3.29116376e+14 -8.35542844e+12  4.48e+09       1s
   9   6.30e+02 4.53e+01   2.19866071e+14  9.06046302e+12  2.80e+09       1s
  10   5.81e+02 4.38e+01   2.18852372e+14  9.84209645e+12  2.79e+09       2s
  11   4.03e+02 3.07e+01   1.71804662e+14  1.66793064e+13  2.06e+09       2s
  12   1.46e+02 1.41e+01   1.14207160e+14  2.62816156e+13  1.16e+09       2s
  13   1.18e+02 9.19e+00   1.00598940e+14  2.98209284e+13  9.24e+08       2s
  14   1.10e+02 6.29e+00   9.97271226e+13  3.09241033e+13  8.84e+08       2s
  15   8.33e+01 3.00e-01   8.90975047e+13  3.55209649e+13  6.57e+08       2s
  16   4.73e+01 2.29e-01   7.24936832e+13  3.58057434e+13  4.55e+08       2s
  17   1.81e+01 1.04e-01   5.93144171e+13  3.63109990e+13  2.88e+08       2s
  18   1.79e+00 4.07e-02   4.24477987e+13  3.71704557e+13  6.77e+07       3s
  19   6.32e-01 7.84e-03   3.96922976e+13  3.77835137e+13  2.38e+07       3s
  20   6.21e-01 6.79e-03   3.96775173e+13  3.77870810e+13  2.35e+07       3s
  21   3.38e-01 3.35e-03   3.92084710e+13  3.78345615e+13  1.70e+07       3s
  22   7.91e-02 2.46e-03   3.82855286e+13  3.78592363e+13  5.30e+06       3s
  23   5.55e-02 1.73e-03   3.82415748e+13  3.78769046e+13  4.52e+06       3s
  24   2.68e-02 2.10e-04   3.81084926e+13  3.79224544e+13  2.27e+06       3s
  25   6.20e-03 3.51e-05   3.79884213e+13  3.79296884e+13  7.15e+05       3s
  26   2.67e-03 1.56e-05   3.79574349e+13  3.79312124e+13  3.19e+05       4s
  27   6.84e-04 4.89e-06   3.79400283e+13  3.79320502e+13  9.71e+04       4s
  28   2.14e-04 1.90e-06   3.79350037e+13  3.79323257e+13  3.26e+04       4s
  29   6.70e-05 1.01e-06   3.79333851e+13  3.79324023e+13  1.20e+04       4s
  30   3.20e-05 4.58e-07   3.79330473e+13  3.79324485e+13  7.29e+03       4s
  31   1.67e-05 2.56e-07   3.79328073e+13  3.79324709e+13  4.10e+03       4s
  32   3.31e-06 1.05e-07   3.79326505e+13  3.79324852e+13  2.01e+03       4s
  33   1.40e-06 3.86e-08   3.79325810e+13  3.79324949e+13  1.05e+03       4s
  34   6.56e-07 1.09e-08   3.79325467e+13  3.79324996e+13  5.73e+02       4s
  35   2.09e-07 4.42e-09   3.79325184e+13  3.79325012e+13  2.09e+02       5s
  36   8.94e-08 1.51e-09   3.79325105e+13  3.79325019e+13  1.05e+02       5s
  37   3.73e-08 4.66e-10   3.79325038e+13  3.79325024e+13  1.70e+01       5s
  38   4.47e-08 4.66e-10   3.79325030e+13  3.79325024e+13  6.68e+00       5s
  39   1.04e-07 2.33e-10   3.79325027e+13  3.79325025e+13  2.85e+00       5s
  40   3.57e-08 4.66e-10   3.79325025e+13  3.79325025e+13  7.35e-01       5s
  41*  8.94e-08 4.66e-10   3.79325025e+13  3.79325025e+13  1.32e-01       5s
Summary
    Runtime:                                            5.03s
    Status interior point solve:                        optimal
    Status crossover:                                   not run
    objective value:                                    3.79325025e+13
    interior solution primal residual (abs/rel):        1.64e-07 / 1.12e-15
    interior solution dual residual (abs/rel):          4.66e-10 / 2.42e-16
    interior solution objective gap (abs/rel):          1.08e+04 / 2.85e-10
Ipx: IPM       optimal
Model   status      : Optimal
IPM       iterations: 41
Objective value     :  3.9852125920e+13
HiGHS run time      :          5.72
Presolving model
50413 rows, 160077 cols, 364176 nonzeros
39191 rows, 104964 cols, 256033 nonzeros
39132 rows, 51423 cols, 147919 nonzeros
36766 rows, 48157 cols, 141333 nonzeros
Presolve : Reductions: rows 36766(-790790); columns 48157(-517160); elements 141333(-2161070)
Solving the presolved LP
IPX model has 36766 rows, 48157 columns and 141333 nonzeros
Input
    Number of variables:                                48157
    Number of free variables:                           0
    Number of constraints:                              36766
    Number of equality constraints:                     5533
    Number of matrix entries:                           141333
    Matrix range:                                       [1e-02, 1e+00]
    RHS range:                                          [3e+05, 6e+07]
    Objective range:                                    [3e-04, 2e+06]
    Bounds range:                                       [5e+04, 1e+08]
Preprocessing
    Dualized model:                                     no
    Number of dense columns:                            0
    Range of scaling factors:                           [1.00e+00, 2.00e+00]
IPX version 1.0
Interior Point Solve
 Iter     P.res    D.res            P.obj           D.obj        mu     Time
   0   1.04e+07 1.93e+05   7.63695234e+12 -3.00778916e+16  2.53e+12       0s
   1   2.44e+06 1.36e+05   9.27291409e+15 -2.19735757e+16  1.61e+12       0s
   2   1.05e+06 7.53e+04   1.26164692e+16 -1.39125885e+16  1.15e+12       0s
   3   3.77e+05 1.73e+04   9.85370984e+15 -3.57367013e+15  3.39e+11       0s
   4   8.81e+04 3.54e+03   5.08563620e+15 -8.56052575e+14  9.61e+10       0s
   5   4.23e+04 1.25e+03   2.86642662e+15 -3.54763201e+14  4.51e+10       0s
   6   1.12e+04 3.11e+02   9.87195862e+14 -1.28323553e+14  1.42e+10       1s
 Constructing starting basis...
   7   3.41e+03 1.17e+02   3.96831584e+14 -6.58761382e+13  6.15e+09       1s
   8   1.05e+03 6.27e+01   2.47884657e+14 -3.24990448e+13  3.74e+09       1s
   9   4.29e+02 3.83e+01   1.14900556e+14 -1.83909390e+13  1.82e+09       1s
  10   1.33e+02 8.42e+00   3.97314013e+13 -4.63340031e+12  5.84e+08       2s
  11   4.42e+01 6.77e-01   1.45508799e+13 -4.53475660e+11  1.87e+08       2s
  12   9.01e+00 2.27e-01   3.08529391e+12 -1.56410962e+11  4.07e+07       2s
  13   2.34e+00 5.27e-02   1.01103708e+12 -4.51211479e+10  1.32e+07       2s
  14   1.20e+00 1.41e-02   6.30994475e+11 -1.85979291e+10  8.03e+06       2s
  15   3.78e-01 4.72e-03   4.18318426e+11 -1.50583361e+10  5.36e+06       2s
  16   2.46e-01 7.05e-04   3.08773888e+11 -4.07186574e+09  3.83e+06       2s
  17   5.60e-02 2.39e-04   9.17492708e+10 -2.24798303e+08  1.12e+06       2s
  18   2.15e-02 5.76e-05   3.92368663e+10  1.93235843e+09  4.55e+05       2s
  19   3.19e-03 1.75e-05   1.35834275e+10  2.37015394e+09  1.37e+05       2s
  20   6.14e-04 5.63e-06   6.49183605e+09  2.66377843e+09  4.66e+04       3s
  21   1.99e-04 1.89e-06   4.11543503e+09  2.81407515e+09  1.58e+04       3s
  22   5.66e-05 4.59e-07   3.38298340e+09  2.87148153e+09  6.23e+03       3s
  23   1.80e-05 1.56e-07   3.09540799e+09  2.88931092e+09  2.51e+03       3s
  24   4.83e-06 5.40e-08   2.97711709e+09  2.89668071e+09  9.79e+02       3s
  25   1.34e-06 2.35e-08   2.93517443e+09  2.89944059e+09  4.35e+02       3s
  26   3.87e-07 8.38e-09   2.91403661e+09  2.90142547e+09  1.54e+02       3s
  27   8.94e-08 2.33e-09   2.90600167e+09  2.90225937e+09  4.55e+01       3s
  28   4.10e-08 9.31e-10   2.90337623e+09  2.90254406e+09  1.01e+01       3s
  29   1.34e-07 4.66e-10   2.90290081e+09  2.90261416e+09  3.49e+00       3s
  30   7.45e-08 4.66e-10   2.90266670e+09  2.90264829e+09  2.24e-01       4s
  31   8.94e-08 2.33e-10   2.90265587e+09  2.90265250e+09  4.10e-02       4s
  32   8.94e-08 4.66e-10   2.90265359e+09  2.90265324e+09  4.26e-03       4s
  33   1.04e-07 4.66e-10   2.90265339e+09  2.90265335e+09  4.45e-04       4s
  34   1.34e-07 2.33e-10   2.90265338e+09  2.90265337e+09  8.31e-05       4s
  35*  4.92e-07 2.33e-10   2.90265337e+09  2.90265337e+09  8.82e-06       4s
Summary
    Runtime:                                            3.81s
    Status interior point solve:                        optimal
    Status crossover:                                   not run
    objective value:                                    2.90265337e+09
    interior solution primal residual (abs/rel):        4.02e-07 / 2.76e-15
    interior solution dual residual (abs/rel):          2.33e-10 / 1.21e-16
    interior solution objective gap (abs/rel):          7.03e-01 / 2.42e-10
Ipx: IPM       optimal
Model   status      : Optimal
IPM       iterations: 35
Objective value     :  2.9247685143e+09
HiGHS run time      :          4.46
Presolving model
50413 rows, 160077 cols, 364176 nonzeros
39191 rows, 104964 cols, 256033 nonzeros
39132 rows, 51423 cols, 147919 nonzeros
36766 rows, 48157 cols, 141333 nonzeros
Presolve : Reductions: rows 36766(-793295); columns 48157(-517160); elements 141333(-2163575)
Solving the presolved LP
IPX model has 36766 rows, 48157 columns and 141333 nonzeros
Input
    Number of variables:                                48157
    Number of free variables:                           0
    Number of constraints:                              36766
    Number of equality constraints:                     5533
    Number of matrix entries:                           141333
    Matrix range:                                       [1e-02, 1e+00]
    RHS range:                                          [3e+05, 6e+07]
    Objective range:                                    [3e-04, 2e+06]
    Bounds range:                                       [5e+04, 1e+08]
Preprocessing
    Dualized model:                                     no
    Number of dense columns:                            0
    Range of scaling factors:                           [1.00e+00, 2.00e+00]
IPX version 1.0
Interior Point Solve
 Iter     P.res    D.res            P.obj           D.obj        mu     Time
   0   1.04e+07 1.94e+05   1.21200314e+13 -3.00501384e+16  2.53e+12       0s
   1   2.56e+06 1.36e+05   9.23017105e+15 -2.19495353e+16  1.61e+12       0s
   2   1.05e+06 7.01e+04   1.27946496e+16 -1.31895036e+16  1.09e+12       0s
   3   3.84e+05 1.81e+04   1.00620744e+16 -3.84408405e+15  3.55e+11       0s
   4   7.79e+04 3.69e+03   5.14046245e+15 -9.15578680e+14  9.79e+10       0s
   5   3.67e+04 1.16e+03   2.86556840e+15 -3.40460694e+14  4.41e+10       0s
   6   1.16e+04 2.96e+02   1.10921944e+15 -1.26341853e+14  1.56e+10       1s
 Constructing starting basis...
   7   3.43e+03 1.18e+02   4.11686690e+14 -6.81146776e+13  6.36e+09       1s
   8   9.23e+02 6.68e+01   2.64199413e+14 -3.45333995e+13  3.99e+09       1s
   9   4.44e+02 4.22e+01   1.44416495e+14 -2.01714121e+13  2.23e+09       2s
  10   1.95e+02 1.45e+01   7.11787534e+13 -7.84659027e+12  1.04e+09       2s
  11   6.79e+01 7.30e-01   2.94210011e+13 -8.14453775e+11  3.74e+08       2s
  12   1.42e+01 1.52e-01   6.61386514e+12 -1.88317814e+11  8.41e+07       2s
  13   4.35e+00 3.71e-02   2.15456569e+12 -5.08082633e+10  2.72e+07       2s
  14   2.35e+00 6.87e-03   1.24386220e+12 -1.39271927e+10  1.54e+07       2s
  15   1.01e+00 1.48e-03   6.69828967e+11 -9.42748800e+09  8.32e+06       2s
  16   2.05e-01 1.02e-03   3.31337633e+11 -9.12650356e+09  4.19e+06       2s
  17   5.72e-02 2.40e-04   1.05627005e+11 -5.52247147e+08  1.30e+06       2s
  18   2.02e-02 3.42e-05   4.64752560e+10  1.77446955e+09  5.45e+05       2s
  19   4.11e-03 6.25e-06   1.39476442e+10  2.42698778e+09  1.40e+05       3s
  20   9.73e-04 3.26e-06   5.98433713e+09  2.57123963e+09  4.16e+04       3s
  21   3.25e-04 1.16e-06   3.93959204e+09  2.69432899e+09  1.52e+04       3s
  22   1.02e-04 3.60e-07   3.27336484e+09  2.74173437e+09  6.47e+03       3s
  23   2.78e-05 1.30e-07   2.95923403e+09  2.76088769e+09  2.41e+03       3s
  24   7.75e-06 4.91e-08   2.84440273e+09  2.76933535e+09  9.14e+02       3s
  25   2.62e-06 1.98e-08   2.80935382e+09  2.77276042e+09  4.45e+02       3s
  26   1.10e-06 7.45e-09   2.79107543e+09  2.77476107e+09  1.99e+02       3s
  27   2.09e-07 2.33e-09   2.78017214e+09  2.77559645e+09  5.57e+01       3s
  28   8.94e-08 9.31e-10   2.77694109e+09  2.77594751e+09  1.21e+01       4s
  29   1.04e-07 4.66e-10   2.77621967e+09  2.77601244e+09  2.52e+00       4s
  30   5.96e-08 4.66e-10   2.77607191e+09  2.77604275e+09  3.55e-01       4s
  31   1.19e-07 4.66e-10   2.77605157e+09  2.77604634e+09  6.36e-02       4s
  32   7.45e-08 4.66e-10   2.77604832e+09  2.77604701e+09  1.59e-02       4s
  33   7.45e-08 4.66e-10   2.77604741e+09  2.77604710e+09  3.75e-03       4s
  34   7.45e-08 4.66e-10   2.77604716e+09  2.77604713e+09  3.46e-04       4s
  35   5.07e-07 4.66e-10   2.77604713e+09  2.77604713e+09  3.81e-05       4s
  36*  2.98e-07 2.33e-10   2.77604713e+09  2.77604713e+09  3.86e-06       4s
Summary
    Runtime:                                            3.99s
    Status interior point solve:                        optimal
    Status crossover:                                   not run
    objective value:                                    2.77604713e+09
    interior solution primal residual (abs/rel):        2.68e-07 / 1.84e-15
    interior solution dual residual (abs/rel):          2.33e-10 / 1.21e-16
    interior solution objective gap (abs/rel):          2.44e-01 / 8.78e-11
Ipx: IPM       optimal
Model   status      : Optimal
IPM       iterations: 36
Objective value     :  2.7981622725e+09
HiGHS run time      :          4.66
Presolving model
50413 rows, 160077 cols, 364176 nonzeros
39191 rows, 104964 cols, 256033 nonzeros
39132 rows, 51423 cols, 147919 nonzeros
36766 rows, 48157 cols, 141333 nonzeros
Presolve : Reductions: rows 36766(-795800); columns 48157(-517160); elements 141333(-2166080)
Solving the presolved LP
IPX model has 36766 rows, 48157 columns and 141333 nonzeros
Input
    Number of variables:                                48157
    Number of free variables:                           0
    Number of constraints:                              36766
    Number of equality constraints:                     5533
    Number of matrix entries:                           141333
    Matrix range:                                       [1e-02, 1e+00]
    RHS range:                                          [3e+05, 6e+07]
    Objective range:                                    [3e-04, 2e+06]
    Bounds range:                                       [5e+04, 1e+08]
Preprocessing
    Dualized model:                                     no
    Number of dense columns:                            0
    Range of scaling factors:                           [1.00e+00, 2.00e+00]
IPX version 1.0
Interior Point Solve
 Iter     P.res    D.res            P.obj           D.obj        mu     Time
   0   1.04e+07 1.94e+05   1.21888997e+13 -3.00497785e+16  2.53e+12       0s
   1   2.56e+06 1.36e+05   9.23023390e+15 -2.19492668e+16  1.61e+12       0s
   2   1.05e+06 7.01e+04   1.27947738e+16 -1.31895481e+16  1.09e+12       0s
   3   3.84e+05 1.81e+04   1.00621860e+16 -3.84385018e+15  3.55e+11       0s
   4   7.74e+04 3.69e+03   5.13213327e+15 -9.15410435e+14  9.77e+10       0s
   5   3.65e+04 1.16e+03   2.86191295e+15 -3.40321637e+14  4.40e+10       0s
   6   1.14e+04 2.96e+02   1.09931542e+15 -1.26234826e+14  1.55e+10       1s
 Constructing starting basis...
   7   3.39e+03 1.16e+02   4.10447143e+14 -6.71940116e+13  6.32e+09       1s
   8   8.88e+02 6.55e+01   2.60079303e+14 -3.41652609e+13  3.93e+09       1s
   9   4.33e+02 4.13e+01   1.44163076e+14 -1.98907818e+13  2.22e+09       2s
  10   1.88e+02 1.44e+01   7.07120608e+13 -7.88022406e+12  1.04e+09       2s
  11   6.32e+01 7.68e-01   2.84011073e+13 -8.30035591e+11  3.62e+08       2s
  12   1.39e+01 1.60e-01   6.77844934e+12 -1.93651342e+11  8.62e+07       2s
  13   3.76e+00 3.50e-02   1.90915838e+12 -4.41106146e+10  2.41e+07       2s
  14   2.16e+00 7.02e-03   1.15321046e+12 -1.15847546e+10  1.43e+07       2s
  15   1.20e+00 1.80e-03   7.40030300e+11 -8.86251268e+09  9.17e+06       2s
  16   3.52e-01 1.12e-03   3.53919947e+11 -7.81512910e+09  4.45e+06       2s
  17   1.06e-01 2.24e-04   1.23571249e+11 -1.38741680e+08  1.51e+06       2s
  18   4.48e-02 5.29e-05   5.66975053e+10  1.83503970e+09  6.69e+05       2s
  19   1.08e-02 1.23e-05   1.81514049e+10  2.38846299e+09  1.92e+05       3s
  20   1.30e-03 4.83e-06   5.84597355e+09  2.57546281e+09  3.98e+04       3s
  21   4.50e-04 1.76e-06   3.92386567e+09  2.69445026e+09  1.50e+04       3s
  22   1.24e-04 5.76e-07   3.25329915e+09  2.73924736e+09  6.26e+03       3s
  23   2.88e-05 1.99e-07   2.93813167e+09  2.75995659e+09  2.17e+03       3s
  24   8.73e-06 5.52e-08   2.84275680e+09  2.76988559e+09  8.87e+02       3s
  25   2.77e-06 2.42e-08   2.80749451e+09  2.77241086e+09  4.27e+02       3s
  26   9.54e-07 1.02e-08   2.78747291e+09  2.77405833e+09  1.63e+02       3s
  27   1.49e-07 2.79e-09   2.77798764e+09  2.77499091e+09  3.65e+01       3s
  28   8.94e-08 1.16e-09   2.77614093e+09  2.77523807e+09  1.10e+01       3s
  29   5.96e-08 6.98e-10   2.77557365e+09  2.77535060e+09  2.71e+00       4s
  30   1.19e-07 4.66e-10   2.77540816e+09  2.77538239e+09  3.14e-01       4s
  31   5.96e-08 2.33e-10   2.77538930e+09  2.77538729e+09  2.45e-02       4s
  32   1.34e-07 4.66e-10   2.77538796e+09  2.77538765e+09  3.83e-03       4s
  33   9.05e-08 4.66e-10   2.77538772e+09  2.77538767e+09  6.00e-04       4s
  34   8.94e-08 4.66e-10   2.77538769e+09  2.77538768e+09  1.21e-04       4s
  35*  4.62e-07 2.33e-10   2.77538768e+09  2.77538768e+09  1.74e-05       4s
Summary
    Runtime:                                            3.86s
    Status interior point solve:                        optimal
    Status crossover:                                   not run
    objective value:                                    2.77538768e+09
    interior solution primal residual (abs/rel):        7.45e-07 / 5.10e-15
    interior solution dual residual (abs/rel):          2.33e-10 / 1.21e-16
    interior solution objective gap (abs/rel):          1.40e+00 / 5.04e-10
Ipx: IPM       optimal
Model   status      : Optimal
IPM       iterations: 35
Objective value     :  2.7975028202e+09
HiGHS run time      :          4.52
Running HiGHS 1.6.0: Copyright (c) 2023 HiGHS under MIT licence terms
Presolving model
51367 rows, 163958 cols, 372962 nonzeros
40095 rows, 108813 cols, 264505 nonzeros
40012 rows, 53269 cols, 151628 nonzeros
37665 rows, 49344 cols, 143720 nonzeros
Presolve : Reductions: rows 37665(-787645); columns 49344(-516231); elements 143720(-2162773)
Solving the presolved LP
IPX model has 37665 rows, 49344 columns and 143720 nonzeros
Input
    Number of variables:                                49344
    Number of free variables:                           0
    Number of constraints:                              37665
    Number of equality constraints:                     5764
    Number of matrix entries:                           143720
    Matrix range:                                       [1e-02, 1e+00]
    RHS range:                                          [2e+05, 1e+08]
    Objective range:                                    [2e-04, 1e+06]
    Bounds range:                                       [1e+05, 2e+08]
Preprocessing
    Dualized model:                                     no
    Number of dense columns:                            0
    Range of scaling factors:                           [1.00e+00, 2.00e+00]
IPX version 1.0
Interior Point Solve
 Iter     P.res    D.res            P.obj           D.obj        mu     Time
   0   1.53e+07 1.32e+05   4.69867575e+13 -2.34666121e+16  2.46e+12       0s
   1   3.61e+06 9.16e+04   9.90016425e+15 -1.73581550e+16  1.51e+12       0s
   2   1.45e+06 4.72e+04   1.31269922e+16 -1.10148805e+16  1.01e+12       0s
   3   5.35e+05 1.16e+04   1.00402509e+16 -3.19200533e+15  3.19e+11       0s
   4   1.74e+05 2.13e+03   5.66261936e+15 -7.31507511e+14  9.80e+10       0s
   5   8.38e+04 7.66e+02   3.13905526e+15 -3.18067442e+14  4.68e+10       0s
 Constructing starting basis...
   6   2.43e+04 2.50e+02   1.20506557e+15 -1.39321238e+14  1.77e+10       1s
   7   1.28e+04 1.60e+02   8.02099994e+14 -8.82653044e+13  1.16e+10       1s
   8   5.27e+03 1.11e+02   5.35303919e+14 -5.78353441e+13  7.80e+09       1s
   9   4.05e+03 5.77e+01   4.48862417e+14 -1.24905474e+13  5.89e+09       1s
  10   2.38e+03 4.26e+01   3.41862889e+14 -5.46758412e+12  4.46e+09       1s
  11   1.62e+03 2.49e+01   2.94350075e+14  2.51599047e+12  3.69e+09       2s
  12   1.26e+03 2.06e+01   2.76936063e+14  5.52338239e+12  3.45e+09       2s
  13   6.26e+02 6.92e+00   1.66016418e+14  2.54595369e+13  1.75e+09       2s
  14   5.02e+02 2.30e+00   1.57422037e+14  2.69143314e+13  1.58e+09       2s
  15   2.62e+02 7.81e-01   1.14185580e+14  3.28802906e+13  9.79e+08       2s
  16   8.58e+01 2.76e-01   7.36592425e+13  3.57214969e+13  4.58e+08       2s
  17   4.73e+01 1.03e-01   5.89377564e+13  3.76879439e+13  2.55e+08       2s
  18   1.72e+01 3.13e-02   4.70992312e+13  3.85170247e+13  1.03e+08       2s
  19   6.45e+00 4.76e-03   4.32674523e+13  3.87608301e+13  5.35e+07       3s
  20   2.41e+00 3.72e-03   4.19989289e+13  3.87666521e+13  3.89e+07       3s
  21   2.03e+00 2.91e-03   4.18511221e+13  3.87781014e+13  3.69e+07       3s
  22   8.21e-01 8.22e-04   4.03338550e+13  3.89263230e+13  1.67e+07       3s
  23   2.44e-01 2.39e-04   3.94759490e+13  3.89805380e+13  5.86e+06       3s
  24   9.03e-02 3.89e-05   3.92200486e+13  3.90024099e+13  2.57e+06       3s
  25   1.07e-02 5.54e-06   3.90799219e+13  3.90069206e+13  8.60e+05       3s
  26   1.43e-03 2.11e-06   3.90240580e+13  3.90100509e+13  1.65e+05       3s
  27   6.26e-04 7.15e-07   3.90179052e+13  3.90114660e+13  7.58e+04       3s
  28   1.72e-04 2.86e-07   3.90139375e+13  3.90119293e+13  2.36e+04       4s
  29   7.78e-05 1.83e-07   3.90132044e+13  3.90120270e+13  1.39e+04       4s
  30   4.23e-05 1.07e-07   3.90128469e+13  3.90121062e+13  8.72e+03       4s
  31   2.26e-05 6.68e-08   3.90126263e+13  3.90121495e+13  5.61e+03       4s
  32   1.28e-05 3.34e-08   3.90124917e+13  3.90121885e+13  3.57e+03       4s
  33   3.58e-06 1.47e-08   3.90123459e+13  3.90122119e+13  1.58e+03       4s
  34   1.76e-06 5.82e-09   3.90123120e+13  3.90122235e+13  1.04e+03       4s
  35   1.01e-06 2.10e-09   3.90122828e+13  3.90122305e+13  6.16e+02       4s
  36   3.28e-07 9.31e-10   3.90122507e+13  3.90122331e+13  2.07e+02       4s
  37   1.49e-07 4.66e-10   3.90122426e+13  3.90122343e+13  9.79e+01       5s
  38   6.14e-08 2.33e-10   3.90122384e+13  3.90122346e+13  4.50e+01       5s
  39   2.09e-07 2.33e-10   3.90122357e+13  3.90122350e+13  8.80e+00       5s
  40   1.19e-07 2.33e-10   3.90122353e+13  3.90122350e+13  2.92e+00       5s
  41   8.94e-08 2.33e-10   3.90122351e+13  3.90122350e+13  5.58e-01       5s
  42*  1.79e-07 2.33e-10   3.90122350e+13  3.90122350e+13  1.14e-01       5s
Summary
    Runtime:                                            4.87s
    Status interior point solve:                        optimal
    Status crossover:                                   not run
    objective value:                                    3.90122350e+13
    interior solution primal residual (abs/rel):        8.94e-08 / 5.95e-16
    interior solution dual residual (abs/rel):          2.33e-10 / 1.78e-16
    interior solution objective gap (abs/rel):          9.68e+03 / 2.48e-10
Ipx: IPM       optimal
Model   status      : Optimal
IPM       iterations: 42
Objective value     :  3.9281916885e+13
HiGHS run time      :          5.54
Presolving model
51367 rows, 163958 cols, 372962 nonzeros
40095 rows, 108813 cols, 264505 nonzeros
40012 rows, 53269 cols, 151628 nonzeros
37665 rows, 49344 cols, 143720 nonzeros
Presolve : Reductions: rows 37665(-790150); columns 49344(-516231); elements 143720(-2165278)
Solving the presolved LP
IPX model has 37665 rows, 49344 columns and 143720 nonzeros
Input
    Number of variables:                                49344
    Number of free variables:                           0
    Number of constraints:                              37665
    Number of equality constraints:                     5764
    Number of matrix entries:                           143720
    Matrix range:                                       [1e-02, 1e+00]
    RHS range:                                          [2e+05, 1e+08]
    Objective range:                                    [2e-04, 1e+06]
    Bounds range:                                       [1e+05, 2e+08]
Preprocessing
    Dualized model:                                     no
    Number of dense columns:                            0
    Range of scaling factors:                           [1.00e+00, 2.00e+00]
IPX version 1.0
Interior Point Solve
 Iter     P.res    D.res            P.obj           D.obj        mu     Time
   0   1.54e+07 1.43e+05   7.78172331e+12 -2.57863984e+16  2.64e+12       0s
   1   3.48e+06 1.01e+05   9.53607249e+15 -1.94976459e+16  1.67e+12       0s
   2   1.46e+06 5.80e+04   1.26160311e+16 -1.31850712e+16  1.20e+12       0s
   3   5.84e+05 1.17e+04   9.98726846e+15 -3.12047323e+15  3.29e+11       0s
   4   1.84e+05 2.54e+03   5.71049063e+15 -8.98395025e+14  1.07e+11       0s
   5   8.69e+04 8.96e+02   3.10165239e+15 -3.93839120e+14  4.89e+10       0s
   6   2.67e+04 2.76e+02   1.23742454e+15 -1.80596696e+14  1.82e+10       1s
 Constructing starting basis...
   7   8.15e+03 1.51e+02   5.72840206e+14 -1.14398713e+14  9.19e+09       1s
   8   1.94e+03 8.00e+01   2.76629967e+14 -5.91387769e+13  4.54e+09       1s
   9   5.03e+02 3.61e+01   1.13724330e+14 -2.70766797e+13  1.93e+09       1s
  10   1.59e+02 6.24e+00   4.20734180e+13 -5.75729948e+12  6.12e+08       2s
  11   4.68e+01 2.70e+00   1.28895022e+13 -2.50134742e+12  2.01e+08       2s
  12   9.24e+00 3.25e-01   3.11521265e+12 -3.23489948e+11  4.28e+07       2s
  13   1.79e+00 1.91e-01   6.45011911e+11 -1.89875763e+11  1.10e+07       2s
  14   6.05e-01 4.07e-02   2.67693644e+11 -4.04730911e+10  3.87e+06       2s
  15   2.71e-01 1.94e-02   1.48908240e+11 -1.92338302e+10  2.10e+06       2s
  16   2.25e-01 1.47e-02   1.42498159e+11 -1.52868291e+10  1.95e+06       2s
  17   1.43e-01 3.43e-03   9.75360622e+10 -1.50449204e+09  1.19e+06       2s
  18   1.01e-01 2.16e-03   8.77351102e+10 -1.23953588e+09  1.06e+06       3s
  19   3.17e-02 1.00e-03   3.58000831e+10  9.92332873e+08  4.15e+05       3s
  20   1.91e-02 9.15e-05   2.85064579e+10  2.37437320e+09  3.08e+05       3s
  21   1.10e-03 1.94e-05   1.04416405e+10  2.95497999e+09  8.82e+04       3s
  22   1.72e-04 9.72e-06   5.41299661e+09  3.22480483e+09  2.58e+04       3s
  23   4.99e-05 3.01e-06   4.24385468e+09  3.44687464e+09  9.38e+03       3s
  24   1.09e-05 9.93e-07   3.79232797e+09  3.51959406e+09  3.21e+03       3s
  25   3.28e-06 2.72e-07   3.65257347e+09  3.55057815e+09  1.20e+03       3s
  26   6.26e-07 1.01e-07   3.59388883e+09  3.55868870e+09  4.14e+02       3s
  27   1.19e-07 3.12e-08   3.57222492e+09  3.56277675e+09  1.11e+02       4s
  28   1.79e-07 8.38e-09   3.56694866e+09  3.56435133e+09  3.06e+01       4s
  29   1.15e-07 9.31e-10   3.56520229e+09  3.56487117e+09  3.90e+00       4s
  30   1.79e-07 3.49e-10   3.56502556e+09  3.56491331e+09  1.32e+00       4s
  31   2.09e-07 2.33e-10   3.56493057e+09  3.56492422e+09  7.47e-02       4s
  32   8.94e-08 2.33e-10   3.56492759e+09  3.56492530e+09  2.69e-02       4s
  33   1.12e-07 2.33e-10   3.56492675e+09  3.56492581e+09  1.11e-02       4s
  34   8.94e-08 2.33e-10   3.56492646e+09  3.56492592e+09  6.33e-03       4s
  35   1.19e-07 2.33e-10   3.56492614e+09  3.56492595e+09  2.23e-03       4s
  36   1.19e-07 2.33e-10   3.56492605e+09  3.56492595e+09  1.09e-03       4s
  37   1.21e-07 2.33e-10   3.56492604e+09  3.56492595e+09  9.96e-04       4s
  38   1.11e-07 2.33e-10   3.56492598e+09  3.56492595e+09  3.17e-04       4s
  39*  4.47e-07 2.33e-10   3.56492596e+09  3.56492596e+09  3.39e-05       4s
Summary
    Runtime:                                            4.46s
    Status interior point solve:                        optimal
    Status crossover:                                   not run
    objective value:                                    3.56492596e+09
    interior solution primal residual (abs/rel):        1.25e-06 / 8.33e-15
    interior solution dual residual (abs/rel):          2.75e-10 / 2.10e-16
    interior solution objective gap (abs/rel):          2.93e+00 / 8.21e-10
Ipx: IPM       optimal
Model   status      : Optimal
IPM       iterations: 39
Objective value     :  3.5735175062e+09
HiGHS run time      :          5.12
Presolving model
51367 rows, 163958 cols, 372962 nonzeros
40095 rows, 108813 cols, 264505 nonzeros
40012 rows, 53269 cols, 151628 nonzeros
37665 rows, 49344 cols, 143720 nonzeros
Presolve : Reductions: rows 37665(-792655); columns 49344(-516231); elements 143720(-2167783)
Solving the presolved LP
IPX model has 37665 rows, 49344 columns and 143720 nonzeros
Input
    Number of variables:                                49344
    Number of free variables:                           0
    Number of constraints:                              37665
    Number of equality constraints:                     5764
    Number of matrix entries:                           143720
    Matrix range:                                       [1e-02, 1e+00]
    RHS range:                                          [2e+05, 1e+08]
    Objective range:                                    [2e-04, 1e+06]
    Bounds range:                                       [1e+05, 2e+08]
Preprocessing
    Dualized model:                                     no
    Number of dense columns:                            0
    Range of scaling factors:                           [1.00e+00, 2.00e+00]
IPX version 1.0
Interior Point Solve
 Iter     P.res    D.res            P.obj           D.obj        mu     Time
   0   1.54e+07 1.32e+05   1.00741384e+13 -2.38155756e+16  2.45e+12       0s
   1   3.67e+06 9.14e+04   9.09325831e+15 -1.76173154e+16  1.51e+12       0s
   2   1.43e+06 4.75e+04   1.24125427e+16 -1.12611004e+16  1.02e+12       0s
   3   5.29e+05 1.15e+04   9.58476249e+15 -3.22405237e+15  3.17e+11       0s
   4   1.81e+05 2.06e+03   5.52682934e+15 -7.53268866e+14  9.74e+10       0s
   5   8.59e+04 7.41e+02   3.01998079e+15 -3.49152369e+14  4.62e+10       0s
 Constructing starting basis...
   6   2.16e+04 2.40e+02   1.01890670e+15 -1.65202696e+14  1.58e+10       1s
   7   9.44e+03 1.57e+02   6.48089755e+14 -1.16857254e+14  1.02e+10       1s
   8   3.02e+03 8.11e+01   2.92192877e+14 -5.64693386e+13  4.69e+09       1s
   9   1.36e+03 4.33e+01   1.76608175e+14 -3.23608192e+13  2.79e+09       1s
  10   5.37e+02 9.80e+00   8.83526606e+13 -1.06625990e+13  1.25e+09       1s
  11   2.14e+02 8.54e-01   3.80055569e+13 -1.24631932e+12  4.73e+08       1s
  12   9.06e+01 2.51e-01   1.73165387e+13 -4.70015100e+11  2.13e+08       2s
  13   2.39e+01 5.13e-02   4.76015208e+12 -1.08585095e+11  5.82e+07       2s
  14   8.96e+00 2.28e-02   1.89695569e+12 -5.34629236e+10  2.33e+07       2s
  15   3.92e+00 4.92e-03   8.64486505e+11 -1.17162217e+10  1.04e+07       2s
  16   1.78e+00 3.00e-03   6.71521928e+11 -1.97787723e+10  8.29e+06       2s
  17   1.12e+00 5.92e-04   4.40380082e+11 -3.58363258e+09  5.27e+06       2s
  18   2.16e-01 1.74e-04   2.39513419e+11 -7.63777374e+09  2.92e+06       2s
  19   7.31e-02 4.35e-05   8.86372930e+10  3.97510276e+08  1.04e+06       2s
  20   2.82e-02 2.30e-05   3.90714828e+10  1.61199977e+09  4.42e+05       2s
  21   7.88e-03 4.25e-06   1.57343167e+10  2.88211900e+09  1.51e+05       2s
  22   1.49e-03 2.15e-06   6.94236216e+09  3.13376919e+09  4.49e+04       3s
  23   4.24e-04 6.10e-07   4.73594863e+09  3.36460920e+09  1.62e+04       3s
  24   1.19e-04 1.97e-07   3.98681359e+09  3.44110810e+09  6.43e+03       3s
  25   4.48e-05 7.61e-08   3.70672923e+09  3.47232716e+09  2.76e+03       3s
  26   1.41e-05 1.98e-08   3.57716833e+09  3.48829432e+09  1.05e+03       3s
  27   2.21e-06 6.05e-09   3.51702434e+09  3.49309205e+09  2.82e+02       3s
  28   2.98e-07 1.75e-09   3.50109979e+09  3.49504077e+09  7.13e+01       3s
  29   2.09e-07 4.66e-10   3.49691594e+09  3.49585632e+09  1.25e+01       3s
  30   1.49e-07 2.33e-10   3.49624164e+09  3.49598635e+09  3.00e+00       3s
  31   8.94e-08 2.33e-10   3.49606375e+09  3.49601648e+09  5.57e-01       4s
  32   1.79e-07 3.49e-10   3.49604787e+09  3.49602001e+09  3.28e-01       4s
  33   8.94e-08 2.33e-10   3.49604696e+09  3.49602022e+09  3.15e-01       4s
  34   1.79e-07 2.33e-10   3.49602367e+09  3.49602215e+09  1.80e-02       4s
  35   1.49e-07 2.33e-10   3.49602270e+09  3.49602243e+09  3.08e-03       4s
  36   2.09e-07 2.33e-10   3.49602259e+09  3.49602256e+09  3.85e-04       4s
  37   4.47e-07 2.33e-10   3.49602257e+09  3.49602257e+09  8.74e-05       4s
  38*  3.58e-07 2.33e-10   3.49602257e+09  3.49602257e+09  6.52e-06       4s
Summary
    Runtime:                                            4.11s
    Status interior point solve:                        optimal
    Status crossover:                                   not run
    objective value:                                    3.49602257e+09
    interior solution primal residual (abs/rel):        4.77e-07 / 3.17e-15
    interior solution dual residual (abs/rel):          2.33e-10 / 1.78e-16
    interior solution objective gap (abs/rel):          5.80e-01 / 1.66e-10
Ipx: IPM       optimal
Model   status      : Optimal
IPM       iterations: 38
Objective value     :  3.5046141199e+09
HiGHS run time      :          4.77
Presolving model
51367 rows, 163958 cols, 372962 nonzeros
40095 rows, 108813 cols, 264505 nonzeros
40012 rows, 53269 cols, 151628 nonzeros
37665 rows, 49344 cols, 143720 nonzeros
Presolve : Reductions: rows 37665(-795160); columns 49344(-516231); elements 143720(-2170288)
Solving the presolved LP
IPX model has 37665 rows, 49344 columns and 143720 nonzeros
Input
    Number of variables:                                49344
    Number of free variables:                           0
    Number of constraints:                              37665
    Number of equality constraints:                     5764
    Number of matrix entries:                           143720
    Matrix range:                                       [1e-02, 1e+00]
    RHS range:                                          [2e+05, 1e+08]
    Objective range:                                    [2e-04, 1e+06]
    Bounds range:                                       [1e+05, 2e+08]
Preprocessing
    Dualized model:                                     no
    Number of dense columns:                            0
    Range of scaling factors:                           [1.00e+00, 2.00e+00]
IPX version 1.0
Interior Point Solve
 Iter     P.res    D.res            P.obj           D.obj        mu     Time
   0   1.54e+07 1.32e+05   1.00741384e+13 -2.38155756e+16  2.45e+12       0s
   1   3.67e+06 9.14e+04   9.09325831e+15 -1.76173154e+16  1.51e+12       0s
   2   1.43e+06 4.75e+04   1.24125427e+16 -1.12611004e+16  1.02e+12       0s
   3   5.29e+05 1.15e+04   9.58476249e+15 -3.22405237e+15  3.17e+11       0s
   4   1.81e+05 2.06e+03   5.52661133e+15 -7.53262328e+14  9.74e+10       0s
   5   8.59e+04 7.41e+02   3.01986743e+15 -3.49143784e+14  4.62e+10       0s
 Constructing starting basis...
   6   2.20e+04 2.40e+02   1.03272948e+15 -1.65142039e+14  1.60e+10       1s
   7   9.40e+03 1.57e+02   6.44453095e+14 -1.16929402e+14  1.02e+10       1s
   8   3.28e+03 8.05e+01   3.08895245e+14 -5.63355457e+13  4.89e+09       1s
   9   1.51e+03 4.24e+01   1.86776420e+14 -3.17153231e+13  2.90e+09       1s
  10   6.22e+02 1.01e+01   9.52057879e+13 -1.10547001e+13  1.34e+09       1s
  11   2.04e+02 7.42e-01   3.59305112e+13 -1.34795857e+12  4.49e+08       1s
  12   8.26e+01 2.07e-01   1.54717220e+13 -4.48648320e+11  1.91e+08       2s
  13   3.07e+01 4.64e-02   5.84701333e+12 -1.07230257e+11  7.11e+07       2s
  14   9.59e+00 1.91e-02   2.06152626e+12 -5.63989775e+10  2.53e+07       2s
  15   4.13e+00 3.90e-03   9.33371631e+11 -1.27979953e+10  1.13e+07       2s
  16   8.11e-01 2.44e-03   6.30557737e+11 -2.12823063e+10  7.85e+06       2s
  17   5.06e-01 4.48e-04   4.15443777e+11 -4.01938181e+09  4.97e+06       2s
  18   3.61e-02 2.38e-04   2.17377358e+11 -6.80571334e+09  2.66e+06       2s
  19   1.88e-02 6.89e-05   1.28813019e+11 -8.37431124e+08  1.53e+06       2s
  20   6.42e-03 3.29e-05   4.81669590e+10  1.26670760e+09  5.53e+05       2s
  21   2.28e-03 9.26e-06   2.13105992e+10  2.59899882e+09  2.20e+05       2s
  22   5.40e-04 2.99e-06   8.94314127e+09  3.10671598e+09  6.87e+04       3s
  23   2.27e-04 1.14e-06   6.15320045e+09  3.30554242e+09  3.35e+04       3s
  24   6.70e-05 3.64e-07   4.36007177e+09  3.42540375e+09  1.10e+04       3s
  25   1.63e-05 1.09e-07   3.78357538e+09  3.46786694e+09  3.72e+03       3s
  26   7.72e-06 4.26e-08   3.64608062e+09  3.48346172e+09  1.91e+03       3s
  27   2.53e-06 1.22e-08   3.55068794e+09  3.49179167e+09  6.93e+02       3s
  28   6.56e-07 3.03e-09   3.51428911e+09  3.49456497e+09  2.32e+02       3s
  29   2.09e-07 1.16e-09   3.50100733e+09  3.49549421e+09  6.49e+01       3s
  30   2.09e-07 4.66e-10   3.49706480e+09  3.49590126e+09  1.37e+01       3s
  31   1.49e-07 2.33e-10   3.49627626e+09  3.49600044e+09  3.25e+00       4s
  32   2.09e-07 2.33e-10   3.49605941e+09  3.49601556e+09  5.16e-01       4s
  33   8.94e-08 2.33e-10   3.49602779e+09  3.49602173e+09  7.14e-02       4s
  34   1.49e-07 2.33e-10   3.49602352e+09  3.49602250e+09  1.20e-02       4s
  35   1.49e-07 2.33e-10   3.49602268e+09  3.49602257e+09  1.33e-03       4s
  36   2.09e-07 2.33e-10   3.49602262e+09  3.49602257e+09  5.81e-04       4s
  37   3.58e-07 2.33e-10   3.49602258e+09  3.49602257e+09  7.50e-05       4s
  38*  8.05e-07 2.33e-10   3.49602257e+09  3.49602257e+09  6.47e-06       4s
Summary
    Runtime:                                            3.99s
    Status interior point solve:                        optimal
    Status crossover:                                   not run
    objective value:                                    3.49602257e+09
    interior solution primal residual (abs/rel):        6.26e-07 / 4.17e-15
    interior solution dual residual (abs/rel):          2.33e-10 / 1.78e-16
    interior solution objective gap (abs/rel):          5.29e-01 / 1.51e-10
Ipx: IPM       optimal
Model   status      : Optimal
IPM       iterations: 38
Objective value     :  3.5046141231e+09
HiGHS run time      :          4.65
[ Info: Rolling step not specified in scenaio.yaml file; Setting it to 5 years
[ Info: Demand-pathway mapping not specified in scenaio.yaml file; SERA will not look for eligible pathways for different demand types.
[ Info: Production capacity constraints from the grid model not defined. SERA will not create these constraints
[ Info: Regional technology limits not specified in scenaio.yaml file; SERA will not create these constraints
STARTING DATA PRE-PROCESSING 
Processing Temporal Data
Processing Nodes
Processing Demand
Processing Existings
Processing Links
Processing Pathways
Creating Infrastructure options
  4.825502 seconds (32.83 M allocations: 3.874 GiB, 25.84% gc time, 1.67% compilation time)

OPTIMIZING FROM 2026 TO 2030 

STARTING OPTIMIZATION MODEL CREATION
CREATING VARIABLES AND EXPRESSIONS
  9.043548 seconds (51.39 M allocations: 3.166 GiB, 23.72% gc time, 59.51% compilation time)
POPULATING EXPRESSIONS
  4.487609 seconds (19.79 M allocations: 3.000 GiB, 8.47% gc time, 4.04% compilation time)
CREATING CONSTRAINTS
  3.490985 seconds (26.39 M allocations: 1.371 GiB, 12.42% gc time, 26.16% compilation time)
POPULATED CORE OPTIMIZATION MODEL, STARTING ITERATIONS
READING COST DATA FOR ITERATION 1
  5.548750 seconds (22.04 M allocations: 2.091 GiB, 4.06% gc time, 6.49% compilation time)
CREATING EXPRESSIONS FOR CAPITAL AND FIXED COST
  2.177683 seconds (12.95 M allocations: 845.288 MiB, 7.87% gc time, 59.78% compilation time)
BUILDING OBJECTIVE FUNCTION
  1.936607 seconds (8.76 M allocations: 339.561 MiB, 14.36% gc time, 67.71% compilation time)
Optimizing for iteration 1
  7.153415 seconds (8.62 M allocations: 814.383 MiB, 15.70% gc time, 0.32% compilation time)
OPTIMAL
1.354308864088225e9
 =  1.0
READING COST DATA FOR ITERATION 2
 10.614886 seconds (17.98 M allocations: 1.989 GiB, 2.02% gc time, 0.18% compilation time)
CREATING EXPRESSIONS FOR CAPITAL AND FIXED COST
  0.800048 seconds (11.36 M allocations: 740.183 MiB, 12.36% gc time, 0.55% compilation time)
BUILDING OBJECTIVE FUNCTION
  0.886458 seconds (7.46 M allocations: 256.815 MiB, 29.07% gc time)
Optimizing for iteration 2
  3.688701 seconds (5 allocations: 32 bytes)
OPTIMAL
1.5391971361650946e9
 =  0.12011994287976939
READING COST DATA FOR ITERATION 3
 10.740305 seconds (17.93 M allocations: 1.983 GiB, 3.36% gc time)
CREATING EXPRESSIONS FOR CAPITAL AND FIXED COST
  0.939025 seconds (11.36 M allocations: 740.136 MiB, 25.66% gc time)
BUILDING OBJECTIVE FUNCTION
  0.617773 seconds (7.46 M allocations: 256.815 MiB)
Optimizing for iteration 3
  3.810301 seconds (2 allocations: 32 bytes)
OPTIMAL
1.2835754738018382e9
 =  0.19914813548604418
READING COST DATA FOR ITERATION 4
 10.879869 seconds (17.93 M allocations: 2.008 GiB, 4.40% gc time)
CREATING EXPRESSIONS FOR CAPITAL AND FIXED COST
  0.987579 seconds (11.36 M allocations: 740.136 MiB, 29.71% gc time)
BUILDING OBJECTIVE FUNCTION
  0.642453 seconds (7.46 M allocations: 256.815 MiB)
Optimizing for iteration 4
  3.727205 seconds (2 allocations: 32 bytes)
OPTIMAL
1.2825982889778507e9
 =  0.000761879095251053
ITERATIONS COMPLETED
WRITING RESULTS TO FILE
  0.836688 seconds (3.67 M allocations: 190.517 MiB, 71.87% compilation time)

OPTIMIZING FROM 2031 TO 2035 

STARTING OPTIMIZATION MODEL CREATION
CREATING VARIABLES AND EXPRESSIONS
  3.075846 seconds (43.17 M allocations: 2.632 GiB, 25.79% gc time, 6.36% compilation time)
POPULATING EXPRESSIONS
  4.426827 seconds (19.61 M allocations: 2.990 GiB, 11.06% gc time)
CREATING CONSTRAINTS
  2.642460 seconds (24.88 M allocations: 1.272 GiB, 13.04% gc time)
POPULATED CORE OPTIMIZATION MODEL, STARTING ITERATIONS
READING COST DATA FOR ITERATION 1
  5.186877 seconds (17.89 M allocations: 1.989 GiB, 6.18% gc time)
CREATING EXPRESSIONS FOR CAPITAL AND FIXED COST
  0.714128 seconds (11.36 M allocations: 740.136 MiB)
BUILDING OBJECTIVE FUNCTION
  0.938704 seconds (7.46 M allocations: 248.622 MiB, 32.95% gc time)
Optimizing for iteration 1
  7.745419 seconds (8.62 M allocations: 814.116 MiB)
OPTIMAL
3.9852125920125516e13
 =  1.0
READING COST DATA FOR ITERATION 2
 16.668857 seconds (17.99 M allocations: 2.005 GiB, 36.91% gc time)
CREATING EXPRESSIONS FOR CAPITAL AND FIXED COST
  4.642720 seconds (11.36 M allocations: 740.136 MiB, 84.54% gc time)
BUILDING OBJECTIVE FUNCTION
  2.862119 seconds (7.46 M allocations: 253.442 MiB, 76.89% gc time)
Optimizing for iteration 2
  4.475062 seconds (5 allocations: 32 bytes)
OPTIMAL
2.9247685143069477e9
 =  13624.736780597457
READING COST DATA FOR ITERATION 3
 18.586064 seconds (17.96 M allocations: 1.983 GiB, 42.95% gc time)
CREATING EXPRESSIONS FOR CAPITAL AND FIXED COST
  2.859080 seconds (11.36 M allocations: 740.136 MiB, 72.45% gc time)
BUILDING OBJECTIVE FUNCTION
  0.616963 seconds (7.46 M allocations: 256.829 MiB)
Optimizing for iteration 3
  4.667694 seconds (2 allocations: 32 bytes)
OPTIMAL
2.798162272485292e9
 =  0.04524621143903697
READING COST DATA FOR ITERATION 4
 18.560623 seconds (17.96 M allocations: 1.981 GiB, 43.35% gc time)
CREATING EXPRESSIONS FOR CAPITAL AND FIXED COST
  2.853357 seconds (11.36 M allocations: 740.136 MiB, 72.99% gc time)
BUILDING OBJECTIVE FUNCTION
  0.622676 seconds (7.46 M allocations: 256.829 MiB)
Optimizing for iteration 4
  4.524274 seconds (2 allocations: 32 bytes)
OPTIMAL
2.7975028201719503e9
 =  0.00023572891817179214
ITERATIONS COMPLETED
WRITING RESULTS TO FILE
  3.425530 seconds (6.28 M allocations: 316.413 MiB, 62.45% gc time, 77.48% compilation time)

OPTIMIZING FROM 2036 TO 2040 

STARTING OPTIMIZATION MODEL CREATION
CREATING VARIABLES AND EXPRESSIONS
 22.882206 seconds (42.90 M allocations: 2.608 GiB, 89.56% gc time)
POPULATING EXPRESSIONS
  7.649926 seconds (19.63 M allocations: 2.998 GiB, 44.83% gc time)
CREATING CONSTRAINTS
  5.024899 seconds (24.88 M allocations: 1.273 GiB, 49.98% gc time, 0.12% compilation time)
POPULATED CORE OPTIMIZATION MODEL, STARTING ITERATIONS
READING COST DATA FOR ITERATION 1
  6.942177 seconds (17.89 M allocations: 1.980 GiB, 29.51% gc time)
CREATING EXPRESSIONS FOR CAPITAL AND FIXED COST
  1.001812 seconds (11.36 M allocations: 740.136 MiB, 30.84% gc time)
BUILDING OBJECTIVE FUNCTION
  0.619675 seconds (7.46 M allocations: 248.637 MiB)
Optimizing for iteration 1
  8.075587 seconds (8.96 M allocations: 819.907 MiB, 4.68% gc time)
OPTIMAL
3.928191688489526e13
 =  1.0
READING COST DATA FOR ITERATION 2
 14.784864 seconds (18.03 M allocations: 1.982 GiB, 29.29% gc time)
CREATING EXPRESSIONS FOR CAPITAL AND FIXED COST
  2.859478 seconds (11.36 M allocations: 740.136 MiB, 73.64% gc time)
BUILDING OBJECTIVE FUNCTION
  0.620753 seconds (7.46 M allocations: 256.847 MiB)
Optimizing for iteration 2
  7.059372 seconds (5 allocations: 9.574 MiB, 27.31% gc time)
OPTIMAL
3.5735175061608996e9
 =  10991.507191351759
READING COST DATA FOR ITERATION 3
 18.849127 seconds (18.00 M allocations: 1.984 GiB, 44.32% gc time)
CREATING EXPRESSIONS FOR CAPITAL AND FIXED COST
  2.898796 seconds (11.36 M allocations: 740.136 MiB, 73.98% gc time)
BUILDING OBJECTIVE FUNCTION
  0.622110 seconds (7.46 M allocations: 256.847 MiB)
Optimizing for iteration 3
  4.776618 seconds (2 allocations: 32 bytes)
OPTIMAL
3.5046141198753567e9
 =  0.019660762619986335
READING COST DATA FOR ITERATION 4
 18.876864 seconds (18.00 M allocations: 1.982 GiB, 44.28% gc time)
CREATING EXPRESSIONS FOR CAPITAL AND FIXED COST
  2.912048 seconds (11.36 M allocations: 740.136 MiB, 73.93% gc time)
BUILDING OBJECTIVE FUNCTION
  0.619712 seconds (7.46 M allocations: 256.847 MiB)
Optimizing for iteration 4
  4.661335 seconds (2 allocations: 32 bytes)
OPTIMAL
3.504614123110251e9
 =  9.230389183242529e-10
ITERATIONS COMPLETED
WRITING RESULTS TO FILE
  2.896426 seconds (7.33 M allocations: 327.790 MiB, 76.71% gc time)

THE OPTIMIZATION PROBLEM TOOK 6.17 MINUTES TO SOLVE. 
