Running HiGHS 1.6.0: Copyright (c) 2023 HiGHS under MIT licence terms
Presolving model
2648606 rows, 5302747 cols, 14235150 nonzeros
2083257 rows, 2235965 cols, 8089112 nonzeros
2080373 rows, 2232271 cols, 8081703 nonzeros
Presolve : Reductions: rows 2080373(-19580680); columns 2232271(-12102656); elements 8081703(-98775957)
Solving the presolved LP
IPX model has 2080373 rows, 2232271 columns and 8081703 nonzeros
Input
    Number of variables:                                2232271
    Number of free variables:                           0
    Number of constraints:                              2080373
    Number of equality constraints:                     74400
    Number of matrix entries:                           8081703
    Matrix range:                                       [1e-02, 1e+00]
    RHS range:                                          [4e+03, 2e+09]
    Objective range:                                    [9e-05, 5e+01]
    Bounds range:                                       [7e+05, 1e+08]
Preprocessing
    Dualized model:                                     no
    Number of dense columns:                            0
    Range of scaling factors:                           [1.00e+00, 2.00e+00]
IPX version 1.0
Interior Point Solve
 Iter     P.res    D.res            P.obj           D.obj        mu     Time
   0   3.69e+08 4.66e+01   5.23305736e+10 -7.46265877e+14  1.74e+10       1s
   1   8.24e+07 2.80e+01   1.08901077e+14 -7.41555378e+14  9.55e+09       6s
   2   5.53e+07 1.96e+01   1.43141369e+14 -9.77461525e+14  8.25e+09      22s
   3   1.88e+07 7.16e+00   1.49830466e+14 -7.22663097e+14  3.20e+09      45s
 Constructing starting basis...
   4   3.44e+06 1.16e+00   1.31810477e+14 -2.99917956e+14  6.09e+08     130s
   5   4.30e+05 2.33e-01   7.79586672e+13 -8.67798161e+13  1.33e+08     199s
   6   4.60e+04 3.76e-02   3.49074373e+13 -2.24044949e+13  2.66e+07     278s
   7   2.21e+04 2.45e-02   2.36111780e+13 -1.66863124e+13  1.78e+07     380s
   8   5.42e+03 2.42e-03   1.25525238e+13 -4.49794693e+12  4.42e+06     469s
   9   2.38e+03 1.16e-03   6.72838690e+12 -2.46737239e+12  2.21e+06     573s
  10   7.02e+02 4.87e-04   3.17816513e+12 -1.32247337e+12  1.02e+06     666s
  11   4.11e+02 1.98e-04   2.19387430e+12 -6.46286573e+11  6.17e+05     757s
  12   3.32e+02 1.66e-04   2.04272320e+12 -6.00116373e+11  5.71e+05     842s
  13   9.78e+01 6.22e-05   1.26183996e+12 -3.58897857e+11  3.43e+05     918s
  14   5.01e+01 3.24e-05   8.99130327e+11 -2.24994459e+11  2.36e+05    1015s
  15   1.95e+01 1.39e-05   5.01032766e+11 -9.56352687e+10  1.25e+05    1133s
  16   1.19e+01 4.69e-06   4.01645231e+11 -3.23314233e+10  9.04e+04    1279s
  17   8.00e+00 2.68e-06   3.18667522e+11 -6.41098696e+09  6.76e+04    1401s
  18   4.48e+00 1.54e-06   2.30609977e+11  1.11643237e+10  4.56e+04    1508s
  19   2.06e+00 9.62e-07   1.66685686e+11  2.07260067e+10  3.03e+04    1638s
  20   1.26e+00 6.33e-07   1.36591826e+11  2.81704323e+10  2.25e+04    1795s
  21   8.44e-01 3.74e-07   1.21842244e+11  3.37032101e+10  1.83e+04    1976s
  22   4.32e-01 1.86e-07   1.01643966e+11  3.92240206e+10  1.30e+04    2168s
  23   2.90e-01 1.13e-07   9.12811929e+10  4.24614445e+10  1.01e+04    2451s
  24   2.00e-01 7.68e-08   8.30280812e+10  4.45097160e+10  8.01e+03    2728s
  25   1.65e-01 4.05e-08   8.06973582e+10  4.59661139e+10  7.22e+03    3014s
  26   1.11e-01 2.35e-08   7.32575918e+10  4.78440195e+10  5.28e+03    3271s
  27   1.10e-01 2.22e-08   7.31944132e+10  4.78904656e+10  5.26e+03    3585s
  28   9.23e-02 1.29e-08   7.09635782e+10  4.88367665e+10  4.60e+03    3769s
  29   8.22e-02 7.42e-09   6.94708362e+10  4.95924351e+10  4.13e+03    3987s
  30   7.61e-02 5.14e-09   6.85559291e+10  4.99199645e+10  3.87e+03    4216s
  31   5.78e-02 3.11e-09   6.54531115e+10  5.03492143e+10  3.14e+03    4419s
  32   4.75e-02 1.12e-09   6.40759880e+10  5.04736691e+10  2.83e+03    4688s
  33   3.76e-02 6.90e-10   6.33348494e+10  5.02623387e+10  2.72e+03    4927s
  34   3.14e-02 3.25e-10   6.21489926e+10  5.06098825e+10  2.40e+03    5106s
  35   2.28e-02 1.92e-10   6.13212099e+10  5.04623067e+10  2.26e+03    5354s
  36   1.35e-02 1.45e-10   5.82919668e+10  5.07112676e+10  1.58e+03    5553s
  37   1.03e-02 8.45e-11   5.77451261e+10  5.08320202e+10  1.44e+03    5875s
  38   6.20e-03 4.11e-11   5.61923970e+10  5.11773479e+10  1.04e+03    6160s
  39   4.33e-03 2.48e-11   5.54725407e+10  5.13157642e+10  8.64e+02    6639s
  40   2.65e-03 1.46e-11   5.47356422e+10  5.14260902e+10  6.88e+02    7043s
  41   1.91e-03 8.04e-12   5.43512199e+10  5.15219763e+10  5.88e+02    7425s
  42   1.18e-03 6.08e-12   5.37908782e+10  5.15789641e+10  4.60e+02    7775s
  43   6.36e-04 4.70e-12   5.33258982e+10  5.16254169e+10  3.53e+02    8152s
  44   3.27e-04 3.01e-12   5.28759634e+10  5.17166685e+10  2.41e+02    8487s
  45   2.14e-04 1.67e-12   5.27170065e+10  5.17881030e+10  1.93e+02    8923s
  46   1.97e-04 1.41e-12   5.26857485e+10  5.18064662e+10  1.83e+02    9246s
  47   1.65e-04 1.04e-12   5.25993197e+10  5.18423902e+10  1.57e+02    9434s
  48   1.04e-04 7.82e-13   5.24843050e+10  5.18585244e+10  1.30e+02    9618s
  49   7.16e-05 5.33e-13   5.23826096e+10  5.18848313e+10  1.03e+02    9771s
  50   4.87e-05 3.55e-13   5.22971361e+10  5.19072881e+10  8.10e+01    9928s
  51   4.01e-05 3.06e-13   5.22779820e+10  5.19112430e+10  7.62e+01   10083s
  52   2.03e-05 1.92e-13   5.21991092e+10  5.19275088e+10  5.64e+01   10197s
  53   1.37e-05 1.42e-13   5.21609300e+10  5.19374646e+10  4.64e+01   10316s
  54   9.51e-06 1.07e-13   5.21319244e+10  5.19436085e+10  3.91e+01   10425s
  55   6.62e-06 7.11e-14   5.21053434e+10  5.19546207e+10  3.13e+01   10523s
  56   6.08e-06 5.68e-14   5.21005354e+10  5.19582419e+10  2.96e+01   10629s
  57   4.41e-06 4.97e-14   5.20786684e+10  5.19631520e+10  2.40e+01   10716s
  58   3.97e-06 4.97e-14   5.20613347e+10  5.19651037e+10  2.00e+01   10804s
  59   3.32e-06 3.55e-14   5.20473812e+10  5.19667092e+10  1.68e+01   10887s
  60   3.47e-06 3.55e-14   5.20441238e+10  5.19682171e+10  1.58e+01   10976s
  61   3.52e-06 2.84e-14   5.20336040e+10  5.19711011e+10  1.30e+01   11056s
  62   2.69e-06 3.55e-14   5.20318689e+10  5.19719551e+10  1.25e+01   11140s
  63   3.05e-06 2.84e-14   5.20133844e+10  5.19738562e+10  8.22e+00   11217s
  64   2.18e-06 2.84e-14   5.20110103e+10  5.19755023e+10  7.38e+00   11297s
  65   2.80e-06 2.84e-14   5.20012354e+10  5.19773106e+10  4.97e+00   11372s
  66   2.11e-06 2.84e-14   5.19972364e+10  5.19796080e+10  3.66e+00   11449s
  67   3.20e-06 2.13e-14   5.19945946e+10  5.19808117e+10  2.86e+00   11526s
  68   1.70e-06 2.13e-14   5.19921233e+10  5.19816244e+10  2.18e+00   11600s
  69   2.65e-06 2.84e-14   5.19900627e+10  5.19821091e+10  1.65e+00   11674s
  70   2.99e-06 2.13e-14   5.19870859e+10  5.19826148e+10  9.29e-01   11745s
  71   2.62e-06 2.84e-14   5.19859115e+10  5.19828434e+10  6.38e-01   11817s
  72   2.02e-06 2.84e-14   5.19847248e+10  5.19830851e+10  3.41e-01   11889s
  73   2.71e-06 2.84e-14   5.19845968e+10  5.19831307e+10  3.05e-01   11961s
  74   3.28e-06 2.84e-14   5.19842351e+10  5.19832414e+10  2.07e-01   12030s
  75   3.24e-06 2.84e-14   5.19840428e+10  5.19833057e+10  1.53e-01   12097s
  76   4.19e-06 2.84e-14   5.19836859e+10  5.19833530e+10  6.92e-02   12161s
  77   3.37e-06 2.84e-14   5.19835680e+10  5.19834014e+10  3.46e-02   12229s
  78   4.17e-06 2.13e-14   5.19835329e+10  5.19834300e+10  2.14e-02   12295s
  79   2.50e-06 2.13e-14   5.19835038e+10  5.19834439e+10  1.25e-02   12363s
  80   2.44e-06 3.55e-14   5.19834901e+10  5.19834608e+10  6.08e-03   12432s
  81   3.46e-06 2.84e-14   5.19834857e+10  5.19834638e+10  4.55e-03   12495s
  82   2.60e-06 3.55e-14   5.19834756e+10  5.19834716e+10  8.30e-04   12557s
  83   3.45e-06 2.84e-14   5.19834729e+10  5.19834723e+10  1.22e-04   12614s
  84   3.71e-06 2.84e-14   5.19834726e+10  5.19834725e+10  3.23e-05   12674s
  85*  5.57e-06 2.84e-14   5.19834726e+10  5.19834725e+10  5.69e-06   12731s
Summary
    Runtime:                                            12730.76s
    Status interior point solve:                        optimal
    Status crossover:                                   not run
    objective value:                                    5.19834726e+10
    interior solution primal residual (abs/rel):        2.98e-06 / 1.70e-15
    interior solution dual residual (abs/rel):          8.53e-10 / 1.74e-11
    interior solution objective gap (abs/rel):          2.69e+01 / 5.18e-10
Ipx: IPM       optimal
Model   status      : Optimal
IPM       iterations: 85
Objective value     :  5.1983472562e+10
HiGHS run time      :      12762.74
Presolving model
2648606 rows, 5302747 cols, 14235150 nonzeros
2083257 rows, 2235965 cols, 8089112 nonzeros
2080373 rows, 2232271 cols, 8081703 nonzeros
Presolve : Reductions: rows 2080373(-19618255); columns 2232271(-12102656); elements 8081703(-98813532)
Solving the presolved LP
IPX model has 2080373 rows, 2232271 columns and 8081703 nonzeros
Input
    Number of variables:                                2232271
    Number of free variables:                           0
    Number of constraints:                              2080373
    Number of equality constraints:                     74400
    Number of matrix entries:                           8081703
    Matrix range:                                       [1e-02, 1e+00]
    RHS range:                                          [4e+03, 2e+09]
    Objective range:                                    [9e-05, 1e+07]
    Bounds range:                                       [7e+05, 1e+08]
Preprocessing
    Dualized model:                                     no
    Number of dense columns:                            0
    Range of scaling factors:                           [1.00e+00, 2.00e+00]
IPX version 1.0
Interior Point Solve
 Iter     P.res    D.res            P.obj           D.obj        mu     Time
   0   3.69e+08 4.34e+06   3.02090765e+15 -6.94154541e+19  1.62e+15       1s
   1   8.34e+07 2.65e+06   2.13743072e+19 -6.90479556e+19  9.02e+14       6s
   2   5.43e+07 1.77e+06   2.84031061e+19 -9.29563949e+19  7.53e+14      22s
   3   1.80e+07 6.37e+05   3.04705655e+19 -6.92218318e+19  2.92e+14      46s
 Constructing starting basis...
   4   3.26e+06 1.14e+05   2.75998941e+19 -2.97610920e+19  6.21e+13     131s
   5   4.62e+05 2.32e+04   1.76937191e+19 -9.76544319e+18  1.51e+13     192s
   6   1.23e+05 9.50e+03   1.05855227e+19 -5.58838966e+18  6.82e+12     251s
   7   6.11e+04 4.43e+03   7.67284625e+18 -3.56753631e+18  3.86e+12     310s
   8   1.75e+04 1.72e+03   3.76521086e+18 -1.78324720e+18  1.61e+12     389s
   9   9.14e+03 1.37e+03   2.87083521e+18 -1.57104474e+18  1.27e+12     502s
  10   3.87e+03 4.70e+02   1.81337857e+18 -7.71369760e+17  6.40e+11     604s
  11   1.60e+03 2.43e+02   9.72702504e+17 -4.52831732e+17  3.40e+11     720s
  12   6.57e+02 1.56e+02   5.82274392e+17 -3.26470428e+17  2.15e+11     836s
  13   1.58e+02 9.09e+01   2.72221121e+17 -2.12145841e+17  1.15e+11     943s
  14   5.80e+01 3.27e+01   1.47675006e+17 -9.03814024e+16  5.45e+10    1055s
  15   3.47e+01 1.30e+01   1.01208698e+17 -4.14357297e+16  3.17e+10    1201s
  16   2.69e+01 7.65e+00   8.72940837e+16 -2.91083583e+16  2.54e+10    1336s
  17   1.94e+01 3.09e+00   6.91002194e+16 -1.55217447e+16  1.81e+10    1458s
  18   1.68e+01 2.00e+00   6.21387819e+16 -1.16201080e+16  1.57e+10    1582s
  19   1.39e+01 1.38e+00   5.28250496e+16 -8.67813602e+15  1.30e+10    1701s
  20   1.16e+01 9.72e-01   4.51404549e+16 -6.46525898e+15  1.09e+10    1812s
  21   6.75e+00 7.40e-01   2.75556932e+16 -5.06787196e+15  6.91e+09    1925s
  22   2.66e+00 4.66e-01   1.23468766e+16 -3.37911089e+15  3.34e+09    2031s
  23   8.78e-01 2.33e-01   5.61673357e+15 -1.95849843e+15  1.61e+09    2111s
  24   4.04e-01 1.27e-01   3.35751556e+15 -1.21084490e+15  9.70e+08    2195s
  25   2.37e-01 6.99e-02   2.32559711e+15 -7.58023092e+14  6.52e+08    2277s
  26   1.32e-01 3.67e-02   1.59919124e+15 -4.69818176e+14  4.36e+08    2359s
  27   6.51e-02 1.92e-02   9.61714637e+14 -2.81355639e+14  2.61e+08    2443s
  28   2.33e-02 9.70e-03   5.06935462e+14 -1.68901524e+14  1.42e+08    2534s
  29   1.08e-02 4.51e-03   3.59945820e+14 -1.05100663e+14  9.72e+07    2618s
  30   2.99e-03 2.18e-03   1.56952908e+14 -5.92133900e+13  4.51e+07    2700s
  31   1.57e-03 1.13e-03   1.17907911e+14 -3.81772188e+13  3.25e+07    2788s
  32   5.87e-04 4.57e-04   6.08671702e+13 -1.86224675e+13  1.65e+07    2871s
  33   1.60e-04 9.07e-05   4.08527238e+13 -9.14624935e+12  1.04e+07    2946s
  34   6.87e-05 5.30e-05   1.87104657e+13 -5.53512028e+12  5.04e+06    3024s
  35   3.43e-05 2.23e-05   1.41285680e+13 -3.44699146e+12  3.65e+06    3099s
  36   2.29e-05 1.17e-05   1.11725574e+13 -2.17115987e+12  2.77e+06    3175s
  37   1.53e-05 7.32e-06   8.04338046e+12 -1.44987733e+12  1.97e+06    3246s
  38   9.54e-06 5.98e-06   5.94271873e+12 -1.26358928e+12  1.50e+06    3316s
  39   7.63e-06 3.54e-06   4.95582164e+12 -8.02529362e+11  1.20e+06    3387s
  40   6.68e-06 1.59e-06   4.37332147e+12 -5.16766313e+11  1.02e+06    3462s
  41   5.72e-06 4.25e-07   3.95292423e+12 -3.76679315e+11  9.00e+05    3534s
  42   4.77e-06 2.55e-07   2.96867503e+12 -2.30383991e+11  6.65e+05    3603s
  43   3.76e-06 1.34e-07   2.45524045e+12 -1.47885117e+11  5.41e+05    3671s
  44   2.86e-06 7.08e-08   2.26425620e+12 -1.11570023e+11  4.94e+05    3741s
  45   3.50e-06 1.86e-08   1.43826799e+12 -6.86496216e+10  3.13e+05    3805s
  46   4.43e-06 1.21e-08   8.48395358e+11 -6.46867920e+09  1.78e+05    3888s
  47   2.60e-06 9.31e-09   6.10864243e+11  2.15883747e+10  1.22e+05    4012s
  48   2.97e-06 7.45e-09   4.73560146e+11  4.62866604e+10  8.88e+04    4123s
  49   4.65e-06 5.59e-09   3.90081913e+11  6.48601038e+10  6.76e+04    4235s
  50   2.50e-06 4.66e-09   3.27812107e+11  7.90466680e+10  5.17e+04    4347s
  51   1.87e-06 3.73e-09   2.75722706e+11  9.08635333e+10  3.84e+04    4450s
  52   2.31e-06 3.73e-09   2.38980294e+11  1.00430929e+11  2.88e+04    4546s
  53   5.17e-06 3.73e-09   2.22216567e+11  1.06648307e+11  2.40e+04    4643s
  54   2.82e-06 3.73e-09   2.02840254e+11  1.11630564e+11  1.90e+04    4727s
  55   4.31e-06 3.73e-09   1.79250472e+11  1.16390293e+11  1.31e+04    4811s
  56   2.92e-06 3.73e-09   1.74472907e+11  1.17832010e+11  1.18e+04    4896s
  57   4.15e-06 3.73e-09   1.69479479e+11  1.20041697e+11  1.03e+04    4963s
  58   2.06e-06 3.73e-09   1.52572931e+11  1.20990309e+11  6.56e+03    5031s
  59   2.26e-06 3.73e-09   1.50212208e+11  1.21331299e+11  6.00e+03    5102s
  60   3.17e-06 5.59e-09   1.41070914e+11  1.22371844e+11  3.89e+03    5163s
  61   2.25e-06 5.59e-09   1.38239152e+11  1.23120601e+11  3.14e+03    5231s
  62   3.06e-06 4.66e-09   1.34053859e+11  1.23643681e+11  2.16e+03    5296s
  63   2.91e-06 5.59e-09   1.31807213e+11  1.23930305e+11  1.64e+03    5354s
  64   3.11e-06 5.59e-09   1.29863248e+11  1.24237585e+11  1.17e+03    5411s
  65   2.67e-06 3.73e-09   1.29278320e+11  1.24307106e+11  1.03e+03    5470s
  66   2.42e-06 4.66e-09   1.26972549e+11  1.24454735e+11  5.23e+02    5524s
  67   4.67e-06 3.73e-09   1.26262144e+11  1.24498718e+11  3.67e+02    5583s
  68   5.21e-06 5.59e-09   1.25859861e+11  1.24615463e+11  2.59e+02    5639s
  69   4.57e-06 5.59e-09   1.25330703e+11  1.24679815e+11  1.35e+02    5694s
  70   2.75e-06 4.66e-09   1.25252254e+11  1.24686278e+11  1.18e+02    5753s
  71   1.99e-06 3.73e-09   1.24976466e+11  1.24725143e+11  5.22e+01    5808s
  72   2.23e-06 3.73e-09   1.24872414e+11  1.24740210e+11  2.75e+01    5863s
  73   2.45e-06 3.73e-09   1.24841936e+11  1.24747689e+11  1.96e+01    5916s
  74   2.36e-06 3.73e-09   1.24825815e+11  1.24752166e+11  1.53e+01    5970s
  75   4.26e-06 5.59e-09   1.24784622e+11  1.24759679e+11  5.18e+00    6025s
  76   2.50e-06 3.73e-09   1.24776415e+11  1.24761541e+11  3.09e+00    6080s
  77   3.05e-06 3.73e-09   1.24768629e+11  1.24762569e+11  1.26e+00    6135s
  78   3.07e-06 3.73e-09   1.24766166e+11  1.24763227e+11  6.11e-01    6189s
  79   2.90e-06 3.73e-09   1.24765237e+11  1.24763251e+11  4.13e-01    6247s
  80   2.15e-06 5.59e-09   1.24764595e+11  1.24763307e+11  2.68e-01    6302s
  81   3.82e-06 5.59e-09   1.24764307e+11  1.24763467e+11  1.75e-01    6358s
  82   5.28e-06 3.73e-09   1.24763888e+11  1.24763538e+11  7.27e-02    6410s
  83   2.52e-06 5.59e-09   1.24763660e+11  1.24763606e+11  1.12e-02    6464s
  84   5.72e-06 3.73e-09   1.24763627e+11  1.24763615e+11  2.61e-03    6518s
  85   1.01e-05 4.66e-09   1.24763618e+11  1.24763616e+11  4.99e-04    6567s
  86   1.56e-05 7.45e-09   1.24763617e+11  1.24763616e+11  1.74e-04    6618s
  87*  2.31e-05 1.86e-09   1.24763617e+11  1.24763616e+11  2.44e-05    6668s
Summary
    Runtime:                                            6668.28s
    Status interior point solve:                        optimal
    Status crossover:                                   not run
    objective value:                                    1.24763617e+11
    interior solution primal residual (abs/rel):        1.98e-05 / 1.13e-14
    interior solution dual residual (abs/rel):          1.86e-09 / 1.82e-16
    interior solution objective gap (abs/rel):          1.16e+02 / 9.29e-10
Ipx: IPM       optimal
Model   status      : Optimal
IPM       iterations: 87
Objective value     :  1.2476361657e+11
HiGHS run time      :       6701.86
Presolving model
2648606 rows, 5302747 cols, 14235150 nonzeros
2083257 rows, 2235965 cols, 8089112 nonzeros
2080373 rows, 2232271 cols, 8081703 nonzeros
Presolve : Reductions: rows 2080373(-19655830); columns 2232271(-12102656); elements 8081703(-98851107)
Solving the presolved LP
IPX model has 2080373 rows, 2232271 columns and 8081703 nonzeros
Input
    Number of variables:                                2232271
    Number of free variables:                           0
    Number of constraints:                              2080373
    Number of equality constraints:                     74400
    Number of matrix entries:                           8081703
    Matrix range:                                       [1e-02, 1e+00]
    RHS range:                                          [4e+03, 2e+09]
    Objective range:                                    [9e-05, 1e+07]
    Bounds range:                                       [7e+05, 1e+08]
Preprocessing
    Dualized model:                                     no
    Number of dense columns:                            0
    Range of scaling factors:                           [1.00e+00, 2.00e+00]
IPX version 1.0
Interior Point Solve
 Iter     P.res    D.res            P.obj           D.obj        mu     Time
   0   3.69e+08 4.34e+06   3.13541681e+15 -6.94123130e+19  1.62e+15       1s
   1   8.34e+07 2.65e+06   2.20288668e+19 -6.90456777e+19  9.02e+14       6s
   2   5.43e+07 1.77e+06   2.92807309e+19 -9.29018680e+19  7.53e+14      22s
   3   1.79e+07 6.37e+05   3.14684660e+19 -6.91556583e+19  2.91e+14      45s
 Constructing starting basis...
   4   3.01e+06 1.14e+05   2.86068376e+19 -2.97454661e+19  6.19e+13     135s
   5   4.44e+05 2.41e+04   1.84962715e+19 -9.68087136e+18  1.54e+13     201s
   6   1.11e+05 9.68e+03   1.12434214e+19 -5.61935092e+18  6.92e+12     266s
   7   5.30e+04 4.16e+03   8.06621260e+18 -3.44996916e+18  3.75e+12     329s
   8   1.60e+04 1.76e+03   4.01157211e+18 -1.82608211e+18  1.63e+12     402s
   9   7.76e+03 1.37e+03   2.93327374e+18 -1.57834810e+18  1.23e+12     504s
  10   3.26e+03 4.58e+02   1.84611583e+18 -7.56834193e+17  6.20e+11     600s
  11   1.20e+03 2.45e+02   9.03062239e+17 -4.48605682e+17  3.11e+11     705s
  12   5.18e+02 1.55e+02   5.60898011e+17 -3.16649926e+17  1.99e+11     785s
  13   1.59e+02 8.94e+01   2.65691387e+17 -1.98558534e+17  1.04e+11     853s
  14   5.08e+01 3.37e+01   1.28390041e+17 -8.53950098e+16  4.72e+10     937s
  15   2.43e+01 1.16e+01   8.13344576e+16 -3.62736579e+16  2.54e+10    1040s
  16   1.35e+01 6.16e+00   5.58093454e+16 -2.21195570e+16  1.67e+10    1124s
  17   7.82e+00 3.74e+00   3.91460812e+16 -1.48570371e+16  1.16e+10    1209s
  18   2.79e+00 2.01e+00   1.91727903e+16 -8.58187225e+15  5.97e+09    1294s
  19   9.29e-01 9.91e-01   1.27758677e+16 -5.25029347e+15  3.86e+09    1371s
  20   4.27e-01 5.88e-01   8.21963031e+15 -3.42337781e+15  2.49e+09    1448s
  21   1.87e-01 3.48e-01   5.05937535e+15 -2.21780826e+15  1.56e+09    1528s
  22   8.89e-02 2.03e-01   3.41709742e+15 -1.44742041e+15  1.04e+09    1616s
  23   3.81e-02 1.09e-01   2.49294262e+15 -9.43669652e+14  7.29e+08    1699s
  24   1.71e-02 6.13e-02   1.66543345e+15 -6.12138961e+14  4.82e+08    1779s
  25   7.62e-03 3.66e-02   1.00935797e+15 -3.98856635e+14  2.98e+08    1857s
  26   3.82e-03 2.03e-02   7.16953514e+14 -2.53790695e+14  2.04e+08    1935s
  27   1.60e-03 1.15e-02   4.65419254e+14 -1.65420004e+14  1.33e+08    2013s
  28   7.11e-04 7.66e-03   2.70951418e+14 -1.16160728e+14  8.12e+07    2090s
  29   2.88e-04 4.54e-03   1.64970697e+14 -7.52212586e+13  5.03e+07    2167s
  30   1.41e-04 3.07e-03   1.14098307e+14 -5.43880402e+13  3.52e+07    2244s
  31   6.48e-05 1.67e-03   7.28557501e+13 -3.24918711e+13  2.20e+07    2320s
  32   2.67e-05 1.16e-03   4.36878142e+13 -2.38591469e+13  1.41e+07    2395s
  33   9.54e-06 4.70e-04   2.45537356e+13 -1.13875782e+13  7.48e+06    2463s
  34   7.63e-06 2.78e-04   1.72741948e+13 -7.29481582e+12  5.11e+06    2531s
  35   7.63e-06 1.41e-04   1.38805039e+13 -4.41814753e+12  3.81e+06    2609s
  36   6.20e-06 8.80e-05   1.20999525e+13 -3.12843770e+12  3.17e+06    2675s
  37   4.77e-06 4.45e-05   9.54129619e+12 -2.07388922e+12  2.41e+06    2741s
  38   3.86e-06 1.64e-05   6.94165186e+12 -9.80095712e+11  1.65e+06    2808s
  39   4.56e-06 8.43e-06   5.11339814e+12 -6.68801303e+11  1.20e+06    2872s
  40   3.81e-06 4.68e-06   4.23473226e+12 -4.71446120e+11  9.78e+05    2935s
  41   1.97e-06 2.40e-06   2.79553999e+12 -2.98738925e+11  6.43e+05    2995s
  42   2.99e-06 9.29e-07   2.07025804e+12 -1.83340799e+11  4.68e+05    3058s
  43   1.76e-06 4.88e-07   1.58565583e+12 -1.16490173e+11  3.54e+05    3123s
  44   2.48e-06 2.05e-07   1.30225459e+12 -5.28046651e+10  2.82e+05    3191s
  45   2.29e-06 9.69e-08   9.41918169e+11 -1.16931476e+10  1.98e+05    3264s
  46   2.74e-06 4.10e-08   6.19151382e+11  2.14369678e+10  1.24e+05    3354s
  47   2.41e-06 2.24e-08   4.83033093e+11  3.85802889e+10  9.24e+04    3445s
  48   3.34e-06 1.68e-08   3.10511211e+11  5.19348670e+10  5.37e+04    3523s
  49   3.60e-06 9.31e-09   2.29599511e+11  6.67514088e+10  3.38e+04    3615s
  50   3.75e-06 6.52e-09   1.72085302e+11  7.70078433e+10  1.98e+04    3704s
  51   3.58e-06 5.59e-09   1.43615502e+11  8.35401728e+10  1.25e+04    3790s
  52   5.76e-06 5.59e-09   1.22987363e+11  8.67801564e+10  7.53e+03    3870s
  53   2.00e-06 3.73e-09   1.12787315e+11  8.96621671e+10  4.81e+03    3944s
  54   2.76e-06 3.73e-09   1.10586707e+11  9.06305712e+10  4.15e+03    4013s
  55   3.92e-06 3.73e-09   1.03654249e+11  9.19076649e+10  2.44e+03    4074s
  56   2.96e-06 3.73e-09   1.00273154e+11  9.25111773e+10  1.61e+03    4140s
  57   2.82e-06 5.59e-09   9.86649402e+10  9.28782148e+10  1.20e+03    4204s
  58   4.02e-06 3.73e-09   9.62944149e+10  9.32928947e+10  6.24e+02    4267s
  59   4.11e-06 5.59e-09   9.50510508e+10  9.35299777e+10  3.16e+02    4334s
  60   2.89e-06 3.73e-09   9.45089850e+10  9.36896461e+10  1.70e+02    4394s
  61   2.68e-06 4.66e-09   9.41237242e+10  9.37535751e+10  7.69e+01    4455s
  62   4.39e-06 5.59e-09   9.39634291e+10  9.37849212e+10  3.71e+01    4513s
  63   4.09e-06 4.66e-09   9.39027848e+10  9.38033937e+10  2.07e+01    4573s
  64   3.15e-06 7.45e-09   9.38477776e+10  9.38118330e+10  7.47e+00    4629s
  65   3.18e-06 3.73e-09   9.38284336e+10  9.38148024e+10  2.83e+00    4685s
  66   3.81e-06 4.66e-09   9.38190508e+10  9.38165114e+10  5.28e-01    4744s
  67   3.33e-06 3.73e-09   9.38174408e+10  9.38170692e+10  7.72e-02    4801s
  68   2.50e-06 3.73e-09   9.38172363e+10  9.38171321e+10  2.17e-02    4856s
  69   4.75e-06 5.59e-09   9.38171592e+10  9.38171434e+10  3.29e-03    4911s
  70   4.89e-06 3.73e-09   9.38171509e+10  9.38171467e+10  8.72e-04    4967s
  71   2.18e-05 5.59e-09   9.38171475e+10  9.38171471e+10  9.23e-05    5023s
  72*  2.00e-05 1.86e-09   9.38171472e+10  9.38171472e+10  6.06e-06    5078s
Summary
    Runtime:                                            5078.65s
    Status interior point solve:                        optimal
    Status crossover:                                   not run
    objective value:                                    9.38171472e+10
    interior solution primal residual (abs/rel):        2.07e-05 / 1.18e-14
    interior solution dual residual (abs/rel):          1.86e-09 / 1.82e-16
    interior solution objective gap (abs/rel):          2.93e+01 / 3.12e-10
Ipx: IPM       optimal
Model   status      : Optimal
IPM       iterations: 72
Objective value     :  9.3817147207e+10
HiGHS run time      :       5110.36
Presolving model
2648606 rows, 5302747 cols, 14235150 nonzeros
2083257 rows, 2235965 cols, 8089112 nonzeros
2080373 rows, 2232271 cols, 8081703 nonzeros
Presolve : Reductions: rows 2080373(-19693405); columns 2232271(-12102656); elements 8081703(-98888682)
Solving the presolved LP
IPX model has 2080373 rows, 2232271 columns and 8081703 nonzeros
Input
    Number of variables:                                2232271
    Number of free variables:                           0
    Number of constraints:                              2080373
    Number of equality constraints:                     74400
    Number of matrix entries:                           8081703
    Matrix range:                                       [1e-02, 1e+00]
    RHS range:                                          [4e+03, 2e+09]
    Objective range:                                    [9e-05, 1e+07]
    Bounds range:                                       [7e+05, 1e+08]
Preprocessing
    Dualized model:                                     no
    Number of dense columns:                            0
    Range of scaling factors:                           [1.00e+00, 2.00e+00]
IPX version 1.0
Interior Point Solve
 Iter     P.res    D.res            P.obj           D.obj        mu     Time
   0   3.69e+08 4.34e+06   3.16324366e+15 -6.94074048e+19  1.62e+15       1s
   1   8.34e+07 2.65e+06   2.21117241e+19 -6.90409564e+19  9.02e+14       6s
   2   5.43e+07 1.77e+06   2.93938546e+19 -9.28901529e+19  7.53e+14      22s
   3   1.81e+07 6.37e+05   3.15836673e+19 -6.91484265e+19  2.92e+14      45s
 Constructing starting basis...
   4   2.93e+06 1.14e+05   2.87031617e+19 -2.97408249e+19  6.16e+13     134s
   5   4.40e+05 2.41e+04   1.85708105e+19 -9.64975753e+18  1.54e+13     201s
   6   1.09e+05 9.67e+03   1.13351262e+19 -5.62292332e+18  6.93e+12     266s
   7   5.14e+04 4.05e+03   8.09782575e+18 -3.40986184e+18  3.71e+12     327s
   8   1.57e+04 1.75e+03   4.03376814e+18 -1.82881523e+18  1.63e+12     397s
   9   7.40e+03 1.36e+03   2.91117178e+18 -1.57392065e+18  1.21e+12     495s
  10   3.02e+03 4.57e+02   1.81107637e+18 -7.55046960e+17  6.09e+11     587s
  11   1.09e+03 2.45e+02   8.84165319e+17 -4.49745053e+17  3.05e+11     678s
  12   4.18e+02 1.53e+02   5.29140783e+17 -3.15445164e+17  1.90e+11     758s
  13   1.29e+02 8.22e+01   2.46738111e+17 -1.84345399e+17  9.62e+10     832s
  14   4.68e+01 3.25e+01   1.23588052e+17 -8.10490586e+16  4.49e+10     919s
  15   2.17e+01 1.13e+01   7.61673967e+16 -3.43603433e+16  2.38e+10    1040s
  16   1.00e+01 6.25e+00   4.66881009e+16 -2.13371307e+16  1.46e+10    1123s
  17   5.25e+00 4.00e+00   3.20023176e+16 -1.48667842e+16  1.01e+10    1203s
  18   1.71e+00 2.20e+00   1.64318281e+16 -8.81966657e+15  5.45e+09    1280s
  19   6.73e-01 1.20e+00   1.13904631e+16 -5.48160156e+15  3.63e+09    1361s
  20   3.11e-01 7.87e-01   7.52672340e+15 -3.83461459e+15  2.44e+09    1444s
  21   1.39e-01 4.69e-01   4.92119748e+15 -2.47488301e+15  1.59e+09    1532s
  22   6.67e-02 2.80e-01   3.47095182e+15 -1.64186792e+15  1.09e+09    1624s
  23   2.79e-02 1.73e-01   2.32283409e+15 -1.11966880e+15  7.35e+08    1713s
  24   1.25e-02 9.84e-02   1.58532108e+15 -7.12669870e+14  4.89e+08    1800s
  25   6.48e-03 5.91e-02   1.14150406e+15 -4.74285930e+14  3.43e+08    1889s
  26   2.99e-03 3.76e-02   7.15699538e+14 -3.22532328e+14  2.20e+08    1973s
  27   1.37e-03 2.33e-02   4.67293285e+14 -2.15213875e+14  1.44e+08    2057s
  28   7.86e-04 1.34e-02   3.57705788e+14 -1.38457326e+14  1.04e+08    2141s
  29   4.54e-04 8.43e-03   2.64031087e+14 -9.54422450e+13  7.55e+07    2221s
  30   1.56e-04 5.00e-03   1.51799265e+14 -6.27144699e+13  4.49e+07    2297s
  31   7.06e-05 3.16e-03   9.42368494e+13 -4.25575819e+13  2.86e+07    2377s
  32   2.67e-05 1.99e-03   6.32938814e+13 -2.95127894e+13  1.94e+07    2451s
  33   1.34e-05 1.16e-03   4.39671615e+13 -1.88166044e+13  1.31e+07    2524s
  34   9.54e-06 5.92e-04   2.42550387e+13 -1.00148849e+13  7.14e+06    2601s
  35   6.68e-06 3.80e-04   1.86036339e+13 -6.96040859e+12  5.32e+06    2673s
  36   5.72e-06 1.77e-04   1.50633817e+13 -4.03904757e+12  3.97e+06    2741s
  37   5.72e-06 1.14e-04   1.43621301e+13 -3.19223667e+12  3.65e+06    2811s
  38   5.72e-06 4.74e-05   9.05789048e+12 -1.54310555e+12  2.20e+06    2870s
  39   4.29e-06 1.55e-05   7.03774627e+12 -8.03226187e+11  1.63e+06    2931s
  40   2.50e-06 8.13e-06   5.14777500e+12 -5.52937334e+11  1.18e+06    2992s
  41   4.35e-06 3.55e-06   3.67310538e+12 -3.49938860e+11  8.36e+05    3049s
  42   5.70e-06 1.73e-06   2.46937902e+12 -2.46685478e+11  5.65e+05    3107s
  43   5.99e-06 6.97e-07   1.73389039e+12 -1.54124267e+11  3.92e+05    3168s
  44   2.87e-06 2.12e-07   1.42387795e+12 -8.35307158e+10  3.13e+05    3229s
  45   3.73e-06 8.20e-08   9.61983494e+11 -3.77886144e+10  2.08e+05    3291s
  46   1.94e-06 4.28e-08   5.84087195e+11  6.66223270e+08  1.21e+05    3364s
  47   1.93e-06 2.24e-08   5.04174651e+11  2.42294450e+10  9.98e+04    3460s
  48   2.64e-06 1.49e-08   3.76400340e+11  4.83894546e+10  6.82e+04    3535s
  49   2.12e-06 8.38e-09   2.54873063e+11  6.34734076e+10  3.98e+04    3614s
  50   3.08e-06 5.59e-09   1.72479144e+11  7.39528488e+10  2.05e+04    3697s
  51   2.50e-06 3.73e-09   1.51274544e+11  7.71483470e+10  1.54e+04    3778s
  52   3.16e-06 5.59e-09   1.19883478e+11  8.33283098e+10  7.60e+03    3848s
  53   2.84e-06 3.73e-09   1.08928486e+11  8.54598107e+10  4.88e+03    3931s
  54   4.50e-06 3.73e-09   1.00936987e+11  8.66976587e+10  2.96e+03    4001s
  55   4.69e-06 5.59e-09   9.49087520e+10  8.74409844e+10  1.55e+03    4068s
  56   2.36e-06 5.59e-09   9.27969505e+10  8.79225114e+10  1.01e+03    4133s
  57   4.15e-06 5.59e-09   9.06583416e+10  8.82077745e+10  5.09e+02    4196s
  58   2.38e-06 5.59e-09   9.02471887e+10  8.82912671e+10  4.07e+02    4255s
  59   3.00e-06 3.73e-09   8.89320660e+10  8.83526056e+10  1.20e+02    4314s
  60   3.50e-06 3.73e-09   8.87314257e+10  8.83687470e+10  7.54e+01    4374s
  61   1.93e-06 3.73e-09   8.85424867e+10  8.83969861e+10  3.02e+01    4438s
  62   4.51e-06 3.73e-09   8.85334652e+10  8.84014124e+10  2.74e+01    4506s
  63   3.30e-06 3.73e-09   8.84671243e+10  8.84117975e+10  1.15e+01    4566s
  64   3.31e-06 3.73e-09   8.84367579e+10  8.84191343e+10  3.66e+00    4620s
  65   2.07e-06 5.59e-09   8.84295957e+10  8.84207523e+10  1.84e+00    4672s
  66   3.69e-06 7.45e-09   8.84235570e+10  8.84221386e+10  2.95e-01    4726s
  67   2.36e-06 3.73e-09   8.84225222e+10  8.84222256e+10  6.17e-02    4778s
  68   6.10e-06 3.73e-09   8.84222928e+10  8.84222747e+10  3.77e-03    4830s
  69   1.35e-05 5.59e-09   8.84222820e+10  8.84222788e+10  6.55e-04    4886s
  70   2.68e-05 3.73e-09   8.84222804e+10  8.84222799e+10  1.02e-04    4947s
  71*  1.06e-05 1.86e-09   8.84222801e+10  8.84222801e+10  1.62e-05    5006s
Summary
    Runtime:                                            5006.50s
    Status interior point solve:                        optimal
    Status crossover:                                   not run
    objective value:                                    8.84222801e+10
    interior solution primal residual (abs/rel):        1.12e-05 / 6.38e-15
    interior solution dual residual (abs/rel):          1.86e-09 / 1.82e-16
    interior solution objective gap (abs/rel):          7.58e+01 / 8.58e-10
Ipx: IPM       optimal
Model   status      : Optimal
IPM       iterations: 71
Objective value     :  8.8422280145e+10
HiGHS run time      :       5037.44
Presolving model
2648606 rows, 5302747 cols, 14235150 nonzeros
2083257 rows, 2235965 cols, 8089112 nonzeros
2080373 rows, 2232271 cols, 8081703 nonzeros
Presolve : Reductions: rows 2080373(-19730980); columns 2232271(-12102656); elements 8081703(-98926257)
Solving the presolved LP
IPX model has 2080373 rows, 2232271 columns and 8081703 nonzeros
Input
    Number of variables:                                2232271
    Number of free variables:                           0
    Number of constraints:                              2080373
    Number of equality constraints:                     74400
    Number of matrix entries:                           8081703
    Matrix range:                                       [1e-02, 1e+00]
    RHS range:                                          [4e+03, 2e+09]
    Objective range:                                    [9e-05, 1e+07]
    Bounds range:                                       [7e+05, 1e+08]
Preprocessing
    Dualized model:                                     no
    Number of dense columns:                            0
    Range of scaling factors:                           [1.00e+00, 2.00e+00]
IPX version 1.0
Interior Point Solve
 Iter     P.res    D.res            P.obj           D.obj        mu     Time
   0   3.69e+08 4.34e+06   3.17574616e+15 -6.94046743e+19  1.62e+15       1s
   1   8.34e+07 2.65e+06   2.21386948e+19 -6.90382501e+19  9.02e+14       6s
   2   5.43e+07 1.77e+06   2.94308179e+19 -9.28845823e+19  7.53e+14      22s
   3   1.81e+07 6.37e+05   3.16258539e+19 -6.91452901e+19  2.92e+14      45s
 Constructing starting basis...
   4   3.11e+06 1.14e+05   2.87824549e+19 -2.97462936e+19  6.19e+13     134s
   5   4.54e+05 2.37e+04   1.86895808e+19 -9.74272878e+18  1.53e+13     200s
   6   1.15e+05 9.62e+03   1.13236248e+19 -5.62136271e+18  6.90e+12     264s
   7   5.48e+04 4.32e+03   8.10826207e+18 -3.51937035e+18  3.81e+12     324s
   8   1.66e+04 1.79e+03   4.06880651e+18 -1.83235571e+18  1.65e+12     392s
   9   8.06e+03 1.41e+03   2.97570824e+18 -1.59233869e+18  1.24e+12     495s
  10   3.04e+03 4.66e+02   1.78845617e+18 -7.56331795e+17  6.05e+11     591s
  11   1.12e+03 2.48e+02   8.90935667e+17 -4.48664419e+17  3.06e+11     694s
  12   4.17e+02 1.56e+02   5.26368859e+17 -3.17488325e+17  1.90e+11     776s
  13   1.24e+02 8.41e+01   2.43493695e+17 -1.85838138e+17  9.58e+10     848s
  14   4.37e+01 3.29e+01   1.21749749e+17 -8.11825617e+16  4.45e+10     940s
  15   2.05e+01 1.48e+01   7.46878168e+16 -4.14689924e+16  2.52e+10    1057s
  16   9.01e+00 7.73e+00   4.48951998e+16 -2.40354069e+16  1.49e+10    1148s
  17   3.84e+00 5.57e+00   2.91686835e+16 -1.83691338e+16  1.03e+10    1232s
  18   1.45e+00 2.96e+00   1.81064399e+16 -1.07024501e+16  6.24e+09    1316s
  19   8.13e-01 1.62e+00   1.33968701e+16 -6.39797932e+15  4.26e+09    1405s
  20   3.53e-01 1.02e+00   8.68917016e+15 -4.31830412e+15  2.80e+09    1496s
  21   1.73e-01 5.93e-01   6.40687695e+15 -2.83841120e+15  1.98e+09    1587s
  22   7.48e-02 3.31e-01   4.21012214e+15 -1.79753546e+15  1.28e+09    1683s
  23   3.27e-02 2.07e-01   2.82283961e+15 -1.24599005e+15  8.68e+08    1774s
  24   1.45e-02 1.25e-01   1.92108212e+15 -8.40311686e+14  5.88e+08    1861s
  25   5.78e-03 7.24e-02   1.24347913e+15 -5.46023348e+14  3.80e+08    1939s
  26   2.75e-03 4.72e-02   8.17472500e+14 -3.80514663e+14  2.54e+08    2019s
  27   1.49e-03 2.90e-02   5.93771133e+14 -2.54354502e+14  1.79e+08    2098s
  28   6.14e-04 1.88e-02   3.86324789e+14 -1.78588326e+14  1.19e+08    2175s
  29   2.14e-04 1.23e-02   2.23872268e+14 -1.24642770e+14  7.35e+07    2252s
  30   9.35e-05 7.44e-03   1.58376257e+14 -8.20715521e+13  5.05e+07    2329s
  31   4.20e-05 4.91e-03   1.09559857e+14 -5.79765889e+13  3.51e+07    2403s
  32   1.72e-05 2.56e-03   7.38871112e+13 -3.39730223e+13  2.26e+07    2477s
  33   9.54e-06 1.75e-03   4.50160865e+13 -2.44649837e+13  1.45e+07    2552s
  34   7.63e-06 8.40e-04   2.84614420e+13 -1.31850684e+13  8.68e+06    2624s
  35   9.54e-06 4.26e-04   2.16273874e+13 -7.59943935e+12  6.08e+06    2696s
  36   5.72e-06 2.43e-04   1.76992303e+13 -5.02579577e+12  4.73e+06    2763s
  37   6.20e-06 1.32e-04   1.56682462e+13 -3.43098053e+12  3.97e+06    2826s
  38   4.77e-06 7.27e-05   1.13805626e+13 -2.26945205e+12  2.84e+06    2890s
  39   3.81e-06 2.75e-05   9.08399864e+12 -1.31457994e+12  2.16e+06    2952s
  40   3.81e-06 1.09e-05   6.92633375e+12 -8.49470768e+11  1.62e+06    3014s
  41   3.81e-06 5.26e-06   5.59707792e+12 -6.09737475e+11  1.29e+06    3075s
  42   3.68e-06 2.60e-06   3.43059340e+12 -3.88769972e+11  7.94e+05    3133s
  43   2.86e-06 1.40e-06   2.86438917e+12 -2.49765887e+11  6.47e+05    3194s
  44   2.86e-06 5.27e-07   1.72631436e+12 -1.45257407e+11  3.89e+05    3252s
  45   4.45e-06 3.19e-07   1.39991273e+12 -1.00555617e+11  3.12e+05    3316s
  46   1.99e-06 1.55e-07   8.68730031e+11 -2.22165039e+10  1.85e+05    3379s
  47   2.60e-06 6.33e-08   6.20448551e+11  5.59594976e+09  1.28e+05    3460s
  48   3.61e-06 2.98e-08   4.75307642e+11  3.09602410e+10  9.24e+04    3539s
  49   2.45e-06 1.86e-08   3.73135043e+11  3.75897708e+10  6.97e+04    3612s
  50   3.87e-06 1.30e-08   3.27257516e+11  4.72191078e+10  5.82e+04    3679s
  51   2.63e-06 1.12e-08   2.29197487e+11  5.26648945e+10  3.67e+04    3747s
  52   3.09e-06 7.45e-09   1.76965613e+11  6.56539402e+10  2.31e+04    3819s
  53   2.69e-06 4.66e-09   1.34986919e+11  7.38143288e+10  1.27e+04    3894s
  54   3.18e-06 3.73e-09   1.13417578e+11  7.93197986e+10  7.09e+03    3969s
  55   2.80e-06 3.73e-09   1.01529860e+11  8.29969408e+10  3.85e+03    4041s
  56   2.00e-06 3.73e-09   9.61491331e+10  8.48929144e+10  2.34e+03    4108s
  57   3.15e-06 3.73e-09   9.06597211e+10  8.56866953e+10  1.03e+03    4172s
  58   3.53e-06 5.59e-09   8.95128695e+10  8.61180435e+10  7.06e+02    4233s
  59   2.26e-06 5.59e-09   8.79658394e+10  8.63332527e+10  3.39e+02    4291s
  60   2.95e-06 5.59e-09   8.73727707e+10  8.64772108e+10  1.86e+02    4349s
  61   3.36e-06 4.66e-09   8.70139615e+10  8.64948168e+10  1.08e+02    4407s
  62   2.95e-06 5.59e-09   8.66904511e+10  8.65451404e+10  3.02e+01    4465s
  63   2.92e-06 3.73e-09   8.66086370e+10  8.65617275e+10  9.75e+00    4523s
  64   4.44e-06 3.73e-09   8.65848322e+10  8.65672834e+10  3.65e+00    4582s
  65   2.42e-06 5.59e-09   8.65807750e+10  8.65693914e+10  2.37e+00    4637s
  66   3.41e-06 5.59e-09   8.65765021e+10  8.65719035e+10  9.56e-01    4694s
  67   6.42e-06 5.59e-09   8.65728007e+10  8.65721528e+10  1.35e-01    4747s
  68   7.73e-06 5.59e-09   8.65723241e+10  8.65721609e+10  3.39e-02    4795s
  69   3.71e-06 5.59e-09   8.65722153e+10  8.65721827e+10  6.77e-03    4852s
  70   6.77e-06 5.59e-09   8.65721882e+10  8.65721842e+10  8.30e-04    4901s
  71   2.28e-05 5.59e-09   8.65721850e+10  8.65721845e+10  9.25e-05    4954s
  72*  1.96e-05 1.40e-09   8.65721846e+10  8.65721846e+10  8.51e-06    5005s
Summary
    Runtime:                                            5004.97s
    Status interior point solve:                        optimal
    Status crossover:                                   not run
    objective value:                                    8.65721846e+10
    interior solution primal residual (abs/rel):        2.07e-05 / 1.18e-14
    interior solution dual residual (abs/rel):          1.40e-09 / 1.36e-16
    interior solution objective gap (abs/rel):          4.30e+01 / 4.97e-10
Ipx: IPM       optimal
Model   status      : Optimal
IPM       iterations: 72
Objective value     :  8.6572184636e+10
HiGHS run time      :       5037.32
Presolving model
2648606 rows, 5302747 cols, 14235150 nonzeros
2083257 rows, 2235965 cols, 8089112 nonzeros
2080373 rows, 2232271 cols, 8081703 nonzeros
Presolve : Reductions: rows 2080373(-19768555); columns 2232271(-12102656); elements 8081703(-98963832)
Solving the presolved LP
IPX model has 2080373 rows, 2232271 columns and 8081703 nonzeros
Input
    Number of variables:                                2232271
    Number of free variables:                           0
    Number of constraints:                              2080373
    Number of equality constraints:                     74400
    Number of matrix entries:                           8081703
    Matrix range:                                       [1e-02, 1e+00]
    RHS range:                                          [4e+03, 2e+09]
    Objective range:                                    [9e-05, 1e+07]
    Bounds range:                                       [7e+05, 1e+08]
Preprocessing
    Dualized model:                                     no
    Number of dense columns:                            0
    Range of scaling factors:                           [1.00e+00, 2.00e+00]
IPX version 1.0
Interior Point Solve
 Iter     P.res    D.res            P.obj           D.obj        mu     Time
   0   3.69e+08 4.34e+06   3.18131411e+15 -6.94050125e+19  1.62e+15       1s
   1   8.34e+07 2.65e+06   2.21492011e+19 -6.90386124e+19  9.02e+14       6s
   2   5.43e+07 1.77e+06   2.94451776e+19 -9.28844704e+19  7.53e+14      22s
   3   1.81e+07 6.37e+05   3.16424506e+19 -6.91439762e+19  2.92e+14      45s
 Constructing starting basis...
   4   3.12e+06 1.14e+05   2.88025847e+19 -2.97474022e+19  6.20e+13     137s
   5   4.54e+05 2.36e+04   1.87096634e+19 -9.73504654e+18  1.53e+13     209s
   6   1.16e+05 9.60e+03   1.13346953e+19 -5.62078536e+18  6.89e+12     280s
   7   5.53e+04 4.32e+03   8.12966484e+18 -3.51855457e+18  3.81e+12     350s
   8   1.67e+04 1.78e+03   4.07279831e+18 -1.82957369e+18  1.64e+12     416s
   9   8.24e+03 1.41e+03   2.99275727e+18 -1.59079078e+18  1.24e+12     516s
  10   3.20e+03 4.63e+02   1.82480630e+18 -7.57486323e+17  6.12e+11     615s
  11   1.19e+03 2.49e+02   9.03227832e+17 -4.51496623e+17  3.10e+11     714s
  12   4.60e+02 1.57e+02   5.35128365e+17 -3.18733243e+17  1.92e+11     808s
  13   1.32e+02 8.58e+01   2.45651648e+17 -1.89484771e+17  9.70e+10     883s
  14   4.60e+01 3.36e+01   1.22011049e+17 -8.27179919e+16  4.49e+10     977s
  15   2.11e+01 1.50e+01   7.44183238e+16 -4.19849509e+16  2.52e+10    1099s
  16   9.01e+00 7.94e+00   4.46765669e+16 -2.47336650e+16  1.50e+10    1196s
  17   4.06e+00 5.67e+00   3.03439850e+16 -1.88083688e+16  1.07e+10    1292s
  18   1.56e+00 3.07e+00   1.82319251e+16 -1.10066117e+16  6.33e+09    1378s
  19   8.81e-01 1.76e+00   1.36388385e+16 -6.81546432e+15  4.40e+09    1465s
  20   4.80e-01 1.07e+00   9.83856905e+15 -4.47454582e+15  3.07e+09    1560s
  21   2.00e-01 5.70e-01   7.02299659e+15 -2.83548719e+15  2.11e+09    1657s
  22   1.05e-01 3.07e-01   5.13121210e+15 -1.81109475e+15  1.48e+09    1753s
  23   5.56e-02 1.89e-01   3.45614611e+15 -1.22630377e+15  9.93e+08    1842s
  24   2.60e-02 1.17e-01   2.20534794e+15 -8.37207955e+14  6.45e+08    1930s
  25   1.28e-02 6.77e-02   1.51853651e+15 -5.46560716e+14  4.37e+08    2012s
  26   5.60e-03 4.15e-02   9.27337470e+14 -3.65296105e+14  2.73e+08    2093s
  27   2.68e-03 2.50e-02   6.49365315e+14 -2.45494752e+14  1.89e+08    2176s
  28   9.59e-04 1.61e-02   3.88939120e+14 -1.72365064e+14  1.18e+08    2260s
  29   3.13e-04 1.05e-02   2.22964328e+14 -1.20404271e+14  7.23e+07    2341s
  30   1.37e-04 6.45e-03   1.54527191e+14 -8.00627544e+13  4.93e+07    2421s
  31   6.10e-05 4.16e-03   1.08847268e+14 -5.56510076e+13  3.45e+07    2497s
  32   2.67e-05 2.24e-03   7.29433620e+13 -3.33160066e+13  2.22e+07    2575s
  33   1.34e-05 1.46e-03   4.56855798e+13 -2.30769177e+13  1.44e+07    2653s
  34   9.54e-06 6.79e-04   2.90273677e+13 -1.23433527e+13  8.62e+06    2728s
  35   7.63e-06 3.35e-04   2.24774859e+13 -7.00689717e+12  6.14e+06    2800s
  36   7.63e-06 1.85e-04   1.83023597e+13 -4.39594046e+12  4.72e+06    2870s
  37   7.63e-06 1.14e-04   1.69326646e+13 -3.43471748e+12  4.24e+06    2935s
  38   5.72e-06 5.46e-05   1.25867949e+13 -2.02123823e+12  3.04e+06    2998s
  39   4.77e-06 2.39e-05   9.90776813e+12 -1.12317699e+12  2.29e+06    3062s
  40   4.77e-06 1.33e-05   7.14598542e+12 -8.29096104e+11  1.66e+06    3124s
  41   3.81e-06 6.44e-06   5.38527394e+12 -6.27093023e+11  1.25e+06    3192s
  42   3.10e-06 2.38e-06   3.47639630e+12 -4.35478215e+11  8.13e+05    3252s
  43   3.77e-06 1.35e-06   2.20081996e+12 -2.91827236e+11  5.18e+05    3315s
  44   4.84e-06 6.61e-07   1.34693105e+12 -1.65219355e+11  3.14e+05    3380s
  45   2.99e-06 3.19e-07   9.65688764e+11 -9.31696160e+10  2.20e+05    3450s
  46   2.41e-06 1.43e-07   6.89086223e+11 -1.27639200e+10  1.46e+05    3525s
  47   2.83e-06 6.33e-08   4.91924471e+11  2.63406800e+10  9.68e+04    3623s
  48   3.29e-06 3.73e-08   3.64285975e+11  4.16542523e+10  6.71e+04    3708s
  49   3.62e-06 1.40e-08   3.14981029e+11  5.63956817e+10  5.37e+04    3787s
  50   3.90e-06 7.45e-09   2.29702907e+11  6.95983888e+10  3.33e+04    3863s
  51   4.23e-06 4.66e-09   1.59947268e+11  7.56141640e+10  1.75e+04    3941s
  52   2.52e-06 5.59e-09   1.36221384e+11  7.70000072e+10  1.23e+04    4016s
  53   3.17e-06 4.66e-09   1.09805778e+11  8.11082554e+10  5.96e+03    4081s
  54   4.73e-06 3.73e-09   9.99076125e+10  8.25995067e+10  3.60e+03    4152s
  55   3.48e-06 3.73e-09   9.14533261e+10  8.40054265e+10  1.55e+03    4217s
  56   4.17e-06 4.66e-09   8.87792460e+10  8.45946000e+10  8.70e+02    4283s
  57   2.30e-06 3.73e-09   8.72397512e+10  8.51371308e+10  4.37e+02    4345s
  58   3.27e-06 3.73e-09   8.63943127e+10  8.52566011e+10  2.36e+02    4406s
  59   3.77e-06 3.73e-09   8.59391330e+10  8.53425318e+10  1.24e+02    4467s
  60   2.32e-06 3.73e-09   8.58698769e+10  8.53882791e+10  1.00e+02    4530s
  61   1.75e-06 5.59e-09   8.55801863e+10  8.54611395e+10  2.47e+01    4587s
  62   2.18e-06 5.59e-09   8.55347747e+10  8.54795456e+10  1.15e+01    4645s
  63   4.23e-06 3.73e-09   8.55081361e+10  8.54846244e+10  4.89e+00    4704s
  64   2.48e-06 3.73e-09   8.54982154e+10  8.54880200e+10  2.12e+00    4761s
  65   4.54e-06 3.73e-09   8.54920759e+10  8.54896595e+10  5.02e-01    4818s
  66   3.06e-06 5.59e-09   8.54903204e+10  8.54898875e+10  9.00e-02    4873s
  67   2.85e-06 4.66e-09   8.54900930e+10  8.54899170e+10  3.66e-02    4924s
  68   6.48e-06 7.45e-09   8.54899456e+10  8.54899277e+10  3.73e-03    4976s
  69   1.55e-05 3.73e-09   8.54899323e+10  8.54899292e+10  6.36e-04    5029s
  70   1.54e-05 5.59e-09   8.54899304e+10  8.54899299e+10  1.07e-04    5086s
  71*  1.49e-05 1.86e-09   8.54899301e+10  8.54899300e+10  1.21e-05    5143s
Summary
    Runtime:                                            5143.57s
    Status interior point solve:                        optimal
    Status crossover:                                   not run
    objective value:                                    8.54899301e+10
    interior solution primal residual (abs/rel):        1.55e-05 / 8.82e-15
    interior solution dual residual (abs/rel):          9.31e-10 / 9.09e-17
    interior solution objective gap (abs/rel):          5.56e+01 / 6.50e-10
Ipx: IPM       optimal
Model   status      : Optimal
IPM       iterations: 71
Objective value     :  8.5489930082e+10
HiGHS run time      :       5174.31
Presolving model
2648606 rows, 5302747 cols, 14235150 nonzeros
2083257 rows, 2235965 cols, 8089112 nonzeros
2080373 rows, 2232271 cols, 8081703 nonzeros
Presolve : Reductions: rows 2080373(-19806130); columns 2232271(-12102656); elements 8081703(-99001407)
Solving the presolved LP
IPX model has 2080373 rows, 2232271 columns and 8081703 nonzeros
Input
    Number of variables:                                2232271
    Number of free variables:                           0
    Number of constraints:                              2080373
    Number of equality constraints:                     74400
    Number of matrix entries:                           8081703
    Matrix range:                                       [1e-02, 1e+00]
    RHS range:                                          [4e+03, 2e+09]
    Objective range:                                    [9e-05, 1e+07]
    Bounds range:                                       [7e+05, 1e+08]
Preprocessing
    Dualized model:                                     no
    Number of dense columns:                            0
    Range of scaling factors:                           [1.00e+00, 2.00e+00]
IPX version 1.0
Interior Point Solve
 Iter     P.res    D.res            P.obj           D.obj        mu     Time
   0   3.69e+08 4.34e+06   3.18555185e+15 -6.94047337e+19  1.62e+15       1s
   1   8.34e+07 2.65e+06   2.21563320e+19 -6.90383357e+19  9.02e+14       6s
   2   5.43e+07 1.77e+06   2.94548715e+19 -9.28812275e+19  7.53e+14      23s
   3   1.81e+07 6.37e+05   3.16539443e+19 -6.91433145e+19  2.92e+14      47s
 Constructing starting basis...
   4   3.18e+06 1.14e+05   2.88254398e+19 -2.97497746e+19  6.21e+13     141s
   5   4.58e+05 2.36e+04   1.87425579e+19 -9.76658269e+18  1.53e+13     210s
   6   1.18e+05 9.56e+03   1.13540293e+19 -5.61196409e+18  6.88e+12     277s
   7   5.71e+04 4.37e+03   8.16135479e+18 -3.54098539e+18  3.84e+12     343s
   8   1.70e+04 1.78e+03   4.06225778e+18 -1.82200394e+18  1.64e+12     423s
   9   8.47e+03 1.40e+03   3.00481995e+18 -1.58449557e+18  1.24e+12     525s
  10   3.53e+03 4.55e+02   1.89219073e+18 -7.53846242e+17  6.26e+11     624s
  11   1.32e+03 2.46e+02   9.26602085e+17 -4.50056027e+17  3.14e+11     721s
  12   5.32e+02 1.55e+02   5.60780453e+17 -3.18930005e+17  1.98e+11     808s
  13   1.47e+02 8.97e+01   2.54467346e+17 -1.99859164e+17  1.01e+11     884s
  14   4.70e+01 3.39e+01   1.25154314e+17 -8.57775379e+16  4.62e+10     975s
  15   2.09e+01 1.48e+01   7.50050570e+16 -4.27719303e+16  2.55e+10    1095s
  16   8.83e+00 7.85e+00   4.56994401e+16 -2.53959342e+16  1.54e+10    1187s
  17   3.98e+00 5.48e+00   3.10547524e+16 -1.89923145e+16  1.08e+10    1277s
  18   1.48e+00 3.10e+00   1.85254790e+16 -1.15617755e+16  6.52e+09    1363s
  19   7.94e-01 1.91e+00   1.36009526e+16 -7.59226413e+15  4.57e+09    1450s
  20   3.97e-01 1.14e+00   9.68932340e+15 -4.88624638e+15  3.14e+09    1539s
  21   1.34e-01 6.15e-01   6.93392876e+15 -3.13472410e+15  2.16e+09    1634s
  22   5.94e-02 3.43e-01   5.03355785e+15 -2.05432197e+15  1.51e+09    1732s
  23   2.76e-02 2.10e-01   3.28670795e+15 -1.38615678e+15  9.95e+08    1826s
  24   1.27e-02 1.20e-01   2.34452867e+15 -9.12010799e+14  6.91e+08    1914s
  25   5.87e-03 6.79e-02   1.71936716e+15 -6.11049496e+14  4.93e+08    1995s
  26   2.57e-03 4.00e-02   1.01581854e+15 -3.91134900e+14  2.97e+08    2073s
  27   1.44e-03 2.22e-02   7.55813289e+14 -2.48556317e+14  2.11e+08    2155s
  28   5.99e-04 1.40e-02   4.62080121e+14 -1.72110574e+14  1.33e+08    2234s
  29   2.52e-04 8.93e-03   2.71686687e+14 -1.17138276e+14  8.17e+07    2315s
  30   1.14e-04 5.20e-03   1.81722500e+14 -7.53130227e+13  5.39e+07    2388s
  31   5.72e-05 3.47e-03   1.19920063e+14 -5.35417783e+13  3.63e+07    2463s
  32   2.67e-05 2.04e-03   8.03769491e+13 -3.45237964e+13  2.40e+07    2536s
  33   1.91e-05 1.38e-03   5.67342351e+13 -2.46338337e+13  1.70e+07    2611s
  34   1.14e-05 4.97e-04   3.64820417e+13 -1.06723644e+13  9.82e+06    2683s
  35   9.54e-06 2.64e-04   2.75728617e+13 -6.25020577e+12  7.04e+06    2752s
  36   7.63e-06 1.76e-04   2.29352672e+13 -4.61329991e+12  5.73e+06    2817s
  37   7.63e-06 9.43e-05   2.07705982e+13 -3.48006494e+12  5.04e+06    2880s
  38   6.68e-06 1.56e-05   1.53328973e+13 -1.71064031e+12  3.54e+06    2940s
  39   6.68e-06 4.44e-06   1.19995071e+13 -9.21300801e+11  2.69e+06    3001s
  40   9.54e-06 2.80e-06   1.02508177e+13 -7.58550723e+11  2.29e+06    3063s
  41   4.77e-06 1.65e-06   7.46110976e+12 -5.66903607e+11  1.67e+06    3126s
  42   3.34e-06 4.54e-07   4.86922001e+12 -3.38500058e+11  1.08e+06    3187s
  43   4.67e-06 2.25e-07   2.90976274e+12 -2.51050288e+11  6.57e+05    3248s
  44   3.67e-06 1.16e-07   1.68777358e+12 -1.52870180e+11  3.83e+05    3311s
  45   2.82e-06 7.64e-08   1.08867690e+12 -1.01261481e+11  2.47e+05    3381s
  46   2.69e-06 4.47e-08   7.38233226e+11 -3.93144634e+10  1.62e+05    3451s
  47   3.38e-06 2.05e-08   4.94753935e+11  1.14250337e+10  1.00e+05    3537s
  48   3.93e-06 1.49e-08   4.00462912e+11  2.86804957e+10  7.73e+04    3624s
  49   6.03e-06 5.59e-09   2.70046582e+11  5.48196618e+10  4.47e+04    3693s
  50   4.24e-06 3.73e-09   2.11731162e+11  6.69377449e+10  3.01e+04    3777s
  51   2.81e-06 3.73e-09   1.50348405e+11  7.32363163e+10  1.60e+04    3852s
  52   2.56e-06 3.73e-09   1.23966010e+11  7.78452179e+10  9.59e+03    3928s
  53   3.80e-06 3.73e-09   1.08142032e+11  8.11185386e+10  5.62e+03    3997s
  54   2.65e-06 5.59e-09   9.51091616e+10  8.28731690e+10  2.54e+03    4064s
  55   5.05e-06 3.73e-09   8.97497031e+10  8.39160144e+10  1.21e+03    4129s
  56   4.92e-06 3.73e-09   8.70080330e+10  8.42711618e+10  5.69e+02    4190s
  57   2.61e-06 3.73e-09   8.58716575e+10  8.45576734e+10  2.73e+02    4251s
  58   4.22e-06 3.73e-09   8.52172443e+10  8.46888014e+10  1.10e+02    4312s
  59   2.62e-06 5.59e-09   8.49768218e+10  8.47385335e+10  4.95e+01    4370s
  60   3.51e-06 3.73e-09   8.48785034e+10  8.47638007e+10  2.38e+01    4429s
  61   2.42e-06 5.59e-09   8.48212005e+10  8.47746485e+10  9.68e+00    4484s
  62   2.45e-06 3.73e-09   8.47973536e+10  8.47786793e+10  3.88e+00    4540s
  63   5.29e-06 3.73e-09   8.47868428e+10  8.47799101e+10  1.44e+00    4593s
  64   3.00e-06 5.59e-09   8.47822361e+10  8.47805905e+10  3.42e-01    4646s
  65   5.09e-06 3.73e-09   8.47815493e+10  8.47809181e+10  1.31e-01    4702s
  66   4.96e-06 3.73e-09   8.47810201e+10  8.47809435e+10  1.59e-02    4753s
  67   3.52e-06 3.73e-09   8.47809867e+10  8.47809507e+10  7.47e-03    4809s
  68   3.74e-06 5.59e-09   8.47809858e+10  8.47809510e+10  7.24e-03    4870s
  69   8.71e-06 3.73e-09   8.47809621e+10  8.47809556e+10  1.36e-03    4927s
  70   2.80e-05 4.66e-09   8.47809578e+10  8.47809570e+10  1.71e-04    4984s
  71   1.93e-05 1.86e-09   8.47809575e+10  8.47809573e+10  2.54e-05    5043s
  72*  2.77e-06 1.86e-09   8.47809574e+10  8.47809574e+10  2.04e-06    5098s
Summary
    Runtime:                                            5098.41s
    Status interior point solve:                        optimal
    Status crossover:                                   not run
    objective value:                                    8.47809574e+10
    interior solution primal residual (abs/rel):        5.72e-06 / 3.26e-15
    interior solution dual residual (abs/rel):          9.31e-10 / 9.09e-17
    interior solution objective gap (abs/rel):          5.06e+00 / 5.97e-11
Ipx: IPM       optimal
Model   status      : Optimal
IPM       iterations: 72
Objective value     :  8.4780957399e+10
HiGHS run time      :       5129.44
Presolving model
2648606 rows, 5302747 cols, 14235150 nonzeros
2083257 rows, 2235965 cols, 8089112 nonzeros
2080373 rows, 2232271 cols, 8081703 nonzeros
Presolve : Reductions: rows 2080373(-19843705); columns 2232271(-12102656); elements 8081703(-99038982)
Solving the presolved LP
IPX model has 2080373 rows, 2232271 columns and 8081703 nonzeros
Input
    Number of variables:                                2232271
    Number of free variables:                           0
    Number of constraints:                              2080373
    Number of equality constraints:                     74400
    Number of matrix entries:                           8081703
    Matrix range:                                       [1e-02, 1e+00]
    RHS range:                                          [4e+03, 2e+09]
    Objective range:                                    [9e-05, 1e+07]
    Bounds range:                                       [7e+05, 1e+08]
Preprocessing
    Dualized model:                                     no
    Number of dense columns:                            0
    Range of scaling factors:                           [1.00e+00, 2.00e+00]
IPX version 1.0
Interior Point Solve
 Iter     P.res    D.res            P.obj           D.obj        mu     Time
   0   3.69e+08 4.34e+06   3.18911408e+15 -6.94042795e+19  1.62e+15       1s
   1   8.34e+07 2.65e+06   2.21583764e+19 -6.90378815e+19  9.02e+14       6s
   2   5.43e+07 1.77e+06   2.94575930e+19 -9.28790120e+19  7.53e+14      22s
   3   1.81e+07 6.37e+05   3.16571467e+19 -6.91436844e+19  2.92e+14      46s
 Constructing starting basis...
   4   3.12e+06 1.14e+05   2.88181325e+19 -2.97503118e+19  6.20e+13     136s
   5   4.54e+05 2.36e+04   1.87197927e+19 -9.72453797e+18  1.53e+13     202s
   6   1.16e+05 9.58e+03   1.13609425e+19 -5.61317758e+18  6.89e+12     267s
   7   5.61e+04 4.33e+03   8.16525351e+18 -3.52129600e+18  3.83e+12     329s
   8   1.67e+04 1.76e+03   4.06585631e+18 -1.81173599e+18  1.63e+12     395s
   9   8.41e+03 1.39e+03   3.01209459e+18 -1.57649118e+18  1.24e+12     494s
  10   3.60e+03 4.52e+02   1.92150078e+18 -7.55600112e+17  6.32e+11     594s
  11   1.34e+03 2.44e+02   9.36468010e+17 -4.50517046e+17  3.16e+11     695s
  12   5.45e+02 1.55e+02   5.63695235e+17 -3.19275061e+17  1.98e+11     780s
  13   1.50e+02 8.96e+01   2.55264752e+17 -2.00721684e+17  1.02e+11     855s
  14   4.78e+01 3.40e+01   1.25048277e+17 -8.63864737e+16  4.63e+10     938s
  15   2.10e+01 1.48e+01   7.44238574e+16 -4.29779349e+16  2.54e+10    1052s
  16   8.96e+00 7.88e+00   4.59385236e+16 -2.55900425e+16  1.54e+10    1148s
  17   4.07e+00 5.52e+00   3.11887538e+16 -1.91592552e+16  1.09e+10    1242s
  18   1.49e+00 3.16e+00   1.85959035e+16 -1.17925270e+16  6.58e+09    1330s
  19   7.57e-01 1.93e+00   1.37944927e+16 -7.79839138e+15  4.66e+09    1418s
  20   3.55e-01 1.15e+00   9.56163851e+15 -5.02304366e+15  3.14e+09    1503s
  21   1.15e-01 6.78e-01   6.82570985e+15 -3.38659282e+15  2.19e+09    1595s
  22   4.96e-02 3.77e-01   5.02358529e+15 -2.19585100e+15  1.54e+09    1683s
  23   2.47e-02 2.36e-01   3.36690837e+15 -1.48872962e+15  1.04e+09    1769s
  24   9.64e-03 1.29e-01   2.43061950e+15 -9.69603928e+14  7.23e+08    1860s
  25   4.34e-03 7.58e-02   1.73990248e+15 -6.59086653e+14  5.09e+08    1945s
  26   1.62e-03 4.42e-02   9.79513382e+14 -4.20449193e+14  2.96e+08    2026s
  27   8.24e-04 2.72e-02   7.22519993e+14 -2.87445531e+14  2.13e+08    2108s
  28   2.94e-04 1.70e-02   4.65111888e+14 -1.99812491e+14  1.40e+08    2189s
  29   1.32e-04 1.03e-02   2.99074374e+14 -1.30954375e+14  9.05e+07    2271s
  30   7.44e-05 6.47e-03   2.12909898e+14 -8.84465899e+13  6.32e+07    2352s
  31   3.24e-05 4.20e-03   1.29716472e+14 -6.13005057e+13  4.00e+07    2431s
  32   2.48e-05 2.54e-03   1.09382811e+14 -4.07135151e+13  3.14e+07    2508s
  33   1.14e-05 1.43e-03   5.17429353e+13 -2.47711711e+13  1.60e+07    2583s
  34   1.53e-05 7.80e-04   4.31282389e+13 -1.56853892e+13  1.23e+07    2658s
  35   9.54e-06 4.59e-04   2.79252751e+13 -9.74989390e+12  7.84e+06    2731s
  36   7.63e-06 2.64e-04   2.04699922e+13 -6.42773899e+12  5.60e+06    2800s
  37   8.58e-06 1.49e-04   1.79512529e+13 -4.25135610e+12  4.62e+06    2866s
  38   7.63e-06 1.01e-04   1.42387456e+13 -3.28690283e+12  3.64e+06    2931s
  39   5.72e-06 4.06e-05   1.02658286e+13 -1.85236760e+12  2.52e+06    2996s
  40   5.72e-06 2.50e-05   8.64648749e+12 -1.44711388e+12  2.10e+06    3060s
  41   3.82e-06 1.48e-05   7.83031180e+12 -1.17689364e+12  1.87e+06    3123s
  42   4.29e-06 5.78e-06   4.28698220e+12 -5.90185422e+11  1.01e+06    3184s
  43   3.01e-06 3.93e-06   3.18392114e+12 -4.67273972e+11  7.59e+05    3247s
  44   3.18e-06 1.88e-06   2.04907852e+12 -2.53889353e+11  4.79e+05    3312s
  45   2.69e-06 1.12e-06   1.40728920e+12 -1.77163687e+11  3.29e+05    3378s
  46   1.98e-06 7.01e-07   9.78789134e+11 -1.20252787e+11  2.28e+05    3436s
  47   1.95e-06 3.09e-07   7.17890933e+11 -2.81688059e+10  1.55e+05    3500s
  48   2.53e-06 1.27e-07   5.06696227e+11  1.36627932e+10  1.02e+05    3578s
  49   1.60e-06 5.31e-08   4.47038712e+11  3.74433624e+10  8.51e+04    3651s
  50   2.54e-06 2.24e-08   2.70215317e+11  5.82077077e+10  4.41e+04    3716s
  51   4.08e-06 9.31e-09   1.92397121e+11  6.93687427e+10  2.56e+04    3792s
  52   4.68e-06 7.45e-09   1.42816915e+11  7.36799741e+10  1.44e+04    3862s
  53   4.01e-06 5.59e-09   1.14669834e+11  7.83137144e+10  7.56e+03    3935s
  54   4.10e-06 3.73e-09   9.87091375e+10  8.08990584e+10  3.70e+03    4006s
  55   3.58e-06 4.66e-09   9.24200866e+10  8.27029304e+10  2.02e+03    4073s
  56   3.72e-06 5.59e-09   8.84863699e+10  8.38410849e+10  9.65e+02    4138s
  57   4.50e-06 5.59e-09   8.69152216e+10  8.42922474e+10  5.45e+02    4201s
  58   4.35e-06 5.59e-09   8.58836982e+10  8.45337613e+10  2.81e+02    4261s
  59   3.83e-06 3.73e-09   8.51067090e+10  8.46257025e+10  1.00e+02    4314s
  60   4.14e-06 3.73e-09   8.49510717e+10  8.46583366e+10  6.08e+01    4367s
  61   3.65e-06 3.73e-09   8.47938949e+10  8.46758284e+10  2.45e+01    4417s
  62   2.19e-06 3.73e-09   8.47185596e+10  8.46844284e+10  7.09e+00    4467s
  63   5.36e-06 3.73e-09   8.47016097e+10  8.46887961e+10  2.66e+00    4520s
  64   4.05e-06 5.59e-09   8.46980648e+10  8.46925619e+10  1.14e+00    4572s
  65   3.78e-06 5.59e-09   8.46943183e+10  8.46933159e+10  2.08e-01    4627s
  66   5.42e-06 3.73e-09   8.46935711e+10  8.46933964e+10  3.63e-02    4683s
  67   3.53e-06 3.73e-09   8.46934781e+10  8.46934173e+10  1.26e-02    4740s
  68   3.73e-06 3.73e-09   8.46934387e+10  8.46934218e+10  3.51e-03    4799s
  69   9.12e-06 3.73e-09   8.46934310e+10  8.46934229e+10  1.68e-03    4854s
  70   1.08e-05 3.73e-09   8.46934260e+10  8.46934232e+10  5.87e-04    4909s
  71   1.96e-05 3.73e-09   8.46934242e+10  8.46934232e+10  1.89e-04    4962s
  72*  1.87e-05 2.79e-09   8.46934233e+10  8.46934233e+10  7.56e-06    5012s
Summary
    Runtime:                                            5012.03s
    Status interior point solve:                        optimal
    Status crossover:                                   not run
    objective value:                                    8.46934233e+10
    interior solution primal residual (abs/rel):        1.79e-05 / 1.02e-14
    interior solution dual residual (abs/rel):          2.79e-09 / 2.73e-16
    interior solution objective gap (abs/rel):          3.26e+01 / 3.85e-10
Ipx: IPM       optimal
Model   status      : Optimal
IPM       iterations: 72
Objective value     :  8.4693423309e+10
HiGHS run time      :       5045.07
Presolving model
2648606 rows, 5302747 cols, 14235150 nonzeros
2083257 rows, 2235965 cols, 8089112 nonzeros
2080373 rows, 2232271 cols, 8081703 nonzeros
Presolve : Reductions: rows 2080373(-19881280); columns 2232271(-12102656); elements 8081703(-99076557)
Solving the presolved LP
IPX model has 2080373 rows, 2232271 columns and 8081703 nonzeros
Input
    Number of variables:                                2232271
    Number of free variables:                           0
    Number of constraints:                              2080373
    Number of equality constraints:                     74400
    Number of matrix entries:                           8081703
    Matrix range:                                       [1e-02, 1e+00]
    RHS range:                                          [4e+03, 2e+09]
    Objective range:                                    [9e-05, 1e+07]
    Bounds range:                                       [7e+05, 1e+08]
Preprocessing
    Dualized model:                                     no
    Number of dense columns:                            0
    Range of scaling factors:                           [1.00e+00, 2.00e+00]
IPX version 1.0
Interior Point Solve
 Iter     P.res    D.res            P.obj           D.obj        mu     Time
   0   3.69e+08 4.34e+06   3.18943974e+15 -6.94043361e+19  1.62e+15       1s
   1   8.34e+07 2.65e+06   2.21593616e+19 -6.90379413e+19  9.02e+14       6s
   2   5.43e+07 1.77e+06   2.94589249e+19 -9.28790116e+19  7.53e+14      22s
   3   1.81e+07 6.37e+05   3.16587643e+19 -6.91433389e+19  2.92e+14      45s
 Constructing starting basis...
   4   3.03e+06 1.14e+05   2.88041639e+19 -2.97475805e+19  6.18e+13     134s
   5   4.47e+05 2.38e+04   1.86823688e+19 -9.68730674e+18  1.53e+13     200s
   6   1.13e+05 9.62e+03   1.13860598e+19 -5.61688884e+18  6.91e+12     264s
   7   5.39e+04 4.22e+03   8.14338484e+18 -3.47858947e+18  3.78e+12     324s
   8   1.65e+04 1.77e+03   4.07979453e+18 -1.82509066e+18  1.64e+12     392s
   9   8.07e+03 1.39e+03   2.98634175e+18 -1.58607262e+18  1.23e+12     483s
  10   3.13e+03 4.60e+02   1.81746924e+18 -7.55033106e+17  6.09e+11     582s
  11   1.15e+03 2.47e+02   8.92772515e+17 -4.49749420e+17  3.07e+11     671s
  12   4.41e+02 1.55e+02   5.36656625e+17 -3.17498231e+17  1.92e+11     756s
  13   1.30e+02 8.44e+01   2.46657971e+17 -1.87926044e+17  9.67e+10     831s
  14   4.49e+01 3.27e+01   1.22519222e+17 -8.16518397e+16  4.47e+10     920s
  15   2.09e+01 1.45e+01   7.53647934e+16 -4.14098467e+16  2.53e+10    1037s
  16   8.77e+00 7.80e+00   4.43812160e+16 -2.45931675e+16  1.49e+10    1129s
  17   3.87e+00 5.55e+00   3.02723388e+16 -1.87212424e+16  1.06e+10    1210s
  18   1.49e+00 3.03e+00   1.82228017e+16 -1.10190794e+16  6.33e+09    1293s
  19   8.32e-01 1.74e+00   1.36085559e+16 -6.83621495e+15  4.40e+09    1381s
  20   4.50e-01 1.05e+00   9.80226841e+15 -4.46712586e+15  3.06e+09    1470s
  21   1.89e-01 5.62e-01   7.00690728e+15 -2.82922707e+15  2.10e+09    1564s
  22   9.89e-02 3.05e-01   5.11263658e+15 -1.81050215e+15  1.47e+09    1661s
  23   5.29e-02 1.87e-01   3.46884162e+15 -1.22345866e+15  9.95e+08    1753s
  24   2.47e-02 1.16e-01   2.19937596e+15 -8.35341147e+14  6.43e+08    1842s
  25   1.22e-02 6.69e-02   1.52036043e+15 -5.45648445e+14  4.37e+08    1929s
  26   5.34e-03 4.13e-02   9.30555287e+14 -3.66489467e+14  2.74e+08    2012s
  27   2.56e-03 2.48e-02   6.53537926e+14 -2.45895297e+14  1.90e+08    2099s
  28   8.87e-04 1.60e-02   3.86218802e+14 -1.72539838e+14  1.18e+08    2183s
  29   2.77e-04 1.05e-02   2.20162085e+14 -1.20956573e+14  7.18e+07    2269s
  30   1.26e-04 6.45e-03   1.55231403e+14 -8.07804599e+13  4.96e+07    2355s
  31   5.15e-05 4.13e-03   1.06783286e+14 -5.57528737e+13  3.41e+07    2436s
  32   2.29e-05 2.22e-03   7.26696414e+13 -3.34257919e+13  2.22e+07    2518s
  33   1.14e-05 1.40e-03   4.52197581e+13 -2.25118114e+13  1.41e+07    2597s
  34   9.54e-06 7.27e-04   2.91550605e+13 -1.31424292e+13  8.81e+06    2678s
  35   9.54e-06 3.42e-04   2.14626372e+13 -6.93169714e+12  5.91e+06    2752s
  36   6.68e-06 1.84e-04   1.70912727e+13 -4.23599906e+12  4.44e+06    2821s
  37   6.68e-06 1.12e-04   1.57352892e+13 -3.24841648e+12  3.95e+06    2887s
  38   6.68e-06 3.29e-05   1.21207713e+13 -1.74887608e+12  2.88e+06    2954s
  39   5.72e-06 1.37e-05   9.62868280e+12 -1.02033962e+12  2.21e+06    3020s
  40   5.72e-06 9.32e-06   8.53775992e+12 -8.77482857e+11  1.96e+06    3082s
  41   2.86e-06 2.99e-06   5.20793367e+12 -4.58083364e+11  1.18e+06    3146s
  42   3.53e-06 1.16e-06   3.60707631e+12 -2.78977078e+11  8.08e+05    3208s
  43   2.86e-06 5.77e-07   2.20496244e+12 -1.62263044e+11  4.92e+05    3270s
  44   2.89e-06 2.92e-07   1.88953956e+12 -1.22205510e+11  4.18e+05    3333s
  45   2.29e-06 1.70e-07   9.61171132e+11 -6.28703021e+10  2.13e+05    3396s
  46   3.03e-06 8.94e-08   6.40705267e+11 -1.60204170e+10  1.36e+05    3470s
  47   2.41e-06 4.66e-08   4.15542906e+11  1.55653011e+10  8.31e+04    3559s
  48   1.33e-06 3.17e-08   3.51833246e+11  3.05612458e+10  6.68e+04    3640s
  49   2.60e-06 1.02e-08   2.29403440e+11  5.86491738e+10  3.55e+04    3711s
  50   3.95e-06 5.59e-09   1.70189713e+11  6.98686269e+10  2.09e+04    3798s
  51   4.51e-06 4.66e-09   1.37524618e+11  7.66843460e+10  1.26e+04    3875s
  52   2.11e-06 3.73e-09   1.16079578e+11  7.99582423e+10  7.51e+03    3947s
  53   2.38e-06 5.59e-09   1.02569133e+11  8.21223388e+10  4.25e+03    4015s
  54   2.16e-06 3.73e-09   9.61192756e+10  8.31259876e+10  2.70e+03    4081s
  55   3.43e-06 4.66e-09   9.16372429e+10  8.39307645e+10  1.60e+03    4143s
  56   1.25e-06 3.73e-09   8.85624708e+10  8.41382491e+10  9.20e+02    4202s
  57   3.17e-06 3.73e-09   8.62270524e+10  8.43143470e+10  3.98e+02    4262s
  58   4.74e-06 3.73e-09   8.52711623e+10  8.44186751e+10  1.77e+02    4321s
  59   1.95e-06 3.73e-09   8.48065490e+10  8.44778618e+10  6.83e+01    4378s
  60   4.23e-06 3.73e-09   8.47055900e+10  8.44940640e+10  4.40e+01    4435s
  61   3.92e-06 3.73e-09   8.45923248e+10  8.45238677e+10  1.42e+01    4494s
  62   3.25e-06 3.73e-09   8.45634939e+10  8.45345434e+10  6.02e+00    4554s
  63   5.18e-06 5.59e-09   8.45505172e+10  8.45400785e+10  2.17e+00    4612s
  64   3.26e-06 3.73e-09   8.45473287e+10  8.45440886e+10  6.73e-01    4673s
  65   4.18e-06 5.59e-09   8.45453935e+10  8.45447461e+10  1.35e-01    4729s
  66   2.93e-06 3.73e-09   8.45449122e+10  8.45447960e+10  2.41e-02    4782s
  67   3.62e-06 3.73e-09   8.45448765e+10  8.45448056e+10  1.47e-02    4836s
  68   6.95e-06 5.59e-09   8.45448375e+10  8.45448091e+10  5.90e-03    4889s
  69   2.42e-05 3.73e-09   8.45448118e+10  8.45448099e+10  3.97e-04    4943s
  70   1.28e-05 3.73e-09   8.45448105e+10  8.45448103e+10  4.83e-05    4998s
  71*  9.12e-06 1.86e-09   8.45448104e+10  8.45448104e+10  1.11e-05    5052s
Summary
    Runtime:                                            5052.25s
    Status interior point solve:                        optimal
    Status crossover:                                   not run
    objective value:                                    8.45448104e+10
    interior solution primal residual (abs/rel):        1.07e-05 / 6.11e-15
    interior solution dual residual (abs/rel):          1.86e-09 / 1.82e-16
    interior solution objective gap (abs/rel):          5.40e+01 / 6.39e-10
Ipx: IPM       optimal
Model   status      : Optimal
IPM       iterations: 71
Objective value     :  8.4544810405e+10
HiGHS run time      :       5085.12
slurmstepd: error: *** JOB 6706228 ON x1008c5s5b1n0 CANCELLED AT 2025-01-23T20:05:12 DUE TO TIME LIMIT ***
