Running HiGHS 1.6.0: Copyright (c) 2023 HiGHS under MIT licence terms
Presolving model
861069 rows, 1835993 cols, 4706628 nonzeros
650661 rows, 1215999 cols, 3463266 nonzeros
642569 rows, 721107 cols, 2469633 nonzeros
641035 rows, 719135 cols, 2465756 nonzeros
Presolve : Reductions: rows 641035(-7196002); columns 719135(-4516287); elements 2465756(-29632118)
Solving the presolved LP
IPX model has 641035 rows, 719135 columns and 2465756 nonzeros
Input
    Number of variables:                                719135
    Number of free variables:                           0
    Number of constraints:                              641035
    Number of equality constraints:                     40406
    Number of matrix entries:                           2465756
    Matrix range:                                       [1e-02, 1e+00]
    RHS range:                                          [2e+05, 1e+08]
    Objective range:                                    [2e-04, 4e+01]
    Bounds range:                                       [7e+05, 1e+08]
Preprocessing
    Dualized model:                                     no
    Number of dense columns:                            0
    Range of scaling factors:                           [1.00e+00, 2.00e+00]
IPX version 1.0
Interior Point Solve
 Iter     P.res    D.res            P.obj           D.obj        mu     Time
   0   1.89e+07 3.12e+01   3.84665924e+09 -7.90556440e+13  6.45e+08       0s
   1   5.97e+06 2.35e+01   1.88367707e+12 -6.40211565e+13  5.16e+08       1s
   2   3.15e+06 2.01e+01   3.27145142e+12 -5.95352299e+13  5.83e+08       3s
   3   1.59e+06 2.88e+00   3.25431370e+12 -9.89879391e+12  9.15e+07       5s
   4   2.66e+05 3.44e-01   2.42820303e+12 -1.95775596e+12  1.36e+07       9s
 Constructing starting basis...
   5   8.66e+04 1.01e-01   1.51576316e+12 -7.80368740e+11  4.83e+06      25s
   6   1.49e+04 3.82e-02   6.90812658e+11 -3.43794784e+11  1.83e+06      35s
   7   3.70e+03 1.54e-02   4.02753789e+11 -1.57484526e+11  7.91e+05      44s
   8   1.06e+03 4.90e-03   2.28899910e+11 -5.62230689e+10  3.02e+05      54s
   9   5.34e+02 1.66e-03   1.58826154e+11 -2.24779481e+10  1.56e+05      63s
  10   2.42e+02 6.16e-04   9.84510121e+10 -9.09604349e+09  8.40e+04      72s
  11   9.37e+01 2.17e-04   5.65418292e+10 -2.45514476e+09  4.38e+04      81s
  12   6.67e+01 1.03e-04   4.80189092e+10 -3.09086691e+08  3.53e+04      92s
  13   2.87e+01 5.39e-05   2.61960430e+10  1.46794136e+09  1.79e+04     102s
  14   1.74e+01 3.56e-05   2.10795557e+10  2.00122371e+09  1.38e+04     114s
  15   7.00e+00 1.52e-05   1.35991581e+10  2.87901896e+09  7.70e+03     125s
  16   5.85e+00 1.15e-05   1.24702530e+10  3.07508790e+09  6.75e+03     140s
  17   5.31e+00 8.89e-06   1.22576682e+10  3.13718807e+09  6.55e+03     154s
  18   4.84e+00 5.83e-06   1.16417426e+10  3.37303567e+09  5.93e+03     166s
  19   4.12e+00 5.17e-06   1.07851112e+10  3.41599803e+09  5.29e+03     179s
  20   3.84e+00 4.41e-06   1.06763850e+10  3.41929613e+09  5.20e+03     191s
  21   2.19e+00 2.30e-06   8.60700703e+09  3.57953678e+09  3.60e+03     202s
  22   1.13e+00 1.22e-06   6.70183009e+09  3.71791266e+09  2.14e+03     217s
  23   5.73e-01 4.03e-07   6.02140671e+09  3.78785806e+09  1.60e+03     235s
  24   3.62e-01 1.65e-07   5.45485594e+09  3.85727449e+09  1.14e+03     255s
  25   2.00e-01 4.62e-08   4.98488205e+09  3.89979677e+09  7.77e+02     279s
  26   1.20e-01 2.38e-08   4.66062904e+09  3.92069350e+09  5.30e+02     312s
  27   6.77e-02 1.49e-08   4.40013988e+09  3.93416661e+09  3.34e+02     345s
  28   5.47e-02 5.93e-09   4.36320496e+09  3.93892936e+09  3.04e+02     382s
  29   3.68e-02 3.67e-09   4.25750480e+09  3.94757157e+09  2.22e+02     406s
  30   2.32e-02 3.04e-09   4.17612252e+09  3.95003494e+09  1.62e+02     435s
  31   1.45e-02 2.27e-09   4.13667726e+09  3.95204012e+09  1.32e+02     463s
  32   7.10e-03 1.74e-09   4.07141453e+09  3.95527753e+09  8.32e+01     486s
  33   6.85e-03 1.44e-09   4.07079366e+09  3.95613421e+09  8.22e+01     511s
  34   2.85e-03 9.10e-10   4.02224253e+09  3.96074057e+09  4.41e+01     527s
  35   1.82e-03 6.23e-10   4.01099352e+09  3.96301685e+09  3.44e+01     549s
  36   1.25e-03 4.08e-10   4.00155841e+09  3.96514362e+09  2.61e+01     565s
  37   1.03e-03 2.36e-10   3.99749679e+09  3.96687933e+09  2.19e+01     580s
  38   7.77e-04 1.61e-10   3.99158114e+09  3.96785344e+09  1.70e+01     593s
  39   7.30e-04 1.29e-10   3.99050700e+09  3.96823700e+09  1.60e+01     605s
  40   3.80e-04 8.77e-11   3.98174184e+09  3.96880586e+09  9.27e+00     614s
  41   1.96e-04 4.74e-11   3.97822803e+09  3.96925085e+09  6.43e+00     623s
  42   8.74e-05 2.86e-11   3.97475715e+09  3.96957217e+09  3.71e+00     632s
  43   5.84e-05 1.36e-11   3.97371719e+09  3.96984642e+09  2.77e+00     641s
  44   2.93e-05 6.20e-12   3.97267061e+09  3.96998325e+09  1.93e+00     650s
  45   1.34e-05 2.30e-12   3.97194776e+09  3.97007455e+09  1.34e+00     658s
  46   1.11e-05 1.91e-12   3.97170939e+09  3.97009822e+09  1.15e+00     667s
  47   4.02e-06 7.82e-13   3.97092141e+09  3.97016937e+09  5.39e-01     674s
  48   1.94e-06 4.33e-13   3.97062586e+09  3.97019687e+09  3.07e-01     682s
  49   1.10e-06 1.42e-13   3.97048733e+09  3.97022326e+09  1.89e-01     689s
  50   2.98e-07 3.55e-14   3.97039340e+09  3.97022899e+09  1.18e-01     696s
  51   1.01e-07 2.84e-14   3.97028760e+09  3.97023768e+09  3.58e-02     703s
  52   1.16e-07 2.13e-14   3.97028334e+09  3.97023872e+09  3.20e-02     710s
  53   1.96e-07 2.84e-14   3.97026176e+09  3.97023946e+09  1.60e-02     717s
  54   1.31e-07 2.13e-14   3.97024320e+09  3.97024102e+09  1.56e-03     724s
  55   1.43e-07 2.13e-14   3.97024157e+09  3.97024135e+09  1.62e-04     731s
  56   1.43e-07 2.13e-14   3.97024146e+09  3.97024142e+09  2.73e-05     738s
  57*  1.75e-07 2.13e-14   3.97024145e+09  3.97024144e+09  2.19e-06     746s
Summary
    Runtime:                                            745.71s
    Status interior point solve:                        optimal
    Status crossover:                                   not run
    objective value:                                    3.97024145e+09
    interior solution primal residual (abs/rel):        1.56e-07 / 1.07e-15
    interior solution dual residual (abs/rel):          2.65e-10 / 5.78e-12
    interior solution objective gap (abs/rel):          3.07e+00 / 7.73e-10
Ipx: IPM       optimal
Model   status      : Optimal
IPM       iterations: 57
Objective value     :  3.9702414437e+09
HiGHS run time      :        755.08
Presolving model
861069 rows, 1835993 cols, 4706628 nonzeros
650661 rows, 1215999 cols, 3463266 nonzeros
642569 rows, 721107 cols, 2469633 nonzeros
641035 rows, 719135 cols, 2465756 nonzeros
Presolve : Reductions: rows 641035(-7218547); columns 719135(-4516287); elements 2465756(-29654663)
Solving the presolved LP
IPX model has 641035 rows, 719135 columns and 2465756 nonzeros
Input
    Number of variables:                                719135
    Number of free variables:                           0
    Number of constraints:                              641035
    Number of equality constraints:                     40406
    Number of matrix entries:                           2465756
    Matrix range:                                       [1e-02, 1e+00]
    RHS range:                                          [2e+05, 1e+08]
    Objective range:                                    [2e-04, 1e+07]
    Bounds range:                                       [7e+05, 1e+08]
Preprocessing
    Dualized model:                                     no
    Number of dense columns:                            0
    Range of scaling factors:                           [1.00e+00, 2.00e+00]
IPX version 1.0
Interior Point Solve
 Iter     P.res    D.res            P.obj           D.obj        mu     Time
   0   1.89e+07 2.81e+06   2.30114327e+14 -7.12257842e+18  5.84e+13       0s
   1   6.00e+06 2.15e+06   6.12361072e+17 -5.85293194e+18  4.76e+13       1s
   2   3.17e+06 1.82e+06   9.98902942e+17 -5.41509938e+18  5.29e+13       3s
   3   1.64e+06 2.79e+05   9.91734544e+17 -9.75574087e+17  9.23e+12       5s
   4   3.18e+05 6.05e+04   7.31103525e+17 -2.90187075e+17  2.34e+12       9s
 Constructing starting basis...
   5   3.40e+04 1.78e+04   4.09503115e+17 -1.21586031e+17  8.12e+11      25s
   6   8.34e+03 7.27e+03   2.17039681e+17 -5.84062353e+16  3.36e+11      32s
   7   2.04e+03 2.77e+03   1.16708311e+17 -2.79473873e+16  1.45e+11      39s
   8   9.71e+02 9.83e+02   7.28054077e+16 -1.20306447e+16  7.24e+10      49s
   9   5.15e+02 3.48e+02   4.45020953e+16 -5.01794545e+15  3.87e+10      59s
  10   4.05e+02 1.63e+02   3.68313973e+16 -2.79962302e+15  2.98e+10      68s
  11   2.28e+02 6.69e+01   2.38317301e+16 -1.57980773e+15  1.88e+10      76s
  12   9.42e+01 1.39e+01   1.16559954e+16 -5.88327269e+14  8.89e+09      84s
  13   3.77e+01 6.45e+00   6.71903346e+15 -4.71518208e+14  5.24e+09      91s
  14   1.22e+01 2.80e+00   3.85623372e+15 -3.45625604e+14  3.08e+09     100s
  15   8.01e+00 1.34e+00   3.10396549e+15 -2.49109628e+14  2.44e+09     109s
  16   2.44e+00 8.31e-01   1.16711178e+15 -1.68163003e+14  9.82e+08     118s
  17   3.86e-01 3.47e-01   3.50943981e+14 -8.12392873e+13  3.20e+08     126s
  18   3.48e-02 1.30e-01   8.61286029e+13 -3.34861960e+13  8.94e+07     135s
  19   7.72e-03 3.10e-02   3.28833340e+13 -9.02341130e+12  3.08e+07     143s
  20   3.23e-03 1.32e-02   1.65936225e+13 -4.02555368e+12  1.51e+07     151s
  21   1.27e-03 4.94e-03   9.38927380e+12 -1.72710428e+12  8.05e+06     158s
  22   4.53e-04 1.59e-03   6.58606574e+12 -8.29588172e+11  5.34e+06     166s
  23   2.52e-04 8.21e-04   4.77076772e+12 -5.11885721e+11  3.79e+06     174s
  24   1.19e-04 5.97e-04   3.11289873e+12 -3.99908342e+11  2.52e+06     183s
  25   6.96e-05 3.73e-04   2.61527446e+12 -2.98145915e+11  2.09e+06     190s
  26   3.34e-05 1.75e-04   1.48036751e+12 -1.40955132e+11  1.16e+06     198s
  27   2.24e-05 1.11e-04   1.19066522e+12 -9.73534283e+10  9.23e+05     206s
  28   1.70e-05 6.60e-05   1.04083610e+12 -6.54424658e+10  7.93e+05     213s
  29   1.17e-05 4.42e-05   9.04973398e+11 -5.12025734e+10  6.85e+05     220s
  30   6.91e-06 2.17e-05   6.31990536e+11 -2.10963785e+10  4.68e+05     228s
  31   4.05e-06 1.51e-05   4.62027130e+11 -1.23530036e+10  3.40e+05     235s
  32   2.15e-06 7.89e-06   3.84587966e+11 -4.77132803e+09  2.79e+05     242s
  33   1.19e-06 4.42e-06   2.62713568e+11  4.39872260e+09  1.85e+05     249s
  34   8.34e-07 2.56e-06   1.92183807e+11  1.12191234e+10  1.30e+05     256s
  35   3.58e-07 9.75e-07   1.26617529e+11  1.65307029e+10  7.89e+04     263s
  36   1.79e-07 4.90e-07   9.97805653e+10  1.87341771e+10  5.81e+04     270s
  37   1.94e-07 2.85e-07   6.53706569e+10  2.08021405e+10  3.19e+04     277s
  38   2.70e-07 1.47e-07   4.39230573e+10  2.21834265e+10  1.56e+04     284s
  39   1.49e-07 8.85e-08   3.45762346e+10  2.29245529e+10  8.35e+03     290s
  40   1.19e-07 4.47e-08   3.09827691e+10  2.36209872e+10  5.27e+03     297s
  41   8.94e-08 1.40e-08   2.84197297e+10  2.40547231e+10  3.13e+03     303s
  42   2.68e-07 4.66e-09   2.66063507e+10  2.42728482e+10  1.67e+03     310s
  43   1.79e-07 2.79e-09   2.57979125e+10  2.43561666e+10  1.03e+03     316s
  44   1.19e-07 3.73e-09   2.55449954e+10  2.43866284e+10  8.30e+02     321s
  45   2.09e-07 3.73e-09   2.49127365e+10  2.44099850e+10  3.60e+02     327s
  46   1.79e-07 3.73e-09   2.45964644e+10  2.44203525e+10  1.26e+02     332s
  47   2.09e-07 3.73e-09   2.44706364e+10  2.44235667e+10  3.37e+01     337s
  48   2.98e-07 3.73e-09   2.44332600e+10  2.44259124e+10  5.26e+00     342s
  49   1.42e-07 3.73e-09   2.44267340e+10  2.44262326e+10  3.59e-01     347s
  50   2.53e-07 3.73e-09   2.44263385e+10  2.44262667e+10  5.14e-02     352s
  51   2.09e-07 2.79e-09   2.44262816e+10  2.44262756e+10  4.34e-03     357s
  52   9.83e-07 3.73e-09   2.44262790e+10  2.44262786e+10  2.52e-04     362s
  53   1.27e-06 1.86e-09   2.44262789e+10  2.44262788e+10  4.05e-05     368s
  54*  1.31e-06 9.31e-10   2.44262789e+10  2.44262789e+10  3.72e-06     374s
Summary
    Runtime:                                            374.01s
    Status interior point solve:                        optimal
    Status crossover:                                   not run
    objective value:                                    2.44262789e+10
    interior solution primal residual (abs/rel):        1.07e-06 / 7.35e-15
    interior solution dual residual (abs/rel):          9.31e-10 / 9.62e-17
    interior solution objective gap (abs/rel):          4.06e+00 / 1.66e-10
Ipx: IPM       optimal
Model   status      : Optimal
IPM       iterations: 54
Objective value     :  2.4426278863e+10
HiGHS run time      :        383.53
Presolving model
861069 rows, 1835993 cols, 4706628 nonzeros
650661 rows, 1215999 cols, 3463266 nonzeros
642569 rows, 721107 cols, 2469633 nonzeros
641035 rows, 719135 cols, 2465756 nonzeros
Presolve : Reductions: rows 641035(-7241092); columns 719135(-4516287); elements 2465756(-29677208)
Solving the presolved LP
IPX model has 641035 rows, 719135 columns and 2465756 nonzeros
Input
    Number of variables:                                719135
    Number of free variables:                           0
    Number of constraints:                              641035
    Number of equality constraints:                     40406
    Number of matrix entries:                           2465756
    Matrix range:                                       [1e-02, 1e+00]
    RHS range:                                          [2e+05, 1e+08]
    Objective range:                                    [2e-04, 1e+07]
    Bounds range:                                       [7e+05, 1e+08]
Preprocessing
    Dualized model:                                     no
    Number of dense columns:                            0
    Range of scaling factors:                           [1.00e+00, 2.00e+00]
IPX version 1.0
Interior Point Solve
 Iter     P.res    D.res            P.obj           D.obj        mu     Time
   0   1.89e+07 2.80e+06   2.42011258e+14 -7.11531896e+18  5.83e+13       0s
   1   5.99e+06 2.15e+06   6.22610016e+17 -5.84668502e+18  4.76e+13       1s
   2   3.16e+06 1.82e+06   1.01634020e+18 -5.40855486e+18  5.29e+13       3s
   3   1.62e+06 2.79e+05   1.00954748e+18 -9.73954542e+17  9.23e+12       5s
   4   3.14e+05 6.09e+04   7.46451708e+17 -2.89946842e+17  2.35e+12       9s
 Constructing starting basis...
   5   3.41e+04 1.79e+04   4.22864768e+17 -1.21336840e+17  8.18e+11      25s
   6   8.14e+03 7.31e+03   2.23275863e+17 -5.81382372e+16  3.35e+11      32s
   7   1.28e+03 2.94e+03   1.04471248e+17 -2.82741759e+16  1.33e+11      39s
   8   2.33e+02 1.21e+03   4.76956385e+16 -1.36804537e+16  5.43e+10      48s
   9   6.56e+01 3.62e+02   2.34452541e+16 -5.01803314e+15  2.26e+10      58s
  10   1.45e+01 1.30e+02   9.63452844e+15 -2.10467351e+15  8.99e+09      66s
  11   4.53e+00 6.44e+01   4.63459358e+15 -1.12451696e+15  4.39e+09      74s
  12   1.79e+00 3.03e+01   3.26248792e+15 -6.27935300e+14  2.93e+09      82s
  13   6.52e-01 1.56e+01   1.91423635e+15 -3.65260008e+14  1.71e+09      89s
  14   2.62e-01 9.58e+00   9.53332403e+14 -2.28499097e+14  8.97e+08      97s
  15   7.69e-02 5.95e+00   3.91954548e+14 -1.45335402e+14  4.17e+08     106s
  16   4.53e-02 3.50e+00   2.85007720e+14 -8.93945132e+13  2.88e+08     114s
  17   1.55e-02 1.77e+00   1.40399745e+14 -4.75765855e+13  1.45e+08     121s
  18   4.37e-03 6.96e-01   5.77173132e+13 -1.96915527e+13  5.93e+07     129s
  19   3.83e-03 2.08e-01   5.20742606e+13 -6.43649658e+12  4.31e+07     136s
  20   2.79e-03 1.15e-01   4.62576906e+13 -4.50582001e+12  3.71e+07     144s
  21   1.53e-03 3.84e-02   2.69933144e+13 -1.65568978e+12  2.07e+07     151s
  22   5.63e-04 6.43e-03   1.47283254e+13 -6.94286469e+11  1.11e+07     159s
  23   2.10e-04 1.73e-03   7.29425579e+12 -3.14243096e+11  5.46e+06     167s
  24   9.30e-05 4.08e-04   4.53872301e+12 -1.80932044e+11  3.38e+06     174s
  25   6.46e-05 1.92e-04   3.48888611e+12 -1.15640184e+11  2.58e+06     182s
  26   2.87e-05 6.95e-05   1.78099911e+12 -4.90225109e+10  1.31e+06     189s
  27   1.34e-05 3.53e-05   1.07230122e+12 -3.14257856e+10  7.91e+05     196s
  28   3.34e-06 8.55e-06   6.01056019e+11 -1.71474420e+10  4.43e+05     203s
  29   1.19e-06 2.08e-06   2.70846366e+11  2.83135287e+09  1.92e+05     210s
  30   3.58e-07 9.16e-07   1.42553351e+11  7.09272268e+09  9.71e+04     218s
  31   2.68e-07 3.73e-07   6.93131834e+10  1.11598158e+10  4.17e+04     225s
  32   2.09e-07 1.53e-07   4.94059376e+10  1.28549946e+10  2.62e+04     232s
  33   1.04e-07 2.98e-08   3.42348454e+10  1.49062458e+10  1.38e+04     239s
  34   3.87e-07 1.02e-08   2.60492673e+10  1.55543214e+10  7.52e+03     245s
  35   1.34e-07 4.66e-09   2.10167095e+10  1.57584890e+10  3.77e+03     251s
  36   2.38e-07 3.73e-09   1.76820237e+10  1.58757793e+10  1.29e+03     257s
  37   1.26e-07 3.73e-09   1.65840187e+10  1.59348641e+10  4.65e+02     262s
  38   1.19e-07 2.79e-09   1.62660420e+10  1.59633924e+10  2.17e+02     268s
  39   1.72e-07 3.73e-09   1.61363122e+10  1.59760064e+10  1.15e+02     273s
  40   2.09e-07 3.73e-09   1.60219304e+10  1.59821686e+10  2.85e+01     278s
  41   3.58e-07 3.73e-09   1.59949210e+10  1.59843778e+10  7.55e+00     284s
  42   1.49e-07 3.73e-09   1.59884322e+10  1.59847824e+10  2.61e+00     288s
  43   1.79e-07 3.73e-09   1.59881404e+10  1.59848598e+10  2.35e+00     293s
  44   2.09e-07 3.73e-09   1.59852655e+10  1.59849883e+10  1.99e-01     298s
  45   2.38e-07 2.79e-09   1.59850577e+10  1.59850274e+10  2.17e-02     303s
  46   2.09e-07 3.73e-09   1.59850407e+10  1.59850358e+10  3.45e-03     308s
  47   3.58e-07 3.73e-09   1.59850380e+10  1.59850377e+10  2.54e-04     314s
  48   1.19e-06 1.86e-09   1.59850379e+10  1.59850378e+10  3.80e-05     319s
  49*  1.80e-06 1.86e-09   1.59850378e+10  1.59850378e+10  6.82e-06     324s
Summary
    Runtime:                                            324.18s
    Status interior point solve:                        optimal
    Status crossover:                                   not run
    objective value:                                    1.59850378e+10
    interior solution primal residual (abs/rel):        1.98e-06 / 1.36e-14
    interior solution dual residual (abs/rel):          9.31e-10 / 9.62e-17
    interior solution objective gap (abs/rel):          8.49e+00 / 5.31e-10
Ipx: IPM       optimal
Model   status      : Optimal
IPM       iterations: 49
Objective value     :  1.5985037833e+10
HiGHS run time      :        333.69
Presolving model
861069 rows, 1835993 cols, 4706628 nonzeros
650661 rows, 1215999 cols, 3463266 nonzeros
642569 rows, 721107 cols, 2469633 nonzeros
641035 rows, 719135 cols, 2465756 nonzeros
Presolve : Reductions: rows 641035(-7263637); columns 719135(-4516287); elements 2465756(-29699753)
Solving the presolved LP
IPX model has 641035 rows, 719135 columns and 2465756 nonzeros
Input
    Number of variables:                                719135
    Number of free variables:                           0
    Number of constraints:                              641035
    Number of equality constraints:                     40406
    Number of matrix entries:                           2465756
    Matrix range:                                       [1e-02, 1e+00]
    RHS range:                                          [2e+05, 1e+08]
    Objective range:                                    [2e-04, 1e+07]
    Bounds range:                                       [7e+05, 1e+08]
Preprocessing
    Dualized model:                                     no
    Number of dense columns:                            0
    Range of scaling factors:                           [1.00e+00, 2.00e+00]
IPX version 1.0
Interior Point Solve
 Iter     P.res    D.res            P.obj           D.obj        mu     Time
   0   1.89e+07 2.80e+06   2.42224987e+14 -7.11643285e+18  5.83e+13       0s
   1   6.00e+06 2.15e+06   6.22854853e+17 -5.84758991e+18  4.76e+13       1s
   2   3.15e+06 1.82e+06   1.01693448e+18 -5.40951641e+18  5.29e+13       3s
   3   1.62e+06 2.79e+05   1.01014903e+18 -9.74380720e+17  9.23e+12       5s
   4   3.15e+05 6.10e+04   7.47404772e+17 -2.90233929e+17  2.35e+12       9s
 Constructing starting basis...
   5   3.50e+04 1.80e+04   4.24197589e+17 -1.21484243e+17  8.20e+11      25s
   6   8.07e+03 7.34e+03   2.21493001e+17 -5.81799185e+16  3.34e+11      32s
   7   1.18e+03 2.98e+03   1.03537927e+17 -2.86445287e+16  1.33e+11      39s
   8   2.08e+02 1.22e+03   4.73056779e+16 -1.38315972e+16  5.42e+10      49s
   9   5.82e+01 3.68e+02   2.29684298e+16 -5.02753826e+15  2.22e+10      59s
  10   1.27e+01 1.31e+02   9.53927889e+15 -2.09723141e+15  8.92e+09      68s
  11   3.53e+00 6.47e+01   4.35189878e+15 -1.11676444e+15  4.18e+09      77s
  12   1.34e+00 3.11e+01   3.22076241e+15 -6.40623042e+14  2.91e+09      87s
  13   4.33e-01 1.81e+01   1.81129159e+15 -4.06245357e+14  1.68e+09      96s
  14   1.29e-01 1.05e+01   7.89807457e+14 -2.42071821e+14  7.96e+08     104s
  15   5.21e-02 7.21e+00   4.07678771e+14 -1.68293060e+14  4.52e+08     112s
  16   2.30e-02 4.16e+00   2.53760705e+14 -1.01102230e+14  2.77e+08     121s
  17   8.85e-03 1.95e+00   1.58598975e+14 -5.13723744e+13  1.62e+08     128s
  18   1.32e-03 2.43e-01   8.57196498e+13 -1.09798174e+13  7.08e+07     135s
  19   4.80e-04 7.37e-02   3.59045906e+13 -3.63895212e+12  2.88e+07     144s
  20   2.63e-04 3.37e-02   2.16412098e+13 -1.80443712e+12  1.70e+07     152s
  21   1.16e-04 1.26e-02   1.13017445e+13 -7.95095288e+11  8.73e+06     161s
  22   4.11e-05 4.32e-03   6.04005412e+12 -3.99876144e+11  4.64e+06     168s
  23   1.68e-05 1.93e-03   4.21772875e+12 -2.77687174e+11  3.23e+06     176s
  24   9.06e-06 5.19e-04   2.53821935e+12 -9.13627743e+10  1.89e+06     184s
  25   3.34e-06 1.94e-04   1.51740918e+12 -6.41003991e+10  1.13e+06     192s
  26   1.43e-06 1.08e-04   8.68927040e+11 -3.98161012e+10  6.51e+05     199s
  27   3.58e-07 2.49e-05   4.23802266e+11 -1.70671894e+10  3.16e+05     206s
  28   2.38e-07 1.01e-05   2.03672431e+11 -1.93005691e+09  1.47e+05     214s
  29   3.28e-07 5.77e-06   1.08489696e+11  3.39879744e+09  7.53e+04     222s
  30   2.24e-07 2.04e-06   5.23296158e+10  9.74662684e+09  3.05e+04     229s
  31   3.28e-07 1.32e-06   3.96297935e+10  1.13667064e+10  2.03e+04     237s
  32   1.64e-07 3.95e-07   2.87493953e+10  1.38786400e+10  1.07e+04     243s
  33   3.58e-07 1.42e-07   2.36977987e+10  1.47947661e+10  6.38e+03     250s
  34   1.64e-07 1.08e-07   2.31022848e+10  1.48530912e+10  5.91e+03     257s
  35   7.45e-08 5.49e-08   1.75981330e+10  1.51490313e+10  1.75e+03     263s
  36   2.38e-07 2.42e-08   1.62543329e+10  1.53340980e+10  6.59e+02     269s
  37   1.34e-07 1.40e-08   1.57648813e+10  1.54015962e+10  2.60e+02     275s
  38   1.19e-07 7.45e-09   1.55873381e+10  1.54516834e+10  9.72e+01     280s
  39   2.09e-07 3.73e-09   1.55064042e+10  1.54689879e+10  2.68e+01     286s
  40   1.79e-07 3.73e-09   1.54806622e+10  1.54767740e+10  2.79e+00     292s
  41   2.98e-07 3.73e-09   1.54781458e+10  1.54775416e+10  4.33e-01     297s
  42   1.63e-07 3.73e-09   1.54778722e+10  1.54777865e+10  6.14e-02     302s
  43   1.26e-07 3.73e-09   1.54778530e+10  1.54778438e+10  6.60e-03     308s
  44   7.75e-07 3.73e-09   1.54778514e+10  1.54778492e+10  1.60e-03     313s
  45   2.13e-06 2.79e-09   1.54778511e+10  1.54778507e+10  2.85e-04     318s
  46   2.38e-06 1.86e-09   1.54778510e+10  1.54778509e+10  6.33e-05     324s
  47   9.54e-07 1.86e-09   1.54778510e+10  1.54778510e+10  2.07e-05     329s
  48*  4.02e-07 1.86e-09   1.54778510e+10  1.54778510e+10  3.92e-06     333s
Summary
    Runtime:                                            332.90s
    Status interior point solve:                        optimal
    Status crossover:                                   not run
    objective value:                                    1.54778510e+10
    interior solution primal residual (abs/rel):        4.02e-07 / 2.76e-15
    interior solution dual residual (abs/rel):          9.31e-10 / 9.62e-17
    interior solution objective gap (abs/rel):          3.70e+00 / 2.39e-10
Ipx: IPM       optimal
Model   status      : Optimal
IPM       iterations: 48
Objective value     :  1.5477851022e+10
HiGHS run time      :        342.49
Presolving model
861069 rows, 1835993 cols, 4706628 nonzeros
650661 rows, 1215999 cols, 3463266 nonzeros
642569 rows, 721107 cols, 2469633 nonzeros
641035 rows, 719135 cols, 2465756 nonzeros
Presolve : Reductions: rows 641035(-7286182); columns 719135(-4516287); elements 2465756(-29722298)
Solving the presolved LP
IPX model has 641035 rows, 719135 columns and 2465756 nonzeros
Input
    Number of variables:                                719135
    Number of free variables:                           0
    Number of constraints:                              641035
    Number of equality constraints:                     40406
    Number of matrix entries:                           2465756
    Matrix range:                                       [1e-02, 1e+00]
    RHS range:                                          [2e+05, 1e+08]
    Objective range:                                    [2e-04, 1e+07]
    Bounds range:                                       [7e+05, 1e+08]
Preprocessing
    Dualized model:                                     no
    Number of dense columns:                            0
    Range of scaling factors:                           [1.00e+00, 2.00e+00]
IPX version 1.0
Interior Point Solve
 Iter     P.res    D.res            P.obj           D.obj        mu     Time
   0   1.89e+07 2.80e+06   2.42225662e+14 -7.11642869e+18  5.83e+13       0s
   1   6.00e+06 2.15e+06   6.22892428e+17 -5.84759180e+18  4.76e+13       1s
   2   3.16e+06 1.82e+06   1.01693476e+18 -5.40951357e+18  5.29e+13       3s
   3   1.62e+06 2.79e+05   1.01016236e+18 -9.74301415e+17  9.23e+12       5s
   4   3.14e+05 6.10e+04   7.47165596e+17 -2.90220929e+17  2.35e+12       9s
 Constructing starting basis...
   5   3.46e+04 1.80e+04   4.23714765e+17 -1.21495625e+17  8.20e+11      25s
   6   8.06e+03 7.35e+03   2.21845571e+17 -5.81607417e+16  3.34e+11      32s
   7   1.19e+03 2.99e+03   1.03697019e+17 -2.86138367e+16  1.33e+11      39s
   8   2.15e+02 1.23e+03   4.75376187e+16 -1.37965828e+16  5.44e+10      49s
   9   5.93e+01 3.63e+02   2.31906234e+16 -5.00679035e+15  2.24e+10      59s
  10   1.31e+01 1.30e+02   9.58784764e+15 -2.08893859e+15  8.94e+09      68s
  11   3.50e+00 6.39e+01   4.30713298e+15 -1.11249927e+15  4.14e+09      76s
  12   1.33e+00 3.09e+01   3.23380204e+15 -6.42904505e+14  2.92e+09      85s
  13   4.20e-01 1.79e+01   1.77860837e+15 -4.06069713e+14  1.66e+09      94s
  14   1.33e-01 1.04e+01   8.15155398e+14 -2.41627149e+14  8.13e+08     102s
  15   5.34e-02 7.17e+00   4.13466756e+14 -1.68463993e+14  4.56e+08     111s
  16   2.36e-02 4.14e+00   2.54180139e+14 -1.01147329e+14  2.78e+08     119s
  17   9.73e-03 1.90e+00   1.62576810e+14 -5.03487291e+13  1.64e+08     126s
  18   1.64e-03 2.75e-01   9.28029276e+13 -1.21462127e+13  7.69e+07     133s
  19   3.82e-04 6.80e-02   3.07053567e+13 -3.55577615e+12  2.50e+07     141s
  20   1.94e-04 3.10e-02   1.79647276e+13 -1.77825307e+12  1.43e+07     150s
  21   8.30e-05 7.57e-03   9.59167996e+12 -5.89380333e+11  7.34e+06     158s
  22   4.13e-05 3.05e-03   6.01655746e+12 -3.25985129e+11  4.56e+06     165s
  23   1.48e-05 1.42e-03   4.21265667e+12 -2.56088511e+11  3.21e+06     173s
  24   9.54e-06 2.22e-04   3.00284966e+12 -7.51023311e+10  2.21e+06     181s
  25   3.93e-06 1.09e-04   1.65774533e+12 -5.34194311e+10  1.23e+06     188s
  26   1.91e-06 3.23e-05   9.79015033e+11 -2.32264350e+10  7.18e+05     195s
  27   7.15e-07 5.19e-06   5.54518577e+11 -8.66038106e+09  4.04e+05     202s
  28   2.68e-07 9.09e-07   2.35228818e+11  6.76293841e+09  1.64e+05     209s
  29   3.28e-07 3.24e-07   1.06120874e+11  9.23841102e+09  6.94e+04     216s
  30   1.79e-07 1.25e-07   5.18904713e+10  1.19540006e+10  2.86e+04     222s
  31   3.28e-07 3.91e-08   3.61208797e+10  1.35743324e+10  1.62e+04     229s
  32   1.04e-07 1.12e-08   2.71117053e+10  1.45846633e+10  8.98e+03     235s
  33   2.38e-07 5.59e-09   2.11945553e+10  1.49371739e+10  4.48e+03     241s
  34   2.24e-07 3.73e-09   1.72711490e+10  1.50666384e+10  1.58e+03     247s
  35   1.49e-07 3.73e-09   1.58644326e+10  1.51239661e+10  5.31e+02     252s
  36   2.09e-07 2.79e-09   1.54295072e+10  1.51524780e+10  1.98e+02     258s
  37   2.24e-07 3.73e-09   1.52650123e+10  1.51671702e+10  7.01e+01     263s
  38   1.79e-07 3.73e-09   1.51964549e+10  1.51748485e+10  1.55e+01     269s
  39   1.64e-07 2.79e-09   1.51804399e+10  1.51774261e+10  2.16e+00     274s
  40   2.24e-07 3.73e-09   1.51780935e+10  1.51776599e+10  3.11e-01     279s
  41   1.79e-07 2.79e-09   1.51778094e+10  1.51777251e+10  6.04e-02     284s
  42   1.49e-07 3.73e-09   1.51777578e+10  1.51777408e+10  1.22e-02     288s
  43   2.04e-07 3.73e-09   1.51777457e+10  1.51777442e+10  1.07e-03     293s
  44   7.75e-07 3.73e-09   1.51777448e+10  1.51777446e+10  1.22e-04     298s
  45   1.40e-06 1.86e-09   1.51777447e+10  1.51777447e+10  1.27e-05     304s
  46*  6.41e-07 1.86e-09   1.51777447e+10  1.51777447e+10  9.16e-07     307s
Summary
    Runtime:                                            307.40s
    Status interior point solve:                        optimal
    Status crossover:                                   not run
    objective value:                                    1.51777447e+10
    interior solution primal residual (abs/rel):        8.49e-07 / 5.82e-15
    interior solution dual residual (abs/rel):          9.31e-10 / 9.62e-17
    interior solution objective gap (abs/rel):          9.49e-01 / 6.25e-11
Ipx: IPM       optimal
Model   status      : Optimal
IPM       iterations: 46
Objective value     :  1.5177744734e+10
HiGHS run time      :        316.97
Presolving model
861069 rows, 1835993 cols, 4706628 nonzeros
650661 rows, 1215999 cols, 3463266 nonzeros
642569 rows, 721107 cols, 2469633 nonzeros
641035 rows, 719135 cols, 2465756 nonzeros
Presolve : Reductions: rows 641035(-7308727); columns 719135(-4516287); elements 2465756(-29744843)
Solving the presolved LP
IPX model has 641035 rows, 719135 columns and 2465756 nonzeros
Input
    Number of variables:                                719135
    Number of free variables:                           0
    Number of constraints:                              641035
    Number of equality constraints:                     40406
    Number of matrix entries:                           2465756
    Matrix range:                                       [1e-02, 1e+00]
    RHS range:                                          [2e+05, 1e+08]
    Objective range:                                    [2e-04, 1e+07]
    Bounds range:                                       [7e+05, 1e+08]
Preprocessing
    Dualized model:                                     no
    Number of dense columns:                            0
    Range of scaling factors:                           [1.00e+00, 2.00e+00]
IPX version 1.0
Interior Point Solve
 Iter     P.res    D.res            P.obj           D.obj        mu     Time
   0   1.89e+07 2.80e+06   2.42226415e+14 -7.11642975e+18  5.83e+13       0s
   1   6.00e+06 2.15e+06   6.22925590e+17 -5.84759119e+18  4.76e+13       1s
   2   3.16e+06 1.82e+06   1.01698887e+18 -5.40951479e+18  5.29e+13       3s
   3   1.62e+06 2.79e+05   1.01022003e+18 -9.74300530e+17  9.23e+12       5s
   4   3.14e+05 6.10e+04   7.47261189e+17 -2.90263927e+17  2.35e+12       9s
 Constructing starting basis...
   5   3.46e+04 1.80e+04   4.23576694e+17 -1.21485408e+17  8.20e+11      25s
   6   7.81e+03 7.35e+03   2.20541951e+17 -5.82075685e+16  3.33e+11      32s
   7   1.09e+03 3.01e+03   1.02971360e+17 -2.88756781e+16  1.33e+11      39s
   8   2.25e+02 1.23e+03   4.92381481e+16 -1.38599064e+16  5.58e+10      49s
   9   5.77e+01 3.84e+02   2.27882770e+16 -5.20359515e+15  2.23e+10      59s
  10   1.18e+01 1.30e+02   9.49950409e+15 -2.10056993e+15  8.88e+09      69s
  11   3.17e+00 6.44e+01   4.30496754e+15 -1.12072307e+15  4.15e+09      78s
  12   1.19e+00 3.07e+01   3.27762039e+15 -6.44986521e+14  2.95e+09      87s
  13   3.89e-01 1.77e+01   1.79304583e+15 -4.03768303e+14  1.67e+09      96s
  14   1.15e-01 1.03e+01   7.94550410e+14 -2.40471447e+14  7.97e+08     104s
  15   4.66e-02 7.21e+00   4.04536387e+14 -1.70290174e+14  4.51e+08     113s
  16   1.90e-02 4.17e+00   2.38991378e+14 -1.02281763e+14  2.68e+08     121s
  17   7.54e-03 1.92e+00   1.59322784e+14 -5.13108830e+13  1.62e+08     129s
  18   1.04e-03 2.03e-01   8.78183197e+13 -1.03435834e+13  7.16e+07     137s
  19   3.64e-04 5.56e-02   3.79598433e+13 -3.33486560e+12  2.99e+07     146s
  20   2.22e-04 2.56e-02   2.45954046e+13 -1.65495179e+12  1.90e+07     154s
  21   9.78e-05 1.37e-02   1.18857822e+13 -9.33135720e+11  9.25e+06     162s
  22   4.41e-05 4.74e-03   7.31692161e+12 -4.67302538e+11  5.60e+06     170s
  23   2.30e-05 1.31e-03   4.88165662e+12 -2.23944503e+11  3.66e+06     178s
  24   1.11e-05 4.07e-04   2.82452705e+12 -1.01061871e+11  2.10e+06     185s
  25   3.34e-06 1.35e-04   1.56499903e+12 -7.01039159e+10  1.17e+06     193s
  26   1.91e-06 3.59e-05   9.00841660e+11 -2.03357390e+10  6.60e+05     200s
  27   7.15e-07 1.08e-05   5.47636362e+11 -1.22726294e+10  4.01e+05     207s
  28   2.53e-07 1.52e-06   2.21453230e+11  5.15785406e+09  1.55e+05     214s
  29   2.68e-07 5.53e-07   9.63975954e+10  8.42988429e+09  6.30e+04     221s
  30   2.38e-07 2.10e-07   4.96816347e+10  1.14444339e+10  2.74e+04     228s
  31   3.87e-07 9.50e-08   3.58439954e+10  1.28250505e+10  1.65e+04     235s
  32   1.19e-07 1.86e-08   2.40065811e+10  1.43107931e+10  6.95e+03     241s
  33   1.94e-07 9.31e-09   1.79852728e+10  1.46419767e+10  2.40e+03     247s
  34   1.79e-07 5.59e-09   1.61885572e+10  1.47887936e+10  1.00e+03     253s
  35   2.83e-07 3.73e-09   1.53369771e+10  1.48536565e+10  3.46e+02     259s
  36   1.79e-07 3.73e-09   1.51395021e+10  1.48963660e+10  1.74e+02     265s
  37   2.24e-07 3.73e-09   1.49931384e+10  1.49134130e+10  5.71e+01     270s
  38   2.68e-07 3.73e-09   1.49332601e+10  1.49196779e+10  9.73e+00     275s
  39   3.58e-07 2.79e-09   1.49226431e+10  1.49208374e+10  1.29e+00     281s
  40   2.09e-07 3.73e-09   1.49218685e+10  1.49211586e+10  5.09e-01     286s
  41   1.79e-07 3.73e-09   1.49215452e+10  1.49212499e+10  2.12e-01     291s
  42   1.79e-07 2.79e-09   1.49214391e+10  1.49212691e+10  1.22e-01     296s
  43   6.45e-08 3.73e-09   1.49213058e+10  1.49212889e+10  1.21e-02     300s
  44   2.53e-07 3.73e-09   1.49212950e+10  1.49212932e+10  1.30e-03     306s
  45   1.01e-06 1.86e-09   1.49212945e+10  1.49212940e+10  3.54e-04     311s
  46   2.16e-06 1.86e-09   1.49212944e+10  1.49212943e+10  6.26e-05     316s
  47*  1.97e-06 9.31e-10   1.49212944e+10  1.49212944e+10  5.95e-06     322s
Summary
    Runtime:                                            322.00s
    Status interior point solve:                        optimal
    Status crossover:                                   not run
    objective value:                                    1.49212944e+10
    interior solution primal residual (abs/rel):        1.33e-06 / 9.08e-15
    interior solution dual residual (abs/rel):          9.31e-10 / 9.62e-17
    interior solution objective gap (abs/rel):          7.00e+00 / 4.69e-10
Ipx: IPM       optimal
Model   status      : Optimal
IPM       iterations: 47
Objective value     :  1.4921294383e+10
HiGHS run time      :        331.65
Presolving model
861069 rows, 1835993 cols, 4706628 nonzeros
650661 rows, 1215999 cols, 3463266 nonzeros
642569 rows, 721107 cols, 2469633 nonzeros
641035 rows, 719135 cols, 2465756 nonzeros
Presolve : Reductions: rows 641035(-7331272); columns 719135(-4516287); elements 2465756(-29767388)
Solving the presolved LP
IPX model has 641035 rows, 719135 columns and 2465756 nonzeros
Input
    Number of variables:                                719135
    Number of free variables:                           0
    Number of constraints:                              641035
    Number of equality constraints:                     40406
    Number of matrix entries:                           2465756
    Matrix range:                                       [1e-02, 1e+00]
    RHS range:                                          [2e+05, 1e+08]
    Objective range:                                    [2e-04, 1e+07]
    Bounds range:                                       [7e+05, 1e+08]
Preprocessing
    Dualized model:                                     no
    Number of dense columns:                            0
    Range of scaling factors:                           [1.00e+00, 2.00e+00]
IPX version 1.0
Interior Point Solve
 Iter     P.res    D.res            P.obj           D.obj        mu     Time
   0   1.89e+07 2.80e+06   2.42226923e+14 -7.11642992e+18  5.83e+13       0s
   1   6.00e+06 2.15e+06   6.22930826e+17 -5.84759178e+18  4.76e+13       1s
   2   3.16e+06 1.82e+06   1.01699455e+18 -5.40951438e+18  5.29e+13       3s
   3   1.62e+06 2.79e+05   1.01022622e+18 -9.74297512e+17  9.23e+12       5s
   4   3.14e+05 6.10e+04   7.47261982e+17 -2.90261437e+17  2.35e+12       9s
 Constructing starting basis...
   5   3.49e+04 1.80e+04   4.24497803e+17 -1.21566059e+17  8.21e+11      24s
   6   8.15e+03 7.35e+03   2.22341909e+17 -5.82401221e+16  3.35e+11      32s
   7   1.18e+03 2.98e+03   1.03400324e+17 -2.85892311e+16  1.33e+11      39s
   8   2.13e+02 1.22e+03   4.76326089e+16 -1.37948874e+16  5.44e+10      49s
   9   5.81e+01 3.63e+02   2.30668454e+16 -5.00940164e+15  2.23e+10      58s
  10   1.22e+01 1.28e+02   9.57253749e+15 -2.08180707e+15  8.91e+09      66s
  11   3.36e+00 6.28e+01   4.34515643e+15 -1.10741078e+15  4.16e+09      75s
  12   1.27e+00 3.00e+01   3.30033204e+15 -6.40223425e+14  2.96e+09      83s
  13   4.19e-01 1.71e+01   1.80278158e+15 -3.95748128e+14  1.66e+09      92s
  14   1.28e-01 9.97e+00   8.04450770e+14 -2.36709507e+14  8.00e+08     100s
  15   5.16e-02 6.90e+00   4.15563068e+14 -1.66349622e+14  4.55e+08     108s
  16   2.20e-02 3.99e+00   2.48915468e+14 -9.97509224e+13  2.72e+08     116s
  17   8.35e-03 1.88e+00   1.52329911e+14 -5.05755678e+13  1.56e+08     123s
  18   1.32e-03 2.65e-01   8.33196781e+13 -1.14755118e+13  6.96e+07     130s
  19   4.54e-04 7.70e-02   3.51254328e+13 -3.75390685e+12  2.83e+07     139s
  20   2.62e-04 3.51e-02   2.18998425e+13 -1.83564078e+12  1.72e+07     147s
  21   1.15e-04 1.46e-02   1.10186977e+13 -8.48952120e+11  8.58e+06     155s
  22   5.60e-05 4.83e-03   6.97614069e+12 -4.10037113e+11  5.32e+06     162s
  23   1.98e-05 1.10e-03   3.83905683e+12 -1.89353882e+11  2.89e+06     169s
  24   1.24e-05 4.32e-04   2.74246240e+12 -1.01026784e+11  2.04e+06     177s
  25   3.93e-06 1.72e-04   1.23684183e+12 -5.26508666e+10  9.24e+05     184s
  26   2.15e-06 5.06e-05   8.22550092e+11 -2.16310750e+10  6.05e+05     191s
  27   9.54e-07 8.25e-06   5.09852958e+11 -7.16762341e+09  3.70e+05     198s
  28   2.98e-07 7.87e-07   2.07096866e+11  5.95655827e+09  1.44e+05     204s
  29   1.34e-07 3.69e-07   1.05190555e+11  7.83009426e+09  6.98e+04     211s
  30   1.79e-07 1.45e-07   4.88643901e+10  1.13515191e+10  2.69e+04     218s
  31   1.49e-07 6.43e-08   3.71151229e+10  1.27512005e+10  1.75e+04     225s
  32   1.49e-07 1.68e-08   2.41803146e+10  1.42245143e+10  7.13e+03     231s
  33   1.79e-07 7.45e-09   1.80846260e+10  1.46130788e+10  2.49e+03     237s
  34   1.49e-07 4.66e-09   1.63094468e+10  1.47754517e+10  1.10e+03     243s
  35   1.34e-07 3.73e-09   1.54241197e+10  1.48436696e+10  4.16e+02     248s
  36   1.64e-07 3.73e-09   1.51700456e+10  1.48867578e+10  2.03e+02     254s
  37   2.53e-07 3.73e-09   1.50005736e+10  1.49057265e+10  6.80e+01     259s
  38   2.98e-07 3.73e-09   1.49362097e+10  1.49135486e+10  1.62e+01     264s
  39   1.49e-07 3.73e-09   1.49176022e+10  1.49155108e+10  1.50e+00     269s
  40   2.38e-07 3.73e-09   1.49163836e+10  1.49159632e+10  3.01e-01     274s
  41   1.79e-07 2.79e-09   1.49161626e+10  1.49160483e+10  8.19e-02     279s
  42   1.79e-07 3.73e-09   1.49161240e+10  1.49160730e+10  3.65e-02     284s
  43   3.28e-07 3.73e-09   1.49160926e+10  1.49160816e+10  7.84e-03     288s
  44   4.32e-07 3.73e-09   1.49160871e+10  1.49160857e+10  1.03e-03     293s
  45   4.32e-07 3.73e-09   1.49160865e+10  1.49160864e+10  8.65e-05     298s
  46*  5.22e-07 1.86e-09   1.49160864e+10  1.49160864e+10  6.60e-06     303s
Summary
    Runtime:                                            303.43s
    Status interior point solve:                        optimal
    Status crossover:                                   not run
    objective value:                                    1.49160864e+10
    interior solution primal residual (abs/rel):        7.45e-07 / 5.10e-15
    interior solution dual residual (abs/rel):          9.31e-10 / 9.62e-17
    interior solution objective gap (abs/rel):          8.54e+00 / 5.73e-10
Ipx: IPM       optimal
Model   status      : Optimal
IPM       iterations: 46
Objective value     :  1.4916086444e+10
HiGHS run time      :        312.49
[ Info: Rolling step not specified in scenaio.yaml file; Setting it to 15 years
[ Info: Demand-pathway mapping not specified in scenaio.yaml file; SERA will not look for eligible pathways for different demand types.
[ Info: Production capacity constraints from the grid model not defined. SERA will not create these constraints
[ Info: Regional technology limits not specified in scenaio.yaml file; SERA will not create these constraints
STARTING DATA PRE-PROCESSING 
Processing Temporal Data
Processing Nodes
Processing Demand
Processing Existings
Processing Links
Processing Pathways
Creating Infrastructure options
 19.449247 seconds (99.46 M allocations: 11.605 GiB, 42.43% gc time, 0.44% compilation time)

OPTIMIZING FROM 2026 TO 2040 

STARTING OPTIMIZATION MODEL CREATION
CREATING VARIABLES AND EXPRESSIONS
181.770056 seconds (400.97 M allocations: 25.070 GiB, 85.52% gc time, 3.97% compilation time)
POPULATING EXPRESSIONS
101.387474 seconds (439.16 M allocations: 69.163 GiB, 13.45% gc time, 0.18% compilation time)
CREATING CONSTRAINTS
193.183269 seconds (259.79 M allocations: 15.805 GiB, 85.54% gc time, 0.95% compilation time)
POPULATED CORE OPTIMIZATION MODEL, STARTING ITERATIONS
READING COST DATA FOR ITERATION 1
128.759463 seconds (182.59 M allocations: 17.336 GiB, 69.37% gc time, 0.30% compilation time)
CREATING EXPRESSIONS FOR CAPITAL AND FIXED COST
378.460111 seconds (266.36 M allocations: 17.129 GiB, 94.73% gc time, 0.42% compilation time)
BUILDING OBJECTIVE FUNCTION
 29.164144 seconds (65.34 M allocations: 2.016 GiB, 72.99% gc time, 2.72% compilation time)
Optimizing for iteration 1
978.355706 seconds (88.86 M allocations: 8.383 GiB, 20.39% gc time, 0.00% compilation time)
OPTIMAL
3.9702414436594057e9
ϵ =  1.0
READING COST DATA FOR ITERATION 2
1167.311481 seconds (148.11 M allocations: 16.618 GiB, 23.46% gc time, 0.00% compilation time)
CREATING EXPRESSIONS FOR CAPITAL AND FIXED COST
561.035768 seconds (264.96 M allocations: 17.021 GiB, 96.75% gc time, 0.00% compilation time)
BUILDING OBJECTIVE FUNCTION
 29.761323 seconds (64.68 M allocations: 2.035 GiB, 75.71% gc time)
Optimizing for iteration 2
383.643426 seconds (5 allocations: 32 bytes)
OPTIMAL
2.442627886318408e10
ϵ =  0.8374602424750819
READING COST DATA FOR ITERATION 3
1170.138623 seconds (147.49 M allocations: 16.576 GiB, 23.55% gc time)
CREATING EXPRESSIONS FOR CAPITAL AND FIXED COST
562.621345 seconds (264.96 M allocations: 17.021 GiB, 96.67% gc time)
BUILDING OBJECTIVE FUNCTION
 30.094648 seconds (64.68 M allocations: 2.035 GiB, 75.85% gc time)
Optimizing for iteration 3
333.753324 seconds (2 allocations: 32 bytes)
OPTIMAL
1.5985037833092306e10
ϵ =  0.5280713826416843
READING COST DATA FOR ITERATION 4
1174.483810 seconds (147.44 M allocations: 16.637 GiB, 23.97% gc time)
CREATING EXPRESSIONS FOR CAPITAL AND FIXED COST
571.505411 seconds (264.96 M allocations: 17.021 GiB, 96.74% gc time)
BUILDING OBJECTIVE FUNCTION
 30.608644 seconds (64.68 M allocations: 2.035 GiB, 75.97% gc time)
Optimizing for iteration 4
342.569358 seconds (2 allocations: 32 bytes)
OPTIMAL
1.5477851021638481e10
ϵ =  0.03276855493340454
READING COST DATA FOR ITERATION 5
1178.825155 seconds (147.43 M allocations: 16.621 GiB, 24.05% gc time)
CREATING EXPRESSIONS FOR CAPITAL AND FIXED COST
568.350542 seconds (264.96 M allocations: 17.021 GiB, 96.68% gc time)
BUILDING OBJECTIVE FUNCTION
 30.903257 seconds (64.68 M allocations: 2.035 GiB, 76.17% gc time)
Optimizing for iteration 5
317.038791 seconds (2 allocations: 32 bytes)
OPTIMAL
1.517774473435805e10
ϵ =  0.019772785254473905
READING COST DATA FOR ITERATION 6
1182.496300 seconds (147.43 M allocations: 16.534 GiB, 24.38% gc time)
CREATING EXPRESSIONS FOR CAPITAL AND FIXED COST
566.179506 seconds (264.96 M allocations: 17.021 GiB, 96.69% gc time)
BUILDING OBJECTIVE FUNCTION
 31.269194 seconds (64.68 M allocations: 2.035 GiB, 76.40% gc time)
Optimizing for iteration 6
331.722482 seconds (2 allocations: 32 bytes)
OPTIMAL
1.4921294383164204e10
ϵ =  0.017186870294868477
READING COST DATA FOR ITERATION 7
1190.262238 seconds (147.43 M allocations: 16.748 GiB, 24.58% gc time)
CREATING EXPRESSIONS FOR CAPITAL AND FIXED COST
631.425623 seconds (264.96 M allocations: 17.021 GiB, 96.91% gc time)
BUILDING OBJECTIVE FUNCTION
 35.682827 seconds (64.68 M allocations: 2.035 GiB, 77.65% gc time)
Optimizing for iteration 7
312.568990 seconds (2 allocations: 32 bytes)
OPTIMAL
1.491608644389047e10
ϵ =  0.0003491491747961942
ITERATIONS COMPLETED
WRITING RESULTS TO FILE
 58.800931 seconds (51.87 M allocations: 2.142 GiB, 90.41% gc time, 1.15% compilation time)

THE OPTIMIZATION PROBLEM TOOK 249.68 MINUTES TO SOLVE. 
