Running HiGHS 1.6.0: Copyright (c) 2023 HiGHS under MIT licence terms
Presolving model
172332 rows, 437154 cols, 1071472 nonzeros
137035 rows, 300663 cols, 800348 nonzeros
136976 rows, 158417 cols, 513042 nonzeros
131735 rows, 152987 cols, 502125 nonzeros
Presolve : Reductions: rows 131735(-1524452); columns 152987(-980791); elements 502125(-4242851)
Solving the presolved LP
IPX model has 131735 rows, 152987 columns and 502125 nonzeros
Input
    Number of variables:                                152987
    Number of free variables:                           0
    Number of constraints:                              131735
    Number of equality constraints:                     11013
    Number of matrix entries:                           502125
    Matrix range:                                       [1e-02, 1e+00]
    RHS range:                                          [2e+05, 6e+07]
    Objective range:                                    [3e-04, 2e+01]
    Bounds range:                                       [2e+05, 1e+08]
Preprocessing
    Dualized model:                                     no
    Number of dense columns:                            0
    Range of scaling factors:                           [1.00e+00, 2.00e+00]
IPX version 1.0
Interior Point Solve
 Iter     P.res    D.res            P.obj           D.obj        mu     Time
   0   8.79e+06 3.78e+00   1.65079704e+09 -2.05451988e+12  4.21e+07       0s
   1   1.91e+06 1.79e+00   4.05137393e+11 -1.02979458e+12  1.92e+07       0s
   2   8.85e+05 1.60e+00   5.36147705e+11 -9.37104445e+11  1.99e+07       0s
   3   2.95e+05 3.98e-01   4.02822173e+11 -2.34255360e+11  5.62e+06       1s
   4   1.09e+05 1.14e-01   2.40747790e+11 -6.94356921e+10  1.92e+06       1s
   5   2.98e+04 3.84e-02   1.37520009e+11 -2.70082289e+10  8.03e+05       2s
   6   8.47e+03 9.48e-03   6.48984317e+10 -7.58013483e+09  2.88e+05       4s
 Constructing starting basis...
   7   2.72e+03 1.14e-03   3.41709462e+10 -1.11771968e+09  1.29e+05       5s
   8   1.37e+03 5.87e-04   2.55050950e+10 -2.03658472e+08  9.30e+04       6s
   9   6.99e+02 3.49e-04   2.18813589e+10  2.73757768e+08  7.75e+04       6s
  10   2.13e+02 2.25e-04   1.08842571e+10  9.38736246e+08  3.55e+04       7s
  11   1.48e+02 1.56e-04   9.66980449e+09  1.39058969e+09  2.95e+04       7s
  12   7.01e+01 7.20e-05   7.45252570e+09  2.05142208e+09  1.92e+04       8s
  13   5.11e+01 5.03e-05   6.60073740e+09  2.26021833e+09  1.54e+04      10s
  14   3.72e+01 3.46e-05   5.77852103e+09  2.42888162e+09  1.19e+04      11s
  15   2.41e+01 2.52e-05   5.17492833e+09  2.50165285e+09  9.47e+03      12s
  16   1.32e+01 1.47e-05   4.64736168e+09  2.59151576e+09  7.28e+03      13s
  17   9.97e+00 8.50e-06   4.34104145e+09  2.68176896e+09  5.87e+03      14s
  18   7.78e+00 6.73e-06   4.06512373e+09  2.71653963e+09  4.77e+03      15s
  19   6.15e+00 4.92e-06   3.89408084e+09  2.74166006e+09  4.08e+03      16s
  20   4.19e+00 4.08e-06   3.67623134e+09  2.75392839e+09  3.26e+03      17s
  21   2.88e+00 3.13e-06   3.56966470e+09  2.76407981e+09  2.85e+03      18s
  22   1.73e+00 2.29e-06   3.38405143e+09  2.78136645e+09  2.13e+03      19s
  23   9.77e-01 1.57e-06   3.27213725e+09  2.79524013e+09  1.69e+03      20s
  24   6.27e-01 1.07e-06   3.19149587e+09  2.80790776e+09  1.36e+03      21s
  25   2.90e-01 7.10e-07   3.08764436e+09  2.81849629e+09  9.52e+02      22s
  26   2.11e-01 5.19e-07   3.04998525e+09  2.82550847e+09  7.94e+02      23s
  27   1.23e-01 3.23e-07   3.00387549e+09  2.83305841e+09  6.04e+02      23s
  28   9.59e-02 2.70e-07   2.99424521e+09  2.83492229e+09  5.63e+02      24s
  29   4.68e-02 1.58e-07   2.93644910e+09  2.84136335e+09  3.36e+02      25s
  30   2.33e-02 1.24e-07   2.91489585e+09  2.84310694e+09  2.54e+02      26s
  31   1.59e-02 8.62e-08   2.90702439e+09  2.84519854e+09  2.19e+02      26s
  32   6.38e-03 4.54e-08   2.87962540e+09  2.84834717e+09  1.11e+02      27s
  33   4.38e-03 2.32e-08   2.87403224e+09  2.85002599e+09  8.49e+01      28s
  34   2.52e-03 1.46e-08   2.87051005e+09  2.85059639e+09  7.04e+01      29s
  35   6.35e-04 9.04e-09   2.85829275e+09  2.85121717e+09  2.50e+01      29s
  36   1.96e-04 3.31e-09   2.85479382e+09  2.85188925e+09  1.03e+01      30s
  37   8.84e-05 1.02e-09   2.85411346e+09  2.85214577e+09  6.96e+00      30s
  38   4.71e-05 1.50e-10   2.85342907e+09  2.85228417e+09  4.05e+00      31s
  39   3.13e-06 5.97e-11   2.85304269e+09  2.85228735e+09  2.67e+00      31s
  40   3.10e-08 3.44e-11   2.85271452e+09  2.85229495e+09  1.48e+00      32s
  41   3.89e-08 2.49e-12   2.85235660e+09  2.85232335e+09  1.18e-01      32s
  42   3.00e-08 2.20e-13   2.85233120e+09  2.85232568e+09  1.95e-02      32s
  43   3.52e-08 7.11e-15   2.85232655e+09  2.85232592e+09  2.20e-03      33s
  44*  3.97e-08 3.55e-15   2.85232593e+09  2.85232593e+09  7.05e-07      33s
Summary
    Runtime:                                            32.92s
    Status interior point solve:                        optimal
    Status crossover:                                   not run
    objective value:                                    2.85232593e+09
    interior solution primal residual (abs/rel):        7.45e-08 / 5.10e-16
    interior solution dual residual (abs/rel):          3.55e-15 / 1.46e-16
    interior solution objective gap (abs/rel):          1.96e-01 / 6.88e-11
Ipx: IPM       optimal
Model   status      : Optimal
IPM       iterations: 44
Objective value     :  2.8667710505e+09
HiGHS run time      :         34.46
Presolving model
172332 rows, 437154 cols, 1071472 nonzeros
137035 rows, 300663 cols, 800348 nonzeros
136976 rows, 158417 cols, 513042 nonzeros
131735 rows, 152987 cols, 502125 nonzeros
Presolve : Reductions: rows 131735(-1529462); columns 152987(-980791); elements 502125(-4247861)
Solving the presolved LP
IPX model has 131735 rows, 152987 columns and 502125 nonzeros
Input
    Number of variables:                                152987
    Number of free variables:                           0
    Number of constraints:                              131735
    Number of equality constraints:                     11013
    Number of matrix entries:                           502125
    Matrix range:                                       [1e-02, 1e+00]
    RHS range:                                          [2e+05, 6e+07]
    Objective range:                                    [3e-04, 9e+06]
    Bounds range:                                       [2e+05, 1e+08]
Preprocessing
    Dualized model:                                     no
    Number of dense columns:                            0
    Range of scaling factors:                           [1.00e+00, 2.00e+00]
IPX version 1.0
Interior Point Solve
 Iter     P.res    D.res            P.obj           D.obj        mu     Time
   0   8.71e+06 2.24e+05   2.79738965e+13 -1.21982844e+17  2.62e+12       0s
   1   2.46e+06 1.53e+05   3.36402138e+16 -8.60606013e+16  1.62e+12       0s
   2   1.18e+06 1.09e+05   4.86603491e+16 -6.52165289e+16  1.39e+12       0s
   3   3.92e+05 4.66e+04   4.04129492e+16 -2.96529319e+16  6.34e+11       1s
   4   1.53e+05 1.46e+04   2.86650111e+16 -9.86352335e+15  2.40e+11       1s
   5   4.39e+04 4.23e+03   1.51285200e+16 -3.12786730e+15  8.47e+10       2s
   6   2.03e+04 1.35e+03   8.26809136e+15 -1.08705827e+15  3.75e+10       3s
 Constructing starting basis...
   7   6.81e+03 3.82e+02   3.68044370e+15 -3.87432771e+14  1.57e+10       5s
   8   2.63e+03 1.25e+02   1.50206246e+15 -1.57756233e+14  6.24e+09       6s
   9   6.95e+02 3.55e+01   5.03405358e+14 -6.91672246e+13  2.13e+09       6s
  10   3.11e+02 2.44e+01   3.62487044e+14 -4.82293988e+13  1.53e+09       7s
  11   1.11e+02 1.52e+01   1.58245610e+14 -2.87067527e+13  7.10e+08       8s
  12   4.00e+01 8.11e+00   8.87060587e+13 -1.65253609e+13  4.01e+08       9s
  13   7.00e+00 3.29e+00   2.25915838e+13 -6.70227630e+12  1.15e+08       9s
  14   1.94e+00 5.49e-01   8.59156625e+12 -1.14017546e+12  3.63e+07      10s
  15   7.78e-01 1.86e-01   3.89559480e+12 -3.96326063e+11  1.58e+07      10s
  16   2.68e-01 5.47e-02   1.82258172e+12 -1.38162782e+11  7.13e+06      11s
  17   7.80e-02 1.97e-02   7.04682267e+11 -5.27219927e+10  2.74e+06      12s
  18   5.11e-02 5.25e-03   5.49783471e+11 -1.82117808e+10  2.03e+06      12s
  19   2.99e-02 2.27e-03   3.79230899e+11 -8.39332494e+09  1.38e+06      13s
  20   1.79e-02 1.12e-03   3.26521436e+11 -7.09750221e+09  1.19e+06      14s
  21   5.57e-03 4.37e-04   1.87320049e+11 -3.03126321e+09  6.75e+05      14s
  22   9.65e-04 2.01e-04   1.10781120e+11 -8.91963613e+08  3.96e+05      15s
  23   4.67e-04 5.30e-05   7.21334126e+10  2.28966381e+09  2.47e+05      15s
  24   1.83e-04 1.78e-05   3.48672364e+10  3.73371810e+09  1.10e+05      16s
  25   9.27e-05 7.45e-06   2.52919147e+10  4.05547289e+09  7.51e+04      16s
  26   3.58e-05 1.55e-06   1.59649033e+10  4.41195150e+09  4.09e+04      17s
  27   4.98e-06 1.86e-09   9.59934203e+09  4.57012124e+09  1.78e+04      18s
  28   1.76e-06 1.86e-09   6.72530009e+09  4.66347904e+09  7.29e+03      18s
  29   6.26e-07 1.86e-09   5.59350469e+09  4.70712355e+09  3.13e+03      19s
  30   2.09e-07 1.86e-09   5.05332641e+09  4.72352852e+09  1.17e+03      19s
  31   1.19e-07 1.86e-09   4.88965090e+09  4.73217059e+09  5.57e+02      20s
  32   8.20e-08 1.86e-09   4.80116345e+09  4.73523567e+09  2.33e+02      20s
  33   1.42e-07 1.86e-09   4.76173266e+09  4.73712828e+09  8.70e+01      21s
  34   5.96e-08 1.86e-09   4.74587902e+09  4.73764449e+09  2.91e+01      21s
  35   5.22e-08 1.86e-09   4.74056482e+09  4.73832642e+09  7.92e+00      22s
  36   4.47e-08 1.86e-09   4.73881864e+09  4.73843140e+09  1.37e+00      22s
  37   9.69e-08 2.79e-09   4.73846668e+09  4.73843950e+09  9.61e-02      23s
  38   7.45e-08 1.86e-09   4.73844334e+09  4.73844127e+09  7.34e-03      23s
  39   8.94e-08 1.86e-09   4.73844164e+09  4.73844146e+09  6.57e-04      23s
  40   4.25e-07 2.79e-09   4.73844147e+09  4.73844147e+09  2.86e-05      24s
  41*  3.28e-07 9.31e-10   4.73844147e+09  4.73844147e+09  3.12e-06      24s
Summary
    Runtime:                                            23.97s
    Status interior point solve:                        optimal
    Status crossover:                                   not run
    objective value:                                    4.73844147e+09
    interior solution primal residual (abs/rel):        5.22e-07 / 3.57e-15
    interior solution dual residual (abs/rel):          9.31e-10 / 1.01e-16
    interior solution objective gap (abs/rel):          9.21e-01 / 1.94e-10
Ipx: IPM       optimal
Model   status      : Optimal
IPM       iterations: 41
Objective value     :  4.7589667382e+09
HiGHS run time      :         25.46
Presolving model
172332 rows, 437154 cols, 1071472 nonzeros
137035 rows, 300663 cols, 800348 nonzeros
136976 rows, 158417 cols, 513042 nonzeros
131735 rows, 152987 cols, 502125 nonzeros
Presolve : Reductions: rows 131735(-1534472); columns 152987(-980791); elements 502125(-4252871)
Solving the presolved LP
IPX model has 131735 rows, 152987 columns and 502125 nonzeros
Input
    Number of variables:                                152987
    Number of free variables:                           0
    Number of constraints:                              131735
    Number of equality constraints:                     11013
    Number of matrix entries:                           502125
    Matrix range:                                       [1e-02, 1e+00]
    RHS range:                                          [2e+05, 6e+07]
    Objective range:                                    [3e-04, 9e+06]
    Bounds range:                                       [2e+05, 1e+08]
Preprocessing
    Dualized model:                                     no
    Number of dense columns:                            0
    Range of scaling factors:                           [1.00e+00, 2.00e+00]
IPX version 1.0
Interior Point Solve
 Iter     P.res    D.res            P.obj           D.obj        mu     Time
   0   8.70e+06 2.24e+05   4.16223127e+13 -1.21262050e+17  2.62e+12       0s
   1   2.73e+06 1.53e+05   3.25568831e+16 -8.55574218e+16  1.64e+12       0s
   2   1.53e+06 1.15e+05   4.64458074e+16 -6.81223243e+16  1.45e+12       0s
   3   4.34e+05 4.65e+04   3.90942520e+16 -2.90593043e+16  6.14e+11       1s
   4   1.38e+05 1.46e+04   2.65517116e+16 -9.68600391e+15  2.24e+11       1s
   5   5.41e+04 4.42e+03   1.66454994e+16 -3.27152856e+15  9.25e+10       2s
   6   2.37e+04 1.45e+03   8.60017868e+15 -1.14176466e+15  3.92e+10       3s
 Constructing starting basis...
   7   1.08e+04 4.41e+02   4.84231351e+15 -4.35496457e+14  2.04e+10       5s
   8   4.23e+03 1.54e+02   1.96017038e+15 -1.81159421e+14  8.07e+09       5s
   9   8.23e+02 5.61e+01   6.02441599e+14 -9.37890309e+13  2.61e+09       6s
  10   4.16e+02 4.13e+01   4.72055205e+14 -7.01015232e+13  2.04e+09       7s
  11   1.67e+02 3.10e+01   2.44287849e+14 -5.14616005e+13  1.14e+09       8s
  12   7.27e+01 2.21e+01   1.43476715e+14 -3.55523727e+13  7.00e+08       8s
  13   3.71e+01 1.51e+01   1.07846720e+14 -2.52248554e+13  5.21e+08       9s
  14   1.16e+01 9.22e+00   5.02433077e+13 -1.53915378e+13  2.63e+08      10s
  15   4.17e+00 4.36e+00   2.31822978e+13 -7.31469983e+12  1.23e+08      10s
  16   1.49e+00 6.78e-01   1.10079152e+13 -1.22995140e+12  4.56e+07      11s
  17   8.16e-01 9.92e-02   6.69531998e+12 -2.30078128e+11  2.49e+07      12s
  18   5.58e-01 3.07e-02   4.71050544e+12 -8.21095037e+10  1.71e+07      12s
  19   2.85e-01 7.25e-03   2.65402541e+12 -3.23695390e+10  9.54e+06      13s
  20   1.86e-01 3.73e-03   1.94948909e+12 -2.63626670e+10  7.02e+06      13s
  21   8.18e-02 7.97e-04   1.22989122e+12 -2.24380185e+10  4.44e+06      14s
  22   2.68e-02 4.33e-04   6.02799506e+11 -1.54194701e+10  2.19e+06      15s
  23   4.62e-03 1.50e-04   2.73192149e+11 -7.62045008e+09  9.95e+05      15s
  24   1.55e-03 4.66e-05   1.45956811e+11 -1.63710226e+09  5.22e+05      16s
  25   8.51e-04 1.08e-05   8.81827231e+10  2.25099168e+09  3.04e+05      16s
  26   2.82e-04 2.17e-06   4.63711518e+10  3.00317200e+09  1.53e+05      17s
  27   7.41e-05 7.18e-07   1.88417590e+10  3.55080299e+09  5.41e+04      17s
  28   1.32e-05 2.74e-07   8.18967860e+09  3.79931756e+09  1.55e+04      18s
  29   3.76e-06 8.75e-08   5.55972500e+09  3.94690880e+09  5.70e+03      18s
  30   9.83e-07 3.54e-08   4.57288316e+09  3.99800200e+09  2.03e+03      19s
  31   3.87e-07 1.49e-08   4.28942808e+09  4.02046163e+09  9.51e+02      20s
  32   1.19e-07 7.45e-09   4.15312635e+09  4.02953805e+09  4.37e+02      20s
  33   6.71e-08 3.73e-09   4.09968112e+09  4.03537635e+09  2.27e+02      21s
  34   7.45e-08 3.73e-09   4.05987087e+09  4.03750897e+09  7.91e+01      21s
  35   3.80e-08 2.79e-09   4.04569254e+09  4.03850658e+09  2.54e+01      22s
  36   6.71e-08 1.86e-09   4.04079601e+09  4.03884167e+09  6.91e+00      22s
  37   5.59e-08 1.86e-09   4.03925094e+09  4.03898956e+09  9.24e-01      23s
  38   4.10e-08 1.86e-09   4.03908527e+09  4.03906571e+09  6.92e-02      23s
  39   7.45e-08 1.86e-09   4.03907236e+09  4.03907048e+09  6.67e-03      24s
  40   1.27e-07 3.73e-09   4.03907154e+09  4.03907139e+09  5.20e-04      24s
  41   1.38e-07 1.86e-09   4.03907147e+09  4.03907145e+09  5.61e-05      25s
  42*  3.65e-07 9.31e-10   4.03907146e+09  4.03907146e+09  3.60e-06      25s
Summary
    Runtime:                                            24.85s
    Status interior point solve:                        optimal
    Status crossover:                                   not run
    objective value:                                    4.03907146e+09
    interior solution primal residual (abs/rel):        3.13e-07 / 2.14e-15
    interior solution dual residual (abs/rel):          9.31e-10 / 1.01e-16
    interior solution objective gap (abs/rel):          8.72e-01 / 2.16e-10
Ipx: IPM       optimal
Model   status      : Optimal
IPM       iterations: 42
Objective value     :  4.0595967278e+09
HiGHS run time      :         26.33
Presolving model
172332 rows, 437154 cols, 1071472 nonzeros
137035 rows, 300663 cols, 800348 nonzeros
136976 rows, 158417 cols, 513042 nonzeros
131735 rows, 152987 cols, 502125 nonzeros
Presolve : Reductions: rows 131735(-1539482); columns 152987(-980791); elements 502125(-4257881)
Solving the presolved LP
IPX model has 131735 rows, 152987 columns and 502125 nonzeros
Input
    Number of variables:                                152987
    Number of free variables:                           0
    Number of constraints:                              131735
    Number of equality constraints:                     11013
    Number of matrix entries:                           502125
    Matrix range:                                       [1e-02, 1e+00]
    RHS range:                                          [2e+05, 6e+07]
    Objective range:                                    [3e-04, 9e+06]
    Bounds range:                                       [2e+05, 1e+08]
Preprocessing
    Dualized model:                                     no
    Number of dense columns:                            0
    Range of scaling factors:                           [1.00e+00, 2.00e+00]
IPX version 1.0
Interior Point Solve
 Iter     P.res    D.res            P.obj           D.obj        mu     Time
   0   8.70e+06 2.24e+05   4.36124129e+13 -1.21180720e+17  2.62e+12       0s
   1   2.73e+06 1.53e+05   3.25807349e+16 -8.54985573e+16  1.64e+12       0s
   2   1.53e+06 1.15e+05   4.64534758e+16 -6.81145366e+16  1.45e+12       0s
   3   4.34e+05 4.65e+04   3.90936077e+16 -2.90141941e+16  6.14e+11       1s
   4   1.33e+05 1.46e+04   2.63491870e+16 -9.66034824e+15  2.22e+11       1s
   5   4.92e+04 4.68e+03   1.69176217e+16 -3.54298742e+15  9.58e+10       2s
   6   1.99e+04 1.46e+03   8.21572594e+15 -1.15977018e+15  3.76e+10       3s
 Constructing starting basis...
   7   1.05e+04 4.71e+02   5.14888613e+15 -4.63822744e+14  2.17e+10       5s
   8   4.07e+03 1.87e+02   2.07586243e+15 -2.12240118e+14  8.66e+09       6s
   9   4.83e+02 8.69e+01   6.79232263e+14 -1.27737310e+14  3.06e+09       6s
  10   1.84e+02 5.53e+01   4.25415993e+14 -8.48282490e+13  1.95e+09       7s
  11   1.59e+02 5.22e+01   3.87257310e+14 -8.02220952e+13  1.79e+09       8s
  12   4.56e+01 3.91e+01   1.85732966e+14 -5.83599399e+13  9.72e+08       9s
  13   2.06e+01 2.64e+01   1.35247330e+14 -3.91299000e+13  6.96e+08      10s
  14   1.08e+01 1.87e+01   1.00519445e+14 -2.81371399e+13  5.15e+08      10s
  15   5.11e+00 1.30e+01   6.77120911e+13 -1.99465953e+13  3.54e+08      11s
  16   1.75e+00 7.44e+00   3.31441786e+13 -1.15693332e+13  1.84e+08      11s
  17   7.15e-01 1.41e+00   2.09295221e+13 -2.65613262e+12  8.84e+07      12s
  18   5.24e-01 5.02e-01   1.66746500e+13 -1.09271346e+12  6.47e+07      13s
  19   2.25e-01 1.21e-01   7.71433310e+12 -2.88947382e+11  2.88e+07      13s
  20   7.99e-02 2.93e-02   3.03992533e+12 -7.94884218e+10  1.11e+07      14s
  21   2.38e-02 1.01e-02   1.24475840e+12 -3.66227620e+10  4.58e+06      15s
  22   1.14e-02 5.84e-03   1.07761213e+12 -3.39277182e+10  3.98e+06      15s
  23   3.30e-03 4.07e-03   7.45798866e+11 -2.92359679e+10  2.78e+06      16s
  24   1.19e-03 8.75e-04   3.34585525e+11 -6.14065725e+09  1.21e+06      16s
  25   6.79e-04 5.26e-04   2.35500672e+11 -3.68978164e+09  8.49e+05      17s
  26   2.87e-04 2.43e-04   1.74515523e+11 -2.16264062e+09  6.26e+05      17s
  27   1.32e-04 2.91e-05   8.98908430e+10  2.55817957e+09  3.09e+05      18s
  28   3.28e-05 1.04e-05   2.98145549e+10  3.19984783e+09  9.41e+04      18s
  29   9.30e-06 2.95e-06   1.36916150e+10  3.53605188e+09  3.59e+04      19s
  30   4.38e-06 9.77e-07   8.58348349e+09  3.71716991e+09  1.72e+04      19s
  31   8.94e-07 3.16e-07   5.13834206e+09  3.77567765e+09  4.82e+03      20s
  32   3.28e-07 1.16e-07   4.35476139e+09  3.80468402e+09  1.95e+03      21s
  33   1.49e-07 4.38e-08   4.09373632e+09  3.81599247e+09  9.82e+02      21s
  34   8.94e-08 2.33e-08   3.95557930e+09  3.82073716e+09  4.77e+02      22s
  35   5.96e-08 7.45e-09   3.86727525e+09  3.82414847e+09  1.53e+02      22s
  36   4.47e-08 4.66e-09   3.83742162e+09  3.82558757e+09  4.19e+01      23s
  37   3.76e-08 2.79e-09   3.82941292e+09  3.82624683e+09  1.12e+01      23s
  38   5.22e-08 2.79e-09   3.82732048e+09  3.82652727e+09  2.81e+00      24s
  39   1.19e-07 1.86e-09   3.82668573e+09  3.82658967e+09  3.40e-01      24s
  40   7.45e-08 1.86e-09   3.82660675e+09  3.82659295e+09  4.88e-02      24s
  41   1.12e-07 3.73e-09   3.82659443e+09  3.82659373e+09  2.48e-03      25s
  42   1.12e-07 3.73e-09   3.82659396e+09  3.82659382e+09  4.92e-04      25s
  43   8.05e-07 1.86e-09   3.82659383e+09  3.82659383e+09  2.36e-05      25s
  44*  9.76e-07 9.31e-10   3.82659383e+09  3.82659383e+09  2.76e-06      26s
Summary
    Runtime:                                            25.81s
    Status interior point solve:                        optimal
    Status crossover:                                   not run
    objective value:                                    3.82659383e+09
    interior solution primal residual (abs/rel):        9.46e-07 / 6.48e-15
    interior solution dual residual (abs/rel):          9.31e-10 / 1.01e-16
    interior solution objective gap (abs/rel):          6.42e-01 / 1.68e-10
Ipx: IPM       optimal
Model   status      : Optimal
IPM       iterations: 44
Objective value     :  3.8471190985e+09
HiGHS run time      :         27.28
Presolving model
172332 rows, 437154 cols, 1071472 nonzeros
137035 rows, 300663 cols, 800348 nonzeros
136976 rows, 158417 cols, 513042 nonzeros
131735 rows, 152987 cols, 502125 nonzeros
Presolve : Reductions: rows 131735(-1544492); columns 152987(-980791); elements 502125(-4262891)
Solving the presolved LP
IPX model has 131735 rows, 152987 columns and 502125 nonzeros
Input
    Number of variables:                                152987
    Number of free variables:                           0
    Number of constraints:                              131735
    Number of equality constraints:                     11013
    Number of matrix entries:                           502125
    Matrix range:                                       [1e-02, 1e+00]
    RHS range:                                          [2e+05, 6e+07]
    Objective range:                                    [3e-04, 9e+06]
    Bounds range:                                       [2e+05, 1e+08]
Preprocessing
    Dualized model:                                     no
    Number of dense columns:                            0
    Range of scaling factors:                           [1.00e+00, 2.00e+00]
IPX version 1.0
Interior Point Solve
 Iter     P.res    D.res            P.obj           D.obj        mu     Time
   0   8.70e+06 2.24e+05   4.42566759e+13 -1.21162027e+17  2.62e+12       0s
   1   2.73e+06 1.53e+05   3.25892273e+16 -8.54849486e+16  1.64e+12       0s
   2   1.53e+06 1.15e+05   4.64588313e+16 -6.81131477e+16  1.45e+12       0s
   3   4.34e+05 4.65e+04   3.90956685e+16 -2.90025002e+16  6.13e+11       1s
   4   1.39e+05 1.46e+04   2.66532266e+16 -9.69703703e+15  2.25e+11       1s
   5   4.87e+04 4.68e+03   1.67063078e+16 -3.53512658e+15  9.48e+10       2s
   6   1.99e+04 1.45e+03   8.21555247e+15 -1.15314788e+15  3.76e+10       3s
 Constructing starting basis...
   7   1.03e+04 4.64e+02   5.11270008e+15 -4.60064689e+14  2.15e+10       5s
   8   3.97e+03 1.84e+02   2.03601673e+15 -2.09859853e+14  8.49e+09       6s
   9   6.67e+02 7.74e+01   6.56729672e+14 -1.16915316e+14  2.92e+09       6s
  10   2.65e+02 4.71e+01   4.37417401e+14 -7.34953837e+13  1.93e+09       7s
  11   2.12e+02 4.37e+01   3.73292587e+14 -6.82470008e+13  1.68e+09       8s
  12   8.67e+01 2.90e+01   2.03945925e+14 -4.33763247e+13  9.55e+08       9s
  13   4.95e+01 1.76e+01   1.46643164e+14 -2.63540803e+13  6.64e+08      10s
  14   3.42e+01 1.55e+01   1.17379395e+14 -2.34726287e+13  5.46e+08      10s
  15   1.68e+01 1.05e+01   7.25952570e+13 -1.61877360e+13  3.48e+08      11s
  16   8.09e+00 4.67e+00   4.30675524e+13 -7.53668375e+12  1.94e+08      12s
  17   3.17e+00 1.41e+00   2.36973571e+13 -2.65957037e+12  9.82e+07      12s
  18   2.31e+00 5.10e-01   2.02869792e+13 -1.27613779e+12  7.83e+07      13s
  19   1.19e+00 1.05e-01   1.25423202e+13 -3.99509689e+11  4.63e+07      14s
  20   5.37e-01 2.39e-02   6.31280997e+12 -1.23899090e+11  2.29e+07      14s
  21   1.86e-01 1.00e-02   2.28955210e+12 -5.27175120e+10  8.33e+06      15s
  22   5.34e-02 6.06e-03   1.14323608e+12 -4.03834247e+10  4.23e+06      15s
  23   2.93e-02 1.87e-03   8.36980104e+11 -2.16316823e+10  3.05e+06      16s
  24   1.14e-02 3.57e-04   3.61931580e+11 -2.86510514e+09  1.29e+06      16s
  25   3.11e-03 5.66e-05   1.47681989e+11  6.22594770e+08  5.20e+05      17s
  26   9.57e-04 1.15e-05   6.19027059e+10  2.46321127e+09  2.10e+05      17s
  27   2.52e-04 4.11e-06   2.47264994e+10  3.07271238e+09  7.66e+04      18s
  28   5.24e-05 1.50e-06   9.05457366e+09  3.44845748e+09  1.98e+04      18s
  29   3.11e-05 4.40e-07   7.29847809e+09  3.61541858e+09  1.30e+04      19s
  30   9.92e-06 1.73e-07   4.91132054e+09  3.68206982e+09  4.35e+03      20s
  31   4.23e-06 7.26e-08   4.29190543e+09  3.70738407e+09  2.07e+03      20s
  32   1.13e-06 2.42e-08   3.97451080e+09  3.71915107e+09  9.03e+02      21s
  33   3.87e-07 1.12e-08   3.83161473e+09  3.72448801e+09  3.79e+02      21s
  34   1.04e-07 5.59e-09   3.76125633e+09  3.72778551e+09  1.18e+02      22s
  35   8.20e-08 3.73e-09   3.74071531e+09  3.72939192e+09  4.00e+01      22s
  36   3.58e-08 2.79e-09   3.73255808e+09  3.73001863e+09  8.98e+00      23s
  37   3.39e-08 1.86e-09   3.73098215e+09  3.73029205e+09  2.44e+00      23s
  38   9.69e-08 1.86e-09   3.73044688e+09  3.73040057e+09  1.64e-01      24s
  39   9.69e-08 3.73e-09   3.73041570e+09  3.73041392e+09  6.28e-03      24s
  40   6.71e-08 1.86e-09   3.73041419e+09  3.73041408e+09  4.02e-04      24s
  41   3.13e-07 9.31e-10   3.73041411e+09  3.73041409e+09  3.89e-05      25s
  42*  1.34e-07 9.31e-10   3.73041410e+09  3.73041410e+09  3.64e-06      25s
Summary
    Runtime:                                            25.07s
    Status interior point solve:                        optimal
    Status crossover:                                   not run
    objective value:                                    3.73041410e+09
    interior solution primal residual (abs/rel):        1.83e-07 / 1.25e-15
    interior solution dual residual (abs/rel):          9.31e-10 / 1.01e-16
    interior solution objective gap (abs/rel):          8.97e-01 / 2.40e-10
Ipx: IPM       optimal
Model   status      : Optimal
IPM       iterations: 42
Objective value     :  3.7509393669e+09
HiGHS run time      :         26.55
Presolving model
172332 rows, 437154 cols, 1071472 nonzeros
137035 rows, 300663 cols, 800348 nonzeros
136976 rows, 158417 cols, 513042 nonzeros
131735 rows, 152987 cols, 502125 nonzeros
Presolve : Reductions: rows 131735(-1549502); columns 152987(-980791); elements 502125(-4267901)
Solving the presolved LP
IPX model has 131735 rows, 152987 columns and 502125 nonzeros
Input
    Number of variables:                                152987
    Number of free variables:                           0
    Number of constraints:                              131735
    Number of equality constraints:                     11013
    Number of matrix entries:                           502125
    Matrix range:                                       [1e-02, 1e+00]
    RHS range:                                          [2e+05, 6e+07]
    Objective range:                                    [3e-04, 9e+06]
    Bounds range:                                       [2e+05, 1e+08]
Preprocessing
    Dualized model:                                     no
    Number of dense columns:                            0
    Range of scaling factors:                           [1.00e+00, 2.00e+00]
IPX version 1.0
Interior Point Solve
 Iter     P.res    D.res            P.obj           D.obj        mu     Time
   0   8.70e+06 2.24e+05   4.42566759e+13 -1.21162027e+17  2.62e+12       0s
   1   2.73e+06 1.53e+05   3.25892273e+16 -8.54849486e+16  1.64e+12       0s
   2   1.53e+06 1.15e+05   4.64588313e+16 -6.81131477e+16  1.45e+12       0s
   3   4.34e+05 4.65e+04   3.90956685e+16 -2.90025002e+16  6.13e+11       1s
   4   1.39e+05 1.46e+04   2.66532266e+16 -9.69703703e+15  2.25e+11       1s
   5   4.87e+04 4.68e+03   1.67063078e+16 -3.53512658e+15  9.48e+10       2s
   6   1.99e+04 1.45e+03   8.21555247e+15 -1.15314788e+15  3.76e+10       3s
 Constructing starting basis...
   7   1.03e+04 4.64e+02   5.11270008e+15 -4.60064689e+14  2.15e+10       5s
   8   3.97e+03 1.84e+02   2.03601673e+15 -2.09859853e+14  8.49e+09       6s
   9   6.67e+02 7.74e+01   6.56729672e+14 -1.16915316e+14  2.92e+09       6s
  10   2.65e+02 4.71e+01   4.37417401e+14 -7.34953837e+13  1.93e+09       7s
  11   2.12e+02 4.37e+01   3.73292587e+14 -6.82470008e+13  1.68e+09       8s
  12   8.67e+01 2.90e+01   2.03945925e+14 -4.33763247e+13  9.55e+08       9s
  13   4.95e+01 1.76e+01   1.46643164e+14 -2.63540803e+13  6.64e+08      10s
  14   3.42e+01 1.55e+01   1.17379395e+14 -2.34726287e+13  5.46e+08      10s
  15   1.68e+01 1.05e+01   7.25952570e+13 -1.61877360e+13  3.48e+08      11s
  16   8.09e+00 4.67e+00   4.30675524e+13 -7.53668375e+12  1.94e+08      12s
  17   3.17e+00 1.41e+00   2.36973571e+13 -2.65957037e+12  9.82e+07      12s
  18   2.31e+00 5.10e-01   2.02869792e+13 -1.27613779e+12  7.83e+07      13s
  19   1.19e+00 1.05e-01   1.25423202e+13 -3.99509689e+11  4.63e+07      14s
  20   5.37e-01 2.39e-02   6.31280997e+12 -1.23899090e+11  2.29e+07      14s
  21   1.86e-01 1.00e-02   2.28955210e+12 -5.27175120e+10  8.33e+06      15s
  22   5.34e-02 6.06e-03   1.14323608e+12 -4.03834247e+10  4.23e+06      15s
  23   2.93e-02 1.87e-03   8.36980104e+11 -2.16316823e+10  3.05e+06      16s
  24   1.14e-02 3.57e-04   3.61931580e+11 -2.86510514e+09  1.29e+06      16s
  25   3.11e-03 5.66e-05   1.47681989e+11  6.22594770e+08  5.20e+05      17s
  26   9.57e-04 1.15e-05   6.19027059e+10  2.46321127e+09  2.10e+05      17s
  27   2.52e-04 4.11e-06   2.47264994e+10  3.07271238e+09  7.66e+04      18s
  28   5.24e-05 1.50e-06   9.05457366e+09  3.44845748e+09  1.98e+04      18s
  29   3.11e-05 4.40e-07   7.29847809e+09  3.61541858e+09  1.30e+04      19s
  30   9.92e-06 1.73e-07   4.91132054e+09  3.68206982e+09  4.35e+03      20s
  31   4.23e-06 7.26e-08   4.29190543e+09  3.70738407e+09  2.07e+03      20s
  32   1.13e-06 2.42e-08   3.97451080e+09  3.71915107e+09  9.03e+02      21s
  33   3.87e-07 1.12e-08   3.83161473e+09  3.72448801e+09  3.79e+02      21s
  34   1.04e-07 5.59e-09   3.76125633e+09  3.72778551e+09  1.18e+02      22s
  35   8.20e-08 3.73e-09   3.74071531e+09  3.72939192e+09  4.00e+01      22s
  36   3.58e-08 2.79e-09   3.73255808e+09  3.73001863e+09  8.98e+00      23s
  37   3.39e-08 1.86e-09   3.73098215e+09  3.73029205e+09  2.44e+00      23s
  38   9.69e-08 1.86e-09   3.73044688e+09  3.73040057e+09  1.64e-01      24s
  39   9.69e-08 3.73e-09   3.73041570e+09  3.73041392e+09  6.28e-03      24s
  40   6.71e-08 1.86e-09   3.73041419e+09  3.73041408e+09  4.02e-04      24s
  41   3.13e-07 9.31e-10   3.73041411e+09  3.73041409e+09  3.89e-05      25s
  42*  1.34e-07 9.31e-10   3.73041410e+09  3.73041410e+09  3.64e-06      25s
Summary
    Runtime:                                            25.02s
    Status interior point solve:                        optimal
    Status crossover:                                   not run
    objective value:                                    3.73041410e+09
    interior solution primal residual (abs/rel):        1.83e-07 / 1.25e-15
    interior solution dual residual (abs/rel):          9.31e-10 / 1.01e-16
    interior solution objective gap (abs/rel):          8.97e-01 / 2.40e-10
Ipx: IPM       optimal
Model   status      : Optimal
IPM       iterations: 42
Objective value     :  3.7509393669e+09
HiGHS run time      :         26.49
Running HiGHS 1.6.0: Copyright (c) 2023 HiGHS under MIT licence terms
Presolving model
51652 rows, 163089 cols, 371315 nonzeros
40380 rows, 107953 cols, 263009 nonzeros
40302 rows, 53880 cols, 152961 nonzeros
37957 rows, 49741 cols, 144633 nonzeros
Presolve : Reductions: rows 37957(-790503); columns 49741(-517514); elements 144633(-2169630)
Solving the presolved LP
IPX model has 37957 rows, 49741 columns and 144633 nonzeros
Input
    Number of variables:                                49741
    Number of free variables:                           0
    Number of constraints:                              37957
    Number of equality constraints:                     5763
    Number of matrix entries:                           144633
    Matrix range:                                       [1e-02, 1e+00]
    RHS range:                                          [2e+05, 1e+08]
    Objective range:                                    [2e-04, 1e+06]
    Bounds range:                                       [1e+05, 1e+08]
Preprocessing
    Dualized model:                                     no
    Number of dense columns:                            0
    Range of scaling factors:                           [1.00e+00, 2.00e+00]
IPX version 1.0
Interior Point Solve
 Iter     P.res    D.res            P.obj           D.obj        mu     Time
   0   1.26e+07 1.36e+05   4.69872952e+13 -2.42886711e+16  2.12e+12       0s
   1   3.06e+06 9.00e+04   7.89930585e+15 -1.69521122e+16  1.24e+12       0s
   2   1.34e+06 4.25e+04   1.05553223e+16 -9.95820130e+15  7.83e+11       0s
   3   3.18e+05 1.45e+04   8.05257479e+15 -3.95180940e+15  2.96e+11       0s
   4   1.19e+05 2.70e+03   4.99481442e+15 -8.24937090e+14  9.02e+10       0s
   5   5.77e+04 8.50e+02   2.82786505e+15 -3.17439420e+14  4.17e+10       0s
 Constructing starting basis...
   6   1.86e+04 2.95e+02   1.20435979e+15 -1.45366575e+14  1.76e+10       1s
   7   6.91e+03 1.97e+02   6.41856624e+14 -9.75139033e+13  9.72e+09       1s
   8   2.65e+03 1.14e+02   4.01944801e+14 -4.16048301e+13  5.81e+09       1s
   9   1.17e+03 7.60e+01   2.48497845e+14 -1.56995425e+13  3.51e+09       1s
  10   7.49e+02 5.69e+01   1.89665949e+14 -4.94238535e+12  2.60e+09       2s
  11   6.80e+02 2.69e+01   1.84744975e+14  1.00665813e+13  2.21e+09       2s
  12   2.58e+02 1.34e+01   1.47919704e+14  1.85977156e+13  1.62e+09       2s
  13   9.78e+01 7.22e+00   9.68259699e+13  2.67996289e+13  8.88e+08       2s
  14   8.82e+01 5.40e+00   9.55841440e+13  2.83576797e+13  8.42e+08       2s
  15   2.15e+01 4.89e-01   7.47305724e+13  3.46892992e+13  4.75e+08       2s
  16   9.14e+00 1.04e-01   5.55392813e+13  3.79430840e+13  2.07e+08       2s
  17   3.38e+00 2.79e-02   4.54814791e+13  3.86724485e+13  8.01e+07       3s
  18   1.18e+00 7.84e-03   4.15415245e+13  3.88657929e+13  3.15e+07       3s
  19   1.96e-01 1.54e-03   3.94603298e+13  3.89550742e+13  5.93e+06       3s
  20   1.31e-01 1.04e-03   3.93837210e+13  3.89573637e+13  5.01e+06       3s
  21   7.57e-02 4.88e-04   3.93141866e+13  3.89606089e+13  4.15e+06       3s
  22   2.34e-02 1.79e-04   3.91005023e+13  3.89742090e+13  1.48e+06       3s
  23   8.92e-03 5.30e-05   3.90584034e+13  3.89781565e+13  9.38e+05       3s
  24   2.89e-03 2.23e-05   3.90112734e+13  3.89813547e+13  3.50e+05       3s
  25   7.82e-04 3.06e-06   3.89938717e+13  3.89834506e+13  1.22e+05       4s
  26   1.62e-04 1.07e-06   3.89862457e+13  3.89838610e+13  2.78e+04       4s
  27   4.77e-05 4.12e-07   3.89848151e+13  3.89840029e+13  9.48e+03       4s
  28   1.93e-05 2.05e-07   3.89844597e+13  3.89840480e+13  4.81e+03       4s
  29   8.34e-06 1.06e-07   3.89842936e+13  3.89840718e+13  2.59e+03       4s
  30   4.17e-06 4.69e-08   3.89842140e+13  3.89840877e+13  1.48e+03       4s
  31   1.55e-06 3.17e-08   3.89841751e+13  3.89840912e+13  9.80e+02       4s
  32   7.75e-07 1.77e-08   3.89841458e+13  3.89840960e+13  5.82e+02       4s
  33   2.09e-07 1.19e-08   3.89841253e+13  3.89840979e+13  3.20e+02       5s
  34   8.94e-08 6.52e-09   3.89841136e+13  3.89841003e+13  1.55e+02       5s
  35   5.96e-08 1.63e-09   3.89841084e+13  3.89841025e+13  6.98e+01       5s
  36   5.03e-08 3.49e-10   3.89841061e+13  3.89841031e+13  3.50e+01       5s
  37   2.98e-08 2.33e-10   3.89841051e+13  3.89841031e+13  2.32e+01       5s
  38   4.53e-08 2.33e-10   3.89841036e+13  3.89841033e+13  3.81e+00       5s
  39*  6.33e-08 2.33e-10   3.89841033e+13  3.89841033e+13  3.98e-01       5s
Summary
    Runtime:                                            5.04s
    Status interior point solve:                        optimal
    Status crossover:                                   not run
    objective value:                                    3.89841033e+13
    interior solution primal residual (abs/rel):        2.09e-07 / 1.43e-15
    interior solution dual residual (abs/rel):          2.33e-10 / 1.78e-16
    interior solution objective gap (abs/rel):          3.40e+04 / 8.73e-10
Ipx: IPM       optimal
Model   status      : Optimal
IPM       iterations: 39
Objective value     :  3.9253785165e+13
HiGHS run time      :          5.73
Presolving model
51652 rows, 163089 cols, 371315 nonzeros
40380 rows, 107953 cols, 263009 nonzeros
40302 rows, 53880 cols, 152961 nonzeros
37957 rows, 49741 cols, 144633 nonzeros
Presolve : Reductions: rows 37957(-793008); columns 49741(-517514); elements 144633(-2172135)
Solving the presolved LP
IPX model has 37957 rows, 49741 columns and 144633 nonzeros
Input
    Number of variables:                                49741
    Number of free variables:                           0
    Number of constraints:                              37957
    Number of equality constraints:                     5763
    Number of matrix entries:                           144633
    Matrix range:                                       [1e-02, 1e+00]
    RHS range:                                          [2e+05, 1e+08]
    Objective range:                                    [2e-04, 1e+06]
    Bounds range:                                       [1e+05, 1e+08]
Preprocessing
    Dualized model:                                     no
    Number of dense columns:                            0
    Range of scaling factors:                           [1.00e+00, 2.00e+00]
IPX version 1.0
Interior Point Solve
 Iter     P.res    D.res            P.obj           D.obj        mu     Time
   0   1.26e+07 1.36e+05   7.53875729e+12 -2.46065602e+16  2.11e+12       0s
   1   3.03e+06 8.94e+04   7.21332725e+15 -1.71664557e+16  1.23e+12       0s
   2   1.34e+06 4.27e+04   9.76276352e+15 -1.01530262e+16  7.86e+11       0s
   3   3.13e+05 1.39e+04   7.54772019e+15 -3.89592822e+15  2.87e+11       0s
   4   1.18e+05 2.57e+03   4.68258308e+15 -8.49100473e+14  8.69e+10       0s
   5   5.69e+04 8.38e+02   2.65279201e+15 -3.58098942e+14  4.05e+10       0s
 Constructing starting basis...
   6   1.39e+04 2.86e+02   9.27444347e+14 -1.76417723e+14  1.47e+10       1s
   7   5.83e+03 1.86e+02   5.78518181e+14 -1.24221388e+14  9.39e+09       1s
   8   1.49e+03 1.13e+02   2.49379868e+14 -7.46229819e+13  4.48e+09       1s
   9   4.29e+02 5.37e+01   1.15037460e+14 -3.72606768e+13  2.12e+09       1s
  10   6.54e+01 1.35e+01   3.09805877e+13 -1.02427975e+13  5.68e+08       2s
  11   1.72e+01 3.07e+00   1.04436913e+13 -2.42543573e+12  1.70e+08       2s
  12   6.52e+00 6.29e-01   4.78257815e+12 -5.55388988e+11  6.63e+07       2s
  13   5.14e+00 5.05e-01   3.83473491e+12 -4.51794735e+11  5.32e+07       2s
  14   2.08e+00 3.40e-01   1.61288437e+12 -3.05390590e+11  2.43e+07       2s
  15   3.43e-01 2.34e-01   1.12139987e+12 -2.34850557e+11  1.77e+07       2s
  16   9.43e-02 5.76e-02   3.98086465e+11 -6.04528882e+10  5.81e+06       2s
  17   6.44e-02 3.50e-02   3.06003281e+11 -3.83580209e+10  4.30e+06       2s
  18   3.38e-02 2.30e-02   2.56390402e+11 -2.89341357e+10  3.56e+06       2s
  19   1.63e-02 1.03e-02   1.77882910e+11 -1.47412074e+10  2.35e+06       3s
  20   9.69e-03 4.62e-03   1.16396785e+11 -5.24811530e+09  1.46e+06       3s
  21   4.38e-03 1.17e-03   5.88951080e+10  1.18803507e+09  6.82e+05       3s
  22   1.58e-03 4.80e-04   3.63238063e+10  1.68534361e+09  4.08e+05       3s
  23   5.27e-04 9.63e-05   1.59616833e+10  3.06743849e+09  1.51e+05       3s
  24   1.00e-04 4.39e-05   6.83910254e+09  3.34854466e+09  4.08e+04       3s
  25   2.29e-05 1.21e-05   4.82831102e+09  3.54197900e+09  1.50e+04       3s
  26   6.50e-06 4.39e-06   4.03503964e+09  3.61856380e+09  4.86e+03       4s
  27   2.80e-06 2.08e-06   3.85917296e+09  3.64168929e+09  2.54e+03       4s
  28   6.56e-07 7.15e-07   3.73101017e+09  3.65714908e+09  8.63e+02       4s
  29   1.79e-07 2.35e-07   3.69305964e+09  3.66345458e+09  3.46e+02       4s
  30   5.96e-08 3.14e-08   3.67873337e+09  3.66673376e+09  1.40e+02       4s
  31   5.96e-08 9.55e-09   3.67419728e+09  3.66740626e+09  7.93e+01       4s
  32   4.47e-08 1.63e-09   3.67049997e+09  3.66767216e+09  3.30e+01       4s
  33   4.88e-08 4.66e-10   3.66871939e+09  3.66770848e+09  1.18e+01       4s
  34   6.15e-08 2.33e-10   3.66782746e+09  3.66773090e+09  1.13e+00       4s
  35   3.03e-08 2.33e-10   3.66775831e+09  3.66773591e+09  2.62e-01       4s
  36   6.71e-08 2.33e-10   3.66774342e+09  3.66773641e+09  8.19e-02       4s
  37   4.04e-08 4.66e-10   3.66773753e+09  3.66773660e+09  1.09e-02       5s
  38   5.26e-08 2.33e-10   3.66773698e+09  3.66773666e+09  3.67e-03       5s
  39   8.38e-08 2.33e-10   3.66773684e+09  3.66773667e+09  2.00e-03       5s
  40   4.10e-08 2.33e-10   3.66773675e+09  3.66773667e+09  8.91e-04       5s
  41   7.45e-08 2.33e-10   3.66773668e+09  3.66773667e+09  9.80e-05       5s
  42*  2.09e-07 2.33e-10   3.66773667e+09  3.66773667e+09  1.26e-05       5s
Summary
    Runtime:                                            4.81s
    Status interior point solve:                        optimal
    Status crossover:                                   not run
    objective value:                                    3.66773667e+09
    interior solution primal residual (abs/rel):        3.28e-07 / 2.25e-15
    interior solution dual residual (abs/rel):          2.80e-10 / 2.14e-16
    interior solution objective gap (abs/rel):          1.06e+00 / 2.88e-10
Ipx: IPM       optimal
Model   status      : Optimal
IPM       iterations: 42
Objective value     :  3.6763282219e+09
HiGHS run time      :          5.48
Presolving model
51652 rows, 163089 cols, 371315 nonzeros
40380 rows, 107953 cols, 263009 nonzeros
40302 rows, 53880 cols, 152961 nonzeros
37957 rows, 49741 cols, 144633 nonzeros
Presolve : Reductions: rows 37957(-795513); columns 49741(-517514); elements 144633(-2174640)
Solving the presolved LP
IPX model has 37957 rows, 49741 columns and 144633 nonzeros
Input
    Number of variables:                                49741
    Number of free variables:                           0
    Number of constraints:                              37957
    Number of equality constraints:                     5763
    Number of matrix entries:                           144633
    Matrix range:                                       [1e-02, 1e+00]
    RHS range:                                          [2e+05, 1e+08]
    Objective range:                                    [2e-04, 1e+06]
    Bounds range:                                       [1e+05, 1e+08]
Preprocessing
    Dualized model:                                     no
    Number of dense columns:                            0
    Range of scaling factors:                           [1.00e+00, 2.00e+00]
IPX version 1.0
Interior Point Solve
 Iter     P.res    D.res            P.obj           D.obj        mu     Time
   0   1.26e+07 1.36e+05   9.91833385e+12 -2.46085596e+16  2.11e+12       0s
   1   3.03e+06 8.96e+04   7.31299609e+15 -1.71678963e+16  1.23e+12       0s
   2   1.34e+06 4.27e+04   9.88855393e+15 -1.01478310e+16  7.87e+11       0s
   3   3.15e+05 1.44e+04   7.65277029e+15 -4.01136721e+15  2.95e+11       0s
   4   1.22e+05 2.74e+03   4.82337695e+15 -8.81240036e+14  9.04e+10       0s
   5   5.85e+04 8.55e+02   2.70605957e+15 -3.55625125e+14  4.12e+10       0s
 Constructing starting basis...
   6   1.39e+04 2.90e+02   9.48353582e+14 -1.75099622e+14  1.49e+10       1s
   7   5.77e+03 1.90e+02   5.87599083e+14 -1.23605187e+14  9.49e+09       1s
   8   1.89e+03 1.23e+02   2.91071626e+14 -7.80831832e+13  5.06e+09       1s
   9   9.18e+02 8.22e+01   1.93380691e+14 -5.29570937e+13  3.40e+09       1s
  10   2.08e+02 3.94e+01   6.34570417e+13 -2.53127246e+13  1.28e+09       2s
  11   7.30e+01 6.08e+00   3.08285396e+13 -4.78595783e+12  4.56e+08       2s
  12   3.74e+01 1.69e+00   1.79742370e+13 -1.58454621e+12  2.40e+08       2s
  13   1.17e+01 4.14e-01   6.72063832e+12 -4.64137360e+11  8.69e+07       2s
  14   1.01e+01 2.30e-01   5.87994913e+12 -2.76293412e+11  7.36e+07       2s
  15   4.85e+00 8.82e-02   3.09726200e+12 -1.27950385e+11  3.84e+07       2s
  16   2.83e+00 4.53e-02   1.89537128e+12 -7.13906152e+10  2.34e+07       2s
  17   1.67e+00 1.85e-02   1.25721316e+12 -4.19834889e+10  1.54e+07       2s
  18   9.61e-01 1.01e-02   9.63665484e+11 -4.00077199e+10  1.19e+07       2s
  19   2.96e-01 2.45e-03   3.43474622e+11 -1.06773736e+10  4.18e+06       3s
  20   6.79e-02 3.33e-04   1.32883027e+11 -2.72089397e+09  1.59e+06       3s
  21   2.18e-02 8.21e-05   5.48613783e+10  8.10174748e+08  6.32e+05       3s
  22   1.01e-02 1.64e-05   2.96219517e+10  2.04509752e+09  3.22e+05       3s
  23   2.38e-03 4.42e-06   1.01992474e+10  2.57364321e+09  8.91e+04       3s
  24   7.26e-04 2.34e-06   5.73575612e+09  2.71170920e+09  3.53e+04       3s
  25   2.22e-04 9.10e-07   3.89716181e+09  2.83483788e+09  1.24e+04       3s
  26   7.66e-05 3.47e-07   3.30577407e+09  2.88961766e+09  4.86e+03       3s
  27   2.73e-05 1.74e-07   3.09914127e+09  2.90681176e+09  2.25e+03       4s
  28   7.48e-06 5.33e-08   3.00066511e+09  2.92020414e+09  9.40e+02       4s
  29   2.80e-06 1.56e-08   2.96052514e+09  2.92608374e+09  4.02e+02       4s
  30   6.26e-07 3.03e-09   2.93856963e+09  2.92840223e+09  1.19e+02       4s
  31   2.09e-07 9.31e-10   2.93250170e+09  2.92895415e+09  4.14e+01       4s
  32   4.06e-08 5.82e-10   2.93015153e+09  2.92903621e+09  1.30e+01       4s
  33   4.30e-08 2.33e-10   2.92931579e+09  2.92918436e+09  1.53e+00       4s
  34   5.32e-08 2.33e-10   2.92922703e+09  2.92920347e+09  2.75e-01       4s
  35   4.20e-08 2.33e-10   2.92921542e+09  2.92920708e+09  9.73e-02       4s
  36   4.47e-08 2.33e-10   2.92921290e+09  2.92920799e+09  5.73e-02       4s
  37   5.34e-08 2.33e-10   2.92921284e+09  2.92920805e+09  5.59e-02       4s
  38   3.05e-08 2.33e-10   2.92920990e+09  2.92920870e+09  1.41e-02       4s
  39   5.20e-08 2.33e-10   2.92920895e+09  2.92920884e+09  1.30e-03       5s
  40   2.34e-07 2.33e-10   2.92920893e+09  2.92920890e+09  3.08e-04       5s
  41*  5.13e-08 2.33e-10   2.92920893e+09  2.92920892e+09  2.15e-05       5s
Summary
    Runtime:                                            4.74s
    Status interior point solve:                        optimal
    Status crossover:                                   not run
    objective value:                                    2.92920893e+09
    interior solution primal residual (abs/rel):        2.53e-07 / 1.74e-15
    interior solution dual residual (abs/rel):          2.33e-10 / 1.78e-16
    interior solution objective gap (abs/rel):          1.69e+00 / 5.78e-10
Ipx: IPM       optimal
Model   status      : Optimal
IPM       iterations: 41
Objective value     :  2.9378004737e+09
HiGHS run time      :          5.42
Presolving model
51652 rows, 163089 cols, 371315 nonzeros
40380 rows, 107953 cols, 263009 nonzeros
40302 rows, 53880 cols, 152961 nonzeros
37957 rows, 49741 cols, 144633 nonzeros
Presolve : Reductions: rows 37957(-798018); columns 49741(-517514); elements 144633(-2177145)
Solving the presolved LP
IPX model has 37957 rows, 49741 columns and 144633 nonzeros
Input
    Number of variables:                                49741
    Number of free variables:                           0
    Number of constraints:                              37957
    Number of equality constraints:                     5763
    Number of matrix entries:                           144633
    Matrix range:                                       [1e-02, 1e+00]
    RHS range:                                          [2e+05, 1e+08]
    Objective range:                                    [2e-04, 1e+06]
    Bounds range:                                       [1e+05, 1e+08]
Preprocessing
    Dualized model:                                     no
    Number of dense columns:                            0
    Range of scaling factors:                           [1.00e+00, 2.00e+00]
IPX version 1.0
Interior Point Solve
 Iter     P.res    D.res            P.obj           D.obj        mu     Time
   0   1.26e+07 1.36e+05   9.91941655e+12 -2.46084423e+16  2.11e+12       0s
   1   3.03e+06 8.96e+04   7.31344224e+15 -1.71675175e+16  1.23e+12       0s
   2   1.34e+06 4.27e+04   9.88909617e+15 -1.01475961e+16  7.87e+11       0s
   3   3.15e+05 1.44e+04   7.65317461e+15 -4.01107694e+15  2.95e+11       0s
   4   1.22e+05 2.74e+03   4.82340550e+15 -8.81124486e+14  9.04e+10       0s
   5   5.85e+04 8.55e+02   2.70629080e+15 -3.55681278e+14  4.12e+10       0s
 Constructing starting basis...
   6   1.42e+04 2.90e+02   9.51974489e+14 -1.74412587e+14  1.50e+10       1s
   7   5.92e+03 1.89e+02   5.87090130e+14 -1.22396633e+14  9.46e+09       1s
   8   2.16e+03 9.84e+01   3.08608239e+14 -6.09454799e+13  4.92e+09       1s
   9   1.19e+03 7.96e+01   2.18430172e+14 -5.09407944e+13  3.67e+09       1s
  10   4.02e+02 3.65e+01   1.73843644e+14 -3.32189770e+13  2.73e+09       2s
  11   1.24e+02 1.01e+01   6.03247126e+13 -9.36938199e+12  8.98e+08       2s
  12   3.35e+01 1.09e+00   2.25433272e+13 -1.61063899e+12  2.92e+08       2s
  13   1.28e+01 2.71e-01   9.31073423e+12 -4.43800215e+11  1.16e+08       2s
  14   7.87e+00 7.42e-02   6.04727747e+12 -1.70623203e+11  7.34e+07       2s
  15   2.84e+00 3.56e-02   2.33415748e+12 -8.94789840e+10  2.87e+07       2s
  16   1.75e+00 1.05e-02   1.52983357e+12 -3.58526751e+10  1.84e+07       2s
  17   9.29e-01 6.13e-03   1.13373252e+12 -4.00417770e+10  1.39e+07       2s
  18   2.33e-01 1.55e-03   6.10994726e+11 -3.07054342e+10  7.58e+06       2s
  19   3.87e-02 1.34e-04   1.74072402e+11 -5.03611920e+09  2.10e+06       2s
  20   7.99e-03 4.90e-05   3.95660626e+10  1.66993368e+07  4.62e+05       3s
  21   3.41e-03 4.92e-06   2.15019840e+10  2.06165404e+09  2.27e+05       3s
  22   8.88e-04 1.94e-06   9.31302001e+09  2.43836271e+09  8.03e+04       3s
  23   2.71e-04 1.05e-06   5.29695923e+09  2.62127021e+09  3.12e+04       3s
  24   6.51e-05 5.54e-07   3.61690073e+09  2.73414292e+09  1.03e+04       3s
  25   1.53e-05 1.50e-07   3.19575708e+09  2.83069177e+09  4.26e+03       3s
  26   5.72e-06 7.45e-08   3.01468335e+09  2.85516059e+09  1.86e+03       3s
  27   2.71e-06 2.93e-08   2.95602505e+09  2.86980996e+09  1.01e+03       3s
  28   1.01e-06 6.29e-09   2.91705741e+09  2.87807439e+09  4.55e+02       4s
  29   2.09e-07 3.03e-09   2.89227255e+09  2.87956160e+09  1.48e+02       4s
  30   8.94e-08 1.28e-09   2.88516408e+09  2.88066139e+09  5.26e+01       4s
  31   6.57e-08 6.98e-10   2.88237173e+09  2.88108810e+09  1.50e+01       4s
  32   6.50e-08 4.66e-10   2.88181151e+09  2.88137207e+09  5.13e+00       4s
  33   5.22e-08 2.33e-10   2.88147244e+09  2.88140254e+09  8.16e-01       4s
  34   4.66e-08 2.33e-10   2.88141698e+09  2.88140882e+09  9.53e-02       4s
  35   6.71e-08 2.33e-10   2.88140996e+09  2.88140969e+09  3.26e-03       4s
  36   4.76e-08 2.33e-10   2.88140979e+09  2.88140976e+09  3.85e-04       4s
  37   1.48e-07 2.33e-10   2.88140977e+09  2.88140977e+09  7.42e-05       4s
  38   5.96e-08 1.16e-10   2.88140977e+09  2.88140977e+09  4.21e-05       4s
  39   8.45e-08 1.16e-10   2.88140977e+09  2.88140977e+09  5.22e-05       4s
  40*  1.19e-07 1.16e-10   2.88140977e+09  2.88140977e+09  1.18e-05       5s
Summary
    Runtime:                                            4.58s
    Status interior point solve:                        optimal
    Status crossover:                                   not run
    objective value:                                    2.88140977e+09
    interior solution primal residual (abs/rel):        5.96e-08 / 4.08e-16
    interior solution dual residual (abs/rel):          1.95e-10 / 1.49e-16
    interior solution objective gap (abs/rel):          7.73e-01 / 2.68e-10
Ipx: IPM       optimal
Model   status      : Optimal
IPM       iterations: 40
Objective value     :  2.8900013210e+09
HiGHS run time      :          5.24
Presolving model
51652 rows, 163089 cols, 371315 nonzeros
40380 rows, 107953 cols, 263009 nonzeros
40302 rows, 53880 cols, 152961 nonzeros
37957 rows, 49741 cols, 144633 nonzeros
Presolve : Reductions: rows 37957(-800523); columns 49741(-517514); elements 144633(-2179650)
Solving the presolved LP
IPX model has 37957 rows, 49741 columns and 144633 nonzeros
Input
    Number of variables:                                49741
    Number of free variables:                           0
    Number of constraints:                              37957
    Number of equality constraints:                     5763
    Number of matrix entries:                           144633
    Matrix range:                                       [1e-02, 1e+00]
    RHS range:                                          [2e+05, 1e+08]
    Objective range:                                    [2e-04, 1e+06]
    Bounds range:                                       [1e+05, 1e+08]
Preprocessing
    Dualized model:                                     no
    Number of dense columns:                            0
    Range of scaling factors:                           [1.00e+00, 2.00e+00]
IPX version 1.0
Interior Point Solve
 Iter     P.res    D.res            P.obj           D.obj        mu     Time
   0   1.26e+07 1.36e+05   9.91941654e+12 -2.46084423e+16  2.11e+12       0s
   1   3.03e+06 8.96e+04   7.31344224e+15 -1.71675175e+16  1.23e+12       0s
   2   1.34e+06 4.27e+04   9.88909617e+15 -1.01475961e+16  7.87e+11       0s
   3   3.15e+05 1.44e+04   7.65317461e+15 -4.01107694e+15  2.95e+11       0s
   4   1.22e+05 2.74e+03   4.82344336e+15 -8.81174149e+14  9.04e+10       0s
   5   5.85e+04 8.55e+02   2.70626012e+15 -3.55680664e+14  4.12e+10       0s
 Constructing starting basis...
   6   1.42e+04 2.90e+02   9.52783757e+14 -1.74291934e+14  1.50e+10       1s
   7   5.94e+03 1.90e+02   5.87060896e+14 -1.22819708e+14  9.47e+09       1s
   8   2.04e+03 9.84e+01   3.00385347e+14 -6.09659511e+13  4.82e+09       1s
   9   1.11e+03 7.96e+01   2.12436166e+14 -5.09267372e+13  3.60e+09       1s
  10   3.80e+02 3.60e+01   1.69561763e+14 -3.27150212e+13  2.66e+09       2s
  11   1.19e+02 1.01e+01   5.96635415e+13 -9.38256666e+12  8.90e+08       2s
  12   2.05e+01 1.07e+00   2.04299788e+13 -1.89781043e+12  2.71e+08       2s
  13   8.98e+00 2.63e-01   9.59821925e+12 -5.03446841e+11  1.20e+08       2s
  14   4.44e+00 6.70e-02   5.02949933e+12 -1.60175906e+11  6.13e+07       2s
  15   1.21e+00 2.78e-02   1.86185631e+12 -9.45097673e+10  2.33e+07       2s
  16   7.01e-01 7.13e-03   1.11910722e+12 -2.65725394e+10  1.35e+07       2s
  17   4.33e-01 3.75e-03   8.45611017e+11 -2.59807153e+10  1.03e+07       2s
  18   8.14e-02 1.28e-03   1.96298398e+11 -8.72808312e+09  2.42e+06       2s
  19   1.10e-02 2.63e-04   3.94821967e+10  4.22108975e+07  4.63e+05       2s
  20   5.00e-03 6.23e-05   2.18125864e+10  1.78715416e+09  2.34e+05       3s
  21   1.48e-03 2.51e-05   1.00917602e+10  2.31439542e+09  9.09e+04       3s
  22   3.89e-04 1.18e-05   5.32912159e+09  2.58670023e+09  3.20e+04       3s
  23   1.13e-04 5.51e-06   3.74952319e+09  2.73325799e+09  1.19e+04       3s
  24   6.82e-05 2.26e-06   3.43014419e+09  2.81763273e+09  7.15e+03       3s
  25   1.98e-05 1.09e-06   3.12164195e+09  2.84539119e+09  3.23e+03       3s
  26   9.00e-06 3.72e-07   3.00778579e+09  2.86732764e+09  1.64e+03       3s
  27   2.56e-06 1.36e-07   2.95054729e+09  2.87364913e+09  8.98e+02       3s
  28   8.05e-07 3.69e-08   2.90520624e+09  2.87914135e+09  3.04e+02       4s
  29   1.79e-07 7.92e-09   2.88779421e+09  2.88090015e+09  8.05e+01       4s
  30   7.71e-08 2.56e-09   2.88257503e+09  2.88130844e+09  1.48e+01       4s
  31   1.07e-07 4.66e-10   2.88174142e+09  2.88153145e+09  2.45e+00       4s
  32   1.18e-07 2.33e-10   2.88157566e+09  2.88155890e+09  1.96e-01       4s
  33   5.95e-08 2.33e-10   2.88156408e+09  2.88156126e+09  3.29e-02       4s
  34   8.63e-08 2.33e-10   2.88156290e+09  2.88156157e+09  1.56e-02       4s
  35   8.83e-08 2.33e-10   2.88156186e+09  2.88156165e+09  2.44e-03       4s
  36   6.33e-08 2.33e-10   2.88156171e+09  2.88156170e+09  1.96e-04       4s
  37   8.22e-08 1.16e-10   2.88156171e+09  2.88156171e+09  3.75e-05       4s
  38*  2.36e-07 1.16e-10   2.88156171e+09  2.88156171e+09  5.83e-06       4s
Summary
    Runtime:                                            4.35s
    Status interior point solve:                        optimal
    Status crossover:                                   not run
    objective value:                                    2.88156171e+09
    interior solution primal residual (abs/rel):        3.73e-07 / 2.55e-15
    interior solution dual residual (abs/rel):          2.33e-10 / 1.78e-16
    interior solution objective gap (abs/rel):          4.67e-01 / 1.62e-10
Ipx: IPM       optimal
Model   status      : Optimal
IPM       iterations: 38
Objective value     :  2.8901532543e+09
HiGHS run time      :          5.02
[ Info: Rolling step not specified in scenaio.yaml file; Setting it to 10 years
[ Info: Demand-pathway mapping not specified in scenaio.yaml file; SERA will not look for eligible pathways for different demand types.
[ Info: Production capacity constraints from the grid model not defined. SERA will not create these constraints
[ Info: Regional technology limits not specified in scenaio.yaml file; SERA will not create these constraints
STARTING DATA PRE-PROCESSING 
Processing Temporal Data
Processing Nodes
Processing Demand
Processing Existings
Processing Links
Processing Pathways
Creating Infrastructure options
  4.873760 seconds (32.96 M allocations: 3.904 GiB, 25.98% gc time, 1.64% compilation time)

OPTIMIZING FROM 2026 TO 2035 

STARTING OPTIMIZATION MODEL CREATION
CREATING VARIABLES AND EXPRESSIONS
 12.805840 seconds (94.17 M allocations: 5.872 GiB, 30.32% gc time, 38.31% compilation time)
POPULATING EXPRESSIONS
 15.204747 seconds (71.15 M allocations: 11.005 GiB, 5.17% gc time, 1.20% compilation time)
CREATING CONSTRAINTS
  6.237767 seconds (51.37 M allocations: 2.651 GiB, 13.44% gc time, 12.58% compilation time)
POPULATED CORE OPTIMIZATION MODEL, STARTING ITERATIONS
READING COST DATA FOR ITERATION 1
 12.073006 seconds (44.14 M allocations: 4.191 GiB, 13.57% gc time, 2.89% compilation time)
CREATING EXPRESSIONS FOR CAPITAL AND FIXED COST
  7.079845 seconds (45.29 M allocations: 2.860 GiB, 42.49% gc time, 45.29% compilation time)
BUILDING OBJECTIVE FUNCTION
  2.502477 seconds (17.15 M allocations: 608.919 MiB, 40.27% compilation time)
Optimizing for iteration 1
 39.517982 seconds (17.30 M allocations: 1.602 GiB, 1.49% gc time, 0.06% compilation time)
OPTIMAL
2.866771050460178e9
 =  1.0
READING COST DATA FOR ITERATION 2
 40.049176 seconds (36.21 M allocations: 4.024 GiB, 11.05% gc time, 0.08% compilation time)
CREATING EXPRESSIONS FOR CAPITAL AND FIXED COST
 19.548848 seconds (43.69 M allocations: 2.757 GiB, 85.47% gc time, 0.02% compilation time)
BUILDING OBJECTIVE FUNCTION
  4.117189 seconds (15.85 M allocations: 524.258 MiB, 61.53% gc time)
Optimizing for iteration 2
 25.475667 seconds (5 allocations: 32 bytes)
OPTIMAL
4.758966738169774e9
 =  0.3976064116046797
READING COST DATA FOR ITERATION 3
 45.497159 seconds (36.08 M allocations: 4.023 GiB, 20.98% gc time)
CREATING EXPRESSIONS FOR CAPITAL AND FIXED COST
 23.267373 seconds (43.69 M allocations: 2.757 GiB, 86.92% gc time)
BUILDING OBJECTIVE FUNCTION
  4.276166 seconds (15.85 M allocations: 524.258 MiB, 61.61% gc time)
Optimizing for iteration 3
 26.346108 seconds (2 allocations: 32 bytes)
OPTIMAL
4.059596727785905e9
 =  0.17227573507418362
READING COST DATA FOR ITERATION 4
 51.882060 seconds (36.07 M allocations: 3.994 GiB, 31.74% gc time)
CREATING EXPRESSIONS FOR CAPITAL AND FIXED COST
 17.800782 seconds (43.69 M allocations: 2.757 GiB, 83.18% gc time)
BUILDING OBJECTIVE FUNCTION
  4.253783 seconds (15.85 M allocations: 524.258 MiB, 62.13% gc time)
Optimizing for iteration 4
 27.292221 seconds (2 allocations: 32 bytes)
OPTIMAL
3.8471190985213284e9
 =  0.05523032269685236
READING COST DATA FOR ITERATION 5
 51.722459 seconds (36.06 M allocations: 3.995 GiB, 32.17% gc time)
CREATING EXPRESSIONS FOR CAPITAL AND FIXED COST
 17.957211 seconds (43.69 M allocations: 2.757 GiB, 83.28% gc time)
BUILDING OBJECTIVE FUNCTION
  4.205253 seconds (15.85 M allocations: 524.258 MiB, 62.95% gc time)
Optimizing for iteration 5
 26.560943 seconds (2 allocations: 32 bytes)
OPTIMAL
3.750939366936529e9
 =  0.025641505280681022
READING COST DATA FOR ITERATION 6
 51.876499 seconds (36.06 M allocations: 3.993 GiB, 32.46% gc time)
CREATING EXPRESSIONS FOR CAPITAL AND FIXED COST
 18.081149 seconds (43.69 M allocations: 2.757 GiB, 83.32% gc time)
BUILDING OBJECTIVE FUNCTION
  4.308681 seconds (15.85 M allocations: 524.258 MiB, 62.56% gc time)
Optimizing for iteration 6
 26.507199 seconds (2 allocations: 32 bytes)
OPTIMAL
3.750939366936529e9
 =  0.0
ITERATIONS COMPLETED
WRITING RESULTS TO FILE
  6.371132 seconds (10.21 M allocations: 462.735 MiB, 77.45% gc time, 43.52% compilation time)

OPTIMIZING FROM 2036 TO 2040 

STARTING OPTIMIZATION MODEL CREATION
CREATING VARIABLES AND EXPRESSIONS
 26.907142 seconds (43.28 M allocations: 2.631 GiB, 90.63% gc time, 0.72% compilation time)
POPULATING EXPRESSIONS
  7.852115 seconds (19.75 M allocations: 3.035 GiB, 47.24% gc time)
CREATING CONSTRAINTS
  9.254869 seconds (24.96 M allocations: 1.277 GiB, 71.94% gc time, 0.06% compilation time)
POPULATED CORE OPTIMIZATION MODEL, STARTING ITERATIONS
READING COST DATA FOR ITERATION 1
 14.635218 seconds (18.02 M allocations: 2.053 GiB, 65.46% gc time)
CREATING EXPRESSIONS FOR CAPITAL AND FIXED COST
  3.704518 seconds (11.39 M allocations: 742.187 MiB, 79.36% gc time)
BUILDING OBJECTIVE FUNCTION
  6.879873 seconds (7.48 M allocations: 249.036 MiB, 90.07% gc time)
Optimizing for iteration 1
 14.795694 seconds (8.99 M allocations: 817.700 MiB, 46.16% gc time)
OPTIMAL
3.9253785165174805e13
 =  1.0
READING COST DATA FOR ITERATION 2
 23.307277 seconds (18.19 M allocations: 2.001 GiB, 54.77% gc time)
CREATING EXPRESSIONS FOR CAPITAL AND FIXED COST
  4.010441 seconds (11.39 M allocations: 742.187 MiB, 80.48% gc time)
BUILDING OBJECTIVE FUNCTION
  0.634200 seconds (7.48 M allocations: 257.284 MiB)
Optimizing for iteration 2
  5.486505 seconds (5 allocations: 11.975 MiB)
OPTIMAL
3.676328221884828e9
 =  10676.443034465898
READING COST DATA FOR ITERATION 3
 23.544458 seconds (18.14 M allocations: 2.002 GiB, 54.75% gc time)
CREATING EXPRESSIONS FOR CAPITAL AND FIXED COST
  4.075469 seconds (11.39 M allocations: 742.187 MiB, 79.95% gc time)
BUILDING OBJECTIVE FUNCTION
  0.641912 seconds (7.48 M allocations: 257.284 MiB)
Optimizing for iteration 3
  5.426572 seconds (2 allocations: 32 bytes)
OPTIMAL
2.9378004736883535e9
 =  0.25138798730916145
READING COST DATA FOR ITERATION 4
 23.791262 seconds (18.13 M allocations: 2.000 GiB, 55.53% gc time)
CREATING EXPRESSIONS FOR CAPITAL AND FIXED COST
  4.087303 seconds (11.39 M allocations: 742.187 MiB, 79.90% gc time)
BUILDING OBJECTIVE FUNCTION
  0.640973 seconds (7.48 M allocations: 257.284 MiB)
Optimizing for iteration 4
  5.245064 seconds (2 allocations: 32 bytes)
OPTIMAL
2.8900013210336385e9
 =  0.016539491628220642
READING COST DATA FOR ITERATION 5
 23.621574 seconds (18.13 M allocations: 2.024 GiB, 55.08% gc time)
CREATING EXPRESSIONS FOR CAPITAL AND FIXED COST
  4.108663 seconds (11.39 M allocations: 742.187 MiB, 80.14% gc time)
BUILDING OBJECTIVE FUNCTION
  0.644891 seconds (7.48 M allocations: 257.284 MiB)
Optimizing for iteration 5
  5.033153 seconds (2 allocations: 32 bytes)
OPTIMAL
2.8901532543229117e9
 =  5.256928471323416e-5
ITERATIONS COMPLETED
WRITING RESULTS TO FILE
  5.156587 seconds (8.64 M allocations: 424.085 MiB, 70.27% gc time, 15.88% compilation time)

THE OPTIMIZATION PROBLEM TOOK 14.58 MINUTES TO SOLVE. 
