Running HiGHS 1.6.0: Copyright (c) 2023 HiGHS under MIT licence terms
Presolving model
559303 rows, 1353546 cols, 3319742 nonzeros
424011 rows, 884008 cols, 2381008 nonzeros
418686 rows, 496734 cols, 1604456 nonzeros
412519 rows, 490109 cols, 1591169 nonzeros
Presolve : Reductions: rows 412519(-6407748); columns 490109(-4116329); elements 1591169(-21924112)
Solving the presolved LP
IPX model has 412519 rows, 490109 columns and 1591169 nonzeros
Input
    Number of variables:                                490109
    Number of free variables:                           0
    Number of constraints:                              412519
    Number of equality constraints:                     37148
    Number of matrix entries:                           1591169
    Matrix range:                                       [1e-02, 1e+00]
    RHS range:                                          [2e+05, 6e+07]
    Objective range:                                    [3e-04, 8e+01]
    Bounds range:                                       [7e+05, 9e+07]
Preprocessing
    Dualized model:                                     no
    Number of dense columns:                            0
    Range of scaling factors:                           [1.00e+00, 2.00e+00]
IPX version 1.0
Interior Point Solve
 Iter     P.res    D.res            P.obj           D.obj        mu     Time
   0   1.25e+07 5.06e+01   3.24588810e+09 -5.01611116e+13  6.86e+08       0s
   1   4.57e+06 4.14e+01   2.59331521e+12 -4.26422799e+13  6.07e+08       1s
   2   2.30e+06 3.50e+01   4.56412136e+12 -3.85729133e+13  6.73e+08       2s
   3   8.02e+05 1.10e+01   4.67232998e+12 -1.28924099e+13  2.17e+08       3s
   4   2.96e+05 5.95e+00   4.71759239e+12 -7.98413912e+12  1.30e+08       4s
   5   1.05e+05 1.32e+00   4.10218965e+12 -2.19395390e+12  3.32e+07       7s
 Constructing starting basis...
   6   1.03e+04 3.38e-01   2.16965896e+12 -5.67853420e+11  9.22e+06      17s
   7   7.26e+03 1.92e-01   2.03831467e+12 -4.24755386e+11  6.43e+06      24s
   8   3.64e+03 8.55e-02   1.55357462e+12 -2.42372043e+11  3.57e+06      29s
   9   1.45e+03 3.01e-02   8.57764695e+11 -9.49863123e+10  1.48e+06      34s
  10   3.15e+02 8.20e-03   3.11501311e+11 -2.95751300e+10  4.44e+05      39s
  11   7.56e+01 2.31e-03   1.66445829e+11 -1.24554025e+10  2.11e+05      43s
  12   4.36e+01 2.31e-09   1.30910929e+11 -3.25969362e+09  1.50e+05      47s
  13   1.47e+01 1.03e-09   6.49383495e+10 -1.20621273e+09  7.37e+04      50s
  14   4.12e+00 6.92e-10   4.61300536e+10 -4.07786835e+08  5.19e+04      54s
  15   1.97e+00 3.35e-10   2.83092975e+10  1.43947533e+09  2.99e+04      58s
  16   1.02e+00 2.00e-10   2.03045463e+10  2.16689233e+09  2.02e+04      63s
  17   7.71e-01 1.58e-10   1.75188008e+10  2.43525055e+09  1.68e+04      69s
  18   4.53e-01 1.06e-10   1.28111218e+10  2.84831774e+09  1.11e+04      75s
  19   3.05e-01 6.98e-11   1.04568638e+10  3.11538144e+09  8.18e+03      82s
  20   2.71e-01 5.43e-11   9.87767644e+09  3.21949169e+09  7.42e+03      90s
  21   2.54e-01 3.84e-11   9.57237333e+09  3.33151844e+09  6.96e+03      96s
  22   1.94e-01 2.75e-11   8.35836315e+09  3.42402090e+09  5.50e+03     102s
  23   1.51e-01 1.78e-11   7.63894305e+09  3.48834160e+09  4.63e+03     108s
  24   8.41e-02 1.06e-11   6.24466717e+09  3.55686816e+09  3.00e+03     114s
  25   6.01e-02 6.15e-12   5.65922216e+09  3.60918769e+09  2.28e+03     121s
  26   3.73e-02 3.58e-12   5.07042655e+09  3.64249585e+09  1.59e+03     128s
  27   3.11e-02 2.61e-12   4.88896179e+09  3.65763794e+09  1.37e+03     135s
  28   2.29e-02 1.72e-12   4.61382045e+09  3.67513922e+09  1.05e+03     140s
  29   1.99e-02 1.15e-12   4.52637824e+09  3.68416890e+09  9.39e+02     146s
  30   1.75e-02 1.05e-12   4.43760575e+09  3.68677739e+09  8.37e+02     151s
  31   1.17e-02 9.66e-13   4.22348378e+09  3.68892510e+09  5.96e+02     155s
  32   6.27e-03 2.70e-13   4.12679084e+09  3.69584414e+09  4.80e+02     160s
  33   2.88e-03 1.14e-13   4.00555638e+09  3.70175957e+09  3.39e+02     165s
  34   1.94e-03 9.95e-14   3.92697870e+09  3.70481355e+09  2.48e+02     170s
  35   1.88e-03 7.11e-14   3.92366900e+09  3.70668663e+09  2.42e+02     175s
  36   6.84e-04 2.84e-14   3.87195415e+09  3.70831187e+09  1.82e+02     179s
  37   2.73e-04 4.26e-14   3.79782267e+09  3.70981732e+09  9.81e+01     183s
  38   1.10e-04 4.26e-14   3.76672318e+09  3.71170016e+09  6.13e+01     188s
  39   7.11e-05 2.84e-14   3.75281688e+09  3.71290452e+09  4.45e+01     192s
  40   5.95e-05 2.84e-14   3.75013885e+09  3.71389082e+09  4.04e+01     197s
  41   5.11e-05 2.84e-14   3.74570449e+09  3.71421226e+09  3.51e+01     201s
  42   2.53e-05 2.84e-14   3.73224997e+09  3.71491759e+09  1.93e+01     205s
  43   1.43e-05 2.84e-14   3.72989821e+09  3.71512352e+09  1.65e+01     209s
  44   3.13e-06 2.84e-14   3.71938668e+09  3.71545367e+09  4.38e+00     214s
  45   5.66e-07 2.84e-14   3.71659831e+09  3.71587146e+09  8.10e-01     218s
  46   4.74e-08 2.84e-14   3.71593367e+09  3.71590504e+09  3.19e-02     222s
  47   4.47e-08 2.84e-14   3.71591973e+09  3.71591630e+09  3.82e-03     226s
  48   1.94e-07 2.84e-14   3.71591705e+09  3.71591684e+09  2.32e-04     230s
  49   2.24e-07 2.84e-14   3.71591688e+09  3.71591686e+09  2.16e-05     233s
  50*  1.34e-07 2.84e-14   3.71591686e+09  3.71591686e+09  1.98e-06     237s
Summary
    Runtime:                                            236.96s
    Status interior point solve:                        optimal
    Status crossover:                                   not run
    objective value:                                    3.71591686e+09
    interior solution primal residual (abs/rel):        1.34e-07 / 1.47e-15
    interior solution dual residual (abs/rel):          1.55e-10 / 1.95e-12
    interior solution objective gap (abs/rel):          1.78e+00 / 4.80e-10
Ipx: IPM       optimal
Model   status      : Optimal
IPM       iterations: 50
Objective value     :  3.7159168594e+09
HiGHS run time      :        244.04
Presolving model
559303 rows, 1353546 cols, 3319742 nonzeros
424011 rows, 884008 cols, 2381008 nonzeros
418686 rows, 496734 cols, 1604456 nonzeros
412519 rows, 490109 cols, 1591169 nonzeros
Presolve : Reductions: rows 412519(-6427788); columns 490109(-4116329); elements 1591169(-21944152)
Solving the presolved LP
IPX model has 412519 rows, 490109 columns and 1591169 nonzeros
Input
    Number of variables:                                490109
    Number of free variables:                           0
    Number of constraints:                              412519
    Number of equality constraints:                     37148
    Number of matrix entries:                           1591169
    Matrix range:                                       [1e-02, 1e+00]
    RHS range:                                          [2e+05, 6e+07]
    Objective range:                                    [3e-04, 9e+06]
    Bounds range:                                       [7e+05, 9e+07]
Preprocessing
    Dualized model:                                     no
    Number of dense columns:                            0
    Range of scaling factors:                           [1.00e+00, 2.00e+00]
IPX version 1.0
Interior Point Solve
 Iter     P.res    D.res            P.obj           D.obj        mu     Time
   0   1.24e+07 2.31e+06   1.24262508e+14 -2.28736220e+18  3.16e+13       0s
   1   4.63e+06 1.92e+06   3.73604107e+17 -1.96881457e+18  2.82e+13       1s
   2   2.27e+06 1.58e+06   6.29872994e+17 -1.75048751e+18  3.03e+13       2s
   3   7.87e+05 5.27e+05   6.07049044e+17 -6.25872236e+17  1.05e+13       3s
   4   2.97e+05 2.81e+05   5.57648408e+17 -3.81569341e+17  6.07e+12       4s
   5   1.14e+05 6.93e+04   4.45144867e+17 -1.18227440e+17  1.82e+12       8s
 Constructing starting basis...
   6   1.53e+04 2.39e+04   2.30274650e+17 -4.79851517e+16  6.62e+11      16s
   7   1.07e+04 9.79e+03   1.93937367e+17 -2.47374527e+16  3.78e+11      20s
   8   3.35e+03 3.00e+03   1.01310085e+17 -1.02046453e+16  1.54e+11      24s
   9   1.93e+03 1.36e+03   6.96592391e+16 -5.64877673e+15  9.50e+10      29s
  10   9.37e+02 4.05e+02   3.65768183e+16 -1.84158889e+15  4.51e+10      33s
  11   2.36e+02 1.43e+02   1.14934696e+16 -7.49142695e+14  1.42e+10      38s
  12   9.62e+01 4.26e+01   5.82308544e+15 -3.02551229e+14  7.00e+09      41s
  13   2.86e+01 1.95e+01   3.73150137e+15 -2.23794456e+14  4.54e+09      45s
  14   6.95e+00 1.00e+01   1.28721271e+15 -1.27584192e+14  1.66e+09      48s
  15   2.05e+00 5.51e+00   6.38462459e+14 -7.76860600e+13  8.48e+08      52s
  16   4.26e-01 2.61e+00   1.65050349e+14 -3.72386154e+13  2.49e+08      55s
  17   1.27e-01 9.32e-01   7.01166492e+13 -1.41000543e+13  1.02e+08      59s
  18   3.67e-02 2.80e-01   2.63053918e+13 -4.47282608e+12  3.68e+07      62s
  19   1.48e-02 1.31e-01   1.38296305e+13 -2.20547409e+12  1.90e+07      66s
  20   7.52e-03 4.54e-02   8.48051302e+12 -8.37381869e+11  1.08e+07      69s
  21   3.99e-03 1.94e-02   5.87147411e+12 -4.24478697e+11  7.18e+06      73s
  22   2.00e-03 9.60e-03   3.35249485e+12 -2.21765361e+11  4.05e+06      76s
  23   7.70e-04 7.35e-03   1.80050427e+12 -1.75949776e+11  2.25e+06      80s
  24   2.87e-04 3.16e-03   1.09715066e+12 -8.73405366e+10  1.34e+06      83s
  25   1.33e-04 1.78e-03   6.30488280e+11 -5.01829484e+10  7.65e+05      87s
  26   6.65e-05 8.85e-04   4.12134604e+11 -2.56523237e+10  4.90e+05      90s
  27   3.36e-05 5.05e-04   2.81444146e+11 -1.45927918e+10  3.31e+05      94s
  28   1.94e-05 4.14e-04   2.36306473e+11 -1.21038879e+10  2.78e+05      98s
  29   9.06e-06 2.35e-04   1.62558240e+11 -5.89987068e+09  1.88e+05     101s
  30   3.67e-06 1.12e-04   9.25253108e+10 -5.18210491e+08  1.04e+05     104s
  31   1.67e-06 5.34e-05   5.36156628e+10  2.54567947e+09  5.69e+04     108s
  32   8.64e-07 2.45e-05   3.68824755e+10  4.09319531e+09  3.66e+04     111s
  33   2.09e-07 8.82e-06   2.05625034e+10  5.03036936e+09  1.73e+04     114s
  34   7.45e-08 3.43e-06   1.09665607e+10  5.55300824e+09  6.03e+03     117s
  35   1.34e-07 1.10e-06   7.90194608e+09  5.80880369e+09  2.33e+03     121s
  36   1.04e-07 4.81e-07   6.68018517e+09  5.89075919e+09  8.80e+02     124s
  37   1.49e-07 2.40e-07   6.25239221e+09  5.92468860e+09  3.65e+02     127s
  38   5.96e-08 9.59e-08   6.09731429e+09  5.94576468e+09  1.69e+02     130s
  39   5.45e-08 3.73e-08   6.01609560e+09  5.95447153e+09  6.87e+01     133s
  40   8.49e-08 9.31e-09   5.97966579e+09  5.95909790e+09  2.29e+01     136s
  41   1.04e-07 3.73e-09   5.96584307e+09  5.95997183e+09  6.54e+00     138s
  42   1.64e-07 2.79e-09   5.96088560e+09  5.96026804e+09  6.88e-01     141s
  43   1.04e-07 2.79e-09   5.96033801e+09  5.96030634e+09  3.53e-02     144s
  44   1.49e-07 3.73e-09   5.96031254e+09  5.96030987e+09  2.97e-03     146s
  45   2.98e-07 2.79e-09   5.96031079e+09  5.96031060e+09  2.13e-04     149s
  46   2.38e-07 1.86e-09   5.96031069e+09  5.96031067e+09  1.86e-05     152s
  47*  4.10e-07 9.31e-10   5.96031068e+09  5.96031068e+09  5.30e-06     154s
Summary
    Runtime:                                            154.28s
    Status interior point solve:                        optimal
    Status crossover:                                   not run
    objective value:                                    5.96031068e+09
    interior solution primal residual (abs/rel):        4.47e-07 / 4.90e-15
    interior solution dual residual (abs/rel):          9.31e-10 / 1.01e-16
    interior solution objective gap (abs/rel):          3.69e+00 / 6.19e-10
Ipx: IPM       optimal
Model   status      : Optimal
IPM       iterations: 47
Objective value     :  5.9603106802e+09
HiGHS run time      :        161.25
Presolving model
559303 rows, 1353546 cols, 3319742 nonzeros
424011 rows, 884008 cols, 2381008 nonzeros
418686 rows, 496734 cols, 1604456 nonzeros
412519 rows, 490109 cols, 1591169 nonzeros
Presolve : Reductions: rows 412519(-6447828); columns 490109(-4116329); elements 1591169(-21964192)
Solving the presolved LP
IPX model has 412519 rows, 490109 columns and 1591169 nonzeros
Input
    Number of variables:                                490109
    Number of free variables:                           0
    Number of constraints:                              412519
    Number of equality constraints:                     37148
    Number of matrix entries:                           1591169
    Matrix range:                                       [1e-02, 1e+00]
    RHS range:                                          [2e+05, 6e+07]
    Objective range:                                    [3e-04, 9e+06]
    Bounds range:                                       [7e+05, 9e+07]
Preprocessing
    Dualized model:                                     no
    Number of dense columns:                            0
    Range of scaling factors:                           [1.00e+00, 2.00e+00]
IPX version 1.0
Interior Point Solve
 Iter     P.res    D.res            P.obj           D.obj        mu     Time
   0   1.24e+07 2.31e+06   1.28048149e+14 -2.28831318e+18  3.16e+13       0s
   1   4.63e+06 1.92e+06   3.75561355e+17 -1.96950200e+18  2.83e+13       1s
   2   2.26e+06 1.58e+06   6.32708442e+17 -1.75126069e+18  3.03e+13       2s
   3   7.91e+05 5.26e+05   6.10333450e+17 -6.24736232e+17  1.05e+13       2s
   4   2.99e+05 2.80e+05   5.61380401e+17 -3.81539464e+17  6.07e+12       4s
   5   1.18e+05 6.95e+04   4.50308371e+17 -1.18723555e+17  1.83e+12       8s
 Constructing starting basis...
   6   1.54e+04 2.39e+04   2.31766226e+17 -4.79990370e+16  6.62e+11      16s
   7   1.07e+04 9.87e+03   1.95385246e+17 -2.49024084e+16  3.80e+11      21s
   8   3.31e+03 3.01e+03   1.01621350e+17 -1.02201716e+16  1.54e+11      25s
   9   1.91e+03 1.36e+03   6.99010083e+16 -5.63808467e+15  9.50e+10      30s
  10   9.26e+02 4.81e+02   3.67204239e+16 -2.14077482e+15  4.60e+10      35s
  11   2.52e+02 1.69e+02   1.20824237e+16 -8.34246825e+14  1.50e+10      39s
  12   9.60e+01 9.36e+01   5.39971643e+15 -4.85682301e+14  6.87e+09      43s
  13   1.66e+01 5.15e+01   2.04142235e+15 -2.93880043e+14  2.80e+09      46s
  14   7.53e+00 3.31e+01   1.34476570e+15 -1.98550580e+14  1.86e+09      50s
  15   2.84e+00 2.05e+01   6.26603670e+14 -1.24286491e+14  9.25e+08      54s
  16   7.78e-01 1.17e+01   2.79888423e+14 -7.33046147e+13  4.46e+08      58s
  17   3.02e-01 5.49e+00   1.60006104e+14 -3.63884868e+13  2.45e+08      62s
  18   1.80e-01 2.57e+00   1.03742784e+14 -1.75189691e+13  1.47e+08      65s
  19   7.99e-02 1.18e+00   5.23467461e+13 -8.26724968e+12  7.31e+07      69s
  20   1.11e-02 3.66e-01   1.33430481e+13 -2.75777204e+12  1.97e+07      73s
  21   2.79e-03 1.14e-01   6.97358016e+12 -9.90379946e+11  9.43e+06      76s
  22   1.16e-03 1.98e-02   3.96392852e+12 -2.26888884e+11  4.76e+06      80s
  23   3.75e-04 9.29e-03   1.67863334e+12 -1.15967336e+11  2.03e+06      83s
  24   1.38e-04 4.60e-03   9.45868977e+11 -6.51765045e+10  1.14e+06      87s
  25   5.00e-05 1.92e-03   4.69425046e+11 -2.87817643e+10  5.60e+05      90s
  26   2.25e-05 6.88e-04   2.58055315e+11 -9.21610895e+09  2.99e+05      94s
  27   9.27e-06 4.05e-04   1.85694548e+11 -5.53424914e+09  2.14e+05      97s
  28   3.90e-06 2.98e-04   1.41395823e+11 -3.86242050e+09  1.62e+05     101s
  29   1.70e-06 1.31e-04   8.48943033e+10  2.04612026e+08  9.45e+04     104s
  30   4.17e-07 4.43e-05   3.36925395e+10  2.97583732e+09  3.42e+04     108s
  31   1.19e-07 1.49e-05   1.45606224e+10  4.17078888e+09  1.16e+04     111s
  32   1.04e-07 4.14e-06   8.88820246e+09  4.63812527e+09  4.74e+03     114s
  33   2.68e-07 1.37e-06   6.55150945e+09  4.78462366e+09  1.97e+03     118s
  34   2.83e-07 5.49e-07   5.60559469e+09  4.84504283e+09  8.48e+02     121s
  35   2.24e-07 2.80e-07   5.14669709e+09  4.86906601e+09  3.09e+02     125s
  36   1.04e-07 9.31e-08   4.98398253e+09  4.88609332e+09  1.09e+02     128s
  37   1.19e-07 3.07e-08   4.92152674e+09  4.89178998e+09  3.31e+01     131s
  38   7.45e-08 7.45e-09   4.90110473e+09  4.89484077e+09  6.98e+00     134s
  39   1.04e-07 3.73e-09   4.89596013e+09  4.89538543e+09  6.40e-01     136s
  40   1.04e-07 3.73e-09   4.89550184e+09  4.89545306e+09  5.44e-02     139s
  41   1.64e-07 3.73e-09   4.89547198e+09  4.89546414e+09  8.74e-03     142s
  42   3.28e-07 3.73e-09   4.89546556e+09  4.89546514e+09  4.67e-04     145s
  43   6.26e-07 1.86e-09   4.89546525e+09  4.89546521e+09  4.18e-05     147s
  44   9.09e-07 9.31e-10   4.89546522e+09  4.89546522e+09  6.96e-06     150s
  45*  2.38e-07 9.31e-10   4.89546522e+09  4.89546522e+09  8.22e-07     151s
Summary
    Runtime:                                            151.43s
    Status interior point solve:                        optimal
    Status crossover:                                   not run
    objective value:                                    4.89546522e+09
    interior solution primal residual (abs/rel):        1.86e-07 / 2.04e-15
    interior solution dual residual (abs/rel):          9.31e-10 / 1.01e-16
    interior solution objective gap (abs/rel):          4.78e-01 / 9.76e-11
Ipx: IPM       optimal
Model   status      : Optimal
IPM       iterations: 45
Objective value     :  4.8954652169e+09
HiGHS run time      :        158.48
Presolving model
559303 rows, 1353546 cols, 3319742 nonzeros
424011 rows, 884008 cols, 2381008 nonzeros
418686 rows, 496734 cols, 1604456 nonzeros
412519 rows, 490109 cols, 1591169 nonzeros
Presolve : Reductions: rows 412519(-6467868); columns 490109(-4116329); elements 1591169(-21984232)
Solving the presolved LP
IPX model has 412519 rows, 490109 columns and 1591169 nonzeros
Input
    Number of variables:                                490109
    Number of free variables:                           0
    Number of constraints:                              412519
    Number of equality constraints:                     37148
    Number of matrix entries:                           1591169
    Matrix range:                                       [1e-02, 1e+00]
    RHS range:                                          [2e+05, 6e+07]
    Objective range:                                    [3e-04, 9e+06]
    Bounds range:                                       [7e+05, 9e+07]
Preprocessing
    Dualized model:                                     no
    Number of dense columns:                            0
    Range of scaling factors:                           [1.00e+00, 2.00e+00]
IPX version 1.0
Interior Point Solve
 Iter     P.res    D.res            P.obj           D.obj        mu     Time
   0   1.24e+07 2.31e+06   1.28321435e+14 -2.28830423e+18  3.16e+13       0s
   1   4.63e+06 1.92e+06   3.75604163e+17 -1.96949753e+18  2.83e+13       1s
   2   2.26e+06 1.58e+06   6.32781635e+17 -1.75125979e+18  3.03e+13       2s
   3   7.90e+05 5.26e+05   6.10408840e+17 -6.24721198e+17  1.05e+13       3s
   4   2.99e+05 2.80e+05   5.61466123e+17 -3.81544518e+17  6.07e+12       4s
   5   1.18e+05 6.95e+04   4.50401157e+17 -1.18729677e+17  1.83e+12       8s
 Constructing starting basis...
   6   1.53e+04 2.39e+04   2.31800091e+17 -4.80113427e+16  6.62e+11      16s
   7   1.07e+04 9.87e+03   1.95392321e+17 -2.49002092e+16  3.80e+11      21s
   8   3.31e+03 3.01e+03   1.01610522e+17 -1.02216477e+16  1.54e+11      25s
   9   1.92e+03 1.36e+03   7.01407185e+16 -5.63222688e+15  9.53e+10      30s
  10   9.27e+02 4.78e+02   3.67551565e+16 -2.13033006e+15  4.60e+10      35s
  11   2.53e+02 1.59e+02   1.21000588e+16 -7.91398627e+14  1.50e+10      39s
  12   1.04e+02 8.50e+01   5.66625371e+15 -4.43681408e+14  7.09e+09      43s
  13   2.75e+01 3.31e+01   2.42193214e+15 -2.07027439e+14  3.05e+09      46s
  14   7.98e+00 2.03e+01   1.15961496e+15 -1.37584026e+14  1.54e+09      50s
  15   2.48e+00 1.32e+01   4.47325935e+14 -9.02131819e+13  6.59e+08      54s
  16   1.13e+00 8.21e+00   2.56169365e+14 -5.74473007e+13  3.88e+08      58s
  17   3.94e-01 4.32e+00   1.08502381e+14 -3.07335837e+13  1.76e+08      62s
  18   1.75e-01 9.62e-01   6.71417810e+13 -7.95661067e+12  8.84e+07      65s
  19   4.55e-02 3.62e-01   2.41590837e+13 -3.21791891e+12  3.23e+07      69s
  20   3.29e-02 1.65e-01   1.80637881e+13 -1.50294053e+12  2.26e+07      73s
  21   1.12e-02 8.57e-02   6.53909578e+12 -7.89805629e+11  8.54e+06      76s
  22   3.10e-03 1.11e-02   2.52359425e+12 -1.31735245e+11  3.00e+06      80s
  23   1.78e-03 2.14e-03   1.56033247e+12 -2.96251371e+10  1.78e+06      83s
  24   8.97e-04 8.44e-04   8.81559833e+11 -1.32369814e+10  9.99e+05      86s
  25   2.46e-04 2.59e-04   3.01122774e+11 -2.89176783e+09  3.39e+05      90s
  26   4.06e-05 1.22e-04   1.47031996e+11 -1.10379613e+09  1.65e+05      93s
  27   7.42e-06 5.20e-05   4.71326776e+10  1.84495997e+09  5.05e+04      96s
  28   1.95e-06 1.46e-05   2.01277856e+10  3.84064078e+09  1.82e+04      99s
  29   6.41e-07 5.05e-06   1.11672176e+10  4.45361907e+09  7.48e+03     103s
  30   1.49e-07 1.78e-06   7.14153932e+09  4.68561595e+09  2.74e+03     106s
  31   1.49e-07 7.86e-07   5.73489837e+09  4.77730819e+09  1.07e+03     110s
  32   1.04e-07 3.73e-07   5.21786901e+09  4.81830914e+09  4.45e+02     113s
  33   3.77e-08 1.40e-07   4.99454955e+09  4.84366649e+09  1.68e+02     116s
  34   1.94e-07 5.77e-08   4.91892635e+09  4.85269993e+09  7.38e+01     119s
  35   1.64e-07 1.30e-08   4.87424476e+09  4.85816208e+09  1.79e+01     122s
  36   1.04e-07 3.73e-09   4.86168524e+09  4.85937516e+09  2.57e+00     125s
  37   1.04e-07 2.79e-09   4.85979433e+09  4.85955014e+09  2.72e-01     128s
  38   1.34e-07 2.79e-09   4.85958630e+09  4.85956794e+09  2.05e-02     130s
  39   1.49e-07 2.79e-09   4.85957114e+09  4.85956969e+09  1.62e-03     133s
  40   3.13e-07 2.79e-09   4.85957001e+09  4.85956987e+09  1.57e-04     135s
  41   9.98e-07 1.86e-09   4.85956993e+09  4.85956992e+09  1.33e-05     138s
  42*  3.73e-07 9.31e-10   4.85956993e+09  4.85956993e+09  1.27e-06     141s
Summary
    Runtime:                                            140.62s
    Status interior point solve:                        optimal
    Status crossover:                                   not run
    objective value:                                    4.85956993e+09
    interior solution primal residual (abs/rel):        4.17e-07 / 4.57e-15
    interior solution dual residual (abs/rel):          9.31e-10 / 1.01e-16
    interior solution objective gap (abs/rel):          8.55e-01 / 1.76e-10
Ipx: IPM       optimal
Model   status      : Optimal
IPM       iterations: 42
Objective value     :  4.8595699271e+09
HiGHS run time      :        147.52
Presolving model
559303 rows, 1353546 cols, 3319742 nonzeros
424011 rows, 884008 cols, 2381008 nonzeros
418686 rows, 496734 cols, 1604456 nonzeros
412519 rows, 490109 cols, 1591169 nonzeros
Presolve : Reductions: rows 412519(-6487908); columns 490109(-4116329); elements 1591169(-22004272)
Solving the presolved LP
IPX model has 412519 rows, 490109 columns and 1591169 nonzeros
Input
    Number of variables:                                490109
    Number of free variables:                           0
    Number of constraints:                              412519
    Number of equality constraints:                     37148
    Number of matrix entries:                           1591169
    Matrix range:                                       [1e-02, 1e+00]
    RHS range:                                          [2e+05, 6e+07]
    Objective range:                                    [3e-04, 9e+06]
    Bounds range:                                       [7e+05, 9e+07]
Preprocessing
    Dualized model:                                     no
    Number of dense columns:                            0
    Range of scaling factors:                           [1.00e+00, 2.00e+00]
IPX version 1.0
Interior Point Solve
 Iter     P.res    D.res            P.obj           D.obj        mu     Time
   0   1.24e+07 2.31e+06   1.28350724e+14 -2.28830490e+18  3.16e+13       0s
   1   4.63e+06 1.92e+06   3.75610519e+17 -1.96949955e+18  2.83e+13       1s
   2   2.26e+06 1.58e+06   6.32792728e+17 -1.75125465e+18  3.03e+13       2s
   3   7.90e+05 5.26e+05   6.10420078e+17 -6.24721575e+17  1.05e+13       3s
   4   2.99e+05 2.80e+05   5.61480582e+17 -3.81548776e+17  6.07e+12       4s
   5   1.18e+05 6.95e+04   4.50413191e+17 -1.18733186e+17  1.83e+12       8s
 Constructing starting basis...
   6   1.53e+04 2.39e+04   2.31802499e+17 -4.80129634e+16  6.62e+11      16s
   7   1.07e+04 9.88e+03   1.95400492e+17 -2.49087324e+16  3.80e+11      21s
   8   3.30e+03 3.01e+03   1.01566871e+17 -1.02279298e+16  1.54e+11      26s
   9   1.91e+03 1.36e+03   6.99282822e+16 -5.61885559e+15  9.50e+10      31s
  10   9.36e+02 4.79e+02   3.70827625e+16 -2.13378974e+15  4.64e+10      35s
  11   2.55e+02 1.60e+02   1.21731323e+16 -7.94684228e+14  1.50e+10      40s
  12   1.05e+02 8.52e+01   5.71337341e+15 -4.44598406e+14  7.15e+09      43s
  13   2.82e+01 3.57e+01   2.44314276e+15 -2.18344049e+14  3.10e+09      47s
  14   8.15e+00 2.11e+01   1.20049008e+15 -1.40760911e+14  1.59e+09      50s
  15   2.61e+00 1.37e+01   4.69306815e+14 -9.19964939e+13  6.87e+08      54s
  16   1.19e+00 8.39e+00   2.66163310e+14 -5.78606423e+13  4.00e+08      58s
  17   4.20e-01 4.41e+00   1.13366353e+14 -3.09945008e+13  1.82e+08      61s
  18   2.60e-01 1.02e+00   8.57543865e+13 -8.48249046e+12  1.10e+08      65s
  19   9.10e-02 3.37e-01   3.39841870e+13 -2.96376882e+12  4.28e+07      69s
  20   2.42e-02 1.56e-01   9.88160771e+12 -1.39231476e+12  1.33e+07      72s
  21   5.95e-03 7.45e-02   4.04849149e+12 -7.06423015e+11  5.62e+06      76s
  22   1.42e-03 2.47e-02   1.63104617e+12 -2.53580738e+11  2.20e+06      79s
  23   5.44e-04 4.58e-03   7.76182182e+11 -5.05717923e+10  9.36e+05      83s
  24   2.78e-04 1.04e-03   5.04632503e+11 -1.43095859e+10  5.81e+05      86s
  25   1.43e-04 3.24e-04   2.91483987e+11 -2.81265157e+09  3.29e+05      90s
  26   3.82e-05 8.33e-05   1.33861376e+11  7.67682713e+08  1.48e+05      93s
  27   4.49e-06 2.09e-05   4.03329513e+10  3.13255430e+09  4.15e+04      96s
  28   1.10e-06 6.01e-06   1.71839441e+10  4.21341594e+09  1.45e+04     100s
  29   3.58e-07 1.95e-06   1.01599035e+10  4.58913248e+09  6.21e+03     103s
  30   1.79e-07 7.51e-07   6.49388949e+09  4.73178654e+09  1.96e+03     106s
  31   1.94e-07 3.16e-07   5.51609054e+09  4.79771450e+09  8.01e+02     110s
  32   7.45e-08 1.58e-07   5.11435720e+09  4.82564806e+09  3.22e+02     113s
  33   1.49e-07 5.59e-08   4.97000867e+09  4.84465941e+09  1.40e+02     116s
  34   1.19e-07 1.77e-08   4.89673426e+09  4.85210297e+09  4.97e+01     119s
  35   1.34e-07 5.59e-09   4.85973178e+09  4.85502279e+09  5.25e+00     122s
  36   7.45e-08 2.79e-09   4.85606118e+09  4.85549278e+09  6.33e-01     125s
  37   1.04e-07 2.79e-09   4.85559284e+09  4.85555660e+09  4.04e-02     128s
  38   8.94e-08 3.73e-09   4.85557004e+09  4.85556865e+09  1.55e-03     131s
  39   1.64e-07 2.79e-09   4.85556973e+09  4.85556933e+09  4.54e-04     134s
  40   4.47e-07 1.86e-09   4.85556949e+09  4.85556946e+09  3.74e-05     137s
  41   8.20e-07 9.31e-10   4.85556947e+09  4.85556947e+09  1.04e-05     139s
  42*  2.68e-07 9.31e-10   4.85556947e+09  4.85556947e+09  1.27e-06     141s
Summary
    Runtime:                                            141.29s
    Status interior point solve:                        optimal
    Status crossover:                                   not run
    objective value:                                    4.85556947e+09
    interior solution primal residual (abs/rel):        2.83e-07 / 3.10e-15
    interior solution dual residual (abs/rel):          9.31e-10 / 1.01e-16
    interior solution objective gap (abs/rel):          7.51e-01 / 1.55e-10
Ipx: IPM       optimal
Model   status      : Optimal
IPM       iterations: 42
Objective value     :  4.8555694682e+09
HiGHS run time      :        148.23
Running HiGHS 1.6.0: Copyright (c) 2023 HiGHS under MIT licence terms
Presolving model
167315 rows, 482056 cols, 1106592 nonzeros
126085 rows, 300398 cols, 745072 nonzeros
123773 rows, 166674 cols, 477228 nonzeros
120811 rows, 161969 cols, 467717 nonzeros
Presolve : Reductions: rows 120811(-3289689); columns 161969(-2141616); elements 467717(-9983356)
Solving the presolved LP
IPX model has 120811 rows, 161969 columns and 467717 nonzeros
Input
    Number of variables:                                161969
    Number of free variables:                           0
    Number of constraints:                              120811
    Number of equality constraints:                     18923
    Number of matrix entries:                           467717
    Matrix range:                                       [1e-02, 1e+00]
    RHS range:                                          [2e+05, 1e+08]
    Objective range:                                    [2e-04, 1e+06]
    Bounds range:                                       [4e+04, 1e+08]
Preprocessing
    Dualized model:                                     no
    Number of dense columns:                            0
    Range of scaling factors:                           [1.00e+00, 2.00e+00]
IPX version 1.0
Interior Point Solve
 Iter     P.res    D.res            P.obj           D.obj        mu     Time
   0   2.54e+07 1.46e+05   6.65121313e+13 -5.73759785e+16  4.27e+12       0s
   1   8.42e+06 1.14e+05   5.76528188e+16 -4.88194739e+16  3.07e+12       0s
   2   4.74e+06 9.51e+04   7.58019338e+16 -4.43965924e+16  2.85e+12       0s
   3   1.78e+06 2.33e+04   6.43589852e+16 -1.30576812e+16  8.39e+11       0s
   4   4.81e+05 7.39e+03   3.84052651e+16 -5.30703071e+15  2.92e+11       1s
   5   1.40e+05 1.58e+03   1.80973835e+16 -1.52706137e+15  8.88e+10       2s
 Constructing starting basis...
   6   3.36e+04 4.92e+02   6.22572092e+15 -6.20869502e+14  2.93e+10       3s
   7   1.72e+04 2.32e+02   4.08074381e+15 -3.81049379e+14  1.81e+10       4s
   8   6.43e+03 5.98e+01   2.52211099e+15 -2.04819980e+14  1.04e+10       4s
   9   2.45e+03 1.89e+01   1.62576360e+15 -1.24666545e+14  6.55e+09       5s
  10   1.24e+03 8.07e+00   1.20996081e+15 -8.43978725e+13  4.82e+09       5s
  11   6.19e+02 3.09e+00   8.45767928e+14 -4.41818965e+13  3.29e+09       6s
  12   4.72e+02 1.44e+00   7.47636877e+14 -2.53718570e+13  2.84e+09       7s
  13   2.14e+02 4.85e-01   4.45088665e+14  4.93082856e+12  1.61e+09       7s
  14   5.27e+01 1.90e-01   2.42072565e+14  1.60233807e+13  8.35e+08       8s
  15   1.13e+01 7.85e-02   1.20154004e+14  2.68127194e+13  3.49e+08       9s
  16   3.90e+00 5.23e-02   7.90678648e+13  3.03811746e+13  1.85e+08      10s
  17   1.15e+00 1.94e-02   5.95791024e+13  3.51671756e+13  9.16e+07      11s
  18   6.12e-01 9.10e-03   5.16139241e+13  3.71379345e+13  5.37e+07      12s
  19   3.56e-01 4.56e-03   4.67026535e+13  3.81363064e+13  3.15e+07      13s
  20   2.11e-01 1.28e-03   4.46106090e+13  3.87219060e+13  2.13e+07      13s
  21   2.01e-01 8.16e-04   4.45160503e+13  3.87718309e+13  2.08e+07      14s
  22   9.38e-02 3.67e-04   4.20031987e+13  3.89618234e+13  1.10e+07      14s
  23   1.43e-02 6.98e-10   4.01561004e+13  3.91131517e+13  3.75e+06      15s
  24   2.74e-03 4.66e-10   3.93732701e+13  3.91513860e+13  7.97e+05      16s
  25   1.01e-03 4.66e-10   3.92554925e+13  3.91607898e+13  3.40e+05      16s
  26   3.08e-04 2.33e-10   3.92035809e+13  3.91655069e+13  1.37e+05      17s
  27   1.64e-04 3.49e-10   3.91887347e+13  3.91676246e+13  7.58e+04      17s
  28   4.77e-05 2.33e-10   3.91752431e+13  3.91683366e+13  2.48e+04      18s
  29   1.62e-05 2.33e-10   3.91717176e+13  3.91687102e+13  1.08e+04      18s
  30   8.09e-06 2.33e-10   3.91705839e+13  3.91689163e+13  5.99e+03      19s
  31   4.41e-06 4.66e-10   3.91700722e+13  3.91690164e+13  3.79e+03      19s
  32   1.67e-06 2.33e-10   3.91697572e+13  3.91690699e+13  2.47e+03      20s
  33   4.77e-07 2.33e-10   3.91694885e+13  3.91691090e+13  1.36e+03      20s
  34   1.51e-07 2.33e-10   3.91693153e+13  3.91691237e+13  6.88e+02      21s
  35   2.68e-07 2.33e-10   3.91692183e+13  3.91691331e+13  3.06e+02      21s
  36   1.79e-07 2.33e-10   3.91691871e+13  3.91691379e+13  1.77e+02      22s
  37   2.68e-07 2.33e-10   3.91691647e+13  3.91691403e+13  8.76e+01      22s
  38   8.94e-08 2.33e-10   3.91691517e+13  3.91691420e+13  3.45e+01      23s
  39   1.19e-07 4.66e-10   3.91691464e+13  3.91691426e+13  1.36e+01      23s
  40   1.19e-07 2.33e-10   3.91691454e+13  3.91691426e+13  9.88e+00      23s
  41   1.19e-07 2.33e-10   3.91691431e+13  3.91691427e+13  1.35e+00      24s
  42*  2.09e-07 2.33e-10   3.91691427e+13  3.91691427e+13  9.84e-02      24s
Summary
    Runtime:                                            23.87s
    Status interior point solve:                        optimal
    Status crossover:                                   not run
    objective value:                                    3.91691427e+13
    interior solution primal residual (abs/rel):        3.87e-07 / 3.08e-15
    interior solution dual residual (abs/rel):          2.33e-10 / 1.78e-16
    interior solution objective gap (abs/rel):          2.75e+04 / 7.01e-10
Ipx: IPM       optimal
Model   status      : Optimal
IPM       iterations: 42
Objective value     :  3.9169135444e+13
HiGHS run time      :         27.88
Presolving model
167315 rows, 482056 cols, 1106592 nonzeros
126085 rows, 300398 cols, 745072 nonzeros
123773 rows, 166674 cols, 477228 nonzeros
120811 rows, 161969 cols, 467717 nonzeros
Presolve : Reductions: rows 120811(-3299709); columns 161969(-2141616); elements 467717(-9993376)
Solving the presolved LP
IPX model has 120811 rows, 161969 columns and 467717 nonzeros
Input
    Number of variables:                                161969
    Number of free variables:                           0
    Number of constraints:                              120811
    Number of equality constraints:                     18923
    Number of matrix entries:                           467717
    Matrix range:                                       [1e-02, 1e+00]
    RHS range:                                          [2e+05, 1e+08]
    Objective range:                                    [2e-04, 1e+06]
    Bounds range:                                       [4e+04, 1e+08]
Preprocessing
    Dualized model:                                     no
    Number of dense columns:                            0
    Range of scaling factors:                           [1.00e+00, 2.00e+00]
IPX version 1.0
Interior Point Solve
 Iter     P.res    D.res            P.obj           D.obj        mu     Time
   0   2.54e+07 1.49e+05   5.67696786e+13 -5.88833650e+16  4.35e+12       0s
   1   8.44e+06 1.16e+05   5.67967527e+16 -5.01544542e+16  3.14e+12       0s
   2   4.71e+06 9.70e+04   7.53024809e+16 -4.55479568e+16  2.92e+12       0s
   3   1.75e+06 2.38e+04   6.40077684e+16 -1.34279277e+16  8.57e+11       0s
   4   4.73e+05 7.61e+03   3.86057170e+16 -5.51151650e+15  3.00e+11       1s
   5   1.15e+05 1.84e+03   1.66939993e+16 -1.68358318e+15  8.64e+10       2s
 Constructing starting basis...
   6   3.23e+04 4.06e+02   6.36152455e+15 -5.21058391e+14  2.89e+10       3s
   7   4.72e+03 1.24e+02   1.74062046e+15 -2.23010610e+14  7.91e+09       4s
   8   1.72e+03 4.87e+01   1.03563823e+15 -1.21514400e+14  4.52e+09       4s
   9   4.45e+02 2.50e+01   3.22628387e+14 -6.40118040e+13  1.56e+09       5s
  10   8.36e+01 1.29e+01   1.06575750e+14 -3.52035526e+13  6.01e+08       5s
  11   1.64e+01 5.82e+00   4.17467032e+13 -1.69001735e+13  2.54e+08       6s
  12   4.84e+00 2.64e+00   2.24632654e+13 -8.27465120e+12  1.31e+08       7s
  13   1.27e+00 9.31e-01   7.52466251e+12 -3.01361429e+12  4.50e+07       7s
  14   1.28e-06 2.33e-01   2.16625359e+12 -8.70842623e+11  1.27e+07       8s
  15   4.17e-07 7.30e-02   7.99067496e+11 -2.76576249e+11  4.40e+06       8s
  16   2.38e-07 2.95e-02   4.68304178e+11 -1.18046585e+11  2.31e+06       9s
  17   1.49e-07 9.14e-03   3.99869963e+11 -4.82685963e+10  1.67e+06       9s
  18   1.79e-07 3.35e-03   2.48225463e+11 -1.73044284e+10  9.73e+05      10s
  19   1.79e-07 1.04e-03   1.67113273e+11 -6.73994437e+09  6.30e+05      10s
  20   1.79e-07 8.62e-04   1.22501898e+11 -6.09886425e+09  4.67e+05      11s
  21   2.09e-07 4.14e-04   6.68745833e+10 -2.72026603e+09  2.52e+05      11s
  22   1.79e-07 1.34e-04   4.28732531e+10  7.94545588e+08  1.52e+05      12s
  23   1.49e-07 6.68e-05   2.81491947e+10  1.47185206e+09  9.60e+04      12s
  24   8.94e-08 3.12e-05   1.51663479e+10  2.45404592e+09  4.57e+04      13s
  25   1.19e-07 8.74e-06   9.57243595e+09  3.05590628e+09  2.34e+04      13s
  26   5.96e-08 3.18e-06   6.56194140e+09  3.36483619e+09  1.15e+04      14s
  27   2.09e-07 1.26e-06   5.41629277e+09  3.46714582e+09  7.00e+03      14s
  28   1.19e-07 5.36e-07   4.25721524e+09  3.53156506e+09  2.61e+03      15s
  29   2.09e-07 1.76e-07   3.82291376e+09  3.56137570e+09  9.39e+02      15s
  30   1.79e-07 5.01e-08   3.67480453e+09  3.57646437e+09  3.53e+02      16s
  31   1.19e-07 2.05e-08   3.62041502e+09  3.58072262e+09  1.43e+02      16s
  32   1.19e-07 5.94e-09   3.59678549e+09  3.58275823e+09  5.04e+01      16s
  33   1.19e-07 1.40e-09   3.58743825e+09  3.58371333e+09  1.34e+01      17s
  34   2.09e-07 4.66e-10   3.58489509e+09  3.58389174e+09  3.60e+00      17s
  35   5.96e-08 2.33e-10   3.58412128e+09  3.58396938e+09  5.46e-01      18s
  36   1.49e-07 2.33e-10   3.58398906e+09  3.58397598e+09  4.70e-02      18s
  37   2.09e-07 2.33e-10   3.58397823e+09  3.58397717e+09  3.80e-03      18s
  38   2.38e-07 2.33e-10   3.58397746e+09  3.58397730e+09  5.80e-04      18s
  39   2.38e-07 2.33e-10   3.58397739e+09  3.58397732e+09  2.38e-04      19s
  40   6.85e-07 2.33e-10   3.58397733e+09  3.58397732e+09  2.36e-05      19s
  41*  2.68e-07 2.33e-10   3.58397733e+09  3.58397733e+09  3.46e-06      19s
Summary
    Runtime:                                            19.42s
    Status interior point solve:                        optimal
    Status crossover:                                   not run
    objective value:                                    3.58397733e+09
    interior solution primal residual (abs/rel):        2.98e-07 / 2.37e-15
    interior solution dual residual (abs/rel):          2.33e-10 / 1.78e-16
    interior solution objective gap (abs/rel):          9.22e-01 / 2.57e-10
Ipx: IPM       optimal
Model   status      : Optimal
IPM       iterations: 41
Objective value     :  3.5839773259e+09
HiGHS run time      :         23.31
Presolving model
167315 rows, 482056 cols, 1106592 nonzeros
126085 rows, 300398 cols, 745072 nonzeros
123773 rows, 166674 cols, 477228 nonzeros
120811 rows, 161969 cols, 467717 nonzeros
Presolve : Reductions: rows 120811(-3309729); columns 161969(-2141616); elements 467717(-10003396)
Solving the presolved LP
IPX model has 120811 rows, 161969 columns and 467717 nonzeros
Input
    Number of variables:                                161969
    Number of free variables:                           0
    Number of constraints:                              120811
    Number of equality constraints:                     18923
    Number of matrix entries:                           467717
    Matrix range:                                       [1e-02, 1e+00]
    RHS range:                                          [2e+05, 1e+08]
    Objective range:                                    [2e-04, 1e+06]
    Bounds range:                                       [4e+04, 1e+08]
Preprocessing
    Dualized model:                                     no
    Number of dense columns:                            0
    Range of scaling factors:                           [1.00e+00, 2.00e+00]
IPX version 1.0
Interior Point Solve
 Iter     P.res    D.res            P.obj           D.obj        mu     Time
   0   2.54e+07 1.50e+05   5.73327038e+13 -5.88970176e+16  4.35e+12       0s
   1   8.45e+06 1.16e+05   5.69328000e+16 -5.01630902e+16  3.14e+12       0s
   2   4.74e+06 9.71e+04   7.53482473e+16 -4.55840147e+16  2.92e+12       0s
   3   1.78e+06 2.38e+04   6.41995252e+16 -1.34461906e+16  8.60e+11       0s
   4   4.76e+05 7.63e+03   3.86134935e+16 -5.52675979e+15  3.00e+11       1s
   5   1.15e+05 1.85e+03   1.66720322e+16 -1.68819344e+15  8.63e+10       2s
 Constructing starting basis...
   6   3.29e+04 4.08e+02   6.42671451e+15 -5.22994609e+14  2.92e+10       3s
   7   5.68e+03 1.26e+02   1.85637005e+15 -2.20785011e+14  8.35e+09       3s
   8   2.13e+03 4.78e+01   1.13237922e+15 -1.22254834e+14  4.88e+09       4s
   9   6.81e+02 2.31e+01   4.18450525e+14 -6.09336841e+13  1.89e+09       5s
  10   2.58e+02 1.12e+01   1.93982984e+14 -3.24298467e+13  8.96e+08       5s
  11   7.16e+01 5.46e+00   6.72988062e+13 -1.63922705e+13  3.41e+08       6s
  12   1.53e+01 2.96e+00   2.34570965e+13 -9.26200557e+12  1.40e+08       6s
  13   3.29e+00 1.01e+00   8.04763270e+12 -3.32072008e+12  4.84e+07       7s
  14   6.66e-01 2.67e-01   3.53981303e+12 -1.00818642e+12  1.84e+07       7s
  15   1.66e-01 8.03e-02   1.00888525e+12 -3.06726476e+11  5.31e+06       8s
  16   8.62e-02 2.68e-02   6.25321645e+11 -1.09002191e+11  2.82e+06       9s
  17   3.64e-02 1.28e-02   4.06018984e+11 -5.87421935e+10  1.76e+06       9s
  18   1.15e-02 4.00e-03   2.02331395e+11 -2.05268509e+10  8.24e+05      10s
  19   5.37e-03 1.49e-03   1.15117236e+11 -6.77128331e+09  4.44e+05      10s
  20   3.26e-03 8.71e-04   9.34923590e+10 -4.12396231e+09  3.54e+05      11s
  21   1.74e-03 2.42e-04   5.82413625e+10  5.83719927e+08  2.08e+05      11s
  22   7.24e-04 1.43e-04   4.49536962e+10  9.16559411e+08  1.59e+05      12s
  23   2.32e-04 3.20e-05   2.43030305e+10  2.35119351e+09  7.89e+04      12s
  24   1.12e-04 1.26e-05   1.67254200e+10  2.79974452e+09  5.00e+04      13s
  25   2.05e-05 2.15e-06   8.37301767e+09  3.23018217e+09  1.85e+04      13s
  26   7.08e-06 8.30e-07   5.46954948e+09  3.39307551e+09  7.46e+03      14s
  27   2.74e-06 3.64e-07   4.35805226e+09  3.46272617e+09  3.22e+03      14s
  28   8.79e-07 1.21e-07   3.85920715e+09  3.50058474e+09  1.29e+03      14s
  29   2.83e-07 3.75e-08   3.65623192e+09  3.51699573e+09  5.00e+02      15s
  30   2.68e-07 1.40e-08   3.56416012e+09  3.52287686e+09  1.48e+02      15s
  31   1.79e-07 3.03e-09   3.54306637e+09  3.52564921e+09  6.26e+01      16s
  32   2.68e-07 9.31e-10   3.53072212e+09  3.52662072e+09  1.47e+01      16s
  33   2.09e-07 4.66e-10   3.52800222e+09  3.52686170e+09  4.10e+00      16s
  34   5.96e-08 4.66e-10   3.52706770e+09  3.52696698e+09  3.62e-01      17s
  35   8.94e-08 4.66e-10   3.52698530e+09  3.52698079e+09  1.62e-02      17s
  36   1.79e-07 2.33e-10   3.52698320e+09  3.52698260e+09  2.15e-03      18s
  37   1.79e-07 2.33e-10   3.52698276e+09  3.52698269e+09  2.40e-04      18s
  38   1.19e-07 2.33e-10   3.52698272e+09  3.52698271e+09  4.77e-05      18s
  39*  4.47e-07 2.33e-10   3.52698271e+09  3.52698271e+09  4.26e-06      19s
Summary
    Runtime:                                            18.70s
    Status interior point solve:                        optimal
    Status crossover:                                   not run
    objective value:                                    3.52698271e+09
    interior solution primal residual (abs/rel):        2.68e-07 / 2.14e-15
    interior solution dual residual (abs/rel):          2.33e-10 / 1.78e-16
    interior solution objective gap (abs/rel):          1.16e+00 / 3.29e-10
Ipx: IPM       optimal
Model   status      : Optimal
IPM       iterations: 39
Objective value     :  3.5269827110e+09
HiGHS run time      :         22.56
Presolving model
167315 rows, 482056 cols, 1106592 nonzeros
126085 rows, 300398 cols, 745072 nonzeros
123773 rows, 166674 cols, 477228 nonzeros
120811 rows, 161969 cols, 467717 nonzeros
Presolve : Reductions: rows 120811(-3319749); columns 161969(-2141616); elements 467717(-10013416)
Solving the presolved LP
IPX model has 120811 rows, 161969 columns and 467717 nonzeros
Input
    Number of variables:                                161969
    Number of free variables:                           0
    Number of constraints:                              120811
    Number of equality constraints:                     18923
    Number of matrix entries:                           467717
    Matrix range:                                       [1e-02, 1e+00]
    RHS range:                                          [2e+05, 1e+08]
    Objective range:                                    [2e-04, 1e+06]
    Bounds range:                                       [4e+04, 1e+08]
Preprocessing
    Dualized model:                                     no
    Number of dense columns:                            0
    Range of scaling factors:                           [1.00e+00, 2.00e+00]
IPX version 1.0
Interior Point Solve
 Iter     P.res    D.res            P.obj           D.obj        mu     Time
   0   2.54e+07 1.50e+05   5.73431229e+13 -5.88968053e+16  4.35e+12       0s
   1   8.45e+06 1.16e+05   5.69320220e+16 -5.01616140e+16  3.14e+12       0s
   2   4.74e+06 9.71e+04   7.53479049e+16 -4.55796734e+16  2.92e+12       0s
   3   1.78e+06 2.38e+04   6.41952585e+16 -1.34465804e+16  8.59e+11       0s
   4   4.76e+05 7.62e+03   3.86160814e+16 -5.52665158e+15  3.00e+11       1s
   5   1.19e+05 1.83e+03   1.69341601e+16 -1.68326355e+15  8.73e+10       2s
 Constructing starting basis...
   6   3.37e+04 4.08e+02   6.46940593e+15 -5.26396398e+14  2.94e+10       3s
   7   4.76e+03 1.44e+02   1.77298405e+15 -2.47913775e+14  8.24e+09       4s
   8   1.94e+03 5.70e+01   1.12013860e+15 -1.33149715e+14  4.92e+09       4s
   9   6.40e+02 2.76e+01   4.24586663e+14 -6.59798842e+13  1.95e+09       5s
  10   2.51e+02 1.33e+01   2.05800523e+14 -3.50483701e+13  9.59e+08       5s
  11   6.52e+01 6.52e+00   6.84759518e+13 -1.78877776e+13  3.56e+08       6s
  12   1.15e+01 3.41e+00   2.35948353e+13 -9.85201499e+12  1.45e+08       7s
  13   2.26e+00 1.17e+00   7.89817377e+12 -3.55697155e+12  4.97e+07       7s
  14   9.09e-02 2.86e-01   3.12734688e+12 -1.02867211e+12  1.71e+07       8s
  15   2.34e-02 8.40e-02   9.15903355e+11 -3.04724545e+11  4.99e+06       8s
  16   1.34e-02 2.56e-02   6.14155743e+11 -9.99708961e+10  2.74e+06       9s
  17   5.69e-03 9.07e-03   3.76594379e+11 -4.16606401e+10  1.56e+06       9s
  18   1.43e-03 3.47e-03   1.61373079e+11 -1.71082154e+10  6.59e+05      10s
  19   5.78e-04 1.42e-03   9.79447075e+10 -6.87869753e+09  3.82e+05      10s
  20   4.08e-04 7.37e-04   8.33333131e+10 -3.36993207e+09  3.14e+05      11s
  21   2.27e-04 2.12e-04   5.29121741e+10  8.91882048e+08  1.87e+05      11s
  22   1.24e-04 1.22e-04   4.18338513e+10  1.30320848e+09  1.46e+05      12s
  23   4.96e-05 5.37e-05   2.61520393e+10  2.08141535e+09  8.65e+04      12s
  24   2.43e-05 1.87e-05   1.80942234e+10  2.71634636e+09  5.53e+04      13s
  25   1.86e-06 3.64e-06   9.25869145e+09  3.09008068e+09  2.22e+04      13s
  26   7.45e-07 1.44e-06   5.95732040e+09  3.34047330e+09  9.40e+03      14s
  27   2.98e-07 5.99e-07   4.81295881e+09  3.42124334e+09  5.00e+03      14s
  28   1.49e-07 2.39e-07   4.03557176e+09  3.48217981e+09  1.99e+03      15s
  29   1.49e-07 6.12e-08   3.68943005e+09  3.51229669e+09  6.36e+02      15s
  30   2.38e-07 1.89e-08   3.57589625e+09  3.52148298e+09  1.95e+02      16s
  31   1.79e-07 5.82e-09   3.54272785e+09  3.52514733e+09  6.31e+01      16s
  32   2.09e-07 2.10e-09   3.53178538e+09  3.52636645e+09  1.95e+01      16s
  33   8.94e-08 4.66e-10   3.52760755e+09  3.52713911e+09  1.68e+00      17s
  34   1.02e-07 4.66e-10   3.52725975e+09  3.52720432e+09  1.99e-01      17s
  35   1.49e-07 4.66e-10   3.52721582e+09  3.52721046e+09  1.93e-02      17s
  36   2.38e-07 4.66e-10   3.52721127e+09  3.52721090e+09  1.32e-03      18s
  37   1.19e-07 2.33e-10   3.52721106e+09  3.52721103e+09  1.10e-04      18s
  38   9.54e-07 2.33e-10   3.52721105e+09  3.52721104e+09  2.11e-05      18s
  39*  5.96e-07 1.16e-10   3.52721104e+09  3.52721104e+09  3.75e-06      19s
Summary
    Runtime:                                            18.85s
    Status interior point solve:                        optimal
    Status crossover:                                   not run
    objective value:                                    3.52721104e+09
    interior solution primal residual (abs/rel):        4.17e-07 / 3.32e-15
    interior solution dual residual (abs/rel):          2.07e-10 / 1.58e-16
    interior solution objective gap (abs/rel):          9.48e-01 / 2.69e-10
Ipx: IPM       optimal
Model   status      : Optimal
IPM       iterations: 39
Objective value     :  3.5272110421e+09
HiGHS run time      :         22.70
[ Info: Rolling step not specified in scenaio.yaml file; Setting it to 10 years
[ Info: Demand-pathway mapping not specified in scenaio.yaml file; SERA will not look for eligible pathways for different demand types.
[ Info: Production capacity constraints from the grid model not defined. SERA will not create these constraints
[ Info: Regional technology limits not specified in scenaio.yaml file; SERA will not create these constraints
STARTING DATA PRE-PROCESSING 
Processing Temporal Data
Processing Nodes
Processing Demand
Processing Existings
Processing Links
Processing Pathways
Creating Infrastructure options
 22.783964 seconds (131.77 M allocations: 15.387 GiB, 34.75% gc time, 0.38% compilation time)

OPTIMIZING FROM 2026 TO 2035 

STARTING OPTIMIZATION MODEL CREATION
CREATING VARIABLES AND EXPRESSIONS
169.901730 seconds (355.01 M allocations: 22.181 GiB, 85.77% gc time, 4.63% compilation time)
POPULATING EXPRESSIONS
 62.807148 seconds (272.18 M allocations: 42.473 GiB, 12.98% gc time, 0.31% compilation time)
CREATING CONSTRAINTS
153.543506 seconds (221.89 M allocations: 12.673 GiB, 84.62% gc time, 1.23% compilation time)
POPULATED CORE OPTIMIZATION MODEL, STARTING ITERATIONS
READING COST DATA FOR ITERATION 1
112.382266 seconds (162.51 M allocations: 15.560 GiB, 67.80% gc time, 0.34% compilation time)
CREATING EXPRESSIONS FOR CAPITAL AND FIXED COST
288.033053 seconds (163.63 M allocations: 10.347 GiB, 95.15% gc time, 0.55% compilation time)
BUILDING OBJECTIVE FUNCTION
 31.453823 seconds (57.13 M allocations: 1.794 GiB, 77.59% gc time, 2.69% compilation time)
Optimizing for iteration 1
468.863913 seconds (74.74 M allocations: 6.891 GiB, 43.43% gc time, 0.01% compilation time)
OPTIMAL
3.715916859398004e9
 =  1.0
READING COST DATA FOR ITERATION 2
863.589501 seconds (131.78 M allocations: 14.891 GiB, 31.81% gc time, 0.01% compilation time)
CREATING EXPRESSIONS FOR CAPITAL AND FIXED COST
355.306984 seconds (162.07 M allocations: 10.240 GiB, 96.78% gc time, 0.00% compilation time)
BUILDING OBJECTIVE FUNCTION
 30.628612 seconds (56.47 M allocations: 1.807 GiB, 79.47% gc time)
Optimizing for iteration 2
161.343418 seconds (5 allocations: 32 bytes)
OPTIMAL
5.960310680198097e9
 =  0.37655651546083263
READING COST DATA FOR ITERATION 3
912.841889 seconds (131.47 M allocations: 14.901 GiB, 29.66% gc time)
CREATING EXPRESSIONS FOR CAPITAL AND FIXED COST
358.218470 seconds (162.07 M allocations: 10.240 GiB, 96.18% gc time)
BUILDING OBJECTIVE FUNCTION
 28.428618 seconds (56.47 M allocations: 1.807 GiB, 76.38% gc time)
Optimizing for iteration 3
158.579299 seconds (2 allocations: 32 bytes)
OPTIMAL
4.8954652169263115e9
 =  0.21751670496776
READING COST DATA FOR ITERATION 4
1041.638184 seconds (131.45 M allocations: 14.940 GiB, 23.20% gc time)
CREATING EXPRESSIONS FOR CAPITAL AND FIXED COST
362.966543 seconds (162.07 M allocations: 10.240 GiB, 96.19% gc time)
BUILDING OBJECTIVE FUNCTION
 29.955268 seconds (56.47 M allocations: 1.807 GiB, 76.93% gc time)
Optimizing for iteration 4
147.618390 seconds (2 allocations: 32 bytes)
OPTIMAL
4.859569927129846e9
 =  0.007386515748253666
READING COST DATA FOR ITERATION 5
1041.322275 seconds (131.45 M allocations: 14.829 GiB, 24.40% gc time)
CREATING EXPRESSIONS FOR CAPITAL AND FIXED COST
343.099489 seconds (162.07 M allocations: 10.240 GiB, 96.05% gc time)
BUILDING OBJECTIVE FUNCTION
 29.733279 seconds (56.47 M allocations: 1.807 GiB, 77.31% gc time)
Optimizing for iteration 5
148.332446 seconds (2 allocations: 32 bytes)
OPTIMAL
4.855569468184789e9
 =  0.0008238907859764667
ITERATIONS COMPLETED
WRITING RESULTS TO FILE
 39.428474 seconds (32.79 M allocations: 1.341 GiB, 89.63% gc time, 1.91% compilation time)

OPTIMIZING FROM 2036 TO 2040 

STARTING OPTIMIZATION MODEL CREATION
CREATING VARIABLES AND EXPRESSIONS
449.714244 seconds (173.64 M allocations: 10.755 GiB, 97.30% gc time, 0.05% compilation time)
POPULATING EXPRESSIONS
 19.545801 seconds (75.59 M allocations: 11.660 GiB, 21.98% gc time)
CREATING CONSTRAINTS
178.302025 seconds (109.20 M allocations: 5.926 GiB, 92.42% gc time, 0.00% compilation time)
POPULATED CORE OPTIMIZATION MODEL, STARTING ITERATIONS
READING COST DATA FOR ITERATION 1
197.767121 seconds (64.86 M allocations: 7.486 GiB, 90.96% gc time)
CREATING EXPRESSIONS FOR CAPITAL AND FIXED COST
 86.510111 seconds (42.28 M allocations: 2.628 GiB, 96.61% gc time, 0.08% compilation time)
BUILDING OBJECTIVE FUNCTION
 18.674362 seconds (26.73 M allocations: 862.058 MiB, 86.15% gc time)
Optimizing for iteration 1
198.082976 seconds (38.71 M allocations: 3.387 GiB, 80.82% gc time)
OPTIMAL
3.916913544394938e13
 =  1.0
READING COST DATA FOR ITERATION 2
317.796268 seconds (65.10 M allocations: 7.397 GiB, 55.42% gc time)
CREATING EXPRESSIONS FOR CAPITAL AND FIXED COST
 67.591090 seconds (42.28 M allocations: 2.626 GiB, 95.85% gc time)
BUILDING OBJECTIVE FUNCTION
  3.082950 seconds (26.73 M allocations: 892.666 MiB, 18.22% gc time)
Optimizing for iteration 2
 23.358943 seconds (5 allocations: 32 bytes)
OPTIMAL
3.5839773258533463e9
 =  10927.95737966788
READING COST DATA FOR ITERATION 3
331.869081 seconds (65.09 M allocations: 7.397 GiB, 57.96% gc time)
CREATING EXPRESSIONS FOR CAPITAL AND FIXED COST
 84.945943 seconds (42.28 M allocations: 2.626 GiB, 96.48% gc time)
BUILDING OBJECTIVE FUNCTION
 25.676205 seconds (26.73 M allocations: 892.666 MiB, 90.01% gc time)
Optimizing for iteration 3
 22.586621 seconds (2 allocations: 32 bytes)
OPTIMAL
3.5269827109594474e9
 =  0.0161595957692466
READING COST DATA FOR ITERATION 4
334.347708 seconds (65.09 M allocations: 7.621 GiB, 57.83% gc time)
CREATING EXPRESSIONS FOR CAPITAL AND FIXED COST
119.320763 seconds (42.28 M allocations: 2.626 GiB, 97.52% gc time)
BUILDING OBJECTIVE FUNCTION
 25.976408 seconds (26.73 M allocations: 892.666 MiB, 89.86% gc time)
Optimizing for iteration 4
 22.735491 seconds (2 allocations: 32 bytes)
OPTIMAL
3.5272110420818825e9
 =  6.473418241799996e-5
ITERATIONS COMPLETED
WRITING RESULTS TO FILE
 44.003490 seconds (25.07 M allocations: 1.072 GiB, 92.81% gc time, 38.49% compilation time)

THE OPTIMIZATION PROBLEM TOOK 167.93 MINUTES TO SOLVE. 
