Running HiGHS 1.6.0: Copyright (c) 2023 HiGHS under MIT licence terms
Presolving model
559303 rows, 1353546 cols, 3319742 nonzeros
424011 rows, 884008 cols, 2381008 nonzeros
418686 rows, 496734 cols, 1604456 nonzeros
412519 rows, 490109 cols, 1591169 nonzeros
Presolve : Reductions: rows 412519(-6407748); columns 490109(-4116329); elements 1591169(-21924112)
Solving the presolved LP
IPX model has 412519 rows, 490109 columns and 1591169 nonzeros
Input
    Number of variables:                                490109
    Number of free variables:                           0
    Number of constraints:                              412519
    Number of equality constraints:                     37148
    Number of matrix entries:                           1591169
    Matrix range:                                       [1e-02, 1e+00]
    RHS range:                                          [2e+05, 6e+07]
    Objective range:                                    [3e-04, 4e+01]
    Bounds range:                                       [7e+05, 9e+07]
Preprocessing
    Dualized model:                                     no
    Number of dense columns:                            0
    Range of scaling factors:                           [1.00e+00, 2.00e+00]
IPX version 1.0
Interior Point Solve
 Iter     P.res    D.res            P.obj           D.obj        mu     Time
   0   1.25e+07 2.65e+01   2.01563992e+09 -2.62499992e+13  3.58e+08       0s
   1   4.64e+06 2.14e+01   1.08764297e+12 -2.20808684e+13  3.12e+08       1s
   2   2.40e+06 1.85e+01   1.97442861e+12 -2.02522581e+13  3.51e+08       2s
   3   9.66e+05 5.44e+00   2.01467554e+12 -6.34716297e+12  1.07e+08       2s
   4   3.40e+05 2.95e+00   2.01854952e+12 -3.93248623e+12  6.46e+07       4s
   5   1.48e+05 7.10e-01   1.74595084e+12 -1.15419417e+12  1.78e+07       7s
 Constructing starting basis...
   6   2.63e+04 2.07e-01   9.44906900e+11 -3.48142043e+11  5.58e+06      17s
   7   1.82e+04 1.10e-01   8.73974827e+11 -2.41795649e+11  3.61e+06      23s
   8   5.19e+03 5.68e-02   5.03681159e+11 -1.37946636e+11  1.85e+06      28s
   9   1.95e+03 1.47e-02   3.16194019e+11 -4.23192687e+10  6.53e+05      34s
  10   3.85e+02 4.67e-03   1.34398976e+11 -1.55475866e+10  2.20e+05      38s
  11   8.59e+01 1.62e-04   7.98150596e+10 -3.35563348e+09  9.40e+04      42s
  12   4.53e+01 9.20e-05   5.90582259e+10 -1.92882452e+09  6.86e+04      45s
  13   1.73e+01 4.91e-05   3.32511672e+10 -2.81991570e+08  3.76e+04      49s
  14   6.67e+00 2.69e-05   1.98944671e+10  8.73709487e+08  2.13e+04      52s
  15   4.16e+00 1.69e-05   1.58265695e+10  1.41750400e+09  1.61e+04      57s
  16   2.30e+00 1.10e-05   1.13504216e+10  1.80737691e+09  1.06e+04      61s
  17   1.76e+00 7.35e-06   1.00646316e+10  2.04680546e+09  8.94e+03      67s
  18   1.01e+00 4.62e-06   7.35558295e+09  2.29783766e+09  5.64e+03      72s
  19   6.28e-01 2.62e-06   6.07925319e+09  2.48762701e+09  4.00e+03      79s
  20   6.04e-01 2.29e-06   6.00150192e+09  2.51262813e+09  3.89e+03      88s
  21   5.12e-01 1.89e-06   5.60975528e+09  2.55376497e+09  3.41e+03      93s
  22   4.41e-01 1.30e-06   5.39974496e+09  2.59021114e+09  3.13e+03      99s
  23   3.53e-01 9.42e-07   4.98805926e+09  2.63211030e+09  2.63e+03     105s
  24   2.77e-01 7.05e-07   4.59199692e+09  2.66259173e+09  2.15e+03     111s
  25   1.78e-01 4.17e-07   4.14782861e+09  2.69393004e+09  1.62e+03     117s
  26   1.17e-01 2.84e-07   3.77978137e+09  2.71647635e+09  1.19e+03     124s
  27   6.60e-02 1.40e-07   3.47675419e+09  2.74120902e+09  8.20e+02     131s
  28   4.18e-02 1.14e-07   3.26819058e+09  2.74848697e+09  5.79e+02     138s
  29   2.12e-02 7.08e-08   3.09926816e+09  2.76020552e+09  3.78e+02     146s
  30   1.51e-02 4.28e-08   3.03534350e+09  2.76944553e+09  2.96e+02     153s
  31   1.12e-02 3.09e-08   2.98769996e+09  2.77392578e+09  2.38e+02     160s
  32   9.87e-03 2.51e-08   2.96876758e+09  2.77640492e+09  2.14e+02     167s
  33   5.72e-03 1.73e-08   2.90434134e+09  2.78003054e+09  1.39e+02     172s
  34   4.49e-03 1.29e-08   2.88921610e+09  2.78169166e+09  1.20e+02     178s
  35   2.76e-03 8.24e-09   2.85802864e+09  2.78420879e+09  8.23e+01     183s
  36   1.81e-03 4.29e-09   2.84254134e+09  2.78610433e+09  6.29e+01     189s
  37   1.33e-03 2.85e-09   2.83174717e+09  2.78705277e+09  4.98e+01     194s
  38   7.64e-04 1.77e-09   2.81638963e+09  2.78793199e+09  3.17e+01     199s
  39   5.58e-04 1.02e-09   2.81002867e+09  2.78861114e+09  2.39e+01     204s
  40   3.52e-04 7.32e-10   2.80344270e+09  2.78888825e+09  1.62e+01     208s
  41   1.32e-04 3.20e-10   2.79703834e+09  2.78924617e+09  8.68e+00     212s
  42   8.01e-05 2.09e-10   2.79445138e+09  2.78940203e+09  5.63e+00     217s
  43   2.06e-05 1.43e-10   2.79142100e+09  2.78949642e+09  2.14e+00     221s
  44   3.04e-06 6.96e-11   2.79022069e+09  2.78961337e+09  6.77e-01     225s
  45   5.22e-07 6.52e-12   2.78997397e+09  2.78971830e+09  2.85e-01     229s
  46   8.94e-08 6.68e-13   2.78977304e+09  2.78973780e+09  3.93e-02     233s
  47   7.45e-08 7.11e-14   2.78974223e+09  2.78973976e+09  2.75e-03     237s
  48   8.94e-08 2.84e-14   2.78974013e+09  2.78973995e+09  1.96e-04     241s
  49   4.42e-08 2.13e-14   2.78974004e+09  2.78973999e+09  5.51e-05     245s
  50   5.96e-08 1.42e-14   2.78974001e+09  2.78974001e+09  3.94e-06     249s
  51*  7.45e-08 2.13e-14   2.78974001e+09  2.78974001e+09  4.28e-07     252s
Summary
    Runtime:                                            252.52s
    Status interior point solve:                        optimal
    Status crossover:                                   not run
    objective value:                                    2.78974001e+09
    interior solution primal residual (abs/rel):        1.79e-07 / 1.96e-15
    interior solution dual residual (abs/rel):          1.10e-10 / 2.65e-12
    interior solution objective gap (abs/rel):          3.93e-01 / 1.41e-10
Ipx: IPM       optimal
Model   status      : Optimal
IPM       iterations: 51
Objective value     :  2.7897400072e+09
HiGHS run time      :        259.57
Presolving model
559303 rows, 1353546 cols, 3319742 nonzeros
424011 rows, 884008 cols, 2381008 nonzeros
418686 rows, 496734 cols, 1604456 nonzeros
412519 rows, 490109 cols, 1591169 nonzeros
Presolve : Reductions: rows 412519(-6427788); columns 490109(-4116329); elements 1591169(-21944152)
Solving the presolved LP
IPX model has 412519 rows, 490109 columns and 1591169 nonzeros
Input
    Number of variables:                                490109
    Number of free variables:                           0
    Number of constraints:                              412519
    Number of equality constraints:                     37148
    Number of matrix entries:                           1591169
    Matrix range:                                       [1e-02, 1e+00]
    RHS range:                                          [2e+05, 6e+07]
    Objective range:                                    [3e-04, 9e+06]
    Bounds range:                                       [7e+05, 9e+07]
Preprocessing
    Dualized model:                                     no
    Number of dense columns:                            0
    Range of scaling factors:                           [1.00e+00, 2.00e+00]
IPX version 1.0
Interior Point Solve
 Iter     P.res    D.res            P.obj           D.obj        mu     Time
   0   1.24e+07 2.31e+06   1.22969673e+14 -2.28573511e+18  3.16e+13       0s
   1   4.63e+06 1.92e+06   3.71164931e+17 -1.96735088e+18  2.82e+13       1s
   2   2.26e+06 1.57e+06   6.25332728e+17 -1.74905334e+18  3.03e+13       2s
   3   7.96e+05 5.26e+05   6.02478493e+17 -6.24321387e+17  1.05e+13       3s
   4   2.99e+05 2.79e+05   5.52477735e+17 -3.80183633e+17  6.05e+12       4s
   5   1.14e+05 6.92e+04   4.39512187e+17 -1.18279909e+17  1.82e+12       8s
 Constructing starting basis...
   6   1.48e+04 2.43e+04   2.27302579e+17 -4.89047628e+16  6.69e+11      16s
   7   1.02e+04 9.80e+03   1.89843217e+17 -2.47410460e+16  3.75e+11      21s
   8   3.22e+03 3.39e+03   1.00739995e+17 -1.11718782e+16  1.60e+11      25s
   9   1.62e+03 1.41e+03   6.52824744e+16 -5.86001034e+15  9.11e+10      29s
  10   7.98e+02 5.26e+02   3.50876580e+16 -2.35261448e+15  4.50e+10      34s
  11   3.30e+02 1.73e+02   1.63959218e+16 -8.79779353e+14  2.01e+10      38s
  12   1.18e+02 7.18e+01   6.54435694e+15 -4.09504173e+14  8.05e+09      42s
  13   5.64e+01 4.27e+01   4.89337595e+15 -3.26927648e+14  6.07e+09      45s
  14   1.55e+01 1.32e+01   2.28573987e+15 -1.57348136e+14  2.82e+09      48s
  15   3.56e+00 4.80e+00   1.37764390e+15 -9.73174144e+13  1.70e+09      52s
  16   9.93e-01 2.43e+00   4.32944377e+14 -5.13531482e+13  5.67e+08      55s
  17   2.63e-01 9.58e-01   1.41165001e+14 -2.11025146e+13  1.91e+08      59s
  18   5.26e-02 3.01e-01   4.12868215e+13 -7.20232303e+12  5.73e+07      63s
  19   1.21e-02 8.53e-02   1.47301099e+13 -2.27310531e+12  1.98e+07      66s
  20   5.61e-03 4.70e-02   9.03761576e+12 -1.33512332e+12  1.20e+07      70s
  21   2.16e-03 1.81e-02   5.12860634e+12 -5.83508326e+11  6.54e+06      73s
  22   1.12e-03 9.94e-03   3.38143584e+12 -3.43446018e+11  4.24e+06      77s
  23   6.69e-04 5.96e-03   2.33239445e+12 -2.13447661e+11  2.88e+06      80s
  24   3.56e-04 3.45e-03   1.49052289e+12 -1.27864852e+11  1.82e+06      84s
  25   2.43e-04 1.72e-03   1.26331539e+12 -7.69469707e+10  1.50e+06      88s
  26   1.96e-04 1.45e-03   1.20387031e+12 -7.02967515e+10  1.43e+06      92s
  27   1.33e-04 9.67e-04   9.25641504e+11 -4.82442338e+10  1.09e+06      96s
  28   8.29e-05 6.06e-04   6.19223953e+11 -2.80404432e+10  7.24e+05     100s
  29   5.88e-05 4.12e-04   5.36669720e+11 -2.05465247e+10  6.22e+05     103s
  30   2.64e-05 1.39e-04   3.36258453e+11 -5.04295474e+09  3.81e+05     107s
  31   1.96e-05 5.83e-05   2.78642678e+11  1.14308989e+09  3.09e+05     110s
  32   1.29e-05 2.98e-05   2.09337535e+11  4.19447061e+09  2.29e+05     114s
  33   3.73e-06 1.50e-05   9.05982897e+10  6.53521615e+09  9.37e+04     118s
  34   1.10e-06 7.24e-06   4.31139913e+10  8.24071664e+09  3.89e+04     121s
  35   7.45e-07 3.28e-06   3.49097951e+10  9.20862419e+09  2.86e+04     124s
  36   4.02e-07 1.95e-06   2.37643751e+10  9.66078366e+09  1.57e+04     128s
  37   1.49e-07 1.21e-06   1.55203972e+10  9.86909225e+09  6.30e+03     131s
  38   6.25e-08 4.51e-07   1.34115053e+10  1.01615457e+10  3.62e+03     134s
  39   1.19e-07 1.94e-07   1.13771510e+10  1.02823231e+10  1.22e+03     137s
  40   7.45e-08 8.48e-08   1.07164133e+10  1.03338284e+10  4.26e+02     140s
  41   8.94e-08 2.98e-08   1.04916681e+10  1.03614231e+10  1.45e+02     143s
  42   1.34e-07 1.12e-08   1.04220830e+10  1.03711795e+10  5.67e+01     146s
  43   1.94e-07 5.59e-09   1.03877734e+10  1.03753708e+10  1.38e+01     149s
  44   1.49e-07 2.79e-09   1.03780735e+10  1.03762726e+10  2.01e+00     151s
  45   1.04e-07 3.73e-09   1.03767255e+10  1.03766549e+10  7.87e-02     154s
  46   1.04e-07 3.73e-09   1.03766847e+10  1.03766757e+10  1.00e-02     156s
  47   1.34e-07 2.79e-09   1.03766821e+10  1.03766806e+10  1.64e-03     159s
  48   1.79e-07 1.86e-09   1.03766817e+10  1.03766815e+10  2.81e-04     161s
  49   4.32e-07 1.86e-09   1.03766817e+10  1.03766817e+10  2.26e-05     164s
  50*  2.68e-07 1.86e-09   1.03766817e+10  1.03766817e+10  2.00e-06     167s
Summary
    Runtime:                                            166.62s
    Status interior point solve:                        optimal
    Status crossover:                                   not run
    objective value:                                    1.03766817e+10
    interior solution primal residual (abs/rel):        4.62e-07 / 5.06e-15
    interior solution dual residual (abs/rel):          9.31e-10 / 1.01e-16
    interior solution objective gap (abs/rel):          1.12e+00 / 1.08e-10
Ipx: IPM       optimal
Model   status      : Optimal
IPM       iterations: 50
Objective value     :  1.0376681685e+10
HiGHS run time      :        173.54
Presolving model
559303 rows, 1353546 cols, 3319742 nonzeros
424011 rows, 884008 cols, 2381008 nonzeros
418686 rows, 496734 cols, 1604456 nonzeros
412519 rows, 490109 cols, 1591169 nonzeros
Presolve : Reductions: rows 412519(-6447828); columns 490109(-4116329); elements 1591169(-21964192)
Solving the presolved LP
IPX model has 412519 rows, 490109 columns and 1591169 nonzeros
Input
    Number of variables:                                490109
    Number of free variables:                           0
    Number of constraints:                              412519
    Number of equality constraints:                     37148
    Number of matrix entries:                           1591169
    Matrix range:                                       [1e-02, 1e+00]
    RHS range:                                          [2e+05, 6e+07]
    Objective range:                                    [3e-04, 9e+06]
    Bounds range:                                       [7e+05, 9e+07]
Preprocessing
    Dualized model:                                     no
    Number of dense columns:                            0
    Range of scaling factors:                           [1.00e+00, 2.00e+00]
IPX version 1.0
Interior Point Solve
 Iter     P.res    D.res            P.obj           D.obj        mu     Time
   0   1.24e+07 2.31e+06   1.27429689e+14 -2.28895114e+18  3.16e+13       0s
   1   4.63e+06 1.92e+06   3.75052245e+17 -1.97008679e+18  2.83e+13       1s
   2   2.27e+06 1.58e+06   6.31865944e+17 -1.75182878e+18  3.03e+13       2s
   3   7.92e+05 5.26e+05   6.09480663e+17 -6.24983786e+17  1.05e+13       3s
   4   2.99e+05 2.80e+05   5.60389213e+17 -3.81411512e+17  6.07e+12       4s
   5   1.15e+05 6.97e+04   4.47953552e+17 -1.19135632e+17  1.84e+12       8s
 Constructing starting basis...
   6   1.49e+04 2.39e+04   2.30614009e+17 -4.80060860e+16  6.61e+11      16s
   7   1.04e+04 9.90e+03   1.94448107e+17 -2.49480032e+16  3.80e+11      20s
   8   3.21e+03 3.02e+03   1.01189665e+17 -1.02723058e+16  1.54e+11      24s
   9   1.84e+03 1.37e+03   6.95268592e+16 -5.67939359e+15  9.48e+10      29s
  10   8.79e+02 4.72e+02   3.61073442e+16 -2.11097314e+15  4.52e+10      34s
  11   2.35e+02 1.86e+02   1.17440034e+16 -9.05847999e+14  1.48e+10      38s
  12   6.12e+01 9.88e+01   4.08269105e+15 -5.12148100e+14  5.46e+09      41s
  13   2.23e+01 5.38e+01   2.95175193e+15 -3.32157796e+14  3.89e+09      45s
  14   3.98e+00 2.88e+01   1.12682310e+15 -1.92554417e+14  1.61e+09      49s
  15   2.07e+00 1.99e+01   7.49888825e+14 -1.36829988e+14  1.09e+09      53s
  16   8.03e-01 1.30e+01   3.55212047e+14 -8.97917891e+13  5.63e+08      56s
  17   2.77e-01 7.14e+00   1.57094617e+14 -5.02003785e+13  2.68e+08      60s
  18   1.27e-01 3.63e+00   9.46010725e+13 -2.64341336e+13  1.54e+08      63s
  19   3.33e-02 1.47e+00   3.94320950e+13 -1.11866748e+13  6.43e+07      67s
  20   1.52e-02 6.04e-01   2.33848877e+13 -4.83994943e+12  3.47e+07      70s
  21   4.26e-03 1.97e-01   9.60311349e+12 -1.68994563e+12  1.36e+07      74s
  22   1.42e-03 5.21e-02   3.98920618e+12 -4.77193918e+11  5.23e+06      77s
  23   3.33e-04 2.10e-02   1.37570411e+12 -2.01342310e+11  1.84e+06      81s
  24   1.83e-04 9.95e-03   9.86800722e+11 -1.02656775e+11  1.25e+06      84s
  25   1.09e-04 3.72e-03   7.11595970e+11 -4.15314454e+10  8.51e+05      88s
  26   1.38e-05 1.18e-03   3.70464403e+11 -1.70549865e+10  4.35e+05      92s
  27   6.11e-06 3.62e-04   2.31950893e+11 -3.47089763e+09  2.63e+05      96s
  28   1.49e-06 1.13e-04   1.01438739e+11  2.46933893e+09  1.10e+05     100s
  29   3.87e-07 6.06e-05   6.36195557e+10  3.88287565e+09  6.66e+04     103s
  30   1.19e-07 1.62e-05   2.81437928e+10  5.99621402e+09  2.47e+04     107s
  31   1.34e-07 5.36e-06   1.57760470e+10  6.88434622e+09  9.91e+03     111s
  32   1.94e-07 2.03e-06   1.10029393e+10  7.15914704e+09  4.28e+03     114s
  33   1.34e-07 7.64e-07   8.86882797e+09  7.28251503e+09  1.77e+03     117s
  34   8.94e-08 3.09e-07   7.95210656e+09  7.34206122e+09  6.80e+02     120s
  35   2.24e-07 1.56e-07   7.67514541e+09  7.36353532e+09  3.47e+02     124s
  36   1.34e-07 5.03e-08   7.46921025e+09  7.37912898e+09  1.00e+02     126s
  37   2.38e-07 1.86e-08   7.40883811e+09  7.38408830e+09  2.76e+01     129s
  38   1.49e-07 4.66e-09   7.38829312e+09  7.38649957e+09  2.00e+00     132s
  39   1.19e-07 3.73e-09   7.38780602e+09  7.38672903e+09  1.20e+00     135s
  40   1.49e-07 1.86e-09   7.38686109e+09  7.38682915e+09  3.56e-02     138s
  41   5.96e-08 2.79e-09   7.38685177e+09  7.38683791e+09  1.54e-02     140s
  42   1.64e-07 3.73e-09   7.38684383e+09  7.38684073e+09  3.45e-03     142s
  43   4.47e-08 1.86e-09   7.38684155e+09  7.38684083e+09  8.13e-04     145s
  44   2.98e-07 2.79e-09   7.38684096e+09  7.38684084e+09  1.40e-04     146s
  45   9.69e-07 9.31e-10   7.38684085e+09  7.38684084e+09  9.95e-06     148s
  46*  4.62e-07 9.31e-10   7.38684084e+09  7.38684084e+09  7.75e-07     150s
Summary
    Runtime:                                            149.56s
    Status interior point solve:                        optimal
    Status crossover:                                   not run
    objective value:                                    7.38684084e+09
    interior solution primal residual (abs/rel):        4.02e-07 / 4.41e-15
    interior solution dual residual (abs/rel):          9.31e-10 / 1.01e-16
    interior solution objective gap (abs/rel):          4.95e-01 / 6.70e-11
Ipx: IPM       optimal
Model   status      : Optimal
IPM       iterations: 46
Objective value     :  7.3868408390e+09
HiGHS run time      :        156.42
Presolving model
559303 rows, 1353546 cols, 3319742 nonzeros
424011 rows, 884008 cols, 2381008 nonzeros
418686 rows, 496734 cols, 1604456 nonzeros
412519 rows, 490109 cols, 1591169 nonzeros
Presolve : Reductions: rows 412519(-6467868); columns 490109(-4116329); elements 1591169(-21984232)
Solving the presolved LP
IPX model has 412519 rows, 490109 columns and 1591169 nonzeros
Input
    Number of variables:                                490109
    Number of free variables:                           0
    Number of constraints:                              412519
    Number of equality constraints:                     37148
    Number of matrix entries:                           1591169
    Matrix range:                                       [1e-02, 1e+00]
    RHS range:                                          [2e+05, 6e+07]
    Objective range:                                    [3e-04, 9e+06]
    Bounds range:                                       [7e+05, 9e+07]
Preprocessing
    Dualized model:                                     no
    Number of dense columns:                            0
    Range of scaling factors:                           [1.00e+00, 2.00e+00]
IPX version 1.0
Interior Point Solve
 Iter     P.res    D.res            P.obj           D.obj        mu     Time
   0   1.24e+07 2.31e+06   1.27431423e+14 -2.28895491e+18  3.16e+13       0s
   1   4.63e+06 1.92e+06   3.75112410e+17 -1.97008640e+18  2.83e+13       1s
   2   2.27e+06 1.58e+06   6.31971554e+17 -1.75183510e+18  3.03e+13       2s
   3   7.92e+05 5.26e+05   6.09593321e+17 -6.24974827e+17  1.05e+13       3s
   4   2.99e+05 2.80e+05   5.60513633e+17 -3.81399220e+17  6.07e+12       4s
   5   1.16e+05 6.97e+04   4.48156356e+17 -1.18993451e+17  1.83e+12       8s
 Constructing starting basis...
   6   1.50e+04 2.39e+04   2.30828616e+17 -4.79913268e+16  6.61e+11      16s
   7   1.05e+04 9.90e+03   1.94613009e+17 -2.49338555e+16  3.80e+11      21s
   8   3.23e+03 3.02e+03   1.01218429e+17 -1.02611357e+16  1.54e+11      25s
   9   1.87e+03 1.37e+03   6.98130022e+16 -5.65985066e+15  9.51e+10      30s
  10   9.15e+02 4.70e+02   3.70053497e+16 -2.09701034e+15  4.62e+10      34s
  11   2.46e+02 1.87e+02   1.19806042e+16 -9.06890273e+14  1.51e+10      38s
  12   6.33e+01 9.84e+01   4.17288044e+15 -5.10860234e+14  5.55e+09      42s
  13   2.29e+01 5.19e+01   2.99334846e+15 -3.25481430e+14  3.92e+09      45s
  14   3.79e+00 2.79e+01   1.10796791e+15 -1.89934100e+14  1.58e+09      49s
  15   1.91e+00 1.94e+01   7.23541728e+14 -1.35016329e+14  1.06e+09      53s
  16   7.89e-01 1.25e+01   3.58065611e+14 -8.77241663e+13  5.62e+08      57s
  17   2.83e-01 6.69e+00   1.64090891e+14 -4.78004740e+13  2.71e+08      60s
  18   1.43e-01 2.81e+00   1.02184860e+14 -2.10843377e+13  1.52e+08      64s
  19   5.68e-02 1.14e+00   4.87324395e+13 -8.91656495e+12  7.03e+07      67s
  20   2.61e-02 4.97e-01   2.66136819e+13 -4.05115677e+12  3.68e+07      71s
  21   4.46e-03 1.71e-01   8.24850237e+12 -1.51300446e+12  1.18e+07      74s
  22   9.84e-04 3.61e-02   2.92588795e+12 -3.58229920e+11  3.83e+06      78s
  23   3.13e-04 1.62e-02   1.30694881e+12 -1.68971685e+11  1.71e+06      82s
  24   1.67e-04 6.10e-03   8.98318819e+11 -7.02185811e+10  1.10e+06      85s
  25   8.79e-05 1.78e-03   6.18181343e+11 -2.41816658e+10  7.21e+05      89s
  26   4.04e-05 5.01e-04   3.30535636e+11 -4.08084358e+09  3.74e+05      93s
  27   1.52e-05 1.93e-04   1.90213573e+11  2.98199006e+08  2.12e+05      96s
  28   2.50e-06 5.51e-05   8.28091767e+10  3.60343732e+09  8.83e+04     100s
  29   7.60e-07 2.24e-05   3.52766312e+10  5.54078293e+09  3.31e+04     103s
  30   2.24e-07 5.97e-06   1.76486463e+10  6.49821410e+09  1.24e+04     107s
  31   1.19e-07 1.57e-06   1.13560434e+10  6.96473225e+09  4.89e+03     110s
  32   8.95e-08 5.71e-07   8.80124251e+09  7.09898341e+09  1.90e+03     114s
  33   1.34e-07 2.36e-07   7.81199802e+09  7.15942329e+09  7.27e+02     117s
  34   2.09e-07 1.18e-07   7.41285905e+09  7.18433099e+09  2.55e+02     121s
  35   5.96e-08 4.00e-08   7.28906856e+09  7.20150825e+09  9.76e+01     124s
  36   3.73e-08 1.40e-08   7.23635536e+09  7.20792467e+09  3.17e+01     127s
  37   1.04e-07 3.73e-09   7.21255119e+09  7.21051045e+09  2.27e+00     130s
  38   1.34e-07 2.79e-09   7.21095855e+09  7.21088666e+09  8.01e-02     133s
  39   1.64e-07 3.73e-09   7.21092455e+09  7.21092078e+09  4.20e-03     135s
  40   1.94e-07 3.73e-09   7.21092208e+09  7.21092177e+09  3.55e-04     138s
  41   6.85e-07 1.86e-09   7.21092186e+09  7.21092183e+09  3.49e-05     140s
  42*  9.98e-07 9.31e-10   7.21092184e+09  7.21092183e+09  5.77e-06     142s
Summary
    Runtime:                                            142.45s
    Status interior point solve:                        optimal
    Status crossover:                                   not run
    objective value:                                    7.21092184e+09
    interior solution primal residual (abs/rel):        9.39e-07 / 1.03e-14
    interior solution dual residual (abs/rel):          9.31e-10 / 1.01e-16
    interior solution objective gap (abs/rel):          4.59e+00 / 6.37e-10
Ipx: IPM       optimal
Model   status      : Optimal
IPM       iterations: 42
Objective value     :  7.2109218350e+09
HiGHS run time      :        149.21
Presolving model
559303 rows, 1353546 cols, 3319742 nonzeros
424011 rows, 884008 cols, 2381008 nonzeros
418686 rows, 496734 cols, 1604456 nonzeros
412519 rows, 490109 cols, 1591169 nonzeros
Presolve : Reductions: rows 412519(-6487908); columns 490109(-4116329); elements 1591169(-22004272)
Solving the presolved LP
IPX model has 412519 rows, 490109 columns and 1591169 nonzeros
Input
    Number of variables:                                490109
    Number of free variables:                           0
    Number of constraints:                              412519
    Number of equality constraints:                     37148
    Number of matrix entries:                           1591169
    Matrix range:                                       [1e-02, 1e+00]
    RHS range:                                          [2e+05, 6e+07]
    Objective range:                                    [3e-04, 9e+06]
    Bounds range:                                       [7e+05, 9e+07]
Preprocessing
    Dualized model:                                     no
    Number of dense columns:                            0
    Range of scaling factors:                           [1.00e+00, 2.00e+00]
IPX version 1.0
Interior Point Solve
 Iter     P.res    D.res            P.obj           D.obj        mu     Time
   0   1.24e+07 2.31e+06   1.27432047e+14 -2.28895527e+18  3.16e+13       0s
   1   4.63e+06 1.92e+06   3.75126194e+17 -1.97008172e+18  2.83e+13       1s
   2   2.27e+06 1.58e+06   6.31993079e+17 -1.75183072e+18  3.03e+13       2s
   3   7.92e+05 5.26e+05   6.09615697e+17 -6.24973417e+17  1.05e+13       3s
   4   2.99e+05 2.80e+05   5.60537249e+17 -3.81399054e+17  6.07e+12       4s
   5   1.16e+05 6.97e+04   4.48199131e+17 -1.19000649e+17  1.83e+12       8s
 Constructing starting basis...
   6   1.50e+04 2.39e+04   2.30835126e+17 -4.80060913e+16  6.62e+11      16s
   7   1.05e+04 9.89e+03   1.94591087e+17 -2.49222565e+16  3.80e+11      21s
   8   3.23e+03 3.02e+03   1.01357158e+17 -1.02645773e+16  1.54e+11      25s
   9   1.86e+03 1.36e+03   6.97305361e+16 -5.66980140e+15  9.50e+10      30s
  10   8.94e+02 4.74e+02   3.63732077e+16 -2.12013248e+15  4.56e+10      34s
  11   2.39e+02 1.86e+02   1.18085323e+16 -9.07264846e+14  1.49e+10      38s
  12   6.20e+01 9.86e+01   4.11788437e+15 -5.12129608e+14  5.49e+09      41s
  13   2.30e+01 5.26e+01   3.00057357e+15 -3.28935405e+14  3.94e+09      45s
  14   3.98e+00 2.84e+01   1.11140902e+15 -1.91675870e+14  1.59e+09      48s
  15   2.00e+00 1.95e+01   7.34161095e+14 -1.35248915e+14  1.07e+09      52s
  16   8.03e-01 1.26e+01   3.56382458e+14 -8.80446154e+13  5.61e+08      56s
  17   2.95e-01 9.33e+00   1.65519263e+14 -6.57036774e+13  3.07e+08      59s
  18   4.70e-02 4.42e+00   7.17531192e+13 -3.22763828e+13  1.40e+08      63s
  19   1.36e-02 1.75e+00   3.78123174e+13 -1.34262695e+13  6.67e+07      66s
  20   6.12e-03 6.44e-01   2.29672441e+13 -5.20941803e+12  3.49e+07      70s
  21   2.31e-03 2.56e-01   1.12095192e+13 -2.17015834e+12  1.63e+07      73s
  22   7.36e-04 7.54e-02   4.44853741e+12 -6.69208631e+11  6.08e+06      77s
  23   1.18e-04 2.32e-02   1.66481532e+12 -2.33019780e+11  2.22e+06      80s
  24   7.43e-05 1.14e-02   1.16995980e+12 -1.17997816e+11  1.48e+06      84s
  25   3.55e-05 3.65e-03   7.26472558e+11 -4.16905522e+10  8.68e+05      88s
  26   8.29e-06 1.22e-03   4.82266813e+11 -2.02161212e+10  5.63e+05      92s
  27   4.11e-06 3.56e-04   2.65684919e+11 -2.28079762e+09  2.99e+05      95s
  28   1.43e-06 1.11e-04   1.31368574e+11  2.66106364e+09  1.44e+05      99s
  29   4.77e-07 2.89e-05   6.61572006e+10  5.09822903e+09  6.81e+04     103s
  30   1.49e-07 1.11e-05   2.84523458e+10  6.23673567e+09  2.48e+04     106s
  31   1.64e-07 3.71e-06   1.56277550e+10  6.77823829e+09  9.86e+03     109s
  32   2.38e-07 1.31e-06   1.07025243e+10  6.98717066e+09  4.14e+03     113s
  33   1.19e-07 5.07e-07   8.51965842e+09  7.07463682e+09  1.61e+03     116s
  34   1.19e-07 1.96e-07   7.65164495e+09  7.11996127e+09  5.93e+02     119s
  35   7.45e-08 8.75e-08   7.36791543e+09  7.13986916e+09  2.54e+02     122s
  36   7.45e-08 3.26e-08   7.20899547e+09  7.15065235e+09  6.50e+01     125s
  37   1.34e-07 1.30e-08   7.17036512e+09  7.15481580e+09  1.73e+01     128s
  38   8.07e-08 4.66e-09   7.15844717e+09  7.15679886e+09  1.84e+00     131s
  39   2.09e-07 2.79e-09   7.15726990e+09  7.15709099e+09  1.99e-01     133s
  40   1.94e-07 3.73e-09   7.15711123e+09  7.15710436e+09  7.65e-03     136s
  41   8.94e-08 2.79e-09   7.15710643e+09  7.15710562e+09  9.00e-04     138s
  42   1.94e-07 2.79e-09   7.15710582e+09  7.15710572e+09  1.14e-04     141s
  43   4.17e-07 9.31e-10   7.15710574e+09  7.15710573e+09  1.53e-05     143s
  44*  4.10e-07 9.31e-10   7.15710573e+09  7.15710573e+09  1.14e-06     144s
Summary
    Runtime:                                            144.11s
    Status interior point solve:                        optimal
    Status crossover:                                   not run
    objective value:                                    7.15710573e+09
    interior solution primal residual (abs/rel):        3.73e-07 / 4.08e-15
    interior solution dual residual (abs/rel):          9.31e-10 / 1.01e-16
    interior solution objective gap (abs/rel):          7.83e-01 / 1.09e-10
Ipx: IPM       optimal
Model   status      : Optimal
IPM       iterations: 44
Objective value     :  7.1571057291e+09
HiGHS run time      :        150.85
Presolving model
559303 rows, 1353546 cols, 3319742 nonzeros
424011 rows, 884008 cols, 2381008 nonzeros
418686 rows, 496734 cols, 1604456 nonzeros
412519 rows, 490109 cols, 1591169 nonzeros
Presolve : Reductions: rows 412519(-6507948); columns 490109(-4116329); elements 1591169(-22024312)
Solving the presolved LP
IPX model has 412519 rows, 490109 columns and 1591169 nonzeros
Input
    Number of variables:                                490109
    Number of free variables:                           0
    Number of constraints:                              412519
    Number of equality constraints:                     37148
    Number of matrix entries:                           1591169
    Matrix range:                                       [1e-02, 1e+00]
    RHS range:                                          [2e+05, 6e+07]
    Objective range:                                    [3e-04, 9e+06]
    Bounds range:                                       [7e+05, 9e+07]
Preprocessing
    Dualized model:                                     no
    Number of dense columns:                            0
    Range of scaling factors:                           [1.00e+00, 2.00e+00]
IPX version 1.0
Interior Point Solve
 Iter     P.res    D.res            P.obj           D.obj        mu     Time
   0   1.24e+07 2.31e+06   1.27432087e+14 -2.28895536e+18  3.16e+13       0s
   1   4.63e+06 1.92e+06   3.75128672e+17 -1.97008177e+18  2.83e+13       1s
   2   2.27e+06 1.58e+06   6.31997343e+17 -1.75183085e+18  3.03e+13       2s
   3   7.92e+05 5.26e+05   6.09620094e+17 -6.24972993e+17  1.05e+13       3s
   4   2.99e+05 2.80e+05   5.60542773e+17 -3.81399564e+17  6.07e+12       4s
   5   1.16e+05 6.97e+04   4.48208528e+17 -1.19000864e+17  1.83e+12       8s
 Constructing starting basis...
   6   1.50e+04 2.39e+04   2.30838090e+17 -4.80132627e+16  6.62e+11      16s
   7   1.05e+04 9.90e+03   1.94585998e+17 -2.49319514e+16  3.80e+11      21s
   8   3.24e+03 3.02e+03   1.01389922e+17 -1.02669632e+16  1.54e+11      25s
   9   1.88e+03 1.36e+03   7.00646651e+16 -5.65427653e+15  9.54e+10      30s
  10   9.13e+02 4.83e+02   3.69485502e+16 -2.15729537e+15  4.63e+10      34s
  11   2.46e+02 1.87e+02   1.20333602e+16 -9.12881724e+14  1.51e+10      38s
  12   6.39e+01 9.91e+01   4.23055035e+15 -5.15533955e+14  5.63e+09      42s
  13   2.35e+01 5.18e+01   3.01144753e+15 -3.25539127e+14  3.94e+09      45s
  14   4.30e+00 2.79e+01   1.15618527e+15 -1.90262335e+14  1.63e+09      49s
  15   2.08e+00 1.95e+01   7.39985201e+14 -1.36141826e+14  1.08e+09      52s
  16   8.30e-01 1.26e+01   3.56704124e+14 -8.89488177e+13  5.62e+08      56s
  17   2.74e-01 9.51e+00   1.54035777e+14 -6.74622751e+13  2.97e+08      60s
  18   2.82e-02 4.45e+00   6.76648258e+13 -3.27915076e+13  1.36e+08      63s
  19   9.39e-03 1.69e+00   3.76761006e+13 -1.30729537e+13  6.59e+07      67s
  20   4.18e-03 6.00e-01   2.21959240e+13 -4.89486054e+12  3.35e+07      70s
  21   1.55e-03 2.94e-01   1.05087597e+13 -2.47050052e+12  1.60e+07      74s
  22   5.10e-04 8.17e-02   4.56253769e+12 -7.29224018e+11  6.31e+06      77s
  23   6.24e-05 2.39e-02   1.69722085e+12 -2.45863787e+11  2.28e+06      81s
  24   3.37e-05 1.19e-02   1.05479006e+12 -1.24601450e+11  1.36e+06      84s
  25   1.57e-05 4.37e-03   6.71819442e+11 -4.98868793e+10  8.18e+05      88s
  26   2.92e-06 1.94e-03   4.81539509e+11 -2.80338444e+10  5.73e+05      92s
  27   1.31e-06 5.17e-04   2.47992673e+11 -4.07089031e+09  2.82e+05      96s
  28   5.36e-07 1.45e-04   1.46985118e+11  1.79193454e+09  1.62e+05     100s
  29   2.09e-07 4.96e-05   7.64089526e+10  4.47401803e+09  8.02e+04     103s
  30   1.79e-07 1.93e-05   3.00905404e+10  5.90394108e+09  2.70e+04     107s
  31   4.49e-08 6.88e-06   1.57051298e+10  6.64391337e+09  1.01e+04     110s
  32   6.71e-08 2.47e-06   1.09242071e+10  6.91795511e+09  4.46e+03     113s
  33   7.45e-08 8.88e-07   8.66350553e+09  7.04160693e+09  1.81e+03     117s
  34   1.49e-07 3.37e-07   7.72245610e+09  7.09990026e+09  6.94e+02     120s
  35   1.34e-07 1.71e-07   7.43573229e+09  7.12082170e+09  3.51e+02     123s
  36   1.04e-07 5.40e-08   7.24148982e+09  7.13615187e+09  1.17e+02     126s
  37   5.96e-08 2.05e-08   7.17147028e+09  7.14106235e+09  3.39e+01     129s
  38   1.79e-07 5.59e-09   7.14499499e+09  7.14341742e+09  1.76e+00     132s
  39   4.47e-08 3.73e-09   7.14394466e+09  7.14382711e+09  1.31e-01     135s
  40   1.79e-07 2.79e-09   7.14386712e+09  7.14385514e+09  1.33e-02     137s
  41   8.22e-08 3.73e-09   7.14385853e+09  7.14385728e+09  1.39e-03     140s
  42   2.38e-07 2.79e-09   7.14385769e+09  7.14385745e+09  2.58e-04     142s
  43   9.09e-07 9.31e-10   7.14385756e+09  7.14385755e+09  1.56e-05     146s
  44*  5.07e-07 9.31e-10   7.14385756e+09  7.14385755e+09  1.93e-06     148s
Summary
    Runtime:                                            147.76s
    Status interior point solve:                        optimal
    Status crossover:                                   not run
    objective value:                                    7.14385755e+09
    interior solution primal residual (abs/rel):        5.22e-07 / 5.72e-15
    interior solution dual residual (abs/rel):          9.31e-10 / 1.01e-16
    interior solution objective gap (abs/rel):          1.31e+00 / 1.83e-10
Ipx: IPM       optimal
Model   status      : Optimal
IPM       iterations: 44
Objective value     :  7.1438575549e+09
HiGHS run time      :        154.48
Presolving model
559303 rows, 1353546 cols, 3319742 nonzeros
424011 rows, 884008 cols, 2381008 nonzeros
418686 rows, 496734 cols, 1604456 nonzeros
412519 rows, 490109 cols, 1591169 nonzeros
Presolve : Reductions: rows 412519(-6527988); columns 490109(-4116329); elements 1591169(-22044352)
Solving the presolved LP
IPX model has 412519 rows, 490109 columns and 1591169 nonzeros
Input
    Number of variables:                                490109
    Number of free variables:                           0
    Number of constraints:                              412519
    Number of equality constraints:                     37148
    Number of matrix entries:                           1591169
    Matrix range:                                       [1e-02, 1e+00]
    RHS range:                                          [2e+05, 6e+07]
    Objective range:                                    [3e-04, 9e+06]
    Bounds range:                                       [7e+05, 9e+07]
Preprocessing
    Dualized model:                                     no
    Number of dense columns:                            0
    Range of scaling factors:                           [1.00e+00, 2.00e+00]
IPX version 1.0
Interior Point Solve
 Iter     P.res    D.res            P.obj           D.obj        mu     Time
   0   1.24e+07 2.31e+06   1.27432032e+14 -2.28895536e+18  3.16e+13       0s
   1   4.63e+06 1.92e+06   3.75130320e+17 -1.97008176e+18  2.83e+13       1s
   2   2.27e+06 1.58e+06   6.32000175e+17 -1.75183090e+18  3.03e+13       2s
   3   7.92e+05 5.26e+05   6.09622985e+17 -6.24972776e+17  1.05e+13       3s
   4   2.99e+05 2.80e+05   5.60546531e+17 -3.81400027e+17  6.07e+12       4s
   5   1.17e+05 6.97e+04   4.49248085e+17 -1.19015815e+17  1.84e+12       8s
 Constructing starting basis...
   6   1.51e+04 2.39e+04   2.30881644e+17 -4.79864951e+16  6.61e+11      16s
   7   1.06e+04 9.90e+03   1.94669824e+17 -2.49391217e+16  3.80e+11      21s
   8   3.25e+03 3.02e+03   1.01172516e+17 -1.02482794e+16  1.54e+11      25s
   9   1.88e+03 1.36e+03   6.98100858e+16 -5.65091911e+15  9.51e+10      30s
  10   9.23e+02 4.66e+02   3.70227741e+16 -2.07985513e+15  4.62e+10      34s
  11   2.51e+02 1.87e+02   1.20830678e+16 -9.06881585e+14  1.52e+10      38s
  12   6.45e+01 9.83e+01   4.19987892e+15 -5.09958542e+14  5.58e+09      42s
  13   2.35e+01 5.21e+01   3.01904362e+15 -3.26304429e+14  3.95e+09      45s
  14   3.86e+00 2.79e+01   1.10235710e+15 -1.89503728e+14  1.57e+09      49s
  15   1.95e+00 1.90e+01   7.33794556e+14 -1.32632691e+14  1.06e+09      53s
  16   8.57e-01 1.22e+01   3.79047916e+14 -8.58701967e+13  5.82e+08      56s
  17   3.18e-01 9.06e+00   1.73102599e+14 -6.43251093e+13  3.12e+08      60s
  18   5.14e-02 4.29e+00   7.39207196e+13 -3.16325739e+13  1.41e+08      64s
  19   1.36e-02 1.77e+00   3.80033014e+13 -1.36598158e+13  6.74e+07      67s
  20   6.22e-03 6.83e-01   2.33636512e+13 -5.55740230e+12  3.60e+07      71s
  21   2.02e-03 2.41e-01   1.01494563e+13 -2.05615846e+12  1.49e+07      74s
  22   7.50e-04 6.99e-02   4.62014826e+12 -6.29741234e+11  6.21e+06      78s
  23   1.56e-04 2.01e-02   1.45983348e+12 -1.94002805e+11  1.93e+06      82s
  24   9.49e-05 1.07e-02   1.01905924e+12 -1.06472533e+11  1.29e+06      85s
  25   5.26e-05 4.65e-03   6.56556678e+11 -4.68278398e+10  7.98e+05      89s
  26   8.34e-06 1.91e-03   4.04845859e+11 -2.35325687e+10  4.82e+05      93s
  27   4.05e-06 4.79e-04   2.33022875e+11 -2.66772440e+09  2.63e+05      97s
  28   1.31e-06 1.41e-04   1.19633729e+11  2.50760205e+09  1.31e+05     100s
  29   3.87e-07 5.07e-05   5.91138936e+10  4.72032320e+09  6.06e+04     104s
  30   1.19e-07 1.91e-05   2.76456980e+10  6.03278460e+09  2.41e+04     107s
  31   7.45e-08 6.19e-06   1.48551829e+10  6.72989755e+09  9.06e+03     110s
  32   8.94e-08 2.18e-06   1.04161143e+10  6.95649622e+09  3.86e+03     114s
  33   5.96e-08 8.77e-07   8.37846507e+09  7.05164096e+09  1.48e+03     117s
  34   1.94e-07 3.51e-07   7.57168888e+09  7.10087188e+09  5.25e+02     120s
  35   1.04e-07 1.29e-07   7.36032534e+09  7.12462011e+09  2.63e+02     123s
  36   2.09e-07 4.56e-08   7.20797378e+09  7.13401515e+09  8.24e+01     126s
  37   1.04e-07 1.58e-08   7.15983345e+09  7.13768076e+09  2.47e+01     129s
  38   1.19e-07 5.59e-09   7.14198888e+09  7.13912563e+09  3.19e+00     131s
  39   4.47e-08 3.73e-09   7.13992575e+09  7.13942600e+09  5.57e-01     134s
  40   1.49e-07 2.79e-09   7.13951757e+09  7.13945093e+09  7.43e-02     136s
  41   8.94e-08 3.73e-09   7.13946781e+09  7.13945442e+09  1.49e-02     139s
  42   1.49e-07 5.59e-09   7.13945818e+09  7.13945489e+09  3.66e-03     141s
  43   1.79e-07 3.73e-09   7.13945541e+09  7.13945502e+09  4.30e-04     143s
  44   4.77e-07 1.86e-09   7.13945510e+09  7.13945505e+09  5.58e-05     146s
  45*  1.86e-07 9.31e-10   7.13945505e+09  7.13945505e+09  4.00e-06     147s
Summary
    Runtime:                                            147.17s
    Status interior point solve:                        optimal
    Status crossover:                                   not run
    objective value:                                    7.13945505e+09
    interior solution primal residual (abs/rel):        5.51e-07 / 6.04e-15
    interior solution dual residual (abs/rel):          9.31e-10 / 1.01e-16
    interior solution objective gap (abs/rel):          3.40e+00 / 4.77e-10
Ipx: IPM       optimal
Model   status      : Optimal
IPM       iterations: 45
Objective value     :  7.1394550510e+09
HiGHS run time      :        153.91
Running HiGHS 1.6.0: Copyright (c) 2023 HiGHS under MIT licence terms
Presolving model
167315 rows, 483196 cols, 1108872 nonzeros
126122 rows, 301575 cols, 747391 nonzeros
123919 rows, 167277 cols, 478425 nonzeros
120796 rows, 162984 cols, 469740 nonzeros
Presolve : Reductions: rows 120796(-3289704); columns 162984(-2140601); elements 469740(-9981333)
Solving the presolved LP
IPX model has 120796 rows, 162984 columns and 469740 nonzeros
Input
    Number of variables:                                162984
    Number of free variables:                           0
    Number of constraints:                              120796
    Number of equality constraints:                     18908
    Number of matrix entries:                           469740
    Matrix range:                                       [1e-02, 1e+00]
    RHS range:                                          [2e+05, 1e+08]
    Objective range:                                    [2e-04, 1e+06]
    Bounds range:                                       [5e+04, 9e+07]
Preprocessing
    Dualized model:                                     no
    Number of dense columns:                            0
    Range of scaling factors:                           [1.00e+00, 2.00e+00]
IPX version 1.0
Interior Point Solve
 Iter     P.res    D.res            P.obj           D.obj        mu     Time
   0   2.42e+07 1.48e+05   6.55519679e+13 -5.87144520e+16  4.11e+12       0s
   1   7.82e+06 1.14e+05   5.57797032e+16 -4.98280048e+16  2.93e+12       0s
   2   3.95e+06 9.64e+04   7.58656348e+16 -4.55647898e+16  2.78e+12       0s
   3   1.52e+06 2.42e+04   6.29991709e+16 -1.33550952e+16  8.23e+11       0s
   4   5.24e+05 7.61e+03   4.04733792e+16 -5.45808122e+15  3.04e+11       1s
   5   1.21e+05 1.71e+03   1.68047176e+16 -1.63350530e+15  8.38e+10       1s
 Constructing starting basis...
   6   2.79e+04 4.81e+02   5.80827325e+15 -6.27771499e+14  2.73e+10       3s
   7   1.49e+04 1.93e+02   4.17085793e+15 -4.01088311e+14  1.81e+10       3s
   8   5.33e+03 8.63e+01   2.27103217e+15 -2.45214234e+14  9.73e+09       4s
   9   1.67e+03 3.43e+01   1.53074742e+15 -1.65644248e+14  6.43e+09       5s
  10   7.19e+02 9.76e+00   1.09066615e+15 -8.84057735e+13  4.35e+09       5s
  11   4.36e+02 4.63e+00   8.44759368e+14 -5.28452247e+13  3.30e+09       6s
  12   9.37e+01 5.27e-01   5.86660211e+14 -2.75740187e+13  2.22e+09       6s
  13   6.80e+00 2.33e-01   2.67403024e+14 -5.18156288e+12  1.01e+09       7s
  14   2.07e+00 7.28e-02   1.56993829e+14  1.94826633e+13  5.05e+08       8s
  15   1.53e+00 3.12e-02   1.31936225e+14  2.86606606e+13  3.75e+08       9s
  16   8.33e-01 1.69e-02   9.13377561e+13  3.25447309e+13  2.13e+08      10s
  17   3.40e-01 7.80e-03   6.31284219e+13  3.50506590e+13  1.02e+08      11s
  18   1.13e-01 5.13e-03   4.82311177e+13  3.58973058e+13  4.48e+07      12s
  19   7.76e-02 2.80e-03   4.67733156e+13  3.65021519e+13  3.71e+07      12s
  20   5.25e-02 7.24e-04   4.42276147e+13  3.73932633e+13  2.45e+07      13s
  21   9.20e-03 1.83e-04   3.96961709e+13  3.76326466e+13  7.37e+06      13s
  22   6.95e-04 7.90e-05   3.84650568e+13  3.76983014e+13  2.74e+06      14s
  23   4.63e-04 2.23e-05   3.82536096e+13  3.77683519e+13  1.73e+06      15s
  24   1.41e-04 5.68e-06   3.79563732e+13  3.77891943e+13  5.96e+05      15s
  25   9.25e-05 1.74e-06   3.79041739e+13  3.77953071e+13  3.88e+05      16s
  26   2.10e-05 5.36e-07   3.78253205e+13  3.77971834e+13  1.00e+05      16s
  27   4.11e-06 2.50e-07   3.78052797e+13  3.77976847e+13  2.71e+04      17s
  28   1.06e-06 1.11e-07   3.78005369e+13  3.77979997e+13  9.05e+03      17s
  29   3.87e-07 6.22e-08   3.77993825e+13  3.77981180e+13  4.51e+03      18s
  30   1.64e-07 3.03e-08   3.77989128e+13  3.77981999e+13  2.54e+03      18s
  31   2.09e-07 1.14e-08   3.77986033e+13  3.77982588e+13  1.23e+03      19s
  32   1.49e-07 3.73e-09   3.77984411e+13  3.77982844e+13  5.59e+02      19s
  33   1.19e-07 1.86e-09   3.77983596e+13  3.77982927e+13  2.38e+02      20s
  34   1.79e-07 6.98e-10   3.77983224e+13  3.77982971e+13  9.01e+01      20s
  35   2.68e-07 4.66e-10   3.77983113e+13  3.77982988e+13  4.46e+01      21s
  36   2.68e-07 2.33e-10   3.77983052e+13  3.77982996e+13  2.01e+01      21s
  37   3.58e-07 2.33e-10   3.77983006e+13  3.77982999e+13  2.81e+00      21s
  38   8.94e-08 2.33e-10   3.77983001e+13  3.77983000e+13  6.52e-01      22s
  39*  2.38e-07 4.66e-10   3.77983000e+13  3.77983000e+13  1.04e-01      22s
Summary
    Runtime:                                            22.04s
    Status interior point solve:                        optimal
    Status crossover:                                   not run
    objective value:                                    3.77983000e+13
    interior solution primal residual (abs/rel):        2.68e-07 / 2.42e-15
    interior solution dual residual (abs/rel):          4.66e-10 / 3.56e-16
    interior solution objective gap (abs/rel):          2.91e+04 / 7.70e-10
Ipx: IPM       optimal
Model   status      : Optimal
IPM       iterations: 39
Objective value     :  3.7798291329e+13
HiGHS run time      :         26.02
Presolving model
167315 rows, 483196 cols, 1108872 nonzeros
126122 rows, 301575 cols, 747391 nonzeros
123919 rows, 167277 cols, 478425 nonzeros
120796 rows, 162984 cols, 469740 nonzeros
Presolve : Reductions: rows 120796(-3299724); columns 162984(-2140601); elements 469740(-9991353)
Solving the presolved LP
IPX model has 120796 rows, 162984 columns and 469740 nonzeros
Input
    Number of variables:                                162984
    Number of free variables:                           0
    Number of constraints:                              120796
    Number of equality constraints:                     18908
    Number of matrix entries:                           469740
    Matrix range:                                       [1e-02, 1e+00]
    RHS range:                                          [2e+05, 1e+08]
    Objective range:                                    [2e-04, 1e+06]
    Bounds range:                                       [5e+04, 9e+07]
Preprocessing
    Dualized model:                                     no
    Number of dense columns:                            0
    Range of scaling factors:                           [1.00e+00, 2.00e+00]
IPX version 1.0
Interior Point Solve
 Iter     P.res    D.res            P.obj           D.obj        mu     Time
   0   2.42e+07 1.47e+05   5.61346472e+13 -5.85772462e+16  4.09e+12       0s
   1   7.82e+06 1.14e+05   5.44785044e+16 -4.97322237e+16  2.92e+12       0s
   2   3.95e+06 9.59e+04   7.41802234e+16 -4.54428111e+16  2.77e+12       0s
   3   1.51e+06 2.40e+04   6.15632511e+16 -1.32258163e+16  8.13e+11       0s
   4   5.01e+05 7.49e+03   3.93208402e+16 -5.43014374e+15  2.98e+11       1s
   5   1.52e+05 1.82e+03   1.83629646e+16 -1.67969704e+15  9.30e+10       1s
 Constructing starting basis...
   6   3.90e+04 5.08e+02   6.44213273e+15 -6.28866654e+14  3.03e+10       3s
   7   1.98e+04 9.38e+01   4.12847862e+15 -2.78199814e+14  1.69e+10       3s
   8   5.17e+03 3.43e+01   1.46575360e+15 -1.35391238e+14  6.07e+09       4s
   9   1.46e+03 1.78e+01   5.24774834e+14 -7.48743708e+13  2.30e+09       5s
  10   3.81e+02 9.83e+00   1.63587757e+14 -4.22076958e+13  8.17e+08       5s
  11   9.18e+01 4.49e+00   6.24219594e+13 -2.06597278e+13  3.35e+08       6s
  12   2.22e+01 2.06e+00   2.25158539e+13 -9.88349730e+12  1.33e+08       6s
  13   1.93e+00 6.99e-01   5.79266060e+12 -3.58209412e+12  3.95e+07       7s
  14   6.23e-01 2.44e-01   2.24489428e+12 -1.27473327e+12  1.46e+07       8s
  15   2.79e-01 8.89e-02   1.44837665e+12 -5.01764637e+11  7.71e+06       8s
  16   1.36e-01 3.94e-02   8.55599620e+11 -2.32808296e+11  4.20e+06       9s
  17   7.70e-02 1.07e-02   5.78572863e+11 -7.22049796e+10  2.40e+06       9s
  18   4.19e-02 4.38e-03   3.47490804e+11 -3.00552976e+10  1.37e+06      10s
  19   2.16e-02 1.16e-03   2.73823391e+11 -1.61541388e+10  1.04e+06      10s
  20   1.12e-02 4.72e-04   1.62450292e+11 -6.09684574e+09  6.04e+05      11s
  21   4.80e-03 1.91e-04   1.14005233e+11 -3.74496509e+09  4.21e+05      11s
  22   2.07e-03 3.83e-05   5.83548339e+10  1.23565116e+09  2.04e+05      11s
  23   6.70e-04 1.55e-05   3.50489057e+10  1.67081629e+09  1.19e+05      12s
  24   2.29e-04 7.72e-06   2.66743437e+10  1.89522095e+09  8.84e+04      12s
  25   1.01e-04 3.58e-06   1.45061471e+10  2.68349291e+09  4.22e+04      13s
  26   1.71e-05 2.83e-06   1.12651629e+10  2.74148306e+09  3.04e+04      14s
  27   6.33e-06 6.90e-07   6.75261894e+09  3.26239146e+09  1.24e+04      14s
  28   2.12e-06 3.48e-07   5.52361713e+09  3.31930627e+09  7.86e+03      14s
  29   8.79e-07 1.24e-07   4.49984380e+09  3.40941033e+09  3.89e+03      15s
  30   2.09e-07 3.75e-08   4.01528476e+09  3.43638380e+09  2.06e+03      15s
  31   2.38e-07 1.75e-08   3.76472227e+09  3.45972718e+09  1.09e+03      16s
  32   1.79e-07 2.10e-09   3.61927234e+09  3.47354176e+09  5.20e+02      16s
  33   4.17e-07 9.31e-10   3.52112823e+09  3.48012410e+09  1.46e+02      17s
  34   1.79e-07 4.66e-10   3.50029275e+09  3.48213373e+09  6.47e+01      17s
  35   4.17e-07 2.33e-10   3.48769117e+09  3.48317607e+09  1.61e+01      17s
  36   2.98e-07 4.66e-10   3.48385412e+09  3.48343172e+09  1.51e+00      18s
  37   1.49e-07 4.66e-10   3.48353561e+09  3.48348597e+09  1.77e-01      18s
  38   3.28e-07 4.66e-10   3.48350101e+09  3.48349251e+09  3.03e-02      18s
  39   1.49e-07 4.66e-10   3.48349495e+09  3.48349397e+09  3.47e-03      19s
  40   2.09e-07 4.66e-10   3.48349440e+09  3.48349430e+09  3.38e-04      19s
  41   2.38e-07 4.66e-10   3.48349434e+09  3.48349433e+09  4.10e-05      19s
  42   6.85e-07 2.33e-10   3.48349434e+09  3.48349433e+09  2.09e-05      20s
  43*  5.36e-07 1.16e-10   3.48349433e+09  3.48349433e+09  4.36e-06      20s
Summary
    Runtime:                                            20.24s
    Status interior point solve:                        optimal
    Status crossover:                                   not run
    objective value:                                    3.48349433e+09
    interior solution primal residual (abs/rel):        3.87e-07 / 3.49e-15
    interior solution dual residual (abs/rel):          2.33e-10 / 1.78e-16
    interior solution objective gap (abs/rel):          1.12e+00 / 3.21e-10
Ipx: IPM       optimal
Model   status      : Optimal
IPM       iterations: 43
Objective value     :  3.4834943320e+09
HiGHS run time      :         24.11
Presolving model
167315 rows, 483196 cols, 1108872 nonzeros
126122 rows, 301575 cols, 747391 nonzeros
123919 rows, 167277 cols, 478425 nonzeros
120796 rows, 162984 cols, 469740 nonzeros
Presolve : Reductions: rows 120796(-3309744); columns 162984(-2140601); elements 469740(-10001373)
Solving the presolved LP
IPX model has 120796 rows, 162984 columns and 469740 nonzeros
Input
    Number of variables:                                162984
    Number of free variables:                           0
    Number of constraints:                              120796
    Number of equality constraints:                     18908
    Number of matrix entries:                           469740
    Matrix range:                                       [1e-02, 1e+00]
    RHS range:                                          [2e+05, 1e+08]
    Objective range:                                    [2e-04, 1e+06]
    Bounds range:                                       [5e+04, 9e+07]
Preprocessing
    Dualized model:                                     no
    Number of dense columns:                            0
    Range of scaling factors:                           [1.00e+00, 2.00e+00]
IPX version 1.0
Interior Point Solve
 Iter     P.res    D.res            P.obj           D.obj        mu     Time
   0   2.42e+07 1.47e+05   5.68386123e+13 -5.86023285e+16  4.09e+12       0s
   1   7.82e+06 1.14e+05   5.46254778e+16 -4.97425796e+16  2.92e+12       0s
   2   3.95e+06 9.60e+04   7.43800163e+16 -4.54727724e+16  2.77e+12       0s
   3   1.51e+06 2.41e+04   6.17265055e+16 -1.32848617e+16  8.16e+11       0s
   4   5.25e+05 7.60e+03   4.00394571e+16 -5.49093612e+15  3.04e+11       1s
   5   1.21e+05 1.84e+03   1.64399216e+16 -1.69605052e+15  8.45e+10       1s
 Constructing starting basis...
   6   3.07e+04 5.28e+02   5.84635352e+15 -6.34223561e+14  2.80e+10       3s
   7   1.49e+04 1.57e+02   3.76182534e+15 -3.31633848e+14  1.61e+10       3s
   8   3.45e+03 8.49e+01   1.37761069e+15 -2.09486899e+14  6.30e+09       4s
   9   7.97e+02 4.45e+01   4.87883898e+14 -1.16017062e+14  2.47e+09       5s
  10   2.00e+02 2.01e+01   1.82149163e+14 -5.47069479e+13  9.86e+08       5s
  11   7.24e+01 9.20e+00   8.68039131e+13 -2.67431386e+13  4.71e+08       6s
  12   1.91e+01 4.17e+00   3.02960991e+13 -1.25363932e+13  1.83e+08       7s
  13   2.54e+00 1.20e+00   9.60637011e+12 -3.97346683e+12  5.73e+07       7s
  14   6.99e-01 3.89e-01   3.40519487e+12 -1.33906166e+12  1.97e+07       8s
  15   3.80e-01 1.89e-01   2.22359531e+12 -6.81615159e+11  1.17e+07       8s
  16   1.01e-01 5.79e-02   8.99688698e+11 -2.29029857e+11  4.43e+06       8s
  17   1.26e-02 1.81e-02   3.59847726e+11 -8.38719852e+10  1.70e+06       9s
  18   5.26e-03 5.68e-03   2.00115621e+11 -2.78501981e+10  8.45e+05       9s
  19   1.49e-03 2.25e-03   7.30213422e+10 -9.63528910e+09  3.03e+05      10s
  20   7.30e-04 5.93e-04   4.46466019e+10 -7.75203777e+08  1.63e+05      10s
  21   3.36e-04 2.62e-04   2.82242446e+10  1.07353413e+09  9.73e+04      11s
  22   1.87e-04 1.12e-04   2.03474700e+10  2.09870128e+09  6.52e+04      11s
  23   5.20e-05 4.36e-05   1.26779179e+10  2.58891343e+09  3.60e+04      12s
  24   7.15e-06 2.22e-05   9.22373931e+09  2.78652809e+09  2.30e+04      12s
  25   2.74e-06 7.38e-06   5.94809655e+09  3.15271596e+09  9.97e+03      13s
  26   8.05e-07 4.32e-06   4.87578943e+09  3.21410025e+09  5.92e+03      13s
  27   2.71e-07 1.03e-06   4.17431951e+09  3.31555187e+09  3.06e+03      14s
  28   1.19e-07 5.93e-07   3.76596976e+09  3.33299161e+09  1.54e+03      14s
  29   1.79e-07 2.28e-07   3.52573231e+09  3.35972976e+09  5.92e+02      15s
  30   1.19e-07 8.01e-08   3.43854857e+09  3.37187848e+09  2.38e+02      15s
  31   1.79e-07 2.54e-08   3.40240061e+09  3.37715774e+09  9.00e+01      15s
  32   2.38e-07 5.12e-09   3.38787491e+09  3.37953257e+09  2.97e+01      16s
  33   1.79e-07 9.31e-10   3.38091785e+09  3.38008199e+09  2.98e+00      16s
  34   2.38e-07 3.49e-10   3.38032586e+09  3.38019803e+09  4.56e-01      16s
  35   2.09e-07 2.33e-10   3.38022780e+09  3.38021394e+09  4.94e-02      17s
  36   2.98e-07 2.33e-10   3.38021712e+09  3.38021607e+09  3.76e-03      17s
  37   1.79e-07 2.33e-10   3.38021678e+09  3.38021669e+09  3.35e-04      17s
  38   1.49e-07 2.33e-10   3.38021674e+09  3.38021673e+09  4.05e-05      18s
  39   5.36e-07 1.16e-10   3.38021674e+09  3.38021673e+09  1.95e-05      18s
  40*  3.58e-07 1.16e-10   3.38021673e+09  3.38021673e+09  4.92e-06      19s
Summary
    Runtime:                                            18.60s
    Status interior point solve:                        optimal
    Status crossover:                                   not run
    objective value:                                    3.38021673e+09
    interior solution primal residual (abs/rel):        5.07e-07 / 4.56e-15
    interior solution dual residual (abs/rel):          4.87e-10 / 3.72e-16
    interior solution objective gap (abs/rel):          1.24e+00 / 3.67e-10
Ipx: IPM       optimal
Model   status      : Optimal
IPM       iterations: 40
Objective value     :  3.3802167328e+09
HiGHS run time      :         22.44
Presolving model
167315 rows, 483196 cols, 1108872 nonzeros
126122 rows, 301575 cols, 747391 nonzeros
123919 rows, 167277 cols, 478425 nonzeros
120796 rows, 162984 cols, 469740 nonzeros
Presolve : Reductions: rows 120796(-3319764); columns 162984(-2140601); elements 469740(-10011393)
Solving the presolved LP
IPX model has 120796 rows, 162984 columns and 469740 nonzeros
Input
    Number of variables:                                162984
    Number of free variables:                           0
    Number of constraints:                              120796
    Number of equality constraints:                     18908
    Number of matrix entries:                           469740
    Matrix range:                                       [1e-02, 1e+00]
    RHS range:                                          [2e+05, 1e+08]
    Objective range:                                    [2e-04, 1e+06]
    Bounds range:                                       [5e+04, 9e+07]
Preprocessing
    Dualized model:                                     no
    Number of dense columns:                            0
    Range of scaling factors:                           [1.00e+00, 2.00e+00]
IPX version 1.0
Interior Point Solve
 Iter     P.res    D.res            P.obj           D.obj        mu     Time
   0   2.42e+07 1.47e+05   5.69805683e+13 -5.86120271e+16  4.09e+12       0s
   1   7.82e+06 1.14e+05   5.46436034e+16 -4.97508452e+16  2.92e+12       0s
   2   3.95e+06 9.60e+04   7.44067180e+16 -4.54811838e+16  2.77e+12       0s
   3   1.51e+06 2.41e+04   6.17509341e+16 -1.32866326e+16  8.16e+11       0s
   4   5.25e+05 7.60e+03   4.00518230e+16 -5.49217004e+15  3.04e+11       1s
   5   1.21e+05 1.84e+03   1.64351481e+16 -1.69615818e+15  8.45e+10       1s
 Constructing starting basis...
   6   3.03e+04 5.26e+02   5.80524073e+15 -6.33346590e+14  2.78e+10       3s
   7   1.45e+04 1.55e+02   3.74996179e+15 -3.35836183e+14  1.60e+10       3s
   8   3.03e+03 8.55e+01   1.28822902e+15 -2.13289185e+14  5.98e+09       4s
   9   6.86e+02 4.46e+01   4.66254786e+14 -1.17577109e+14  2.39e+09       5s
  10   1.63e+02 2.12e+01   1.73032686e+14 -5.82604889e+13  9.74e+08       5s
  11   5.63e+01 9.52e+00   8.10677298e+13 -2.78685383e+13  4.57e+08       6s
  12   1.54e+01 4.30e+00   3.01181018e+13 -1.30390211e+13  1.85e+08       6s
  13   2.10e+00 1.23e+00   9.37992508e+12 -4.07513606e+12  5.71e+07       7s
  14   6.06e-01 3.96e-01   3.49315015e+12 -1.36900323e+12  2.02e+07       8s
  15   3.10e-01 1.91e-01   2.20860257e+12 -6.92973399e+11  1.17e+07       8s
  16   8.93e-02 5.87e-02   9.26087829e+11 -2.32651904e+11  4.55e+06       8s
  17   1.93e-02 1.86e-02   4.17547265e+11 -8.57485540e+10  1.92e+06       9s
  18   8.94e-03 5.76e-03   2.36355254e+11 -2.77256392e+10  9.75e+05       9s
  19   2.51e-03 2.53e-03   9.28444784e+10 -1.14736385e+10  3.82e+05      10s
  20   1.10e-03 6.32e-04   5.09381084e+10 -1.08739967e+09  1.87e+05      10s
  21   4.92e-04 2.20e-04   3.26709421e+10  1.08884149e+09  1.13e+05      11s
  22   2.69e-04 8.87e-05   2.25447169e+10  2.14831511e+09  7.28e+04      11s
  23   4.34e-05 3.75e-05   1.30714472e+10  2.51929522e+09  3.77e+04      12s
  24   4.80e-06 1.69e-05   9.04890346e+09  2.78367732e+09  2.23e+04      12s
  25   1.97e-06 4.87e-06   6.02172074e+09  3.17434750e+09  1.02e+04      13s
  26   9.54e-07 2.75e-06   5.15174748e+09  3.23252516e+09  6.84e+03      13s
  27   5.36e-07 6.53e-07   4.52965575e+09  3.32277535e+09  4.30e+03      14s
  28   2.38e-07 1.56e-07   3.89616397e+09  3.35321074e+09  1.94e+03      14s
  29   2.09e-07 5.38e-08   3.56040266e+09  3.36539670e+09  6.95e+02      15s
  30   1.49e-07 1.56e-08   3.44604140e+09  3.37376414e+09  2.58e+02      15s
  31   2.98e-07 5.47e-09   3.39989969e+09  3.37691599e+09  8.19e+01      15s
  32   1.79e-07 1.16e-09   3.38681979e+09  3.37866421e+09  2.91e+01      16s
  33   2.98e-08 4.66e-10   3.37988961e+09  3.37911744e+09  2.75e+00      16s
  34   2.38e-07 2.33e-10   3.37933145e+09  3.37920440e+09  4.53e-01      16s
  35   5.96e-08 4.66e-10   3.37922872e+09  3.37922018e+09  3.05e-02      17s
  36   2.38e-07 4.66e-10   3.37922299e+09  3.37922161e+09  4.92e-03      17s
  37   2.98e-07 2.33e-10   3.37922202e+09  3.37922190e+09  4.35e-04      18s
  38   3.28e-07 2.33e-10   3.37922194e+09  3.37922193e+09  4.43e-05      18s
  39   8.94e-07 2.33e-10   3.37922193e+09  3.37922193e+09  2.35e-05      18s
  40*  2.68e-07 2.33e-10   3.37922193e+09  3.37922193e+09  5.43e-06      19s
Summary
    Runtime:                                            18.74s
    Status interior point solve:                        optimal
    Status crossover:                                   not run
    objective value:                                    3.37922193e+09
    interior solution primal residual (abs/rel):        7.45e-07 / 6.71e-15
    interior solution dual residual (abs/rel):          2.33e-10 / 1.78e-16
    interior solution objective gap (abs/rel):          1.39e+00 / 4.13e-10
Ipx: IPM       optimal
Model   status      : Optimal
IPM       iterations: 40
Objective value     :  3.3792219298e+09
HiGHS run time      :         22.61
[ Info: Rolling step not specified in scenaio.yaml file; Setting it to 10 years
[ Info: Demand-pathway mapping not specified in scenaio.yaml file; SERA will not look for eligible pathways for different demand types.
[ Info: Production capacity constraints from the grid model not defined. SERA will not create these constraints
[ Info: Regional technology limits not specified in scenaio.yaml file; SERA will not create these constraints
STARTING DATA PRE-PROCESSING 
Processing Temporal Data
Processing Nodes
Processing Demand
Processing Existings
Processing Links
Processing Pathways
Creating Infrastructure options
 22.828795 seconds (131.77 M allocations: 15.387 GiB, 34.70% gc time, 0.38% compilation time)

OPTIMIZING FROM 2026 TO 2035 

STARTING OPTIMIZATION MODEL CREATION
CREATING VARIABLES AND EXPRESSIONS
169.342521 seconds (355.01 M allocations: 22.181 GiB, 85.80% gc time, 4.64% compilation time)
POPULATING EXPRESSIONS
 61.102313 seconds (272.18 M allocations: 42.473 GiB, 13.40% gc time, 0.32% compilation time)
CREATING CONSTRAINTS
153.021926 seconds (221.89 M allocations: 12.673 GiB, 84.65% gc time, 1.24% compilation time)
POPULATED CORE OPTIMIZATION MODEL, STARTING ITERATIONS
READING COST DATA FOR ITERATION 1
 97.030583 seconds (162.94 M allocations: 15.570 GiB, 63.17% gc time, 0.40% compilation time)
CREATING EXPRESSIONS FOR CAPITAL AND FIXED COST
181.125642 seconds (163.63 M allocations: 10.347 GiB, 93.10% gc time, 0.80% compilation time)
BUILDING OBJECTIVE FUNCTION
 23.235378 seconds (57.13 M allocations: 1.794 GiB, 72.54% gc time, 3.42% compilation time)
Optimizing for iteration 1
420.137382 seconds (74.74 M allocations: 6.891 GiB, 33.47% gc time, 0.01% compilation time)
OPTIMAL
2.789740007188441e9
 =  1.0
READING COST DATA FOR ITERATION 2
791.705296 seconds (131.94 M allocations: 14.894 GiB, 24.18% gc time, 0.00% compilation time)
CREATING EXPRESSIONS FOR CAPITAL AND FIXED COST
246.046334 seconds (162.07 M allocations: 10.240 GiB, 95.51% gc time, 0.00% compilation time)
BUILDING OBJECTIVE FUNCTION
 23.712872 seconds (56.47 M allocations: 1.807 GiB, 75.76% gc time)
Optimizing for iteration 2
173.624548 seconds (5 allocations: 32 bytes)
OPTIMAL
1.0376681685145346e10
 =  0.7311529743481355
READING COST DATA FOR ITERATION 3
794.760397 seconds (131.52 M allocations: 14.902 GiB, 24.48% gc time)
CREATING EXPRESSIONS FOR CAPITAL AND FIXED COST
270.317118 seconds (162.07 M allocations: 10.240 GiB, 95.79% gc time)
BUILDING OBJECTIVE FUNCTION
 23.805960 seconds (56.47 M allocations: 1.807 GiB, 75.92% gc time)
Optimizing for iteration 3
156.475960 seconds (2 allocations: 32 bytes)
OPTIMAL
7.38684083903324e9
 =  0.40475230362565434
READING COST DATA FOR ITERATION 4
799.438203 seconds (131.51 M allocations: 14.941 GiB, 24.91% gc time)
CREATING EXPRESSIONS FOR CAPITAL AND FIXED COST
253.226793 seconds (162.07 M allocations: 10.240 GiB, 95.57% gc time)
BUILDING OBJECTIVE FUNCTION
 24.339958 seconds (56.47 M allocations: 1.807 GiB, 76.14% gc time)
Optimizing for iteration 4
149.273498 seconds (2 allocations: 32 bytes)
OPTIMAL
7.210921834957147e9
 =  0.024396187908130976
READING COST DATA FOR ITERATION 5
801.319279 seconds (131.51 M allocations: 14.830 GiB, 25.06% gc time)
CREATING EXPRESSIONS FOR CAPITAL AND FIXED COST
277.346316 seconds (162.07 M allocations: 10.240 GiB, 95.85% gc time)
BUILDING OBJECTIVE FUNCTION
 24.314707 seconds (56.47 M allocations: 1.807 GiB, 76.33% gc time)
Optimizing for iteration 5
150.911021 seconds (2 allocations: 32 bytes)
OPTIMAL
7.157105729069364e9
 =  0.00751925539801356
READING COST DATA FOR ITERATION 6
804.847967 seconds (131.51 M allocations: 14.925 GiB, 25.28% gc time)
CREATING EXPRESSIONS FOR CAPITAL AND FIXED COST
290.029605 seconds (162.07 M allocations: 10.240 GiB, 96.09% gc time)
BUILDING OBJECTIVE FUNCTION
 24.894371 seconds (56.47 M allocations: 1.807 GiB, 76.47% gc time)
Optimizing for iteration 6
154.535496 seconds (2 allocations: 32 bytes)
OPTIMAL
7.143857554854796e9
 =  0.0018544846553739047
READING COST DATA FOR ITERATION 7
807.926895 seconds (131.51 M allocations: 15.054 GiB, 25.50% gc time)
CREATING EXPRESSIONS FOR CAPITAL AND FIXED COST
274.178104 seconds (162.07 M allocations: 10.240 GiB, 95.77% gc time)
BUILDING OBJECTIVE FUNCTION
 24.944745 seconds (56.47 M allocations: 1.807 GiB, 76.86% gc time)
Optimizing for iteration 7
153.966410 seconds (2 allocations: 32 bytes)
OPTIMAL
7.139455050997135e9
 =  0.0006166442432985201
ITERATIONS COMPLETED
WRITING RESULTS TO FILE
 31.835952 seconds (32.94 M allocations: 1.355 GiB, 88.54% gc time, 2.28% compilation time)

OPTIMIZING FROM 2036 TO 2040 

STARTING OPTIMIZATION MODEL CREATION
CREATING VARIABLES AND EXPRESSIONS
348.051735 seconds (173.64 M allocations: 10.755 GiB, 97.24% gc time, 0.06% compilation time)
POPULATING EXPRESSIONS
 19.485980 seconds (75.59 M allocations: 11.660 GiB, 20.41% gc time)
CREATING CONSTRAINTS
138.647888 seconds (109.20 M allocations: 5.926 GiB, 91.84% gc time, 0.00% compilation time)
POPULATED CORE OPTIMIZATION MODEL, STARTING ITERATIONS
READING COST DATA FOR ITERATION 1
151.784112 seconds (64.86 M allocations: 7.390 GiB, 88.67% gc time)
CREATING EXPRESSIONS FOR CAPITAL AND FIXED COST
 61.001563 seconds (42.28 M allocations: 2.628 GiB, 95.41% gc time, 0.10% compilation time)
BUILDING OBJECTIVE FUNCTION
 14.681941 seconds (26.73 M allocations: 862.058 MiB, 83.74% gc time)
Optimizing for iteration 1
157.122341 seconds (38.71 M allocations: 3.387 GiB, 77.04% gc time)
OPTIMAL
3.7798291329409984e13
 =  1.0
READING COST DATA FOR ITERATION 2
275.268330 seconds (65.12 M allocations: 7.397 GiB, 48.22% gc time)
CREATING EXPRESSIONS FOR CAPITAL AND FIXED COST
 52.536844 seconds (42.28 M allocations: 2.626 GiB, 94.60% gc time)
BUILDING OBJECTIVE FUNCTION
  3.060473 seconds (26.73 M allocations: 892.666 MiB, 20.72% gc time)
Optimizing for iteration 2
 24.150052 seconds (5 allocations: 32 bytes)
OPTIMAL
3.4834943319592338e9
 =  10849.682598399897
READING COST DATA FOR ITERATION 3
288.433288 seconds (65.10 M allocations: 7.445 GiB, 50.84% gc time)
CREATING EXPRESSIONS FOR CAPITAL AND FIXED COST
 65.948767 seconds (42.28 M allocations: 2.626 GiB, 95.45% gc time)
BUILDING OBJECTIVE FUNCTION
 15.471298 seconds (26.73 M allocations: 892.666 MiB, 83.42% gc time)
Optimizing for iteration 3
 22.466772 seconds (2 allocations: 32 bytes)
OPTIMAL
3.3802167327978263e9
 =  0.030553543551970926
READING COST DATA FOR ITERATION 4
289.282653 seconds (65.10 M allocations: 7.397 GiB, 50.97% gc time)
CREATING EXPRESSIONS FOR CAPITAL AND FIXED COST
 66.246606 seconds (42.28 M allocations: 2.626 GiB, 95.45% gc time)
BUILDING OBJECTIVE FUNCTION
 15.346385 seconds (26.73 M allocations: 892.666 MiB, 83.90% gc time)
Optimizing for iteration 4
 22.636157 seconds (2 allocations: 32 bytes)
OPTIMAL
3.3792219297928586e9
 =  0.0002943881833127367
ITERATIONS COMPLETED
WRITING RESULTS TO FILE
 17.070363 seconds (25.31 M allocations: 1.079 GiB, 81.65% gc time, 4.99% compilation time)

THE OPTIMIZATION PROBLEM TOOK 180.52 MINUTES TO SOLVE. 
