Running HiGHS 1.6.0: Copyright (c) 2023 HiGHS under MIT licence terms
Presolving model
113225 rows, 313204 cols, 719619 nonzeros
83087 rows, 186570 cols, 466017 nonzeros
80693 rows, 106762 cols, 305792 nonzeros
80217 rows, 106189 cols, 304617 nonzeros
Presolve : Reductions: rows 80217(-2531899); columns 106189(-1638723); elements 304617(-7879706)
Solving the presolved LP
IPX model has 80217 rows, 106189 columns and 304617 nonzeros
Input
    Number of variables:                                106189
    Number of free variables:                           0
    Number of constraints:                              80217
    Number of equality constraints:                     13182
    Number of matrix entries:                           304617
    Matrix range:                                       [1e-02, 1e+00]
    RHS range:                                          [2e+05, 1e+07]
    Objective range:                                    [4e-04, 7e+02]
    Bounds range:                                       [7e+05, 1e+08]
Preprocessing
    Dualized model:                                     no
    Number of dense columns:                            0
    Range of scaling factors:                           [1.00e+00, 2.00e+00]
IPX version 1.0
Interior Point Solve
 Iter     P.res    D.res            P.obj           D.obj        mu     Time
   0   2.03e+06 3.25e+01   1.54921607e+09 -6.96341922e+12  1.12e+08       0s
   1   6.06e+05 2.35e+01   1.07025471e+12 -5.07145076e+12  7.73e+07       0s
   2   3.07e+05 1.47e+01   1.55413334e+12 -3.29284808e+12  5.97e+07       0s
   3   1.05e+05 2.42e+00   1.09420435e+12 -5.53503198e+11  1.40e+07       0s
   4   4.01e+04 6.41e-01   5.39422062e+11 -1.46750730e+11  4.74e+06       1s
   5   1.22e+04 1.90e-01   2.10134889e+11 -4.44419839e+10  1.58e+06       1s
   6   4.41e+03 6.01e-02   1.43687302e+11 -1.66552524e+10  9.19e+05       2s
 Constructing starting basis...
   7   2.73e+03 1.91e-02   9.74488708e+10 -4.93575955e+09  6.07e+05       3s
   8   1.66e+03 1.01e-02   6.54063341e+10 -2.14649704e+09  3.97e+05       3s
   9   7.23e+02 5.16e-03   3.21545143e+10 -3.59096476e+08  1.90e+05       3s
  10   3.61e+02 2.95e-03   1.96376240e+10  4.47360910e+08  1.11e+05       3s
  11   2.86e+02 2.08e-03   1.72326103e+10  7.57485439e+08  9.51e+04       4s
  12   9.11e+01 8.91e-04   1.05917167e+10  1.19843049e+09  5.35e+04       4s
  13   4.54e+01 5.49e-04   7.47167816e+09  1.37874063e+09  3.46e+04       4s
  14   3.29e+01 2.70e-04   6.07646715e+09  1.57112274e+09  2.55e+04       4s
  15   1.16e+01 8.10e-05   4.21304269e+09  1.67549475e+09  1.43e+04       5s
  16   4.07e+00 3.76e-05   3.07714847e+09  1.71796797e+09  7.64e+03       5s
  17   2.59e+00 2.13e-05   2.71588476e+09  1.74189745e+09  5.47e+03       5s
  18   1.43e+00 6.35e-06   2.45262229e+09  1.76264238e+09  3.87e+03       6s
  19   4.82e-01 2.88e-06   2.03512432e+09  1.77499108e+09  1.46e+03       6s
  20   3.08e-01 1.32e-06   1.95521585e+09  1.78074637e+09  9.78e+02       6s
  21   1.33e-01 4.96e-07   1.88465531e+09  1.78330797e+09  5.68e+02       6s
  22   3.10e-02 2.27e-07   1.83691603e+09  1.78437454e+09  2.94e+02       7s
  23   1.02e-02 1.14e-07   1.80788213e+09  1.78545227e+09  1.25e+02       7s
  24   3.97e-03 4.37e-08   1.79878629e+09  1.78613562e+09  7.08e+01       7s
  25   2.98e-08 1.62e-08   1.79389781e+09  1.78637833e+09  4.20e+01       7s
  26   2.98e-08 3.79e-09   1.79050267e+09  1.78664626e+09  2.16e+01       8s
  27   2.98e-08 1.69e-09   1.78782738e+09  1.78674117e+09  6.07e+00       8s
  28   2.98e-08 4.05e-10   1.78722247e+09  1.78678934e+09  2.42e+00       8s
  29   2.98e-08 1.52e-10   1.78693700e+09  1.78680886e+09  7.16e-01       8s
  30   2.98e-08 1.76e-11   1.78683550e+09  1.78681973e+09  8.82e-02       9s
  31   2.98e-08 1.93e-12   1.78682309e+09  1.78682101e+09  1.16e-02       9s
  32   2.98e-08 5.68e-13   1.78682162e+09  1.78682113e+09  2.76e-03       9s
  33   2.98e-08 2.27e-13   1.78682146e+09  1.78682116e+09  1.71e-03       9s
  34   2.98e-08 2.27e-13   1.78682119e+09  1.78682116e+09  1.49e-04       9s
  35   2.98e-08 1.14e-13   1.78682117e+09  1.78682116e+09  1.75e-05       9s
  36*  2.98e-08 2.27e-13   1.78682117e+09  1.78682116e+09  5.53e-06      10s
Summary
    Runtime:                                            9.51s
    Status interior point solve:                        optimal
    Status crossover:                                   not run
    objective value:                                    1.78682117e+09
    interior solution primal residual (abs/rel):        2.98e-08 / 2.04e-16
    interior solution dual residual (abs/rel):          7.17e-11 / 9.68e-14
    interior solution objective gap (abs/rel):          9.88e-01 / 5.53e-10
Ipx: IPM       optimal
Model   status      : Optimal
IPM       iterations: 36
Objective value     :  1.7868211629e+09
HiGHS run time      :         11.72
Presolving model
113225 rows, 313204 cols, 719619 nonzeros
83087 rows, 186570 cols, 466017 nonzeros
80693 rows, 106762 cols, 305792 nonzeros
80217 rows, 106189 cols, 304617 nonzeros
Presolve : Reductions: rows 80217(-2539414); columns 106189(-1638723); elements 304617(-7887221)
Solving the presolved LP
IPX model has 80217 rows, 106189 columns and 304617 nonzeros
Input
    Number of variables:                                106189
    Number of free variables:                           0
    Number of constraints:                              80217
    Number of equality constraints:                     13182
    Number of matrix entries:                           304617
    Matrix range:                                       [1e-02, 1e+00]
    RHS range:                                          [2e+05, 1e+07]
    Objective range:                                    [4e-04, 8e+06]
    Bounds range:                                       [7e+05, 1e+08]
Preprocessing
    Dualized model:                                     no
    Number of dense columns:                            0
    Range of scaling factors:                           [1.00e+00, 2.00e+00]
IPX version 1.0
Interior Point Solve
 Iter     P.res    D.res            P.obj           D.obj        mu     Time
   0   2.10e+06 1.44e+06   4.29240146e+13 -3.10972089e+17  4.73e+12       0s
   1   6.01e+05 1.11e+06   2.72960374e+16 -2.42143891e+17  3.77e+12       0s
   2   2.94e+05 7.41e+05   4.09483099e+16 -1.67460610e+17  3.17e+12       0s
   3   9.31e+04 1.35e+05   3.25506725e+16 -3.12416551e+16  6.96e+11       0s
   4   3.47e+04 2.15e+04   2.04816860e+16 -5.35501834e+15  1.91e+11       1s
   5   6.05e+03 8.84e+03   5.65499031e+15 -2.22493915e+15  5.13e+10       1s
   6   2.35e+03 1.58e+03   3.89108326e+15 -5.22896450e+14  2.53e+10       2s
 Constructing starting basis...
   7   4.36e+02 4.92e+02   1.35742105e+15 -1.90742331e+14  9.19e+09       3s
   8   1.06e+02 2.51e+02   6.63858954e+14 -1.08357005e+14  4.64e+09       3s
   9   3.87e+01 1.07e+02   2.85231556e+14 -4.82820974e+13  2.00e+09       3s
  10   8.38e+00 3.89e+01   1.02469606e+14 -1.87839328e+13  7.33e+08       3s
  11   1.19e+00 9.29e+00   2.87364320e+13 -4.96343297e+12  2.03e+08       4s
  12   3.19e-01 2.51e+00   8.82717518e+12 -1.35711955e+12  6.09e+07       4s
  13   9.55e-02 6.83e-01   3.02939695e+12 -3.74839381e+11  2.01e+07       4s
  14   4.51e-02 3.90e-01   1.54465698e+12 -2.17553984e+11  1.05e+07       4s
  15   1.01e-02 1.22e-01   5.58272499e+11 -7.41104106e+10  3.73e+06       5s
  16   5.78e-03 2.75e-02   3.49405667e+11 -1.72776708e+10  2.09e+06       5s
  17   1.17e-03 1.32e-02   1.19247394e+11 -8.58771221e+09  7.33e+05       5s
  18   4.64e-04 6.16e-03   6.15852722e+10 -3.65959747e+09  3.71e+05       6s
  19   1.40e-04 2.52e-03   2.82699698e+10 -8.98738525e+08  1.65e+05       6s
  20   5.07e-05 9.10e-04   1.90438959e+10  3.27280152e+08  1.05e+05       6s
  21   2.98e-08 1.01e-04   7.80977560e+09  1.13240614e+09  3.74e+04       6s
  22   2.98e-08 3.33e-05   3.50662184e+09  1.30481752e+09  1.23e+04       6s
  23   2.98e-08 9.55e-06   2.25309361e+09  1.41253676e+09  4.70e+03       7s
  24   2.98e-08 3.77e-06   1.74638122e+09  1.43848164e+09  1.72e+03       7s
  25   2.98e-08 1.62e-06   1.59293355e+09  1.45099435e+09  7.94e+02       7s
  26   2.98e-08 8.67e-07   1.49871622e+09  1.45598026e+09  2.39e+02       8s
  27   2.98e-08 2.95e-07   1.47672612e+09  1.45982032e+09  9.45e+01       8s
  28   2.98e-08 6.52e-08   1.46889298e+09  1.46137059e+09  4.21e+01       8s
  29   4.84e-08 1.12e-08   1.46260791e+09  1.46188294e+09  4.05e+00       8s
  30   3.35e-08 1.86e-09   1.46202016e+09  1.46197476e+09  2.54e-01       8s
  31   2.98e-08 1.86e-09   1.46198321e+09  1.46197922e+09  2.23e-02       9s
  32   2.98e-08 1.86e-09   1.46198003e+09  1.46197964e+09  2.16e-03       9s
  33   2.98e-08 1.86e-09   1.46197976e+09  1.46197971e+09  2.84e-04       9s
  34   2.98e-08 1.86e-09   1.46197973e+09  1.46197972e+09  9.42e-05       9s
  35*  2.98e-08 9.31e-10   1.46197972e+09  1.46197972e+09  1.18e-06       9s
Summary
    Runtime:                                            9.22s
    Status interior point solve:                        optimal
    Status crossover:                                   not run
    objective value:                                    1.46197972e+09
    interior solution primal residual (abs/rel):        2.98e-08 / 2.04e-16
    interior solution dual residual (abs/rel):          9.31e-10 / 1.10e-16
    interior solution objective gap (abs/rel):          1.94e-01 / 1.33e-10
Ipx: IPM       optimal
Model   status      : Optimal
IPM       iterations: 35
Objective value     :  1.4619797189e+09
HiGHS run time      :         11.54
Presolving model
113225 rows, 313204 cols, 719619 nonzeros
83087 rows, 186570 cols, 466017 nonzeros
80693 rows, 106762 cols, 305792 nonzeros
80217 rows, 106189 cols, 304617 nonzeros
Presolve : Reductions: rows 80217(-2546929); columns 106189(-1638723); elements 304617(-7894736)
Solving the presolved LP
IPX model has 80217 rows, 106189 columns and 304617 nonzeros
Input
    Number of variables:                                106189
    Number of free variables:                           0
    Number of constraints:                              80217
    Number of equality constraints:                     13182
    Number of matrix entries:                           304617
    Matrix range:                                       [1e-02, 1e+00]
    RHS range:                                          [2e+05, 1e+07]
    Objective range:                                    [4e-04, 8e+06]
    Bounds range:                                       [7e+05, 1e+08]
Preprocessing
    Dualized model:                                     no
    Number of dense columns:                            0
    Range of scaling factors:                           [1.00e+00, 2.00e+00]
IPX version 1.0
Interior Point Solve
 Iter     P.res    D.res            P.obj           D.obj        mu     Time
   0   2.10e+06 1.44e+06   4.39853386e+13 -3.10897098e+17  4.73e+12       0s
   1   6.02e+05 1.11e+06   2.73094775e+16 -2.42028090e+17  3.77e+12       0s
   2   2.92e+05 7.41e+05   4.11455405e+16 -1.67238541e+17  3.17e+12       0s
   3   9.33e+04 1.32e+05   3.27269018e+16 -3.06500278e+16  6.89e+11       0s
   4   2.80e+04 2.19e+04   1.89420037e+16 -5.40544440e+15  1.78e+11       1s
   5   6.32e+03 7.53e+03   6.44473119e+15 -1.89748043e+15  5.30e+10       1s
   6   2.21e+03 1.40e+03   4.04373256e+15 -4.71310067e+14  2.55e+10       2s
 Constructing starting basis...
   7   7.89e+02 7.80e+02   1.80782824e+15 -2.74640007e+14  1.25e+10       3s
   8   2.06e+02 4.25e+02   7.38265657e+14 -1.57572887e+14  5.45e+09       3s
   9   8.73e+01 2.85e+02   4.14017494e+14 -1.07827429e+14  3.23e+09       3s
  10   2.32e+01 1.65e+02   1.49347084e+14 -6.26627453e+13  1.36e+09       3s
  11   1.07e+01 1.01e+02   8.97720472e+13 -3.86731282e+13  8.32e+08       4s
  12   4.98e+00 6.19e+01   5.73711927e+13 -2.41580183e+13  5.30e+08       4s
  13   2.81e+00 2.53e+01   3.79793890e+13 -1.01910139e+13  3.01e+08       4s
  14   5.28e-01 5.92e+00   1.76242497e+13 -2.76991155e+12  1.23e+08       5s
  15   5.20e-02 2.19e-01   6.91774388e+12 -3.08216873e+11  4.08e+07       5s
  16   3.47e-02 3.91e-02   4.63168970e+12 -5.58177188e+10  2.63e+07       5s
  17   1.91e-02 1.15e-02   2.61610029e+12 -1.90295939e+10  1.48e+07       5s
  18   5.59e-03 3.25e-03   7.90290997e+11 -5.40473983e+09  4.45e+06       5s
  19   1.15e-03 5.65e-04   1.83833836e+11 -6.70725744e+08  1.03e+06       6s
  20   4.82e-04 1.45e-04   9.50586732e+10  1.32721529e+07  5.32e+05       6s
  21   1.28e-04 4.15e-05   3.02917722e+10  7.63402316e+08  1.65e+05       6s
  22   2.21e-05 9.31e-06   9.69437070e+09  1.04234892e+09  4.84e+04       6s
  23   1.73e-06 1.06e-06   3.26656277e+09  1.19827992e+09  1.16e+04       7s
  24   5.07e-07 2.96e-07   2.08051585e+09  1.24205339e+09  4.69e+03       7s
  25   1.79e-07 9.78e-08   1.63613867e+09  1.25908265e+09  2.11e+03       7s
  26   8.94e-08 3.91e-08   1.44971619e+09  1.26646455e+09  1.02e+03       7s
  27   2.98e-08 1.96e-08   1.31299805e+09  1.26968916e+09  2.42e+02       8s
  28   2.98e-08 7.45e-09   1.28880832e+09  1.27186504e+09  9.47e+01       8s
  29   2.98e-08 3.73e-09   1.27859800e+09  1.27270962e+09  3.29e+01       8s
  30   2.98e-08 1.86e-09   1.27400634e+09  1.27309831e+09  5.08e+00       8s
  31   2.98e-08 1.86e-09   1.27329081e+09  1.27314711e+09  8.03e-01       8s
  32   2.98e-08 1.86e-09   1.27319871e+09  1.27315380e+09  2.51e-01       9s
  33   2.98e-08 1.86e-09   1.27316294e+09  1.27315491e+09  4.49e-02       9s
  34   2.98e-08 1.86e-09   1.27315590e+09  1.27315516e+09  4.11e-03       9s
  35   2.98e-08 1.86e-09   1.27315536e+09  1.27315521e+09  8.33e-04       9s
  36   4.10e-08 9.31e-10   1.27315525e+09  1.27315521e+09  1.99e-04       9s
  37   1.38e-07 9.31e-10   1.27315522e+09  1.27315522e+09  3.35e-05       9s
  38*  9.69e-08 9.31e-10   1.27315522e+09  1.27315522e+09  4.68e-08      10s
Summary
    Runtime:                                            9.67s
    Status interior point solve:                        optimal
    Status crossover:                                   not run
    objective value:                                    1.27315522e+09
    interior solution primal residual (abs/rel):        9.50e-08 / 6.51e-16
    interior solution dual residual (abs/rel):          9.31e-10 / 1.10e-16
    interior solution objective gap (abs/rel):          6.47e-03 / 5.08e-12
Ipx: IPM       optimal
Model   status      : Optimal
IPM       iterations: 38
Objective value     :  1.2731552157e+09
HiGHS run time      :         11.81
Presolving model
113225 rows, 313204 cols, 719619 nonzeros
83087 rows, 186570 cols, 466017 nonzeros
80693 rows, 106762 cols, 305792 nonzeros
80217 rows, 106189 cols, 304617 nonzeros
Presolve : Reductions: rows 80217(-2554444); columns 106189(-1638723); elements 304617(-7902251)
Solving the presolved LP
IPX model has 80217 rows, 106189 columns and 304617 nonzeros
Input
    Number of variables:                                106189
    Number of free variables:                           0
    Number of constraints:                              80217
    Number of equality constraints:                     13182
    Number of matrix entries:                           304617
    Matrix range:                                       [1e-02, 1e+00]
    RHS range:                                          [2e+05, 1e+07]
    Objective range:                                    [4e-04, 8e+06]
    Bounds range:                                       [7e+05, 1e+08]
Preprocessing
    Dualized model:                                     no
    Number of dense columns:                            0
    Range of scaling factors:                           [1.00e+00, 2.00e+00]
IPX version 1.0
Interior Point Solve
 Iter     P.res    D.res            P.obj           D.obj        mu     Time
   0   2.10e+06 1.44e+06   4.39998622e+13 -3.10896856e+17  4.73e+12       0s
   1   6.02e+05 1.11e+06   2.73099273e+16 -2.42030022e+17  3.77e+12       0s
   2   2.92e+05 7.41e+05   4.11456053e+16 -1.67241237e+17  3.17e+12       0s
   3   9.32e+04 1.32e+05   3.27241762e+16 -3.06400635e+16  6.88e+11       0s
   4   2.80e+04 2.19e+04   1.89431613e+16 -5.41119268e+15  1.79e+11       1s
   5   6.32e+03 7.53e+03   6.44799378e+15 -1.89753097e+15  5.30e+10       1s
   6   2.20e+03 1.40e+03   4.04464339e+15 -4.70708393e+14  2.55e+10       2s
 Constructing starting basis...
   7   7.80e+02 7.77e+02   1.79301327e+15 -2.73600125e+14  1.24e+10       3s
   8   2.03e+02 4.14e+02   7.37200768e+14 -1.53919907e+14  5.41e+09       3s
   9   1.06e+02 2.75e+02   4.36367097e+14 -1.03489784e+14  3.30e+09       3s
  10   3.21e+01 1.30e+02   1.62018321e+14 -4.89055032e+13  1.31e+09       3s
  11   2.16e+01 8.89e+01   1.22748956e+14 -3.39413871e+13  9.71e+08       4s
  12   1.42e+01 5.78e+01   9.00223099e+13 -2.24627019e+13  6.94e+08       4s
  13   8.36e+00 3.35e+01   5.98863116e+13 -1.33274210e+13  4.49e+08       4s
  14   8.37e-06 3.55e+00   2.04151088e+13 -2.14561636e+12  1.31e+08       5s
  15   3.52e-06 1.34e+00   9.80736706e+12 -8.59011157e+11  6.17e+07       5s
  16   9.24e-07 6.04e-02   2.63469417e+12 -4.34941517e+10  1.51e+07       5s
  17   2.09e-07 1.99e-02   6.80229961e+11 -1.76341560e+10  3.94e+06       5s
  18   5.96e-08 8.43e-03   2.19354749e+11 -8.70725135e+09  1.29e+06       6s
  19   3.73e-08 3.03e-03   7.97664171e+10 -2.61619187e+09  4.64e+05       6s
  20   2.98e-08 5.35e-04   3.17843181e+10  1.52104505e+08  1.77e+05       6s
  21   2.98e-08 1.40e-05   6.27529294e+09  1.06029135e+09  2.92e+04       6s
  22   2.98e-08 5.78e-06   2.66378785e+09  1.17677572e+09  8.31e+03       7s
  23   2.98e-08 1.63e-06   1.97233561e+09  1.23301642e+09  4.13e+03       7s
  24   2.98e-08 7.47e-07   1.59919818e+09  1.24790930e+09  1.96e+03       7s
  25   2.98e-08 2.70e-07   1.41746106e+09  1.25877063e+09  8.87e+02       7s
  26   2.98e-08 1.35e-07   1.30835394e+09  1.26274951e+09  2.55e+02       8s
  27   2.98e-08 4.75e-08   1.28332609e+09  1.26543304e+09  1.00e+02       8s
  28   3.73e-08 1.40e-08   1.27317202e+09  1.26644905e+09  3.76e+01       8s
  29   2.98e-08 3.73e-09   1.26735068e+09  1.26693106e+09  2.35e+00       8s
  30   2.98e-08 1.86e-09   1.26709531e+09  1.26701050e+09  4.74e-01       8s
  31   2.98e-08 1.86e-09   1.26702062e+09  1.26701734e+09  1.83e-02       9s
  32   2.98e-08 1.86e-09   1.26701803e+09  1.26701776e+09  1.50e-03       9s
  33   4.10e-08 1.86e-09   1.26701782e+09  1.26701779e+09  1.59e-04       9s
  34   1.42e-07 9.31e-10   1.26701780e+09  1.26701779e+09  2.50e-05       9s
  35*  1.12e-07 9.31e-10   1.26701779e+09  1.26701779e+09  1.68e-06      10s
Summary
    Runtime:                                            9.54s
    Status interior point solve:                        optimal
    Status crossover:                                   not run
    objective value:                                    1.26701779e+09
    interior solution primal residual (abs/rel):        1.40e-07 / 9.57e-16
    interior solution dual residual (abs/rel):          9.31e-10 / 1.10e-16
    interior solution objective gap (abs/rel):          2.45e-01 / 1.94e-10
Ipx: IPM       optimal
Model   status      : Optimal
IPM       iterations: 35
Objective value     :  1.2670177926e+09
HiGHS run time      :         11.68
Presolving model
113225 rows, 313204 cols, 719619 nonzeros
83087 rows, 186570 cols, 466017 nonzeros
80693 rows, 106762 cols, 305792 nonzeros
80217 rows, 106189 cols, 304617 nonzeros
Presolve : Reductions: rows 80217(-2561959); columns 106189(-1638723); elements 304617(-7909766)
Solving the presolved LP
IPX model has 80217 rows, 106189 columns and 304617 nonzeros
Input
    Number of variables:                                106189
    Number of free variables:                           0
    Number of constraints:                              80217
    Number of equality constraints:                     13182
    Number of matrix entries:                           304617
    Matrix range:                                       [1e-02, 1e+00]
    RHS range:                                          [2e+05, 1e+07]
    Objective range:                                    [4e-04, 8e+06]
    Bounds range:                                       [7e+05, 1e+08]
Preprocessing
    Dualized model:                                     no
    Number of dense columns:                            0
    Range of scaling factors:                           [1.00e+00, 2.00e+00]
IPX version 1.0
Interior Point Solve
 Iter     P.res    D.res            P.obj           D.obj        mu     Time
   0   2.10e+06 1.44e+06   4.40703839e+13 -3.10894643e+17  4.73e+12       0s
   1   6.02e+05 1.11e+06   2.73108745e+16 -2.42032783e+17  3.77e+12       0s
   2   2.91e+05 7.40e+05   4.11873288e+16 -1.67124624e+17  3.17e+12       0s
   3   7.75e+04 1.30e+05   3.20727168e+16 -3.01210787e+16  6.66e+11       0s
   4   1.64e+04 2.07e+04   1.70890808e+16 -5.14725163e+15  1.58e+11       1s
   5   5.64e+03 6.97e+03   7.76162966e+15 -1.78554934e+15  5.90e+10       1s
   6   2.28e+03 1.32e+03   4.44648875e+15 -4.25122221e+14  2.73e+10       2s
 Constructing starting basis...
   7   9.43e+02 7.16e+02   2.08690682e+15 -2.41654893e+14  1.38e+10       3s
   8   2.07e+02 2.49e+02   5.51384978e+14 -8.88447937e+13  3.80e+09       3s
   9   4.36e+01 1.23e+02   2.27664988e+14 -4.60432974e+13  1.65e+09       3s
  10   2.96e+01 7.10e+01   1.64315824e+14 -2.67003070e+13  1.14e+09       4s
  11   2.11e+01 4.64e+01   1.23743905e+14 -1.77366390e+13  8.40e+08       4s
  12   1.15e+01 3.13e+01   7.23234957e+13 -1.21260791e+13  5.06e+08       4s
  13   3.56e+00 8.14e+00   2.69125098e+13 -3.34318103e+12  1.79e+08       4s
  14   1.65e+00 5.35e-01   1.42981837e+13 -3.34611529e+11  8.27e+07       5s
  15   3.53e-01 9.68e-02   3.32993684e+12 -7.01940582e+10  1.92e+07       5s
  16   8.84e-02 3.16e-02   9.72458103e+11 -2.64623524e+10  5.64e+06       5s
  17   1.19e-07 7.19e-03   1.95053670e+11 -1.03447251e+10  1.17e+06       5s
  18   5.96e-08 1.04e-03   6.17774425e+10 -6.26470751e+08  3.50e+05       5s
  19   2.98e-08 1.25e-04   1.81533037e+10  7.49160636e+08  9.74e+04       6s
  20   3.35e-08 1.58e-05   4.77903394e+09  1.12375857e+09  2.04e+04       6s
  21   2.98e-08 7.48e-06   2.73591974e+09  1.19319623e+09  8.63e+03       6s
  22   2.98e-08 2.38e-06   1.95490360e+09  1.23314102e+09  4.04e+03       6s
  23   3.73e-08 9.58e-07   1.55008295e+09  1.24851574e+09  1.69e+03       7s
  24   2.98e-08 3.22e-07   1.36161865e+09  1.25821097e+09  5.78e+02       7s
  25   2.98e-08 1.26e-07   1.29736613e+09  1.26154778e+09  2.00e+02       7s
  26   2.98e-08 4.84e-08   1.27577902e+09  1.26292673e+09  7.19e+01       7s
  27   2.98e-08 1.58e-08   1.26707236e+09  1.26358775e+09  1.95e+01       7s
  28   2.98e-08 3.73e-09   1.26440818e+09  1.26387330e+09  2.99e+00       8s
  29   3.73e-08 1.86e-09   1.26399479e+09  1.26392064e+09  4.15e-01       8s
  30   2.98e-08 1.86e-09   1.26392745e+09  1.26392321e+09  2.37e-02       8s
  31   2.98e-08 1.86e-09   1.26392386e+09  1.26392362e+09  1.34e-03       8s
  32   4.47e-08 1.86e-09   1.26392371e+09  1.26392369e+09  1.05e-04       8s
  33   1.60e-07 9.31e-10   1.26392369e+09  1.26392369e+09  1.02e-05       9s
  34*  7.45e-08 9.31e-10   1.26392369e+09  1.26392369e+09  1.25e-06       9s
Summary
    Runtime:                                            8.93s
    Status interior point solve:                        optimal
    Status crossover:                                   not run
    objective value:                                    1.26392369e+09
    interior solution primal residual (abs/rel):        7.26e-08 / 4.98e-16
    interior solution dual residual (abs/rel):          9.31e-10 / 1.10e-16
    interior solution objective gap (abs/rel):          1.78e-01 / 1.41e-10
Ipx: IPM       optimal
Model   status      : Optimal
IPM       iterations: 34
Objective value     :  1.2639236928e+09
HiGHS run time      :         11.10
Presolving model
113225 rows, 313204 cols, 719619 nonzeros
83087 rows, 186570 cols, 466017 nonzeros
80693 rows, 106762 cols, 305792 nonzeros
80217 rows, 106189 cols, 304617 nonzeros
Presolve : Reductions: rows 80217(-2569474); columns 106189(-1638723); elements 304617(-7917281)
Solving the presolved LP
IPX model has 80217 rows, 106189 columns and 304617 nonzeros
Input
    Number of variables:                                106189
    Number of free variables:                           0
    Number of constraints:                              80217
    Number of equality constraints:                     13182
    Number of matrix entries:                           304617
    Matrix range:                                       [1e-02, 1e+00]
    RHS range:                                          [2e+05, 1e+07]
    Objective range:                                    [4e-04, 8e+06]
    Bounds range:                                       [7e+05, 1e+08]
Preprocessing
    Dualized model:                                     no
    Number of dense columns:                            0
    Range of scaling factors:                           [1.00e+00, 2.00e+00]
IPX version 1.0
Interior Point Solve
 Iter     P.res    D.res            P.obj           D.obj        mu     Time
   0   2.10e+06 1.44e+06   4.40703839e+13 -3.10894643e+17  4.73e+12       0s
   1   6.02e+05 1.11e+06   2.73108745e+16 -2.42032783e+17  3.77e+12       0s
   2   2.91e+05 7.40e+05   4.11873288e+16 -1.67124624e+17  3.17e+12       0s
   3   7.75e+04 1.30e+05   3.20727168e+16 -3.01210787e+16  6.66e+11       0s
   4   1.64e+04 2.07e+04   1.70890808e+16 -5.14725163e+15  1.58e+11       1s
   5   5.64e+03 6.97e+03   7.76162966e+15 -1.78554934e+15  5.90e+10       1s
   6   2.28e+03 1.32e+03   4.44648875e+15 -4.25122221e+14  2.73e+10       2s
 Constructing starting basis...
   7   9.43e+02 7.16e+02   2.08690682e+15 -2.41654893e+14  1.38e+10       3s
   8   2.07e+02 2.49e+02   5.51384978e+14 -8.88447937e+13  3.80e+09       3s
   9   4.36e+01 1.23e+02   2.27664988e+14 -4.60432974e+13  1.65e+09       3s
  10   2.96e+01 7.10e+01   1.64315824e+14 -2.67003070e+13  1.14e+09       4s
  11   2.11e+01 4.64e+01   1.23743905e+14 -1.77366390e+13  8.40e+08       4s
  12   1.15e+01 3.13e+01   7.23234957e+13 -1.21260791e+13  5.06e+08       4s
  13   3.56e+00 8.14e+00   2.69125098e+13 -3.34318103e+12  1.79e+08       4s
  14   1.65e+00 5.35e-01   1.42981837e+13 -3.34611529e+11  8.27e+07       5s
  15   3.53e-01 9.68e-02   3.32993684e+12 -7.01940582e+10  1.92e+07       5s
  16   8.84e-02 3.16e-02   9.72458103e+11 -2.64623524e+10  5.64e+06       5s
  17   1.19e-07 7.19e-03   1.95053670e+11 -1.03447251e+10  1.17e+06       5s
  18   5.96e-08 1.04e-03   6.17774425e+10 -6.26470751e+08  3.50e+05       5s
  19   2.98e-08 1.25e-04   1.81533037e+10  7.49160636e+08  9.74e+04       6s
  20   3.35e-08 1.58e-05   4.77903394e+09  1.12375857e+09  2.04e+04       6s
  21   2.98e-08 7.48e-06   2.73591974e+09  1.19319623e+09  8.63e+03       6s
  22   2.98e-08 2.38e-06   1.95490360e+09  1.23314102e+09  4.04e+03       6s
  23   3.73e-08 9.58e-07   1.55008295e+09  1.24851574e+09  1.69e+03       6s
  24   2.98e-08 3.22e-07   1.36161865e+09  1.25821097e+09  5.78e+02       7s
  25   2.98e-08 1.26e-07   1.29736613e+09  1.26154778e+09  2.00e+02       7s
  26   2.98e-08 4.84e-08   1.27577902e+09  1.26292673e+09  7.19e+01       7s
  27   2.98e-08 1.58e-08   1.26707236e+09  1.26358775e+09  1.95e+01       7s
  28   2.98e-08 3.73e-09   1.26440818e+09  1.26387330e+09  2.99e+00       8s
  29   3.73e-08 1.86e-09   1.26399479e+09  1.26392064e+09  4.15e-01       8s
  30   2.98e-08 1.86e-09   1.26392745e+09  1.26392321e+09  2.37e-02       8s
  31   2.98e-08 1.86e-09   1.26392386e+09  1.26392362e+09  1.34e-03       8s
  32   4.47e-08 1.86e-09   1.26392371e+09  1.26392369e+09  1.05e-04       8s
  33   1.60e-07 9.31e-10   1.26392369e+09  1.26392369e+09  1.02e-05       9s
  34*  7.45e-08 9.31e-10   1.26392369e+09  1.26392369e+09  1.25e-06       9s
Summary
    Runtime:                                            8.89s
    Status interior point solve:                        optimal
    Status crossover:                                   not run
    objective value:                                    1.26392369e+09
    interior solution primal residual (abs/rel):        7.26e-08 / 4.98e-16
    interior solution dual residual (abs/rel):          9.31e-10 / 1.10e-16
    interior solution objective gap (abs/rel):          1.78e-01 / 1.41e-10
Ipx: IPM       optimal
Model   status      : Optimal
IPM       iterations: 34
Objective value     :  1.2639236928e+09
HiGHS run time      :         11.06
Running HiGHS 1.6.0: Copyright (c) 2023 HiGHS under MIT licence terms
Presolving model
115912 rows, 317981 cols, 732613 nonzeros
85788 rows, 191364 cols, 479050 nonzeros
83424 rows, 111333 cols, 318483 nonzeros
82893 rows, 109789 cols, 315371 nonzeros
Presolve : Reductions: rows 82893(-2529438); columns 109789(-1635338); elements 315371(-7872747)
Solving the presolved LP
IPX model has 82893 rows, 109789 columns and 315371 nonzeros
Input
    Number of variables:                                109789
    Number of free variables:                           0
    Number of constraints:                              82893
    Number of equality constraints:                     13390
    Number of matrix entries:                           315371
    Matrix range:                                       [1e-02, 1e+00]
    RHS range:                                          [3e+05, 6e+07]
    Objective range:                                    [3e-04, 2e+06]
    Bounds range:                                       [2e+05, 1e+08]
Preprocessing
    Dualized model:                                     no
    Number of dense columns:                            0
    Range of scaling factors:                           [1.00e+00, 2.00e+00]
IPX version 1.0
Interior Point Solve
 Iter     P.res    D.res            P.obj           D.obj        mu     Time
   0   1.08e+07 2.50e+05   4.00343272e+13 -7.01827609e+16  3.26e+12       0s
   1   3.10e+06 1.84e+05   2.85637896e+16 -5.42466514e+16  2.31e+12       0s
   2   1.25e+06 1.23e+05   3.99274304e+16 -4.00772813e+16  1.88e+12       0s
   3   4.95e+05 2.43e+04   3.11764192e+16 -8.40278561e+15  4.77e+11       0s
   4   1.57e+05 2.88e+03   1.70555304e+16 -1.36444510e+15  1.23e+11       1s
   5   4.02e+04 8.73e+02   6.25809958e+15 -5.43468930e+14  3.98e+10       1s
 Constructing starting basis...
   6   2.05e+04 2.91e+02   3.60875411e+15 -2.15189522e+14  2.22e+10       2s
   7   1.29e+04 1.39e+02   2.45401022e+15 -1.16085094e+14  1.46e+10       2s
   8   7.15e+03 5.26e+01   1.67628208e+15 -6.48122667e+13  9.73e+09       3s
   9   3.34e+03 1.68e+01   1.00408217e+15 -2.09810285e+13  5.66e+09       3s
  10   2.45e+03 8.80e+00   8.03934343e+14 -2.90579714e+12  4.44e+09       3s
  11   1.99e+03 6.96e+00   7.69678584e+14 -5.04126128e+12  4.28e+09       4s
  12   1.01e+03 4.91e+00   4.46318173e+14  5.92679973e+12  2.45e+09       4s
  13   3.79e+02 2.31e+00   2.43618966e+14  1.99229501e+13  1.25e+09       4s
  14   1.81e+02 1.22e-01   2.09607658e+14  2.53156310e+13  9.91e+08       5s
  15   8.99e+01 8.42e-02   1.56682333e+14  2.76779779e+13  7.01e+08       5s
  16   3.79e+01 2.54e-02   1.04614508e+14  3.40440193e+13  3.82e+08       6s
  17   1.69e+01 8.28e-03   7.47658380e+13  3.66997626e+13  2.05e+08       6s
  18   2.37e+00 2.32e-03   4.77615524e+13  3.80510989e+13  5.22e+07       7s
  19   1.60e+00 1.05e-03   4.54100030e+13  3.84522061e+13  3.73e+07       7s
  20   9.37e-01 6.43e-04   4.44745063e+13  3.85050254e+13  3.19e+07       7s
  21   1.67e-01 2.97e-04   4.13089639e+13  3.86485200e+13  1.42e+07       8s
  22   6.13e-02 1.32e-04   3.98009219e+13  3.87794318e+13  5.45e+06       8s
  23   2.15e-06 2.46e-05   3.92350263e+13  3.88481318e+13  2.06e+06       8s
  24   1.43e-06 1.40e-05   3.89847679e+13  3.88641658e+13  6.42e+05       9s
  25   6.71e-07 2.62e-06   3.89293817e+13  3.88815547e+13  2.55e+05       9s
  26   2.16e-07 7.00e-07   3.88983557e+13  3.88845341e+13  7.36e+04       9s
  27   8.75e-08 2.63e-07   3.88901410e+13  3.88853190e+13  2.57e+04      10s
  28   7.45e-08 1.54e-07   3.88876291e+13  3.88855201e+13  1.12e+04      10s
  29   4.02e-08 6.03e-08   3.88871962e+13  3.88856758e+13  8.10e+03      10s
  30   5.96e-08 3.52e-08   3.88866631e+13  3.88857359e+13  4.94e+03      10s
  31   5.96e-08 1.49e-08   3.88862818e+13  3.88857763e+13  2.69e+03      11s
  32   5.96e-08 6.05e-09   3.88860358e+13  3.88858041e+13  1.23e+03      11s
  33   8.94e-08 2.33e-09   3.88859380e+13  3.88858171e+13  6.43e+02      11s
  34   2.98e-08 9.31e-10   3.88858593e+13  3.88858220e+13  1.98e+02      12s
  35   4.47e-08 4.66e-10   3.88858365e+13  3.88858242e+13  6.58e+01      12s
  36   1.19e-07 4.66e-10   3.88858274e+13  3.88858249e+13  1.34e+01      12s
  37   4.47e-08 4.66e-10   3.88858258e+13  3.88858251e+13  3.82e+00      12s
  38   4.47e-08 4.66e-10   3.88858252e+13  3.88858252e+13  3.82e-01      12s
  39*  7.45e-08 4.66e-10   3.88858252e+13  3.88858252e+13  3.18e-02      13s
Summary
    Runtime:                                            12.61s
    Status interior point solve:                        optimal
    Status crossover:                                   not run
    objective value:                                    3.88858252e+13
    interior solution primal residual (abs/rel):        8.94e-08 / 6.12e-16
    interior solution dual residual (abs/rel):          4.66e-10 / 2.42e-16
    interior solution objective gap (abs/rel):          5.96e+03 / 1.53e-10
Ipx: IPM       optimal
Model   status      : Optimal
IPM       iterations: 39
Objective value     :  3.8885825046e+13
HiGHS run time      :         14.98
Presolving model
115912 rows, 317981 cols, 732613 nonzeros
85788 rows, 191364 cols, 479050 nonzeros
83424 rows, 111333 cols, 318483 nonzeros
82893 rows, 109789 cols, 315371 nonzeros
Presolve : Reductions: rows 82893(-2536953); columns 109789(-1635338); elements 315371(-7880262)
Solving the presolved LP
IPX model has 82893 rows, 109789 columns and 315371 nonzeros
Input
    Number of variables:                                109789
    Number of free variables:                           0
    Number of constraints:                              82893
    Number of equality constraints:                     13390
    Number of matrix entries:                           315371
    Matrix range:                                       [1e-02, 1e+00]
    RHS range:                                          [3e+05, 6e+07]
    Objective range:                                    [3e-04, 2e+06]
    Bounds range:                                       [2e+05, 1e+08]
Preprocessing
    Dualized model:                                     no
    Number of dense columns:                            0
    Range of scaling factors:                           [1.00e+00, 2.00e+00]
IPX version 1.0
Interior Point Solve
 Iter     P.res    D.res            P.obj           D.obj        mu     Time
   0   1.08e+07 2.20e+05   3.37200090e+13 -6.17053342e+16  2.89e+12       0s
   1   3.09e+06 1.61e+05   2.67231641e+16 -4.75159860e+16  2.02e+12       0s
   2   1.24e+06 1.09e+05   3.69736688e+16 -3.53390128e+16  1.65e+12       0s
   3   4.85e+05 2.06e+04   2.84275996e+16 -7.06758237e+15  4.09e+11       0s
   4   1.58e+05 2.94e+03   1.50931385e+16 -1.27426401e+15  1.11e+11       1s
   5   5.43e+04 1.22e+03   5.97731772e+15 -5.68014508e+14  4.03e+10       1s
 Constructing starting basis...
   6   2.34e+04 2.76e+02   2.94816463e+15 -1.65371662e+14  1.83e+10       2s
   7   5.68e+03 1.11e+02   9.70319133e+14 -8.18258059e+13  6.10e+09       2s
   8   9.27e+02 5.31e+01   4.82208209e+14 -5.27575293e+13  3.10e+09       3s
   9   3.31e+02 1.96e+01   1.83269376e+14 -1.96039084e+13  1.17e+09       3s
  10   9.11e+01 3.33e+00   6.88815509e+13 -4.71922875e+12  4.09e+08       3s
  11   1.74e+01 7.73e-01   1.51494580e+13 -1.19852876e+12  9.09e+07       3s
  12   5.59e+00 2.47e-01   5.56324123e+12 -4.19797817e+11  3.31e+07       4s
  13   1.76e+00 1.10e-01   2.00027422e+12 -1.95857156e+11  1.22e+07       4s
  14   8.18e-01 3.01e-02   1.02677925e+12 -5.89046524e+10  5.93e+06       4s
  15   3.28e-01 1.29e-02   7.27955381e+11 -4.08503881e+10  4.18e+06       5s
  16   1.74e-01 3.56e-03   4.98974161e+11 -1.87218461e+10  2.79e+06       5s
  17   3.47e-02 1.07e-03   1.68321809e+11 -6.71011331e+09  9.38e+05       5s
  18   1.17e-02 3.47e-04   7.32647594e+10 -1.01957279e+09  3.97e+05       5s
  19   9.40e-03 2.71e-04   6.16940754e+10 -3.22808009e+08  3.31e+05       6s
  20   6.11e-03 1.39e-04   5.32209964e+10  3.38571528e+08  2.82e+05       6s
  21   2.25e-03 2.65e-05   3.72035345e+10  1.33107450e+09  1.91e+05       6s
  22   5.47e-04 7.32e-06   1.46477587e+10  2.30896086e+09  6.57e+04       6s
  23   1.59e-04 2.72e-06   6.81066558e+09  2.68274824e+09  2.20e+04       7s
  24   4.91e-05 9.72e-07   4.56426034e+09  2.82983688e+09  9.24e+03       7s
  25   1.29e-05 3.44e-07   3.54131242e+09  2.89874289e+09  3.42e+03       7s
  26   5.48e-06 1.61e-07   3.22515007e+09  2.92506472e+09  1.60e+03       8s
  27   2.29e-06 5.73e-08   3.08331669e+09  2.94052753e+09  7.60e+02       8s
  28   7.15e-07 2.14e-08   3.00478825e+09  2.94632974e+09  3.11e+02       8s
  29   2.38e-07 7.92e-09   2.97142269e+09  2.94904052e+09  1.19e+02       8s
  30   1.19e-07 2.56e-09   2.95635044e+09  2.95034311e+09  3.20e+01       9s
  31   5.92e-08 6.98e-10   2.95133839e+09  2.95086350e+09  2.53e+00       9s
  32   7.45e-08 4.66e-10   2.95104145e+09  2.95092520e+09  6.19e-01       9s
  33   3.38e-08 4.66e-10   2.95094173e+09  2.95093409e+09  4.07e-02       9s
  34   4.93e-08 4.66e-10   2.95093614e+09  2.95093476e+09  7.37e-03       9s
  35   1.04e-07 4.66e-10   2.95093493e+09  2.95093484e+09  5.04e-04      10s
  36   3.73e-07 4.66e-10   2.95093486e+09  2.95093485e+09  3.03e-05      10s
  37*  8.94e-08 2.33e-10   2.95093485e+09  2.95093485e+09  8.43e-06      10s
Summary
    Runtime:                                            9.88s
    Status interior point solve:                        optimal
    Status crossover:                                   not run
    objective value:                                    2.95093485e+09
    interior solution primal residual (abs/rel):        1.42e-07 / 9.70e-16
    interior solution dual residual (abs/rel):          2.33e-10 / 1.21e-16
    interior solution objective gap (abs/rel):          1.50e+00 / 5.08e-10
Ipx: IPM       optimal
Model   status      : Optimal
IPM       iterations: 37
Objective value     :  2.9509348545e+09
HiGHS run time      :         12.17
Presolving model
115912 rows, 317981 cols, 732613 nonzeros
85788 rows, 191364 cols, 479050 nonzeros
83424 rows, 111333 cols, 318483 nonzeros
82893 rows, 109789 cols, 315371 nonzeros
Presolve : Reductions: rows 82893(-2544468); columns 109789(-1635338); elements 315371(-7887777)
Solving the presolved LP
IPX model has 82893 rows, 109789 columns and 315371 nonzeros
Input
    Number of variables:                                109789
    Number of free variables:                           0
    Number of constraints:                              82893
    Number of equality constraints:                     13390
    Number of matrix entries:                           315371
    Matrix range:                                       [1e-02, 1e+00]
    RHS range:                                          [3e+05, 6e+07]
    Objective range:                                    [3e-04, 2e+06]
    Bounds range:                                       [2e+05, 1e+08]
Preprocessing
    Dualized model:                                     no
    Number of dense columns:                            0
    Range of scaling factors:                           [1.00e+00, 2.00e+00]
IPX version 1.0
Interior Point Solve
 Iter     P.res    D.res            P.obj           D.obj        mu     Time
   0   1.08e+07 2.20e+05   3.48507690e+13 -6.16473457e+16  2.89e+12       0s
   1   3.09e+06 1.61e+05   2.67987265e+16 -4.74516774e+16  2.02e+12       0s
   2   1.26e+06 1.10e+05   3.70118605e+16 -3.53343393e+16  1.65e+12       0s
   3   5.32e+05 2.12e+04   2.89202397e+16 -7.24942556e+15  4.22e+11       0s
   4   1.56e+05 2.66e+03   1.48456382e+16 -1.20512758e+15  1.07e+11       1s
   5   3.57e+04 1.06e+03   4.26773130e+15 -5.24017734e+14  2.92e+10       1s
 Constructing starting basis...
   6   1.29e+04 3.58e+02   2.09648047e+15 -2.18068387e+14  1.39e+10       2s
   7   1.54e+03 1.55e+02   6.52280004e+14 -1.10380270e+14  4.56e+09       2s
   8   3.18e+02 8.16e+01   2.83207174e+14 -6.32553715e+13  2.11e+09       3s
   9   1.37e+02 1.89e+01   1.38424570e+14 -1.62851771e+13  8.88e+08       3s
  10   3.02e+01 4.71e+00   4.10873619e+13 -4.67683381e+12  2.60e+08       3s
  11   9.26e+00 1.22e+00   1.48596163e+13 -1.33389098e+12  9.06e+07       4s
  12   3.15e+00 3.97e-01   5.22335063e+12 -4.40682553e+11  3.15e+07       4s
  13   1.32e+00 1.72e-01   2.36433205e+12 -1.98512195e+11  1.42e+07       4s
  14   2.86e-01 4.29e-02   7.89627819e+11 -6.24280358e+10  4.69e+06       4s
  15   1.69e-01 1.53e-02   4.87154743e+11 -2.20134953e+10  2.76e+06       5s
  16   3.14e-02 4.35e-03   1.63695186e+11 -7.66373651e+09  9.26e+05       5s
  17   1.07e-02 1.72e-03   7.61919242e+10 -2.27515686e+09  4.22e+05       5s
  18   8.45e-03 9.75e-04   6.26974092e+10 -3.37375523e+08  3.38e+05       5s
  19   4.32e-03 3.81e-04   4.57484936e+10  7.27131377e+08  2.41e+05       6s
  20   5.58e-04 8.96e-05   2.09056797e+10  1.71053727e+09  1.02e+05       6s
  21   8.71e-05 3.12e-05   7.38893782e+09  2.34881504e+09  2.69e+04       6s
  22   2.93e-05 1.11e-05   4.67154083e+09  2.63175102e+09  1.09e+04       7s
  23   9.83e-06 4.24e-06   3.60213031e+09  2.73726485e+09  4.61e+03       7s
  24   3.25e-06 1.78e-06   3.14444110e+09  2.78078030e+09  1.94e+03       7s
  25   1.22e-06 6.21e-07   2.96203298e+09  2.80414705e+09  8.41e+02       7s
  26   3.58e-07 2.60e-07   2.88596001e+09  2.81135686e+09  3.97e+02       8s
  27   1.49e-07 9.27e-08   2.84417155e+09  2.81602271e+09  1.50e+02       8s
  28   1.34e-07 3.56e-08   2.82646409e+09  2.81770407e+09  4.66e+01       8s
  29   8.94e-08 5.12e-09   2.82052851e+09  2.81870504e+09  9.71e+00       8s
  30   6.16e-08 1.40e-09   2.81909920e+09  2.81883781e+09  1.39e+00       9s
  31   8.94e-08 4.66e-10   2.81892214e+09  2.81886636e+09  2.97e-01       9s
  32   1.19e-07 4.66e-10   2.81888229e+09  2.81886850e+09  7.34e-02       9s
  33   1.04e-07 4.66e-10   2.81887068e+09  2.81886895e+09  9.22e-03       9s
  34   5.14e-08 4.66e-10   2.81886922e+09  2.81886909e+09  6.80e-04       9s
  35   4.47e-07 4.66e-10   2.81886912e+09  2.81886911e+09  5.85e-05       9s
  36*  5.66e-07 2.33e-10   2.81886912e+09  2.81886912e+09  1.23e-05      10s
Summary
    Runtime:                                            9.64s
    Status interior point solve:                        optimal
    Status crossover:                                   not run
    objective value:                                    2.81886912e+09
    interior solution primal residual (abs/rel):        5.36e-07 / 3.67e-15
    interior solution dual residual (abs/rel):          2.33e-10 / 1.21e-16
    interior solution objective gap (abs/rel):          2.22e+00 / 7.88e-10
Ipx: IPM       optimal
Model   status      : Optimal
IPM       iterations: 36
Objective value     :  2.8188691171e+09
HiGHS run time      :         11.93
Presolving model
115912 rows, 317981 cols, 732613 nonzeros
85788 rows, 191364 cols, 479050 nonzeros
83424 rows, 111333 cols, 318483 nonzeros
82893 rows, 109789 cols, 315371 nonzeros
Presolve : Reductions: rows 82893(-2551983); columns 109789(-1635338); elements 315371(-7895292)
Solving the presolved LP
IPX model has 82893 rows, 109789 columns and 315371 nonzeros
Input
    Number of variables:                                109789
    Number of free variables:                           0
    Number of constraints:                              82893
    Number of equality constraints:                     13390
    Number of matrix entries:                           315371
    Matrix range:                                       [1e-02, 1e+00]
    RHS range:                                          [3e+05, 6e+07]
    Objective range:                                    [3e-04, 2e+06]
    Bounds range:                                       [2e+05, 1e+08]
Preprocessing
    Dualized model:                                     no
    Number of dense columns:                            0
    Range of scaling factors:                           [1.00e+00, 2.00e+00]
IPX version 1.0
Interior Point Solve
 Iter     P.res    D.res            P.obj           D.obj        mu     Time
   0   1.08e+07 2.20e+05   3.48655443e+13 -6.16468963e+16  2.89e+12       0s
   1   3.09e+06 1.61e+05   2.67986473e+16 -4.74512670e+16  2.02e+12       0s
   2   1.26e+06 1.10e+05   3.70137774e+16 -3.53331307e+16  1.65e+12       0s
   3   5.32e+05 2.12e+04   2.89248871e+16 -7.24933703e+15  4.22e+11       0s
   4   1.56e+05 2.66e+03   1.48423034e+16 -1.20577839e+15  1.07e+11       1s
   5   3.60e+04 1.06e+03   4.30443082e+15 -5.24132420e+14  2.94e+10       1s
 Constructing starting basis...
   6   1.30e+04 3.52e+02   2.11172736e+15 -2.15722392e+14  1.40e+10       2s
   7   1.44e+03 1.51e+02   6.38908373e+14 -1.08869314e+14  4.47e+09       2s
   8   2.78e+02 7.91e+01   2.78849625e+14 -6.24368533e+13  2.08e+09       3s
   9   1.18e+02 1.82e+01   1.35665573e+14 -1.59569261e+13  8.69e+08       3s
  10   2.49e+01 4.46e+00   3.95598197e+13 -4.56586676e+12  2.51e+08       3s
  11   5.53e+00 1.11e+00   1.10336658e+13 -1.24932310e+12  6.94e+07       4s
  12   1.61e+00 3.63e-01   3.40493713e+12 -4.13431106e+11  2.16e+07       4s
  13   5.06e-01 1.21e-01   1.24331928e+12 -1.45191265e+11  7.80e+06       4s
  14   9.84e-02 4.17e-02   3.40527257e+11 -5.23206331e+10  2.22e+06       4s
  15   5.85e-02 1.20e-02   2.20985538e+11 -1.45576150e+10  1.29e+06       5s
  16   2.41e-02 5.65e-03   1.07786830e+11 -6.11295154e+09  6.19e+05       5s
  17   8.65e-03 3.55e-03   5.67060280e+10 -3.32420059e+09  3.26e+05       5s
  18   5.49e-03 7.14e-04   4.03891555e+10  1.10989716e+09  2.10e+05       5s
  19   1.36e-03 1.94e-04   2.28508745e+10  1.77303504e+09  1.12e+05       6s
  20   2.66e-04 6.18e-05   7.92912858e+09  2.41893055e+09  2.94e+04       6s
  21   8.80e-05 2.26e-05   4.82815908e+09  2.65159246e+09  1.16e+04       6s
  22   2.80e-05 7.83e-06   3.62970016e+09  2.74982760e+09  4.69e+03       7s
  23   9.30e-06 3.53e-06   3.15167957e+09  2.78406179e+09  1.96e+03       7s
  24   3.52e-06 1.14e-06   2.96310711e+09  2.80585718e+09  8.38e+02       7s
  25   1.10e-06 4.49e-07   2.88605526e+09  2.81208643e+09  3.94e+02       7s
  26   3.87e-07 1.46e-07   2.84460884e+09  2.81601392e+09  1.52e+02       8s
  27   1.19e-07 4.52e-08   2.82481583e+09  2.81746144e+09  3.92e+01       8s
  28   1.04e-07 5.59e-09   2.81903549e+09  2.81811989e+09  4.88e+00       8s
  29   8.25e-08 1.16e-09   2.81835860e+09  2.81819701e+09  8.61e-01       8s
  30   7.45e-08 4.66e-10   2.81822501e+09  2.81820799e+09  9.06e-02       9s
  31   2.98e-08 4.66e-10   2.81821288e+09  2.81820913e+09  2.00e-02       9s
  32   8.94e-08 4.66e-10   2.81821006e+09  2.81820959e+09  2.46e-03       9s
  33   1.12e-07 4.66e-10   2.81820971e+09  2.81820965e+09  3.34e-04       9s
  34   3.58e-07 4.66e-10   2.81820967e+09  2.81820966e+09  2.75e-05       9s
  35*  2.09e-07 2.33e-10   2.81820966e+09  2.81820966e+09  4.13e-06       9s
Summary
    Runtime:                                            9.44s
    Status interior point solve:                        optimal
    Status crossover:                                   not run
    objective value:                                    2.81820966e+09
    interior solution primal residual (abs/rel):        3.13e-07 / 2.14e-15
    interior solution dual residual (abs/rel):          2.33e-10 / 1.21e-16
    interior solution objective gap (abs/rel):          7.38e-01 / 2.62e-10
Ipx: IPM       optimal
Model   status      : Optimal
IPM       iterations: 35
Objective value     :  2.8182096630e+09
HiGHS run time      :         11.73
Running HiGHS 1.6.0: Copyright (c) 2023 HiGHS under MIT licence terms
Presolving model
119066 rows, 324907 cols, 750689 nonzeros
88967 rows, 198320 cols, 497189 nonzeros
86631 rows, 116230 cols, 332606 nonzeros
86093 rows, 114006 cols, 328121 nonzeros
Presolve : Reductions: rows 86093(-2526497); columns 114006(-1631379); elements 328121(-7871932)
Solving the presolved LP
IPX model has 86093 rows, 114006 columns and 328121 nonzeros
Input
    Number of variables:                                114006
    Number of free variables:                           0
    Number of constraints:                              86093
    Number of equality constraints:                     13681
    Number of matrix entries:                           328121
    Matrix range:                                       [1e-02, 1e+00]
    RHS range:                                          [2e+05, 1e+08]
    Objective range:                                    [2e-04, 1e+06]
    Bounds range:                                       [5e+04, 1e+08]
Preprocessing
    Dualized model:                                     no
    Number of dense columns:                            0
    Range of scaling factors:                           [1.00e+00, 2.00e+00]
IPX version 1.0
Interior Point Solve
 Iter     P.res    D.res            P.obj           D.obj        mu     Time
   0   2.79e+07 1.46e+05   6.25511253e+13 -5.19206188e+16  4.73e+12       0s
   1   8.25e+06 1.05e+05   4.73662854e+16 -4.20006348e+16  3.11e+12       0s
   2   3.41e+06 7.49e+04   6.34303489e+16 -3.49439617e+16  2.56e+12       0s
   3   1.53e+06 1.37e+04   5.01384046e+16 -7.14402830e+15  6.55e+11       0s
   4   4.60e+05 2.30e+03   2.49708596e+16 -1.73025906e+15  1.82e+11       1s
   5   1.83e+05 7.10e+02   1.13863820e+16 -6.94492032e+14  7.09e+10       1s
 Constructing starting basis...
   6   9.03e+04 2.77e+02   6.14118129e+15 -3.41299825e+14  3.73e+10       2s
   7   4.58e+04 1.20e+02   3.75326948e+15 -2.20433298e+14  2.21e+10       2s
   8   1.96e+04 3.01e+01   2.24385182e+15 -1.30038503e+14  1.27e+10       3s
   9   8.67e+03 1.03e+01   1.38036037e+15 -7.54099385e+13  7.68e+09       3s
  10   4.01e+03 3.20e+00   9.17498507e+14 -4.26744864e+13  5.01e+09       3s
  11   2.99e+03 1.84e+00   8.35032914e+14 -3.80316311e+13  4.55e+09       4s
  12   1.68e+03 7.94e-01   5.22508054e+14 -1.44265556e+12  2.72e+09       4s
  13   2.33e+02 3.43e-01   3.57082242e+14  3.57377212e+11  1.87e+09       4s
  14   9.18e+01 1.39e-01   1.94519726e+14  2.03174382e+13  9.09e+08       5s
  15   4.24e+01 6.53e-02   1.66501009e+14  2.35440602e+13  7.44e+08       6s
  16   1.59e+01 3.04e-02   9.27590380e+13  3.16795241e+13  3.18e+08       6s
  17   1.21e+01 1.43e-02   8.19463134e+13  3.51922762e+13  2.41e+08       7s
  18   8.36e+00 7.43e-03   6.92138518e+13  3.70719066e+13  1.64e+08       7s
  19   4.45e+00 3.99e-03   5.58828454e+13  3.79875149e+13  9.12e+07       8s
  20   2.25e+00 1.40e-03   4.82225885e+13  3.86866979e+13  4.84e+07       8s
  21   2.05e+00 7.16e-04   4.79566589e+13  3.86326457e+13  4.72e+07       8s
  22   1.33e+00 1.89e-04   4.58693419e+13  3.88263765e+13  3.56e+07       9s
  23   4.39e-01 7.78e-05   4.16589982e+13  3.90078408e+13  1.34e+07       9s
  24   1.16e-01 3.88e-05   3.98732313e+13  3.90864990e+13  3.97e+06       9s
  25   2.02e-02 8.62e-06   3.93097621e+13  3.91494407e+13  8.09e+05      10s
  26   1.04e-02 2.02e-06   3.92491336e+13  3.91635095e+13  4.32e+05      10s
  27   4.11e-03 3.81e-07   3.92063662e+13  3.91674763e+13  1.96e+05      10s
  28   1.17e-03 1.20e-07   3.91821476e+13  3.91684287e+13  6.92e+04      11s
  29   4.57e-04 6.01e-08   3.91744177e+13  3.91687688e+13  2.85e+04      11s
  30   1.91e-04 3.14e-08   3.91717366e+13  3.91689234e+13  1.42e+04      11s
  31   6.35e-05 1.64e-08   3.91703175e+13  3.91690128e+13  6.58e+03      12s
  32   1.84e-05 5.82e-09   3.91696266e+13  3.91690910e+13  2.70e+03      12s
  33   7.45e-06 3.03e-09   3.91693831e+13  3.91691197e+13  1.33e+03      12s
  34   2.74e-06 1.63e-09   3.91692804e+13  3.91691310e+13  7.54e+02      12s
  35   1.55e-06 6.98e-10   3.91692258e+13  3.91691432e+13  4.17e+02      13s
  36   4.77e-07 3.49e-10   3.91691766e+13  3.91691481e+13  1.44e+02      13s
  37   2.09e-07 2.33e-10   3.91691645e+13  3.91691491e+13  7.73e+01      13s
  38   2.09e-07 2.33e-10   3.91691527e+13  3.91691498e+13  1.46e+01      13s
  39   1.79e-07 4.66e-10   3.91691505e+13  3.91691500e+13  2.91e+00      14s
  40   9.10e-08 2.33e-10   3.91691501e+13  3.91691500e+13  4.23e-01      14s
  41*  1.19e-07 2.33e-10   3.91691500e+13  3.91691500e+13  7.98e-02      14s
Summary
    Runtime:                                            14.09s
    Status interior point solve:                        optimal
    Status crossover:                                   not run
    objective value:                                    3.91691500e+13
    interior solution primal residual (abs/rel):        8.94e-08 / 6.12e-16
    interior solution dual residual (abs/rel):          2.33e-10 / 1.78e-16
    interior solution objective gap (abs/rel):          1.59e+04 / 4.05e-10
Ipx: IPM       optimal
Model   status      : Optimal
IPM       iterations: 41
Objective value     :  3.9169149943e+13
HiGHS run time      :         16.32
Presolving model
119066 rows, 324907 cols, 750689 nonzeros
88967 rows, 198320 cols, 497189 nonzeros
86631 rows, 116230 cols, 332606 nonzeros
86093 rows, 114006 cols, 328121 nonzeros
Presolve : Reductions: rows 86093(-2534012); columns 114006(-1631379); elements 328121(-7879447)
Solving the presolved LP
IPX model has 86093 rows, 114006 columns and 328121 nonzeros
Input
    Number of variables:                                114006
    Number of free variables:                           0
    Number of constraints:                              86093
    Number of equality constraints:                     13681
    Number of matrix entries:                           328121
    Matrix range:                                       [1e-02, 1e+00]
    RHS range:                                          [2e+05, 1e+08]
    Objective range:                                    [2e-04, 1e+06]
    Bounds range:                                       [5e+04, 1e+08]
Preprocessing
    Dualized model:                                     no
    Number of dense columns:                            0
    Range of scaling factors:                           [1.00e+00, 2.00e+00]
IPX version 1.0
Interior Point Solve
 Iter     P.res    D.res            P.obj           D.obj        mu     Time
   0   2.80e+07 1.50e+05   5.12569193e+13 -5.36007055e+16  4.84e+12       0s
   1   8.28e+06 1.08e+05   4.63173057e+16 -4.34262685e+16  3.19e+12       0s
   2   3.42e+06 7.69e+04   6.24751155e+16 -3.61074060e+16  2.64e+12       0s
   3   1.46e+06 1.47e+04   4.91484583e+16 -7.67334802e+15  6.78e+11       0s
   4   4.69e+05 2.68e+03   2.56024873e+16 -1.91610611e+15  1.94e+11       1s
   5   1.82e+05 7.96e+02   1.16369799e+16 -7.62822531e+14  7.38e+10       1s
 Constructing starting basis...
   6   5.85e+04 2.06e+02   4.34164626e+15 -2.83122177e+14  2.63e+10       2s
   7   3.45e+03 4.28e+01   1.31427580e+15 -1.57721539e+14  7.86e+09       2s
   8   4.21e+02 1.74e+01   5.48959168e+14 -8.80125452e+13  3.43e+09       3s
   9   1.64e+02 8.60e+00   2.32991937e+14 -4.39306191e+13  1.50e+09       3s
  10   3.22e+01 1.42e+00   6.08793394e+13 -8.66323473e+12  3.69e+08       4s
  11   5.17e+00 1.32e-01   1.30035201e+13 -1.08130118e+12  7.27e+07       4s
  12   8.51e-01 3.37e-02   2.33299421e+12 -2.85247416e+11  1.36e+07       4s
  13   2.23e-01 1.47e-02   7.51981457e+11 -1.30025293e+11  4.58e+06       5s
  14   1.58e-01 9.35e-03   6.69014216e+11 -9.49713632e+10  3.95e+06       5s
  15   4.97e-02 5.37e-03   2.42819759e+11 -5.40913196e+10  1.54e+06       5s
  16   2.71e-02 3.77e-03   1.96610510e+11 -3.99805517e+10  1.22e+06       6s
  17   2.02e-02 2.89e-03   1.55280034e+11 -3.02504800e+10  9.54e+05       6s
  18   7.91e-03 1.06e-03   6.83810241e+10 -8.83850257e+09  3.94e+05       6s
  19   5.14e-03 7.02e-04   6.23677404e+10 -5.88732256e+09  3.47e+05       6s
  20   2.19e-03 3.67e-04   3.11802932e+10 -1.56429177e+09  1.66e+05       7s
  21   1.46e-03 1.44e-04   2.74914763e+10  7.56283072e+08  1.35e+05       7s
  22   8.28e-04 7.40e-05   2.06753823e+10  1.81737696e+09  9.52e+04       7s
  23   4.29e-04 3.64e-05   1.42942537e+10  2.56416505e+09  5.92e+04       8s
  24   1.22e-04 9.65e-06   7.51375752e+09  3.24728467e+09  2.15e+04       8s
  25   3.81e-05 2.26e-06   5.14294456e+09  3.48700534e+09  8.35e+03       8s
  26   1.14e-05 1.24e-06   4.12496406e+09  3.53524622e+09  2.97e+03       9s
  27   3.25e-06 4.99e-07   3.80474504e+09  3.57111208e+09  1.18e+03       9s
  28   9.24e-07 1.56e-07   3.68280070e+09  3.59033400e+09  4.66e+02       9s
  29   2.38e-07 5.19e-08   3.62181227e+09  3.59765846e+09  1.22e+02      10s
  30   1.79e-07 2.06e-08   3.60826663e+09  3.60019605e+09  4.07e+01      10s
  31   8.94e-08 2.21e-09   3.60360139e+09  3.60172632e+09  9.46e+00      10s
  32   1.49e-07 4.66e-10   3.60227604e+09  3.60194635e+09  1.66e+00      10s
  33   2.38e-07 2.33e-10   3.60200082e+09  3.60197553e+09  1.28e-01      11s
  34   2.68e-07 4.66e-10   3.60198796e+09  3.60197731e+09  5.37e-02      11s
  35   2.09e-07 4.66e-10   3.60197836e+09  3.60197792e+09  2.22e-03      11s
  36   2.68e-07 2.33e-10   3.60197811e+09  3.60197798e+09  6.42e-04      11s
  37   5.07e-07 4.66e-10   3.60197802e+09  3.60197799e+09  1.57e-04      11s
  38*  2.98e-07 2.33e-10   3.60197799e+09  3.60197799e+09  3.54e-06      12s
Summary
    Runtime:                                            11.61s
    Status interior point solve:                        optimal
    Status crossover:                                   not run
    objective value:                                    3.60197799e+09
    interior solution primal residual (abs/rel):        7.15e-07 / 4.90e-15
    interior solution dual residual (abs/rel):          2.33e-10 / 1.78e-16
    interior solution objective gap (abs/rel):          6.99e-01 / 1.94e-10
Ipx: IPM       optimal
Model   status      : Optimal
IPM       iterations: 38
Objective value     :  3.6019779910e+09
HiGHS run time      :         13.84
Presolving model
119066 rows, 324907 cols, 750689 nonzeros
88967 rows, 198320 cols, 497189 nonzeros
86631 rows, 116230 cols, 332606 nonzeros
86093 rows, 114006 cols, 328121 nonzeros
Presolve : Reductions: rows 86093(-2541527); columns 114006(-1631379); elements 328121(-7886962)
Solving the presolved LP
IPX model has 86093 rows, 114006 columns and 328121 nonzeros
Input
    Number of variables:                                114006
    Number of free variables:                           0
    Number of constraints:                              86093
    Number of equality constraints:                     13681
    Number of matrix entries:                           328121
    Matrix range:                                       [1e-02, 1e+00]
    RHS range:                                          [2e+05, 1e+08]
    Objective range:                                    [2e-04, 1e+06]
    Bounds range:                                       [5e+04, 1e+08]
Preprocessing
    Dualized model:                                     no
    Number of dense columns:                            0
    Range of scaling factors:                           [1.00e+00, 2.00e+00]
IPX version 1.0
Interior Point Solve
 Iter     P.res    D.res            P.obj           D.obj        mu     Time
   0   2.80e+07 1.50e+05   5.19373698e+13 -5.36144177e+16  4.84e+12       0s
   1   8.28e+06 1.08e+05   4.64862303e+16 -4.34307316e+16  3.20e+12       0s
   2   3.42e+06 7.70e+04   6.27214173e+16 -3.61119370e+16  2.65e+12       0s
   3   1.50e+06 1.45e+04   4.95612321e+16 -7.58352503e+15  6.77e+11       0s
   4   4.59e+05 2.61e+03   2.52233744e+16 -1.89039887e+15  1.90e+11       1s
   5   1.80e+05 7.83e+02   1.15716273e+16 -7.55967953e+14  7.32e+10       1s
 Constructing starting basis...
   6   5.90e+04 2.04e+02   4.36222438e+15 -2.81457594e+14  2.64e+10       2s
   7   2.25e+03 4.35e+01   1.29002291e+15 -1.60802211e+14  7.73e+09       3s
   8   4.18e+02 1.88e+01   5.19492973e+14 -8.45328498e+13  3.26e+09       3s
   9   1.69e+02 9.23e+00   2.32629423e+14 -4.24630320e+13  1.49e+09       3s
  10   3.21e+01 1.45e+00   6.00074515e+13 -8.27900281e+12  3.61e+08       4s
  11   7.49e+00 2.39e-01   1.70195664e+13 -1.62132353e+12  9.68e+07       4s
  12   1.35e+00 7.97e-02   3.35349165e+12 -5.55314597e+11  2.05e+07       4s
  13   4.71e-01 2.35e-02   1.24171790e+12 -1.65332323e+11  7.31e+06       5s
  14   2.63e-01 6.04e-03   8.17074699e+11 -5.62474263e+10  4.46e+06       5s
  15   1.05e-01 1.84e-03   3.64387922e+11 -1.76069863e+10  1.94e+06       5s
  16   7.52e-03 4.21e-04   1.32102999e+11 -7.77343941e+09  7.09e+05       6s
  17   3.21e-03 1.32e-04   7.10016843e+10 -1.19972363e+09  3.65e+05       6s
  18   2.53e-03 7.13e-05   5.97355401e+10  3.97438843e+08  3.00e+05       6s
  19   1.89e-03 2.97e-05   4.77166316e+10  1.78111202e+09  2.32e+05       6s
  20   1.00e-03 1.29e-05   2.92699420e+10  2.53519733e+09  1.35e+05       7s
  21   3.89e-04 5.86e-06   1.56560202e+10  2.92681098e+09  6.42e+04       7s
  22   1.48e-04 1.94e-06   8.37785637e+09  3.31242892e+09  2.55e+04       7s
  23   3.14e-05 6.01e-07   4.94069736e+09  3.44182357e+09  7.56e+03       8s
  24   7.60e-06 3.09e-07   3.95768416e+09  3.48660774e+09  2.38e+03       8s
  25   1.94e-06 1.08e-07   3.69412175e+09  3.51961088e+09  8.80e+02       8s
  26   4.47e-07 3.86e-08   3.60014072e+09  3.53278738e+09  3.40e+02       9s
  27   2.98e-07 9.90e-09   3.56033002e+09  3.53979907e+09  1.04e+02       9s
  28   1.78e-07 2.33e-09   3.54837092e+09  3.54190304e+09  3.26e+01       9s
  29   2.68e-07 6.98e-10   3.54337672e+09  3.54258844e+09  3.98e+00       9s
  30   2.38e-07 2.33e-10   3.54285620e+09  3.54275752e+09  4.98e-01      10s
  31   6.85e-08 2.33e-10   3.54281563e+09  3.54277211e+09  2.20e-01      10s
  32   2.68e-07 2.33e-10   3.54278042e+09  3.54277535e+09  2.55e-02      10s
  33   2.68e-07 2.33e-10   3.54277833e+09  3.54277818e+09  7.69e-04      10s
  34   6.85e-07 2.33e-10   3.54277825e+09  3.54277824e+09  7.24e-05      10s
  35*  6.26e-07 2.33e-10   3.54277825e+09  3.54277825e+09  4.07e-06      11s
Summary
    Runtime:                                            10.70s
    Status interior point solve:                        optimal
    Status crossover:                                   not run
    objective value:                                    3.54277825e+09
    interior solution primal residual (abs/rel):        2.09e-07 / 1.43e-15
    interior solution dual residual (abs/rel):          2.33e-10 / 1.78e-16
    interior solution objective gap (abs/rel):          7.77e-01 / 2.19e-10
Ipx: IPM       optimal
Model   status      : Optimal
IPM       iterations: 35
Objective value     :  3.5427782460e+09
HiGHS run time      :         12.93
Presolving model
119066 rows, 324907 cols, 750689 nonzeros
88967 rows, 198320 cols, 497189 nonzeros
86631 rows, 116230 cols, 332606 nonzeros
86093 rows, 114006 cols, 328121 nonzeros
Presolve : Reductions: rows 86093(-2549042); columns 114006(-1631379); elements 328121(-7894477)
Solving the presolved LP
IPX model has 86093 rows, 114006 columns and 328121 nonzeros
Input
    Number of variables:                                114006
    Number of free variables:                           0
    Number of constraints:                              86093
    Number of equality constraints:                     13681
    Number of matrix entries:                           328121
    Matrix range:                                       [1e-02, 1e+00]
    RHS range:                                          [2e+05, 1e+08]
    Objective range:                                    [2e-04, 1e+06]
    Bounds range:                                       [5e+04, 1e+08]
Preprocessing
    Dualized model:                                     no
    Number of dense columns:                            0
    Range of scaling factors:                           [1.00e+00, 2.00e+00]
IPX version 1.0
Interior Point Solve
 Iter     P.res    D.res            P.obj           D.obj        mu     Time
   0   2.80e+07 1.50e+05   5.19530242e+13 -5.36134501e+16  4.84e+12       0s
   1   8.28e+06 1.08e+05   4.64860889e+16 -4.34265189e+16  3.20e+12       0s
   2   3.42e+06 7.69e+04   6.27231995e+16 -3.60990791e+16  2.64e+12       0s
   3   1.50e+06 1.45e+04   4.95689189e+16 -7.58469542e+15  6.77e+11       0s
   4   4.60e+05 2.61e+03   2.52548415e+16 -1.89003910e+15  1.91e+11       1s
   5   1.81e+05 7.82e+02   1.15850581e+16 -7.56111245e+14  7.33e+10       1s
 Constructing starting basis...
   6   5.97e+04 2.03e+02   4.40468541e+15 -2.81052840e+14  2.67e+10       2s
   7   6.17e+03 5.25e+01   1.40533996e+15 -1.58110832e+14  8.45e+09       2s
   8   1.06e+03 2.17e+01   6.60713963e+14 -9.16157523e+13  4.06e+09       3s
   9   4.68e+02 1.05e+01   3.14884318e+14 -4.51434377e+13  1.94e+09       3s
  10   1.13e+02 1.55e+00   9.44637141e+13 -8.92337676e+12  5.42e+08       4s
  11   2.80e+01 3.66e-01   2.67494234e+13 -2.38138441e+12  1.52e+08       4s
  12   4.60e+00 9.84e-02   4.99008729e+12 -6.75694664e+11  2.97e+07       4s
  13   1.66e+00 2.30e-02   1.94253252e+12 -1.66598215e+11  1.09e+07       5s
  14   9.65e-01 9.10e-03   1.17307182e+12 -6.86501373e+10  6.36e+06       5s
  15   2.51e-01 4.73e-03   7.07250432e+11 -5.44964405e+10  3.91e+06       5s
  16   9.05e-02 1.23e-03   3.73173185e+11 -2.18473529e+10  2.01e+06       6s
  17   3.68e-02 4.15e-04   1.77130209e+11 -6.83982014e+09  9.32e+05       6s
  18   1.80e-02 1.26e-04   9.52342978e+10 -4.01596844e+08  4.83e+05       6s
  19   1.17e-02 7.13e-05   6.70377066e+10  8.63487980e+08  3.34e+05       6s
  20   8.66e-03 3.01e-05   5.48648320e+10  1.62609503e+09  2.69e+05       7s
  21   4.76e-03 1.57e-05   4.49961885e+10  1.47058811e+09  2.20e+05       7s
  22   1.61e-03 5.19e-06   1.94177957e+10  2.67706832e+09  8.45e+04       7s
  23   5.69e-04 2.86e-06   9.86387823e+09  3.01322408e+09  3.46e+04       8s
  24   2.38e-04 9.93e-07   6.42012102e+09  3.32973853e+09  1.56e+04       8s
  25   5.08e-05 5.05e-07   4.36109978e+09  3.41864468e+09  4.75e+03       8s
  26   1.47e-05 2.25e-07   3.86311873e+09  3.47712919e+09  1.95e+03       9s
  27   5.39e-06 8.06e-08   3.67369829e+09  3.51256990e+09  8.13e+02       9s
  28   1.79e-06 2.10e-08   3.59328392e+09  3.52781082e+09  3.30e+02       9s
  29   5.96e-07 6.75e-09   3.55692862e+09  3.53232961e+09  1.24e+02       9s
  30   1.49e-07 2.10e-09   3.54090953e+09  3.53402459e+09  3.47e+01      10s
  31   2.38e-07 6.98e-10   3.53594981e+09  3.53459737e+09  6.82e+00      10s
  32   1.79e-07 3.49e-10   3.53505710e+09  3.53476403e+09  1.48e+00      10s
  33   1.49e-07 2.33e-10   3.53483386e+09  3.53481400e+09  1.00e-01      10s
  34   2.68e-07 2.33e-10   3.53482090e+09  3.53481949e+09  7.12e-03      11s
  35   3.58e-07 4.66e-10   3.53481984e+09  3.53481976e+09  3.73e-04      11s
  36   5.66e-07 3.49e-10   3.53481980e+09  3.53481979e+09  3.13e-05      11s
  37*  5.36e-07 2.33e-10   3.53481979e+09  3.53481979e+09  2.69e-06      11s
Summary
    Runtime:                                            11.41s
    Status interior point solve:                        optimal
    Status crossover:                                   not run
    objective value:                                    3.53481979e+09
    interior solution primal residual (abs/rel):        4.47e-07 / 3.06e-15
    interior solution dual residual (abs/rel):          2.33e-10 / 1.78e-16
    interior solution objective gap (abs/rel):          4.95e-01 / 1.40e-10
Ipx: IPM       optimal
Model   status      : Optimal
IPM       iterations: 37
Objective value     :  3.5348197935e+09
HiGHS run time      :         13.64
Presolving model
119066 rows, 324907 cols, 750689 nonzeros
88967 rows, 198320 cols, 497189 nonzeros
86631 rows, 116230 cols, 332606 nonzeros
86093 rows, 114006 cols, 328121 nonzeros
Presolve : Reductions: rows 86093(-2556557); columns 114006(-1631379); elements 328121(-7901992)
Solving the presolved LP
IPX model has 86093 rows, 114006 columns and 328121 nonzeros
Input
    Number of variables:                                114006
    Number of free variables:                           0
    Number of constraints:                              86093
    Number of equality constraints:                     13681
    Number of matrix entries:                           328121
    Matrix range:                                       [1e-02, 1e+00]
    RHS range:                                          [2e+05, 1e+08]
    Objective range:                                    [2e-04, 1e+06]
    Bounds range:                                       [5e+04, 1e+08]
Preprocessing
    Dualized model:                                     no
    Number of dense columns:                            0
    Range of scaling factors:                           [1.00e+00, 2.00e+00]
IPX version 1.0
Interior Point Solve
 Iter     P.res    D.res            P.obj           D.obj        mu     Time
   0   2.80e+07 1.50e+05   5.19530242e+13 -5.36134501e+16  4.84e+12       0s
   1   8.28e+06 1.08e+05   4.64860889e+16 -4.34265189e+16  3.20e+12       0s
   2   3.42e+06 7.69e+04   6.27231995e+16 -3.60990791e+16  2.64e+12       0s
   3   1.50e+06 1.45e+04   4.95689189e+16 -7.58469542e+15  6.77e+11       0s
   4   4.60e+05 2.61e+03   2.52548415e+16 -1.89003910e+15  1.91e+11       1s
   5   1.81e+05 7.82e+02   1.15850581e+16 -7.56111245e+14  7.33e+10       1s
 Constructing starting basis...
   6   5.97e+04 2.03e+02   4.40468541e+15 -2.81052840e+14  2.67e+10       2s
   7   6.17e+03 5.25e+01   1.40533996e+15 -1.58110832e+14  8.45e+09       2s
   8   1.06e+03 2.17e+01   6.60713963e+14 -9.16157523e+13  4.06e+09       3s
   9   4.68e+02 1.05e+01   3.14884318e+14 -4.51434377e+13  1.94e+09       3s
  10   1.13e+02 1.55e+00   9.44637141e+13 -8.92337676e+12  5.42e+08       3s
  11   2.80e+01 3.66e-01   2.67494234e+13 -2.38138441e+12  1.52e+08       4s
  12   4.60e+00 9.84e-02   4.99008729e+12 -6.75694664e+11  2.97e+07       4s
  13   1.66e+00 2.30e-02   1.94253252e+12 -1.66598215e+11  1.09e+07       4s
  14   9.65e-01 9.10e-03   1.17307182e+12 -6.86501373e+10  6.36e+06       5s
  15   2.51e-01 4.73e-03   7.07250432e+11 -5.44964405e+10  3.91e+06       5s
  16   9.05e-02 1.23e-03   3.73173185e+11 -2.18473529e+10  2.01e+06       5s
  17   3.68e-02 4.15e-04   1.77130209e+11 -6.83982014e+09  9.32e+05       6s
  18   1.80e-02 1.26e-04   9.52342978e+10 -4.01596844e+08  4.83e+05       6s
  19   1.17e-02 7.13e-05   6.70377066e+10  8.63487980e+08  3.34e+05       6s
  20   8.66e-03 3.01e-05   5.48648320e+10  1.62609503e+09  2.69e+05       6s
  21   4.76e-03 1.57e-05   4.49961885e+10  1.47058811e+09  2.20e+05       7s
  22   1.61e-03 5.19e-06   1.94177957e+10  2.67706832e+09  8.45e+04       7s
  23   5.69e-04 2.86e-06   9.86387823e+09  3.01322408e+09  3.46e+04       7s
  24   2.38e-04 9.93e-07   6.42012102e+09  3.32973853e+09  1.56e+04       8s
  25   5.08e-05 5.05e-07   4.36109978e+09  3.41864468e+09  4.75e+03       8s
  26   1.47e-05 2.25e-07   3.86311873e+09  3.47712919e+09  1.95e+03       8s
  27   5.39e-06 8.06e-08   3.67369829e+09  3.51256990e+09  8.13e+02       8s
  28   1.79e-06 2.10e-08   3.59328392e+09  3.52781082e+09  3.30e+02       9s
  29   5.96e-07 6.75e-09   3.55692862e+09  3.53232961e+09  1.24e+02       9s
  30   1.49e-07 2.10e-09   3.54090953e+09  3.53402459e+09  3.47e+01       9s
  31   2.38e-07 6.98e-10   3.53594981e+09  3.53459737e+09  6.82e+00       9s
  32   1.79e-07 3.49e-10   3.53505710e+09  3.53476403e+09  1.48e+00      10s
  33   1.49e-07 2.33e-10   3.53483386e+09  3.53481400e+09  1.00e-01      10s
  34   2.68e-07 2.33e-10   3.53482090e+09  3.53481949e+09  7.12e-03      10s
  35   3.58e-07 4.66e-10   3.53481984e+09  3.53481976e+09  3.73e-04      10s
  36   5.66e-07 3.49e-10   3.53481980e+09  3.53481979e+09  3.13e-05      10s
  37*  5.36e-07 2.33e-10   3.53481979e+09  3.53481979e+09  2.69e-06      11s
Summary
    Runtime:                                            10.78s
    Status interior point solve:                        optimal
    Status crossover:                                   not run
    objective value:                                    3.53481979e+09
    interior solution primal residual (abs/rel):        4.47e-07 / 3.06e-15
    interior solution dual residual (abs/rel):          2.33e-10 / 1.78e-16
    interior solution objective gap (abs/rel):          4.95e-01 / 1.40e-10
Ipx: IPM       optimal
Model   status      : Optimal
IPM       iterations: 37
Objective value     :  3.5348197935e+09
HiGHS run time      :         13.42
[ Info: Rolling step not specified in scenaio.yaml file; Setting it to 5 years
[ Info: Demand-pathway mapping not specified in scenaio.yaml file; SERA will not look for eligible pathways for different demand types.
[ Info: Production capacity constraints from the grid model not defined. SERA will not create these constraints
[ Info: Regional technology limits not specified in scenaio.yaml file; SERA will not create these constraints
STARTING DATA PRE-PROCESSING 
Processing Temporal Data
Processing Nodes
Processing Demand
Processing Existings
Processing Links
Processing Pathways
Creating Infrastructure options
 19.462591 seconds (99.46 M allocations: 11.605 GiB, 42.33% gc time, 0.44% compilation time)

OPTIMIZING FROM 2026 TO 2030 

STARTING OPTIMIZATION MODEL CREATION
CREATING VARIABLES AND EXPRESSIONS
 18.489774 seconds (140.31 M allocations: 8.653 GiB, 36.29% gc time, 34.87% compilation time)
POPULATING EXPRESSIONS
 12.020869 seconds (56.50 M allocations: 8.733 GiB, 5.61% gc time, 1.53% compilation time)
CREATING CONSTRAINTS
 16.696215 seconds (87.77 M allocations: 4.878 GiB, 43.70% gc time, 9.50% compilation time)
POPULATED CORE OPTIMIZATION MODEL, STARTING ITERATIONS
READING COST DATA FOR ITERATION 1
 20.746473 seconds (58.76 M allocations: 5.728 GiB, 36.14% gc time, 1.99% compilation time)
CREATING EXPRESSIONS FOR CAPITAL AND FIXED COST
 28.419780 seconds (32.67 M allocations: 2.049 GiB, 86.86% gc time, 5.20% compilation time)
BUILDING OBJECTIVE FUNCTION
  2.911299 seconds (20.04 M allocations: 668.636 MiB, 12.62% gc time, 28.78% compilation time)
Optimizing for iteration 1
 48.653338 seconds (28.62 M allocations: 2.742 GiB, 60.37% gc time, 0.07% compilation time)
OPTIMAL
1.7868211628734794e9
 =  1.0
READING COST DATA FOR ITERATION 2
110.266550 seconds (47.65 M allocations: 5.526 GiB, 23.66% gc time, 0.03% compilation time)
CREATING EXPRESSIONS FOR CAPITAL AND FIXED COST
 16.965631 seconds (31.00 M allocations: 1.940 GiB, 87.27% gc time, 0.03% compilation time)
BUILDING OBJECTIVE FUNCTION
  2.182937 seconds (19.38 M allocations: 643.318 MiB, 17.59% gc time)
Optimizing for iteration 2
 11.573568 seconds (5 allocations: 32 bytes)
OPTIMAL
1.4619797189365869e9
 =  0.2221928524242518
READING COST DATA FOR ITERATION 3
113.512225 seconds (47.59 M allocations: 5.467 GiB, 26.26% gc time)
CREATING EXPRESSIONS FOR CAPITAL AND FIXED COST
 16.784379 seconds (31.00 M allocations: 1.940 GiB, 86.89% gc time)
BUILDING OBJECTIVE FUNCTION
  2.060030 seconds (19.38 M allocations: 643.318 MiB, 13.43% gc time)
Optimizing for iteration 3
 11.834114 seconds (2 allocations: 32 bytes)
OPTIMAL
1.2731552157134824e9
 =  0.14831224103109597
READING COST DATA FOR ITERATION 4
113.897771 seconds (47.58 M allocations: 5.483 GiB, 26.59% gc time)
CREATING EXPRESSIONS FOR CAPITAL AND FIXED COST
 17.556485 seconds (31.00 M allocations: 1.940 GiB, 87.39% gc time)
BUILDING OBJECTIVE FUNCTION
  2.104533 seconds (19.38 M allocations: 643.318 MiB, 13.02% gc time)
Optimizing for iteration 4
 11.704577 seconds (2 allocations: 32 bytes)
OPTIMAL
1.2670177925646737e9
 =  0.0048439912880658955
READING COST DATA FOR ITERATION 5
125.553173 seconds (47.58 M allocations: 5.522 GiB, 26.90% gc time)
CREATING EXPRESSIONS FOR CAPITAL AND FIXED COST
 18.835405 seconds (31.00 M allocations: 1.940 GiB, 87.62% gc time)
BUILDING OBJECTIVE FUNCTION
  2.133910 seconds (19.38 M allocations: 643.318 MiB, 13.06% gc time)
Optimizing for iteration 5
 11.125695 seconds (2 allocations: 32 bytes)
OPTIMAL
1.2639236928203144e9
 =  0.0024480115073695703
READING COST DATA FOR ITERATION 6
125.985321 seconds (47.58 M allocations: 5.491 GiB, 27.17% gc time)
CREATING EXPRESSIONS FOR CAPITAL AND FIXED COST
 18.911711 seconds (31.00 M allocations: 1.940 GiB, 87.81% gc time)
BUILDING OBJECTIVE FUNCTION
  2.136569 seconds (19.38 M allocations: 643.318 MiB, 13.47% gc time)
Optimizing for iteration 6
 11.082324 seconds (2 allocations: 32 bytes)
OPTIMAL
1.2639236928203144e9
 =  0.0
ITERATIONS COMPLETED
WRITING RESULTS TO FILE
  5.749363 seconds (7.65 M allocations: 342.949 MiB, 77.48% gc time, 11.53% compilation time)

OPTIMIZING FROM 2031 TO 2035 

STARTING OPTIMIZATION MODEL CREATION
CREATING VARIABLES AND EXPRESSIONS
144.159232 seconds (131.36 M allocations: 8.073 GiB, 94.32% gc time, 0.14% compilation time)
POPULATING EXPRESSIONS
 17.980432 seconds (56.32 M allocations: 8.724 GiB, 36.68% gc time)
CREATING CONSTRAINTS
 55.669292 seconds (85.05 M allocations: 4.699 GiB, 84.18% gc time)
POPULATED CORE OPTIMIZATION MODEL, STARTING ITERATIONS
READING COST DATA FOR ITERATION 1
 62.502324 seconds (47.50 M allocations: 5.495 GiB, 79.58% gc time)
CREATING EXPRESSIONS FOR CAPITAL AND FIXED COST
 25.347213 seconds (30.97 M allocations: 1.939 GiB, 91.96% gc time)
BUILDING OBJECTIVE FUNCTION
  2.085178 seconds (19.38 M allocations: 620.777 MiB, 17.84% gc time)
Optimizing for iteration 1
 77.819750 seconds (28.60 M allocations: 2.741 GiB, 71.30% gc time)
OPTIMAL
3.8885825046458875e13
 =  1.0
READING COST DATA FOR ITERATION 2
134.815022 seconds (47.64 M allocations: 5.516 GiB, 36.65% gc time)
CREATING EXPRESSIONS FOR CAPITAL AND FIXED COST
 28.350706 seconds (31.00 M allocations: 1.940 GiB, 92.31% gc time)
BUILDING OBJECTIVE FUNCTION
  8.417285 seconds (19.38 M allocations: 643.332 MiB, 78.59% gc time)
Optimizing for iteration 2
 12.199025 seconds (5 allocations: 32 bytes)
OPTIMAL
2.9509348544694743e9
 =  13176.45967436832
READING COST DATA FOR ITERATION 3
140.730915 seconds (47.63 M allocations: 5.486 GiB, 39.79% gc time)
CREATING EXPRESSIONS FOR CAPITAL AND FIXED COST
 28.038489 seconds (31.00 M allocations: 1.940 GiB, 92.45% gc time)
BUILDING OBJECTIVE FUNCTION
  2.161730 seconds (19.38 M allocations: 643.332 MiB, 16.81% gc time)
Optimizing for iteration 3
 11.956523 seconds (2 allocations: 32 bytes)
OPTIMAL
2.818869117114437e9
 =  0.04685060989639144
READING COST DATA FOR ITERATION 4
142.194712 seconds (47.63 M allocations: 5.579 GiB, 39.89% gc time)
CREATING EXPRESSIONS FOR CAPITAL AND FIXED COST
 28.226229 seconds (31.00 M allocations: 1.940 GiB, 92.58% gc time)
BUILDING OBJECTIVE FUNCTION
  2.028363 seconds (19.38 M allocations: 643.332 MiB, 15.32% gc time)
Optimizing for iteration 4
 11.753410 seconds (2 allocations: 32 bytes)
OPTIMAL
2.8182096630158195e9
 =  0.00023399752934530937
ITERATIONS COMPLETED
WRITING RESULTS TO FILE
  9.207542 seconds (13.43 M allocations: 603.591 MiB, 78.04% gc time, 9.35% compilation time)

OPTIMIZING FROM 2036 TO 2040 

STARTING OPTIMIZATION MODEL CREATION
CREATING VARIABLES AND EXPRESSIONS
201.757564 seconds (131.10 M allocations: 8.027 GiB, 96.34% gc time)
POPULATING EXPRESSIONS
 20.607592 seconds (56.34 M allocations: 8.731 GiB, 45.21% gc time)
CREATING CONSTRAINTS
 57.910860 seconds (85.06 M allocations: 4.701 GiB, 83.94% gc time, 0.01% compilation time)
POPULATED CORE OPTIMIZATION MODEL, STARTING ITERATIONS
READING COST DATA FOR ITERATION 1
 63.544820 seconds (47.50 M allocations: 5.463 GiB, 79.77% gc time)
CREATING EXPRESSIONS FOR CAPITAL AND FIXED COST
 26.113091 seconds (31.11 M allocations: 1.945 GiB, 91.25% gc time, 0.24% compilation time)
BUILDING OBJECTIVE FUNCTION
  2.485435 seconds (19.38 M allocations: 620.793 MiB, 22.35% gc time)
Optimizing for iteration 1
 74.788627 seconds (29.62 M allocations: 2.757 GiB, 67.80% gc time)
OPTIMAL
3.916914994268308e13
 =  1.0
READING COST DATA FOR ITERATION 2
145.078095 seconds (47.69 M allocations: 5.469 GiB, 41.53% gc time)
CREATING EXPRESSIONS FOR CAPITAL AND FIXED COST
 31.564001 seconds (31.11 M allocations: 1.943 GiB, 92.11% gc time)
BUILDING OBJECTIVE FUNCTION
  2.901946 seconds (19.38 M allocations: 643.350 MiB, 24.45% gc time)
Optimizing for iteration 2
 13.877976 seconds (5 allocations: 32 bytes)
OPTIMAL
3.6019779909891477e9
 =  10873.344607510455
READING COST DATA FOR ITERATION 3
147.870465 seconds (47.67 M allocations: 5.485 GiB, 42.39% gc time)
CREATING EXPRESSIONS FOR CAPITAL AND FIXED COST
 31.929281 seconds (31.11 M allocations: 1.943 GiB, 91.92% gc time)
BUILDING OBJECTIVE FUNCTION
  2.784610 seconds (19.38 M allocations: 643.350 MiB, 22.84% gc time)
Optimizing for iteration 3
 12.959480 seconds (2 allocations: 32 bytes)
OPTIMAL
3.5427782460265646e9
 =  0.01670997755188184
READING COST DATA FOR ITERATION 4
148.111730 seconds (47.67 M allocations: 5.469 GiB, 42.69% gc time)
CREATING EXPRESSIONS FOR CAPITAL AND FIXED COST
 32.173000 seconds (31.11 M allocations: 1.943 GiB, 92.01% gc time)
BUILDING OBJECTIVE FUNCTION
  2.813586 seconds (19.38 M allocations: 643.350 MiB, 22.18% gc time)
Optimizing for iteration 4
 13.665699 seconds (2 allocations: 32 bytes)
OPTIMAL
3.534819793484871e9
 =  0.002251445054409105
READING COST DATA FOR ITERATION 5
149.161869 seconds (47.67 M allocations: 5.564 GiB, 42.74% gc time)
CREATING EXPRESSIONS FOR CAPITAL AND FIXED COST
 31.737597 seconds (31.11 M allocations: 1.943 GiB, 91.99% gc time)
BUILDING OBJECTIVE FUNCTION
  2.622577 seconds (19.38 M allocations: 643.350 MiB, 22.36% gc time)
Optimizing for iteration 5
 13.446203 seconds (2 allocations: 32 bytes)
OPTIMAL
3.534819793484871e9
 =  0.0
ITERATIONS COMPLETED
WRITING RESULTS TO FILE
  9.648398 seconds (17.67 M allocations: 749.566 MiB, 79.39% gc time)

THE OPTIMIZATION PROBLEM TOOK 53.15 MINUTES TO SOLVE. 
