Running HiGHS 1.6.0: Copyright (c) 2023 HiGHS under MIT licence terms
Presolving model
397981 rows, 923169 cols, 2276995 nonzeros
297933 rows, 590105 cols, 1609413 nonzeros
292669 rows, 345027 cols, 1117230 nonzeros
291677 rows, 343747 cols, 1114697 nonzeros
Presolve : Reductions: rows 291677(-4932770); columns 343747(-3146291); elements 1114697(-17768874)
Solving the presolved LP
IPX model has 291677 rows, 343747 columns and 1114697 nonzeros
Input
    Number of variables:                                343747
    Number of free variables:                           0
    Number of constraints:                              291677
    Number of equality constraints:                     26657
    Number of matrix entries:                           1114697
    Matrix range:                                       [1e-02, 1e+00]
    RHS range:                                          [2e+05, 6e+07]
    Objective range:                                    [3e-04, 4e+01]
    Bounds range:                                       [7e+05, 1e+08]
Preprocessing
    Dualized model:                                     no
    Number of dense columns:                            0
    Range of scaling factors:                           [1.00e+00, 2.00e+00]
IPX version 1.0
Interior Point Solve
 Iter     P.res    D.res            P.obj           D.obj        mu     Time
   0   1.34e+07 2.56e+01   2.08959770e+09 -2.48251842e+13  3.80e+08       0s
   1   3.65e+06 1.89e+01   8.69930076e+11 -1.93548770e+13  2.96e+08       0s
   2   1.97e+06 1.35e+01   1.38025565e+12 -1.57639921e+13  2.78e+08       1s
   3   8.27e+05 1.79e+00   1.31477235e+12 -2.33304606e+12  4.17e+07       2s
   4   1.88e+05 3.81e-01   8.37867008e+11 -5.48854199e+11  9.58e+06       3s
 Constructing starting basis...
   5   6.11e+04 7.46e-02   5.00749757e+11 -1.34477924e+11  2.39e+06       9s
   6   2.14e+04 1.97e-02   2.81474453e+11 -4.46429066e+10  8.36e+05      11s
   7   5.99e+03 6.45e-03   1.32057588e+11 -1.68988872e+10  3.11e+05      14s
   8   2.11e+03 2.30e-03   6.97246718e+10 -6.61504280e+09  1.39e+05      16s
   9   8.05e+02 9.43e-04   4.39518935e+10 -2.95397581e+09  7.96e+04      18s
  10   3.42e+02 3.79e-04   2.55340064e+10 -3.78104090e+08  4.22e+04      20s
  11   2.52e+02 1.81e-04   2.39150927e+10  2.39349487e+08  3.79e+04      23s
  12   1.12e+02 9.28e-05   1.29399526e+10  1.11500418e+09  1.88e+04      25s
  13   4.32e+01 5.73e-05   8.44602265e+09  1.40671086e+09  1.11e+04      28s
  14   3.09e+01 2.79e-05   7.08439430e+09  1.72125724e+09  8.46e+03      31s
  15   2.07e+01 2.03e-05   5.72731911e+09  1.80962919e+09  6.18e+03      34s
  16   9.60e+00 9.14e-06   4.67255254e+09  1.91176087e+09  4.35e+03      37s
  17   7.98e+00 3.69e-06   4.34383855e+09  2.00955891e+09  3.67e+03      40s
  18   5.58e+00 2.17e-06   3.71958534e+09  2.05135101e+09  2.62e+03      43s
  19   3.60e+00 6.77e-07   3.36177973e+09  2.07261123e+09  2.03e+03      46s
  20   2.03e+00 3.20e-07   2.89058539e+09  2.09610339e+09  1.25e+03      50s
  21   1.35e+00 2.28e-07   2.68095021e+09  2.10302282e+09  9.09e+02      55s
  22   7.76e-01 1.46e-07   2.47459433e+09  2.11188641e+09  5.70e+02      59s
  23   3.30e-01 8.74e-08   2.30688146e+09  2.11903792e+09  2.95e+02      63s
  24   1.83e-01 5.21e-08   2.25253484e+09  2.12364875e+09  2.03e+02      69s
  25   1.54e-01 4.05e-08   2.23897648e+09  2.12547418e+09  1.78e+02      74s
  26   1.03e-01 2.83e-08   2.21095116e+09  2.12772963e+09  1.31e+02      77s
  27   5.92e-02 1.54e-08   2.18794681e+09  2.12998098e+09  9.11e+01      81s
  28   4.19e-02 9.80e-09   2.17687075e+09  2.13113399e+09  7.19e+01      85s
  29   3.46e-02 7.45e-09   2.17032214e+09  2.13185148e+09  6.05e+01      88s
  30   2.25e-02 4.08e-09   2.15960012e+09  2.13285431e+09  4.21e+01      91s
  31   1.67e-02 2.61e-09   2.15396880e+09  2.13333673e+09  3.24e+01      93s
  32   9.56e-03 1.69e-09   2.14622924e+09  2.13369779e+09  1.97e+01      96s
  33   2.94e-03 9.36e-10   2.13890497e+09  2.13400348e+09  7.71e+00      98s
  34   1.62e-03 5.19e-10   2.13744589e+09  2.13417374e+09  5.14e+00     100s
  35   3.70e-04 2.54e-10   2.13615271e+09  2.13427793e+09  2.95e+00     103s
  36   1.27e-04 1.03e-10   2.13523942e+09  2.13438331e+09  1.35e+00     105s
  37   2.57e-05 2.32e-11   2.13476509e+09  2.13444511e+09  5.03e-01     107s
  38   2.41e-06 1.16e-11   2.13454643e+09  2.13445852e+09  1.38e-01     108s
  39   4.47e-07 8.24e-13   2.13449561e+09  2.13447377e+09  3.43e-02     110s
  40   8.94e-08 5.68e-14   2.13447912e+09  2.13447545e+09  5.77e-03     112s
  41   3.99e-08 2.13e-14   2.13447569e+09  2.13447558e+09  1.81e-04     114s
  42   4.18e-08 1.42e-14   2.13447561e+09  2.13447559e+09  3.36e-05     116s
  43*  4.84e-08 1.42e-14   2.13447559e+09  2.13447559e+09  2.87e-06     118s
Summary
    Runtime:                                            117.58s
    Status interior point solve:                        optimal
    Status crossover:                                   not run
    objective value:                                    2.13447559e+09
    interior solution primal residual (abs/rel):        6.71e-08 / 4.59e-16
    interior solution dual residual (abs/rel):          3.48e-10 / 8.43e-12
    interior solution objective gap (abs/rel):          1.83e+00 / 8.58e-10
Ipx: IPM       optimal
Model   status      : Optimal
IPM       iterations: 43
Objective value     :  2.1344755926e+09
HiGHS run time      :        122.90
Presolving model
397981 rows, 923169 cols, 2276995 nonzeros
297933 rows, 590105 cols, 1609413 nonzeros
292669 rows, 345027 cols, 1117230 nonzeros
291677 rows, 343747 cols, 1114697 nonzeros
Presolve : Reductions: rows 291677(-4947800); columns 343747(-3146291); elements 1114697(-17783904)
Solving the presolved LP
IPX model has 291677 rows, 343747 columns and 1114697 nonzeros
Input
    Number of variables:                                343747
    Number of free variables:                           0
    Number of constraints:                              291677
    Number of equality constraints:                     26657
    Number of matrix entries:                           1114697
    Matrix range:                                       [1e-02, 1e+00]
    RHS range:                                          [2e+05, 6e+07]
    Objective range:                                    [3e-04, 9e+06]
    Bounds range:                                       [7e+05, 1e+08]
Preprocessing
    Dualized model:                                     no
    Number of dense columns:                            0
    Range of scaling factors:                           [1.00e+00, 2.00e+00]
IPX version 1.0
Interior Point Solve
 Iter     P.res    D.res            P.obj           D.obj        mu     Time
   0   1.34e+07 2.25e+06   1.34439481e+14 -2.18427056e+18  3.38e+13       0s
   1   3.88e+06 1.72e+06   3.18384395e+17 -1.75592636e+18  2.72e+13       0s
   2   2.03e+06 1.13e+06   4.89256824e+17 -1.36502941e+18  2.38e+13       1s
   3   8.39e+05 1.96e+05   4.50635429e+17 -2.67481928e+17  4.86e+12       2s
   4   1.65e+05 5.57e+04   2.85395329e+17 -9.02302735e+16  1.50e+12       3s
 Constructing starting basis...
   5   2.35e+04 1.88e+04   1.39059247e+17 -3.54118352e+16  5.24e+11       8s
   6   7.26e+03 5.64e+03   7.33206167e+16 -1.23016632e+16  1.90e+11      10s
   7   3.18e+03 1.59e+03   4.26310990e+16 -4.38253054e+15  8.59e+10      12s
   8   1.90e+03 5.72e+02   2.84792263e+16 -1.92160263e+15  5.14e+10      14s
   9   1.02e+03 1.66e+02   1.85137130e+16 -9.33352396e+14  3.16e+10      16s
  10   4.10e+02 4.13e+01   8.80327507e+15 -3.59798115e+14  1.46e+10      18s
  11   1.52e+02 1.54e+01   4.54568970e+15 -2.43924689e+14  7.66e+09      20s
  12   3.34e+01 5.70e+00   2.59143302e+15 -1.83826185e+14  4.47e+09      22s
  13   8.89e+00 2.82e+00   1.08141165e+15 -1.13358667e+14  1.94e+09      24s
  14   5.38e+00 1.89e+00   8.28845843e+14 -8.64127001e+13  1.49e+09      26s
  15   9.92e-01 7.33e-01   2.30257653e+14 -3.76824537e+13  4.42e+08      28s
  16   3.08e-01 3.26e-01   9.38420190e+13 -1.77165817e+13  1.84e+08      30s
  17   7.92e-02 8.88e-02   3.01066699e+13 -5.10687712e+12  5.76e+07      31s
  18   1.85e-02 2.86e-02   9.81551646e+12 -1.76033422e+12  1.88e+07      33s
  19   1.04e-02 1.18e-02   6.42022737e+12 -7.78325292e+11  1.15e+07      35s
  20   5.71e-03 5.73e-03   3.92553000e+12 -3.88577590e+11  6.87e+06      36s
  21   3.30e-03 2.98e-03   2.61554359e+12 -2.15255335e+11  4.49e+06      38s
  22   2.73e-03 1.93e-03   2.29496449e+12 -1.49982665e+11  3.87e+06      40s
  23   1.65e-03 9.48e-04   2.05674986e+12 -1.19694447e+11  3.43e+06      41s
  24   7.88e-04 5.11e-04   1.09315396e+12 -6.28397052e+10  1.82e+06      43s
  25   3.64e-04 2.24e-04   7.04789007e+11 -3.18347985e+10  1.16e+06      45s
  26   2.73e-04 1.14e-04   5.70486468e+11 -1.39055748e+10  9.19e+05      47s
  27   1.70e-04 4.59e-05   4.01284887e+11 -1.46653581e+09  6.33e+05      49s
  28   1.34e-04 9.57e-06   3.50214730e+11  3.72215351e+09  5.45e+05      50s
  29   7.75e-05 5.50e-06   2.16497509e+11  7.27506094e+09  3.29e+05      52s
  30   3.91e-05 3.84e-06   1.83742321e+11  6.82078628e+09  2.78e+05      54s
  31   1.47e-05 2.95e-06   9.86559157e+10  7.87508964e+09  1.43e+05      56s
  32   4.62e-06 1.18e-06   5.66698634e+10  1.03155255e+10  7.29e+04      58s
  33   2.47e-06 4.25e-07   3.89293243e+10  1.20136176e+10  4.23e+04      60s
  34   1.22e-06 2.07e-07   2.68280641e+10  1.25896790e+10  2.24e+04      62s
  35   5.36e-07 9.50e-08   1.95465922e+10  1.29120075e+10  1.04e+04      64s
  36   1.19e-07 3.73e-08   1.68255357e+10  1.30192941e+10  5.98e+03      65s
  37   1.04e-07 1.68e-08   1.43986371e+10  1.31463098e+10  1.97e+03      67s
  38   1.19e-07 8.38e-09   1.36530416e+10  1.32005155e+10  7.11e+02      69s
  39   8.20e-08 5.59e-09   1.33996439e+10  1.32217046e+10  2.80e+02      71s
  40   1.19e-07 3.73e-09   1.32958158e+10  1.32377436e+10  9.13e+01      72s
  41   8.94e-08 1.86e-09   1.32612148e+10  1.32434245e+10  2.80e+01      74s
  42   7.45e-08 1.86e-09   1.32479365e+10  1.32460473e+10  2.97e+00      75s
  43   6.71e-08 2.79e-09   1.32464512e+10  1.32463408e+10  1.74e-01      77s
  44   7.45e-08 2.79e-09   1.32463820e+10  1.32463678e+10  2.23e-02      78s
  45   9.82e-08 3.73e-09   1.32463717e+10  1.32463703e+10  2.15e-03      79s
  46   3.50e-07 1.86e-09   1.32463708e+10  1.32463705e+10  3.80e-04      80s
  47   6.11e-07 1.86e-09   1.32463706e+10  1.32463706e+10  6.29e-05      82s
  48*  6.63e-07 1.86e-09   1.32463706e+10  1.32463706e+10  5.72e-06      83s
Summary
    Runtime:                                            83.21s
    Status interior point solve:                        optimal
    Status crossover:                                   not run
    objective value:                                    1.32463706e+10
    interior solution primal residual (abs/rel):        4.84e-07 / 3.32e-15
    interior solution dual residual (abs/rel):          9.31e-10 / 1.01e-16
    interior solution objective gap (abs/rel):          2.85e+00 / 2.15e-10
Ipx: IPM       optimal
Model   status      : Optimal
IPM       iterations: 48
Objective value     :  1.3246370624e+10
HiGHS run time      :         88.34
Presolving model
397981 rows, 923169 cols, 2276995 nonzeros
297933 rows, 590105 cols, 1609413 nonzeros
292669 rows, 345027 cols, 1117230 nonzeros
291677 rows, 343747 cols, 1114697 nonzeros
Presolve : Reductions: rows 291677(-4962830); columns 343747(-3146291); elements 1114697(-17798934)
Solving the presolved LP
IPX model has 291677 rows, 343747 columns and 1114697 nonzeros
Input
    Number of variables:                                343747
    Number of free variables:                           0
    Number of constraints:                              291677
    Number of equality constraints:                     26657
    Number of matrix entries:                           1114697
    Matrix range:                                       [1e-02, 1e+00]
    RHS range:                                          [2e+05, 6e+07]
    Objective range:                                    [3e-04, 9e+06]
    Bounds range:                                       [7e+05, 1e+08]
Preprocessing
    Dualized model:                                     no
    Number of dense columns:                            0
    Range of scaling factors:                           [1.00e+00, 2.00e+00]
IPX version 1.0
Interior Point Solve
 Iter     P.res    D.res            P.obj           D.obj        mu     Time
   0   1.34e+07 2.25e+06   1.40033048e+14 -2.18521930e+18  3.38e+13       0s
   1   3.87e+06 1.72e+06   3.22194087e+17 -1.75644590e+18  2.72e+13       0s
   2   2.02e+06 1.13e+06   4.95646700e+17 -1.36581932e+18  2.38e+13       1s
   3   8.38e+05 1.97e+05   4.57120567e+17 -2.67773553e+17  4.88e+12       2s
   4   1.62e+05 5.57e+04   2.90364743e+17 -9.02834107e+16  1.50e+12       3s
 Constructing starting basis...
   5   2.45e+04 1.85e+04   1.43164964e+17 -3.48035137e+16  5.22e+11       8s
   6   3.12e+03 4.79e+03   5.75805102e+16 -1.08373193e+16  1.49e+11      10s
   7   8.78e+02 1.34e+03   2.99699113e+16 -4.06474577e+15  6.17e+10      12s
   8   3.90e+02 4.51e+02   1.56229976e+16 -1.50566717e+15  2.89e+10      14s
   9   1.14e+02 2.17e+02   5.66793480e+15 -7.61447630e+14  1.08e+10      16s
  10   4.98e+01 1.01e+02   2.95425952e+15 -3.79339935e+14  5.52e+09      18s
  11   2.39e+01 4.93e+01   2.34122725e+15 -2.48960126e+14  4.25e+09      20s
  12   5.71e+00 2.94e+01   9.17912360e+14 -1.60347970e+14  1.81e+09      21s
  13   2.39e+00 2.02e+01   5.86417118e+14 -1.15832914e+14  1.19e+09      23s
  14   5.93e-01 1.09e+01   2.03581767e+14 -6.33427265e+13  4.69e+08      25s
  15   3.09e-01 6.66e+00   1.40872407e+14 -4.01367350e+13  3.16e+08      27s
  16   1.44e-01 2.49e+00   9.76295986e+13 -1.72230635e+13  1.93e+08      29s
  17   2.93e-02 2.57e-01   4.10425100e+13 -3.05710131e+12  7.07e+07      30s
  18   1.20e-02 9.72e-02   2.10548796e+13 -1.38279856e+12  3.59e+07      32s
  19   3.28e-03 1.54e-02   1.18920006e+13 -5.86160243e+11  1.97e+07      34s
  20   9.33e-04 4.91e-03   5.64740895e+12 -2.91049064e+11  9.39e+06      35s
  21   5.34e-04 1.88e-03   3.60296290e+12 -1.32350053e+11  5.89e+06      37s
  22   2.34e-04 9.28e-04   1.80984488e+12 -7.10655123e+10  2.96e+06      39s
  23   4.17e-07 2.75e-04   6.73896979e+11 -3.80856003e+10  1.12e+06      41s
  24   3.58e-07 5.92e-05   2.41177034e+11 -6.70872511e+09  3.90e+05      43s
  25   1.94e-07 3.15e-05   1.27898372e+11 -9.66944681e+08  2.03e+05      45s
  26   1.04e-07 9.71e-06   6.59746358e+10  5.36882700e+09  9.53e+04      47s
  27   7.45e-08 3.56e-06   3.38366130e+10  7.57832114e+09  4.13e+04      49s
  28   1.19e-07 1.02e-06   2.03378984e+10  8.69858798e+09  1.83e+04      51s
  29   5.96e-08 3.91e-07   1.43461412e+10  9.04830388e+09  8.33e+03      52s
  30   1.12e-07 1.36e-07   1.09552066e+10  9.22293162e+09  2.72e+03      54s
  31   5.96e-08 5.77e-08   1.00883791e+10  9.29143205e+09  1.25e+03      56s
  32   4.47e-08 2.61e-08   9.62085383e+09  9.32267290e+09  4.69e+02      58s
  33   6.71e-08 1.12e-08   9.47700888e+09  9.34045635e+09  2.15e+02      60s
  34   8.20e-08 5.59e-09   9.39452193e+09  9.34760776e+09  7.38e+01      61s
  35   1.04e-07 3.73e-09   9.36424372e+09  9.35055275e+09  2.15e+01      63s
  36   5.22e-08 2.79e-09   9.35237396e+09  9.35160917e+09  1.20e+00      64s
  37   1.04e-07 3.73e-09   9.35180217e+09  9.35174415e+09  9.12e-02      65s
  38   8.20e-08 3.73e-09   9.35175827e+09  9.35174861e+09  1.52e-02      67s
  39   2.68e-07 2.79e-09   9.35174959e+09  9.35174922e+09  5.90e-04      68s
  40   1.64e-07 1.86e-09   9.35174934e+09  9.35174929e+09  7.34e-05      69s
  41*  2.46e-07 9.31e-10   9.35174930e+09  9.35174930e+09  5.34e-06      71s
Summary
    Runtime:                                            70.56s
    Status interior point solve:                        optimal
    Status crossover:                                   not run
    objective value:                                    9.35174930e+09
    interior solution primal residual (abs/rel):        2.24e-07 / 1.53e-15
    interior solution dual residual (abs/rel):          9.31e-10 / 1.01e-16
    interior solution objective gap (abs/rel):          3.16e+00 / 3.38e-10
Ipx: IPM       optimal
Model   status      : Optimal
IPM       iterations: 41
Objective value     :  9.3517493037e+09
HiGHS run time      :         75.57
Presolving model
397981 rows, 923169 cols, 2276995 nonzeros
297933 rows, 590105 cols, 1609413 nonzeros
292669 rows, 345027 cols, 1117230 nonzeros
291677 rows, 343747 cols, 1114697 nonzeros
Presolve : Reductions: rows 291677(-4977860); columns 343747(-3146291); elements 1114697(-17813964)
Solving the presolved LP
IPX model has 291677 rows, 343747 columns and 1114697 nonzeros
Input
    Number of variables:                                343747
    Number of free variables:                           0
    Number of constraints:                              291677
    Number of equality constraints:                     26657
    Number of matrix entries:                           1114697
    Matrix range:                                       [1e-02, 1e+00]
    RHS range:                                          [2e+05, 6e+07]
    Objective range:                                    [3e-04, 9e+06]
    Bounds range:                                       [7e+05, 1e+08]
Preprocessing
    Dualized model:                                     no
    Number of dense columns:                            0
    Range of scaling factors:                           [1.00e+00, 2.00e+00]
IPX version 1.0
Interior Point Solve
 Iter     P.res    D.res            P.obj           D.obj        mu     Time
   0   1.34e+07 2.25e+06   1.40084989e+14 -2.18506750e+18  3.38e+13       0s
   1   3.87e+06 1.72e+06   3.22334889e+17 -1.75630174e+18  2.72e+13       0s
   2   2.02e+06 1.13e+06   4.95754964e+17 -1.36583381e+18  2.38e+13       1s
   3   8.37e+05 1.97e+05   4.57200109e+17 -2.67718687e+17  4.88e+12       2s
   4   1.62e+05 5.58e+04   2.90550993e+17 -9.03957930e+16  1.50e+12       3s
 Constructing starting basis...
   5   2.35e+04 1.85e+04   1.42131711e+17 -3.48433844e+16  5.20e+11       8s
   6   2.89e+03 4.79e+03   5.71210794e+16 -1.08360508e+16  1.48e+11      10s
   7   7.89e+02 1.28e+03   2.94697581e+16 -3.93553715e+15  6.02e+10      12s
   8   3.33e+02 4.26e+02   1.48234223e+16 -1.45110898e+15  2.74e+10      14s
   9   9.66e+01 2.00e+02   5.34839198e+15 -7.17155605e+14  1.01e+10      16s
  10   4.44e+01 9.52e+01   2.89652638e+15 -3.66551322e+14  5.40e+09      18s
  11   2.12e+01 4.81e+01   2.30271952e+15 -2.45503953e+14  4.18e+09      20s
  12   5.05e+00 2.89e+01   8.94653148e+14 -1.59000441e+14  1.77e+09      22s
  13   2.21e+00 1.97e+01   5.87107280e+14 -1.14050510e+14  1.19e+09      24s
  14   5.50e-01 1.16e+01   2.02478673e+14 -6.76385316e+13  4.78e+08      25s
  15   2.82e-01 6.77e+00   1.39040144e+14 -4.09411133e+13  3.15e+08      27s
  16   1.35e-01 2.93e+00   9.80424200e+13 -1.97190328e+13  2.00e+08      29s
  17   3.43e-02 5.41e-01   4.34980407e+13 -4.72567010e+12  7.87e+07      31s
  18   1.20e-02 1.41e-01   2.09426591e+13 -1.56177753e+12  3.62e+07      32s
  19   3.76e-03 4.89e-02   1.24910102e+13 -8.32982242e+11  2.13e+07      34s
  20   1.25e-03 1.90e-02   7.30239139e+12 -4.67105826e+11  1.24e+07      36s
  21   6.26e-04 5.45e-03   4.19067799e+12 -1.65054898e+11  6.89e+06      37s
  22   2.92e-04 2.75e-03   2.31906592e+12 -9.60962125e+10  3.81e+06      39s
  23   1.33e-04 4.20e-04   1.27968076e+12 -2.42865373e+10  2.05e+06      40s
  24   5.42e-05 1.37e-04   6.00681443e+11 -6.36554419e+09  9.55e+05      42s
  25   1.50e-05 3.03e-05   2.15690162e+11  3.09341457e+09  3.34e+05      44s
  26   3.16e-06 9.64e-06   8.74806689e+10  5.57516835e+09  1.29e+05      46s
  27   8.64e-07 3.13e-06   3.72779795e+10  7.55147176e+09  4.67e+04      48s
  28   2.68e-07 1.06e-06   2.04471377e+10  8.37173035e+09  1.90e+04      50s
  29   1.19e-07 3.44e-07   1.38249368e+10  8.76200648e+09  7.96e+03      51s
  30   8.20e-08 1.24e-07   1.08473331e+10  8.89979802e+09  3.06e+03      53s
  31   9.69e-08 5.40e-08   9.89971294e+09  8.96288616e+09  1.47e+03      55s
  32   5.96e-08 2.24e-08   9.29577223e+09  8.99595167e+09  4.71e+02      57s
  33   1.27e-07 1.02e-08   9.14833119e+09  9.01121906e+09  2.16e+02      58s
  34   5.96e-08 5.59e-09   9.06666166e+09  9.01770396e+09  7.70e+01      60s
  35   3.73e-08 2.79e-09   9.03379621e+09  9.02050525e+09  2.09e+01      61s
  36   1.12e-07 2.79e-09   9.02206963e+09  9.02139875e+09  1.05e+00      63s
  37   9.69e-08 2.79e-09   9.02163554e+09  9.02155754e+09  1.23e-01      64s
  38   6.68e-08 3.73e-09   9.02156789e+09  9.02156275e+09  8.08e-03      66s
  39   8.20e-08 2.79e-09   9.02156355e+09  9.02156313e+09  6.57e-04      67s
  40   3.73e-07 1.86e-09   9.02156319e+09  9.02156317e+09  3.00e-05      68s
  41*  5.81e-07 1.86e-09   9.02156317e+09  9.02156317e+09  1.94e-06      69s
Summary
    Runtime:                                            69.50s
    Status interior point solve:                        optimal
    Status crossover:                                   not run
    objective value:                                    9.02156317e+09
    interior solution primal residual (abs/rel):        8.57e-07 / 5.87e-15
    interior solution dual residual (abs/rel):          9.31e-10 / 1.01e-16
    interior solution objective gap (abs/rel):          1.00e+00 / 1.11e-10
Ipx: IPM       optimal
Model   status      : Optimal
IPM       iterations: 41
Objective value     :  9.0215631732e+09
HiGHS run time      :         74.54
Presolving model
397981 rows, 923169 cols, 2276995 nonzeros
297933 rows, 590105 cols, 1609413 nonzeros
292669 rows, 345027 cols, 1117230 nonzeros
291677 rows, 343747 cols, 1114697 nonzeros
Presolve : Reductions: rows 291677(-4992890); columns 343747(-3146291); elements 1114697(-17828994)
Solving the presolved LP
IPX model has 291677 rows, 343747 columns and 1114697 nonzeros
Input
    Number of variables:                                343747
    Number of free variables:                           0
    Number of constraints:                              291677
    Number of equality constraints:                     26657
    Number of matrix entries:                           1114697
    Matrix range:                                       [1e-02, 1e+00]
    RHS range:                                          [2e+05, 6e+07]
    Objective range:                                    [3e-04, 9e+06]
    Bounds range:                                       [7e+05, 1e+08]
Preprocessing
    Dualized model:                                     no
    Number of dense columns:                            0
    Range of scaling factors:                           [1.00e+00, 2.00e+00]
IPX version 1.0
Interior Point Solve
 Iter     P.res    D.res            P.obj           D.obj        mu     Time
   0   1.34e+07 2.25e+06   1.40085253e+14 -2.18506167e+18  3.38e+13       0s
   1   3.87e+06 1.72e+06   3.22332144e+17 -1.75629717e+18  2.72e+13       0s
   2   2.02e+06 1.13e+06   4.95754035e+17 -1.36581293e+18  2.38e+13       1s
   3   8.37e+05 1.97e+05   4.57198773e+17 -2.67718312e+17  4.88e+12       2s
   4   1.61e+05 5.58e+04   2.90355408e+17 -9.03847033e+16  1.50e+12       3s
 Constructing starting basis...
   5   2.36e+04 1.85e+04   1.42240789e+17 -3.48236452e+16  5.20e+11       8s
   6   2.90e+03 4.78e+03   5.71254806e+16 -1.08070122e+16  1.48e+11      10s
   7   8.11e+02 1.28e+03   2.97197643e+16 -3.93264200e+15  6.06e+10      12s
   8   3.48e+02 4.29e+02   1.50886149e+16 -1.45967221e+15  2.78e+10      14s
   9   1.06e+02 2.02e+02   5.62845715e+15 -7.22215654e+14  1.06e+10      16s
  10   4.70e+01 9.49e+01   2.94110210e+15 -3.64758920e+14  5.46e+09      18s
  11   2.27e+01 4.72e+01   2.35891813e+15 -2.44730305e+14  4.26e+09      20s
  12   5.05e+00 2.80e+01   8.76393631e+14 -1.56710820e+14  1.74e+09      22s
  13   2.24e+00 1.92e+01   5.90427423e+14 -1.13027377e+14  1.19e+09      24s
  14   5.47e-01 1.14e+01   2.02903545e+14 -6.76594073e+13  4.78e+08      25s
  15   2.74e-01 6.48e+00   1.37307742e+14 -4.00906470e+13  3.10e+08      28s
  16   1.36e-01 2.83e+00   9.79096105e+13 -1.94838298e+13  1.99e+08      29s
  17   3.02e-02 4.90e-01   4.34822203e+13 -4.60783226e+12  7.83e+07      31s
  18   1.06e-02 1.38e-01   2.10416047e+13 -1.61755165e+12  3.64e+07      33s
  19   3.23e-03 3.12e-02   1.30072950e+13 -7.47022530e+11  2.19e+07      34s
  20   9.69e-04 1.02e-02   7.20075536e+12 -4.01604547e+11  1.21e+07      36s
  21   5.25e-04 3.52e-03   4.34252895e+12 -1.63712913e+11  7.12e+06      38s
  22   1.79e-04 1.71e-03   1.89587708e+12 -9.11542918e+10  3.13e+06      39s
  23   2.67e-05 5.12e-04   9.02680394e+11 -4.63836045e+10  1.50e+06      41s
  24   1.00e-05 1.70e-04   3.88383669e+11 -1.21757298e+10  6.30e+05      43s
  25   3.81e-06 4.23e-05   1.90519717e+11  1.25028776e+09  2.98e+05      45s
  26   1.07e-06 9.56e-06   8.08469226e+10  6.09153274e+09  1.18e+05      48s
  27   3.28e-07 2.99e-06   3.60492675e+10  7.76341360e+09  4.45e+04      49s
  28   1.19e-07 9.40e-07   2.06882227e+10  8.50195284e+09  1.92e+04      51s
  29   5.96e-08 3.04e-07   1.34615675e+10  8.80748269e+09  7.32e+03      53s
  30   7.05e-08 1.02e-07   1.05457480e+10  8.91857216e+09  2.56e+03      55s
  31   8.20e-08 4.56e-08   9.76664078e+09  8.97026199e+09  1.25e+03      57s
  32   8.94e-08 2.24e-08   9.26950618e+09  8.99551068e+09  4.31e+02      58s
  33   4.17e-08 9.31e-09   9.15551380e+09  9.00975854e+09  2.29e+02      60s
  34   9.69e-08 4.66e-09   9.06169107e+09  9.01585024e+09  7.21e+01      62s
  35   1.04e-07 3.73e-09   9.03030630e+09  9.01837362e+09  1.88e+01      63s
  36   8.20e-08 2.79e-09   9.02007425e+09  9.01927671e+09  1.25e+00      65s
  37   1.34e-07 2.79e-09   9.01950058e+09  9.01939981e+09  1.58e-01      66s
  38   3.70e-08 1.86e-09   9.01941819e+09  9.01940935e+09  1.39e-02      67s
  39   2.68e-07 2.79e-09   9.01941085e+09  9.01941043e+09  6.59e-04      69s
  40   3.65e-07 1.86e-09   9.01941057e+09  9.01941053e+09  5.04e-05      70s
  41*  2.68e-07 9.31e-10   9.01941054e+09  9.01941054e+09  3.96e-06      72s
Summary
    Runtime:                                            71.63s
    Status interior point solve:                        optimal
    Status crossover:                                   not run
    objective value:                                    9.01941054e+09
    interior solution primal residual (abs/rel):        5.59e-07 / 3.83e-15
    interior solution dual residual (abs/rel):          9.31e-10 / 1.01e-16
    interior solution objective gap (abs/rel):          2.28e+00 / 2.53e-10
Ipx: IPM       optimal
Model   status      : Optimal
IPM       iterations: 41
Objective value     :  9.0194105441e+09
HiGHS run time      :         76.77
Running HiGHS 1.6.0: Copyright (c) 2023 HiGHS under MIT licence terms
Presolving model
119066 rows, 324472 cols, 749754 nonzeros
89014 rows, 197932 cols, 496370 nonzeros
86836 rows, 117017 cols, 334178 nonzeros
86080 rows, 115210 cols, 330531 nonzeros
Presolve : Reductions: rows 86080(-2526510); columns 115210(-1630175); elements 330531(-7869522)
Solving the presolved LP
IPX model has 86080 rows, 115210 columns and 330531 nonzeros
Input
    Number of variables:                                115210
    Number of free variables:                           0
    Number of constraints:                              86080
    Number of equality constraints:                     13668
    Number of matrix entries:                           330531
    Matrix range:                                       [1e-02, 1e+00]
    RHS range:                                          [2e+05, 1e+08]
    Objective range:                                    [2e-04, 1e+06]
    Bounds range:                                       [9e+04, 1e+08]
Preprocessing
    Dualized model:                                     no
    Number of dense columns:                            0
    Range of scaling factors:                           [1.00e+00, 2.00e+00]
IPX version 1.0
Interior Point Solve
 Iter     P.res    D.res            P.obj           D.obj        mu     Time
   0   3.06e+07 1.47e+05   6.32849442e+13 -5.29206509e+16  5.20e+12       0s
   1   8.42e+06 1.05e+05   5.33090376e+16 -4.32143767e+16  3.35e+12       0s
   2   3.27e+06 6.85e+04   6.98552839e+16 -3.47987088e+16  2.57e+12       0s
   3   1.34e+06 1.43e+04   5.28376329e+16 -8.22585816e+15  6.98e+11       0s
   4   4.23e+05 2.37e+03   2.77506943e+16 -2.15463362e+15  1.99e+11       1s
   5   1.76e+05 7.33e+02   1.32362171e+16 -8.86172697e+14  8.08e+10       1s
 Constructing starting basis...
   6   7.44e+04 3.04e+02   6.24426970e+15 -4.56284841e+14  3.80e+10       2s
   7   3.02e+04 8.65e+01   3.80333128e+15 -3.21086949e+14  2.21e+10       3s
   8   1.23e+04 2.66e+01   2.16770461e+15 -1.79701844e+14  1.23e+10       3s
   9   4.78e+03 8.63e+00   1.36998500e+15 -1.12208514e+14  7.66e+09       3s
  10   2.63e+03 3.19e+00   9.65790576e+14 -5.73369965e+13  5.24e+09       4s
  11   1.94e+03 1.54e+00   7.80305668e+14 -2.63200803e+13  4.12e+09       4s
  12   9.57e+02 9.83e-01   6.70572714e+14 -2.99664693e+13  3.62e+09       4s
  13   7.41e+02 8.87e-01   5.43944904e+14 -2.48744578e+13  2.95e+09       5s
  14   3.51e+02 2.87e-01   3.27252179e+14  9.64894149e+12  1.63e+09       5s
  15   1.40e+02 9.50e-02   2.64376188e+14  1.15995298e+13  1.29e+09       5s
  16   2.96e+01 3.65e-02   1.13397825e+14  2.64567501e+13  4.46e+08       6s
  17   1.90e+01 1.73e-02   9.30550265e+13  3.21335429e+13  3.10e+08       7s
  18   1.41e+01 9.17e-03   8.06704858e+13  3.51596911e+13  2.30e+08       7s
  19   8.48e+00 4.95e-03   6.47192851e+13  3.69343154e+13  1.40e+08       8s
  20   3.71e+00 2.80e-03   5.07513962e+13  3.78851787e+13  6.47e+07       8s
  21   1.72e+00 1.47e-03   4.77299439e+13  3.81827596e+13  4.80e+07       8s
  22   1.07e+00 3.41e-04   4.54337684e+13  3.87315243e+13  3.35e+07       9s
  23   3.19e-01 1.11e-04   4.18909726e+13  3.89374521e+13  1.47e+07       9s
  24   8.00e-02 4.80e-05   3.99009389e+13  3.90592847e+13  4.20e+06      10s
  25   2.10e-02 1.32e-05   3.93707183e+13  3.91296672e+13  1.20e+06      10s
  26   5.97e-03 4.18e-06   3.92393408e+13  3.91473872e+13  4.58e+05      10s
  27   1.81e-03 6.68e-07   3.91922544e+13  3.91555157e+13  1.83e+05      11s
  28   6.65e-04 2.23e-07   3.91721926e+13  3.91572222e+13  7.46e+04      11s
  29   2.72e-04 1.15e-07   3.91643812e+13  3.91576954e+13  3.33e+04      11s
  30   8.53e-05 5.59e-08   3.91604514e+13  3.91579733e+13  1.23e+04      12s
  31   2.29e-05 2.70e-08   3.91591020e+13  3.91581139e+13  4.92e+03      12s
  32   8.46e-06 1.02e-08   3.91587101e+13  3.91582039e+13  2.52e+03      12s
  33   2.74e-06 3.73e-09   3.91584538e+13  3.91582470e+13  1.03e+03      13s
  34   8.05e-07 2.33e-09   3.91583691e+13  3.91582574e+13  5.57e+02      13s
  35   2.68e-07 6.98e-10   3.91583221e+13  3.91582697e+13  2.61e+02      13s
  36   1.19e-07 4.66e-10   3.91583046e+13  3.91582721e+13  1.62e+02      13s
  37   1.49e-07 2.33e-10   3.91582847e+13  3.91582745e+13  5.07e+01      14s
  38   1.64e-07 2.33e-10   3.91582800e+13  3.91582753e+13  2.35e+01      14s
  39   1.49e-07 2.33e-10   3.91582779e+13  3.91582757e+13  1.09e+01      14s
  40   1.49e-07 2.33e-10   3.91582760e+13  3.91582758e+13  1.04e+00      14s
  41*  1.34e-07 4.66e-10   3.91582759e+13  3.91582758e+13  7.02e-02      15s
Summary
    Runtime:                                            14.64s
    Status interior point solve:                        optimal
    Status crossover:                                   not run
    objective value:                                    3.91582759e+13
    interior solution primal residual (abs/rel):        1.04e-07 / 7.14e-16
    interior solution dual residual (abs/rel):          4.66e-10 / 3.56e-16
    interior solution objective gap (abs/rel):          1.41e+04 / 3.60e-10
Ipx: IPM       optimal
Model   status      : Optimal
IPM       iterations: 41
Objective value     :  3.9158275716e+13
HiGHS run time      :         17.53
Presolving model
119066 rows, 324472 cols, 749754 nonzeros
89014 rows, 197932 cols, 496370 nonzeros
86836 rows, 117017 cols, 334178 nonzeros
86080 rows, 115210 cols, 330531 nonzeros
Presolve : Reductions: rows 86080(-2534025); columns 115210(-1630175); elements 330531(-7877037)
Solving the presolved LP
IPX model has 86080 rows, 115210 columns and 330531 nonzeros
Input
    Number of variables:                                115210
    Number of free variables:                           0
    Number of constraints:                              86080
    Number of equality constraints:                     13668
    Number of matrix entries:                           330531
    Matrix range:                                       [1e-02, 1e+00]
    RHS range:                                          [2e+05, 1e+08]
    Objective range:                                    [2e-04, 1e+06]
    Bounds range:                                       [9e+04, 1e+08]
Preprocessing
    Dualized model:                                     no
    Number of dense columns:                            0
    Range of scaling factors:                           [1.00e+00, 2.00e+00]
IPX version 1.0
Interior Point Solve
 Iter     P.res    D.res            P.obj           D.obj        mu     Time
   0   3.06e+07 1.49e+05   5.10361624e+13 -5.37052276e+16  5.23e+12       0s
   1   8.49e+06 1.06e+05   5.17062793e+16 -4.38907963e+16  3.39e+12       0s
   2   3.26e+06 6.90e+04   6.82502844e+16 -3.52321111e+16  2.60e+12       0s
   3   1.34e+06 1.45e+04   5.18257803e+16 -8.38410667e+15  7.04e+11       0s
   4   4.92e+05 2.02e+03   2.98312532e+16 -2.18064071e+15  2.10e+11       1s
   5   2.15e+05 6.51e+02   1.46342640e+16 -9.59327992e+14  8.96e+10       1s
 Constructing starting basis...
   6   9.05e+04 1.60e+02   6.92274496e+15 -3.94030354e+14  4.03e+10       2s
   7   3.63e+04 4.20e+01   3.45116106e+15 -2.21020338e+14  1.96e+10       2s
   8   5.55e+03 2.00e+01   1.84305474e+15 -2.09831234e+14  1.09e+10       3s
   9   1.67e+03 6.99e+00   6.52856586e+14 -8.09676164e+13  3.87e+09       3s
  10   5.57e+02 3.89e+00   2.60529409e+14 -4.77565587e+13  1.65e+09       4s
  11   1.23e+02 1.69e+00   8.39034784e+13 -2.26203442e+13  5.82e+08       4s
  12   2.03e+01 1.07e+00   2.87210224e+13 -1.49318123e+13  2.51e+08       4s
  13   6.63e+00 3.66e-01   1.34884141e+13 -5.48936344e+12  1.06e+08       5s
  14   1.21e+00 7.85e-02   4.01108542e+12 -1.31186598e+12  2.89e+07       5s
  15   2.68e-01 2.18e-02   1.26103504e+12 -3.90818683e+11  8.81e+06       5s
  16   1.36e-01 6.68e-03   8.13247956e+11 -1.39257553e+11  4.90e+06       5s
  17   9.16e-02 2.17e-03   6.19971514e+11 -5.64670477e+10  3.42e+06       6s
  18   4.14e-02 8.84e-04   3.49290073e+11 -2.72198973e+10  1.89e+06       6s
  19   1.31e-02 3.50e-04   2.29744760e+11 -1.79441180e+10  1.24e+06       6s
  20   7.10e-03 1.07e-04   1.39998243e+11 -4.55100487e+09  7.21e+05       6s
  21   3.63e-03 6.81e-05   8.66754956e+10 -2.41820420e+09  4.44e+05       7s
  22   2.13e-03 2.07e-05   7.00923085e+10 -7.74850615e+08  3.53e+05       7s
  23   1.03e-03 7.31e-06   4.15440569e+10  1.53090292e+09  1.99e+05       7s
  24   5.45e-05 3.86e-06   1.50342136e+10  2.20899541e+09  6.39e+04       7s
  25   1.15e-05 2.15e-06   7.83930269e+09  2.86231735e+09  2.48e+04       8s
  26   4.62e-06 7.61e-07   5.86930506e+09  3.46632692e+09  1.20e+04       8s
  27   1.94e-06 3.53e-07   4.82557283e+09  3.66659593e+09  5.77e+03       8s
  28   1.31e-06 1.58e-07   4.57668645e+09  3.76375314e+09  4.05e+03       8s
  29   6.56e-07 5.33e-08   4.26315209e+09  3.82130023e+09  2.20e+03       9s
  30   1.19e-07 1.16e-08   3.98191113e+09  3.84630362e+09  6.76e+02       9s
  31   8.94e-08 3.73e-09   3.91187456e+09  3.85457553e+09  2.85e+02       9s
  32   8.94e-08 1.16e-09   3.87625253e+09  3.85846922e+09  8.86e+01       9s
  33   5.96e-08 4.66e-10   3.86558834e+09  3.85972085e+09  2.92e+01      10s
  34   8.94e-08 3.49e-10   3.86109474e+09  3.86040399e+09  3.44e+00      10s
  35   1.19e-07 2.33e-10   3.86067165e+09  3.86057301e+09  4.91e-01      10s
  36   8.94e-08 2.33e-10   3.86060424e+09  3.86059158e+09  6.31e-02      10s
  37   1.79e-07 4.66e-10   3.86059825e+09  3.86059697e+09  6.40e-03      10s
  38   1.49e-07 2.33e-10   3.86059758e+09  3.86059747e+09  5.57e-04      10s
  39   2.09e-07 2.33e-10   3.86059752e+09  3.86059751e+09  6.84e-05      11s
  40*  4.77e-07 2.33e-10   3.86059751e+09  3.86059751e+09  7.22e-06      11s
Summary
    Runtime:                                            10.84s
    Status interior point solve:                        optimal
    Status crossover:                                   not run
    objective value:                                    3.86059751e+09
    interior solution primal residual (abs/rel):        6.85e-07 / 4.69e-15
    interior solution dual residual (abs/rel):          2.33e-10 / 1.78e-16
    interior solution objective gap (abs/rel):          1.44e+00 / 3.73e-10
Ipx: IPM       optimal
Model   status      : Optimal
IPM       iterations: 40
Objective value     :  3.8605975137e+09
HiGHS run time      :         13.66
Presolving model
119066 rows, 324472 cols, 749754 nonzeros
89014 rows, 197932 cols, 496370 nonzeros
86836 rows, 117017 cols, 334178 nonzeros
86080 rows, 115210 cols, 330531 nonzeros
Presolve : Reductions: rows 86080(-2541540); columns 115210(-1630175); elements 330531(-7884552)
Solving the presolved LP
IPX model has 86080 rows, 115210 columns and 330531 nonzeros
Input
    Number of variables:                                115210
    Number of free variables:                           0
    Number of constraints:                              86080
    Number of equality constraints:                     13668
    Number of matrix entries:                           330531
    Matrix range:                                       [1e-02, 1e+00]
    RHS range:                                          [2e+05, 1e+08]
    Objective range:                                    [2e-04, 1e+06]
    Bounds range:                                       [9e+04, 1e+08]
Preprocessing
    Dualized model:                                     no
    Number of dense columns:                            0
    Range of scaling factors:                           [1.00e+00, 2.00e+00]
IPX version 1.0
Interior Point Solve
 Iter     P.res    D.res            P.obj           D.obj        mu     Time
   0   3.06e+07 1.49e+05   5.21132881e+13 -5.37396388e+16  5.24e+12       0s
   1   8.43e+06 1.06e+05   5.21231937e+16 -4.39078976e+16  3.39e+12       0s
   2   3.24e+06 6.89e+04   6.86873904e+16 -3.52294984e+16  2.59e+12       0s
   3   1.35e+06 1.44e+04   5.22581948e+16 -8.35987323e+15  7.05e+11       0s
   4   4.74e+05 1.99e+03   2.94656504e+16 -2.16891396e+15  2.06e+11       1s
   5   2.08e+05 6.39e+02   1.45212905e+16 -9.54007079e+14  8.85e+10       1s
 Constructing starting basis...
   6   8.72e+04 1.97e+02   6.74821720e+15 -4.22135558e+14  3.98e+10       2s
   7   3.66e+04 6.21e+01   3.53832494e+15 -2.48090217e+14  2.03e+10       2s
   8   4.40e+03 1.34e+01   1.73939932e+15 -2.03105468e+14  1.00e+10       3s
   9   1.42e+03 5.85e+00   6.38344700e+14 -9.04474618e+13  3.78e+09       3s
  10   6.02e+02 3.17e+00   2.95869438e+14 -5.11281140e+13  1.81e+09       4s
  11   1.32e+02 1.18e+00   1.28030194e+14 -2.47669476e+13  7.99e+08       4s
  12   3.65e+01 6.63e-01   4.57147714e+13 -1.45485921e+13  3.22e+08       4s
  13   6.44e+00 2.56e-01   1.42993201e+13 -6.03662730e+12  1.10e+08       5s
  14   8.87e-01 5.32e-02   4.05067084e+12 -1.42944303e+12  2.91e+07       5s
  15   2.02e-01 1.48e-02   1.30741350e+12 -4.25563661e+11  9.05e+06       5s
  16   9.66e-02 6.26e-03   7.45172757e+11 -1.89085260e+11  4.80e+06       5s
  17   3.16e-02 1.73e-03   4.00756554e+11 -6.47323380e+10  2.35e+06       6s
  18   1.77e-02 5.92e-04   2.51310993e+11 -2.29140905e+10  1.37e+06       6s
  19   7.07e-03 1.95e-04   1.45158042e+11 -9.29650661e+09  7.71e+05       6s
  20   3.15e-03 1.08e-04   1.10580749e+11 -6.70322174e+09  5.85e+05       6s
  21   1.54e-03 5.06e-05   6.87218141e+10 -2.42632311e+09  3.55e+05       7s
  22   7.99e-04 2.34e-05   5.52985190e+10 -9.70510694e+08  2.80e+05       7s
  23   1.64e-04 3.83e-06   2.80642561e+10  1.55228580e+09  1.32e+05       7s
  24   1.93e-05 1.57e-06   1.23255929e+10  2.42560684e+09  4.93e+04       7s
  25   7.45e-06 8.17e-07   7.80154559e+09  2.93859471e+09  2.42e+04       8s
  26   1.79e-07 4.46e-07   5.98431659e+09  3.15258071e+09  1.41e+04       8s
  27   1.49e-07 1.84e-07   4.44587165e+09  3.38500943e+09  5.29e+03       8s
  28   1.79e-07 7.40e-08   3.95678258e+09  3.52349811e+09  2.16e+03       8s
  29   1.79e-07 2.69e-08   3.78192419e+09  3.58402354e+09  9.86e+02       9s
  30   2.09e-07 7.45e-09   3.68666657e+09  3.61064099e+09  3.79e+02       9s
  31   2.68e-07 3.03e-09   3.65152051e+09  3.61721064e+09  1.71e+02       9s
  32   2.38e-07 9.31e-10   3.63343290e+09  3.62083952e+09  6.27e+01       9s
  33   1.49e-07 4.66e-10   3.62533532e+09  3.62219593e+09  1.56e+01       9s
  34   2.38e-07 3.49e-10   3.62285542e+09  3.62254010e+09  1.57e+00      10s
  35   5.96e-08 2.33e-10   3.62263221e+09  3.62259266e+09  1.97e-01      10s
  36   1.79e-07 2.33e-10   3.62260363e+09  3.62259805e+09  2.78e-02      10s
  37   1.19e-07 4.66e-10   3.62259940e+09  3.62259881e+09  2.95e-03      10s
  38   5.96e-08 2.33e-10   3.62259906e+09  3.62259894e+09  5.99e-04      10s
  39   5.66e-07 2.33e-10   3.62259897e+09  3.62259896e+09  6.17e-05      10s
  40*  5.66e-07 2.33e-10   3.62259897e+09  3.62259896e+09  6.65e-06      11s
Summary
    Runtime:                                            10.69s
    Status interior point solve:                        optimal
    Status crossover:                                   not run
    objective value:                                    3.62259897e+09
    interior solution primal residual (abs/rel):        5.07e-07 / 3.47e-15
    interior solution dual residual (abs/rel):          2.33e-10 / 1.78e-16
    interior solution objective gap (abs/rel):          1.32e+00 / 3.65e-10
Ipx: IPM       optimal
Model   status      : Optimal
IPM       iterations: 40
Objective value     :  3.6225989654e+09
HiGHS run time      :         13.51
Presolving model
119066 rows, 324472 cols, 749754 nonzeros
89014 rows, 197932 cols, 496370 nonzeros
86836 rows, 117017 cols, 334178 nonzeros
86080 rows, 115210 cols, 330531 nonzeros
Presolve : Reductions: rows 86080(-2549055); columns 115210(-1630175); elements 330531(-7892067)
Solving the presolved LP
IPX model has 86080 rows, 115210 columns and 330531 nonzeros
Input
    Number of variables:                                115210
    Number of free variables:                           0
    Number of constraints:                              86080
    Number of equality constraints:                     13668
    Number of matrix entries:                           330531
    Matrix range:                                       [1e-02, 1e+00]
    RHS range:                                          [2e+05, 1e+08]
    Objective range:                                    [2e-04, 1e+06]
    Bounds range:                                       [9e+04, 1e+08]
Preprocessing
    Dualized model:                                     no
    Number of dense columns:                            0
    Range of scaling factors:                           [1.00e+00, 2.00e+00]
IPX version 1.0
Interior Point Solve
 Iter     P.res    D.res            P.obj           D.obj        mu     Time
   0   3.06e+07 1.49e+05   5.21784244e+13 -5.37495890e+16  5.24e+12       0s
   1   8.43e+06 1.06e+05   5.21374273e+16 -4.39160280e+16  3.39e+12       0s
   2   3.24e+06 6.89e+04   6.87060713e+16 -3.52358300e+16  2.59e+12       0s
   3   1.35e+06 1.44e+04   5.22695777e+16 -8.36219799e+15  7.06e+11       0s
   4   4.74e+05 1.99e+03   2.94806959e+16 -2.16900066e+15  2.06e+11       1s
   5   2.08e+05 6.39e+02   1.45320518e+16 -9.54134916e+14  8.86e+10       1s
 Constructing starting basis...
   6   8.83e+04 1.99e+02   6.80293699e+15 -4.22896421e+14  4.02e+10       2s
   7   3.69e+04 6.12e+01   3.57282380e+15 -2.49553491e+14  2.05e+10       2s
   8   4.15e+03 1.47e+01   1.73941184e+15 -2.06140295e+14  1.01e+10       3s
   9   1.51e+03 6.26e+00   7.11875729e+14 -9.05066632e+13  4.16e+09       3s
  10   6.12e+02 3.32e+00   3.40110808e+14 -5.28664308e+13  2.05e+09       4s
  11   1.23e+02 1.33e+00   1.25138464e+14 -2.59342345e+13  7.95e+08       4s
  12   3.13e+01 7.49e-01   4.47675402e+13 -1.53556313e+13  3.24e+08       4s
  13   5.01e+00 2.95e-01   1.38231130e+13 -6.47526120e+12  1.11e+08       5s
  14   1.08e+00 7.09e-02   4.86071986e+12 -1.71815869e+12  3.52e+07       5s
  15   2.36e-01 1.72e-02   1.58866503e+12 -4.58911812e+11  1.07e+07       5s
  16   1.17e-01 7.06e-03   9.11292688e+11 -1.98351986e+11  5.71e+06       5s
  17   2.61e-02 2.27e-03   4.70708621e+11 -8.25445515e+10  2.80e+06       6s
  18   1.51e-02 6.15e-04   2.97587927e+11 -2.31126427e+10  1.61e+06       6s
  19   5.24e-03 1.43e-04   1.63320007e+11 -8.63156309e+09  8.58e+05       6s
  20   2.31e-03 8.61e-05   9.50746050e+10 -5.08236308e+09  5.00e+05       6s
  21   9.22e-04 4.39e-05   5.98632077e+10 -2.28022842e+09  3.10e+05       7s
  22   3.69e-04 1.76e-05   4.22069852e+10 -1.84802453e+08  2.11e+05       7s
  23   1.79e-05 7.90e-06   2.51214719e+10  9.00443231e+08  1.21e+05       7s
  24   7.33e-06 3.30e-06   1.34976476e+10  2.38242305e+09  5.54e+04       7s
  25   2.83e-06 1.59e-06   8.76673392e+09  2.91542791e+09  2.92e+04       8s
  26   7.75e-07 2.65e-07   6.15357724e+09  3.38043063e+09  1.38e+04       8s
  27   1.79e-07 1.05e-07   4.65788628e+09  3.46579856e+09  5.94e+03       8s
  28   1.19e-07 4.03e-08   3.92424284e+09  3.55567157e+09  1.84e+03       8s
  29   8.94e-08 1.28e-08   3.73466809e+09  3.59520611e+09  6.95e+02       9s
  30   2.98e-07 4.77e-09   3.67000554e+09  3.60807839e+09  3.09e+02       9s
  31   3.28e-07 1.63e-09   3.64058175e+09  3.61374949e+09  1.34e+02       9s
  32   1.19e-07 6.98e-10   3.62455539e+09  3.61601587e+09  4.25e+01       9s
  33   1.19e-07 4.66e-10   3.61913514e+09  3.61695399e+09  1.09e+01       9s
  34   1.79e-07 2.33e-10   3.61745592e+09  3.61722288e+09  1.16e+00      10s
  35   2.68e-07 2.33e-10   3.61728327e+09  3.61725444e+09  1.44e-01      10s
  36   2.09e-07 2.33e-10   3.61726341e+09  3.61725733e+09  3.03e-02      10s
  37   2.98e-07 4.66e-10   3.61725831e+09  3.61725768e+09  3.11e-03      10s
  38   2.68e-07 2.33e-10   3.61725785e+09  3.61725773e+09  6.26e-04      10s
  39   3.87e-07 2.33e-10   3.61725774e+09  3.61725773e+09  3.33e-05      10s
  40*  3.28e-07 2.33e-10   3.61725774e+09  3.61725774e+09  4.14e-06      11s
Summary
    Runtime:                                            10.60s
    Status interior point solve:                        optimal
    Status crossover:                                   not run
    objective value:                                    3.61725774e+09
    interior solution primal residual (abs/rel):        5.66e-07 / 3.88e-15
    interior solution dual residual (abs/rel):          2.33e-10 / 1.78e-16
    interior solution objective gap (abs/rel):          8.19e-01 / 2.26e-10
Ipx: IPM       optimal
Model   status      : Optimal
IPM       iterations: 40
Objective value     :  3.6172577361e+09
HiGHS run time      :         13.39
Presolving model
119066 rows, 324472 cols, 749754 nonzeros
89014 rows, 197932 cols, 496370 nonzeros
86836 rows, 117017 cols, 334178 nonzeros
86080 rows, 115210 cols, 330531 nonzeros
Presolve : Reductions: rows 86080(-2556570); columns 115210(-1630175); elements 330531(-7899582)
Solving the presolved LP
IPX model has 86080 rows, 115210 columns and 330531 nonzeros
Input
    Number of variables:                                115210
    Number of free variables:                           0
    Number of constraints:                              86080
    Number of equality constraints:                     13668
    Number of matrix entries:                           330531
    Matrix range:                                       [1e-02, 1e+00]
    RHS range:                                          [2e+05, 1e+08]
    Objective range:                                    [2e-04, 1e+06]
    Bounds range:                                       [9e+04, 1e+08]
Preprocessing
    Dualized model:                                     no
    Number of dense columns:                            0
    Range of scaling factors:                           [1.00e+00, 2.00e+00]
IPX version 1.0
Interior Point Solve
 Iter     P.res    D.res            P.obj           D.obj        mu     Time
   0   3.06e+07 1.49e+05   5.21784518e+13 -5.37497079e+16  5.24e+12       0s
   1   8.43e+06 1.06e+05   5.21374563e+16 -4.39161291e+16  3.39e+12       0s
   2   3.24e+06 6.89e+04   6.87060654e+16 -3.52359585e+16  2.59e+12       0s
   3   1.35e+06 1.44e+04   5.22695107e+16 -8.36219116e+15  7.06e+11       0s
   4   4.75e+05 1.99e+03   2.94856140e+16 -2.16907469e+15  2.06e+11       1s
   5   2.08e+05 6.39e+02   1.45339705e+16 -9.54211532e+14  8.86e+10       1s
 Constructing starting basis...
   6   8.79e+04 1.98e+02   6.77494578e+15 -4.20739209e+14  4.00e+10       2s
   7   3.58e+04 6.04e+01   3.52269643e+15 -2.50915167e+14  2.02e+10       2s
   8   3.77e+03 1.48e+01   1.69916094e+15 -2.04576037e+14  9.86e+09       3s
   9   1.42e+03 6.41e+00   7.15173191e+14 -9.09831925e+13  4.18e+09       3s
  10   5.72e+02 3.39e+00   3.40274394e+14 -5.29226184e+13  2.05e+09       4s
  11   1.16e+02 1.39e+00   1.22661485e+14 -2.61879406e+13  7.85e+08       4s
  12   3.00e+01 7.99e-01   4.41622462e+13 -1.57125584e+13  3.24e+08       4s
  13   3.77e+00 3.21e-01   1.25487957e+13 -6.73909800e+12  1.07e+08       4s
  14   6.33e-01 7.34e-02   4.26752688e+12 -1.71965814e+12  3.22e+07       5s
  15   1.29e-01 1.94e-02   1.37252349e+12 -4.90639582e+11  9.85e+06       5s
  16   6.01e-02 7.57e-03   7.70645481e+11 -2.02413957e+11  5.03e+06       5s
  17   1.49e-02 2.34e-03   4.63913100e+11 -8.31248631e+10  2.77e+06       6s
  18   8.77e-03 6.30e-04   2.93249672e+11 -2.23869949e+10  1.58e+06       6s
  19   2.92e-03 1.60e-04   1.59762219e+11 -8.93542815e+09  8.42e+05       6s
  20   1.14e-03 8.98e-05   9.32672198e+10 -5.26694389e+09  4.92e+05       6s
  21   4.27e-04 4.07e-05   5.93982080e+10 -2.16447148e+09  3.07e+05       7s
  22   1.92e-04 1.11e-05   4.06877795e+10  6.15440875e+08  2.00e+05       7s
  23   1.79e-07 2.35e-06   1.56281976e+10  2.13189909e+09  6.72e+04       7s
  24   2.09e-07 1.32e-06   7.95003279e+09  2.71834895e+09  2.61e+04       7s
  25   2.09e-07 4.21e-07   6.32687839e+09  3.19828745e+09  1.56e+04       8s
  26   2.38e-07 1.37e-07   4.65157494e+09  3.42683008e+09  6.10e+03       8s
  27   6.42e-08 5.05e-08   3.91016036e+09  3.54003599e+09  1.84e+03       8s
  28   2.98e-07 1.73e-08   3.75595019e+09  3.58802371e+09  8.37e+02       8s
  29   1.19e-07 5.36e-09   3.67396171e+09  3.60739349e+09  3.32e+02       9s
  30   1.19e-07 1.86e-09   3.64989276e+09  3.61310530e+09  1.83e+02       9s
  31   2.38e-07 6.98e-10   3.62565199e+09  3.61556283e+09  5.03e+01       9s
  32   2.38e-07 4.66e-10   3.61935157e+09  3.61667994e+09  1.33e+01       9s
  33   2.38e-07 2.33e-10   3.61724788e+09  3.61699896e+09  1.24e+00       9s
  34   2.09e-07 2.33e-10   3.61708370e+09  3.61703636e+09  2.36e-01      10s
  35   3.28e-07 2.33e-10   3.61705070e+09  3.61704345e+09  3.61e-02      10s
  36   1.49e-07 2.33e-10   3.61704636e+09  3.61704524e+09  5.58e-03      10s
  37   2.98e-07 2.33e-10   3.61704557e+09  3.61704544e+09  6.47e-04      10s
  38   2.68e-07 2.33e-10   3.61704553e+09  3.61704551e+09  7.09e-05      10s
  39*  3.87e-07 2.33e-10   3.61704552e+09  3.61704552e+09  5.94e-06      11s
Summary
    Runtime:                                            10.52s
    Status interior point solve:                        optimal
    Status crossover:                                   not run
    objective value:                                    3.61704552e+09
    interior solution primal residual (abs/rel):        5.96e-07 / 4.08e-15
    interior solution dual residual (abs/rel):          2.33e-10 / 1.78e-16
    interior solution objective gap (abs/rel):          1.16e+00 / 3.20e-10
Ipx: IPM       optimal
Model   status      : Optimal
IPM       iterations: 39
Objective value     :  3.6170455202e+09
HiGHS run time      :         13.29
[ Info: Rolling step not specified in scenaio.yaml file; Setting it to 10 years
[ Info: Demand-pathway mapping not specified in scenaio.yaml file; SERA will not look for eligible pathways for different demand types.
[ Info: Production capacity constraints from the grid model not defined. SERA will not create these constraints
[ Info: Regional technology limits not specified in scenaio.yaml file; SERA will not create these constraints
STARTING DATA PRE-PROCESSING 
Processing Temporal Data
Processing Nodes
Processing Demand
Processing Existings
Processing Links
Processing Pathways
Creating Infrastructure options
 19.428409 seconds (99.46 M allocations: 11.605 GiB, 42.47% gc time, 0.45% compilation time)

OPTIMIZING FROM 2026 TO 2035 

STARTING OPTIMIZATION MODEL CREATION
CREATING VARIABLES AND EXPRESSIONS
 78.156754 seconds (270.64 M allocations: 16.798 GiB, 75.63% gc time, 7.71% compilation time)
POPULATING EXPRESSIONS
 52.600288 seconds (202.82 M allocations: 31.782 GiB, 21.43% gc time, 0.36% compilation time)
CREATING CONSTRAINTS
107.200511 seconds (173.63 M allocations: 10.222 GiB, 81.08% gc time, 1.82% compilation time)
POPULATED CORE OPTIMIZATION MODEL, STARTING ITERATIONS
READING COST DATA FOR ITERATION 1
 50.158218 seconds (120.30 M allocations: 11.565 GiB, 47.10% gc time, 0.79% compilation time)
CREATING EXPRESSIONS FOR CAPITAL AND FIXED COST
116.130466 seconds (120.65 M allocations: 7.741 GiB, 91.75% gc time, 4.84% compilation time)
BUILDING OBJECTIVE FUNCTION
 11.630225 seconds (41.60 M allocations: 1.304 GiB, 58.03% gc time, 7.30% compilation time)
Optimizing for iteration 1
252.327607 seconds (57.22 M allocations: 5.633 GiB, 45.23% gc time, 0.01% compilation time)
OPTIMAL
2.1344755925629046e9
 =  1.0
READING COST DATA FOR ITERATION 2
463.416823 seconds (97.17 M allocations: 10.983 GiB, 21.94% gc time, 0.00% compilation time)
CREATING EXPRESSIONS FOR CAPITAL AND FIXED COST
141.465918 seconds (119.09 M allocations: 7.634 GiB, 94.13% gc time, 0.00% compilation time)
BUILDING OBJECTIVE FUNCTION
 12.072053 seconds (40.93 M allocations: 1.301 GiB, 64.90% gc time)
Optimizing for iteration 2
 94.289412 seconds (5 allocations: 73.965 MiB, 6.24% gc time)
OPTIMAL
1.3246370623809357e10
 =  0.8388633646769305
READING COST DATA FOR ITERATION 3
470.441822 seconds (96.75 M allocations: 11.054 GiB, 23.25% gc time)
CREATING EXPRESSIONS FOR CAPITAL AND FIXED COST
142.101194 seconds (119.09 M allocations: 7.634 GiB, 94.13% gc time)
BUILDING OBJECTIVE FUNCTION
 11.941516 seconds (40.93 M allocations: 1.301 GiB, 65.06% gc time)
Optimizing for iteration 3
 75.612963 seconds (2 allocations: 32 bytes)
OPTIMAL
9.351749303734552e9
 =  0.4164591236977976
READING COST DATA FOR ITERATION 4
471.514427 seconds (96.72 M allocations: 11.055 GiB, 23.52% gc time)
CREATING EXPRESSIONS FOR CAPITAL AND FIXED COST
143.939160 seconds (119.09 M allocations: 7.634 GiB, 94.17% gc time)
BUILDING OBJECTIVE FUNCTION
 12.324807 seconds (40.93 M allocations: 1.301 GiB, 65.15% gc time)
Optimizing for iteration 4
 74.587552 seconds (2 allocations: 32 bytes)
OPTIMAL
9.021563173205704e9
 =  0.03659965841763023
READING COST DATA FOR ITERATION 5
472.815262 seconds (96.72 M allocations: 11.087 GiB, 23.72% gc time)
CREATING EXPRESSIONS FOR CAPITAL AND FIXED COST
144.103221 seconds (119.09 M allocations: 7.634 GiB, 94.16% gc time)
BUILDING OBJECTIVE FUNCTION
 12.316435 seconds (40.93 M allocations: 1.301 GiB, 65.68% gc time)
Optimizing for iteration 5
 76.819209 seconds (2 allocations: 32 bytes)
OPTIMAL
9.019410544117857e9
 =  0.00023866627094807605
ITERATIONS COMPLETED
WRITING RESULTS TO FILE
 16.816012 seconds (24.56 M allocations: 1.022 GiB, 83.78% gc time, 3.48% compilation time)

OPTIMIZING FROM 2036 TO 2040 

STARTING OPTIMIZATION MODEL CREATION
CREATING VARIABLES AND EXPRESSIONS
218.764782 seconds (131.37 M allocations: 8.050 GiB, 96.67% gc time, 0.09% compilation time)
POPULATING EXPRESSIONS
 22.570851 seconds (56.34 M allocations: 8.731 GiB, 48.91% gc time)
CREATING CONSTRAINTS
 90.676886 seconds (85.06 M allocations: 4.701 GiB, 89.48% gc time, 0.01% compilation time)
POPULATED CORE OPTIMIZATION MODEL, STARTING ITERATIONS
READING COST DATA FOR ITERATION 1
 98.925601 seconds (47.50 M allocations: 5.463 GiB, 87.15% gc time)
CREATING EXPRESSIONS FOR CAPITAL AND FIXED COST
 41.378303 seconds (31.11 M allocations: 1.945 GiB, 94.86% gc time, 0.24% compilation time)
BUILDING OBJECTIVE FUNCTION
  2.052609 seconds (19.38 M allocations: 620.793 MiB, 17.42% gc time)
Optimizing for iteration 1
107.053819 seconds (29.62 M allocations: 2.757 GiB, 76.54% gc time)
OPTIMAL
3.9158275715811125e13
 =  1.0
READING COST DATA FOR ITERATION 2
176.205606 seconds (47.74 M allocations: 5.470 GiB, 52.43% gc time)
CREATING EXPRESSIONS FOR CAPITAL AND FIXED COST
 43.809524 seconds (31.11 M allocations: 1.943 GiB, 95.21% gc time)
BUILDING OBJECTIVE FUNCTION
  2.054983 seconds (19.38 M allocations: 643.350 MiB, 16.88% gc time)
Optimizing for iteration 2
 13.695527 seconds (5 allocations: 32 bytes)
OPTIMAL
3.8605975137249475e9
 =  10142.060906141944
READING COST DATA FOR ITERATION 3
176.710775 seconds (47.72 M allocations: 5.486 GiB, 52.64% gc time)
CREATING EXPRESSIONS FOR CAPITAL AND FIXED COST
 44.118317 seconds (31.11 M allocations: 1.943 GiB, 95.14% gc time)
BUILDING OBJECTIVE FUNCTION
  2.167835 seconds (19.38 M allocations: 643.350 MiB, 17.50% gc time)
Optimizing for iteration 3
 13.531428 seconds (2 allocations: 32 bytes)
OPTIMAL
3.622598965409508e9
 =  0.06569828749677624
READING COST DATA FOR ITERATION 4
174.692897 seconds (47.71 M allocations: 5.469 GiB, 52.20% gc time)
CREATING EXPRESSIONS FOR CAPITAL AND FIXED COST
 43.255484 seconds (31.11 M allocations: 1.943 GiB, 95.08% gc time)
BUILDING OBJECTIVE FUNCTION
  2.092707 seconds (19.38 M allocations: 643.350 MiB, 15.84% gc time)
Optimizing for iteration 4
 13.409194 seconds (2 allocations: 32 bytes)
OPTIMAL
3.6172577361400676e9
 =  0.001476596266921029
READING COST DATA FOR ITERATION 5
174.060122 seconds (47.71 M allocations: 5.565 GiB, 52.64% gc time)
CREATING EXPRESSIONS FOR CAPITAL AND FIXED COST
 43.482038 seconds (31.11 M allocations: 1.943 GiB, 95.11% gc time)
BUILDING OBJECTIVE FUNCTION
  2.102302 seconds (19.38 M allocations: 643.350 MiB, 16.54% gc time)
Optimizing for iteration 5
 13.314187 seconds (2 allocations: 32 bytes)
OPTIMAL
3.6170455202365575e9
 =  5.867106241211626e-5
ITERATIONS COMPLETED
WRITING RESULTS TO FILE
 24.206337 seconds (19.25 M allocations: 856.786 MiB, 89.02% gc time, 3.69% compilation time)

THE OPTIMIZATION PROBLEM TOOK 86.28 MINUTES TO SOLVE. 
