Running HiGHS 1.6.0: Copyright (c) 2023 HiGHS under MIT licence terms
Presolving model
365543 rows, 834006 cols, 2133206 nonzeros
292691 rows, 589340 cols, 1645237 nonzeros
292643 rows, 322488 cols, 1101146 nonzeros
284620 rows, 314267 cols, 1084644 nonzeros
Presolve : Reductions: rows 284620(-2190577); columns 314267(-1381725); elements 1084644(-6223360)
Solving the presolved LP
IPX model has 284620 rows, 314267 columns and 1084644 nonzeros
Input
    Number of variables:                                314267
    Number of free variables:                           0
    Number of constraints:                              284620
    Number of equality constraints:                     17033
    Number of matrix entries:                           1084644
    Matrix range:                                       [1e-02, 1e+00]
    RHS range:                                          [2e+05, 1e+08]
    Objective range:                                    [2e-04, 6e+02]
    Bounds range:                                       [2e+05, 1e+08]
Preprocessing
    Dualized model:                                     no
    Number of dense columns:                            0
    Range of scaling factors:                           [1.00e+00, 2.00e+00]
IPX version 1.0
Interior Point Solve
 Iter     P.res    D.res            P.obj           D.obj        mu     Time
   0   2.36e+07 5.57e+00   7.02279780e+09 -7.37472490e+12  1.74e+08       0s
   1   5.90e+06 3.64e+00   7.23681955e+12 -5.29306100e+12  9.47e+07       0s
   2   3.37e+06 2.81e+00   8.69907484e+12 -4.44903580e+12  8.02e+07       1s
   3   1.09e+06 1.07e+00   6.61883977e+12 -1.87733039e+12  3.26e+07       2s
   4   2.77e+05 3.55e-01   3.63395178e+12 -6.76943324e+11  1.14e+07       3s
   5   9.47e+04 1.07e-01   1.91652015e+12 -2.42895123e+11  4.45e+06       6s
 Constructing starting basis...
   6   4.27e+04 3.65e-02   9.90817376e+11 -9.01929209e+10  2.05e+06      10s
   7   1.25e+04 1.19e-02   3.56508437e+11 -3.16332366e+10  6.95e+05      12s
   8   4.85e+03 4.56e-03   2.69556036e+11 -1.86029788e+10  4.96e+05      15s
   9   1.85e+03 2.05e-03   1.38334266e+11 -7.46741450e+09  2.47e+05      17s
  10   1.04e+03 1.64e-03   1.17556688e+11 -5.27171556e+09  2.07e+05      19s
  11   2.31e+02 8.61e-04   7.57785575e+10  2.81009814e+08  1.26e+05      22s
  12   8.43e+01 5.16e-04   4.69367866e+10  4.59095372e+09  7.04e+04      26s
  13   4.85e+01 2.75e-04   4.16888035e+10  6.78156212e+09  5.79e+04      30s
  14   3.17e+01 1.17e-04   3.46316592e+10  9.05510153e+09  4.23e+04      34s
  15   2.24e+01 7.95e-05   2.93054868e+10  9.70815152e+09  3.24e+04      38s
  16   1.27e+01 5.95e-05   2.37624911e+10  1.00430847e+10  2.27e+04      42s
  17   6.41e+00 3.62e-05   1.90681625e+10  1.05365338e+10  1.41e+04      45s
  18   4.65e+00 1.79e-05   1.74950349e+10  1.09670791e+10  1.08e+04      48s
  19   2.54e+00 8.30e-06   1.54067188e+10  1.12129408e+10  6.93e+03      51s
  20   1.57e+00 5.25e-06   1.44632544e+10  1.12909015e+10  5.24e+03      54s
  21   1.17e+00 3.74e-06   1.41281799e+10  1.13256567e+10  4.63e+03      57s
  22   7.38e-01 2.46e-06   1.33910571e+10  1.13840363e+10  3.31e+03      59s
  23   5.51e-01 1.42e-06   1.31082535e+10  1.14268746e+10  2.78e+03      62s
  24   4.34e-01 8.54e-07   1.28492614e+10  1.14624478e+10  2.29e+03      64s
  25   2.19e-01 5.65e-07   1.23367564e+10  1.14822643e+10  1.41e+03      66s
  26   1.14e-01 3.64e-07   1.20559086e+10  1.14978367e+10  9.21e+02      68s
  27   5.13e-02 1.82e-07   1.18888940e+10  1.15119116e+10  6.22e+02      70s
  28   2.23e-02 1.13e-07   1.17463106e+10  1.15204080e+10  3.73e+02      72s
  29   1.05e-02 9.06e-08   1.16710171e+10  1.15235642e+10  2.43e+02      75s
  30   3.68e-03 4.76e-08   1.16169190e+10  1.15302619e+10  1.43e+02      77s
  31   1.19e-03 2.52e-08   1.15896386e+10  1.15340990e+10  9.17e+01      78s
  32   6.09e-04 1.16e-08   1.15695108e+10  1.15374728e+10  5.29e+01      80s
  33   2.64e-04 2.97e-09   1.15578692e+10  1.15395712e+10  3.02e+01      82s
  34   1.31e-04 7.54e-10   1.15499571e+10  1.15404466e+10  1.57e+01      83s
  35   9.16e-05 5.72e-10   1.15492701e+10  1.15404328e+10  1.46e+01      85s
  36   2.43e-05 2.05e-10   1.15440785e+10  1.15406345e+10  5.68e+00      87s
  37   6.68e-06 2.84e-13   1.15422703e+10  1.15407885e+10  2.45e+00      88s
  38   2.74e-06 1.14e-13   1.15417382e+10  1.15407937e+10  1.56e+00      90s
  39   8.34e-08 1.14e-13   1.15414022e+10  1.15407975e+10  9.98e-01      91s
  40   1.27e-07 1.14e-13   1.15409082e+10  1.15408288e+10  1.31e-01      93s
  41   7.08e-08 1.71e-13   1.15408530e+10  1.15408334e+10  3.25e-02      94s
  42   1.33e-07 2.27e-13   1.15408423e+10  1.15408382e+10  6.77e-03      95s
  43   1.27e-07 2.27e-13   1.15408391e+10  1.15408385e+10  8.57e-04      96s
  44   1.15e-07 1.71e-13   1.15408387e+10  1.15408386e+10  1.79e-04      97s
  45   5.50e-08 1.71e-13   1.15408386e+10  1.15408386e+10  4.44e-05      98s
  46*  5.96e-08 1.14e-13   1.15408386e+10  1.15408386e+10  4.33e-06      98s
Summary
    Runtime:                                            98.41s
    Status interior point solve:                        optimal
    Status crossover:                                   not run
    objective value:                                    1.15408386e+10
    interior solution primal residual (abs/rel):        2.24e-07 / 1.53e-15
    interior solution dual residual (abs/rel):          1.19e-10 / 2.13e-13
    interior solution objective gap (abs/rel):          2.61e+00 / 2.26e-10
Ipx: IPM       optimal
Model   status      : Optimal
IPM       iterations: 46
Objective value     :  1.1546003250e+10
HiGHS run time      :        101.17
Presolving model
365543 rows, 834006 cols, 2133206 nonzeros
292691 rows, 589340 cols, 1645237 nonzeros
292643 rows, 322488 cols, 1101146 nonzeros
284620 rows, 314267 cols, 1084644 nonzeros
Presolve : Reductions: rows 284620(-2198092); columns 314267(-1381725); elements 1084644(-6230875)
Solving the presolved LP
IPX model has 284620 rows, 314267 columns and 1084644 nonzeros
Input
    Number of variables:                                314267
    Number of free variables:                           0
    Number of constraints:                              284620
    Number of equality constraints:                     17033
    Number of matrix entries:                           1084644
    Matrix range:                                       [1e-02, 1e+00]
    RHS range:                                          [2e+05, 1e+08]
    Objective range:                                    [2e-04, 1e+07]
    Bounds range:                                       [2e+05, 1e+08]
Preprocessing
    Dualized model:                                     no
    Number of dense columns:                            0
    Range of scaling factors:                           [1.00e+00, 2.00e+00]
IPX version 1.0
Interior Point Solve
 Iter     P.res    D.res            P.obj           D.obj        mu     Time
   0   2.38e+07 1.57e+05   5.87080283e+13 -2.06993486e+17  4.49e+12       0s
   1   6.10e+06 1.12e+05   1.28411125e+17 -1.60288199e+17  2.87e+12       0s
   2   3.31e+06 8.45e+04   1.72028048e+17 -1.36536678e+17  2.59e+12       1s
   3   1.15e+06 3.89e+04   1.50423162e+17 -7.25495446e+16  1.27e+12       2s
   4   4.00e+05 1.67e+04   1.11366386e+17 -3.56740095e+16  5.79e+11       4s
   5   2.24e+05 7.96e+03   8.58004816e+16 -1.87284252e+16  3.13e+11       6s
   6   7.96e+04 2.90e+03   4.93773433e+16 -7.74801351e+15  1.31e+11      10s
 Constructing starting basis...
   7   4.92e+04 1.29e+03   3.66283938e+16 -4.25811482e+15  8.36e+10      16s
   8   2.67e+04 5.29e+02   2.17002314e+16 -1.94733101e+15  4.42e+10      19s
   9   1.31e+04 1.98e+02   1.16246746e+16 -8.67362910e+14  2.22e+10      22s
  10   5.10e+03 7.42e+01   4.81872392e+15 -3.97006071e+14  9.08e+09      24s
  11   3.70e+03 5.17e+01   4.18808196e+15 -3.47056089e+14  7.86e+09      27s
  12   9.76e+02 1.76e+01   1.19666709e+15 -1.70426159e+14  2.36e+09      29s
  13   5.08e+02 1.03e+01   9.50582067e+14 -1.06845998e+14  1.82e+09      32s
  14   1.85e+02 6.97e+00   4.09363308e+14 -7.09963123e+13  8.41e+08      35s
  15   6.07e+01 3.62e+00   2.36586434e+14 -4.16923251e+13  4.87e+08      38s
  16   1.88e+01 1.83e+00   9.35494822e+13 -2.15259453e+13  2.03e+08      40s
  17   4.49e+00 8.03e-01   3.15246879e+13 -9.77367984e+12  7.38e+07      42s
  18   9.86e-01 2.65e-01   9.74230567e+12 -3.26341017e+12  2.32e+07      45s
  19   3.15e-01 6.24e-02   4.59209742e+12 -7.92494617e+11  9.29e+06      47s
  20   1.74e-01 2.69e-02   3.01416338e+12 -3.57274730e+11  5.73e+06      49s
  21   1.04e-01 1.28e-02   2.07269765e+12 -1.79630840e+11  3.79e+06      51s
  22   6.70e-02 7.01e-03   1.43155836e+12 -1.01006386e+11  2.57e+06      53s
  23   4.04e-02 2.18e-03   1.02663619e+12 -4.04958032e+10  1.77e+06      55s
  24   1.53e-02 8.08e-04   5.09871272e+11 -1.56358214e+10  8.71e+05      57s
  25   6.93e-03 2.63e-04   2.51013611e+11 -4.72043253e+07  4.15e+05      59s
  26   4.20e-03 4.26e-05   1.70281619e+11  5.63567123e+09  2.72e+05      61s
  27   1.75e-03 1.74e-05   8.59751056e+10  6.98184981e+09  1.30e+05      63s
  28   3.60e-04 4.65e-06   3.44149351e+10  7.90194943e+09  4.38e+04      65s
  29   1.44e-04 2.58e-06   2.04534171e+10  8.28597715e+09  2.01e+04      67s
  30   7.03e-05 9.87e-07   1.51755825e+10  8.61968432e+09  1.08e+04      69s
  31   2.37e-05 4.04e-07   1.12920439e+10  8.76905665e+09  4.17e+03      71s
  32   5.72e-06 1.55e-07   9.75215935e+09  8.83628670e+09  1.51e+03      73s
  33   1.85e-06 5.49e-08   9.22427389e+09  8.87349731e+09  5.79e+02      75s
  34   6.26e-07 1.86e-08   9.02550996e+09  8.88888273e+09  2.26e+02      77s
  35   5.07e-07 9.31e-09   8.94883112e+09  8.89372833e+09  9.10e+01      79s
  36   3.58e-07 4.66e-09   8.91253481e+09  8.89605864e+09  2.72e+01      80s
  37   6.26e-07 2.79e-09   8.90069107e+09  8.89721361e+09  5.74e+00      82s
  38   3.87e-07 2.79e-09   8.89807071e+09  8.89741658e+09  1.08e+00      83s
  39   4.17e-07 3.73e-09   8.89756553e+09  8.89746059e+09  1.73e-01      84s
  40   4.77e-07 3.73e-09   8.89748633e+09  8.89747372e+09  2.08e-02      86s
  41   2.68e-07 3.73e-09   8.89748319e+09  8.89747625e+09  1.15e-02      87s
  42   4.17e-07 2.79e-09   8.89748053e+09  8.89747930e+09  2.04e-03      88s
  43   1.37e-06 1.86e-09   8.89748037e+09  8.89748023e+09  2.32e-04      90s
  44   1.46e-06 9.31e-10   8.89748034e+09  8.89748032e+09  1.87e-05      91s
  45*  4.77e-07 9.31e-10   8.89748033e+09  8.89748033e+09  2.69e-06      92s
Summary
    Runtime:                                            92.47s
    Status interior point solve:                        optimal
    Status crossover:                                   not run
    objective value:                                    8.89748033e+09
    interior solution primal residual (abs/rel):        9.54e-07 / 6.53e-15
    interior solution dual residual (abs/rel):          9.31e-10 / 9.62e-17
    interior solution objective gap (abs/rel):          1.25e+00 / 1.41e-10
Ipx: IPM       optimal
Model   status      : Optimal
IPM       iterations: 45
Objective value     :  8.9028898897e+09
HiGHS run time      :         95.06
Presolving model
365543 rows, 834006 cols, 2133206 nonzeros
292691 rows, 589340 cols, 1645237 nonzeros
292643 rows, 322488 cols, 1101146 nonzeros
284620 rows, 314267 cols, 1084644 nonzeros
Presolve : Reductions: rows 284620(-2205607); columns 314267(-1381725); elements 1084644(-6238390)
Solving the presolved LP
IPX model has 284620 rows, 314267 columns and 1084644 nonzeros
Input
    Number of variables:                                314267
    Number of free variables:                           0
    Number of constraints:                              284620
    Number of equality constraints:                     17033
    Number of matrix entries:                           1084644
    Matrix range:                                       [1e-02, 1e+00]
    RHS range:                                          [2e+05, 1e+08]
    Objective range:                                    [2e-04, 1e+07]
    Bounds range:                                       [2e+05, 1e+08]
Preprocessing
    Dualized model:                                     no
    Number of dense columns:                            0
    Range of scaling factors:                           [1.00e+00, 2.00e+00]
IPX version 1.0
Interior Point Solve
 Iter     P.res    D.res            P.obj           D.obj        mu     Time
   0   2.37e+07 1.57e+05   8.54415503e+13 -2.05631361e+17  4.49e+12       0s
   1   6.11e+06 1.12e+05   1.30746827e+17 -1.59200559e+17  2.87e+12       0s
   2   3.30e+06 8.44e+04   1.74849511e+17 -1.35534527e+17  2.58e+12       1s
   3   1.14e+06 3.88e+04   1.52627750e+17 -7.19641982e+16  1.26e+12       2s
   4   4.01e+05 1.70e+04   1.13007633e+17 -3.60160220e+16  5.85e+11       4s
   5   2.22e+05 7.55e+03   8.65323823e+16 -1.77246592e+16  3.04e+11       6s
   6   8.90e+04 2.87e+03   5.17780242e+16 -7.58862717e+15  1.35e+11      10s
 Constructing starting basis...
   7   5.55e+04 1.30e+03   3.81996195e+16 -4.19766736e+15  8.61e+10      17s
   8   3.04e+04 5.36e+02   2.27661540e+16 -1.91604862e+15  4.59e+10      20s
   9   1.49e+04 2.04e+02   1.21851442e+16 -8.58580565e+14  2.31e+10      23s
  10   5.85e+03 7.57e+01   5.19273723e+15 -3.94224303e+14  9.70e+09      25s
  11   4.36e+03 5.41e+01   4.57606352e+15 -3.48764525e+14  8.51e+09      28s
  12   1.15e+03 2.47e+01   1.30249300e+15 -2.02034886e+14  2.62e+09      30s
  13   5.54e+02 1.46e+01   1.01696413e+15 -1.24928789e+14  1.98e+09      33s
  14   1.91e+02 9.90e+00   4.30917925e+14 -8.11082916e+13  9.03e+08      36s
  15   1.18e+02 6.56e+00   3.17749288e+14 -5.36980767e+13  6.53e+08      39s
  16   7.57e+01 3.93e+00   2.28316584e+14 -3.26608422e+13  4.55e+08      42s
  17   4.91e+01 2.63e+00   1.65585368e+14 -2.31025341e+13  3.28e+08      44s
  18   2.16e+01 1.19e+00   1.11738192e+14 -1.34268305e+13  2.15e+08      47s
  19   6.75e+00 5.81e-02   5.49677497e+13 -2.39817519e+12  9.53e+07      49s
  20   2.57e+00 2.12e-02   2.81978661e+13 -1.25230923e+12  4.90e+07      52s
  21   1.56e-01 6.68e-03   7.47189545e+12 -5.91783313e+11  1.35e+07      54s
  22   3.39e-02 6.45e-04   1.77419241e+12 -5.61029156e+10  3.03e+06      56s
  23   1.64e-02 2.30e-04   1.07355567e+12 -2.73809135e+10  1.82e+06      59s
  24   6.76e-03 3.90e-05   5.73868347e+11 -6.82965014e+09  9.59e+05      61s
  25   2.12e-03 6.35e-06   2.31732120e+11  2.49323776e+09  3.78e+05      63s
  26   5.97e-04 1.49e-06   1.02154240e+11  4.85521738e+09  1.61e+05      65s
  27   1.90e-04 5.87e-07   4.53931869e+10  6.26364351e+09  6.46e+04      67s
  28   7.52e-05 3.05e-07   2.65067756e+10  6.83025310e+09  3.25e+04      69s
  29   2.39e-05 1.12e-07   1.45513816e+10  7.38118439e+09  1.18e+04      71s
  30   1.24e-05 3.35e-08   1.19300399e+10  7.60866758e+09  7.13e+03      73s
  31   3.90e-06 1.49e-08   9.23790576e+09  7.70389352e+09  2.53e+03      75s
  32   1.37e-06 6.52e-09   8.39223479e+09  7.73970648e+09  1.08e+03      77s
  33   3.87e-07 3.73e-09   7.99489501e+09  7.75531169e+09  3.95e+02      79s
  34   2.38e-07 2.79e-09   7.86268390e+09  7.76496976e+09  1.61e+02      81s
  35   4.77e-07 3.73e-09   7.80780706e+09  7.76768004e+09  6.62e+01      83s
  36   3.87e-07 1.86e-09   7.77865893e+09  7.77072132e+09  1.31e+01      85s
  37   2.38e-07 2.79e-09   7.77329684e+09  7.77186663e+09  2.36e+00      86s
  38   2.09e-07 2.79e-09   7.77222258e+09  7.77203525e+09  3.09e-01      88s
  39   4.17e-07 3.73e-09   7.77212293e+09  7.77207720e+09  7.55e-02      89s
  40   4.77e-07 2.79e-09   7.77210131e+09  7.77209072e+09  1.75e-02      90s
  41   6.85e-07 3.73e-09   7.77209592e+09  7.77209420e+09  2.83e-03      92s
  42   1.07e-06 2.79e-09   7.77209557e+09  7.77209533e+09  4.01e-04      93s
  43   2.21e-06 1.86e-09   7.77209549e+09  7.77209548e+09  2.39e-05      95s
  44*  1.37e-06 1.86e-09   7.77209549e+09  7.77209549e+09  1.80e-06      96s
Summary
    Runtime:                                            96.06s
    Status interior point solve:                        optimal
    Status crossover:                                   not run
    objective value:                                    7.77209549e+09
    interior solution primal residual (abs/rel):        1.42e-06 / 9.70e-15
    interior solution dual residual (abs/rel):          9.31e-10 / 9.62e-17
    interior solution objective gap (abs/rel):          1.00e+00 / 1.29e-10
Ipx: IPM       optimal
Model   status      : Optimal
IPM       iterations: 44
Objective value     :  7.7775050462e+09
HiGHS run time      :         98.67
Presolving model
365543 rows, 834006 cols, 2133206 nonzeros
292691 rows, 589340 cols, 1645237 nonzeros
292643 rows, 322488 cols, 1101146 nonzeros
284620 rows, 314267 cols, 1084644 nonzeros
Presolve : Reductions: rows 284620(-2213122); columns 314267(-1381725); elements 1084644(-6245905)
Solving the presolved LP
IPX model has 284620 rows, 314267 columns and 1084644 nonzeros
Input
    Number of variables:                                314267
    Number of free variables:                           0
    Number of constraints:                              284620
    Number of equality constraints:                     17033
    Number of matrix entries:                           1084644
    Matrix range:                                       [1e-02, 1e+00]
    RHS range:                                          [2e+05, 1e+08]
    Objective range:                                    [2e-04, 1e+07]
    Bounds range:                                       [2e+05, 1e+08]
Preprocessing
    Dualized model:                                     no
    Number of dense columns:                            0
    Range of scaling factors:                           [1.00e+00, 2.00e+00]
IPX version 1.0
Interior Point Solve
 Iter     P.res    D.res            P.obj           D.obj        mu     Time
   0   2.37e+07 1.57e+05   9.25782845e+13 -2.05418986e+17  4.49e+12       0s
   1   6.11e+06 1.12e+05   1.31198444e+17 -1.59032996e+17  2.87e+12       0s
   2   3.30e+06 8.44e+04   1.75370528e+17 -1.35375587e+17  2.58e+12       1s
   3   1.14e+06 3.88e+04   1.53015082e+17 -7.18858655e+16  1.26e+12       2s
   4   4.01e+05 1.70e+04   1.13288004e+17 -3.59733216e+16  5.85e+11       4s
   5   2.22e+05 7.54e+03   8.67141137e+16 -1.76886221e+16  3.04e+11       6s
   6   8.93e+04 2.86e+03   5.19303185e+16 -7.56759504e+15  1.35e+11      10s
 Constructing starting basis...
   7   5.60e+04 1.30e+03   3.84050721e+16 -4.18033334e+15  8.64e+10      17s
   8   3.03e+04 5.34e+02   2.25531228e+16 -1.89356201e+15  4.54e+10      20s
   9   1.48e+04 1.94e+02   1.20752348e+16 -8.18662921e+14  2.28e+10      23s
  10   5.74e+03 7.14e+01   5.10317178e+15 -3.78785977e+14  9.50e+09      25s
  11   4.24e+03 5.08e+01   4.45397841e+15 -3.33566635e+14  8.26e+09      27s
  12   1.12e+03 1.56e+01   1.27799988e+15 -1.57192239e+14  2.46e+09      29s
  13   5.61e+02 9.64e+00   9.65076722e+14 -9.87792918e+13  1.82e+09      33s
  14   2.89e+02 6.64e+00   5.60456180e+14 -6.43330737e+13  1.08e+09      36s
  15   1.85e+02 4.49e+00   3.92818331e+14 -4.17975440e+13  7.49e+08      39s
  16   1.22e+02 3.04e+00   2.81526025e+14 -2.86336498e+13  5.34e+08      42s
  17   7.61e+01 1.98e+00   1.95312628e+14 -1.97382231e+13  3.70e+08      44s
  18   4.77e+01 1.03e+00   1.46383175e+14 -1.26197638e+13  2.71e+08      46s
  19   7.41e+00 1.02e-01   7.04607566e+13 -4.55122504e+12  1.25e+08      49s
  20   2.41e+00 2.60e-02   3.31624765e+13 -1.75781289e+12  5.81e+07      51s
  21   1.31e+00 7.38e-03   2.05262915e+13 -6.78989412e+11  3.52e+07      53s
  22   4.55e-02 2.35e-03   4.46160473e+12 -3.34361014e+11  7.97e+06      55s
  23   1.19e-02 2.74e-04   1.41651123e+12 -4.48420605e+10  2.42e+06      58s
  24   7.31e-03 7.13e-05   9.45411808e+11 -1.24767229e+10  1.58e+06      60s
  25   1.81e-03 1.51e-05   3.89888220e+11 -4.07935727e+09  6.50e+05      62s
  26   6.94e-04 7.27e-06   1.83766005e+11  7.46915488e+08  3.02e+05      64s
  27   1.20e-04 2.76e-06   7.16278655e+10  3.80748694e+09  1.12e+05      66s
  28   4.23e-05 1.38e-06   3.62312906e+10  5.50878829e+09  5.07e+04      68s
  29   1.82e-05 6.35e-07   2.15808734e+10  6.58760199e+09  2.47e+04      70s
  30   5.07e-06 1.60e-07   1.30295352e+10  7.31370173e+09  9.43e+03      72s
  31   2.47e-06 5.40e-08   1.07255233e+10  7.51914401e+09  5.29e+03      74s
  32   1.40e-06 2.24e-08   9.52342700e+09  7.60242424e+09  3.17e+03      76s
  33   4.77e-07 1.12e-08   8.34364229e+09  7.63824089e+09  1.16e+03      78s
  34   3.28e-07 5.59e-09   8.04732930e+09  7.65213756e+09  6.52e+02      80s
  35   1.79e-07 2.79e-09   7.77802002e+09  7.66114140e+09  1.93e+02      81s
  36   2.38e-07 3.73e-09   7.70843977e+09  7.66395223e+09  7.34e+01      83s
  37   4.47e-07 3.73e-09   7.68138189e+09  7.66655790e+09  2.45e+01      85s
  38   4.17e-07 2.79e-09   7.67148145e+09  7.66778833e+09  6.10e+00      87s
  39   2.38e-07 3.73e-09   7.66818616e+09  7.66795112e+09  3.88e-01      88s
  40   3.87e-07 1.86e-09   7.66802817e+09  7.66798868e+09  6.52e-02      89s
  41   3.28e-07 2.79e-09   7.66800536e+09  7.66799975e+09  9.27e-03      91s
  42   1.13e-06 2.79e-09   7.66800403e+09  7.66800315e+09  1.45e-03      92s
  43   1.76e-06 2.79e-09   7.66800382e+09  7.66800374e+09  1.36e-04      93s
  44   3.64e-06 9.31e-10   7.66800377e+09  7.66800376e+09  1.89e-05      94s
  45*  1.89e-06 9.31e-10   7.66800376e+09  7.66800376e+09  4.25e-06      95s
Summary
    Runtime:                                            95.12s
    Status interior point solve:                        optimal
    Status crossover:                                   not run
    objective value:                                    7.66800376e+09
    interior solution primal residual (abs/rel):        1.80e-06 / 1.23e-14
    interior solution dual residual (abs/rel):          9.31e-10 / 9.62e-17
    interior solution objective gap (abs/rel):          2.30e+00 / 3.00e-10
Ipx: IPM       optimal
Model   status      : Optimal
IPM       iterations: 45
Objective value     :  7.6734133198e+09
HiGHS run time      :         97.70
Presolving model
365543 rows, 834006 cols, 2133206 nonzeros
292691 rows, 589340 cols, 1645237 nonzeros
292643 rows, 322488 cols, 1101146 nonzeros
284620 rows, 314267 cols, 1084644 nonzeros
Presolve : Reductions: rows 284620(-2220637); columns 314267(-1381725); elements 1084644(-6253420)
Solving the presolved LP
IPX model has 284620 rows, 314267 columns and 1084644 nonzeros
Input
    Number of variables:                                314267
    Number of free variables:                           0
    Number of constraints:                              284620
    Number of equality constraints:                     17033
    Number of matrix entries:                           1084644
    Matrix range:                                       [1e-02, 1e+00]
    RHS range:                                          [2e+05, 1e+08]
    Objective range:                                    [2e-04, 1e+07]
    Bounds range:                                       [2e+05, 1e+08]
Preprocessing
    Dualized model:                                     no
    Number of dense columns:                            0
    Range of scaling factors:                           [1.00e+00, 2.00e+00]
IPX version 1.0
Interior Point Solve
 Iter     P.res    D.res            P.obj           D.obj        mu     Time
   0   2.37e+07 1.57e+05   9.51809923e+13 -2.05369834e+17  4.49e+12       0s
   1   6.11e+06 1.12e+05   1.31350050e+17 -1.58993852e+17  2.87e+12       0s
   2   3.30e+06 8.44e+04   1.75555979e+17 -1.35326780e+17  2.58e+12       1s
   3   1.14e+06 3.88e+04   1.53148348e+17 -7.18719690e+16  1.26e+12       2s
   4   4.01e+05 1.70e+04   1.13385830e+17 -3.59554220e+16  5.85e+11       4s
   5   2.22e+05 7.54e+03   8.67765757e+16 -1.76826419e+16  3.04e+11       6s
   6   8.93e+04 2.86e+03   5.19663904e+16 -7.56116349e+15  1.35e+11      10s
 Constructing starting basis...
   7   5.60e+04 1.30e+03   3.84309484e+16 -4.17765637e+15  8.64e+10      17s
   8   3.03e+04 5.32e+02   2.25761723e+16 -1.88296112e+15  4.54e+10      20s
   9   1.46e+04 1.92e+02   1.19460481e+16 -8.13623310e+14  2.25e+10      23s
  10   5.63e+03 6.94e+01   5.05689057e+15 -3.73478313e+14  9.40e+09      25s
  11   4.19e+03 4.96e+01   4.42077205e+15 -3.29197338e+14  8.19e+09      27s
  12   1.09e+03 1.54e+01   1.24953264e+15 -1.55955306e+14  2.41e+09      30s
  13   6.02e+02 9.61e+00   9.92373596e+14 -9.84584366e+13  1.87e+09      32s
  14   3.07e+02 6.64e+00   5.68071224e+14 -6.42382356e+13  1.09e+09      36s
  15   1.96e+02 4.53e+00   3.94992015e+14 -4.20524017e+13  7.53e+08      39s
  16   1.29e+02 3.03e+00   2.82707864e+14 -2.85160281e+13  5.35e+08      41s
  17   8.15e+01 2.02e+00   1.97278881e+14 -2.00613608e+13  3.74e+08      44s
  18   4.97e+01 9.62e-01   1.46859921e+14 -1.22388734e+13  2.71e+08      46s
  19   1.07e+01 1.02e-01   7.82613082e+13 -4.71268431e+12  1.38e+08      48s
  20   3.95e+00 3.06e-02   4.13360854e+13 -2.16108919e+12  7.24e+07      51s
  21   1.86e+00 8.92e-03   2.32696148e+13 -8.72836166e+11  4.01e+07      53s
  22   5.56e-01 4.12e-03   1.31427433e+13 -6.20987308e+11  2.29e+07      55s
  23   6.99e-02 2.60e-04   2.60456610e+12 -7.69388587e+10  4.43e+06      57s
  24   1.93e-02 6.21e-05   1.01863227e+12 -2.69341643e+10  1.73e+06      59s
  25   1.77e-03 2.20e-05   5.31739593e+11 -1.86309668e+10  9.09e+05      61s
  26   6.53e-04 9.64e-06   2.23027788e+11 -4.95292296e+09  3.76e+05      63s
  27   1.97e-04 2.08e-06   1.12707717e+11  2.73497878e+09  1.82e+05      65s
  28   6.59e-05 8.61e-07   5.21700074e+10  5.18481793e+09  7.76e+04      67s
  29   1.91e-05 4.43e-07   2.48391261e+10  6.22294157e+09  3.07e+04      69s
  30   5.25e-06 1.30e-07   1.41824142e+10  7.12933860e+09  1.16e+04      71s
  31   2.59e-06 4.38e-08   1.14070462e+10  7.43340346e+09  6.56e+03      73s
  32   1.34e-06 2.05e-08   9.73289079e+09  7.54700392e+09  3.61e+03      75s
  33   4.47e-07 9.31e-09   8.41398615e+09  7.59306581e+09  1.36e+03      77s
  34   3.58e-07 5.59e-09   7.96827921e+09  7.61705138e+09  5.80e+02      79s
  35   2.38e-07 3.73e-09   7.75351273e+09  7.63055047e+09  2.03e+02      81s
  36   2.98e-07 3.73e-09   7.68169386e+09  7.63498898e+09  7.71e+01      82s
  37   5.36e-07 3.73e-09   7.65041241e+09  7.63732537e+09  2.16e+01      84s
  38   3.87e-07 3.73e-09   7.64088361e+09  7.63841954e+09  4.07e+00      86s
  39   5.07e-07 2.79e-09   7.63904757e+09  7.63859459e+09  7.48e-01      87s
  40   4.17e-07 2.79e-09   7.63868557e+09  7.63863236e+09  8.78e-02      88s
  41   3.87e-07 3.73e-09   7.63865266e+09  7.63864395e+09  1.44e-02      90s
  42   4.17e-07 3.73e-09   7.63864948e+09  7.63864740e+09  3.44e-03      91s
  43   1.76e-06 2.79e-09   7.63864873e+09  7.63864842e+09  5.11e-04      92s
  44   1.55e-06 1.86e-09   7.63864869e+09  7.63864867e+09  3.78e-05      94s
  45*  1.76e-06 1.86e-09   7.63864868e+09  7.63864868e+09  3.46e-06      95s
Summary
    Runtime:                                            94.98s
    Status interior point solve:                        optimal
    Status crossover:                                   not run
    objective value:                                    7.63864868e+09
    interior solution primal residual (abs/rel):        1.85e-06 / 1.27e-14
    interior solution dual residual (abs/rel):          9.31e-10 / 9.62e-17
    interior solution objective gap (abs/rel):          1.48e+00 / 1.94e-10
Ipx: IPM       optimal
Model   status      : Optimal
IPM       iterations: 45
Objective value     :  7.6440582414e+09
HiGHS run time      :         97.58
Presolving model
365543 rows, 834006 cols, 2133206 nonzeros
292691 rows, 589340 cols, 1645237 nonzeros
292643 rows, 322488 cols, 1101146 nonzeros
284620 rows, 314267 cols, 1084644 nonzeros
Presolve : Reductions: rows 284620(-2228152); columns 314267(-1381725); elements 1084644(-6260935)
Solving the presolved LP
IPX model has 284620 rows, 314267 columns and 1084644 nonzeros
Input
    Number of variables:                                314267
    Number of free variables:                           0
    Number of constraints:                              284620
    Number of equality constraints:                     17033
    Number of matrix entries:                           1084644
    Matrix range:                                       [1e-02, 1e+00]
    RHS range:                                          [2e+05, 1e+08]
    Objective range:                                    [2e-04, 1e+07]
    Bounds range:                                       [2e+05, 1e+08]
Preprocessing
    Dualized model:                                     no
    Number of dense columns:                            0
    Range of scaling factors:                           [1.00e+00, 2.00e+00]
IPX version 1.0
Interior Point Solve
 Iter     P.res    D.res            P.obj           D.obj        mu     Time
   0   2.37e+07 1.57e+05   9.52685895e+13 -2.05369166e+17  4.49e+12       0s
   1   6.11e+06 1.12e+05   1.31355949e+17 -1.58993295e+17  2.87e+12       0s
   2   3.29e+06 8.44e+04   1.75563917e+17 -1.35325729e+17  2.58e+12       1s
   3   1.14e+06 3.88e+04   1.53153802e+17 -7.18723635e+16  1.26e+12       2s
   4   4.01e+05 1.70e+04   1.13344412e+17 -3.59077495e+16  5.84e+11       4s
   5   2.22e+05 7.55e+03   8.67117343e+16 -1.76806093e+16  3.04e+11       6s
   6   8.93e+04 2.86e+03   5.19311335e+16 -7.54615203e+15  1.34e+11      10s
 Constructing starting basis...
   7   5.60e+04 1.29e+03   3.84322007e+16 -4.16528455e+15  8.63e+10      17s
   8   3.06e+04 5.38e+02   2.27822910e+16 -1.90245709e+15  4.59e+10      20s
   9   1.45e+04 1.99e+02   1.18274184e+16 -8.33288659e+14  2.24e+10      22s
  10   5.64e+03 7.05e+01   5.07964841e+15 -3.76933745e+14  9.45e+09      25s
  11   4.12e+03 4.98e+01   4.39526896e+15 -3.29805278e+14  8.15e+09      27s
  12   1.08e+03 1.54e+01   1.24269286e+15 -1.55504581e+14  2.40e+09      29s
  13   5.93e+02 9.62e+00   9.88890674e+14 -9.83243313e+13  1.86e+09      32s
  14   3.03e+02 6.66e+00   5.64576680e+14 -6.41287745e+13  1.08e+09      36s
  15   1.92e+02 4.53e+00   3.92633490e+14 -4.19296501e+13  7.49e+08      39s
  16   1.28e+02 3.09e+00   2.83826309e+14 -2.90079381e+13  5.38e+08      41s
  17   7.80e+01 1.89e+00   1.94998527e+14 -1.90900187e+13  3.67e+08      44s
  18   4.38e+01 1.04e+00   1.35496817e+14 -1.25532836e+13  2.53e+08      46s
  19   1.32e+01 1.01e-01   7.46047198e+13 -3.97911174e+12  1.31e+08      48s
  20   6.00e+00 2.25e-02   3.94795537e+13 -1.29673501e+12  6.77e+07      51s
  21   3.15e+00 7.12e-03   2.34494859e+13 -5.89317895e+11  3.99e+07      53s
  22   2.51e-01 1.87e-03   4.06360217e+12 -2.30484259e+11  7.13e+06      55s
  23   5.44e-02 2.44e-04   1.22794792e+12 -4.01209273e+10  2.10e+06      57s
  24   3.09e-02 7.03e-05   8.35329203e+11 -1.64693345e+10  1.41e+06      59s
  25   7.79e-03 1.52e-05   3.38817476e+11 -3.64769780e+09  5.66e+05      61s
  26   2.91e-03 6.16e-06   1.62505357e+11  1.57599899e+09  2.66e+05      63s
  27   5.81e-04 2.63e-06   6.27062812e+10  4.20245719e+09  9.66e+04      65s
  28   1.95e-04 1.37e-06   3.09751321e+10  5.66848697e+09  4.18e+04      67s
  29   7.53e-05 6.15e-07   1.82782606e+10  6.67493456e+09  1.92e+04      69s
  30   2.36e-05 1.89e-07   1.17746023e+10  7.29984605e+09  7.39e+03      71s
  31   6.79e-06 7.36e-08   9.39108029e+09  7.48140710e+09  3.15e+03      73s
  32   3.61e-06 3.73e-08   8.66199603e+09  7.55774851e+09  1.82e+03      75s
  33   1.25e-06 1.49e-08   8.02177798e+09  7.60716815e+09  6.84e+02      77s
  34   6.85e-07 6.52e-09   7.86469073e+09  7.62434761e+09  3.97e+02      79s
  35   4.47e-07 3.73e-09   7.72322187e+09  7.63282140e+09  1.49e+02      81s
  36   7.15e-07 3.73e-09   7.67215100e+09  7.63508430e+09  6.12e+01      82s
  37   4.17e-07 3.73e-09   7.64777793e+09  7.63706984e+09  1.77e+01      84s
  38   2.76e-07 3.73e-09   7.63947002e+09  7.63768126e+09  2.95e+00      85s
  39   2.68e-07 1.86e-09   7.63824045e+09  7.63782473e+09  6.86e-01      86s
  40   2.38e-07 1.86e-09   7.63793597e+09  7.63785645e+09  1.31e-01      88s
  41   2.98e-07 2.79e-09   7.63790931e+09  7.63786709e+09  6.97e-02      89s
  42   4.17e-07 1.86e-09   7.63789015e+09  7.63786944e+09  3.42e-02      90s
  43   5.36e-07 3.73e-09   7.63787395e+09  7.63787229e+09  2.73e-03      91s
  44   1.07e-06 2.79e-09   7.63787332e+09  7.63787315e+09  2.69e-04      93s
  45   2.18e-06 9.31e-10   7.63787328e+09  7.63787327e+09  1.88e-05      94s
  46*  8.34e-07 9.31e-10   7.63787328e+09  7.63787328e+09  2.20e-06      95s
Summary
    Runtime:                                            95.42s
    Status interior point solve:                        optimal
    Status crossover:                                   not run
    objective value:                                    7.63787328e+09
    interior solution primal residual (abs/rel):        9.54e-07 / 6.53e-15
    interior solution dual residual (abs/rel):          9.31e-10 / 9.62e-17
    interior solution objective gap (abs/rel):          7.71e-01 / 1.01e-10
Ipx: IPM       optimal
Model   status      : Optimal
IPM       iterations: 46
Objective value     :  7.6432828352e+09
HiGHS run time      :         98.03
[ Info: Rolling step not specified in scenaio.yaml file; Setting it to 15 years
[ Info: Demand-pathway mapping not specified in scenaio.yaml file; SERA will not look for eligible pathways for different demand types.
[ Info: Production capacity constraints from the grid model not defined. SERA will not create these constraints
[ Info: Regional technology limits not specified in scenaio.yaml file; SERA will not create these constraints
STARTING DATA PRE-PROCESSING 
Processing Temporal Data
Processing Nodes
Processing Demand
Processing Existings
Processing Links
Processing Pathways
Creating Infrastructure options
  4.837467 seconds (32.83 M allocations: 3.874 GiB, 25.54% gc time, 1.66% compilation time)

OPTIMIZING FROM 2026 TO 2040 

STARTING OPTIMIZATION MODEL CREATION
CREATING VARIABLES AND EXPRESSIONS
 16.710785 seconds (136.55 M allocations: 8.369 GiB, 33.35% gc time, 35.21% compilation time)
POPULATING EXPRESSIONS
 34.111026 seconds (153.10 M allocations: 23.707 GiB, 9.08% gc time, 0.54% compilation time)
CREATING CONSTRAINTS
  9.008274 seconds (76.04 M allocations: 3.919 GiB, 12.05% gc time, 8.68% compilation time)
POPULATED CORE OPTIMIZATION MODEL, STARTING ITERATIONS
READING COST DATA FOR ITERATION 1
 15.988815 seconds (64.86 M allocations: 6.185 GiB, 5.46% gc time, 2.15% compilation time)
CREATING EXPRESSIONS FOR CAPITAL AND FIXED COST
 42.324378 seconds (98.36 M allocations: 6.293 GiB, 80.41% gc time, 3.12% compilation time)
BUILDING OBJECTIVE FUNCTION
  8.094240 seconds (26.38 M allocations: 884.970 MiB, 51.28% gc time, 13.65% compilation time)
Optimizing for iteration 1
134.936959 seconds (26.88 M allocations: 2.502 GiB, 19.75% gc time, 0.02% compilation time)
OPTIMAL
1.154600325017706e10
ϵ =  1.0
READING COST DATA FOR ITERATION 2
111.863633 seconds (53.88 M allocations: 5.994 GiB, 30.00% gc time, 0.03% compilation time)
CREATING EXPRESSIONS FOR CAPITAL AND FIXED COST
 81.271403 seconds (96.76 M allocations: 6.190 GiB, 91.72% gc time, 0.01% compilation time)
BUILDING OBJECTIVE FUNCTION
  7.162205 seconds (25.08 M allocations: 818.641 MiB, 60.22% gc time)
Optimizing for iteration 2
 95.093092 seconds (5 allocations: 32 bytes)
OPTIMAL
8.902889889716951e9
ϵ =  0.29688262948338884
READING COST DATA FOR ITERATION 3
115.728846 seconds (53.68 M allocations: 5.933 GiB, 32.86% gc time)
CREATING EXPRESSIONS FOR CAPITAL AND FIXED COST
 82.553037 seconds (96.76 M allocations: 6.190 GiB, 91.55% gc time)
BUILDING OBJECTIVE FUNCTION
  7.322363 seconds (25.08 M allocations: 818.641 MiB, 60.18% gc time)
Optimizing for iteration 3
 98.691557 seconds (2 allocations: 32 bytes)
OPTIMAL
7.77750504619007e9
ϵ =  0.1446974109103955
READING COST DATA FOR ITERATION 4
115.956738 seconds (53.66 M allocations: 5.932 GiB, 32.91% gc time)
CREATING EXPRESSIONS FOR CAPITAL AND FIXED COST
 82.929637 seconds (96.76 M allocations: 6.190 GiB, 91.83% gc time)
BUILDING OBJECTIVE FUNCTION
  7.298653 seconds (25.08 M allocations: 818.641 MiB, 60.65% gc time)
Optimizing for iteration 4
 97.720651 seconds (2 allocations: 32 bytes)
OPTIMAL
7.673413319780527e9
ϵ =  0.013565244314643765
READING COST DATA FOR ITERATION 5
116.802940 seconds (53.65 M allocations: 5.987 GiB, 33.51% gc time)
CREATING EXPRESSIONS FOR CAPITAL AND FIXED COST
 84.328097 seconds (96.76 M allocations: 6.190 GiB, 91.69% gc time)
BUILDING OBJECTIVE FUNCTION
  7.640377 seconds (25.08 M allocations: 818.641 MiB, 61.43% gc time)
Optimizing for iteration 5
 97.607029 seconds (2 allocations: 32 bytes)
OPTIMAL
7.644058241387855e9
ϵ =  0.0038402478717141073
READING COST DATA FOR ITERATION 6
116.632692 seconds (53.65 M allocations: 5.956 GiB, 33.60% gc time)
CREATING EXPRESSIONS FOR CAPITAL AND FIXED COST
 84.526353 seconds (96.76 M allocations: 6.190 GiB, 91.92% gc time)
BUILDING OBJECTIVE FUNCTION
  7.462672 seconds (25.08 M allocations: 818.641 MiB, 61.09% gc time)
Optimizing for iteration 6
 98.052485 seconds (2 allocations: 32 bytes)
OPTIMAL
7.643282835168563e9
ϵ =  0.00010144936883456747
ITERATIONS COMPLETED
WRITING RESULTS TO FILE
  7.443625 seconds (20.45 M allocations: 893.317 MiB, 66.97% gc time, 10.08% compilation time)

THE OPTIMIZATION PROBLEM TOOK 30.49 MINUTES TO SOLVE. 
