Running HiGHS 1.6.0: Copyright (c) 2023 HiGHS under MIT licence terms
Presolving model
559303 rows, 1353546 cols, 3319742 nonzeros
424011 rows, 884008 cols, 2381008 nonzeros
418686 rows, 496734 cols, 1604456 nonzeros
412519 rows, 490109 cols, 1591169 nonzeros
Presolve : Reductions: rows 412519(-6407748); columns 490109(-4116329); elements 1591169(-21924112)
Solving the presolved LP
IPX model has 412519 rows, 490109 columns and 1591169 nonzeros
Input
    Number of variables:                                490109
    Number of free variables:                           0
    Number of constraints:                              412519
    Number of equality constraints:                     37148
    Number of matrix entries:                           1591169
    Matrix range:                                       [1e-02, 1e+00]
    RHS range:                                          [2e+05, 6e+07]
    Objective range:                                    [3e-04, 3e+02]
    Bounds range:                                       [7e+05, 9e+07]
Preprocessing
    Dualized model:                                     no
    Number of dense columns:                            0
    Range of scaling factors:                           [1.00e+00, 2.00e+00]
IPX version 1.0
Interior Point Solve
 Iter     P.res    D.res            P.obj           D.obj        mu     Time
   0   1.24e+07 5.45e+01   4.51033633e+09 -5.40056970e+13  7.45e+08       0s
   1   4.64e+06 4.44e+01   8.15541611e+12 -4.57400387e+13  6.50e+08       1s
   2   2.33e+06 3.76e+01   1.38990873e+13 -4.14027300e+13  7.13e+08       2s
   3   8.22e+05 1.18e+01   1.35563140e+13 -1.38582732e+13  2.33e+08       2s
   4   3.06e+05 6.28e+00   1.24344431e+13 -8.34092459e+12  1.34e+08       4s
   5   1.30e+05 1.45e+00   1.00787729e+13 -2.38949961e+12  3.89e+07       7s
 Constructing starting basis...
   6   9.48e+03 3.79e-01   4.16325877e+12 -6.68965599e+11  1.04e+07      17s
   7   7.60e+03 2.09e-01   3.84184737e+12 -4.66402574e+11  7.50e+06      22s
   8   3.31e+03 1.14e-01   2.23894912e+12 -2.76391884e+11  3.88e+06      26s
   9   1.35e+03 2.82e-02   1.16877454e+12 -8.18453473e+10  1.57e+06      29s
  10   3.52e+02 8.65e-03   4.10936144e+11 -2.87490228e+10  5.17e+05      33s
  11   1.29e+02 8.81e-04   2.30315019e+11 -7.75459475e+09  2.67e+05      36s
  12   5.62e+01 2.26e-04   1.56765639e+11 -4.41491949e+09  1.80e+05      39s
  13   1.67e+01 1.14e-04   8.88784851e+10 -2.09769020e+09  1.02e+05      42s
  14   7.77e+00 6.26e-05   5.45660947e+10  4.09850300e+08  6.04e+04      45s
  15   3.44e+00 3.71e-05   3.68523098e+10  1.72487316e+09  3.92e+04      50s
  16   2.95e+00 2.40e-05   3.46938120e+10  2.35655407e+09  3.61e+04      55s
  17   1.67e+00 1.67e-05   2.31660531e+10  3.04669147e+09  2.24e+04      60s
  18   1.17e+00 1.04e-05   1.93204219e+10  3.52149500e+09  1.76e+04      66s
  19   1.01e+00 8.18e-06   1.83467133e+10  3.64964218e+09  1.64e+04      72s
  20   8.49e-01 6.13e-06   1.69260327e+10  3.82247470e+09  1.46e+04      77s
  21   6.32e-01 2.16e-06   1.58572174e+10  3.98848710e+09  1.32e+04      82s
  22   3.51e-01 7.57e-07   1.31379186e+10  4.20961465e+09  9.95e+03      87s
  23   2.00e-01 1.72e-07   1.17728784e+10  4.28777626e+09  8.34e+03      93s
  24   1.46e-01 1.03e-07   1.10213215e+10  4.33139835e+09  7.46e+03      99s
  25   6.75e-02 5.97e-08   7.91226798e+09  4.47948157e+09  3.83e+03     105s
  26   4.80e-02 3.70e-08   7.26197937e+09  4.53950089e+09  3.03e+03     111s
  27   2.74e-02 1.74e-08   6.62848637e+09  4.58780664e+09  2.27e+03     116s
  28   1.88e-02 1.24e-08   6.14784579e+09  4.61312109e+09  1.71e+03     121s
  29   9.95e-03 5.18e-09   5.70954119e+09  4.64510197e+09  1.19e+03     125s
  30   7.00e-03 3.32e-09   5.61539513e+09  4.64977580e+09  1.08e+03     130s
  31   3.95e-03 1.19e-09   5.32274360e+09  4.67247309e+09  7.25e+02     133s
  32   2.48e-03 7.13e-10   5.19299030e+09  4.67696880e+09  5.75e+02     137s
  33   1.30e-03 4.56e-10   4.99202751e+09  4.68357585e+09  3.44e+02     141s
  34   3.95e-04 2.44e-10   4.81525486e+09  4.68990323e+09  1.40e+02     145s
  35   1.77e-04 9.65e-11   4.76539156e+09  4.69473254e+09  7.87e+01     148s
  36   1.12e-04 3.60e-11   4.74801773e+09  4.69693401e+09  5.69e+01     152s
  37   5.67e-05 5.23e-12   4.72439523e+09  4.69883393e+09  2.85e+01     155s
  38   3.61e-06 4.55e-13   4.70278846e+09  4.69908215e+09  4.13e+00     158s
  39   3.13e-07 1.71e-13   4.69950297e+09  4.69917816e+09  3.62e-01     161s
  40   7.45e-08 1.14e-13   4.69923873e+09  4.69920024e+09  4.29e-02     163s
  41   1.04e-07 8.53e-14   4.69921267e+09  4.69920584e+09  7.61e-03     166s
  42   2.09e-07 1.14e-13   4.69920918e+09  4.69920803e+09  1.28e-03     169s
  43   2.98e-08 8.53e-14   4.69920864e+09  4.69920841e+09  2.57e-04     172s
  44   2.98e-08 5.68e-14   4.69920861e+09  4.69920857e+09  3.68e-05     175s
  45   5.96e-08 5.68e-14   4.69920860e+09  4.69920859e+09  6.42e-06     178s
  46*  1.64e-07 1.14e-13   4.69920860e+09  4.69920860e+09  4.65e-07     181s
Summary
    Runtime:                                            181.20s
    Status interior point solve:                        optimal
    Status crossover:                                   not run
    objective value:                                    4.69920860e+09
    interior solution primal residual (abs/rel):        1.19e-07 / 1.31e-15
    interior solution dual residual (abs/rel):          7.57e-11 / 2.41e-13
    interior solution objective gap (abs/rel):          4.06e-01 / 8.63e-11
Ipx: IPM       optimal
Model   status      : Optimal
IPM       iterations: 46
Objective value     :  4.6992085985e+09
HiGHS run time      :        188.26
Presolving model
559303 rows, 1353546 cols, 3319742 nonzeros
424011 rows, 884008 cols, 2381008 nonzeros
418686 rows, 496734 cols, 1604456 nonzeros
412519 rows, 490109 cols, 1591169 nonzeros
Presolve : Reductions: rows 412519(-6427788); columns 490109(-4116329); elements 1591169(-21944152)
Solving the presolved LP
IPX model has 412519 rows, 490109 columns and 1591169 nonzeros
Input
    Number of variables:                                490109
    Number of free variables:                           0
    Number of constraints:                              412519
    Number of equality constraints:                     37148
    Number of matrix entries:                           1591169
    Matrix range:                                       [1e-02, 1e+00]
    RHS range:                                          [2e+05, 6e+07]
    Objective range:                                    [3e-04, 9e+06]
    Bounds range:                                       [7e+05, 9e+07]
Preprocessing
    Dualized model:                                     no
    Number of dense columns:                            0
    Range of scaling factors:                           [1.00e+00, 2.00e+00]
IPX version 1.0
Interior Point Solve
 Iter     P.res    D.res            P.obj           D.obj        mu     Time
   0   1.24e+07 2.31e+06   1.23781839e+14 -2.28745751e+18  3.16e+13       0s
   1   4.63e+06 1.92e+06   3.73412021e+17 -1.96887790e+18  2.82e+13       1s
   2   2.27e+06 1.58e+06   6.29586343e+17 -1.75071278e+18  3.03e+13       2s
   3   7.94e+05 5.26e+05   6.06984969e+17 -6.25009474e+17  1.05e+13       3s
   4   2.99e+05 2.80e+05   5.57392803e+17 -3.81021496e+17  6.07e+12       4s
   5   1.14e+05 6.92e+04   4.43905801e+17 -1.18345465e+17  1.82e+12       8s
 Constructing starting basis...
   6   1.52e+04 2.39e+04   2.29711434e+17 -4.80472706e+16  6.62e+11      16s
   7   1.06e+04 9.82e+03   1.93479034e+17 -2.48269464e+16  3.78e+11      21s
   8   3.30e+03 3.01e+03   1.01031407e+17 -1.02687000e+16  1.54e+11      25s
   9   1.91e+03 1.37e+03   6.97597000e+16 -5.69842332e+15  9.54e+10      29s
  10   9.37e+02 4.69e+02   3.70248728e+16 -2.10816571e+15  4.64e+10      33s
  11   2.40e+02 1.71e+02   1.15368228e+16 -8.52591667e+14  1.45e+10      37s
  12   1.23e+02 4.89e+01   6.83727565e+15 -3.26935016e+14  8.18e+09      41s
  13   5.75e+01 2.47e+01   4.98342718e+15 -2.59673363e+14  6.00e+09      44s
  14   1.69e+01 1.53e+01   1.89029005e+15 -1.74296003e+14  2.41e+09      47s
  15   6.61e+00 8.15e+00   1.28396785e+15 -1.14689959e+14  1.63e+09      50s
  16   3.14e+00 4.66e+00   6.82698654e+14 -6.82087964e+13  8.81e+08      54s
  17   3.54e-01 2.15e+00   2.07213669e+14 -3.52385237e+13  2.93e+08      57s
  18   6.36e-02 8.48e-01   7.56615665e+13 -1.52686635e+13  1.11e+08      61s
  19   2.57e-02 3.98e-01   3.55918475e+13 -7.34545650e+12  5.21e+07      64s
  20   8.30e-03 1.55e-01   1.61538026e+13 -3.03378251e+12  2.30e+07      68s
  21   1.49e-03 4.09e-02   5.65418703e+12 -9.04990696e+11  7.71e+06      71s
  22   7.98e-04 1.82e-02   3.86898645e+12 -4.38546805e+11  4.97e+06      75s
  23   4.03e-04 9.49e-03   2.43365136e+12 -2.43441480e+11  3.06e+06      78s
  24   2.17e-04 5.88e-03   1.80261168e+12 -1.64795507e+11  2.23e+06      82s
  25   1.03e-04 3.07e-03   1.11079332e+12 -9.16984485e+10  1.36e+06      86s
  26   5.35e-05 1.67e-03   6.75521150e+11 -5.01110320e+10  8.15e+05      89s
  27   2.65e-05 9.72e-04   4.87985856e+11 -3.16600464e+10  5.82e+05      93s
  28   1.49e-05 6.72e-04   3.88373971e+11 -2.31669872e+10  4.61e+05      97s
  29   8.34e-06 4.52e-04   3.14002099e+11 -1.63816250e+10  3.69e+05     100s
  30   3.52e-06 2.67e-04   2.38651008e+11 -1.00783717e+10  2.78e+05     104s
  31   1.55e-06 1.06e-04   1.49967248e+11 -2.06826979e+09  1.70e+05     107s
  32   3.87e-07 4.36e-05   8.68079410e+10  1.45151413e+09  9.52e+04     111s
  33   1.79e-07 2.45e-05   5.11779692e+10  3.30689691e+09  5.34e+04     114s
  34   8.94e-08 1.41e-05   3.48763887e+10  4.18107433e+09  3.42e+04     117s
  35   1.19e-07 5.62e-06   1.58636880e+10  5.46953057e+09  1.16e+04     121s
  36   1.04e-07 2.40e-06   1.05050989e+10  5.98079010e+09  5.04e+03     124s
  37   1.19e-07 8.55e-07   7.84184346e+09  6.25555092e+09  1.77e+03     128s
  38   1.04e-07 3.81e-07   7.07582168e+09  6.35244937e+09  8.06e+02     131s
  39   1.64e-07 1.88e-07   6.72316758e+09  6.39422807e+09  3.67e+02     134s
  40   8.94e-08 7.08e-08   6.54692749e+09  6.42157742e+09  1.40e+02     137s
  41   3.80e-08 2.42e-08   6.47799434e+09  6.43265416e+09  5.05e+01     140s
  42   5.96e-08 6.52e-09   6.44324756e+09  6.43738737e+09  6.53e+00     143s
  43   8.94e-08 2.79e-09   6.43907886e+09  6.43842940e+09  7.24e-01     145s
  44   5.96e-08 3.73e-09   6.43856946e+09  6.43850477e+09  7.21e-02     148s
  45   1.49e-07 3.73e-09   6.43852296e+09  6.43851958e+09  3.76e-03     150s
  46   8.94e-08 2.79e-09   6.43852141e+09  6.43852075e+09  7.31e-04     153s
  47   1.19e-07 1.86e-09   6.43852096e+09  6.43852083e+09  1.44e-04     155s
  48   4.92e-07 9.31e-10   6.43852085e+09  6.43852085e+09  8.27e-06     158s
  49*  1.94e-07 9.31e-10   6.43852085e+09  6.43852085e+09  6.80e-07     160s
Summary
    Runtime:                                            159.65s
    Status interior point solve:                        optimal
    Status crossover:                                   not run
    objective value:                                    6.43852085e+09
    interior solution primal residual (abs/rel):        1.64e-07 / 1.80e-15
    interior solution dual residual (abs/rel):          9.31e-10 / 1.01e-16
    interior solution objective gap (abs/rel):          3.75e-01 / 5.82e-11
Ipx: IPM       optimal
Model   status      : Optimal
IPM       iterations: 49
Objective value     :  6.4385208488e+09
HiGHS run time      :        166.56
Presolving model
559303 rows, 1353546 cols, 3319742 nonzeros
424011 rows, 884008 cols, 2381008 nonzeros
418686 rows, 496734 cols, 1604456 nonzeros
412519 rows, 490109 cols, 1591169 nonzeros
Presolve : Reductions: rows 412519(-6447828); columns 490109(-4116329); elements 1591169(-21964192)
Solving the presolved LP
IPX model has 412519 rows, 490109 columns and 1591169 nonzeros
Input
    Number of variables:                                490109
    Number of free variables:                           0
    Number of constraints:                              412519
    Number of equality constraints:                     37148
    Number of matrix entries:                           1591169
    Matrix range:                                       [1e-02, 1e+00]
    RHS range:                                          [2e+05, 6e+07]
    Objective range:                                    [3e-04, 9e+06]
    Bounds range:                                       [7e+05, 9e+07]
Preprocessing
    Dualized model:                                     no
    Number of dense columns:                            0
    Range of scaling factors:                           [1.00e+00, 2.00e+00]
IPX version 1.0
Interior Point Solve
 Iter     P.res    D.res            P.obj           D.obj        mu     Time
   0   1.24e+07 2.31e+06   1.27686250e+14 -2.28772288e+18  3.16e+13       0s
   1   4.63e+06 1.92e+06   3.75514023e+17 -1.96896929e+18  2.82e+13       1s
   2   2.26e+06 1.58e+06   6.32613399e+17 -1.75081627e+18  3.03e+13       2s
   3   7.91e+05 5.26e+05   6.10233775e+17 -6.24571724e+17  1.05e+13       3s
   4   2.99e+05 2.80e+05   5.61245869e+17 -3.81378165e+17  6.07e+12       4s
   5   1.15e+05 6.96e+04   4.48808644e+17 -1.18813542e+17  1.83e+12       8s
 Constructing starting basis...
   6   1.50e+04 2.40e+04   2.31488437e+17 -4.81593598e+16  6.63e+11      16s
   7   1.04e+04 9.85e+03   1.94898095e+17 -2.48575480e+16  3.79e+11      20s
   8   3.24e+03 3.00e+03   1.01731387e+17 -1.02408640e+16  1.54e+11      25s
   9   1.88e+03 1.35e+03   7.01679030e+16 -5.63640515e+15  9.53e+10      29s
  10   9.19e+02 4.76e+02   3.71449463e+16 -2.12986595e+15  4.64e+10      33s
  11   2.46e+02 1.71e+02   1.20156508e+16 -8.40924728e+14  1.50e+10      37s
  12   9.50e+01 9.35e+01   5.45843283e+15 -4.88221253e+14  6.94e+09      41s
  13   3.03e+01 4.75e+01   2.83424157e+15 -2.85409645e+14  3.66e+09      45s
  14   1.04e+01 2.89e+01   1.54266374e+15 -1.88479252e+14  2.06e+09      48s
  15   4.83e+00 2.03e+01   8.30649997e+14 -1.34104566e+14  1.17e+09      52s
  16   1.47e+00 1.22e+01   3.67812906e+14 -8.27472733e+13  5.61e+08      55s
  17   1.10e+00 1.04e+01   3.02342645e+14 -7.08153748e+13  4.67e+08      59s
  18   5.02e-01 7.50e+00   1.66399831e+14 -5.17492310e+13  2.81e+08      62s
  19   1.94e-01 2.35e+00   8.73601328e+13 -1.72484137e+13  1.29e+08      65s
  20   5.85e-02 1.12e+00   3.35890750e+13 -8.42417838e+12  5.25e+07      69s
  21   1.57e-02 3.64e-01   1.35414675e+13 -2.90620479e+12  2.02e+07      72s
  22   7.01e-03 1.69e-01   7.86443808e+12 -1.41817929e+12  1.12e+07      75s
  23   2.43e-03 5.94e-02   3.70486499e+12 -5.32965708e+11  5.00e+06      78s
  24   5.33e-04 2.04e-02   1.23520713e+12 -1.93408270e+11  1.67e+06      82s
  25   3.61e-04 9.45e-03   9.52899773e+11 -9.44073761e+10  1.20e+06      85s
  26   2.03e-04 3.19e-03   6.47545371e+11 -3.53075867e+10  7.70e+05      88s
  27   8.84e-05 1.31e-03   3.32822109e+11 -1.36032493e+10  3.89e+05      92s
  28   3.96e-05 5.92e-04   2.29495468e+11 -6.58711949e+09  2.64e+05      96s
  29   1.71e-05 3.03e-04   1.47176510e+11 -2.54825195e+09  1.67e+05      99s
  30   1.10e-06 1.38e-04   6.55508532e+10  2.95176368e+08  7.28e+04     102s
  31   2.68e-07 5.38e-05   2.66034282e+10  2.83825720e+09  2.65e+04     106s
  32   1.94e-07 1.67e-05   1.37441786e+10  4.17049243e+09  1.07e+04     109s
  33   4.47e-08 5.88e-06   8.72423803e+09  4.59504722e+09  4.60e+03     113s
  34   8.94e-08 2.25e-06   6.43481729e+09  4.74935788e+09  1.88e+03     116s
  35   7.45e-08 9.12e-07   5.53007214e+09  4.82427414e+09  7.87e+02     119s
  36   1.19e-07 4.72e-07   5.09393264e+09  4.85190264e+09  2.70e+02     122s
  37   1.34e-07 1.58e-07   4.95861238e+09  4.87261531e+09  9.58e+01     125s
  38   1.49e-07 4.28e-08   4.91307481e+09  4.88021431e+09  3.66e+01     128s
  39   1.04e-07 7.45e-09   4.88760291e+09  4.88334039e+09  4.75e+00     131s
  40   1.19e-07 3.73e-09   4.88438061e+09  4.88369541e+09  7.64e-01     134s
  41   7.45e-08 1.86e-09   4.88414753e+09  4.88375197e+09  4.41e-01     136s
  42   1.79e-07 1.86e-09   4.88404537e+09  4.88375824e+09  3.20e-01     139s
  43   1.49e-07 2.79e-09   4.88379931e+09  4.88377666e+09  2.52e-02     141s
  44   1.34e-07 1.86e-09   4.88378095e+09  4.88377945e+09  1.67e-03     144s
  45   2.38e-07 2.79e-09   4.88378054e+09  4.88377994e+09  6.70e-04     146s
  46   3.87e-07 1.86e-09   4.88378019e+09  4.88378013e+09  7.14e-05     149s
  47   5.22e-07 1.86e-09   4.88378015e+09  4.88378014e+09  1.15e-05     151s
  48*  2.68e-07 1.86e-09   4.88378015e+09  4.88378015e+09  1.41e-06     153s
Summary
    Runtime:                                            153.41s
    Status interior point solve:                        optimal
    Status crossover:                                   not run
    objective value:                                    4.88378015e+09
    interior solution primal residual (abs/rel):        1.71e-07 / 1.88e-15
    interior solution dual residual (abs/rel):          9.31e-10 / 1.01e-16
    interior solution objective gap (abs/rel):          8.26e-01 / 1.69e-10
Ipx: IPM       optimal
Model   status      : Optimal
IPM       iterations: 48
Objective value     :  4.8837801488e+09
HiGHS run time      :        160.27
Presolving model
559303 rows, 1353546 cols, 3319742 nonzeros
424011 rows, 884008 cols, 2381008 nonzeros
418686 rows, 496734 cols, 1604456 nonzeros
412519 rows, 490109 cols, 1591169 nonzeros
Presolve : Reductions: rows 412519(-6467868); columns 490109(-4116329); elements 1591169(-21984232)
Solving the presolved LP
IPX model has 412519 rows, 490109 columns and 1591169 nonzeros
Input
    Number of variables:                                490109
    Number of free variables:                           0
    Number of constraints:                              412519
    Number of equality constraints:                     37148
    Number of matrix entries:                           1591169
    Matrix range:                                       [1e-02, 1e+00]
    RHS range:                                          [2e+05, 6e+07]
    Objective range:                                    [3e-04, 9e+06]
    Bounds range:                                       [7e+05, 9e+07]
Preprocessing
    Dualized model:                                     no
    Number of dense columns:                            0
    Range of scaling factors:                           [1.00e+00, 2.00e+00]
IPX version 1.0
Interior Point Solve
 Iter     P.res    D.res            P.obj           D.obj        mu     Time
   0   1.24e+07 2.31e+06   1.27939488e+14 -2.28771605e+18  3.16e+13       0s
   1   4.63e+06 1.92e+06   3.75570639e+17 -1.96896270e+18  2.82e+13       1s
   2   2.26e+06 1.58e+06   6.32708003e+17 -1.75081407e+18  3.03e+13       2s
   3   7.91e+05 5.26e+05   6.10332856e+17 -6.24564706e+17  1.05e+13       3s
   4   2.99e+05 2.80e+05   5.61361034e+17 -3.81399449e+17  6.07e+12       4s
   5   1.15e+05 6.95e+04   4.48754393e+17 -1.18675271e+17  1.83e+12       8s
 Constructing starting basis...
   6   1.51e+04 2.40e+04   2.31642366e+17 -4.81541629e+16  6.63e+11      16s
   7   1.05e+04 9.85e+03   1.94986912e+17 -2.48441210e+16  3.79e+11      21s
   8   3.25e+03 3.00e+03   1.01783652e+17 -1.02353310e+16  1.54e+11      25s
   9   1.87e+03 1.36e+03   6.98223902e+16 -5.63937906e+15  9.49e+10      30s
  10   9.06e+02 3.75e+02   3.66770498e+16 -1.72660413e+15  4.49e+10      34s
  11   2.29e+02 1.54e+02   1.18160052e+16 -8.09320414e+14  1.47e+10      38s
  12   6.13e+01 7.68e+01   4.01830548e+15 -4.26635739e+14  5.22e+09      41s
  13   3.07e+01 4.55e+01   3.16130778e+15 -2.99033279e+14  4.05e+09      45s
  14   4.97e+00 2.87e+01   9.27045651e+14 -1.94292333e+14  1.38e+09      49s
  15   1.88e+00 1.94e+01   6.12581799e+14 -1.35991541e+14  9.33e+08      53s
  16   5.89e-01 1.28e+01   2.71501219e+14 -9.09171689e+13  4.71e+08      56s
  17   3.80e-01 9.05e+00   2.14384050e+14 -6.55159961e+13  3.61e+08      60s
  18   1.68e-01 3.98e+00   1.20639044e+14 -2.98766677e+13  1.90e+08      63s
  19   3.58e-02 1.76e+00   4.32008856e+13 -1.37119253e+13  7.32e+07      67s
  20   4.02e-03 6.36e-01   2.09432674e+13 -5.42911022e+12  3.31e+07      71s
  21   1.12e-03 2.25e-01   8.37911343e+12 -2.00818276e+12  1.29e+07      74s
  22   3.74e-04 6.03e-02   5.20488437e+12 -6.40470047e+11  6.86e+06      78s
  23   8.43e-05 9.84e-03   1.96611597e+12 -1.33910245e+11  2.39e+06      82s
  24   4.45e-05 3.07e-03   1.16407557e+12 -4.55811626e+10  1.36e+06      85s
  25   1.49e-05 1.04e-03   8.02766167e+11 -2.84627441e+10  9.30e+05      89s
  26   4.65e-06 3.81e-04   2.96511890e+11 -8.99829780e+09  3.41e+05      93s
  27   1.73e-06 1.03e-04   1.59584166e+11 -1.15073135e+09  1.79e+05      97s
  28   4.17e-07 2.72e-05   6.68287093e+10  2.27260932e+09  7.20e+04     100s
  29   1.49e-07 1.27e-05   2.87711435e+10  3.50628923e+09  2.82e+04     103s
  30   8.94e-08 4.93e-06   1.43449449e+10  4.24711373e+09  1.13e+04     107s
  31   6.71e-08 1.53e-06   8.70709486e+09  4.60980154e+09  4.57e+03     110s
  32   1.19e-07 5.66e-07   6.34099586e+09  4.72716836e+09  1.80e+03     113s
  33   1.19e-07 2.33e-07   5.46852502e+09  4.78506687e+09  7.62e+02     116s
  34   1.94e-07 1.19e-07   5.03703843e+09  4.80693227e+09  2.56e+02     119s
  35   8.94e-08 4.47e-08   4.91295729e+09  4.82224571e+09  1.01e+02     123s
  36   8.94e-08 1.49e-08   4.85681340e+09  4.82831780e+09  3.18e+01     125s
  37   1.04e-07 4.66e-09   4.83375515e+09  4.83125321e+09  2.79e+00     128s
  38   1.04e-07 3.73e-09   4.83206921e+09  4.83162545e+09  4.95e-01     131s
  39   1.19e-07 3.73e-09   4.83183146e+09  4.83169293e+09  1.54e-01     134s
  40   1.19e-07 2.79e-09   4.83172882e+09  4.83171529e+09  1.51e-02     136s
  41   1.19e-07 2.79e-09   4.83171793e+09  4.83171573e+09  2.45e-03     139s
  42   3.73e-07 1.86e-09   4.83171742e+09  4.83171730e+09  1.35e-04     142s
  43   5.81e-07 9.31e-10   4.83171738e+09  4.83171736e+09  2.65e-05     145s
  44*  5.66e-07 9.31e-10   4.83171737e+09  4.83171737e+09  2.06e-06     147s
Summary
    Runtime:                                            147.01s
    Status interior point solve:                        optimal
    Status crossover:                                   not run
    objective value:                                    4.83171737e+09
    interior solution primal residual (abs/rel):        5.51e-07 / 6.04e-15
    interior solution dual residual (abs/rel):          9.31e-10 / 1.01e-16
    interior solution objective gap (abs/rel):          1.32e+00 / 2.73e-10
Ipx: IPM       optimal
Model   status      : Optimal
IPM       iterations: 44
Objective value     :  4.8317173710e+09
HiGHS run time      :        153.78
Presolving model
559303 rows, 1353546 cols, 3319742 nonzeros
424011 rows, 884008 cols, 2381008 nonzeros
418686 rows, 496734 cols, 1604456 nonzeros
412519 rows, 490109 cols, 1591169 nonzeros
Presolve : Reductions: rows 412519(-6487908); columns 490109(-4116329); elements 1591169(-22004272)
Solving the presolved LP
IPX model has 412519 rows, 490109 columns and 1591169 nonzeros
Input
    Number of variables:                                490109
    Number of free variables:                           0
    Number of constraints:                              412519
    Number of equality constraints:                     37148
    Number of matrix entries:                           1591169
    Matrix range:                                       [1e-02, 1e+00]
    RHS range:                                          [2e+05, 6e+07]
    Objective range:                                    [3e-04, 9e+06]
    Bounds range:                                       [7e+05, 9e+07]
Preprocessing
    Dualized model:                                     no
    Number of dense columns:                            0
    Range of scaling factors:                           [1.00e+00, 2.00e+00]
IPX version 1.0
Interior Point Solve
 Iter     P.res    D.res            P.obj           D.obj        mu     Time
   0   1.24e+07 2.31e+06   1.27972696e+14 -2.28771601e+18  3.16e+13       0s
   1   4.63e+06 1.92e+06   3.75579277e+17 -1.96896259e+18  2.82e+13       1s
   2   2.26e+06 1.58e+06   6.32723049e+17 -1.75081337e+18  3.03e+13       2s
   3   7.91e+05 5.26e+05   6.10348842e+17 -6.24563808e+17  1.05e+13       2s
   4   2.99e+05 2.80e+05   5.61375809e+17 -3.81398353e+17  6.07e+12       4s
   5   1.15e+05 6.96e+04   4.48910821e+17 -1.18811888e+17  1.83e+12       8s
 Constructing starting basis...
   6   1.50e+04 2.40e+04   2.31547690e+17 -4.81775971e+16  6.63e+11      16s
   7   1.04e+04 9.86e+03   1.94907154e+17 -2.48647020e+16  3.79e+11      21s
   8   3.23e+03 3.00e+03   1.01744502e+17 -1.02425617e+16  1.54e+11      24s
   9   1.86e+03 1.36e+03   6.98898379e+16 -5.64676182e+15  9.50e+10      29s
  10   8.92e+02 4.79e+02   3.63550065e+16 -2.13934966e+15  4.55e+10      33s
  11   2.38e+02 1.86e+02   1.18058662e+16 -9.09035364e+14  1.49e+10      37s
  12   7.09e+01 9.90e+01   4.51158797e+15 -5.11105927e+14  5.93e+09      41s
  13   2.07e+01 5.26e+01   2.56250445e+15 -3.10123030e+14  3.41e+09      44s
  14   5.29e+00 3.24e+01   1.21995999e+15 -2.02308969e+14  1.73e+09      48s
  15   2.44e+00 2.31e+01   6.81109372e+14 -1.45457004e+14  1.03e+09      51s
  16   1.09e+00 1.47e+01   3.74769661e+14 -9.39360947e+13  5.91e+08      55s
  17   9.13e-01 1.09e+01   3.32519522e+14 -7.04917568e+13  5.01e+08      58s
  18   4.70e-01 8.81e+00   1.91211891e+14 -5.74764133e+13  3.19e+08      62s
  19   1.55e-01 3.48e+00   7.51751229e+13 -2.30947561e+13  1.26e+08      65s
  20   4.20e-02 1.23e+00   3.58390951e+13 -8.69689207e+12  5.56e+07      69s
  21   2.94e-02 3.52e-01   2.68923758e+13 -2.66672693e+12  3.46e+07      72s
  22   1.02e-02 1.76e-01   1.06507835e+13 -1.36896774e+12  1.42e+07      75s
  23   3.65e-03 2.69e-02   5.10911764e+12 -2.73131831e+11  6.12e+06      79s
  24   1.75e-03 7.96e-03   2.67450996e+12 -8.89890942e+10  3.11e+06      82s
  25   9.60e-04 2.86e-03   1.56694258e+12 -3.45973280e+10  1.79e+06      85s
  26   2.25e-04 7.28e-04   7.07894267e+11 -1.83186291e+10  8.11e+05      88s
  27   6.78e-05 2.05e-04   2.79786638e+11 -4.33332633e+09  3.17e+05      91s
  28   2.00e-05 5.45e-05   1.24685091e+11  7.67311848e+08  1.38e+05      94s
  29   8.58e-06 1.75e-05   6.77867389e+10  2.95631322e+09  7.23e+04      98s
  30   2.86e-06 5.66e-06   2.81151716e+10  4.11345256e+09  2.68e+04     101s
  31   7.75e-07 1.92e-06   1.30436004e+10  4.50715588e+09  9.51e+03     104s
  32   1.94e-07 5.73e-07   7.94559575e+09  4.68524902e+09  3.63e+03     107s
  33   7.45e-08 2.02e-07   6.08511123e+09  4.76485550e+09  1.47e+03     110s
  34   1.34e-07 8.01e-08   5.33272029e+09  4.79948466e+09  5.94e+02     113s
  35   1.49e-07 2.79e-08   5.00817180e+09  4.81607211e+09  2.14e+02     116s
  36   1.19e-07 1.12e-08   4.90613052e+09  4.82226786e+09  9.35e+01     119s
  37   1.04e-07 5.59e-09   4.84642956e+09  4.82515366e+09  2.37e+01     122s
  38   8.94e-08 2.79e-09   4.82837937e+09  4.82631630e+09  2.30e+00     124s
  39   7.45e-08 3.73e-09   4.82661472e+09  4.82645458e+09  1.78e-01     127s
  40   7.45e-08 1.86e-09   4.82650435e+09  4.82646421e+09  4.47e-02     129s
  41   1.94e-07 3.73e-09   4.82647082e+09  4.82646707e+09  4.18e-03     132s
  42   3.87e-07 2.79e-09   4.82646759e+09  4.82646723e+09  4.02e-04     134s
  43   2.68e-07 1.86e-09   4.82646728e+09  4.82646725e+09  2.86e-05     136s
  44*  5.81e-07 9.31e-10   4.82646727e+09  4.82646726e+09  6.44e-06     138s
Summary
    Runtime:                                            138.32s
    Status interior point solve:                        imprecise
    Status crossover:                                   not run
    objective value:                                    4.82646726e+09
    interior solution primal residual (abs/rel):        2.98e-07 / 3.27e-15
    interior solution dual residual (abs/rel):          9.31e-10 / 1.01e-16
    interior solution objective gap (abs/rel):          5.04e+00 / 1.04e-09
WARNING: Ipx: IPM       imprecise
WARNING: Unwelcome IPX status of Unknown: basis is not valid; solution is valid; run_crossover is "off"
Model   status      : Unknown
IPM       iterations: 44
Objective value     :  4.8264672647e+09
HiGHS run time      :        144.81
Presolving model
559303 rows, 1353546 cols, 3319742 nonzeros
424011 rows, 884008 cols, 2381008 nonzeros
418686 rows, 496734 cols, 1604456 nonzeros
412519 rows, 490109 cols, 1591169 nonzeros
Presolve : Reductions: rows 412519(-6507948); columns 490109(-4116329); elements 1591169(-22024312)
Solving the presolved LP
IPX model has 412519 rows, 490109 columns and 1591169 nonzeros
Input
    Number of variables:                                490109
    Number of free variables:                           0
    Number of constraints:                              412519
    Number of equality constraints:                     37148
    Number of matrix entries:                           1591169
    Matrix range:                                       [1e-02, 1e+00]
    RHS range:                                          [2e+05, 6e+07]
    Objective range:                                    [3e-04, 9e+06]
    Bounds range:                                       [7e+05, 9e+07]
Preprocessing
    Dualized model:                                     no
    Number of dense columns:                            0
    Range of scaling factors:                           [1.00e+00, 2.00e+00]
IPX version 1.0
Interior Point Solve
 Iter     P.res    D.res            P.obj           D.obj        mu     Time
   0   1.24e+07 2.29e+06   1.29918308e+14 -2.26402760e+18  3.13e+13       0s
   1   4.63e+06 1.90e+06   3.75433636e+17 -1.94847270e+18  2.80e+13       1s
   2   2.26e+06 1.56e+06   6.32491093e+17 -1.73217264e+18  3.00e+13       2s
   3   7.90e+05 5.20e+05   6.09678068e+17 -6.17926454e+17  1.03e+13       3s
   4   3.00e+05 2.77e+05   5.60485986e+17 -3.77446102e+17  6.01e+12       4s
   5   1.17e+05 6.90e+04   4.48908590e+17 -1.17797996e+17  1.82e+12       8s
 Constructing starting basis...
   6   1.58e+04 2.38e+04   2.32288242e+17 -4.78468702e+16  6.61e+11      16s
   7   1.10e+04 9.79e+03   1.95724085e+17 -2.47191931e+16  3.79e+11      20s
   8   3.44e+03 3.00e+03   1.01917276e+17 -1.01573686e+16  1.54e+11      24s
   9   1.99e+03 1.36e+03   7.02011212e+16 -5.60928898e+15  9.52e+10      29s
  10   9.71e+02 4.62e+02   3.71137088e+16 -2.06100375e+15  4.62e+10      34s
  11   3.15e+02 1.14e+02   1.39425209e+16 -5.95475194e+14  1.66e+10      38s
  12   1.73e+02 5.87e+01   8.45722174e+15 -3.42527514e+14  1.00e+10      41s
  13   5.06e+01 2.70e+01   3.07358028e+15 -1.65710298e+14  3.71e+09      44s
  14   1.75e+01 1.04e+01   2.00835409e+15 -8.39273143e+13  2.39e+09      49s
  15   7.02e+00 6.21e+00   1.06840804e+15 -3.05203233e+13  1.27e+09      53s
  16   3.47e+00 3.28e+00   6.97448051e+14  1.21572089e+13  7.90e+08      58s
  17   1.53e+00 1.78e+00   3.96934857e+14  3.71497593e+13  4.16e+08      63s
  18   9.33e-01 8.80e-01   2.85793189e+14  5.23400348e+13  2.68e+08      68s
  19   5.42e-01 4.16e-01   2.03184565e+14  6.09239648e+13  1.62e+08      73s
  20   3.39e-01 2.26e-01   1.55068801e+14  6.48291514e+13  1.03e+08      77s
  21   1.35e-01 7.70e-02   1.05607384e+14  6.79686555e+13  4.26e+07      81s
  22   3.01e-02 3.83e-02   8.02937891e+13  6.87644436e+13  1.32e+07      85s
  23   1.46e-02 1.39e-02   7.53275537e+13  6.93404526e+13  6.78e+06      89s
  24   5.73e-03 2.41e-03   7.25827285e+13  6.96017967e+13  3.34e+06      92s
  25   1.72e-03 3.02e-04   7.06998637e+13  6.96915027e+13  1.12e+06      96s
  26   4.34e-04 9.34e-05   6.99841797e+13  6.97053082e+13  3.11e+05     100s
  27   7.41e-05 4.56e-05   6.97933528e+13  6.97079617e+13  9.52e+04     103s
  28   4.42e-05 2.23e-05   6.97656482e+13  6.97099510e+13  6.21e+04     107s
  29   3.20e-05 1.17e-05   6.97516037e+13  6.97110522e+13  4.52e+04     110s
  30   1.95e-05 6.34e-06   6.97375150e+13  6.97115827e+13  2.89e+04     113s
  31   9.28e-06 3.95e-06   6.97278576e+13  6.97117617e+13  1.79e+04     116s
  32   3.71e-06 2.42e-06   6.97201866e+13  6.97119466e+13  9.18e+03     120s
  33   1.59e-06 1.22e-06   6.97165912e+13  6.97121190e+13  4.98e+03     123s
  34   9.69e-07 5.95e-07   6.97151524e+13  6.97122288e+13  3.26e+03     126s
  35   1.19e-07 2.48e-07   6.97131874e+13  6.97122893e+13  1.00e+03     130s
  36   4.59e-08 1.10e-07   6.97128190e+13  6.97123253e+13  5.50e+02     133s
  37   1.49e-07 4.94e-08   6.97125791e+13  6.97123421e+13  2.64e+02     136s
  38   1.79e-07 2.79e-08   6.97124610e+13  6.97123512e+13  1.22e+02     140s
  39   7.45e-08 1.30e-08   6.97124001e+13  6.97123567e+13  4.84e+01     143s
  40   7.45e-08 5.59e-09   6.97123763e+13  6.97123597e+13  1.85e+01     146s
  41   1.04e-07 2.79e-09   6.97123634e+13  6.97123616e+13  1.96e+00     149s
  42   8.94e-08 2.79e-09   6.97123623e+13  6.97123618e+13  5.20e-01     151s
  43*  1.49e-07 2.79e-09   6.97123619e+13  6.97123619e+13  3.13e-02     154s
Summary
    Runtime:                                            154.01s
    Status interior point solve:                        optimal
    Status crossover:                                   not run
    objective value:                                    6.97123619e+13
    interior solution primal residual (abs/rel):        7.45e-08 / 8.17e-16
    interior solution dual residual (abs/rel):          3.73e-09 / 4.05e-16
    interior solution objective gap (abs/rel):          2.82e+04 / 4.04e-10
Ipx: IPM       optimal
Model   status      : Optimal
IPM       iterations: 43
Objective value     :  6.9712356515e+13
HiGHS run time      :        160.76
Presolving model
559303 rows, 1353546 cols, 3319742 nonzeros
424011 rows, 884008 cols, 2381008 nonzeros
418686 rows, 496734 cols, 1604456 nonzeros
412519 rows, 490109 cols, 1591169 nonzeros
Presolve : Reductions: rows 412519(-6527988); columns 490109(-4116329); elements 1591169(-22044352)
Solving the presolved LP
IPX model has 412519 rows, 490109 columns and 1591169 nonzeros
Input
    Number of variables:                                490109
    Number of free variables:                           0
    Number of constraints:                              412519
    Number of equality constraints:                     37148
    Number of matrix entries:                           1591169
    Matrix range:                                       [1e-02, 1e+00]
    RHS range:                                          [2e+05, 6e+07]
    Objective range:                                    [3e-04, 9e+06]
    Bounds range:                                       [7e+05, 9e+07]
Preprocessing
    Dualized model:                                     no
    Number of dense columns:                            0
    Range of scaling factors:                           [1.00e+00, 2.00e+00]
IPX version 1.0
Interior Point Solve
 Iter     P.res    D.res            P.obj           D.obj        mu     Time
   0   1.24e+07 2.30e+06   1.25452508e+14 -2.27335640e+18  3.14e+13       0s
   1   4.63e+06 1.90e+06   3.74385712e+17 -1.95664851e+18  2.81e+13       1s
   2   2.26e+06 1.57e+06   6.30676391e+17 -1.73942006e+18  3.01e+13       2s
   3   7.81e+05 5.24e+05   6.07622754e+17 -6.21574373e+17  1.04e+13       3s
   4   2.97e+05 2.79e+05   5.58383972e+17 -3.79258015e+17  6.04e+12       4s
   5   1.16e+05 6.88e+04   4.46833944e+17 -1.17311474e+17  1.81e+12       8s
 Constructing starting basis...
   6   1.59e+04 2.38e+04   2.31827875e+17 -4.78676595e+16  6.62e+11      16s
   7   1.10e+04 9.70e+03   1.95022438e+17 -2.45152318e+16  3.77e+11      21s
   8   3.50e+03 2.98e+03   1.01828311e+17 -1.00906775e+16  1.54e+11      25s
   9   2.04e+03 1.35e+03   7.02356263e+16 -5.57773132e+15  9.53e+10      30s
  10   9.51e+02 4.83e+02   3.55954539e+16 -2.14091214e+15  4.47e+10      34s
  11   2.42e+02 1.45e+02   1.12781445e+16 -7.37103010e+14  1.39e+10      38s
  12   8.98e+01 4.39e+01   4.77634687e+15 -2.52618146e+14  5.75e+09      41s
  13   4.41e+01 2.07e+01   2.65132588e+15 -1.34984797e+14  3.18e+09      45s
  14   2.01e+01 8.31e+00   1.29753422e+15 -5.92547872e+13  1.54e+09      48s
  15   6.78e+00 3.58e+00   4.57564946e+14 -2.62181225e+13  5.52e+08      51s
  16   1.57e+00 1.49e+00   1.23240496e+14 -1.14008773e+13  1.56e+08      54s
  17   6.01e-01 1.04e+00   5.38888328e+13 -8.05275550e+12  7.30e+07      58s
  18   2.54e-01 3.80e-01   2.88788175e+13 -3.23067983e+12  3.73e+07      61s
  19   4.32e-02 1.44e-01   6.77291828e+12 -1.27975152e+12  9.53e+06      64s
  20   1.77e-02 2.62e-02   3.59693508e+12 -2.73295429e+11  4.41e+06      68s
  21   8.57e-03 7.46e-03   2.04184292e+12 -9.09663580e+10  2.40e+06      71s
  22   3.31e-03 2.37e-03   1.08334943e+12 -3.86300207e+10  1.26e+06      75s
  23   1.25e-03 7.76e-04   7.31868937e+11 -2.34010153e+10  8.44e+05      78s
  24   2.59e-04 2.61e-04   4.42992102e+11 -1.44449663e+10  5.11e+05      82s
  25   1.31e-04 1.54e-04   2.59121553e+11 -7.76873809e+09  2.98e+05      85s
  26   8.13e-05 4.97e-05   1.84346705e+11 -1.05593750e+09  2.07e+05      88s
  27   1.26e-05 2.55e-05   1.05350591e+11 -3.44162830e+07  1.17e+05      92s
  28   3.04e-06 1.11e-05   3.49352754e+10  2.30961649e+09  3.64e+04      95s
  29   9.39e-07 4.52e-06   1.50256208e+10  3.53866046e+09  1.28e+04      98s
  30   3.28e-07 1.77e-06   9.53797133e+09  4.04375375e+09  6.12e+03     102s
  31   1.79e-07 7.37e-07   7.76404503e+09  4.25928818e+09  3.91e+03     105s
  32   8.94e-08 3.46e-07   6.08781293e+09  4.36345191e+09  1.92e+03     109s
  33   1.49e-07 1.34e-07   5.02313780e+09  4.42187210e+09  6.70e+02     112s
  34   1.49e-07 5.77e-08   4.68123970e+09  4.44484626e+09  2.63e+02     115s
  35   5.96e-08 2.42e-08   4.55532232e+09  4.45616583e+09  1.11e+02     118s
  36   7.45e-08 1.02e-08   4.50020870e+09  4.46109455e+09  4.36e+01     121s
  37   7.45e-08 5.59e-09   4.47215097e+09  4.46310431e+09  1.01e+01     124s
  38   1.49e-07 3.73e-09   4.46594089e+09  4.46411666e+09  2.03e+00     126s
  39   1.19e-07 2.79e-09   4.46458847e+09  4.46421353e+09  4.18e-01     129s
  40   8.41e-08 2.79e-09   4.46428390e+09  4.46424007e+09  4.89e-02     131s
  41   1.34e-07 1.86e-09   4.46424694e+09  4.46424346e+09  3.88e-03     133s
  42   2.83e-07 2.79e-09   4.46424453e+09  4.46424439e+09  1.58e-04     136s
  43   9.54e-07 1.86e-09   4.46424447e+09  4.46424447e+09  9.03e-06     139s
  44*  3.43e-07 9.31e-10   4.46424447e+09  4.46424447e+09  3.77e-06     141s
Summary
    Runtime:                                            141.43s
    Status interior point solve:                        optimal
    Status crossover:                                   not run
    objective value:                                    4.46424447e+09
    interior solution primal residual (abs/rel):        3.65e-07 / 4.00e-15
    interior solution dual residual (abs/rel):          9.31e-10 / 1.01e-16
    interior solution objective gap (abs/rel):          2.14e+00 / 4.80e-10
Ipx: IPM       optimal
Model   status      : Optimal
IPM       iterations: 44
Objective value     :  4.4642444713e+09
HiGHS run time      :        148.16
Presolving model
559303 rows, 1353546 cols, 3319742 nonzeros
424011 rows, 884008 cols, 2381008 nonzeros
418686 rows, 496734 cols, 1604456 nonzeros
412519 rows, 490109 cols, 1591169 nonzeros
Presolve : Reductions: rows 412519(-6548028); columns 490109(-4116329); elements 1591169(-22064392)
Solving the presolved LP
IPX model has 412519 rows, 490109 columns and 1591169 nonzeros
Input
    Number of variables:                                490109
    Number of free variables:                           0
    Number of constraints:                              412519
    Number of equality constraints:                     37148
    Number of matrix entries:                           1591169
    Matrix range:                                       [1e-02, 1e+00]
    RHS range:                                          [2e+05, 6e+07]
    Objective range:                                    [3e-04, 9e+06]
    Bounds range:                                       [7e+05, 9e+07]
Preprocessing
    Dualized model:                                     no
    Number of dense columns:                            0
    Range of scaling factors:                           [1.00e+00, 2.00e+00]
IPX version 1.0
Interior Point Solve
 Iter     P.res    D.res            P.obj           D.obj        mu     Time
   0   1.24e+07 2.30e+06   1.27673844e+14 -2.27334561e+18  3.14e+13       0s
   1   4.63e+06 1.90e+06   3.75138681e+17 -1.95657521e+18  2.81e+13       1s
   2   2.27e+06 1.57e+06   6.31851145e+17 -1.73977621e+18  3.01e+13       2s
   3   7.89e+05 5.23e+05   6.09179631e+17 -6.20612894e+17  1.04e+13       2s
   4   2.99e+05 2.79e+05   5.60066212e+17 -3.78991946e+17  6.03e+12       4s
   5   1.17e+05 6.92e+04   4.48807542e+17 -1.18075719e+17  1.82e+12       8s
 Constructing starting basis...
   6   1.56e+04 2.39e+04   2.31888725e+17 -4.79797433e+16  6.62e+11      16s
   7   1.08e+04 9.80e+03   1.95262895e+17 -2.47370091e+16  3.78e+11      21s
   8   3.41e+03 2.99e+03   1.02058569e+17 -1.01701736e+16  1.54e+11      25s
   9   1.98e+03 1.36e+03   7.06130176e+16 -5.64251214e+15  9.58e+10      30s
  10   9.62e+02 4.71e+02   3.70731894e+16 -2.10433673e+15  4.63e+10      34s
  11   2.57e+02 1.47e+02   1.19785916e+16 -7.40266805e+14  1.47e+10      38s
  12   1.02e+02 6.89e+01   5.38948722e+15 -3.69980929e+14  6.65e+09      42s
  13   3.28e+01 2.82e+01   2.43334004e+15 -1.77850978e+14  3.01e+09      45s
  14   1.72e+01 1.75e+01   1.42520110e+15 -1.15099769e+14  1.78e+09      48s
  15   7.32e+00 1.10e+01   7.05133538e+14 -7.45762634e+13  9.14e+08      52s
  16   2.50e+00 7.06e+00   2.70034383e+14 -4.85649273e+13  3.84e+08      55s
  17   6.59e-01 2.61e+00   1.00936777e+14 -1.89568379e+13  1.45e+08      59s
  18   1.98e-01 1.12e+00   4.98407209e+13 -8.72970754e+12  7.03e+07      62s
  19   6.25e-02 1.68e-01   3.09799921e+13 -2.11636181e+12  3.77e+07      66s
  20   3.82e-02 7.05e-02   2.04577485e+13 -9.72268730e+11  2.42e+07      70s
  21   2.45e-02 1.53e-02   1.32900966e+13 -2.19273007e+11  1.51e+07      73s
  22   5.77e-03 4.16e-03   3.21544583e+12 -6.01939707e+10  3.66e+06      77s
  23   8.84e-04 1.26e-03   1.20668314e+12 -3.79415009e+10  1.39e+06      80s
  24   3.28e-04 4.18e-04   5.18372748e+11 -1.26883913e+10  5.93e+05      84s
  25   2.09e-04 1.05e-04   3.69087876e+11 -3.10646591e+09  4.15e+05      88s
  26   5.23e-05 1.24e-05   1.54590162e+11  5.10679065e+08  1.72e+05      91s
  27   8.94e-08 4.51e-06   5.52428905e+10  1.52178358e+09  5.99e+04      94s
  28   1.04e-07 1.53e-06   2.05676238e+10  3.04434872e+09  1.95e+04      97s
  29   1.49e-07 5.91e-07   1.28370846e+10  3.61406029e+09  1.03e+04     100s
  30   1.18e-07 3.32e-07   8.30595254e+09  3.78029294e+09  5.04e+03     104s
  31   7.45e-08 1.21e-07   5.52222981e+09  3.96641443e+09  1.73e+03     107s
  32   1.49e-07 4.94e-08   4.64334974e+09  4.04559735e+09  6.66e+02     111s
  33   9.02e-08 2.61e-08   4.29687144e+09  4.07573959e+09  2.46e+02     114s
  34   1.64e-07 1.12e-08   4.18050770e+09  4.09557566e+09  9.47e+01     117s
  35   1.49e-07 4.66e-09   4.13981245e+09  4.10403681e+09  3.99e+01     120s
  36   1.34e-07 3.73e-09   4.11310320e+09  4.10675034e+09  7.08e+00     123s
  37   3.79e-08 2.79e-09   4.10873099e+09  4.10804779e+09  7.61e-01     126s
  38   1.04e-07 3.73e-09   4.10827971e+09  4.10815809e+09  1.36e-01     129s
  39   1.34e-07 3.73e-09   4.10818091e+09  4.10816834e+09  1.40e-02     131s
  40   1.05e-07 1.86e-09   4.10817298e+09  4.10817011e+09  3.19e-03     133s
  41   2.68e-07 2.79e-09   4.10817175e+09  4.10817085e+09  1.01e-03     136s
  42   8.94e-08 1.86e-09   4.10817136e+09  4.10817090e+09  5.20e-04     138s
  43   1.49e-07 3.73e-09   4.10817099e+09  4.10817091e+09  9.56e-05     139s
  44   9.09e-07 1.40e-09   4.10817092e+09  4.10817091e+09  1.37e-05     141s
  45*  1.33e-06 1.40e-09   4.10817091e+09  4.10817091e+09  8.30e-07     143s
Summary
    Runtime:                                            142.60s
    Status interior point solve:                        optimal
    Status crossover:                                   not run
    objective value:                                    4.10817091e+09
    interior solution primal residual (abs/rel):        1.27e-06 / 1.39e-14
    interior solution dual residual (abs/rel):          1.86e-09 / 2.03e-16
    interior solution objective gap (abs/rel):          6.08e-01 / 1.48e-10
Ipx: IPM       optimal
Model   status      : Optimal
IPM       iterations: 45
Objective value     :  4.1081709120e+09
HiGHS run time      :        149.40
Presolving model
559303 rows, 1353546 cols, 3319742 nonzeros
424011 rows, 884008 cols, 2381008 nonzeros
418686 rows, 496734 cols, 1604456 nonzeros
412519 rows, 490109 cols, 1591169 nonzeros
Presolve : Reductions: rows 412519(-6568068); columns 490109(-4116329); elements 1591169(-22084432)
Solving the presolved LP
IPX model has 412519 rows, 490109 columns and 1591169 nonzeros
Input
    Number of variables:                                490109
    Number of free variables:                           0
    Number of constraints:                              412519
    Number of equality constraints:                     37148
    Number of matrix entries:                           1591169
    Matrix range:                                       [1e-02, 1e+00]
    RHS range:                                          [2e+05, 6e+07]
    Objective range:                                    [3e-04, 9e+06]
    Bounds range:                                       [7e+05, 9e+07]
Preprocessing
    Dualized model:                                     no
    Number of dense columns:                            0
    Range of scaling factors:                           [1.00e+00, 2.00e+00]
IPX version 1.0
Interior Point Solve
 Iter     P.res    D.res            P.obj           D.obj        mu     Time
   0   1.24e+07 2.30e+06   1.27954404e+14 -2.27334961e+18  3.14e+13       0s
   1   4.63e+06 1.90e+06   3.75236132e+17 -1.95657543e+18  2.81e+13       1s
   2   2.27e+06 1.57e+06   6.32020315e+17 -1.73980100e+18  3.01e+13       2s
   3   7.89e+05 5.23e+05   6.09361266e+17 -6.20612459e+17  1.04e+13       2s
   4   2.99e+05 2.79e+05   5.60251312e+17 -3.78998651e+17  6.03e+12       4s
   5   1.18e+05 6.92e+04   4.48967845e+17 -1.18072254e+17  1.82e+12       8s
 Constructing starting basis...
   6   1.56e+04 2.39e+04   2.31964760e+17 -4.79757939e+16  6.62e+11      16s
   7   1.09e+04 9.80e+03   1.95333863e+17 -2.47400753e+16  3.79e+11      21s
   8   3.39e+03 2.99e+03   1.01792965e+17 -1.01689860e+16  1.54e+11      25s
   9   1.97e+03 1.35e+03   7.03210749e+16 -5.60896719e+15  9.54e+10      30s
  10   9.63e+02 4.90e+02   3.71498138e+16 -2.17696849e+15  4.66e+10      34s
  11   2.62e+02 1.49e+02   1.21767838e+16 -7.48134724e+14  1.50e+10      38s
  12   1.10e+02 7.07e+01   5.76058482e+15 -3.77235789e+14  7.08e+09      41s
  13   3.92e+01 2.91e+01   2.72006170e+15 -1.81811345e+14  3.34e+09      44s
  14   2.19e+01 1.81e+01   1.67495596e+15 -1.18515615e+14  2.07e+09      48s
  15   8.66e+00 1.08e+01   8.90980764e+14 -7.71594730e+13  1.13e+09      51s
  16   2.18e+00 5.97e+00   3.61766375e+14 -4.63562448e+13  4.85e+08      55s
  17   7.53e-01 2.97e+00   1.42552832e+14 -2.35813710e+13  2.00e+08      58s
  18   3.33e-01 1.20e+00   7.80942336e+13 -1.01044979e+13  1.05e+08      62s
  19   1.62e-01 5.54e-01   5.03742889e+13 -5.18362699e+12  6.51e+07      66s
  20   6.89e-02 2.11e-01   3.07157345e+13 -2.38750448e+12  3.82e+07      69s
  21   7.00e-03 3.21e-02   7.73330239e+12 -5.34023308e+11  9.42e+06      73s
  22   1.30e-03 1.08e-02   2.16964197e+12 -1.99442247e+11  2.70e+06      77s
  23   6.38e-04 1.66e-03   1.27393703e+12 -4.03997341e+10  1.47e+06      81s
  24   3.76e-04 3.42e-04   8.29968816e+11 -1.09200319e+10  9.38e+05      84s
  25   2.45e-04 6.17e-05   6.33523561e+11 -6.92685943e+09  7.14e+05      87s
  26   4.83e-05 6.50e-06   2.00941615e+11 -2.91129475e+08  2.24e+05      90s
  27   6.85e-06 4.07e-06   5.99147977e+10  8.60575022e+08  6.58e+04      94s
  28   1.49e-06 1.46e-06   1.97241306e+10  2.79625999e+09  1.89e+04      97s
  29   7.45e-07 5.81e-07   1.33648984e+10  3.49280538e+09  1.10e+04     100s
  30   1.64e-07 3.63e-07   8.30818361e+09  3.66775126e+09  5.17e+03     104s
  31   1.04e-07 1.55e-07   5.45353949e+09  3.88490441e+09  1.75e+03     107s
  32   1.04e-07 6.61e-08   4.58794678e+09  3.99294107e+09  6.63e+02     110s
  33   8.94e-08 3.45e-08   4.26901328e+09  4.03538745e+09  2.60e+02     113s
  34   8.94e-08 1.30e-08   4.15734252e+09  4.06492349e+09  1.03e+02     117s
  35   6.71e-08 5.59e-09   4.11738836e+09  4.07529681e+09  4.69e+01     119s
  36   7.45e-08 3.73e-09   4.08585968e+09  4.07833569e+09  8.39e+00     122s
  37   8.95e-08 2.79e-09   4.08110068e+09  4.08022072e+09  9.81e-01     125s
  38   1.04e-07 3.73e-09   4.08044036e+09  4.08033554e+09  1.17e-01     127s
  39   1.04e-07 2.79e-09   4.08036104e+09  4.08035158e+09  1.05e-02     130s
  40   1.04e-07 1.86e-09   4.08035521e+09  4.08035353e+09  1.87e-03     133s
  41   8.42e-08 2.79e-09   4.08035428e+09  4.08035405e+09  2.59e-04     135s
  42   7.15e-07 1.86e-09   4.08035412e+09  4.08035410e+09  3.14e-05     137s
  43*  4.32e-07 9.31e-10   4.08035411e+09  4.08035410e+09  5.43e-06     140s
Summary
    Runtime:                                            139.79s
    Status interior point solve:                        imprecise
    Status crossover:                                   not run
    objective value:                                    4.08035411e+09
    interior solution primal residual (abs/rel):        3.58e-07 / 3.92e-15
    interior solution dual residual (abs/rel):          9.31e-10 / 1.01e-16
    interior solution objective gap (abs/rel):          4.12e+00 / 1.01e-09
WARNING: Ipx: IPM       imprecise
WARNING: Unwelcome IPX status of Unknown: basis is not valid; solution is valid; run_crossover is "off"
Model   status      : Unknown
IPM       iterations: 43
Objective value     :  4.0803541057e+09
HiGHS run time      :        146.33
Presolving model
559303 rows, 1353546 cols, 3319742 nonzeros
424011 rows, 884008 cols, 2381008 nonzeros
418686 rows, 496734 cols, 1604456 nonzeros
412519 rows, 490109 cols, 1591169 nonzeros
Presolve : Reductions: rows 412519(-6588108); columns 490109(-4116329); elements 1591169(-22104472)
Solving the presolved LP
IPX model has 412519 rows, 490109 columns and 1591169 nonzeros
Input
    Number of variables:                                490109
    Number of free variables:                           0
    Number of constraints:                              412519
    Number of equality constraints:                     37148
    Number of matrix entries:                           1591169
    Matrix range:                                       [1e-02, 1e+00]
    RHS range:                                          [2e+05, 6e+07]
    Objective range:                                    [3e-04, 9e+06]
    Bounds range:                                       [7e+05, 9e+07]
Preprocessing
    Dualized model:                                     no
    Number of dense columns:                            0
    Range of scaling factors:                           [1.00e+00, 2.00e+00]
IPX version 1.0
Interior Point Solve
 Iter     P.res    D.res            P.obj           D.obj        mu     Time
   0   1.24e+07 2.29e+06   1.29918308e+14 -2.26402760e+18  3.13e+13       0s
   1   4.63e+06 1.90e+06   3.75433636e+17 -1.94847270e+18  2.80e+13       1s
   2   2.26e+06 1.56e+06   6.32491093e+17 -1.73217264e+18  3.00e+13       2s
   3   7.90e+05 5.20e+05   6.09678068e+17 -6.17926454e+17  1.03e+13       3s
   4   3.00e+05 2.77e+05   5.60485986e+17 -3.77446102e+17  6.01e+12       4s
   5   1.17e+05 6.90e+04   4.48908590e+17 -1.17797996e+17  1.82e+12       8s
 Constructing starting basis...
   6   1.58e+04 2.38e+04   2.32288242e+17 -4.78468702e+16  6.61e+11      16s
   7   1.10e+04 9.79e+03   1.95724085e+17 -2.47191931e+16  3.79e+11      21s
   8   3.44e+03 3.00e+03   1.01917276e+17 -1.01573686e+16  1.54e+11      25s
   9   1.99e+03 1.36e+03   7.02011212e+16 -5.60928898e+15  9.52e+10      29s
  10   9.71e+02 4.62e+02   3.71137088e+16 -2.06100375e+15  4.62e+10      34s
  11   3.15e+02 1.14e+02   1.39425209e+16 -5.95475194e+14  1.66e+10      38s
  12   1.73e+02 5.87e+01   8.45722174e+15 -3.42527514e+14  1.00e+10      41s
  13   5.06e+01 2.70e+01   3.07358028e+15 -1.65710298e+14  3.71e+09      44s
  14   1.75e+01 1.04e+01   2.00835409e+15 -8.39273143e+13  2.39e+09      49s
  15   7.02e+00 6.21e+00   1.06840804e+15 -3.05203233e+13  1.27e+09      53s
  16   3.47e+00 3.28e+00   6.97448051e+14  1.21572089e+13  7.90e+08      58s
  17   1.53e+00 1.78e+00   3.96934857e+14  3.71497593e+13  4.16e+08      63s
  18   9.33e-01 8.80e-01   2.85793189e+14  5.23400348e+13  2.68e+08      68s
  19   5.42e-01 4.16e-01   2.03184565e+14  6.09239648e+13  1.62e+08      73s
  20   3.39e-01 2.26e-01   1.55068801e+14  6.48291514e+13  1.03e+08      77s
  21   1.35e-01 7.70e-02   1.05607384e+14  6.79686555e+13  4.26e+07      81s
  22   3.01e-02 3.83e-02   8.02937891e+13  6.87644436e+13  1.32e+07      85s
  23   1.46e-02 1.39e-02   7.53275537e+13  6.93404526e+13  6.78e+06      89s
  24   5.73e-03 2.41e-03   7.25827285e+13  6.96017967e+13  3.34e+06      93s
  25   1.72e-03 3.02e-04   7.06998637e+13  6.96915027e+13  1.12e+06      96s
  26   4.34e-04 9.34e-05   6.99841797e+13  6.97053082e+13  3.11e+05     100s
  27   7.41e-05 4.56e-05   6.97933528e+13  6.97079617e+13  9.52e+04     103s
  28   4.42e-05 2.23e-05   6.97656482e+13  6.97099510e+13  6.21e+04     107s
  29   3.20e-05 1.17e-05   6.97516037e+13  6.97110522e+13  4.52e+04     110s
  30   1.95e-05 6.34e-06   6.97375150e+13  6.97115827e+13  2.89e+04     114s
  31   9.28e-06 3.95e-06   6.97278576e+13  6.97117617e+13  1.79e+04     117s
  32   3.71e-06 2.42e-06   6.97201866e+13  6.97119466e+13  9.18e+03     120s
  33   1.59e-06 1.22e-06   6.97165912e+13  6.97121190e+13  4.98e+03     123s
  34   9.69e-07 5.95e-07   6.97151524e+13  6.97122288e+13  3.26e+03     126s
  35   1.19e-07 2.48e-07   6.97131874e+13  6.97122893e+13  1.00e+03     130s
  36   4.59e-08 1.10e-07   6.97128190e+13  6.97123253e+13  5.50e+02     133s
  37   1.49e-07 4.94e-08   6.97125791e+13  6.97123421e+13  2.64e+02     137s
  38   1.79e-07 2.79e-08   6.97124610e+13  6.97123512e+13  1.22e+02     140s
  39   7.45e-08 1.30e-08   6.97124001e+13  6.97123567e+13  4.84e+01     143s
  40   7.45e-08 5.59e-09   6.97123763e+13  6.97123597e+13  1.85e+01     146s
  41   1.04e-07 2.79e-09   6.97123634e+13  6.97123616e+13  1.96e+00     149s
  42   8.94e-08 2.79e-09   6.97123623e+13  6.97123618e+13  5.20e-01     152s
  43*  1.49e-07 2.79e-09   6.97123619e+13  6.97123619e+13  3.13e-02     154s
Summary
    Runtime:                                            154.22s
    Status interior point solve:                        optimal
    Status crossover:                                   not run
    objective value:                                    6.97123619e+13
    interior solution primal residual (abs/rel):        7.45e-08 / 8.17e-16
    interior solution dual residual (abs/rel):          3.73e-09 / 4.05e-16
    interior solution objective gap (abs/rel):          2.82e+04 / 4.04e-10
Ipx: IPM       optimal
Model   status      : Optimal
IPM       iterations: 43
Objective value     :  6.9712356515e+13
HiGHS run time      :        161.03
Running HiGHS 1.6.0: Copyright (c) 2023 HiGHS under MIT licence terms
Presolving model
167315 rows, 499266 cols, 1141012 nonzeros
126068 rows, 317591 cols, 779405 nonzeros
123679 rows, 178830 cols, 501484 nonzeros
120777 rows, 161623 cols, 466967 nonzeros
Presolve : Reductions: rows 120777(-3289723); columns 161623(-2141962); elements 466967(-9984106)
Solving the presolved LP
IPX model has 120777 rows, 161623 columns and 466967 nonzeros
Input
    Number of variables:                                161623
    Number of free variables:                           0
    Number of constraints:                              120777
    Number of equality constraints:                     18895
    Number of matrix entries:                           466967
    Matrix range:                                       [1e-02, 1e+00]
    RHS range:                                          [2e+05, 1e+08]
    Objective range:                                    [2e-04, 1e+06]
    Bounds range:                                       [1e-01, 1e+08]
Preprocessing
    Dualized model:                                     no
    Number of dense columns:                            0
    Range of scaling factors:                           [1.00e+00, 2.00e+00]
IPX version 1.0
Interior Point Solve
 Iter     P.res    D.res            P.obj           D.obj        mu     Time
   0   2.12e+07 1.47e+05   6.29065271e+13 -5.73717325e+16  3.61e+12       0s
   1   7.45e+06 1.14e+05   4.69904909e+16 -4.81114816e+16  2.61e+12       0s
   2   5.02e+06 9.72e+04   5.95342075e+16 -4.39961027e+16  2.45e+12       0s
   3   1.71e+06 2.54e+04   5.31476229e+16 -1.38962325e+16  7.54e+11       0s
   4   4.43e+05 8.10e+03   3.24189257e+16 -5.47217065e+15  2.61e+11       1s
   5   1.44e+05 1.84e+03   1.58667258e+16 -1.47206314e+15  8.13e+10       1s
 Constructing starting basis...
   6   2.92e+04 4.75e+02   5.34810378e+15 -5.41593213e+14  2.51e+10       3s
   7   1.72e+04 1.92e+02   3.73584615e+15 -2.90021930e+14  1.61e+10       3s
   8   9.77e+03 6.11e+01   2.55865993e+15 -1.44275552e+14  1.03e+10       4s
   9   5.17e+03 1.93e+01   1.75198114e+15 -8.70682125e+13  6.89e+09       5s
  10   2.74e+03 9.11e+00   1.21983265e+15 -5.96726763e+13  4.78e+09       5s
  11   1.24e+03 3.75e+00   7.98340735e+14 -3.24489924e+13  3.10e+09       6s
  12   9.31e+02 1.95e+00   7.08171244e+14 -1.95113502e+13  2.70e+09       6s
  13   4.33e+02 9.10e-01   4.04496282e+14  6.07170128e+12  1.48e+09       7s
  14   1.26e+02 3.38e-01   2.17306730e+14  2.00834342e+13  7.33e+08       8s
  15   1.17e+02 2.10e-01   2.10293464e+14  2.35667410e+13  6.89e+08       9s
  16   1.07e+02 1.27e-01   1.97787413e+14  2.86306569e+13  6.20e+08       9s
  17   9.30e+01 1.29e-02   1.90678262e+14  2.70585145e+13  5.92e+08      10s
  18   7.18e+01 6.20e-03   1.60111500e+14  3.26795236e+13  4.61e+08      11s
  19   3.14e+01 3.33e-03   9.47831988e+13  3.54307543e+13  2.15e+08      11s
  20   1.13e+01 1.59e-03   6.06397772e+13  3.73050457e+13  8.45e+07      12s
  21   4.18e+00 3.81e-04   5.18121473e+13  3.81955930e+13  4.92e+07      13s
  22   1.90e+00 2.12e-04   4.86564274e+13  3.83522978e+13  3.72e+07      13s
  23   4.36e-01 7.15e-05   4.20628632e+13  3.88459222e+13  1.16e+07      14s
  24   7.77e-02 2.38e-05   3.98591355e+13  3.90517352e+13  2.91e+06      15s
  25   1.95e-02 4.21e-06   3.93692446e+13  3.91467060e+13  8.02e+05      15s
  26   1.08e-02 1.26e-06   3.92907600e+13  3.91613753e+13  4.66e+05      16s
  27   5.54e-03 3.93e-07   3.92408237e+13  3.91658340e+13  2.70e+05      16s
  28   1.36e-03 1.36e-07   3.91897145e+13  3.91678484e+13  7.87e+04      17s
  29   2.78e-04 5.02e-08   3.91739257e+13  3.91686363e+13  1.90e+04      17s
  30   1.67e-04 2.47e-08   3.91721895e+13  3.91688838e+13  1.19e+04      18s
  31   5.45e-05 1.26e-08   3.91709010e+13  3.91689750e+13  6.93e+03      18s
  32   2.83e-05 4.66e-09   3.91702034e+13  3.91690716e+13  4.07e+03      19s
  33   8.14e-06 1.63e-09   3.91696067e+13  3.91691140e+13  1.77e+03      19s
  34   1.43e-06 6.98e-10   3.91692873e+13  3.91691353e+13  5.47e+02      20s
  35   3.58e-07 4.66e-10   3.91691968e+13  3.91691429e+13  1.94e+02      20s
  36   3.58e-07 2.33e-10   3.91691655e+13  3.91691481e+13  6.25e+01      21s
  37   1.79e-07 2.33e-10   3.91691585e+13  3.91691500e+13  3.07e+01      21s
  38   1.19e-07 2.33e-10   3.91691535e+13  3.91691506e+13  1.05e+01      22s
  39   1.49e-07 2.33e-10   3.91691513e+13  3.91691509e+13  1.22e+00      22s
  40   1.49e-07 2.33e-10   3.91691510e+13  3.91691510e+13  2.26e-01      23s
  41*  1.49e-07 2.33e-10   3.91691510e+13  3.91691510e+13  4.61e-02      23s
Summary
    Runtime:                                            23.09s
    Status interior point solve:                        optimal
    Status crossover:                                   not run
    objective value:                                    3.91691510e+13
    interior solution primal residual (abs/rel):        1.49e-07 / 1.34e-15
    interior solution dual residual (abs/rel):          2.33e-10 / 1.78e-16
    interior solution objective gap (abs/rel):          1.28e+04 / 3.27e-10
Ipx: IPM       optimal
Model   status      : Optimal
IPM       iterations: 41
Objective value     :  3.9169147212e+13
HiGHS run time      :         27.11
Presolving model
167315 rows, 499266 cols, 1141012 nonzeros
126068 rows, 317591 cols, 779405 nonzeros
123679 rows, 178830 cols, 501484 nonzeros
120777 rows, 161623 cols, 466967 nonzeros
Presolve : Reductions: rows 120777(-3299743); columns 161623(-2141962); elements 466967(-9994126)
Solving the presolved LP
IPX model has 120777 rows, 161623 columns and 466967 nonzeros
Input
    Number of variables:                                161623
    Number of free variables:                           0
    Number of constraints:                              120777
    Number of equality constraints:                     18895
    Number of matrix entries:                           466967
    Matrix range:                                       [1e-02, 1e+00]
    RHS range:                                          [2e+05, 1e+08]
    Objective range:                                    [2e-04, 1e+06]
    Bounds range:                                       [1e-01, 1e+08]
Preprocessing
    Dualized model:                                     no
    Number of dense columns:                            0
    Range of scaling factors:                           [1.00e+00, 2.00e+00]
IPX version 1.0
Interior Point Solve
 Iter     P.res    D.res            P.obj           D.obj        mu     Time
   0   2.13e+07 1.50e+05   5.38202383e+13 -5.90799995e+16  3.68e+12       0s
   1   7.53e+06 1.17e+05   4.61892354e+16 -4.96588771e+16  2.68e+12       0s
   2   5.18e+06 1.01e+05   5.83673923e+16 -4.58075878e+16  2.55e+12       0s
   3   1.83e+06 2.62e+04   5.31255209e+16 -1.44859787e+16  7.85e+11       0s
   4   4.24e+05 8.63e+03   3.20982253e+16 -5.86980163e+15  2.70e+11       1s
   5   1.14e+05 2.05e+03   1.46801568e+16 -1.62648892e+15  7.84e+10       1s
 Constructing starting basis...
   6   3.09e+04 4.57e+02   5.66624580e+15 -5.06452074e+14  2.62e+10       3s
   7   4.45e+03 1.30e+02   1.42870676e+15 -1.87074439e+14  6.54e+09       3s
   8   8.96e+02 4.90e+01   6.34694999e+14 -9.15765234e+13  2.89e+09       4s
   9   2.12e+02 2.05e+01   1.75995125e+14 -3.88781058e+13  8.81e+08       5s
  10   3.27e+01 6.03e+00   4.43332240e+13 -1.26678976e+13  2.37e+08       5s
  11   7.90e+00 2.28e+00   1.89214518e+13 -5.25598400e+12  9.96e+07       6s
  12   1.60e+00 1.27e+00   7.84167887e+12 -3.06761148e+12  4.66e+07       7s
  13   1.27e+00 7.49e-01   6.49745611e+12 -1.85161346e+12  3.44e+07       7s
  14   1.50e-01 1.14e-01   9.94679976e+11 -2.92084624e+11  5.26e+06       8s
  15   5.45e-02 4.58e-02   4.58168001e+11 -1.20217323e+11  2.32e+06       9s
  16   3.50e-02 2.28e-02   4.01674253e+11 -6.79262577e+10  1.81e+06       9s
  17   1.79e-02 1.12e-02   2.25191372e+11 -3.22089536e+10  9.77e+05      10s
  18   4.79e-03 3.87e-03   1.13415606e+11 -1.14228106e+10  4.64e+05      11s
  19   2.46e-03 1.50e-03   6.74686977e+10 -2.77410177e+09  2.57e+05      11s
  20   1.42e-03 9.18e-04   5.05219818e+10 -9.76463889e+08  1.88e+05      12s
  21   1.05e-03 3.19e-04   4.14090346e+10  1.42225876e+09  1.45e+05      13s
  22   3.00e-04 1.19e-04   2.07099758e+10  2.42399906e+09  6.60e+04      13s
  23   8.77e-05 5.23e-05   1.02450498e+10  2.99689856e+09  2.61e+04      14s
  24   3.44e-05 1.30e-05   6.65943984e+09  3.42240345e+09  1.17e+04      14s
  25   7.39e-06 6.60e-06   4.48762708e+09  3.50790250e+09  3.53e+03      15s
  26   2.70e-06 2.03e-06   4.03102139e+09  3.57677347e+09  1.64e+03      15s
  27   7.30e-07 1.09e-06   3.76271561e+09  3.59446010e+09  6.06e+02      16s
  28   1.64e-07 4.52e-07   3.67475254e+09  3.60718434e+09  2.43e+02      16s
  29   1.79e-07 1.74e-07   3.64022924e+09  3.61356104e+09  9.60e+01      17s
  30   1.49e-07 5.25e-08   3.62573238e+09  3.61691993e+09  3.17e+01      17s
  31   3.58e-07 2.00e-08   3.62311518e+09  3.61778555e+09  1.92e+01      18s
  32   1.49e-07 3.38e-09   3.61940966e+09  3.61841264e+09  3.59e+00      18s
  33   1.79e-07 6.98e-10   3.61877721e+09  3.61851837e+09  9.32e-01      19s
  34   1.49e-07 4.66e-10   3.61869631e+09  3.61852872e+09  6.03e-01      19s
  35   1.79e-07 2.33e-10   3.61857593e+09  3.61853689e+09  1.41e-01      20s
  36   1.19e-07 2.33e-10   3.61855785e+09  3.61853806e+09  7.12e-02      20s
  37   2.09e-07 2.33e-10   3.61854958e+09  3.61853885e+09  3.86e-02      21s
  38   2.38e-07 2.33e-10   3.61854549e+09  3.61853917e+09  2.28e-02      21s
  39   8.94e-08 4.66e-10   3.61854219e+09  3.61853943e+09  9.93e-03      22s
  40   1.49e-07 2.33e-10   3.61854017e+09  3.61853946e+09  2.56e-03      22s
  41   5.96e-08 2.33e-10   3.61853968e+09  3.61853947e+09  7.65e-04      23s
  42   1.19e-07 2.33e-10   3.61853953e+09  3.61853948e+09  1.92e-04      23s
  43   2.09e-07 2.33e-10   3.61853949e+09  3.61853948e+09  3.02e-05      23s
  44*  4.47e-07 2.33e-10   3.61853948e+09  3.61853948e+09  1.62e-06      24s
Summary
    Runtime:                                            23.97s
    Status interior point solve:                        optimal
    Status crossover:                                   not run
    objective value:                                    3.61853948e+09
    interior solution primal residual (abs/rel):        5.96e-07 / 5.37e-15
    interior solution dual residual (abs/rel):          1.16e-10 / 8.90e-17
    interior solution objective gap (abs/rel):          4.31e-01 / 1.19e-10
Ipx: IPM       optimal
Model   status      : Optimal
IPM       iterations: 44
Objective value     :  3.6185394832e+09
HiGHS run time      :         27.88
Presolving model
167315 rows, 499266 cols, 1141012 nonzeros
126068 rows, 317591 cols, 779405 nonzeros
123679 rows, 178830 cols, 501484 nonzeros
120777 rows, 161623 cols, 466967 nonzeros
Presolve : Reductions: rows 120777(-3309763); columns 161623(-2141962); elements 466967(-10004146)
Solving the presolved LP
IPX model has 120777 rows, 161623 columns and 466967 nonzeros
Input
    Number of variables:                                161623
    Number of free variables:                           0
    Number of constraints:                              120777
    Number of equality constraints:                     18895
    Number of matrix entries:                           466967
    Matrix range:                                       [1e-02, 1e+00]
    RHS range:                                          [2e+05, 1e+08]
    Objective range:                                    [2e-04, 1e+06]
    Bounds range:                                       [1e-01, 1e+08]
Preprocessing
    Dualized model:                                     no
    Number of dense columns:                            0
    Range of scaling factors:                           [1.00e+00, 2.00e+00]
IPX version 1.0
Interior Point Solve
 Iter     P.res    D.res            P.obj           D.obj        mu     Time
   0   2.13e+07 1.50e+05   5.43991944e+13 -5.90894829e+16  3.69e+12       0s
   1   7.54e+06 1.17e+05   4.62796703e+16 -4.96574959e+16  2.68e+12       0s
   2   5.20e+06 1.01e+05   5.84583066e+16 -4.58250498e+16  2.55e+12       0s
   3   1.82e+06 2.63e+04   5.32275535e+16 -1.45123545e+16  7.85e+11       0s
   4   4.53e+05 8.61e+03   3.26163447e+16 -5.85357895e+15  2.73e+11       1s
   5   1.22e+05 2.04e+03   1.48869125e+16 -1.62331731e+15  7.94e+10       1s
 Constructing starting basis...
   6   3.35e+04 4.58e+02   5.77539397e+15 -5.10823435e+14  2.67e+10       3s
   7   6.01e+03 2.01e+02   1.61793590e+15 -2.57000674e+14  7.87e+09       3s
   8   1.30e+03 9.23e+01   8.03616738e+14 -1.41926672e+14  3.90e+09       4s
   9   2.78e+02 5.72e+01   3.67953230e+14 -9.51062608e+13  1.99e+09       5s
  10   7.88e+01 2.40e+01   1.28695808e+14 -4.08523815e+13  7.43e+08       5s
  11   8.42e+00 9.12e+00   2.71354820e+13 -1.62835281e+13  2.07e+08       6s
  12   4.02e+00 2.70e+00   1.92634127e+13 -5.40599437e+12  1.04e+08       6s
  13   1.89e+00 6.82e-01   1.19007957e+13 -1.65754264e+12  5.28e+07       7s
  14   4.70e-01 1.46e-01   3.37896079e+12 -3.80784903e+11  1.44e+07       8s
  15   1.94e-01 5.14e-02   1.46294501e+12 -1.35847576e+11  6.03e+06       8s
  16   7.58e-02 1.41e-02   7.14084236e+11 -4.53628125e+10  2.81e+06       9s
  17   2.19e-02 4.00e-03   2.58964600e+11 -1.33938664e+10  9.97e+05       9s
  18   1.01e-02 1.38e-03   1.34683955e+11 -3.24152852e+09  5.01e+05      10s
  19   5.65e-03 7.54e-04   8.51149233e+10 -8.62232523e+08  3.11e+05      10s
  20   4.51e-03 4.19e-04   7.31032275e+10  4.00328590e+08  2.63e+05      11s
  21   1.80e-03 1.53e-04   5.30042365e+10  8.91799574e+08  1.88e+05      11s
  22   6.19e-04 7.18e-05   2.39093212e+10  2.09171908e+09  7.86e+04      12s
  23   2.12e-04 3.54e-05   1.19687255e+10  2.73291414e+09  3.33e+04      13s
  24   8.79e-05 9.52e-06   7.37186650e+09  3.27394353e+09  1.48e+04      13s
  25   2.32e-05 4.54e-06   4.81273035e+09  3.38760826e+09  5.13e+03      14s
  26   7.02e-06 1.35e-06   4.06544085e+09  3.46992176e+09  2.14e+03      14s
  27   2.13e-06 6.97e-07   3.72565384e+09  3.49269481e+09  8.39e+02      15s
  28   4.17e-07 2.96e-07   3.58804030e+09  3.50763503e+09  2.89e+02      15s
  29   2.38e-07 9.03e-08   3.55152364e+09  3.51603280e+09  1.28e+02      16s
  30   1.49e-07 2.96e-08   3.53058789e+09  3.51937200e+09  4.04e+01      16s
  31   8.94e-08 1.28e-08   3.52696470e+09  3.52029182e+09  2.40e+01      17s
  32   2.09e-07 2.79e-09   3.52263737e+09  3.52101612e+09  5.84e+00      17s
  33   1.19e-07 6.98e-10   3.52148008e+09  3.52118229e+09  1.07e+00      18s
  34   1.49e-07 4.66e-10   3.52138988e+09  3.52120353e+09  6.71e-01      18s
  35   8.94e-08 2.33e-10   3.52126308e+09  3.52121778e+09  1.63e-01      19s
  36   2.98e-07 2.33e-10   3.52124358e+09  3.52121964e+09  8.62e-02      19s
  37   1.49e-07 4.66e-10   3.52122887e+09  3.52122066e+09  2.95e-02      20s
  38   5.96e-08 2.33e-10   3.52122367e+09  3.52122112e+09  9.20e-03      20s
  39   8.94e-08 2.33e-10   3.52122278e+09  3.52122134e+09  5.18e-03      21s
  40   1.02e-07 2.33e-10   3.52122186e+09  3.52122149e+09  1.33e-03      21s
  41   8.94e-08 2.33e-10   3.52122160e+09  3.52122152e+09  2.92e-04      22s
  42   2.09e-07 3.49e-10   3.52122155e+09  3.52122153e+09  7.45e-05      22s
  43*  7.15e-07 2.33e-10   3.52122154e+09  3.52122154e+09  7.70e-06      22s
Summary
    Runtime:                                            22.46s
    Status interior point solve:                        optimal
    Status crossover:                                   not run
    objective value:                                    3.52122154e+09
    interior solution primal residual (abs/rel):        9.54e-07 / 8.59e-15
    interior solution dual residual (abs/rel):          2.33e-10 / 1.78e-16
    interior solution objective gap (abs/rel):          2.11e+00 / 5.98e-10
Ipx: IPM       optimal
Model   status      : Optimal
IPM       iterations: 43
Objective value     :  3.5212215392e+09
HiGHS run time      :         26.33
Presolving model
167315 rows, 499266 cols, 1141012 nonzeros
126068 rows, 317591 cols, 779405 nonzeros
123679 rows, 178830 cols, 501484 nonzeros
120777 rows, 161623 cols, 466967 nonzeros
Presolve : Reductions: rows 120777(-3319783); columns 161623(-2141962); elements 466967(-10014166)
Solving the presolved LP
IPX model has 120777 rows, 161623 columns and 466967 nonzeros
Input
    Number of variables:                                161623
    Number of free variables:                           0
    Number of constraints:                              120777
    Number of equality constraints:                     18895
    Number of matrix entries:                           466967
    Matrix range:                                       [1e-02, 1e+00]
    RHS range:                                          [2e+05, 1e+08]
    Objective range:                                    [2e-04, 1e+06]
    Bounds range:                                       [1e-01, 1e+08]
Preprocessing
    Dualized model:                                     no
    Number of dense columns:                            0
    Range of scaling factors:                           [1.00e+00, 2.00e+00]
IPX version 1.0
Interior Point Solve
 Iter     P.res    D.res            P.obj           D.obj        mu     Time
   0   2.13e+07 1.50e+05   5.43991944e+13 -5.90894829e+16  3.69e+12       0s
   1   7.54e+06 1.17e+05   4.62796703e+16 -4.96574959e+16  2.68e+12       0s
   2   5.20e+06 1.01e+05   5.84583066e+16 -4.58250498e+16  2.55e+12       0s
   3   1.82e+06 2.63e+04   5.32275535e+16 -1.45123545e+16  7.85e+11       0s
   4   4.53e+05 8.61e+03   3.26163447e+16 -5.85357895e+15  2.73e+11       1s
   5   1.22e+05 2.04e+03   1.48869125e+16 -1.62331731e+15  7.94e+10       1s
 Constructing starting basis...
   6   3.35e+04 4.58e+02   5.77539397e+15 -5.10823435e+14  2.67e+10       3s
   7   6.01e+03 2.01e+02   1.61793590e+15 -2.57000674e+14  7.87e+09       3s
   8   1.30e+03 9.23e+01   8.03616738e+14 -1.41926672e+14  3.90e+09       4s
   9   2.78e+02 5.72e+01   3.67953230e+14 -9.51062608e+13  1.99e+09       5s
  10   7.88e+01 2.40e+01   1.28695808e+14 -4.08523815e+13  7.43e+08       5s
  11   8.42e+00 9.12e+00   2.71354820e+13 -1.62835281e+13  2.07e+08       6s
  12   4.02e+00 2.70e+00   1.92634127e+13 -5.40599437e+12  1.04e+08       6s
  13   1.89e+00 6.82e-01   1.19007957e+13 -1.65754264e+12  5.28e+07       7s
  14   4.70e-01 1.46e-01   3.37896079e+12 -3.80784903e+11  1.44e+07       8s
  15   1.94e-01 5.14e-02   1.46294501e+12 -1.35847576e+11  6.03e+06       8s
  16   7.58e-02 1.41e-02   7.14084236e+11 -4.53628125e+10  2.81e+06       9s
  17   2.19e-02 4.00e-03   2.58964600e+11 -1.33938664e+10  9.97e+05       9s
  18   1.01e-02 1.38e-03   1.34683955e+11 -3.24152852e+09  5.01e+05      10s
  19   5.65e-03 7.54e-04   8.51149233e+10 -8.62232523e+08  3.11e+05      10s
  20   4.51e-03 4.19e-04   7.31032275e+10  4.00328590e+08  2.63e+05      11s
  21   1.80e-03 1.53e-04   5.30042365e+10  8.91799574e+08  1.88e+05      11s
  22   6.19e-04 7.18e-05   2.39093212e+10  2.09171908e+09  7.86e+04      12s
  23   2.12e-04 3.54e-05   1.19687255e+10  2.73291414e+09  3.33e+04      13s
  24   8.79e-05 9.52e-06   7.37186650e+09  3.27394353e+09  1.48e+04      13s
  25   2.32e-05 4.54e-06   4.81273035e+09  3.38760826e+09  5.13e+03      14s
  26   7.02e-06 1.35e-06   4.06544085e+09  3.46992176e+09  2.14e+03      14s
  27   2.13e-06 6.97e-07   3.72565384e+09  3.49269481e+09  8.39e+02      15s
  28   4.17e-07 2.96e-07   3.58804030e+09  3.50763503e+09  2.89e+02      15s
  29   2.38e-07 9.03e-08   3.55152364e+09  3.51603280e+09  1.28e+02      16s
  30   1.49e-07 2.96e-08   3.53058789e+09  3.51937200e+09  4.04e+01      16s
  31   8.94e-08 1.28e-08   3.52696470e+09  3.52029182e+09  2.40e+01      17s
  32   2.09e-07 2.79e-09   3.52263737e+09  3.52101612e+09  5.84e+00      17s
  33   1.19e-07 6.98e-10   3.52148008e+09  3.52118229e+09  1.07e+00      18s
  34   1.49e-07 4.66e-10   3.52138988e+09  3.52120353e+09  6.71e-01      18s
  35   8.94e-08 2.33e-10   3.52126308e+09  3.52121778e+09  1.63e-01      19s
  36   2.98e-07 2.33e-10   3.52124358e+09  3.52121964e+09  8.62e-02      19s
  37   1.49e-07 4.66e-10   3.52122887e+09  3.52122066e+09  2.95e-02      20s
  38   5.96e-08 2.33e-10   3.52122367e+09  3.52122112e+09  9.20e-03      20s
  39   8.94e-08 2.33e-10   3.52122278e+09  3.52122134e+09  5.18e-03      21s
  40   1.02e-07 2.33e-10   3.52122186e+09  3.52122149e+09  1.33e-03      21s
  41   8.94e-08 2.33e-10   3.52122160e+09  3.52122152e+09  2.92e-04      21s
  42   2.09e-07 3.49e-10   3.52122155e+09  3.52122153e+09  7.45e-05      22s
  43*  7.15e-07 2.33e-10   3.52122154e+09  3.52122154e+09  7.70e-06      22s
Summary
    Runtime:                                            22.40s
    Status interior point solve:                        optimal
    Status crossover:                                   not run
    objective value:                                    3.52122154e+09
    interior solution primal residual (abs/rel):        9.54e-07 / 8.59e-15
    interior solution dual residual (abs/rel):          2.33e-10 / 1.78e-16
    interior solution objective gap (abs/rel):          2.11e+00 / 5.98e-10
Ipx: IPM       optimal
Model   status      : Optimal
IPM       iterations: 43
Objective value     :  3.5212215392e+09
HiGHS run time      :         26.30
[ Info: Rolling step not specified in scenaio.yaml file; Setting it to 10 years
[ Info: Demand-pathway mapping not specified in scenaio.yaml file; SERA will not look for eligible pathways for different demand types.
[ Info: Production capacity constraints from the grid model not defined. SERA will not create these constraints
[ Info: Regional technology limits not specified in scenaio.yaml file; SERA will not create these constraints
STARTING DATA PRE-PROCESSING 
Processing Temporal Data
Processing Nodes
Processing Demand
Processing Existings
Processing Links
Processing Pathways
Creating Infrastructure options
 22.773779 seconds (131.77 M allocations: 15.387 GiB, 34.79% gc time, 0.38% compilation time)

OPTIMIZING FROM 2026 TO 2035 

STARTING OPTIMIZATION MODEL CREATION
CREATING VARIABLES AND EXPRESSIONS
169.274539 seconds (355.01 M allocations: 22.181 GiB, 85.69% gc time, 4.65% compilation time)
POPULATING EXPRESSIONS
 61.028719 seconds (272.18 M allocations: 42.473 GiB, 13.28% gc time, 0.32% compilation time)
CREATING CONSTRAINTS
155.589114 seconds (221.89 M allocations: 12.673 GiB, 84.78% gc time, 1.22% compilation time)
POPULATED CORE OPTIMIZATION MODEL, STARTING ITERATIONS
READING COST DATA FOR ITERATION 1
 97.046081 seconds (162.43 M allocations: 15.557 GiB, 63.16% gc time, 0.40% compilation time)
CREATING EXPRESSIONS FOR CAPITAL AND FIXED COST
181.403876 seconds (163.63 M allocations: 10.347 GiB, 93.11% gc time, 0.80% compilation time)
BUILDING OBJECTIVE FUNCTION
 23.307576 seconds (57.13 M allocations: 1.794 GiB, 72.34% gc time, 3.41% compilation time)
Optimizing for iteration 1
348.582310 seconds (74.74 M allocations: 6.891 GiB, 40.29% gc time, 0.01% compilation time)
OPTIMAL
4.699208598502901e9
 =  1.0
READING COST DATA FOR ITERATION 2
797.208946 seconds (131.75 M allocations: 14.891 GiB, 24.29% gc time, 0.00% compilation time)
CREATING EXPRESSIONS FOR CAPITAL AND FIXED COST
244.500471 seconds (162.07 M allocations: 10.240 GiB, 95.50% gc time, 0.00% compilation time)
BUILDING OBJECTIVE FUNCTION
 23.628541 seconds (56.47 M allocations: 1.807 GiB, 75.40% gc time)
Optimizing for iteration 2
166.645287 seconds (5 allocations: 32 bytes)
OPTIMAL
6.438520848845653e9
 =  0.27014158860024623
READING COST DATA FOR ITERATION 3
795.740824 seconds (131.49 M allocations: 14.901 GiB, 24.24% gc time)
CREATING EXPRESSIONS FOR CAPITAL AND FIXED COST
266.443508 seconds (162.07 M allocations: 10.240 GiB, 95.75% gc time)
BUILDING OBJECTIVE FUNCTION
 23.758235 seconds (56.47 M allocations: 1.807 GiB, 75.63% gc time)
Optimizing for iteration 3
160.326329 seconds (2 allocations: 32 bytes)
OPTIMAL
4.883780148818482e9
 =  0.3183478069542543
READING COST DATA FOR ITERATION 4
802.205452 seconds (131.47 M allocations: 14.940 GiB, 24.72% gc time)
CREATING EXPRESSIONS FOR CAPITAL AND FIXED COST
252.204255 seconds (162.07 M allocations: 10.240 GiB, 95.56% gc time)
BUILDING OBJECTIVE FUNCTION
 24.326539 seconds (56.47 M allocations: 1.807 GiB, 75.79% gc time)
Optimizing for iteration 4
153.840599 seconds (2 allocations: 32 bytes)
OPTIMAL
4.8317173709922e9
 =  0.010775211759012892
READING COST DATA FOR ITERATION 5
804.131432 seconds (131.47 M allocations: 14.829 GiB, 24.85% gc time)
CREATING EXPRESSIONS FOR CAPITAL AND FIXED COST
276.212816 seconds (162.07 M allocations: 10.240 GiB, 95.84% gc time)
BUILDING OBJECTIVE FUNCTION
 24.294939 seconds (56.47 M allocations: 1.807 GiB, 76.05% gc time)
Optimizing for iteration 5
144.886066 seconds (2 allocations: 32 bytes)
OTHER_ERROR
1.2517294656295162e14
 =  0.00108777414825944
READING COST DATA FOR ITERATION 6
806.222881 seconds (131.36 M allocations: 14.923 GiB, 25.07% gc time)
CREATING EXPRESSIONS FOR CAPITAL AND FIXED COST
278.485198 seconds (162.07 M allocations: 10.240 GiB, 95.95% gc time)
BUILDING OBJECTIVE FUNCTION
 24.867032 seconds (56.47 M allocations: 1.807 GiB, 76.14% gc time)
Optimizing for iteration 6
160.816080 seconds (2 allocations: 32 bytes)
OPTIMAL
6.971235651547051e13
 =  0.9999307659716883
READING COST DATA FOR ITERATION 7
807.758011 seconds (131.47 M allocations: 15.053 GiB, 25.10% gc time)
CREATING EXPRESSIONS FOR CAPITAL AND FIXED COST
259.245512 seconds (162.07 M allocations: 10.240 GiB, 95.56% gc time)
BUILDING OBJECTIVE FUNCTION
 24.891647 seconds (56.47 M allocations: 1.807 GiB, 76.64% gc time)
Optimizing for iteration 7
148.224435 seconds (2 allocations: 32 bytes)
OPTIMAL
4.464244471282435e9
 =  15614.712124171949
READING COST DATA FOR ITERATION 8
813.071102 seconds (131.42 M allocations: 14.828 GiB, 25.57% gc time)
CREATING EXPRESSIONS FOR CAPITAL AND FIXED COST
284.801042 seconds (162.07 M allocations: 10.240 GiB, 96.02% gc time)
BUILDING OBJECTIVE FUNCTION
 25.427824 seconds (56.47 M allocations: 1.807 GiB, 76.60% gc time)
Optimizing for iteration 8
149.458648 seconds (2 allocations: 32 bytes)
OPTIMAL
4.1081709120212255e9
 =  0.08667447554805639
READING COST DATA FOR ITERATION 9
816.632198 seconds (131.41 M allocations: 14.885 GiB, 25.91% gc time)
CREATING EXPRESSIONS FOR CAPITAL AND FIXED COST
289.313102 seconds (162.07 M allocations: 10.240 GiB, 95.98% gc time)
BUILDING OBJECTIVE FUNCTION
 25.459135 seconds (56.47 M allocations: 1.807 GiB, 76.98% gc time)
Optimizing for iteration 9
146.409541 seconds (2 allocations: 32 bytes)
OTHER_ERROR
2.4151325860749978e14
 =  0.006817253004229124
READING COST DATA FOR ITERATION 10
824.732947 seconds (131.36 M allocations: 14.827 GiB, 26.48% gc time)
CREATING EXPRESSIONS FOR CAPITAL AND FIXED COST
291.924586 seconds (162.07 M allocations: 10.240 GiB, 96.04% gc time)
BUILDING OBJECTIVE FUNCTION
 26.094879 seconds (56.47 M allocations: 1.807 GiB, 76.89% gc time)
Optimizing for iteration 10
161.095893 seconds (2 allocations: 32 bytes)
OPTIMAL
6.971235651547051e13
 =  0.999941468710718
ITERATIONS COMPLETED
WRITING RESULTS TO FILE
 33.093952 seconds (38.05 M allocations: 1.530 GiB, 88.04% gc time, 2.15% compilation time)

OPTIMIZING FROM 2036 TO 2040 

STARTING OPTIMIZATION MODEL CREATION
CREATING VARIABLES AND EXPRESSIONS
359.754053 seconds (173.64 M allocations: 10.755 GiB, 97.12% gc time, 0.06% compilation time)
POPULATING EXPRESSIONS
 19.746178 seconds (75.59 M allocations: 11.660 GiB, 22.45% gc time)
CREATING CONSTRAINTS
141.984088 seconds (109.20 M allocations: 5.926 GiB, 91.99% gc time, 0.00% compilation time)
POPULATED CORE OPTIMIZATION MODEL, STARTING ITERATIONS
READING COST DATA FOR ITERATION 1
155.467238 seconds (64.86 M allocations: 7.390 GiB, 88.93% gc time)
CREATING EXPRESSIONS FOR CAPITAL AND FIXED COST
 62.503570 seconds (42.28 M allocations: 2.628 GiB, 95.53% gc time, 0.09% compilation time)
BUILDING OBJECTIVE FUNCTION
 15.064399 seconds (26.73 M allocations: 862.058 MiB, 83.77% gc time)
Optimizing for iteration 1
161.307541 seconds (38.71 M allocations: 3.387 GiB, 77.00% gc time)
OPTIMAL
3.916914721181605e13
 =  1.0
READING COST DATA FOR ITERATION 2
278.549657 seconds (65.08 M allocations: 7.588 GiB, 49.55% gc time)
CREATING EXPRESSIONS FOR CAPITAL AND FIXED COST
 67.044031 seconds (42.28 M allocations: 2.626 GiB, 95.77% gc time)
BUILDING OBJECTIVE FUNCTION
 15.598168 seconds (26.73 M allocations: 892.666 MiB, 84.08% gc time)
Optimizing for iteration 2
 27.919555 seconds (5 allocations: 32 bytes)
OPTIMAL
3.6185394832000494e9
 =  10823.573669478776
READING COST DATA FOR ITERATION 3
291.754384 seconds (65.06 M allocations: 7.396 GiB, 51.84% gc time)
CREATING EXPRESSIONS FOR CAPITAL AND FIXED COST
 67.888634 seconds (42.28 M allocations: 2.626 GiB, 95.54% gc time)
BUILDING OBJECTIVE FUNCTION
 15.689609 seconds (26.73 M allocations: 892.666 MiB, 84.16% gc time)
Optimizing for iteration 3
 26.357778 seconds (2 allocations: 32 bytes)
OPTIMAL
3.5212215392338634e9
 =  0.027637552162530426
READING COST DATA FOR ITERATION 4
292.461901 seconds (65.06 M allocations: 7.396 GiB, 52.02% gc time)
CREATING EXPRESSIONS FOR CAPITAL AND FIXED COST
 68.181367 seconds (42.28 M allocations: 2.626 GiB, 95.57% gc time)
BUILDING OBJECTIVE FUNCTION
 15.831840 seconds (26.73 M allocations: 892.666 MiB, 83.93% gc time)
Optimizing for iteration 4
 26.331889 seconds (2 allocations: 32 bytes)
OPTIMAL
3.5212215392338634e9
 =  0.0
ITERATIONS COMPLETED
WRITING RESULTS TO FILE
 30.252195 seconds (28.02 M allocations: 1.153 GiB, 89.01% gc time, 44.36% compilation time)

THE OPTIMIZATION PROBLEM TOOK 245.04 MINUTES TO SOLVE. 
