Running HiGHS 1.6.0: Copyright (c) 2023 HiGHS under MIT licence terms
Presolving model
1212651 rows, 2664335 cols, 6804620 nonzeros
929464 rows, 1799692 cols, 5073306 nonzeros
921303 rows, 1037969 cols, 3546030 nonzeros
911771 rows, 1027775 cols, 3525661 nonzeros
Presolve : Reductions: rows 911771(-9342621); columns 1027775(-5892327); elements 3525661(-35771433)
Solving the presolved LP
IPX model has 911771 rows, 1027775 columns and 3525661 nonzeros
Input
    Number of variables:                                1027775
    Number of free variables:                           0
    Number of constraints:                              911771
    Number of equality constraints:                     56181
    Number of matrix entries:                           3525661
    Matrix range:                                       [1e-02, 1e+00]
    RHS range:                                          [2e+05, 1e+08]
    Objective range:                                    [2e-04, 9e+01]
    Bounds range:                                       [7e+05, 1e+08]
Preprocessing
    Dualized model:                                     no
    Number of dense columns:                            0
    Range of scaling factors:                           [1.00e+00, 2.00e+00]
IPX version 1.0
Interior Point Solve
 Iter     P.res    D.res            P.obj           D.obj        mu     Time
   0   1.52e+07 6.09e+01   5.78108750e+09 -1.87548837e+14  1.02e+09       1s
   1   5.06e+06 4.51e+01   4.85246601e+12 -1.48503805e+14  8.00e+08       2s
   2   2.62e+06 3.82e+01   8.35757329e+12 -1.35755933e+14  8.90e+08       5s
   3   9.76e+05 1.57e+01   8.93372711e+12 -6.18880828e+13  3.85e+08       8s
   4   4.85e+05 1.04e+01   9.67875123e+12 -4.62270875e+13  2.88e+08      13s
   5   2.02e+05 5.45e+00   9.65163704e+12 -2.81454031e+13  1.65e+08      21s
 Constructing starting basis...
   6   5.97e+04 3.12e+00   9.19182118e+12 -1.83228854e+13  1.09e+08      46s
   7   6.72e+03 1.25e+00   7.05973448e+12 -7.80437034e+12  4.50e+07      64s
   8   9.52e+02 3.80e-01   5.15735430e+12 -2.84028707e+12  1.52e+07      84s
   9   3.49e+02 1.64e-01   3.59565606e+12 -1.33907370e+12  6.96e+06     108s
  10   1.99e+02 7.77e-02   2.89494610e+12 -7.55583254e+11  3.87e+06     143s
  11   1.69e+02 4.32e-02   2.74198894e+12 -5.41911840e+11  2.79e+06     174s
  12   6.42e+01 1.41e-02   1.73530846e+12 -2.58772405e+11  1.32e+06     204s
  13   3.91e+01 5.67e-03   1.24616750e+12 -1.29065458e+11  7.99e+05     231s
  14   1.14e+01 1.41e-03   4.40886357e+11 -3.51443342e+10  2.53e+05     252s
  15   3.62e+00 4.21e-04   2.28972842e+11 -1.65438993e+10  1.26e+05     271s
  16   1.73e+00 1.93e-04   1.34751658e+11 -8.35780421e+09  7.31e+04     289s
  17   1.09e+00 7.85e-05   1.14245367e+11 -5.09708342e+09  6.06e+04     307s
  18   7.26e-01 4.18e-05   9.86571185e+10 -3.34926096e+09  5.17e+04     326s
  19   3.36e-01 2.60e-05   5.94771998e+10 -1.05295544e+09  3.07e+04     345s
  20   3.01e-01 1.61e-05   5.61231875e+10  4.64014339e+08  2.82e+04     366s
  21   1.73e-01 1.18e-05   3.82355157e+10  1.49396186e+09  1.86e+04     388s
  22   9.86e-02 7.74e-06   2.78730983e+10  2.42353878e+09  1.29e+04     415s
  23   4.50e-02 4.65e-06   1.84953886e+10  3.27992983e+09  7.70e+03     450s
  24   2.90e-02 3.00e-06   1.58878556e+10  3.70313256e+09  6.17e+03     494s
  25   2.06e-02 2.07e-06   1.40770295e+10  3.99131525e+09  5.11e+03     531s
  26   1.80e-02 1.31e-06   1.32872157e+10  4.29450933e+09  4.55e+03     565s
  27   1.47e-02 7.39e-07   1.22251790e+10  4.52434757e+09  3.90e+03     596s
  28   1.43e-02 6.30e-07   1.21053425e+10  4.56086180e+09  3.82e+03     632s
  29   1.22e-02 3.57e-07   1.15573393e+10  4.63665604e+09  3.50e+03     662s
  30   7.72e-03 2.38e-07   9.53346261e+09  4.74976087e+09  2.42e+03     691s
  31   6.44e-03 1.67e-07   9.17133973e+09  4.77750999e+09  2.22e+03     732s
  32   3.00e-03 1.87e-08   8.27537544e+09  4.82596463e+09  1.75e+03     761s
  33   2.77e-03 9.07e-09   8.22450418e+09  4.82740534e+09  1.72e+03     797s
  34   1.30e-03 5.59e-09   6.66696851e+09  4.91717552e+09  8.86e+02     824s
  35   9.10e-04 4.42e-09   6.33236999e+09  4.94187099e+09  7.04e+02     876s
  36   8.50e-04 3.92e-09   6.27437285e+09  4.95321526e+09  6.69e+02     919s
  37   4.76e-04 2.39e-09   5.86640712e+09  4.99248739e+09  4.42e+02     950s
  38   3.72e-04 1.66e-09   5.78987973e+09  5.00626821e+09  3.97e+02     988s
  39   2.83e-04 7.89e-10   5.68338430e+09  5.03123817e+09  3.30e+02    1018s
  40   2.29e-04 4.69e-10   5.59471589e+09  5.04478211e+09  2.78e+02    1050s
  41   1.61e-04 4.08e-10   5.48988122e+09  5.04715002e+09  2.24e+02    1077s
  42   1.47e-04 3.52e-10   5.48110221e+09  5.04756826e+09  2.19e+02    1102s
  43   6.75e-05 1.76e-10   5.32118374e+09  5.05782655e+09  1.33e+02    1124s
  44   5.14e-05 1.32e-10   5.30137537e+09  5.05929926e+09  1.23e+02    1148s
  45   2.85e-05 7.13e-11   5.25092946e+09  5.06328595e+09  9.50e+01    1169s
  46   1.89e-05 3.06e-11   5.22311493e+09  5.06692519e+09  7.91e+01    1190s
  47   1.21e-05 2.22e-11   5.17706798e+09  5.06933941e+09  5.45e+01    1211s
  48   9.48e-06 1.72e-11   5.16462799e+09  5.07034340e+09  4.77e+01    1232s
  49   6.29e-06 1.19e-11   5.14025814e+09  5.07208473e+09  3.45e+01    1251s
  50   5.63e-06 8.98e-12   5.13580682e+09  5.07288459e+09  3.18e+01    1273s
  51   4.77e-06 8.11e-12   5.12875174e+09  5.07320087e+09  2.81e+01    1293s
  52   3.10e-06 5.88e-12   5.11687444e+09  5.07388289e+09  2.18e+01    1311s
  53   1.46e-06 2.69e-12   5.10155013e+09  5.07516892e+09  1.34e+01    1330s
  54   7.75e-07 1.36e-12   5.09505709e+09  5.07570659e+09  9.79e+00    1348s
  55   6.56e-07 1.17e-12   5.09262809e+09  5.07587797e+09  8.48e+00    1366s
  56   4.17e-07 7.39e-13   5.08726550e+09  5.07626991e+09  5.57e+00    1384s
  57   2.98e-07 4.26e-13   5.08523050e+09  5.07653874e+09  4.40e+00    1403s
  58   1.79e-07 2.27e-13   5.08182797e+09  5.07678010e+09  2.55e+00    1419s
  59   8.94e-08 7.11e-14   5.07949154e+09  5.07699485e+09  1.26e+00    1435s
  60   1.43e-07 4.26e-14   5.07730909e+09  5.07705419e+09  1.29e-01    1450s
  61   1.74e-07 4.26e-14   5.07708812e+09  5.07707378e+09  7.25e-03    1467s
  62   1.32e-07 4.26e-14   5.07707725e+09  5.07707642e+09  4.15e-04    1485s
  63   8.27e-08 4.26e-14   5.07707708e+09  5.07707702e+09  2.69e-05    1504s
  64*  1.04e-07 4.26e-14   5.07707707e+09  5.07707707e+09  1.29e-06    1523s
Summary
    Runtime:                                            1523.54s
    Status interior point solve:                        optimal
    Status crossover:                                   not run
    objective value:                                    5.07707707e+09
    interior solution primal residual (abs/rel):        1.49e-07 / 1.02e-15
    interior solution dual residual (abs/rel):          5.27e-11 / 5.99e-13
    interior solution objective gap (abs/rel):          2.51e+00 / 4.94e-10
Ipx: IPM       optimal
Model   status      : Optimal
IPM       iterations: 64
Objective value     :  5.0770770685e+09
HiGHS run time      :       1536.48
Presolving model
1212651 rows, 2664335 cols, 6804620 nonzeros
929464 rows, 1799692 cols, 5073306 nonzeros
921303 rows, 1037969 cols, 3546030 nonzeros
911771 rows, 1027775 cols, 3525661 nonzeros
Presolve : Reductions: rows 911771(-9372681); columns 1027775(-5892327); elements 3525661(-35801493)
Solving the presolved LP
IPX model has 911771 rows, 1027775 columns and 3525661 nonzeros
Input
    Number of variables:                                1027775
    Number of free variables:                           0
    Number of constraints:                              911771
    Number of equality constraints:                     56181
    Number of matrix entries:                           3525661
    Matrix range:                                       [1e-02, 1e+00]
    RHS range:                                          [2e+05, 1e+08]
    Objective range:                                    [2e-04, 1e+07]
    Bounds range:                                       [7e+05, 1e+08]
Preprocessing
    Dualized model:                                     no
    Number of dense columns:                            0
    Range of scaling factors:                           [1.00e+00, 2.00e+00]
IPX version 1.0
Interior Point Solve
 Iter     P.res    D.res            P.obj           D.obj        mu     Time
   0   1.52e+07 2.86e+06   2.10946153e+14 -8.81941591e+18  4.81e+13       0s
   1   5.06e+06 2.14e+06   6.41092085e+17 -7.04906537e+18  3.82e+13       2s
   2   2.60e+06 1.80e+06   1.06932679e+18 -6.41941341e+18  4.21e+13       5s
   3   1.03e+06 7.52e+05   1.11320100e+18 -2.97528101e+18  1.85e+13       8s
   4   5.08e+05 4.93e+05   1.16498773e+18 -2.21337044e+18  1.36e+13      13s
   5   2.16e+05 2.64e+05   1.10665114e+18 -1.37782503e+18  7.98e+12      21s
 Constructing starting basis...
   6   6.65e+04 1.51e+05   9.82295119e+17 -9.05453343e+17  5.19e+12      48s
   7   6.65e-02 5.75e+04   6.28815990e+17 -3.75644654e+17  1.96e+12      67s
   8   2.86e-05 2.21e+04   3.82461550e+17 -1.66761276e+17  7.57e+11      86s
   9   1.53e-05 9.23e+03   2.90813617e+17 -8.20198249e+16  3.66e+11     107s
  10   1.72e-05 5.11e+03   2.70370521e+17 -5.58316534e+16  2.61e+11     129s
  11   9.54e-06 1.69e+03   1.87840309e+17 -3.13900531e+16  1.38e+11     151s
  12   1.05e-05 7.41e+02   1.57488726e+17 -1.80862657e+16  1.00e+11     173s
  13   4.77e-06 3.61e+02   1.03069013e+17 -9.77436076e+15  6.14e+10     197s
  14   9.06e-06 1.48e+02   6.20994257e+16 -4.38647031e+15  3.50e+10     218s
  15   3.10e-06 5.69e+01   3.59032351e+16 -1.93342433e+15  1.96e+10     238s
  16   9.54e-07 2.33e+01   1.67331551e+16 -8.90166084e+14  9.08e+09     256s
  17   1.07e-06 1.46e+01   1.37389072e+16 -7.80297384e+14  7.48e+09     273s
  18   1.07e-06 7.89e+00   5.99273838e+15 -5.15093105e+14  3.38e+09     289s
  19   7.75e-07 3.66e+00   5.51688704e+15 -3.67992277e+14  3.03e+09     306s
  20   5.96e-07 2.48e+00   3.56750161e+15 -2.62889544e+14  1.97e+09     324s
  21   5.36e-07 1.58e+00   2.61763219e+15 -1.77717700e+14  1.44e+09     342s
  22   5.36e-07 9.33e-01   1.06869508e+15 -1.08808260e+14  6.08e+08     359s
  23   5.96e-07 4.79e-01   3.28005900e+14 -5.83557773e+13  2.02e+08     376s
  24   5.96e-07 1.82e-01   9.88578272e+13 -2.30105555e+13  6.39e+07     394s
  25   5.36e-07 4.62e-02   3.36483105e+13 -6.52287521e+12  2.09e+07     413s
  26   5.36e-07 1.02e-02   1.46743365e+13 -1.76063403e+12  8.42e+06     432s
  27   7.15e-07 4.83e-03   9.19118424e+12 -9.22234100e+11  5.16e+06     450s
  28   5.96e-07 2.90e-03   5.85810962e+12 -6.14634158e+11  3.30e+06     466s
  29   4.77e-07 1.37e-03   4.56650362e+12 -3.74493530e+11  2.51e+06     482s
  30   5.96e-07 8.74e-04   3.61483915e+12 -2.83289959e+11  1.98e+06     497s
  31   5.36e-07 4.13e-04   1.99724982e+12 -1.47608510e+11  1.09e+06     511s
  32   5.96e-07 2.32e-04   1.64772706e+12 -9.09661848e+10  8.81e+05     527s
  33   4.77e-07 1.35e-04   1.41609244e+12 -6.57873319e+10  7.51e+05     543s
  34   4.17e-07 6.61e-05   1.10106896e+12 -3.45989840e+10  5.75e+05     557s
  35   4.77e-07 4.53e-05   9.68842425e+11 -3.07928259e+10  5.06e+05     572s
  36   4.77e-07 2.48e-05   7.40931264e+11 -2.49313079e+10  3.88e+05     585s
  37   4.17e-07 1.70e-05   5.66878287e+11 -2.12597576e+10  2.98e+05     600s
  38   4.17e-07 4.79e-06   2.89771383e+11 -5.56985255e+09  1.49e+05     614s
  39   3.87e-07 2.52e-06   1.83478735e+11  1.85633183e+09  9.19e+04     629s
  40   2.91e-07 2.20e-06   1.75703119e+11  2.53217602e+09  8.76e+04     644s
  41   1.34e-07 9.87e-07   8.79456672e+10  8.26314389e+09  4.03e+04     657s
  42   1.49e-07 6.78e-07   6.44432336e+10  9.60210649e+09  2.78e+04     672s
  43   1.49e-07 2.57e-07   4.54144263e+10  1.20828673e+10  1.69e+04     686s
  44   9.98e-08 1.16e-07   3.56879232e+10  1.30943706e+10  1.14e+04     699s
  45   1.34e-07 6.15e-08   3.05395582e+10  1.36404674e+10  8.55e+03     711s
  46   1.02e-07 3.54e-08   2.22657667e+10  1.39148347e+10  4.23e+03     724s
  47   2.09e-07 1.68e-08   1.86587412e+10  1.41534392e+10  2.28e+03     736s
  48   1.19e-07 7.45e-09   1.65666618e+10  1.42729936e+10  1.16e+03     748s
  49   1.27e-07 4.66e-09   1.52879696e+10  1.43067540e+10  4.97e+02     760s
  50   1.19e-07 3.73e-09   1.47803117e+10  1.43405856e+10  2.23e+02     772s
  51   2.24e-07 3.73e-09   1.45285350e+10  1.43549929e+10  8.78e+01     784s
  52   2.40e-07 3.73e-09   1.44024345e+10  1.43609081e+10  2.10e+01     795s
  53   2.70e-07 3.73e-09   1.43761859e+10  1.43638541e+10  6.24e+00     806s
  54   2.26e-07 3.73e-09   1.43664190e+10  1.43643424e+10  1.05e+00     816s
  55   1.21e-07 3.73e-09   1.43645438e+10  1.43644144e+10  6.55e-02     826s
  56   1.64e-07 3.73e-09   1.43644425e+10  1.43644276e+10  7.53e-03     836s
  57   1.19e-07 3.73e-09   1.43644318e+10  1.43644308e+10  4.91e-04     847s
  58   3.13e-07 1.86e-09   1.43644312e+10  1.43644310e+10  5.98e-05     858s
  59*  3.43e-07 1.86e-09   1.43644311e+10  1.43644311e+10  4.05e-06     869s
Summary
    Runtime:                                            869.45s
    Status interior point solve:                        optimal
    Status crossover:                                   not run
    objective value:                                    1.43644311e+10
    interior solution primal residual (abs/rel):        7.00e-07 / 4.80e-15
    interior solution dual residual (abs/rel):          9.31e-10 / 9.62e-17
    interior solution objective gap (abs/rel):          7.56e+00 / 5.26e-10
Ipx: IPM       optimal
Model   status      : Optimal
IPM       iterations: 59
Objective value     :  1.4364431089e+10
HiGHS run time      :        882.73
Presolving model
1212651 rows, 2664335 cols, 6804620 nonzeros
929464 rows, 1799692 cols, 5073306 nonzeros
921303 rows, 1037969 cols, 3546030 nonzeros
911771 rows, 1027775 cols, 3525661 nonzeros
Presolve : Reductions: rows 911771(-9402741); columns 1027775(-5892327); elements 3525661(-35831553)
Solving the presolved LP
IPX model has 911771 rows, 1027775 columns and 3525661 nonzeros
Input
    Number of variables:                                1027775
    Number of free variables:                           0
    Number of constraints:                              911771
    Number of equality constraints:                     56181
    Number of matrix entries:                           3525661
    Matrix range:                                       [1e-02, 1e+00]
    RHS range:                                          [2e+05, 1e+08]
    Objective range:                                    [2e-04, 1e+07]
    Bounds range:                                       [7e+05, 1e+08]
Preprocessing
    Dualized model:                                     no
    Number of dense columns:                            0
    Range of scaling factors:                           [1.00e+00, 2.00e+00]
IPX version 1.0
Interior Point Solve
 Iter     P.res    D.res            P.obj           D.obj        mu     Time
   0   1.52e+07 2.86e+06   2.19257412e+14 -8.81151607e+18  4.81e+13       0s
   1   5.06e+06 2.14e+06   6.47322857e+17 -7.04249349e+18  3.81e+13       2s
   2   2.60e+06 1.80e+06   1.08004723e+18 -6.41457490e+18  4.21e+13       5s
   3   1.02e+06 7.51e+05   1.12518530e+18 -2.96965556e+18  1.85e+13       8s
   4   5.03e+05 4.93e+05   1.17721430e+18 -2.21032301e+18  1.36e+13      13s
   5   2.11e+05 2.62e+05   1.11732796e+18 -1.36654104e+18  7.91e+12      21s
 Constructing starting basis...
   6   6.04e+04 1.48e+05   9.84434785e+17 -8.85909417e+17  5.07e+12      49s
   7   6.04e-02 5.74e+04   6.36549066e+17 -3.76090244e+17  1.95e+12      68s
   8   2.86e-05 2.21e+04   3.88833980e+17 -1.67177904e+17  7.54e+11      88s
   9   1.53e-05 9.22e+03   2.95181951e+17 -8.19024616e+16  3.64e+11     106s
  10   1.91e-05 5.08e+03   2.74120649e+17 -5.54060904e+16  2.59e+11     127s
  11   2.10e-05 1.70e+03   1.91844144e+17 -3.14334374e+16  1.39e+11     147s
  12   8.58e-06 8.06e+02   1.60527987e+17 -1.88577040e+16  1.02e+11     171s
  13   9.54e-06 3.88e+02   1.15147130e+17 -1.02532801e+16  6.79e+10     193s
  14   3.81e-06 1.61e+02   6.49551564e+16 -4.62281703e+15  3.65e+10     213s
  15   4.77e-06 5.53e+01   2.16885757e+16 -1.81250006e+15  1.22e+10     233s
  16   1.31e-06 2.75e+01   1.01376572e+16 -9.89530310e+14  5.78e+09     251s
  17   4.77e-07 1.46e+01   6.08258447e+15 -6.36409028e+14  3.50e+09     268s
  18   2.98e-07 9.08e+00   3.39890049e+15 -4.29522161e+14  2.00e+09     285s
  19   3.28e-07 5.79e+00   1.62054108e+15 -2.80656048e+14  1.01e+09     303s
  20   3.58e-07 3.79e+00   1.18371739e+15 -1.99524439e+14  7.35e+08     320s
  21   5.96e-07 1.98e+00   4.69856475e+14 -1.07144051e+14  3.11e+08     338s
  22   5.36e-07 1.18e+00   3.59504144e+14 -6.74477623e+13  2.28e+08     358s
  23   4.77e-07 5.99e-01   2.05439223e+14 -3.57473328e+13  1.28e+08     376s
  24   4.77e-07 1.47e-01   7.92360567e+13 -9.68407482e+12  4.64e+07     394s
  25   4.17e-07 2.20e-02   3.72011842e+13 -2.20797257e+12  2.02e+07     411s
  26   4.17e-07 6.64e-03   1.42854572e+13 -7.92165588e+11  7.68e+06     427s
  27   8.34e-07 3.75e-03   7.72578811e+12 -6.13825568e+11  4.26e+06     442s
  28   7.15e-07 1.26e-03   5.10450119e+12 -2.88891046e+11  2.74e+06     458s
  29   7.15e-07 4.53e-04   3.15087076e+12 -1.44334621e+11  1.67e+06     473s
  30   8.34e-07 3.48e-04   2.32991530e+12 -1.24007778e+11  1.24e+06     488s
  31   5.36e-07 1.63e-04   1.43508517e+12 -7.43041227e+10  7.65e+05     502s
  32   4.77e-07 8.38e-05   1.05811824e+12 -4.90300799e+10  5.61e+05     517s
  33   3.58e-07 2.72e-05   6.34215878e+11 -2.52824412e+10  3.34e+05     530s
  34   3.58e-07 1.04e-05   4.12134942e+11 -1.37464739e+10  2.16e+05     544s
  35   2.83e-07 3.96e-06   1.89592985e+11 -2.28433065e+09  9.71e+04     558s
  36   3.13e-07 2.84e-06   1.24045845e+11 -1.40366888e+08  6.29e+04     572s
  37   2.53e-07 1.14e-06   6.26506141e+10  4.96363764e+09  2.92e+04     585s
  38   5.96e-08 4.95e-07   3.98525792e+10  7.10582745e+09  1.66e+04     599s
  39   1.34e-07 3.12e-07   3.48991799e+10  7.76144246e+09  1.37e+04     613s
  40   1.64e-07 1.31e-07   2.46234042e+10  8.56283474e+09  8.13e+03     625s
  41   1.19e-07 4.66e-08   1.83458029e+10  9.03019376e+09  4.71e+03     638s
  42   8.94e-08 2.98e-08   1.41073556e+10  9.11993294e+09  2.52e+03     650s
  43   1.19e-07 1.58e-08   1.13773425e+10  9.23748905e+09  1.08e+03     662s
  44   1.64e-07 9.31e-09   1.01484173e+10  9.30563442e+09  4.27e+02     673s
  45   1.42e-07 4.66e-09   9.73464130e+09  9.34894789e+09  1.95e+02     685s
  46   1.04e-07 5.59e-09   9.53272221e+09  9.36787957e+09  8.34e+01     696s
  47   1.79e-07 3.73e-09   9.42856882e+09  9.37349556e+09  2.79e+01     708s
  48   1.34e-07 3.73e-09   9.41156903e+09  9.37646040e+09  1.78e+01     719s
  49   1.20e-07 3.73e-09   9.38919289e+09  9.37983671e+09  4.74e+00     730s
  50   1.63e-07 3.73e-09   9.38213536e+09  9.38054400e+09  8.05e-01     739s
  51   2.47e-07 3.73e-09   9.38088756e+09  9.38064335e+09  1.24e-01     749s
  52   1.16e-07 3.73e-09   9.38075271e+09  9.38066374e+09  4.50e-02     760s
  53   1.19e-07 5.59e-09   9.38067622e+09  9.38067110e+09  2.59e-03     770s
  54   2.85e-07 3.73e-09   9.38067379e+09  9.38067328e+09  2.57e-04     781s
  55   1.07e-06 1.86e-09   9.38067365e+09  9.38067362e+09  1.67e-05     793s
  56*  9.54e-07 1.86e-09   9.38067364e+09  9.38067364e+09  9.89e-07     804s
Summary
    Runtime:                                            803.89s
    Status interior point solve:                        optimal
    Status crossover:                                   not run
    objective value:                                    9.38067364e+09
    interior solution primal residual (abs/rel):        8.49e-07 / 5.82e-15
    interior solution dual residual (abs/rel):          9.31e-10 / 9.62e-17
    interior solution objective gap (abs/rel):          1.39e+00 / 1.48e-10
Ipx: IPM       optimal
Model   status      : Optimal
IPM       iterations: 56
Objective value     :  9.3806736386e+09
HiGHS run time      :        817.14
Presolving model
1212651 rows, 2664335 cols, 6804620 nonzeros
929464 rows, 1799692 cols, 5073306 nonzeros
921303 rows, 1037969 cols, 3546030 nonzeros
911771 rows, 1027775 cols, 3525661 nonzeros
Presolve : Reductions: rows 911771(-9432801); columns 1027775(-5892327); elements 3525661(-35861613)
Solving the presolved LP
IPX model has 911771 rows, 1027775 columns and 3525661 nonzeros
Input
    Number of variables:                                1027775
    Number of free variables:                           0
    Number of constraints:                              911771
    Number of equality constraints:                     56181
    Number of matrix entries:                           3525661
    Matrix range:                                       [1e-02, 1e+00]
    RHS range:                                          [2e+05, 1e+08]
    Objective range:                                    [2e-04, 1e+07]
    Bounds range:                                       [7e+05, 1e+08]
Preprocessing
    Dualized model:                                     no
    Number of dense columns:                            0
    Range of scaling factors:                           [1.00e+00, 2.00e+00]
IPX version 1.0
Interior Point Solve
 Iter     P.res    D.res            P.obj           D.obj        mu     Time
   0   1.52e+07 2.86e+06   2.20093377e+14 -8.81159113e+18  4.81e+13       0s
   1   5.06e+06 2.14e+06   6.47501730e+17 -7.04254477e+18  3.81e+13       2s
   2   2.60e+06 1.80e+06   1.08044029e+18 -6.41475037e+18  4.21e+13       5s
   3   1.02e+06 7.51e+05   1.12564136e+18 -2.96961786e+18  1.85e+13       8s
   4   5.02e+05 4.93e+05   1.17753757e+18 -2.20995120e+18  1.36e+13      13s
   5   2.11e+05 2.62e+05   1.11744893e+18 -1.36547718e+18  7.90e+12      21s
 Constructing starting basis...
   6   5.98e+04 1.48e+05   9.83600522e+17 -8.83965645e+17  5.06e+12      49s
   7   5.98e-02 5.72e+04   6.36252609e+17 -3.74905687e+17  1.95e+12      68s
   8   1.34e-05 2.21e+04   3.88453319e+17 -1.67066878e+17  7.53e+11      87s
   9   1.34e-05 9.07e+03   2.95077417e+17 -8.09415705e+16  3.61e+11     106s
  10   5.72e-06 5.08e+03   2.75226075e+17 -5.54751005e+16  2.60e+11     127s
  11   1.05e-05 1.67e+03   1.89512829e+17 -3.07814908e+16  1.37e+11     147s
  12   1.24e-05 7.35e+02   1.58759759e+17 -1.81326593e+16  9.98e+10     171s
  13   4.77e-06 3.44e+02   1.02795822e+17 -9.42069248e+15  6.04e+10     194s
  14   5.72e-06 1.51e+02   5.65589646e+16 -4.46979911e+15  3.20e+10     215s
  15   2.86e-06 4.89e+01   1.90160182e+16 -1.66409785e+15  1.07e+10     234s
  16   1.55e-06 2.66e+01   1.51337211e+16 -9.81536901e+14  8.30e+09     251s
  17   1.01e-06 1.52e+01   7.87986937e+15 -6.10088176e+14  4.38e+09     268s
  18   6.26e-07 8.66e+00   4.72505767e+15 -4.14555462e+14  2.66e+09     285s
  19   4.17e-07 5.75e+00   3.44696595e+15 -2.86960578e+14  1.93e+09     303s
  20   4.17e-07 4.07e+00   2.05523481e+15 -2.06520446e+14  1.18e+09     319s
  21   2.98e-07 2.71e+00   1.16359996e+15 -1.42289134e+14  6.83e+08     335s
  22   4.47e-07 1.43e+00   4.48990015e+14 -7.95007320e+13  2.80e+08     352s
  23   4.47e-07 8.64e-01   3.20697683e+14 -5.14841262e+13  1.96e+08     371s
  24   5.07e-07 3.25e-01   1.45503575e+14 -2.06931286e+13  8.71e+07     388s
  25   4.77e-07 8.00e-02   5.94192704e+13 -6.39068241e+12  3.41e+07     406s
  26   4.77e-07 2.49e-02   2.12295616e+13 -2.16144296e+12  1.20e+07     423s
  27   4.77e-07 9.13e-03   1.44198761e+13 -1.03746407e+12  7.90e+06     440s
  28   4.77e-07 6.08e-03   5.74285714e+12 -7.30096840e+11  3.32e+06     456s
  29   4.17e-07 2.51e-03   4.23156528e+12 -3.71168775e+11  2.34e+06     473s
  30   4.77e-07 1.37e-03   3.50145238e+12 -2.58688565e+11  1.91e+06     489s
  31   4.77e-07 6.24e-04   2.26218800e+12 -1.34420142e+11  1.22e+06     505s
  32   5.36e-07 3.05e-04   1.32941477e+12 -8.24072364e+10  7.16e+05     520s
  33   4.77e-07 2.04e-04   9.21380176e+11 -6.52281343e+10  5.00e+05     534s
  34   2.98e-07 6.88e-05   4.86633383e+11 -2.46232722e+10  2.59e+05     548s
  35   2.38e-07 3.87e-05   3.78515734e+11 -1.68432244e+10  2.00e+05     562s
  36   2.53e-07 2.22e-05   1.95563046e+11 -7.76751571e+09  1.03e+05     575s
  37   1.69e-07 1.30e-05   1.12972054e+11 -2.84424012e+09  5.86e+04     589s
  38   1.24e-07 6.22e-06   6.10055719e+10  1.90555120e+09  2.99e+04     603s
  39   1.64e-07 3.46e-06   3.51712817e+10  4.34455242e+09  1.56e+04     617s
  40   1.24e-07 1.22e-06   1.94949117e+10  7.00414125e+09  6.32e+03     631s
  41   1.07e-07 7.41e-07   1.58156119e+10  7.59997802e+09  4.16e+03     645s
  42   1.78e-07 2.49e-07   1.07369485e+10  8.39297023e+09  1.19e+03     658s
  43   9.31e-08 1.19e-07   9.81654805e+09  8.61439746e+09  6.08e+02     672s
  44   2.04e-07 4.94e-08   9.38681066e+09  8.73736343e+09  3.29e+02     684s
  45   2.83e-07 1.86e-08   9.09774790e+09  8.79747682e+09  1.52e+02     696s
  46   1.75e-07 9.31e-09   8.93423965e+09  8.81764597e+09  5.90e+01     708s
  47   1.49e-07 4.66e-09   8.88951410e+09  8.82537216e+09  3.25e+01     719s
  48   2.33e-07 3.73e-09   8.84828375e+09  8.82897011e+09  9.78e+00     729s
  49   1.25e-07 3.73e-09   8.83272963e+09  8.83008158e+09  1.34e+00     741s
  50   2.38e-07 5.59e-09   8.83054605e+09  8.83037006e+09  8.91e-02     752s
  51   2.53e-07 3.73e-09   8.83044603e+09  8.83039593e+09  2.54e-02     762s
  52   1.82e-07 3.73e-09   8.83040942e+09  8.83040027e+09  4.63e-03     772s
  53   1.27e-07 2.79e-09   8.83040653e+09  8.83040139e+09  2.60e-03     782s
  54   5.36e-07 2.79e-09   8.83040232e+09  8.83040162e+09  3.53e-04     793s
  55   8.64e-07 1.86e-09   8.83040186e+09  8.83040182e+09  2.10e-05     804s
  56*  7.60e-07 1.86e-09   8.83040184e+09  8.83040183e+09  3.20e-06     812s
Summary
    Runtime:                                            812.14s
    Status interior point solve:                        optimal
    Status crossover:                                   not run
    objective value:                                    8.83040184e+09
    interior solution primal residual (abs/rel):        4.02e-07 / 2.76e-15
    interior solution dual residual (abs/rel):          9.31e-10 / 9.62e-17
    interior solution objective gap (abs/rel):          5.43e+00 / 6.15e-10
Ipx: IPM       optimal
Model   status      : Optimal
IPM       iterations: 56
Objective value     :  8.8304018355e+09
HiGHS run time      :        825.53
Presolving model
1212651 rows, 2664335 cols, 6804620 nonzeros
929464 rows, 1799692 cols, 5073306 nonzeros
921303 rows, 1037969 cols, 3546030 nonzeros
911771 rows, 1027775 cols, 3525661 nonzeros
Presolve : Reductions: rows 911771(-9462861); columns 1027775(-5892327); elements 3525661(-35891673)
Solving the presolved LP
IPX model has 911771 rows, 1027775 columns and 3525661 nonzeros
Input
    Number of variables:                                1027775
    Number of free variables:                           0
    Number of constraints:                              911771
    Number of equality constraints:                     56181
    Number of matrix entries:                           3525661
    Matrix range:                                       [1e-02, 1e+00]
    RHS range:                                          [2e+05, 1e+08]
    Objective range:                                    [2e-04, 1e+07]
    Bounds range:                                       [7e+05, 1e+08]
Preprocessing
    Dualized model:                                     no
    Number of dense columns:                            0
    Range of scaling factors:                           [1.00e+00, 2.00e+00]
IPX version 1.0
Interior Point Solve
 Iter     P.res    D.res            P.obj           D.obj        mu     Time
   0   1.52e+07 2.86e+06   2.20326802e+14 -8.81159483e+18  4.81e+13       0s
   1   5.06e+06 2.14e+06   6.47561304e+17 -7.04254515e+18  3.81e+13       2s
   2   2.60e+06 1.80e+06   1.08053694e+18 -6.41472914e+18  4.21e+13       5s
   3   1.02e+06 7.51e+05   1.12575138e+18 -2.96963858e+18  1.85e+13       8s
   4   5.02e+05 4.93e+05   1.17763708e+18 -2.20992474e+18  1.36e+13      13s
   5   2.11e+05 2.62e+05   1.11754317e+18 -1.36540434e+18  7.90e+12      21s
 Constructing starting basis...
   6   5.97e+04 1.48e+05   9.83572744e+17 -8.83743265e+17  5.05e+12      49s
   7   5.97e-02 5.73e+04   6.36806643e+17 -3.76067821e+17  1.95e+12      68s
   8   9.54e-06 2.21e+04   3.88590627e+17 -1.66862381e+17  7.52e+11      87s
   9   1.53e-05 9.08e+03   2.95373524e+17 -8.10591964e+16  3.61e+11     106s
  10   9.54e-06 5.05e+03   2.75305756e+17 -5.53145295e+16  2.59e+11     127s
  11   1.14e-05 1.53e+03   1.89663473e+17 -2.97237756e+16  1.34e+11     146s
  12   5.72e-06 6.94e+02   1.51601131e+17 -1.87553075e+16  9.58e+10     170s
  13   7.63e-06 3.81e+02   9.88942491e+16 -1.12194401e+16  5.98e+10     193s
  14   6.68e-06 1.31e+02   4.99774642e+16 -4.37630829e+15  2.85e+10     213s
  15   2.86e-06 4.25e+01   1.80344565e+16 -1.64347450e+15  1.02e+10     232s
  16   1.19e-06 2.32e+01   1.27815636e+16 -9.69705041e+14  7.09e+09     249s
  17   8.94e-07 1.26e+01   6.65812589e+15 -5.79004110e+14  3.74e+09     265s
  18   7.75e-07 6.76e+00   4.11803429e+15 -3.71179530e+14  2.32e+09     282s
  19   3.87e-07 4.62e+00   1.89609242e+15 -2.59223168e+14  1.13e+09     300s
  20   3.58e-07 3.19e+00   1.49721674e+15 -1.94832287e+14  8.87e+08     317s
  21   4.77e-07 1.86e+00   7.33883218e+14 -1.14064534e+14  4.47e+08     334s
  22   5.36e-07 1.26e+00   3.81645570e+14 -7.98965707e+13  2.46e+08     353s
  23   5.96e-07 6.19e-01   1.94658762e+14 -4.27530723e+13  1.27e+08     370s
  24   4.77e-07 1.54e-01   9.71447462e+13 -1.32741857e+13  5.76e+07     388s
  25   4.77e-07 4.70e-02   4.14763538e+13 -4.53613896e+12  2.38e+07     407s
  26   5.36e-07 1.72e-02   1.66698565e+13 -1.80642579e+12  9.51e+06     424s
  27   5.96e-07 7.10e-03   9.75111682e+12 -1.00824759e+12  5.52e+06     441s
  28   5.96e-07 3.88e-03   5.94451056e+12 -6.07228899e+11  3.35e+06     459s
  29   9.54e-07 1.88e-03   4.02164174e+12 -3.80321578e+11  2.24e+06     476s
  30   7.15e-07 1.30e-03   2.46148184e+12 -2.95338105e+11  1.40e+06     493s
  31   5.96e-07 3.23e-04   1.41517217e+12 -9.80210536e+10  7.67e+05     509s
  32   4.77e-07 2.05e-04   1.00105850e+12 -6.54714341e+10  5.40e+05     526s
  33   3.58e-07 1.25e-04   7.11971120e+11 -4.75813213e+10  3.85e+05     541s
  34   3.58e-07 5.01e-05   4.48663707e+11 -2.00623494e+10  2.37e+05     555s
  35   2.38e-07 1.53e-05   2.72917223e+11 -5.45123180e+09  1.41e+05     569s
  36   1.49e-07 6.55e-06   1.60070657e+11  1.29933044e+08  8.10e+04     583s
  37   1.27e-07 2.45e-06   8.68172099e+10  4.51306733e+09  4.17e+04     596s
  38   1.34e-07 4.55e-07   4.32790897e+10  6.97645758e+09  1.84e+04     610s
  39   7.47e-08 1.66e-07   2.53849448e+10  7.82711684e+09  8.89e+03     624s
  40   1.55e-07 6.52e-08   1.37249546e+10  8.29629545e+09  2.75e+03     637s
  41   1.49e-07 2.79e-08   1.12193397e+10  8.51199153e+09  1.37e+03     651s
  42   1.92e-07 1.30e-08   9.95871755e+09  8.58673640e+09  6.94e+02     664s
  43   1.04e-07 7.45e-09   9.28986045e+09  8.63302612e+09  3.32e+02     677s
  44   1.15e-07 5.59e-09   8.91756846e+09  8.65248646e+09  1.34e+02     688s
  45   5.96e-08 3.73e-09   8.75170825e+09  8.66328357e+09  4.48e+01     700s
  46   8.94e-08 3.73e-09   8.72685372e+09  8.66802723e+09  2.98e+01     712s
  47   1.04e-07 3.73e-09   8.67755929e+09  8.67028870e+09  3.68e+00     723s
  48   1.09e-07 3.73e-09   8.67176262e+09  8.67091101e+09  4.31e-01     734s
  49   1.12e-07 3.73e-09   8.67111088e+09  8.67101789e+09  4.71e-02     745s
  50   1.12e-07 3.73e-09   8.67105890e+09  8.67105183e+09  3.58e-03     757s
  51   2.26e-07 3.73e-09   8.67105648e+09  8.67105588e+09  3.04e-04     769s
  52   6.26e-07 1.86e-09   8.67105621e+09  8.67105612e+09  4.55e-05     782s
  53*  8.87e-07 1.86e-09   8.67105617e+09  8.67105617e+09  3.40e-06     793s
Summary
    Runtime:                                            792.77s
    Status interior point solve:                        optimal
    Status crossover:                                   not run
    objective value:                                    8.67105617e+09
    interior solution primal residual (abs/rel):        1.09e-06 / 7.45e-15
    interior solution dual residual (abs/rel):          9.31e-10 / 9.62e-17
    interior solution objective gap (abs/rel):          6.06e+00 / 6.98e-10
Ipx: IPM       optimal
Model   status      : Optimal
IPM       iterations: 53
Objective value     :  8.6710561704e+09
HiGHS run time      :        806.11
Presolving model
1212651 rows, 2664335 cols, 6804620 nonzeros
929464 rows, 1799692 cols, 5073306 nonzeros
921303 rows, 1037969 cols, 3546030 nonzeros
911771 rows, 1027775 cols, 3525661 nonzeros
Presolve : Reductions: rows 911771(-9492921); columns 1027775(-5892327); elements 3525661(-35921733)
Solving the presolved LP
IPX model has 911771 rows, 1027775 columns and 3525661 nonzeros
Input
    Number of variables:                                1027775
    Number of free variables:                           0
    Number of constraints:                              911771
    Number of equality constraints:                     56181
    Number of matrix entries:                           3525661
    Matrix range:                                       [1e-02, 1e+00]
    RHS range:                                          [2e+05, 1e+08]
    Objective range:                                    [2e-04, 1e+07]
    Bounds range:                                       [7e+05, 1e+08]
Preprocessing
    Dualized model:                                     no
    Number of dense columns:                            0
    Range of scaling factors:                           [1.00e+00, 2.00e+00]
IPX version 1.0
Interior Point Solve
 Iter     P.res    D.res            P.obj           D.obj        mu     Time
   0   1.52e+07 2.86e+06   2.20326832e+14 -8.81157779e+18  4.81e+13       0s
   1   5.06e+06 2.14e+06   6.47561473e+17 -7.04253151e+18  3.81e+13       2s
   2   2.60e+06 1.80e+06   1.08053751e+18 -6.41471738e+18  4.21e+13       5s
   3   1.02e+06 7.51e+05   1.12575296e+18 -2.96963146e+18  1.85e+13       8s
   4   5.02e+05 4.93e+05   1.17762098e+18 -2.20987324e+18  1.36e+13      13s
   5   2.11e+05 2.62e+05   1.11749032e+18 -1.36526104e+18  7.90e+12      21s
 Constructing starting basis...
   6   5.96e+04 1.48e+05   9.83515549e+17 -8.83757993e+17  5.05e+12      50s
   7   5.96e-02 5.70e+04   6.35839575e+17 -3.73797590e+17  1.94e+12      69s
   8   1.53e-05 2.20e+04   3.87450395e+17 -1.66014538e+17  7.48e+11      89s
   9   2.10e-05 9.22e+03   2.95637316e+17 -8.19060673e+16  3.64e+11     110s
  10   9.54e-06 5.05e+03   2.74308881e+17 -5.51660565e+16  2.58e+11     131s
  11   1.34e-05 1.73e+03   2.01892031e+17 -3.18480971e+16  1.46e+11     152s
  12   4.77e-06 9.80e+02   1.71163840e+17 -2.10587372e+16  1.11e+11     174s
  13   1.14e-05 5.01e+02   1.19957502e+17 -1.16348830e+16  7.23e+10     197s
  14   2.38e-06 1.74e+02   7.20732514e+16 -4.61455696e+15  4.03e+10     218s
  15   3.10e-06 5.65e+01   2.41702696e+16 -1.75147755e+15  1.34e+10     237s
  16   1.79e-06 3.16e+01   1.78708229e+16 -1.07296672e+15  9.76e+09     255s
  17   9.54e-07 1.90e+01   9.12883054e+15 -6.87000019e+14  5.07e+09     271s
  18   4.17e-07 8.61e+00   5.48235241e+15 -4.11945448e+14  3.04e+09     287s
  19   4.47e-07 5.79e+00   2.63291739e+15 -2.89294369e+14  1.52e+09     303s
  20   3.87e-07 4.03e+00   1.45464612e+15 -2.08144797e+14  8.74e+08     320s
  21   3.58e-07 2.54e+00   7.44364825e+14 -1.33299814e+14  4.65e+08     337s
  22   4.17e-07 1.58e+00   3.56732526e+14 -8.57368879e+13  2.38e+08     355s
  23   5.96e-07 8.13e-01   2.01078462e+14 -4.72341025e+13  1.33e+08     373s
  24   4.77e-07 2.44e-01   1.04761903e+14 -1.70473855e+13  6.40e+07     391s
  25   5.36e-07 7.83e-02   4.60432686e+13 -6.40294018e+12  2.73e+07     410s
  26   5.36e-07 2.24e-02   1.88924684e+13 -2.12654421e+12  1.08e+07     427s
  27   4.17e-07 9.00e-03   1.20965720e+13 -9.86312411e+11  6.70e+06     446s
  28   5.36e-07 4.17e-03   5.58389613e+12 -5.50892109e+11  3.14e+06     463s
  29   5.96e-07 2.18e-03   4.53704365e+12 -3.68685445e+11  2.50e+06     479s
  30   5.96e-07 1.16e-03   3.56378402e+12 -2.55890026e+11  1.94e+06     495s
  31   5.96e-07 5.24e-04   2.49147559e+12 -1.41999454e+11  1.34e+06     512s
  32   4.77e-07 2.15e-04   1.63649789e+12 -7.84584654e+10  8.69e+05     527s
  33   4.77e-07 6.14e-05   9.87885769e+11 -4.32206421e+10  5.22e+05     541s
  34   3.58e-07 2.90e-05   6.46133740e+11 -2.39180901e+10  3.39e+05     556s
  35   2.38e-07 1.62e-05   4.03448780e+11 -1.59402853e+10  2.12e+05     571s
  36   1.85e-07 6.91e-06   2.08887684e+11 -5.44998489e+09  1.08e+05     584s
  37   1.12e-07 3.05e-06   9.13509715e+10  7.69784189e+08  4.58e+04     598s
  38   9.69e-08 1.33e-06   6.07284814e+10  3.94662982e+09  2.87e+04     612s
  39   1.19e-07 3.65e-07   3.09998484e+10  6.90622685e+09  1.22e+04     626s
  40   1.49e-07 7.17e-08   2.07076761e+10  7.86214294e+09  6.50e+03     640s
  41   1.79e-07 2.70e-08   1.23612964e+10  8.31306803e+09  2.05e+03     653s
  42   2.24e-07 1.12e-08   1.03969406e+10  8.51161311e+09  9.54e+02     666s
  43   1.49e-07 7.45e-09   9.52523765e+09  8.56921825e+09  4.84e+02     679s
  44   1.04e-07 3.73e-09   9.06671911e+09  8.60780717e+09  2.32e+02     691s
  45   1.34e-07 3.73e-09   8.84080792e+09  8.62374084e+09  1.10e+02     702s
  46   9.69e-08 2.79e-09   8.71393990e+09  8.63043966e+09  4.23e+01     713s
  47   2.16e-07 3.73e-09   8.66837048e+09  8.63547505e+09  1.66e+01     725s
  48   8.20e-08 3.73e-09   8.64615031e+09  8.63691575e+09  4.67e+00     735s
  49   1.19e-07 3.73e-09   8.63881986e+09  8.63743427e+09  7.01e-01     746s
  50   1.22e-07 3.73e-09   8.63784399e+09  8.63763987e+09  1.03e-01     756s
  51   1.34e-07 3.73e-09   8.63772158e+09  8.63766448e+09  2.89e-02     766s
  52   1.35e-07 3.73e-09   8.63768162e+09  8.63767004e+09  5.86e-03     776s
  53   2.09e-07 3.73e-09   8.63767254e+09  8.63767139e+09  5.80e-04     787s
  54   3.24e-07 1.86e-09   8.63767217e+09  8.63767171e+09  2.37e-04     798s
  55   5.29e-07 1.86e-09   8.63767181e+09  8.63767178e+09  1.26e-05     809s
  56*  2.79e-07 1.86e-09   8.63767180e+09  8.63767179e+09  2.80e-06     816s
Summary
    Runtime:                                            816.29s
    Status interior point solve:                        optimal
    Status crossover:                                   not run
    objective value:                                    8.63767179e+09
    interior solution primal residual (abs/rel):        3.43e-07 / 2.35e-15
    interior solution dual residual (abs/rel):          9.31e-10 / 9.62e-17
    interior solution objective gap (abs/rel):          4.16e+00 / 4.81e-10
Ipx: IPM       optimal
Model   status      : Optimal
IPM       iterations: 56
Objective value     :  8.6376717941e+09
HiGHS run time      :        829.65
Presolving model
1212651 rows, 2664335 cols, 6804620 nonzeros
929464 rows, 1799692 cols, 5073306 nonzeros
921303 rows, 1037969 cols, 3546030 nonzeros
911771 rows, 1027775 cols, 3525661 nonzeros
Presolve : Reductions: rows 911771(-9522981); columns 1027775(-5892327); elements 3525661(-35951793)
Solving the presolved LP
IPX model has 911771 rows, 1027775 columns and 3525661 nonzeros
Input
    Number of variables:                                1027775
    Number of free variables:                           0
    Number of constraints:                              911771
    Number of equality constraints:                     56181
    Number of matrix entries:                           3525661
    Matrix range:                                       [1e-02, 1e+00]
    RHS range:                                          [2e+05, 1e+08]
    Objective range:                                    [2e-04, 1e+07]
    Bounds range:                                       [7e+05, 1e+08]
Preprocessing
    Dualized model:                                     no
    Number of dense columns:                            0
    Range of scaling factors:                           [1.00e+00, 2.00e+00]
IPX version 1.0
Interior Point Solve
 Iter     P.res    D.res            P.obj           D.obj        mu     Time
   0   1.52e+07 2.86e+06   2.20339124e+14 -8.81157901e+18  4.81e+13       1s
   1   5.06e+06 2.14e+06   6.47564627e+17 -7.04253268e+18  3.81e+13       2s
   2   2.60e+06 1.80e+06   1.08054444e+18 -6.41471883e+18  4.21e+13       5s
   3   1.02e+06 7.51e+05   1.12576045e+18 -2.96964234e+18  1.85e+13       8s
   4   5.02e+05 4.93e+05   1.17764741e+18 -2.20994201e+18  1.36e+13      13s
   5   2.11e+05 2.62e+05   1.11775808e+18 -1.36596998e+18  7.91e+12      21s
 Constructing starting basis...
   6   6.00e+04 1.48e+05   9.84257575e+17 -8.84827952e+17  5.06e+12      50s
   7   6.00e-02 5.74e+04   6.36284778e+17 -3.75787800e+17  1.95e+12      70s
   8   1.14e-05 2.22e+04   3.89307294e+17 -1.67474759e+17  7.55e+11      89s
   9   2.10e-05 9.06e+03   2.95098950e+17 -8.08215979e+16  3.60e+11     108s
  10   1.91e-05 5.07e+03   2.75489140e+17 -5.54655357e+16  2.60e+11     129s
  11   5.72e-06 1.54e+03   1.88395929e+17 -2.96741854e+16  1.34e+11     150s
  12   3.81e-06 6.98e+02   1.50469724e+17 -1.86360158e+16  9.52e+10     174s
  13   8.58e-06 3.73e+02   9.79893008e+16 -1.08906157e+16  5.91e+10     195s
  14   7.15e-06 1.32e+02   4.97938543e+16 -4.34565220e+15  2.84e+10     213s
  15   3.81e-06 4.30e+01   1.84313489e+16 -1.64092300e+15  1.04e+10     230s
  16   2.50e-06 2.34e+01   1.31466325e+16 -9.65566686e+14  7.28e+09     246s
  17   1.25e-06 1.31e+01   6.81049131e+15 -5.89297861e+14  3.82e+09     262s
  18   7.75e-07 6.90e+00   4.17659931e+15 -3.75714351e+14  2.36e+09     278s
  19   3.58e-07 4.69e+00   1.84055155e+15 -2.60886179e+14  1.10e+09     295s
  20   4.17e-07 3.27e+00   1.45457829e+15 -1.97057213e+14  8.67e+08     311s
  21   5.36e-07 1.88e+00   7.18208657e+14 -1.14221505e+14  4.39e+08     329s
  22   6.56e-07 1.26e+00   3.74293007e+14 -7.95750492e+13  2.42e+08     347s
  23   5.96e-07 6.27e-01   2.05846270e+14 -4.33904740e+13  1.33e+08     364s
  24   5.36e-07 1.79e-01   9.68275831e+13 -1.44893195e+13  5.83e+07     382s
  25   4.77e-07 5.75e-02   4.16168176e+13 -5.24050398e+12  2.43e+07     399s
  26   5.96e-07 2.06e-02   1.62626472e+13 -2.02983967e+12  9.46e+06     416s
  27   5.36e-07 1.04e-02   1.03946072e+13 -1.20516594e+12  5.97e+06     434s
  28   4.77e-07 4.26e-03   4.95514603e+12 -5.71943230e+11  2.83e+06     450s
  29   5.36e-07 2.04e-03   4.18836660e+12 -3.48859449e+11  2.31e+06     467s
  30   5.96e-07 1.34e-03   3.41048400e+12 -2.63595309e+11  1.87e+06     483s
  31   7.15e-07 5.56e-04   2.52103156e+12 -1.37695429e+11  1.35e+06     498s
  32   4.77e-07 2.41e-04   1.77007211e+12 -7.84832940e+10  9.37e+05     512s
  33   4.77e-07 6.80e-05   1.26293327e+12 -4.66859036e+10  6.63e+05     526s
  34   4.77e-07 2.48e-05   7.66605369e+11 -2.03922384e+10  3.98e+05     541s
  35   2.98e-07 1.27e-05   5.28411005e+11 -1.71250528e+10  2.76e+05     554s
  36   3.58e-07 4.68e-06   2.98941024e+11 -3.22005547e+09  1.53e+05     568s
  37   1.49e-07 1.73e-06   1.26202414e+11  1.74689766e+09  6.30e+04     581s
  38   2.38e-07 6.98e-07   6.89334673e+10  4.48257904e+09  3.26e+04     595s
  39   1.12e-07 1.92e-07   3.55675641e+10  7.00759947e+09  1.45e+04     609s
  40   8.11e-08 3.17e-08   2.23452396e+10  7.91474987e+09  7.30e+03     623s
  41   1.12e-07 1.30e-08   1.26872614e+10  8.33041717e+09  2.21e+03     636s
  42   1.34e-07 5.59e-09   1.06650972e+10  8.52327195e+09  1.08e+03     650s
  43   1.19e-07 5.59e-09   9.66961718e+09  8.57541502e+09  5.54e+02     662s
  44   8.31e-08 2.79e-09   9.12005705e+09  8.61519126e+09  2.56e+02     674s
  45   6.71e-08 3.73e-09   8.81144273e+09  8.63037549e+09  9.16e+01     685s
  46   1.42e-07 3.73e-09   8.70518610e+09  8.63663397e+09  3.47e+01     697s
  47   1.19e-07 3.73e-09   8.66063723e+09  8.64176692e+09  9.55e+00     709s
  48   9.50e-08 3.73e-09   8.64777949e+09  8.64333129e+09  2.25e+00     720s
  49   1.64e-07 5.59e-09   8.64461630e+09  8.64396034e+09  3.32e-01     732s
  50   1.53e-07 3.73e-09   8.64415647e+09  8.64410593e+09  2.56e-02     743s
  51   2.05e-07 3.73e-09   8.64412498e+09  8.64412010e+09  2.47e-03     754s
  52   2.68e-07 3.73e-09   8.64412181e+09  8.64412130e+09  2.58e-04     766s
  53   8.20e-07 1.86e-09   8.64412163e+09  8.64412160e+09  1.68e-05     779s
  54*  3.73e-07 1.86e-09   8.64412162e+09  8.64412161e+09  3.29e-06     786s
Summary
    Runtime:                                            785.85s
    Status interior point solve:                        optimal
    Status crossover:                                   not run
    objective value:                                    8.64412161e+09
    interior solution primal residual (abs/rel):        6.71e-07 / 4.59e-15
    interior solution dual residual (abs/rel):          9.31e-10 / 9.62e-17
    interior solution objective gap (abs/rel):          5.14e+00 / 5.95e-10
Ipx: IPM       optimal
Model   status      : Optimal
IPM       iterations: 54
Objective value     :  8.6441216142e+09
HiGHS run time      :        799.26
[ Info: Rolling step not specified in scenaio.yaml file; Setting it to 15 years
[ Info: Demand-pathway mapping not specified in scenaio.yaml file; SERA will not look for eligible pathways for different demand types.
[ Info: Production capacity constraints from the grid model not defined. SERA will not create these constraints
[ Info: Regional technology limits not specified in scenaio.yaml file; SERA will not create these constraints
STARTING DATA PRE-PROCESSING 
Processing Temporal Data
Processing Nodes
Processing Demand
Processing Existings
Processing Links
Processing Pathways
Creating Infrastructure options
 22.934773 seconds (132.06 M allocations: 15.443 GiB, 34.71% gc time, 0.44% compilation time)

OPTIMIZING FROM 2026 TO 2040 

STARTING OPTIMIZATION MODEL CREATION
CREATING VARIABLES AND EXPRESSIONS
302.878391 seconds (528.06 M allocations: 32.675 GiB, 88.97% gc time, 3.96% compilation time)
POPULATING EXPRESSIONS
133.661109 seconds (591.23 M allocations: 92.837 GiB, 11.89% gc time, 0.14% compilation time)
CREATING CONSTRAINTS
270.670303 seconds (332.75 M allocations: 19.546 GiB, 87.04% gc time, 0.49% compilation time)
POPULATED CORE OPTIMIZATION MODEL, STARTING ITERATIONS
READING COST DATA FOR ITERATION 1
246.744304 seconds (246.87 M allocations: 23.434 GiB, 77.80% gc time, 0.15% compilation time)
CREATING EXPRESSIONS FOR CAPITAL AND FIXED COST
675.822396 seconds (362.48 M allocations: 23.247 GiB, 96.07% gc time, 0.22% compilation time)
BUILDING OBJECTIVE FUNCTION
 52.978576 seconds (89.96 M allocations: 2.756 GiB, 80.12% gc time, 1.56% compilation time)
Optimizing for iteration 1
1887.143818 seconds (116.40 M allocations: 10.880 GiB, 16.96% gc time, 0.00% compilation time)
OPTIMAL
5.077077068463729e9
ϵ =  1.0
READING COST DATA FOR ITERATION 2
1937.626606 seconds (200.97 M allocations: 22.549 GiB, 25.37% gc time, 0.00% compilation time)
CREATING EXPRESSIONS FOR CAPITAL AND FIXED COST
987.416813 seconds (361.09 M allocations: 23.140 GiB, 97.48% gc time, 0.01% compilation time)
BUILDING OBJECTIVE FUNCTION
 54.425605 seconds (89.30 M allocations: 2.801 GiB, 81.78% gc time)
Optimizing for iteration 2
882.859565 seconds (5 allocations: 32 bytes)
OPTIMAL
1.4364431088939379e10
ϵ =  0.6465521650646747
READING COST DATA FOR ITERATION 3
1947.789699 seconds (200.42 M allocations: 22.590 GiB, 25.69% gc time)
CREATING EXPRESSIONS FOR CAPITAL AND FIXED COST
1003.954002 seconds (361.09 M allocations: 23.140 GiB, 97.46% gc time)
BUILDING OBJECTIVE FUNCTION
 55.588545 seconds (89.30 M allocations: 2.801 GiB, 81.84% gc time)
Optimizing for iteration 3
817.233023 seconds (2 allocations: 32 bytes)
OPTIMAL
9.380673638601542e9
ϵ =  0.531279270802168
READING COST DATA FOR ITERATION 4
1951.003593 seconds (200.36 M allocations: 22.506 GiB, 25.90% gc time)
CREATING EXPRESSIONS FOR CAPITAL AND FIXED COST
1013.032046 seconds (361.09 M allocations: 23.140 GiB, 97.49% gc time)
BUILDING OBJECTIVE FUNCTION
 56.061727 seconds (89.30 M allocations: 2.801 GiB, 81.89% gc time)
Optimizing for iteration 4
825.618256 seconds (2 allocations: 32 bytes)
OPTIMAL
8.83040183544593e9
ϵ =  0.06231560164475224
READING COST DATA FOR ITERATION 5
1964.206213 seconds (200.35 M allocations: 22.632 GiB, 26.22% gc time)
CREATING EXPRESSIONS FOR CAPITAL AND FIXED COST
1029.337521 seconds (361.09 M allocations: 23.140 GiB, 97.47% gc time)
BUILDING OBJECTIVE FUNCTION
 57.337575 seconds (89.30 M allocations: 2.801 GiB, 82.08% gc time)
Optimizing for iteration 5
806.201424 seconds (2 allocations: 32 bytes)
OPTIMAL
8.67105617037827e9
ϵ =  0.0183767308098393
READING COST DATA FOR ITERATION 6
1960.124980 seconds (200.35 M allocations: 22.458 GiB, 26.14% gc time)
CREATING EXPRESSIONS FOR CAPITAL AND FIXED COST
994.995647 seconds (361.09 M allocations: 23.140 GiB, 97.39% gc time)
BUILDING OBJECTIVE FUNCTION
 57.834825 seconds (89.30 M allocations: 2.801 GiB, 82.30% gc time)
Optimizing for iteration 6
829.743664 seconds (2 allocations: 32 bytes)
OPTIMAL
8.63767179413584e9
ϵ =  0.0038649739229462883
READING COST DATA FOR ITERATION 7
1961.796072 seconds (200.35 M allocations: 22.410 GiB, 26.02% gc time)
CREATING EXPRESSIONS FOR CAPITAL AND FIXED COST
1099.061385 seconds (361.09 M allocations: 23.140 GiB, 97.62% gc time)
BUILDING OBJECTIVE FUNCTION
 57.523694 seconds (89.30 M allocations: 2.801 GiB, 82.20% gc time)
Optimizing for iteration 7
799.356501 seconds (2 allocations: 32 bytes)
OPTIMAL
8.644121614221468e9
ϵ =  0.0007461510119484686
ITERATIONS COMPLETED
WRITING RESULTS TO FILE
 82.536686 seconds (69.86 M allocations: 2.857 GiB, 91.42% gc time, 0.82% compilation time)

THE OPTIMIZATION PROBLEM TOOK 449.71 MINUTES TO SOLVE. 
