Running HiGHS 1.6.0: Copyright (c) 2023 HiGHS under MIT licence terms
Presolving model
6207 rows, 26411 cols, 56747 nonzeros
5972 rows, 9987 cols, 23554 nonzeros
5855 rows, 9846 cols, 23296 nonzeros
Presolve : Reductions: rows 5855(-436436); columns 9846(-235266); elements 23296(-1103842)
Solving the presolved LP
IPX model has 5855 rows, 9846 columns and 23296 nonzeros
Input
    Number of variables:                                9846
    Number of free variables:                           0
    Number of constraints:                              5855
    Number of equality constraints:                     2675
    Number of matrix entries:                           23296
    Matrix range:                                       [1e-02, 1e+00]
    RHS range:                                          [2e+05, 1e+07]
    Objective range:                                    [4e-04, 1e+01]
    Bounds range:                                       [2e+05, 1e+08]
Preprocessing
    Dualized model:                                     no
    Number of dense columns:                            0
    Range of scaling factors:                           [1.00e+00, 2.00e+00]
IPX version 1.0
Interior Point Solve
 Iter     P.res    D.res            P.obj           D.obj        mu     Time
   0   5.50e+06 4.38e+00   2.71323002e+08 -5.63825954e+11  5.31e+07       0s
   1   8.21e+05 1.30e+00   1.71638610e+10 -1.73579385e+11  1.45e+07       0s
   2   3.36e+05 1.17e+00   1.99687230e+10 -1.57632587e+11  1.35e+07       0s
   3   1.71e+05 9.68e-02   1.32125600e+10 -1.23654038e+10  1.88e+06       0s
   4   4.21e+04 1.48e-02   5.04177372e+09 -2.15459202e+09  4.89e+05       0s
 Constructing starting basis...
   5   1.38e+04 3.33e-03   2.23162226e+09 -1.88880240e+08  1.81e+05       0s
   6   7.84e+03 1.14e-03   1.93377896e+09  4.09965490e+08  1.11e+05       0s
   7   2.78e+03 1.57e-04   1.67078977e+09  6.32125622e+08  7.19e+04       0s
   8   4.58e+02 6.24e-05   1.18182166e+09  7.81238946e+08  2.71e+04       0s
   9   2.34e+02 2.64e-05   1.08073480e+09  8.46392551e+08  1.58e+04       0s
  10   1.28e+02 1.17e-05   1.01427925e+09  8.79500025e+08  9.08e+03       0s
  11   5.75e+01 6.28e-06   9.71573888e+08  8.90708205e+08  5.43e+03       0s
  12   2.01e+01 2.28e-06   9.44177746e+08  9.01399398e+08  2.86e+03       0s
  13   1.10e+01 1.34e-06   9.34037033e+08  9.04983190e+08  1.94e+03       0s
  14   4.59e+00 6.13e-07   9.25324530e+08  9.08279964e+08  1.14e+03       0s
  15   1.95e+00 2.31e-07   9.19303477e+08  9.10807310e+08  5.67e+02       0s
  16   6.83e-01 6.03e-08   9.16024131e+08  9.11989573e+08  2.69e+02       0s
  17   1.37e-01 2.75e-08   9.14481108e+08  9.12283936e+08  1.46e+02       0s
  18   2.75e-02 9.32e-09   9.13389728e+08  9.12635788e+08  5.02e+01       0s
  19   7.98e-03 2.62e-09   9.13114135e+08  9.12784384e+08  2.20e+01       0s
  20   4.41e-04 2.83e-10   9.12937714e+08  9.12855288e+08  5.49e+00       0s
  21   2.98e-08 9.82e-11   9.12892745e+08  9.12867109e+08  1.71e+00       0s
  22   2.98e-08 4.22e-12   9.12878977e+08  9.12877010e+08  1.31e-01       0s
  23   2.98e-08 3.55e-15   9.12877831e+08  9.12877464e+08  2.44e-02       0s
  24*  2.98e-08 1.78e-15   9.12877464e+08  9.12877464e+08  1.29e-05       0s
Summary
    Runtime:                                            0.24s
    Status interior point solve:                        optimal
    Status crossover:                                   not run
    objective value:                                    9.12877464e+08
    interior solution primal residual (abs/rel):        2.98e-08 / 2.04e-16
    interior solution dual residual (abs/rel):          8.88e-16 / 8.16e-17
    interior solution objective gap (abs/rel):          1.94e-01 / 2.13e-10
Ipx: IPM       optimal
Model   status      : Optimal
IPM       iterations: 24
Objective value     :  9.2955684324e+08
HiGHS run time      :          0.54
Presolving model
6207 rows, 26411 cols, 56747 nonzeros
5972 rows, 9987 cols, 23554 nonzeros
5855 rows, 9846 cols, 23296 nonzeros
Presolve : Reductions: rows 5855(-436436); columns 9846(-235266); elements 23296(-1103842)
Solving the presolved LP
IPX model has 5855 rows, 9846 columns and 23296 nonzeros
Input
    Number of variables:                                9846
    Number of free variables:                           0
    Number of constraints:                              5855
    Number of equality constraints:                     2675
    Number of matrix entries:                           23296
    Matrix range:                                       [1e-02, 1e+00]
    RHS range:                                          [2e+05, 1e+07]
    Objective range:                                    [4e-04, 6e+05]
    Bounds range:                                       [2e+05, 1e+08]
Preprocessing
    Dualized model:                                     no
    Number of dense columns:                            0
    Range of scaling factors:                           [1.00e+00, 2.00e+00]
IPX version 1.0
Interior Point Solve
 Iter     P.res    D.res            P.obj           D.obj        mu     Time
   0   5.77e+06 2.43e+05   4.33764964e+12 -3.24275621e+16  3.03e+12       0s
   1   1.55e+06 1.64e+05   5.59955726e+14 -2.23318915e+16  1.89e+12       0s
   2   7.57e+05 9.17e+04   9.22197761e+14 -1.37934639e+16  1.34e+12       0s
   3   2.70e+05 1.45e+04   6.59375215e+14 -2.22735587e+15  2.63e+11       0s
   4   5.88e+04 2.83e+03   2.50132193e+14 -4.75273952e+14  6.08e+10       0s
   5   1.89e+04 4.87e+02   8.94905574e+13 -9.64673453e+13  1.51e+10       0s
 Constructing starting basis...
   6   3.24e+03 8.59e+01   1.25521045e+13 -2.62945684e+13  3.25e+09       0s
   7   1.16e+03 2.84e+01   6.29986266e+12 -7.42407576e+12  1.14e+09       0s
   8   2.12e+02 9.14e+00   1.79456839e+12 -2.32965167e+12  3.54e+08       0s
   9   3.02e+01 1.24e+00   4.51457132e+11 -4.22857784e+11  7.11e+07       0s
  10   8.44e+00 4.05e-01   1.67910579e+11 -1.42305950e+11  2.55e+07       0s
  11   3.27e+00 1.34e-01   9.34326713e+10 -5.61478286e+10  1.21e+07       0s
  12   1.01e+00 3.70e-02   4.05952879e+10 -1.72162297e+10  4.52e+06       0s
  13   6.14e-01 9.05e-03   2.94814316e+10 -5.32115707e+09  2.51e+06       0s
  14   3.32e-01 3.18e-03   2.14461794e+10 -2.44725513e+09  1.68e+06       0s
  15   7.27e-02 2.21e-03   1.39729888e+10 -1.85564209e+09  1.15e+06       0s
  16   2.57e-02 3.20e-04   6.35963797e+09  9.92513596e+08  3.64e+05       0s
  17   4.62e-03 7.08e-05   3.10032254e+09  1.32690077e+09  1.19e+05       0s
  18   1.34e-03 2.59e-05   2.19141597e+09  1.45771623e+09  4.90e+04       0s
  19   3.56e-04 9.38e-06   1.74953326e+09  1.53473495e+09  1.43e+04       0s
  20   1.35e-04 4.13e-06   1.65500588e+09  1.56059059e+09  6.29e+03       0s
  21   2.39e-05 1.84e-06   1.60671521e+09  1.57269534e+09  2.27e+03       0s
  22   6.71e-06 7.32e-07   1.59401045e+09  1.57976386e+09  9.48e+02       0s
  23   1.22e-06 3.47e-07   1.58757205e+09  1.58255450e+09  3.34e+02       0s
  24   3.28e-07 1.47e-07   1.58627639e+09  1.58403605e+09  1.49e+02       0s
  25   1.19e-07 5.66e-08   1.58577280e+09  1.58474589e+09  6.84e+01       0s
  26   2.98e-08 1.08e-08   1.58536519e+09  1.58515789e+09  1.38e+01       0s
  27   2.98e-08 1.28e-09   1.58527807e+09  1.58524628e+09  2.12e+00       0s
  28   2.98e-08 2.33e-10   1.58525998e+09  1.58525588e+09  2.73e-01       0s
  29   2.98e-08 1.16e-10   1.58525797e+09  1.58525720e+09  5.13e-02       0s
  30   2.98e-08 1.16e-10   1.58525754e+09  1.58525741e+09  8.94e-03       0s
  31   2.98e-08 1.16e-10   1.58525744e+09  1.58525743e+09  9.70e-04       0s
  32   3.35e-08 1.16e-10   1.58525743e+09  1.58525743e+09  1.43e-04       0s
  33*  6.33e-08 1.16e-10   1.58525743e+09  1.58525743e+09  1.40e-05       0s
Summary
    Runtime:                                            0.34s
    Status interior point solve:                        optimal
    Status crossover:                                   not run
    objective value:                                    1.58525743e+09
    interior solution primal residual (abs/rel):        7.26e-08 / 4.98e-16
    interior solution dual residual (abs/rel):          1.16e-10 / 1.88e-16
    interior solution objective gap (abs/rel):          1.63e-01 / 1.03e-10
Ipx: IPM       optimal
Model   status      : Optimal
IPM       iterations: 33
Objective value     :  1.6079767152e+09
HiGHS run time      :          0.60
Presolving model
6207 rows, 26411 cols, 56747 nonzeros
5972 rows, 9987 cols, 23554 nonzeros
5855 rows, 9846 cols, 23296 nonzeros
Presolve : Reductions: rows 5855(-436436); columns 9846(-235266); elements 23296(-1103842)
Solving the presolved LP
IPX model has 5855 rows, 9846 columns and 23296 nonzeros
Input
    Number of variables:                                9846
    Number of free variables:                           0
    Number of constraints:                              5855
    Number of equality constraints:                     2675
    Number of matrix entries:                           23296
    Matrix range:                                       [1e-02, 1e+00]
    RHS range:                                          [2e+05, 1e+07]
    Objective range:                                    [4e-04, 6e+05]
    Bounds range:                                       [2e+05, 1e+08]
Preprocessing
    Dualized model:                                     no
    Number of dense columns:                            0
    Range of scaling factors:                           [1.00e+00, 2.00e+00]
IPX version 1.0
Interior Point Solve
 Iter     P.res    D.res            P.obj           D.obj        mu     Time
   0   5.75e+06 2.50e+05   8.57208691e+12 -3.32846533e+16  3.12e+12       0s
   1   1.62e+06 1.68e+05   6.31433593e+14 -2.28760860e+16  1.94e+12       0s
   2   7.71e+05 9.36e+04   1.05075544e+15 -1.40454464e+16  1.36e+12       0s
   3   3.01e+05 1.39e+04   7.54121510e+14 -2.11356803e+15  2.64e+11       0s
   4   6.74e+04 3.04e+03   2.86032544e+14 -4.98975326e+14  6.59e+10       0s
   5   1.94e+04 8.69e+02   9.90365312e+13 -1.57402780e+14  2.06e+10       0s
 Constructing starting basis...
   6   3.33e+03 3.54e+02   1.90419928e+13 -7.15076176e+13  8.59e+09       0s
   7   8.27e+02 1.66e+02   1.38281070e+13 -3.47989097e+13  4.72e+09       0s
   8   3.54e+02 5.47e+01   1.07622900e+13 -1.49560461e+13  2.35e+09       0s
   9   1.08e+02 2.73e+01   5.91077727e+12 -8.25466101e+12  1.36e+09       0s
  10   4.18e+01 1.23e+01   3.89713888e+12 -4.56738667e+12  8.19e+08       0s
  11   1.81e+01 3.98e+00   2.55393341e+12 -2.01787920e+12  4.11e+08       0s
  12   3.01e+00 7.66e-02   7.42408447e+11 -1.95052071e+11  6.50e+07       0s
  13   1.04e-01 2.16e-02   1.52560401e+11 -8.13227558e+10  1.79e+07       0s
  14   2.87e-02 1.59e-03   5.25798524e+10 -6.41575319e+09  4.06e+06       0s
  15   8.45e-03 1.97e-04   1.73914974e+10  2.35866263e+07  1.16e+06       0s
  16   2.00e-03 5.40e-05   5.84901499e+09  7.54249425e+08  3.40e+05       0s
  17   4.92e-04 1.79e-05   2.91624895e+09  9.90330070e+08  1.28e+05       0s
  18   7.60e-05 3.35e-06   1.63181907e+09  1.17110923e+09  3.07e+04       0s
  19   2.10e-05 1.28e-06   1.36265887e+09  1.21632831e+09  9.74e+03       0s
  20   7.84e-06 4.21e-07   1.30748403e+09  1.23470564e+09  4.84e+03       0s
  21   1.28e-06 1.94e-07   1.26889240e+09  1.24131168e+09  1.84e+03       0s
  22   4.17e-07 6.95e-08   1.25780646e+09  1.24633544e+09  7.63e+02       0s
  23   1.19e-07 3.61e-08   1.25191870e+09  1.24794789e+09  2.64e+02       0s
  24   5.96e-08 1.61e-08   1.25089812e+09  1.24896073e+09  1.29e+02       0s
  25   2.98e-08 4.31e-09   1.25019611e+09  1.24955937e+09  4.24e+01       0s
  26   2.98e-08 8.15e-10   1.24990755e+09  1.24978302e+09  8.29e+00       0s
  27   2.98e-08 2.33e-10   1.24984004e+09  1.24982528e+09  9.83e-01       0s
  28   2.98e-08 1.16e-10   1.24983216e+09  1.24983012e+09  1.36e-01       0s
  29   3.73e-08 1.16e-10   1.24983121e+09  1.24983096e+09  1.67e-02       0s
  30   9.31e-08 1.16e-10   1.24983106e+09  1.24983102e+09  2.25e-03       0s
  31   2.98e-08 2.33e-10   1.24983105e+09  1.24983104e+09  3.17e-04       0s
  32*  2.46e-07 2.33e-10   1.24983104e+09  1.24983104e+09  2.45e-05       0s
Summary
    Runtime:                                            0.36s
    Status interior point solve:                        optimal
    Status crossover:                                   not run
    objective value:                                    1.24983104e+09
    interior solution primal residual (abs/rel):        2.70e-07 / 1.85e-15
    interior solution dual residual (abs/rel):          2.33e-10 / 3.76e-16
    interior solution objective gap (abs/rel):          4.32e-01 / 3.46e-10
Ipx: IPM       optimal
Model   status      : Optimal
IPM       iterations: 32
Objective value     :  1.2725503264e+09
HiGHS run time      :          0.62
Presolving model
6207 rows, 26411 cols, 56747 nonzeros
5972 rows, 9987 cols, 23554 nonzeros
5855 rows, 9846 cols, 23296 nonzeros
Presolve : Reductions: rows 5855(-436436); columns 9846(-235266); elements 23296(-1103842)
Solving the presolved LP
IPX model has 5855 rows, 9846 columns and 23296 nonzeros
Input
    Number of variables:                                9846
    Number of free variables:                           0
    Number of constraints:                              5855
    Number of equality constraints:                     2675
    Number of matrix entries:                           23296
    Matrix range:                                       [1e-02, 1e+00]
    RHS range:                                          [2e+05, 1e+07]
    Objective range:                                    [4e-04, 6e+05]
    Bounds range:                                       [2e+05, 1e+08]
Preprocessing
    Dualized model:                                     no
    Number of dense columns:                            0
    Range of scaling factors:                           [1.00e+00, 2.00e+00]
IPX version 1.0
Interior Point Solve
 Iter     P.res    D.res            P.obj           D.obj        mu     Time
   0   5.75e+06 2.50e+05   8.72186708e+12 -3.32832511e+16  3.12e+12       0s
   1   1.62e+06 1.68e+05   6.31516188e+14 -2.28750585e+16  1.94e+12       0s
   2   7.71e+05 9.36e+04   1.05085027e+15 -1.40447211e+16  1.36e+12       0s
   3   3.01e+05 1.39e+04   7.54151840e+14 -2.11333536e+15  2.64e+11       0s
   4   6.74e+04 3.04e+03   2.86127020e+14 -4.98697173e+14  6.58e+10       0s
   5   1.94e+04 8.69e+02   9.92204509e+13 -1.57355612e+14  2.06e+10       0s
 Constructing starting basis...
   6   3.43e+03 3.54e+02   1.94324135e+13 -7.14933296e+13  8.61e+09       0s
   7   7.26e+02 1.64e+02   1.33794432e+13 -3.44621202e+13  4.66e+09       0s
   8   3.00e+02 5.59e+01   1.04519773e+13 -1.51005460e+13  2.36e+09       0s
   9   9.01e+01 2.69e+01   5.82462458e+12 -8.10868575e+12  1.35e+09       0s
  10   3.71e+01 1.26e+01   3.89228968e+12 -4.56822469e+12  8.22e+08       0s
  11   1.68e+01 3.74e+00   2.57767966e+12 -1.91382361e+12  3.97e+08       0s
  12   2.59e+00 4.27e-02   7.40271583e+11 -1.98389514e+11  6.39e+07       0s
  13   7.70e-02 2.08e-02   1.29575364e+11 -1.10725803e+11  1.87e+07       0s
  14   1.89e-02 1.33e-03   4.35549018e+10 -7.14869013e+09  3.50e+06       0s
  15   6.56e-03 1.94e-04   1.82500346e+10 -5.86758148e+08  1.26e+06       0s
  16   9.30e-04 5.55e-05   5.50212547e+09  4.37984068e+08  3.38e+05       0s
  17   2.17e-04 1.02e-05   2.63171370e+09  1.01171176e+09  1.08e+05       0s
  18   4.94e-05 1.62e-06   1.63682191e+09  1.18774747e+09  2.99e+04       0s
  19   1.30e-05 5.69e-07   1.35739550e+09  1.22363643e+09  8.90e+03       0s
  20   4.56e-06 1.81e-07   1.30312525e+09  1.23661773e+09  4.43e+03       0s
  21   7.45e-07 7.90e-08   1.26727182e+09  1.24190076e+09  1.69e+03       0s
  22   2.68e-07 2.77e-08   1.25691567e+09  1.24599259e+09  7.27e+02       0s
  23   8.94e-08 1.39e-08   1.25113590e+09  1.24735976e+09  2.51e+02       0s
  24   5.96e-08 5.70e-09   1.24992972e+09  1.24820708e+09  1.15e+02       0s
  25   2.98e-08 1.75e-09   1.24919731e+09  1.24862129e+09  3.83e+01       0s
  26   3.35e-08 3.49e-10   1.24894843e+09  1.24881704e+09  8.74e+00       0s
  27   2.98e-08 2.33e-10   1.24886480e+09  1.24884841e+09  1.09e+00       0s
  28   2.98e-08 1.16e-10   1.24885527e+09  1.24885294e+09  1.55e-01       0s
  29   2.98e-08 1.16e-10   1.24885403e+09  1.24885367e+09  2.40e-02       0s
  30   5.22e-08 1.16e-10   1.24885389e+09  1.24885383e+09  4.26e-03       0s
  31   2.98e-08 1.16e-10   1.24885386e+09  1.24885386e+09  3.70e-04       0s
  32   2.98e-08 1.16e-10   1.24885386e+09  1.24885386e+09  1.18e-04       0s
  33*  6.33e-08 2.33e-10   1.24885386e+09  1.24885386e+09  2.29e-07       0s
Summary
    Runtime:                                            0.36s
    Status interior point solve:                        optimal
    Status crossover:                                   not run
    objective value:                                    1.24885386e+09
    interior solution primal residual (abs/rel):        6.52e-08 / 4.47e-16
    interior solution dual residual (abs/rel):          2.33e-10 / 3.76e-16
    interior solution objective gap (abs/rel):          3.45e-03 / 2.77e-12
Ipx: IPM       optimal
Model   status      : Optimal
IPM       iterations: 33
Objective value     :  1.2715731412e+09
HiGHS run time      :          0.61
Running HiGHS 1.6.0: Copyright (c) 2023 HiGHS under MIT licence terms
Presolving model
7007 rows, 28461 cols, 61664 nonzeros
6730 rows, 11737 cols, 27083 nonzeros
6613 rows, 10804 cols, 25241 nonzeros
Presolve : Reductions: rows 6613(-435893); columns 10804(-234523); elements 25241(-1105692)
Solving the presolved LP
IPX model has 6613 rows, 10804 columns and 25241 nonzeros
Input
    Number of variables:                                10804
    Number of free variables:                           0
    Number of constraints:                              6613
    Number of equality constraints:                     2847
    Number of matrix entries:                           25241
    Matrix range:                                       [1e-02, 1e+00]
    RHS range:                                          [3e+05, 6e+07]
    Objective range:                                    [3e-04, 4e+05]
    Bounds range:                                       [5e+04, 1e+08]
Preprocessing
    Dualized model:                                     no
    Number of dense columns:                            0
    Range of scaling factors:                           [1.00e+00, 2.00e+00]
IPX version 1.0
Interior Point Solve
 Iter     P.res    D.res            P.obj           D.obj        mu     Time
   0   9.34e+06 1.73e+05   3.00595294e+13 -2.65097058e+16  2.84e+12       0s
   1   2.45e+06 1.14e+05   1.03697237e+15 -1.82203432e+16  1.65e+12       0s
   2   1.08e+06 5.59e+04   1.40434880e+15 -1.04493197e+16  1.04e+12       0s
   3   4.76e+05 5.71e+03   9.51315394e+14 -1.10550239e+15  1.82e+11       0s
   4   1.01e+05 1.25e+03   3.08820475e+14 -3.00568203e+14  4.61e+10       0s
   5   3.85e+04 3.57e+02   1.43392039e+14 -9.31116771e+13  1.73e+10       0s
 Constructing starting basis...
   6   1.21e+04 1.05e+02   7.14106385e+13 -1.44346170e+13  6.21e+09       0s
   7   6.97e+03 5.59e+01   6.13058108e+13  5.15924256e+12  4.08e+09       0s
   8   5.94e+03 5.00e+01   6.02465323e+13  8.06970414e+12  3.87e+09       0s
   9   2.57e+03 2.24e+01   5.01630313e+13  2.12077090e+13  2.15e+09       0s
  10   7.53e+02 1.03e+01   4.32196229e+13  2.90166619e+13  1.09e+09       0s
  11   6.45e+02 7.94e+00   4.28616111e+13  2.99854689e+13  9.83e+08       0s
  12   3.42e+02 4.33e+00   4.11455197e+13  3.32429187e+13  6.06e+08       0s
  13   5.84e+01 1.06e+00   3.89236863e+13  3.65508821e+13  1.79e+08       0s
  14   2.43e+01 3.80e-01   3.84398221e+13  3.73674521e+13  7.89e+07       0s
  15   1.09e+01 1.27e-01   3.82491118e+13  3.76316908e+13  4.33e+07       0s
  16   9.48e+00 6.40e-02   3.82199722e+13  3.77281308e+13  3.26e+07       0s
  17   3.91e+00 2.75e-02   3.80878509e+13  3.78211952e+13  1.77e+07       0s
  18   2.20e+00 1.77e-02   3.80315375e+13  3.78548523e+13  1.18e+07       0s
  19   8.08e-01 9.80e-03   3.79812374e+13  3.78841070e+13  6.46e+06       0s
  20   2.51e-01 3.19e-03   3.79552857e+13  3.79121786e+13  2.73e+06       0s
  21   1.86e-02 6.99e-04   3.79360432e+13  3.79262556e+13  5.91e+05       0s
  22   4.99e-03 2.97e-04   3.79327688e+13  3.79291622e+13  2.12e+05       0s
  23   1.04e-03 1.43e-04   3.79317859e+13  3.79302763e+13  8.77e+04       0s
  24   4.75e-04 6.69e-05   3.79316721e+13  3.79307991e+13  5.06e+04       0s
  25   9.81e-05 2.24e-05   3.79314534e+13  3.79311346e+13  1.84e+04       0s
  26   3.74e-05 1.26e-05   3.79313974e+13  3.79312055e+13  1.11e+04       0s
  27   2.12e-05 7.43e-06   3.79313718e+13  3.79312469e+13  7.21e+03       0s
  28   1.25e-05 4.60e-06   3.79313583e+13  3.79312695e+13  5.13e+03       0s
  29   5.42e-06 2.23e-06   3.79313425e+13  3.79312905e+13  3.00e+03       0s
  30   2.71e-06 9.04e-07   3.79313336e+13  3.79313035e+13  1.74e+03       0s
  31   5.96e-07 4.60e-07   3.79313254e+13  3.79313082e+13  9.96e+02       0s
  32   1.79e-07 1.54e-07   3.79313192e+13  3.79313133e+13  3.42e+02       0s
  33   1.04e-07 4.60e-08   3.79313174e+13  3.79313151e+13  1.34e+02       0s
  34   1.19e-07 1.38e-08   3.79313164e+13  3.79313157e+13  3.65e+01       0s
  35   1.04e-07 1.86e-09   3.79313162e+13  3.79313160e+13  9.40e+00       0s
  36   8.94e-08 9.90e-10   3.79313162e+13  3.79313161e+13  5.29e+00       0s
  37*  1.04e-07 2.91e-10   3.79313161e+13  3.79313161e+13  9.81e-01       0s
Summary
    Runtime:                                            0.46s
    Status interior point solve:                        optimal
    Status crossover:                                   not run
    objective value:                                    3.79313161e+13
    interior solution primal residual (abs/rel):        8.94e-08 / 6.12e-16
    interior solution dual residual (abs/rel):          1.28e-09 / 3.31e-15
    interior solution objective gap (abs/rel):          1.70e+04 / 4.48e-10
Ipx: IPM       optimal
Model   status      : Optimal
IPM       iterations: 37
Objective value     :  3.9850939596e+13
HiGHS run time      :          0.75
Presolving model
7007 rows, 28461 cols, 61664 nonzeros
6730 rows, 11737 cols, 27083 nonzeros
6613 rows, 10804 cols, 25241 nonzeros
Presolve : Reductions: rows 6613(-435893); columns 10804(-234523); elements 25241(-1105692)
Solving the presolved LP
IPX model has 6613 rows, 10804 columns and 25241 nonzeros
Input
    Number of variables:                                10804
    Number of free variables:                           0
    Number of constraints:                              6613
    Number of equality constraints:                     2847
    Number of matrix entries:                           25241
    Matrix range:                                       [1e-02, 1e+00]
    RHS range:                                          [3e+05, 6e+07]
    Objective range:                                    [3e-04, 4e+05]
    Bounds range:                                       [5e+04, 1e+08]
Preprocessing
    Dualized model:                                     no
    Number of dense columns:                            0
    Range of scaling factors:                           [1.00e+00, 2.00e+00]
IPX version 1.0
Interior Point Solve
 Iter     P.res    D.res            P.obj           D.obj        mu     Time
   0   9.47e+06 1.74e+05   4.50296078e+12 -2.68738679e+16  2.85e+12       0s
   1   2.40e+06 1.15e+05   6.45718663e+14 -1.84918973e+16  1.66e+12       0s
   2   1.09e+06 5.69e+04   9.47922498e+14 -1.07694892e+16  1.07e+12       0s
   3   4.13e+05 6.67e+03   6.43720163e+14 -1.31840719e+15  1.80e+11       0s
   4   1.31e+05 1.04e+03   2.43964607e+14 -2.59134764e+14  4.31e+10       0s
   5   3.66e+04 3.02e+02   6.53246449e+13 -9.69818333e+13  1.31e+10       0s
 Constructing starting basis...
   6   6.33e+03 9.83e+01   1.75594091e+13 -3.35369202e+13  4.01e+09       0s
   7   1.65e+03 4.02e+01   9.07724805e+12 -1.50419697e+13  1.93e+09       0s
   8   3.66e+02 9.60e+00   3.38087421e+12 -5.02792428e+12  6.43e+08       0s
   9   7.30e+01 1.20e+00   8.31856146e+11 -6.31134628e+11  1.05e+08       0s
  10   1.06e+01 2.74e-01   1.74181286e+11 -1.63396373e+11  2.43e+07       0s
  11   3.46e+00 8.11e-02   6.66571778e+10 -4.87633991e+10  8.07e+06       0s
  12   2.08e+00 1.95e-02   4.81968642e+10 -1.54013794e+10  4.06e+06       0s
  13   1.18e+00 7.54e-03   3.54298817e+10 -7.98581370e+09  2.72e+06       0s
  14   5.96e-01 1.51e-03   2.41039099e+10 -1.97459422e+09  1.56e+06       0s
  15   1.46e-01 5.68e-04   8.65363117e+09  9.47885442e+08  4.54e+05       0s
  16   5.81e-02 1.34e-04   5.45372266e+09  2.22292850e+09  1.88e+05       0s
  17   1.58e-02 3.98e-05   3.73490026e+09  2.62766079e+09  6.42e+04       0s
  18   3.34e-03 1.41e-05   3.13004010e+09  2.76763468e+09  2.10e+04       0s
  19   8.83e-04 3.81e-06   2.96743366e+09  2.83962407e+09  7.39e+03       0s
  20   4.22e-04 1.36e-06   2.92608915e+09  2.86247418e+09  3.67e+03       0s
  21   1.41e-04 5.63e-07   2.89670742e+09  2.87140734e+09  1.46e+03       0s
  22   3.94e-05 2.38e-07   2.88602950e+09  2.87512926e+09  6.29e+02       0s
  23   1.32e-05 1.03e-07   2.88179763e+09  2.87718699e+09  2.66e+02       0s
  24   3.04e-06 1.39e-08   2.87999784e+09  2.87861847e+09  7.96e+01       0s
  25   6.56e-07 2.50e-09   2.87924075e+09  2.87894028e+09  1.73e+01       0s
  26   8.94e-08 1.05e-09   2.87904726e+09  2.87898559e+09  3.56e+00       0s
  27   8.94e-08 2.33e-10   2.87902778e+09  2.87901377e+09  8.08e-01       0s
  28   7.45e-08 1.16e-10   2.87902168e+09  2.87901857e+09  1.79e-01       0s
  29   1.19e-07 5.82e-11   2.87901961e+09  2.87901924e+09  2.13e-02       0s
  30   4.47e-08 1.16e-10   2.87901947e+09  2.87901936e+09  6.52e-03       0s
  31   5.96e-08 1.16e-10   2.87901940e+09  2.87901938e+09  1.45e-03       0s
  32*  2.83e-07 1.16e-10   2.87901938e+09  2.87901938e+09  1.23e-04       0s
Summary
    Runtime:                                            0.37s
    Status interior point solve:                        optimal
    Status crossover:                                   not run
    objective value:                                    2.87901938e+09
    interior solution primal residual (abs/rel):        8.79e-07 / 6.02e-15
    interior solution dual residual (abs/rel):          1.65e-10 / 4.26e-16
    interior solution objective gap (abs/rel):          2.11e+00 / 7.34e-10
Ipx: IPM       optimal
Model   status      : Optimal
IPM       iterations: 32
Objective value     :  2.9011935142e+09
HiGHS run time      :          0.63
Presolving model
7007 rows, 28461 cols, 61664 nonzeros
6730 rows, 11737 cols, 27083 nonzeros
6613 rows, 10804 cols, 25241 nonzeros
Presolve : Reductions: rows 6613(-435893); columns 10804(-234523); elements 25241(-1105692)
Solving the presolved LP
IPX model has 6613 rows, 10804 columns and 25241 nonzeros
Input
    Number of variables:                                10804
    Number of free variables:                           0
    Number of constraints:                              6613
    Number of equality constraints:                     2847
    Number of matrix entries:                           25241
    Matrix range:                                       [1e-02, 1e+00]
    RHS range:                                          [3e+05, 6e+07]
    Objective range:                                    [3e-04, 4e+05]
    Bounds range:                                       [5e+04, 1e+08]
Preprocessing
    Dualized model:                                     no
    Number of dense columns:                            0
    Range of scaling factors:                           [1.00e+00, 2.00e+00]
IPX version 1.0
Interior Point Solve
 Iter     P.res    D.res            P.obj           D.obj        mu     Time
   0   9.44e+06 1.73e+05   9.10433059e+12 -2.67662469e+16  2.85e+12       0s
   1   2.55e+06 1.14e+05   7.11408254e+14 -1.84043255e+16  1.67e+12       0s
   2   1.13e+06 5.65e+04   1.05514884e+15 -1.06710375e+16  1.06e+12       0s
   3   4.68e+05 6.95e+03   7.25477791e+14 -1.36562844e+15  1.92e+11       0s
   4   1.55e+05 1.08e+03   2.87720629e+14 -2.66588201e+14  4.77e+10       0s
   5   2.79e+04 3.59e+02   5.12685460e+13 -1.07624147e+14  1.22e+10       0s
 Constructing starting basis...
   6   7.78e+03 1.62e+02   2.70887554e+13 -4.75701518e+13  6.05e+09       0s
   7   1.88e+03 7.37e+01   1.48208300e+13 -2.46202953e+13  3.29e+09       0s
   8   2.02e+02 2.00e+01   5.01248502e+12 -9.34210626e+12  1.18e+09       0s
   9   7.50e+01 2.27e+00   2.05163438e+12 -1.04253830e+12  2.19e+08       0s
  10   2.95e+01 2.92e-01   9.15263944e+11 -2.09095275e+11  7.09e+07       0s
  11   4.38e+00 7.41e-02   1.52785797e+11 -5.70519984e+10  1.36e+07       0s
  12   2.94e+00 1.63e-02   1.06265512e+11 -1.26842329e+10  7.22e+06       0s
  13   7.04e-01 5.44e-03   4.64106511e+10 -8.58377013e+09  3.43e+06       0s
  14   2.30e-01 2.36e-03   2.46945345e+10 -4.11241220e+09  1.78e+06       0s
  15   7.67e-02 5.82e-04   1.12979873e+10  7.10156033e+08  6.29e+05       0s
  16   3.20e-02 9.60e-05   6.57274313e+09  2.18900576e+09  2.55e+05       0s
  17   6.22e-03 2.94e-05   3.61440598e+09  2.52773143e+09  6.29e+04       0s
  18   1.88e-03 1.35e-05   3.04791871e+09  2.63723645e+09  2.37e+04       0s
  19   3.58e-04 4.43e-06   2.85572793e+09  2.70096130e+09  8.94e+03       0s
  20   8.35e-05 1.80e-06   2.78561770e+09  2.72982072e+09  3.22e+03       0s
  21   3.11e-05 7.87e-07   2.76791372e+09  2.74262902e+09  1.46e+03       0s
  22   9.54e-06 2.64e-07   2.75934125e+09  2.74971236e+09  5.56e+02       0s
  23   3.49e-06 9.26e-08   2.75635805e+09  2.75224838e+09  2.37e+02       0s
  24   8.34e-07 2.08e-08   2.75472862e+09  2.75343655e+09  7.45e+01       0s
  25   1.49e-07 5.24e-09   2.75407700e+09  2.75378492e+09  1.69e+01       0s
  26   1.34e-07 1.75e-09   2.75392847e+09  2.75386972e+09  3.39e+00       0s
  27   5.96e-08 2.33e-10   2.75391852e+09  2.75390856e+09  5.74e-01       0s
  28   5.90e-08 1.16e-10   2.75391478e+09  2.75391334e+09  8.34e-02       0s
  29   1.04e-07 1.16e-10   2.75391426e+09  2.75391402e+09  1.37e-02       0s
  30   8.94e-08 1.16e-10   2.75391412e+09  2.75391407e+09  3.09e-03       0s
  31   8.94e-08 1.16e-10   2.75391408e+09  2.75391407e+09  3.24e-04       0s
  32*  4.47e-07 1.16e-10   2.75391408e+09  2.75391408e+09  6.57e-05       0s
Summary
    Runtime:                                            0.36s
    Status interior point solve:                        optimal
    Status crossover:                                   not run
    objective value:                                    2.75391408e+09
    interior solution primal residual (abs/rel):        1.48e-06 / 1.01e-14
    interior solution dual residual (abs/rel):          8.93e-11 / 2.31e-16
    interior solution objective gap (abs/rel):          1.25e+00 / 4.52e-10
Ipx: IPM       optimal
Model   status      : Optimal
IPM       iterations: 32
Objective value     :  2.7760882061e+09
HiGHS run time      :          0.62
Presolving model
7007 rows, 28461 cols, 61664 nonzeros
6730 rows, 11737 cols, 27083 nonzeros
6613 rows, 10804 cols, 25241 nonzeros
Presolve : Reductions: rows 6613(-435893); columns 10804(-234523); elements 25241(-1105692)
Solving the presolved LP
IPX model has 6613 rows, 10804 columns and 25241 nonzeros
Input
    Number of variables:                                10804
    Number of free variables:                           0
    Number of constraints:                              6613
    Number of equality constraints:                     2847
    Number of matrix entries:                           25241
    Matrix range:                                       [1e-02, 1e+00]
    RHS range:                                          [3e+05, 6e+07]
    Objective range:                                    [3e-04, 4e+05]
    Bounds range:                                       [5e+04, 1e+08]
Preprocessing
    Dualized model:                                     no
    Number of dense columns:                            0
    Range of scaling factors:                           [1.00e+00, 2.00e+00]
IPX version 1.0
Interior Point Solve
 Iter     P.res    D.res            P.obj           D.obj        mu     Time
   0   9.44e+06 1.73e+05   9.17281048e+12 -2.67653695e+16  2.85e+12       0s
   1   2.55e+06 1.14e+05   7.11407447e+14 -1.84036973e+16  1.67e+12       0s
   2   1.13e+06 5.65e+04   1.05519234e+15 -1.06705248e+16  1.06e+12       0s
   3   4.68e+05 6.95e+03   7.25516561e+14 -1.36550503e+15  1.92e+11       0s
   4   1.55e+05 1.08e+03   2.87777056e+14 -2.66514442e+14  4.77e+10       0s
   5   2.79e+04 3.59e+02   5.12501635e+13 -1.07600406e+14  1.22e+10       0s
 Constructing starting basis...
   6   6.22e+03 1.62e+02   2.52324766e+13 -4.74039277e+13  5.92e+09       0s
   7   1.34e+03 6.89e+01   1.41437462e+13 -2.35257167e+13  3.14e+09       0s
   8   1.63e+02 1.89e+01   4.94717289e+12 -9.06278671e+12  1.15e+09       0s
   9   5.82e+01 2.13e+00   1.98430423e+12 -1.03664414e+12  2.13e+08       0s
  10   2.55e+01 4.01e-01   9.88752086e+11 -2.78410861e+11  8.17e+07       0s
  11   4.83e+00 7.44e-02   2.08302793e+11 -5.80858580e+10  1.70e+07       0s
  12   2.87e+00 2.05e-02   1.30265371e+11 -1.77474630e+10  9.02e+06       0s
  13   7.47e-01 5.87e-03   5.59677411e+10 -1.04636693e+10  4.11e+06       0s
  14   9.60e-02 2.18e-03   2.12542746e+10 -4.75612399e+09  1.62e+06       0s
  15   3.49e-02 5.12e-04   1.06431410e+10  6.62098713e+08  5.93e+05       0s
  16   1.52e-02 4.43e-05   6.37587582e+09  2.34221960e+09  2.34e+05       0s
  17   3.04e-03 1.22e-05   3.59611440e+09  2.58405596e+09  5.85e+04       0s
  18   9.24e-04 4.97e-06   3.04222654e+09  2.67054592e+09  2.15e+04       0s
  19   2.45e-04 1.60e-06   2.86338027e+09  2.71413987e+09  8.61e+03       0s
  20   6.11e-05 6.61e-07   2.78733036e+09  2.73474369e+09  3.03e+03       0s
  21   1.83e-05 2.80e-07   2.76606218e+09  2.74460082e+09  1.24e+03       0s
  22   6.38e-06 9.54e-08   2.75899368e+09  2.74979664e+09  5.31e+02       0s
  23   2.09e-06 3.08e-08   2.75563752e+09  2.75192966e+09  2.14e+02       0s
  24   2.98e-07 7.33e-09   2.75379802e+09  2.75286435e+09  5.39e+01       0s
  25   8.94e-08 2.44e-09   2.75339471e+09  2.75311998e+09  1.58e+01       0s
  26   8.94e-08 9.90e-10   2.75328281e+09  2.75320052e+09  4.75e+00       0s
  27   1.64e-07 2.33e-10   2.75326027e+09  2.75324788e+09  7.15e-01       0s
  28   5.96e-08 1.16e-10   2.75325516e+09  2.75325382e+09  7.71e-02       0s
  29   1.04e-07 1.16e-10   2.75325467e+09  2.75325454e+09  7.52e-03       0s
  30   1.19e-07 1.16e-10   2.75325463e+09  2.75325461e+09  1.10e-03       0s
  31   1.12e-07 1.16e-10   2.75325462e+09  2.75325462e+09  3.70e-04       0s
  32*  8.49e-07 1.16e-10   2.75325462e+09  2.75325462e+09  4.43e-05       0s
Summary
    Runtime:                                            0.37s
    Status interior point solve:                        optimal
    Status crossover:                                   not run
    objective value:                                    2.75325462e+09
    interior solution primal residual (abs/rel):        9.24e-07 / 6.33e-15
    interior solution dual residual (abs/rel):          1.16e-10 / 3.01e-16
    interior solution objective gap (abs/rel):          8.72e-01 / 3.17e-10
Ipx: IPM       optimal
Model   status      : Optimal
IPM       iterations: 32
Objective value     :  2.7754287499e+09
HiGHS run time      :          0.62
Running HiGHS 1.6.0: Copyright (c) 2023 HiGHS under MIT licence terms
Presolving model
7964 rows, 32323 cols, 70412 nonzeros
7613 rows, 13572 cols, 30774 nonzeros
7487 rows, 11936 cols, 27518 nonzeros
Presolve : Reductions: rows 7487(-435278); columns 11936(-233649); elements 27518(-1107339)
Solving the presolved LP
IPX model has 7487 rows, 11936 columns and 27518 nonzeros
Input
    Number of variables:                                11936
    Number of free variables:                           0
    Number of constraints:                              7487
    Number of equality constraints:                     3053
    Number of matrix entries:                           27518
    Matrix range:                                       [1e-02, 1e+00]
    RHS range:                                          [2e+05, 1e+08]
    Objective range:                                    [2e-04, 3e+05]
    Bounds range:                                       [1e+05, 2e+08]
Preprocessing
    Dualized model:                                     no
    Number of dense columns:                            0
    Range of scaling factors:                           [1.00e+00, 2.00e+00]
IPX version 1.0
Interior Point Solve
 Iter     P.res    D.res            P.obj           D.obj        mu     Time
   0   1.94e+07 1.19e+05   4.34095224e+13 -2.09859285e+16  3.24e+12       0s
   1   4.12e+06 7.51e+04   1.85287487e+15 -1.44841481e+16  1.60e+12       0s
   2   1.78e+06 2.87e+04   2.01686347e+15 -7.44542227e+15  8.39e+11       0s
   3   7.75e+05 3.58e+03   1.25189675e+15 -1.03707766e+15  1.86e+11       0s
   4   1.47e+05 1.19e+03   3.01324853e+14 -3.79263400e+14  4.77e+10       0s
   5   5.53e+04 5.22e+02   1.54863471e+14 -1.79350663e+14  2.20e+10       0s
   6   1.41e+04 2.12e+02   1.04012705e+14 -8.00787409e+13  1.10e+10       0s
 Constructing starting basis...
   7   4.83e+03 1.10e+02   6.96031639e+13 -2.84076726e+13  6.90e+09       0s
   8   2.97e+03 4.48e+01   6.15805754e+13 -2.73577939e+12  4.17e+09       0s
   9   2.60e+03 4.02e+01   6.07003069e+13  1.46934845e+12  3.86e+09       0s
  10   1.72e+03 1.08e+01   5.45360844e+13  2.47297540e+13  1.76e+09       0s
  11   1.15e+03 3.45e+00   4.99530161e+13  3.19229808e+13  1.01e+09       0s
  12   8.28e+02 1.65e+00   4.78334634e+13  3.37163682e+13  7.82e+08       0s
  13   3.76e+02 5.28e-01   4.34720749e+13  3.67580377e+13  3.68e+08       0s
  14   1.74e+02 2.02e-01   4.12024100e+13  3.80322250e+13  1.73e+08       0s
  15   5.33e+01 5.32e-02   3.97857919e+13  3.86379476e+13  6.24e+07       0s
  16   3.44e+01 3.03e-02   3.95482249e+13  3.87511516e+13  4.34e+07       0s
  17   3.18e+01 1.52e-02   3.95213243e+13  3.87922701e+13  3.86e+07       0s
  18   1.63e+01 7.95e-03   3.93350178e+13  3.88478050e+13  2.62e+07       0s
  19   1.97e+00 4.05e-03   3.90724230e+13  3.89212630e+13  8.26e+06       0s
  20   5.37e-01 3.18e-04   3.90335642e+13  3.90006231e+13  1.68e+06       0s
  21   1.03e-01 5.25e-05   3.90156282e+13  3.90092299e+13  3.21e+05       0s
  22   2.37e-02 2.09e-05   3.90122763e+13  3.90102983e+13  9.90e+04       0s
  23   4.70e-03 9.59e-06   3.90113794e+13  3.90107043e+13  3.37e+04       0s
  24   1.54e-03 5.21e-06   3.90112300e+13  3.90108525e+13  1.88e+04       0s
  25   7.65e-04 3.02e-06   3.90111731e+13  3.90109347e+13  1.19e+04       0s
  26   3.37e-04 1.85e-06   3.90111360e+13  3.90109800e+13  7.78e+03       0s
  27   1.66e-04 9.38e-07   3.90111155e+13  3.90110189e+13  4.82e+03       0s
  28   6.71e-05 3.62e-07   3.90110975e+13  3.90110467e+13  2.53e+03       1s
  29   3.89e-05 1.47e-07   3.90110880e+13  3.90110605e+13  1.37e+03       1s
  30   2.10e-05 6.39e-08   3.90110820e+13  3.90110659e+13  8.04e+02       1s
  31   2.35e-06 1.75e-08   3.90110743e+13  3.90110696e+13  2.36e+02       1s
  32   8.64e-07 3.67e-09   3.90110729e+13  3.90110712e+13  8.52e+01       1s
  33   1.19e-07 1.40e-09   3.90110722e+13  3.90110715e+13  3.39e+01       1s
  34   1.49e-07 2.62e-10   3.90110719e+13  3.90110718e+13  5.02e+00       1s
  35*  1.55e-07 8.73e-11   3.90110719e+13  3.90110718e+13  5.61e-01       1s
Summary
    Runtime:                                            0.56s
    Status interior point solve:                        optimal
    Status crossover:                                   not run
    objective value:                                    3.90110719e+13
    interior solution primal residual (abs/rel):        3.87e-07 / 2.58e-15
    interior solution dual residual (abs/rel):          1.75e-10 / 6.63e-16
    interior solution objective gap (abs/rel):          1.13e+04 / 2.89e-10
Ipx: IPM       optimal
Model   status      : Optimal
IPM       iterations: 35
Objective value     :  3.9280753826e+13
HiGHS run time      :          0.85
Presolving model
7964 rows, 32323 cols, 70412 nonzeros
7613 rows, 13572 cols, 30774 nonzeros
7487 rows, 11936 cols, 27518 nonzeros
Presolve : Reductions: rows 7487(-435278); columns 11936(-233649); elements 27518(-1107339)
Solving the presolved LP
IPX model has 7487 rows, 11936 columns and 27518 nonzeros
Input
    Number of variables:                                11936
    Number of free variables:                           0
    Number of constraints:                              7487
    Number of equality constraints:                     3053
    Number of matrix entries:                           27518
    Matrix range:                                       [1e-02, 1e+00]
    RHS range:                                          [2e+05, 1e+08]
    Objective range:                                    [2e-04, 3e+05]
    Bounds range:                                       [1e+05, 2e+08]
Preprocessing
    Dualized model:                                     no
    Number of dense columns:                            0
    Range of scaling factors:                           [1.00e+00, 2.00e+00]
IPX version 1.0
Interior Point Solve
 Iter     P.res    D.res            P.obj           D.obj        mu     Time
   0   1.97e+07 1.19e+05   3.34886568e+12 -2.13531023e+16  3.20e+12       0s
   1   4.07e+06 7.47e+04   8.15293523e+14 -1.47470083e+16  1.60e+12       0s
   2   1.68e+06 3.00e+04   1.02103340e+15 -7.89191696e+15  8.65e+11       0s
   3   6.55e+05 3.92e+03   6.66219503e+14 -1.15598775e+15  1.67e+11       0s
   4   1.19e+05 7.43e+02   1.43943713e+14 -2.89157170e+14  3.33e+10       0s
   5   2.67e+04 2.95e+02   4.06745697e+13 -1.38777442e+14  1.24e+10       0s
 Constructing starting basis...
   6   2.67e-02 8.14e+01   3.03671301e+13 -5.70502816e+13  6.25e+09       0s
   7   4.25e-03 2.70e+01   9.80550196e+12 -2.13501682e+13  2.27e+09       0s
   8   7.34e-04 2.20e+00   3.24759948e+12 -3.66129969e+12  4.11e+08       0s
   9   1.50e-04 2.44e-01   7.91463759e+11 -4.49625400e+11  6.90e+07       0s
  10   3.04e-05 5.36e-02   1.83544204e+11 -1.06388823e+11  1.59e+07       0s
  11   1.16e-05 1.59e-02   8.94686882e+10 -4.07280768e+10  7.04e+06       0s
  12   8.58e-06 6.56e-03   7.22729669e+10 -2.15996701e+10  4.94e+06       0s
  13   3.49e-06 2.46e-03   4.06421174e+10 -1.03974052e+10  2.67e+06       0s
  14   2.09e-06 2.34e-04   2.95074833e+10 -1.38380896e+09  1.55e+06       0s
  15   8.94e-07 6.61e-05   1.45807527e+10  1.92168764e+09  6.32e+05       0s
  16   3.87e-07 1.59e-05   8.56230900e+09  2.75554917e+09  2.90e+05       0s
  17   1.49e-07 3.85e-06   4.87822006e+09  3.23376452e+09  8.19e+04       0s
  18   1.49e-07 2.11e-06   3.93642003e+09  3.33098785e+09  3.02e+04       0s
  19   2.09e-07 6.39e-07   3.66224730e+09  3.45997318e+09  1.01e+04       0s
  20   2.68e-07 2.35e-07   3.58327842e+09  3.50542638e+09  3.88e+03       0s
  21   8.94e-08 5.49e-08   3.55785806e+09  3.52608173e+09  1.58e+03       0s
  22   2.38e-07 1.97e-08   3.54377533e+09  3.53236571e+09  5.68e+02       0s
  23   1.49e-07 5.70e-09   3.53869638e+09  3.53538551e+09  1.65e+02       0s
  24   3.28e-07 1.89e-09   3.53743398e+09  3.53641612e+09  5.07e+01       0s
  25   2.09e-07 2.04e-10   3.53705245e+09  3.53689650e+09  7.77e+00       0s
  26   8.94e-08 1.16e-10   3.53699123e+09  3.53694512e+09  2.30e+00       0s
  27   1.79e-07 5.82e-11   3.53696362e+09  3.53695818e+09  2.71e-01       0s
  28   2.09e-07 5.82e-11   3.53695987e+09  3.53695908e+09  3.91e-02       0s
  29   1.79e-07 8.73e-11   3.53695925e+09  3.53695921e+09  2.02e-03       0s
  30   6.56e-07 5.82e-11   3.53695923e+09  3.53695923e+09  2.19e-04       0s
  31*  1.07e-06 5.82e-11   3.53695923e+09  3.53695923e+09  3.36e-05       0s
Summary
    Runtime:                                            0.44s
    Status interior point solve:                        optimal
    Status crossover:                                   not run
    objective value:                                    3.53695923e+09
    interior solution primal residual (abs/rel):        9.54e-07 / 6.35e-15
    interior solution dual residual (abs/rel):          9.59e-11 / 3.64e-16
    interior solution objective gap (abs/rel):          6.39e-01 / 1.81e-10
Ipx: IPM       optimal
Model   status      : Optimal
IPM       iterations: 31
Objective value     :  3.5456602434e+09
HiGHS run time      :          0.71
Presolving model
7964 rows, 32323 cols, 70412 nonzeros
7613 rows, 13572 cols, 30774 nonzeros
7487 rows, 11936 cols, 27518 nonzeros
Presolve : Reductions: rows 7487(-435278); columns 11936(-233649); elements 27518(-1107339)
Solving the presolved LP
IPX model has 7487 rows, 11936 columns and 27518 nonzeros
Input
    Number of variables:                                11936
    Number of free variables:                           0
    Number of constraints:                              7487
    Number of equality constraints:                     3053
    Number of matrix entries:                           27518
    Matrix range:                                       [1e-02, 1e+00]
    RHS range:                                          [2e+05, 1e+08]
    Objective range:                                    [2e-04, 3e+05]
    Bounds range:                                       [1e+05, 2e+08]
Preprocessing
    Dualized model:                                     no
    Number of dense columns:                            0
    Range of scaling factors:                           [1.00e+00, 2.00e+00]
IPX version 1.0
Interior Point Solve
 Iter     P.res    D.res            P.obj           D.obj        mu     Time
   0   1.96e+07 1.22e+05   5.78490908e+12 -2.18457498e+16  3.28e+12       0s
   1   4.06e+06 7.67e+04   9.55177110e+14 -1.51093174e+16  1.64e+12       0s
   2   1.68e+06 3.07e+04   1.18028476e+15 -8.07884762e+15  8.88e+11       0s
   3   7.29e+05 4.10e+03   7.84711089e+14 -1.19966348e+15  1.83e+11       0s
   4   1.35e+05 7.59e+02   1.75769992e+14 -2.94922746e+14  3.62e+10       0s
   5   3.11e+04 3.28e+02   5.09430577e+13 -1.49263528e+14  1.38e+10       0s
 Constructing starting basis...
   6   3.11e-02 1.19e+02   4.05918000e+13 -7.60767534e+13  8.66e+09       0s
   7   6.85e-03 5.99e+01   1.68908201e+13 -3.87257920e+13  4.34e+09       0s
   8   1.78e-03 1.08e+01   7.98799030e+12 -1.24202260e+13  1.35e+09       0s
   9   2.60e-04 1.17e+00   1.53548318e+12 -1.46651588e+12  1.86e+08       0s
  10   2.96e-05 3.19e-01   4.03400502e+11 -5.16174287e+11  5.75e+07       0s
  11   6.29e-06 6.65e-02   1.04417810e+11 -1.10345287e+11  1.30e+07       0s
  12   2.21e-06 1.82e-02   4.39340632e+10 -2.94312557e+10  4.24e+06       0s
  13   1.28e-06 8.85e-03   3.10775241e+10 -1.48940875e+10  2.58e+06       0s
  14   7.75e-07 5.21e-03   2.17731785e+10 -7.94660049e+09  1.64e+06       0s
  15   1.83e-07 1.52e-03   1.20188088e+10 -1.41365073e+09  7.14e+05       0s
  16   1.19e-07 2.51e-04   7.56831146e+09  2.10748387e+09  2.77e+05       0s
  17   2.09e-07 6.99e-05   4.84194278e+09  2.87444755e+09  9.87e+04       0s
  18   1.19e-07 3.43e-05   3.86659666e+09  3.14697340e+09  3.60e+04       0s
  19   1.79e-07 1.12e-05   3.63855320e+09  3.33559738e+09  1.51e+04       0s
  20   1.79e-07 4.01e-06   3.52403953e+09  3.41467334e+09  5.45e+03       0s
  21   2.09e-07 1.49e-06   3.49155984e+09  3.44627744e+09  2.26e+03       0s
  22   1.79e-07 4.63e-07   3.47749191e+09  3.46088867e+09  8.28e+02       0s
  23   1.49e-07 9.63e-08   3.47198713e+09  3.46694694e+09  2.51e+02       0s
  24   1.08e-07 2.12e-08   3.46995376e+09  3.46853971e+09  7.05e+01       0s
  25   1.49e-07 2.91e-09   3.46924883e+09  3.46899403e+09  1.27e+01       0s
  26   1.19e-07 1.05e-09   3.46917195e+09  3.46906190e+09  5.48e+00       0s
  27   2.09e-07 3.49e-10   3.46911575e+09  3.46908713e+09  1.43e+00       0s
  28   1.49e-07 8.73e-11   3.46910124e+09  3.46909878e+09  1.23e-01       0s
  29   1.19e-07 5.82e-11   3.46910073e+09  3.46910054e+09  9.54e-03       0s
  30   2.98e-07 5.82e-11   3.46910068e+09  3.46910065e+09  1.55e-03       0s
  31   5.07e-07 5.82e-11   3.46910066e+09  3.46910066e+09  1.97e-04       0s
  32*  6.26e-07 5.82e-11   3.46910066e+09  3.46910066e+09  3.45e-05       0s
Summary
    Runtime:                                            0.45s
    Status interior point solve:                        optimal
    Status crossover:                                   not run
    objective value:                                    3.46910066e+09
    interior solution primal residual (abs/rel):        5.22e-07 / 3.47e-15
    interior solution dual residual (abs/rel):          1.08e-10 / 4.09e-16
    interior solution objective gap (abs/rel):          6.66e-01 / 1.92e-10
Ipx: IPM       optimal
Model   status      : Optimal
IPM       iterations: 32
Objective value     :  3.4778016738e+09
HiGHS run time      :          0.72
Presolving model
7964 rows, 32323 cols, 70412 nonzeros
7613 rows, 13572 cols, 30774 nonzeros
7487 rows, 11936 cols, 27518 nonzeros
Presolve : Reductions: rows 7487(-435278); columns 11936(-233649); elements 27518(-1107339)
Solving the presolved LP
IPX model has 7487 rows, 11936 columns and 27518 nonzeros
Input
    Number of variables:                                11936
    Number of free variables:                           0
    Number of constraints:                              7487
    Number of equality constraints:                     3053
    Number of matrix entries:                           27518
    Matrix range:                                       [1e-02, 1e+00]
    RHS range:                                          [2e+05, 1e+08]
    Objective range:                                    [2e-04, 3e+05]
    Bounds range:                                       [1e+05, 2e+08]
Preprocessing
    Dualized model:                                     no
    Number of dense columns:                            0
    Range of scaling factors:                           [1.00e+00, 2.00e+00]
IPX version 1.0
Interior Point Solve
 Iter     P.res    D.res            P.obj           D.obj        mu     Time
   0   1.96e+07 1.22e+05   5.78490908e+12 -2.18457498e+16  3.28e+12       0s
   1   4.06e+06 7.67e+04   9.55177110e+14 -1.51093174e+16  1.64e+12       0s
   2   1.68e+06 3.07e+04   1.18028476e+15 -8.07884762e+15  8.88e+11       0s
   3   7.29e+05 4.10e+03   7.84711089e+14 -1.19966348e+15  1.83e+11       0s
   4   1.35e+05 7.59e+02   1.75769992e+14 -2.94922746e+14  3.62e+10       0s
   5   3.11e+04 3.28e+02   5.09430577e+13 -1.49263528e+14  1.38e+10       0s
 Constructing starting basis...
   6   3.11e-02 1.19e+02   4.05918000e+13 -7.60767534e+13  8.66e+09       0s
   7   6.85e-03 5.99e+01   1.68908201e+13 -3.87257920e+13  4.34e+09       0s
   8   1.78e-03 1.08e+01   7.98799030e+12 -1.24202260e+13  1.35e+09       0s
   9   2.60e-04 1.17e+00   1.53548318e+12 -1.46651588e+12  1.86e+08       0s
  10   2.96e-05 3.19e-01   4.03400502e+11 -5.16174287e+11  5.75e+07       0s
  11   6.29e-06 6.65e-02   1.04417810e+11 -1.10345287e+11  1.30e+07       0s
  12   2.21e-06 1.82e-02   4.39340632e+10 -2.94312557e+10  4.24e+06       0s
  13   1.28e-06 8.85e-03   3.10775241e+10 -1.48940875e+10  2.58e+06       0s
  14   7.75e-07 5.21e-03   2.17731785e+10 -7.94660049e+09  1.64e+06       0s
  15   1.83e-07 1.52e-03   1.20188088e+10 -1.41365073e+09  7.14e+05       0s
  16   1.19e-07 2.51e-04   7.56831146e+09  2.10748387e+09  2.77e+05       0s
  17   2.09e-07 6.99e-05   4.84194278e+09  2.87444755e+09  9.87e+04       0s
  18   1.19e-07 3.43e-05   3.86659666e+09  3.14697340e+09  3.60e+04       0s
  19   1.79e-07 1.12e-05   3.63855320e+09  3.33559738e+09  1.51e+04       0s
  20   1.79e-07 4.01e-06   3.52403953e+09  3.41467334e+09  5.45e+03       0s
  21   2.09e-07 1.49e-06   3.49155984e+09  3.44627744e+09  2.26e+03       0s
  22   1.79e-07 4.63e-07   3.47749191e+09  3.46088867e+09  8.28e+02       0s
  23   1.49e-07 9.63e-08   3.47198713e+09  3.46694694e+09  2.51e+02       0s
  24   1.08e-07 2.12e-08   3.46995376e+09  3.46853971e+09  7.05e+01       0s
  25   1.49e-07 2.91e-09   3.46924883e+09  3.46899403e+09  1.27e+01       0s
  26   1.19e-07 1.05e-09   3.46917195e+09  3.46906190e+09  5.48e+00       0s
  27   2.09e-07 3.49e-10   3.46911575e+09  3.46908713e+09  1.43e+00       0s
  28   1.49e-07 8.73e-11   3.46910124e+09  3.46909878e+09  1.23e-01       0s
  29   1.19e-07 5.82e-11   3.46910073e+09  3.46910054e+09  9.54e-03       0s
  30   2.98e-07 5.82e-11   3.46910068e+09  3.46910065e+09  1.55e-03       0s
  31   5.07e-07 5.82e-11   3.46910066e+09  3.46910066e+09  1.97e-04       0s
  32*  6.26e-07 5.82e-11   3.46910066e+09  3.46910066e+09  3.45e-05       0s
Summary
    Runtime:                                            0.45s
    Status interior point solve:                        optimal
    Status crossover:                                   not run
    objective value:                                    3.46910066e+09
    interior solution primal residual (abs/rel):        5.22e-07 / 3.47e-15
    interior solution dual residual (abs/rel):          1.08e-10 / 4.09e-16
    interior solution objective gap (abs/rel):          6.66e-01 / 1.92e-10
Ipx: IPM       optimal
Model   status      : Optimal
IPM       iterations: 32
Objective value     :  3.4778016738e+09
HiGHS run time      :          0.72
[ Info: Rolling step not specified in scenaio.yaml file; Setting it to 5 years
[ Info: Demand-pathway mapping not specified in scenaio.yaml file; SERA will not look for eligible pathways for different demand types.
[ Info: Production capacity constraints from the grid model not defined. SERA will not create these constraints
[ Info: Regional technology limits not specified in scenaio.yaml file; SERA will not create these constraints
STARTING DATA PRE-PROCESSING 
Processing Temporal Data
Processing Nodes
Processing Demand
Processing Existings
Processing Links
Processing Pathways
Creating Infrastructure options
  1.528774 seconds (11.13 M allocations: 1.175 GiB, 15.16% gc time, 4.94% compilation time)

OPTIMIZING FROM 2026 TO 2030 

STARTING OPTIMIZATION MODEL CREATION
CREATING VARIABLES AND EXPRESSIONS
  6.495030 seconds (28.87 M allocations: 1.793 GiB, 17.11% gc time, 78.71% compilation time)
POPULATING EXPRESSIONS
  2.041695 seconds (5.78 M allocations: 841.308 MiB, 26.20% gc time, 8.13% compilation time)
CREATING CONSTRAINTS
  2.106460 seconds (14.75 M allocations: 788.899 MiB, 8.25% gc time, 36.23% compilation time)
POPULATED CORE OPTIMIZATION MODEL, STARTING ITERATIONS
READING COST DATA FOR ITERATION 1
  3.310832 seconds (11.39 M allocations: 1.036 GiB, 5.51% gc time, 10.33% compilation time)
CREATING EXPRESSIONS FOR CAPITAL AND FIXED COST
  1.627963 seconds (7.07 M allocations: 448.526 MiB, 11.00% gc time, 68.06% compilation time)
BUILDING OBJECTIVE FUNCTION
  1.455369 seconds (4.96 M allocations: 223.589 MiB, 6.39% gc time, 71.94% compilation time)
Optimizing for iteration 1
  1.681175 seconds (4.49 M allocations: 422.870 MiB, 3.61% gc time, 1.33% compilation time)
OPTIMAL
9.295568432407123e8
 =  1.0
READING COST DATA FOR ITERATION 2
  2.892982 seconds (10.21 M allocations: 1023.704 MiB, 3.88% gc time, 1.07% compilation time)
CREATING EXPRESSIONS FOR CAPITAL AND FIXED COST
  0.444353 seconds (5.70 M allocations: 358.167 MiB, 24.64% gc time, 0.96% compilation time)
BUILDING OBJECTIVE FUNCTION
  0.312721 seconds (3.62 M allocations: 134.602 MiB)
Optimizing for iteration 2
  0.604830 seconds (2 allocations: 32 bytes)
OPTIMAL
1.6079767151523128e9
 =  0.42190901492459904
READING COST DATA FOR ITERATION 3
  3.427730 seconds (10.18 M allocations: 1021.858 MiB, 18.71% gc time)
CREATING EXPRESSIONS FOR CAPITAL AND FIXED COST
  0.370781 seconds (5.70 M allocations: 358.120 MiB, 13.43% gc time)
BUILDING OBJECTIVE FUNCTION
  0.454218 seconds (3.62 M allocations: 134.602 MiB, 28.03% gc time)
Optimizing for iteration 3
  0.627390 seconds (2 allocations: 32 bytes)
OPTIMAL
1.2725503263738215e9
 =  0.2635859516332989
READING COST DATA FOR ITERATION 4
  2.950761 seconds (10.18 M allocations: 1015.406 MiB, 6.46% gc time)
CREATING EXPRESSIONS FOR CAPITAL AND FIXED COST
  0.466821 seconds (5.70 M allocations: 358.120 MiB, 28.98% gc time)
BUILDING OBJECTIVE FUNCTION
  0.329784 seconds (3.62 M allocations: 134.602 MiB)
Optimizing for iteration 4
  0.609832 seconds (2 allocations: 32 bytes)
OPTIMAL
1.271573141202457e9
 =  0.0007684852248743965
ITERATIONS COMPLETED
WRITING RESULTS TO FILE
  0.996708 seconds (2.49 M allocations: 143.823 MiB, 23.20% gc time, 83.81% compilation time)

OPTIMIZING FROM 2031 TO 2035 

STARTING OPTIMIZATION MODEL CREATION
CREATING VARIABLES AND EXPRESSIONS
  1.555317 seconds (21.14 M allocations: 1.289 GiB, 26.12% gc time, 12.60% compilation time)
POPULATING EXPRESSIONS
  1.571787 seconds (5.61 M allocations: 832.678 MiB, 12.08% gc time)
CREATING CONSTRAINTS
  1.265981 seconds (13.20 M allocations: 684.761 MiB, 8.80% gc time)
POPULATED CORE OPTIMIZATION MODEL, STARTING ITERATIONS
READING COST DATA FOR ITERATION 1
  2.969785 seconds (10.17 M allocations: 1021.839 MiB, 6.72% gc time)
CREATING EXPRESSIONS FOR CAPITAL AND FIXED COST
  0.485651 seconds (5.70 M allocations: 358.120 MiB, 30.59% gc time)
BUILDING OBJECTIVE FUNCTION
  0.315095 seconds (3.62 M allocations: 129.728 MiB)
Optimizing for iteration 1
  1.958454 seconds (4.48 M allocations: 422.603 MiB, 9.00% gc time)
OPTIMAL
3.985093959587846e13
 =  1.0
READING COST DATA FOR ITERATION 2
  2.906158 seconds (10.23 M allocations: 1016.475 MiB, 4.90% gc time)
CREATING EXPRESSIONS FOR CAPITAL AND FIXED COST
  0.337617 seconds (5.70 M allocations: 358.120 MiB)
BUILDING OBJECTIVE FUNCTION
  0.313590 seconds (3.62 M allocations: 134.617 MiB)
Optimizing for iteration 2
  0.636949 seconds (2 allocations: 32 bytes)
OPTIMAL
2.901193514224269e9
 =  13735.050146428723
READING COST DATA FOR ITERATION 3
  2.926363 seconds (10.22 M allocations: 1.020 GiB, 5.17% gc time)
CREATING EXPRESSIONS FOR CAPITAL AND FIXED COST
  0.508936 seconds (5.70 M allocations: 358.120 MiB, 31.94% gc time)
BUILDING OBJECTIVE FUNCTION
  0.320735 seconds (3.62 M allocations: 134.617 MiB)
Optimizing for iteration 3
  0.627839 seconds (2 allocations: 32 bytes)
OPTIMAL
2.776088206076086e9
 =  0.04506532172658432
READING COST DATA FOR ITERATION 4
  3.079328 seconds (10.22 M allocations: 1016.211 MiB, 7.86% gc time)
CREATING EXPRESSIONS FOR CAPITAL AND FIXED COST
  1.419084 seconds (5.70 M allocations: 358.120 MiB, 75.80% gc time)
BUILDING OBJECTIVE FUNCTION
  0.316213 seconds (3.62 M allocations: 134.617 MiB)
Optimizing for iteration 4
  0.626388 seconds (2 allocations: 32 bytes)
OPTIMAL
2.77542874988914e9
 =  0.00023760515809787875
ITERATIONS COMPLETED
WRITING RESULTS TO FILE
  2.131841 seconds (4.17 M allocations: 229.366 MiB, 48.09% gc time, 38.71% compilation time)

OPTIMIZING FROM 2036 TO 2040 

STARTING OPTIMIZATION MODEL CREATION
CREATING VARIABLES AND EXPRESSIONS
  1.449920 seconds (20.87 M allocations: 1.271 GiB, 29.20% gc time)
POPULATING EXPRESSIONS
  1.634028 seconds (5.63 M allocations: 840.079 MiB, 12.83% gc time)
CREATING CONSTRAINTS
  1.359534 seconds (13.20 M allocations: 685.892 MiB, 12.65% gc time, 0.41% compilation time)
POPULATED CORE OPTIMIZATION MODEL, STARTING ITERATIONS
READING COST DATA FOR ITERATION 1
  2.937449 seconds (10.17 M allocations: 1.019 GiB, 5.64% gc time)
CREATING EXPRESSIONS FOR CAPITAL AND FIXED COST
  0.350954 seconds (5.70 M allocations: 358.120 MiB)
BUILDING OBJECTIVE FUNCTION
  0.301508 seconds (3.62 M allocations: 129.743 MiB)
Optimizing for iteration 1
  2.124502 seconds (4.68 M allocations: 427.322 MiB, 11.26% gc time)
OPTIMAL
3.928075382646849e13
 =  1.0
READING COST DATA FOR ITERATION 2
  2.999230 seconds (10.28 M allocations: 1017.372 MiB, 6.92% gc time)
CREATING EXPRESSIONS FOR CAPITAL AND FIXED COST
  0.553089 seconds (5.70 M allocations: 358.120 MiB, 36.97% gc time)
BUILDING OBJECTIVE FUNCTION
  0.340143 seconds (3.62 M allocations: 134.634 MiB)
Optimizing for iteration 2
  0.709389 seconds (2 allocations: 32 bytes)
OPTIMAL
3.545660243357703e9
 =  11077.544228837316
READING COST DATA FOR ITERATION 3
  3.019515 seconds (10.26 M allocations: 1017.035 MiB, 7.81% gc time)
CREATING EXPRESSIONS FOR CAPITAL AND FIXED COST
  0.342894 seconds (5.70 M allocations: 358.120 MiB)
BUILDING OBJECTIVE FUNCTION
  0.565661 seconds (3.62 M allocations: 134.634 MiB, 44.17% gc time)
Optimizing for iteration 3
  0.721893 seconds (2 allocations: 32 bytes)
OPTIMAL
3.4778016738194137e9
 =  0.019511914681369563
READING COST DATA FOR ITERATION 4
  3.015907 seconds (10.26 M allocations: 1017.035 MiB, 7.38% gc time)
CREATING EXPRESSIONS FOR CAPITAL AND FIXED COST
  0.352574 seconds (5.70 M allocations: 358.120 MiB)
BUILDING OBJECTIVE FUNCTION
  0.313533 seconds (3.62 M allocations: 134.634 MiB)
Optimizing for iteration 4
  0.726283 seconds (2 allocations: 32 bytes)
OPTIMAL
3.4778016738194137e9
 =  0.0
ITERATIONS COMPLETED
WRITING RESULTS TO FILE
  0.707570 seconds (4.30 M allocations: 200.436 MiB, 50.52% gc time)

THE OPTIMIZATION PROBLEM TOOK 1.67 MINUTES TO SOLVE. 
