Running HiGHS 1.6.0: Copyright (c) 2023 HiGHS under MIT licence terms
Presolving model
397981 rows, 923169 cols, 2276995 nonzeros
297933 rows, 590105 cols, 1609413 nonzeros
292669 rows, 345027 cols, 1117230 nonzeros
291677 rows, 343747 cols, 1114697 nonzeros
Presolve : Reductions: rows 291677(-4932770); columns 343747(-3146291); elements 1114697(-17768874)
Solving the presolved LP
IPX model has 291677 rows, 343747 columns and 1114697 nonzeros
Input
    Number of variables:                                343747
    Number of free variables:                           0
    Number of constraints:                              291677
    Number of equality constraints:                     26657
    Number of matrix entries:                           1114697
    Matrix range:                                       [1e-02, 1e+00]
    RHS range:                                          [2e+05, 6e+07]
    Objective range:                                    [3e-04, 8e+02]
    Bounds range:                                       [7e+05, 1e+08]
Preprocessing
    Dualized model:                                     no
    Number of dense columns:                            0
    Range of scaling factors:                           [1.00e+00, 2.00e+00]
IPX version 1.0
Interior Point Solve
 Iter     P.res    D.res            P.obj           D.obj        mu     Time
   0   1.33e+07 4.90e+01   4.77890127e+09 -4.74992495e+13  7.60e+08       0s
   1   3.90e+06 3.65e+01   1.57858336e+13 -3.72522311e+13  5.71e+08       0s
   2   1.98e+06 2.57e+01   2.37123106e+13 -2.98874460e+13  5.21e+08       1s
   3   8.21e+05 4.73e+00   2.02406489e+13 -6.10683211e+12  1.21e+08       2s
   4   2.22e+05 1.49e+00   1.25655437e+13 -2.34931327e+12  4.38e+07       3s
   5   7.65e+04 2.11e-01   6.90646785e+12 -5.12638701e+11  1.39e+07       6s
 Constructing starting basis...
   6   2.68e+04 7.72e-02   2.74751601e+12 -2.04852234e+11  5.17e+06      10s
   7   1.02e+04 2.86e-02   1.21573591e+12 -8.56526331e+10  2.17e+06      12s
   8   3.21e+03 1.00e-02   4.90018429e+11 -3.46322576e+10  8.54e+05      13s
   9   1.87e+03 3.73e-03   3.75243619e+11 -1.98070921e+10  6.34e+05      15s
  10   1.58e+03 1.94e-03   3.50099946e+11 -1.51384455e+10  5.83e+05      17s
  11   4.69e+02 1.33e-03   1.46088839e+11 -1.01653154e+10  2.49e+05      18s
  12   2.21e+02 6.54e-04   1.08401251e+11 -4.63681015e+09  1.79e+05      21s
  13   1.18e+02 3.28e-04   6.62282819e+10  1.30725951e+08  1.05e+05      23s
  14   8.95e+01 1.71e-04   5.62114924e+10  2.18216995e+09  8.53e+04      26s
  15   6.46e+01 8.30e-05   4.82934108e+10  3.15372259e+09  7.12e+04      29s
  16   4.38e+01 5.07e-05   3.71147692e+10  3.95290669e+09  5.23e+04      32s
  17   2.63e+01 3.24e-05   3.07960496e+10  4.15473908e+09  4.20e+04      34s
  18   1.33e+01 1.87e-05   2.04240042e+10  4.69124097e+09  2.48e+04      37s
  19   9.00e+00 1.18e-05   1.64175716e+10  5.00748468e+09  1.80e+04      39s
  20   7.21e+00 6.03e-06   1.46203982e+10  5.28523540e+09  1.47e+04      42s
  21   5.88e+00 3.79e-06   1.30792070e+10  5.41787647e+09  1.21e+04      44s
  22   4.32e+00 1.07e-06   1.19405460e+10  5.46220909e+09  1.02e+04      46s
  23   1.44e+00 4.66e-07   8.97441096e+09  5.52283389e+09  5.43e+03      48s
  24   5.93e-01 7.87e-08   7.56269663e+09  5.61295476e+09  3.07e+03      50s
  25   2.79e-01 3.82e-08   6.79185936e+09  5.63813335e+09  1.81e+03      53s
  26   2.14e-01 2.14e-08   6.57196558e+09  5.65604155e+09  1.44e+03      55s
  27   1.26e-01 1.13e-08   6.26479667e+09  5.66713061e+09  9.40e+02      57s
  28   8.83e-02 4.91e-09   6.12869810e+09  5.67469571e+09  7.14e+02      59s
  29   3.80e-02 2.16e-09   5.89635775e+09  5.68101507e+09  3.39e+02      61s
  30   1.40e-02 1.18e-09   5.82305619e+09  5.68170612e+09  2.22e+02      62s
  31   6.97e-03 6.41e-10   5.76407874e+09  5.68408105e+09  1.26e+02      64s
  32   2.83e-03 1.46e-10   5.73442552e+09  5.68591313e+09  7.63e+01      66s
  33   6.94e-04 2.27e-13   5.71698950e+09  5.68661849e+09  4.77e+01      67s
  34   1.54e-04 2.27e-13   5.69628562e+09  5.68731381e+09  1.41e+01      69s
  35   6.33e-05 2.27e-13   5.69193652e+09  5.68785013e+09  6.42e+00      71s
  36   9.98e-06 2.27e-13   5.68961671e+09  5.68791522e+09  2.68e+00      73s
  37   2.98e-08 3.41e-13   5.68852576e+09  5.68796127e+09  8.87e-01      74s
  38   5.54e-08 2.27e-13   5.68802322e+09  5.68798542e+09  5.94e-02      76s
  39   4.99e-08 1.14e-13   5.68800268e+09  5.68798993e+09  2.00e-02      77s
  40   2.98e-08 2.27e-13   5.68799683e+09  5.68799189e+09  7.76e-03      79s
  41   8.20e-08 2.27e-13   5.68799285e+09  5.68799235e+09  7.88e-04      81s
  42   4.75e-08 2.27e-13   5.68799243e+09  5.68799239e+09  6.29e-05      82s
  43*  4.69e-08 2.27e-13   5.68799240e+09  5.68799239e+09  7.61e-06      84s
Summary
    Runtime:                                            83.54s
    Status interior point solve:                        optimal
    Status crossover:                                   not run
    objective value:                                    5.68799240e+09
    interior solution primal residual (abs/rel):        1.64e-07 / 1.12e-15
    interior solution dual residual (abs/rel):          1.90e-10 / 2.37e-13
    interior solution objective gap (abs/rel):          4.83e+00 / 8.50e-10
Ipx: IPM       optimal
Model   status      : Optimal
IPM       iterations: 43
Objective value     :  5.6879923901e+09
HiGHS run time      :         88.84
Presolving model
397981 rows, 923169 cols, 2276995 nonzeros
297933 rows, 590105 cols, 1609413 nonzeros
292669 rows, 345027 cols, 1117230 nonzeros
291677 rows, 343747 cols, 1114697 nonzeros
Presolve : Reductions: rows 291677(-4947800); columns 343747(-3146291); elements 1114697(-17783904)
Solving the presolved LP
IPX model has 291677 rows, 343747 columns and 1114697 nonzeros
Input
    Number of variables:                                343747
    Number of free variables:                           0
    Number of constraints:                              291677
    Number of equality constraints:                     26657
    Number of matrix entries:                           1114697
    Matrix range:                                       [1e-02, 1e+00]
    RHS range:                                          [2e+05, 6e+07]
    Objective range:                                    [3e-04, 9e+06]
    Bounds range:                                       [7e+05, 1e+08]
Preprocessing
    Dualized model:                                     no
    Number of dense columns:                            0
    Range of scaling factors:                           [1.00e+00, 2.00e+00]
IPX version 1.0
Interior Point Solve
 Iter     P.res    D.res            P.obj           D.obj        mu     Time
   0   1.34e+07 2.23e+06   1.36742986e+14 -2.17018964e+18  3.36e+13       0s
   1   3.86e+06 1.71e+06   3.21053234e+17 -1.74437258e+18  2.70e+13       0s
   2   2.02e+06 1.12e+06   4.93435557e+17 -1.35713114e+18  2.36e+13       1s
   3   8.31e+05 1.95e+05   4.54438431e+17 -2.65565116e+17  4.84e+12       2s
   4   1.61e+05 5.55e+04   2.88524519e+17 -8.98940695e+16  1.49e+12       3s
 Constructing starting basis...
   5   2.37e+04 1.88e+04   1.40662590e+17 -3.52292915e+16  5.23e+11       8s
   6   2.84e+03 4.59e+03   5.67378337e+16 -1.04448541e+16  1.45e+11      10s
   7   9.64e+02 1.22e+03   3.13227554e+16 -3.78060978e+15  6.29e+10      13s
   8   3.93e+02 3.44e+02   1.50068809e+16 -1.20353260e+15  2.70e+10      15s
   9   1.15e+02 1.18e+02   5.27811602e+15 -4.60970729e+14  9.39e+09      17s
  10   5.05e+01 4.88e+01   3.36739851e+15 -2.71160939e+14  5.90e+09      19s
  11   5.90e+00 2.33e+01   1.29840542e+15 -1.67909840e+14  2.42e+09      21s
  12   7.30e-01 1.18e+01   6.49439969e+14 -1.02100981e+14  1.26e+09      22s
  13   3.04e-01 6.05e+00   3.31841297e+14 -5.52854909e+13  6.50e+08      24s
  14   5.07e-02 2.15e+00   1.08167718e+14 -2.18317000e+13  2.20e+08      26s
  15   1.49e-02 4.05e-01   5.78510857e+13 -5.88845327e+12  1.03e+08      28s
  16   2.34e-03 1.01e-01   1.24644479e+13 -1.57484534e+12  2.28e+07      30s
  17   7.74e-04 3.60e-02   4.83542677e+12 -5.80768237e+11  8.74e+06      31s
  18   5.14e-04 1.61e-02   3.71582016e+12 -2.97462197e+11  6.41e+06      33s
  19   2.54e-04 8.06e-03   2.28143823e+12 -1.68239506e+11  3.90e+06      35s
  20   1.69e-04 5.83e-03   1.70730806e+12 -1.27763781e+11  2.91e+06      36s
  21   1.05e-04 1.94e-03   1.35559600e+12 -6.48134758e+10  2.24e+06      38s
  22   4.57e-05 1.40e-03   9.26694768e+11 -5.35545124e+10  1.55e+06      40s
  23   2.38e-05 5.01e-04   5.47497867e+11 -1.93055461e+10  8.93e+05      41s
  24   1.75e-05 2.69e-04   4.49834104e+11 -1.16531508e+10  7.26e+05      43s
  25   7.51e-06 1.35e-04   2.16353092e+11 -3.91314133e+09  3.46e+05      45s
  26   3.93e-06 7.69e-05   1.55833646e+11 -1.48977683e+09  2.47e+05      46s
  27   2.86e-06 2.01e-05   1.36795655e+11  1.05215875e+09  2.13e+05      48s
  28   9.24e-07 8.36e-06   5.99123629e+10  3.32901223e+09  8.90e+04      49s
  29   1.49e-07 4.85e-06   3.00233349e+10  3.98202763e+09  4.09e+04      51s
  30   1.19e-07 2.43e-06   1.63869737e+10  4.80544183e+09  1.82e+04      53s
  31   7.45e-08 6.31e-07   1.07897010e+10  5.43065007e+09  8.43e+03      55s
  32   2.24e-07 2.32e-07   7.90379082e+09  5.68543757e+09  3.49e+03      56s
  33   6.70e-08 9.13e-08   6.94999562e+09  5.78450745e+09  1.83e+03      58s
  34   1.34e-07 3.35e-08   6.27141227e+09  5.83450061e+09  6.87e+02      60s
  35   1.49e-07 1.68e-08   6.02106336e+09  5.85082681e+09  2.68e+02      62s
  36   7.45e-08 7.45e-09   5.94447486e+09  5.85950989e+09  1.34e+02      63s
  37   1.04e-07 3.73e-09   5.88944418e+09  5.86440489e+09  3.94e+01      65s
  38   1.34e-07 2.79e-09   5.86843558e+09  5.86602811e+09  3.78e+00      67s
  39   7.45e-08 1.86e-09   5.86670060e+09  5.86639359e+09  4.83e-01      68s
  40   8.94e-08 2.79e-09   5.86649730e+09  5.86644800e+09  7.75e-02      69s
  41   7.45e-08 1.86e-09   5.86646322e+09  5.86645061e+09  1.98e-02      70s
  42   6.71e-08 1.86e-09   5.86645245e+09  5.86645133e+09  1.75e-03      72s
  43   3.58e-07 2.79e-09   5.86645150e+09  5.86645143e+09  1.14e-04      73s
  44   7.30e-07 1.86e-09   5.86645145e+09  5.86645144e+09  1.89e-05      74s
  45*  6.18e-07 9.31e-10   5.86645144e+09  5.86645144e+09  6.66e-08      75s
Summary
    Runtime:                                            75.01s
    Status interior point solve:                        optimal
    Status crossover:                                   not run
    objective value:                                    5.86645144e+09
    interior solution primal residual (abs/rel):        5.36e-07 / 3.67e-15
    interior solution dual residual (abs/rel):          9.31e-10 / 1.01e-16
    interior solution objective gap (abs/rel):          3.08e-02 / 5.26e-12
Ipx: IPM       optimal
Model   status      : Optimal
IPM       iterations: 45
Objective value     :  5.8664514400e+09
HiGHS run time      :         80.18
Presolving model
397981 rows, 923169 cols, 2276995 nonzeros
297933 rows, 590105 cols, 1609413 nonzeros
292669 rows, 345027 cols, 1117230 nonzeros
291677 rows, 343747 cols, 1114697 nonzeros
Presolve : Reductions: rows 291677(-4962830); columns 343747(-3146291); elements 1114697(-17798934)
Solving the presolved LP
IPX model has 291677 rows, 343747 columns and 1114697 nonzeros
Input
    Number of variables:                                343747
    Number of free variables:                           0
    Number of constraints:                              291677
    Number of equality constraints:                     26657
    Number of matrix entries:                           1114697
    Matrix range:                                       [1e-02, 1e+00]
    RHS range:                                          [2e+05, 6e+07]
    Objective range:                                    [3e-04, 9e+06]
    Bounds range:                                       [7e+05, 1e+08]
Preprocessing
    Dualized model:                                     no
    Number of dense columns:                            0
    Range of scaling factors:                           [1.00e+00, 2.00e+00]
IPX version 1.0
Interior Point Solve
 Iter     P.res    D.res            P.obj           D.obj        mu     Time
   0   1.34e+07 2.23e+06   1.40741643e+14 -2.17013236e+18  3.36e+13       0s
   1   3.87e+06 1.71e+06   3.22515843e+17 -1.74415510e+18  2.70e+13       0s
   2   2.02e+06 1.12e+06   4.95932899e+17 -1.35644365e+18  2.36e+13       1s
   3   8.31e+05 1.95e+05   4.56983066e+17 -2.65723582e+17  4.84e+12       2s
   4   1.62e+05 5.57e+04   2.91058374e+17 -9.02683902e+16  1.50e+12       3s
 Constructing starting basis...
   5   2.38e+04 1.88e+04   1.42579865e+17 -3.52189480e+16  5.24e+11       8s
   6   3.43e+03 4.74e+03   5.94870392e+16 -1.06916225e+16  1.51e+11      10s
   7   9.76e+02 1.39e+03   3.01805332e+16 -4.09013581e+15  6.22e+10      13s
   8   3.40e+02 4.67e+02   1.32382265e+16 -1.51425064e+15  2.50e+10      15s
   9   9.87e+01 2.18e+02   5.12541651e+15 -7.51710152e+14  9.87e+09      16s
  10   4.15e+01 1.14e+02   2.68627836e+15 -4.13683207e+14  5.18e+09      18s
  11   1.63e+01 6.20e+01   1.99087674e+15 -2.68122251e+14  3.76e+09      20s
  12   3.66e+00 4.09e+01   6.37028139e+14 -1.80693335e+14  1.42e+09      22s
  13   1.32e+00 2.51e+01   3.29926874e+14 -1.12689212e+14  7.83e+08      24s
  14   1.06e+00 1.55e+01   2.80722770e+14 -7.07958681e+13  6.07e+08      26s
  15   4.97e-01 1.03e+01   1.50183738e+14 -4.75900025e+13  3.47e+08      28s
  16   1.74e-01 2.25e+00   9.12013709e+13 -1.29678487e+13  1.72e+08      30s
  17   2.42e-02 1.53e-01   4.22100413e+13 -2.51462192e+12  7.10e+07      31s
  18   1.78e-02 3.00e-02   3.44750238e+13 -9.98205001e+11  5.59e+07      33s
  19   6.22e-03 1.45e-02   1.28262251e+13 -5.08392108e+11  2.10e+07      35s
  20   3.14e-03 7.67e-03   7.90633735e+12 -3.31569985e+11  1.30e+07      36s
  21   6.28e-04 4.64e-03   4.52243804e+12 -2.67895509e+11  7.60e+06      38s
  22   2.61e-04 1.50e-03   2.07482863e+12 -9.34083598e+10  3.42e+06      39s
  23   5.96e-07 3.89e-04   6.89000805e+11 -4.42067047e+10  1.16e+06      41s
  24   4.77e-07 1.47e-04   3.06822299e+11 -1.63750458e+10  5.09e+05      43s
  25   2.38e-07 7.81e-05   1.58412572e+11 -8.42552344e+09  2.62e+05      45s
  26   1.49e-07 2.30e-05   8.24588160e+10 -1.98327997e+08  1.30e+05      46s
  27   8.94e-08 1.46e-05   4.87091078e+10  1.07992110e+09  7.49e+04      48s
  28   1.04e-07 4.85e-06   2.10624293e+10  3.83642305e+09  2.71e+04      50s
  29   1.64e-07 1.36e-06   1.14957184e+10  4.84440706e+09  1.05e+04      52s
  30   7.45e-08 7.00e-07   8.58974524e+09  5.03244222e+09  5.59e+03      54s
  31   8.94e-08 2.14e-07   6.67553709e+09  5.24409505e+09  2.25e+03      55s
  32   1.34e-07 9.78e-08   5.87898620e+09  5.31068652e+09  8.93e+02      57s
  33   1.04e-07 4.94e-08   5.59535736e+09  5.33935380e+09  4.02e+02      59s
  34   1.94e-07 2.05e-08   5.48225545e+09  5.35770377e+09  1.96e+02      61s
  35   5.22e-08 9.31e-09   5.41982826e+09  5.36557039e+09  8.53e+01      62s
  36   1.49e-07 3.73e-09   5.38548091e+09  5.36962436e+09  2.49e+01      64s
  37   1.04e-07 3.73e-09   5.37251043e+09  5.37063980e+09  2.94e+00      65s
  38   1.34e-07 3.73e-09   5.37107787e+09  5.37081595e+09  4.12e-01      67s
  39   1.34e-07 2.79e-09   5.37084433e+09  5.37083298e+09  1.78e-02      68s
  40   1.04e-07 3.73e-09   5.37083628e+09  5.37083442e+09  2.92e-03      70s
  41   2.46e-07 3.73e-09   5.37083500e+09  5.37083480e+09  3.08e-04      71s
  42   7.45e-07 1.86e-09   5.37083485e+09  5.37083484e+09  1.41e-05      72s
  43*  3.50e-07 9.31e-10   5.37083485e+09  5.37083485e+09  4.81e-06      74s
Summary
    Runtime:                                            73.82s
    Status interior point solve:                        optimal
    Status crossover:                                   not run
    objective value:                                    5.37083485e+09
    interior solution primal residual (abs/rel):        2.61e-07 / 1.79e-15
    interior solution dual residual (abs/rel):          9.31e-10 / 1.01e-16
    interior solution objective gap (abs/rel):          2.05e+00 / 3.82e-10
Ipx: IPM       optimal
Model   status      : Optimal
IPM       iterations: 43
Objective value     :  5.3708348483e+09
HiGHS run time      :         78.82
Presolving model
397981 rows, 923169 cols, 2276995 nonzeros
297933 rows, 590105 cols, 1609413 nonzeros
292669 rows, 345027 cols, 1117230 nonzeros
291677 rows, 343747 cols, 1114697 nonzeros
Presolve : Reductions: rows 291677(-4977860); columns 343747(-3146291); elements 1114697(-17813964)
Solving the presolved LP
IPX model has 291677 rows, 343747 columns and 1114697 nonzeros
Input
    Number of variables:                                343747
    Number of free variables:                           0
    Number of constraints:                              291677
    Number of equality constraints:                     26657
    Number of matrix entries:                           1114697
    Matrix range:                                       [1e-02, 1e+00]
    RHS range:                                          [2e+05, 6e+07]
    Objective range:                                    [3e-04, 9e+06]
    Bounds range:                                       [7e+05, 1e+08]
Preprocessing
    Dualized model:                                     no
    Number of dense columns:                            0
    Range of scaling factors:                           [1.00e+00, 2.00e+00]
IPX version 1.0
Interior Point Solve
 Iter     P.res    D.res            P.obj           D.obj        mu     Time
   0   1.34e+07 2.23e+06   1.41047856e+14 -2.17012388e+18  3.36e+13       0s
   1   3.87e+06 1.71e+06   3.22570835e+17 -1.74415658e+18  2.70e+13       0s
   2   2.02e+06 1.12e+06   4.96004046e+17 -1.35646075e+18  2.36e+13       1s
   3   8.31e+05 1.95e+05   4.57054457e+17 -2.65735652e+17  4.84e+12       2s
   4   1.62e+05 5.57e+04   2.91125900e+17 -9.02767378e+16  1.50e+12       3s
 Constructing starting basis...
   5   2.38e+04 1.88e+04   1.42597661e+17 -3.52017119e+16  5.24e+11       8s
   6   2.89e+03 4.77e+03   5.72292481e+16 -1.07376512e+16  1.47e+11      10s
   7   8.12e+02 1.24e+03   2.96355425e+16 -3.82527971e+15  6.00e+10      13s
   8   2.49e+02 4.15e+02   1.17984475e+16 -1.40831467e+15  2.23e+10      15s
   9   7.39e+01 1.85e+02   4.61745381e+15 -6.65170874e+14  8.83e+09      16s
  10   2.84e+01 8.64e+01   2.45726026e+15 -3.42290256e+14  4.64e+09      18s
  11   1.34e+01 4.39e+01   1.96624422e+15 -2.20713352e+14  3.59e+09      20s
  12   5.30e+00 2.46e+01   8.89028491e+14 -1.26951278e+14  1.68e+09      22s
  13   2.65e+00 1.56e+01   4.88872978e+14 -8.13032747e+13  9.52e+08      24s
  14   2.18e+00 1.03e+01   4.13556476e+14 -5.46858752e+13  7.74e+08      26s
  15   9.98e-01 7.00e+00   2.03654562e+14 -3.74792296e+13  4.05e+08      27s
  16   5.35e-01 2.34e+00   1.27733668e+14 -1.39659287e+13  2.32e+08      29s
  17   1.61e-01 1.56e-01   5.57507339e+13 -2.09795879e+12  9.16e+07      31s
  18   4.75e-02 3.84e-02   2.43701321e+13 -9.30794148e+11  4.00e+07      32s
  19   1.93e-02 2.20e-02   1.03895600e+13 -5.45490816e+11  1.73e+07      34s
  20   9.05e-03 1.35e-02   6.57415505e+12 -3.93325583e+11  1.11e+07      35s
  21   1.94e-03 1.03e-02   4.36807302e+12 -3.41674500e+11  7.53e+06      37s
  22   8.77e-04 5.48e-03   2.65531699e+12 -2.06494689e+11  4.56e+06      38s
  23   2.56e-04 3.39e-03   1.06633140e+12 -1.33101450e+11  1.91e+06      40s
  24   3.23e-05 8.16e-04   3.38302709e+11 -3.62150174e+10  5.92e+05      42s
  25   1.36e-05 3.89e-04   2.07110858e+11 -1.71938512e+10  3.54e+05      43s
  26   5.13e-06 1.00e-04   1.09912510e+11 -2.23435911e+09  1.76e+05      45s
  27   1.31e-06 3.02e-05   4.33683810e+10  2.43927505e+09  6.44e+04      47s
  28   5.07e-07 9.91e-06   2.24312730e+10  4.14062649e+09  2.88e+04      48s
  29   2.09e-07 3.58e-06   1.24254964e+10  4.79217558e+09  1.20e+04      50s
  30   1.04e-07 1.08e-06   8.16860170e+09  5.02895312e+09  4.94e+03      51s
  31   4.47e-08 3.09e-07   6.31855364e+09  5.14599705e+09  1.84e+03      53s
  32   1.19e-07 1.30e-07   5.66875539e+09  5.18711945e+09  7.57e+02      54s
  33   1.79e-07 6.80e-08   5.38310458e+09  5.20379798e+09  2.82e+02      56s
  34   8.94e-08 2.51e-08   5.27849327e+09  5.21583087e+09  9.85e+01      57s
  35   1.34e-07 9.31e-09   5.24783176e+09  5.22061260e+09  4.28e+01      59s
  36   1.04e-07 3.73e-09   5.22566528e+09  5.22293000e+09  4.30e+00      60s
  37   5.96e-08 2.79e-09   5.22346636e+09  5.22328029e+09  2.93e-01      62s
  38   2.83e-07 1.86e-09   5.22333613e+09  5.22331458e+09  3.39e-02      63s
  39   8.20e-08 2.79e-09   5.22331718e+09  5.22331578e+09  2.20e-03      64s
  40   1.19e-07 3.73e-09   5.22331644e+09  5.22331590e+09  8.47e-04      66s
  41   6.11e-07 2.79e-09   5.22331598e+09  5.22331594e+09  5.75e-05      67s
  42*  1.06e-06 1.86e-09   5.22331595e+09  5.22331594e+09  8.66e-06      68s
Summary
    Runtime:                                            68.40s
    Status interior point solve:                        optimal
    Status crossover:                                   not run
    objective value:                                    5.22331595e+09
    interior solution primal residual (abs/rel):        8.94e-07 / 6.12e-15
    interior solution dual residual (abs/rel):          1.86e-09 / 2.03e-16
    interior solution objective gap (abs/rel):          5.17e+00 / 9.90e-10
Ipx: IPM       optimal
Model   status      : Optimal
IPM       iterations: 42
Objective value     :  5.2233159481e+09
HiGHS run time      :         73.42
Presolving model
397981 rows, 923169 cols, 2276995 nonzeros
297933 rows, 590105 cols, 1609413 nonzeros
292669 rows, 345027 cols, 1117230 nonzeros
291677 rows, 343747 cols, 1114697 nonzeros
Presolve : Reductions: rows 291677(-4992890); columns 343747(-3146291); elements 1114697(-17828994)
Solving the presolved LP
IPX model has 291677 rows, 343747 columns and 1114697 nonzeros
Input
    Number of variables:                                343747
    Number of free variables:                           0
    Number of constraints:                              291677
    Number of equality constraints:                     26657
    Number of matrix entries:                           1114697
    Matrix range:                                       [1e-02, 1e+00]
    RHS range:                                          [2e+05, 6e+07]
    Objective range:                                    [3e-04, 9e+06]
    Bounds range:                                       [7e+05, 1e+08]
Preprocessing
    Dualized model:                                     no
    Number of dense columns:                            0
    Range of scaling factors:                           [1.00e+00, 2.00e+00]
IPX version 1.0
Interior Point Solve
 Iter     P.res    D.res            P.obj           D.obj        mu     Time
   0   1.34e+07 2.23e+06   1.41103791e+14 -2.17012589e+18  3.36e+13       0s
   1   3.87e+06 1.71e+06   3.22585075e+17 -1.74415809e+18  2.70e+13       0s
   2   2.02e+06 1.12e+06   4.96025966e+17 -1.35645700e+18  2.36e+13       1s
   3   8.31e+05 1.95e+05   4.57076891e+17 -2.65738313e+17  4.84e+12       2s
   4   1.62e+05 5.57e+04   2.91176980e+17 -9.02806815e+16  1.50e+12       3s
 Constructing starting basis...
   5   2.50e+04 1.88e+04   1.43889972e+17 -3.52106752e+16  5.27e+11       8s
   6   2.91e+03 4.75e+03   5.70134505e+16 -1.07106053e+16  1.47e+11      10s
   7   8.20e+02 1.20e+03   2.95995767e+16 -3.75024309e+15  5.96e+10      13s
   8   2.52e+02 4.02e+02   1.17315095e+16 -1.37753844e+15  2.21e+10      15s
   9   7.59e+01 1.81e+02   4.59633703e+15 -6.56799698e+14  8.77e+09      16s
  10   2.99e+01 8.53e+01   2.49593653e+15 -3.41364590e+14  4.70e+09      18s
  11   1.19e+01 4.26e+01   1.91372287e+15 -2.18431588e+14  3.51e+09      20s
  12   3.96e+00 2.39e+01   7.51679224e+14 -1.25272938e+14  1.47e+09      22s
  13   2.02e+00 1.54e+01   4.26909910e+14 -8.15118313e+13  8.57e+08      24s
  14   1.65e+00 1.01e+01   3.59701740e+14 -5.39940599e+13  6.88e+08      26s
  15   8.07e-01 6.72e+00   1.88411485e+14 -3.65170796e+13  3.79e+08      28s
  16   3.12e-01 1.73e+00   9.94057063e+13 -1.11510963e+13  1.81e+08      30s
  17   1.08e-01 7.80e-02   4.99994792e+13 -1.63522643e+12  8.15e+07      31s
  18   3.77e-02 1.95e-02   2.32499619e+13 -7.36242113e+11  3.79e+07      33s
  19   2.00e-02 1.05e-02   1.27790314e+13 -4.13570808e+11  2.08e+07      35s
  20   1.15e-02 6.70e-03   9.04487754e+12 -3.30960224e+11  1.48e+07      36s
  21   4.76e-03 5.39e-03   6.54016012e+12 -3.09928322e+11  1.09e+07      38s
  22   1.66e-03 8.36e-04   2.62430538e+12 -6.42880289e+10  4.24e+06      39s
  23   1.76e-04 3.19e-04   1.22129544e+12 -5.18195587e+10  2.00e+06      41s
  24   5.91e-05 1.40e-04   4.52685101e+11 -2.14675920e+10  7.46e+05      42s
  25   1.28e-05 3.46e-05   1.70505172e+11 -4.59945988e+09  2.75e+05      44s
  26   3.64e-06 1.38e-05   8.63412918e+10 -8.47992052e+07  1.36e+05      45s
  27   8.64e-07 4.32e-06   3.30351636e+10  3.17249977e+09  4.69e+04      47s
  28   2.09e-07 1.25e-06   1.47509052e+10  4.46869176e+09  1.62e+04      48s
  29   8.94e-08 3.07e-07   1.01671368e+10  4.93815690e+09  8.22e+03      50s
  30   1.49e-07 6.89e-08   7.09374350e+09  5.09954508e+09  3.14e+03      52s
  31   1.49e-07 3.07e-08   5.92284636e+09  5.16245952e+09  1.20e+03      53s
  32   1.94e-07 1.49e-08   5.53754025e+09  5.19106083e+09  5.45e+02      55s
  33   1.94e-07 6.52e-09   5.34113562e+09  5.20789072e+09  2.09e+02      57s
  34   5.22e-08 3.73e-09   5.27089843e+09  5.21379435e+09  8.98e+01      58s
  35   1.34e-07 3.73e-09   5.23263800e+09  5.21659038e+09  2.52e+01      60s
  36   4.47e-08 2.79e-09   5.21940624e+09  5.21768969e+09  2.70e+00      61s
  37   1.34e-07 3.73e-09   5.21809906e+09  5.21790118e+09  3.11e-01      62s
  38   8.94e-08 3.73e-09   5.21796297e+09  5.21791700e+09  7.23e-02      64s
  39   1.49e-07 3.73e-09   5.21792915e+09  5.21792637e+09  4.36e-03      65s
  40   4.32e-07 3.73e-09   5.21792795e+09  5.21792721e+09  1.16e-03      66s
  41   6.26e-07 1.86e-09   5.21792780e+09  5.21792769e+09  1.82e-04      68s
  42   4.32e-07 1.40e-09   5.21792777e+09  5.21792775e+09  2.96e-05      69s
  43*  4.17e-07 9.31e-10   5.21792777e+09  5.21792776e+09  3.27e-06      71s
Summary
    Runtime:                                            70.53s
    Status interior point solve:                        optimal
    Status crossover:                                   not run
    objective value:                                    5.21792777e+09
    interior solution primal residual (abs/rel):        4.25e-07 / 2.91e-15
    interior solution dual residual (abs/rel):          9.31e-10 / 1.01e-16
    interior solution objective gap (abs/rel):          1.40e+00 / 2.69e-10
Ipx: IPM       optimal
Model   status      : Optimal
IPM       iterations: 43
Objective value     :  5.2179277655e+09
HiGHS run time      :         75.69
Presolving model
397981 rows, 923169 cols, 2276995 nonzeros
297933 rows, 590105 cols, 1609413 nonzeros
292669 rows, 345027 cols, 1117230 nonzeros
291677 rows, 343747 cols, 1114697 nonzeros
Presolve : Reductions: rows 291677(-5007920); columns 343747(-3146291); elements 1114697(-17844024)
Solving the presolved LP
IPX model has 291677 rows, 343747 columns and 1114697 nonzeros
Input
    Number of variables:                                343747
    Number of free variables:                           0
    Number of constraints:                              291677
    Number of equality constraints:                     26657
    Number of matrix entries:                           1114697
    Matrix range:                                       [1e-02, 1e+00]
    RHS range:                                          [2e+05, 6e+07]
    Objective range:                                    [3e-04, 9e+06]
    Bounds range:                                       [7e+05, 1e+08]
Preprocessing
    Dualized model:                                     no
    Number of dense columns:                            0
    Range of scaling factors:                           [1.00e+00, 2.00e+00]
IPX version 1.0
Interior Point Solve
 Iter     P.res    D.res            P.obj           D.obj        mu     Time
   0   1.34e+07 2.23e+06   1.41103791e+14 -2.17012589e+18  3.36e+13       0s
   1   3.87e+06 1.71e+06   3.22585075e+17 -1.74415809e+18  2.70e+13       0s
   2   2.02e+06 1.12e+06   4.96025966e+17 -1.35645700e+18  2.36e+13       1s
   3   8.31e+05 1.95e+05   4.57076891e+17 -2.65738313e+17  4.84e+12       2s
   4   1.62e+05 5.57e+04   2.91147867e+17 -9.02767937e+16  1.50e+12       3s
 Constructing starting basis...
   5   2.45e+04 1.88e+04   1.43390609e+17 -3.52053463e+16  5.26e+11       8s
   6   2.90e+03 4.76e+03   5.71995609e+16 -1.07319491e+16  1.47e+11      10s
   7   7.99e+02 1.25e+03   2.94713851e+16 -3.84875795e+15  5.98e+10      12s
   8   2.50e+02 4.16e+02   1.19030445e+16 -1.41291490e+15  2.25e+10      14s
   9   7.32e+01 1.86e+02   4.60745397e+15 -6.68737164e+14  8.82e+09      16s
  10   2.86e+01 8.72e+01   2.47394371e+15 -3.44850391e+14  4.68e+09      18s
  11   1.18e+01 4.37e+01   1.92748290e+15 -2.20896333e+14  3.53e+09      20s
  12   4.16e+00 2.46e+01   7.88500525e+14 -1.27224012e+14  1.53e+09      22s
  13   2.09e+00 1.58e+01   4.41805140e+14 -8.24389424e+13  8.82e+08      24s
  14   1.69e+00 1.03e+01   3.69952150e+14 -5.46418837e+13  7.06e+08      25s
  15   7.88e-01 6.81e+00   1.85617833e+14 -3.65317205e+13  3.75e+08      27s
  16   3.62e-01 1.97e+00   1.03461132e+14 -1.18659943e+13  1.89e+08      29s
  17   1.28e-01 1.09e-01   5.32883900e+13 -1.88376483e+12  8.72e+07      30s
  18   4.15e-02 3.69e-02   2.19116660e+13 -8.57099829e+11  3.60e+07      32s
  19   2.05e-02 2.18e-02   1.13688884e+13 -5.24138068e+11  1.88e+07      34s
  20   1.30e-02 1.78e-02   8.28223003e+12 -4.53066634e+11  1.38e+07      35s
  21   3.10e-03 1.50e-02   6.09485964e+12 -4.21041349e+11  1.04e+07      37s
  22   1.67e-03 1.11e-02   4.83008337e+12 -3.52012211e+11  8.30e+06      39s
  23   5.91e-04 1.53e-03   1.96123223e+12 -5.94437407e+10  3.19e+06      40s
  24   1.01e-04 4.05e-04   7.27398222e+11 -2.81838536e+10  1.19e+06      42s
  25   3.36e-05 1.62e-04   3.23313560e+11 -1.15538739e+10  5.27e+05      43s
  26   9.42e-06 4.82e-05   1.31307194e+11 -1.53083649e+09  2.09e+05      45s
  27   2.50e-06 1.50e-05   5.96743588e+10  2.15000089e+09  9.04e+04      46s
  28   1.07e-06 5.05e-06   3.15027826e+10  3.98362562e+09  4.33e+04      48s
  29   7.45e-07 1.99e-06   2.41332712e+10  4.67428596e+09  3.06e+04      49s
  30   2.09e-07 4.92e-07   1.16711901e+10  4.99797332e+09  1.05e+04      51s
  31   6.53e-08 8.20e-08   7.77372235e+09  5.07463275e+09  4.24e+03      52s
  32   7.45e-08 3.17e-08   6.34248106e+09  5.15937441e+09  1.86e+03      54s
  33   1.19e-07 1.21e-08   5.68790587e+09  5.19077772e+09  7.82e+02      55s
  34   1.04e-07 7.45e-09   5.37965204e+09  5.20333952e+09  2.77e+02      57s
  35   5.96e-08 3.73e-09   5.27825566e+09  5.21240603e+09  1.04e+02      58s
  36   1.34e-07 2.79e-09   5.23970972e+09  5.21579897e+09  3.76e+01      60s
  37   2.24e-07 1.86e-09   5.21983273e+09  5.21761611e+09  3.48e+00      61s
  38   4.47e-08 1.86e-09   5.21903896e+09  5.21773493e+09  2.05e+00      63s
  39   1.19e-07 1.86e-09   5.21900628e+09  5.21775707e+09  1.96e+00      64s
  40   1.04e-07 2.79e-09   5.21805074e+09  5.21791119e+09  2.19e-01      66s
  41   6.30e-08 2.79e-09   5.21794004e+09  5.21792593e+09  2.22e-02      67s
  42   1.49e-07 2.79e-09   5.21792941e+09  5.21792751e+09  2.99e-03      68s
  43   1.71e-07 2.79e-09   5.21792790e+09  5.21792772e+09  2.72e-04      69s
  44   7.75e-07 1.86e-09   5.21792783e+09  5.21792776e+09  1.00e-04      71s
  45*  1.28e-06 9.31e-10   5.21792777e+09  5.21792776e+09  8.23e-06      72s
Summary
    Runtime:                                            71.66s
    Status interior point solve:                        optimal
    Status crossover:                                   not run
    objective value:                                    5.21792777e+09
    interior solution primal residual (abs/rel):        1.12e-06 / 7.65e-15
    interior solution dual residual (abs/rel):          9.31e-10 / 1.01e-16
    interior solution objective gap (abs/rel):          5.00e+00 / 9.57e-10
Ipx: IPM       optimal
Model   status      : Optimal
IPM       iterations: 45
Objective value     :  5.2179277693e+09
HiGHS run time      :         76.70
Running HiGHS 1.6.0: Copyright (c) 2023 HiGHS under MIT licence terms
Presolving model
119066 rows, 323232 cols, 747309 nonzeros
88972 rows, 196650 cols, 493851 nonzeros
86661 rows, 116294 cols, 332742 nonzeros
86093 rows, 114116 cols, 328351 nonzeros
Presolve : Reductions: rows 86093(-2526497); columns 114116(-1631269); elements 328351(-7871702)
Solving the presolved LP
IPX model has 86093 rows, 114116 columns and 328351 nonzeros
Input
    Number of variables:                                114116
    Number of free variables:                           0
    Number of constraints:                              86093
    Number of equality constraints:                     13681
    Number of matrix entries:                           328351
    Matrix range:                                       [1e-02, 1e+00]
    RHS range:                                          [2e+05, 1e+08]
    Objective range:                                    [2e-04, 1e+06]
    Bounds range:                                       [5e+04, 1e+08]
Preprocessing
    Dualized model:                                     no
    Number of dense columns:                            0
    Range of scaling factors:                           [1.00e+00, 2.00e+00]
IPX version 1.0
Interior Point Solve
 Iter     P.res    D.res            P.obj           D.obj        mu     Time
   0   2.80e+07 1.46e+05   6.30056819e+13 -5.21081441e+16  4.76e+12       0s
   1   8.09e+06 1.05e+05   4.80246350e+16 -4.21856090e+16  3.12e+12       0s
   2   3.31e+06 7.42e+04   6.40518307e+16 -3.48852167e+16  2.55e+12       0s
   3   1.55e+06 1.40e+04   5.09927181e+16 -7.40803798e+15  6.74e+11       0s
   4   4.55e+05 2.38e+03   2.51906588e+16 -1.79902740e+15  1.85e+11       1s
   5   1.83e+05 7.34e+02   1.16079102e+16 -7.22884970e+14  7.25e+10       1s
 Constructing starting basis...
   6   7.43e+04 2.98e+02   5.35754350e+15 -3.65071765e+14  3.31e+10       2s
   7   3.11e+04 1.05e+02   3.31841700e+15 -2.52276113e+14  1.96e+10       2s
   8   1.15e+04 1.72e+01   1.95043260e+15 -1.29319859e+14  1.09e+10       3s
   9   5.85e+03 8.19e+00   1.34998990e+15 -8.91042736e+13  7.54e+09       3s
  10   2.49e+03 3.12e+00   8.22185725e+14 -4.32753438e+13  4.51e+09       3s
  11   1.65e+03 1.34e+00   6.61526065e+14 -2.07891486e+13  3.53e+09       4s
  12   7.11e+02 8.47e-01   5.47190080e+14 -1.84778804e+13  2.97e+09       4s
  13   3.20e+02 5.58e-01   3.02527356e+14 -1.75606840e+12  1.61e+09       4s
  14   2.09e+02 1.79e-01   2.44097626e+14  1.85384944e+13  1.17e+09       5s
  15   1.04e+02 4.28e-02   1.68504411e+14  2.91057512e+13  7.13e+08       5s
  16   6.82e+01 2.56e-02   1.27038960e+14  3.27377133e+13  4.82e+08       6s
  17   4.72e+01 1.35e-02   1.02221522e+14  3.53687427e+13  3.41e+08       7s
  18   2.84e+01 7.80e-03   7.84076232e+13  3.67976456e+13  2.12e+08       7s
  19   1.28e+01 3.29e-03   5.91952167e+13  3.78462201e+13  1.08e+08       7s
  20   8.11e+00 1.19e-03   5.35708475e+13  3.83160645e+13  7.73e+07       8s
  21   4.61e+00 4.95e-04   4.78896514e+13  3.86744287e+13  4.66e+07       8s
  22   4.47e+00 3.49e-04   4.78177425e+13  3.86102684e+13  4.65e+07       9s
  23   1.37e+00 1.26e-04   4.49093666e+13  3.86181833e+13  3.18e+07       9s
  24   1.06e-01 2.88e-05   4.06033446e+13  3.88756662e+13  8.71e+06       9s
  25   3.31e-02 8.80e-06   3.95674683e+13  3.90021666e+13  2.85e+06      10s
  26   1.65e-02 2.43e-06   3.93315761e+13  3.90419235e+13  1.46e+06      10s
  27   4.11e-03 3.54e-07   3.91523949e+13  3.90550941e+13  4.90e+05      10s
  28   7.92e-04 6.17e-08   3.90967640e+13  3.90576517e+13  1.97e+05      11s
  29   3.18e-04 1.80e-08   3.90766220e+13  3.90592747e+13  8.74e+04      11s
  30   9.08e-05 7.68e-09   3.90651948e+13  3.90597776e+13  2.73e+04      11s
  31   3.12e-05 3.61e-09   3.90621392e+13  3.90599836e+13  1.09e+04      12s
  32   1.36e-05 1.63e-09   3.90612225e+13  3.90600853e+13  5.73e+03      12s
  33   3.78e-06 6.98e-10   3.90606549e+13  3.90601385e+13  2.60e+03      12s
  34   1.10e-06 4.66e-10   3.90603566e+13  3.90601668e+13  9.56e+02      13s
  35   4.17e-07 2.33e-10   3.90602818e+13  3.90601799e+13  5.14e+02      13s
  36   1.49e-07 2.33e-10   3.90602193e+13  3.90601844e+13  1.76e+02      13s
  37   1.49e-07 2.33e-10   3.90602029e+13  3.90601868e+13  8.10e+01      14s
  38   1.49e-07 4.66e-10   3.90601931e+13  3.90601883e+13  2.38e+01      14s
  39   1.49e-07 2.33e-10   3.90601890e+13  3.90601886e+13  2.05e+00      14s
  40   8.94e-08 2.33e-10   3.90601888e+13  3.90601886e+13  6.63e-01      14s
  41*  1.49e-07 2.33e-10   3.90601887e+13  3.90601887e+13  8.77e-02      15s
Summary
    Runtime:                                            14.62s
    Status interior point solve:                        optimal
    Status crossover:                                   not run
    objective value:                                    3.90601887e+13
    interior solution primal residual (abs/rel):        2.09e-07 / 1.43e-15
    interior solution dual residual (abs/rel):          4.66e-10 / 3.56e-16
    interior solution objective gap (abs/rel):          1.74e+04 / 4.46e-10
Ipx: IPM       optimal
Model   status      : Optimal
IPM       iterations: 41
Objective value     :  3.9060188595e+13
HiGHS run time      :         17.47
Presolving model
119066 rows, 323232 cols, 747309 nonzeros
88972 rows, 196650 cols, 493851 nonzeros
86661 rows, 116294 cols, 332742 nonzeros
86093 rows, 114116 cols, 328351 nonzeros
Presolve : Reductions: rows 86093(-2534012); columns 114116(-1631269); elements 328351(-7879217)
Solving the presolved LP
IPX model has 86093 rows, 114116 columns and 328351 nonzeros
Input
    Number of variables:                                114116
    Number of free variables:                           0
    Number of constraints:                              86093
    Number of equality constraints:                     13681
    Number of matrix entries:                           328351
    Matrix range:                                       [1e-02, 1e+00]
    RHS range:                                          [2e+05, 1e+08]
    Objective range:                                    [2e-04, 1e+06]
    Bounds range:                                       [5e+04, 1e+08]
Preprocessing
    Dualized model:                                     no
    Number of dense columns:                            0
    Range of scaling factors:                           [1.00e+00, 2.00e+00]
IPX version 1.0
Interior Point Solve
 Iter     P.res    D.res            P.obj           D.obj        mu     Time
   0   2.80e+07 1.49e+05   5.14608331e+13 -5.34715160e+16  4.84e+12       0s
   1   8.11e+06 1.07e+05   4.68389928e+16 -4.33555045e+16  3.19e+12       0s
   2   3.32e+06 7.58e+04   6.28738222e+16 -3.58367928e+16  2.62e+12       0s
   3   1.48e+06 1.52e+04   4.97136472e+16 -8.00913122e+15  6.99e+11       0s
   4   5.60e+05 2.52e+03   2.83399252e+16 -1.94186064e+15  2.12e+11       1s
   5   2.14e+05 7.49e+02   1.25542888e+16 -7.88234314e+14  7.97e+10       1s
 Constructing starting basis...
   6   9.29e+04 2.10e+02   6.14846036e+15 -3.41963451e+14  3.69e+10       2s
   7   4.29e+04 6.54e+01   3.24153029e+15 -1.68994176e+14  1.87e+10       2s
   8   1.64e+04 1.70e+01   1.88874490e+15 -1.29349019e+14  1.07e+10       3s
   9   4.08e+03 7.71e+00   6.96200193e+14 -7.43685281e+13  4.11e+09       3s
  10   1.31e+03 3.58e+00   2.69317831e+14 -3.71743918e+13  1.64e+09       3s
  11   3.26e+02 1.85e+00   8.09103494e+13 -1.98528801e+13  5.52e+08       4s
  12   2.10e+02 9.44e-01   6.80853397e+13 -1.22136438e+13  4.31e+08       4s
  13   4.51e+01 3.66e-01   1.86009894e+13 -4.96960170e+12  1.28e+08       4s
  14   1.35e+01 7.17e-02   6.86589291e+12 -1.08104623e+12  4.20e+07       4s
  15   4.87e+00 3.04e-02   2.95898781e+12 -4.90503578e+11  1.81e+07       5s
  16   2.60e+00 1.42e-02   1.71612500e+12 -2.38066056e+11  1.02e+07       5s
  17   1.01e+00 4.75e-03   8.30827573e+11 -9.10920838e+10  4.74e+06       5s
  18   6.76e-01 2.18e-03   7.00911280e+11 -5.90250448e+10  3.88e+06       6s
  19   4.12e-01 9.29e-04   4.61693903e+11 -2.65880448e+10  2.48e+06       6s
  20   2.73e-01 3.73e-04   3.41122265e+11 -1.31459938e+10  1.80e+06       6s
  21   1.19e-01 1.44e-04   1.67673912e+11 -4.15215931e+09  8.69e+05       6s
  22   3.71e-02 9.74e-05   1.09280051e+11 -3.66608350e+09  5.71e+05       7s
  23   9.64e-03 5.38e-05   4.83388419e+10 -1.26641475e+09  2.50e+05       7s
  24   4.42e-03 3.12e-05   4.18221643e+10 -2.78926725e+08  2.12e+05       7s
  25   6.98e-04 1.14e-05   2.36336775e+10  1.35795033e+09  1.12e+05       7s
  26   2.08e-04 6.00e-06   1.39124628e+10  2.19324114e+09  5.90e+04       8s
  27   4.62e-05 2.73e-06   7.42646922e+09  2.87883510e+09  2.29e+04       8s
  28   1.37e-05 9.24e-07   5.13745086e+09  3.33819287e+09  9.06e+03       8s
  29   4.08e-06 4.06e-07   4.20596033e+09  3.48731254e+09  3.62e+03       8s
  30   1.82e-06 1.78e-07   3.92564090e+09  3.55835919e+09  1.85e+03       9s
  31   4.47e-07 5.01e-08   3.72295425e+09  3.60111855e+09  6.14e+02       9s
  32   2.38e-07 1.68e-08   3.65589464e+09  3.61327074e+09  2.15e+02       9s
  33   2.09e-07 4.42e-09   3.63376989e+09  3.61880066e+09  7.54e+01       9s
  34   1.19e-07 9.31e-10   3.62529178e+09  3.62047274e+09  2.43e+01      10s
  35   1.49e-07 3.49e-10   3.62161476e+09  3.62092594e+09  3.47e+00      10s
  36   1.49e-07 4.66e-10   3.62132085e+09  3.62100141e+09  1.61e+00      10s
  37   1.79e-07 2.33e-10   3.62117150e+09  3.62100875e+09  8.20e-01      10s
  38   1.19e-07 4.66e-10   3.62111046e+09  3.62101031e+09  5.05e-01      10s
  39   1.19e-07 2.33e-10   3.62109760e+09  3.62100975e+09  4.43e-01      11s
  40   1.49e-07 2.33e-10   3.62102602e+09  3.62101051e+09  7.81e-02      11s
  41   2.68e-07 2.33e-10   3.62101711e+09  3.62101072e+09  3.21e-02      11s
  42   3.28e-07 2.33e-10   3.62101115e+09  3.62101083e+09  1.59e-03      11s
  43   1.19e-07 2.33e-10   3.62101095e+09  3.62101086e+09  4.62e-04      11s
  44*  5.96e-07 4.66e-10   3.62101087e+09  3.62101087e+09  1.80e-05      11s
Summary
    Runtime:                                            11.41s
    Status interior point solve:                        optimal
    Status crossover:                                   not run
    objective value:                                    3.62101087e+09
    interior solution primal residual (abs/rel):        4.17e-07 / 2.86e-15
    interior solution dual residual (abs/rel):          4.66e-10 / 3.56e-16
    interior solution objective gap (abs/rel):          3.57e+00 / 9.87e-10
Ipx: IPM       optimal
Model   status      : Optimal
IPM       iterations: 44
Objective value     :  3.6210108722e+09
HiGHS run time      :         14.21
Presolving model
119066 rows, 323232 cols, 747309 nonzeros
88972 rows, 196650 cols, 493851 nonzeros
86661 rows, 116294 cols, 332742 nonzeros
86093 rows, 114116 cols, 328351 nonzeros
Presolve : Reductions: rows 86093(-2541527); columns 114116(-1631269); elements 328351(-7886732)
Solving the presolved LP
IPX model has 86093 rows, 114116 columns and 328351 nonzeros
Input
    Number of variables:                                114116
    Number of free variables:                           0
    Number of constraints:                              86093
    Number of equality constraints:                     13681
    Number of matrix entries:                           328351
    Matrix range:                                       [1e-02, 1e+00]
    RHS range:                                          [2e+05, 1e+08]
    Objective range:                                    [2e-04, 1e+06]
    Bounds range:                                       [5e+04, 1e+08]
Preprocessing
    Dualized model:                                     no
    Number of dense columns:                            0
    Range of scaling factors:                           [1.00e+00, 2.00e+00]
IPX version 1.0
Interior Point Solve
 Iter     P.res    D.res            P.obj           D.obj        mu     Time
   0   2.80e+07 1.49e+05   5.23591760e+13 -5.33912991e+16  4.83e+12       0s
   1   8.11e+06 1.07e+05   4.70369458e+16 -4.32689185e+16  3.18e+12       0s
   2   3.32e+06 7.56e+04   6.31333391e+16 -3.57613830e+16  2.61e+12       0s
   3   1.51e+06 1.44e+04   5.01311705e+16 -7.65162903e+15  6.83e+11       0s
   4   5.65e+05 2.43e+03   2.80844660e+16 -1.89312163e+15  2.09e+11       1s
   5   2.24e+05 7.51e+02   1.26936771e+16 -7.84669563e+14  8.08e+10       1s
 Constructing starting basis...
   6   7.88e+04 2.08e+02   5.13208357e+15 -3.21501065e+14  3.11e+10       2s
   7   2.53e+04 6.12e+01   2.43657816e+15 -1.87118549e+14  1.43e+10       2s
   8   3.57e+03 9.11e+00   1.08458312e+15 -1.03866325e+14  6.19e+09       3s
   9   7.80e+02 3.75e+00   3.67568531e+14 -5.05195331e+13  2.20e+09       3s
  10   2.61e+02 1.81e+00   1.60021834e+14 -2.75374005e+13  9.92e+08       3s
  11   8.03e+01 1.03e+00   5.97786628e+13 -1.62053763e+13  4.09e+08       4s
  12   3.85e+01 5.83e-01   4.31549605e+13 -1.02401946e+13  2.87e+08       4s
  13   1.21e+01 2.32e-01   1.54640624e+13 -4.18844299e+12  1.06e+08       4s
  14   1.79e+00 7.41e-02   3.70626504e+12 -1.42211820e+12  2.79e+07       5s
  15   3.39e-01 3.30e-02   1.49521104e+12 -6.73152022e+11  1.18e+07       5s
  16   8.95e-02 1.04e-02   7.16771172e+11 -2.31716580e+11  5.02e+06       5s
  17   4.53e-02 2.67e-03   4.82644445e+11 -7.07339602e+10  2.84e+06       5s
  18   2.09e-02 1.15e-03   2.50346387e+11 -3.01337967e+10  1.43e+06       6s
  19   8.70e-03 5.90e-04   1.94201092e+11 -1.93469359e+10  1.08e+06       6s
  20   3.90e-03 1.51e-04   1.16216299e+11 -5.01670562e+09  6.12e+05       6s
  21   2.01e-03 1.03e-04   6.74469244e+10 -2.63852646e+09  3.54e+05       6s
  22   8.03e-04 3.29e-05   4.66143306e+10 -5.88368875e+07  2.35e+05       7s
  23   3.01e-04 1.87e-05   3.38139690e+10  7.24601591e+08  1.67e+05       7s
  24   5.56e-05 5.30e-06   1.42767769e+10  2.35962564e+09  6.00e+04       7s
  25   2.26e-05 2.32e-06   8.93215733e+09  2.92857632e+09  3.02e+04       7s
  26   6.05e-06 7.84e-07   5.43091112e+09  3.28692653e+09  1.08e+04       8s
  27   1.97e-06 3.62e-07   4.31789972e+09  3.40345719e+09  4.61e+03       8s
  28   8.05e-07 1.26e-07   3.90130118e+09  3.47832812e+09  2.13e+03       8s
  29   2.98e-07 3.73e-08   3.69215663e+09  3.50907964e+09  9.22e+02       9s
  30   1.19e-07 1.44e-08   3.58478762e+09  3.51890801e+09  3.32e+02       9s
  31   2.38e-07 4.77e-09   3.54752136e+09  3.52347302e+09  1.21e+02       9s
  32   2.09e-07 1.40e-09   3.53301050e+09  3.52522298e+09  3.92e+01       9s
  33   8.94e-08 6.98e-10   3.52730753e+09  3.52600997e+09  6.54e+00       9s
  34   2.09e-07 2.33e-10   3.52643769e+09  3.52623360e+09  1.03e+00      10s
  35   2.68e-07 2.33e-10   3.52626454e+09  3.52625204e+09  6.30e-02      10s
  36   1.19e-07 2.33e-10   3.52625612e+09  3.52625434e+09  9.00e-03      10s
  37   1.49e-07 2.33e-10   3.52625473e+09  3.52625461e+09  6.16e-04      10s
  38   3.87e-07 2.33e-10   3.52625466e+09  3.52625464e+09  9.07e-05      10s
  39*  7.15e-07 2.33e-10   3.52625464e+09  3.52625464e+09  1.05e-05      11s
Summary
    Runtime:                                            10.55s
    Status interior point solve:                        optimal
    Status crossover:                                   not run
    objective value:                                    3.52625464e+09
    interior solution primal residual (abs/rel):        7.75e-07 / 5.31e-15
    interior solution dual residual (abs/rel):          2.33e-10 / 1.78e-16
    interior solution objective gap (abs/rel):          2.07e+00 / 5.88e-10
Ipx: IPM       optimal
Model   status      : Optimal
IPM       iterations: 39
Objective value     :  3.5262546441e+09
HiGHS run time      :         13.33
Presolving model
119066 rows, 323232 cols, 747309 nonzeros
88972 rows, 196650 cols, 493851 nonzeros
86661 rows, 116294 cols, 332742 nonzeros
86093 rows, 114116 cols, 328351 nonzeros
Presolve : Reductions: rows 86093(-2549042); columns 114116(-1631269); elements 328351(-7894247)
Solving the presolved LP
IPX model has 86093 rows, 114116 columns and 328351 nonzeros
Input
    Number of variables:                                114116
    Number of free variables:                           0
    Number of constraints:                              86093
    Number of equality constraints:                     13681
    Number of matrix entries:                           328351
    Matrix range:                                       [1e-02, 1e+00]
    RHS range:                                          [2e+05, 1e+08]
    Objective range:                                    [2e-04, 1e+06]
    Bounds range:                                       [5e+04, 1e+08]
Preprocessing
    Dualized model:                                     no
    Number of dense columns:                            0
    Range of scaling factors:                           [1.00e+00, 2.00e+00]
IPX version 1.0
Interior Point Solve
 Iter     P.res    D.res            P.obj           D.obj        mu     Time
   0   2.80e+07 1.49e+05   5.24523409e+13 -5.34006085e+16  4.84e+12       0s
   1   8.11e+06 1.07e+05   4.70584228e+16 -4.32759199e+16  3.18e+12       0s
   2   3.32e+06 7.56e+04   6.31567199e+16 -3.57662102e+16  2.61e+12       0s
   3   1.51e+06 1.44e+04   5.01410832e+16 -7.64926399e+15  6.83e+11       0s
   4   5.65e+05 2.43e+03   2.80884268e+16 -1.89271890e+15  2.09e+11       1s
   5   2.24e+05 7.51e+02   1.26954026e+16 -7.84235109e+14  8.07e+10       1s
 Constructing starting basis...
   6   7.78e+04 2.27e+02   5.11469328e+15 -3.41223107e+14  3.13e+10       2s
   7   2.61e+04 6.72e+01   2.46850935e+15 -1.90738017e+14  1.46e+10       2s
   8   2.81e+03 1.11e+01   1.11096373e+15 -1.14432009e+14  6.39e+09       3s
   9   6.44e+02 4.23e+00   3.95440316e+14 -5.23478131e+13  2.35e+09       3s
  10   2.11e+02 2.06e+00   1.63982369e+14 -2.85052403e+13  1.02e+09       3s
  11   5.60e+01 1.17e+00   5.98257170e+13 -1.70252608e+13  4.16e+08       4s
  12   3.15e+01 6.55e-01   4.69555681e+13 -1.07132284e+13  3.09e+08       4s
  13   1.06e+01 2.59e-01   1.79149853e+13 -4.37016798e+12  1.20e+08       4s
  14   1.97e+00 7.94e-02   4.99796142e+12 -1.45003090e+12  3.47e+07       4s
  15   4.48e-01 3.28e-02   1.98370717e+12 -6.47877107e+11  1.41e+07       5s
  16   8.28e-02 1.16e-02   8.05483307e+11 -2.53870971e+11  5.61e+06       5s
  17   4.13e-02 2.95e-03   5.64393642e+11 -8.03412020e+10  3.31e+06       5s
  18   2.48e-02 7.06e-04   3.89962902e+11 -2.36538750e+10  2.10e+06       6s
  19   1.07e-02 1.66e-04   2.29600705e+11 -9.00142913e+09  1.20e+06       6s
  20   5.17e-03 4.98e-05   1.48381900e+11 -3.92681017e+09  7.68e+05       6s
  21   3.71e-03 2.44e-05   1.24088529e+11 -2.49332930e+09  6.38e+05       6s
  22   2.36e-03 1.46e-05   8.31272695e+10 -3.98759467e+08  4.21e+05       6s
  23   7.01e-04 4.07e-06   4.74989888e+10  7.76360785e+08  2.35e+05       7s
  24   1.35e-04 1.51e-06   2.82608837e+10  1.51118394e+09  1.35e+05       7s
  25   4.14e-05 6.64e-07   1.26776902e+10  2.52750286e+09  5.11e+04       7s
  26   1.19e-05 1.79e-07   7.44406123e+09  3.13748519e+09  2.17e+04       7s
  27   3.43e-06 7.29e-08   4.93370214e+09  3.34294904e+09  8.01e+03       8s
  28   1.16e-06 3.56e-08   4.07617766e+09  3.42775426e+09  3.27e+03       8s
  29   4.47e-07 1.75e-08   3.78224972e+09  3.47160724e+09  1.56e+03       8s
  30   2.98e-07 4.42e-09   3.60544485e+09  3.50589730e+09  5.01e+02       9s
  31   5.96e-08 1.51e-09   3.55023926e+09  3.51481620e+09  1.78e+02       9s
  32   1.19e-07 6.98e-10   3.53405710e+09  3.51845326e+09  7.86e+01       9s
  33   9.01e-08 2.33e-10   3.52319553e+09  3.51958421e+09  1.82e+01       9s
  34   2.09e-07 2.33e-10   3.52083200e+09  3.51987258e+09  4.83e+00       9s
  35   1.19e-07 3.49e-10   3.52012366e+09  3.52000269e+09  6.09e-01      10s
  36   1.79e-07 2.33e-10   3.52002560e+09  3.52001303e+09  6.33e-02      10s
  37   5.96e-08 2.33e-10   3.52002266e+09  3.52001353e+09  4.60e-02      10s
  38   1.79e-07 2.33e-10   3.52001774e+09  3.52001375e+09  2.01e-02      10s
  39   2.09e-07 2.33e-10   3.52001607e+09  3.52001380e+09  1.15e-02      10s
  40   1.49e-07 2.33e-10   3.52001430e+09  3.52001381e+09  2.45e-03      10s
  41   2.98e-07 2.33e-10   3.52001386e+09  3.52001381e+09  2.10e-04      11s
  42   4.17e-07 2.33e-10   3.52001382e+09  3.52001382e+09  4.48e-05      11s
  43*  8.94e-07 2.33e-10   3.52001382e+09  3.52001382e+09  7.80e-06      11s
Summary
    Runtime:                                            10.85s
    Status interior point solve:                        optimal
    Status crossover:                                   not run
    objective value:                                    3.52001382e+09
    interior solution primal residual (abs/rel):        7.75e-07 / 5.31e-15
    interior solution dual residual (abs/rel):          1.16e-10 / 8.90e-17
    interior solution objective gap (abs/rel):          1.54e+00 / 4.38e-10
Ipx: IPM       optimal
Model   status      : Optimal
IPM       iterations: 43
Objective value     :  3.5200138176e+09
HiGHS run time      :         13.62
Presolving model
119066 rows, 323232 cols, 747309 nonzeros
88972 rows, 196650 cols, 493851 nonzeros
86661 rows, 116294 cols, 332742 nonzeros
86093 rows, 114116 cols, 328351 nonzeros
Presolve : Reductions: rows 86093(-2556557); columns 114116(-1631269); elements 328351(-7901762)
Solving the presolved LP
IPX model has 86093 rows, 114116 columns and 328351 nonzeros
Input
    Number of variables:                                114116
    Number of free variables:                           0
    Number of constraints:                              86093
    Number of equality constraints:                     13681
    Number of matrix entries:                           328351
    Matrix range:                                       [1e-02, 1e+00]
    RHS range:                                          [2e+05, 1e+08]
    Objective range:                                    [2e-04, 1e+06]
    Bounds range:                                       [5e+04, 1e+08]
Preprocessing
    Dualized model:                                     no
    Number of dense columns:                            0
    Range of scaling factors:                           [1.00e+00, 2.00e+00]
IPX version 1.0
Interior Point Solve
 Iter     P.res    D.res            P.obj           D.obj        mu     Time
   0   2.80e+07 1.49e+05   5.24635881e+13 -5.34003446e+16  4.84e+12       0s
   1   8.11e+06 1.07e+05   4.70576138e+16 -4.32757324e+16  3.18e+12       0s
   2   3.32e+06 7.56e+04   6.31558684e+16 -3.57666717e+16  2.61e+12       0s
   3   1.51e+06 1.44e+04   5.01404880e+16 -7.64880427e+15  6.83e+11       0s
   4   5.65e+05 2.43e+03   2.80961766e+16 -1.89244822e+15  2.09e+11       1s
   5   2.24e+05 7.50e+02   1.26989145e+16 -7.84249494e+14  8.08e+10       1s
 Constructing starting basis...
   6   7.88e+04 2.29e+02   5.16056962e+15 -3.42034704e+14  3.16e+10       2s
   7   2.71e+04 6.81e+01   2.51799091e+15 -1.91198309e+14  1.48e+10       2s
   8   4.10e+03 1.12e+01   1.17444545e+15 -1.13289238e+14  6.73e+09       3s
   9   8.26e+02 3.82e+00   4.16284875e+14 -5.11253854e+13  2.45e+09       3s
  10   2.70e+02 1.86e+00   1.68857290e+14 -2.78497416e+13  1.04e+09       3s
  11   7.22e+01 1.06e+00   6.15942254e+13 -1.67216054e+13  4.23e+08       4s
  12   4.11e+01 5.85e-01   4.88808745e+13 -1.04836231e+13  3.17e+08       4s
  13   1.20e+01 2.32e-01   1.67750717e+13 -4.31031186e+12  1.13e+08       4s
  14   2.98e+00 7.21e-02   5.58347085e+12 -1.43847809e+12  3.75e+07       5s
  15   8.11e-01 3.18e-02   2.13770666e+12 -6.68352758e+11  1.50e+07       5s
  16   2.08e-01 1.26e-02   8.62154838e+11 -2.82345560e+11  6.07e+06       5s
  17   1.10e-01 2.85e-03   5.79056614e+11 -7.61348384e+10  3.36e+06       5s
  18   4.84e-02 1.39e-03   2.88913973e+11 -3.74875517e+10  1.66e+06       6s
  19   1.99e-02 7.41e-04   2.25876398e+11 -2.46567554e+10  1.27e+06       6s
  20   8.13e-03 2.05e-04   1.21592008e+11 -6.68470668e+09  6.48e+05       6s
  21   3.86e-03 1.35e-04   6.75266720e+10 -3.62870721e+09  3.59e+05       6s
  22   1.70e-03 6.89e-05   4.96533075e+10 -1.39396262e+09  2.57e+05       7s
  23   6.77e-04 2.15e-05   3.42790089e+10  8.63701136e+08  1.68e+05       7s
  24   9.64e-05 4.23e-06   1.76851014e+10  2.27169019e+09  7.77e+04       7s
  25   3.67e-05 2.27e-06   9.51640603e+09  2.80429144e+09  3.38e+04       7s
  26   1.05e-05 5.23e-07   6.13368017e+09  3.27300976e+09  1.44e+04       8s
  27   3.43e-06 2.54e-07   4.53328366e+09  3.38821820e+09  5.77e+03       8s
  28   1.19e-06 8.27e-08   3.92978195e+09  3.47134248e+09  2.31e+03       8s
  29   5.36e-07 2.03e-08   3.73874017e+09  3.50309552e+09  1.19e+03       8s
  30   1.79e-07 6.29e-09   3.59426322e+09  3.51370016e+09  4.06e+02       9s
  31   2.09e-07 1.63e-09   3.54724452e+09  3.51747312e+09  1.50e+02       9s
  32   1.79e-07 6.98e-10   3.52611909e+09  3.51879683e+09  3.69e+01       9s
  33   1.49e-07 4.66e-10   3.52070850e+09  3.51947911e+09  6.19e+00       9s
  34   1.19e-07 4.66e-10   3.51997823e+09  3.51972012e+09  1.30e+00      10s
  35   1.49e-07 2.33e-10   3.51977133e+09  3.51974492e+09  1.33e-01      10s
  36   6.44e-08 2.33e-10   3.51975057e+09  3.51974742e+09  1.59e-02      10s
  37   1.19e-07 2.33e-10   3.51974793e+09  3.51974766e+09  1.37e-03      10s
  38   3.28e-07 2.33e-10   3.51974773e+09  3.51974771e+09  7.02e-05      10s
  39*  1.19e-07 2.33e-10   3.51974772e+09  3.51974772e+09  8.83e-06      11s
Summary
    Runtime:                                            10.53s
    Status interior point solve:                        optimal
    Status crossover:                                   not run
    objective value:                                    3.51974772e+09
    interior solution primal residual (abs/rel):        1.79e-07 / 1.22e-15
    interior solution dual residual (abs/rel):          2.33e-10 / 1.78e-16
    interior solution objective gap (abs/rel):          1.72e+00 / 4.88e-10
Ipx: IPM       optimal
Model   status      : Optimal
IPM       iterations: 39
Objective value     :  3.5197477218e+09
HiGHS run time      :         13.31
[ Info: Rolling step not specified in scenaio.yaml file; Setting it to 10 years
[ Info: Demand-pathway mapping not specified in scenaio.yaml file; SERA will not look for eligible pathways for different demand types.
[ Info: Production capacity constraints from the grid model not defined. SERA will not create these constraints
[ Info: Regional technology limits not specified in scenaio.yaml file; SERA will not create these constraints
STARTING DATA PRE-PROCESSING 
Processing Temporal Data
Processing Nodes
Processing Demand
Processing Existings
Processing Links
Processing Pathways
Creating Infrastructure options
 19.797541 seconds (99.46 M allocations: 11.605 GiB, 43.23% gc time, 0.44% compilation time)

OPTIMIZING FROM 2026 TO 2035 

STARTING OPTIMIZATION MODEL CREATION
CREATING VARIABLES AND EXPRESSIONS
 78.250002 seconds (270.64 M allocations: 16.798 GiB, 75.63% gc time, 7.71% compilation time)
POPULATING EXPRESSIONS
 52.741003 seconds (202.82 M allocations: 31.782 GiB, 21.40% gc time, 0.36% compilation time)
CREATING CONSTRAINTS
113.098013 seconds (173.63 M allocations: 10.222 GiB, 81.97% gc time, 1.73% compilation time)
POPULATED CORE OPTIMIZATION MODEL, STARTING ITERATIONS
READING COST DATA FOR ITERATION 1
 50.282321 seconds (118.72 M allocations: 11.526 GiB, 47.37% gc time, 0.76% compilation time)
CREATING EXPRESSIONS FOR CAPITAL AND FIXED COST
117.468079 seconds (120.65 M allocations: 7.741 GiB, 91.81% gc time, 1.21% compilation time)
BUILDING OBJECTIVE FUNCTION
 11.717362 seconds (41.60 M allocations: 1.304 GiB, 58.08% gc time, 7.25% compilation time)
Optimizing for iteration 1
218.568973 seconds (57.22 M allocations: 5.633 GiB, 52.37% gc time, 0.02% compilation time)
OPTIMAL
5.687992390147975e9
 =  1.0
READING COST DATA FOR ITERATION 2
466.717649 seconds (96.82 M allocations: 10.977 GiB, 21.85% gc time, 0.01% compilation time)
CREATING EXPRESSIONS FOR CAPITAL AND FIXED COST
141.790543 seconds (119.09 M allocations: 7.634 GiB, 94.14% gc time, 0.00% compilation time)
BUILDING OBJECTIVE FUNCTION
 12.085753 seconds (40.93 M allocations: 1.301 GiB, 64.91% gc time)
Optimizing for iteration 2
 86.165647 seconds (5 allocations: 73.965 MiB, 6.87% gc time)
OPTIMAL
5.8664514399895115e9
 =  0.03042027223227004
READING COST DATA FOR ITERATION 3
478.675587 seconds (96.66 M allocations: 11.053 GiB, 24.04% gc time)
CREATING EXPRESSIONS FOR CAPITAL AND FIXED COST
142.942941 seconds (119.09 M allocations: 7.634 GiB, 94.11% gc time)
BUILDING OBJECTIVE FUNCTION
 12.005319 seconds (40.93 M allocations: 1.301 GiB, 64.96% gc time)
Optimizing for iteration 3
 78.861867 seconds (2 allocations: 32 bytes)
OPTIMAL
5.370834848345302e9
 =  0.09227924626954387
READING COST DATA FOR ITERATION 4
474.633499 seconds (96.64 M allocations: 11.054 GiB, 23.44% gc time)
CREATING EXPRESSIONS FOR CAPITAL AND FIXED COST
144.588318 seconds (119.09 M allocations: 7.634 GiB, 94.19% gc time)
BUILDING OBJECTIVE FUNCTION
 12.345293 seconds (40.93 M allocations: 1.301 GiB, 65.23% gc time)
Optimizing for iteration 4
 73.466170 seconds (2 allocations: 32 bytes)
OPTIMAL
5.223315948071083e9
 =  0.028242385056191525
READING COST DATA FOR ITERATION 5
479.731143 seconds (96.64 M allocations: 11.085 GiB, 24.23% gc time)
CREATING EXPRESSIONS FOR CAPITAL AND FIXED COST
145.530708 seconds (119.09 M allocations: 7.634 GiB, 94.21% gc time)
BUILDING OBJECTIVE FUNCTION
 12.315548 seconds (40.93 M allocations: 1.301 GiB, 65.66% gc time)
Optimizing for iteration 5
 75.738260 seconds (2 allocations: 32 bytes)
OPTIMAL
5.217927765533099e9
 =  0.0010326288100996524
READING COST DATA FOR ITERATION 6
481.764464 seconds (96.64 M allocations: 10.973 GiB, 24.53% gc time)
CREATING EXPRESSIONS FOR CAPITAL AND FIXED COST
155.606798 seconds (119.09 M allocations: 7.634 GiB, 94.53% gc time)
BUILDING OBJECTIVE FUNCTION
 12.579459 seconds (40.93 M allocations: 1.301 GiB, 65.86% gc time)
Optimizing for iteration 6
 76.743397 seconds (2 allocations: 32 bytes)
OPTIMAL
5.217927769267641e9
 =  7.161248345033532e-10
ITERATIONS COMPLETED
WRITING RESULTS TO FILE
 17.078160 seconds (24.40 M allocations: 1.007 GiB, 83.41% gc time, 3.83% compilation time)

OPTIMIZING FROM 2036 TO 2040 

STARTING OPTIMIZATION MODEL CREATION
CREATING VARIABLES AND EXPRESSIONS
215.696616 seconds (131.37 M allocations: 8.050 GiB, 96.52% gc time, 0.10% compilation time)
POPULATING EXPRESSIONS
 21.007251 seconds (56.34 M allocations: 8.731 GiB, 45.55% gc time)
CREATING CONSTRAINTS
 79.089739 seconds (85.06 M allocations: 4.701 GiB, 88.89% gc time, 0.01% compilation time)
POPULATED CORE OPTIMIZATION MODEL, STARTING ITERATIONS
READING COST DATA FOR ITERATION 1
 88.222042 seconds (47.50 M allocations: 5.463 GiB, 85.76% gc time)
CREATING EXPRESSIONS FOR CAPITAL AND FIXED COST
 36.564411 seconds (31.11 M allocations: 1.945 GiB, 94.46% gc time, 0.16% compilation time)
BUILDING OBJECTIVE FUNCTION
  1.949819 seconds (19.38 M allocations: 620.793 MiB, 15.95% gc time)
Optimizing for iteration 1
 97.592980 seconds (29.62 M allocations: 2.757 GiB, 74.41% gc time)
OPTIMAL
3.906018859489255e13
 =  1.0
READING COST DATA FOR ITERATION 2
166.124010 seconds (47.70 M allocations: 5.469 GiB, 49.19% gc time)
CREATING EXPRESSIONS FOR CAPITAL AND FIXED COST
 39.088555 seconds (31.11 M allocations: 1.943 GiB, 94.70% gc time)
BUILDING OBJECTIVE FUNCTION
  2.042149 seconds (19.38 M allocations: 643.350 MiB, 16.95% gc time)
Optimizing for iteration 2
 14.244244 seconds (5 allocations: 32 bytes)
OPTIMAL
3.6210108721941414e9
 =  10786.095088511784
READING COST DATA FOR ITERATION 3
166.898989 seconds (47.68 M allocations: 5.581 GiB, 49.52% gc time)
CREATING EXPRESSIONS FOR CAPITAL AND FIXED COST
 39.483913 seconds (31.11 M allocations: 1.943 GiB, 94.68% gc time)
BUILDING OBJECTIVE FUNCTION
  2.068629 seconds (19.38 M allocations: 643.350 MiB, 16.25% gc time)
Optimizing for iteration 3
 13.351834 seconds (2 allocations: 32 bytes)
OPTIMAL
3.5262546440991263e9
 =  0.02687163510828517
READING COST DATA FOR ITERATION 4
167.744529 seconds (47.68 M allocations: 5.469 GiB, 49.54% gc time)
CREATING EXPRESSIONS FOR CAPITAL AND FIXED COST
 39.624013 seconds (31.11 M allocations: 1.943 GiB, 94.69% gc time)
BUILDING OBJECTIVE FUNCTION
  2.115472 seconds (19.38 M allocations: 643.350 MiB, 16.90% gc time)
Optimizing for iteration 4
 13.639915 seconds (2 allocations: 32 bytes)
OPTIMAL
3.5200138176305394e9
 =  0.001772955105193758
READING COST DATA FOR ITERATION 5
167.997671 seconds (47.68 M allocations: 5.469 GiB, 49.65% gc time)
CREATING EXPRESSIONS FOR CAPITAL AND FIXED COST
 40.024433 seconds (31.11 M allocations: 1.943 GiB, 94.72% gc time)
BUILDING OBJECTIVE FUNCTION
  2.114697 seconds (19.38 M allocations: 643.350 MiB, 16.08% gc time)
Optimizing for iteration 5
 13.332348 seconds (2 allocations: 32 bytes)
OPTIMAL
3.519747721780211e9
 =  7.560083034441517e-5
ITERATIONS COMPLETED
WRITING RESULTS TO FILE
 22.244196 seconds (18.94 M allocations: 844.286 MiB, 88.15% gc time, 44.99% compilation time)

THE OPTIMIZATION PROBLEM TOOK 96.81 MINUTES TO SOLVE. 
