Running HiGHS 1.6.0: Copyright (c) 2023 HiGHS under MIT licence terms
Presolving model
861069 rows, 1835993 cols, 4706628 nonzeros
650661 rows, 1215999 cols, 3463266 nonzeros
642569 rows, 721107 cols, 2469633 nonzeros
641035 rows, 719135 cols, 2465756 nonzeros
Presolve : Reductions: rows 641035(-7196002); columns 719135(-4516287); elements 2465756(-29632118)
Solving the presolved LP
IPX model has 641035 rows, 719135 columns and 2465756 nonzeros
Input
    Number of variables:                                719135
    Number of free variables:                           0
    Number of constraints:                              641035
    Number of equality constraints:                     40406
    Number of matrix entries:                           2465756
    Matrix range:                                       [1e-02, 1e+00]
    RHS range:                                          [2e+05, 1e+08]
    Objective range:                                    [2e-04, 3e+02]
    Bounds range:                                       [7e+05, 1e+08]
Preprocessing
    Dualized model:                                     no
    Number of dense columns:                            0
    Range of scaling factors:                           [1.00e+00, 2.00e+00]
IPX version 1.0
Interior Point Solve
 Iter     P.res    D.res            P.obj           D.obj        mu     Time
   0   1.89e+07 6.47e+01   8.54322190e+09 -1.64107940e+14  1.35e+09       0s
   1   5.91e+06 4.90e+01   1.44506867e+13 -1.33385734e+14  1.08e+09       1s
   2   3.12e+06 4.17e+01   2.36376399e+13 -1.23732369e+14  1.20e+09       3s
   3   1.61e+06 6.20e+00   2.32721210e+13 -2.13897316e+13  2.04e+08       5s
   4   2.98e+05 7.30e-01   1.65509701e+13 -4.34411909e+12  3.52e+07       9s
 Constructing starting basis...
   5   8.97e+04 2.47e-01   9.05637160e+12 -1.86628427e+12  1.36e+07      24s
   6   2.47e+04 1.01e-01   4.13552280e+12 -8.75299180e+11  5.22e+06      31s
   7   4.25e+03 5.22e-02   1.91421102e+12 -5.19768704e+11  2.31e+06      38s
   8   1.42e+03 2.32e-02   1.08612800e+12 -2.62193412e+11  1.14e+06      44s
   9   4.71e+02 9.59e-03   5.51351074e+11 -1.19506125e+11  5.25e+05      50s
  10   1.37e+02 3.47e-03   3.33026538e+11 -5.43296495e+10  2.88e+05      57s
  11   5.50e+01 1.56e-03   1.93800507e+11 -2.58311162e+10  1.60e+05      65s
  12   2.02e+01 6.01e-04   1.17964271e+11 -9.57891335e+09  9.21e+04      74s
  13   1.62e+01 4.08e-04   1.03357983e+11 -5.33361387e+09  7.83e+04      84s
  14   1.37e+01 2.55e-04   9.23662948e+10 -1.48082765e+09  6.75e+04      94s
  15   9.47e+00 1.57e-04   7.17068991e+10  1.17640137e+09  5.07e+04     105s
  16   7.53e+00 9.98e-05   6.11701781e+10  2.93437400e+09  4.18e+04     116s
  17   5.87e+00 5.15e-05   5.36263274e+10  4.10419642e+09  3.55e+04     127s
  18   4.64e+00 3.64e-05   4.53380489e+10  4.84298182e+09  2.90e+04     139s
  19   3.55e+00 1.41e-05   4.00847609e+10  5.41679896e+09  2.48e+04     150s
  20   2.73e+00 9.37e-06   3.32469265e+10  5.96670056e+09  1.96e+04     162s
  21   1.79e+00 5.00e-06   2.72739207e+10  6.21395453e+09  1.51e+04     177s
  22   1.02e+00 2.42e-06   2.04892222e+10  6.59834677e+09  9.95e+03     191s
  23   7.38e-01 1.29e-06   1.79004719e+10  6.79592778e+09  7.96e+03     207s
  24   3.57e-01 4.49e-07   1.45955092e+10  6.92197734e+09  5.50e+03     222s
  25   2.76e-01 2.71e-07   1.32466770e+10  7.06633779e+09  4.43e+03     237s
  26   1.94e-01 1.56e-07   1.18867360e+10  7.15601113e+09  3.39e+03     252s
  27   1.37e-01 9.99e-08   1.08403794e+10  7.21399798e+09  2.60e+03     265s
  28   9.31e-02 5.60e-08   1.02806920e+10  7.22725106e+09  2.19e+03     278s
  29   6.64e-02 1.63e-08   9.94945584e+09  7.23725653e+09  1.94e+03     289s
  30   4.25e-02 1.03e-08   9.13055520e+09  7.29287326e+09  1.32e+03     300s
  31   2.91e-02 6.88e-09   8.75054585e+09  7.31553976e+09  1.03e+03     312s
  32   1.89e-02 4.02e-09   8.47402920e+09  7.33310352e+09  8.17e+02     323s
  33   1.28e-02 3.31e-09   8.33129097e+09  7.33624181e+09  7.13e+02     334s
  34   1.20e-02 3.14e-09   8.29083331e+09  7.33887013e+09  6.82e+02     343s
  35   7.96e-03 1.78e-11   8.20419743e+09  7.35091618e+09  6.11e+02     352s
  36   5.58e-03 1.42e-11   8.03189100e+09  7.35929428e+09  4.82e+02     361s
  37   1.41e-03 8.24e-12   7.82321644e+09  7.36751454e+09  3.27e+02     370s
  38   1.12e-03 5.46e-12   7.77190341e+09  7.37724802e+09  2.83e+02     379s
  39   8.25e-04 3.18e-12   7.71620282e+09  7.38567716e+09  2.37e+02     387s
  40   6.25e-04 3.04e-12   7.66617380e+09  7.38642999e+09  2.00e+02     396s
  41   4.84e-04 2.16e-12   7.62145173e+09  7.39219715e+09  1.64e+02     404s
  42   2.53e-04 1.48e-12   7.57917884e+09  7.39479127e+09  1.32e+02     412s
  43   2.15e-04 5.68e-13   7.56733651e+09  7.40010278e+09  1.20e+02     420s
  44   4.82e-05 2.84e-13   7.49822358e+09  7.40372382e+09  6.77e+01     427s
  45   1.62e-05 1.71e-13   7.46377453e+09  7.40588846e+09  4.15e+01     435s
  46   7.18e-06 1.14e-13   7.44234364e+09  7.40731330e+09  2.51e+01     442s
  47   4.11e-06 1.14e-13   7.43671402e+09  7.40863754e+09  2.01e+01     450s
  48   2.06e-06 1.14e-13   7.42490295e+09  7.40981995e+09  1.08e+01     457s
  49   7.15e-07 1.14e-13   7.42071885e+09  7.41028417e+09  7.48e+00     464s
  50   1.64e-07 5.68e-14   7.41479142e+09  7.41057049e+09  3.02e+00     471s
  51   8.94e-08 1.14e-13   7.41390949e+09  7.41110342e+09  2.01e+00     478s
  52   8.88e-08 1.14e-13   7.41188877e+09  7.41117921e+09  5.08e-01     485s
  53   9.21e-08 1.14e-13   7.41130903e+09  7.41123825e+09  5.07e-02     492s
  54   8.79e-08 1.14e-13   7.41125766e+09  7.41125280e+09  3.48e-03     500s
  55   6.00e-08 1.14e-13   7.41125549e+09  7.41125490e+09  4.23e-04     508s
  56   1.28e-07 1.14e-13   7.41125540e+09  7.41125528e+09  8.74e-05     516s
  57   4.52e-08 1.14e-13   7.41125540e+09  7.41125539e+09  6.51e-06     524s
  58*  1.44e-07 1.14e-13   7.41125539e+09  7.41125539e+09  3.79e-07     531s
Summary
    Runtime:                                            531.39s
    Status interior point solve:                        optimal
    Status crossover:                                   not run
    objective value:                                    7.41125539e+09
    interior solution primal residual (abs/rel):        1.49e-07 / 1.02e-15
    interior solution dual residual (abs/rel):          7.33e-11 / 2.21e-13
    interior solution objective gap (abs/rel):          5.25e-01 / 7.08e-11
Ipx: IPM       optimal
Model   status      : Optimal
IPM       iterations: 58
Objective value     :  7.4112553934e+09
HiGHS run time      :        540.79
Presolving model
861069 rows, 1835993 cols, 4706628 nonzeros
650661 rows, 1215999 cols, 3463266 nonzeros
642569 rows, 721107 cols, 2469633 nonzeros
641035 rows, 719135 cols, 2465756 nonzeros
Presolve : Reductions: rows 641035(-7218547); columns 719135(-4516287); elements 2465756(-29654663)
Solving the presolved LP
IPX model has 641035 rows, 719135 columns and 2465756 nonzeros
Input
    Number of variables:                                719135
    Number of free variables:                           0
    Number of constraints:                              641035
    Number of equality constraints:                     40406
    Number of matrix entries:                           2465756
    Matrix range:                                       [1e-02, 1e+00]
    RHS range:                                          [2e+05, 1e+08]
    Objective range:                                    [2e-04, 1e+07]
    Bounds range:                                       [7e+05, 1e+08]
Preprocessing
    Dualized model:                                     no
    Number of dense columns:                            0
    Range of scaling factors:                           [1.00e+00, 2.00e+00]
IPX version 1.0
Interior Point Solve
 Iter     P.res    D.res            P.obj           D.obj        mu     Time
   0   1.89e+07 2.81e+06   2.32898136e+14 -7.12328066e+18  5.84e+13       0s
   1   6.02e+06 2.15e+06   6.14951734e+17 -5.85355482e+18  4.76e+13       1s
   2   3.16e+06 1.82e+06   1.00594739e+18 -5.41733531e+18  5.30e+13       3s
   3   1.64e+06 2.81e+05   9.98977088e+17 -9.81824003e+17  9.31e+12       5s
   4   3.21e+05 6.08e+04   7.40634919e+17 -2.91618557e+17  2.36e+12       9s
 Constructing starting basis...
   5   3.47e+04 1.78e+04   4.16975184e+17 -1.22100386e+17  8.18e+11      25s
   6   9.06e+03 7.42e+03   2.23979122e+17 -5.90548828e+16  3.43e+11      32s
   7   1.53e+03 2.86e+03   1.02727403e+17 -2.74121146e+16  1.32e+11      40s
   8   4.11e+02 1.21e+03   5.21785589e+16 -1.35564485e+16  5.89e+10      50s
   9   1.91e+02 4.22e+02   3.18047269e+16 -5.61329400e+15  3.01e+10      61s
  10   8.54e+01 1.49e+02   1.67528685e+16 -2.21360286e+15  1.45e+10      70s
  11   3.84e+01 5.43e+01   8.61387783e+15 -9.15692979e+14  7.11e+09      80s
  12   1.64e+01 2.57e+01   5.28483439e+15 -5.86854341e+14  4.36e+09      89s
  13   1.32e+01 1.36e+01   4.72343050e+15 -4.17633851e+14  3.77e+09     100s
  14   6.81e+00 8.60e+00   2.83715362e+15 -2.93441526e+14  2.31e+09     110s
  15   5.02e+00 5.24e+00   2.20250090e+15 -1.94504254e+14  1.76e+09     120s
  16   1.56e+00 3.00e+00   7.82833175e+14 -1.18605839e+14  6.68e+08     128s
  17   2.33e-01 1.44e+00   2.66102653e+14 -6.48234874e+13  2.49e+08     136s
  18   2.35e-02 4.58e-01   6.00834779e+13 -2.25185718e+13  6.26e+07     144s
  19   6.84e-03 1.56e-01   2.93915461e+13 -8.51091419e+12  2.83e+07     151s
  20   2.39e-03 4.65e-02   1.43681366e+13 -2.83264110e+12  1.26e+07     159s
  21   1.15e-03 2.07e-02   8.88017702e+12 -1.40634415e+12  7.50e+06     166s
  22   4.60e-04 1.04e-02   4.88674283e+12 -7.69392314e+11  4.11e+06     174s
  23   2.11e-04 5.88e-03   3.30488191e+12 -4.89366206e+11  2.75e+06     181s
  24   8.70e-05 3.68e-03   1.82203393e+12 -3.15869145e+11  1.55e+06     189s
  25   4.12e-05 1.99e-03   1.39375880e+12 -1.94196492e+11  1.14e+06     196s
  26   2.61e-05 1.25e-03   1.19043054e+12 -1.36298322e+11  9.54e+05     205s
  27   1.55e-05 6.71e-04   9.63061689e+11 -8.53535893e+10  7.53e+05     214s
  28   9.89e-06 4.52e-04   8.15667808e+11 -6.41662079e+10  6.32e+05     222s
  29   6.20e-06 1.75e-04   5.87703304e+11 -2.21432566e+10  4.37e+05     230s
  30   4.89e-06 1.41e-04   5.38273902e+11 -1.89747578e+10  4.00e+05     238s
  31   2.98e-06 7.82e-05   3.85900051e+11 -7.15018083e+09  2.82e+05     246s
  32   1.79e-06 3.04e-05   2.98213344e+11  2.05742153e+09  2.12e+05     253s
  33   1.19e-06 1.61e-05   2.16055657e+11  8.39588381e+09  1.49e+05     261s
  34   5.96e-07 8.48e-06   1.31646032e+11  1.18459927e+10  8.58e+04     267s
  35   3.58e-07 4.92e-06   1.02974034e+11  1.33555659e+10  6.42e+04     275s
  36   1.79e-07 2.82e-06   6.21920064e+10  1.52383201e+10  3.36e+04     282s
  37   2.68e-07 1.39e-06   4.63543127e+10  1.61169755e+10  2.17e+04     289s
  38   1.19e-07 5.56e-07   3.07995460e+10  1.72635628e+10  9.70e+03     295s
  39   1.49e-07 2.97e-07   2.51642894e+10  1.76622156e+10  5.38e+03     302s
  40   1.49e-07 8.94e-08   2.09925345e+10  1.80664884e+10  2.10e+03     308s
  41   1.54e-07 3.54e-08   1.95625944e+10  1.81952420e+10  9.80e+02     315s
  42   1.79e-07 1.77e-08   1.88833382e+10  1.82575558e+10  4.48e+02     321s
  43   1.19e-07 8.38e-09   1.85263993e+10  1.82980053e+10  1.64e+02     328s
  44   2.38e-07 4.66e-09   1.83942500e+10  1.83124173e+10  5.86e+01     334s
  45   2.09e-07 3.73e-09   1.83461263e+10  1.83201820e+10  1.86e+01     339s
  46   2.38e-07 3.73e-09   1.83261330e+10  1.83226413e+10  2.50e+00     345s
  47   1.75e-07 3.73e-09   1.83231345e+10  1.83228565e+10  1.99e-01     351s
  48   3.87e-07 3.73e-09   1.83229225e+10  1.83228805e+10  3.01e-02     356s
  49   1.49e-07 3.73e-09   1.83229000e+10  1.83228882e+10  8.50e-03     362s
  50   2.13e-07 3.73e-09   1.83228919e+10  1.83228906e+10  9.06e-04     367s
  51   4.77e-07 2.79e-09   1.83228910e+10  1.83228909e+10  8.30e-05     372s
  52*  1.04e-06 1.86e-09   1.83228909e+10  1.83228909e+10  9.16e-06     378s
Summary
    Runtime:                                            377.74s
    Status interior point solve:                        optimal
    Status crossover:                                   not run
    objective value:                                    1.83228909e+10
    interior solution primal residual (abs/rel):        6.56e-07 / 4.49e-15
    interior solution dual residual (abs/rel):          1.86e-09 / 1.92e-16
    interior solution objective gap (abs/rel):          1.20e+01 / 6.55e-10
Ipx: IPM       optimal
Model   status      : Optimal
IPM       iterations: 52
Objective value     :  1.8322890925e+10
HiGHS run time      :        386.74
Presolving model
861069 rows, 1835993 cols, 4706628 nonzeros
650661 rows, 1215999 cols, 3463266 nonzeros
642569 rows, 721107 cols, 2469633 nonzeros
641035 rows, 719135 cols, 2465756 nonzeros
Presolve : Reductions: rows 641035(-7241092); columns 719135(-4516287); elements 2465756(-29677208)
Solving the presolved LP
IPX model has 641035 rows, 719135 columns and 2465756 nonzeros
Input
    Number of variables:                                719135
    Number of free variables:                           0
    Number of constraints:                              641035
    Number of equality constraints:                     40406
    Number of matrix entries:                           2465756
    Matrix range:                                       [1e-02, 1e+00]
    RHS range:                                          [2e+05, 1e+08]
    Objective range:                                    [2e-04, 1e+07]
    Bounds range:                                       [7e+05, 1e+08]
Preprocessing
    Dualized model:                                     no
    Number of dense columns:                            0
    Range of scaling factors:                           [1.00e+00, 2.00e+00]
IPX version 1.0
Interior Point Solve
 Iter     P.res    D.res            P.obj           D.obj        mu     Time
   0   1.89e+07 2.80e+06   2.43239838e+14 -7.11587853e+18  5.83e+13       0s
   1   6.02e+06 2.15e+06   6.22274160e+17 -5.84720032e+18  4.76e+13       1s
   2   3.16e+06 1.82e+06   1.01769466e+18 -5.41076443e+18  5.30e+13       3s
   3   1.64e+06 2.81e+05   1.01123258e+18 -9.79602808e+17  9.29e+12       5s
   4   3.23e+05 6.12e+04   7.52251946e+17 -2.92665645e+17  2.37e+12       9s
 Constructing starting basis...
   5   3.55e+04 1.80e+04   4.27870637e+17 -1.22805496e+17  8.27e+11      25s
   6   8.47e+03 7.45e+03   2.26078962e+17 -5.93772957e+16  3.41e+11      33s
   7   1.26e+03 2.92e+03   1.06196024e+17 -2.85256231e+16  1.34e+11      40s
   8   2.39e+02 1.22e+03   4.80981361e+16 -1.38887462e+16  5.47e+10      50s
   9   7.02e+01 3.77e+02   2.38604321e+16 -5.17396875e+15  2.30e+10      61s
  10   1.52e+01 1.34e+02   9.69327869e+15 -2.13711404e+15  9.05e+09      71s
  11   3.86e+00 6.54e+01   4.37328911e+15 -1.13528185e+15  4.21e+09      81s
  12   1.44e+00 3.12e+01   3.09818022e+15 -6.33021254e+14  2.81e+09      91s
  13   4.89e-01 1.85e+01   1.72028520e+15 -4.00980576e+14  1.61e+09     101s
  14   1.80e-01 1.12e+01   9.68798210e+14 -2.53235628e+14  9.34e+08     109s
  15   4.86e-02 6.71e+00   3.80543340e+14 -1.54592913e+14  4.19e+08     117s
  16   2.50e-02 4.16e+00   2.63095795e+14 -9.98205866e+13  2.83e+08     125s
  17   9.24e-03 1.63e+00   1.61148616e+14 -4.34505465e+13  1.56e+08     132s
  18   1.18e-03 5.90e-01   6.79979656e+13 -1.81187097e+13  6.52e+07     139s
  19   5.71e-04 2.49e-01   4.29311759e+13 -8.37561244e+12  3.83e+07     147s
  20   2.88e-04 9.78e-02   2.67244362e+13 -3.67597445e+12  2.24e+07     155s
  21   9.27e-05 2.33e-02   1.33802648e+13 -1.21054587e+12  1.06e+07     163s
  22   4.84e-05 7.16e-03   1.00482169e+13 -6.49452142e+11  7.71e+06     171s
  23   2.28e-05 2.95e-03   5.29573466e+12 -2.98166100e+11  4.02e+06     179s
  24   9.30e-06 1.28e-03   3.02946988e+12 -1.74311334e+11  2.30e+06     187s
  25   2.38e-06 3.32e-04   1.41829226e+12 -7.54215361e+10  1.07e+06     194s
  26   9.54e-07 1.55e-04   7.91100643e+11 -4.11994753e+10  5.97e+05     202s
  27   3.58e-07 5.47e-05   3.82264356e+11 -1.27451378e+10  2.83e+05     209s
  28   1.94e-07 1.78e-05   2.28193241e+11  1.40158639e+08  1.63e+05     217s
  29   2.09e-07 8.25e-06   1.61150110e+11  6.11761954e+09  1.11e+05     224s
  30   1.49e-07 3.42e-06   9.37507716e+10  9.01142531e+09  6.07e+04     230s
  31   2.09e-07 1.16e-06   4.24287789e+10  1.19779584e+10  2.18e+04     237s
  32   1.78e-07 4.53e-07   2.84048692e+10  1.30679235e+10  1.10e+04     244s
  33   1.49e-07 1.79e-07   2.15011345e+10  1.36312338e+10  5.64e+03     251s
  34   1.79e-07 5.87e-08   1.65543927e+10  1.40228835e+10  1.81e+03     257s
  35   2.68e-07 2.61e-08   1.53335326e+10  1.41504839e+10  8.48e+02     264s
  36   8.94e-08 1.49e-08   1.47538403e+10  1.42041576e+10  3.94e+02     270s
  37   3.87e-07 7.45e-09   1.44482025e+10  1.42403715e+10  1.49e+02     276s
  38   1.79e-07 3.73e-09   1.43203150e+10  1.42527821e+10  4.84e+01     282s
  39   1.49e-07 3.73e-09   1.42738581e+10  1.42603066e+10  9.71e+00     288s
  40   3.58e-07 3.73e-09   1.42643376e+10  1.42618019e+10  1.82e+00     293s
  41   2.68e-07 2.79e-09   1.42627848e+10  1.42622469e+10  3.85e-01     299s
  42   4.17e-07 3.73e-09   1.42623467e+10  1.42623233e+10  1.68e-02     304s
  43   2.98e-07 3.73e-09   1.42623324e+10  1.42623285e+10  2.76e-03     309s
  44   4.62e-07 3.73e-09   1.42623307e+10  1.42623299e+10  5.56e-04     314s
  45   1.25e-06 1.86e-09   1.42623304e+10  1.42623304e+10  3.80e-05     320s
  46*  1.97e-06 9.31e-10   1.42623304e+10  1.42623304e+10  3.92e-06     325s
Summary
    Runtime:                                            325.07s
    Status interior point solve:                        optimal
    Status crossover:                                   not run
    objective value:                                    1.42623304e+10
    interior solution primal residual (abs/rel):        1.49e-06 / 1.02e-14
    interior solution dual residual (abs/rel):          9.31e-10 / 9.62e-17
    interior solution objective gap (abs/rel):          4.69e+00 / 3.29e-10
Ipx: IPM       optimal
Model   status      : Optimal
IPM       iterations: 46
Objective value     :  1.4262330401e+10
HiGHS run time      :        333.91
Presolving model
861069 rows, 1835993 cols, 4706628 nonzeros
650661 rows, 1215999 cols, 3463266 nonzeros
642569 rows, 721107 cols, 2469633 nonzeros
641035 rows, 719135 cols, 2465756 nonzeros
Presolve : Reductions: rows 641035(-7263637); columns 719135(-4516287); elements 2465756(-29699753)
Solving the presolved LP
IPX model has 641035 rows, 719135 columns and 2465756 nonzeros
Input
    Number of variables:                                719135
    Number of free variables:                           0
    Number of constraints:                              641035
    Number of equality constraints:                     40406
    Number of matrix entries:                           2465756
    Matrix range:                                       [1e-02, 1e+00]
    RHS range:                                          [2e+05, 1e+08]
    Objective range:                                    [2e-04, 1e+07]
    Bounds range:                                       [7e+05, 1e+08]
Preprocessing
    Dualized model:                                     no
    Number of dense columns:                            0
    Range of scaling factors:                           [1.00e+00, 2.00e+00]
IPX version 1.0
Interior Point Solve
 Iter     P.res    D.res            P.obj           D.obj        mu     Time
   0   1.89e+07 2.80e+06   2.43672538e+14 -7.11670371e+18  5.84e+13       0s
   1   6.02e+06 2.15e+06   6.22542473e+17 -5.84785980e+18  4.76e+13       1s
   2   3.16e+06 1.82e+06   1.01792147e+18 -5.41130673e+18  5.30e+13       3s
   3   1.64e+06 2.80e+05   1.01149459e+18 -9.79312955e+17  9.29e+12       5s
   4   3.24e+05 6.12e+04   7.52423881e+17 -2.92633829e+17  2.37e+12       9s
 Constructing starting basis...
   5   3.60e+04 1.81e+04   4.28351146e+17 -1.22813470e+17  8.28e+11      25s
   6   8.44e+03 7.46e+03   2.24981712e+17 -5.93054326e+16  3.40e+11      33s
   7   1.25e+03 2.96e+03   1.06351634e+17 -2.87630192e+16  1.35e+11      40s
   8   2.30e+02 1.23e+03   4.81997606e+16 -1.39848036e+16  5.49e+10      50s
   9   6.62e+01 3.79e+02   2.38931534e+16 -5.21235909e+15  2.31e+10      60s
  10   1.45e+01 1.32e+02   9.76888343e+15 -2.12369418e+15  9.09e+09      69s
  11   3.79e+00 6.51e+01   4.43804587e+15 -1.13427928e+15  4.25e+09      77s
  12   1.39e+00 3.13e+01   3.10228087e+15 -6.34704109e+14  2.82e+09      86s
  13   5.06e-01 1.82e+01   1.77897807e+15 -3.95784143e+14  1.65e+09      94s
  14   2.30e-01 1.10e+01   1.08275298e+15 -2.49468952e+14  1.01e+09     102s
  15   7.67e-02 6.59e+00   4.71571855e+14 -1.52091714e+14  4.81e+08     110s
  16   5.62e-02 4.37e+00   3.78026125e+14 -1.03861649e+14  3.68e+08     118s
  17   3.34e-02 2.39e+00   2.45442766e+14 -5.84674319e+13  2.30e+08     126s
  18   1.17e-02 7.89e-01   1.04483094e+14 -2.05441655e+13  9.36e+07     133s
  19   8.46e-03 4.18e-01   8.06983706e+13 -1.14381814e+13  6.82e+07     140s
  20   6.56e-03 1.13e-01   6.54673881e+13 -3.69822906e+12  5.01e+07     146s
  21   2.08e-03 6.04e-02   2.17914513e+13 -2.00647323e+12  1.73e+07     153s
  22   8.94e-04 8.10e-03   1.24157840e+13 -5.55551866e+11  9.33e+06     160s
  23   5.43e-04 1.82e-03   8.12260901e+12 -1.86441807e+11  5.96e+06     167s
  24   3.13e-04 6.77e-04   5.24918485e+12 -1.13816799e+11  3.85e+06     173s
  25   8.23e-05 7.71e-05   1.85205470e+12 -3.62471614e+10  1.35e+06     180s
  26   3.50e-05 2.37e-05   9.84168720e+11 -1.61047401e+10  7.17e+05     187s
  27   1.13e-05 6.95e-06   4.83638673e+11 -5.62212327e+09  3.51e+05     194s
  28   3.58e-06 2.01e-06   2.04308007e+11  5.30352536e+09  1.43e+05     202s
  29   4.17e-07 1.13e-06   9.99230621e+10  6.95850100e+09  6.66e+04     209s
  30   2.09e-07 5.20e-07   4.64351765e+10  9.99588571e+09  2.61e+04     217s
  31   1.94e-07 1.88e-07   3.28445652e+10  1.17652234e+10  1.51e+04     224s
  32   2.38e-07 5.12e-08   2.47121473e+10  1.31366608e+10  8.29e+03     232s
  33   2.38e-07 2.24e-08   1.70671735e+10  1.34905954e+10  2.56e+03     239s
  34   2.98e-07 1.02e-08   1.54247966e+10  1.36409105e+10  1.28e+03     246s
  35   2.38e-07 7.45e-09   1.45000040e+10  1.37051735e+10  5.69e+02     252s
  36   2.38e-07 3.73e-09   1.40833694e+10  1.37434502e+10  2.44e+02     259s
  37   1.25e-07 3.73e-09   1.38923599e+10  1.37585178e+10  9.59e+01     264s
  38   2.38e-07 3.73e-09   1.38045607e+10  1.37647256e+10  2.85e+01     270s
  39   1.14e-07 3.73e-09   1.37760518e+10  1.37685595e+10  5.37e+00     276s
  40   1.04e-07 3.73e-09   1.37711825e+10  1.37689443e+10  1.60e+00     282s
  41   2.09e-07 3.73e-09   1.37693232e+10  1.37690710e+10  1.81e-01     287s
  42   2.29e-07 2.79e-09   1.37692462e+10  1.37690865e+10  1.14e-01     293s
  43   2.67e-07 2.79e-09   1.37691225e+10  1.37690895e+10  2.36e-02     298s
  44   2.68e-07 3.73e-09   1.37690992e+10  1.37690953e+10  2.81e-03     303s
  45   8.05e-07 3.73e-09   1.37690967e+10  1.37690960e+10  5.18e-04     308s
  46   2.10e-06 2.79e-09   1.37690963e+10  1.37690963e+10  3.83e-05     314s
  47*  1.92e-06 9.31e-10   1.37690963e+10  1.37690963e+10  3.91e-06     318s
Summary
    Runtime:                                            318.53s
    Status interior point solve:                        optimal
    Status crossover:                                   not run
    objective value:                                    1.37690963e+10
    interior solution primal residual (abs/rel):        1.19e-06 / 8.17e-15
    interior solution dual residual (abs/rel):          4.66e-10 / 4.81e-17
    interior solution objective gap (abs/rel):          4.75e+00 / 3.45e-10
Ipx: IPM       optimal
Model   status      : Optimal
IPM       iterations: 47
Objective value     :  1.3769096321e+10
HiGHS run time      :        327.65
Presolving model
861069 rows, 1835993 cols, 4706628 nonzeros
650661 rows, 1215999 cols, 3463266 nonzeros
642569 rows, 721107 cols, 2469633 nonzeros
641035 rows, 719135 cols, 2465756 nonzeros
Presolve : Reductions: rows 641035(-7286182); columns 719135(-4516287); elements 2465756(-29722298)
Solving the presolved LP
IPX model has 641035 rows, 719135 columns and 2465756 nonzeros
Input
    Number of variables:                                719135
    Number of free variables:                           0
    Number of constraints:                              641035
    Number of equality constraints:                     40406
    Number of matrix entries:                           2465756
    Matrix range:                                       [1e-02, 1e+00]
    RHS range:                                          [2e+05, 1e+08]
    Objective range:                                    [2e-04, 1e+07]
    Bounds range:                                       [7e+05, 1e+08]
Preprocessing
    Dualized model:                                     no
    Number of dense columns:                            0
    Range of scaling factors:                           [1.00e+00, 2.00e+00]
IPX version 1.0
Interior Point Solve
 Iter     P.res    D.res            P.obj           D.obj        mu     Time
   0   1.89e+07 2.80e+06   2.43728294e+14 -7.11670664e+18  5.84e+13       0s
   1   6.02e+06 2.15e+06   6.22583331e+17 -5.84786463e+18  4.76e+13       1s
   2   3.15e+06 1.82e+06   1.01845435e+18 -5.41128883e+18  5.30e+13       3s
   3   1.63e+06 2.81e+05   1.01177037e+18 -9.79332568e+17  9.29e+12       5s
   4   3.22e+05 6.13e+04   7.52263748e+17 -2.92036151e+17  2.37e+12       9s
 Constructing starting basis...
   5   3.57e+04 1.81e+04   4.27861463e+17 -1.22470609e+17  8.27e+11      25s
   6   8.44e+03 7.44e+03   2.25818163e+17 -5.91535259e+16  3.40e+11      33s
   7   1.25e+03 2.94e+03   1.06279784e+17 -2.85888981e+16  1.34e+11      40s
   8   2.30e+02 1.22e+03   4.79073055e+16 -1.38727420e+16  5.45e+10      50s
   9   6.68e+01 3.74e+02   2.40438359e+16 -5.18462650e+15  2.32e+10      60s
  10   1.50e+01 1.32e+02   9.77757051e+15 -2.12380000e+15  9.09e+09      68s
  11   3.97e+00 6.51e+01   4.41742583e+15 -1.12903513e+15  4.23e+09      77s
  12   1.47e+00 3.14e+01   3.12714139e+15 -6.35698341e+14  2.83e+09      86s
  13   5.32e-01 1.84e+01   1.76075766e+15 -3.97387199e+14  1.63e+09      95s
  14   2.38e-01 1.12e+01   1.06886390e+15 -2.51019527e+14  1.00e+09     104s
  15   7.17e-02 6.68e+00   4.35132934e+14 -1.52884635e+14  4.55e+08     112s
  16   4.85e-02 4.38e+00   3.36675130e+14 -1.03464041e+14  3.38e+08     120s
  17   2.12e-02 1.89e+00   1.81637983e+14 -4.70943568e+13  1.74e+08     127s
  18   2.72e-03 5.62e-01   8.36883736e+13 -1.73615442e+13  7.56e+07     134s
  19   1.11e-03 2.65e-01   4.44008098e+13 -8.75596981e+12  3.96e+07     142s
  20   5.67e-04 5.51e-02   2.98715211e+13 -2.55576882e+12  2.36e+07     149s
  21   2.07e-04 2.48e-02   1.17624457e+13 -1.18510713e+12  9.40e+06     157s
  22   1.09e-04 1.12e-02   7.18378828e+12 -5.97410270e+11  5.62e+06     164s
  23   5.10e-05 3.04e-03   4.04285807e+12 -2.12174329e+11  3.06e+06     171s
  24   2.25e-05 9.75e-04   2.39573725e+12 -1.05389443e+11  1.80e+06     179s
  25   4.29e-06 2.17e-04   9.16780318e+11 -4.01678838e+10  6.86e+05     187s
  26   8.34e-07 9.60e-05   5.00410670e+11 -2.40919795e+10  3.76e+05     194s
  27   4.77e-07 2.93e-05   3.20128385e+11 -4.63723462e+09  2.33e+05     202s
  28   2.98e-07 8.43e-06   1.38725649e+11  5.88947699e+09  9.52e+04     210s
  29   3.28e-07 3.25e-06   9.91982459e+10  8.91818815e+09  6.47e+04     217s
  30   4.77e-07 1.33e-06   5.13836593e+10  1.14889978e+10  2.86e+04     224s
  31   3.28e-07 2.51e-07   3.26361604e+10  1.27141581e+10  1.43e+04     231s
  32   1.64e-07 6.52e-08   2.00451087e+10  1.33264744e+10  4.81e+03     237s
  33   1.19e-07 2.14e-08   1.62783746e+10  1.35649020e+10  1.94e+03     244s
  34   2.68e-07 1.02e-08   1.47952432e+10  1.36646813e+10  8.10e+02     250s
  35   1.79e-07 5.59e-09   1.41950101e+10  1.37066685e+10  3.50e+02     256s
  36   3.28e-07 3.73e-09   1.39287902e+10  1.37368231e+10  1.38e+02     262s
  37   1.79e-07 3.73e-09   1.38098451e+10  1.37469098e+10  4.51e+01     268s
  38   2.38e-07 3.73e-09   1.37662880e+10  1.37531564e+10  9.41e+00     274s
  39   2.68e-07 2.79e-09   1.37569371e+10  1.37544013e+10  1.82e+00     279s
  40   2.68e-07 3.73e-09   1.37553897e+10  1.37548134e+10  4.13e-01     284s
  41   1.79e-07 3.73e-09   1.37549323e+10  1.37548819e+10  3.61e-02     289s
  42   2.98e-07 3.73e-09   1.37548954e+10  1.37548914e+10  2.82e-03     295s
  43   3.28e-07 3.73e-09   1.37548933e+10  1.37548928e+10  3.62e-04     300s
  44   1.30e-06 1.86e-09   1.37548929e+10  1.37548929e+10  3.59e-05     305s
  45*  1.92e-06 1.86e-09   1.37548929e+10  1.37548929e+10  5.94e-06     309s
Summary
    Runtime:                                            309.18s
    Status interior point solve:                        optimal
    Status crossover:                                   not run
    objective value:                                    1.37548929e+10
    interior solution primal residual (abs/rel):        1.40e-06 / 9.59e-15
    interior solution dual residual (abs/rel):          9.31e-10 / 9.62e-17
    interior solution objective gap (abs/rel):          7.31e+00 / 5.31e-10
Ipx: IPM       optimal
Model   status      : Optimal
IPM       iterations: 45
Objective value     :  1.3754892914e+10
HiGHS run time      :        318.04
Presolving model
861069 rows, 1835993 cols, 4706628 nonzeros
650661 rows, 1215999 cols, 3463266 nonzeros
642569 rows, 721107 cols, 2469633 nonzeros
641035 rows, 719135 cols, 2465756 nonzeros
Presolve : Reductions: rows 641035(-7308727); columns 719135(-4516287); elements 2465756(-29744843)
Solving the presolved LP
IPX model has 641035 rows, 719135 columns and 2465756 nonzeros
Input
    Number of variables:                                719135
    Number of free variables:                           0
    Number of constraints:                              641035
    Number of equality constraints:                     40406
    Number of matrix entries:                           2465756
    Matrix range:                                       [1e-02, 1e+00]
    RHS range:                                          [2e+05, 1e+08]
    Objective range:                                    [2e-04, 1e+07]
    Bounds range:                                       [7e+05, 1e+08]
Preprocessing
    Dualized model:                                     no
    Number of dense columns:                            0
    Range of scaling factors:                           [1.00e+00, 2.00e+00]
IPX version 1.0
Interior Point Solve
 Iter     P.res    D.res            P.obj           D.obj        mu     Time
   0   1.89e+07 2.80e+06   2.43728294e+14 -7.11670664e+18  5.84e+13       0s
   1   6.02e+06 2.15e+06   6.22583331e+17 -5.84786463e+18  4.76e+13       1s
   2   3.15e+06 1.82e+06   1.01845436e+18 -5.41128883e+18  5.30e+13       3s
   3   1.63e+06 2.81e+05   1.01177037e+18 -9.79332568e+17  9.29e+12       5s
   4   3.22e+05 6.13e+04   7.52289116e+17 -2.92038827e+17  2.37e+12       9s
 Constructing starting basis...
   5   3.56e+04 1.80e+04   4.27971511e+17 -1.22503192e+17  8.27e+11      25s
   6   8.28e+03 7.45e+03   2.24377845e+17 -5.91621722e+16  3.39e+11      33s
   7   1.21e+03 2.98e+03   1.06293239e+17 -2.89292657e+16  1.35e+11      41s
   8   2.26e+02 1.24e+03   4.79587023e+16 -1.39796931e+16  5.48e+10      51s
   9   6.63e+01 3.78e+02   2.40779433e+16 -5.18892055e+15  2.32e+10      61s
  10   1.47e+01 1.33e+02   9.79227692e+15 -2.12538590e+15  9.11e+09      70s
  11   3.89e+00 6.58e+01   4.40649807e+15 -1.13379658e+15  4.23e+09      79s
  12   1.43e+00 3.15e+01   3.12121290e+15 -6.35084211e+14  2.83e+09      88s
  13   5.20e-01 1.85e+01   1.75673078e+15 -3.98217656e+14  1.63e+09      97s
  14   2.26e-01 1.13e+01   1.05077618e+15 -2.51834152e+14  9.90e+08     105s
  15   6.27e-02 6.75e+00   4.07333119e+14 -1.53407744e+14  4.36e+08     113s
  16   3.93e-02 4.37e+00   3.06369710e+14 -1.02730999e+14  3.16e+08     122s
  17   1.73e-02 1.82e+00   1.74340206e+14 -4.56452658e+13  1.67e+08     129s
  18   7.58e-04 4.96e-01   7.74541323e+13 -1.61243646e+13  6.99e+07     137s
  19   2.91e-04 1.51e-01   4.62945042e+13 -6.11809295e+12  3.85e+07     145s
  20   1.21e-04 4.58e-02   2.38822207e+13 -2.19739085e+12  1.90e+07     153s
  21   4.61e-05 1.91e-02   1.05266597e+13 -9.88654058e+11  8.35e+06     162s
  22   1.86e-05 1.06e-02   5.88779535e+12 -6.21177690e+11  4.72e+06     169s
  23   6.68e-06 2.94e-03   3.11281721e+12 -2.33347303e+11  2.41e+06     177s
  24   3.04e-06 9.79e-04   1.68432542e+12 -8.89520094e+10  1.27e+06     185s
  25   1.01e-06 2.65e-04   8.10775909e+11 -3.12324643e+10  6.04e+05     192s
  26   3.58e-07 1.08e-04   4.75537583e+11 -1.65389811e+10  3.53e+05     200s
  27   2.68e-07 2.99e-05   3.05930077e+11 -7.72633782e+08  2.20e+05     208s
  28   1.49e-07 1.10e-05   1.35456702e+11  6.58894492e+09  9.23e+04     215s
  29   2.38e-07 4.10e-06   8.52354875e+10  9.37006600e+09  5.44e+04     222s
  30   4.17e-07 1.70e-06   4.24585538e+10  1.16582689e+10  2.21e+04     229s
  31   6.26e-07 6.48e-07   3.27626806e+10  1.22710280e+10  1.47e+04     237s
  32   2.09e-07 7.26e-08   1.94362966e+10  1.33268351e+10  4.38e+03     244s
  33   1.19e-07 2.42e-08   1.62332790e+10  1.35614456e+10  1.91e+03     251s
  34   2.38e-07 1.21e-08   1.48388623e+10  1.36615630e+10  8.44e+02     258s
  35   1.40e-07 7.45e-09   1.42172654e+10  1.37053585e+10  3.67e+02     264s
  36   2.38e-07 3.73e-09   1.39351835e+10  1.37356167e+10  1.43e+02     270s
  37   2.68e-07 3.73e-09   1.38116033e+10  1.37459927e+10  4.70e+01     276s
  38   1.79e-07 3.73e-09   1.37667762e+10  1.37529723e+10  9.89e+00     282s
  39   1.42e-07 3.73e-09   1.37568943e+10  1.37542636e+10  1.88e+00     287s
  40   1.19e-07 3.73e-09   1.37552895e+10  1.37546942e+10  4.27e-01     293s
  41   2.68e-07 3.73e-09   1.37548319e+10  1.37547596e+10  5.18e-02     298s
  42   3.28e-07 2.79e-09   1.37547800e+10  1.37547708e+10  6.57e-03     303s
  43   3.28e-07 3.73e-09   1.37547748e+10  1.37547740e+10  5.90e-04     308s
  44   1.46e-06 2.79e-09   1.37547744e+10  1.37547743e+10  9.03e-05     314s
  45   2.35e-06 1.86e-09   1.37547743e+10  1.37547743e+10  1.10e-05     319s
  46*  8.34e-07 1.86e-09   1.37547743e+10  1.37547743e+10  1.77e-06     323s
Summary
    Runtime:                                            322.65s
    Status interior point solve:                        optimal
    Status crossover:                                   not run
    objective value:                                    1.37547743e+10
    interior solution primal residual (abs/rel):        9.09e-07 / 6.23e-15
    interior solution dual residual (abs/rel):          9.31e-10 / 9.62e-17
    interior solution objective gap (abs/rel):          1.78e+00 / 1.29e-10
Ipx: IPM       optimal
Model   status      : Optimal
IPM       iterations: 46
Objective value     :  1.3754774307e+10
HiGHS run time      :        331.95
[ Info: Rolling step not specified in scenaio.yaml file; Setting it to 15 years
[ Info: Demand-pathway mapping not specified in scenaio.yaml file; SERA will not look for eligible pathways for different demand types.
[ Info: Production capacity constraints from the grid model not defined. SERA will not create these constraints
[ Info: Regional technology limits not specified in scenaio.yaml file; SERA will not create these constraints
STARTING DATA PRE-PROCESSING 
Processing Temporal Data
Processing Nodes
Processing Demand
Processing Existings
Processing Links
Processing Pathways
Creating Infrastructure options
 19.479614 seconds (99.46 M allocations: 11.605 GiB, 42.52% gc time, 0.44% compilation time)

OPTIMIZING FROM 2026 TO 2040 

STARTING OPTIMIZATION MODEL CREATION
CREATING VARIABLES AND EXPRESSIONS
185.992251 seconds (400.97 M allocations: 25.070 GiB, 85.92% gc time, 3.90% compilation time)
POPULATING EXPRESSIONS
102.180888 seconds (439.16 M allocations: 69.163 GiB, 14.07% gc time, 0.18% compilation time)
CREATING CONSTRAINTS
195.924432 seconds (259.79 M allocations: 15.805 GiB, 85.73% gc time, 0.94% compilation time)
POPULATED CORE OPTIMIZATION MODEL, STARTING ITERATIONS
READING COST DATA FOR ITERATION 1
130.364775 seconds (182.09 M allocations: 17.324 GiB, 69.68% gc time, 0.30% compilation time)
CREATING EXPRESSIONS FOR CAPITAL AND FIXED COST
380.087421 seconds (266.36 M allocations: 17.129 GiB, 94.74% gc time, 0.42% compilation time)
BUILDING OBJECTIVE FUNCTION
 29.264579 seconds (65.34 M allocations: 2.016 GiB, 72.97% gc time, 2.82% compilation time)
Optimizing for iteration 1
764.392352 seconds (88.86 M allocations: 8.383 GiB, 26.16% gc time, 0.00% compilation time)
OPTIMAL
7.411255393351673e9
ϵ =  1.0
READING COST DATA FOR ITERATION 2
1158.998685 seconds (147.85 M allocations: 16.614 GiB, 23.91% gc time, 0.00% compilation time)
CREATING EXPRESSIONS FOR CAPITAL AND FIXED COST
567.161584 seconds (264.96 M allocations: 17.021 GiB, 96.76% gc time, 0.00% compilation time)
BUILDING OBJECTIVE FUNCTION
 29.876594 seconds (64.68 M allocations: 2.035 GiB, 75.69% gc time)
Optimizing for iteration 2
386.845793 seconds (5 allocations: 32 bytes)
OPTIMAL
1.8322890924652878e10
ϵ =  0.5955193193135107
READING COST DATA FOR ITERATION 3
1157.992702 seconds (147.41 M allocations: 16.574 GiB, 23.84% gc time)
CREATING EXPRESSIONS FOR CAPITAL AND FIXED COST
553.110107 seconds (264.96 M allocations: 17.021 GiB, 96.62% gc time)
BUILDING OBJECTIVE FUNCTION
 30.333855 seconds (64.68 M allocations: 2.035 GiB, 75.88% gc time)
Optimizing for iteration 3
333.980822 seconds (2 allocations: 32 bytes)
OPTIMAL
1.4262330400936491e10
ϵ =  0.28470526271504504
READING COST DATA FOR ITERATION 4
1164.119652 seconds (147.36 M allocations: 16.636 GiB, 24.45% gc time)
CREATING EXPRESSIONS FOR CAPITAL AND FIXED COST
565.802584 seconds (264.96 M allocations: 17.021 GiB, 96.71% gc time)
BUILDING OBJECTIVE FUNCTION
 30.670110 seconds (64.68 M allocations: 2.035 GiB, 76.01% gc time)
Optimizing for iteration 4
327.724894 seconds (2 allocations: 32 bytes)
OPTIMAL
1.3769096321362299e10
ϵ =  0.035821819243399104
READING COST DATA FOR ITERATION 5
1166.763794 seconds (147.35 M allocations: 16.620 GiB, 24.65% gc time)
CREATING EXPRESSIONS FOR CAPITAL AND FIXED COST
572.114922 seconds (264.96 M allocations: 17.021 GiB, 96.70% gc time)
BUILDING OBJECTIVE FUNCTION
 31.010293 seconds (64.68 M allocations: 2.035 GiB, 76.19% gc time)
Optimizing for iteration 5
318.107697 seconds (2 allocations: 32 bytes)
OPTIMAL
1.3754892914181469e10
ϵ =  0.0010326076162964772
READING COST DATA FOR ITERATION 6
1171.604559 seconds (147.35 M allocations: 16.533 GiB, 24.78% gc time)
CREATING EXPRESSIONS FOR CAPITAL AND FIXED COST
566.587720 seconds (264.96 M allocations: 17.021 GiB, 96.69% gc time)
BUILDING OBJECTIVE FUNCTION
 31.380220 seconds (64.68 M allocations: 2.035 GiB, 76.43% gc time)
Optimizing for iteration 6
332.027672 seconds (2 allocations: 32 bytes)
OPTIMAL
1.375477430681021e10
ϵ =  8.622996540815112e-6
ITERATIONS COMPLETED
WRITING RESULTS TO FILE
 51.087705 seconds (51.70 M allocations: 2.125 GiB, 89.52% gc time, 1.29% compilation time)

THE OPTIMIZATION PROBLEM TOOK 208.45 MINUTES TO SOLVE. 
