Running HiGHS 1.6.0: Copyright (c) 2023 HiGHS under MIT licence terms
Presolving model
399115 rows, 924513 cols, 2280418 nonzeros
299067 rows, 591449 cols, 1612857 nonzeros
293803 rows, 346371 cols, 1120674 nonzeros
292811 rows, 345091 cols, 1118141 nonzeros
Presolve : Reductions: rows 292811(-4937936); columns 345091(-3148307); elements 1118141(-17778345)
Solving the presolved LP
IPX model has 292811 rows, 345091 columns and 1118141 nonzeros
Input
    Number of variables:                                345091
    Number of free variables:                           0
    Number of constraints:                              292811
    Number of equality constraints:                     26657
    Number of matrix entries:                           1118141
    Matrix range:                                       [1e-02, 1e+00]
    RHS range:                                          [2e+05, 6e+07]
    Objective range:                                    [3e-04, 8e+01]
    Bounds range:                                       [7e+05, 1e+08]
Preprocessing
    Dualized model:                                     no
    Number of dense columns:                            0
    Range of scaling factors:                           [1.00e+00, 2.00e+00]
IPX version 1.0
Interior Point Solve
 Iter     P.res    D.res            P.obj           D.obj        mu     Time
   0   1.22e+07 4.88e+01   3.45954402e+09 -4.73942350e+13  6.67e+08       0s
   1   3.25e+06 3.47e+01   2.09487403e+12 -3.56077162e+13  4.95e+08       0s
   2   1.82e+06 2.61e+01   3.24343226e+12 -2.98066872e+13  4.88e+08       1s
   3   7.10e+05 4.17e+00   3.13526661e+12 -5.14102198e+12  8.54e+07       2s
   4   2.62e+05 8.38e-01   2.35672138e+12 -1.12164898e+12  2.02e+07       3s
 Constructing starting basis...
   5   9.53e+04 2.17e-01   1.47098517e+12 -3.48288527e+11  6.31e+06       8s
   6   2.10e+04 4.46e-02   6.80100444e+11 -9.92147735e+10  1.78e+06      11s
   7   6.75e+03 1.45e-02   3.18322689e+11 -3.67626269e+10  6.76e+05      13s
   8   2.45e+03 4.77e-03   1.47434165e+11 -1.27404719e+10  2.74e+05      14s
   9   1.25e+03 2.39e-03   1.04970727e+11 -7.59641038e+09  1.86e+05      16s
  10   3.80e+02 5.85e-04   5.20701917e+10 -1.65638355e+09  8.56e+04      18s
  11   1.80e+02 2.97e-04   3.37263072e+10 -1.00725276e+07  5.33e+04      21s
  12   1.32e+02 1.70e-04   3.13292136e+10  4.24311402e+08  4.87e+04      24s
  13   8.64e+01 9.11e-05   2.36812708e+10  1.25940348e+09  3.52e+04      26s
  14   6.46e+01 4.73e-05   2.03368199e+10  1.64269654e+09  2.93e+04      29s
  15   4.18e+01 2.37e-05   1.58179958e+10  1.95741565e+09  2.17e+04      31s
  16   3.21e+01 1.19e-05   1.33529763e+10  2.19748954e+09  1.75e+04      34s
  17   2.02e+01 5.80e-06   1.03778750e+10  2.32624858e+09  1.26e+04      36s
  18   6.95e+00 1.19e-06   7.34177300e+09  2.40869216e+09  7.73e+03      39s
  19   2.78e+00 6.32e-07   4.85371362e+09  2.51410112e+09  3.67e+03      42s
  20   1.81e+00 4.22e-07   4.23939345e+09  2.55960632e+09  2.63e+03      46s
  21   1.28e+00 2.91e-07   3.85785924e+09  2.59170785e+09  1.98e+03      50s
  22   4.82e-01 1.46e-07   3.38119735e+09  2.62136627e+09  1.19e+03      54s
  23   2.59e-01 9.36e-08   3.13415977e+09  2.63958412e+09  7.75e+02      59s
  24   1.85e-01 7.13e-08   3.03411637e+09  2.64849242e+09  6.04e+02      62s
  25   8.09e-02 5.07e-08   2.86082701e+09  2.65822605e+09  3.17e+02      66s
  26   3.50e-02 3.35e-08   2.81697751e+09  2.66468138e+09  2.39e+02      70s
  27   2.16e-02 1.90e-08   2.77590486e+09  2.67262419e+09  1.62e+02      73s
  28   1.70e-02 1.58e-08   2.76152525e+09  2.67437334e+09  1.36e+02      76s
  29   8.59e-03 9.10e-09   2.72863189e+09  2.67842118e+09  7.86e+01      78s
  30   6.35e-03 6.03e-09   2.72018442e+09  2.68022342e+09  6.26e+01      81s
  31   3.11e-03 2.70e-09   2.70951291e+09  2.68204950e+09  4.30e+01      83s
  32   2.30e-03 1.80e-09   2.70402381e+09  2.68281567e+09  3.32e+01      86s
  33   1.16e-03 1.10e-09   2.69575279e+09  2.68343977e+09  1.93e+01      88s
  34   5.21e-04 2.81e-10   2.69179011e+09  2.68411174e+09  1.20e+01      90s
  35   2.27e-04 9.76e-11   2.68806744e+09  2.68441659e+09  5.72e+00      92s
  36   8.53e-05 8.70e-12   2.68717001e+09  2.68447509e+09  4.22e+00      94s
  37   3.85e-05 1.68e-12   2.68589204e+09  2.68457940e+09  2.06e+00      96s
  38   1.67e-06 1.32e-12   2.68540448e+09  2.68457673e+09  1.30e+00      97s
  39   2.98e-07 1.99e-13   2.68477300e+09  2.68461179e+09  2.52e-01      99s
  40   1.19e-07 8.53e-14   2.68467108e+09  2.68461637e+09  8.57e-02     101s
  41   3.09e-08 5.68e-14   2.68462438e+09  2.68461796e+09  1.01e-02     103s
  42   2.98e-08 2.84e-14   2.68461960e+09  2.68461884e+09  1.19e-03     104s
  43   3.81e-08 2.84e-14   2.68461909e+09  2.68461899e+09  1.57e-04     106s
  44   3.85e-08 2.84e-14   2.68461907e+09  2.68461904e+09  3.78e-05     108s
  45*  4.62e-08 2.84e-14   2.68461906e+09  2.68461906e+09  4.05e-06     110s
Summary
    Runtime:                                            109.90s
    Status interior point solve:                        optimal
    Status crossover:                                   not run
    objective value:                                    2.68461906e+09
    interior solution primal residual (abs/rel):        3.73e-08 / 2.55e-16
    interior solution dual residual (abs/rel):          3.15e-10 / 3.97e-12
    interior solution objective gap (abs/rel):          2.58e+00 / 9.62e-10
Ipx: IPM       optimal
Model   status      : Optimal
IPM       iterations: 45
Objective value     :  2.6846190588e+09
HiGHS run time      :        115.37
Presolving model
399115 rows, 924513 cols, 2280418 nonzeros
299067 rows, 591449 cols, 1612857 nonzeros
293803 rows, 346371 cols, 1120674 nonzeros
292811 rows, 345091 cols, 1118141 nonzeros
Presolve : Reductions: rows 292811(-4952966); columns 345091(-3148307); elements 1118141(-17793375)
Solving the presolved LP
IPX model has 292811 rows, 345091 columns and 1118141 nonzeros
Input
    Number of variables:                                345091
    Number of free variables:                           0
    Number of constraints:                              292811
    Number of equality constraints:                     26657
    Number of matrix entries:                           1118141
    Matrix range:                                       [1e-02, 1e+00]
    RHS range:                                          [2e+05, 6e+07]
    Objective range:                                    [3e-04, 9e+06]
    Bounds range:                                       [7e+05, 1e+08]
Preprocessing
    Dualized model:                                     no
    Number of dense columns:                            0
    Range of scaling factors:                           [1.00e+00, 2.00e+00]
IPX version 1.0
Interior Point Solve
 Iter     P.res    D.res            P.obj           D.obj        mu     Time
   0   1.22e+07 2.25e+06   1.34225313e+14 -2.18475728e+18  3.10e+13       0s
   1   3.34e+06 1.64e+06   2.91137381e+17 -1.67758033e+18  2.35e+13       0s
   2   1.86e+06 1.22e+06   4.36759007e+17 -1.39100610e+18  2.27e+13       1s
   3   7.21e+05 2.18e+05   4.02816451e+17 -2.71468089e+17  4.65e+12       2s
   4   2.11e+05 5.89e+04   2.71110423e+17 -8.28021821e+16  1.42e+12       3s
   5   6.80e+04 1.93e+04   1.57470414e+17 -3.14155032e+16  5.23e+11       7s
 Constructing starting basis...
   6   1.95e+04 5.45e+03   7.39281076e+16 -1.03996829e+16  1.81e+11      12s
   7   9.96e+03 1.80e+03   4.42517476e+16 -3.98312577e+15  8.79e+10      14s
   8   5.04e+03 5.31e+02   2.68225214e+16 -1.63263316e+15  4.76e+10      16s
   9   2.82e+03 1.72e+02   1.69811652e+16 -7.41852777e+14  2.87e+10      18s
  10   1.45e+03 6.53e+01   9.31368982e+15 -3.47273364e+14  1.55e+10      19s
  11   7.91e+02 1.84e+01   6.05664025e+15 -2.26171018e+14  9.98e+09      21s
  12   1.34e+02 1.15e+01   3.43844785e+15 -2.19078222e+14  5.95e+09      23s
  13   5.79e+01 5.04e+00   1.72520186e+15 -1.19320865e+14  2.99e+09      25s
  14   2.52e+01 2.45e+00   1.24167546e+15 -8.96735282e+13  2.15e+09      27s
  15   5.83e+00 1.19e+00   3.63515072e+14 -4.76404966e+13  6.76e+08      29s
  16   1.50e+00 5.19e-01   1.23976994e+14 -2.17717758e+13  2.42e+08      31s
  17   3.17e-01 1.66e-01   3.68975708e+13 -7.39144620e+12  7.36e+07      33s
  18   6.63e-02 3.91e-02   1.43360997e+13 -2.09940234e+12  2.67e+07      35s
  19   2.17e-02 9.25e-03   6.17693068e+12 -5.73271000e+11  1.07e+07      36s
  20   1.12e-02 2.97e-03   4.64981579e+12 -3.04029688e+11  7.81e+06      38s
  21   5.17e-03 1.53e-03   2.42468953e+12 -1.64182147e+11  4.07e+06      40s
  22   3.85e-03 7.39e-04   2.02201967e+12 -9.90715490e+10  3.33e+06      41s
  23   2.05e-03 2.58e-04   1.49993275e+12 -6.35912710e+10  2.45e+06      43s
  24   1.13e-03 1.21e-04   9.65244042e+11 -3.42546488e+10  1.57e+06      44s
  25   7.86e-04 6.30e-05   7.09144691e+11 -1.73652970e+10  1.14e+06      46s
  26   4.84e-04 2.84e-05   4.81151952e+11 -7.09933999e+09  7.65e+05      48s
  27   3.15e-04 1.18e-05   3.62703617e+11 -2.90767270e+09  5.73e+05      49s
  28   1.99e-04 5.00e-06   2.55872608e+11  1.03463517e+09  3.99e+05      51s
  29   1.06e-04 3.32e-06   1.79869591e+11  1.67508218e+09  2.79e+05      53s
  30   3.93e-05 1.21e-06   8.20611643e+10  4.74760167e+09  1.21e+05      55s
  31   1.64e-05 3.46e-07   5.10690110e+10  5.88408568e+09  7.08e+04      56s
  32   6.51e-06 1.21e-07   2.79382951e+10  6.72640410e+09  3.32e+04      58s
  33   2.47e-06 4.75e-08   1.67624086e+10  7.09328063e+09  1.51e+04      60s
  34   9.24e-07 1.86e-08   1.16022643e+10  7.28002630e+09  6.77e+03      62s
  35   8.94e-08 1.02e-08   9.32057432e+09  7.32995814e+09  3.12e+03      63s
  36   5.96e-08 5.59e-09   8.14221831e+09  7.40595159e+09  1.15e+03      65s
  37   6.71e-08 2.79e-09   7.73416730e+09  7.43605379e+09  4.67e+02      67s
  38   6.15e-08 3.73e-09   7.59686486e+09  7.44888742e+09  2.32e+02      69s
  39   3.17e-08 1.86e-09   7.52442513e+09  7.45454487e+09  1.09e+02      70s
  40   8.54e-08 2.79e-09   7.48171495e+09  7.45685223e+09  3.89e+01      72s
  41   3.40e-08 1.86e-09   7.46907110e+09  7.45851353e+09  1.65e+01      73s
  42   5.56e-08 2.79e-09   7.46174575e+09  7.45875993e+09  4.68e+00      75s
  43   3.63e-08 2.79e-09   7.45972705e+09  7.45892170e+09  1.26e+00      76s
  44   4.27e-08 3.73e-09   7.45898584e+09  7.45894334e+09  6.66e-02      77s
  45   5.96e-08 3.73e-09   7.45895128e+09  7.45894764e+09  5.69e-03      78s
  46   1.04e-07 2.79e-09   7.45894860e+09  7.45894824e+09  5.60e-04      80s
  47   3.28e-07 1.86e-09   7.45894837e+09  7.45894836e+09  2.06e-05      81s
  48*  2.01e-07 9.31e-10   7.45894836e+09  7.45894836e+09  2.59e-06      82s
Summary
    Runtime:                                            82.30s
    Status interior point solve:                        optimal
    Status crossover:                                   not run
    objective value:                                    7.45894836e+09
    interior solution primal residual (abs/rel):        1.71e-07 / 1.17e-15
    interior solution dual residual (abs/rel):          9.31e-10 / 1.01e-16
    interior solution objective gap (abs/rel):          1.25e+00 / 1.68e-10
Ipx: IPM       optimal
Model   status      : Optimal
IPM       iterations: 48
Objective value     :  7.4589483629e+09
HiGHS run time      :         87.42
Presolving model
399115 rows, 924513 cols, 2280418 nonzeros
299067 rows, 591449 cols, 1612857 nonzeros
293803 rows, 346371 cols, 1120674 nonzeros
292811 rows, 345091 cols, 1118141 nonzeros
Presolve : Reductions: rows 292811(-4967996); columns 345091(-3148307); elements 1118141(-17808405)
Solving the presolved LP
IPX model has 292811 rows, 345091 columns and 1118141 nonzeros
Input
    Number of variables:                                345091
    Number of free variables:                           0
    Number of constraints:                              292811
    Number of equality constraints:                     26657
    Number of matrix entries:                           1118141
    Matrix range:                                       [1e-02, 1e+00]
    RHS range:                                          [2e+05, 6e+07]
    Objective range:                                    [3e-04, 9e+06]
    Bounds range:                                       [7e+05, 1e+08]
Preprocessing
    Dualized model:                                     no
    Number of dense columns:                            0
    Range of scaling factors:                           [1.00e+00, 2.00e+00]
IPX version 1.0
Interior Point Solve
 Iter     P.res    D.res            P.obj           D.obj        mu     Time
   0   1.22e+07 2.25e+06   1.39140691e+14 -2.18495362e+18  3.11e+13       0s
   1   3.46e+06 1.64e+06   2.89741205e+17 -1.67769956e+18  2.36e+13       0s
   2   1.89e+06 1.24e+06   4.42191125e+17 -1.40707760e+18  2.32e+13       1s
   3   7.36e+05 2.21e+05   4.09440946e+17 -2.72009285e+17  4.71e+12       2s
   4   2.19e+05 5.96e+04   2.77193912e+17 -8.25803518e+16  1.44e+12       3s
   5   6.74e+04 1.94e+04   1.57638668e+17 -3.09134345e+16  5.18e+11       7s
 Constructing starting basis...
   6   1.42e+04 5.07e+03   6.59509859e+16 -9.67878616e+15  1.60e+11      11s
   7   5.32e+03 1.78e+03   3.31184763e+16 -3.93706684e+15  6.81e+10      13s
   8   2.24e+03 6.70e+02   1.67030467e+16 -1.64584490e+15  3.14e+10      15s
   9   8.82e+02 2.41e+02   7.68857394e+15 -6.46911870e+14  1.38e+10      17s
  10   4.08e+02 9.14e+01   4.34905748e+15 -3.12604327e+14  7.56e+09      19s
  11   2.00e+02 4.51e+01   2.75790845e+15 -2.02210614e+14  4.78e+09      20s
  12   9.70e+01 2.66e+01   1.79677108e+15 -1.43570466e+14  3.15e+09      22s
  13   3.13e+01 1.65e+01   8.54248620e+14 -9.83698481e+13  1.57e+09      24s
  14   1.20e+01 9.07e+00   4.19624143e+14 -5.70493846e+13  7.91e+08      25s
  15   5.34e+00 5.29e+00   2.11617339e+14 -3.37345606e+13  4.10e+08      27s
  16   3.69e+00 2.76e+00   1.55412487e+14 -1.83057293e+13  2.86e+08      29s
  17   9.58e-01 9.16e-01   4.72571606e+13 -6.38306982e+12  8.85e+07      31s
  18   2.28e-01 2.50e-01   1.79347601e+13 -2.05610668e+12  3.26e+07      33s
  19   1.16e-01 6.01e-02   1.00263446e+13 -5.53692918e+11  1.69e+07      34s
  20   2.50e-02 6.04e-03   5.69060146e+12 -2.61574885e+11  9.36e+06      36s
  21   1.79e-02 3.02e-03   4.25133253e+12 -1.43406858e+11  6.90e+06      38s
  22   3.72e-03 3.49e-04   2.68001323e+12 -1.11990190e+11  4.38e+06      39s
  23   1.48e-03 2.39e-04   1.30679071e+12 -8.11144407e+10  2.18e+06      40s
  24   4.44e-04 1.29e-04   5.86500906e+11 -4.74563021e+10  9.93e+05      42s
  25   1.21e-04 4.39e-05   3.25256971e+11 -1.97517708e+10  5.40e+05      44s
  26   3.84e-05 2.57e-05   2.01709892e+11 -1.21273166e+10  3.35e+05      46s
  27   7.63e-06 1.53e-05   7.74463512e+10 -5.85417175e+09  1.30e+05      47s
  28   3.64e-06 5.38e-06   5.31878381e+10  6.46566371e+08  8.23e+04      49s
  29   1.52e-06 2.63e-06   3.12176267e+10  2.83974393e+09  4.44e+04      51s
  30   4.77e-07 2.10e-06   2.45505076e+10  3.20445734e+09  3.34e+04      52s
  31   1.19e-07 4.98e-07   1.20546873e+10  4.82993675e+09  1.13e+04      54s
  32   5.96e-08 1.71e-07   9.09663342e+09  5.18717961e+09  6.12e+03      57s
  33   4.41e-08 8.20e-08   6.60005289e+09  5.32574948e+09  2.00e+03      59s
  34   5.48e-08 3.07e-08   6.04703297e+09  5.41043419e+09  9.97e+02      60s
  35   5.96e-08 1.49e-08   5.74209012e+09  5.43820551e+09  4.76e+02      62s
  36   4.79e-08 7.45e-09   5.60009379e+09  5.45399016e+09  2.29e+02      64s
  37   3.73e-08 3.73e-09   5.52704273e+09  5.46237549e+09  1.01e+02      66s
  38   5.59e-08 3.73e-09   5.48518951e+09  5.46637401e+09  2.95e+01      67s
  39   3.31e-08 1.86e-09   5.47110871e+09  5.46707466e+09  6.32e+00      69s
  40   4.47e-08 2.79e-09   5.46798241e+09  5.46769760e+09  4.46e-01      70s
  41   5.77e-08 3.73e-09   5.46779446e+09  5.46775734e+09  5.81e-02      72s
  42   3.73e-08 1.86e-09   5.46776946e+09  5.46776449e+09  7.79e-03      73s
  43   6.71e-08 2.79e-09   5.46776755e+09  5.46776663e+09  1.44e-03      75s
  44   2.09e-07 1.86e-09   5.46776721e+09  5.46776711e+09  1.65e-04      76s
  45   2.24e-07 1.40e-09   5.46776717e+09  5.46776717e+09  1.09e-05      77s
  46*  2.46e-07 9.31e-10   5.46776717e+09  5.46776717e+09  2.60e-06      79s
Summary
    Runtime:                                            78.55s
    Status interior point solve:                        optimal
    Status crossover:                                   not run
    objective value:                                    5.46776717e+09
    interior solution primal residual (abs/rel):        2.53e-07 / 1.74e-15
    interior solution dual residual (abs/rel):          9.31e-10 / 1.01e-16
    interior solution objective gap (abs/rel):          1.08e+00 / 1.97e-10
Ipx: IPM       optimal
Model   status      : Optimal
IPM       iterations: 46
Objective value     :  5.4677671712e+09
HiGHS run time      :         83.69
Presolving model
399115 rows, 924513 cols, 2280418 nonzeros
299067 rows, 591449 cols, 1612857 nonzeros
293803 rows, 346371 cols, 1120674 nonzeros
292811 rows, 345091 cols, 1118141 nonzeros
Presolve : Reductions: rows 292811(-4983026); columns 345091(-3148307); elements 1118141(-17823435)
Solving the presolved LP
IPX model has 292811 rows, 345091 columns and 1118141 nonzeros
Input
    Number of variables:                                345091
    Number of free variables:                           0
    Number of constraints:                              292811
    Number of equality constraints:                     26657
    Number of matrix entries:                           1118141
    Matrix range:                                       [1e-02, 1e+00]
    RHS range:                                          [2e+05, 6e+07]
    Objective range:                                    [3e-04, 9e+06]
    Bounds range:                                       [7e+05, 1e+08]
Preprocessing
    Dualized model:                                     no
    Number of dense columns:                            0
    Range of scaling factors:                           [1.00e+00, 2.00e+00]
IPX version 1.0
Interior Point Solve
 Iter     P.res    D.res            P.obj           D.obj        mu     Time
   0   1.22e+07 2.25e+06   1.39480967e+14 -2.18491986e+18  3.11e+13       0s
   1   3.47e+06 1.64e+06   2.89754967e+17 -1.67768709e+18  2.36e+13       0s
   2   1.89e+06 1.24e+06   4.42411756e+17 -1.40749189e+18  2.32e+13       1s
   3   7.35e+05 2.21e+05   4.09630392e+17 -2.71928455e+17  4.71e+12       2s
   4   2.19e+05 5.96e+04   2.77441340e+17 -8.25311214e+16  1.44e+12       3s
   5   6.62e+04 1.94e+04   1.56803498e+17 -3.08786585e+16  5.16e+11       7s
 Constructing starting basis...
   6   1.39e+04 5.06e+03   6.57554237e+16 -9.67099998e+15  1.60e+11      11s
   7   5.15e+03 1.78e+03   3.28954577e+16 -3.93410646e+15  6.77e+10      13s
   8   2.10e+03 6.60e+02   1.62342589e+16 -1.62595049e+15  3.06e+10      15s
   9   7.80e+02 2.32e+02   7.19066044e+15 -6.28445595e+14  1.29e+10      17s
  10   3.58e+02 8.27e+01   4.17326484e+15 -2.99698101e+14  7.25e+09      19s
  11   1.70e+02 4.18e+01   2.61914154e+15 -1.96511264e+14  4.55e+09      21s
  12   7.83e+01 2.61e+01   1.62827672e+15 -1.42245795e+14  2.88e+09      22s
  13   2.49e+01 1.62e+01   8.09055607e+14 -9.74892700e+13  1.50e+09      24s
  14   9.03e+00 9.42e+00   3.74300520e+14 -5.86947879e+13  7.25e+08      26s
  15   3.38e+00 5.83e+00   1.71713726e+14 -3.69264113e+13  3.56e+08      28s
  16   1.52e+00 3.41e+00   9.38314244e+13 -2.22085878e+13  1.99e+08      30s
  17   4.95e-01 8.52e-01   4.16812280e+13 -6.14180439e+12  7.93e+07      32s
  18   1.37e-01 2.26e-01   1.62318110e+13 -1.85582931e+12  2.95e+07      34s
  19   7.25e-02 5.84e-02   9.35264980e+12 -5.29899796e+11  1.58e+07      35s
  20   1.75e-02 1.40e-02   4.50006710e+12 -2.38154586e+11  7.50e+06      37s
  21   1.01e-02 8.26e-03   2.73094406e+12 -1.44219673e+11  4.54e+06      39s
  22   7.02e-03 2.34e-03   2.14552307e+12 -6.56295872e+10  3.47e+06      40s
  23   4.76e-03 1.70e-03   1.87595782e+12 -6.38644605e+10  3.05e+06      42s
  24   2.03e-03 5.29e-04   1.00153180e+12 -2.80571445e+10  1.61e+06      44s
  25   1.09e-03 1.87e-04   6.40051817e+11 -1.33624319e+10  1.02e+06      45s
  26   2.71e-04 6.30e-05   2.37640843e+11 -4.39045381e+09  3.79e+05      47s
  27   1.06e-04 2.07e-05   1.30318936e+11  2.01386792e+08  2.04e+05      48s
  28   3.42e-05 6.16e-06   5.69481951e+10  3.14209749e+09  8.43e+04      50s
  29   9.12e-06 1.53e-06   2.57670410e+10  4.35980264e+09  3.35e+04      52s
  30   1.34e-06 4.47e-07   1.18478696e+10  4.82964487e+09  1.10e+04      53s
  31   4.77e-07 1.38e-07   8.32595775e+09  5.06683266e+09  5.10e+03      55s
  32   1.49e-07 6.61e-08   6.29716738e+09  5.15303892e+09  1.79e+03      57s
  33   5.96e-08 2.33e-08   5.70851635e+09  5.20643965e+09  7.86e+02      59s
  34   3.10e-08 1.21e-08   5.43939410e+09  5.22309805e+09  3.39e+02      60s
  35   5.22e-08 5.59e-09   5.30575888e+09  5.23502976e+09  1.11e+02      62s
  36   3.81e-08 3.73e-09   5.26811069e+09  5.23945802e+09  4.49e+01      64s
  37   5.96e-08 2.79e-09   5.25025363e+09  5.24201425e+09  1.29e+01      65s
  38   1.34e-07 2.79e-09   5.24346713e+09  5.24274098e+09  1.14e+00      67s
  39   4.58e-08 2.79e-09   5.24289776e+09  5.24284059e+09  8.95e-02      68s
  40   1.12e-07 1.86e-09   5.24285161e+09  5.24284929e+09  3.63e-03      70s
  41   2.16e-07 3.73e-09   5.24285060e+09  5.24285028e+09  5.04e-04      71s
  42   2.16e-07 1.86e-09   5.24285048e+09  5.24285043e+09  6.99e-05      73s
  43*  4.32e-07 1.40e-09   5.24285047e+09  5.24285046e+09  2.58e-06      75s
Summary
    Runtime:                                            75.04s
    Status interior point solve:                        optimal
    Status crossover:                                   not run
    objective value:                                    5.24285047e+09
    interior solution primal residual (abs/rel):        5.14e-07 / 3.52e-15
    interior solution dual residual (abs/rel):          9.31e-10 / 1.01e-16
    interior solution objective gap (abs/rel):          1.34e+00 / 2.56e-10
Ipx: IPM       optimal
Model   status      : Optimal
IPM       iterations: 43
Objective value     :  5.2428504655e+09
HiGHS run time      :         80.17
Presolving model
399115 rows, 924513 cols, 2280418 nonzeros
299067 rows, 591449 cols, 1612857 nonzeros
293803 rows, 346371 cols, 1120674 nonzeros
292811 rows, 345091 cols, 1118141 nonzeros
Presolve : Reductions: rows 292811(-4998056); columns 345091(-3148307); elements 1118141(-17838465)
Solving the presolved LP
IPX model has 292811 rows, 345091 columns and 1118141 nonzeros
Input
    Number of variables:                                345091
    Number of free variables:                           0
    Number of constraints:                              292811
    Number of equality constraints:                     26657
    Number of matrix entries:                           1118141
    Matrix range:                                       [1e-02, 1e+00]
    RHS range:                                          [2e+05, 6e+07]
    Objective range:                                    [3e-04, 9e+06]
    Bounds range:                                       [7e+05, 1e+08]
Preprocessing
    Dualized model:                                     no
    Number of dense columns:                            0
    Range of scaling factors:                           [1.00e+00, 2.00e+00]
IPX version 1.0
Interior Point Solve
 Iter     P.res    D.res            P.obj           D.obj        mu     Time
   0   1.22e+07 2.25e+06   1.39535669e+14 -2.18492128e+18  3.11e+13       0s
   1   3.47e+06 1.64e+06   2.89759886e+17 -1.67768804e+18  2.36e+13       0s
   2   1.89e+06 1.24e+06   4.42428712e+17 -1.40760417e+18  2.32e+13       1s
   3   7.35e+05 2.21e+05   4.09629832e+17 -2.71892957e+17  4.71e+12       2s
   4   2.19e+05 5.96e+04   2.77540569e+17 -8.25181710e+16  1.44e+12       3s
   5   6.59e+04 1.94e+04   1.56610915e+17 -3.08791203e+16  5.15e+11       6s
 Constructing starting basis...
   6   1.38e+04 5.05e+03   6.56774548e+16 -9.66251128e+15  1.59e+11      11s
   7   5.01e+03 1.77e+03   3.24481229e+16 -3.91819546e+15  6.68e+10      13s
   8   2.02e+03 6.48e+02   1.59714537e+16 -1.60553331e+15  3.01e+10      15s
   9   7.36e+02 2.29e+02   6.97963507e+15 -6.23928229e+14  1.26e+10      16s
  10   3.38e+02 8.03e+01   4.08800809e+15 -2.95721258e+14  7.10e+09      18s
  11   1.61e+02 4.17e+01   2.55275957e+15 -1.95296850e+14  4.44e+09      20s
  12   7.06e+01 2.59e+01   1.56177329e+15 -1.40674684e+14  2.77e+09      22s
  13   2.39e+01 1.64e+01   7.96987406e+14 -9.76873004e+13  1.48e+09      23s
  14   8.72e+00 9.58e+00   3.68510240e+14 -5.88264375e+13  7.17e+08      25s
  15   3.46e+00 5.88e+00   1.74709933e+14 -3.66363881e+13  3.60e+08      27s
  16   1.72e+00 3.29e+00   1.03558522e+14 -2.12031358e+13  2.12e+08      29s
  17   5.65e-01 8.64e-01   4.34467356e+13 -6.06164403e+12  8.19e+07      30s
  18   2.65e-01 2.59e-01   2.46737581e+13 -2.09594347e+12  4.33e+07      32s
  19   1.13e-01 2.92e-02   1.47581058e+13 -5.68639863e+11  2.42e+07      34s
  20   5.09e-02 8.32e-03   9.28550893e+12 -3.34605212e+11  1.51e+07      35s
  21   6.59e-03 3.42e-03   2.75300700e+12 -1.86710158e+11  4.63e+06      37s
  22   3.41e-03 1.28e-03   1.87540064e+12 -9.54110761e+10  3.10e+06      38s
  23   1.41e-03 7.85e-04   1.03763308e+12 -6.46921612e+10  1.73e+06      40s
  24   9.32e-04 3.42e-04   7.69309436e+11 -3.19883232e+10  1.26e+06      42s
  25   4.33e-04 1.47e-04   4.21487598e+11 -1.40870776e+10  6.83e+05      43s
  26   1.73e-04 5.38e-05   2.03780103e+11 -3.65122574e+09  3.25e+05      45s
  27   8.98e-05 1.35e-05   1.29775650e+11  1.25141115e+09  2.01e+05      46s
  28   3.59e-05 4.90e-06   6.19273737e+10  3.35057993e+09  9.17e+04      48s
  29   1.60e-05 1.19e-06   3.57254457e+10  4.32882566e+09  4.92e+04      49s
  30   3.31e-06 3.76e-07   1.32380187e+10  4.80052068e+09  1.32e+04      51s
  31   6.85e-07 1.37e-07   8.02224863e+09  4.96600341e+09  4.79e+03      53s
  32   1.79e-07 5.68e-08   6.13053316e+09  5.05629784e+09  1.68e+03      54s
  33   8.94e-08 2.24e-08   5.62454189e+09  5.10700704e+09  8.10e+02      56s
  34   6.89e-08 1.30e-08   5.36137591e+09  5.12283214e+09  3.74e+02      58s
  35   9.69e-08 5.59e-09   5.24319386e+09  5.13485678e+09  1.70e+02      60s
  36   6.21e-08 3.73e-09   5.17042228e+09  5.13995566e+09  4.77e+01      61s
  37   5.59e-08 1.86e-09   5.15116563e+09  5.14197661e+09  1.44e+01      63s
  38   5.96e-08 1.86e-09   5.14501744e+09  5.14256568e+09  3.84e+00      64s
  39   8.19e-08 1.86e-09   5.14287604e+09  5.14270520e+09  2.68e-01      66s
  40   4.47e-08 2.79e-09   5.14272543e+09  5.14271982e+09  8.80e-03      67s
  41   1.16e-07 3.73e-09   5.14272179e+09  5.14272135e+09  6.89e-04      68s
  42   1.38e-07 1.86e-09   5.14272148e+09  5.14272142e+09  9.36e-05      70s
  43   4.69e-07 1.86e-09   5.14272147e+09  5.14272146e+09  9.82e-06      71s
  44*  2.53e-07 1.86e-09   5.14272146e+09  5.14272146e+09  1.47e-06      72s
Summary
    Runtime:                                            72.39s
    Status interior point solve:                        optimal
    Status crossover:                                   not run
    objective value:                                    5.14272146e+09
    interior solution primal residual (abs/rel):        2.24e-07 / 1.53e-15
    interior solution dual residual (abs/rel):          1.86e-09 / 2.03e-16
    interior solution objective gap (abs/rel):          6.22e-01 / 1.21e-10
Ipx: IPM       optimal
Model   status      : Optimal
IPM       iterations: 44
Objective value     :  5.1427214640e+09
HiGHS run time      :         77.50
Presolving model
399115 rows, 924513 cols, 2280418 nonzeros
299067 rows, 591449 cols, 1612857 nonzeros
293803 rows, 346371 cols, 1120674 nonzeros
292811 rows, 345091 cols, 1118141 nonzeros
Presolve : Reductions: rows 292811(-5013086); columns 345091(-3148307); elements 1118141(-17853495)
Solving the presolved LP
IPX model has 292811 rows, 345091 columns and 1118141 nonzeros
Input
    Number of variables:                                345091
    Number of free variables:                           0
    Number of constraints:                              292811
    Number of equality constraints:                     26657
    Number of matrix entries:                           1118141
    Matrix range:                                       [1e-02, 1e+00]
    RHS range:                                          [2e+05, 6e+07]
    Objective range:                                    [3e-04, 9e+06]
    Bounds range:                                       [7e+05, 1e+08]
Preprocessing
    Dualized model:                                     no
    Number of dense columns:                            0
    Range of scaling factors:                           [1.00e+00, 2.00e+00]
IPX version 1.0
Interior Point Solve
 Iter     P.res    D.res            P.obj           D.obj        mu     Time
   0   1.22e+07 2.25e+06   1.39539153e+14 -2.18491855e+18  3.11e+13       0s
   1   3.47e+06 1.64e+06   2.89759537e+17 -1.67768375e+18  2.36e+13       0s
   2   1.89e+06 1.24e+06   4.42419898e+17 -1.40762032e+18  2.32e+13       1s
   3   7.34e+05 2.21e+05   4.09601674e+17 -2.71888903e+17  4.71e+12       2s
   4   2.19e+05 5.96e+04   2.77603170e+17 -8.25136570e+16  1.44e+12       3s
   5   6.65e+04 1.94e+04   1.57080893e+17 -3.08846944e+16  5.17e+11       6s
 Constructing starting basis...
   6   1.40e+04 5.05e+03   6.58770474e+16 -9.66517207e+15  1.60e+11      11s
   7   5.24e+03 1.78e+03   3.31197100e+16 -3.93222545e+15  6.80e+10      13s
   8   2.21e+03 6.60e+02   1.67297378e+16 -1.62599483e+15  3.14e+10      15s
   9   8.62e+02 2.34e+02   7.63529812e+15 -6.32196255e+14  1.36e+10      17s
  10   4.18e+02 8.47e+01   4.49347715e+15 -3.00107634e+14  7.76e+09      18s
  11   2.07e+02 4.32e+01   2.76628351e+15 -1.94096532e+14  4.78e+09      20s
  12   1.05e+02 2.61e+01   1.82627367e+15 -1.39646644e+14  3.18e+09      22s
  13   3.27e+01 1.65e+01   8.60761677e+14 -9.75064286e+13  1.58e+09      23s
  14   1.34e+01 9.60e+00   4.47164762e+14 -5.93694347e+13  8.40e+08      25s
  15   6.21e+00 6.17e+00   2.30488017e+14 -3.83950453e+13  4.52e+08      27s
  16   2.62e+00 3.58e+00   1.15833440e+14 -2.28952245e+13  2.35e+08      29s
  17   7.41e-01 8.61e-01   5.84609442e+13 -6.99612979e+12  1.07e+08      30s
  18   2.59e-01 1.57e-01   2.82906778e+13 -1.76661174e+12  4.80e+07      32s
  19   1.15e-01 3.09e-02   1.41883181e+13 -4.66196553e+11  2.31e+07      34s
  20   2.31e-02 7.75e-03   4.06548849e+12 -1.70021961e+11  6.68e+06      35s
  21   1.58e-02 3.42e-03   3.09498683e+12 -9.97176346e+10  5.02e+06      37s
  22   6.51e-03 9.65e-04   2.01906952e+12 -6.91322382e+10  3.28e+06      38s
  23   1.50e-03 5.95e-04   1.11911487e+12 -5.65867488e+10  1.85e+06      40s
  24   4.72e-04 1.59e-04   4.52731190e+11 -1.65185972e+10  7.35e+05      41s
  25   1.39e-04 7.49e-05   2.17051757e+11 -8.06576518e+09  3.53e+05      43s
  26   2.38e-05 2.33e-05   8.21881399e+10 -6.75335147e+08  1.30e+05      44s
  27   7.69e-06 7.74e-06   4.06886895e+10  2.65647487e+09  5.96e+04      46s
  28   2.53e-06 1.55e-06   2.03524853e+10  4.40320127e+09  2.50e+04      48s
  29   8.34e-07 5.05e-07   1.18966935e+10  4.79211229e+09  1.11e+04      49s
  30   8.94e-08 1.22e-07   6.91314023e+09  4.98605609e+09  3.02e+03      51s
  31   9.69e-08 5.03e-08   5.85182803e+09  5.06025774e+09  1.24e+03      53s
  32   3.45e-08 2.42e-08   5.46726194e+09  5.08956038e+09  5.91e+02      55s
  33   6.21e-08 1.12e-08   5.27709533e+09  5.10669735e+09  2.67e+02      56s
  34   5.91e-08 4.66e-09   5.16838092e+09  5.11561455e+09  8.26e+01      58s
  35   4.56e-08 2.79e-09   5.13429723e+09  5.11881704e+09  2.42e+01      59s
  36   3.29e-08 3.73e-09   5.12256997e+09  5.11993124e+09  4.13e+00      61s
  37   7.45e-08 2.79e-09   5.12034945e+09  5.12020256e+09  2.30e-01      63s
  38   4.01e-08 2.79e-09   5.12027737e+09  5.12026809e+09  1.45e-02      64s
  39   1.19e-07 2.79e-09   5.12027254e+09  5.12027119e+09  2.11e-03      66s
  40   4.02e-07 1.86e-09   5.12027224e+09  5.12027200e+09  3.78e-04      67s
  41   6.41e-07 1.86e-09   5.12027221e+09  5.12027218e+09  4.72e-05      69s
  42*  6.21e-08 1.86e-09   5.12027221e+09  5.12027220e+09  5.35e-06      70s
Summary
    Runtime:                                            70.39s
    Status interior point solve:                        optimal
    Status crossover:                                   not run
    objective value:                                    5.12027221e+09
    interior solution primal residual (abs/rel):        1.12e-07 / 7.65e-16
    interior solution dual residual (abs/rel):          9.31e-10 / 1.01e-16
    interior solution objective gap (abs/rel):          2.28e+00 / 4.45e-10
Ipx: IPM       optimal
Model   status      : Optimal
IPM       iterations: 42
Objective value     :  5.1202722062e+09
HiGHS run time      :         75.54
Presolving model
399115 rows, 924513 cols, 2280418 nonzeros
299067 rows, 591449 cols, 1612857 nonzeros
293803 rows, 346371 cols, 1120674 nonzeros
292811 rows, 345091 cols, 1118141 nonzeros
Presolve : Reductions: rows 292811(-5028116); columns 345091(-3148307); elements 1118141(-17868525)
Solving the presolved LP
IPX model has 292811 rows, 345091 columns and 1118141 nonzeros
Input
    Number of variables:                                345091
    Number of free variables:                           0
    Number of constraints:                              292811
    Number of equality constraints:                     26657
    Number of matrix entries:                           1118141
    Matrix range:                                       [1e-02, 1e+00]
    RHS range:                                          [2e+05, 6e+07]
    Objective range:                                    [3e-04, 9e+06]
    Bounds range:                                       [7e+05, 1e+08]
Preprocessing
    Dualized model:                                     no
    Number of dense columns:                            0
    Range of scaling factors:                           [1.00e+00, 2.00e+00]
IPX version 1.0
Interior Point Solve
 Iter     P.res    D.res            P.obj           D.obj        mu     Time
   0   1.22e+07 2.25e+06   1.39613719e+14 -2.18491884e+18  3.11e+13       0s
   1   3.47e+06 1.64e+06   2.89757758e+17 -1.67768630e+18  2.36e+13       0s
   2   1.89e+06 1.24e+06   4.42431389e+17 -1.40764897e+18  2.32e+13       1s
   3   7.34e+05 2.21e+05   4.09612810e+17 -2.71884281e+17  4.71e+12       2s
   4   2.19e+05 5.96e+04   2.77554608e+17 -8.25116062e+16  1.44e+12       3s
   5   6.67e+04 1.94e+04   1.57294809e+17 -3.08824755e+16  5.17e+11       6s
 Constructing starting basis...
   6   1.40e+04 5.04e+03   6.58171737e+16 -9.64306963e+15  1.60e+11      11s
   7   5.15e+03 1.77e+03   3.27294912e+16 -3.91521569e+15  6.73e+10      13s
   8   2.11e+03 6.49e+02   1.62367048e+16 -1.60524629e+15  3.05e+10      15s
   9   6.18e+02 2.76e+02   6.03211574e+15 -7.29477549e+14  1.13e+10      17s
  10   2.65e+02 1.23e+02   3.07215034e+15 -3.55236381e+14  5.67e+09      19s
  11   1.29e+02 5.65e+01   2.47513184e+15 -2.33937580e+14  4.42e+09      21s
  12   5.03e+01 3.59e+01   1.23395032e+15 -1.58973153e+14  2.30e+09      23s
  13   1.46e+01 2.30e+01   5.87187838e+14 -1.07717512e+14  1.17e+09      25s
  14   5.61e+00 1.50e+01   2.74257219e+14 -7.09602136e+13  5.96e+08      26s
  15   2.28e+00 7.93e+00   1.50024167e+14 -3.86922928e+13  3.26e+08      28s
  16   1.15e+00 4.73e+00   9.62026368e+13 -2.40618730e+13  2.07e+08      30s
  17   3.98e-01 9.68e-01   4.53455571e+13 -5.67421624e+12  8.38e+07      32s
  18   1.33e-01 2.25e-01   2.05830972e+13 -1.63323307e+12  3.57e+07      34s
  19   6.21e-02 6.66e-02   1.08189099e+13 -5.57761861e+11  1.81e+07      35s
  20   8.62e-03 1.58e-02   4.22031457e+12 -2.50962284e+11  7.08e+06      37s
  21   3.77e-03 5.68e-03   2.04515824e+12 -9.78565704e+10  3.38e+06      39s
  22   1.53e-03 1.70e-03   1.45629733e+12 -6.21172140e+10  2.39e+06      40s
  23   6.05e-04 5.56e-04   6.63989862e+11 -2.15455851e+10  1.08e+06      42s
  24   2.87e-04 1.69e-04   3.85656872e+11 -7.53558440e+09  6.16e+05      44s
  25   1.12e-04 2.98e-05   2.21429290e+11 -1.77872989e+09  3.50e+05      45s
  26   3.34e-05 1.05e-05   8.27292001e+10  2.01254780e+09  1.26e+05      47s
  27   1.06e-05 3.61e-06   3.55603753e+10  3.70280270e+09  4.99e+04      48s
  28   2.83e-06 1.09e-06   1.52212918e+10  4.53508836e+09  1.67e+04      50s
  29   7.75e-07 2.92e-07   8.85178334e+09  4.85006988e+09  6.27e+03      52s
  30   1.49e-07 1.19e-07   6.32701695e+09  4.94383074e+09  2.17e+03      54s
  31   5.96e-08 4.28e-08   5.59918616e+09  5.00554482e+09  9.30e+02      55s
  32   4.17e-08 2.14e-08   5.31228016e+09  5.02448173e+09  4.51e+02      57s
  33   4.47e-08 9.31e-09   5.17189439e+09  5.03684362e+09  2.11e+02      59s
  34   4.47e-08 4.66e-09   5.08105641e+09  5.04296270e+09  5.97e+01      60s
  35   4.10e-08 3.73e-09   5.05685691e+09  5.04534539e+09  1.80e+01      62s
  36   7.45e-08 2.79e-09   5.04687418e+09  5.04616338e+09  1.11e+00      63s
  37   1.27e-07 2.79e-09   5.04644810e+09  5.04638570e+09  9.77e-02      65s
  38   1.12e-07 2.79e-09   5.04641680e+09  5.04640444e+09  1.94e-02      66s
  39   7.45e-08 3.73e-09   5.04640794e+09  5.04640632e+09  2.52e-03      68s
  40   4.47e-08 2.79e-09   5.04640675e+09  5.04640648e+09  4.22e-04      69s
  41   3.58e-07 1.86e-09   5.04640658e+09  5.04640656e+09  3.24e-05      71s
  42*  5.66e-07 9.31e-10   5.04640657e+09  5.04640657e+09  5.96e-06      72s
Summary
    Runtime:                                            72.51s
    Status interior point solve:                        optimal
    Status crossover:                                   not run
    objective value:                                    5.04640657e+09
    interior solution primal residual (abs/rel):        3.73e-07 / 2.55e-15
    interior solution dual residual (abs/rel):          9.31e-10 / 1.01e-16
    interior solution objective gap (abs/rel):          3.13e+00 / 6.20e-10
Ipx: IPM       optimal
Model   status      : Optimal
IPM       iterations: 42
Objective value     :  5.0464065681e+09
HiGHS run time      :         77.65
Presolving model
399115 rows, 924513 cols, 2280418 nonzeros
299067 rows, 591449 cols, 1612857 nonzeros
293803 rows, 346371 cols, 1120674 nonzeros
292811 rows, 345091 cols, 1118141 nonzeros
Presolve : Reductions: rows 292811(-5043146); columns 345091(-3148307); elements 1118141(-17883555)
Solving the presolved LP
IPX model has 292811 rows, 345091 columns and 1118141 nonzeros
Input
    Number of variables:                                345091
    Number of free variables:                           0
    Number of constraints:                              292811
    Number of equality constraints:                     26657
    Number of matrix entries:                           1118141
    Matrix range:                                       [1e-02, 1e+00]
    RHS range:                                          [2e+05, 6e+07]
    Objective range:                                    [3e-04, 9e+06]
    Bounds range:                                       [7e+05, 1e+08]
Preprocessing
    Dualized model:                                     no
    Number of dense columns:                            0
    Range of scaling factors:                           [1.00e+00, 2.00e+00]
IPX version 1.0
Interior Point Solve
 Iter     P.res    D.res            P.obj           D.obj        mu     Time
   0   1.22e+07 2.25e+06   1.39613719e+14 -2.18491884e+18  3.11e+13       0s
   1   3.47e+06 1.64e+06   2.89757758e+17 -1.67768630e+18  2.36e+13       0s
   2   1.89e+06 1.24e+06   4.42431389e+17 -1.40764897e+18  2.32e+13       1s
   3   7.34e+05 2.21e+05   4.09612810e+17 -2.71884281e+17  4.71e+12       2s
   4   2.18e+05 5.96e+04   2.77274456e+17 -8.25068720e+16  1.44e+12       3s
   5   6.60e+04 1.94e+04   1.56868902e+17 -3.08621624e+16  5.16e+11       6s
 Constructing starting basis...
   6   1.38e+04 5.05e+03   6.57194794e+16 -9.65333009e+15  1.59e+11      11s
   7   5.18e+03 1.76e+03   3.30627047e+16 -3.90882516e+15  6.78e+10      14s
   8   2.12e+03 6.48e+02   1.63476262e+16 -1.60313247e+15  3.07e+10      16s
   9   6.29e+02 2.75e+02   6.12623751e+15 -7.27575999e+14  1.15e+10      18s
  10   2.71e+02 1.23e+02   3.11648310e+15 -3.54795588e+14  5.74e+09      20s
  11   1.30e+02 5.58e+01   2.50265302e+15 -2.33529561e+14  4.46e+09      23s
  12   4.66e+01 3.55e+01   1.17210745e+15 -1.58572113e+14  2.20e+09      25s
  13   1.31e+01 2.28e+01   5.71653013e+14 -1.08301664e+14  1.15e+09      27s
  14   4.96e+00 1.50e+01   2.62974720e+14 -7.14123643e+13  5.80e+08      29s
  15   1.99e+00 7.86e+00   1.45275947e+14 -3.87955600e+13  3.19e+08      31s
  16   1.01e+00 4.80e+00   9.16004950e+13 -2.45300383e+13  2.01e+08      33s
  17   3.11e-01 8.45e-01   4.40641062e+13 -5.30723854e+12  8.08e+07      35s
  18   1.20e-01 1.73e-01   2.24123347e+13 -1.43944385e+12  3.81e+07      37s
  19   5.93e-02 4.27e-02   1.22840747e+13 -4.40066551e+11  2.01e+07      38s
  20   9.57e-03 9.95e-03   4.33862849e+12 -2.08102412e+11  7.18e+06      40s
  21   7.58e-03 6.29e-03   3.56423923e+12 -1.40992618e+11  5.84e+06      42s
  22   1.76e-03 1.37e-03   2.05430750e+12 -8.86423827e+10  3.37e+06      44s
  23   7.17e-04 2.56e-04   1.05925625e+12 -2.71980382e+10  1.70e+06      45s
  24   2.96e-04 9.62e-05   4.98855607e+11 -1.02709618e+10  7.98e+05      47s
  25   1.19e-04 3.14e-05   2.90383379e+11 -4.77859580e+09  4.62e+05      49s
  26   5.90e-05 9.93e-06   1.63693863e+11  7.07569340e+08  2.55e+05      50s
  27   2.54e-05 3.21e-06   8.13641093e+10  3.14259057e+09  1.23e+05      52s
  28   6.71e-06 1.27e-06   3.02616430e+10  4.07024126e+09  4.10e+04      54s
  29   1.40e-06 3.20e-07   1.51412860e+10  4.55864741e+09  1.66e+04      55s
  30   4.17e-07 1.02e-07   8.46986414e+09  4.85865805e+09  5.66e+03      57s
  31   1.49e-07 3.91e-08   6.65175041e+09  4.95233082e+09  2.66e+03      59s
  32   8.94e-08 1.68e-08   5.80176646e+09  5.00506264e+09  1.25e+03      61s
  33   5.96e-08 9.31e-09   5.37045407e+09  5.02273749e+09  5.45e+02      63s
  34   4.96e-08 4.66e-09   5.21086904e+09  5.03466955e+09  2.76e+02      65s
  35   5.78e-08 3.73e-09   5.09551539e+09  5.04084068e+09  8.56e+01      66s
  36   1.05e-07 2.79e-09   5.06056194e+09  5.04302932e+09  2.75e+01      68s
  37   5.22e-08 1.86e-09   5.04910292e+09  5.04381302e+09  8.28e+00      70s
  38   2.98e-08 3.73e-09   5.04521494e+09  5.04408059e+09  1.78e+00      71s
  39   2.98e-08 2.79e-09   5.04423642e+09  5.04415052e+09  1.35e-01      73s
  40   7.07e-08 2.79e-09   5.04416388e+09  5.04415974e+09  6.50e-03      74s
  41   1.03e-07 2.79e-09   5.04416105e+09  5.04416070e+09  5.42e-04      76s
  42   1.42e-07 1.86e-09   5.04416088e+09  5.04416076e+09  1.92e-04      77s
  43   3.28e-07 1.86e-09   5.04416079e+09  5.04416078e+09  2.65e-05      79s
  44*  4.32e-07 1.86e-09   5.04416078e+09  5.04416078e+09  3.53e-06      80s
Summary
    Runtime:                                            79.98s
    Status interior point solve:                        optimal
    Status crossover:                                   not run
    objective value:                                    5.04416078e+09
    interior solution primal residual (abs/rel):        3.58e-07 / 2.45e-15
    interior solution dual residual (abs/rel):          9.31e-10 / 1.01e-16
    interior solution objective gap (abs/rel):          1.90e+00 / 3.77e-10
Ipx: IPM       optimal
Model   status      : Optimal
IPM       iterations: 44
Objective value     :  5.0441607803e+09
HiGHS run time      :         85.13
Running HiGHS 1.6.0: Copyright (c) 2023 HiGHS under MIT licence terms
Presolving model
119360 rows, 324806 cols, 750552 nonzeros
89300 rows, 198258 cols, 497164 nonzeros
87087 rows, 117511 cols, 335293 nonzeros
86387 rows, 115175 cols, 330592 nonzeros
Presolve : Reductions: rows 86387(-2529353); columns 115175(-1631890); elements 330592(-7877231)
Solving the presolved LP
IPX model has 86387 rows, 115175 columns and 330592 nonzeros
Input
    Number of variables:                                115175
    Number of free variables:                           0
    Number of constraints:                              86387
    Number of equality constraints:                     13681
    Number of matrix entries:                           330592
    Matrix range:                                       [1e-02, 1e+00]
    RHS range:                                          [2e+05, 1e+08]
    Objective range:                                    [2e-04, 1e+06]
    Bounds range:                                       [4e+04, 1e+08]
Preprocessing
    Dualized model:                                     no
    Number of dense columns:                            0
    Range of scaling factors:                           [1.00e+00, 2.00e+00]
IPX version 1.0
Interior Point Solve
 Iter     P.res    D.res            P.obj           D.obj        mu     Time
   0   2.59e+07 1.47e+05   6.18666769e+13 -5.27261045e+16  4.43e+12       0s
   1   7.27e+06 1.01e+05   4.40947679e+16 -4.10343190e+16  2.75e+12       0s
   2   2.89e+06 6.82e+04   5.86804392e+16 -3.30237238e+16  2.18e+12       0s
   3   1.17e+06 1.64e+04   4.43619970e+16 -8.64387310e+15  6.41e+11       0s
   4   4.46e+05 2.77e+03   2.59267724e+16 -2.08465658e+15  1.93e+11       1s
   5   1.78e+05 8.61e+02   1.19817608e+16 -8.32334002e+14  7.51e+10       1s
 Constructing starting basis...
   6   8.62e+04 3.32e+02   6.41374858e+15 -4.11454307e+14  3.89e+10       2s
   7   4.16e+04 9.46e+01   4.15462621e+15 -2.92730148e+14  2.40e+10       2s
   8   1.58e+04 2.60e+01   2.25158824e+15 -1.64654250e+14  1.27e+10       3s
   9   6.45e+03 1.09e+01   1.37210768e+15 -1.05693673e+14  7.70e+09       3s
  10   3.46e+03 5.39e+00   9.85409641e+14 -6.85451611e+13  5.47e+09       3s
  11   2.43e+03 2.57e+00   7.58359327e+14 -2.77870822e+13  4.05e+09       4s
  12   1.39e+03 4.90e-01   6.20982252e+14 -2.11430716e+13  3.26e+09       4s
  13   5.26e+02 2.89e-01   4.18752083e+14 -1.14337188e+13  2.21e+09       4s
  14   9.22e+01 9.54e-02   1.74335701e+14  1.51366595e+13  8.21e+08       5s
  15   4.96e+01 3.80e-02   1.31854061e+14  2.63804452e+13  5.39e+08       5s
  16   3.34e+01 2.17e-02   1.04661955e+14  3.12869083e+13  3.73e+08       6s
  17   2.16e+01 8.57e-03   8.81379992e+13  3.43575753e+13  2.72e+08       7s
  18   7.26e+00 4.06e-03   5.76965772e+13  3.65574397e+13  1.07e+08       7s
  19   2.55e+00 3.03e-03   4.79072355e+13  3.70573792e+13  5.49e+07       8s
  20   1.12e+00 2.40e-03   4.41857010e+13  3.73753498e+13  3.45e+07       8s
  21   1.66e-01 1.00e-03   4.01880892e+13  3.82040710e+13  1.00e+07       8s
  22   3.95e-02 1.63e-04   3.95343858e+13  3.86990109e+13  4.18e+06       9s
  23   2.40e-02 5.88e-05   3.93337513e+13  3.87758389e+13  2.79e+06       9s
  24   2.21e-02 2.67e-05   3.93189448e+13  3.87940213e+13  2.62e+06      10s
  25   9.29e-03 1.48e-05   3.91437543e+13  3.88061323e+13  1.68e+06      10s
  26   9.30e-04 7.33e-06   3.89480651e+13  3.88184921e+13  6.46e+05      11s
  27   2.94e-04 1.86e-06   3.88815726e+13  3.88319008e+13  2.48e+05      11s
  28   6.32e-05 6.19e-07   3.88498774e+13  3.88356098e+13  7.12e+04      11s
  29   1.22e-05 2.21e-07   3.88414013e+13  3.88369051e+13  2.24e+04      12s
  30   5.45e-06 6.75e-08   3.88397173e+13  3.88374691e+13  1.12e+04      12s
  31   2.09e-06 3.68e-08   3.88386655e+13  3.88375950e+13  5.34e+03      12s
  32   9.24e-07 1.72e-08   3.88382688e+13  3.88376782e+13  2.95e+03      13s
  33   3.87e-07 1.05e-08   3.88380547e+13  3.88377087e+13  1.73e+03      13s
  34   1.49e-07 5.59e-09   3.88379476e+13  3.88377323e+13  1.07e+03      13s
  35   5.96e-08 2.56e-09   3.88378588e+13  3.88377496e+13  5.45e+02      14s
  36   5.96e-08 1.40e-09   3.88378201e+13  3.88377592e+13  3.04e+02      14s
  37   7.07e-08 8.15e-10   3.88378055e+13  3.88377622e+13  2.16e+02      14s
  38   6.04e-08 4.66e-10   3.88377870e+13  3.88377643e+13  1.13e+02      14s
  39   5.96e-08 2.33e-10   3.88377750e+13  3.88377668e+13  4.08e+01      15s
  40   1.13e-07 3.49e-10   3.88377709e+13  3.88377676e+13  1.66e+01      15s
  41   1.08e-07 2.33e-10   3.88377692e+13  3.88377678e+13  7.22e+00      15s
  42   5.88e-08 4.66e-10   3.88377683e+13  3.88377679e+13  1.84e+00      15s
  43*  9.26e-08 2.33e-10   3.88377680e+13  3.88377679e+13  1.81e-01      16s
Summary
    Runtime:                                            15.61s
    Status interior point solve:                        optimal
    Status crossover:                                   not run
    objective value:                                    3.88377680e+13
    interior solution primal residual (abs/rel):        4.04e-08 / 2.77e-16
    interior solution dual residual (abs/rel):          2.33e-10 / 1.78e-16
    interior solution objective gap (abs/rel):          3.62e+04 / 9.32e-10
Ipx: IPM       optimal
Model   status      : Optimal
IPM       iterations: 43
Objective value     :  3.8837767887e+13
HiGHS run time      :         17.95
Presolving model
119360 rows, 324806 cols, 750552 nonzeros
89300 rows, 198258 cols, 497164 nonzeros
87087 rows, 117511 cols, 335293 nonzeros
86387 rows, 115175 cols, 330592 nonzeros
Presolve : Reductions: rows 86387(-2536868); columns 115175(-1631890); elements 330592(-7884746)
Solving the presolved LP
IPX model has 86387 rows, 115175 columns and 330592 nonzeros
Input
    Number of variables:                                115175
    Number of free variables:                           0
    Number of constraints:                              86387
    Number of equality constraints:                     13681
    Number of matrix entries:                           330592
    Matrix range:                                       [1e-02, 1e+00]
    RHS range:                                          [2e+05, 1e+08]
    Objective range:                                    [2e-04, 1e+06]
    Bounds range:                                       [4e+04, 1e+08]
Preprocessing
    Dualized model:                                     no
    Number of dense columns:                            0
    Range of scaling factors:                           [1.00e+00, 2.00e+00]
IPX version 1.0
Interior Point Solve
 Iter     P.res    D.res            P.obj           D.obj        mu     Time
   0   2.59e+07 1.48e+05   5.00878463e+13 -5.32232658e+16  4.44e+12       0s
   1   7.32e+06 1.01e+05   4.26790317e+16 -4.14691816e+16  2.77e+12       0s
   2   2.93e+06 6.86e+04   5.73945938e+16 -3.34485995e+16  2.21e+12       0s
   3   1.17e+06 1.63e+04   4.33792218e+16 -8.66498727e+15  6.39e+11       0s
   4   4.56e+05 3.00e+03   2.56262053e+16 -2.19423443e+15  1.98e+11       1s
   5   1.74e+05 9.11e+02   1.16180700e+16 -8.74542911e+14  7.44e+10       1s
 Constructing starting basis...
   6   6.10e+04 2.75e+02   4.66887621e+15 -3.59141592e+14  2.87e+10       2s
   7   2.42e+04 7.83e+01   2.86013535e+15 -2.58001705e+14  1.68e+10       2s
   8   2.63e+03 1.71e+01   9.64189328e+14 -1.27462582e+14  5.70e+09       3s
   9   6.23e+02 8.73e+00   3.43026552e+14 -7.11898754e+13  2.20e+09       3s
  10   2.02e+02 4.12e+00   1.44699614e+14 -3.58896537e+13  9.66e+08       3s
  11   6.00e+01 2.03e+00   6.59942532e+13 -1.93833970e+13  4.61e+08       4s
  12   2.23e+01 9.23e-01   3.65029733e+13 -9.83470997e+12  2.49e+08       4s
  13   4.48e+00 3.60e-01   1.07877545e+13 -4.04829399e+12  8.08e+07       4s
  14   1.68e+00 1.23e-01   5.39777388e+12 -1.48938057e+12  3.67e+07       5s
  15   5.30e-01 5.45e-02   2.60932250e+12 -7.25441802e+11  1.77e+07       5s
  16   2.74e-01 4.33e-02   1.71053524e+12 -5.90702715e+11  1.23e+07       5s
  17   2.12e-01 2.57e-02   1.55187542e+12 -3.86165991e+11  1.02e+07       6s
  18   1.75e-01 1.40e-02   1.45761856e+12 -2.49622333e+11  8.80e+06       6s
  19   7.31e-02 5.17e-03   6.81703760e+11 -9.56195474e+10  3.96e+06       6s
  20   5.48e-02 2.41e-03   5.87920010e+11 -5.69734090e+10  3.26e+06       6s
  21   2.85e-02 9.27e-04   3.87349087e+11 -2.85493162e+10  2.09e+06       7s
  22   9.85e-03 3.14e-04   1.78046473e+11 -1.07242214e+10  9.44e+05       7s
  23   5.11e-03 1.50e-04   1.05757034e+11 -4.35827395e+09  5.50e+05       7s
  24   1.83e-03 5.42e-05   7.03590171e+10 -1.98073725e+09  3.61e+05       7s
  25   3.65e-04 2.47e-05   3.56779913e+10 -1.44110336e+08  1.79e+05       8s
  26   3.91e-05 6.70e-06   1.40715176e+10  1.94548270e+09  6.05e+04       8s
  27   1.53e-05 3.42e-06   8.99812552e+09  2.55829164e+09  3.21e+04       8s
  28   9.92e-06 1.46e-06   7.74993684e+09  2.94610390e+09  2.40e+04       8s
  29   3.07e-06 3.93e-07   5.53098670e+09  3.21165435e+09  1.16e+04       9s
  30   9.24e-07 2.24e-07   4.14992123e+09  3.29000993e+09  4.29e+03       9s
  31   6.85e-07 8.03e-08   3.97479023e+09  3.36336700e+09  3.05e+03       9s
  32   3.28e-07 3.56e-08   3.68144017e+09  3.38843705e+09  1.46e+03      10s
  33   8.94e-08 7.45e-09   3.52871488e+09  3.39995611e+09  6.42e+02      10s
  34   5.96e-08 3.03e-09   3.46942025e+09  3.40432814e+09  3.25e+02      10s
  35   7.45e-08 1.16e-09   3.43521061e+09  3.40793567e+09  1.36e+02      10s
  36   7.60e-08 6.98e-10   3.42908653e+09  3.40828538e+09  1.04e+02      10s
  37   4.10e-08 2.33e-10   3.41475911e+09  3.40968480e+09  2.53e+01      11s
  38   4.10e-08 2.33e-10   3.41091773e+09  3.40997715e+09  4.69e+00      11s
  39   4.66e-08 4.66e-10   3.41034103e+09  3.41006151e+09  1.39e+00      11s
  40   5.96e-08 2.33e-10   3.41014079e+09  3.41007303e+09  3.38e-01      11s
  41   4.84e-08 2.33e-10   3.41007838e+09  3.41007505e+09  1.66e-02      11s
  42   5.73e-08 2.33e-10   3.41007545e+09  3.41007528e+09  8.26e-04      12s
  43   5.93e-08 2.33e-10   3.41007535e+09  3.41007532e+09  1.78e-04      12s
  44*  1.86e-07 2.33e-10   3.41007533e+09  3.41007533e+09  1.63e-05      12s
Summary
    Runtime:                                            11.95s
    Status interior point solve:                        optimal
    Status crossover:                                   not run
    objective value:                                    3.41007533e+09
    interior solution primal residual (abs/rel):        2.68e-07 / 1.84e-15
    interior solution dual residual (abs/rel):          2.33e-10 / 1.78e-16
    interior solution objective gap (abs/rel):          3.27e+00 / 9.58e-10
Ipx: IPM       optimal
Model   status      : Optimal
IPM       iterations: 44
Objective value     :  3.4100753285e+09
HiGHS run time      :         14.74
Presolving model
119360 rows, 324806 cols, 750552 nonzeros
89300 rows, 198258 cols, 497164 nonzeros
87087 rows, 117511 cols, 335293 nonzeros
86387 rows, 115175 cols, 330592 nonzeros
Presolve : Reductions: rows 86387(-2544383); columns 115175(-1631890); elements 330592(-7892261)
Solving the presolved LP
IPX model has 86387 rows, 115175 columns and 330592 nonzeros
Input
    Number of variables:                                115175
    Number of free variables:                           0
    Number of constraints:                              86387
    Number of equality constraints:                     13681
    Number of matrix entries:                           330592
    Matrix range:                                       [1e-02, 1e+00]
    RHS range:                                          [2e+05, 1e+08]
    Objective range:                                    [2e-04, 1e+06]
    Bounds range:                                       [4e+04, 1e+08]
Preprocessing
    Dualized model:                                     no
    Number of dense columns:                            0
    Range of scaling factors:                           [1.00e+00, 2.00e+00]
IPX version 1.0
Interior Point Solve
 Iter     P.res    D.res            P.obj           D.obj        mu     Time
   0   2.59e+07 1.48e+05   5.14132586e+13 -5.31022199e+16  4.43e+12       0s
   1   7.28e+06 1.01e+05   4.29200103e+16 -4.13379641e+16  2.76e+12       0s
   2   2.90e+06 6.83e+04   5.74348486e+16 -3.32409927e+16  2.19e+12       0s
   3   1.19e+06 1.63e+04   4.35669201e+16 -8.64370763e+15  6.40e+11       0s
   4   4.52e+05 2.94e+03   2.54921829e+16 -2.16688971e+15  1.95e+11       1s
   5   1.73e+05 8.98e+02   1.15243098e+16 -8.62519649e+14  7.35e+10       1s
 Constructing starting basis...
   6   6.41e+04 3.16e+02   4.86510377e+15 -3.90026044e+14  3.02e+10       2s
   7   1.90e+04 7.97e+01   2.63230755e+15 -2.60595644e+14  1.55e+10       2s
   8   1.26e+03 2.02e+01   9.54951315e+14 -1.40448240e+14  5.73e+09       3s
   9   2.60e+02 1.10e+01   2.88308575e+14 -7.89431909e+13  1.98e+09       3s
  10   7.06e+01 5.49e+00   1.19584754e+14 -4.20928551e+13  8.86e+08       3s
  11   2.20e+01 2.58e+00   6.88266147e+13 -2.22444877e+13  4.97e+08       4s
  12   9.30e+00 1.10e+00   3.91781889e+13 -1.04410669e+13  2.67e+08       4s
  13   2.66e+00 4.14e-01   1.35639998e+13 -4.07509678e+12  9.52e+07       4s
  14   9.68e-01 1.45e-01   7.01560272e+12 -1.61088416e+12  4.57e+07       5s
  15   6.99e-01 3.87e-02   5.32141246e+12 -4.88612752e+11  2.97e+07       5s
  16   2.08e-01 1.19e-02   1.70047681e+12 -1.57247941e+11  9.44e+06       5s
  17   1.10e-01 4.98e-03   9.67531218e+11 -7.09578217e+10  5.24e+06       6s
  18   5.39e-02 1.55e-03   5.36433772e+11 -2.70034839e+10  2.83e+06       6s
  19   1.19e-02 4.39e-04   2.27715740e+11 -1.37397229e+10  1.21e+06       6s
  20   5.44e-03 1.97e-04   1.12064376e+11 -5.04082743e+09  5.85e+05       6s
  21   1.44e-03 7.90e-05   6.43728675e+10 -2.50472653e+09  3.34e+05       6s
  22   3.58e-04 4.70e-05   2.93731988e+10 -8.10441157e+08  1.51e+05       7s
  23   8.40e-05 1.83e-05   1.30755697e+10  1.22875608e+09  5.91e+04       7s
  24   3.26e-05 9.78e-06   7.69143590e+09  1.96831837e+09  2.85e+04       7s
  25   1.42e-05 5.72e-06   5.52880857e+09  2.34366856e+09  1.59e+04       8s
  26   9.42e-06 1.05e-06   5.01829867e+09  2.76413760e+09  1.12e+04       8s
  27   1.88e-06 3.76e-07   3.52610022e+09  2.87139949e+09  3.27e+03       8s
  28   1.34e-06 1.53e-07   3.38567049e+09  2.91459281e+09  2.35e+03       9s
  29   6.56e-07 5.97e-08   3.16441341e+09  2.93548894e+09  1.14e+03       9s
  30   1.79e-07 1.58e-08   3.03526440e+09  2.94409904e+09  4.55e+02       9s
  31   6.33e-08 5.36e-09   2.97819765e+09  2.94802631e+09  1.50e+02       9s
  32   6.85e-08 1.51e-09   2.95882890e+09  2.94999397e+09  4.41e+01       9s
  33   3.91e-08 6.98e-10   2.95264800e+09  2.95065481e+09  9.94e+00      10s
  34   3.85e-08 2.33e-10   2.95147122e+09  2.95095165e+09  2.59e+00      10s
  35   5.54e-08 3.49e-10   2.95112941e+09  2.95100043e+09  6.43e-01      10s
  36   8.17e-08 2.33e-10   2.95103285e+09  2.95100547e+09  1.37e-01      10s
  37   5.59e-08 2.33e-10   2.95100882e+09  2.95100642e+09  1.20e-02      10s
  38   8.57e-08 2.33e-10   2.95100706e+09  2.95100659e+09  2.36e-03      11s
  39   6.37e-08 2.33e-10   2.95100666e+09  2.95100661e+09  2.46e-04      11s
  40   2.31e-07 2.33e-10   2.95100662e+09  2.95100662e+09  2.26e-05      11s
  41*  9.14e-08 1.16e-10   2.95100662e+09  2.95100662e+09  5.08e-06      11s
Summary
    Runtime:                                            11.18s
    Status interior point solve:                        optimal
    Status crossover:                                   not run
    objective value:                                    2.95100662e+09
    interior solution primal residual (abs/rel):        8.94e-08 / 6.12e-16
    interior solution dual residual (abs/rel):          2.33e-10 / 1.78e-16
    interior solution objective gap (abs/rel):          9.66e-01 / 3.27e-10
Ipx: IPM       optimal
Model   status      : Optimal
IPM       iterations: 41
Objective value     :  2.9510066214e+09
HiGHS run time      :         13.96
Presolving model
119360 rows, 324806 cols, 750552 nonzeros
89300 rows, 198258 cols, 497164 nonzeros
87087 rows, 117511 cols, 335293 nonzeros
86387 rows, 115175 cols, 330592 nonzeros
Presolve : Reductions: rows 86387(-2551898); columns 115175(-1631890); elements 330592(-7899776)
Solving the presolved LP
IPX model has 86387 rows, 115175 columns and 330592 nonzeros
Input
    Number of variables:                                115175
    Number of free variables:                           0
    Number of constraints:                              86387
    Number of equality constraints:                     13681
    Number of matrix entries:                           330592
    Matrix range:                                       [1e-02, 1e+00]
    RHS range:                                          [2e+05, 1e+08]
    Objective range:                                    [2e-04, 1e+06]
    Bounds range:                                       [4e+04, 1e+08]
Preprocessing
    Dualized model:                                     no
    Number of dense columns:                            0
    Range of scaling factors:                           [1.00e+00, 2.00e+00]
IPX version 1.0
Interior Point Solve
 Iter     P.res    D.res            P.obj           D.obj        mu     Time
   0   2.59e+07 1.48e+05   5.14537204e+13 -5.31011885e+16  4.43e+12       0s
   1   7.28e+06 1.01e+05   4.29242370e+16 -4.13361498e+16  2.76e+12       0s
   2   2.90e+06 6.83e+04   5.74397445e+16 -3.32391248e+16  2.19e+12       0s
   3   1.19e+06 1.63e+04   4.35690534e+16 -8.64556385e+15  6.40e+11       0s
   4   4.52e+05 2.94e+03   2.55059751e+16 -2.16636098e+15  1.96e+11       1s
   5   1.73e+05 8.99e+02   1.15228144e+16 -8.62426937e+14  7.35e+10       1s
 Constructing starting basis...
   6   6.39e+04 3.13e+02   4.86457789e+15 -3.89465580e+14  3.02e+10       2s
   7   1.92e+04 7.99e+01   2.64328776e+15 -2.59825129e+14  1.56e+10       2s
   8   1.04e+03 2.02e+01   9.61681473e+14 -1.42533960e+14  5.77e+09       3s
   9   2.05e+02 1.12e+01   2.83655928e+14 -8.11247659e+13  1.97e+09       3s
  10   5.91e+01 5.62e+00   1.19349947e+14 -4.31579199e+13  8.93e+08       3s
  11   1.48e+01 2.57e+00   6.41959392e+13 -2.22914441e+13  4.75e+08       4s
  12   6.21e+00 1.09e+00   3.79936948e+13 -1.04646738e+13  2.61e+08       4s
  13   2.01e+00 4.01e-01   1.44465199e+13 -4.00120438e+12  9.91e+07       4s
  14   5.21e-01 1.20e-01   6.38053066e+12 -1.42014977e+12  4.12e+07       5s
  15   1.95e-01 3.24e-02   4.09531627e+12 -5.67094157e+11  2.40e+07       5s
  16   7.34e-02 1.74e-02   1.70391795e+12 -3.12240863e+11  1.04e+07       5s
  17   2.15e-02 1.33e-02   7.04188313e+11 -2.43330451e+11  4.94e+06       6s
  18   1.00e-02 4.68e-03   4.38808267e+11 -9.48067657e+10  2.73e+06       6s
  19   3.83e-03 1.42e-03   2.47671544e+11 -3.39197842e+10  1.42e+06       6s
  20   1.28e-03 6.13e-04   1.04101163e+11 -1.42164648e+10  5.94e+05       6s
  21   4.87e-04 2.05e-04   5.23818071e+10 -3.76555786e+09  2.81e+05       7s
  22   2.14e-04 5.19e-05   3.44800962e+10 -2.50055786e+07  1.72e+05       7s
  23   8.73e-05 2.07e-05   2.03750013e+10  1.28225315e+09  9.52e+04       7s
  24   5.90e-06 8.17e-06   1.09749878e+10  1.84122907e+09  4.56e+04       7s
  25   2.03e-06 2.60e-06   7.16138628e+09  2.37654356e+09  2.39e+04       8s
  26   1.04e-06 9.49e-07   5.50073971e+09  2.60926299e+09  1.44e+04       8s
  27   5.96e-08 2.83e-07   3.59140593e+09  2.72192903e+09  4.34e+03       8s
  28   3.31e-08 1.73e-07   3.10645068e+09  2.76198058e+09  1.72e+03       9s
  29   4.84e-08 6.66e-08   3.02447968e+09  2.80136133e+09  1.11e+03       9s
  30   6.71e-08 2.10e-08   2.91616050e+09  2.82019753e+09  4.79e+02       9s
  31   7.08e-08 6.52e-09   2.86494989e+09  2.82699763e+09  1.89e+02       9s
  32   6.84e-08 1.86e-09   2.84336180e+09  2.82947650e+09  6.92e+01      10s
  33   9.18e-08 6.98e-10   2.83559500e+09  2.83062797e+09  2.48e+01      10s
  34   4.64e-08 4.66e-10   2.83261822e+09  2.83090971e+09  8.52e+00      10s
  35   6.85e-08 2.33e-10   2.83148577e+09  2.83103785e+09  2.23e+00      10s
  36   7.08e-08 2.33e-10   2.83116217e+09  2.83108980e+09  3.61e-01      10s
  37   1.18e-07 2.33e-10   2.83110437e+09  2.83109659e+09  3.88e-02      11s
  38   8.73e-08 2.33e-10   2.83109927e+09  2.83109802e+09  6.26e-03      11s
  39   6.49e-08 2.33e-10   2.83109826e+09  2.83109815e+09  5.90e-04      11s
  40   9.31e-08 2.33e-10   2.83109817e+09  2.83109815e+09  9.22e-05      11s
  41   2.98e-07 2.33e-10   2.83109816e+09  2.83109816e+09  1.51e-05      11s
  42*  8.03e-08 1.16e-10   2.83109816e+09  2.83109816e+09  3.26e-06      11s
Summary
    Runtime:                                            11.41s
    Status interior point solve:                        optimal
    Status crossover:                                   not run
    objective value:                                    2.83109816e+09
    interior solution primal residual (abs/rel):        5.96e-08 / 4.08e-16
    interior solution dual residual (abs/rel):          1.16e-10 / 8.90e-17
    interior solution objective gap (abs/rel):          6.13e-01 / 2.17e-10
Ipx: IPM       optimal
Model   status      : Optimal
IPM       iterations: 42
Objective value     :  2.8310981575e+09
HiGHS run time      :         14.20
Presolving model
119360 rows, 324806 cols, 750552 nonzeros
89300 rows, 198258 cols, 497164 nonzeros
87087 rows, 117511 cols, 335293 nonzeros
86387 rows, 115175 cols, 330592 nonzeros
Presolve : Reductions: rows 86387(-2559413); columns 115175(-1631890); elements 330592(-7907291)
Solving the presolved LP
IPX model has 86387 rows, 115175 columns and 330592 nonzeros
Input
    Number of variables:                                115175
    Number of free variables:                           0
    Number of constraints:                              86387
    Number of equality constraints:                     13681
    Number of matrix entries:                           330592
    Matrix range:                                       [1e-02, 1e+00]
    RHS range:                                          [2e+05, 1e+08]
    Objective range:                                    [2e-04, 1e+06]
    Bounds range:                                       [4e+04, 1e+08]
Preprocessing
    Dualized model:                                     no
    Number of dense columns:                            0
    Range of scaling factors:                           [1.00e+00, 2.00e+00]
IPX version 1.0
Interior Point Solve
 Iter     P.res    D.res            P.obj           D.obj        mu     Time
   0   2.59e+07 1.48e+05   5.14818474e+13 -5.31008234e+16  4.43e+12       0s
   1   7.28e+06 1.01e+05   4.29272244e+16 -4.13359049e+16  2.76e+12       0s
   2   2.90e+06 6.83e+04   5.74430610e+16 -3.32384792e+16  2.19e+12       0s
   3   1.19e+06 1.63e+04   4.35710301e+16 -8.64549809e+15  6.40e+11       0s
   4   4.52e+05 2.94e+03   2.55066708e+16 -2.16573438e+15  1.95e+11       1s
   5   1.73e+05 8.98e+02   1.15315807e+16 -8.62113866e+14  7.36e+10       1s
 Constructing starting basis...
   6   6.39e+04 3.13e+02   4.85783123e+15 -3.89011458e+14  3.01e+10       2s
   7   2.22e+04 8.22e+01   2.81328472e+15 -2.64335059e+14  1.66e+10       2s
   8   2.23e+03 1.97e+01   1.01659125e+15 -1.36950970e+14  6.03e+09       3s
   9   4.56e+02 1.11e+01   3.16541495e+14 -7.99905903e+13  2.13e+09       3s
  10   1.33e+02 5.73e+00   1.30650226e+14 -4.39149230e+13  9.54e+08       3s
  11   3.71e+01 2.50e+00   6.72149841e+13 -2.16074228e+13  4.84e+08       4s
  12   1.70e+01 1.08e+00   4.07212758e+13 -1.03292630e+13  2.74e+08       4s
  13   5.08e+00 3.97e-01   1.45134686e+13 -3.94456316e+12  9.89e+07       4s
  14   1.60e+00 1.23e-01   7.07361657e+12 -1.44896529e+12  4.48e+07       5s
  15   7.43e-01 3.38e-02   5.03364799e+12 -6.18349493e+11  2.89e+07       5s
  16   4.18e-01 1.78e-02   2.91369736e+12 -3.31338896e+11  1.65e+07       5s
  17   1.35e-01 1.50e-02   1.02210728e+12 -2.78546347e+11  6.70e+06       6s
  18   6.51e-02 3.78e-03   6.56505683e+11 -8.81350205e+10  3.77e+06       6s
  19   3.45e-02 1.41e-03   3.76999146e+11 -3.37683995e+10  2.06e+06       6s
  20   1.25e-02 4.13e-04   1.79856842e+11 -1.15674159e+10  9.58e+05       6s
  21   3.49e-03 4.21e-05   1.03940364e+11 -3.99360972e+09  5.39e+05       7s
  22   1.31e-03 1.41e-05   5.22022882e+10 -5.36347694e+08  2.63e+05       7s
  23   3.56e-04 4.40e-06   2.79595740e+10  8.54596972e+08  1.35e+05       7s
  24   7.56e-05 1.86e-06   1.27080488e+10  1.72688926e+09  5.48e+04       7s
  25   2.41e-05 8.56e-07   8.33520968e+09  2.16684080e+09  3.08e+04       8s
  26   8.85e-06 3.34e-07   5.80659884e+09  2.50143573e+09  1.65e+04       8s
  27   2.24e-06 1.11e-07   4.33661508e+09  2.67300877e+09  8.30e+03       8s
  28   5.66e-07 7.50e-08   3.32222147e+09  2.72439737e+09  2.98e+03       8s
  29   2.09e-07 2.82e-08   3.02474174e+09  2.79804117e+09  1.13e+03       9s
  30   8.94e-08 1.13e-08   2.94200638e+09  2.82466836e+09  5.85e+02       9s
  31   5.96e-08 4.31e-09   2.89413655e+09  2.83712000e+09  2.84e+02       9s
  32   6.67e-08 1.16e-09   2.86328229e+09  2.84326358e+09  9.98e+01      10s
  33   8.57e-08 4.66e-10   2.85149837e+09  2.84501067e+09  3.24e+01      10s
  34   4.84e-08 2.33e-10   2.84727041e+09  2.84554052e+09  8.63e+00      10s
  35   5.35e-08 2.33e-10   2.84624119e+09  2.84563724e+09  3.01e+00      10s
  36   7.87e-08 4.66e-10   2.84576141e+09  2.84568644e+09  3.74e-01      10s
  37   8.02e-08 2.33e-10   2.84572606e+09  2.84569450e+09  1.57e-01      11s
  38   7.90e-08 2.33e-10   2.84571644e+09  2.84569495e+09  1.07e-01      11s
  39   3.23e-08 2.33e-10   2.84569948e+09  2.84569744e+09  1.01e-02      11s
  40   9.31e-08 2.33e-10   2.84569782e+09  2.84569768e+09  6.97e-04      11s
  41   6.58e-08 2.33e-10   2.84569774e+09  2.84569771e+09  1.26e-04      11s
  42   2.10e-07 2.33e-10   2.84569772e+09  2.84569772e+09  1.91e-05      11s
  43*  9.66e-08 1.16e-10   2.84569772e+09  2.84569772e+09  4.44e-06      12s
Summary
    Runtime:                                            11.65s
    Status interior point solve:                        optimal
    Status crossover:                                   not run
    objective value:                                    2.84569772e+09
    interior solution primal residual (abs/rel):        1.19e-07 / 8.17e-16
    interior solution dual residual (abs/rel):          2.33e-10 / 1.78e-16
    interior solution objective gap (abs/rel):          8.45e-01 / 2.97e-10
Ipx: IPM       optimal
Model   status      : Optimal
IPM       iterations: 43
Objective value     :  2.8456977167e+09
HiGHS run time      :         14.42
Presolving model
119360 rows, 324806 cols, 750552 nonzeros
89300 rows, 198258 cols, 497164 nonzeros
87087 rows, 117511 cols, 335293 nonzeros
86387 rows, 115175 cols, 330592 nonzeros
Presolve : Reductions: rows 86387(-2566928); columns 115175(-1631890); elements 330592(-7914806)
Solving the presolved LP
IPX model has 86387 rows, 115175 columns and 330592 nonzeros
Input
    Number of variables:                                115175
    Number of free variables:                           0
    Number of constraints:                              86387
    Number of equality constraints:                     13681
    Number of matrix entries:                           330592
    Matrix range:                                       [1e-02, 1e+00]
    RHS range:                                          [2e+05, 1e+08]
    Objective range:                                    [2e-04, 1e+06]
    Bounds range:                                       [4e+04, 1e+08]
Preprocessing
    Dualized model:                                     no
    Number of dense columns:                            0
    Range of scaling factors:                           [1.00e+00, 2.00e+00]
IPX version 1.0
Interior Point Solve
 Iter     P.res    D.res            P.obj           D.obj        mu     Time
   0   2.59e+07 1.48e+05   5.15248091e+13 -5.31002544e+16  4.44e+12       0s
   1   7.28e+06 1.01e+05   4.29298632e+16 -4.13355540e+16  2.76e+12       0s
   2   2.90e+06 6.83e+04   5.74458655e+16 -3.32367509e+16  2.19e+12       0s
   3   1.19e+06 1.63e+04   4.35721631e+16 -8.64589845e+15  6.40e+11       0s
   4   4.52e+05 2.94e+03   2.55092318e+16 -2.16477133e+15  1.95e+11       1s
   5   1.73e+05 8.98e+02   1.15386674e+16 -8.61973825e+14  7.36e+10       1s
 Constructing starting basis...
   6   6.44e+04 3.16e+02   4.88314173e+15 -3.90275156e+14  3.03e+10       2s
   7   2.41e+04 8.28e+01   2.90392043e+15 -2.64381921e+14  1.71e+10       2s
   8   2.64e+03 2.01e+01   1.04626235e+15 -1.37782820e+14  6.19e+09       3s
   9   6.15e+02 1.13e+01   3.53323322e+14 -8.09189580e+13  2.32e+09       3s
  10   1.99e+02 5.82e+00   1.49526572e+14 -4.39452702e+13  1.05e+09       3s
  11   5.77e+01 2.45e+00   7.13282709e+13 -2.08200088e+13  4.99e+08       4s
  12   2.83e+01 1.05e+00   4.57544089e+13 -1.00945479e+13  2.97e+08       4s
  13   9.12e+00 3.87e-01   1.65874908e+13 -3.82918994e+12  1.08e+08       4s
  14   3.69e+00 1.21e-01   9.14021631e+12 -1.45301653e+12  5.51e+07       5s
  15   1.51e+00 3.08e-02   6.23067177e+12 -6.65118997e+11  3.51e+07       5s
  16   9.15e-01 1.65e-02   3.86007046e+12 -3.62507064e+11  2.14e+07       5s
  17   2.54e-01 1.39e-02   1.16453194e+12 -3.04684988e+11  7.54e+06       5s
  18   1.14e-01 2.99e-03   7.33472976e+11 -8.89150023e+10  4.15e+06       6s
  19   5.93e-02 1.07e-03   4.30282970e+11 -3.50745941e+10  2.33e+06       6s
  20   1.98e-02 3.05e-04   1.88071537e+11 -1.15724135e+10  9.98e+05       6s
  21   7.76e-03 9.45e-05   9.15526440e+10 -3.14098235e+09  4.73e+05       7s
  22   3.10e-03 2.50e-05   5.00203539e+10 -4.20604171e+07  2.50e+05       7s
  23   8.45e-04 8.43e-06   2.59688168e+10  1.07020327e+09  1.24e+05       7s
  24   1.69e-04 3.49e-06   1.14959320e+10  1.85813074e+09  4.81e+04       7s
  25   4.68e-05 1.13e-06   7.18873937e+09  2.35796455e+09  2.41e+04       8s
  26   2.40e-05 3.60e-07   5.52741869e+09  2.62558066e+09  1.45e+04       8s
  27   4.47e-06 1.49e-07   3.70487949e+09  2.72388700e+09  4.89e+03       8s
  28   3.70e-06 7.59e-08   3.57206139e+09  2.77380606e+09  3.98e+03       8s
  29   1.40e-06 3.04e-08   3.13874317e+09  2.80759349e+09  1.65e+03       9s
  30   3.87e-07 9.90e-09   2.97047312e+09  2.82160917e+09  7.42e+02       9s
  31   1.79e-07 3.38e-09   2.89650564e+09  2.82926108e+09  3.35e+02       9s
  32   6.06e-08 1.28e-09   2.85560700e+09  2.83256875e+09  1.15e+02       9s
  33   4.63e-08 4.66e-10   2.84056177e+09  2.83403110e+09  3.26e+01      10s
  34   5.05e-08 2.33e-10   2.83646484e+09  2.83448069e+09  9.89e+00      10s
  35   4.62e-08 4.66e-10   2.83540511e+09  2.83464470e+09  3.79e+00      10s
  36   8.46e-08 4.66e-10   2.83475390e+09  2.83468849e+09  3.26e-01      10s
  37   7.02e-08 2.33e-10   2.83470426e+09  2.83470115e+09  1.55e-02      10s
  38   4.27e-08 2.33e-10   2.83470320e+09  2.83470242e+09  3.88e-03      11s
  39   4.01e-08 2.33e-10   2.83470292e+09  2.83470278e+09  7.13e-04      11s
  40   1.30e-07 4.66e-10   2.83470284e+09  2.83470282e+09  8.99e-05      11s
  41*  6.10e-08 2.33e-10   2.83470283e+09  2.83470283e+09  8.82e-06      11s
Summary
    Runtime:                                            11.20s
    Status interior point solve:                        optimal
    Status crossover:                                   not run
    objective value:                                    2.83470283e+09
    interior solution primal residual (abs/rel):        8.94e-08 / 6.12e-16
    interior solution dual residual (abs/rel):          2.33e-10 / 1.78e-16
    interior solution objective gap (abs/rel):          1.75e+00 / 6.17e-10
Ipx: IPM       optimal
Model   status      : Optimal
IPM       iterations: 41
Objective value     :  2.8347028334e+09
HiGHS run time      :         13.99
Presolving model
119360 rows, 324806 cols, 750552 nonzeros
89300 rows, 198258 cols, 497164 nonzeros
87087 rows, 117511 cols, 335293 nonzeros
86387 rows, 115175 cols, 330592 nonzeros
Presolve : Reductions: rows 86387(-2574443); columns 115175(-1631890); elements 330592(-7922321)
Solving the presolved LP
IPX model has 86387 rows, 115175 columns and 330592 nonzeros
Input
    Number of variables:                                115175
    Number of free variables:                           0
    Number of constraints:                              86387
    Number of equality constraints:                     13681
    Number of matrix entries:                           330592
    Matrix range:                                       [1e-02, 1e+00]
    RHS range:                                          [2e+05, 1e+08]
    Objective range:                                    [2e-04, 1e+06]
    Bounds range:                                       [4e+04, 1e+08]
Preprocessing
    Dualized model:                                     no
    Number of dense columns:                            0
    Range of scaling factors:                           [1.00e+00, 2.00e+00]
IPX version 1.0
Interior Point Solve
 Iter     P.res    D.res            P.obj           D.obj        mu     Time
   0   2.59e+07 1.48e+05   5.15248090e+13 -5.31002544e+16  4.44e+12       0s
   1   7.28e+06 1.01e+05   4.29298631e+16 -4.13355540e+16  2.76e+12       0s
   2   2.90e+06 6.83e+04   5.74458655e+16 -3.32367509e+16  2.19e+12       0s
   3   1.19e+06 1.63e+04   4.35721631e+16 -8.64589845e+15  6.40e+11       0s
   4   4.52e+05 2.94e+03   2.55092320e+16 -2.16477133e+15  1.95e+11       1s
   5   1.73e+05 8.98e+02   1.15382920e+16 -8.61986895e+14  7.36e+10       1s
 Constructing starting basis...
   6   6.45e+04 3.16e+02   4.88405039e+15 -3.90148904e+14  3.03e+10       2s
   7   2.41e+04 8.24e+01   2.91322357e+15 -2.65496186e+14  1.71e+10       2s
   8   2.58e+03 2.06e+01   1.04843941e+15 -1.39870080e+14  6.22e+09       3s
   9   5.82e+02 1.16e+01   3.51719657e+14 -8.22782816e+13  2.33e+09       3s
  10   2.08e+02 5.76e+00   1.60366692e+14 -4.35193033e+13  1.10e+09       3s
  11   6.60e+01 2.40e+00   7.55989204e+13 -2.03297908e+13  5.17e+08       4s
  12   3.10e+01 9.79e-01   4.82774793e+13 -9.69561615e+12  3.07e+08       4s
  13   9.88e+00 3.65e-01   1.72294919e+13 -3.71962958e+12  1.11e+08       4s
  14   3.96e+00 1.14e-01   9.00411151e+12 -1.37759167e+12  5.39e+07       5s
  15   1.33e+00 2.79e-02   5.67736536e+12 -6.19971480e+11  3.21e+07       5s
  16   7.07e-01 1.54e-02   3.10217092e+12 -3.46841458e+11  1.75e+07       5s
  17   2.33e-01 1.28e-02   1.14630201e+12 -2.90078201e+11  7.37e+06       5s
  18   8.53e-02 2.80e-03   6.21327748e+11 -8.19084174e+10  3.55e+06       6s
  19   4.86e-02 1.12e-03   4.07712865e+11 -3.72173920e+10  2.23e+06       6s
  20   1.34e-02 3.32e-04   1.47040318e+11 -1.14101316e+10  7.93e+05       6s
  21   4.55e-03 9.30e-05   7.39847665e+10 -3.12407508e+09  3.85e+05       6s
  22   1.82e-03 3.49e-05   4.38032121e+10 -5.56108057e+08  2.21e+05       7s
  23   4.94e-04 1.24e-05   2.28504964e+10  9.57491855e+08  1.09e+05       7s
  24   1.14e-04 5.40e-06   1.10087861e+10  1.79946879e+09  4.59e+04       7s
  25   4.28e-05 2.01e-06   7.48919926e+09  2.31059605e+09  2.58e+04       8s
  26   2.42e-05 6.50e-07   5.84121578e+09  2.61226826e+09  1.61e+04       8s
  27   1.94e-06 1.92e-07   3.71375007e+09  2.72459120e+09  4.93e+03       8s
  28   1.67e-06 1.17e-07   3.60509276e+09  2.76431497e+09  4.19e+03       8s
  29   3.87e-07 4.81e-08   3.05941294e+09  2.80190953e+09  1.28e+03       9s
  30   1.19e-07 2.03e-08   2.95438856e+09  2.81623549e+09  6.89e+02       9s
  31   7.38e-08 7.45e-09   2.89458562e+09  2.82638424e+09  3.40e+02       9s
  32   4.10e-08 2.79e-09   2.85490727e+09  2.83103549e+09  1.19e+02       9s
  33   5.24e-08 9.31e-10   2.84065482e+09  2.83295015e+09  3.84e+01      10s
  34   6.00e-08 4.66e-10   2.83558111e+09  2.83374817e+09  9.14e+00      10s
  35   4.47e-08 2.33e-10   2.83456811e+09  2.83385669e+09  3.55e+00      10s
  36   6.12e-08 4.66e-10   2.83399026e+09  2.83392242e+09  3.38e-01      10s
  37   3.99e-08 2.33e-10   2.83393679e+09  2.83393180e+09  2.49e-02      10s
  38   4.69e-08 4.66e-10   2.83393410e+09  2.83393351e+09  2.96e-03      11s
  39   4.70e-08 2.33e-10   2.83393388e+09  2.83393365e+09  1.13e-03      11s
  40   1.49e-07 3.49e-10   2.83393371e+09  2.83393370e+09  5.59e-05      11s
  41*  1.49e-07 2.33e-10   2.83393371e+09  2.83393371e+09  8.98e-06      11s
Summary
    Runtime:                                            11.19s
    Status interior point solve:                        optimal
    Status crossover:                                   not run
    objective value:                                    2.83393371e+09
    interior solution primal residual (abs/rel):        3.28e-07 / 2.25e-15
    interior solution dual residual (abs/rel):          2.33e-10 / 1.78e-16
    interior solution objective gap (abs/rel):          1.75e+00 / 6.19e-10
Ipx: IPM       optimal
Model   status      : Optimal
IPM       iterations: 41
Objective value     :  2.8339337082e+09
HiGHS run time      :         13.94
[ Info: Rolling step not specified in scenaio.yaml file; Setting it to 10 years
[ Info: Demand-pathway mapping not specified in scenaio.yaml file; SERA will not look for eligible pathways for different demand types.
[ Info: Production capacity constraints from the grid model not defined. SERA will not create these constraints
[ Info: Regional technology limits not specified in scenaio.yaml file; SERA will not create these constraints
STARTING DATA PRE-PROCESSING 
Processing Temporal Data
Processing Nodes
Processing Demand
Processing Existings
Processing Links
Processing Pathways
Creating Infrastructure options
 15.396039 seconds (99.59 M allocations: 11.636 GiB, 26.59% gc time, 0.57% compilation time)

OPTIMIZING FROM 2026 TO 2035 

STARTING OPTIMIZATION MODEL CREATION
CREATING VARIABLES AND EXPRESSIONS
 83.972871 seconds (270.84 M allocations: 16.800 GiB, 77.18% gc time, 7.16% compilation time)
POPULATING EXPRESSIONS
 53.114885 seconds (203.21 M allocations: 31.891 GiB, 21.28% gc time, 0.35% compilation time)
CREATING CONSTRAINTS
111.976366 seconds (173.79 M allocations: 10.229 GiB, 81.76% gc time, 1.99% compilation time)
POPULATED CORE OPTIMIZATION MODEL, STARTING ITERATIONS
READING COST DATA FOR ITERATION 1
 50.634900 seconds (120.31 M allocations: 11.596 GiB, 47.60% gc time, 0.76% compilation time)
CREATING EXPRESSIONS FOR CAPITAL AND FIXED COST
106.502513 seconds (120.78 M allocations: 7.749 GiB, 90.87% gc time, 1.34% compilation time)
BUILDING OBJECTIVE FUNCTION
 11.717288 seconds (41.62 M allocations: 1.305 GiB, 57.74% gc time, 6.96% compilation time)
Optimizing for iteration 1
258.117175 seconds (57.28 M allocations: 5.637 GiB, 49.38% gc time, 0.01% compilation time)
OPTIMAL
2.684619058849797e9
 =  1.0
READING COST DATA FOR ITERATION 2
623.388899 seconds (97.36 M allocations: 11.018 GiB, 24.82% gc time, 0.01% compilation time)
CREATING EXPRESSIONS FOR CAPITAL AND FIXED COST
211.728283 seconds (119.23 M allocations: 7.642 GiB, 95.73% gc time, 0.00% compilation time)
BUILDING OBJECTIVE FUNCTION
 15.515488 seconds (40.96 M allocations: 1.302 GiB, 70.24% gc time)
Optimizing for iteration 2
 95.733222 seconds (5 allocations: 73.977 MiB, 8.59% gc time)
OPTIMAL
7.45894836289495e9
 =  0.6400807555922341
READING COST DATA FOR ITERATION 3
636.114888 seconds (97.01 M allocations: 11.091 GiB, 25.46% gc time)
CREATING EXPRESSIONS FOR CAPITAL AND FIXED COST
200.720463 seconds (119.23 M allocations: 7.642 GiB, 94.73% gc time)
BUILDING OBJECTIVE FUNCTION
 16.743978 seconds (40.96 M allocations: 1.302 GiB, 69.70% gc time)
Optimizing for iteration 3
 83.751566 seconds (2 allocations: 32 bytes)
OPTIMAL
5.4677671711633415e9
 =  0.36416715075811784
READING COST DATA FOR ITERATION 4
635.493571 seconds (96.98 M allocations: 11.093 GiB, 26.49% gc time)
CREATING EXPRESSIONS FOR CAPITAL AND FIXED COST
209.792178 seconds (119.23 M allocations: 7.642 GiB, 95.64% gc time)
BUILDING OBJECTIVE FUNCTION
 15.833275 seconds (40.96 M allocations: 1.302 GiB, 70.15% gc time)
Optimizing for iteration 4
 80.235139 seconds (2 allocations: 32 bytes)
OPTIMAL
5.242850465512567e9
 =  0.04289969876709687
READING COST DATA FOR ITERATION 5
637.494794 seconds (96.98 M allocations: 11.122 GiB, 26.31% gc time)
CREATING EXPRESSIONS FOR CAPITAL AND FIXED COST
200.059996 seconds (119.23 M allocations: 7.642 GiB, 94.70% gc time)
BUILDING OBJECTIVE FUNCTION
 17.285747 seconds (40.96 M allocations: 1.302 GiB, 69.29% gc time)
Optimizing for iteration 5
 77.569583 seconds (2 allocations: 32 bytes)
OPTIMAL
5.1427214639505625e9
 =  0.019470041740376982
READING COST DATA FOR ITERATION 6
639.258212 seconds (96.98 M allocations: 11.011 GiB, 26.80% gc time)
CREATING EXPRESSIONS FOR CAPITAL AND FIXED COST
227.495846 seconds (119.23 M allocations: 7.642 GiB, 95.92% gc time)
BUILDING OBJECTIVE FUNCTION
 16.571497 seconds (40.96 M allocations: 1.302 GiB, 70.93% gc time)
Optimizing for iteration 6
 75.603871 seconds (2 allocations: 32 bytes)
OPTIMAL
5.120272206236191e9
 =  0.004384387550032816
READING COST DATA FOR ITERATION 7
633.380365 seconds (96.97 M allocations: 11.011 GiB, 25.44% gc time)
CREATING EXPRESSIONS FOR CAPITAL AND FIXED COST
231.041319 seconds (119.23 M allocations: 7.642 GiB, 95.36% gc time)
BUILDING OBJECTIVE FUNCTION
 17.763161 seconds (40.96 M allocations: 1.302 GiB, 70.08% gc time)
Optimizing for iteration 7
 77.712358 seconds (2 allocations: 32 bytes)
OPTIMAL
5.046406568148093e9
 =  0.014637274482461056
READING COST DATA FOR ITERATION 8
481.427267 seconds (96.98 M allocations: 11.107 GiB, 25.24% gc time)
CREATING EXPRESSIONS FOR CAPITAL AND FIXED COST
169.930909 seconds (119.23 M allocations: 7.642 GiB, 94.08% gc time)
BUILDING OBJECTIVE FUNCTION
 14.431838 seconds (40.96 M allocations: 1.302 GiB, 66.51% gc time)
Optimizing for iteration 8
 85.182188 seconds (2 allocations: 32 bytes)
OPTIMAL
5.044160780335609e9
 =  0.000445225263483681
ITERATIONS COMPLETED
WRITING RESULTS TO FILE
 19.747990 seconds (24.59 M allocations: 1.021 GiB, 84.82% gc time, 3.47% compilation time)

OPTIMIZING FROM 2036 TO 2040 

STARTING OPTIMIZATION MODEL CREATION
CREATING VARIABLES AND EXPRESSIONS
250.356245 seconds (131.47 M allocations: 8.055 GiB, 96.71% gc time, 0.09% compilation time)
POPULATING EXPRESSIONS
 23.193963 seconds (56.46 M allocations: 8.769 GiB, 50.52% gc time)
CREATING CONSTRAINTS
 94.352057 seconds (85.14 M allocations: 4.705 GiB, 90.00% gc time, 0.01% compilation time)
POPULATED CORE OPTIMIZATION MODEL, STARTING ITERATIONS
READING COST DATA FOR ITERATION 1
105.075050 seconds (47.63 M allocations: 5.482 GiB, 87.71% gc time)
CREATING EXPRESSIONS FOR CAPITAL AND FIXED COST
 43.858552 seconds (31.14 M allocations: 1.947 GiB, 95.12% gc time, 0.15% compilation time)
BUILDING OBJECTIVE FUNCTION
  2.128158 seconds (19.39 M allocations: 621.192 MiB, 17.88% gc time)
Optimizing for iteration 1
112.959752 seconds (29.65 M allocations: 2.759 GiB, 77.39% gc time)
OPTIMAL
3.883776788689286e13
 =  1.0
READING COST DATA FOR ITERATION 2
180.901712 seconds (47.87 M allocations: 5.488 GiB, 53.75% gc time)
CREATING EXPRESSIONS FOR CAPITAL AND FIXED COST
 45.922899 seconds (31.15 M allocations: 1.945 GiB, 95.40% gc time)
BUILDING OBJECTIVE FUNCTION
  2.136956 seconds (19.39 M allocations: 643.788 MiB, 17.69% gc time)
Optimizing for iteration 2
 14.772383 seconds (5 allocations: 32 bytes)
OPTIMAL
3.4100753284681153e9
 =  11388.123155921718
READING COST DATA FOR ITERATION 3
181.400022 seconds (47.84 M allocations: 5.504 GiB, 54.25% gc time)
CREATING EXPRESSIONS FOR CAPITAL AND FIXED COST
 46.118766 seconds (31.15 M allocations: 1.945 GiB, 95.31% gc time)
BUILDING OBJECTIVE FUNCTION
  2.223674 seconds (19.39 M allocations: 643.788 MiB, 16.84% gc time)
Optimizing for iteration 3
 13.989226 seconds (2 allocations: 32 bytes)
OPTIMAL
2.9510066213869104e9
 =  0.15556342834137524
READING COST DATA FOR ITERATION 4
183.955882 seconds (47.84 M allocations: 5.710 GiB, 54.70% gc time)
CREATING EXPRESSIONS FOR CAPITAL AND FIXED COST
 58.153679 seconds (31.15 M allocations: 1.945 GiB, 96.34% gc time)
BUILDING OBJECTIVE FUNCTION
  2.131661 seconds (19.39 M allocations: 643.788 MiB, 16.04% gc time)
Optimizing for iteration 4
 14.221640 seconds (2 allocations: 32 bytes)
OPTIMAL
2.831098157473742e9
 =  0.042354046819836684
READING COST DATA FOR ITERATION 5
171.593955 seconds (47.84 M allocations: 5.488 GiB, 51.76% gc time)
CREATING EXPRESSIONS FOR CAPITAL AND FIXED COST
 46.708664 seconds (31.15 M allocations: 1.945 GiB, 95.41% gc time)
BUILDING OBJECTIVE FUNCTION
  2.188122 seconds (19.39 M allocations: 643.788 MiB, 16.15% gc time)
Optimizing for iteration 5
 14.442607 seconds (2 allocations: 32 bytes)
OPTIMAL
2.8456977167119484e9
 =  0.005130397073514643
READING COST DATA FOR ITERATION 6
182.866892 seconds (47.84 M allocations: 5.536 GiB, 54.59% gc time)
CREATING EXPRESSIONS FOR CAPITAL AND FIXED COST
 46.934520 seconds (31.15 M allocations: 1.945 GiB, 95.39% gc time)
BUILDING OBJECTIVE FUNCTION
  2.170161 seconds (19.39 M allocations: 643.788 MiB, 15.69% gc time)
Optimizing for iteration 6
 14.009331 seconds (2 allocations: 32 bytes)
OPTIMAL
2.834702833380084e9
 =  0.003878672290542876
READING COST DATA FOR ITERATION 7
184.024541 seconds (47.84 M allocations: 5.488 GiB, 54.30% gc time)
CREATING EXPRESSIONS FOR CAPITAL AND FIXED COST
 46.947713 seconds (31.15 M allocations: 1.945 GiB, 95.44% gc time)
BUILDING OBJECTIVE FUNCTION
  2.147537 seconds (19.39 M allocations: 643.788 MiB, 15.84% gc time)
Optimizing for iteration 7
 13.961603 seconds (2 allocations: 32 bytes)
OPTIMAL
2.8339337082386456e9
 =  0.00027139842376247764
ITERATIONS COMPLETED
WRITING RESULTS TO FILE
 25.979381 seconds (19.20 M allocations: 855.067 MiB, 89.88% gc time, 45.52% compilation time)

THE OPTIMIZATION PROBLEM TOOK 157.25 MINUTES TO SOLVE. 
