Running HiGHS 1.6.0: Copyright (c) 2023 HiGHS under MIT licence terms
Presolving model
49911 rows, 158409 cols, 360128 nonzeros
38719 rows, 103293 cols, 252031 nonzeros
38664 rows, 50040 cols, 145251 nonzeros
36284 rows, 47559 cols, 140235 nonzeros
Presolve : Reductions: rows 36284(-791702); columns 47559(-519223); elements 140235(-2161538)
Solving the presolved LP
IPX model has 36284 rows, 47559 columns and 140235 nonzeros
Input
    Number of variables:                                47559
    Number of free variables:                           0
    Number of constraints:                              36284
    Number of equality constraints:                     5344
    Number of matrix entries:                           140235
    Matrix range:                                       [1e-02, 1e+00]
    RHS range:                                          [2e+05, 1e+07]
    Objective range:                                    [4e-04, 1e+02]
    Bounds range:                                       [2e+05, 1e+08]
Preprocessing
    Dualized model:                                     no
    Number of dense columns:                            0
    Range of scaling factors:                           [1.00e+00, 2.00e+00]
IPX version 1.0
Interior Point Solve
 Iter     P.res    D.res            P.obj           D.obj        mu     Time
   0   3.74e+06 7.89e+00   6.17379724e+08 -1.03924713e+12  4.59e+07       0s
   1   6.57e+05 3.93e+00   2.11852951e+11 -5.26082024e+11  2.03e+07       0s
   2   2.98e+05 3.03e+00   2.57245297e+11 -4.13741014e+11  1.77e+07       0s
   3   1.24e+05 4.20e-01   1.75971215e+11 -5.63152820e+10  4.05e+06       0s
   4   3.73e+04 1.26e-01   8.51829448e+10 -1.78798598e+10  1.50e+06       0s
   5   9.71e+03 3.23e-02   3.43848011e+10 -4.81463587e+09  5.10e+05       0s
 Constructing starting basis...
   6   3.73e+03 3.94e-03   1.66873786e+10 -4.09071994e+08  2.24e+05       1s
   7   1.20e+03 1.44e-03   8.60794954e+09  3.08329057e+08  1.07e+05       1s
   8   6.75e+02 1.05e-03   7.90140823e+09  4.43946979e+08  9.50e+04       1s
   9   1.47e+02 4.77e-04   3.83174013e+09  8.69560449e+08  3.73e+04       1s
  10   7.97e+01 2.55e-04   3.03708897e+09  1.02040091e+09  2.53e+04       1s
  11   6.16e+01 1.99e-04   2.68445833e+09  1.06892522e+09  2.03e+04       1s
  12   3.78e+01 1.47e-04   2.33190423e+09  1.10081064e+09  1.54e+04       1s
  13   2.04e+01 8.32e-05   1.94941386e+09  1.14971840e+09  9.99e+03       2s
  14   1.67e+01 5.55e-05   1.83032652e+09  1.17409712e+09  8.19e+03       2s
  15   7.81e+00 3.08e-05   1.54205061e+09  1.19604545e+09  4.32e+03       2s
  16   4.52e+00 1.57e-05   1.44016354e+09  1.20966747e+09  2.87e+03       2s
  17   2.08e+00 9.86e-06   1.37976581e+09  1.21438083e+09  2.06e+03       2s
  18   1.26e+00 5.88e-06   1.33084382e+09  1.21926066e+09  1.39e+03       2s
  19   6.97e-01 3.60e-06   1.30242053e+09  1.22181134e+09  1.00e+03       2s
  20   5.07e-01 1.86e-06   1.29330243e+09  1.22369116e+09  8.66e+02       2s
  21   2.17e-01 1.35e-06   1.25922088e+09  1.22470833e+09  4.29e+02       2s
  22   1.32e-01 6.07e-07   1.25238615e+09  1.22595264e+09  3.29e+02       3s
  23   6.69e-02 3.00e-07   1.24315907e+09  1.22665833e+09  2.05e+02       3s
  24   2.29e-02 1.67e-07   1.23780332e+09  1.22694157e+09  1.35e+02       3s
  25   3.22e-03 3.97e-08   1.23213644e+09  1.22734639e+09  5.95e+01       3s
  26   1.00e-03 1.09e-08   1.22916199e+09  1.22754613e+09  2.01e+01       3s
  27   7.45e-05 1.18e-09   1.22800885e+09  1.22760914e+09  4.97e+00       3s
  28   2.98e-08 6.08e-10   1.22781788e+09  1.22761497e+09  2.52e+00       3s
  29   2.98e-08 8.18e-11   1.22765752e+09  1.22762722e+09  3.76e-01       3s
  30   2.98e-08 3.13e-13   1.22763190e+09  1.22762913e+09  3.44e-02       3s
  31   2.98e-08 1.56e-13   1.22762981e+09  1.22762913e+09  8.44e-03       3s
  32   2.98e-08 4.26e-14   1.22762938e+09  1.22762913e+09  3.09e-03       3s
  33   2.98e-08 2.84e-14   1.22762917e+09  1.22762914e+09  3.87e-04       3s
  34*  2.98e-08 1.42e-14   1.22762914e+09  1.22762914e+09  7.40e-10       3s
Summary
    Runtime:                                            3.28s
    Status interior point solve:                        optimal
    Status crossover:                                   not run
    objective value:                                    1.22762914e+09
    interior solution primal residual (abs/rel):        2.98e-08 / 2.04e-16
    interior solution dual residual (abs/rel):          1.42e-14 / 1.24e-16
    interior solution objective gap (abs/rel):          1.67e-06 / 1.36e-15
Ipx: IPM       optimal
Model   status      : Optimal
IPM       iterations: 34
Objective value     :  1.2514374851e+09
HiGHS run time      :          3.97
Presolving model
49911 rows, 158409 cols, 360128 nonzeros
38719 rows, 103293 cols, 252031 nonzeros
38664 rows, 50040 cols, 145251 nonzeros
36284 rows, 47559 cols, 140235 nonzeros
Presolve : Reductions: rows 36284(-794207); columns 47559(-519223); elements 140235(-2164043)
Solving the presolved LP
IPX model has 36284 rows, 47559 columns and 140235 nonzeros
Input
    Number of variables:                                47559
    Number of free variables:                           0
    Number of constraints:                              36284
    Number of equality constraints:                     5344
    Number of matrix entries:                           140235
    Matrix range:                                       [1e-02, 1e+00]
    RHS range:                                          [2e+05, 1e+07]
    Objective range:                                    [4e-04, 8e+06]
    Bounds range:                                       [2e+05, 1e+08]
Preprocessing
    Dualized model:                                     no
    Number of dense columns:                            0
    Range of scaling factors:                           [1.00e+00, 2.00e+00]
IPX version 1.0
Interior Point Solve
 Iter     P.res    D.res            P.obj           D.obj        mu     Time
   0   3.72e+06 3.23e+05   5.49402994e+12 -4.32128398e+16  1.93e+12       0s
   1   9.58e+05 2.21e+05   8.01966685e+15 -2.99379822e+16  1.16e+12       0s
   2   4.32e+05 1.19e+05   1.11980840e+16 -1.70721593e+16  7.89e+11       0s
   3   1.67e+05 2.86e+04   8.29212591e+15 -4.28438130e+15  2.56e+11       0s
   4   4.01e+04 6.08e+03   4.05235505e+15 -9.80712213e+14  7.65e+10       0s
   5   1.14e+04 1.62e+03   1.64668508e+15 -2.87636702e+14  2.62e+10       0s
   6   2.96e+03 4.12e+02   4.68297134e+14 -8.33659327e+13  7.17e+09       1s
 Constructing starting basis...
   7   8.82e+02 9.71e+01   1.68526080e+14 -2.60597503e+13  2.62e+09       1s
   8   3.72e+02 6.81e+01   1.21080865e+14 -1.84171067e+13  1.90e+09       1s
   9   9.02e+01 3.92e+01   3.70501460e+13 -1.01769510e+13  6.69e+08       1s
  10   2.37e+01 1.94e+01   1.34588096e+13 -4.96175076e+12  2.69e+08       1s
  11   7.00e+00 4.68e+00   5.41218686e+12 -1.19515510e+12  9.20e+07       2s
  12   1.61e+00 1.09e+00   1.57902628e+12 -2.73458385e+11  2.53e+07       2s
  13   4.37e-01 2.88e-01   4.70515743e+11 -7.02241662e+10  7.31e+06       2s
  14   1.14e-01 1.13e-01   1.82157493e+11 -2.83360635e+10  2.85e+06       2s
  15   4.77e-02 6.19e-02   9.08380656e+10 -1.50396391e+10  1.44e+06       2s
  16   9.63e-03 2.65e-02   5.66556825e+10 -6.34284578e+09  8.39e+05       2s
  17   2.80e-03 7.19e-03   2.16133578e+10 -7.08299754e+08  2.89e+05       2s
  18   9.33e-04 3.14e-03   1.29001541e+10  4.03922010e+08  1.59e+05       2s
  19   5.94e-04 9.01e-04   9.49432350e+09  1.12144014e+09  1.05e+05       2s
  20   2.74e-04 2.61e-04   7.03566223e+09  1.29891202e+09  7.15e+04       2s
  21   6.49e-05 6.85e-05   2.88566083e+09  1.42661553e+09  1.81e+04       2s
  22   2.26e-05 2.31e-05   1.98986611e+09  1.46105831e+09  6.57e+03       3s
  23   4.62e-06 9.22e-06   1.62927167e+09  1.47203389e+09  1.95e+03       3s
  24   1.04e-06 3.81e-06   1.53388066e+09  1.47722610e+09  7.04e+02       3s
  25   2.09e-07 1.84e-06   1.49528002e+09  1.47952574e+09  1.96e+02       3s
  26   1.49e-07 6.41e-07   1.49036438e+09  1.48097448e+09  1.17e+02       3s
  27   5.96e-08 1.62e-07   1.48584179e+09  1.48153412e+09  5.35e+01       3s
  28   2.98e-08 2.61e-08   1.48251504e+09  1.48175145e+09  9.49e+00       3s
  29   2.98e-08 5.59e-09   1.48193335e+09  1.48178946e+09  1.79e+00       3s
  30   2.98e-08 1.86e-09   1.48183895e+09  1.48179483e+09  5.48e-01       3s
  31   2.98e-08 1.86e-09   1.48180177e+09  1.48179603e+09  7.13e-02       3s
  32   2.98e-08 1.86e-09   1.48179694e+09  1.48179633e+09  7.57e-03       3s
  33   2.98e-08 1.86e-09   1.48179646e+09  1.48179638e+09  1.00e-03       3s
  34   2.98e-08 1.86e-09   1.48179640e+09  1.48179639e+09  1.26e-04       3s
  35*  8.20e-08 9.31e-10   1.48179639e+09  1.48179639e+09  1.46e-05       3s
Summary
    Runtime:                                            3.45s
    Status interior point solve:                        optimal
    Status crossover:                                   not run
    objective value:                                    1.48179639e+09
    interior solution primal residual (abs/rel):        1.55e-07 / 1.06e-15
    interior solution dual residual (abs/rel):          9.31e-10 / 1.10e-16
    interior solution objective gap (abs/rel):          1.08e+00 / 7.29e-10
Ipx: IPM       optimal
Model   status      : Optimal
IPM       iterations: 35
Objective value     :  1.5044964673e+09
HiGHS run time      :          4.07
Presolving model
49911 rows, 158409 cols, 360128 nonzeros
38719 rows, 103293 cols, 252031 nonzeros
38664 rows, 50040 cols, 145251 nonzeros
36284 rows, 47559 cols, 140235 nonzeros
Presolve : Reductions: rows 36284(-796712); columns 47559(-519223); elements 140235(-2166548)
Solving the presolved LP
IPX model has 36284 rows, 47559 columns and 140235 nonzeros
Input
    Number of variables:                                47559
    Number of free variables:                           0
    Number of constraints:                              36284
    Number of equality constraints:                     5344
    Number of matrix entries:                           140235
    Matrix range:                                       [1e-02, 1e+00]
    RHS range:                                          [2e+05, 1e+07]
    Objective range:                                    [4e-04, 8e+06]
    Bounds range:                                       [2e+05, 1e+08]
Preprocessing
    Dualized model:                                     no
    Number of dense columns:                            0
    Range of scaling factors:                           [1.00e+00, 2.00e+00]
IPX version 1.0
Interior Point Solve
 Iter     P.res    D.res            P.obj           D.obj        mu     Time
   0   3.72e+06 3.23e+05   9.62015458e+12 -4.30315501e+16  1.92e+12       0s
   1   9.57e+05 2.21e+05   8.05863426e+15 -2.97898791e+16  1.15e+12       0s
   2   4.30e+05 1.19e+05   1.12406625e+16 -1.69714359e+16  7.86e+11       0s
   3   1.61e+05 2.99e+04   8.27795829e+15 -4.45645744e+15  2.59e+11       0s
   4   4.93e+04 6.16e+03   4.29157228e+15 -9.66316553e+14  8.10e+10       0s
   5   1.30e+04 1.65e+03   1.72427402e+15 -2.89088140e+14  2.74e+10       0s
   6   4.00e+03 4.34e+02   5.74880908e+14 -8.57471829e+13  8.63e+09       1s
 Constructing starting basis...
   7   1.13e+03 1.28e+02   1.87145681e+14 -3.15563109e+13  2.98e+09       1s
   8   6.83e+02 8.90e+01   1.62927818e+14 -2.15955012e+13  2.51e+09       1s
   9   2.55e+02 4.94e+01   7.18485712e+13 -1.11780699e+13  1.14e+09       1s
  10   1.14e+02 2.69e+01   4.25669923e+13 -6.32265612e+12  6.71e+08       1s
  11   4.88e+01 1.38e+01   2.22336634e+13 -3.35643745e+12  3.52e+08       2s
  12   1.46e+01 4.33e+00   1.03189788e+13 -1.21378993e+12  1.55e+08       2s
  13   7.06e+00 9.94e-01   5.36210512e+12 -2.90000136e+11  7.34e+07       2s
  14   3.39e+00 1.57e-01   2.89305815e+12 -6.01737402e+10  3.75e+07       2s
  15   1.49e+00 4.19e-02   1.40405507e+12 -2.07103643e+10  1.80e+07       2s
  16   3.79e-01 1.15e-02   3.99076713e+11 -5.88488022e+09  5.11e+06       2s
  17   1.69e-01 4.58e-03   1.96998887e+11 -2.18771597e+09  2.51e+06       2s
  18   1.05e-01 3.30e-03   1.64341513e+11 -2.08202221e+09  2.10e+06       2s
  19   3.33e-02 1.08e-03   5.62708642e+10  7.56734568e+07  7.05e+05       2s
  20   4.58e-03 3.97e-05   1.74605623e+10  9.51571982e+08  2.06e+05       2s
  21   6.64e-04 8.08e-06   5.26729230e+09  1.16557421e+09  5.10e+04       2s
  22   1.27e-04 3.24e-06   2.14186196e+09  1.23340023e+09  1.13e+04       2s
  23   5.73e-05 1.12e-06   1.71612568e+09  1.26616187e+09  5.60e+03       3s
  24   1.42e-05 5.12e-07   1.46862906e+09  1.27557809e+09  2.40e+03       3s
  25   2.59e-06 2.04e-07   1.34327904e+09  1.28202035e+09  7.61e+02       3s
  26   4.77e-07 9.78e-08   1.30046651e+09  1.28473813e+09  1.95e+02       3s
  27   1.79e-07 4.00e-08   1.29364107e+09  1.28623281e+09  9.20e+01       3s
  28   2.98e-08 1.30e-08   1.28995925e+09  1.28694814e+09  3.74e+01       3s
  29   4.10e-08 3.73e-09   1.28765981e+09  1.28725583e+09  5.02e+00       3s
  30   2.98e-08 1.86e-09   1.28738429e+09  1.28732481e+09  7.39e-01       3s
  31   2.98e-08 1.86e-09   1.28733699e+09  1.28733013e+09  8.52e-02       3s
  32   2.98e-08 1.86e-09   1.28733196e+09  1.28733087e+09  1.35e-02       3s
  33   2.98e-08 1.86e-09   1.28733118e+09  1.28733091e+09  3.43e-03       3s
  34   2.98e-08 1.86e-09   1.28733095e+09  1.28733091e+09  4.67e-04       3s
  35   7.08e-08 9.31e-10   1.28733092e+09  1.28733091e+09  4.77e-05       3s
  36*  1.64e-07 9.31e-10   1.28733091e+09  1.28733091e+09  7.22e-06       3s
Summary
    Runtime:                                            3.45s
    Status interior point solve:                        optimal
    Status crossover:                                   not run
    objective value:                                    1.28733091e+09
    interior solution primal residual (abs/rel):        1.81e-07 / 1.24e-15
    interior solution dual residual (abs/rel):          9.31e-10 / 1.10e-16
    interior solution objective gap (abs/rel):          5.36e-01 / 4.16e-10
Ipx: IPM       optimal
Model   status      : Optimal
IPM       iterations: 36
Objective value     :  1.3100309883e+09
HiGHS run time      :          4.07
Presolving model
49911 rows, 158409 cols, 360128 nonzeros
38719 rows, 103293 cols, 252031 nonzeros
38664 rows, 50040 cols, 145251 nonzeros
36284 rows, 47559 cols, 140235 nonzeros
Presolve : Reductions: rows 36284(-799217); columns 47559(-519223); elements 140235(-2169053)
Solving the presolved LP
IPX model has 36284 rows, 47559 columns and 140235 nonzeros
Input
    Number of variables:                                47559
    Number of free variables:                           0
    Number of constraints:                              36284
    Number of equality constraints:                     5344
    Number of matrix entries:                           140235
    Matrix range:                                       [1e-02, 1e+00]
    RHS range:                                          [2e+05, 1e+07]
    Objective range:                                    [4e-04, 8e+06]
    Bounds range:                                       [2e+05, 1e+08]
Preprocessing
    Dualized model:                                     no
    Number of dense columns:                            0
    Range of scaling factors:                           [1.00e+00, 2.00e+00]
IPX version 1.0
Interior Point Solve
 Iter     P.res    D.res            P.obj           D.obj        mu     Time
   0   3.72e+06 3.23e+05   9.77265217e+12 -4.30290176e+16  1.92e+12       0s
   1   9.57e+05 2.21e+05   8.05894631e+15 -2.97878099e+16  1.15e+12       0s
   2   4.30e+05 1.19e+05   1.12410228e+16 -1.69700430e+16  7.86e+11       0s
   3   1.61e+05 2.99e+04   8.27807323e+15 -4.45592460e+15  2.59e+11       0s
   4   4.93e+04 6.16e+03   4.29084142e+15 -9.66208141e+14  8.10e+10       0s
   5   1.30e+04 1.65e+03   1.72459596e+15 -2.89145283e+14  2.74e+10       0s
   6   4.01e+03 4.34e+02   5.76513950e+14 -8.57686051e+13  8.65e+09       1s
 Constructing starting basis...
   7   1.13e+03 8.84e+01   1.86266805e+14 -2.44221853e+13  2.84e+09       1s
   8   6.72e+02 6.05e+01   1.52394313e+14 -1.59205737e+13  2.27e+09       1s
   9   2.68e+02 3.54e+01   6.99172749e+13 -8.55958481e+12  1.07e+09       1s
  10   1.69e+02 2.43e+01   4.83637157e+13 -5.94038890e+12  7.39e+08       1s
  11   8.81e+01 1.65e+01   2.87157283e+13 -4.10905890e+12  4.51e+08       2s
  12   5.60e+01 6.45e+00   1.92144799e+13 -1.69108109e+12  2.79e+08       2s
  13   3.26e+01 4.32e-01   1.16025044e+13 -1.53229857e+11  1.51e+08       2s
  14   1.38e+01 1.18e-01   5.97538991e+12 -8.42083976e+10  7.74e+07       2s
  15   1.72e-01 3.26e-02   9.89539798e+11 -4.30753279e+10  1.32e+07       2s
  16   2.15e-02 8.36e-03   2.26462931e+11 -1.24894357e+10  3.06e+06       2s
  17   5.86e-03 1.92e-03   6.88962432e+10 -2.07610759e+09  8.94e+05       2s
  18   1.81e-03 2.81e-04   2.54449409e+10  6.14220904e+08  3.10e+05       2s
  19   4.99e-04 6.04e-05   1.32466772e+10  9.25110569e+08  1.53e+05       2s
  20   9.63e-05 1.18e-05   4.00143130e+09  1.15154836e+09  3.54e+04       2s
  21   2.07e-05 4.73e-06   1.91640458e+09  1.19633391e+09  8.95e+03       2s
  22   7.48e-06 1.82e-06   1.59108765e+09  1.21511323e+09  4.67e+03       2s
  23   1.34e-06 8.00e-07   1.36386058e+09  1.22368439e+09  1.74e+03       3s
  24   4.77e-07 3.12e-07   1.29078645e+09  1.22931705e+09  7.64e+02       3s
  25   1.49e-07 1.60e-07   1.24963508e+09  1.23133104e+09  2.27e+02       3s
  26   5.96e-08 5.40e-08   1.24104008e+09  1.23275421e+09  1.03e+02       3s
  27   2.98e-08 1.30e-08   1.23649877e+09  1.23331036e+09  3.96e+01       3s
  28   2.98e-08 2.79e-09   1.23414780e+09  1.23349611e+09  8.10e+00       3s
  29   2.98e-08 1.86e-09   1.23359082e+09  1.23353575e+09  6.84e-01       3s
  30   3.73e-08 1.86e-09   1.23354072e+09  1.23353888e+09  2.28e-02       3s
  31   2.98e-08 1.86e-09   1.23353953e+09  1.23353928e+09  3.12e-03       3s
  32   2.98e-08 1.86e-09   1.23353937e+09  1.23353933e+09  4.46e-04       3s
  33   4.84e-08 9.31e-10   1.23353934e+09  1.23353934e+09  4.82e-05       3s
  34*  1.30e-07 9.31e-10   1.23353934e+09  1.23353934e+09  4.69e-06       3s
Summary
    Runtime:                                            3.36s
    Status interior point solve:                        optimal
    Status crossover:                                   not run
    objective value:                                    1.23353934e+09
    interior solution primal residual (abs/rel):        1.02e-07 / 7.02e-16
    interior solution dual residual (abs/rel):          9.31e-10 / 1.10e-16
    interior solution objective gap (abs/rel):          3.00e-01 / 2.43e-10
Ipx: IPM       optimal
Model   status      : Optimal
IPM       iterations: 34
Objective value     :  1.2562394165e+09
HiGHS run time      :          3.98
Presolving model
49911 rows, 158409 cols, 360128 nonzeros
38719 rows, 103293 cols, 252031 nonzeros
38664 rows, 50040 cols, 145251 nonzeros
36284 rows, 47559 cols, 140235 nonzeros
Presolve : Reductions: rows 36284(-801722); columns 47559(-519223); elements 140235(-2171558)
Solving the presolved LP
IPX model has 36284 rows, 47559 columns and 140235 nonzeros
Input
    Number of variables:                                47559
    Number of free variables:                           0
    Number of constraints:                              36284
    Number of equality constraints:                     5344
    Number of matrix entries:                           140235
    Matrix range:                                       [1e-02, 1e+00]
    RHS range:                                          [2e+05, 1e+07]
    Objective range:                                    [4e-04, 8e+06]
    Bounds range:                                       [2e+05, 1e+08]
Preprocessing
    Dualized model:                                     no
    Number of dense columns:                            0
    Range of scaling factors:                           [1.00e+00, 2.00e+00]
IPX version 1.0
Interior Point Solve
 Iter     P.res    D.res            P.obj           D.obj        mu     Time
   0   3.72e+06 3.23e+05   9.77265217e+12 -4.30290176e+16  1.92e+12       0s
   1   9.57e+05 2.21e+05   8.05894631e+15 -2.97878099e+16  1.15e+12       0s
   2   4.30e+05 1.19e+05   1.12410228e+16 -1.69700430e+16  7.86e+11       0s
   3   1.61e+05 2.99e+04   8.27807323e+15 -4.45592460e+15  2.59e+11       0s
   4   4.93e+04 6.16e+03   4.29084142e+15 -9.66208141e+14  8.10e+10       0s
   5   1.30e+04 1.65e+03   1.72459596e+15 -2.89145283e+14  2.74e+10       0s
   6   4.01e+03 4.34e+02   5.76513950e+14 -8.57686051e+13  8.65e+09       1s
 Constructing starting basis...
   7   1.13e+03 8.84e+01   1.86266805e+14 -2.44221853e+13  2.84e+09       1s
   8   6.72e+02 6.05e+01   1.52394313e+14 -1.59205737e+13  2.27e+09       1s
   9   2.68e+02 3.54e+01   6.99172749e+13 -8.55958481e+12  1.07e+09       1s
  10   1.69e+02 2.43e+01   4.83637157e+13 -5.94038890e+12  7.39e+08       1s
  11   8.81e+01 1.65e+01   2.87157283e+13 -4.10905890e+12  4.51e+08       2s
  12   5.60e+01 6.45e+00   1.92144799e+13 -1.69108109e+12  2.79e+08       2s
  13   3.26e+01 4.32e-01   1.16025044e+13 -1.53229857e+11  1.51e+08       2s
  14   1.38e+01 1.18e-01   5.97538991e+12 -8.42083976e+10  7.74e+07       2s
  15   1.72e-01 3.26e-02   9.89539798e+11 -4.30753279e+10  1.32e+07       2s
  16   2.15e-02 8.36e-03   2.26462931e+11 -1.24894357e+10  3.06e+06       2s
  17   5.86e-03 1.92e-03   6.88962432e+10 -2.07610759e+09  8.94e+05       2s
  18   1.81e-03 2.81e-04   2.54449409e+10  6.14220904e+08  3.10e+05       2s
  19   4.99e-04 6.04e-05   1.32466772e+10  9.25110569e+08  1.53e+05       2s
  20   9.63e-05 1.18e-05   4.00143130e+09  1.15154836e+09  3.54e+04       2s
  21   2.07e-05 4.73e-06   1.91640458e+09  1.19633391e+09  8.95e+03       2s
  22   7.48e-06 1.82e-06   1.59108765e+09  1.21511323e+09  4.67e+03       3s
  23   1.34e-06 8.00e-07   1.36386058e+09  1.22368439e+09  1.74e+03       3s
  24   4.77e-07 3.12e-07   1.29078645e+09  1.22931705e+09  7.64e+02       3s
  25   1.49e-07 1.60e-07   1.24963508e+09  1.23133104e+09  2.27e+02       3s
  26   5.96e-08 5.40e-08   1.24104008e+09  1.23275421e+09  1.03e+02       3s
  27   2.98e-08 1.30e-08   1.23649877e+09  1.23331036e+09  3.96e+01       3s
  28   2.98e-08 2.79e-09   1.23414780e+09  1.23349611e+09  8.10e+00       3s
  29   2.98e-08 1.86e-09   1.23359082e+09  1.23353575e+09  6.84e-01       3s
  30   3.73e-08 1.86e-09   1.23354072e+09  1.23353888e+09  2.28e-02       3s
  31   2.98e-08 1.86e-09   1.23353953e+09  1.23353928e+09  3.12e-03       3s
  32   2.98e-08 1.86e-09   1.23353937e+09  1.23353933e+09  4.46e-04       3s
  33   4.84e-08 9.31e-10   1.23353934e+09  1.23353934e+09  4.82e-05       3s
  34*  1.30e-07 9.31e-10   1.23353934e+09  1.23353934e+09  4.69e-06       3s
Summary
    Runtime:                                            3.37s
    Status interior point solve:                        optimal
    Status crossover:                                   not run
    objective value:                                    1.23353934e+09
    interior solution primal residual (abs/rel):        1.02e-07 / 7.02e-16
    interior solution dual residual (abs/rel):          9.31e-10 / 1.10e-16
    interior solution objective gap (abs/rel):          3.00e-01 / 2.43e-10
Ipx: IPM       optimal
Model   status      : Optimal
IPM       iterations: 34
Objective value     :  1.2562394165e+09
HiGHS run time      :          4.01
Running HiGHS 1.6.0: Copyright (c) 2023 HiGHS under MIT licence terms
Presolving model
50707 rows, 160461 cols, 365049 nonzeros
39485 rows, 105348 cols, 256917 nonzeros
39420 rows, 51816 cols, 148818 nonzeros
37063 rows, 48564 cols, 142272 nonzeros
Presolve : Reductions: rows 37063(-791138); columns 48564(-518433); elements 142272(-2164346)
Solving the presolved LP
IPX model has 37063 rows, 48564 columns and 142272 nonzeros
Input
    Number of variables:                                48564
    Number of free variables:                           0
    Number of constraints:                              37063
    Number of equality constraints:                     5537
    Number of matrix entries:                           142272
    Matrix range:                                       [1e-02, 1e+00]
    RHS range:                                          [3e+05, 6e+07]
    Objective range:                                    [3e-04, 2e+06]
    Bounds range:                                       [5e+04, 1e+08]
Preprocessing
    Dualized model:                                     no
    Number of dense columns:                            0
    Range of scaling factors:                           [1.00e+00, 2.00e+00]
IPX version 1.0
Interior Point Solve
 Iter     P.res    D.res            P.obj           D.obj        mu     Time
   0   7.99e+06 2.00e+05   3.26916763e+13 -3.08196482e+16  2.07e+12       0s
   1   1.93e+06 1.35e+05   7.30171822e+15 -2.14038784e+16  1.26e+12       0s
   2   9.07e+05 7.12e+04   1.00910510e+16 -1.28861653e+16  8.81e+11       0s
   3   2.95e+05 2.14e+04   8.03826406e+15 -4.25740196e+15  3.12e+11       0s
   4   6.86e+04 3.90e+03   4.38117663e+15 -8.58002219e+14  8.36e+10       0s
   5   3.30e+04 1.25e+03   2.53557810e+15 -3.11430504e+14  3.90e+10       0s
   6   1.02e+04 4.12e+02   1.09028868e+15 -1.23851405e+14  1.54e+10       1s
 Constructing starting basis...
   7   3.41e+03 1.76e+02   4.39905623e+14 -5.16279153e+13  6.51e+09       1s
   8   8.58e+02 1.02e+02   3.16091327e+14 -1.34971494e+13  4.39e+09       1s
   9   4.91e+02 6.14e+01   2.20396727e+14  5.82171014e+12  2.84e+09       2s
  10   4.56e+02 5.89e+01   2.19570052e+14  6.94845661e+12  2.82e+09       2s
  11   2.82e+02 4.24e+01   1.59755923e+14  1.45601158e+13  1.94e+09       2s
  12   3.55e+01 1.93e+01   8.47778653e+13  2.56710134e+13  8.12e+08       2s
  13   2.97e+01 1.33e+01   7.95071277e+13  2.86129203e+13  6.85e+08       2s
  14   2.76e+01 1.05e+01   7.87358740e+13  3.00321354e+13  6.46e+08       2s
  15   1.97e+01 2.12e+00   7.12461281e+13  3.50417122e+13  4.50e+08       2s
  16   3.30e+00 3.56e-01   4.77148213e+13  3.70325399e+13  1.32e+08       3s
  17   6.36e-01 8.77e-02   4.01774588e+13  3.76800917e+13  3.09e+07       3s
  18   1.56e-01 2.94e-02   3.85773283e+13  3.78205653e+13  9.40e+06       3s
  19   5.86e-02 8.46e-03   3.82035877e+13  3.78731431e+13  4.06e+06       3s
  20   5.53e-02 8.05e-03   3.81955676e+13  3.78737741e+13  3.96e+06       3s
  21   2.94e-02 2.90e-03   3.81473594e+13  3.78828812e+13  3.23e+06       3s
  22   5.19e-03 1.48e-03   3.80083193e+13  3.78904690e+13  1.44e+06       3s
  23   2.15e-03 5.11e-04   3.79510179e+13  3.78978167e+13  6.46e+05       3s
  24   1.24e-03 1.18e-04   3.79347483e+13  3.79006422e+13  4.12e+05       4s
  25   3.80e-04 2.16e-05   3.79124798e+13  3.79018928e+13  1.28e+05       4s
  26   1.03e-04 7.13e-06   3.79051718e+13  3.79021012e+13  3.71e+04       4s
  27   4.93e-05 2.89e-06   3.79039373e+13  3.79021495e+13  2.16e+04       4s
  28   4.71e-05 2.46e-06   3.79039238e+13  3.79021513e+13  2.14e+04       4s
  29   1.23e-05 1.16e-06   3.79027418e+13  3.79021901e+13  6.66e+03       4s
  30   3.87e-06 4.35e-07   3.79024593e+13  3.79022114e+13  2.99e+03       4s
  31   1.40e-06 1.96e-07   3.79023276e+13  3.79022213e+13  1.28e+03       5s
  32   5.07e-07 8.89e-08   3.79022727e+13  3.79022263e+13  5.60e+02       5s
  33   1.49e-07 5.45e-08   3.79022512e+13  3.79022279e+13  2.81e+02       5s
  34   5.96e-08 2.24e-08   3.79022414e+13  3.79022296e+13  1.43e+02       5s
  35   2.98e-08 9.55e-09   3.79022358e+13  3.79022305e+13  6.43e+01       5s
  36   2.98e-08 3.96e-09   3.79022334e+13  3.79022309e+13  3.04e+01       5s
  37   2.98e-08 4.66e-10   3.79022318e+13  3.79022311e+13  8.18e+00       5s
  38   3.35e-08 3.49e-10   3.79022314e+13  3.79022311e+13  3.08e+00       5s
  39   3.35e-08 4.66e-10   3.79022312e+13  3.79022311e+13  1.14e+00       5s
  40*  2.98e-08 4.66e-10   3.79022312e+13  3.79022311e+13  1.92e-01       5s
Summary
    Runtime:                                            5.36s
    Status interior point solve:                        optimal
    Status crossover:                                   not run
    objective value:                                    3.79022312e+13
    interior solution primal residual (abs/rel):        4.47e-08 / 3.06e-16
    interior solution dual residual (abs/rel):          4.66e-10 / 2.42e-16
    interior solution objective gap (abs/rel):          1.59e+04 / 4.19e-10
Ipx: IPM       optimal
Model   status      : Optimal
IPM       iterations: 40
Objective value     :  3.9821854579e+13
HiGHS run time      :          6.07
Presolving model
50707 rows, 160461 cols, 365049 nonzeros
39485 rows, 105348 cols, 256917 nonzeros
39420 rows, 51816 cols, 148818 nonzeros
37063 rows, 48564 cols, 142272 nonzeros
Presolve : Reductions: rows 37063(-793643); columns 48564(-518433); elements 142272(-2166851)
Solving the presolved LP
IPX model has 37063 rows, 48564 columns and 142272 nonzeros
Input
    Number of variables:                                48564
    Number of free variables:                           0
    Number of constraints:                              37063
    Number of equality constraints:                     5537
    Number of matrix entries:                           142272
    Matrix range:                                       [1e-02, 1e+00]
    RHS range:                                          [3e+05, 6e+07]
    Objective range:                                    [3e-04, 2e+06]
    Bounds range:                                       [5e+04, 1e+08]
Preprocessing
    Dualized model:                                     no
    Number of dense columns:                            0
    Range of scaling factors:                           [1.00e+00, 2.00e+00]
IPX version 1.0
Interior Point Solve
 Iter     P.res    D.res            P.obj           D.obj        mu     Time
   0   8.00e+06 1.99e+05   7.48563176e+12 -3.10697036e+16  2.07e+12       0s
   1   1.93e+06 1.34e+05   6.95668715e+15 -2.15854042e+16  1.26e+12       0s
   2   9.12e+05 7.13e+04   9.66604079e+15 -1.30246587e+16  8.83e+11       0s
   3   2.88e+05 2.11e+04   7.70730254e+15 -4.26263708e+15  3.08e+11       0s
   4   6.75e+04 3.84e+03   4.18274623e+15 -8.72415567e+14  8.14e+10       0s
   5   3.33e+04 1.26e+03   2.42452464e+15 -3.36860500e+14  3.82e+10       0s
   6   7.44e+03 4.07e+02   8.41346361e+14 -1.48309300e+14  1.26e+10       1s
 Constructing starting basis...
   7   2.47e+03 1.56e+02   3.57598765e+14 -7.29995123e+13  5.74e+09       1s
   8   1.68e+03 1.00e+02   2.99728467e+14 -4.61554671e+13  4.57e+09       1s
   9   7.56e+02 6.41e+01   1.56387157e+14 -2.82759604e+13  2.47e+09       1s
  10   2.06e+02 3.32e+01   6.96291579e+13 -1.61044032e+13  1.17e+09       2s
  11   5.45e+01 8.69e+00   2.08480151e+13 -4.14143486e+12  3.37e+08       2s
  12   1.30e+01 1.03e+00   7.60674637e+12 -6.35814946e+11  1.04e+08       2s
  13   4.85e+00 2.71e-01   3.02229892e+12 -1.76187936e+11  3.98e+07       2s
  14   2.53e+00 1.50e-01   1.68789343e+12 -1.02350821e+11  2.23e+07       2s
  15   3.49e-01 8.81e-02   9.35599394e+11 -7.72642712e+10  1.30e+07       2s
  16   1.28e-01 1.84e-02   5.85354281e+11 -2.90243143e+10  7.62e+06       2s
  17   3.83e-02 8.51e-03   2.63560025e+11 -1.47666522e+10  3.46e+06       2s
  18   1.72e-02 1.82e-03   1.62046493e+11 -3.32104747e+09  2.02e+06       3s
  19   8.79e-03 7.98e-04   8.58789645e+10  3.96644180e+08  1.04e+06       3s
  20   2.72e-03 1.28e-04   4.27799963e+10  2.00407059e+09  4.93e+05       3s
  21   6.97e-04 2.40e-05   1.50724457e+10  2.98334442e+09  1.46e+05       3s
  22   2.50e-04 1.53e-05   1.04816187e+10  3.05696693e+09  8.96e+04       3s
  23   1.39e-04 1.12e-05   7.63941745e+09  3.13686432e+09  5.44e+04       3s
  24   1.24e-04 1.05e-05   7.54072820e+09  3.14369812e+09  5.31e+04       3s
  25   4.44e-05 3.40e-06   4.94586382e+09  3.30642833e+09  1.98e+04       3s
  26   9.06e-06 1.36e-06   4.07297734e+09  3.34467631e+09  8.79e+03       3s
  27   5.22e-08 6.42e-07   3.64974484e+09  3.36485327e+09  3.44e+03       4s
  28   2.98e-08 2.35e-07   3.50302320e+09  3.38518008e+09  1.42e+03       4s
  29   2.98e-08 1.02e-07   3.43377288e+09  3.39195371e+09  5.05e+02       4s
  30   3.30e-08 4.59e-08   3.41787301e+09  3.39506660e+09  2.75e+02       4s
  31   4.92e-08 1.12e-08   3.40472792e+09  3.39733806e+09  8.92e+01       4s
  32   4.84e-08 1.86e-09   3.40043928e+09  3.39805373e+09  2.88e+01       4s
  33   5.22e-08 6.98e-10   3.39872961e+09  3.39815186e+09  6.97e+00       4s
  34   2.98e-08 4.66e-10   3.39823357e+09  3.39816790e+09  7.93e-01       4s
  35   2.98e-08 2.33e-10   3.39819045e+09  3.39817615e+09  1.73e-01       4s
  36   4.10e-08 4.66e-10   3.39817781e+09  3.39817724e+09  6.81e-03       4s
  37   3.65e-08 4.66e-10   3.39817743e+09  3.39817738e+09  5.91e-04       4s
  38   4.84e-08 4.66e-10   3.39817740e+09  3.39817739e+09  5.00e-05       5s
  39*  1.23e-07 2.33e-10   3.39817739e+09  3.39817739e+09  6.51e-06       5s
Summary
    Runtime:                                            4.61s
    Status interior point solve:                        optimal
    Status crossover:                                   not run
    objective value:                                    3.39817739e+09
    interior solution primal residual (abs/rel):        1.49e-07 / 1.02e-15
    interior solution dual residual (abs/rel):          2.33e-10 / 1.21e-16
    interior solution objective gap (abs/rel):          5.00e-01 / 1.47e-10
Ipx: IPM       optimal
Model   status      : Optimal
IPM       iterations: 39
Objective value     :  3.4202925343e+09
HiGHS run time      :          5.27
Presolving model
50707 rows, 160461 cols, 365049 nonzeros
39485 rows, 105348 cols, 256917 nonzeros
39420 rows, 51816 cols, 148818 nonzeros
37063 rows, 48564 cols, 142272 nonzeros
Presolve : Reductions: rows 37063(-796148); columns 48564(-518433); elements 142272(-2169356)
Solving the presolved LP
IPX model has 37063 rows, 48564 columns and 142272 nonzeros
Input
    Number of variables:                                48564
    Number of free variables:                           0
    Number of constraints:                              37063
    Number of equality constraints:                     5537
    Number of matrix entries:                           142272
    Matrix range:                                       [1e-02, 1e+00]
    RHS range:                                          [3e+05, 6e+07]
    Objective range:                                    [3e-04, 2e+06]
    Bounds range:                                       [5e+04, 1e+08]
Preprocessing
    Dualized model:                                     no
    Number of dense columns:                            0
    Range of scaling factors:                           [1.00e+00, 2.00e+00]
IPX version 1.0
Interior Point Solve
 Iter     P.res    D.res            P.obj           D.obj        mu     Time
   0   8.00e+06 2.00e+05   1.20298956e+13 -3.10321074e+16  2.07e+12       0s
   1   1.93e+06 1.34e+05   7.03435508e+15 -2.15484432e+16  1.26e+12       0s
   2   9.12e+05 7.13e+04   9.76617760e+15 -1.29940862e+16  8.83e+11       0s
   3   2.83e+05 2.12e+04   7.77703065e+15 -4.27664812e+15  3.09e+11       0s
   4   6.45e+04 3.88e+03   4.21109118e+15 -8.78237024e+14  8.16e+10       0s
   5   3.17e+04 1.27e+03   2.43761722e+15 -3.35554689e+14  3.81e+10       0s
   6   8.19e+03 4.07e+02   9.24132302e+14 -1.47487307e+14  1.36e+10       1s
 Constructing starting basis...
   7   2.78e+03 1.51e+02   3.83710108e+14 -7.17387932e+13  6.02e+09       1s
   8   1.47e+03 1.01e+02   2.90078742e+14 -4.62410897e+13  4.46e+09       1s
   9   6.07e+02 6.90e+01   1.45184793e+14 -2.95646064e+13  2.37e+09       2s
  10   1.10e+02 2.35e+01   5.23496080e+13 -1.03084217e+13  8.52e+08       2s
  11   3.78e+01 2.27e+00   2.13946486e+13 -1.31343306e+12  2.84e+08       2s
  12   1.02e+01 4.08e-01   6.65922169e+12 -2.74915717e+11  8.57e+07       2s
  13   3.53e+00 1.03e-01   2.56302143e+12 -8.12413712e+10  3.25e+07       2s
  14   1.44e+00 4.74e-02   1.58875655e+12 -6.06986900e+10  2.04e+07       2s
  15   5.53e-01 1.26e-02   6.45874657e+11 -1.60220945e+10  8.12e+06       2s
  16   2.49e-01 2.62e-03   3.23367746e+11 -3.32599853e+09  3.97e+06       2s
  17   1.41e-01 8.80e-04   2.28376158e+11 -2.50852935e+09  2.80e+06       2s
  18   3.02e-02 1.79e-04   6.31313896e+10  9.69807091e+08  7.52e+05       2s
  19   1.24e-02 5.20e-05   2.93815963e+10  1.96170088e+09  3.31e+05       3s
  20   4.06e-03 1.92e-05   1.59400776e+10  2.17633991e+09  1.66e+05       3s
  21   2.48e-03 8.50e-06   1.13248970e+10  2.37922620e+09  1.08e+05       3s
  22   5.42e-04 4.19e-06   7.66271189e+09  2.40236798e+09  6.35e+04       3s
  23   2.35e-04 1.26e-06   4.83511452e+09  2.55584289e+09  2.75e+04       3s
  24   4.61e-05 4.53e-07   3.32720696e+09  2.59221597e+09  8.87e+03       3s
  25   1.34e-05 2.47e-07   2.91001582e+09  2.60830472e+09  3.64e+03       3s
  26   5.90e-06 1.01e-07   2.76481429e+09  2.62311539e+09  1.71e+03       3s
  27   1.22e-06 2.51e-08   2.68017198e+09  2.63048473e+09  6.00e+02       3s
  28   3.58e-07 9.55e-09   2.65363285e+09  2.63259639e+09  2.54e+02       4s
  29   5.96e-08 3.03e-09   2.63897493e+09  2.63378132e+09  6.27e+01       4s
  30   3.35e-08 1.16e-09   2.63548749e+09  2.63422877e+09  1.52e+01       4s
  31   4.10e-08 4.66e-10   2.63460744e+09  2.63440228e+09  2.48e+00       4s
  32   4.10e-08 4.66e-10   2.63447957e+09  2.63445448e+09  3.03e-01       4s
  33   2.98e-08 4.66e-10   2.63446408e+09  2.63445938e+09  5.67e-02       4s
  34   3.21e-08 4.66e-10   2.63445982e+09  2.63445963e+09  2.22e-03       4s
  35   4.10e-08 4.66e-10   2.63445967e+09  2.63445967e+09  9.88e-05       4s
  36*  1.90e-07 2.33e-10   2.63445967e+09  2.63445967e+09  1.09e-05       4s
Summary
    Runtime:                                            4.22s
    Status interior point solve:                        optimal
    Status crossover:                                   not run
    objective value:                                    2.63445967e+09
    interior solution primal residual (abs/rel):        2.09e-07 / 1.43e-15
    interior solution dual residual (abs/rel):          2.33e-10 / 1.21e-16
    interior solution objective gap (abs/rel):          9.34e-01 / 3.55e-10
Ipx: IPM       optimal
Model   status      : Optimal
IPM       iterations: 36
Objective value     :  2.6565748114e+09
HiGHS run time      :          4.88
Presolving model
50707 rows, 160461 cols, 365049 nonzeros
39485 rows, 105348 cols, 256917 nonzeros
39420 rows, 51816 cols, 148818 nonzeros
37063 rows, 48564 cols, 142272 nonzeros
Presolve : Reductions: rows 37063(-798653); columns 48564(-518433); elements 142272(-2171861)
Solving the presolved LP
IPX model has 37063 rows, 48564 columns and 142272 nonzeros
Input
    Number of variables:                                48564
    Number of free variables:                           0
    Number of constraints:                              37063
    Number of equality constraints:                     5537
    Number of matrix entries:                           142272
    Matrix range:                                       [1e-02, 1e+00]
    RHS range:                                          [3e+05, 6e+07]
    Objective range:                                    [3e-04, 2e+06]
    Bounds range:                                       [5e+04, 1e+08]
Preprocessing
    Dualized model:                                     no
    Number of dense columns:                            0
    Range of scaling factors:                           [1.00e+00, 2.00e+00]
IPX version 1.0
Interior Point Solve
 Iter     P.res    D.res            P.obj           D.obj        mu     Time
   0   8.00e+06 2.00e+05   1.20995468e+13 -3.10314460e+16  2.07e+12       0s
   1   1.93e+06 1.34e+05   7.03477684e+15 -2.15474437e+16  1.26e+12       0s
   2   9.12e+05 7.13e+04   9.76693154e+15 -1.29933243e+16  8.83e+11       0s
   3   2.83e+05 2.12e+04   7.77972219e+15 -4.28212041e+15  3.09e+11       0s
   4   6.79e+04 3.89e+03   4.27253346e+15 -8.80831261e+14  8.28e+10       0s
   5   3.32e+04 1.27e+03   2.46472300e+15 -3.36450928e+14  3.86e+10       0s
   6   8.59e+03 4.13e+02   9.37820337e+14 -1.49450637e+14  1.38e+10       1s
 Constructing starting basis...
   7   2.87e+03 1.61e+02   3.76567652e+14 -7.44287485e+13  5.99e+09       1s
   8   1.45e+03 1.07e+02   2.85569373e+14 -4.73832583e+13  4.44e+09       1s
   9   6.08e+02 7.17e+01   1.43973067e+14 -2.99783237e+13  2.37e+09       2s
  10   8.66e+01 2.45e+01   4.62073618e+13 -1.04174044e+13  7.81e+08       2s
  11   2.56e+01 1.86e+00   1.76331910e+13 -1.12187571e+12  2.34e+08       2s
  12   9.37e+00 5.58e-01   6.94049813e+12 -3.55489801e+11  9.05e+07       2s
  13   3.17e+00 1.75e-01   2.54260222e+12 -1.16388050e+11  3.29e+07       2s
  14   1.86e+00 8.96e-02   2.03386885e+12 -9.00200219e+10  2.63e+07       2s
  15   3.99e-01 2.45e-02   7.17339327e+11 -3.49710720e+10  9.32e+06       2s
  16   1.76e-01 9.48e-03   3.44741551e+11 -1.32723737e+10  4.41e+06       2s
  17   7.18e-02 3.14e-03   1.88473338e+11 -5.08013285e+09  2.37e+06       2s
  18   2.36e-02 1.38e-03   8.91072669e+10 -1.76032742e+09  1.11e+06       3s
  19   4.95e-03 2.25e-04   3.20777258e+10  1.28738087e+09  3.73e+05       3s
  20   1.47e-03 1.10e-04   1.57461688e+10  1.78850430e+09  1.69e+05       3s
  21   8.14e-04 4.15e-05   1.04080163e+10  2.24519590e+09  9.86e+04       3s
  22   6.85e-05 2.14e-05   7.00306628e+09  2.31429872e+09  5.66e+04       3s
  23   3.16e-05 5.35e-06   4.69891903e+09  2.51744886e+09  2.63e+04       3s
  24   1.07e-05 2.43e-06   3.44459060e+09  2.55549047e+09  1.07e+04       3s
  25   3.49e-06 1.25e-06   2.94453865e+09  2.57472620e+09  4.46e+03       3s
  26   1.49e-06 4.55e-07   2.76356603e+09  2.59079267e+09  2.09e+03       3s
  27   2.68e-07 1.22e-07   2.66126567e+09  2.59722971e+09  7.73e+02       4s
  28   8.94e-08 4.68e-08   2.62585832e+09  2.59989289e+09  3.13e+02       4s
  29   4.47e-08 1.00e-08   2.60894465e+09  2.60141352e+09  9.09e+01       4s
  30   5.22e-08 1.86e-09   2.60382447e+09  2.60199014e+09  2.21e+01       4s
  31   3.17e-08 6.98e-10   2.60255302e+09  2.60209426e+09  5.54e+00       4s
  32   2.98e-08 4.66e-10   2.60221196e+09  2.60211376e+09  1.19e+00       4s
  33   3.73e-08 4.66e-10   2.60212236e+09  2.60211744e+09  5.95e-02       4s
  34   4.84e-08 4.66e-10   2.60211825e+09  2.60211795e+09  3.60e-03       4s
  35   5.80e-08 2.33e-10   2.60211806e+09  2.60211799e+09  8.13e-04       4s
  36   4.84e-08 4.66e-10   2.60211800e+09  2.60211800e+09  7.56e-05       4s
  37*  4.84e-08 2.33e-10   2.60211800e+09  2.60211800e+09  1.26e-05       4s
Summary
    Runtime:                                            4.30s
    Status interior point solve:                        optimal
    Status crossover:                                   not run
    objective value:                                    2.60211800e+09
    interior solution primal residual (abs/rel):        4.17e-07 / 2.86e-15
    interior solution dual residual (abs/rel):          2.33e-10 / 1.21e-16
    interior solution objective gap (abs/rel):          9.85e-01 / 3.79e-10
Ipx: IPM       optimal
Model   status      : Optimal
IPM       iterations: 37
Objective value     :  2.6242331416e+09
HiGHS run time      :          4.95
Presolving model
50707 rows, 160461 cols, 365049 nonzeros
39485 rows, 105348 cols, 256917 nonzeros
39420 rows, 51816 cols, 148818 nonzeros
37063 rows, 48564 cols, 142272 nonzeros
Presolve : Reductions: rows 37063(-801158); columns 48564(-518433); elements 142272(-2174366)
Solving the presolved LP
IPX model has 37063 rows, 48564 columns and 142272 nonzeros
Input
    Number of variables:                                48564
    Number of free variables:                           0
    Number of constraints:                              37063
    Number of equality constraints:                     5537
    Number of matrix entries:                           142272
    Matrix range:                                       [1e-02, 1e+00]
    RHS range:                                          [3e+05, 6e+07]
    Objective range:                                    [3e-04, 2e+06]
    Bounds range:                                       [5e+04, 1e+08]
Preprocessing
    Dualized model:                                     no
    Number of dense columns:                            0
    Range of scaling factors:                           [1.00e+00, 2.00e+00]
IPX version 1.0
Interior Point Solve
 Iter     P.res    D.res            P.obj           D.obj        mu     Time
   0   8.00e+06 2.00e+05   1.21034318e+13 -3.10312499e+16  2.07e+12       0s
   1   1.93e+06 1.34e+05   7.03518010e+15 -2.15469051e+16  1.26e+12       0s
   2   9.12e+05 7.13e+04   9.76736814e+15 -1.29930213e+16  8.83e+11       0s
   3   2.83e+05 2.12e+04   7.77976325e+15 -4.28177841e+15  3.09e+11       0s
   4   6.77e+04 3.89e+03   4.27001433e+15 -8.81079154e+14  8.28e+10       0s
   5   3.32e+04 1.27e+03   2.46355899e+15 -3.36472972e+14  3.86e+10       0s
   6   7.51e+03 4.13e+02   8.71568271e+14 -1.49389851e+14  1.30e+10       1s
 Constructing starting basis...
   7   2.46e+03 1.59e+02   3.66424316e+14 -7.35736998e+13  5.85e+09       1s
   8   1.62e+03 1.01e+02   3.05038206e+14 -4.49213622e+13  4.61e+09       1s
   9   6.41e+02 6.06e+01   1.41620089e+14 -2.43187745e+13  2.22e+09       2s
  10   1.83e+02 2.15e+01   5.40053517e+13 -9.50553393e+12  8.47e+08       2s
  11   5.72e+01 2.30e+00   1.77888875e+13 -1.01639249e+12  2.36e+08       2s
  12   3.10e+01 6.45e-01   1.01538175e+13 -3.19658131e+11  1.30e+08       2s
  13   1.30e+01 2.56e-01   4.35107224e+12 -1.31716563e+11  5.54e+07       2s
  14   1.36e+00 8.59e-02   1.05498805e+12 -6.41410945e+10  1.40e+07       2s
  15   4.87e-01 3.43e-02   4.61906705e+11 -2.77309143e+10  6.13e+06       2s
  16   2.10e-01 2.00e-02   3.17811415e+11 -1.91633561e+10  4.24e+06       2s
  17   5.90e-02 3.84e-03   1.00565118e+11 -2.04321963e+09  1.26e+06       2s
  18   2.08e-02 6.84e-04   5.53701199e+10  6.01451503e+08  6.65e+05       2s
  19   7.60e-03 7.36e-05   2.52984239e+10  2.01797230e+09  2.81e+05       3s
  20   2.46e-03 3.33e-05   1.16457919e+10  2.22610993e+09  1.14e+05       3s
  21   8.41e-04 2.26e-05   9.27886087e+09  2.24097645e+09  8.50e+04       3s
  22   3.50e-04 7.87e-06   5.39412910e+09  2.42924446e+09  3.58e+04       3s
  23   1.08e-04 3.01e-06   3.75518808e+09  2.48276437e+09  1.54e+04       3s
  24   1.42e-05 1.49e-06   3.01169760e+09  2.50433759e+09  6.12e+03       3s
  25   3.22e-06 6.45e-07   2.69927876e+09  2.52643960e+09  2.09e+03       3s
  26   1.28e-06 2.45e-07   2.62177747e+09  2.53833075e+09  1.01e+03       3s
  27   5.36e-07 1.07e-07   2.58355696e+09  2.54300579e+09  4.89e+02       3s
  28   1.79e-07 4.24e-08   2.56135349e+09  2.54533769e+09  1.93e+02       4s
  29   5.96e-08 1.49e-08   2.55137267e+09  2.54647172e+09  5.91e+01       4s
  30   3.99e-08 2.79e-09   2.54823017e+09  2.54709320e+09  1.37e+01       4s
  31   2.98e-08 9.31e-10   2.54742400e+09  2.54718425e+09  2.89e+00       4s
  32   2.98e-08 4.66e-10   2.54726933e+09  2.54721748e+09  6.26e-01       4s
  33   2.98e-08 4.66e-10   2.54722469e+09  2.54721912e+09  6.71e-02       4s
  34   5.72e-08 4.66e-10   2.54721998e+09  2.54721953e+09  5.38e-03       4s
  35   3.35e-08 4.66e-10   2.54721967e+09  2.54721959e+09  9.61e-04       4s
  36   3.23e-08 2.33e-10   2.54721961e+09  2.54721960e+09  1.02e-04       4s
  37*  9.47e-08 2.33e-10   2.54721960e+09  2.54721960e+09  1.09e-05       4s
Summary
    Runtime:                                            4.19s
    Status interior point solve:                        optimal
    Status crossover:                                   not run
    objective value:                                    2.54721960e+09
    interior solution primal residual (abs/rel):        2.98e-07 / 2.04e-15
    interior solution dual residual (abs/rel):          2.33e-10 / 1.21e-16
    interior solution objective gap (abs/rel):          8.51e-01 / 3.34e-10
Ipx: IPM       optimal
Model   status      : Optimal
IPM       iterations: 37
Objective value     :  2.5693347442e+09
HiGHS run time      :          4.85
Presolving model
50707 rows, 160461 cols, 365049 nonzeros
39485 rows, 105348 cols, 256917 nonzeros
39420 rows, 51816 cols, 148818 nonzeros
37063 rows, 48564 cols, 142272 nonzeros
Presolve : Reductions: rows 37063(-803663); columns 48564(-518433); elements 142272(-2176871)
Solving the presolved LP
IPX model has 37063 rows, 48564 columns and 142272 nonzeros
Input
    Number of variables:                                48564
    Number of free variables:                           0
    Number of constraints:                              37063
    Number of equality constraints:                     5537
    Number of matrix entries:                           142272
    Matrix range:                                       [1e-02, 1e+00]
    RHS range:                                          [3e+05, 6e+07]
    Objective range:                                    [3e-04, 2e+06]
    Bounds range:                                       [5e+04, 1e+08]
Preprocessing
    Dualized model:                                     no
    Number of dense columns:                            0
    Range of scaling factors:                           [1.00e+00, 2.00e+00]
IPX version 1.0
Interior Point Solve
 Iter     P.res    D.res            P.obj           D.obj        mu     Time
   0   8.00e+06 2.00e+05   1.21034318e+13 -3.10312499e+16  2.07e+12       0s
   1   1.93e+06 1.34e+05   7.03518010e+15 -2.15469051e+16  1.26e+12       0s
   2   9.12e+05 7.13e+04   9.76736814e+15 -1.29930213e+16  8.83e+11       0s
   3   2.83e+05 2.12e+04   7.77976325e+15 -4.28177841e+15  3.09e+11       0s
   4   6.77e+04 3.89e+03   4.27001433e+15 -8.81079154e+14  8.28e+10       0s
   5   3.32e+04 1.27e+03   2.46355899e+15 -3.36472972e+14  3.86e+10       0s
   6   7.51e+03 4.13e+02   8.71568271e+14 -1.49389851e+14  1.30e+10       1s
 Constructing starting basis...
   7   2.46e+03 1.59e+02   3.66424316e+14 -7.35736998e+13  5.85e+09       1s
   8   1.62e+03 1.01e+02   3.05038206e+14 -4.49213622e+13  4.61e+09       1s
   9   6.41e+02 6.06e+01   1.41620089e+14 -2.43187745e+13  2.22e+09       1s
  10   1.83e+02 2.15e+01   5.40053517e+13 -9.50553393e+12  8.47e+08       2s
  11   5.72e+01 2.30e+00   1.77888875e+13 -1.01639249e+12  2.36e+08       2s
  12   3.10e+01 6.45e-01   1.01538175e+13 -3.19658131e+11  1.30e+08       2s
  13   1.30e+01 2.56e-01   4.35107224e+12 -1.31716563e+11  5.54e+07       2s
  14   1.36e+00 8.59e-02   1.05498805e+12 -6.41410945e+10  1.40e+07       2s
  15   4.87e-01 3.43e-02   4.61906705e+11 -2.77309143e+10  6.13e+06       2s
  16   2.10e-01 2.00e-02   3.17811415e+11 -1.91633561e+10  4.24e+06       2s
  17   5.90e-02 3.84e-03   1.00565118e+11 -2.04321963e+09  1.26e+06       2s
  18   2.08e-02 6.84e-04   5.53701199e+10  6.01451503e+08  6.65e+05       2s
  19   7.60e-03 7.36e-05   2.52984239e+10  2.01797230e+09  2.81e+05       3s
  20   2.46e-03 3.33e-05   1.16457919e+10  2.22610993e+09  1.14e+05       3s
  21   8.41e-04 2.26e-05   9.27886087e+09  2.24097645e+09  8.50e+04       3s
  22   3.50e-04 7.87e-06   5.39412910e+09  2.42924446e+09  3.58e+04       3s
  23   1.08e-04 3.01e-06   3.75518808e+09  2.48276437e+09  1.54e+04       3s
  24   1.42e-05 1.49e-06   3.01169760e+09  2.50433759e+09  6.12e+03       3s
  25   3.22e-06 6.45e-07   2.69927876e+09  2.52643960e+09  2.09e+03       3s
  26   1.28e-06 2.45e-07   2.62177747e+09  2.53833075e+09  1.01e+03       3s
  27   5.36e-07 1.07e-07   2.58355696e+09  2.54300579e+09  4.89e+02       3s
  28   1.79e-07 4.24e-08   2.56135349e+09  2.54533769e+09  1.93e+02       4s
  29   5.96e-08 1.49e-08   2.55137267e+09  2.54647172e+09  5.91e+01       4s
  30   3.99e-08 2.79e-09   2.54823017e+09  2.54709320e+09  1.37e+01       4s
  31   2.98e-08 9.31e-10   2.54742400e+09  2.54718425e+09  2.89e+00       4s
  32   2.98e-08 4.66e-10   2.54726933e+09  2.54721748e+09  6.26e-01       4s
  33   2.98e-08 4.66e-10   2.54722469e+09  2.54721912e+09  6.71e-02       4s
  34   5.72e-08 4.66e-10   2.54721998e+09  2.54721953e+09  5.38e-03       4s
  35   3.35e-08 4.66e-10   2.54721967e+09  2.54721959e+09  9.61e-04       4s
  36   3.23e-08 2.33e-10   2.54721961e+09  2.54721960e+09  1.02e-04       4s
  37*  9.47e-08 2.33e-10   2.54721960e+09  2.54721960e+09  1.09e-05       4s
Summary
    Runtime:                                            4.19s
    Status interior point solve:                        optimal
    Status crossover:                                   not run
    objective value:                                    2.54721960e+09
    interior solution primal residual (abs/rel):        2.98e-07 / 2.04e-15
    interior solution dual residual (abs/rel):          2.33e-10 / 1.21e-16
    interior solution objective gap (abs/rel):          8.51e-01 / 3.34e-10
Ipx: IPM       optimal
Model   status      : Optimal
IPM       iterations: 37
Objective value     :  2.5693347442e+09
HiGHS run time      :          4.85
Running HiGHS 1.6.0: Copyright (c) 2023 HiGHS under MIT licence terms
Presolving model
51661 rows, 164702 cols, 374545 nonzeros
40390 rows, 109558 cols, 266100 nonzeros
40304 rows, 54157 cols, 153507 nonzeros
37957 rows, 49755 cols, 144653 nonzeros
Presolve : Reductions: rows 37957(-790503); columns 49755(-517500); elements 144653(-2169610)
Solving the presolved LP
IPX model has 37957 rows, 49755 columns and 144653 nonzeros
Input
    Number of variables:                                49755
    Number of free variables:                           0
    Number of constraints:                              37957
    Number of equality constraints:                     5763
    Number of matrix entries:                           144653
    Matrix range:                                       [1e-02, 1e+00]
    RHS range:                                          [2e+05, 1e+08]
    Objective range:                                    [2e-04, 1e+06]
    Bounds range:                                       [1e+05, 1e+08]
Preprocessing
    Dualized model:                                     no
    Number of dense columns:                            0
    Range of scaling factors:                           [1.00e+00, 2.00e+00]
IPX version 1.0
Interior Point Solve
 Iter     P.res    D.res            P.obj           D.obj        mu     Time
   0   1.25e+07 1.36e+05   4.69750885e+13 -2.42844655e+16  2.12e+12       0s
   1   3.06e+06 9.00e+04   7.88390746e+15 -1.69485435e+16  1.23e+12       0s
   2   1.34e+06 4.26e+04   1.05321961e+16 -9.96857954e+15  7.81e+11       0s
   3   3.69e+05 1.44e+04   8.14140733e+15 -3.91957044e+15  2.99e+11       0s
   4   1.35e+05 2.76e+03   4.99277683e+15 -8.48266284e+14  9.19e+10       0s
   5   6.55e+04 8.58e+02   2.81861098e+15 -3.19232100e+14  4.21e+10       0s
   6   2.10e+04 3.09e+02   1.21158619e+15 -1.51111478e+14  1.70e+10       1s
 Constructing starting basis...
   7   6.43e+03 1.70e+02   5.79526350e+14 -8.43070101e+13  8.68e+09       1s
   8   3.95e+03 1.01e+02   4.41205821e+14 -3.49970998e+13  6.13e+09       1s
   9   2.92e+03 4.72e+01   3.66340895e+14 -1.92439680e+12  4.60e+09       2s
  10   1.94e+03 2.46e+01   2.84791941e+14  7.85000565e+12  3.41e+09       2s
  11   1.82e+03 1.94e+01   2.79771566e+14  1.01012290e+13  3.31e+09       2s
  12   7.13e+02 3.90e+00   1.75958989e+14  2.53548006e+13  1.81e+09       2s
  13   2.60e+02 2.06e+00   1.25202694e+14  2.79092442e+13  1.18e+09       2s
  14   2.22e+02 1.33e+00   1.19549069e+14  3.00372935e+13  1.08e+09       2s
  15   3.96e+01 4.71e-01   5.73566178e+13  3.56004278e+13  2.67e+08       2s
  16   1.04e+01 7.23e-02   4.60163658e+13  3.82490436e+13  9.31e+07       3s
  17   4.43e+00 1.89e-02   4.25733539e+13  3.87198879e+13  4.57e+07       3s
  18   1.87e+00 5.84e-03   4.06683164e+13  3.88840005e+13  2.11e+07       3s
  19   8.05e-01 4.41e-03   4.02680960e+13  3.88856304e+13  1.65e+07       3s
  20   3.21e-02 2.72e-03   3.96850680e+13  3.88992097e+13  9.50e+06       3s
  21   2.89e-02 2.05e-03   3.96527576e+13  3.89131709e+13  8.88e+06       3s
  22   1.55e-02 7.77e-04   3.93846696e+13  3.89550632e+13  5.08e+06       3s
  23   8.10e-03 1.70e-04   3.92553056e+13  3.89715492e+13  3.32e+06       3s
  24   2.01e-03 1.27e-05   3.91117285e+13  3.89808479e+13  1.53e+06       4s
  25   5.14e-04 3.24e-06   3.90328654e+13  3.89856069e+13  5.52e+05       4s
  26   2.32e-04 1.46e-06   3.90093355e+13  3.89873092e+13  2.57e+05       4s
  27   2.12e-04 9.95e-07   3.90088899e+13  3.89873632e+13  2.51e+05       4s
  28   6.78e-05 2.97e-07   3.89958146e+13  3.89883650e+13  8.70e+04       4s
  29   1.26e-05 1.02e-07   3.89903335e+13  3.89886924e+13  1.92e+04       4s
  30   4.62e-06 4.66e-08   3.89895037e+13  3.89887884e+13  8.35e+03       4s
  31   2.15e-06 2.61e-08   3.89892426e+13  3.89888244e+13  4.88e+03       4s
  32   8.94e-07 1.63e-08   3.89890770e+13  3.89888434e+13  2.73e+03       5s
  33   5.07e-07 9.08e-09   3.89890182e+13  3.89888583e+13  1.87e+03       5s
  34   3.58e-07 4.89e-09   3.89889912e+13  3.89888673e+13  1.45e+03       5s
  35   1.79e-07 3.03e-09   3.89889463e+13  3.89888720e+13  8.67e+02       5s
  36   1.19e-07 1.63e-09   3.89889290e+13  3.89888761e+13  6.17e+02       5s
  37   5.96e-08 9.31e-10   3.89889146e+13  3.89888784e+13  4.23e+02       5s
  38   5.96e-08 4.66e-10   3.89889022e+13  3.89888803e+13  2.56e+02       5s
  39   5.76e-08 3.49e-10   3.89888907e+13  3.89888809e+13  1.15e+02       5s
  40   6.09e-08 2.33e-10   3.89888842e+13  3.89888817e+13  2.86e+01       5s
  41   5.03e-08 2.33e-10   3.89888829e+13  3.89888820e+13  9.78e+00       5s
  42   3.62e-08 2.33e-10   3.89888823e+13  3.89888821e+13  2.48e+00       6s
  43   5.40e-08 2.33e-10   3.89888822e+13  3.89888821e+13  1.59e+00       6s
  44*  4.01e-08 2.33e-10   3.89888821e+13  3.89888821e+13  2.60e-01       6s
Summary
    Runtime:                                            5.67s
    Status interior point solve:                        optimal
    Status crossover:                                   not run
    objective value:                                    3.89888821e+13
    interior solution primal residual (abs/rel):        1.04e-07 / 7.14e-16
    interior solution dual residual (abs/rel):          2.33e-10 / 1.78e-16
    interior solution objective gap (abs/rel):          2.23e+04 / 5.71e-10
Ipx: IPM       optimal
Model   status      : Optimal
IPM       iterations: 44
Objective value     :  3.9258563946e+13
HiGHS run time      :          6.35
Presolving model
51661 rows, 164702 cols, 374545 nonzeros
40390 rows, 109558 cols, 266100 nonzeros
40304 rows, 54157 cols, 153507 nonzeros
37957 rows, 49755 cols, 144653 nonzeros
Presolve : Reductions: rows 37957(-793008); columns 49755(-517500); elements 144653(-2172115)
Solving the presolved LP
IPX model has 37957 rows, 49755 columns and 144653 nonzeros
Input
    Number of variables:                                49755
    Number of free variables:                           0
    Number of constraints:                              37957
    Number of equality constraints:                     5763
    Number of matrix entries:                           144653
    Matrix range:                                       [1e-02, 1e+00]
    RHS range:                                          [2e+05, 1e+08]
    Objective range:                                    [2e-04, 1e+06]
    Bounds range:                                       [1e+05, 1e+08]
Preprocessing
    Dualized model:                                     no
    Number of dense columns:                            0
    Range of scaling factors:                           [1.00e+00, 2.00e+00]
IPX version 1.0
Interior Point Solve
 Iter     P.res    D.res            P.obj           D.obj        mu     Time
   0   1.26e+07 1.36e+05   7.50211268e+12 -2.45995846e+16  2.10e+12       0s
   1   3.02e+06 8.93e+04   7.19856347e+15 -1.71580355e+16  1.23e+12       0s
   2   1.34e+06 4.27e+04   9.74264120e+15 -1.01596418e+16  7.84e+11       0s
   3   3.17e+05 1.44e+04   7.55906869e+15 -4.01998844e+15  2.94e+11       0s
   4   1.22e+05 2.72e+03   4.76357533e+15 -8.82269387e+14  8.97e+10       0s
   5   5.77e+04 8.43e+02   2.64752316e+15 -3.56177470e+14  4.05e+10       0s
 Constructing starting basis...
   6   1.33e+04 2.87e+02   9.14280204e+14 -1.77072761e+14  1.45e+10       1s
   7   5.44e+03 1.53e+02   5.57335417e+14 -1.06404624e+14  8.73e+09       1s
   8   1.88e+03 8.97e+01   2.62065876e+14 -6.14268618e+13  4.33e+09       1s
   9   3.29e+02 3.54e+01   1.28387515e+14 -3.14293875e+13  2.12e+09       1s
  10   5.27e+01 7.00e+00   2.78066421e+13 -6.49445003e+12  4.50e+08       2s
  11   1.27e+01 1.16e+00   8.58823651e+12 -1.19062383e+12  1.22e+08       2s
  12   7.60e+00 3.91e-01   5.82001073e+12 -4.92203211e+11  7.66e+07       2s
  13   2.59e+00 1.38e-01   2.15149635e+12 -1.80858641e+11  2.82e+07       2s
  14   1.55e+00 5.52e-02   1.32379325e+12 -7.41410850e+10  1.67e+07       2s
  15   4.03e-01 2.54e-02   6.49952754e+11 -4.93549725e+10  8.45e+06       2s
  16   1.48e-01 1.44e-02   3.78144984e+11 -3.35368097e+10  5.01e+06       2s
  17   1.07e-01 1.22e-02   3.48780404e+11 -3.06925948e+10  4.63e+06       2s
  18   8.50e-02 9.36e-03   2.85681880e+11 -2.36858109e+10  3.76e+06       2s
  19   3.57e-02 3.62e-03   1.39886388e+11 -7.98828398e+09  1.77e+06       3s
  20   3.85e-03 2.23e-03   9.06782861e+10 -5.70447933e+09  1.16e+06       3s
  21   2.08e-03 8.60e-04   5.39498713e+10 -2.65105554e+08  6.43e+05       3s
  22   1.02e-03 1.44e-04   3.77449095e+10  1.70828449e+09  4.22e+05       3s
  23   3.69e-04 3.80e-05   1.63948662e+10  2.89154999e+09  1.58e+05       3s
  24   1.19e-04 1.66e-05   8.38755460e+09  3.19787059e+09  6.06e+04       3s
  25   2.30e-05 3.72e-06   5.74318885e+09  3.34649010e+09  2.80e+04       3s
  26   4.71e-06 1.37e-06   4.11311770e+09  3.44822071e+09  7.76e+03       3s
  27   1.82e-06 5.31e-07   3.78231316e+09  3.49197222e+09  3.39e+03       4s
  28   5.36e-07 1.85e-07   3.61021769e+09  3.51241488e+09  1.14e+03       4s
  29   1.79e-07 8.79e-08   3.55859278e+09  3.51825022e+09  4.71e+02       4s
  30   7.45e-08 1.68e-08   3.53793893e+09  3.52308732e+09  1.73e+02       4s
  31   5.76e-08 5.24e-09   3.52812012e+09  3.52425253e+09  4.51e+01       4s
  32   8.94e-08 1.40e-09   3.52572640e+09  3.52471511e+09  1.18e+01       4s
  33   7.45e-08 2.33e-10   3.52510751e+09  3.52484892e+09  3.02e+00       4s
  34   7.29e-08 2.33e-10   3.52488923e+09  3.52485938e+09  3.48e-01       4s
  35   9.88e-08 2.33e-10   3.52486460e+09  3.52486298e+09  1.89e-02       4s
  36   5.22e-08 2.33e-10   3.52486354e+09  3.52486335e+09  2.25e-03       4s
  37   5.96e-08 2.33e-10   3.52486345e+09  3.52486342e+09  3.90e-04       5s
  38   1.01e-07 2.33e-10   3.52486344e+09  3.52486344e+09  7.55e-05       5s
  39*  1.64e-07 1.16e-10   3.52486344e+09  3.52486344e+09  6.31e-06       5s
Summary
    Runtime:                                            4.71s
    Status interior point solve:                        optimal
    Status crossover:                                   not run
    objective value:                                    3.52486344e+09
    interior solution primal residual (abs/rel):        1.94e-07 / 1.33e-15
    interior solution dual residual (abs/rel):          1.16e-10 / 8.90e-17
    interior solution objective gap (abs/rel):          4.80e-01 / 1.36e-10
Ipx: IPM       optimal
Model   status      : Optimal
IPM       iterations: 39
Objective value     :  3.5334549894e+09
HiGHS run time      :          5.38
Presolving model
51661 rows, 164702 cols, 374545 nonzeros
40390 rows, 109558 cols, 266100 nonzeros
40304 rows, 54157 cols, 153507 nonzeros
37957 rows, 49755 cols, 144653 nonzeros
Presolve : Reductions: rows 37957(-795513); columns 49755(-517500); elements 144653(-2174620)
Solving the presolved LP
IPX model has 37957 rows, 49755 columns and 144653 nonzeros
Input
    Number of variables:                                49755
    Number of free variables:                           0
    Number of constraints:                              37957
    Number of equality constraints:                     5763
    Number of matrix entries:                           144653
    Matrix range:                                       [1e-02, 1e+00]
    RHS range:                                          [2e+05, 1e+08]
    Objective range:                                    [2e-04, 1e+06]
    Bounds range:                                       [1e+05, 1e+08]
Preprocessing
    Dualized model:                                     no
    Number of dense columns:                            0
    Range of scaling factors:                           [1.00e+00, 2.00e+00]
IPX version 1.0
Interior Point Solve
 Iter     P.res    D.res            P.obj           D.obj        mu     Time
   0   1.26e+07 1.36e+05   9.88455484e+12 -2.46042455e+16  2.11e+12       0s
   1   3.02e+06 8.96e+04   7.29593466e+15 -1.71642687e+16  1.23e+12       0s
   2   1.34e+06 4.27e+04   9.86081161e+15 -1.01510547e+16  7.85e+11       0s
   3   3.15e+05 1.43e+04   7.61870897e+15 -3.99395081e+15  2.93e+11       0s
   4   1.22e+05 2.67e+03   4.79143494e+15 -8.67224964e+14  8.92e+10       0s
   5   5.78e+04 8.43e+02   2.67687110e+15 -3.54229852e+14  4.07e+10       0s
 Constructing starting basis...
   6   1.41e+04 2.88e+02   9.39373048e+14 -1.74120371e+14  1.48e+10       1s
   7   5.81e+03 1.63e+02   5.84207074e+14 -1.10068706e+14  9.14e+09       1s
   8   2.36e+03 1.08e+02   3.01310940e+14 -6.98905440e+13  4.98e+09       1s
   9   1.27e+03 6.64e+01   2.61660780e+14 -5.23632465e+13  4.16e+09       1s
  10   1.10e+02 2.23e+01   7.91291166e+13 -1.98637259e+13  1.33e+09       2s
  11   1.77e+01 2.68e+00   3.62419440e+13 -4.82261069e+12  5.04e+08       2s
  12   2.96e+00 5.13e-01   7.01140048e+12 -9.46900823e+11  9.73e+07       2s
  13   1.07e+00 1.45e-01   3.21666753e+12 -3.16025859e+11  4.26e+07       2s
  14   4.63e-01 3.87e-02   1.48528772e+12 -9.01801457e+10  1.88e+07       2s
  15   2.66e-01 1.53e-02   9.79813377e+11 -4.66197976e+10  1.22e+07       2s
  16   9.25e-02 9.36e-03   4.48469684e+11 -3.18394982e+10  5.74e+06       2s
  17   4.85e-02 3.85e-03   2.50784358e+11 -1.23850843e+10  3.12e+06       2s
  18   2.95e-02 5.41e-04   1.66772816e+11 -9.96293099e+08  1.96e+06       2s
  19   1.32e-02 2.01e-04   8.20686259e+10  9.42510509e+08  9.49e+05       3s
  20   6.38e-03 3.69e-05   4.46282284e+10  2.01120486e+09  4.98e+05       3s
  21   2.86e-03 1.28e-05   2.23862893e+10  2.47608398e+09  2.32e+05       3s
  22   8.36e-04 5.50e-06   9.65378978e+09  2.65210464e+09  8.17e+04       3s
  23   6.55e-05 1.85e-06   5.96282392e+09  2.68339628e+09  3.83e+04       3s
  24   1.12e-05 5.06e-07   3.48763263e+09  2.84064270e+09  7.55e+03       3s
  25   3.31e-06 1.97e-07   3.10599419e+09  2.88175436e+09  2.62e+03       3s
  26   1.10e-06 7.05e-08   2.98677690e+09  2.89960452e+09  1.02e+03       3s
  27   3.58e-07 1.86e-08   2.94086729e+09  2.90763763e+09  3.88e+02       4s
  28   8.94e-08 4.19e-09   2.91962877e+09  2.91025271e+09  1.09e+02       4s
  29   6.71e-08 1.40e-09   2.91412350e+09  2.91097710e+09  3.67e+01       4s
  30   1.11e-07 4.66e-10   2.91200422e+09  2.91120186e+09  9.37e+00       4s
  31   7.48e-08 2.33e-10   2.91137926e+09  2.91128168e+09  1.14e+00       4s
  32   8.20e-08 2.33e-10   2.91130441e+09  2.91129305e+09  1.33e-01       4s
  33   8.20e-08 2.33e-10   2.91129593e+09  2.91129489e+09  1.21e-02       4s
  34   5.96e-08 2.33e-10   2.91129576e+09  2.91129532e+09  5.21e-03       4s
  35   1.12e-07 2.33e-10   2.91129552e+09  2.91129546e+09  7.51e-04       4s
  36   8.20e-08 2.33e-10   2.91129548e+09  2.91129547e+09  9.01e-05       4s
  37*  1.79e-07 2.33e-10   2.91129548e+09  2.91129548e+09  1.26e-05       4s
Summary
    Runtime:                                            4.38s
    Status interior point solve:                        optimal
    Status crossover:                                   not run
    objective value:                                    2.91129548e+09
    interior solution primal residual (abs/rel):        3.13e-07 / 2.14e-15
    interior solution dual residual (abs/rel):          2.33e-10 / 1.78e-16
    interior solution objective gap (abs/rel):          1.08e+00 / 3.71e-10
Ipx: IPM       optimal
Model   status      : Optimal
IPM       iterations: 37
Objective value     :  2.9198870253e+09
HiGHS run time      :          5.08
Presolving model
51661 rows, 164702 cols, 374545 nonzeros
40390 rows, 109558 cols, 266100 nonzeros
40304 rows, 54157 cols, 153507 nonzeros
37957 rows, 49755 cols, 144653 nonzeros
Presolve : Reductions: rows 37957(-798018); columns 49755(-517500); elements 144653(-2177125)
Solving the presolved LP
IPX model has 37957 rows, 49755 columns and 144653 nonzeros
Input
    Number of variables:                                49755
    Number of free variables:                           0
    Number of constraints:                              37957
    Number of equality constraints:                     5763
    Number of matrix entries:                           144653
    Matrix range:                                       [1e-02, 1e+00]
    RHS range:                                          [2e+05, 1e+08]
    Objective range:                                    [2e-04, 1e+06]
    Bounds range:                                       [1e+05, 1e+08]
Preprocessing
    Dualized model:                                     no
    Number of dense columns:                            0
    Range of scaling factors:                           [1.00e+00, 2.00e+00]
IPX version 1.0
Interior Point Solve
 Iter     P.res    D.res            P.obj           D.obj        mu     Time
   0   1.26e+07 1.36e+05   9.88949189e+12 -2.46040808e+16  2.11e+12       0s
   1   3.02e+06 8.96e+04   7.29643452e+15 -1.71638546e+16  1.23e+12       0s
   2   1.34e+06 4.27e+04   9.86140559e+15 -1.01508006e+16  7.85e+11       0s
   3   3.15e+05 1.43e+04   7.61905612e+15 -3.99354049e+15  2.93e+11       0s
   4   1.21e+05 2.66e+03   4.79181928e+15 -8.65446325e+14  8.91e+10       0s
   5   5.78e+04 8.42e+02   2.67963619e+15 -3.54279950e+14  4.08e+10       0s
 Constructing starting basis...
   6   1.31e+04 2.85e+02   9.32983179e+14 -1.76234201e+14  1.47e+10       1s
   7   5.45e+03 1.58e+02   5.86695824e+14 -1.09719438e+14  9.15e+09       1s
   8   2.18e+03 1.06e+02   3.07429334e+14 -7.21865904e+13  5.09e+09       1s
   9   1.35e+03 6.97e+01   2.78365894e+14 -5.62815409e+13  4.43e+09       1s
  10   1.54e+02 2.61e+01   8.29371097e+13 -2.19784477e+13  1.43e+09       2s
  11   2.34e+01 5.71e+00   3.48589867e+13 -6.94740970e+12  5.38e+08       2s
  12   3.75e+00 1.28e+00   7.53303371e+12 -1.64748790e+12  1.18e+08       2s
  13   1.14e+00 3.76e-01   3.03128005e+12 -5.23976760e+11  4.47e+07       2s
  14   4.56e-01 1.19e-01   1.41236740e+12 -1.78678015e+11  1.96e+07       2s
  15   1.41e-01 2.92e-02   4.93673512e+11 -4.49900199e+10  6.52e+06       2s
  16   5.60e-02 2.02e-02   2.88026978e+11 -3.35507503e+10  3.95e+06       2s
  17   1.86e-02 7.92e-03   1.13212664e+11 -1.21030723e+10  1.53e+06       2s
  18   1.21e-02 1.60e-03   8.10163835e+10 -8.98567087e+08  9.68e+05       2s
  19   5.19e-03 4.55e-04   4.66469249e+10  7.84826699e+08  5.38e+05       3s
  20   1.49e-03 1.40e-04   2.06297087e+10  1.79215242e+09  2.20e+05       3s
  21   5.66e-04 3.99e-05   1.15711698e+10  2.39022633e+09  1.07e+05       3s
  22   2.06e-04 1.95e-05   6.53460010e+09  2.60414593e+09  4.59e+04       3s
  23   7.45e-08 2.80e-06   3.77987336e+09  2.77555182e+09  1.17e+04       3s
  24   5.96e-08 7.82e-07   3.15459308e+09  2.84536528e+09  3.61e+03       3s
  25   6.71e-08 2.95e-07   2.99791660e+09  2.86409418e+09  1.56e+03       3s
  26   1.27e-07 8.38e-08   2.92264372e+09  2.87389740e+09  5.69e+02       3s
  27   5.22e-08 2.42e-08   2.89463755e+09  2.87711002e+09  2.05e+02       4s
  28   4.10e-08 7.92e-09   2.88595324e+09  2.87826040e+09  8.98e+01       4s
  29   5.96e-08 1.63e-09   2.88077586e+09  2.87871436e+09  2.41e+01       4s
  30   3.73e-08 4.66e-10   2.87928591e+09  2.87887269e+09  4.82e+00       4s
  31   3.40e-08 2.33e-10   2.87900732e+09  2.87890601e+09  1.18e+00       4s
  32   8.94e-08 2.33e-10   2.87893069e+09  2.87891476e+09  1.86e-01       4s
  33   5.22e-08 4.66e-10   2.87891918e+09  2.87891538e+09  4.43e-02       4s
  34   5.59e-08 2.33e-10   2.87891702e+09  2.87891543e+09  1.85e-02       4s
  35   9.33e-08 2.33e-10   2.87891562e+09  2.87891547e+09  1.83e-03       4s
  36   8.57e-08 2.33e-10   2.87891552e+09  2.87891548e+09  4.46e-04       4s
  37   1.27e-07 2.33e-10   2.87891549e+09  2.87891548e+09  1.48e-04       4s
  38*  2.53e-07 2.33e-10   2.87891549e+09  2.87891548e+09  1.47e-05       4s
Summary
    Runtime:                                            4.39s
    Status interior point solve:                        optimal
    Status crossover:                                   not run
    objective value:                                    2.87891549e+09
    interior solution primal residual (abs/rel):        4.62e-07 / 3.16e-15
    interior solution dual residual (abs/rel):          2.33e-10 / 1.78e-16
    interior solution objective gap (abs/rel):          1.28e+00 / 4.45e-10
Ipx: IPM       optimal
Model   status      : Optimal
IPM       iterations: 38
Objective value     :  2.8875070340e+09
HiGHS run time      :          5.07
Presolving model
51661 rows, 164702 cols, 374545 nonzeros
40390 rows, 109558 cols, 266100 nonzeros
40304 rows, 54157 cols, 153507 nonzeros
37957 rows, 49755 cols, 144653 nonzeros
Presolve : Reductions: rows 37957(-800523); columns 49755(-517500); elements 144653(-2179630)
Solving the presolved LP
IPX model has 37957 rows, 49755 columns and 144653 nonzeros
Input
    Number of variables:                                49755
    Number of free variables:                           0
    Number of constraints:                              37957
    Number of equality constraints:                     5763
    Number of matrix entries:                           144653
    Matrix range:                                       [1e-02, 1e+00]
    RHS range:                                          [2e+05, 1e+08]
    Objective range:                                    [2e-04, 1e+06]
    Bounds range:                                       [1e+05, 1e+08]
Preprocessing
    Dualized model:                                     no
    Number of dense columns:                            0
    Range of scaling factors:                           [1.00e+00, 2.00e+00]
IPX version 1.0
Interior Point Solve
 Iter     P.res    D.res            P.obj           D.obj        mu     Time
   0   1.26e+07 1.36e+05   9.88949189e+12 -2.46040808e+16  2.11e+12       0s
   1   3.02e+06 8.96e+04   7.29643452e+15 -1.71638546e+16  1.23e+12       0s
   2   1.34e+06 4.27e+04   9.86140559e+15 -1.01508006e+16  7.85e+11       0s
   3   3.15e+05 1.43e+04   7.61905612e+15 -3.99354049e+15  2.93e+11       0s
   4   1.21e+05 2.66e+03   4.79181928e+15 -8.65446325e+14  8.91e+10       0s
   5   5.78e+04 8.42e+02   2.67963619e+15 -3.54279950e+14  4.08e+10       0s
 Constructing starting basis...
   6   1.31e+04 2.85e+02   9.32983179e+14 -1.76234201e+14  1.47e+10       1s
   7   5.45e+03 1.58e+02   5.86695824e+14 -1.09719438e+14  9.15e+09       1s
   8   2.18e+03 1.06e+02   3.07429334e+14 -7.21865904e+13  5.09e+09       1s
   9   1.35e+03 6.97e+01   2.78365894e+14 -5.62815409e+13  4.43e+09       1s
  10   1.54e+02 2.61e+01   8.29371097e+13 -2.19784477e+13  1.43e+09       2s
  11   2.34e+01 5.71e+00   3.48589867e+13 -6.94740970e+12  5.38e+08       2s
  12   3.75e+00 1.28e+00   7.53303371e+12 -1.64748790e+12  1.18e+08       2s
  13   1.14e+00 3.76e-01   3.03128005e+12 -5.23976760e+11  4.47e+07       2s
  14   4.56e-01 1.19e-01   1.41236740e+12 -1.78678015e+11  1.96e+07       2s
  15   1.41e-01 2.92e-02   4.93673512e+11 -4.49900199e+10  6.52e+06       2s
  16   5.60e-02 2.02e-02   2.88026978e+11 -3.35507503e+10  3.95e+06       2s
  17   1.86e-02 7.92e-03   1.13212664e+11 -1.21030723e+10  1.53e+06       2s
  18   1.21e-02 1.60e-03   8.10163835e+10 -8.98567087e+08  9.68e+05       2s
  19   5.19e-03 4.55e-04   4.66469249e+10  7.84826699e+08  5.38e+05       3s
  20   1.49e-03 1.40e-04   2.06297087e+10  1.79215242e+09  2.20e+05       3s
  21   5.66e-04 3.99e-05   1.15711698e+10  2.39022633e+09  1.07e+05       3s
  22   2.06e-04 1.95e-05   6.53460010e+09  2.60414593e+09  4.59e+04       3s
  23   7.45e-08 2.80e-06   3.77987336e+09  2.77555182e+09  1.17e+04       3s
  24   5.96e-08 7.82e-07   3.15459308e+09  2.84536528e+09  3.61e+03       3s
  25   6.71e-08 2.95e-07   2.99791660e+09  2.86409418e+09  1.56e+03       3s
  26   1.27e-07 8.38e-08   2.92264372e+09  2.87389740e+09  5.69e+02       3s
  27   5.22e-08 2.42e-08   2.89463755e+09  2.87711002e+09  2.05e+02       4s
  28   4.10e-08 7.92e-09   2.88595324e+09  2.87826040e+09  8.98e+01       4s
  29   5.96e-08 1.63e-09   2.88077586e+09  2.87871436e+09  2.41e+01       4s
  30   3.73e-08 4.66e-10   2.87928591e+09  2.87887269e+09  4.82e+00       4s
  31   3.40e-08 2.33e-10   2.87900732e+09  2.87890601e+09  1.18e+00       4s
  32   8.94e-08 2.33e-10   2.87893069e+09  2.87891476e+09  1.86e-01       4s
  33   5.22e-08 4.66e-10   2.87891918e+09  2.87891538e+09  4.43e-02       4s
  34   5.59e-08 2.33e-10   2.87891702e+09  2.87891543e+09  1.85e-02       4s
  35   9.33e-08 2.33e-10   2.87891562e+09  2.87891547e+09  1.83e-03       4s
  36   8.57e-08 2.33e-10   2.87891552e+09  2.87891548e+09  4.46e-04       4s
  37   1.27e-07 2.33e-10   2.87891549e+09  2.87891548e+09  1.48e-04       4s
  38*  2.53e-07 2.33e-10   2.87891549e+09  2.87891548e+09  1.47e-05       4s
Summary
    Runtime:                                            4.38s
    Status interior point solve:                        optimal
    Status crossover:                                   not run
    objective value:                                    2.87891549e+09
    interior solution primal residual (abs/rel):        4.62e-07 / 3.16e-15
    interior solution dual residual (abs/rel):          2.33e-10 / 1.78e-16
    interior solution objective gap (abs/rel):          1.28e+00 / 4.45e-10
Ipx: IPM       optimal
Model   status      : Optimal
IPM       iterations: 38
Objective value     :  2.8875070340e+09
HiGHS run time      :          5.05
[ Info: Rolling step not specified in scenaio.yaml file; Setting it to 5 years
[ Info: Demand-pathway mapping not specified in scenaio.yaml file; SERA will not look for eligible pathways for different demand types.
[ Info: Production capacity constraints from the grid model not defined. SERA will not create these constraints
[ Info: Regional technology limits not specified in scenaio.yaml file; SERA will not create these constraints
STARTING DATA PRE-PROCESSING 
Processing Temporal Data
Processing Nodes
Processing Demand
Processing Existings
Processing Links
Processing Pathways
Creating Infrastructure options
  4.929625 seconds (32.96 M allocations: 3.904 GiB, 25.83% gc time, 1.64% compilation time)

OPTIMIZING FROM 2026 TO 2030 

STARTING OPTIMIZATION MODEL CREATION
CREATING VARIABLES AND EXPRESSIONS
  9.101749 seconds (51.50 M allocations: 3.176 GiB, 23.94% gc time, 65.59% compilation time)
POPULATING EXPRESSIONS
  4.397961 seconds (19.90 M allocations: 3.029 GiB, 6.20% gc time, 4.12% compilation time)
CREATING CONSTRAINTS
  3.448642 seconds (26.47 M allocations: 1.375 GiB, 10.64% gc time, 23.52% compilation time)
POPULATED CORE OPTIMIZATION MODEL, STARTING ITERATIONS
READING COST DATA FOR ITERATION 1
  5.720077 seconds (22.20 M allocations: 2.111 GiB, 5.30% gc time, 6.28% compilation time)
CREATING EXPRESSIONS FOR CAPITAL AND FIXED COST
  2.337048 seconds (12.99 M allocations: 847.339 MiB, 12.72% gc time, 56.46% compilation time)
BUILDING OBJECTIVE FUNCTION
  1.923192 seconds (8.78 M allocations: 339.960 MiB, 12.67% gc time, 53.65% compilation time)
Optimizing for iteration 1
  7.208277 seconds (8.65 M allocations: 816.567 MiB, 14.25% gc time, 0.32% compilation time)
OPTIMAL
1.2514374850631633e9
 =  1.0
READING COST DATA FOR ITERATION 2
 10.794824 seconds (18.12 M allocations: 2.008 GiB, 1.96% gc time, 0.18% compilation time)
CREATING EXPRESSIONS FOR CAPITAL AND FIXED COST
  0.896383 seconds (11.39 M allocations: 742.234 MiB, 19.39% gc time, 0.50% compilation time)
BUILDING OBJECTIVE FUNCTION
  0.882666 seconds (7.48 M allocations: 257.252 MiB, 29.06% gc time)
Optimizing for iteration 2
  4.075433 seconds (5 allocations: 32 bytes)
OPTIMAL
1.5044964673100996e9
 =  0.16820177896421937
READING COST DATA FOR ITERATION 3
 10.771321 seconds (18.07 M allocations: 2.001 GiB, 2.70% gc time)
CREATING EXPRESSIONS FOR CAPITAL AND FIXED COST
  0.960374 seconds (11.39 M allocations: 742.187 MiB, 27.94% gc time)
BUILDING OBJECTIVE FUNCTION
  0.643570 seconds (7.48 M allocations: 257.252 MiB)
Optimizing for iteration 3
  4.080668 seconds (2 allocations: 32 bytes)
OPTIMAL
1.3100309882639675e9
 =  0.14844341911624329
READING COST DATA FOR ITERATION 4
 10.976697 seconds (18.06 M allocations: 2.027 GiB, 4.13% gc time)
CREATING EXPRESSIONS FOR CAPITAL AND FIXED COST
  0.689832 seconds (11.39 M allocations: 742.187 MiB)
BUILDING OBJECTIVE FUNCTION
  0.931149 seconds (7.48 M allocations: 257.252 MiB, 31.70% gc time)
Optimizing for iteration 4
  3.988268 seconds (2 allocations: 32 bytes)
OPTIMAL
1.2562394165448956e9
 =  0.04281952230651474
READING COST DATA FOR ITERATION 5
 10.981094 seconds (18.06 M allocations: 2.005 GiB, 3.65% gc time)
CREATING EXPRESSIONS FOR CAPITAL AND FIXED COST
  0.994511 seconds (11.39 M allocations: 742.187 MiB, 26.85% gc time)
BUILDING OBJECTIVE FUNCTION
  0.628245 seconds (7.48 M allocations: 257.252 MiB)
Optimizing for iteration 5
  4.015433 seconds (2 allocations: 32 bytes)
OPTIMAL
1.2562394165448956e9
 =  0.0
ITERATIONS COMPLETED
WRITING RESULTS TO FILE
  1.329343 seconds (3.67 M allocations: 190.685 MiB, 36.73% gc time, 82.81% compilation time)

OPTIMIZING FROM 2031 TO 2035 

STARTING OPTIMIZATION MODEL CREATION
CREATING VARIABLES AND EXPRESSIONS
  3.192700 seconds (43.27 M allocations: 2.637 GiB, 28.61% gc time, 6.14% compilation time)
POPULATING EXPRESSIONS
  4.314936 seconds (19.72 M allocations: 3.022 GiB, 8.37% gc time)
CREATING CONSTRAINTS
  2.512905 seconds (24.96 M allocations: 1.276 GiB, 6.48% gc time)
POPULATED CORE OPTIMIZATION MODEL, STARTING ITERATIONS
READING COST DATA FOR ITERATION 1
  5.395070 seconds (18.02 M allocations: 2.025 GiB, 8.39% gc time)
CREATING EXPRESSIONS FOR CAPITAL AND FIXED COST
  0.846953 seconds (11.39 M allocations: 742.187 MiB, 14.96% gc time)
BUILDING OBJECTIVE FUNCTION
  0.615000 seconds (7.48 M allocations: 249.021 MiB)
Optimizing for iteration 1
  8.451894 seconds (8.65 M allocations: 816.365 MiB, 4.09% gc time)
OPTIMAL
3.982185457865478e13
 =  1.0
READING COST DATA FOR ITERATION 2
 13.000862 seconds (18.15 M allocations: 2.002 GiB, 18.49% gc time)
CREATING EXPRESSIONS FOR CAPITAL AND FIXED COST
  2.831272 seconds (11.39 M allocations: 742.187 MiB, 73.30% gc time)
BUILDING OBJECTIVE FUNCTION
  0.627350 seconds (7.48 M allocations: 257.267 MiB)
Optimizing for iteration 2
  5.276422 seconds (5 allocations: 11.975 MiB)
OPTIMAL
3.420292534318167e9
 =  11641.821243824728
READING COST DATA FOR ITERATION 3
 14.547266 seconds (18.11 M allocations: 2.002 GiB, 27.25% gc time)
CREATING EXPRESSIONS FOR CAPITAL AND FIXED COST
  2.893433 seconds (11.39 M allocations: 742.187 MiB, 73.64% gc time)
BUILDING OBJECTIVE FUNCTION
  0.657491 seconds (7.48 M allocations: 257.267 MiB)
Optimizing for iteration 3
  4.882891 seconds (2 allocations: 32 bytes)
OPTIMAL
2.656574811359381e9
 =  0.2874821065430466
READING COST DATA FOR ITERATION 4
 14.558660 seconds (18.10 M allocations: 2.000 GiB, 27.37% gc time)
CREATING EXPRESSIONS FOR CAPITAL AND FIXED COST
  0.740242 seconds (11.39 M allocations: 742.187 MiB)
BUILDING OBJECTIVE FUNCTION
  2.657239 seconds (7.48 M allocations: 257.267 MiB, 75.24% gc time)
Optimizing for iteration 4
  4.959556 seconds (2 allocations: 32 bytes)
OPTIMAL
2.624233141603179e9
 =  0.012324236457290073
READING COST DATA FOR ITERATION 5
 14.582741 seconds (18.10 M allocations: 2.000 GiB, 27.46% gc time)
CREATING EXPRESSIONS FOR CAPITAL AND FIXED COST
  0.735835 seconds (11.39 M allocations: 742.187 MiB)
BUILDING OBJECTIVE FUNCTION
  2.645238 seconds (7.48 M allocations: 257.267 MiB, 75.98% gc time)
Optimizing for iteration 5
  4.856000 seconds (2 allocations: 32 bytes)
OPTIMAL
2.569334744213812e9
 =  0.021366775003930288
READING COST DATA FOR ITERATION 6
 12.611075 seconds (18.10 M allocations: 2.000 GiB, 15.96% gc time)
CREATING EXPRESSIONS FOR CAPITAL AND FIXED COST
  2.766193 seconds (11.39 M allocations: 742.187 MiB, 73.31% gc time)
BUILDING OBJECTIVE FUNCTION
  0.626979 seconds (7.48 M allocations: 257.267 MiB)
Optimizing for iteration 6
  4.857775 seconds (2 allocations: 32 bytes)
OPTIMAL
2.569334744213812e9
 =  0.0
ITERATIONS COMPLETED
WRITING RESULTS TO FILE
  3.767937 seconds (6.33 M allocations: 318.432 MiB, 65.52% gc time, 21.91% compilation time)

OPTIMIZING FROM 2036 TO 2040 

STARTING OPTIMIZATION MODEL CREATION
CREATING VARIABLES AND EXPRESSIONS
 24.915256 seconds (43.00 M allocations: 2.613 GiB, 90.70% gc time)
POPULATING EXPRESSIONS
  7.633846 seconds (19.75 M allocations: 3.035 GiB, 45.69% gc time)
CREATING CONSTRAINTS
  4.979343 seconds (24.96 M allocations: 1.277 GiB, 50.46% gc time, 0.12% compilation time)
POPULATED CORE OPTIMIZATION MODEL, STARTING ITERATIONS
READING COST DATA FOR ITERATION 1
  7.010706 seconds (18.02 M allocations: 1.997 GiB, 29.77% gc time)
CREATING EXPRESSIONS FOR CAPITAL AND FIXED COST
  0.996495 seconds (11.39 M allocations: 742.187 MiB, 31.19% gc time)
BUILDING OBJECTIVE FUNCTION
  0.623098 seconds (7.48 M allocations: 249.036 MiB)
Optimizing for iteration 1
  8.868921 seconds (8.99 M allocations: 822.241 MiB, 4.29% gc time)
OPTIMAL
3.925856394586703e13
 =  1.0
READING COST DATA FOR ITERATION 2
 15.128974 seconds (18.19 M allocations: 2.057 GiB, 29.53% gc time)
CREATING EXPRESSIONS FOR CAPITAL AND FIXED COST
  2.862652 seconds (11.39 M allocations: 742.187 MiB, 74.24% gc time)
BUILDING OBJECTIVE FUNCTION
  2.577573 seconds (7.48 M allocations: 257.284 MiB, 75.44% gc time)
Optimizing for iteration 2
  5.384915 seconds (5 allocations: 32 bytes)
OPTIMAL
3.5334549894314857e9
 =  11109.531777902534
READING COST DATA FOR ITERATION 3
 19.214291 seconds (18.14 M allocations: 2.003 GiB, 44.18% gc time)
CREATING EXPRESSIONS FOR CAPITAL AND FIXED COST
  2.913782 seconds (11.39 M allocations: 742.187 MiB, 74.67% gc time)
BUILDING OBJECTIVE FUNCTION
  0.642804 seconds (7.48 M allocations: 257.284 MiB)
Optimizing for iteration 3
  5.087074 seconds (2 allocations: 32 bytes)
OPTIMAL
2.9198870252927036e9
 =  0.21013414519942283
READING COST DATA FOR ITERATION 4
 19.232518 seconds (18.14 M allocations: 2.001 GiB, 44.59% gc time)
CREATING EXPRESSIONS FOR CAPITAL AND FIXED COST
  2.929788 seconds (11.39 M allocations: 742.187 MiB, 74.95% gc time)
BUILDING OBJECTIVE FUNCTION
  0.646119 seconds (7.48 M allocations: 257.284 MiB)
Optimizing for iteration 4
  5.081045 seconds (2 allocations: 32 bytes)
OPTIMAL
2.88750703401641e9
 =  0.01121382247554301
READING COST DATA FOR ITERATION 5
 19.258397 seconds (18.14 M allocations: 2.001 GiB, 44.60% gc time)
CREATING EXPRESSIONS FOR CAPITAL AND FIXED COST
  2.939716 seconds (11.39 M allocations: 742.187 MiB, 74.87% gc time)
BUILDING OBJECTIVE FUNCTION
  0.640400 seconds (7.48 M allocations: 257.284 MiB)
Optimizing for iteration 5
  5.062377 seconds (2 allocations: 32 bytes)
OPTIMAL
2.88750703401641e9
 =  0.0
ITERATIONS COMPLETED
WRITING RESULTS TO FILE
  2.961848 seconds (7.39 M allocations: 330.085 MiB, 77.04% gc time)

THE OPTIMIZATION PROBLEM TOOK 7.53 MINUTES TO SOLVE. 
