Running HiGHS 1.6.0: Copyright (c) 2023 HiGHS under MIT licence terms
Presolving model
172332 rows, 437154 cols, 1071472 nonzeros
137035 rows, 300663 cols, 800348 nonzeros
136976 rows, 158417 cols, 513042 nonzeros
131735 rows, 152987 cols, 502125 nonzeros
Presolve : Reductions: rows 131735(-1524452); columns 152987(-980791); elements 502125(-4242851)
Solving the presolved LP
IPX model has 131735 rows, 152987 columns and 502125 nonzeros
Input
    Number of variables:                                152987
    Number of free variables:                           0
    Number of constraints:                              131735
    Number of equality constraints:                     11013
    Number of matrix entries:                           502125
    Matrix range:                                       [1e-02, 1e+00]
    RHS range:                                          [2e+05, 6e+07]
    Objective range:                                    [3e-04, 5e+02]
    Bounds range:                                       [2e+05, 1e+08]
Preprocessing
    Dualized model:                                     no
    Number of dense columns:                            0
    Range of scaling factors:                           [1.00e+00, 2.00e+00]
IPX version 1.0
Interior Point Solve
 Iter     P.res    D.res            P.obj           D.obj        mu     Time
   0   8.58e+06 7.49e+00   3.32858555e+09 -4.06435153e+12  9.61e+07       0s
   1   2.01e+06 4.50e+00   1.87765751e+12 -2.52619359e+12  4.79e+07       0s
   2   9.22e+05 3.11e+00   2.31274855e+12 -1.84727580e+12  3.73e+07       0s
   3   3.44e+05 8.87e-01   1.60481783e+12 -5.45797279e+11  1.31e+07       1s
   4   1.22e+05 2.18e-01   8.46755472e+11 -1.41884233e+11  4.53e+06       1s
   5   3.70e+04 7.19e-02   3.83587304e+11 -5.21790505e+10  1.75e+06       2s
   6   1.23e+04 2.37e-02   1.64349293e+11 -1.80088801e+10  6.88e+05       4s
 Constructing starting basis...
   7   7.49e+03 7.74e-03   1.30993704e+11 -7.12436415e+09  5.23e+05       5s
   8   3.56e+03 3.88e-03   7.54447943e+10 -2.60825382e+09  2.91e+05       6s
   9   1.24e+03 2.19e-03   4.06021134e+10  4.02845670e+08  1.48e+05       7s
  10   4.65e+02 1.33e-03   2.44297125e+10  2.64430267e+09  7.91e+04       8s
  11   3.09e+02 9.32e-04   2.32966106e+10  3.17606420e+09  7.26e+04       9s
  12   1.15e+02 6.00e-04   1.39687498e+10  4.17730185e+09  3.52e+04       9s
  13   7.03e+01 3.97e-04   1.18626945e+10  4.66942123e+09  2.57e+04      10s
  14   4.45e+01 1.91e-04   1.03587280e+10  5.18902436e+09  1.85e+04      11s
  15   3.34e+01 7.43e-05   9.36595976e+09  5.54548260e+09  1.36e+04      12s
  16   2.04e+01 4.28e-05   8.09283537e+09  5.64535831e+09  8.72e+03      13s
  17   1.26e+01 2.88e-05   7.66266727e+09  5.67362161e+09  7.07e+03      14s
  18   6.93e+00 1.82e-05   7.07466494e+09  5.71065954e+09  4.85e+03      14s
  19   4.20e+00 1.03e-05   6.71704975e+09  5.74417127e+09  3.45e+03      15s
  20   1.98e+00 6.16e-06   6.50210796e+09  5.75823596e+09  2.64e+03      16s
  21   5.92e-01 3.35e-06   6.21608593e+09  5.77410358e+09  1.56e+03      16s
  22   2.02e-01 1.65e-06   5.99973991e+09  5.78998894e+09  7.42e+02      17s
  23   7.62e-02 6.04e-07   5.91273695e+09  5.80065819e+09  3.97e+02      17s
  24   2.22e-02 4.41e-07   5.87156888e+09  5.80237100e+09  2.45e+02      18s
  25   1.00e-02 1.85e-07   5.84682332e+09  5.80600158e+09  1.44e+02      19s
  26   6.87e-03 1.07e-07   5.83910285e+09  5.80720767e+09  1.13e+02      19s
  27   2.87e-03 4.87e-08   5.83237153e+09  5.80794901e+09  8.64e+01      20s
  28   6.93e-04 6.28e-09   5.82036759e+09  5.80901516e+09  4.01e+01      20s
  29   4.53e-04 9.98e-10   5.81832366e+09  5.80924437e+09  3.21e+01      21s
  30   1.86e-04 1.09e-10   5.81360516e+09  5.80948361e+09  1.46e+01      21s
  31   9.81e-05 1.14e-13   5.81240009e+09  5.80947475e+09  1.03e+01      21s
  32   3.26e-05 1.71e-13   5.81053753e+09  5.80953760e+09  3.54e+00      22s
  33   1.53e-05 1.71e-13   5.81022267e+09  5.80953393e+09  2.44e+00      22s
  34   3.25e-06 1.14e-13   5.80969910e+09  5.80955146e+09  5.22e-01      23s
  35   4.77e-07 1.14e-13   5.80957451e+09  5.80955423e+09  7.17e-02      23s
  36   8.94e-08 1.71e-13   5.80955815e+09  5.80955481e+09  1.18e-02      23s
  37   3.91e-08 1.14e-13   5.80955535e+09  5.80955491e+09  1.56e-03      24s
  38   2.98e-08 1.14e-13   5.80955500e+09  5.80955494e+09  2.27e-04      24s
  39*  3.35e-08 1.71e-13   5.80955495e+09  5.80955494e+09  1.92e-05      24s
Summary
    Runtime:                                            24.09s
    Status interior point solve:                        optimal
    Status crossover:                                   not run
    objective value:                                    5.80955495e+09
    interior solution primal residual (abs/rel):        3.73e-08 / 2.55e-16
    interior solution dual residual (abs/rel):          6.51e-11 / 1.23e-13
    interior solution objective gap (abs/rel):          5.42e+00 / 9.33e-10
Ipx: IPM       optimal
Model   status      : Optimal
IPM       iterations: 39
Objective value     :  5.8416078783e+09
HiGHS run time      :         25.66
Presolving model
172332 rows, 437154 cols, 1071472 nonzeros
137035 rows, 300663 cols, 800348 nonzeros
136976 rows, 158417 cols, 513042 nonzeros
131735 rows, 152987 cols, 502125 nonzeros
Presolve : Reductions: rows 131735(-1529462); columns 152987(-980791); elements 502125(-4247861)
Solving the presolved LP
IPX model has 131735 rows, 152987 columns and 502125 nonzeros
Input
    Number of variables:                                152987
    Number of free variables:                           0
    Number of constraints:                              131735
    Number of equality constraints:                     11013
    Number of matrix entries:                           502125
    Matrix range:                                       [1e-02, 1e+00]
    RHS range:                                          [2e+05, 6e+07]
    Objective range:                                    [3e-04, 9e+06]
    Bounds range:                                       [2e+05, 1e+08]
Preprocessing
    Dualized model:                                     no
    Number of dense columns:                            0
    Range of scaling factors:                           [1.00e+00, 2.00e+00]
IPX version 1.0
Interior Point Solve
 Iter     P.res    D.res            P.obj           D.obj        mu     Time
   0   8.71e+06 2.24e+05   2.79800656e+13 -1.21987428e+17  2.62e+12       0s
   1   2.46e+06 1.53e+05   3.36414188e+16 -8.60643058e+16  1.62e+12       0s
   2   1.18e+06 1.09e+05   4.86421959e+16 -6.52596765e+16  1.39e+12       0s
   3   3.91e+05 4.66e+04   4.03771824e+16 -2.96439472e+16  6.33e+11       1s
   4   1.50e+05 1.37e+04   2.85179044e+16 -9.26308785e+15  2.30e+11       1s
   5   4.23e+04 4.00e+03   1.46589738e+16 -2.97968482e+15  8.11e+10       2s
   6   2.03e+04 1.28e+03   8.22740666e+15 -1.03878744e+15  3.69e+10       3s
 Constructing starting basis...
   7   6.52e+03 3.60e+02   3.56652506e+15 -3.72692904e+14  1.52e+10       5s
   8   2.47e+03 1.16e+02   1.45011064e+15 -1.52643969e+14  6.02e+09       6s
   9   6.88e+02 3.62e+01   5.05766706e+14 -7.03127339e+13  2.14e+09       6s
  10   3.02e+02 2.14e+01   3.55922700e+14 -4.21831958e+13  1.48e+09       7s
  11   1.08e+02 1.34e+01   1.49712394e+14 -2.53168049e+13  6.62e+08       8s
  12   2.83e+01 6.60e+00   5.55167080e+13 -1.26397019e+13  2.62e+08       8s
  13   6.20e+00 2.71e+00   1.62558226e+13 -5.18049718e+12  8.41e+07       9s
  14   2.25e+00 4.60e-01   7.34226976e+12 -8.87106288e+11  3.05e+07      10s
  15   1.21e+00 1.16e-01   4.44248376e+12 -2.56502151e+11  1.70e+07      10s
  16   5.44e-01 2.00e-02   2.49888297e+12 -8.04477634e+10  9.21e+06      11s
  17   2.27e-01 8.40e-03   1.14811883e+12 -3.57731638e+10  4.22e+06      12s
  18   9.71e-02 4.73e-03   5.67747706e+11 -2.03623291e+10  2.10e+06      12s
  19   3.62e-02 2.36e-03   3.04549129e+11 -1.07365435e+10  1.12e+06      13s
  20   2.01e-02 1.30e-03   1.98927471e+11 -4.91473510e+09  7.25e+05      14s
  21   4.47e-03 4.95e-04   1.25980720e+11 -1.57883667e+09  4.53e+05      14s
  22   2.35e-03 2.26e-04   9.78364204e+10  4.09781798e+08  3.45e+05      15s
  23   9.74e-04 4.01e-05   5.39402064e+10  3.27281250e+09  1.79e+05      15s
  24   4.90e-04 1.75e-05   3.17085835e+10  3.92393924e+09  9.83e+04      16s
  25   2.23e-04 4.66e-06   2.12887480e+10  4.20606924e+09  6.04e+04      17s
  26   7.50e-05 1.21e-06   1.16418015e+10  4.45716532e+09  2.54e+04      17s
  27   2.33e-05 4.31e-07   6.91474189e+09  4.57065195e+09  8.29e+03      18s
  28   1.36e-05 1.50e-07   6.01487347e+09  4.61591261e+09  4.95e+03      18s
  29   3.70e-06 6.15e-08   5.05387102e+09  4.63243114e+09  1.49e+03      19s
  30   1.85e-06 2.79e-08   4.86248467e+09  4.63958740e+09  7.88e+02      20s
  31   3.87e-07 1.40e-08   4.71812242e+09  4.64267062e+09  2.67e+02      20s
  32   5.22e-08 5.59e-09   4.66883318e+09  4.64478588e+09  8.50e+01      21s
  33   7.45e-08 2.79e-09   4.65193189e+09  4.64574715e+09  2.19e+01      21s
  34   8.94e-08 2.79e-09   4.64849130e+09  4.64626208e+09  7.88e+00      22s
  35   4.84e-08 2.79e-09   4.64685293e+09  4.64659899e+09  8.98e-01      22s
  36   5.96e-08 1.86e-09   4.64667658e+09  4.64665071e+09  9.15e-02      23s
  37   4.47e-08 3.73e-09   4.64665975e+09  4.64665565e+09  1.45e-02      23s
  38   5.59e-08 2.79e-09   4.64665607e+09  4.64665576e+09  1.10e-03      24s
  39   1.94e-07 1.86e-09   4.64665584e+09  4.64665578e+09  1.99e-04      24s
  40   2.53e-07 9.31e-10   4.64665579e+09  4.64665579e+09  2.44e-05      24s
  41*  5.29e-07 9.31e-10   4.64665579e+09  4.64665579e+09  3.52e-06      24s
Summary
    Runtime:                                            24.37s
    Status interior point solve:                        optimal
    Status crossover:                                   not run
    objective value:                                    4.64665579e+09
    interior solution primal residual (abs/rel):        4.99e-07 / 3.42e-15
    interior solution dual residual (abs/rel):          1.86e-09 / 2.03e-16
    interior solution objective gap (abs/rel):          9.18e-01 / 1.98e-10
Ipx: IPM       optimal
Model   status      : Optimal
IPM       iterations: 41
Objective value     :  4.6671810573e+09
HiGHS run time      :         25.86
Presolving model
172332 rows, 437154 cols, 1071472 nonzeros
137035 rows, 300663 cols, 800348 nonzeros
136976 rows, 158417 cols, 513042 nonzeros
131735 rows, 152987 cols, 502125 nonzeros
Presolve : Reductions: rows 131735(-1534472); columns 152987(-980791); elements 502125(-4252871)
Solving the presolved LP
IPX model has 131735 rows, 152987 columns and 502125 nonzeros
Input
    Number of variables:                                152987
    Number of free variables:                           0
    Number of constraints:                              131735
    Number of equality constraints:                     11013
    Number of matrix entries:                           502125
    Matrix range:                                       [1e-02, 1e+00]
    RHS range:                                          [2e+05, 6e+07]
    Objective range:                                    [3e-04, 9e+06]
    Bounds range:                                       [2e+05, 1e+08]
Preprocessing
    Dualized model:                                     no
    Number of dense columns:                            0
    Range of scaling factors:                           [1.00e+00, 2.00e+00]
IPX version 1.0
Interior Point Solve
 Iter     P.res    D.res            P.obj           D.obj        mu     Time
   0   8.70e+06 2.24e+05   4.16253292e+13 -1.21261965e+17  2.62e+12       0s
   1   2.73e+06 1.53e+05   3.25583337e+16 -8.55570928e+16  1.64e+12       0s
   2   1.53e+06 1.15e+05   4.64484004e+16 -6.81198843e+16  1.45e+12       0s
   3   4.34e+05 4.65e+04   3.90981770e+16 -2.90660801e+16  6.15e+11       1s
   4   1.38e+05 1.46e+04   2.65663607e+16 -9.68222387e+15  2.24e+11       1s
   5   5.43e+04 4.41e+03   1.66495080e+16 -3.26850720e+15  9.25e+10       2s
   6   2.38e+04 1.45e+03   8.60786021e+15 -1.14138616e+15  3.92e+10       3s
 Constructing starting basis...
   7   1.10e+04 4.40e+02   4.87983911e+15 -4.33250219e+14  2.05e+10       5s
   8   4.31e+03 1.52e+02   1.97506813e+15 -1.79905265e+14  8.12e+09       5s
   9   9.59e+02 5.46e+01   6.27565321e+14 -9.14523504e+13  2.69e+09       6s
  10   4.53e+02 3.74e+01   4.65196134e+14 -6.38108406e+13  1.99e+09       7s
  11   2.83e+02 3.17e+01   3.25266381e+14 -5.36472743e+13  1.44e+09       8s
  12   1.43e+02 2.18e+01   1.93914701e+14 -3.50743189e+13  8.76e+08       9s
  13   7.06e+01 1.43e+01   1.33025399e+14 -2.37485756e+13  6.01e+08      10s
  14   3.25e+01 1.10e+01   8.11271506e+13 -1.85438487e+13  3.90e+08      10s
  15   1.12e+01 5.16e+00   3.68359791e+13 -8.67334345e+12  1.79e+08      11s
  16   3.27e+00 1.06e+00   1.85587437e+13 -2.19794184e+12  7.73e+07      12s
  17   2.51e+00 2.74e-01   1.52998409e+13 -7.16271431e+11  5.78e+07      12s
  18   9.71e-01 5.93e-02   6.26880459e+12 -1.70173294e+11  2.30e+07      13s
  19   3.17e-01 1.75e-02   2.60392315e+12 -7.03279869e+10  9.55e+06      14s
  20   1.93e-01 8.47e-03   1.82588213e+12 -4.40013863e+10  6.67e+06      14s
  21   7.98e-02 2.76e-03   1.15062768e+12 -2.89020785e+10  4.20e+06      15s
  22   4.36e-02 9.39e-04   7.55944120e+11 -1.40673535e+10  2.73e+06      15s
  23   2.61e-02 1.99e-04   5.89624538e+11 -9.87884968e+09  2.12e+06      16s
  24   9.13e-03 7.61e-05   2.95491320e+11 -4.48108331e+09  1.06e+06      16s
  25   3.21e-03 1.91e-05   1.16049256e+11  1.31534777e+09  4.06e+05      17s
  26   1.04e-03 6.82e-06   5.31254914e+10  2.52436126e+09  1.79e+05      18s
  27   2.84e-04 2.60e-06   2.23505381e+10  3.22662648e+09  6.76e+04      18s
  28   8.27e-05 9.02e-07   1.20653977e+10  3.58985817e+09  3.00e+04      19s
  29   4.03e-05 2.50e-07   8.39125439e+09  3.81525346e+09  1.62e+04      19s
  30   1.08e-05 1.29e-07   5.30583186e+09  3.87336420e+09  5.07e+03      20s
  31   3.43e-06 4.66e-08   4.45847261e+09  3.91770830e+09  1.91e+03      20s
  32   1.61e-06 2.42e-08   4.21348038e+09  3.93147565e+09  9.97e+02      21s
  33   5.36e-07 1.12e-08   4.04807129e+09  3.94061233e+09  3.80e+02      22s
  34   8.94e-08 3.73e-09   3.98259840e+09  3.94510664e+09  1.33e+02      22s
  35   8.20e-08 2.79e-09   3.95979297e+09  3.94638927e+09  4.74e+01      23s
  36   8.68e-08 2.79e-09   3.95120748e+09  3.94751010e+09  1.31e+01      23s
  37   1.04e-07 1.86e-09   3.94865585e+09  3.94784148e+09  2.88e+00      24s
  38   5.96e-08 2.79e-09   3.94809345e+09  3.94795001e+09  5.07e-01      24s
  39   9.69e-08 2.79e-09   3.94798951e+09  3.94797237e+09  6.06e-02      25s
  40   1.34e-07 1.86e-09   3.94797730e+09  3.94797484e+09  8.69e-03      25s
  41   1.42e-07 3.73e-09   3.94797523e+09  3.94797501e+09  7.72e-04      26s
  42   3.80e-07 1.86e-09   3.94797506e+09  3.94797504e+09  6.34e-05      26s
  43*  5.89e-07 9.31e-10   3.94797505e+09  3.94797505e+09  6.17e-06      26s
Summary
    Runtime:                                            26.38s
    Status interior point solve:                        optimal
    Status crossover:                                   not run
    objective value:                                    3.94797505e+09
    interior solution primal residual (abs/rel):        4.25e-07 / 2.91e-15
    interior solution dual residual (abs/rel):          9.31e-10 / 1.01e-16
    interior solution objective gap (abs/rel):          1.79e+00 / 4.53e-10
Ipx: IPM       optimal
Model   status      : Optimal
IPM       iterations: 43
Objective value     :  3.9685003192e+09
HiGHS run time      :         27.88
Presolving model
172332 rows, 437154 cols, 1071472 nonzeros
137035 rows, 300663 cols, 800348 nonzeros
136976 rows, 158417 cols, 513042 nonzeros
131735 rows, 152987 cols, 502125 nonzeros
Presolve : Reductions: rows 131735(-1539482); columns 152987(-980791); elements 502125(-4257881)
Solving the presolved LP
IPX model has 131735 rows, 152987 columns and 502125 nonzeros
Input
    Number of variables:                                152987
    Number of free variables:                           0
    Number of constraints:                              131735
    Number of equality constraints:                     11013
    Number of matrix entries:                           502125
    Matrix range:                                       [1e-02, 1e+00]
    RHS range:                                          [2e+05, 6e+07]
    Objective range:                                    [3e-04, 9e+06]
    Bounds range:                                       [2e+05, 1e+08]
Preprocessing
    Dualized model:                                     no
    Number of dense columns:                            0
    Range of scaling factors:                           [1.00e+00, 2.00e+00]
IPX version 1.0
Interior Point Solve
 Iter     P.res    D.res            P.obj           D.obj        mu     Time
   0   8.70e+06 2.24e+05   4.36117502e+13 -1.21180758e+17  2.62e+12       0s
   1   2.73e+06 1.53e+05   3.25806646e+16 -8.54986498e+16  1.64e+12       0s
   2   1.53e+06 1.15e+05   4.64533603e+16 -6.81139187e+16  1.45e+12       0s
   3   4.34e+05 4.65e+04   3.90936400e+16 -2.90149394e+16  6.14e+11       1s
   4   1.34e+05 1.46e+04   2.63487413e+16 -9.65587834e+15  2.22e+11       1s
   5   4.90e+04 4.67e+03   1.68439422e+16 -3.53015570e+15  9.53e+10       2s
   6   1.99e+04 1.45e+03   8.23319217e+15 -1.15787000e+15  3.77e+10       3s
 Constructing starting basis...
   7   1.04e+04 4.71e+02   5.13904694e+15 -4.63083838e+14  2.17e+10       5s
   8   4.06e+03 1.88e+02   2.06640520e+15 -2.12414408e+14  8.62e+09       6s
   9   6.07e+02 8.30e+01   6.66961686e+14 -1.22509726e+14  2.99e+09       6s
  10   2.26e+02 5.91e+01   4.35520831e+14 -8.97928632e+13  2.01e+09       7s
  11   9.77e+01 4.15e+01   2.68510041e+14 -6.18844306e+13  1.28e+09       8s
  12   5.18e+01 2.85e+01   1.74107763e+14 -4.10120761e+13  8.42e+08       8s
  13   2.71e+01 1.91e+01   1.27188683e+14 -2.83251047e+13  6.09e+08       9s
  14   1.25e+01 1.20e+01   7.89752191e+13 -1.81612490e+13  3.82e+08      10s
  15   4.75e+00 5.54e+00   3.64495869e+13 -8.50292949e+12  1.77e+08      10s
  16   1.03e+00 1.35e+00   1.60495075e+13 -2.43772656e+12  7.00e+07      11s
  17   5.44e-01 2.93e-01   9.82920789e+12 -6.01179652e+11  3.79e+07      12s
  18   3.51e-01 5.45e-02   7.08555115e+12 -1.76749295e+11  2.59e+07      12s
  19   1.84e-01 2.34e-02   4.34348879e+12 -1.04455120e+11  1.59e+07      13s
  20   7.55e-02 6.38e-03   2.32173660e+12 -5.09061613e+10  8.44e+06      13s
  21   2.81e-02 2.10e-03   1.25353719e+12 -2.96311739e+10  4.56e+06      14s
  22   1.50e-02 7.51e-04   7.48416595e+11 -1.23160631e+10  2.70e+06      15s
  23   6.82e-03 2.55e-04   4.78805431e+11 -7.78432425e+09  1.72e+06      15s
  24   2.00e-03 3.41e-05   1.65116969e+11  1.12951739e+09  5.80e+05      16s
  25   4.35e-04 8.43e-06   5.75331699e+10  2.43206514e+09  1.95e+05      16s
  26   6.69e-05 3.47e-06   2.50969494e+10  2.88804261e+09  7.85e+04      17s
  27   2.20e-05 1.20e-06   1.19209308e+10  3.43360388e+09  3.00e+04      17s
  28   1.35e-05 4.43e-07   8.98492745e+09  3.65115478e+09  1.89e+04      18s
  29   1.73e-06 8.85e-08   5.17269619e+09  3.74503216e+09  5.05e+03      18s
  30   5.96e-07 3.45e-08   4.31995476e+09  3.78024581e+09  1.91e+03      19s
  31   2.38e-07 1.86e-08   4.03094511e+09  3.79259503e+09  8.43e+02      20s
  32   8.94e-08 8.38e-09   3.91338428e+09  3.79963168e+09  4.02e+02      20s
  33   1.19e-07 3.73e-09   3.84238052e+09  3.80387763e+09  1.36e+02      21s
  34   2.09e-07 3.73e-09   3.81990772e+09  3.80522440e+09  5.19e+01      21s
  35   1.86e-07 1.86e-09   3.80988124e+09  3.80620465e+09  1.30e+01      22s
  36   4.47e-08 1.86e-09   3.80759279e+09  3.80651439e+09  3.81e+00      22s
  37   3.47e-08 2.79e-09   3.80685291e+09  3.80662119e+09  8.19e-01      23s
  38   3.73e-08 1.86e-09   3.80668995e+09  3.80665467e+09  1.25e-01      23s
  39   4.48e-08 1.86e-09   3.80666170e+09  3.80665580e+09  2.09e-02      24s
  40   4.47e-08 2.79e-09   3.80665649e+09  3.80665601e+09  1.70e-03      24s
  41   2.76e-07 3.73e-09   3.80665610e+09  3.80665605e+09  1.84e-04      24s
  42   2.68e-07 1.86e-09   3.80665606e+09  3.80665605e+09  4.15e-05      25s
  43*  2.61e-07 9.31e-10   3.80665605e+09  3.80665605e+09  4.75e-06      25s
Summary
    Runtime:                                            24.86s
    Status interior point solve:                        optimal
    Status crossover:                                   not run
    objective value:                                    3.80665605e+09
    interior solution primal residual (abs/rel):        3.20e-07 / 2.19e-15
    interior solution dual residual (abs/rel):          9.31e-10 / 1.01e-16
    interior solution objective gap (abs/rel):          1.29e+00 / 3.39e-10
Ipx: IPM       optimal
Model   status      : Optimal
IPM       iterations: 43
Objective value     :  3.8271813224e+09
HiGHS run time      :         26.36
Presolving model
172332 rows, 437154 cols, 1071472 nonzeros
137035 rows, 300663 cols, 800348 nonzeros
136976 rows, 158417 cols, 513042 nonzeros
131735 rows, 152987 cols, 502125 nonzeros
Presolve : Reductions: rows 131735(-1544492); columns 152987(-980791); elements 502125(-4262891)
Solving the presolved LP
IPX model has 131735 rows, 152987 columns and 502125 nonzeros
Input
    Number of variables:                                152987
    Number of free variables:                           0
    Number of constraints:                              131735
    Number of equality constraints:                     11013
    Number of matrix entries:                           502125
    Matrix range:                                       [1e-02, 1e+00]
    RHS range:                                          [2e+05, 6e+07]
    Objective range:                                    [3e-04, 9e+06]
    Bounds range:                                       [2e+05, 1e+08]
Preprocessing
    Dualized model:                                     no
    Number of dense columns:                            0
    Range of scaling factors:                           [1.00e+00, 2.00e+00]
IPX version 1.0
Interior Point Solve
 Iter     P.res    D.res            P.obj           D.obj        mu     Time
   0   8.70e+06 2.24e+05   4.42560277e+13 -1.21162081e+17  2.62e+12       0s
   1   2.73e+06 1.53e+05   3.25892166e+16 -8.54849290e+16  1.64e+12       0s
   2   1.53e+06 1.15e+05   4.64591088e+16 -6.81096968e+16  1.45e+12       0s
   3   4.34e+05 4.65e+04   3.90958034e+16 -2.90043105e+16  6.13e+11       1s
   4   1.33e+05 1.46e+04   2.63318161e+16 -9.64618351e+15  2.22e+11       1s
   5   4.91e+04 4.68e+03   1.68790657e+16 -3.53358570e+15  9.55e+10       2s
   6   1.99e+04 1.46e+03   8.23176025e+15 -1.15751948e+15  3.77e+10       3s
 Constructing starting basis...
   7   1.04e+04 4.69e+02   5.13679838e+15 -4.62687885e+14  2.16e+10       5s
   8   4.07e+03 1.88e+02   2.06995422e+15 -2.12803746e+14  8.64e+09       5s
   9   5.90e+02 8.22e+01   6.60071286e+14 -1.21895401e+14  2.96e+09       6s
  10   2.24e+02 5.89e+01   4.36854252e+14 -8.95888337e+13  2.02e+09       7s
  11   9.68e+01 4.14e+01   2.67285707e+14 -6.17850358e+13  1.28e+09       8s
  12   5.10e+01 2.84e+01   1.73181210e+14 -4.08467092e+13  8.38e+08       9s
  13   2.64e+01 1.91e+01   1.25698804e+14 -2.82397339e+13  6.03e+08       9s
  14   1.22e+01 1.17e+01   7.81030470e+13 -1.77586915e+13  3.77e+08      10s
  15   4.62e+00 5.58e+00   3.57944118e+13 -8.57388760e+12  1.75e+08      11s
  16   1.10e+00 7.40e-01   1.51856640e+13 -1.47300271e+12  6.14e+07      11s
  17   5.91e-01 1.45e-01   9.39261053e+12 -3.63644788e+11  3.50e+07      12s
  18   3.59e-01 3.88e-02   5.91915450e+12 -1.11640621e+11  2.15e+07      12s
  19   2.51e-01 2.25e-02   4.51659834e+12 -8.38516225e+10  1.64e+07      13s
  20   1.05e-01 6.75e-03   2.39499867e+12 -4.57361269e+10  8.68e+06      14s
  21   4.26e-02 2.78e-03   1.17811432e+12 -2.41088679e+10  4.27e+06      14s
  22   2.02e-02 7.81e-04   7.75305114e+11 -1.49470029e+10  2.80e+06      15s
  23   5.99e-03 2.56e-04   4.58481750e+11 -1.03131616e+10  1.66e+06      15s
  24   1.48e-03 3.41e-05   1.62949576e+11 -1.97971634e+08  5.77e+05      16s
  25   2.95e-04 6.92e-06   5.85144183e+10  2.07415087e+09  2.00e+05      16s
  26   5.47e-05 2.39e-06   2.39972127e+10  2.86901927e+09  7.47e+04      17s
  27   2.24e-05 9.48e-07   1.28405760e+10  3.37250868e+09  3.35e+04      17s
  28   1.49e-05 1.60e-07   1.05755634e+10  3.62361421e+09  2.46e+04      18s
  29   2.44e-06 3.07e-08   5.65769484e+09  3.71259885e+09  6.88e+03      18s
  30   5.96e-07 1.12e-08   4.32873081e+09  3.74892797e+09  2.05e+03      19s
  31   1.79e-07 5.59e-09   3.95591823e+09  3.76282571e+09  6.83e+02      20s
  32   8.94e-08 3.73e-09   3.86769146e+09  3.76891447e+09  3.49e+02      20s
  33   6.71e-08 3.73e-09   3.80949738e+09  3.77295508e+09  1.29e+02      21s
  34   7.81e-08 1.86e-09   3.78645334e+09  3.77427787e+09  4.31e+01      22s
  35   6.33e-08 1.86e-09   3.77890893e+09  3.77528484e+09  1.28e+01      22s
  36   4.53e-08 1.86e-09   3.77640908e+09  3.77556057e+09  3.00e+00      23s
  37   2.98e-08 1.86e-09   3.77584590e+09  3.77565739e+09  6.67e-01      23s
  38   5.22e-08 2.79e-09   3.77569508e+09  3.77568309e+09  4.24e-02      23s
  39   3.73e-08 1.86e-09   3.77568491e+09  3.77568389e+09  3.60e-03      24s
  40   4.17e-08 1.86e-09   3.77568413e+09  3.77568400e+09  4.78e-04      24s
  41   1.86e-07 9.31e-10   3.77568405e+09  3.77568402e+09  1.35e-04      25s
  42   5.14e-07 9.31e-10   3.77568402e+09  3.77568402e+09  1.99e-05      25s
  43*  8.20e-07 9.31e-10   3.77568402e+09  3.77568402e+09  1.61e-06      25s
Summary
    Runtime:                                            25.31s
    Status interior point solve:                        optimal
    Status crossover:                                   not run
    objective value:                                    3.77568402e+09
    interior solution primal residual (abs/rel):        8.12e-07 / 5.56e-15
    interior solution dual residual (abs/rel):          9.31e-10 / 1.01e-16
    interior solution objective gap (abs/rel):          4.12e-01 / 1.09e-10
Ipx: IPM       optimal
Model   status      : Optimal
IPM       iterations: 43
Objective value     :  3.7962092882e+09
HiGHS run time      :         26.80
Presolving model
172332 rows, 437154 cols, 1071472 nonzeros
137035 rows, 300663 cols, 800348 nonzeros
136976 rows, 158417 cols, 513042 nonzeros
131735 rows, 152987 cols, 502125 nonzeros
Presolve : Reductions: rows 131735(-1549502); columns 152987(-980791); elements 502125(-4267901)
Solving the presolved LP
IPX model has 131735 rows, 152987 columns and 502125 nonzeros
Input
    Number of variables:                                152987
    Number of free variables:                           0
    Number of constraints:                              131735
    Number of equality constraints:                     11013
    Number of matrix entries:                           502125
    Matrix range:                                       [1e-02, 1e+00]
    RHS range:                                          [2e+05, 6e+07]
    Objective range:                                    [3e-04, 9e+06]
    Bounds range:                                       [2e+05, 1e+08]
Preprocessing
    Dualized model:                                     no
    Number of dense columns:                            0
    Range of scaling factors:                           [1.00e+00, 2.00e+00]
IPX version 1.0
Interior Point Solve
 Iter     P.res    D.res            P.obj           D.obj        mu     Time
   0   8.70e+06 2.24e+05   4.42560277e+13 -1.21162081e+17  2.62e+12       0s
   1   2.73e+06 1.53e+05   3.25892166e+16 -8.54849290e+16  1.64e+12       0s
   2   1.53e+06 1.15e+05   4.64591088e+16 -6.81096968e+16  1.45e+12       0s
   3   4.34e+05 4.65e+04   3.90958034e+16 -2.90043105e+16  6.13e+11       1s
   4   1.33e+05 1.46e+04   2.63318160e+16 -9.64618350e+15  2.22e+11       1s
   5   4.91e+04 4.68e+03   1.68793769e+16 -3.53365600e+15  9.55e+10       2s
   6   1.99e+04 1.46e+03   8.23172323e+15 -1.15754053e+15  3.77e+10       3s
 Constructing starting basis...
   7   1.05e+04 4.70e+02   5.15124872e+15 -4.62835228e+14  2.17e+10       5s
   8   4.11e+03 1.89e+02   2.08260290e+15 -2.12787364e+14  8.68e+09       5s
   9   5.09e+02 8.40e+01   6.53653870e+14 -1.24167300e+14  2.95e+09       6s
  10   1.96e+02 6.00e+01   4.33451555e+14 -9.09504616e+13  2.01e+09       7s
  11   8.24e+01 4.21e+01   2.66263464e+14 -6.27121607e+13  1.28e+09       8s
  12   4.36e+01 2.86e+01   1.75818193e+14 -4.12315420e+13  8.50e+08       9s
  13   2.28e+01 1.92e+01   1.27352438e+14 -2.84943303e+13  6.11e+08       9s
  14   1.06e+01 1.16e+01   7.90075508e+13 -1.75200027e+13  3.79e+08      10s
  15   4.12e+00 5.65e+00   3.73361990e+13 -8.73074461e+12  1.81e+08      11s
  16   1.01e+00 1.73e+00   1.56398338e+13 -2.93145262e+12  7.15e+07      11s
  17   6.23e-01 3.82e-01   1.05905911e+13 -7.03105374e+11  4.12e+07      12s
  18   3.15e-01 7.09e-02   6.01927880e+12 -1.70059725e+11  2.21e+07      13s
  19   1.93e-01 3.12e-02   3.81191818e+12 -8.06545499e+10  1.39e+07      13s
  20   8.64e-02 1.12e-02   2.40006163e+12 -5.71556841e+10  8.76e+06      14s
  21   3.66e-02 3.72e-03   1.24143512e+12 -2.60546016e+10  4.51e+06      14s
  22   1.96e-02 1.25e-03   7.22346703e+11 -9.42392243e+09  2.60e+06      15s
  23   1.14e-02 5.07e-04   5.13256258e+11 -6.34557568e+09  1.84e+06      15s
  24   4.81e-03 6.76e-05   2.46806147e+11  7.28459948e+08  8.71e+05      16s
  25   1.34e-03 2.23e-05   8.98569921e+10  2.08126904e+09  3.11e+05      16s
  26   9.03e-05 6.21e-06   2.52393217e+10  2.83263938e+09  7.93e+04      17s
  27   4.51e-05 2.53e-06   1.53527518e+10  3.33934391e+09  4.25e+04      18s
  28   2.37e-05 6.28e-07   1.04820464e+10  3.61946143e+09  2.43e+04      18s
  29   4.14e-06 1.32e-07   5.49522803e+09  3.71601453e+09  6.29e+03      19s
  30   1.31e-06 5.12e-08   4.37274959e+09  3.74992843e+09  2.20e+03      19s
  31   4.47e-07 2.24e-08   4.00157272e+09  3.76354225e+09  8.42e+02      20s
  32   1.79e-07 1.02e-08   3.88656935e+09  3.76964345e+09  4.14e+02      21s
  33   6.71e-08 5.59e-09   3.81639605e+09  3.77278258e+09  1.54e+02      21s
  34   5.59e-08 2.79e-09   3.78912718e+09  3.77449532e+09  5.17e+01      22s
  35   4.47e-08 3.73e-09   3.77918901e+09  3.77527113e+09  1.39e+01      22s
  36   8.15e-08 2.79e-09   3.77641299e+09  3.77556724e+09  2.99e+00      23s
  37   5.39e-08 3.73e-09   3.77582383e+09  3.77565612e+09  5.93e-01      23s
  38   5.22e-08 1.86e-09   3.77569050e+09  3.77568083e+09  3.42e-02      24s
  39   2.98e-08 1.86e-09   3.77568478e+09  3.77568391e+09  3.10e-03      24s
  40   8.20e-08 1.86e-09   3.77568406e+09  3.77568400e+09  1.83e-04      25s
  41*  7.38e-07 9.31e-10   3.77568402e+09  3.77568402e+09  1.03e-05      25s
Summary
    Runtime:                                            25.05s
    Status interior point solve:                        optimal
    Status crossover:                                   not run
    objective value:                                    3.77568402e+09
    interior solution primal residual (abs/rel):        6.78e-07 / 4.64e-15
    interior solution dual residual (abs/rel):          9.31e-10 / 1.01e-16
    interior solution objective gap (abs/rel):          2.90e+00 / 7.67e-10
Ipx: IPM       optimal
Model   status      : Optimal
IPM       iterations: 41
Objective value     :  3.7962092902e+09
HiGHS run time      :         26.53
Running HiGHS 1.6.0: Copyright (c) 2023 HiGHS under MIT licence terms
Presolving model
51652 rows, 163299 cols, 371730 nonzeros
40381 rows, 108164 cols, 263423 nonzeros
40304 rows, 54061 cols, 153315 nonzeros
37958 rows, 49757 cols, 144657 nonzeros
Presolve : Reductions: rows 37958(-790502); columns 49757(-517498); elements 144657(-2169606)
Solving the presolved LP
IPX model has 37958 rows, 49757 columns and 144657 nonzeros
Input
    Number of variables:                                49757
    Number of free variables:                           0
    Number of constraints:                              37958
    Number of equality constraints:                     5764
    Number of matrix entries:                           144657
    Matrix range:                                       [1e-02, 1e+00]
    RHS range:                                          [2e+05, 1e+08]
    Objective range:                                    [2e-04, 1e+06]
    Bounds range:                                       [1e+05, 1e+08]
Preprocessing
    Dualized model:                                     no
    Number of dense columns:                            0
    Range of scaling factors:                           [1.00e+00, 2.00e+00]
IPX version 1.0
Interior Point Solve
 Iter     P.res    D.res            P.obj           D.obj        mu     Time
   0   1.25e+07 1.36e+05   4.69928740e+13 -2.42870234e+16  2.11e+12       0s
   1   3.05e+06 8.99e+04   7.84978803e+15 -1.69451620e+16  1.23e+12       0s
   2   1.34e+06 4.25e+04   1.04978327e+16 -9.94918809e+15  7.78e+11       0s
   3   3.16e+05 1.45e+04   8.01240642e+15 -3.95155661e+15  2.94e+11       0s
   4   1.22e+05 2.74e+03   5.00358627e+15 -8.30881963e+14  9.08e+10       0s
   5   5.81e+04 8.57e+02   2.81041469e+15 -3.17857089e+14  4.16e+10       0s
 Constructing starting basis...
   6   1.84e+04 2.96e+02   1.19760889e+15 -1.46256388e+14  1.75e+10       1s
   7   6.43e+03 1.88e+02   6.41054072e+14 -9.50349346e+13  9.65e+09       1s
   8   2.67e+03 1.15e+02   4.19063251e+14 -4.55469333e+13  6.09e+09       1s
   9   1.90e+03 9.08e+01   3.35476825e+14 -2.87190598e+13  4.78e+09       1s
  10   1.59e+03 4.79e+01   3.22711667e+14 -1.01450446e+13  4.20e+09       2s
  11   1.21e+03 3.57e+01   2.64805655e+14  2.70817972e+11  3.33e+09       2s
  12   1.01e+03 2.11e+01   2.54769671e+14  5.48195944e+12  3.08e+09       2s
  13   4.67e+02 8.60e+00   2.16755473e+14  1.38165890e+13  2.48e+09       2s
  14   2.27e+02 2.76e+00   1.44861683e+14  2.66119314e+13  1.42e+09       2s
  15   1.53e+02 1.52e+00   1.20068985e+14  3.02500224e+13  1.08e+09       2s
  16   1.38e+02 6.53e-01   1.17778892e+14  3.12508532e+13  1.03e+09       2s
  17   6.37e+01 2.61e-01   7.87324403e+13  3.55909349e+13  5.12e+08       2s
  18   1.24e+01 5.11e-02   6.01853402e+13  3.66572514e+13  2.79e+08       3s
  19   1.18e+00 1.32e-02   4.49328721e+13  3.80395194e+13  8.24e+07       3s
  20   2.18e-01 2.95e-03   4.07301196e+13  3.87298785e+13  2.38e+07       3s
  21   5.04e-02 1.09e-03   3.94888469e+13  3.88853768e+13  7.13e+06       3s
  22   1.69e-02 3.82e-04   3.91782797e+13  3.89467648e+13  2.72e+06       3s
  23   1.49e-02 2.44e-04   3.91690218e+13  3.89566366e+13  2.49e+06       3s
  24   8.94e-03 1.71e-04   3.91483053e+13  3.89628247e+13  2.17e+06       3s
  25   3.10e-03 1.06e-04   3.90519678e+13  3.89712207e+13  9.45e+05       4s
  26   1.68e-03 3.51e-05   3.90332822e+13  3.89793937e+13  6.30e+05       4s
  27   8.19e-04 1.57e-05   3.90114526e+13  3.89826648e+13  3.36e+05       4s
  28   7.78e-04 1.12e-05   3.90112408e+13  3.89830810e+13  3.29e+05       4s
  29   1.80e-04 5.50e-06   3.89928639e+13  3.89844487e+13  9.82e+04       4s
  30   3.91e-05 1.48e-06   3.89875412e+13  3.89854954e+13  2.39e+04       4s
  31   9.12e-06 5.68e-07   3.89863630e+13  3.89857400e+13  7.27e+03       4s
  32   3.96e-06 2.95e-07   3.89861312e+13  3.89858148e+13  3.69e+03       4s
  33   2.06e-06 2.24e-07   3.89860633e+13  3.89858326e+13  2.69e+03       5s
  34   1.07e-06 1.39e-07   3.89860180e+13  3.89858548e+13  1.90e+03       5s
  35   5.96e-07 9.73e-08   3.89859846e+13  3.89858665e+13  1.38e+03       5s
  36   3.28e-07 6.11e-08   3.89859582e+13  3.89858771e+13  9.47e+02       5s
  37   1.49e-07 3.96e-08   3.89859411e+13  3.89858835e+13  6.73e+02       5s
  38   8.94e-08 2.96e-08   3.89859312e+13  3.89858865e+13  5.22e+02       5s
  39   5.96e-08 1.63e-08   3.89859182e+13  3.89858911e+13  3.17e+02       5s
  40   4.12e-08 9.78e-09   3.89859115e+13  3.89858937e+13  2.07e+02       5s
  41   5.57e-08 3.49e-09   3.89859075e+13  3.89858960e+13  1.34e+02       5s
  42   7.62e-08 9.31e-10   3.89859032e+13  3.89858972e+13  7.01e+01       5s
  43   5.24e-08 4.66e-10   3.89859012e+13  3.89858976e+13  4.27e+01       6s
  44   5.99e-08 4.66e-10   3.89858994e+13  3.89858979e+13  1.79e+01       6s
  45   3.82e-08 2.33e-10   3.89858984e+13  3.89858979e+13  5.77e+00       6s
  46   1.04e-07 2.33e-10   3.89858980e+13  3.89858979e+13  5.09e-01       6s
  47*  8.57e-08 2.33e-10   3.89858979e+13  3.89858979e+13  4.12e-02       6s
Summary
    Runtime:                                            5.82s
    Status interior point solve:                        optimal
    Status crossover:                                   not run
    objective value:                                    3.89858979e+13
    interior solution primal residual (abs/rel):        1.04e-07 / 7.14e-16
    interior solution dual residual (abs/rel):          2.33e-10 / 1.78e-16
    interior solution objective gap (abs/rel):          3.53e+03 / 9.05e-11
Ipx: IPM       optimal
Model   status      : Optimal
IPM       iterations: 47
Objective value     :  3.9255579791e+13
HiGHS run time      :          6.51
Presolving model
51652 rows, 163299 cols, 371730 nonzeros
40381 rows, 108164 cols, 263423 nonzeros
40304 rows, 54061 cols, 153315 nonzeros
37958 rows, 49757 cols, 144657 nonzeros
Presolve : Reductions: rows 37958(-793007); columns 49757(-517498); elements 144657(-2172111)
Solving the presolved LP
IPX model has 37958 rows, 49757 columns and 144657 nonzeros
Input
    Number of variables:                                49757
    Number of free variables:                           0
    Number of constraints:                              37958
    Number of equality constraints:                     5764
    Number of matrix entries:                           144657
    Matrix range:                                       [1e-02, 1e+00]
    RHS range:                                          [2e+05, 1e+08]
    Objective range:                                    [2e-04, 1e+06]
    Bounds range:                                       [1e+05, 1e+08]
Preprocessing
    Dualized model:                                     no
    Number of dense columns:                            0
    Range of scaling factors:                           [1.00e+00, 2.00e+00]
IPX version 1.0
Interior Point Solve
 Iter     P.res    D.res            P.obj           D.obj        mu     Time
   0   1.25e+07 1.36e+05   7.54692241e+12 -2.45928523e+16  2.10e+12       0s
   1   3.02e+06 8.93e+04   7.16701175e+15 -1.71497433e+16  1.22e+12       0s
   2   1.34e+06 4.25e+04   9.70513192e+15 -1.01276473e+16  7.80e+11       0s
   3   3.13e+05 1.42e+04   7.53507604e+15 -3.97178092e+15  2.91e+11       0s
   4   1.23e+05 2.78e+03   4.73867277e+15 -8.90396067e+14  8.99e+10       0s
   5   5.79e+04 8.62e+02   2.63443576e+15 -3.58104308e+14  4.05e+10       0s
 Constructing starting basis...
   6   1.36e+04 2.93e+02   9.25488487e+14 -1.77859885e+14  1.47e+10       1s
   7   5.66e+03 1.88e+02   5.76064195e+14 -1.24457137e+14  9.37e+09       1s
   8   1.83e+03 1.19e+02   2.73555111e+14 -7.72223341e+13  4.82e+09       1s
   9   5.08e+02 5.93e+01   1.15488965e+14 -3.96030264e+13  2.17e+09       1s
  10   8.11e+01 1.73e+01   3.23244674e+13 -1.23684297e+13  6.28e+08       2s
  11   2.36e+01 2.93e+00   1.21929076e+13 -2.24956030e+12  1.87e+08       2s
  12   9.48e+00 5.43e-01   5.47452493e+12 -4.64796478e+11  7.27e+07       2s
  13   4.74e+00 3.93e-01   2.79481789e+12 -3.39624690e+11  3.88e+07       2s
  14   1.19e+00 1.93e-01   1.12230694e+12 -1.87738551e+11  1.65e+07       2s
  15   4.53e-01 4.76e-02   5.11994101e+11 -4.98521016e+10  6.86e+06       2s
  16   2.75e-01 2.74e-02   3.38161850e+11 -2.93993767e+10  4.47e+06       2s
  17   1.56e-01 1.52e-02   2.71635044e+11 -2.07538298e+10  3.54e+06       2s
  18   7.36e-02 7.29e-03   1.45271751e+11 -8.99334996e+09  1.86e+06       2s
  19   2.91e-02 3.29e-03   8.48451934e+10 -3.67095850e+09  1.06e+06       3s
  20   4.30e-03 1.29e-03   4.65351707e+10 -8.68612470e+08  5.64e+05       3s
  21   1.32e-03 2.96e-04   2.03871888e+10  2.09565397e+09  2.15e+05       3s
  22   3.56e-04 9.53e-05   9.74481229e+09  2.88046683e+09  8.03e+04       3s
  23   9.61e-05 4.64e-05   5.88552282e+09  3.13356323e+09  3.22e+04       3s
  24   2.13e-05 1.35e-05   4.09364945e+09  3.35302396e+09  8.65e+03       3s
  25   8.20e-06 5.50e-06   3.73785161e+09  3.41141662e+09  3.81e+03       3s
  26   3.28e-06 2.05e-06   3.58489079e+09  3.43843658e+09  1.71e+03       3s
  27   1.07e-06 1.10e-06   3.50563672e+09  3.44660592e+09  6.89e+02       4s
  28   3.58e-07 3.05e-07   3.47818279e+09  3.45363241e+09  2.87e+02       4s
  29   8.94e-08 7.57e-08   3.46315219e+09  3.45608577e+09  8.25e+01       4s
  30   4.97e-08 2.93e-08   3.45876689e+09  3.45667418e+09  2.44e+01       4s
  31   7.45e-08 4.19e-09   3.45740751e+09  3.45701873e+09  4.54e+00       4s
  32   4.94e-08 1.63e-09   3.45726195e+09  3.45705952e+09  2.36e+00       4s
  33   5.22e-08 4.66e-10   3.45713905e+09  3.45707596e+09  7.36e-01       4s
  34   3.73e-08 3.49e-10   3.45711720e+09  3.45707940e+09  4.41e-01       4s
  35   6.71e-08 2.33e-10   3.45709171e+09  3.45708007e+09  1.36e-01       4s
  36   5.81e-08 2.33e-10   3.45709071e+09  3.45708004e+09  1.24e-01       4s
  37   5.08e-08 2.33e-10   3.45708264e+09  3.45708021e+09  2.84e-02       4s
  38   4.39e-08 2.33e-10   3.45708171e+09  3.45708025e+09  1.70e-02       4s
  39   5.32e-08 2.33e-10   3.45708126e+09  3.45708026e+09  1.16e-02       5s
  40   3.73e-08 2.33e-10   3.45708085e+09  3.45708028e+09  6.65e-03       5s
  41   3.73e-08 4.66e-10   3.45708068e+09  3.45708028e+09  4.72e-03       5s
  42   5.72e-08 2.33e-10   3.45708042e+09  3.45708028e+09  1.64e-03       5s
  43   5.59e-08 2.33e-10   3.45708031e+09  3.45708028e+09  3.69e-04       5s
  44   7.45e-08 2.33e-10   3.45708029e+09  3.45708028e+09  7.97e-05       5s
  45*  1.97e-07 2.33e-10   3.45708028e+09  3.45708028e+09  2.18e-05       5s
Summary
    Runtime:                                            4.89s
    Status interior point solve:                        optimal
    Status crossover:                                   not run
    objective value:                                    3.45708028e+09
    interior solution primal residual (abs/rel):        4.17e-07 / 2.86e-15
    interior solution dual residual (abs/rel):          2.33e-10 / 1.78e-16
    interior solution objective gap (abs/rel):          1.86e+00 / 5.39e-10
Ipx: IPM       optimal
Model   status      : Optimal
IPM       iterations: 45
Objective value     :  3.4656718320e+09
HiGHS run time      :          5.56
Presolving model
51652 rows, 163299 cols, 371730 nonzeros
40381 rows, 108164 cols, 263423 nonzeros
40304 rows, 54061 cols, 153315 nonzeros
37958 rows, 49757 cols, 144657 nonzeros
Presolve : Reductions: rows 37958(-795512); columns 49757(-517498); elements 144657(-2174616)
Solving the presolved LP
IPX model has 37958 rows, 49757 columns and 144657 nonzeros
Input
    Number of variables:                                49757
    Number of free variables:                           0
    Number of constraints:                              37958
    Number of equality constraints:                     5764
    Number of matrix entries:                           144657
    Matrix range:                                       [1e-02, 1e+00]
    RHS range:                                          [2e+05, 1e+08]
    Objective range:                                    [2e-04, 1e+06]
    Bounds range:                                       [1e+05, 1e+08]
Preprocessing
    Dualized model:                                     no
    Number of dense columns:                            0
    Range of scaling factors:                           [1.00e+00, 2.00e+00]
IPX version 1.0
Interior Point Solve
 Iter     P.res    D.res            P.obj           D.obj        mu     Time
   0   1.25e+07 1.36e+05   9.91312650e+12 -2.46051260e+16  2.10e+12       0s
   1   3.02e+06 8.95e+04   7.26448818e+15 -1.71599490e+16  1.23e+12       0s
   2   1.34e+06 4.26e+04   9.82809682e+15 -1.01287431e+16  7.82e+11       0s
   3   3.13e+05 1.44e+04   7.61368149e+15 -4.01900177e+15  2.94e+11       0s
   4   1.22e+05 2.82e+03   4.77570221e+15 -8.92748602e+14  9.04e+10       0s
   5   5.71e+04 8.61e+02   2.65318745e+15 -3.53961753e+14  4.05e+10       0s
 Constructing starting basis...
   6   1.39e+04 2.94e+02   9.45911476e+14 -1.74914311e+14  1.49e+10       1s
   7   5.71e+03 1.90e+02   5.94947409e+14 -1.23435700e+14  9.58e+09       1s
   8   1.69e+03 1.23e+02   2.71132549e+14 -7.80069729e+13  4.81e+09       1s
   9   9.87e+02 8.37e+01   1.94045342e+14 -5.39869492e+13  3.42e+09       1s
  10   6.38e+02 3.55e+01   1.37903200e+14 -2.36983485e+13  2.11e+09       2s
  11   2.08e+02 2.29e+01   5.25889301e+13 -1.58386963e+13  9.43e+08       2s
  12   5.35e+01 2.73e+00   1.76115115e+13 -2.18228722e+12  2.49e+08       2s
  13   2.35e+01 6.03e-01   8.54411433e+12 -5.57695613e+11  1.10e+08       2s
  14   1.62e+01 3.04e-01   5.95561438e+12 -2.92087995e+11  7.50e+07       2s
  15   2.93e+00 9.44e-02   1.80457801e+12 -1.35642138e+11  2.34e+07       2s
  16   1.38e+00 3.48e-02   9.47740616e+11 -5.60120034e+10  1.20e+07       2s
  17   8.71e-01 2.08e-02   6.37818136e+11 -3.54432857e+10  8.05e+06       2s
  18   5.22e-01 1.35e-02   5.18610298e+11 -3.04723531e+10  6.60e+06       2s
  19   2.20e-01 2.52e-03   2.38805782e+11 -4.81911715e+09  2.88e+06       3s
  20   1.08e-01 2.96e-04   1.50892084e+11 -1.69584762e+09  1.79e+06       3s
  21   3.06e-02 8.37e-05   5.19661095e+10  1.13297927e+09  5.94e+05       3s
  22   1.15e-02 1.14e-05   2.35981718e+10  2.34416814e+09  2.48e+05       3s
  23   2.36e-03 3.80e-06   8.46139054e+09  2.65573840e+09  6.78e+04       3s
  24   7.20e-04 1.49e-06   5.09053990e+09  2.80307450e+09  2.67e+04       3s
  25   3.16e-04 5.76e-07   3.99490714e+09  2.88934298e+09  1.29e+04       3s
  26   2.36e-05 1.20e-07   3.25764960e+09  2.92834127e+09  3.84e+03       3s
  27   9.83e-06 5.01e-08   3.10007859e+09  2.94493861e+09  1.81e+03       4s
  28   2.74e-06 1.72e-08   3.01839978e+09  2.95286517e+09  7.65e+02       4s
  29   7.45e-07 5.24e-09   2.98095664e+09  2.95701551e+09  2.79e+02       4s
  30   2.38e-07 1.28e-09   2.96749594e+09  2.95888984e+09  1.00e+02       4s
  31   5.96e-08 2.33e-10   2.96147963e+09  2.95939317e+09  2.44e+01       4s
  32   1.08e-07 3.49e-10   2.96032470e+09  2.95949190e+09  9.72e+00       4s
  33   4.60e-08 2.33e-10   2.96000219e+09  2.95951498e+09  5.69e+00       4s
  34   4.11e-08 4.66e-10   2.95981860e+09  2.95952035e+09  3.48e+00       4s
  35   4.84e-08 2.33e-10   2.95972699e+09  2.95952082e+09  2.41e+00       4s
  36   3.84e-08 2.33e-10   2.95964789e+09  2.95952090e+09  1.48e+00       4s
  37   8.20e-08 2.33e-10   2.95953405e+09  2.95952219e+09  1.38e-01       4s
  38   7.82e-08 2.33e-10   2.95952527e+09  2.95952250e+09  3.23e-02       4s
  39   6.40e-08 2.33e-10   2.95952366e+09  2.95952258e+09  1.26e-02       5s
  40   4.26e-08 2.33e-10   2.95952271e+09  2.95952259e+09  1.33e-03       5s
  41   8.28e-08 2.33e-10   2.95952262e+09  2.95952260e+09  3.09e-04       5s
  42   6.71e-08 2.33e-10   2.95952260e+09  2.95952260e+09  3.72e-05       5s
  43*  1.86e-07 1.16e-10   2.95952260e+09  2.95952260e+09  8.09e-06       5s
Summary
    Runtime:                                            4.79s
    Status interior point solve:                        optimal
    Status crossover:                                   not run
    objective value:                                    2.95952260e+09
    interior solution primal residual (abs/rel):        3.73e-07 / 2.55e-15
    interior solution dual residual (abs/rel):          2.04e-10 / 1.56e-16
    interior solution objective gap (abs/rel):          6.77e-01 / 2.29e-10
Ipx: IPM       optimal
Model   status      : Optimal
IPM       iterations: 43
Objective value     :  2.9681141461e+09
HiGHS run time      :          5.47
Presolving model
51652 rows, 163299 cols, 371730 nonzeros
40381 rows, 108164 cols, 263423 nonzeros
40304 rows, 54061 cols, 153315 nonzeros
37958 rows, 49757 cols, 144657 nonzeros
Presolve : Reductions: rows 37958(-798017); columns 49757(-517498); elements 144657(-2177121)
Solving the presolved LP
IPX model has 37958 rows, 49757 columns and 144657 nonzeros
Input
    Number of variables:                                49757
    Number of free variables:                           0
    Number of constraints:                              37958
    Number of equality constraints:                     5764
    Number of matrix entries:                           144657
    Matrix range:                                       [1e-02, 1e+00]
    RHS range:                                          [2e+05, 1e+08]
    Objective range:                                    [2e-04, 1e+06]
    Bounds range:                                       [1e+05, 1e+08]
Preprocessing
    Dualized model:                                     no
    Number of dense columns:                            0
    Range of scaling factors:                           [1.00e+00, 2.00e+00]
IPX version 1.0
Interior Point Solve
 Iter     P.res    D.res            P.obj           D.obj        mu     Time
   0   1.25e+07 1.36e+05   9.91722435e+12 -2.46048990e+16  2.10e+12       0s
   1   3.02e+06 8.95e+04   7.26536797e+15 -1.71591605e+16  1.23e+12       0s
   2   1.34e+06 4.26e+04   9.82910213e+15 -1.01282170e+16  7.82e+11       0s
   3   3.13e+05 1.44e+04   7.61443910e+15 -4.01799813e+15  2.94e+11       0s
   4   1.22e+05 2.81e+03   4.77491136e+15 -8.92295488e+14  9.03e+10       0s
   5   5.71e+04 8.61e+02   2.65341421e+15 -3.53993015e+14  4.05e+10       0s
 Constructing starting basis...
   6   1.42e+04 2.94e+02   9.47996128e+14 -1.74141423e+14  1.49e+10       1s
   7   5.76e+03 1.88e+02   5.98823526e+14 -1.21904678e+14  9.60e+09       1s
   8   1.73e+03 1.14e+02   2.76685130e+14 -7.20480857e+13  4.76e+09       1s
   9   1.16e+03 8.28e+01   2.16125722e+14 -5.37217047e+13  3.67e+09       1s
  10   7.86e+02 2.14e+01   1.92700588e+14 -2.57582838e+13  2.71e+09       2s
  11   1.98e+02 1.14e+01   8.21664077e+13 -1.62317281e+13  1.25e+09       2s
  12   4.65e+01 1.52e+00   2.99304299e+13 -3.12449272e+12  4.02e+08       2s
  13   1.40e+01 4.03e-01   9.92799593e+12 -8.70276601e+11  1.30e+08       2s
  14   4.96e+00 9.05e-02   4.01279137e+12 -2.27199027e+11  5.05e+07       2s
  15   3.70e+00 5.35e-02   3.14309151e+12 -1.52178751e+11  3.91e+07       2s
  16   1.07e+00 3.15e-02   1.00911440e+12 -9.26825386e+10  1.32e+07       2s
  17   1.66e-01 1.95e-02   5.07650229e+11 -6.75001388e+10  7.09e+06       2s
  18   4.01e-02 5.52e-03   1.57479234e+11 -1.88562114e+10  2.15e+06       3s
  19   7.03e-03 1.22e-03   4.22182421e+10 -2.39907906e+09  5.34e+05       3s
  20   5.41e-03 1.38e-04   3.75616001e+10  1.08163876e+09  4.27e+05       3s
  21   2.27e-03 9.90e-06   1.99037990e+10  2.14552676e+09  2.07e+05       3s
  22   5.53e-04 2.27e-06   7.64235122e+09  2.59400256e+09  5.89e+04       3s
  23   1.18e-04 7.33e-07   4.11112026e+09  2.73735810e+09  1.60e+04       3s
  24   4.99e-05 3.52e-07   3.49273924e+09  2.78227446e+09  8.29e+03       3s
  25   2.30e-05 1.25e-07   3.18848507e+09  2.81531372e+09  4.36e+03       3s
  26   8.43e-06 5.29e-08   2.99194161e+09  2.82818448e+09  1.91e+03       4s
  27   2.03e-06 1.33e-08   2.90475409e+09  2.83534342e+09  8.10e+02       4s
  28   7.15e-07 4.42e-09   2.86640218e+09  2.83895939e+09  3.20e+02       4s
  29   2.38e-07 1.16e-09   2.85110129e+09  2.84040489e+09  1.25e+02       4s
  30   8.94e-08 4.66e-10   2.84479499e+09  2.84086514e+09  4.59e+01       4s
  31   4.28e-08 4.66e-10   2.84205909e+09  2.84096366e+09  1.28e+01       4s
  32   8.94e-08 2.33e-10   2.84115866e+09  2.84106745e+09  1.06e+00       4s
  33   7.18e-08 2.33e-10   2.84109230e+09  2.84108421e+09  9.44e-02       4s
  34   5.88e-08 2.33e-10   2.84109133e+09  2.84108856e+09  3.24e-02       4s
  35   4.00e-08 2.33e-10   2.84108945e+09  2.84108918e+09  3.12e-03       4s
  36   8.57e-08 4.66e-10   2.84108923e+09  2.84108922e+09  1.15e-04       4s
  37*  1.28e-07 2.33e-10   2.84108923e+09  2.84108923e+09  3.07e-05       4s
Summary
    Runtime:                                            4.46s
    Status interior point solve:                        optimal
    Status crossover:                                   not run
    objective value:                                    2.84108923e+09
    interior solution primal residual (abs/rel):        7.75e-07 / 5.31e-15
    interior solution dual residual (abs/rel):          2.33e-10 / 1.78e-16
    interior solution objective gap (abs/rel):          2.63e+00 / 9.26e-10
Ipx: IPM       optimal
Model   status      : Optimal
IPM       iterations: 37
Objective value     :  2.8496807762e+09
HiGHS run time      :          5.11
Presolving model
51652 rows, 163299 cols, 371730 nonzeros
40381 rows, 108164 cols, 263423 nonzeros
40304 rows, 54061 cols, 153315 nonzeros
37958 rows, 49757 cols, 144657 nonzeros
Presolve : Reductions: rows 37958(-800522); columns 49757(-517498); elements 144657(-2179626)
Solving the presolved LP
IPX model has 37958 rows, 49757 columns and 144657 nonzeros
Input
    Number of variables:                                49757
    Number of free variables:                           0
    Number of constraints:                              37958
    Number of equality constraints:                     5764
    Number of matrix entries:                           144657
    Matrix range:                                       [1e-02, 1e+00]
    RHS range:                                          [2e+05, 1e+08]
    Objective range:                                    [2e-04, 1e+06]
    Bounds range:                                       [1e+05, 1e+08]
Preprocessing
    Dualized model:                                     no
    Number of dense columns:                            0
    Range of scaling factors:                           [1.00e+00, 2.00e+00]
IPX version 1.0
Interior Point Solve
 Iter     P.res    D.res            P.obj           D.obj        mu     Time
   0   1.25e+07 1.36e+05   9.91722435e+12 -2.46048990e+16  2.10e+12       0s
   1   3.02e+06 8.95e+04   7.26536797e+15 -1.71591605e+16  1.23e+12       0s
   2   1.34e+06 4.26e+04   9.82910213e+15 -1.01282170e+16  7.82e+11       0s
   3   3.13e+05 1.44e+04   7.61443910e+15 -4.01799813e+15  2.94e+11       0s
   4   1.22e+05 2.81e+03   4.77491136e+15 -8.92295488e+14  9.03e+10       0s
   5   5.71e+04 8.61e+02   2.65341421e+15 -3.53993015e+14  4.05e+10       0s
 Constructing starting basis...
   6   1.42e+04 2.94e+02   9.47996128e+14 -1.74141423e+14  1.49e+10       1s
   7   5.76e+03 1.88e+02   5.98823526e+14 -1.21904678e+14  9.60e+09       1s
   8   1.73e+03 1.14e+02   2.76685130e+14 -7.20480857e+13  4.76e+09       1s
   9   1.16e+03 8.28e+01   2.16125722e+14 -5.37217047e+13  3.67e+09       1s
  10   7.86e+02 2.14e+01   1.92700588e+14 -2.57582838e+13  2.71e+09       2s
  11   1.98e+02 1.14e+01   8.21664077e+13 -1.62317281e+13  1.25e+09       2s
  12   4.65e+01 1.52e+00   2.99304299e+13 -3.12449272e+12  4.02e+08       2s
  13   1.40e+01 4.03e-01   9.92799593e+12 -8.70276601e+11  1.30e+08       2s
  14   4.96e+00 9.05e-02   4.01279137e+12 -2.27199027e+11  5.05e+07       2s
  15   3.70e+00 5.35e-02   3.14309151e+12 -1.52178751e+11  3.91e+07       2s
  16   1.07e+00 3.15e-02   1.00911440e+12 -9.26825386e+10  1.32e+07       2s
  17   1.66e-01 1.95e-02   5.07650229e+11 -6.75001388e+10  7.09e+06       2s
  18   4.01e-02 5.52e-03   1.57479234e+11 -1.88562114e+10  2.15e+06       3s
  19   7.03e-03 1.22e-03   4.22182421e+10 -2.39907906e+09  5.34e+05       3s
  20   5.41e-03 1.38e-04   3.75616001e+10  1.08163876e+09  4.27e+05       3s
  21   2.27e-03 9.90e-06   1.99037990e+10  2.14552676e+09  2.07e+05       3s
  22   5.53e-04 2.27e-06   7.64235122e+09  2.59400256e+09  5.89e+04       3s
  23   1.18e-04 7.33e-07   4.11112026e+09  2.73735810e+09  1.60e+04       3s
  24   4.99e-05 3.52e-07   3.49273924e+09  2.78227446e+09  8.29e+03       3s
  25   2.30e-05 1.25e-07   3.18848507e+09  2.81531372e+09  4.36e+03       3s
  26   8.43e-06 5.29e-08   2.99194161e+09  2.82818448e+09  1.91e+03       4s
  27   2.03e-06 1.33e-08   2.90475409e+09  2.83534342e+09  8.10e+02       4s
  28   7.15e-07 4.42e-09   2.86640218e+09  2.83895939e+09  3.20e+02       4s
  29   2.38e-07 1.16e-09   2.85110129e+09  2.84040489e+09  1.25e+02       4s
  30   8.94e-08 4.66e-10   2.84479499e+09  2.84086514e+09  4.59e+01       4s
  31   4.28e-08 4.66e-10   2.84205909e+09  2.84096366e+09  1.28e+01       4s
  32   8.94e-08 2.33e-10   2.84115866e+09  2.84106745e+09  1.06e+00       4s
  33   7.18e-08 2.33e-10   2.84109230e+09  2.84108421e+09  9.44e-02       4s
  34   5.88e-08 2.33e-10   2.84109133e+09  2.84108856e+09  3.24e-02       4s
  35   4.00e-08 2.33e-10   2.84108945e+09  2.84108918e+09  3.12e-03       4s
  36   8.57e-08 4.66e-10   2.84108923e+09  2.84108922e+09  1.15e-04       4s
  37*  1.28e-07 2.33e-10   2.84108923e+09  2.84108923e+09  3.07e-05       4s
Summary
    Runtime:                                            4.46s
    Status interior point solve:                        optimal
    Status crossover:                                   not run
    objective value:                                    2.84108923e+09
    interior solution primal residual (abs/rel):        7.75e-07 / 5.31e-15
    interior solution dual residual (abs/rel):          2.33e-10 / 1.78e-16
    interior solution objective gap (abs/rel):          2.63e+00 / 9.26e-10
Ipx: IPM       optimal
Model   status      : Optimal
IPM       iterations: 37
Objective value     :  2.8496807762e+09
HiGHS run time      :          5.12
[ Info: Rolling step not specified in scenaio.yaml file; Setting it to 10 years
[ Info: Demand-pathway mapping not specified in scenaio.yaml file; SERA will not look for eligible pathways for different demand types.
[ Info: Production capacity constraints from the grid model not defined. SERA will not create these constraints
[ Info: Regional technology limits not specified in scenaio.yaml file; SERA will not create these constraints
STARTING DATA PRE-PROCESSING 
Processing Temporal Data
Processing Nodes
Processing Demand
Processing Existings
Processing Links
Processing Pathways
Creating Infrastructure options
  4.882336 seconds (32.96 M allocations: 3.904 GiB, 25.85% gc time, 1.65% compilation time)

OPTIMIZING FROM 2026 TO 2035 

STARTING OPTIMIZATION MODEL CREATION
CREATING VARIABLES AND EXPRESSIONS
 12.876904 seconds (94.17 M allocations: 5.872 GiB, 30.28% gc time, 38.02% compilation time)
POPULATING EXPRESSIONS
 15.255653 seconds (71.15 M allocations: 11.005 GiB, 5.19% gc time, 1.20% compilation time)
CREATING CONSTRAINTS
  6.277809 seconds (51.37 M allocations: 2.651 GiB, 13.47% gc time, 12.56% compilation time)
POPULATED CORE OPTIMIZATION MODEL, STARTING ITERATIONS
READING COST DATA FOR ITERATION 1
 12.154061 seconds (43.66 M allocations: 4.179 GiB, 13.64% gc time, 2.87% compilation time)
CREATING EXPRESSIONS FOR CAPITAL AND FIXED COST
  7.098842 seconds (45.29 M allocations: 2.860 GiB, 42.76% gc time, 19.74% compilation time)
BUILDING OBJECTIVE FUNCTION
  2.515347 seconds (17.15 M allocations: 608.919 MiB, 40.41% compilation time)
Optimizing for iteration 1
 30.756569 seconds (17.30 M allocations: 1.602 GiB, 1.94% gc time, 0.08% compilation time)
OPTIMAL
5.8416078783144655e9
 =  1.0
READING COST DATA FOR ITERATION 2
 40.865583 seconds (36.20 M allocations: 4.024 GiB, 10.78% gc time, 0.08% compilation time)
CREATING EXPRESSIONS FOR CAPITAL AND FIXED COST
 19.655604 seconds (43.69 M allocations: 2.757 GiB, 85.49% gc time, 0.02% compilation time)
BUILDING OBJECTIVE FUNCTION
  4.172379 seconds (15.85 M allocations: 524.258 MiB, 61.49% gc time)
Optimizing for iteration 2
 25.876955 seconds (5 allocations: 32 bytes)
OPTIMAL
4.667181057289667e9
 =  0.2516351533417748
READING COST DATA FOR ITERATION 3
 44.077540 seconds (36.08 M allocations: 4.023 GiB, 16.78% gc time)
CREATING EXPRESSIONS FOR CAPITAL AND FIXED COST
 23.578792 seconds (43.69 M allocations: 2.757 GiB, 86.82% gc time)
BUILDING OBJECTIVE FUNCTION
  4.277054 seconds (15.85 M allocations: 524.258 MiB, 62.14% gc time)
Optimizing for iteration 3
 27.895920 seconds (2 allocations: 32 bytes)
OPTIMAL
3.9685003191615334e9
 =  0.176056616338037
READING COST DATA FOR ITERATION 4
 52.197890 seconds (36.07 M allocations: 3.994 GiB, 31.88% gc time)
CREATING EXPRESSIONS FOR CAPITAL AND FIXED COST
 20.838933 seconds (43.69 M allocations: 2.757 GiB, 85.58% gc time)
BUILDING OBJECTIVE FUNCTION
  1.998155 seconds (15.85 M allocations: 524.258 MiB, 14.58% gc time)
Optimizing for iteration 4
 26.380395 seconds (2 allocations: 32 bytes)
OPTIMAL
3.827181322367342e9
 =  0.036925085301886956
READING COST DATA FOR ITERATION 5
 52.435375 seconds (36.06 M allocations: 3.995 GiB, 32.09% gc time)
CREATING EXPRESSIONS FOR CAPITAL AND FIXED COST
 18.200893 seconds (43.69 M allocations: 2.757 GiB, 83.15% gc time)
BUILDING OBJECTIVE FUNCTION
  4.266154 seconds (15.85 M allocations: 524.258 MiB, 62.96% gc time)
Optimizing for iteration 5
 26.812092 seconds (2 allocations: 32 bytes)
OPTIMAL
3.7962092881616755e9
 =  0.008158674049483939
READING COST DATA FOR ITERATION 6
 52.564555 seconds (36.06 M allocations: 3.993 GiB, 32.36% gc time)
CREATING EXPRESSIONS FOR CAPITAL AND FIXED COST
 18.210386 seconds (43.69 M allocations: 2.757 GiB, 83.31% gc time)
BUILDING OBJECTIVE FUNCTION
  4.352078 seconds (15.85 M allocations: 524.258 MiB, 62.49% gc time)
Optimizing for iteration 6
 26.549499 seconds (2 allocations: 32 bytes)
OPTIMAL
3.796209290182307e9
 =  5.32284598606442e-10
ITERATIONS COMPLETED
WRITING RESULTS TO FILE
  6.420482 seconds (10.25 M allocations: 464.002 MiB, 77.49% gc time, 43.59% compilation time)

OPTIMIZING FROM 2036 TO 2040 

STARTING OPTIMIZATION MODEL CREATION
CREATING VARIABLES AND EXPRESSIONS
 27.267339 seconds (43.28 M allocations: 2.631 GiB, 90.62% gc time, 0.72% compilation time)
POPULATING EXPRESSIONS
  7.929470 seconds (19.75 M allocations: 3.035 GiB, 47.47% gc time)
CREATING CONSTRAINTS
  9.342983 seconds (24.96 M allocations: 1.277 GiB, 71.94% gc time, 0.06% compilation time)
POPULATED CORE OPTIMIZATION MODEL, STARTING ITERATIONS
READING COST DATA FOR ITERATION 1
 14.768203 seconds (18.02 M allocations: 2.053 GiB, 65.48% gc time)
CREATING EXPRESSIONS FOR CAPITAL AND FIXED COST
  3.740226 seconds (11.39 M allocations: 742.187 MiB, 79.30% gc time)
BUILDING OBJECTIVE FUNCTION
  6.934804 seconds (7.48 M allocations: 249.036 MiB, 90.04% gc time)
Optimizing for iteration 1
 15.642204 seconds (8.99 M allocations: 817.700 MiB, 44.04% gc time)
OPTIMAL
3.925557979061859e13
 =  1.0
READING COST DATA FOR ITERATION 2
 23.502998 seconds (18.19 M allocations: 2.001 GiB, 54.69% gc time)
CREATING EXPRESSIONS FOR CAPITAL AND FIXED COST
  4.044170 seconds (11.39 M allocations: 742.187 MiB, 80.29% gc time)
BUILDING OBJECTIVE FUNCTION
  0.637375 seconds (7.48 M allocations: 257.284 MiB)
Optimizing for iteration 2
  5.569445 seconds (5 allocations: 11.975 MiB)
OPTIMAL
3.4656718319729004e9
 =  11325.975459263635
READING COST DATA FOR ITERATION 3
 24.959764 seconds (18.14 M allocations: 2.003 GiB, 56.79% gc time)
CREATING EXPRESSIONS FOR CAPITAL AND FIXED COST
  4.094484 seconds (11.39 M allocations: 742.187 MiB, 79.84% gc time)
BUILDING OBJECTIVE FUNCTION
  0.642920 seconds (7.48 M allocations: 257.284 MiB)
Optimizing for iteration 3
  5.483051 seconds (2 allocations: 32 bytes)
OPTIMAL
2.968114146100934e9
 =  0.167634282706281
READING COST DATA FOR ITERATION 4
 23.658792 seconds (18.14 M allocations: 2.000 GiB, 54.84% gc time)
CREATING EXPRESSIONS FOR CAPITAL AND FIXED COST
  4.105448 seconds (11.39 M allocations: 742.187 MiB, 79.85% gc time)
BUILDING OBJECTIVE FUNCTION
  0.641159 seconds (7.48 M allocations: 257.284 MiB)
Optimizing for iteration 4
  5.121679 seconds (2 allocations: 32 bytes)
OPTIMAL
2.8496807762462854e9
 =  0.04156022346147418
READING COST DATA FOR ITERATION 5
 23.748088 seconds (18.14 M allocations: 2.024 GiB, 54.88% gc time)
CREATING EXPRESSIONS FOR CAPITAL AND FIXED COST
  4.129294 seconds (11.39 M allocations: 742.187 MiB, 80.01% gc time)
BUILDING OBJECTIVE FUNCTION
  0.639683 seconds (7.48 M allocations: 257.284 MiB)
Optimizing for iteration 5
  5.127270 seconds (2 allocations: 32 bytes)
OPTIMAL
2.8496807762462854e9
 =  0.0
ITERATIONS COMPLETED
WRITING RESULTS TO FILE
  5.177260 seconds (8.67 M allocations: 424.879 MiB, 70.08% gc time, 15.95% compilation time)

THE OPTIMIZATION PROBLEM TOOK 14.63 MINUTES TO SOLVE. 
