Running HiGHS 1.6.0: Copyright (c) 2023 HiGHS under MIT licence terms
Presolving model
863568 rows, 1838807 cols, 4714146 nonzeros
653160 rows, 1218813 cols, 3470805 nonzeros
645068 rows, 723921 cols, 2477172 nonzeros
643534 rows, 721949 cols, 2473295 nonzeros
Presolve : Reductions: rows 643534(-7202953); columns 721949(-4518513); elements 2473295(-29646314)
Solving the presolved LP
IPX model has 643534 rows, 721949 columns and 2473295 nonzeros
Input
    Number of variables:                                721949
    Number of free variables:                           0
    Number of constraints:                              643534
    Number of equality constraints:                     40406
    Number of matrix entries:                           2473295
    Matrix range:                                       [1e-02, 1e+00]
    RHS range:                                          [2e+05, 1e+08]
    Objective range:                                    [2e-04, 8e+02]
    Bounds range:                                       [7e+05, 1e+08]
Preprocessing
    Dualized model:                                     no
    Number of dense columns:                            0
    Range of scaling factors:                           [1.00e+00, 2.00e+00]
IPX version 1.0
Interior Point Solve
 Iter     P.res    D.res            P.obj           D.obj        mu     Time
   0   1.67e+07 6.11e+01   8.32182623e+09 -1.54820550e+14  1.15e+09       0s
   1   5.26e+06 4.39e+01   2.84555577e+13 -1.19650941e+14  8.52e+08       1s
   2   2.82e+06 3.84e+01   4.50550642e+13 -1.11533106e+14  9.55e+08       3s
   3   1.46e+06 6.16e+00   4.23430290e+13 -2.01518818e+13  1.85e+08       5s
   4   2.82e+05 1.92e+00   2.65665832e+13 -7.50695754e+12  6.07e+07       9s
 Constructing starting basis...
   5   2.75e+04 6.53e-01   1.31433979e+13 -3.17448117e+12  2.14e+07      24s
   6   7.59e+03 2.77e-01   6.59413525e+12 -1.48049723e+12  8.58e+06      34s
   7   5.87e+02 9.92e-02   2.90047502e+12 -6.91615859e+11  3.19e+06      43s
   8   1.51e+02 4.45e-02   1.36147530e+12 -3.48295067e+11  1.39e+06      52s
   9   5.21e+01 1.63e-02   7.43004429e+11 -1.48637139e+11  6.76e+05      60s
  10   2.51e+01 6.04e-03   4.67918335e+11 -6.29414280e+10  3.89e+05      68s
  11   1.67e+01 3.71e-03   3.81687127e+11 -4.32142071e+10  3.09e+05      78s
  12   8.26e+00 2.71e-03   2.32614296e+11 -3.12168641e+10  1.91e+05      88s
  13   1.58e+00 1.50e-03   1.17038419e+11 -1.65456289e+10  9.62e+04      98s
  14   9.34e-01 6.89e-04   9.67061959e+10 -5.07052073e+09  7.30e+04     111s
  15   6.29e-01 3.83e-04   7.80552529e+10  3.83595294e+08  5.56e+04     124s
  16   4.69e-01 1.85e-04   6.96624727e+10  3.46723820e+09  4.73e+04     140s
  17   3.18e-01 1.24e-04   5.39410651e+10  5.25957292e+09  3.48e+04     155s
  18   2.22e-01 5.88e-05   4.63226131e+10  6.68837192e+09  2.83e+04     170s
  19   1.61e-01 3.36e-05   3.92090316e+10  7.59376258e+09  2.26e+04     186s
  20   9.17e-02 1.98e-05   2.90275193e+10  8.27001699e+09  1.48e+04     200s
  21   5.70e-02 1.32e-05   2.37189714e+10  8.60707654e+09  1.08e+04     215s
  22   2.90e-02 7.53e-06   1.80651858e+10  9.01250548e+09  6.46e+03     227s
  23   2.44e-02 5.69e-06   1.70314265e+10  9.15513527e+09  5.62e+03     240s
  24   1.70e-02 2.82e-06   1.54225611e+10  9.37619172e+09  4.32e+03     251s
  25   1.07e-02 1.33e-06   1.38171410e+10  9.51675464e+09  3.07e+03     261s
  26   7.26e-03 8.39e-07   1.28370674e+10  9.57338034e+09  2.33e+03     272s
  27   3.59e-03 4.87e-07   1.17317762e+10  9.61913414e+09  1.51e+03     283s
  28   2.08e-03 3.09e-07   1.13368840e+10  9.63861654e+09  1.21e+03     293s
  29   1.11e-03 2.11e-07   1.07828252e+10  9.66518066e+09  7.98e+02     303s
  30   5.83e-04 9.49e-08   1.04622689e+10  9.69899693e+09  5.45e+02     314s
  31   1.69e-04 5.75e-08   1.02169317e+10  9.70960288e+09  3.62e+02     324s
  32   1.37e-04 2.87e-08   1.01613073e+10  9.72526039e+09  3.11e+02     334s
  33   4.71e-05 1.66e-08   1.00631104e+10  9.72899611e+09  2.38e+02     344s
  34   2.78e-05 1.14e-08   9.94846512e+09  9.73612484e+09  1.52e+02     353s
  35   6.41e-06 7.73e-09   9.88678033e+09  9.73902195e+09  1.05e+02     362s
  36   2.21e-06 3.54e-09   9.82220114e+09  9.74560567e+09  5.47e+01     371s
  37   1.01e-06 2.03e-09   9.79492041e+09  9.74851112e+09  3.31e+01     380s
  38   3.87e-07 1.36e-09   9.77938682e+09  9.74983729e+09  2.11e+01     389s
  39   1.79e-07 4.04e-10   9.76937651e+09  9.75217929e+09  1.23e+01     397s
  40   8.71e-08 1.41e-10   9.75924884e+09  9.75313651e+09  4.36e+00     405s
  41   1.32e-07 1.49e-11   9.75652884e+09  9.75364353e+09  2.06e+00     413s
  42   9.19e-08 2.27e-13   9.75477141e+09  9.75373825e+09  7.37e-01     420s
  43   7.99e-08 2.27e-13   9.75394340e+09  9.75379062e+09  1.09e-01     428s
  44   1.33e-07 2.27e-13   9.75386072e+09  9.75380372e+09  4.07e-02     435s
  45   1.06e-07 2.27e-13   9.75381355e+09  9.75380905e+09  3.22e-03     441s
  46   9.82e-08 2.27e-13   9.75381068e+09  9.75381000e+09  4.90e-04     449s
  47   1.53e-07 2.27e-13   9.75381025e+09  9.75381021e+09  3.04e-05     457s
  48*  8.79e-08 2.27e-13   9.75381023e+09  9.75381023e+09  1.68e-06     465s
Summary
    Runtime:                                            465.10s
    Status interior point solve:                        optimal
    Status crossover:                                   not run
    objective value:                                    9.75381023e+09
    interior solution primal residual (abs/rel):        2.09e-07 / 1.43e-15
    interior solution dual residual (abs/rel):          9.32e-11 / 1.10e-13
    interior solution objective gap (abs/rel):          2.37e+00 / 2.43e-10
Ipx: IPM       optimal
Model   status      : Optimal
IPM       iterations: 48
Objective value     :  9.7538102304e+09
HiGHS run time      :        474.53
Presolving model
863568 rows, 1838807 cols, 4714146 nonzeros
653160 rows, 1218813 cols, 3470805 nonzeros
645068 rows, 723921 cols, 2477172 nonzeros
643534 rows, 721949 cols, 2473295 nonzeros
Presolve : Reductions: rows 643534(-7225498); columns 721949(-4518513); elements 2473295(-29668859)
Solving the presolved LP
IPX model has 643534 rows, 721949 columns and 2473295 nonzeros
Input
    Number of variables:                                721949
    Number of free variables:                           0
    Number of constraints:                              643534
    Number of equality constraints:                     40406
    Number of matrix entries:                           2473295
    Matrix range:                                       [1e-02, 1e+00]
    RHS range:                                          [2e+05, 1e+08]
    Objective range:                                    [2e-04, 1e+07]
    Bounds range:                                       [7e+05, 1e+08]
Preprocessing
    Dualized model:                                     no
    Number of dense columns:                            0
    Range of scaling factors:                           [1.00e+00, 2.00e+00]
IPX version 1.0
Interior Point Solve
 Iter     P.res    D.res            P.obj           D.obj        mu     Time
   0   1.67e+07 2.79e+06   2.34648384e+14 -7.08543452e+18  5.18e+13       0s
   1   5.33e+06 2.03e+06   5.33160357e+17 -5.53969807e+18  3.97e+13       1s
   2   2.88e+06 1.77e+06   8.70540997e+17 -5.16425356e+18  4.50e+13       3s
   3   1.44e+06 2.85e+05   8.64905776e+17 -9.50002790e+17  8.16e+12       5s
   4   2.75e+05 5.95e+04   6.48722813e+17 -2.72049150e+17  2.02e+12       9s
 Constructing starting basis...
   5   3.15e+04 1.45e+04   3.52228666e+17 -9.53776185e+16  6.16e+11      25s
   6   6.93e+03 5.79e+03   1.78877921e+17 -4.56887072e+16  2.50e+11      34s
   7   1.41e+03 1.80e+03   9.55751116e+16 -2.00517405e+16  1.04e+11      43s
   8   4.79e+02 6.43e+02   4.70107770e+16 -8.53403123e+15  4.48e+10      56s
   9   2.10e+02 2.31e+02   2.56938330e+16 -3.60244373e+15  2.23e+10      68s
  10   7.26e+01 9.16e+01   1.09851811e+16 -1.57376182e+15  9.39e+09      79s
  11   3.14e+01 3.02e+01   5.68546590e+15 -6.12858218e+14  4.63e+09      89s
  12   1.13e+01 1.24e+01   4.24306817e+15 -4.39099082e+14  3.43e+09     100s
  13   3.32e+00 7.40e+00   1.64839928e+15 -2.81237367e+14  1.43e+09     111s
  14   1.05e+00 4.72e+00   8.24052716e+14 -1.91448855e+14  7.62e+08     119s
  15   2.71e-01 1.64e+00   4.57541615e+14 -8.40100282e+13  4.01e+08     127s
  16   9.50e-02 8.03e-01   1.93239878e+14 -4.27732345e+13  1.75e+08     134s
  17   3.53e-02 8.60e-02   1.12817191e+14 -9.10223458e+12  8.78e+07     142s
  18   1.15e-02 3.44e-03   5.09654393e+13 -1.84422500e+12  3.77e+07     149s
  19   5.01e-03 8.45e-04   2.71243059e+13 -9.41096457e+11  2.00e+07     157s
  20   1.42e-03 4.98e-04   1.29486844e+13 -7.67088191e+11  9.80e+06     164s
  21   6.39e-04 1.25e-04   8.67168259e+12 -4.58352525e+11  6.52e+06     173s
  22   3.34e-06 9.30e-05   4.18341450e+12 -4.13313435e+11  3.28e+06     182s
  23   2.38e-06 3.28e-05   2.38828062e+12 -1.96773969e+11  1.85e+06     191s
  24   1.67e-06 1.71e-05   1.29089471e+12 -1.15656641e+11  1.00e+06     200s
  25   1.43e-06 8.57e-06   9.34087568e+11 -6.78631257e+10  7.15e+05     209s
  26   8.34e-07 5.55e-06   7.70090654e+11 -5.12805765e+10  5.86e+05     218s
  27   9.54e-07 3.07e-06   6.44355889e+11 -3.65416262e+10  4.86e+05     226s
  28   4.77e-07 1.82e-06   5.37795464e+11 -2.85348748e+10  4.04e+05     234s
  29   4.77e-07 9.67e-07   4.24345015e+11 -1.83848834e+10  3.16e+05     242s
  30   5.96e-07 5.09e-07   3.24586614e+11 -1.19881797e+10  2.40e+05     250s
  31   2.68e-07 2.66e-07   2.44117416e+11 -7.61717112e+09  1.80e+05     258s
  32   2.24e-07 1.39e-07   1.33048711e+11 -2.56950928e+08  9.51e+04     265s
  33   1.94e-07 8.57e-08   7.74166196e+10  2.70461018e+09  5.33e+04     273s
  34   1.34e-07 5.31e-08   3.98950501e+10  5.05033989e+09  2.49e+04     280s
  35   2.20e-07 2.89e-08   2.80793652e+10  6.67630420e+09  1.53e+04     288s
  36   1.40e-07 1.68e-08   1.84763392e+10  7.92390228e+09  7.53e+03     295s
  37   1.91e-07 9.31e-09   1.38234795e+10  8.70109662e+09  3.66e+03     303s
  38   1.26e-07 7.45e-09   1.12494606e+10  9.01412996e+09  1.60e+03     310s
  39   1.19e-07 5.59e-09   1.01339005e+10  9.24925621e+09  6.31e+02     317s
  40   1.34e-07 3.73e-09   9.67171832e+09  9.32072027e+09  2.51e+02     324s
  41   8.20e-08 3.73e-09   9.55298473e+09  9.36829530e+09  1.32e+02     331s
  42   9.06e-08 3.73e-09   9.44631056e+09  9.38123794e+09  4.64e+01     337s
  43   2.53e-07 3.73e-09   9.40465430e+09  9.38673041e+09  1.28e+01     342s
  44   2.03e-07 2.79e-09   9.39201001e+09  9.38811889e+09  2.78e+00     348s
  45   2.53e-07 3.73e-09   9.38940252e+09  9.38893467e+09  3.34e-01     353s
  46   1.34e-07 3.73e-09   9.38909305e+09  9.38905062e+09  3.03e-02     358s
  47   7.84e-08 3.73e-09   9.38906322e+09  9.38905728e+09  4.24e-03     363s
  48   2.91e-07 3.73e-09   9.38905854e+09  9.38905797e+09  4.09e-04     368s
  49   1.56e-06 1.86e-09   9.38905820e+09  9.38905813e+09  4.85e-05     374s
  50*  9.69e-07 1.86e-09   9.38905818e+09  9.38905817e+09  4.88e-06     380s
Summary
    Runtime:                                            379.63s
    Status interior point solve:                        optimal
    Status crossover:                                   not run
    objective value:                                    9.38905818e+09
    interior solution primal residual (abs/rel):        1.80e-06 / 1.23e-14
    interior solution dual residual (abs/rel):          9.31e-10 / 9.62e-17
    interior solution objective gap (abs/rel):          5.62e+00 / 5.98e-10
Ipx: IPM       optimal
Model   status      : Optimal
IPM       iterations: 50
Objective value     :  9.3890581766e+09
HiGHS run time      :        388.44
Presolving model
863568 rows, 1838807 cols, 4714146 nonzeros
653160 rows, 1218813 cols, 3470805 nonzeros
645068 rows, 723921 cols, 2477172 nonzeros
643534 rows, 721949 cols, 2473295 nonzeros
Presolve : Reductions: rows 643534(-7248043); columns 721949(-4518513); elements 2473295(-29691404)
Solving the presolved LP
IPX model has 643534 rows, 721949 columns and 2473295 nonzeros
Input
    Number of variables:                                721949
    Number of free variables:                           0
    Number of constraints:                              643534
    Number of equality constraints:                     40406
    Number of matrix entries:                           2473295
    Matrix range:                                       [1e-02, 1e+00]
    RHS range:                                          [2e+05, 1e+08]
    Objective range:                                    [2e-04, 1e+07]
    Bounds range:                                       [7e+05, 1e+08]
Preprocessing
    Dualized model:                                     no
    Number of dense columns:                            0
    Range of scaling factors:                           [1.00e+00, 2.00e+00]
IPX version 1.0
Interior Point Solve
 Iter     P.res    D.res            P.obj           D.obj        mu     Time
   0   1.67e+07 2.79e+06   2.42509246e+14 -7.08492107e+18  5.18e+13       0s
   1   5.32e+06 2.03e+06   5.37318128e+17 -5.53913793e+18  3.96e+13       1s
   2   2.88e+06 1.77e+06   8.76964218e+17 -5.16366478e+18  4.50e+13       3s
   3   1.44e+06 2.84e+05   8.71601458e+17 -9.49140958e+17  8.15e+12       5s
   4   2.68e+05 5.97e+04   6.53350994e+17 -2.71668235e+17  2.02e+12       9s
 Constructing starting basis...
   5   3.09e+04 1.47e+04   3.56937472e+17 -9.59510908e+16  6.21e+11      25s
   6   6.59e+03 5.81e+03   1.80498280e+17 -4.55999736e+16  2.49e+11      34s
   7   1.40e+03 1.59e+03   9.89870118e+16 -1.88904531e+16  1.02e+11      42s
   8   3.48e+02 5.51e+02   4.07848083e+16 -7.89931298e+15  3.86e+10      54s
   9   1.01e+02 2.33e+02   1.88392409e+16 -3.86484190e+15  1.74e+10      66s
  10   2.80e+01 8.72e+01   7.61130877e+15 -1.58257368e+15  6.90e+09      76s
  11   1.22e+01 4.57e+01   4.49035654e+15 -8.97416090e+14  4.02e+09      86s
  12   5.17e+00 2.35e+01   3.36788022e+15 -5.58244012e+14  2.91e+09      98s
  13   2.27e+00 1.51e+01   1.74902690e+15 -3.62884023e+14  1.58e+09     110s
  14   1.09e+00 1.06e+01   1.13882917e+15 -2.63419155e+14  1.05e+09     119s
  15   2.62e-01 6.01e+00   4.12354214e+14 -1.53692973e+14  4.35e+08     127s
  16   6.62e-02 3.43e+00   2.49781876e+14 -9.36250214e+13  2.64e+08     135s
  17   3.95e-02 1.53e+00   1.84173676e+14 -4.51867022e+13  1.72e+08     142s
  18   1.48e-02 3.59e-01   7.72874930e+13 -1.10592502e+13  6.50e+07     150s
  19   4.37e-03 5.31e-02   3.18870150e+13 -2.32456172e+12  2.47e+07     158s
  20   1.37e-03 1.23e-02   1.12363705e+13 -6.17650831e+11  8.52e+06     165s
  21   5.47e-04 5.78e-03   5.02411061e+12 -3.14012883e+11  3.83e+06     172s
  22   2.00e-04 3.30e-03   2.84765439e+12 -2.17821043e+11  2.20e+06     179s
  23   9.52e-05 1.27e-03   1.85229791e+12 -1.14429955e+11  1.41e+06     186s
  24   4.23e-05 5.99e-04   1.19744773e+12 -7.13904110e+10  9.07e+05     195s
  25   1.55e-05 3.68e-04   6.83957988e+11 -4.99592520e+10  5.25e+05     202s
  26   6.91e-06 1.99e-04   4.85288931e+11 -3.23364675e+10  3.70e+05     210s
  27   3.34e-06 6.78e-05   3.18530704e+11 -1.22792100e+10  2.36e+05     218s
  28   1.67e-06 2.88e-05   2.28501754e+11 -5.51975294e+09  1.67e+05     226s
  29   8.05e-07 9.74e-06   1.44404324e+11  7.35056628e+08  1.03e+05     234s
  30   3.87e-07 4.14e-06   8.37155642e+10  3.95129392e+09  5.69e+04     241s
  31   1.35e-07 9.57e-07   3.57584584e+10  5.96040704e+09  2.13e+04     248s
  32   2.76e-07 3.86e-07   1.97949825e+10  6.97432602e+09  9.15e+03     255s
  33   1.71e-07 1.43e-07   1.25337567e+10  7.34257099e+09  3.71e+03     263s
  34   1.06e-07 5.59e-08   9.25717233e+09  7.61500604e+09  1.17e+03     270s
  35   1.12e-07 2.24e-08   8.42254017e+09  7.73338389e+09  4.92e+02     277s
  36   1.37e-07 1.21e-08   8.08928680e+09  7.76788315e+09  2.29e+02     284s
  37   1.01e-07 5.59e-09   7.91623936e+09  7.79635111e+09  8.56e+01     290s
  38   1.58e-07 4.66e-09   7.84143236e+09  7.80576895e+09  2.55e+01     296s
  39   1.32e-07 3.73e-09   7.81949545e+09  7.81026786e+09  6.59e+00     302s
  40   1.55e-07 3.73e-09   7.81244123e+09  7.81131140e+09  8.06e-01     307s
  41   1.19e-07 3.73e-09   7.81156819e+09  7.81147912e+09  6.36e-02     312s
  42   1.86e-07 3.73e-09   7.81150705e+09  7.81150207e+09  3.55e-03     318s
  43   2.87e-07 3.73e-09   7.81150337e+09  7.81150318e+09  1.41e-04     323s
  44   4.25e-07 1.86e-09   7.81150329e+09  7.81150327e+09  1.45e-05     328s
  45*  4.25e-07 9.31e-10   7.81150327e+09  7.81150327e+09  1.71e-06     332s
Summary
    Runtime:                                            332.46s
    Status interior point solve:                        optimal
    Status crossover:                                   not run
    objective value:                                    7.81150327e+09
    interior solution primal residual (abs/rel):        7.60e-07 / 5.21e-15
    interior solution dual residual (abs/rel):          9.31e-10 / 9.62e-17
    interior solution objective gap (abs/rel):          1.81e+00 / 2.32e-10
Ipx: IPM       optimal
Model   status      : Optimal
IPM       iterations: 45
Objective value     :  7.8115032723e+09
HiGHS run time      :        341.32
Presolving model
863568 rows, 1838807 cols, 4714146 nonzeros
653160 rows, 1218813 cols, 3470805 nonzeros
645068 rows, 723921 cols, 2477172 nonzeros
643534 rows, 721949 cols, 2473295 nonzeros
Presolve : Reductions: rows 643534(-7270588); columns 721949(-4518513); elements 2473295(-29713949)
Solving the presolved LP
IPX model has 643534 rows, 721949 columns and 2473295 nonzeros
Input
    Number of variables:                                721949
    Number of free variables:                           0
    Number of constraints:                              643534
    Number of equality constraints:                     40406
    Number of matrix entries:                           2473295
    Matrix range:                                       [1e-02, 1e+00]
    RHS range:                                          [2e+05, 1e+08]
    Objective range:                                    [2e-04, 1e+07]
    Bounds range:                                       [7e+05, 1e+08]
Preprocessing
    Dualized model:                                     no
    Number of dense columns:                            0
    Range of scaling factors:                           [1.00e+00, 2.00e+00]
IPX version 1.0
Interior Point Solve
 Iter     P.res    D.res            P.obj           D.obj        mu     Time
   0   1.67e+07 2.79e+06   2.43410284e+14 -7.08967345e+18  5.19e+13       0s
   1   5.32e+06 2.03e+06   5.37676930e+17 -5.54285910e+18  3.97e+13       1s
   2   2.88e+06 1.77e+06   8.77711919e+17 -5.16713461e+18  4.50e+13       3s
   3   1.44e+06 2.85e+05   8.72379304e+17 -9.49803777e+17  8.16e+12       5s
   4   2.68e+05 5.97e+04   6.54087748e+17 -2.71852013e+17  2.03e+12       9s
 Constructing starting basis...
   5   3.09e+04 1.48e+04   3.57336684e+17 -9.60014743e+16  6.22e+11      25s
   6   6.65e+03 5.82e+03   1.80801176e+17 -4.55781404e+16  2.50e+11      34s
   7   1.41e+03 1.63e+03   9.90379701e+16 -1.91393139e+16  1.03e+11      43s
   8   3.48e+02 5.71e+02   4.06465461e+16 -8.02993556e+15  3.87e+10      56s
   9   9.93e+01 2.40e+02   1.86294104e+16 -3.89775671e+15  1.73e+10      68s
  10   3.14e+01 1.06e+02   8.27001527e+15 -1.84850837e+15  7.64e+09      78s
  11   1.20e+01 5.84e+01   4.44654032e+15 -1.07786309e+15  4.16e+09      90s
  12   4.60e+00 3.36e+01   3.32788720e+15 -7.03924075e+14  3.03e+09     101s
  13   1.54e+00 2.03e+01   1.52285401e+15 -4.30700009e+14  1.48e+09     111s
  14   4.75e-01 1.40e+01   9.72662342e+14 -3.10287787e+14  9.86e+08     120s
  15   1.05e-01 6.98e+00   4.29685606e+14 -1.61695763e+14  4.59e+08     129s
  16   5.01e-02 3.42e+00   3.26769596e+14 -8.80397154e+13  3.15e+08     137s
  17   4.50e-02 2.40e+00   2.97953149e+14 -6.27367485e+13  2.71e+08     145s
  18   1.27e-02 1.02e+00   1.09436083e+14 -2.80615514e+13  1.04e+08     152s
  19   3.98e-03 1.39e-01   4.90481189e+13 -4.93724921e+12  3.93e+07     161s
  20   1.43e-03 3.06e-02   1.98698314e+13 -1.25034239e+12  1.52e+07     169s
  21   3.87e-04 8.36e-03   6.73779702e+12 -4.18133422e+11  5.14e+06     176s
  22   3.09e-04 5.84e-03   5.80946490e+12 -3.29519082e+11  4.41e+06     184s
  23   1.63e-04 3.44e-03   3.35554700e+12 -2.06287087e+11  2.55e+06     192s
  24   1.07e-04 1.47e-03   2.64235796e+12 -1.28882219e+11  1.98e+06     199s
  25   7.14e-05 3.32e-04   2.10519452e+12 -7.07119327e+10  1.55e+06     207s
  26   3.52e-05 1.91e-04   1.11200989e+12 -4.12198178e+10  8.23e+05     215s
  27   8.46e-06 2.79e-05   6.70346356e+11 -2.68141329e+10  4.98e+05     223s
  28   2.92e-06 9.98e-06   3.43335154e+11 -1.11764306e+10  2.53e+05     231s
  29   1.07e-06 3.24e-06   1.85088301e+11 -2.25623167e+09  1.34e+05     239s
  30   2.38e-07 1.02e-06   9.34007187e+10  2.00253022e+09  6.52e+04     247s
  31   1.34e-07 3.76e-07   4.71818341e+10  4.91214168e+09  3.02e+04     255s
  32   1.49e-07 8.94e-08   2.29254105e+10  6.74490580e+09  1.15e+04     262s
  33   1.34e-07 2.51e-08   1.49211274e+10  7.18212056e+09  5.52e+03     270s
  34   1.43e-07 1.12e-08   1.06151151e+10  7.48124374e+09  2.24e+03     277s
  35   8.19e-08 6.52e-09   8.64058345e+09  7.57010819e+09  7.64e+02     284s
  36   1.07e-07 3.73e-09   8.05482123e+09  7.62130916e+09  3.09e+02     291s
  37   2.17e-07 3.73e-09   7.81298418e+09  7.65224214e+09  1.15e+02     297s
  38   2.42e-07 3.73e-09   7.74072425e+09  7.66652090e+09  5.30e+01     304s
  39   1.27e-07 3.73e-09   7.69879404e+09  7.67424709e+09  1.75e+01     309s
  40   2.01e-07 3.73e-09   7.68430431e+09  7.67697705e+09  5.23e+00     315s
  41   1.16e-07 3.73e-09   7.67860671e+09  7.67754047e+09  7.61e-01     320s
  42   1.86e-07 3.73e-09   7.67792136e+09  7.67780162e+09  8.55e-02     326s
  43   1.64e-07 3.73e-09   7.67784317e+09  7.67782627e+09  1.21e-02     331s
  44   2.01e-07 3.73e-09   7.67783490e+09  7.67783310e+09  1.29e-03     337s
  45   4.54e-07 2.79e-09   7.67783439e+09  7.67783413e+09  1.85e-04     342s
  46   7.08e-07 9.31e-10   7.67783436e+09  7.67783432e+09  3.48e-05     349s
  47*  2.16e-07 9.31e-10   7.67783436e+09  7.67783436e+09  3.08e-06     353s
Summary
    Runtime:                                            353.13s
    Status interior point solve:                        optimal
    Status crossover:                                   not run
    objective value:                                    7.67783436e+09
    interior solution primal residual (abs/rel):        2.53e-07 / 1.74e-15
    interior solution dual residual (abs/rel):          9.31e-10 / 9.62e-17
    interior solution objective gap (abs/rel):          2.80e+00 / 3.65e-10
Ipx: IPM       optimal
Model   status      : Optimal
IPM       iterations: 47
Objective value     :  7.6778343573e+09
HiGHS run time      :        361.99
Presolving model
863568 rows, 1838807 cols, 4714146 nonzeros
653160 rows, 1218813 cols, 3470805 nonzeros
645068 rows, 723921 cols, 2477172 nonzeros
643534 rows, 721949 cols, 2473295 nonzeros
Presolve : Reductions: rows 643534(-7293133); columns 721949(-4518513); elements 2473295(-29736494)
Solving the presolved LP
IPX model has 643534 rows, 721949 columns and 2473295 nonzeros
Input
    Number of variables:                                721949
    Number of free variables:                           0
    Number of constraints:                              643534
    Number of equality constraints:                     40406
    Number of matrix entries:                           2473295
    Matrix range:                                       [1e-02, 1e+00]
    RHS range:                                          [2e+05, 1e+08]
    Objective range:                                    [2e-04, 1e+07]
    Bounds range:                                       [7e+05, 1e+08]
Preprocessing
    Dualized model:                                     no
    Number of dense columns:                            0
    Range of scaling factors:                           [1.00e+00, 2.00e+00]
IPX version 1.0
Interior Point Solve
 Iter     P.res    D.res            P.obj           D.obj        mu     Time
   0   1.67e+07 2.79e+06   2.43791890e+14 -7.09055702e+18  5.19e+13       0s
   1   5.32e+06 2.03e+06   5.37784594e+17 -5.54355592e+18  3.97e+13       1s
   2   2.88e+06 1.77e+06   8.77907405e+17 -5.16782579e+18  4.51e+13       3s
   3   1.44e+06 2.85e+05   8.72592915e+17 -9.49958906e+17  8.16e+12       5s
   4   2.68e+05 5.97e+04   6.54378922e+17 -2.71885932e+17  2.03e+12       9s
 Constructing starting basis...
   5   3.17e+04 1.47e+04   3.58809830e+17 -9.61127218e+16  6.23e+11      25s
   6   6.85e+03 5.81e+03   1.81676791e+17 -4.56623611e+16  2.51e+11      33s
   7   1.48e+03 1.78e+03   9.97148795e+16 -2.01301810e+16  1.06e+11      43s
   8   3.46e+02 6.39e+02   4.06394896e+16 -8.58798343e+15  3.96e+10      54s
   9   1.07e+02 2.71e+02   1.95210822e+16 -4.18008606e+15  1.83e+10      66s
  10   3.19e+01 1.08e+02   8.17642815e+15 -1.78866649e+15  7.52e+09      76s
  11   1.02e+01 5.45e+01   4.09875139e+15 -9.71077821e+14  3.82e+09      87s
  12   4.23e+00 2.68e+01   3.10940001e+15 -5.66489697e+14  2.74e+09      98s
  13   1.94e+00 1.88e+01   1.65613651e+15 -3.98214603e+14  1.55e+09     107s
  14   4.29e-01 1.24e+01   8.57155909e+14 -2.74316344e+14  8.67e+08     115s
  15   1.24e-01 6.98e+00   3.98856564e+14 -1.59477869e+14  4.33e+08     124s
  16   4.36e-02 3.70e+00   2.90738561e+14 -9.24522291e+13  2.93e+08     132s
  17   3.78e-02 2.32e+00   2.59319792e+14 -5.92037078e+13  2.40e+08     140s
  18   1.13e-02 8.62e-01   9.36301758e+13 -2.28690276e+13  8.76e+07     147s
  19   4.14e-03 1.58e-01   4.52562513e+13 -5.01734332e+12  3.67e+07     155s
  20   1.42e-03 3.03e-02   1.85941363e+13 -1.19236108e+12  1.43e+07     163s
  21   3.99e-04 1.11e-02   7.00472062e+12 -5.25795747e+11  5.42e+06     170s
  22   2.43e-04 5.36e-03   5.30453459e+12 -3.34382668e+11  4.05e+06     178s
  23   1.41e-04 3.43e-03   3.38797634e+12 -2.27014666e+11  2.59e+06     185s
  24   9.82e-05 1.71e-03   2.74974299e+12 -1.48957738e+11  2.07e+06     192s
  25   3.89e-05 7.12e-04   1.77679141e+12 -9.77902572e+10  1.34e+06     199s
  26   2.20e-05 2.36e-04   1.08720839e+12 -3.50279826e+10  8.02e+05     207s
  27   1.13e-05 9.90e-06   7.94314429e+11 -2.19560445e+10  5.83e+05     215s
  28   4.89e-06 7.30e-06   4.04771082e+11 -1.59947414e+10  3.00e+05     223s
  29   1.37e-06 1.92e-06   1.90564412e+11 -3.19349443e+09  1.38e+05     231s
  30   6.26e-07 8.23e-07   1.04028714e+11  1.88820702e+09  7.29e+04     238s
  31   2.38e-07 3.78e-07   4.48875005e+10  4.66591613e+09  2.87e+04     246s
  32   1.88e-07 1.30e-07   2.30207563e+10  6.40675024e+09  1.19e+04     253s
  33   1.30e-07 4.28e-08   1.50288943e+10  7.03948802e+09  5.70e+03     261s
  34   1.36e-07 1.86e-08   1.08200329e+10  7.26480991e+09  2.54e+03     268s
  35   1.81e-07 1.02e-08   8.89788173e+09  7.41649474e+09  1.06e+03     275s
  36   1.19e-07 6.52e-09   8.13567271e+09  7.48251074e+09  4.66e+02     281s
  37   1.27e-07 3.73e-09   7.77342153e+09  7.51365117e+09  1.85e+02     288s
  38   1.19e-07 3.73e-09   7.62912749e+09  7.53183134e+09  6.94e+01     294s
  39   1.12e-07 3.73e-09   7.56976327e+09  7.53848021e+09  2.23e+01     300s
  40   1.07e-07 3.73e-09   7.54901472e+09  7.54238670e+09  4.73e+00     306s
  41   1.16e-07 3.73e-09   7.54408750e+09  7.54338322e+09  5.03e-01     312s
  42   2.12e-07 3.73e-09   7.54369892e+09  7.54364767e+09  3.66e-02     317s
  43   1.71e-07 2.79e-09   7.54366999e+09  7.54366316e+09  4.88e-03     323s
  44   4.77e-07 3.73e-09   7.54366850e+09  7.54366671e+09  1.28e-03     328s
  45   4.77e-07 9.31e-10   7.54366844e+09  7.54366836e+09  5.91e-05     335s
  46*  5.51e-07 9.31e-10   7.54366842e+09  7.54366841e+09  4.41e-06     341s
Summary
    Runtime:                                            340.90s
    Status interior point solve:                        optimal
    Status crossover:                                   not run
    objective value:                                    7.54366842e+09
    interior solution primal residual (abs/rel):        7.30e-07 / 5.00e-15
    interior solution dual residual (abs/rel):          9.31e-10 / 9.62e-17
    interior solution objective gap (abs/rel):          5.15e+00 / 6.82e-10
Ipx: IPM       optimal
Model   status      : Optimal
IPM       iterations: 46
Objective value     :  7.5436684174e+09
HiGHS run time      :        349.78
Presolving model
863568 rows, 1838807 cols, 4714146 nonzeros
653160 rows, 1218813 cols, 3470805 nonzeros
645068 rows, 723921 cols, 2477172 nonzeros
643534 rows, 721949 cols, 2473295 nonzeros
Presolve : Reductions: rows 643534(-7315678); columns 721949(-4518513); elements 2473295(-29759039)
Solving the presolved LP
IPX model has 643534 rows, 721949 columns and 2473295 nonzeros
Input
    Number of variables:                                721949
    Number of free variables:                           0
    Number of constraints:                              643534
    Number of equality constraints:                     40406
    Number of matrix entries:                           2473295
    Matrix range:                                       [1e-02, 1e+00]
    RHS range:                                          [2e+05, 1e+08]
    Objective range:                                    [2e-04, 1e+07]
    Bounds range:                                       [7e+05, 1e+08]
Preprocessing
    Dualized model:                                     no
    Number of dense columns:                            0
    Range of scaling factors:                           [1.00e+00, 2.00e+00]
IPX version 1.0
Interior Point Solve
 Iter     P.res    D.res            P.obj           D.obj        mu     Time
   0   1.67e+07 2.79e+06   2.43796516e+14 -7.09055661e+18  5.19e+13       0s
   1   5.32e+06 2.03e+06   5.37786837e+17 -5.54355558e+18  3.97e+13       1s
   2   2.88e+06 1.77e+06   8.77910952e+17 -5.16782550e+18  4.51e+13       3s
   3   1.44e+06 2.85e+05   8.72596654e+17 -9.49958626e+17  8.16e+12       5s
   4   2.68e+05 5.97e+04   6.54285611e+17 -2.71884331e+17  2.03e+12       9s
 Constructing starting basis...
   5   3.13e+04 1.47e+04   3.58287347e+17 -9.59465963e+16  6.22e+11      25s
   6   6.74e+03 5.85e+03   1.81333102e+17 -4.58678974e+16  2.51e+11      34s
   7   1.43e+03 1.71e+03   9.97437341e+16 -1.97857232e+16  1.05e+11      42s
   8   3.33e+02 6.11e+02   4.01846199e+16 -8.38724184e+15  3.89e+10      54s
   9   1.00e+02 2.58e+02   1.91239822e+16 -4.07681312e+15  1.78e+10      66s
  10   3.04e+01 1.05e+02   8.06468166e+15 -1.77788398e+15  7.43e+09      78s
  11   9.67e+00 5.36e+01   4.00392240e+15 -9.71108048e+14  3.75e+09      90s
  12   4.24e+00 2.60e+01   3.19037970e+15 -5.68485416e+14  2.80e+09     103s
  13   1.91e+00 1.87e+01   1.64673427e+15 -4.08918133e+14  1.55e+09     113s
  14   3.97e-01 1.19e+01   8.63032197e+14 -2.72670749e+14  8.68e+08     122s
  15   1.13e-01 6.70e+00   3.99856144e+14 -1.58790577e+14  4.32e+08     131s
  16   3.57e-02 3.62e+00   2.79196300e+14 -9.33363614e+13  2.86e+08     139s
  17   3.05e-02 2.16e+00   2.47434485e+14 -5.70822945e+13  2.29e+08     147s
  18   9.43e-03 7.48e-01   9.12208687e+13 -2.05930940e+13  8.38e+07     155s
  19   3.22e-03 1.32e-01   4.23836504e+13 -4.47287431e+12  3.41e+07     164s
  20   1.07e-03 2.74e-02   1.69248010e+13 -1.12856293e+12  1.30e+07     172s
  21   3.43e-04 1.10e-02   7.87123347e+12 -5.80363785e+11  6.08e+06     180s
  22   2.60e-04 6.47e-03   6.42171709e+12 -3.84517803e+11  4.89e+06     188s
  23   1.19e-04 3.89e-03   4.03770676e+12 -2.77410200e+11  3.10e+06     195s
  24   8.03e-05 1.77e-03   3.32397145e+12 -1.83714468e+11  2.51e+06     203s
  25   3.24e-05 1.10e-03   2.31082193e+12 -1.48282000e+11  1.76e+06     211s
  26   7.51e-06 4.52e-04   1.00770311e+12 -7.85888828e+10  7.77e+05     220s
  27   4.17e-06 1.80e-04   6.99351877e+11 -3.85686136e+10  5.27e+05     228s
  28   2.15e-06 6.15e-05   4.63957677e+11 -1.67305202e+10  3.43e+05     236s
  29   1.19e-06 1.08e-05   2.87027728e+11 -2.09289379e+09  2.06e+05     244s
  30   4.17e-07 4.49e-06   1.42637620e+11  1.21159476e+09  1.01e+05     251s
  31   1.19e-07 1.97e-06   5.92351757e+10  4.11872698e+09  3.93e+04     259s
  32   1.29e-07 5.32e-07   2.85939228e+10  6.14724408e+09  1.60e+04     266s
  33   1.03e-07 1.79e-07   1.79659168e+10  6.92940550e+09  7.88e+03     273s
  34   2.08e-07 7.64e-08   1.07691811e+10  7.21385941e+09  2.54e+03     280s
  35   1.40e-07 3.35e-08   8.61044740e+09  7.37687162e+09  8.80e+02     287s
  36   1.23e-07 1.68e-08   7.98819007e+09  7.44463747e+09  3.88e+02     294s
  37   1.04e-07 9.31e-09   7.73727608e+09  7.48074297e+09  1.83e+02     301s
  38   1.94e-07 5.59e-09   7.60043061e+09  7.50156378e+09  7.06e+01     306s
  39   1.34e-07 3.73e-09   7.54725314e+09  7.51029003e+09  2.64e+01     312s
  40   1.43e-07 2.79e-09   7.52834270e+09  7.51383976e+09  1.04e+01     318s
  41   1.83e-07 2.79e-09   7.51592421e+09  7.51455197e+09  9.79e-01     323s
  42   1.49e-07 2.79e-09   7.51478641e+09  7.51469942e+09  6.21e-02     328s
  43   1.94e-07 2.79e-09   7.51473930e+09  7.51471860e+09  1.48e-02     333s
  44   1.65e-07 3.73e-09   7.51472781e+09  7.51472550e+09  1.65e-03     338s
  45   2.73e-07 3.73e-09   7.51472648e+09  7.51472623e+09  1.81e-04     344s
  46   6.50e-07 2.79e-09   7.51472631e+09  7.51472629e+09  1.72e-05     349s
  47*  7.17e-07 9.31e-10   7.51472630e+09  7.51472629e+09  2.83e-06     352s
Summary
    Runtime:                                            352.26s
    Status interior point solve:                        optimal
    Status crossover:                                   not run
    objective value:                                    7.51472630e+09
    interior solution primal residual (abs/rel):        6.85e-07 / 4.69e-15
    interior solution dual residual (abs/rel):          9.31e-10 / 9.62e-17
    interior solution objective gap (abs/rel):          3.22e+00 / 4.29e-10
Ipx: IPM       optimal
Model   status      : Optimal
IPM       iterations: 47
Objective value     :  7.5147262973e+09
HiGHS run time      :        361.08
Presolving model
863568 rows, 1838807 cols, 4714146 nonzeros
653160 rows, 1218813 cols, 3470805 nonzeros
645068 rows, 723921 cols, 2477172 nonzeros
643534 rows, 721949 cols, 2473295 nonzeros
Presolve : Reductions: rows 643534(-7338223); columns 721949(-4518513); elements 2473295(-29781584)
Solving the presolved LP
IPX model has 643534 rows, 721949 columns and 2473295 nonzeros
Input
    Number of variables:                                721949
    Number of free variables:                           0
    Number of constraints:                              643534
    Number of equality constraints:                     40406
    Number of matrix entries:                           2473295
    Matrix range:                                       [1e-02, 1e+00]
    RHS range:                                          [2e+05, 1e+08]
    Objective range:                                    [2e-04, 1e+07]
    Bounds range:                                       [7e+05, 1e+08]
Preprocessing
    Dualized model:                                     no
    Number of dense columns:                            0
    Range of scaling factors:                           [1.00e+00, 2.00e+00]
IPX version 1.0
Interior Point Solve
 Iter     P.res    D.res            P.obj           D.obj        mu     Time
   0   1.67e+07 2.79e+06   2.43965101e+14 -7.09055644e+18  5.19e+13       0s
   1   5.32e+06 2.03e+06   5.37783273e+17 -5.54355403e+18  3.97e+13       1s
   2   2.88e+06 1.77e+06   8.77938655e+17 -5.16785611e+18  4.51e+13       3s
   3   1.44e+06 2.85e+05   8.72628459e+17 -9.50009790e+17  8.16e+12       5s
   4   2.68e+05 5.97e+04   6.54390002e+17 -2.71914241e+17  2.03e+12       9s
 Constructing starting basis...
   5   3.12e+04 1.47e+04   3.57686527e+17 -9.58819664e+16  6.21e+11      25s
   6   6.58e+03 5.80e+03   1.80418919e+17 -4.55678447e+16  2.49e+11      34s
   7   1.39e+03 1.55e+03   9.90354338e+16 -1.87066291e+16  1.02e+11      44s
   8   3.49e+02 5.39e+02   4.09032003e+16 -7.82762609e+15  3.86e+10      57s
   9   9.88e+01 2.28e+02   1.85258367e+16 -3.81933617e+15  1.71e+10      68s
  10   3.21e+01 9.68e+01   8.15959597e+15 -1.73491668e+15  7.44e+09      79s
  11   1.09e+01 4.94e+01   4.10108461e+15 -9.44714913e+14  3.79e+09      90s
  12   4.52e+00 2.43e+01   3.16298720e+15 -5.58547492e+14  2.77e+09     103s
  13   2.07e+00 1.71e+01   1.65735907e+15 -3.94033555e+14  1.54e+09     113s
  14   4.60e-01 1.13e+01   8.64544233e+14 -2.71114665e+14  8.67e+08     122s
  15   1.36e-01 6.35e+00   4.07397902e+14 -1.57432418e+14  4.36e+08     131s
  16   4.96e-02 3.31e+00   2.97263923e+14 -9.03017408e+13  2.95e+08     139s
  17   4.32e-02 2.11e+00   2.65433968e+14 -5.85748750e+13  2.43e+08     147s
  18   1.41e-02 7.98e-01   1.02499691e+14 -2.30704972e+13  9.40e+07     154s
  19   5.65e-03 1.56e-01   5.04524470e+13 -5.22886086e+12  4.06e+07     162s
  20   1.80e-03 2.95e-02   1.98264767e+13 -1.25718805e+12  1.52e+07     169s
  21   7.06e-04 1.16e-02   1.04663780e+13 -6.55708885e+11  8.00e+06     177s
  22   5.16e-04 6.17e-03   7.96470403e+12 -3.78485486e+11  5.98e+06     185s
  23   2.19e-04 4.01e-03   4.39374813e+12 -2.81107803e+11  3.35e+06     192s
  24   1.39e-04 2.27e-03   3.64398504e+12 -2.17547056e+11  2.77e+06     199s
  25   6.82e-05 1.07e-03   2.51237774e+12 -1.44063408e+11  1.90e+06     206s
  26   1.42e-05 4.31e-04   1.15498924e+12 -8.22614442e+10  8.84e+05     214s
  27   8.11e-06 1.90e-04   8.21898862e+11 -4.47652241e+10  6.19e+05     222s
  28   3.46e-06 6.51e-05   4.90080166e+11 -2.02890253e+10  3.64e+05     230s
  29   1.79e-06 2.45e-05   3.23999130e+11 -8.91501765e+09  2.38e+05     238s
  30   8.34e-07 1.14e-05   1.96241346e+11 -2.91027696e+09  1.42e+05     246s
  31   2.68e-07 5.00e-06   1.00314010e+11  1.07348116e+09  7.08e+04     252s
  32   8.94e-08 1.89e-06   4.60545897e+10  4.29399467e+09  2.98e+04     260s
  33   7.55e-08 6.52e-07   2.37625890e+10  6.22273488e+09  1.25e+04     267s
  34   1.56e-07 2.05e-07   1.60683035e+10  6.96697323e+09  6.50e+03     275s
  35   1.27e-07 1.38e-07   1.23412937e+10  7.04856064e+09  3.78e+03     282s
  36   1.55e-07 2.98e-08   9.52837178e+09  7.34770683e+09  1.56e+03     289s
  37   1.03e-07 1.30e-08   8.25396156e+09  7.44795133e+09  5.75e+02     295s
  38   1.06e-07 7.45e-09   7.87344619e+09  7.47941374e+09  2.81e+02     302s
  39   1.72e-07 4.66e-09   7.64038320e+09  7.50457888e+09  9.69e+01     308s
  40   9.38e-08 3.73e-09   7.56674136e+09  7.51072259e+09  4.00e+01     314s
  41   1.10e-07 3.73e-09   7.53633023e+09  7.51639372e+09  1.42e+01     320s
  42   1.27e-07 5.59e-09   7.52211082e+09  7.51815655e+09  2.82e+00     325s
  43   2.01e-07 3.73e-09   7.51888154e+09  7.51849974e+09  2.73e-01     330s
  44   2.61e-07 3.73e-09   7.51863789e+09  7.51857210e+09  4.70e-02     335s
  45   1.14e-07 3.73e-09   7.51860503e+09  7.51859122e+09  9.86e-03     340s
  46   2.29e-07 3.73e-09   7.51859463e+09  7.51859372e+09  6.48e-04     345s
  47   2.60e-07 1.86e-09   7.51859436e+09  7.51859421e+09  1.10e-04     351s
  48   7.08e-07 9.31e-10   7.51859430e+09  7.51859429e+09  1.45e-05     356s
  49*  7.30e-07 9.31e-10   7.51859429e+09  7.51859429e+09  2.98e-06     360s
Summary
    Runtime:                                            359.69s
    Status interior point solve:                        optimal
    Status crossover:                                   not run
    objective value:                                    7.51859429e+09
    interior solution primal residual (abs/rel):        8.34e-07 / 5.72e-15
    interior solution dual residual (abs/rel):          9.31e-10 / 9.62e-17
    interior solution objective gap (abs/rel):          3.20e+00 / 4.26e-10
Ipx: IPM       optimal
Model   status      : Optimal
IPM       iterations: 49
Objective value     :  7.5185942907e+09
HiGHS run time      :        368.58
[ Info: Rolling step not specified in scenaio.yaml file; Setting it to 15 years
[ Info: Demand-pathway mapping not specified in scenaio.yaml file; SERA will not look for eligible pathways for different demand types.
[ Info: Production capacity constraints from the grid model not defined. SERA will not create these constraints
[ Info: Regional technology limits not specified in scenaio.yaml file; SERA will not create these constraints
STARTING DATA PRE-PROCESSING 
Processing Temporal Data
Processing Nodes
Processing Demand
Processing Existings
Processing Links
Processing Pathways
Creating Infrastructure options
 15.386685 seconds (99.59 M allocations: 11.636 GiB, 26.68% gc time, 0.56% compilation time)

OPTIMIZING FROM 2026 TO 2040 

STARTING OPTIMIZATION MODEL CREATION
CREATING VARIABLES AND EXPRESSIONS
187.364048 seconds (401.28 M allocations: 25.031 GiB, 85.94% gc time, 7.22% compilation time)
POPULATING EXPRESSIONS
 97.471686 seconds (440.01 M allocations: 69.404 GiB, 10.71% gc time, 0.19% compilation time)
CREATING CONSTRAINTS
190.563647 seconds (260.02 M allocations: 15.817 GiB, 85.42% gc time, 0.97% compilation time)
POPULATED CORE OPTIMIZATION MODEL, STARTING ITERATIONS
READING COST DATA FOR ITERATION 1
122.737821 seconds (180.69 M allocations: 17.335 GiB, 67.80% gc time, 0.37% compilation time)
CREATING EXPRESSIONS FOR CAPITAL AND FIXED COST
376.722397 seconds (266.65 M allocations: 17.146 GiB, 94.71% gc time, 0.42% compilation time)
BUILDING OBJECTIVE FUNCTION
 29.109859 seconds (65.38 M allocations: 2.014 GiB, 72.92% gc time, 2.81% compilation time)
Optimizing for iteration 1
696.765504 seconds (88.96 M allocations: 8.390 GiB, 28.50% gc time, 0.00% compilation time)
OPTIMAL
9.753810230382841e9
ϵ =  1.0
READING COST DATA FOR ITERATION 2
1176.177945 seconds (147.99 M allocations: 16.665 GiB, 23.25% gc time, 0.00% compilation time)
CREATING EXPRESSIONS FOR CAPITAL AND FIXED COST
549.198743 seconds (265.26 M allocations: 17.039 GiB, 96.66% gc time, 0.00% compilation time)
BUILDING OBJECTIVE FUNCTION
 29.822727 seconds (64.72 M allocations: 2.033 GiB, 75.82% gc time)
Optimizing for iteration 2
388.540654 seconds (5 allocations: 32 bytes)
OPTIMAL
9.389058176586164e9
ϵ =  0.03884863070783638
READING COST DATA FOR ITERATION 3
1179.105965 seconds (147.72 M allocations: 16.628 GiB, 23.52% gc time)
CREATING EXPRESSIONS FOR CAPITAL AND FIXED COST
553.101387 seconds (265.26 M allocations: 17.039 GiB, 96.61% gc time)
BUILDING OBJECTIVE FUNCTION
 30.236198 seconds (64.72 M allocations: 2.033 GiB, 75.89% gc time)
Optimizing for iteration 3
341.387377 seconds (2 allocations: 32 bytes)
OPTIMAL
7.8115032722639885e9
ϵ =  0.20195279312284603
READING COST DATA FOR ITERATION 4
1181.970459 seconds (147.68 M allocations: 16.690 GiB, 23.71% gc time)
CREATING EXPRESSIONS FOR CAPITAL AND FIXED COST
587.156209 seconds (265.26 M allocations: 17.039 GiB, 96.82% gc time)
BUILDING OBJECTIVE FUNCTION
 30.470409 seconds (64.72 M allocations: 2.033 GiB, 76.10% gc time)
Optimizing for iteration 4
362.060026 seconds (2 allocations: 32 bytes)
OPTIMAL
7.67783435729778e9
ϵ =  0.017409715910267128
READING COST DATA FOR ITERATION 5
1185.993665 seconds (147.67 M allocations: 16.674 GiB, 23.93% gc time)
CREATING EXPRESSIONS FOR CAPITAL AND FIXED COST
567.385686 seconds (265.26 M allocations: 17.039 GiB, 96.66% gc time)
BUILDING OBJECTIVE FUNCTION
 30.819727 seconds (64.72 M allocations: 2.033 GiB, 76.24% gc time)
Optimizing for iteration 5
349.855176 seconds (2 allocations: 32 bytes)
OPTIMAL
7.543668417366854e9
ϵ =  0.01778523822996938
READING COST DATA FOR ITERATION 6
1191.880903 seconds (147.67 M allocations: 16.587 GiB, 24.23% gc time)
CREATING EXPRESSIONS FOR CAPITAL AND FIXED COST
589.459348 seconds (265.26 M allocations: 17.039 GiB, 96.80% gc time)
BUILDING OBJECTIVE FUNCTION
 31.270040 seconds (64.72 M allocations: 2.033 GiB, 76.48% gc time)
Optimizing for iteration 6
361.149923 seconds (2 allocations: 32 bytes)
OPTIMAL
7.514726297292455e9
ϵ =  0.0038513871203657685
READING COST DATA FOR ITERATION 7
1195.387150 seconds (147.66 M allocations: 16.801 GiB, 24.39% gc time)
CREATING EXPRESSIONS FOR CAPITAL AND FIXED COST
593.049385 seconds (265.26 M allocations: 17.039 GiB, 96.79% gc time)
BUILDING OBJECTIVE FUNCTION
 31.697125 seconds (64.72 M allocations: 2.033 GiB, 76.77% gc time)
Optimizing for iteration 7
368.644378 seconds (2 allocations: 32 bytes)
OPTIMAL
7.5185942906636505e9
ϵ =  0.000514456987780139
ITERATIONS COMPLETED
WRITING RESULTS TO FILE
 51.222424 seconds (51.55 M allocations: 2.110 GiB, 89.57% gc time, 1.38% compilation time)

THE OPTIMIZATION PROBLEM TOOK 247.4 MINUTES TO SOLVE. 
