Running HiGHS 1.6.0: Copyright (c) 2023 HiGHS under MIT licence terms
Presolving model
965805 rows, 2199155 cols, 5607778 nonzeros
755417 rows, 1424088 cols, 4054294 nonzeros
747482 rows, 836927 cols, 2877287 nonzeros
745868 rows, 834933 cols, 2873278 nonzeros
Presolve : Reductions: rows 745868(-12249674); columns 834933(-7764934); elements 2873278(-49514226)
Solving the presolved LP
IPX model has 745868 rows, 834933 columns and 2873278 nonzeros
Input
    Number of variables:                                834933
    Number of free variables:                           0
    Number of constraints:                              745868
    Number of equality constraints:                     43497
    Number of matrix entries:                           2873278
    Matrix range:                                       [1e-02, 1e+00]
    RHS range:                                          [4e+03, 9e+08]
    Objective range:                                    [1e-04, 4e+01]
    Bounds range:                                       [7e+05, 1e+08]
Preprocessing
    Dualized model:                                     no
    Number of dense columns:                            0
    Range of scaling factors:                           [1.00e+00, 2.00e+00]
IPX version 1.0
Interior Point Solve
 Iter     P.res    D.res            P.obj           D.obj        mu     Time
   0   1.07e+08 6.95e+00   2.59828407e+10 -3.45919947e+13  7.75e+08       0s
   1   2.46e+07 4.21e+00   1.22907437e+13 -3.02697907e+13  4.32e+08       1s
   2   1.31e+07 3.50e+00   1.66518225e+13 -3.11594552e+13  4.40e+08       4s
   3   5.65e+06 8.27e-01   1.38772063e+13 -1.04803061e+13  1.14e+08       7s
   4   1.20e+06 2.06e-01   8.20203071e+12 -3.76478744e+12  3.08e+07      14s
 Constructing starting basis...
   5   4.60e+05 7.81e-02   5.28379635e+12 -2.12924022e+12  1.38e+07      34s
   6   9.54e+04 2.39e-02   2.33976473e+12 -8.23657336e+11  4.37e+06      46s
   7   3.66e+04 1.73e-02   1.76273131e+12 -7.17055210e+11  3.29e+06      56s
   8   1.89e+04 4.12e-03   1.21180112e+12 -2.37249974e+11  1.24e+06      64s
   9   6.44e+03 1.33e-03   7.20287976e+11 -1.37810356e+11  6.05e+05      72s
  10   4.64e+03 1.05e-03   6.24955840e+11 -1.22601414e+11  5.14e+05      81s
  11   2.70e+03 6.88e-04   4.83418431e+11 -9.42188368e+10  3.81e+05      89s
  12   1.10e+03 2.61e-04   2.67620013e+11 -3.35547990e+10  1.86e+05      98s
  13   5.28e+02 1.18e-04   1.69232676e+11 -8.68609138e+09  1.07e+05     109s
  14   2.70e+02 5.92e-05   1.16477343e+11  3.47886283e+09  6.70e+04     121s
  15   1.71e+02 3.72e-05   9.15562378e+10  9.07697829e+09  4.87e+04     133s
  16   1.26e+02 2.14e-05   7.93911440e+10  1.33335329e+10  3.88e+04     145s
  17   8.13e+01 9.55e-06   6.87153931e+10  1.61243543e+10  3.08e+04     159s
  18   3.82e+01 6.42e-06   4.93280092e+10  1.80811630e+10  1.83e+04     173s
  19   3.45e+01 3.53e-06   4.82129576e+10  1.93402743e+10  1.69e+04     193s
  20   1.88e+01 2.03e-06   4.03832397e+10  2.06026645e+10  1.16e+04     209s
  21   1.16e+01 1.03e-06   3.59103755e+10  2.16636725e+10  8.32e+03     231s
  22   5.82e+00 5.98e-07   3.10252866e+10  2.23390095e+10  5.07e+03     252s
  23   2.48e+00 3.52e-07   2.83744447e+10  2.27061624e+10  3.31e+03     272s
  24   1.32e+00 2.07e-07   2.70211207e+10  2.30060638e+10  2.34e+03     293s
  25   7.74e-01 1.12e-07   2.60341301e+10  2.32801017e+10  1.61e+03     317s
  26   5.58e-01 6.00e-08   2.56805703e+10  2.34185289e+10  1.32e+03     346s
  27   4.28e-01 2.56e-08   2.54429227e+10  2.35232325e+10  1.12e+03     371s
  28   2.23e-01 1.61e-08   2.47221476e+10  2.36065141e+10  6.51e+02     395s
  29   1.41e-01 4.73e-09   2.45213535e+10  2.36730613e+10  4.95e+02     424s
  30   1.08e-01 3.54e-09   2.43693037e+10  2.36955110e+10  3.93e+02     450s
  31   5.92e-02 1.81e-09   2.42279137e+10  2.37100002e+10  3.02e+02     471s
  32   3.68e-02 1.20e-09   2.40998433e+10  2.37266924e+10  2.18e+02     490s
  33   2.55e-02 6.40e-10   2.40293641e+10  2.37440912e+10  1.67e+02     508s
  34   2.34e-02 5.65e-10   2.40159798e+10  2.37466409e+10  1.57e+02     525s
  35   1.63e-02 4.43e-10   2.39550442e+10  2.37528998e+10  1.18e+02     538s
  36   9.82e-03 2.08e-10   2.39121953e+10  2.37613503e+10  8.80e+01     551s
  37   6.03e-03 9.23e-11   2.38804064e+10  2.37675876e+10  6.58e+01     565s
  38   2.04e-03 6.10e-11   2.38447133e+10  2.37695164e+10  4.39e+01     579s
  39   1.24e-03 2.71e-11   2.38265308e+10  2.37748459e+10  3.02e+01     592s
  40   6.51e-04 1.94e-11   2.38175600e+10  2.37755233e+10  2.45e+01     604s
  41   3.52e-04 1.16e-11   2.38033758e+10  2.37779412e+10  1.48e+01     615s
  42   1.86e-04 6.66e-12   2.37964725e+10  2.37793091e+10  1.00e+01     626s
  43   9.73e-05 3.20e-12   2.37921860e+10  2.37803915e+10  6.88e+00     636s
  44   2.45e-05 1.03e-12   2.37871458e+10  2.37813590e+10  3.38e+00     646s
  45   8.02e-06 2.63e-13   2.37847671e+10  2.37819824e+10  1.63e+00     656s
  46   2.12e-06 1.49e-13   2.37835071e+10  2.37821221e+10  8.08e-01     665s
  47   1.96e-06 1.28e-13   2.37834681e+10  2.37821465e+10  7.71e-01     674s
  48   1.82e-06 1.14e-13   2.37834200e+10  2.37821730e+10  7.28e-01     683s
  49   8.79e-07 9.24e-14   2.37829229e+10  2.37822246e+10  4.08e-01     690s
  50   1.20e-06 5.68e-14   2.37828781e+10  2.37822773e+10  3.51e-01     699s
  51   8.75e-07 4.97e-14   2.37825372e+10  2.37823150e+10  1.30e-01     706s
  52   1.25e-06 2.84e-14   2.37824788e+10  2.37823904e+10  5.16e-02     714s
  53   5.44e-07 2.13e-14   2.37824569e+10  2.37823955e+10  3.58e-02     721s
  54   1.15e-06 2.13e-14   2.37824345e+10  2.37824122e+10  1.30e-02     729s
  55   2.43e-06 2.84e-14   2.37824162e+10  2.37824148e+10  7.82e-04     736s
  56   2.61e-06 2.84e-14   2.37824153e+10  2.37824152e+10  3.34e-05     744s
  57*  1.42e-06 2.84e-14   2.37824152e+10  2.37824152e+10  2.31e-06     752s
Summary
    Runtime:                                            751.97s
    Status interior point solve:                        optimal
    Status crossover:                                   not run
    objective value:                                    2.37824152e+10
    interior solution primal residual (abs/rel):        1.55e-06 / 1.70e-15
    interior solution dual residual (abs/rel):          1.83e-10 / 4.12e-12
    interior solution objective gap (abs/rel):          3.66e+00 / 1.54e-10
Ipx: IPM       optimal
Model   status      : Optimal
IPM       iterations: 57
Objective value     :  2.3782415243e+10
HiGHS run time      :        768.19
