Running HiGHS 1.6.0: Copyright (c) 2023 HiGHS under MIT licence terms
Presolving model
160762 rows, 469981 cols, 1073597 nonzeros
119465 rows, 288248 cols, 711894 nonzeros
117010 rows, 155195 cols, 445202 nonzeros
114170 rows, 152159 cols, 439033 nonzeros
Presolve : Reductions: rows 114170(-3300581); columns 152159(-2152633); elements 439033(-10004875)
Solving the presolved LP
IPX model has 114170 rows, 152159 columns and 439033 nonzeros
Input
    Number of variables:                                152159
    Number of free variables:                           0
    Number of constraints:                              114170
    Number of equality constraints:                     18377
    Number of matrix entries:                           439033
    Matrix range:                                       [1e-02, 1e+00]
    RHS range:                                          [2e+05, 1e+07]
    Objective range:                                    [4e-04, 3e+02]
    Bounds range:                                       [7e+05, 1e+08]
Preprocessing
    Dualized model:                                     no
    Number of dense columns:                            0
    Range of scaling factors:                           [1.00e+00, 2.00e+00]
IPX version 1.0
Interior Point Solve
 Iter     P.res    D.res            P.obj           D.obj        mu     Time
   0   4.03e+06 3.30e+01   1.40583819e+09 -8.27118991e+12  1.69e+08       0s
   1   1.29e+06 2.42e+01   1.30439005e+12 -6.16525909e+12  1.23e+08       0s
   2   6.00e+05 1.59e+01   2.02915525e+12 -4.27991300e+12  1.03e+08       0s
   3   2.09e+05 5.24e+00   1.71089331e+12 -1.45454368e+12  3.67e+07       0s
   4   8.09e+04 1.16e+00   1.23652992e+12 -3.41391763e+11  1.11e+07       1s
   5   2.39e+04 2.57e-01   5.96374400e+11 -7.99269318e+10  3.37e+06       1s
   6   7.94e+03 8.48e-02   2.52496319e+11 -2.75528970e+10  1.22e+06       3s
 Constructing starting basis...
   7   2.59e+03 2.13e-02   1.04651402e+11 -7.50023223e+09  4.73e+05       4s
   8   1.08e+03 6.40e-03   6.15745792e+10 -2.72525761e+09  2.62e+05       4s
   9   4.34e+02 1.40e-03   3.08019266e+10 -3.11892379e+08  1.24e+05       5s
  10   1.78e+02 7.56e-04   1.68084358e+10  3.44439802e+08  6.55e+04       5s
  11   3.54e+01 3.29e-04   1.24800097e+10  6.06096490e+08  4.69e+04       6s
  12   1.47e+01 1.51e-04   6.59497698e+09  9.84711060e+08  2.21e+04       6s
  13   1.02e+01 1.22e-04   5.25050437e+09  1.03616521e+09  1.66e+04       7s
  14   7.57e+00 4.88e-05   4.68720152e+09  1.13417643e+09  1.40e+04       7s
  15   6.07e+00 2.92e-05   4.08832914e+09  1.18641055e+09  1.14e+04       8s
  16   4.97e+00 8.40e-06   3.86381016e+09  1.20355657e+09  1.05e+04       8s
  17   2.08e+00 4.45e-06   2.52714020e+09  1.23574880e+09  5.08e+03       9s
  18   1.88e+00 2.39e-06   2.43529140e+09  1.25141314e+09  4.65e+03       9s
  19   1.46e+00 9.25e-07   2.23194778e+09  1.26493787e+09  3.80e+03      10s
  20   5.57e-01 4.69e-07   1.68616632e+09  1.27257372e+09  1.63e+03      10s
  21   2.73e-01 3.66e-07   1.63105289e+09  1.27252967e+09  1.41e+03      10s
  22   1.13e-01 2.22e-07   1.45250619e+09  1.27604080e+09  6.93e+02      11s
  23   1.82e-02 9.59e-08   1.36354473e+09  1.27876008e+09  3.33e+02      11s
  24   5.02e-03 3.66e-08   1.32079115e+09  1.28100073e+09  1.56e+02      12s
  25   5.11e-04 2.68e-08   1.30840352e+09  1.28135558e+09  1.06e+02      12s
  26   7.34e-05 1.44e-08   1.29377392e+09  1.28205425e+09  4.60e+01      13s
  27   2.52e-05 3.75e-09   1.28745914e+09  1.28283327e+09  1.82e+01      13s
  28   1.58e-06 4.42e-10   1.28454207e+09  1.28306716e+09  5.79e+00      14s
  29   5.07e-07 1.12e-10   1.28392522e+09  1.28310830e+09  3.21e+00      14s
  30   2.98e-08 5.68e-14   1.28334169e+09  1.28313265e+09  8.21e-01      14s
  31   2.98e-08 5.68e-14   1.28317034e+09  1.28313827e+09  1.26e-01      15s
  32   2.98e-08 8.53e-14   1.28314087e+09  1.28313927e+09  6.31e-03      15s
  33   2.98e-08 5.68e-14   1.28313949e+09  1.28313940e+09  3.75e-04      15s
  34   2.98e-08 5.68e-14   1.28313942e+09  1.28313941e+09  6.33e-05      16s
  35   2.98e-08 5.68e-14   1.28313941e+09  1.28313941e+09  6.01e-06      16s
  36*  2.98e-08 5.68e-14   1.28313941e+09  1.28313941e+09  2.77e-07      16s
Summary
    Runtime:                                            16.26s
    Status interior point solve:                        optimal
    Status crossover:                                   not run
    objective value:                                    1.28313941e+09
    interior solution primal residual (abs/rel):        2.98e-08 / 2.04e-16
    interior solution dual residual (abs/rel):          1.24e-10 / 4.33e-13
    interior solution objective gap (abs/rel):          7.05e-02 / 5.49e-11
Ipx: IPM       optimal
ERROR:   LP solver claims optimality, but with num/sum/max primal(0/0/0)and dual(1/2.37511/2.37511) infeasibilities
Model   status      : Optimal
IPM       iterations: 36
Objective value     :  1.2831394059e+09
HiGHS run time      :         20.06
Presolving model
160762 rows, 469981 cols, 1073597 nonzeros
119465 rows, 288248 cols, 711894 nonzeros
117010 rows, 155195 cols, 445202 nonzeros
114170 rows, 152159 cols, 439033 nonzeros
Presolve : Reductions: rows 114170(-3310601); columns 152159(-2152633); elements 439033(-10014895)
Solving the presolved LP
IPX model has 114170 rows, 152159 columns and 439033 nonzeros
Input
    Number of variables:                                152159
    Number of free variables:                           0
    Number of constraints:                              114170
    Number of equality constraints:                     18377
    Number of matrix entries:                           439033
    Matrix range:                                       [1e-02, 1e+00]
    RHS range:                                          [2e+05, 1e+07]
    Objective range:                                    [4e-04, 8e+06]
    Bounds range:                                       [7e+05, 1e+08]
Preprocessing
    Dualized model:                                     no
    Number of dense columns:                            0
    Range of scaling factors:                           [1.00e+00, 2.00e+00]
IPX version 1.0
Interior Point Solve
 Iter     P.res    D.res            P.obj           D.obj        mu     Time
   0   4.04e+06 1.52e+06   3.88227856e+13 -3.84511408e+17  7.82e+12       0s
   1   1.36e+06 1.19e+06   6.20633727e+16 -3.04178928e+17  6.16e+12       0s
   2   5.86e+05 6.23e+05   9.85429657e+16 -1.75777801e+17  4.33e+12       0s
   3   1.42e+05 2.82e+05   8.45212915e+16 -8.36395916e+16  2.04e+12       0s
   4   6.14e+04 4.89e+04   6.29958715e+16 -1.53705588e+16  5.24e+11       1s
   5   1.71e+04 1.05e+04   2.92512662e+16 -3.56118807e+15  1.57e+11       2s
 Constructing starting basis...
   6   5.16e+03 4.45e+03   1.09942932e+16 -1.55243943e+15  5.90e+10       3s
   7   2.08e+03 1.23e+03   5.86381016e+15 -4.99953309e+14  2.73e+10       3s
   8   8.62e+02 3.63e+02   3.89360756e+15 -2.21752746e+14  1.70e+10       4s
   9   2.56e+02 1.13e+02   1.56422079e+15 -8.66076847e+13  6.75e+09       4s
  10   6.74e+01 6.62e+01   5.95488060e+14 -5.47869565e+13  2.73e+09       5s
  11   1.42e+01 3.05e+01   1.90169893e+14 -2.67092889e+13  9.41e+08       5s
  12   2.63e+00 1.18e+01   6.26708034e+13 -1.09376186e+13  3.27e+08       6s
  13   4.93e-01 2.45e+00   1.69624853e+13 -2.38934313e+12  8.40e+07       6s
  14   1.42e-01 7.68e-01   6.74415056e+12 -7.94344599e+11  3.22e+07       6s
  15   4.05e-02 2.74e-01   2.08105625e+12 -2.80767431e+11  1.02e+07       7s
  16   1.50e-02 1.24e-01   9.79061381e+11 -1.30923119e+11  4.76e+06       7s
  17   5.20e-03 2.74e-02   5.66861014e+11 -3.60165617e+10  2.46e+06       8s
  18   2.90e-03 7.23e-03   3.76392279e+11 -1.12365039e+10  1.54e+06       8s
  19   1.17e-03 2.46e-03   1.95061320e+11 -4.18191459e+09  7.89e+05       8s
  20   4.00e-04 1.20e-03   7.33080092e+10 -1.35700646e+09  2.95e+05       9s
  21   1.34e-04 4.38e-04   3.59283864e+10  2.12644044e+08  1.41e+05       9s
  22   5.46e-05 1.34e-04   2.00764492e+10  1.00597824e+09  7.50e+04      10s
  23   3.73e-08 6.36e-05   1.00008508e+10  1.17561251e+09  3.47e+04      10s
  24   2.98e-08 1.12e-05   3.65805915e+09  1.45448041e+09  8.65e+03      10s
  25   2.98e-08 3.59e-06   2.42334357e+09  1.53201283e+09  3.50e+03      11s
  26   2.98e-08 1.41e-06   1.94823137e+09  1.55732554e+09  1.53e+03      11s
  27   2.98e-08 5.22e-07   1.74093938e+09  1.56956707e+09  6.73e+02      12s
  28   2.98e-08 2.45e-07   1.64074010e+09  1.57418904e+09  2.61e+02      12s
  29   2.98e-08 8.66e-08   1.60253989e+09  1.57688296e+09  1.01e+02      12s
  30   3.73e-08 2.14e-08   1.58765590e+09  1.57793042e+09  3.82e+01      13s
  31   2.98e-08 4.66e-09   1.57941664e+09  1.57840363e+09  3.98e+00      13s
  32   2.98e-08 1.86e-09   1.57866502e+09  1.57849121e+09  6.82e-01      13s
  33   3.73e-08 1.86e-09   1.57852930e+09  1.57849374e+09  1.40e-01      14s
  34   2.98e-08 1.86e-09   1.57852108e+09  1.57849453e+09  1.04e-01      14s
  35   2.98e-08 1.86e-09   1.57849814e+09  1.57849478e+09  1.32e-02      14s
  36   3.35e-08 1.86e-09   1.57849752e+09  1.57849480e+09  1.07e-02      14s
  37   2.98e-08 1.86e-09   1.57849546e+09  1.57849482e+09  2.51e-03      15s
  38   2.98e-08 1.86e-09   1.57849500e+09  1.57849482e+09  6.86e-04      15s
  39   2.98e-08 9.31e-10   1.57849486e+09  1.57849483e+09  1.33e-04      15s
  40   5.22e-08 9.31e-10   1.57849483e+09  1.57849483e+09  3.04e-05      15s
  41*  2.98e-08 9.31e-10   1.57849483e+09  1.57849483e+09  1.08e-06      15s
Summary
    Runtime:                                            15.48s
    Status interior point solve:                        optimal
    Status crossover:                                   not run
    objective value:                                    1.57849483e+09
    interior solution primal residual (abs/rel):        3.17e-08 / 2.17e-16
    interior solution dual residual (abs/rel):          9.31e-10 / 1.10e-16
    interior solution objective gap (abs/rel):          2.17e-01 / 1.37e-10
Ipx: IPM       optimal
Model   status      : Optimal
IPM       iterations: 41
Objective value     :  1.5784948258e+09
HiGHS run time      :         19.11
Presolving model
160762 rows, 469981 cols, 1073597 nonzeros
119465 rows, 288248 cols, 711894 nonzeros
117010 rows, 155195 cols, 445202 nonzeros
114170 rows, 152159 cols, 439033 nonzeros
Presolve : Reductions: rows 114170(-3320621); columns 152159(-2152633); elements 439033(-10024915)
Solving the presolved LP
IPX model has 114170 rows, 152159 columns and 439033 nonzeros
Input
    Number of variables:                                152159
    Number of free variables:                           0
    Number of constraints:                              114170
    Number of equality constraints:                     18377
    Number of matrix entries:                           439033
    Matrix range:                                       [1e-02, 1e+00]
    RHS range:                                          [2e+05, 1e+07]
    Objective range:                                    [4e-04, 8e+06]
    Bounds range:                                       [7e+05, 1e+08]
Preprocessing
    Dualized model:                                     no
    Number of dense columns:                            0
    Range of scaling factors:                           [1.00e+00, 2.00e+00]
IPX version 1.0
Interior Point Solve
 Iter     P.res    D.res            P.obj           D.obj        mu     Time
   0   4.04e+06 1.53e+06   3.97721026e+13 -3.84802195e+17  7.83e+12       0s
   1   1.36e+06 1.19e+06   6.21926898e+16 -3.04365618e+17  6.16e+12       0s
   2   5.86e+05 6.25e+05   9.87131613e+16 -1.76210314e+17  4.34e+12       0s
   3   1.42e+05 2.82e+05   8.46138639e+16 -8.36918571e+16  2.04e+12       0s
   4   6.15e+04 4.91e+04   6.31291308e+16 -1.54201889e+16  5.25e+11       1s
   5   1.72e+04 1.05e+04   2.93194895e+16 -3.57034255e+15  1.57e+11       2s
 Constructing starting basis...
   6   5.17e+03 4.72e+03   1.10220948e+16 -1.63780298e+15  5.99e+10       3s
   7   1.14e+03 1.29e+03   4.17447438e+15 -5.08345902e+14  2.04e+10       3s
   8   3.70e+02 6.26e+02   2.41141397e+15 -2.78524804e+14  1.16e+10       4s
   9   1.67e+02 3.40e+02   1.28414488e+15 -1.57510895e+14  6.21e+09       4s
  10   8.82e+01 2.17e+02   7.59921253e+14 -1.02559088e+14  3.74e+09       5s
  11   3.63e+01 1.26e+02   3.60241781e+14 -6.01752787e+13  1.86e+09       5s
  12   1.49e+01 8.13e+01   1.66704406e+14 -3.89831264e+13  9.43e+08       6s
  13   8.46e+00 4.68e+01   1.11883810e+14 -2.29493666e+13  6.11e+08       6s
  14   3.45e+00 8.94e+00   5.58289415e+13 -4.88498885e+12  2.55e+08       6s
  15   1.35e+00 7.95e-01   2.95808039e+13 -7.97591022e+11  1.21e+08       7s
  16   4.31e-01 3.83e-01   9.72535512e+12 -3.91353626e+11  4.06e+07       7s
  17   1.60e-01 4.46e-02   3.72101412e+12 -4.86696527e+10  1.49e+07       7s
  18   6.46e-02 1.15e-02   1.57571789e+12 -1.43801395e+10  6.27e+06       8s
  19   1.21e-02 3.04e-03   4.41598472e+11 -6.68183765e+09  1.77e+06       8s
  20   2.07e-03 7.73e-04   1.02755618e+11 -1.42082836e+09  4.11e+05       9s
  21   2.62e-04 2.08e-04   3.55568004e+10  5.21929314e+07  1.40e+05       9s
  22   1.01e-05 5.75e-05   6.41972535e+09  8.71461258e+08  2.18e+04       9s
  23   2.80e-06 2.34e-05   2.89648418e+09  1.12431461e+09  6.96e+03      10s
  24   8.64e-07 8.86e-06   2.24009709e+09  1.22570900e+09  3.98e+03      10s
  25   3.58e-07 3.72e-06   1.80638451e+09  1.26956286e+09  2.11e+03      10s
  26   1.19e-07 1.27e-06   1.52769294e+09  1.29204676e+09  9.25e+02      11s
  27   5.96e-08 6.17e-07   1.36950332e+09  1.29984263e+09  2.74e+02      11s
  28   2.98e-08 2.24e-07   1.32919905e+09  1.30458315e+09  9.67e+01      11s
  29   2.98e-08 7.54e-08   1.31653442e+09  1.30632271e+09  4.01e+01      12s
  30   2.98e-08 1.21e-08   1.30848461e+09  1.30727245e+09  4.76e+00      12s
  31   2.98e-08 2.79e-09   1.30754693e+09  1.30741595e+09  5.14e-01      12s
  32   2.98e-08 1.86e-09   1.30743619e+09  1.30742579e+09  4.08e-02      13s
  33   2.98e-08 1.86e-09   1.30742806e+09  1.30742717e+09  3.47e-03      13s
  34   2.98e-08 1.86e-09   1.30742735e+09  1.30742731e+09  1.65e-04      13s
  35   1.64e-07 9.31e-10   1.30742732e+09  1.30742732e+09  2.56e-05      14s
  36*  1.90e-07 9.31e-10   1.30742732e+09  1.30742732e+09  3.84e-06      14s
Summary
    Runtime:                                            14.12s
    Status interior point solve:                        optimal
    Status crossover:                                   not run
    objective value:                                    1.30742732e+09
    interior solution primal residual (abs/rel):        1.40e-07 / 9.57e-16
    interior solution dual residual (abs/rel):          9.31e-10 / 1.10e-16
    interior solution objective gap (abs/rel):          7.40e-01 / 5.66e-10
Ipx: IPM       optimal
Model   status      : Optimal
IPM       iterations: 36
Objective value     :  1.3074273201e+09
HiGHS run time      :         17.77
Presolving model
160762 rows, 469981 cols, 1073597 nonzeros
119465 rows, 288248 cols, 711894 nonzeros
117010 rows, 155195 cols, 445202 nonzeros
114170 rows, 152159 cols, 439033 nonzeros
Presolve : Reductions: rows 114170(-3330641); columns 152159(-2152633); elements 439033(-10034935)
Solving the presolved LP
IPX model has 114170 rows, 152159 columns and 439033 nonzeros
Input
    Number of variables:                                152159
    Number of free variables:                           0
    Number of constraints:                              114170
    Number of equality constraints:                     18377
    Number of matrix entries:                           439033
    Matrix range:                                       [1e-02, 1e+00]
    RHS range:                                          [2e+05, 1e+07]
    Objective range:                                    [4e-04, 8e+06]
    Bounds range:                                       [7e+05, 1e+08]
Preprocessing
    Dualized model:                                     no
    Number of dense columns:                            0
    Range of scaling factors:                           [1.00e+00, 2.00e+00]
IPX version 1.0
Interior Point Solve
 Iter     P.res    D.res            P.obj           D.obj        mu     Time
   0   4.04e+06 1.53e+06   3.97840531e+13 -3.84801957e+17  7.83e+12       0s
   1   1.36e+06 1.19e+06   6.21929106e+16 -3.04367025e+17  6.16e+12       0s
   2   5.86e+05 6.25e+05   9.87141227e+16 -1.76215827e+17  4.34e+12       0s
   3   1.42e+05 2.82e+05   8.46143280e+16 -8.36946385e+16  2.04e+12       0s
   4   6.15e+04 4.91e+04   6.31296762e+16 -1.54216210e+16  5.25e+11       1s
   5   1.72e+04 1.05e+04   2.93200167e+16 -3.57008324e+15  1.57e+11       2s
 Constructing starting basis...
   6   5.17e+03 4.72e+03   1.10216412e+16 -1.63996750e+15  5.99e+10       3s
   7   1.10e+03 1.30e+03   4.10293509e+15 -5.10961726e+14  2.02e+10       3s
   8   3.57e+02 6.33e+02   2.37538359e+15 -2.80209295e+14  1.15e+10       4s
   9   1.56e+02 3.38e+02   1.25479135e+15 -1.56550159e+14  6.09e+09       4s
  10   8.08e+01 2.13e+02   7.30801145e+14 -1.00614615e+14  3.61e+09       5s
  11   2.20e+01 1.28e+02   2.40475763e+14 -6.06427865e+13  1.39e+09       5s
  12   8.60e+00 8.30e+01   1.18692411e+14 -3.95529923e+13  7.59e+08       6s
  13   5.28e+00 5.04e+01   8.61108876e+13 -2.43923536e+13  5.20e+08       6s
  14   1.58e+00 1.03e+01   4.48132254e+13 -5.75293137e+12  2.18e+08       6s
  15   3.71e-01 3.27e+00   1.52916138e+13 -1.94655913e+12  7.41e+07       7s
  16   1.81e-01 1.11e+00   8.42976649e+12 -6.98046527e+11  3.81e+07       7s
  17   2.35e-02 7.44e-02   1.85171705e+12 -6.99222538e+10  7.71e+06       8s
  18   4.79e-03 2.56e-02   4.86734786e+11 -2.57739824e+10  2.06e+06       8s
  19   3.03e-03 1.29e-02   3.21978866e+11 -1.29296701e+10  1.34e+06       8s
  20   5.86e-04 5.21e-03   7.34283629e+10 -4.66229768e+09  3.12e+05       9s
  21   2.00e-04 3.04e-03   4.12770890e+10 -2.46589570e+09  1.74e+05       9s
  22   2.20e-05 3.47e-04   9.14814044e+09  7.66717650e+08  3.30e+04      10s
  23   5.63e-06 1.50e-04   3.45241487e+09  1.06583743e+09  9.39e+03      10s
  24   2.03e-06 4.75e-05   2.31319572e+09  1.21797395e+09  4.30e+03      10s
  25   8.64e-07 2.34e-05   1.87710895e+09  1.25599474e+09  2.44e+03      11s
  26   3.58e-07 1.14e-05   1.56016328e+09  1.27824873e+09  1.11e+03      11s
  27   8.94e-08 5.84e-06   1.37092370e+09  1.28931615e+09  3.20e+02      11s
  28   5.96e-08 2.54e-06   1.32801845e+09  1.29589236e+09  1.26e+02      12s
  29   3.09e-08 8.55e-07   1.31009277e+09  1.29929750e+09  4.24e+01      12s
  30   2.98e-08 2.41e-07   1.30208527e+09  1.30066814e+09  5.57e+00      12s
  31   2.98e-08 1.68e-08   1.30131490e+09  1.30117706e+09  5.41e-01      13s
  32   2.98e-08 2.79e-09   1.30122706e+09  1.30120788e+09  7.53e-02      13s
  33   2.98e-08 1.86e-09   1.30121413e+09  1.30120997e+09  1.63e-02      13s
  34   2.98e-08 1.86e-09   1.30121054e+09  1.30121014e+09  1.57e-03      14s
  35   2.98e-08 1.86e-09   1.30121023e+09  1.30121018e+09  1.78e-04      14s
  36   1.01e-07 1.86e-09   1.30121019e+09  1.30121019e+09  9.99e-06      14s
  37*  9.31e-08 9.31e-10   1.30121019e+09  1.30121019e+09  4.68e-09      15s
Summary
    Runtime:                                            14.71s
    Status interior point solve:                        optimal
    Status crossover:                                   not run
    objective value:                                    1.30121019e+09
    interior solution primal residual (abs/rel):        8.75e-08 / 6.00e-16
    interior solution dual residual (abs/rel):          9.31e-10 / 1.10e-16
    interior solution objective gap (abs/rel):          2.96e-05 / 2.27e-14
Ipx: IPM       optimal
Model   status      : Optimal
IPM       iterations: 37
Objective value     :  1.3012101888e+09
HiGHS run time      :         18.34
Presolving model
160762 rows, 469981 cols, 1073597 nonzeros
119465 rows, 288248 cols, 711894 nonzeros
117010 rows, 155195 cols, 445202 nonzeros
114170 rows, 152159 cols, 439033 nonzeros
Presolve : Reductions: rows 114170(-3340661); columns 152159(-2152633); elements 439033(-10044955)
Solving the presolved LP
IPX model has 114170 rows, 152159 columns and 439033 nonzeros
Input
    Number of variables:                                152159
    Number of free variables:                           0
    Number of constraints:                              114170
    Number of equality constraints:                     18377
    Number of matrix entries:                           439033
    Matrix range:                                       [1e-02, 1e+00]
    RHS range:                                          [2e+05, 1e+07]
    Objective range:                                    [4e-04, 8e+06]
    Bounds range:                                       [7e+05, 1e+08]
Preprocessing
    Dualized model:                                     no
    Number of dense columns:                            0
    Range of scaling factors:                           [1.00e+00, 2.00e+00]
IPX version 1.0
Interior Point Solve
 Iter     P.res    D.res            P.obj           D.obj        mu     Time
   0   4.04e+06 1.53e+06   3.98430098e+13 -3.84800151e+17  7.83e+12       0s
   1   1.36e+06 1.19e+06   6.21840315e+16 -3.04368890e+17  6.16e+12       0s
   2   5.87e+05 6.24e+05   9.87121761e+16 -1.76144401e+17  4.34e+12       0s
   3   1.42e+05 2.82e+05   8.46423884e+16 -8.37184961e+16  2.04e+12       0s
   4   6.14e+04 4.91e+04   6.31249611e+16 -1.54274395e+16  5.25e+11       1s
   5   1.72e+04 1.05e+04   2.93376234e+16 -3.57039670e+15  1.57e+11       2s
 Constructing starting basis...
   6   5.18e+03 4.72e+03   1.10324299e+16 -1.63892298e+15  5.99e+10       3s
   7   9.40e+02 1.29e+03   3.84746475e+15 -5.08058960e+14  1.91e+10       3s
   8   2.99e+02 6.56e+02   2.09038920e+15 -2.82689357e+14  1.03e+10       4s
   9   1.14e+02 2.40e+02   9.19389238e+14 -1.08037058e+14  4.39e+09       4s
  10   3.70e+01 1.51e+02   3.57515953e+14 -6.85050246e+13  1.89e+09       5s
  11   1.34e+01 8.09e+01   1.61767724e+14 -3.71945572e+13  9.03e+08       5s
  12   7.00e+00 5.40e+01   1.03013313e+14 -2.52010602e+13  5.89e+08       6s
  13   4.02e+00 1.94e+01   6.90094833e+13 -9.53970904e+12  3.40e+08       6s
  14   1.52e+00 4.55e+00   3.65931688e+13 -2.65917391e+12  1.63e+08       6s
  15   2.93e-01 2.42e-01   1.39338605e+13 -3.90761086e+11  5.68e+07       7s
  16   7.61e-02 2.45e-02   3.73481370e+12 -4.25774965e+10  1.49e+07       7s
  17   1.79e-02 6.88e-03   1.01864614e+12 -1.48470824e+10  4.08e+06       7s
  18   3.75e-03 2.15e-03   2.84231600e+11 -5.52236832e+09  1.14e+06       8s
  19   1.10e-03 5.51e-04   9.82621461e+10 -8.98045078e+08  3.90e+05       8s
  20   2.16e-04 1.37e-04   3.20092741e+10  4.33016069e+08  1.24e+05       9s
  21   2.02e-05 3.37e-05   6.80504081e+09  1.01614919e+09  2.27e+04       9s
  22   7.21e-06 1.35e-05   3.44836191e+09  1.17857943e+09  8.91e+03       9s
  23   1.52e-06 4.99e-06   2.12028441e+09  1.24459069e+09  3.44e+03      10s
  24   3.58e-07 2.18e-06   1.59862711e+09  1.27203277e+09  1.28e+03      10s
  25   1.49e-07 1.01e-06   1.42224702e+09  1.28571663e+09  5.36e+02      10s
  26   8.94e-08 3.40e-07   1.36005027e+09  1.29374572e+09  2.60e+02      11s
  27   5.96e-08 1.25e-07   1.32312686e+09  1.29643743e+09  1.05e+02      11s
  28   2.98e-08 3.17e-08   1.30565832e+09  1.29757171e+09  3.18e+01      11s
  29   3.73e-08 6.52e-09   1.29876570e+09  1.29802667e+09  2.90e+00      12s
  30   2.98e-08 1.86e-09   1.29820644e+09  1.29809478e+09  4.38e-01      12s
  31   2.98e-08 1.86e-09   1.29811012e+09  1.29810105e+09  3.56e-02      12s
  32   2.98e-08 1.86e-09   1.29810250e+09  1.29810207e+09  1.72e-03      13s
  33   4.84e-08 1.86e-09   1.29810220e+09  1.29810214e+09  2.53e-04      13s
  34   7.08e-08 9.31e-10   1.29810217e+09  1.29810215e+09  5.63e-05      13s
  35   1.34e-07 9.31e-10   1.29810216e+09  1.29810216e+09  1.31e-05      14s
  36*  9.69e-08 9.31e-10   1.29810216e+09  1.29810216e+09  2.93e-09      14s
Summary
    Runtime:                                            13.88s
    Status interior point solve:                        optimal
    Status crossover:                                   not run
    objective value:                                    1.29810216e+09
    interior solution primal residual (abs/rel):        9.50e-08 / 6.51e-16
    interior solution dual residual (abs/rel):          9.31e-10 / 1.10e-16
    interior solution objective gap (abs/rel):          2.12e-05 / 1.63e-14
Ipx: IPM       optimal
Model   status      : Optimal
IPM       iterations: 36
Objective value     :  1.2981021570e+09
HiGHS run time      :         17.51
Presolving model
160762 rows, 469981 cols, 1073597 nonzeros
119465 rows, 288248 cols, 711894 nonzeros
117010 rows, 155195 cols, 445202 nonzeros
114170 rows, 152159 cols, 439033 nonzeros
Presolve : Reductions: rows 114170(-3350681); columns 152159(-2152633); elements 439033(-10054975)
Solving the presolved LP
IPX model has 114170 rows, 152159 columns and 439033 nonzeros
Input
    Number of variables:                                152159
    Number of free variables:                           0
    Number of constraints:                              114170
    Number of equality constraints:                     18377
    Number of matrix entries:                           439033
    Matrix range:                                       [1e-02, 1e+00]
    RHS range:                                          [2e+05, 1e+07]
    Objective range:                                    [4e-04, 8e+06]
    Bounds range:                                       [7e+05, 1e+08]
Preprocessing
    Dualized model:                                     no
    Number of dense columns:                            0
    Range of scaling factors:                           [1.00e+00, 2.00e+00]
IPX version 1.0
Interior Point Solve
 Iter     P.res    D.res            P.obj           D.obj        mu     Time
   0   4.04e+06 1.53e+06   3.98430098e+13 -3.84800151e+17  7.83e+12       0s
   1   1.36e+06 1.19e+06   6.21840315e+16 -3.04368890e+17  6.16e+12       0s
   2   5.87e+05 6.24e+05   9.87121761e+16 -1.76144401e+17  4.34e+12       0s
   3   1.42e+05 2.82e+05   8.46423884e+16 -8.37184961e+16  2.04e+12       0s
   4   6.14e+04 4.91e+04   6.31249611e+16 -1.54274395e+16  5.25e+11       1s
   5   1.72e+04 1.05e+04   2.93376234e+16 -3.57039670e+15  1.57e+11       2s
 Constructing starting basis...
   6   5.18e+03 4.72e+03   1.10324299e+16 -1.63892298e+15  5.99e+10       3s
   7   9.40e+02 1.29e+03   3.84746475e+15 -5.08058960e+14  1.91e+10       3s
   8   2.99e+02 6.56e+02   2.09038920e+15 -2.82689357e+14  1.03e+10       4s
   9   1.14e+02 2.40e+02   9.19389238e+14 -1.08037058e+14  4.39e+09       4s
  10   3.70e+01 1.51e+02   3.57515953e+14 -6.85050246e+13  1.89e+09       5s
  11   1.34e+01 8.09e+01   1.61767724e+14 -3.71945572e+13  9.03e+08       5s
  12   7.00e+00 5.40e+01   1.03013313e+14 -2.52010602e+13  5.89e+08       6s
  13   4.02e+00 1.94e+01   6.90094833e+13 -9.53970904e+12  3.40e+08       6s
  14   1.52e+00 4.55e+00   3.65931688e+13 -2.65917391e+12  1.63e+08       6s
  15   2.93e-01 2.42e-01   1.39338605e+13 -3.90761086e+11  5.68e+07       7s
  16   7.61e-02 2.45e-02   3.73481370e+12 -4.25774965e+10  1.49e+07       7s
  17   1.79e-02 6.88e-03   1.01864614e+12 -1.48470824e+10  4.08e+06       7s
  18   3.75e-03 2.15e-03   2.84231600e+11 -5.52236832e+09  1.14e+06       8s
  19   1.10e-03 5.51e-04   9.82621461e+10 -8.98045078e+08  3.90e+05       8s
  20   2.16e-04 1.37e-04   3.20092741e+10  4.33016069e+08  1.24e+05       9s
  21   2.02e-05 3.37e-05   6.80504081e+09  1.01614919e+09  2.27e+04       9s
  22   7.21e-06 1.35e-05   3.44836191e+09  1.17857943e+09  8.91e+03       9s
  23   1.52e-06 4.99e-06   2.12028441e+09  1.24459069e+09  3.44e+03      10s
  24   3.58e-07 2.18e-06   1.59862711e+09  1.27203277e+09  1.28e+03      10s
  25   1.49e-07 1.01e-06   1.42224702e+09  1.28571663e+09  5.36e+02      10s
  26   8.94e-08 3.40e-07   1.36005027e+09  1.29374572e+09  2.60e+02      11s
  27   5.96e-08 1.25e-07   1.32312686e+09  1.29643743e+09  1.05e+02      11s
  28   2.98e-08 3.17e-08   1.30565832e+09  1.29757171e+09  3.18e+01      11s
  29   3.73e-08 6.52e-09   1.29876570e+09  1.29802667e+09  2.90e+00      12s
  30   2.98e-08 1.86e-09   1.29820644e+09  1.29809478e+09  4.38e-01      12s
  31   2.98e-08 1.86e-09   1.29811012e+09  1.29810105e+09  3.56e-02      12s
  32   2.98e-08 1.86e-09   1.29810250e+09  1.29810207e+09  1.72e-03      13s
  33   4.84e-08 1.86e-09   1.29810220e+09  1.29810214e+09  2.53e-04      13s
  34   7.08e-08 9.31e-10   1.29810217e+09  1.29810215e+09  5.63e-05      13s
  35   1.34e-07 9.31e-10   1.29810216e+09  1.29810216e+09  1.31e-05      14s
  36*  9.69e-08 9.31e-10   1.29810216e+09  1.29810216e+09  2.93e-09      14s
Summary
    Runtime:                                            13.89s
    Status interior point solve:                        optimal
    Status crossover:                                   not run
    objective value:                                    1.29810216e+09
    interior solution primal residual (abs/rel):        9.50e-08 / 6.51e-16
    interior solution dual residual (abs/rel):          9.31e-10 / 1.10e-16
    interior solution objective gap (abs/rel):          2.12e-05 / 1.63e-14
Ipx: IPM       optimal
Model   status      : Optimal
IPM       iterations: 36
Objective value     :  1.2981021570e+09
HiGHS run time      :         17.61
Running HiGHS 1.6.0: Copyright (c) 2023 HiGHS under MIT licence terms
Presolving model
164067 rows, 475681 cols, 1089297 nonzeros
122787 rows, 293968 cols, 727641 nonzeros
120365 rows, 160685 cols, 460588 nonzeros
117471 rows, 156658 cols, 452448 nonzeros
Presolve : Reductions: rows 117471(-3297495); columns 156658(-2148349); elements 452448(-9995255)
Solving the presolved LP
IPX model has 117471 rows, 156658 columns and 452448 nonzeros
Input
    Number of variables:                                156658
    Number of free variables:                           0
    Number of constraints:                              117471
    Number of equality constraints:                     18591
    Number of matrix entries:                           452448
    Matrix range:                                       [1e-02, 1e+00]
    RHS range:                                          [3e+05, 6e+07]
    Objective range:                                    [3e-04, 2e+06]
    Bounds range:                                       [5e+04, 1e+08]
Preprocessing
    Dualized model:                                     no
    Number of dense columns:                            0
    Range of scaling factors:                           [1.00e+00, 2.00e+00]
IPX version 1.0
Interior Point Solve
 Iter     P.res    D.res            P.obj           D.obj        mu     Time
   0   9.17e+06 2.49e+05   4.17185106e+13 -8.37598284e+16  2.75e+12       0s
   1   3.02e+06 1.88e+05   3.17908889e+16 -6.58759395e+16  2.02e+12       0s
   2   1.32e+06 1.41e+05   4.64447127e+16 -5.26911002e+16  1.80e+12       0s
   3   4.99e+05 3.31e+04   3.76988171e+16 -1.30127439e+16  5.02e+11       0s
   4   1.85e+05 1.02e+04   2.44368135e+16 -4.50165967e+15  1.87e+11       1s
   5   4.21e+04 2.22e+03   9.46237391e+15 -1.07584473e+15  4.88e+10       1s
 Constructing starting basis...
   6   2.67e+04 7.22e+02   6.83051570e+15 -4.45766206e+14  3.14e+10       3s
   7   8.95e+03 3.23e+02   2.68982092e+15 -2.13561242e+14  1.22e+10       3s
   8   3.83e+03 1.07e+02   1.88492954e+15 -1.19568109e+14  8.04e+09       4s
   9   1.45e+03 3.69e+01   1.12812194e+15 -5.69157725e+13  4.67e+09       4s
  10   8.16e+02 1.45e+01   8.49006444e+14 -2.38560763e+13  3.40e+09       5s
  11   5.64e+02 5.97e+00   6.83838157e+14 -1.39562011e+12  2.64e+09       5s
  12   4.75e+02 4.62e+00   6.61179961e+14 -1.94387154e+12  2.57e+09       6s
  13   2.65e+02 2.49e+00   4.17402634e+14  1.48400041e+13  1.56e+09       7s
  14   1.70e+02 8.08e-01   3.62540585e+14  1.76174109e+13  1.32e+09       7s
  15   9.05e+01 3.91e-01   2.32984073e+14  2.72862264e+13  7.90e+08       8s
  16   4.94e+01 1.33e-01   2.01354206e+14  2.77034390e+13  6.65e+08       9s
  17   2.00e+01 5.20e-02   1.13014672e+14  3.40898108e+13  3.02e+08       9s
  18   9.29e+00 1.93e-02   8.31873942e+13  3.62346486e+13  1.79e+08      10s
  19   2.94e+00 9.30e-03   5.38299332e+13  3.75844849e+13  6.21e+07      11s
  20   1.88e+00 2.97e-03   4.97052092e+13  3.83169116e+13  4.32e+07      11s
  21   8.99e-01 1.38e-03   4.76265608e+13  3.83838782e+13  3.50e+07      12s
  22   2.34e-01 5.69e-04   4.13832998e+13  3.86720202e+13  1.02e+07      13s
  23   6.48e-02 9.46e-05   3.98775351e+13  3.88302588e+13  3.95e+06      13s
  24   1.29e-02 1.39e-05   3.92037028e+13  3.88706690e+13  1.25e+06      14s
  25   3.48e-03 4.79e-06   3.89813578e+13  3.88803585e+13  3.80e+05      14s
  26   6.03e-04 1.70e-06   3.89121858e+13  3.88835471e+13  1.08e+05      15s
  27   2.79e-04 6.81e-07   3.88991875e+13  3.88848754e+13  5.38e+04      15s
  28   1.29e-04 3.19e-07   3.88921697e+13  3.88853726e+13  2.56e+04      16s
  29   4.74e-05 1.92e-07   3.88883090e+13  3.88855474e+13  1.04e+04      16s
  30   1.61e-05 8.38e-08   3.88870304e+13  3.88856892e+13  5.05e+03      17s
  31   1.08e-05 4.24e-08   3.88867044e+13  3.88857520e+13  3.58e+03      17s
  32   1.52e-06 1.68e-08   3.88861924e+13  3.88857887e+13  1.52e+03      18s
  33   3.58e-07 5.82e-09   3.88859718e+13  3.88858114e+13  6.03e+02      18s
  34   8.94e-08 2.33e-09   3.88858791e+13  3.88858194e+13  2.25e+02      19s
  35   8.94e-08 9.31e-10   3.88858371e+13  3.88858245e+13  4.73e+01      19s
  36   2.98e-08 4.66e-10   3.88858301e+13  3.88858265e+13  1.37e+01      20s
  37   4.47e-08 4.66e-10   3.88858274e+13  3.88858267e+13  2.69e+00      20s
  38   2.98e-08 4.66e-10   3.88858269e+13  3.88858268e+13  4.71e-01      20s
  39*  4.47e-08 4.66e-10   3.88858268e+13  3.88858268e+13  5.50e-02      21s
Summary
    Runtime:                                            20.66s
    Status interior point solve:                        optimal
    Status crossover:                                   not run
    objective value:                                    3.88858268e+13
    interior solution primal residual (abs/rel):        7.45e-08 / 5.10e-16
    interior solution dual residual (abs/rel):          4.66e-10 / 2.42e-16
    interior solution objective gap (abs/rel):          1.46e+04 / 3.76e-10
Ipx: IPM       optimal
Model   status      : Optimal
IPM       iterations: 39
Objective value     :  3.8885823315e+13
HiGHS run time      :         24.62
Presolving model
164067 rows, 475681 cols, 1089297 nonzeros
122787 rows, 293968 cols, 727641 nonzeros
120365 rows, 160685 cols, 460588 nonzeros
117471 rows, 156658 cols, 452448 nonzeros
Presolve : Reductions: rows 117471(-3307515); columns 156658(-2148349); elements 452448(-10005275)
Solving the presolved LP
IPX model has 117471 rows, 156658 columns and 452448 nonzeros
Input
    Number of variables:                                156658
    Number of free variables:                           0
    Number of constraints:                              117471
    Number of equality constraints:                     18591
    Number of matrix entries:                           452448
    Matrix range:                                       [1e-02, 1e+00]
    RHS range:                                          [3e+05, 6e+07]
    Objective range:                                    [3e-04, 2e+06]
    Bounds range:                                       [5e+04, 1e+08]
Preprocessing
    Dualized model:                                     no
    Number of dense columns:                            0
    Range of scaling factors:                           [1.00e+00, 2.00e+00]
IPX version 1.0
Interior Point Solve
 Iter     P.res    D.res            P.obj           D.obj        mu     Time
   0   9.16e+06 2.22e+05   3.64661124e+13 -7.47927556e+16  2.48e+12       0s
   1   3.00e+06 1.68e+05   3.01745660e+16 -5.86509957e+16  1.80e+12       0s
   2   1.30e+06 1.26e+05   4.36622686e+16 -4.69815754e+16  1.60e+12       0s
   3   4.86e+05 2.81e+04   3.49546584e+16 -1.10169694e+16  4.32e+11       0s
   4   1.81e+05 8.26e+03   2.21653202e+16 -3.66835690e+15  1.59e+11       1s
   5   5.44e+04 2.18e+03   9.48377146e+15 -1.05403099e+15  4.93e+10       1s
 Constructing starting basis...
   6   2.77e+04 6.16e+02   5.73268767e+15 -3.83658722e+14  2.64e+10       3s
   7   4.00e+03 1.87e+02   1.33478968e+15 -1.42747827e+14  6.17e+09       3s
   8   2.57e+02 8.25e+01   6.24953560e+14 -8.12062970e+13  2.94e+09       4s
   9   9.37e+01 3.31e+01   2.64053860e+14 -3.36275693e+13  1.23e+09       4s
  10   3.15e+01 1.86e+01   1.02226726e+14 -1.93518782e+13  5.20e+08       5s
  11   1.20e+01 1.08e+01   4.66751425e+13 -1.15718219e+13  2.56e+08       5s
  12   2.09e+00 2.00e+00   8.67355738e+12 -2.14537490e+12  4.74e+07       6s
  13   5.91e-01 6.98e-01   2.74885320e+12 -7.55745414e+11  1.55e+07       7s
  14   2.97e-01 1.61e-01   1.61246114e+12 -1.88899448e+11  7.30e+06       7s
  15   1.75e-01 7.96e-02   1.00843705e+12 -9.51863900e+10  4.40e+06       8s
  16   5.22e-02 2.27e-02   6.07709227e+11 -3.99976578e+10  2.52e+06       8s
  17   1.12e-02 4.13e-03   3.27950338e+11 -1.44348184e+10  1.31e+06       9s
  18   3.44e-03 1.71e-03   1.13740861e+11 -4.61574773e+09  4.49e+05       9s
  19   1.39e-03 1.10e-03   6.46534668e+10 -2.38747908e+09  2.54e+05      10s
  20   1.03e-03 3.42e-04   5.18069888e+10  8.44611868e+08  1.92e+05      10s
  21   4.80e-04 1.12e-04   3.64345788e+10  1.63132295e+09  1.31e+05      11s
  22   1.85e-04 3.99e-05   1.91041540e+10  2.31525503e+09  6.32e+04      11s
  23   5.96e-05 1.21e-05   8.57046367e+09  2.73342364e+09  2.20e+04      12s
  24   1.55e-05 3.33e-06   4.84764821e+09  2.87011087e+09  7.44e+03      12s
  25   3.49e-06 1.16e-06   3.51380807e+09  2.91792481e+09  2.24e+03      12s
  26   1.16e-06 4.42e-07   3.17552792e+09  2.93769810e+09  8.95e+02      13s
  27   2.38e-07 1.95e-07   3.04351354e+09  2.94455088e+09  3.72e+02      13s
  28   8.94e-08 6.96e-08   2.98897607e+09  2.94966698e+09  1.48e+02      14s
  29   1.14e-07 2.51e-08   2.95952444e+09  2.95162797e+09  2.97e+01      14s
  30   6.21e-08 3.96e-09   2.95392801e+09  2.95269487e+09  4.64e+00      14s
  31   1.19e-07 6.98e-10   2.95302212e+09  2.95286097e+09  6.06e-01      15s
  32   7.45e-08 4.66e-10   2.95290149e+09  2.95287477e+09  1.01e-01      15s
  33   1.19e-07 4.66e-10   2.95288099e+09  2.95287709e+09  1.47e-02      15s
  34   1.04e-07 4.66e-10   2.95287758e+09  2.95287730e+09  1.07e-03      16s
  35   2.09e-07 4.66e-10   2.95287738e+09  2.95287733e+09  1.64e-04      16s
  36*  2.24e-07 2.33e-10   2.95287734e+09  2.95287734e+09  7.43e-06      16s
Summary
    Runtime:                                            16.27s
    Status interior point solve:                        optimal
    Status crossover:                                   not run
    objective value:                                    2.95287734e+09
    interior solution primal residual (abs/rel):        1.64e-07 / 1.12e-15
    interior solution dual residual (abs/rel):          2.33e-10 / 1.21e-16
    interior solution objective gap (abs/rel):          1.96e+00 / 6.65e-10
Ipx: IPM       optimal
Model   status      : Optimal
IPM       iterations: 36
Objective value     :  2.9528773393e+09
HiGHS run time      :         20.18
Presolving model
164067 rows, 475681 cols, 1089297 nonzeros
122787 rows, 293968 cols, 727641 nonzeros
120365 rows, 160685 cols, 460588 nonzeros
117471 rows, 156658 cols, 452448 nonzeros
Presolve : Reductions: rows 117471(-3317535); columns 156658(-2148349); elements 452448(-10015295)
Solving the presolved LP
IPX model has 117471 rows, 156658 columns and 452448 nonzeros
Input
    Number of variables:                                156658
    Number of free variables:                           0
    Number of constraints:                              117471
    Number of equality constraints:                     18591
    Number of matrix entries:                           452448
    Matrix range:                                       [1e-02, 1e+00]
    RHS range:                                          [3e+05, 6e+07]
    Objective range:                                    [3e-04, 2e+06]
    Bounds range:                                       [5e+04, 1e+08]
Preprocessing
    Dualized model:                                     no
    Number of dense columns:                            0
    Range of scaling factors:                           [1.00e+00, 2.00e+00]
IPX version 1.0
Interior Point Solve
 Iter     P.res    D.res            P.obj           D.obj        mu     Time
   0   9.16e+06 2.22e+05   3.73906589e+13 -7.47373818e+16  2.48e+12       0s
   1   3.00e+06 1.68e+05   3.02292016e+16 -5.85882077e+16  1.80e+12       0s
   2   1.30e+06 1.26e+05   4.37562449e+16 -4.69675981e+16  1.60e+12       0s
   3   4.89e+05 2.81e+04   3.50487413e+16 -1.10316074e+16  4.33e+11       0s
   4   1.81e+05 8.34e+03   2.22176554e+16 -3.70141159e+15  1.59e+11       1s
   5   5.43e+04 2.21e+03   9.49702140e+15 -1.06243193e+15  4.95e+10       1s
 Constructing starting basis...
   6   2.78e+04 6.18e+02   5.76813869e+15 -3.82720145e+14  2.65e+10       3s
   7   5.55e+03 2.96e+02   1.57612176e+15 -1.99374106e+14  7.62e+09       3s
   8   5.55e-03 1.20e+02   6.86882733e+14 -1.03510088e+14  3.34e+09       4s
   9   1.82e-03 6.08e+01   3.23902327e+14 -5.57808495e+13  1.62e+09       4s
  10   5.95e-04 2.63e+01   1.26002425e+14 -2.50478370e+13  6.52e+08       5s
  11   1.92e-04 1.51e+01   5.70967675e+13 -1.49650823e+13  3.22e+08       5s
  12   5.88e-05 2.77e+00   1.86011847e+13 -2.77301041e+12  8.96e+07       6s
  13   1.40e-05 9.05e-01   4.77270517e+12 -9.18260778e+11  2.43e+07       6s
  14   5.63e-06 1.81e-01   2.28750586e+12 -2.05224129e+11  9.96e+06       7s
  15   2.38e-06 7.19e-02   1.10742562e+12 -8.67966232e+10  4.72e+06       7s
  16   1.37e-06 2.28e-02   6.93516136e+11 -2.96327558e+10  2.79e+06       8s
  17   3.58e-07 6.70e-03   2.32852509e+11 -9.45740805e+09  9.29e+05       8s
  18   1.49e-07 2.88e-03   1.06260689e+11 -3.22800639e+09  4.17e+05       9s
  19   1.19e-07 2.20e-03   9.32094895e+10 -1.96304889e+09  3.62e+05       9s
  20   8.94e-08 9.33e-04   7.01006845e+10 -3.91275394e+07  2.65e+05      10s
  21   7.45e-08 3.67e-04   3.06632284e+10  9.12352871e+08  1.12e+05      10s
  22   7.45e-08 1.23e-04   8.78632437e+09  2.08963166e+09  2.52e+04      11s
  23   1.19e-07 3.80e-05   5.36998773e+09  2.55789360e+09  1.06e+04      11s
  24   1.19e-07 1.32e-05   3.89022303e+09  2.71495529e+09  4.42e+03      12s
  25   1.04e-07 5.85e-06   3.23596554e+09  2.77010026e+09  1.75e+03      12s
  26   1.04e-07 2.02e-06   3.01992269e+09  2.80211534e+09  8.19e+02      13s
  27   1.21e-07 8.58e-07   2.91426527e+09  2.81158688e+09  3.86e+02      13s
  28   5.96e-08 2.53e-07   2.85846579e+09  2.81784626e+09  1.53e+02      13s
  29   1.34e-07 9.29e-08   2.83173407e+09  2.81970021e+09  4.53e+01      14s
  30   8.94e-08 1.42e-08   2.82244659e+09  2.82069287e+09  6.60e+00      14s
  31   7.45e-08 1.40e-09   2.82097876e+09  2.82086076e+09  4.44e-01      15s
  32   7.45e-08 4.66e-10   2.82088468e+09  2.82087162e+09  4.91e-02      15s
  33   8.74e-08 4.66e-10   2.82087382e+09  2.82087295e+09  3.28e-03      15s
  34   5.96e-08 4.66e-10   2.82087319e+09  2.82087309e+09  3.56e-04      16s
  35   2.53e-07 4.66e-10   2.82087313e+09  2.82087311e+09  6.61e-05      16s
  36*  4.02e-07 2.33e-10   2.82087311e+09  2.82087311e+09  4.81e-06      16s
Summary
    Runtime:                                            15.98s
    Status interior point solve:                        optimal
    Status crossover:                                   not run
    objective value:                                    2.82087311e+09
    interior solution primal residual (abs/rel):        4.62e-07 / 3.16e-15
    interior solution dual residual (abs/rel):          2.33e-10 / 1.21e-16
    interior solution objective gap (abs/rel):          1.27e+00 / 4.50e-10
Ipx: IPM       optimal
Model   status      : Optimal
IPM       iterations: 36
Objective value     :  2.8208731140e+09
HiGHS run time      :         19.85
Presolving model
164067 rows, 475681 cols, 1089297 nonzeros
122787 rows, 293968 cols, 727641 nonzeros
120365 rows, 160685 cols, 460588 nonzeros
117471 rows, 156658 cols, 452448 nonzeros
Presolve : Reductions: rows 117471(-3327555); columns 156658(-2148349); elements 452448(-10025315)
Solving the presolved LP
IPX model has 117471 rows, 156658 columns and 452448 nonzeros
Input
    Number of variables:                                156658
    Number of free variables:                           0
    Number of constraints:                              117471
    Number of equality constraints:                     18591
    Number of matrix entries:                           452448
    Matrix range:                                       [1e-02, 1e+00]
    RHS range:                                          [3e+05, 6e+07]
    Objective range:                                    [3e-04, 2e+06]
    Bounds range:                                       [5e+04, 1e+08]
Preprocessing
    Dualized model:                                     no
    Number of dense columns:                            0
    Range of scaling factors:                           [1.00e+00, 2.00e+00]
IPX version 1.0
Interior Point Solve
 Iter     P.res    D.res            P.obj           D.obj        mu     Time
   0   9.16e+06 2.22e+05   3.74025948e+13 -7.47369808e+16  2.48e+12       0s
   1   3.00e+06 1.68e+05   3.02291401e+16 -5.85878384e+16  1.80e+12       0s
   2   1.30e+06 1.26e+05   4.37566233e+16 -4.69662185e+16  1.60e+12       0s
   3   4.89e+05 2.81e+04   3.50491826e+16 -1.10320642e+16  4.33e+11       0s
   4   1.81e+05 8.34e+03   2.22185885e+16 -3.70114774e+15  1.59e+11       1s
   5   5.43e+04 2.21e+03   9.49718037e+15 -1.06241033e+15  4.95e+10       1s
 Constructing starting basis...
   6   2.78e+04 6.24e+02   5.77385138e+15 -3.86484576e+14  2.66e+10       3s
   7   5.24e+03 2.96e+02   1.54400370e+15 -2.00478445e+14  7.49e+09       3s
   8   5.24e-03 1.22e+02   6.78779197e+14 -1.04736071e+14  3.32e+09       4s
   9   1.63e-03 6.17e+01   3.14355623e+14 -5.64057526e+13  1.59e+09       4s
  10   4.84e-04 2.74e+01   1.14599817e+14 -2.59305089e+13  6.16e+08       5s
  11   1.49e-04 1.61e+01   4.56457397e+13 -1.55750202e+13  2.83e+08       5s
  12   4.98e-05 2.92e+00   1.60566859e+13 -2.84849039e+12  8.06e+07       6s
  13   1.07e-05 1.02e+00   3.70697722e+12 -9.96116589e+11  2.09e+07       6s
  14   3.73e-06 1.92e-01   1.65655549e+12 -2.07685254e+11  7.61e+06       7s
  15   1.52e-06 5.22e-02   7.68009750e+11 -6.03013876e+10  3.27e+06       7s
  16   6.56e-07 1.31e-02   4.02188143e+11 -1.74565817e+10  1.62e+06       8s
  17   2.38e-07 6.48e-03   1.54888614e+11 -7.46135327e+09  6.23e+05       8s
  18   1.49e-07 4.12e-03   7.16174773e+10 -4.22366639e+09  2.92e+05       9s
  19   8.94e-08 1.63e-03   6.16517671e+10 -5.14301856e+08  2.36e+05       9s
  20   5.96e-08 4.21e-04   4.16309969e+10  1.42067915e+09  1.52e+05      10s
  21   5.96e-08 1.60e-04   2.10254444e+10  1.91843076e+09  7.20e+04      10s
  22   4.47e-08 6.56e-05   8.91109269e+09  2.40294638e+09  2.45e+04      11s
  23   7.45e-08 1.97e-05   4.96974950e+09  2.67316699e+09  8.64e+03      11s
  24   8.94e-08 7.88e-06   3.49844112e+09  2.75286442e+09  2.81e+03      12s
  25   7.45e-08 3.95e-06   3.08279724e+09  2.78492141e+09  1.12e+03      12s
  26   7.45e-08 1.58e-06   2.93337898e+09  2.80527564e+09  4.82e+02      13s
  27   7.45e-08 7.32e-07   2.86819102e+09  2.81300397e+09  2.08e+02      13s
  28   3.79e-08 2.64e-07   2.83784139e+09  2.81739760e+09  7.69e+01      14s
  29   6.24e-08 4.05e-08   2.82422474e+09  2.81976590e+09  1.68e+01      14s
  30   1.03e-07 7.92e-09   2.82053509e+09  2.82013009e+09  1.52e+00      14s
  31   7.45e-08 9.31e-10   2.82024511e+09  2.82020921e+09  1.35e-01      15s
  32   5.03e-08 4.66e-10   2.82021463e+09  2.82021327e+09  5.11e-03      15s
  33   8.94e-08 4.66e-10   2.82021373e+09  2.82021361e+09  4.52e-04      15s
  34   3.13e-07 4.66e-10   2.82021367e+09  2.82021364e+09  1.26e-04      16s
  35   4.17e-07 2.33e-10   2.82021366e+09  2.82021366e+09  2.14e-05      16s
  36*  1.04e-07 2.33e-10   2.82021366e+09  2.82021366e+09  5.06e-07      16s
Summary
    Runtime:                                            16.41s
    Status interior point solve:                        optimal
    Status crossover:                                   not run
    objective value:                                    2.82021366e+09
    interior solution primal residual (abs/rel):        8.94e-08 / 6.12e-16
    interior solution dual residual (abs/rel):          2.33e-10 / 1.21e-16
    interior solution objective gap (abs/rel):          1.14e-01 / 4.04e-11
Ipx: IPM       optimal
Model   status      : Optimal
IPM       iterations: 36
Objective value     :  2.8202136594e+09
HiGHS run time      :         20.30
Running HiGHS 1.6.0: Copyright (c) 2023 HiGHS under MIT licence terms
Presolving model
167945 rows, 483546 cols, 1110307 nonzeros
126692 rows, 301865 cols, 748710 nonzeros
124293 rows, 166535 cols, 477658 nonzeros
121438 rows, 161920 cols, 468338 nonzeros
Presolve : Reductions: rows 121438(-3293787); columns 161920(-2143345); elements 468338(-9993970)
Solving the presolved LP
IPX model has 121438 rows, 161920 columns and 468338 nonzeros
Input
    Number of variables:                                161920
    Number of free variables:                           0
    Number of constraints:                              121438
    Number of equality constraints:                     18921
    Number of matrix entries:                           468338
    Matrix range:                                       [1e-02, 1e+00]
    RHS range:                                          [2e+05, 1e+08]
    Objective range:                                    [2e-04, 1e+06]
    Bounds range:                                       [5e+04, 1e+08]
Preprocessing
    Dualized model:                                     no
    Number of dense columns:                            0
    Range of scaling factors:                           [1.00e+00, 2.00e+00]
IPX version 1.0
Interior Point Solve
 Iter     P.res    D.res            P.obj           D.obj        mu     Time
   0   2.49e+07 1.46e+05   6.53759292e+13 -6.37559602e+16  4.20e+12       0s
   1   7.65e+06 1.08e+05   5.74643204e+16 -5.22246565e+16  2.86e+12       0s
   2   3.28e+06 8.02e+04   7.88285360e+16 -4.42737927e+16  2.45e+12       0s
   3   1.34e+06 1.65e+04   6.28384147e+16 -1.02634166e+16  6.54e+11       0s
   4   4.75e+05 5.62e+03   3.91097924e+16 -4.65578071e+15  2.63e+11       1s
   5   1.90e+05 1.60e+03   2.03134732e+16 -1.61050170e+15  1.00e+11       2s
 Constructing starting basis...
   6   6.78e+04 4.47e+02   9.19248737e+15 -6.50457132e+14  4.12e+10       3s
   7   2.28e+04 1.91e+02   3.75069688e+15 -3.24079718e+14  1.65e+10       4s
   8   1.05e+04 7.50e+01   2.51702093e+15 -2.02307179e+14  1.06e+10       4s
   9   4.15e+03 1.69e+01   1.60932364e+15 -1.03846046e+14  6.40e+09       5s
  10   2.36e+03 8.27e+00   1.17479035e+15 -6.78604358e+13  4.63e+09       5s
  11   1.19e+03 2.96e+00   8.38064504e+14 -3.67704178e+13  3.23e+09       6s
  12   5.46e+02 1.36e+00   5.89136314e+14 -1.80234534e+13  2.25e+09       7s
  13   4.76e+02 1.08e+00   5.63536963e+14 -1.39835061e+13  2.14e+09       7s
  14   1.15e+02 4.10e-01   2.52119262e+14  1.14603143e+13  8.97e+08       8s
  15   9.45e+01 1.43e-01   2.39368623e+14  1.86092069e+13  8.07e+08       9s
  16   1.83e+01 5.85e-02   1.06414019e+14  2.90094860e+13  2.86e+08       9s
  17   9.95e+00 2.48e-02   8.13861172e+13  3.41790491e+13  1.73e+08      11s
  18   5.86e+00 1.23e-02   6.50900528e+13  3.65725180e+13  1.04e+08      12s
  19   2.89e+00 5.42e-03   5.25867914e+13  3.79865258e+13  5.30e+07      13s
  20   1.40e+00 2.45e-03   4.61710418e+13  3.85918340e+13  2.74e+07      13s
  21   9.27e-01 1.60e-03   4.54245103e+13  3.86416204e+13  2.46e+07      14s
  22   5.98e-01 1.08e-03   4.46431179e+13  3.86969846e+13  2.15e+07      15s
  23   3.02e-01 4.88e-04   4.21703272e+13  3.89343181e+13  1.17e+07      15s
  24   2.41e-01 2.10e-04   4.19050822e+13  3.89862035e+13  1.05e+07      16s
  25   8.51e-02 2.91e-05   4.03221917e+13  3.91238720e+13  4.30e+06      16s
  26   2.94e-02 9.27e-06   3.95763529e+13  3.91542517e+13  1.51e+06      17s
  27   1.15e-02 3.22e-06   3.93453825e+13  3.91627275e+13  6.55e+05      17s
  28   3.53e-03 8.54e-07   3.92344560e+13  3.91666174e+13  2.43e+05      18s
  29   5.79e-04 3.95e-07   3.91830754e+13  3.91678466e+13  5.46e+04      19s
  30   1.34e-04 1.57e-07   3.91733194e+13  3.91685853e+13  1.70e+04      19s
  31   5.06e-05 9.31e-08   3.91712867e+13  3.91687891e+13  8.96e+03      20s
  32   2.09e-05 5.15e-08   3.91702900e+13  3.91689379e+13  4.85e+03      20s
  33   1.14e-05 2.96e-08   3.91699237e+13  3.91690188e+13  3.25e+03      21s
  34   4.56e-06 1.56e-08   3.91696625e+13  3.91690705e+13  2.12e+03      21s
  35   1.97e-06 6.75e-09   3.91694098e+13  3.91691141e+13  1.06e+03      22s
  36   1.22e-06 3.96e-09   3.91693218e+13  3.91691285e+13  6.93e+02      22s
  37   2.68e-07 2.79e-09   3.91692563e+13  3.91691339e+13  4.39e+02      23s
  38   1.24e-07 9.31e-10   3.91692067e+13  3.91691458e+13  2.19e+02      23s
  39   1.19e-07 4.66e-10   3.91691766e+13  3.91691492e+13  9.81e+01      24s
  40   9.31e-08 4.66e-10   3.91691631e+13  3.91691495e+13  4.86e+01      24s
  41   1.79e-07 2.33e-10   3.91691535e+13  3.91691506e+13  1.03e+01      24s
  42   3.58e-07 3.49e-10   3.91691510e+13  3.91691509e+13  4.99e-01      25s
  43*  3.28e-07 2.33e-10   3.91691509e+13  3.91691509e+13  4.64e-02      25s
Summary
    Runtime:                                            25.22s
    Status interior point solve:                        optimal
    Status crossover:                                   not run
    objective value:                                    3.91691509e+13
    interior solution primal residual (abs/rel):        3.28e-07 / 2.25e-15
    interior solution dual residual (abs/rel):          2.33e-10 / 1.78e-16
    interior solution objective gap (abs/rel):          1.29e+04 / 3.30e-10
Ipx: IPM       optimal
Model   status      : Optimal
IPM       iterations: 43
Objective value     :  3.9169147875e+13
HiGHS run time      :         28.83
Presolving model
167945 rows, 483546 cols, 1110307 nonzeros
126692 rows, 301865 cols, 748710 nonzeros
124293 rows, 166535 cols, 477658 nonzeros
121438 rows, 161920 cols, 468338 nonzeros
Presolve : Reductions: rows 121438(-3303807); columns 161920(-2143345); elements 468338(-10003990)
Solving the presolved LP
IPX model has 121438 rows, 161920 columns and 468338 nonzeros
Input
    Number of variables:                                161920
    Number of free variables:                           0
    Number of constraints:                              121438
    Number of equality constraints:                     18921
    Number of matrix entries:                           468338
    Matrix range:                                       [1e-02, 1e+00]
    RHS range:                                          [2e+05, 1e+08]
    Objective range:                                    [2e-04, 1e+06]
    Bounds range:                                       [5e+04, 1e+08]
Preprocessing
    Dualized model:                                     no
    Number of dense columns:                            0
    Range of scaling factors:                           [1.00e+00, 2.00e+00]
IPX version 1.0
Interior Point Solve
 Iter     P.res    D.res            P.obj           D.obj        mu     Time
   0   2.49e+07 1.51e+05   5.59859793e+13 -6.61866654e+16  4.32e+12       0s
   1   7.67e+06 1.12e+05   5.68465886e+16 -5.42942444e+16  2.96e+12       0s
   2   3.27e+06 8.25e+04   7.84350238e+16 -4.58615413e+16  2.53e+12       0s
   3   1.35e+06 1.72e+04   6.28890935e+16 -1.07934916e+16  6.79e+11       0s
   4   4.73e+05 5.91e+03   3.93667760e+16 -4.91693526e+15  2.73e+11       1s
   5   1.89e+05 1.66e+03   2.07974460e+16 -1.72037351e+15  1.04e+11       2s
 Constructing starting basis...
   6   7.10e+04 3.79e+02   9.86970656e+15 -6.42210810e+14  4.34e+10       3s
   7   3.36e+04 1.65e+02   4.91342968e+15 -3.08110554e+14  2.08e+10       3s
   8   1.27e+04 4.47e+01   2.32629154e+15 -1.33249312e+14  9.43e+09       4s
   9   2.07e+03 2.06e+01   5.47047223e+14 -6.71262338e+13  2.40e+09       4s
  10   5.91e+02 9.10e+00   2.07904124e+14 -3.23391440e+13  9.45e+08       5s
  11   1.78e+02 4.83e+00   8.03835730e+13 -1.80596601e+13  3.97e+08       6s
  12   5.22e+01 2.64e+00   3.29395995e+13 -1.02917237e+13  1.79e+08       6s
  13   8.11e+00 3.42e-01   5.97515448e+12 -1.36208108e+12  2.93e+07       7s
  14   2.23e+00 7.82e-02   1.91277466e+12 -3.25811708e+11  8.69e+06       7s
  15   8.36e-01 2.89e-02   8.69799805e+11 -1.27859951e+11  3.81e+06       8s
  16   5.84e-01 7.15e-03   6.56266892e+11 -3.68874294e+10  2.55e+06       8s
  17   1.27e-01 2.83e-03   3.84897636e+11 -2.44935068e+10  1.50e+06       9s
  18   6.11e-02 1.08e-03   2.54354856e+11 -1.22483422e+10  9.66e+05      10s
  19   3.22e-02 4.28e-04   1.40972206e+11 -3.07828451e+09  5.20e+05      10s
  20   1.64e-02 2.47e-04   8.37566712e+10 -9.14018799e+08  3.05e+05      11s
  21   1.26e-02 1.46e-04   7.12849875e+10  2.27045402e+08  2.56e+05      11s
  22   6.49e-03 5.12e-05   5.57758032e+10  9.24031779e+08  1.97e+05      12s
  23   1.48e-03 2.26e-05   2.14325080e+10  2.12660098e+09  6.93e+04      12s
  24   4.25e-04 1.17e-05   1.03222028e+10  2.76077644e+09  2.71e+04      13s
  25   1.81e-04 4.06e-06   6.80666247e+09  3.28323082e+09  1.26e+04      13s
  26   5.29e-05 1.95e-06   4.75934894e+09  3.43780878e+09  4.74e+03      14s
  27   2.02e-05 7.48e-07   4.11554469e+09  3.53458302e+09  2.08e+03      14s
  28   7.06e-06 2.87e-07   3.80245344e+09  3.57534475e+09  8.15e+02      15s
  29   2.41e-06 7.64e-08   3.68667845e+09  3.59442241e+09  3.31e+02      15s
  30   2.98e-07 1.98e-08   3.62518662e+09  3.60008213e+09  9.00e+01      16s
  31   2.09e-07 5.12e-09   3.60839957e+09  3.60210772e+09  2.26e+01      16s
  32   1.49e-07 1.16e-09   3.60330385e+09  3.60284000e+09  1.66e+00      16s
  33   1.19e-07 4.66e-10   3.60305574e+09  3.60294732e+09  3.89e-01      17s
  34   1.19e-07 4.66e-10   3.60303166e+09  3.60299087e+09  1.46e-01      17s
  35   1.61e-07 2.33e-10   3.60300886e+09  3.60300513e+09  1.34e-02      18s
  36   1.49e-07 2.33e-10   3.60300721e+09  3.60300652e+09  2.48e-03      18s
  37   2.38e-07 4.66e-10   3.60300669e+09  3.60300659e+09  3.64e-04      18s
  38   3.87e-07 2.33e-10   3.60300661e+09  3.60300660e+09  3.94e-05      19s
  39*  3.58e-07 2.33e-10   3.60300660e+09  3.60300660e+09  2.31e-06      19s
Summary
    Runtime:                                            19.07s
    Status interior point solve:                        optimal
    Status crossover:                                   not run
    objective value:                                    3.60300660e+09
    interior solution primal residual (abs/rel):        4.77e-07 / 3.27e-15
    interior solution dual residual (abs/rel):          2.33e-10 / 1.78e-16
    interior solution objective gap (abs/rel):          6.21e-01 / 1.72e-10
Ipx: IPM       optimal
Model   status      : Optimal
IPM       iterations: 39
Objective value     :  3.6030066027e+09
HiGHS run time      :         22.80
Presolving model
167945 rows, 483546 cols, 1110307 nonzeros
126692 rows, 301865 cols, 748710 nonzeros
124293 rows, 166535 cols, 477658 nonzeros
121438 rows, 161920 cols, 468338 nonzeros
Presolve : Reductions: rows 121438(-3313827); columns 161920(-2143345); elements 468338(-10014010)
Solving the presolved LP
IPX model has 121438 rows, 161920 columns and 468338 nonzeros
Input
    Number of variables:                                161920
    Number of free variables:                           0
    Number of constraints:                              121438
    Number of equality constraints:                     18921
    Number of matrix entries:                           468338
    Matrix range:                                       [1e-02, 1e+00]
    RHS range:                                          [2e+05, 1e+08]
    Objective range:                                    [2e-04, 1e+06]
    Bounds range:                                       [5e+04, 1e+08]
Preprocessing
    Dualized model:                                     no
    Number of dense columns:                            0
    Range of scaling factors:                           [1.00e+00, 2.00e+00]
IPX version 1.0
Interior Point Solve
 Iter     P.res    D.res            P.obj           D.obj        mu     Time
   0   2.49e+07 1.51e+05   5.65413574e+13 -6.61992595e+16  4.33e+12       0s
   1   7.68e+06 1.12e+05   5.69880632e+16 -5.42976104e+16  2.96e+12       0s
   2   3.28e+06 8.26e+04   7.86454224e+16 -4.58889839e+16  2.54e+12       0s
   3   1.35e+06 1.72e+04   6.30442150e+16 -1.07800451e+16  6.79e+11       0s
   4   4.75e+05 5.89e+03   3.95200970e+16 -4.90819586e+15  2.73e+11       1s
   5   1.90e+05 1.66e+03   2.08613730e+16 -1.71822837e+15  1.04e+11       2s
 Constructing starting basis...
   6   7.19e+04 3.74e+02   9.96974229e+15 -6.41628891e+14  4.37e+10       3s
   7   3.43e+04 1.62e+02   4.99127353e+15 -3.05357877e+14  2.10e+10       4s
   8   1.30e+04 4.38e+01   2.37328424e+15 -1.34271032e+14  9.60e+09       4s
   9   2.24e+03 1.99e+01   5.91495443e+14 -6.72328718e+13  2.56e+09       5s
  10   6.92e+02 1.07e+01   2.30686447e+14 -3.77495485e+13  1.06e+09       5s
  11   1.91e+02 4.71e+00   8.94183030e+13 -1.82975358e+13  4.31e+08       6s
  12   4.25e+01 2.69e+00   2.87570467e+13 -1.07685019e+13  1.66e+08       6s
  13   8.83e+00 4.02e-01   7.24960819e+12 -1.66897600e+12  3.57e+07       7s
  14   2.28e+00 8.22e-02   2.22784604e+12 -3.62207647e+11  1.00e+07       7s
  15   7.81e-01 2.73e-02   8.82252599e+11 -1.25470047e+11  3.84e+06       8s
  16   4.74e-01 1.36e-02   6.95453141e+11 -7.39562511e+10  2.88e+06       8s
  17   2.21e-01 3.35e-03   3.53864626e+11 -1.76952837e+10  1.36e+06       9s
  18   4.66e-02 1.42e-03   1.64658853e+11 -9.52111732e+09  6.34e+05       9s
  19   1.92e-02 4.78e-04   8.98468266e+10 -2.31540425e+09  3.33e+05      10s
  20   1.57e-02 2.53e-04   7.92800670e+10 -5.08108716e+08  2.87e+05      10s
  21   1.14e-02 8.24e-05   6.25538772e+10  1.53490976e+09  2.19e+05      11s
  22   4.67e-03 3.11e-05   3.42756722e+10  2.32328212e+09  1.15e+05      11s
  23   1.94e-03 1.51e-05   1.88427524e+10  2.79639385e+09  5.76e+04      12s
  24   7.85e-04 5.57e-06   1.00393896e+10  3.24040528e+09  2.44e+04      13s
  25   1.83e-04 1.48e-06   5.50671157e+09  3.43170379e+09  7.45e+03      13s
  26   6.71e-05 8.37e-07   4.36319896e+09  3.47548616e+09  3.18e+03      14s
  27   2.00e-05 2.95e-07   3.84630601e+09  3.51585834e+09  1.19e+03      14s
  28   3.58e-06 1.00e-07   3.64351516e+09  3.53167572e+09  4.01e+02      15s
  29   6.56e-07 2.62e-08   3.57137755e+09  3.53997296e+09  1.13e+02      15s
  30   2.09e-07 1.00e-08   3.55440224e+09  3.54208750e+09  4.42e+01      15s
  31   2.09e-07 1.63e-09   3.54631337e+09  3.54348350e+09  1.01e+01      16s
  32   1.19e-07 9.31e-10   3.54539764e+09  3.54363853e+09  6.31e+00      16s
  33   8.94e-08 9.31e-10   3.54534710e+09  3.54364366e+09  6.11e+00      17s
  34   1.49e-07 4.66e-10   3.54410006e+09  3.54374480e+09  1.27e+00      17s
  35   5.96e-08 4.66e-10   3.54378642e+09  3.54375564e+09  1.10e-01      17s
  36   8.94e-08 2.33e-10   3.54376035e+09  3.54375671e+09  1.31e-02      18s
  37   1.79e-07 2.33e-10   3.54375827e+09  3.54375699e+09  4.59e-03      18s
  38   5.96e-08 2.33e-10   3.54375788e+09  3.54375704e+09  3.01e-03      18s
  39   1.19e-07 2.33e-10   3.54375787e+09  3.54375704e+09  2.95e-03      19s
  40   1.48e-07 2.33e-10   3.54375738e+09  3.54375706e+09  1.14e-03      19s
  41   1.54e-07 2.33e-10   3.54375709e+09  3.54375707e+09  9.22e-05      19s
  42*  1.49e-07 2.33e-10   3.54375707e+09  3.54375707e+09  4.50e-06      20s
Summary
    Runtime:                                            19.84s
    Status interior point solve:                        optimal
    Status crossover:                                   not run
    objective value:                                    3.54375707e+09
    interior solution primal residual (abs/rel):        4.17e-07 / 2.86e-15
    interior solution dual residual (abs/rel):          2.33e-10 / 1.78e-16
    interior solution objective gap (abs/rel):          1.25e+00 / 3.53e-10
Ipx: IPM       optimal
Model   status      : Optimal
IPM       iterations: 42
Objective value     :  3.5437570720e+09
HiGHS run time      :         23.57
Presolving model
167945 rows, 483546 cols, 1110307 nonzeros
126692 rows, 301865 cols, 748710 nonzeros
124293 rows, 166535 cols, 477658 nonzeros
121438 rows, 161920 cols, 468338 nonzeros
Presolve : Reductions: rows 121438(-3323847); columns 161920(-2143345); elements 468338(-10024030)
Solving the presolved LP
IPX model has 121438 rows, 161920 columns and 468338 nonzeros
Input
    Number of variables:                                161920
    Number of free variables:                           0
    Number of constraints:                              121438
    Number of equality constraints:                     18921
    Number of matrix entries:                           468338
    Matrix range:                                       [1e-02, 1e+00]
    RHS range:                                          [2e+05, 1e+08]
    Objective range:                                    [2e-04, 1e+06]
    Bounds range:                                       [5e+04, 1e+08]
Preprocessing
    Dualized model:                                     no
    Number of dense columns:                            0
    Range of scaling factors:                           [1.00e+00, 2.00e+00]
IPX version 1.0
Interior Point Solve
 Iter     P.res    D.res            P.obj           D.obj        mu     Time
   0   2.49e+07 1.51e+05   5.65548382e+13 -6.61983885e+16  4.33e+12       0s
   1   7.68e+06 1.12e+05   5.69870469e+16 -5.42937436e+16  2.96e+12       0s
   2   3.28e+06 8.26e+04   7.86467236e+16 -4.58790234e+16  2.54e+12       0s
   3   1.35e+06 1.72e+04   6.30493306e+16 -1.07849307e+16  6.79e+11       0s
   4   4.76e+05 5.90e+03   3.95239668e+16 -4.91026098e+15  2.73e+11       1s
   5   1.90e+05 1.66e+03   2.08636134e+16 -1.71874188e+15  1.04e+11       2s
 Constructing starting basis...
   6   7.16e+04 3.78e+02   9.92480631e+15 -6.42383998e+14  4.36e+10       3s
   7   3.42e+04 1.61e+02   4.99265647e+15 -3.03952478e+14  2.10e+10       4s
   8   1.29e+04 4.04e+01   2.39676770e+15 -1.31035959e+14  9.65e+09       4s
   9   2.00e+03 2.05e+01   5.43900530e+14 -7.10182396e+13  2.40e+09       5s
  10   6.39e+02 1.08e+01   2.46085454e+14 -4.08416468e+13  1.13e+09       5s
  11   1.67e+02 4.66e+00   8.68054563e+13 -1.91193668e+13  4.25e+08       6s
  12   5.04e+01 2.65e+00   3.69804297e+13 -1.13331067e+13  1.99e+08       7s
  13   9.98e+00 6.37e-01   1.18356952e+13 -3.00702454e+12  5.95e+07       7s
  14   2.47e+00 1.56e-01   3.37289156e+12 -7.59882409e+11  1.63e+07       8s
  15   6.84e-01 6.28e-02   1.02979320e+12 -3.06752531e+11  5.34e+06       8s
  16   2.06e-01 1.94e-02   4.37907858e+11 -1.00043752e+11  2.08e+06       9s
  17   1.43e-01 1.18e-02   3.88301493e+11 -6.61975318e+10  1.72e+06       9s
  18   7.78e-02 5.52e-03   2.29202162e+11 -2.99776916e+10  9.66e+05      10s
  19   3.12e-02 1.40e-03   1.31676644e+11 -7.74278129e+09  5.08e+05      10s
  20   1.59e-02 5.56e-04   7.80067598e+10 -1.72142046e+09  2.88e+05      11s
  21   1.30e-02 3.40e-04   6.81442356e+10 -2.70669721e+08  2.47e+05      11s
  22   8.74e-03 1.17e-04   5.02650536e+10  1.71680057e+09  1.75e+05      12s
  23   2.40e-03 4.75e-05   2.40087079e+10  2.37841580e+09  7.77e+04      12s
  24   6.19e-04 2.52e-05   1.05501154e+10  2.84470957e+09  2.77e+04      13s
  25   2.49e-04 7.41e-06   6.69172321e+09  3.30476249e+09  1.22e+04      14s
  26   6.54e-05 3.73e-06   4.60621614e+09  3.40777961e+09  4.30e+03      14s
  27   2.21e-05 1.35e-06   3.96561012e+09  3.48477190e+09  1.72e+03      15s
  28   6.29e-06 4.22e-07   3.68674913e+09  3.51789897e+09  6.06e+02      15s
  29   1.28e-06 9.10e-08   3.58461266e+09  3.53066445e+09  1.93e+02      16s
  30   2.68e-07 3.10e-08   3.55217132e+09  3.53367132e+09  6.63e+01      16s
  31   1.49e-07 1.15e-08   3.53799226e+09  3.53496731e+09  1.08e+01      16s
  32   1.19e-07 1.40e-09   3.53596921e+09  3.53571649e+09  9.06e-01      17s
  33   1.19e-07 4.66e-10   3.53583491e+09  3.53579116e+09  1.57e-01      17s
  34   1.49e-07 2.33e-10   3.53581212e+09  3.53579643e+09  5.63e-02      18s
  35   1.19e-07 4.66e-10   3.53581006e+09  3.53579706e+09  4.66e-02      18s
  36   8.94e-08 2.33e-10   3.53579905e+09  3.53579827e+09  2.82e-03      18s
  37   2.09e-07 2.33e-10   3.53579848e+09  3.53579843e+09  1.81e-04      19s
  38   4.77e-07 2.33e-10   3.53579845e+09  3.53579844e+09  3.48e-05      19s
  39*  4.77e-07 2.33e-10   3.53579845e+09  3.53579845e+09  1.45e-06      20s
Summary
    Runtime:                                            19.53s
    Status interior point solve:                        optimal
    Status crossover:                                   not run
    objective value:                                    3.53579845e+09
    interior solution primal residual (abs/rel):        3.28e-07 / 2.25e-15
    interior solution dual residual (abs/rel):          2.33e-10 / 1.78e-16
    interior solution objective gap (abs/rel):          3.64e-01 / 1.03e-10
Ipx: IPM       optimal
Model   status      : Optimal
IPM       iterations: 39
Objective value     :  3.5357984491e+09
HiGHS run time      :         23.34
Presolving model
167945 rows, 483546 cols, 1110307 nonzeros
126692 rows, 301865 cols, 748710 nonzeros
124293 rows, 166535 cols, 477658 nonzeros
121438 rows, 161920 cols, 468338 nonzeros
Presolve : Reductions: rows 121438(-3333867); columns 161920(-2143345); elements 468338(-10034050)
Solving the presolved LP
IPX model has 121438 rows, 161920 columns and 468338 nonzeros
Input
    Number of variables:                                161920
    Number of free variables:                           0
    Number of constraints:                              121438
    Number of equality constraints:                     18921
    Number of matrix entries:                           468338
    Matrix range:                                       [1e-02, 1e+00]
    RHS range:                                          [2e+05, 1e+08]
    Objective range:                                    [2e-04, 1e+06]
    Bounds range:                                       [5e+04, 1e+08]
Preprocessing
    Dualized model:                                     no
    Number of dense columns:                            0
    Range of scaling factors:                           [1.00e+00, 2.00e+00]
IPX version 1.0
Interior Point Solve
 Iter     P.res    D.res            P.obj           D.obj        mu     Time
   0   2.49e+07 1.51e+05   5.65548382e+13 -6.61983885e+16  4.33e+12       0s
   1   7.68e+06 1.12e+05   5.69870469e+16 -5.42937436e+16  2.96e+12       0s
   2   3.28e+06 8.26e+04   7.86467236e+16 -4.58790234e+16  2.54e+12       0s
   3   1.35e+06 1.72e+04   6.30493306e+16 -1.07849307e+16  6.79e+11       0s
   4   4.76e+05 5.90e+03   3.95239668e+16 -4.91026098e+15  2.73e+11       1s
   5   1.90e+05 1.66e+03   2.08636134e+16 -1.71874188e+15  1.04e+11       2s
 Constructing starting basis...
   6   7.16e+04 3.78e+02   9.92480631e+15 -6.42383998e+14  4.36e+10       3s
   7   3.42e+04 1.61e+02   4.99265647e+15 -3.03952478e+14  2.10e+10       4s
   8   1.29e+04 4.04e+01   2.39676770e+15 -1.31035959e+14  9.65e+09       4s
   9   2.00e+03 2.05e+01   5.43900530e+14 -7.10182396e+13  2.40e+09       5s
  10   6.39e+02 1.08e+01   2.46085454e+14 -4.08416468e+13  1.13e+09       5s
  11   1.67e+02 4.66e+00   8.68054563e+13 -1.91193668e+13  4.25e+08       6s
  12   5.04e+01 2.65e+00   3.69804297e+13 -1.13331067e+13  1.99e+08       7s
  13   9.98e+00 6.37e-01   1.18356952e+13 -3.00702454e+12  5.95e+07       7s
  14   2.47e+00 1.56e-01   3.37289156e+12 -7.59882409e+11  1.63e+07       8s
  15   6.84e-01 6.28e-02   1.02979320e+12 -3.06752531e+11  5.34e+06       8s
  16   2.06e-01 1.94e-02   4.37907858e+11 -1.00043752e+11  2.08e+06       9s
  17   1.43e-01 1.18e-02   3.88301493e+11 -6.61975318e+10  1.72e+06       9s
  18   7.78e-02 5.52e-03   2.29202162e+11 -2.99776916e+10  9.66e+05      10s
  19   3.12e-02 1.40e-03   1.31676644e+11 -7.74278129e+09  5.08e+05      10s
  20   1.59e-02 5.56e-04   7.80067598e+10 -1.72142046e+09  2.88e+05      11s
  21   1.30e-02 3.40e-04   6.81442356e+10 -2.70669721e+08  2.47e+05      11s
  22   8.74e-03 1.17e-04   5.02650536e+10  1.71680057e+09  1.75e+05      12s
  23   2.40e-03 4.75e-05   2.40087079e+10  2.37841580e+09  7.77e+04      12s
  24   6.19e-04 2.52e-05   1.05501154e+10  2.84470957e+09  2.77e+04      13s
  25   2.49e-04 7.41e-06   6.69172321e+09  3.30476249e+09  1.22e+04      14s
  26   6.54e-05 3.73e-06   4.60621614e+09  3.40777961e+09  4.30e+03      14s
  27   2.21e-05 1.35e-06   3.96561012e+09  3.48477190e+09  1.72e+03      15s
  28   6.29e-06 4.22e-07   3.68674913e+09  3.51789897e+09  6.06e+02      15s
  29   1.28e-06 9.10e-08   3.58461266e+09  3.53066445e+09  1.93e+02      16s
  30   2.68e-07 3.10e-08   3.55217132e+09  3.53367132e+09  6.63e+01      16s
  31   1.49e-07 1.15e-08   3.53799226e+09  3.53496731e+09  1.08e+01      16s
  32   1.19e-07 1.40e-09   3.53596921e+09  3.53571649e+09  9.06e-01      17s
  33   1.19e-07 4.66e-10   3.53583491e+09  3.53579116e+09  1.57e-01      17s
  34   1.49e-07 2.33e-10   3.53581212e+09  3.53579643e+09  5.63e-02      18s
  35   1.19e-07 4.66e-10   3.53581006e+09  3.53579706e+09  4.66e-02      18s
  36   8.94e-08 2.33e-10   3.53579905e+09  3.53579827e+09  2.82e-03      18s
  37   2.09e-07 2.33e-10   3.53579848e+09  3.53579843e+09  1.81e-04      19s
  38   4.77e-07 2.33e-10   3.53579845e+09  3.53579844e+09  3.48e-05      19s
  39*  4.77e-07 2.33e-10   3.53579845e+09  3.53579845e+09  1.45e-06      20s
Summary
    Runtime:                                            19.53s
    Status interior point solve:                        optimal
    Status crossover:                                   not run
    objective value:                                    3.53579845e+09
    interior solution primal residual (abs/rel):        3.28e-07 / 2.25e-15
    interior solution dual residual (abs/rel):          2.33e-10 / 1.78e-16
    interior solution objective gap (abs/rel):          3.64e-01 / 1.03e-10
Ipx: IPM       optimal
Model   status      : Optimal
IPM       iterations: 39
Objective value     :  3.5357984491e+09
HiGHS run time      :         23.32
[ Info: Rolling step not specified in scenaio.yaml file; Setting it to 5 years
[ Info: Demand-pathway mapping not specified in scenaio.yaml file; SERA will not look for eligible pathways for different demand types.
[ Info: Production capacity constraints from the grid model not defined. SERA will not create these constraints
[ Info: Regional technology limits not specified in scenaio.yaml file; SERA will not create these constraints
STARTING DATA PRE-PROCESSING 
Processing Temporal Data
Processing Nodes
Processing Demand
Processing Existings
Processing Links
Processing Pathways
Creating Infrastructure options
 25.707184 seconds (131.93 M allocations: 15.412 GiB, 41.87% gc time, 0.34% compilation time)

OPTIMIZING FROM 2026 TO 2030 

STARTING OPTIMIZATION MODEL CREATION
CREATING VARIABLES AND EXPRESSIONS
 31.039534 seconds (182.69 M allocations: 11.373 GiB, 54.95% gc time, 17.52% compilation time)
POPULATING EXPRESSIONS
 17.465300 seconds (75.88 M allocations: 11.688 GiB, 11.27% gc time, 1.06% compilation time)
CREATING CONSTRAINTS
 56.589732 seconds (112.03 M allocations: 6.108 GiB, 77.43% gc time, 8.30% compilation time)
POPULATED CORE OPTIMIZATION MODEL, STARTING ITERATIONS
READING COST DATA FOR ITERATION 1
 29.035864 seconds (80.78 M allocations: 7.802 GiB, 36.81% gc time, 1.50% compilation time)
CREATING EXPRESSIONS FOR CAPITAL AND FIXED COST
 32.829214 seconds (43.87 M allocations: 2.734 GiB, 86.42% gc time, 4.30% compilation time)
BUILDING OBJECTIVE FUNCTION
  7.777296 seconds (27.41 M allocations: 910.300 MiB, 57.79% gc time, 10.46% compilation time)
Optimizing for iteration 1
 72.524573 seconds (37.43 M allocations: 3.370 GiB, 58.77% gc time, 0.04% compilation time)
OPTIMAL
1.2831394058735397e9
 =  1.0
READING COST DATA FOR ITERATION 2
187.429580 seconds (65.19 M allocations: 7.442 GiB, 24.84% gc time, 0.01% compilation time)
CREATING EXPRESSIONS FOR CAPITAL AND FIXED COST
 21.889730 seconds (42.21 M allocations: 2.625 GiB, 87.18% gc time, 0.02% compilation time)
BUILDING OBJECTIVE FUNCTION
  7.093825 seconds (26.75 M allocations: 893.070 MiB, 66.33% gc time)
Optimizing for iteration 2
 19.154398 seconds (5 allocations: 32 bytes)
OPTIMAL
1.5784948257791822e9
 =  0.18711206085820664
READING COST DATA FOR ITERATION 3
192.219850 seconds (65.11 M allocations: 7.410 GiB, 27.07% gc time)
CREATING EXPRESSIONS FOR CAPITAL AND FIXED COST
 27.500397 seconds (42.21 M allocations: 2.625 GiB, 88.80% gc time)
BUILDING OBJECTIVE FUNCTION
  8.016356 seconds (26.75 M allocations: 893.070 MiB, 68.07% gc time)
Optimizing for iteration 3
 17.801744 seconds (2 allocations: 32 bytes)
OPTIMAL
1.307427320095549e9
 =  0.2073289287420301
READING COST DATA FOR ITERATION 4
192.662508 seconds (65.11 M allocations: 7.466 GiB, 27.43% gc time)
CREATING EXPRESSIONS FOR CAPITAL AND FIXED COST
 27.914976 seconds (42.21 M allocations: 2.625 GiB, 89.05% gc time)
BUILDING OBJECTIVE FUNCTION
  7.356904 seconds (26.75 M allocations: 895.329 MiB, 66.54% gc time)
Optimizing for iteration 4
 18.368107 seconds (2 allocations: 32 bytes)
OPTIMAL
1.3012101887940545e9
 =  0.004777960821327577
READING COST DATA FOR ITERATION 5
193.520849 seconds (65.11 M allocations: 7.434 GiB, 27.66% gc time)
CREATING EXPRESSIONS FOR CAPITAL AND FIXED COST
 28.139285 seconds (42.21 M allocations: 2.625 GiB, 88.96% gc time)
BUILDING OBJECTIVE FUNCTION
  8.215405 seconds (26.75 M allocations: 893.070 MiB, 68.56% gc time)
Optimizing for iteration 5
 17.544239 seconds (2 allocations: 32 bytes)
OPTIMAL
1.2981021570052445e9
 =  0.0023942890560531066
READING COST DATA FOR ITERATION 6
194.110150 seconds (65.11 M allocations: 7.458 GiB, 27.76% gc time)
CREATING EXPRESSIONS FOR CAPITAL AND FIXED COST
 28.315170 seconds (42.21 M allocations: 2.625 GiB, 89.10% gc time)
BUILDING OBJECTIVE FUNCTION
  8.257180 seconds (26.75 M allocations: 893.070 MiB, 68.78% gc time)
Optimizing for iteration 6
 17.641345 seconds (2 allocations: 32 bytes)
OPTIMAL
1.2981021570052445e9
 =  0.0
ITERATIONS COMPLETED
WRITING RESULTS TO FILE
  6.664100 seconds (9.99 M allocations: 433.525 MiB, 78.74% gc time, 9.30% compilation time)

OPTIMIZING FROM 2031 TO 2035 

STARTING OPTIMIZATION MODEL CREATION
CREATING VARIABLES AND EXPRESSIONS
198.700870 seconds (173.74 M allocations: 10.793 GiB, 94.85% gc time, 0.13% compilation time)
POPULATING EXPRESSIONS
 23.849212 seconds (75.70 M allocations: 11.679 GiB, 35.85% gc time)
CREATING CONSTRAINTS
 80.130161 seconds (109.31 M allocations: 5.929 GiB, 86.25% gc time)
POPULATED CORE OPTIMIZATION MODEL, STARTING ITERATIONS
READING COST DATA FOR ITERATION 1
 96.942682 seconds (65.00 M allocations: 7.535 GiB, 81.92% gc time)
CREATING EXPRESSIONS FOR CAPITAL AND FIXED COST
 45.852466 seconds (42.17 M allocations: 2.625 GiB, 93.97% gc time)
BUILDING OBJECTIVE FUNCTION
 10.011113 seconds (26.75 M allocations: 862.441 MiB, 76.27% gc time)
Optimizing for iteration 1
109.280583 seconds (37.41 M allocations: 3.369 GiB, 68.65% gc time)
OPTIMAL
3.8885823314717195e13
 =  1.0
READING COST DATA FOR ITERATION 2
220.487973 seconds (65.17 M allocations: 7.411 GiB, 37.35% gc time)
CREATING EXPRESSIONS FOR CAPITAL AND FIXED COST
 34.459421 seconds (42.21 M allocations: 2.625 GiB, 91.97% gc time)
BUILDING OBJECTIVE FUNCTION
 10.367460 seconds (26.75 M allocations: 893.085 MiB, 76.91% gc time)
Optimizing for iteration 2
 20.224697 seconds (5 allocations: 32 bytes)
OPTIMAL
2.9528773392508364e9
 =  13167.790588701126
READING COST DATA FOR ITERATION 3
228.936135 seconds (65.16 M allocations: 7.412 GiB, 39.85% gc time)
CREATING EXPRESSIONS FOR CAPITAL AND FIXED COST
 43.211091 seconds (42.21 M allocations: 2.625 GiB, 93.25% gc time)
BUILDING OBJECTIVE FUNCTION
 10.484013 seconds (26.75 M allocations: 893.085 MiB, 76.86% gc time)
Optimizing for iteration 3
 19.875618 seconds (2 allocations: 32 bytes)
OPTIMAL
2.8208731139616075e9
 =  0.04679552037837374
READING COST DATA FOR ITERATION 4
229.624128 seconds (65.16 M allocations: 7.411 GiB, 40.05% gc time)
CREATING EXPRESSIONS FOR CAPITAL AND FIXED COST
 43.472550 seconds (42.21 M allocations: 2.625 GiB, 93.24% gc time)
BUILDING OBJECTIVE FUNCTION
 10.560243 seconds (26.75 M allocations: 893.085 MiB, 77.01% gc time)
Optimizing for iteration 4
 20.333647 seconds (2 allocations: 32 bytes)
OPTIMAL
2.8202136594417143e9
 =  0.0002338314042266682
ITERATIONS COMPLETED
WRITING RESULTS TO FILE
 18.823687 seconds (17.60 M allocations: 772.474 MiB, 87.51% gc time, 44.86% compilation time)

OPTIMIZING FROM 2036 TO 2040 

STARTING OPTIMIZATION MODEL CREATION
CREATING VARIABLES AND EXPRESSIONS
293.107298 seconds (173.47 M allocations: 10.742 GiB, 96.70% gc time)
POPULATING EXPRESSIONS
 19.245888 seconds (75.72 M allocations: 11.686 GiB, 18.58% gc time)
CREATING CONSTRAINTS
 91.746549 seconds (109.32 M allocations: 5.931 GiB, 87.68% gc time, 0.01% compilation time)
POPULATED CORE OPTIMIZATION MODEL, STARTING ITERATIONS
READING COST DATA FOR ITERATION 1
101.183046 seconds (65.00 M allocations: 7.501 GiB, 82.60% gc time)
CREATING EXPRESSIONS FOR CAPITAL AND FIXED COST
 40.318964 seconds (42.31 M allocations: 2.630 GiB, 92.50% gc time, 0.15% compilation time)
BUILDING OBJECTIVE FUNCTION
 11.622187 seconds (26.75 M allocations: 865.844 MiB, 78.05% gc time)
Optimizing for iteration 1
109.217683 seconds (38.76 M allocations: 3.390 GiB, 64.63% gc time)
OPTIMAL
3.916914787500583e13
 =  1.0
READING COST DATA FOR ITERATION 2
234.462333 seconds (65.22 M allocations: 7.412 GiB, 40.26% gc time)
CREATING EXPRESSIONS FOR CAPITAL AND FIXED COST
 44.469198 seconds (42.32 M allocations: 2.628 GiB, 93.06% gc time)
BUILDING OBJECTIVE FUNCTION
 10.940545 seconds (26.75 M allocations: 893.103 MiB, 77.06% gc time)
Optimizing for iteration 2
 22.847511 seconds (5 allocations: 32 bytes)
OPTIMAL
3.603006602665637e9
 =  10870.239549221289
READING COST DATA FOR ITERATION 3
234.491660 seconds (65.20 M allocations: 7.412 GiB, 40.16% gc time)
CREATING EXPRESSIONS FOR CAPITAL AND FIXED COST
 44.833080 seconds (42.32 M allocations: 2.628 GiB, 92.94% gc time)
BUILDING OBJECTIVE FUNCTION
 11.242722 seconds (26.75 M allocations: 893.103 MiB, 76.39% gc time)
Optimizing for iteration 3
 23.597547 seconds (2 allocations: 32 bytes)
OPTIMAL
3.543757072013341e9
 =  0.016719410909983478
READING COST DATA FOR ITERATION 4
235.980628 seconds (65.20 M allocations: 7.635 GiB, 40.07% gc time)
CREATING EXPRESSIONS FOR CAPITAL AND FIXED COST
 54.540450 seconds (42.32 M allocations: 2.628 GiB, 94.27% gc time)
BUILDING OBJECTIVE FUNCTION
 11.241562 seconds (26.75 M allocations: 893.103 MiB, 76.93% gc time)
Optimizing for iteration 4
 23.374732 seconds (2 allocations: 32 bytes)
OPTIMAL
3.5357984491293516e9
 =  0.0022508700650103754
READING COST DATA FOR ITERATION 5
235.970082 seconds (65.20 M allocations: 7.412 GiB, 40.26% gc time)
CREATING EXPRESSIONS FOR CAPITAL AND FIXED COST
 45.160551 seconds (42.32 M allocations: 2.628 GiB, 92.93% gc time)
BUILDING OBJECTIVE FUNCTION
 11.343664 seconds (26.75 M allocations: 893.103 MiB, 76.33% gc time)
Optimizing for iteration 5
 23.348097 seconds (2 allocations: 32 bytes)
OPTIMAL
3.5357984491293516e9
 =  0.0
ITERATIONS COMPLETED
WRITING RESULTS TO FILE
 11.713826 seconds (23.68 M allocations: 996.903 MiB, 79.29% gc time)

THE OPTIMIZATION PROBLEM TOOK 83.75 MINUTES TO SOLVE. 
