Running HiGHS 1.6.0: Copyright (c) 2023 HiGHS under MIT licence terms
Presolving model
368042 rows, 836820 cols, 2140724 nonzeros
295190 rows, 592154 cols, 1652776 nonzeros
295142 rows, 325302 cols, 1108684 nonzeros
287116 rows, 317077 cols, 1092172 nonzeros
Presolve : Reductions: rows 287116(-2197531); columns 317077(-1383955); elements 1092172(-6237567)
Solving the presolved LP
IPX model has 287116 rows, 317077 columns and 1092172 nonzeros
Input
    Number of variables:                                317077
    Number of free variables:                           0
    Number of constraints:                              287116
    Number of equality constraints:                     17031
    Number of matrix entries:                           1092172
    Matrix range:                                       [1e-02, 1e+00]
    RHS range:                                          [2e+05, 1e+08]
    Objective range:                                    [2e-04, 1e+02]
    Bounds range:                                       [2e+05, 1e+08]
Preprocessing
    Dualized model:                                     no
    Number of dense columns:                            0
    Range of scaling factors:                           [1.00e+00, 2.00e+00]
IPX version 1.0
Interior Point Solve
 Iter     P.res    D.res            P.obj           D.obj        mu     Time
   0   2.46e+07 4.09e+00   4.97042180e+09 -5.41933522e+12  1.19e+08       0s
   1   6.00e+06 2.29e+00   3.53315232e+12 -3.45850588e+12  6.11e+07       0s
   2   3.19e+06 2.04e+00   4.41020293e+12 -3.21494394e+12  6.00e+07       1s
   3   1.30e+06 7.41e-01   3.63689386e+12 -1.26306057e+12  2.40e+07       2s
   4   4.01e+05 2.79e-01   2.38726369e+12 -5.36912151e+11  9.79e+06       4s
   5   1.72e+05 1.11e-01   1.51911763e+12 -2.42024600e+11  4.49e+06       6s
   6   6.03e+04 4.79e-02   7.84834440e+11 -1.17294134e+11  1.94e+06      10s
 Constructing starting basis...
   7   2.24e+04 1.42e-02   3.75900610e+11 -3.93656685e+10  7.87e+05      14s
   8   6.68e+03 3.34e-03   1.73781158e+11 -1.23887950e+10  3.22e+05      15s
   9   3.18e+03 6.27e-04   1.23903505e+11 -4.49695902e+09  2.14e+05      17s
  10   1.40e+03 3.35e-04   7.33728419e+10 -1.41925685e+09  1.24e+05      20s
  11   1.06e+03 2.81e-04   7.02713915e+10 -9.06204875e+08  1.18e+05      22s
  12   2.52e+02 1.71e-04   4.40535305e+10  1.04314410e+09  7.08e+04      25s
  13   1.25e+02 1.10e-04   3.29853201e+10  2.94737633e+09  4.93e+04      29s
  14   6.60e+01 6.68e-05   2.29118176e+10  4.97217218e+09  2.94e+04      33s
  15   5.13e+01 5.23e-05   2.04649297e+10  5.51151495e+09  2.45e+04      39s
  16   3.75e+01 3.85e-05   1.79863048e+10  6.05692159e+09  1.96e+04      44s
  17   2.80e+01 2.58e-05   1.63032958e+10  6.50068608e+09  1.61e+04      49s
  18   1.73e+01 1.62e-05   1.44413551e+10  6.80047990e+09  1.25e+04      53s
  19   1.34e+01 1.10e-05   1.32397293e+10  7.06525738e+09  1.01e+04      57s
  20   1.14e+01 1.03e-05   1.25979993e+10  7.09530969e+09  9.01e+03      61s
  21   7.85e+00 5.84e-06   1.17511600e+10  7.25924625e+09  7.36e+03      64s
  22   5.46e+00 3.11e-06   1.09034311e+10  7.40947061e+09  5.72e+03      67s
  23   3.92e+00 2.15e-06   1.02974336e+10  7.46901421e+09  4.63e+03      70s
  24   2.75e+00 1.48e-06   9.78822157e+09  7.51748950e+09  3.72e+03      73s
  25   1.66e+00 9.56e-07   9.18756837e+09  7.56809353e+09  2.65e+03      76s
  26   1.02e+00 6.51e-07   8.86183369e+09  7.59684112e+09  2.07e+03      80s
  27   7.57e-01 5.00e-07   8.70902818e+09  7.61291363e+09  1.79e+03      83s
  28   4.99e-01 3.54e-07   8.47789172e+09  7.63433186e+09  1.38e+03      85s
  29   2.21e-01 2.44e-07   8.29524338e+09  7.64799419e+09  1.06e+03      88s
  30   1.52e-01 1.33e-07   8.19154130e+09  7.66848408e+09  8.56e+02      91s
  31   7.23e-02 1.02e-07   8.05397696e+09  7.67484211e+09  6.20e+02      94s
  32   4.23e-02 5.92e-08   7.98324926e+09  7.68512909e+09  4.88e+02      96s
  33   3.09e-02 4.30e-08   7.94179295e+09  7.69013782e+09  4.12e+02      99s
  34   1.37e-02 2.98e-08   7.86023821e+09  7.69496853e+09  2.70e+02     102s
  35   4.44e-03 1.25e-08   7.81104566e+09  7.70161032e+09  1.79e+02     104s
  36   2.75e-03 6.83e-09   7.77888452e+09  7.70571009e+09  1.20e+02     107s
  37   9.31e-04 5.12e-09   7.76565627e+09  7.70639035e+09  9.70e+01     109s
  38   3.58e-04 2.29e-09   7.74231468e+09  7.70867316e+09  5.50e+01     111s
  39   1.57e-04 4.04e-10   7.73232807e+09  7.71037029e+09  3.59e+01     113s
  40   7.67e-05 3.65e-11   7.72388505e+09  7.71122939e+09  2.07e+01     115s
  41   3.40e-06 8.20e-12   7.71531543e+09  7.71134256e+09  6.50e+00     117s
  42   5.36e-07 2.42e-12   7.71357284e+09  7.71144336e+09  3.48e+00     119s
  43   2.68e-07 1.42e-13   7.71254412e+09  7.71157460e+09  1.59e+00     120s
  44   6.27e-08 4.26e-14   7.71200804e+09  7.71156708e+09  7.22e-01     122s
  45   1.14e-07 4.26e-14   7.71161598e+09  7.71159176e+09  3.96e-02     123s
  46   9.01e-08 4.26e-14   7.71159718e+09  7.71159253e+09  7.62e-03     125s
  47   8.38e-08 4.26e-14   7.71159307e+09  7.71159265e+09  6.81e-04     126s
  48   8.31e-08 4.26e-14   7.71159274e+09  7.71159269e+09  9.21e-05     127s
  49   1.06e-07 5.68e-14   7.71159271e+09  7.71159269e+09  2.92e-05     128s
  50*  1.09e-07 5.68e-14   7.71159269e+09  7.71159269e+09  3.62e-06     129s
Summary
    Runtime:                                            128.72s
    Status interior point solve:                        optimal
    Status crossover:                                   not run
    objective value:                                    7.71159269e+09
    interior solution primal residual (abs/rel):        1.94e-07 / 1.33e-15
    interior solution dual residual (abs/rel):          2.31e-11 / 1.76e-13
    interior solution objective gap (abs/rel):          2.21e+00 / 2.86e-10
Ipx: IPM       optimal
Model   status      : Optimal
IPM       iterations: 50
Objective value     :  7.7151491134e+09
HiGHS run time      :        131.51
Presolving model
368042 rows, 836820 cols, 2140724 nonzeros
295190 rows, 592154 cols, 1652776 nonzeros
295142 rows, 325302 cols, 1108684 nonzeros
287116 rows, 317077 cols, 1092172 nonzeros
Presolve : Reductions: rows 287116(-2205046); columns 317077(-1383955); elements 1092172(-6245082)
Solving the presolved LP
IPX model has 287116 rows, 317077 columns and 1092172 nonzeros
Input
    Number of variables:                                317077
    Number of free variables:                           0
    Number of constraints:                              287116
    Number of equality constraints:                     17031
    Number of matrix entries:                           1092172
    Matrix range:                                       [1e-02, 1e+00]
    RHS range:                                          [2e+05, 1e+08]
    Objective range:                                    [2e-04, 1e+07]
    Bounds range:                                       [2e+05, 1e+08]
Preprocessing
    Dualized model:                                     no
    Number of dense columns:                            0
    Range of scaling factors:                           [1.00e+00, 2.00e+00]
IPX version 1.0
Interior Point Solve
 Iter     P.res    D.res            P.obj           D.obj        mu     Time
   0   2.45e+07 1.57e+05   5.90345215e+13 -2.06943655e+17  4.62e+12       0s
   1   7.62e+06 1.06e+05   1.18573421e+17 -1.53244802e+17  2.83e+12       0s
   2   5.59e+06 9.13e+04   1.44912539e+17 -1.41278961e+17  2.67e+12       1s
   3   2.04e+06 3.85e+04   1.35464179e+17 -6.83096143e+16  1.20e+12       2s
   4   6.66e+05 1.77e+04   1.02935383e+17 -3.58783144e+16  5.69e+11       3s
   5   3.34e+05 5.39e+03   7.50604372e+16 -1.21756016e+16  2.35e+11       5s
   6   2.17e+05 2.48e+03   5.62716312e+16 -6.36176712e+15  1.41e+11       8s
   7   1.42e+05 1.12e+03   3.95179127e+16 -3.17037508e+15  8.52e+10      12s
 Constructing starting basis...
   8   8.83e+04 6.15e+02   2.65458281e+16 -1.97245933e+15  5.46e+10      18s
   9   3.43e+04 2.28e+02   1.13957266e+16 -8.66801608e+14  2.23e+10      20s
  10   1.23e+04 6.48e+01   4.99485124e+15 -3.69472116e+14  9.42e+09      23s
  11   1.09e+03 2.16e+01   1.12308297e+15 -2.03903212e+14  2.30e+09      25s
  12   4.55e+02 1.46e+01   7.77202952e+14 -1.42193151e+14  1.60e+09      27s
  13   1.79e+02 9.00e+00   3.96519590e+14 -8.56480494e+13  8.48e+08      30s
  14   1.05e+02 6.71e+00   2.96702342e+14 -6.64489998e+13  6.40e+08      33s
  15   4.08e+01 3.12e+00   1.53699570e+14 -3.21034564e+13  3.26e+08      36s
  16   7.45e+00 1.07e+00   4.63253871e+13 -1.18882141e+13  1.02e+08      38s
  17   2.71e+00 2.34e-01   2.06176654e+13 -2.73225813e+12  3.97e+07      41s
  18   1.24e+00 4.55e-02   1.05771787e+13 -5.87812492e+11  1.86e+07      43s
  19   5.24e-01 1.61e-02   4.75091502e+12 -2.25656739e+11  8.24e+06      45s
  20   1.12e-01 4.87e-03   2.06080877e+12 -1.16433260e+11  3.60e+06      48s
  21   4.51e-02 2.00e-03   1.13492613e+12 -5.85078237e+10  1.96e+06      50s
  22   2.00e-02 8.86e-04   6.82066307e+11 -2.99550673e+10  1.17e+06      52s
  23   1.35e-02 4.27e-04   5.45304725e+11 -1.67921164e+10  9.22e+05      54s
  24   9.88e-03 1.58e-04   4.30181566e+11 -4.26168252e+09  7.12e+05      57s
  25   5.95e-03 9.78e-05   2.94021425e+11 -9.94627888e+08  4.83e+05      59s
  26   2.87e-03 3.73e-09   2.07532134e+11  2.32363585e+09  3.36e+05      61s
  27   1.35e-03 2.79e-09   1.10928278e+11  5.83316977e+09  1.72e+05      63s
  28   5.71e-04 3.73e-09   6.31208359e+10  7.25582580e+09  9.14e+04      65s
  29   2.87e-04 2.79e-09   4.16313794e+10  7.65360941e+09  5.56e+04      67s
  30   9.21e-05 1.86e-09   2.35396145e+10  8.06968533e+09  2.53e+04      69s
  31   4.51e-05 3.73e-09   1.65097565e+10  8.40093020e+09  1.33e+04      72s
  32   1.39e-05 2.79e-09   1.12463119e+10  8.53905045e+09  4.43e+03      74s
  33   3.84e-06 3.73e-09   9.65935951e+09  8.60021114e+09  1.73e+03      77s
  34   1.31e-06 2.79e-09   9.09852668e+09  8.63065003e+09  7.66e+02      79s
  35   6.26e-07 2.79e-09   8.89271812e+09  8.64438444e+09  4.06e+02      81s
  36   2.09e-07 2.79e-09   8.73627336e+09  8.65309602e+09  1.36e+02      83s
  37   1.19e-07 1.86e-09   8.68915299e+09  8.65657101e+09  5.33e+01      85s
  38   1.64e-07 3.73e-09   8.66963831e+09  8.65834928e+09  1.85e+01      87s
  39   1.75e-07 3.73e-09   8.66223200e+09  8.65902082e+09  5.25e+00      89s
  40   3.43e-07 3.73e-09   8.65992680e+09  8.65915331e+09  1.27e+00      91s
  41   1.53e-07 2.79e-09   8.65926624e+09  8.65921108e+09  9.03e-02      92s
  42   1.71e-07 3.73e-09   8.65922543e+09  8.65921882e+09  1.08e-02      94s
  43   1.34e-07 3.73e-09   8.65922174e+09  8.65922047e+09  2.07e-03      95s
  44   1.71e-07 3.73e-09   8.65922105e+09  8.65922063e+09  6.92e-04      96s
  45   8.79e-07 3.73e-09   8.65922069e+09  8.65922065e+09  5.13e-05      98s
  46*  2.53e-07 9.31e-10   8.65922066e+09  8.65922066e+09  8.23e-06      99s
Summary
    Runtime:                                            99.06s
    Status interior point solve:                        optimal
    Status crossover:                                   not run
    objective value:                                    8.65922066e+09
    interior solution primal residual (abs/rel):        8.20e-07 / 5.61e-15
    interior solution dual residual (abs/rel):          9.31e-10 / 9.62e-17
    interior solution objective gap (abs/rel):          4.67e+00 / 5.39e-10
Ipx: IPM       optimal
Model   status      : Optimal
IPM       iterations: 46
Objective value     :  8.6646302203e+09
HiGHS run time      :        101.72
Presolving model
368042 rows, 836820 cols, 2140724 nonzeros
295190 rows, 592154 cols, 1652776 nonzeros
295142 rows, 325302 cols, 1108684 nonzeros
287116 rows, 317077 cols, 1092172 nonzeros
Presolve : Reductions: rows 287116(-2212561); columns 317077(-1383955); elements 1092172(-6252597)
Solving the presolved LP
IPX model has 287116 rows, 317077 columns and 1092172 nonzeros
Input
    Number of variables:                                317077
    Number of free variables:                           0
    Number of constraints:                              287116
    Number of equality constraints:                     17031
    Number of matrix entries:                           1092172
    Matrix range:                                       [1e-02, 1e+00]
    RHS range:                                          [2e+05, 1e+08]
    Objective range:                                    [2e-04, 1e+07]
    Bounds range:                                       [2e+05, 1e+08]
Preprocessing
    Dualized model:                                     no
    Number of dense columns:                            0
    Range of scaling factors:                           [1.00e+00, 2.00e+00]
IPX version 1.0
Interior Point Solve
 Iter     P.res    D.res            P.obj           D.obj        mu     Time
   0   2.45e+07 1.57e+05   8.58567825e+13 -2.05614008e+17  4.62e+12       0s
   1   7.64e+06 1.06e+05   1.20576138e+17 -1.52216260e+17  2.83e+12       0s
   2   5.62e+06 9.13e+04   1.47108538e+17 -1.40346609e+17  2.66e+12       1s
   3   2.03e+06 3.86e+04   1.37451486e+17 -6.80407810e+16  1.20e+12       2s
   4   5.97e+05 1.76e+04   1.02404779e+17 -3.54258405e+16  5.56e+11       3s
   5   2.96e+05 5.27e+03   7.46341566e+16 -1.19044499e+16  2.29e+11       6s
   6   1.94e+05 2.44e+03   5.64622535e+16 -6.31418920e+15  1.39e+11       8s
   7   1.27e+05 1.13e+03   3.95025012e+16 -3.16150473e+15  8.42e+10      12s
 Constructing starting basis...
   8   8.01e+04 6.28e+02   2.68151288e+16 -1.98209758e+15  5.47e+10      18s
   9   3.23e+04 2.43e+02   1.19435320e+16 -8.90322908e+14  2.32e+10      21s
  10   1.04e+04 6.59e+01   5.06306924e+15 -3.77004207e+14  9.48e+09      23s
  11   1.99e+03 2.18e+01   1.27736579e+15 -1.90083441e+14  2.54e+09      26s
  12   8.85e+02 1.48e+01   9.30654535e+14 -1.32900534e+14  1.84e+09      28s
  13   5.98e+02 1.24e+01   6.90229733e+14 -1.10300826e+14  1.39e+09      31s
  14   2.09e+02 8.95e+00   3.23204118e+14 -7.66791458e+13  7.07e+08      34s
  15   9.93e+01 6.08e+00   2.29406428e+14 -5.32155658e+13  5.00e+08      37s
  16   4.88e+01 3.74e+00   1.42544933e+14 -3.27364261e+13  3.10e+08      40s
  17   1.58e+01 2.35e+00   7.04927365e+13 -2.11899248e+13  1.65e+08      42s
  18   6.26e+00 3.80e-01   4.18180366e+13 -4.49047231e+12  7.83e+07      45s
  19   4.70e+00 9.86e-02   3.45829853e+13 -1.68562917e+12  6.01e+07      47s
  20   1.46e+00 1.63e-02   1.91830467e+13 -8.18326819e+11  3.29e+07      49s
  21   5.22e-01 4.97e-03   9.71779789e+12 -3.95365337e+11  1.66e+07      52s
  22   9.80e-02 1.09e-03   3.54359742e+12 -1.57976489e+11  6.08e+06      54s
  23   5.05e-02 4.97e-04   2.42211747e+12 -9.93404371e+10  4.14e+06      56s
  24   2.04e-02 1.81e-04   1.13604142e+12 -3.91235678e+10  1.93e+06      58s
  25   1.42e-02 8.32e-05   9.95102646e+11 -3.08768055e+10  1.68e+06      60s
  26   8.91e-03 2.62e-05   8.01094384e+11 -1.98010484e+10  1.34e+06      62s
  27   2.04e-03 5.27e-06   3.94162030e+11 -8.13841506e+09  6.58e+05      64s
  28   6.37e-04 2.35e-06   1.95675814e+11 -2.22574993e+09  3.24e+05      66s
  29   1.92e-04 6.74e-07   8.44050032e+10  3.50955071e+09  1.32e+05      68s
  30   7.08e-05 2.74e-07   4.82436614e+10  5.18955806e+09  7.05e+04      70s
  31   2.67e-05 1.03e-07   3.00221494e+10  6.15117371e+09  3.91e+04      72s
  32   8.29e-06 4.10e-08   1.52636046e+10  6.80988577e+09  1.38e+04      74s
  33   4.20e-06 1.68e-08   1.18988311e+10  7.09839950e+09  7.85e+03      76s
  34   1.58e-06 7.45e-09   9.15391947e+09  7.22061380e+09  3.16e+03      78s
  35   3.58e-07 3.73e-09   8.06366628e+09  7.26395818e+09  1.31e+03      80s
  36   2.53e-07 3.73e-09   7.60406500e+09  7.28613605e+09  5.20e+02      82s
  37   2.09e-07 3.73e-09   7.47194498e+09  7.29791569e+09  2.85e+02      84s
  38   1.34e-07 2.79e-09   7.37102011e+09  7.30391940e+09  1.10e+02      86s
  39   2.38e-07 3.73e-09   7.33591281e+09  7.30642913e+09  4.82e+01      87s
  40   2.24e-07 2.79e-09   7.31606253e+09  7.30776056e+09  1.36e+01      89s
  41   1.42e-07 1.86e-09   7.31140343e+09  7.30807930e+09  5.44e+00      91s
  42   1.27e-07 2.79e-09   7.30887099e+09  7.30822530e+09  1.06e+00      92s
  43   1.12e-07 3.73e-09   7.30834507e+09  7.30827115e+09  1.21e-01      93s
  44   2.09e-07 3.73e-09   7.30828150e+09  7.30827677e+09  7.74e-03      95s
  45   1.86e-07 3.73e-09   7.30827783e+09  7.30827732e+09  8.43e-04      96s
  46   6.41e-07 3.73e-09   7.30827742e+09  7.30827735e+09  1.09e-04      97s
  47*  1.92e-06 9.31e-10   7.30827737e+09  7.30827736e+09  9.24e-06      98s
Summary
    Runtime:                                            98.52s
    Status interior point solve:                        optimal
    Status crossover:                                   not run
    objective value:                                    7.30827737e+09
    interior solution primal residual (abs/rel):        1.97e-06 / 1.35e-14
    interior solution dual residual (abs/rel):          9.31e-10 / 9.62e-17
    interior solution objective gap (abs/rel):          6.05e+00 / 8.28e-10
Ipx: IPM       optimal
Model   status      : Optimal
IPM       iterations: 47
Objective value     :  7.3136869279e+09
HiGHS run time      :        101.55
Presolving model
368042 rows, 836820 cols, 2140724 nonzeros
295190 rows, 592154 cols, 1652776 nonzeros
295142 rows, 325302 cols, 1108684 nonzeros
287116 rows, 317077 cols, 1092172 nonzeros
Presolve : Reductions: rows 287116(-2220076); columns 317077(-1383955); elements 1092172(-6260112)
Solving the presolved LP
IPX model has 287116 rows, 317077 columns and 1092172 nonzeros
Input
    Number of variables:                                317077
    Number of free variables:                           0
    Number of constraints:                              287116
    Number of equality constraints:                     17031
    Number of matrix entries:                           1092172
    Matrix range:                                       [1e-02, 1e+00]
    RHS range:                                          [2e+05, 1e+08]
    Objective range:                                    [2e-04, 1e+07]
    Bounds range:                                       [2e+05, 1e+08]
Preprocessing
    Dualized model:                                     no
    Number of dense columns:                            0
    Range of scaling factors:                           [1.00e+00, 2.00e+00]
IPX version 1.0
Interior Point Solve
 Iter     P.res    D.res            P.obj           D.obj        mu     Time
   0   2.45e+07 1.57e+05   9.32528093e+13 -2.05402559e+17  4.62e+12       0s
   1   7.65e+06 1.06e+05   1.20960030e+17 -1.52054876e+17  2.83e+12       0s
   2   5.62e+06 9.13e+04   1.47525871e+17 -1.40206519e+17  2.66e+12       1s
   3   2.03e+06 3.86e+04   1.37815787e+17 -6.79691869e+16  1.19e+12       2s
   4   5.97e+05 1.76e+04   1.02607188e+17 -3.53751970e+16  5.56e+11       3s
   5   2.96e+05 5.25e+03   7.47075015e+16 -1.18358745e+16  2.28e+11       5s
   6   1.95e+05 2.43e+03   5.66094295e+16 -6.28357751e+15  1.39e+11       8s
   7   1.27e+05 1.13e+03   3.95442486e+16 -3.15026361e+15  8.42e+10      12s
 Constructing starting basis...
   8   8.00e+04 6.25e+02   2.68952805e+16 -1.97397500e+15  5.48e+10      18s
   9   3.20e+04 2.40e+02   1.18482074e+16 -8.76809201e+14  2.30e+10      21s
  10   9.87e+03 6.47e+01   4.94470341e+15 -3.73960380e+14  9.26e+09      23s
  11   1.59e+03 2.03e+01   1.29003919e+15 -1.91808715e+14  2.55e+09      25s
  12   4.05e+02 1.40e+01   7.35373803e+14 -1.36712225e+14  1.51e+09      28s
  13   3.13e+02 1.26e+01   6.31373354e+14 -1.22012620e+14  1.31e+09      32s
  14   1.17e+02 9.46e+00   3.44226237e+14 -8.87331087e+13  7.67e+08      35s
  15   5.23e+01 7.08e+00   2.32721241e+14 -6.56419149e+13  5.34e+08      39s
  16   2.57e+01 4.83e+00   1.55078756e+14 -4.44144288e+13  3.59e+08      42s
  17   1.07e+01 2.74e+00   8.98620167e+13 -2.53685226e+13  2.07e+08      45s
  18   6.24e+00 2.16e+00   6.30547806e+13 -2.03250370e+13  1.51e+08      47s
  19   2.58e+00 4.57e-01   3.56483929e+13 -4.97311524e+12  6.96e+07      50s
  20   2.18e+00 1.40e-01   3.16059270e+13 -1.87688178e+12  5.58e+07      52s
  21   8.70e-01 3.82e-02   1.38416782e+13 -5.79026894e+11  2.39e+07      54s
  22   3.76e-01 6.50e-03   7.07310261e+12 -1.65689225e+11  1.19e+07      56s
  23   2.35e-01 2.51e-03   5.87002226e+12 -1.70273032e+11  9.92e+06      58s
  24   1.18e-01 7.79e-04   3.25433911e+12 -6.78834355e+10  5.45e+06      60s
  25   6.35e-02 2.92e-04   2.20357700e+12 -4.88401907e+10  3.69e+06      62s
  26   3.90e-02 1.34e-04   1.58935959e+12 -3.37427964e+10  2.66e+06      64s
  27   2.67e-02 4.15e-05   1.25612809e+12 -2.23121636e+10  2.09e+06      66s
  28   1.19e-06 1.80e-05   5.39589923e+11 -1.94341617e+10  9.15e+05      68s
  29   9.54e-07 3.91e-06   1.88553885e+11 -2.74748781e+09  3.13e+05      70s
  30   4.77e-07 1.75e-06   1.15606885e+11  1.60454662e+09  1.87e+05      72s
  31   2.38e-07 5.37e-07   6.01610517e+10  4.46858466e+09  9.11e+04      74s
  32   2.38e-07 2.86e-07   3.07010484e+10  5.50330025e+09  4.12e+04      76s
  33   1.38e-07 9.50e-08   1.67749913e+10  6.45320667e+09  1.69e+04      78s
  34   1.27e-07 3.45e-08   1.23495325e+10  6.81208375e+09  9.06e+03      81s
  35   3.43e-07 1.49e-08   1.02760386e+10  6.94493942e+09  5.45e+03      83s
  36   1.64e-07 7.45e-09   8.41780065e+09  7.00442650e+09  2.31e+03      84s
  37   2.38e-07 3.73e-09   7.73429141e+09  7.02734298e+09  1.16e+03      86s
  38   1.34e-07 3.73e-09   7.37899385e+09  7.03714696e+09  5.59e+02      88s
  39   2.68e-07 2.79e-09   7.15375309e+09  7.04312040e+09  1.81e+02      90s
  40   1.15e-07 2.79e-09   7.09102647e+09  7.04514390e+09  7.51e+01      92s
  41   1.49e-07 2.79e-09   7.05979868e+09  7.04732395e+09  2.04e+01      94s
  42   2.38e-07 2.79e-09   7.05039558e+09  7.04809759e+09  3.76e+00      95s
  43   2.38e-07 2.79e-09   7.04886310e+09  7.04849155e+09  6.08e-01      97s
  44   3.73e-07 3.73e-09   7.04860047e+09  7.04856088e+09  6.48e-02      98s
  45   2.98e-07 3.73e-09   7.04857389e+09  7.04857163e+09  3.71e-03     100s
  46   2.34e-06 2.79e-09   7.04857180e+09  7.04857177e+09  5.57e-05     101s
  47*  2.47e-06 9.31e-10   7.04857179e+09  7.04857178e+09  3.79e-06     103s
Summary
    Runtime:                                            103.15s
    Status interior point solve:                        optimal
    Status crossover:                                   not run
    objective value:                                    7.04857179e+09
    interior solution primal residual (abs/rel):        2.34e-06 / 1.60e-14
    interior solution dual residual (abs/rel):          9.31e-10 / 9.62e-17
    interior solution objective gap (abs/rel):          2.38e+00 / 3.38e-10
Ipx: IPM       optimal
Model   status      : Optimal
IPM       iterations: 47
Objective value     :  7.0539813448e+09
HiGHS run time      :        106.19
Presolving model
368042 rows, 836820 cols, 2140724 nonzeros
295190 rows, 592154 cols, 1652776 nonzeros
295142 rows, 325302 cols, 1108684 nonzeros
287116 rows, 317077 cols, 1092172 nonzeros
Presolve : Reductions: rows 287116(-2227591); columns 317077(-1383955); elements 1092172(-6267627)
Solving the presolved LP
IPX model has 287116 rows, 317077 columns and 1092172 nonzeros
Input
    Number of variables:                                317077
    Number of free variables:                           0
    Number of constraints:                              287116
    Number of equality constraints:                     17031
    Number of matrix entries:                           1092172
    Matrix range:                                       [1e-02, 1e+00]
    RHS range:                                          [2e+05, 1e+08]
    Objective range:                                    [2e-04, 1e+07]
    Bounds range:                                       [2e+05, 1e+08]
Preprocessing
    Dualized model:                                     no
    Number of dense columns:                            0
    Range of scaling factors:                           [1.00e+00, 2.00e+00]
IPX version 1.0
Interior Point Solve
 Iter     P.res    D.res            P.obj           D.obj        mu     Time
   0   2.45e+07 1.57e+05   9.59126331e+13 -2.05353598e+17  4.62e+12       0s
   1   7.65e+06 1.06e+05   1.21087789e+17 -1.52017229e+17  2.83e+12       0s
   2   5.62e+06 9.13e+04   1.47665277e+17 -1.40173953e+17  2.66e+12       1s
   3   2.03e+06 3.86e+04   1.37933067e+17 -6.79511164e+16  1.19e+12       2s
   4   5.96e+05 1.76e+04   1.02663921e+17 -3.53590644e+16  5.55e+11       3s
   5   2.95e+05 5.25e+03   7.47260674e+16 -1.18374095e+16  2.28e+11       5s
   6   1.94e+05 2.44e+03   5.65764677e+16 -6.28179615e+15  1.39e+11       8s
   7   1.27e+05 1.13e+03   3.95482230e+16 -3.14909910e+15  8.42e+10      12s
 Constructing starting basis...
   8   7.94e+04 6.28e+02   2.67230040e+16 -1.97085426e+15  5.45e+10      18s
   9   3.18e+04 2.39e+02   1.18171336e+16 -8.68468615e+14  2.29e+10      21s
  10   9.82e+03 6.43e+01   4.91039020e+15 -3.69737412e+14  9.19e+09      23s
  11   1.41e+03 2.23e+01   1.52686228e+15 -2.12595587e+14  2.99e+09      25s
  12   4.91e+02 1.38e+01   7.57604241e+14 -1.43704619e+14  1.56e+09      28s
  13   4.43e+02 1.31e+01   7.22090094e+14 -1.35878224e+14  1.48e+09      31s
  14   1.17e+02 9.86e+00   3.95409396e+14 -9.92235602e+13  8.72e+08      35s
  15   5.28e+01 7.28e+00   2.52910037e+14 -7.11481419e+13  5.78e+08      38s
  16   2.55e+01 5.17e+00   1.88651842e+14 -5.13150217e+13  4.28e+08      41s
  17   1.12e+01 3.08e+00   1.17675895e+14 -3.08119789e+13  2.65e+08      43s
  18   5.34e+00 2.06e+00   7.10116553e+13 -2.10979800e+13  1.66e+08      46s
  19   2.19e+00 5.08e-01   3.78674237e+13 -5.74218370e+12  7.50e+07      48s
  20   1.42e+00 1.19e-01   2.80753190e+13 -1.72690357e+12  4.97e+07      50s
  21   6.50e-01 2.66e-02   1.64285952e+13 -6.36018411e+11  2.82e+07      53s
  22   3.03e-01 5.20e-03   8.36425830e+12 -1.66569065e+11  1.40e+07      55s
  23   1.81e-01 1.94e-03   5.30386323e+12 -7.93074316e+10  8.83e+06      57s
  24   1.30e-01 9.04e-04   4.07039956e+12 -5.56610187e+10  6.76e+06      58s
  25   7.01e-02 4.10e-04   2.47336448e+12 -3.66613544e+10  4.11e+06      60s
  26   4.09e-02 2.93e-04   1.89175480e+12 -3.80817764e+10  3.16e+06      62s
  27   1.64e-02 9.57e-05   1.23236535e+12 -3.17038192e+10  2.07e+06      64s
  28   6.79e-03 2.94e-05   5.94275689e+11 -9.37010269e+09  9.88e+05      65s
  29   3.54e-04 1.67e-05   2.55357574e+11 -6.85936295e+09  4.29e+05      67s
  30   1.46e-04 3.90e-06   1.42322480e+11  1.69096775e+09  2.30e+05      69s
  31   2.98e-07 2.05e-06   6.41236707e+10  2.92678531e+09  1.00e+05      71s
  32   1.86e-07 7.34e-07   3.26039050e+10  4.87546319e+09  4.54e+04      73s
  33   1.49e-07 2.27e-07   1.99028480e+10  6.17509091e+09  2.25e+04      75s
  34   1.01e-07 6.89e-08   1.20643024e+10  6.69245424e+09  8.79e+03      77s
  35   1.79e-07 2.33e-08   1.01646793e+10  6.86241689e+09  5.40e+03      79s
  36   1.49e-07 9.31e-09   8.23836058e+09  6.92992316e+09  2.14e+03      81s
  37   2.38e-07 4.66e-09   7.53958707e+09  6.95677666e+09  9.54e+02      83s
  38   2.09e-07 3.73e-09   7.24101282e+09  6.96923425e+09  4.45e+02      85s
  39   2.38e-07 2.79e-09   7.05378481e+09  6.97768437e+09  1.25e+02      86s
  40   2.24e-07 2.79e-09   7.00642360e+09  6.98091811e+09  4.17e+01      88s
  41   1.68e-07 2.79e-09   6.98826115e+09  6.98265410e+09  9.17e+00      90s
  42   2.24e-07 3.73e-09   6.98395116e+09  6.98330281e+09  1.06e+00      91s
  43   2.98e-07 3.73e-09   6.98347865e+09  6.98337151e+09  1.75e-01      93s
  44   4.47e-07 3.73e-09   6.98338674e+09  6.98337960e+09  1.17e-02      94s
  45   3.58e-07 3.73e-09   6.98338093e+09  6.98338019e+09  1.22e-03      95s
  46   9.54e-07 3.73e-09   6.98338036e+09  6.98338023e+09  2.14e-04      97s
  47   3.44e-06 1.86e-09   6.98338025e+09  6.98338024e+09  2.14e-05      98s
  48*  2.65e-06 9.31e-10   6.98338024e+09  6.98338024e+09  1.69e-06      99s
Summary
    Runtime:                                            98.53s
    Status interior point solve:                        optimal
    Status crossover:                                   not run
    objective value:                                    6.98338024e+09
    interior solution primal residual (abs/rel):        2.41e-06 / 1.65e-14
    interior solution dual residual (abs/rel):          9.31e-10 / 9.62e-17
    interior solution objective gap (abs/rel):          8.57e-01 / 1.23e-10
Ipx: IPM       optimal
Model   status      : Optimal
IPM       iterations: 48
Objective value     :  6.9887897987e+09
HiGHS run time      :        101.69
Presolving model
368042 rows, 836820 cols, 2140724 nonzeros
295190 rows, 592154 cols, 1652776 nonzeros
295142 rows, 325302 cols, 1108684 nonzeros
287116 rows, 317077 cols, 1092172 nonzeros
Presolve : Reductions: rows 287116(-2235106); columns 317077(-1383955); elements 1092172(-6275142)
Solving the presolved LP
IPX model has 287116 rows, 317077 columns and 1092172 nonzeros
Input
    Number of variables:                                317077
    Number of free variables:                           0
    Number of constraints:                              287116
    Number of equality constraints:                     17031
    Number of matrix entries:                           1092172
    Matrix range:                                       [1e-02, 1e+00]
    RHS range:                                          [2e+05, 1e+08]
    Objective range:                                    [2e-04, 1e+07]
    Bounds range:                                       [2e+05, 1e+08]
Preprocessing
    Dualized model:                                     no
    Number of dense columns:                            0
    Range of scaling factors:                           [1.00e+00, 2.00e+00]
IPX version 1.0
Interior Point Solve
 Iter     P.res    D.res            P.obj           D.obj        mu     Time
   0   2.45e+07 1.57e+05   9.60065607e+13 -2.05353134e+17  4.62e+12       0s
   1   7.65e+06 1.06e+05   1.21096439e+17 -1.52015924e+17  2.83e+12       0s
   2   5.62e+06 9.13e+04   1.47674857e+17 -1.40172829e+17  2.66e+12       1s
   3   2.03e+06 3.86e+04   1.37941530e+17 -6.79503748e+16  1.19e+12       2s
   4   5.96e+05 1.76e+04   1.02670851e+17 -3.53444671e+16  5.55e+11       3s
   5   2.95e+05 5.25e+03   7.47319104e+16 -1.18381041e+16  2.28e+11       5s
   6   1.94e+05 2.44e+03   5.65799786e+16 -6.27972482e+15  1.39e+11       8s
   7   1.27e+05 1.13e+03   3.95520665e+16 -3.14907835e+15  8.42e+10      12s
 Constructing starting basis...
   8   7.98e+04 6.27e+02   2.67901916e+16 -1.96507274e+15  5.46e+10      18s
   9   3.21e+04 2.40e+02   1.19020051e+16 -8.71989032e+14  2.31e+10      21s
  10   9.98e+03 6.50e+01   4.95499503e+15 -3.71508700e+14  9.27e+09      23s
  11   1.48e+03 2.16e+01   1.48875423e+15 -2.06975927e+14  2.91e+09      25s
  12   5.11e+02 1.37e+01   7.61228925e+14 -1.41655422e+14  1.56e+09      28s
  13   4.57e+02 1.29e+01   7.18527004e+14 -1.33362464e+14  1.47e+09      31s
  14   1.21e+02 9.82e+00   3.80299975e+14 -9.80806780e+13  8.44e+08      35s
  15   5.50e+01 7.27e+00   2.48600025e+14 -7.06343550e+13  5.69e+08      38s
  16   2.64e+01 5.16e+00   1.83275864e+14 -5.07768953e+13  4.18e+08      41s
  17   1.20e+01 3.03e+00   1.16389879e+14 -3.00550057e+13  2.61e+08      43s
  18   5.93e+00 2.26e+00   7.26163042e+13 -2.28777908e+13  1.72e+08      45s
  19   2.64e+00 5.66e-01   4.06593808e+13 -6.22290140e+12  8.08e+07      48s
  20   1.48e+00 9.86e-02   2.64332761e+13 -1.41978661e+12  4.63e+07      50s
  21   7.89e-01 1.67e-02   1.79699880e+13 -5.80028356e+11  3.05e+07      52s
  22   2.22e-01 3.60e-03   7.62307196e+12 -2.51535566e+11  1.29e+07      54s
  23   5.31e-02 1.39e-03   4.58722240e+12 -1.94435905e+11  7.86e+06      56s
  24   2.95e-02 5.66e-04   3.11768753e+12 -1.09274759e+11  5.29e+06      58s
  25   1.67e-02 2.49e-04   2.18434781e+12 -6.82707364e+10  3.69e+06      59s
  26   1.06e-02 1.11e-04   1.59531583e+12 -4.14334602e+10  2.68e+06      61s
  27   5.79e-03 6.32e-05   1.18905478e+12 -3.40884823e+10  2.00e+06      63s
  28   1.43e-06 1.88e-05   5.67462896e+11 -2.31020341e+10  9.67e+05      65s
  29   1.13e-06 8.85e-06   3.21450256e+11 -1.04568120e+10  5.43e+05      67s
  30   6.56e-07 3.32e-06   1.33780430e+11 -6.56172399e+08  2.20e+05      69s
  31   2.68e-07 1.53e-06   6.16025523e+10  2.61797379e+09  9.65e+04      71s
  32   1.34e-07 6.89e-07   3.70571307e+10  4.56901968e+09  5.32e+04      73s
  33   1.56e-07 2.38e-07   2.19168590e+10  5.91666069e+09  2.62e+04      75s
  34   2.98e-07 6.52e-08   1.11802711e+10  6.50097819e+09  7.66e+03      77s
  35   2.53e-07 2.05e-08   8.74978296e+09  6.69930282e+09  3.36e+03      79s
  36   1.19e-07 1.02e-08   7.79995248e+09  6.76689645e+09  1.69e+03      81s
  37   1.64e-07 5.59e-09   7.24769253e+09  6.80402454e+09  7.26e+02      83s
  38   1.19e-07 3.73e-09   7.05163696e+09  6.82074738e+09  3.78e+02      85s
  39   2.53e-07 2.79e-09   6.91085347e+09  6.83014734e+09  1.32e+02      87s
  40   2.83e-07 2.79e-09   6.86331566e+09  6.83359529e+09  4.86e+01      88s
  41   1.64e-07 3.73e-09   6.84680241e+09  6.83531960e+09  1.88e+01      90s
  42   1.19e-07 3.73e-09   6.83828411e+09  6.83582394e+09  4.03e+00      91s
  43   1.90e-07 3.73e-09   6.83616479e+09  6.83594893e+09  3.53e-01      92s
  44   1.49e-07 3.73e-09   6.83599705e+09  6.83597018e+09  4.40e-02      94s
  45   2.53e-07 3.73e-09   6.83597486e+09  6.83597363e+09  2.02e-03      95s
  46   1.18e-06 2.79e-09   6.83597401e+09  6.83597380e+09  3.36e-04      96s
  47   2.09e-06 1.86e-09   6.83597384e+09  6.83597383e+09  1.39e-05      98s
  48*  8.20e-07 9.31e-10   6.83597384e+09  6.83597384e+09  3.68e-06      98s
Summary
    Runtime:                                            98.51s
    Status interior point solve:                        optimal
    Status crossover:                                   not run
    objective value:                                    6.83597384e+09
    interior solution primal residual (abs/rel):        9.09e-07 / 6.23e-15
    interior solution dual residual (abs/rel):          9.31e-10 / 9.62e-17
    interior solution objective gap (abs/rel):          2.04e+00 / 2.99e-10
Ipx: IPM       optimal
Model   status      : Optimal
IPM       iterations: 48
Objective value     :  6.8413833952e+09
HiGHS run time      :        101.50
Presolving model
368042 rows, 836820 cols, 2140724 nonzeros
295190 rows, 592154 cols, 1652776 nonzeros
295142 rows, 325302 cols, 1108684 nonzeros
287116 rows, 317077 cols, 1092172 nonzeros
Presolve : Reductions: rows 287116(-2242621); columns 317077(-1383955); elements 1092172(-6282657)
Solving the presolved LP
IPX model has 287116 rows, 317077 columns and 1092172 nonzeros
Input
    Number of variables:                                317077
    Number of free variables:                           0
    Number of constraints:                              287116
    Number of equality constraints:                     17031
    Number of matrix entries:                           1092172
    Matrix range:                                       [1e-02, 1e+00]
    RHS range:                                          [2e+05, 1e+08]
    Objective range:                                    [2e-04, 1e+07]
    Bounds range:                                       [2e+05, 1e+08]
Preprocessing
    Dualized model:                                     no
    Number of dense columns:                            0
    Range of scaling factors:                           [1.00e+00, 2.00e+00]
IPX version 1.0
Interior Point Solve
 Iter     P.res    D.res            P.obj           D.obj        mu     Time
   0   2.45e+07 1.57e+05   9.60569106e+13 -2.05353222e+17  4.62e+12       0s
   1   7.65e+06 1.06e+05   1.21102951e+17 -1.52015086e+17  2.83e+12       0s
   2   5.62e+06 9.13e+04   1.47682394e+17 -1.40172002e+17  2.66e+12       1s
   3   2.03e+06 3.86e+04   1.37948173e+17 -6.79483383e+16  1.19e+12       2s
   4   5.96e+05 1.76e+04   1.02677582e+17 -3.53284132e+16  5.55e+11       3s
   5   2.95e+05 5.24e+03   7.47398110e+16 -1.18188824e+16  2.28e+11       6s
   6   1.95e+05 2.44e+03   5.66206072e+16 -6.27713823e+15  1.39e+11       8s
   7   1.27e+05 1.13e+03   3.95656422e+16 -3.14772666e+15  8.42e+10      12s
 Constructing starting basis...
   8   8.00e+04 6.27e+02   2.68730617e+16 -1.96980866e+15  5.48e+10      18s
   9   3.21e+04 2.41e+02   1.18938844e+16 -8.75138745e+14  2.31e+10      21s
  10   1.01e+04 6.52e+01   5.00411067e+15 -3.72625473e+14  9.36e+09      23s
  11   1.41e+03 2.28e+01   1.54467208e+15 -2.15300770e+14  3.02e+09      25s
  12   4.85e+02 1.26e+01   7.56431628e+14 -1.34137822e+14  1.53e+09      28s
  13   1.93e+02 8.75e+00   5.07922508e+14 -8.97988645e+13  1.04e+09      31s
  14   1.01e+02 6.09e+00   3.21972396e+14 -5.96386288e+13  6.65e+08      34s
  15   6.47e+01 5.12e+00   2.36576217e+14 -5.01332903e+13  5.03e+08      37s
  16   3.19e+01 3.16e+00   1.54342404e+14 -3.13692613e+13  3.26e+08      40s
  17   1.74e+01 2.44e+00   1.05296567e+14 -2.48722707e+13  2.30e+08      42s
  18   7.49e+00 9.77e-01   6.74036505e+13 -1.14174643e+13  1.36e+08      44s
  19   1.99e+00 6.64e-02   3.66353029e+13 -2.13731350e+12  6.40e+07      47s
  20   8.77e-01 1.40e-02   1.85895063e+13 -6.06309759e+11  3.16e+07      49s
  21   4.05e-01 3.14e-03   1.00625022e+13 -2.27766067e+11  1.69e+07      51s
  22   7.10e-02 1.30e-03   5.26673328e+12 -2.03539798e+11  8.99e+06      53s
  23   9.00e-03 3.93e-04   2.73397943e+12 -1.30890996e+11  4.70e+06      55s
  24   4.44e-03 1.16e-04   1.46577685e+12 -4.11045674e+10  2.47e+06      57s
  25   2.18e-03 6.16e-05   1.14255557e+12 -3.60175039e+10  1.93e+06      59s
  26   1.43e-06 1.83e-05   5.56631391e+11 -2.32703786e+10  9.49e+05      61s
  27   1.07e-06 3.77e-06   3.13464610e+11 -2.14299193e+09  5.16e+05      63s
  28   5.36e-07 4.00e-07   1.48801696e+11  3.01906953e+09  2.39e+05      64s
  29   3.58e-07 1.81e-07   5.32665940e+10  4.66377402e+09  7.95e+04      66s
  30   2.09e-07 1.01e-07   2.94082385e+10  5.46889048e+09  3.92e+04      68s
  31   1.49e-07 3.82e-08   1.69388118e+10  6.21360083e+09  1.75e+04      70s
  32   1.64e-07 1.40e-08   1.09259196e+10  6.56699480e+09  7.13e+03      72s
  33   2.91e-07 6.52e-09   9.19165085e+09  6.67464223e+09  4.12e+03      74s
  34   2.07e-07 5.59e-09   8.06533243e+09  6.72478831e+09  2.19e+03      76s
  35   1.71e-07 2.79e-09   7.33174526e+09  6.75253493e+09  9.48e+02      78s
  36   1.27e-07 1.86e-09   7.10323852e+09  6.76282604e+09  5.57e+02      80s
  37   1.67e-07 3.73e-09   6.87997180e+09  6.77013785e+09  1.80e+02      81s
  38   1.86e-07 2.79e-09   6.80632514e+09  6.77280802e+09  5.48e+01      83s
  39   1.28e-07 3.73e-09   6.78392973e+09  6.77439527e+09  1.56e+01      84s
  40   1.28e-07 5.59e-09   6.77624130e+09  6.77502238e+09  1.99e+00      86s
  41   2.53e-07 3.73e-09   6.77536483e+09  6.77521879e+09  2.39e-01      87s
  42   1.64e-07 2.79e-09   6.77527139e+09  6.77525335e+09  2.95e-02      88s
  43   1.42e-07 3.73e-09   6.77525652e+09  6.77525460e+09  3.14e-03      90s
  44   9.54e-07 3.73e-09   6.77525487e+09  6.77525475e+09  2.07e-04      91s
  45   1.31e-06 1.86e-09   6.77525477e+09  6.77525477e+09  1.29e-05      92s
  46*  1.34e-06 9.31e-10   6.77525477e+09  6.77525477e+09  2.29e-06      94s
Summary
    Runtime:                                            93.83s
    Status interior point solve:                        optimal
    Status crossover:                                   not run
    objective value:                                    6.77525477e+09
    interior solution primal residual (abs/rel):        1.34e-06 / 9.19e-15
    interior solution dual residual (abs/rel):          9.31e-10 / 9.62e-17
    interior solution objective gap (abs/rel):          1.14e+00 / 1.68e-10
Ipx: IPM       optimal
Model   status      : Optimal
IPM       iterations: 46
Objective value     :  6.7806643276e+09
HiGHS run time      :         96.86
Presolving model
368042 rows, 836820 cols, 2140724 nonzeros
295190 rows, 592154 cols, 1652776 nonzeros
295142 rows, 325302 cols, 1108684 nonzeros
287116 rows, 317077 cols, 1092172 nonzeros
Presolve : Reductions: rows 287116(-2250136); columns 317077(-1383955); elements 1092172(-6290172)
Solving the presolved LP
IPX model has 287116 rows, 317077 columns and 1092172 nonzeros
Input
    Number of variables:                                317077
    Number of free variables:                           0
    Number of constraints:                              287116
    Number of equality constraints:                     17031
    Number of matrix entries:                           1092172
    Matrix range:                                       [1e-02, 1e+00]
    RHS range:                                          [2e+05, 1e+08]
    Objective range:                                    [2e-04, 1e+07]
    Bounds range:                                       [2e+05, 1e+08]
Preprocessing
    Dualized model:                                     no
    Number of dense columns:                            0
    Range of scaling factors:                           [1.00e+00, 2.00e+00]
IPX version 1.0
Interior Point Solve
 Iter     P.res    D.res            P.obj           D.obj        mu     Time
   0   2.45e+07 1.57e+05   9.60569107e+13 -2.05353222e+17  4.62e+12       0s
   1   7.65e+06 1.06e+05   1.21102951e+17 -1.52015086e+17  2.83e+12       0s
   2   5.62e+06 9.13e+04   1.47682394e+17 -1.40172002e+17  2.66e+12       1s
   3   2.03e+06 3.86e+04   1.37948173e+17 -6.79483383e+16  1.19e+12       2s
   4   5.97e+05 1.76e+04   1.02680131e+17 -3.53277591e+16  5.55e+11       3s
   5   2.95e+05 5.25e+03   7.47391648e+16 -1.18263520e+16  2.28e+11       6s
   6   1.95e+05 2.44e+03   5.65999713e+16 -6.27877530e+15  1.39e+11       8s
   7   1.27e+05 1.13e+03   3.95611409e+16 -3.14834072e+15  8.42e+10      12s
 Constructing starting basis...
   8   7.99e+04 6.26e+02   2.68315789e+16 -1.96639927e+15  5.47e+10      18s
   9   3.21e+04 2.40e+02   1.18946774e+16 -8.72077563e+14  2.31e+10      21s
  10   9.99e+03 6.49e+01   4.95928009e+15 -3.71343443e+14  9.28e+09      23s
  11   1.46e+03 2.19e+01   1.48778997e+15 -2.08333093e+14  2.91e+09      26s
  12   5.03e+02 1.24e+01   7.59105565e+14 -1.30806584e+14  1.53e+09      28s
  13   2.14e+02 8.68e+00   4.95046880e+14 -8.79720686e+13  1.01e+09      31s
  14   1.20e+02 5.97e+00   3.31525679e+14 -5.79459825e+13  6.76e+08      35s
  15   7.69e+01 5.10e+00   2.44362499e+14 -4.95696407e+13  5.15e+08      38s
  16   3.74e+01 3.14e+00   1.57692615e+14 -3.10987534e+13  3.30e+08      40s
  17   2.01e+01 2.48e+00   1.07312629e+14 -2.51819804e+13  2.34e+08      43s
  18   8.21e+00 9.83e-01   6.79833941e+13 -1.15357770e+13  1.37e+08      45s
  19   4.22e+00 1.25e-01   4.71310137e+13 -2.71939224e+12  8.27e+07      48s
  20   2.20e+00 4.58e-02   2.60385787e+13 -1.08772597e+12  4.48e+07      50s
  21   8.13e-01 1.49e-02   1.22729665e+13 -4.78104666e+11  2.10e+07      52s
  22   6.46e-02 2.25e-03   4.79151608e+12 -2.26598755e+11  8.25e+06      54s
  23   3.78e-02 1.41e-03   3.02574176e+12 -1.47648300e+11  5.21e+06      57s
  24   1.12e-02 5.23e-04   1.78617315e+12 -8.60678404e+10  3.07e+06      59s
  25   7.26e-03 1.75e-04   1.30765377e+12 -3.72355639e+10  2.20e+06      61s
  26   4.01e-03 1.04e-04   8.96370625e+11 -2.65210584e+10  1.51e+06      63s
  27   2.13e-03 4.73e-05   6.72754415e+11 -1.85390341e+10  1.13e+06      65s
  28   5.99e-04 6.90e-06   2.79127147e+11 -1.68067899e+09  4.60e+05      67s
  29   1.96e-04 1.74e-06   1.24254584e+11  3.06109922e+09  1.98e+05      69s
  30   6.19e-05 8.55e-07   5.65582846e+10  4.46438089e+09  8.52e+04      71s
  31   2.78e-05 4.66e-07   3.38373218e+10  5.30760852e+09  4.67e+04      73s
  32   1.19e-05 1.40e-07   2.00546098e+10  6.20260389e+09  2.27e+04      75s
  33   4.44e-06 4.47e-08   1.22936753e+10  6.53894513e+09  9.42e+03      77s
  34   2.59e-06 1.49e-08   1.03282408e+10  6.65525986e+09  6.01e+03      79s
  35   1.13e-06 7.45e-09   8.39610384e+09  6.70700215e+09  2.76e+03      81s
  36   3.87e-07 3.73e-09   7.48263628e+09  6.72477905e+09  1.24e+03      83s
  37   2.24e-07 2.79e-09   7.13918203e+09  6.73569989e+09  6.60e+02      85s
  38   1.49e-07 3.73e-09   6.86329010e+09  6.74271258e+09  1.97e+02      86s
  39   8.94e-08 2.79e-09   6.78053407e+09  6.74560233e+09  5.72e+01      88s
  40   2.24e-07 2.79e-09   6.75644950e+09  6.74697840e+09  1.55e+01      90s
  41   1.86e-07 2.79e-09   6.74840804e+09  6.74756785e+09  1.37e+00      92s
  42   1.56e-07 3.73e-09   6.74783571e+09  6.74778980e+09  7.51e-02      93s
  43   1.49e-07 2.79e-09   6.74780989e+09  6.74780365e+09  1.02e-02      95s
  44   2.91e-07 3.73e-09   6.74780690e+09  6.74780513e+09  2.89e-03      96s
  45   2.07e-07 2.79e-09   6.74780633e+09  6.74780619e+09  2.28e-04      98s
  46   1.94e-06 1.86e-09   6.74780625e+09  6.74780624e+09  1.51e-05     100s
  47*  1.22e-06 9.31e-10   6.74780625e+09  6.74780625e+09  2.16e-06     101s
Summary
    Runtime:                                            100.91s
    Status interior point solve:                        optimal
    Status crossover:                                   not run
    objective value:                                    6.74780625e+09
    interior solution primal residual (abs/rel):        1.33e-06 / 9.08e-15
    interior solution dual residual (abs/rel):          9.31e-10 / 9.62e-17
    interior solution objective gap (abs/rel):          8.92e-01 / 1.32e-10
Ipx: IPM       optimal
Model   status      : Optimal
IPM       iterations: 47
Objective value     :  6.7532158048e+09
HiGHS run time      :        104.11
Presolving model
368042 rows, 836820 cols, 2140724 nonzeros
295190 rows, 592154 cols, 1652776 nonzeros
295142 rows, 325302 cols, 1108684 nonzeros
287116 rows, 317077 cols, 1092172 nonzeros
Presolve : Reductions: rows 287116(-2257651); columns 317077(-1383955); elements 1092172(-6297687)
Solving the presolved LP
IPX model has 287116 rows, 317077 columns and 1092172 nonzeros
Input
    Number of variables:                                317077
    Number of free variables:                           0
    Number of constraints:                              287116
    Number of equality constraints:                     17031
    Number of matrix entries:                           1092172
    Matrix range:                                       [1e-02, 1e+00]
    RHS range:                                          [2e+05, 1e+08]
    Objective range:                                    [2e-04, 1e+07]
    Bounds range:                                       [2e+05, 1e+08]
Preprocessing
    Dualized model:                                     no
    Number of dense columns:                            0
    Range of scaling factors:                           [1.00e+00, 2.00e+00]
IPX version 1.0
Interior Point Solve
 Iter     P.res    D.res            P.obj           D.obj        mu     Time
   0   2.45e+07 1.57e+05   9.60569107e+13 -2.05353222e+17  4.62e+12       0s
   1   7.65e+06 1.06e+05   1.21102951e+17 -1.52015086e+17  2.83e+12       0s
   2   5.62e+06 9.13e+04   1.47682394e+17 -1.40172002e+17  2.66e+12       1s
   3   2.03e+06 3.86e+04   1.37948173e+17 -6.79483383e+16  1.19e+12       2s
   4   5.97e+05 1.76e+04   1.02680131e+17 -3.53277591e+16  5.55e+11       3s
   5   2.95e+05 5.25e+03   7.47391648e+16 -1.18263520e+16  2.28e+11       6s
   6   1.95e+05 2.44e+03   5.65999713e+16 -6.27877530e+15  1.39e+11       9s
   7   1.27e+05 1.13e+03   3.95611409e+16 -3.14834072e+15  8.42e+10      13s
 Constructing starting basis...
   8   7.99e+04 6.26e+02   2.68315789e+16 -1.96639927e+15  5.47e+10      19s
   9   3.21e+04 2.40e+02   1.18946774e+16 -8.72077563e+14  2.31e+10      22s
  10   9.99e+03 6.49e+01   4.95928009e+15 -3.71343443e+14  9.28e+09      24s
  11   1.46e+03 2.19e+01   1.48778997e+15 -2.08333093e+14  2.91e+09      26s
  12   5.03e+02 1.24e+01   7.59105565e+14 -1.30806584e+14  1.53e+09      29s
  13   2.14e+02 8.68e+00   4.95046880e+14 -8.79720686e+13  1.01e+09      32s
  14   1.20e+02 5.97e+00   3.31525679e+14 -5.79459825e+13  6.76e+08      36s
  15   7.69e+01 5.10e+00   2.44362499e+14 -4.95696407e+13  5.15e+08      38s
  16   3.74e+01 3.14e+00   1.57692615e+14 -3.10987534e+13  3.30e+08      41s
  17   2.01e+01 2.48e+00   1.07312629e+14 -2.51819804e+13  2.34e+08      44s
  18   8.21e+00 9.83e-01   6.79833941e+13 -1.15357770e+13  1.37e+08      46s
  19   4.22e+00 1.25e-01   4.71310137e+13 -2.71939224e+12  8.27e+07      48s
  20   2.20e+00 4.58e-02   2.60385787e+13 -1.08772597e+12  4.48e+07      51s
  21   8.13e-01 1.49e-02   1.22729665e+13 -4.78104666e+11  2.10e+07      53s
  22   6.46e-02 2.25e-03   4.79151608e+12 -2.26598755e+11  8.25e+06      55s
  23   3.78e-02 1.41e-03   3.02574176e+12 -1.47648300e+11  5.21e+06      58s
  24   1.12e-02 5.23e-04   1.78617315e+12 -8.60678404e+10  3.07e+06      60s
  25   7.26e-03 1.75e-04   1.30765377e+12 -3.72355639e+10  2.20e+06      62s
  26   4.01e-03 1.04e-04   8.96370625e+11 -2.65210584e+10  1.51e+06      64s
  27   2.13e-03 4.73e-05   6.72754415e+11 -1.85390341e+10  1.13e+06      66s
  28   5.99e-04 6.90e-06   2.79127147e+11 -1.68067899e+09  4.60e+05      68s
  29   1.96e-04 1.74e-06   1.24254584e+11  3.06109922e+09  1.98e+05      70s
  30   6.19e-05 8.55e-07   5.65582846e+10  4.46438089e+09  8.52e+04      72s
  31   2.78e-05 4.66e-07   3.38373218e+10  5.30760852e+09  4.67e+04      74s
  32   1.19e-05 1.40e-07   2.00546098e+10  6.20260389e+09  2.27e+04      76s
  33   4.44e-06 4.47e-08   1.22936753e+10  6.53894513e+09  9.42e+03      78s
  34   2.59e-06 1.49e-08   1.03282408e+10  6.65525986e+09  6.01e+03      80s
  35   1.13e-06 7.45e-09   8.39610384e+09  6.70700215e+09  2.76e+03      82s
  36   3.87e-07 3.73e-09   7.48263628e+09  6.72477905e+09  1.24e+03      84s
  37   2.24e-07 2.79e-09   7.13918203e+09  6.73569989e+09  6.60e+02      86s
  38   1.49e-07 3.73e-09   6.86329010e+09  6.74271258e+09  1.97e+02      87s
  39   8.94e-08 2.79e-09   6.78053407e+09  6.74560233e+09  5.72e+01      89s
  40   2.24e-07 2.79e-09   6.75644950e+09  6.74697840e+09  1.55e+01      91s
  41   1.86e-07 2.79e-09   6.74840804e+09  6.74756785e+09  1.37e+00      93s
  42   1.56e-07 3.73e-09   6.74783571e+09  6.74778980e+09  7.51e-02      94s
  43   1.49e-07 2.79e-09   6.74780989e+09  6.74780365e+09  1.02e-02      96s
  44   2.91e-07 3.73e-09   6.74780690e+09  6.74780513e+09  2.89e-03      97s
  45   2.07e-07 2.79e-09   6.74780633e+09  6.74780619e+09  2.28e-04      99s
  46   1.94e-06 1.86e-09   6.74780625e+09  6.74780624e+09  1.51e-05     101s
  47*  1.22e-06 9.31e-10   6.74780625e+09  6.74780625e+09  2.16e-06     102s
Summary
    Runtime:                                            101.92s
    Status interior point solve:                        optimal
    Status crossover:                                   not run
    objective value:                                    6.74780625e+09
    interior solution primal residual (abs/rel):        1.33e-06 / 9.08e-15
    interior solution dual residual (abs/rel):          9.31e-10 / 9.62e-17
    interior solution objective gap (abs/rel):          8.92e-01 / 1.32e-10
Ipx: IPM       optimal
Model   status      : Optimal
IPM       iterations: 47
Objective value     :  6.7532158048e+09
HiGHS run time      :        104.99
[ Info: Rolling step not specified in scenaio.yaml file; Setting it to 15 years
[ Info: Demand-pathway mapping not specified in scenaio.yaml file; SERA will not look for eligible pathways for different demand types.
[ Info: Production capacity constraints from the grid model not defined. SERA will not create these constraints
[ Info: Regional technology limits not specified in scenaio.yaml file; SERA will not create these constraints
STARTING DATA PRE-PROCESSING 
Processing Temporal Data
Processing Nodes
Processing Demand
Processing Existings
Processing Links
Processing Pathways
Creating Infrastructure options
  4.896459 seconds (32.96 M allocations: 3.904 GiB, 26.04% gc time, 1.66% compilation time)

OPTIMIZING FROM 2026 TO 2040 

STARTING OPTIMIZATION MODEL CREATION
CREATING VARIABLES AND EXPRESSIONS
 16.542165 seconds (136.86 M allocations: 8.385 GiB, 33.15% gc time, 35.59% compilation time)
POPULATING EXPRESSIONS
 34.434666 seconds (153.95 M allocations: 23.948 GiB, 9.03% gc time, 0.53% compilation time)
CREATING CONSTRAINTS
  9.205714 seconds (76.27 M allocations: 3.932 GiB, 14.63% gc time, 8.55% compilation time)
POPULATED CORE OPTIMIZATION MODEL, STARTING ITERATIONS
READING COST DATA FOR ITERATION 1
 16.102054 seconds (65.98 M allocations: 6.258 GiB, 4.15% gc time, 2.23% compilation time)
CREATING EXPRESSIONS FOR CAPITAL AND FIXED COST
 48.395668 seconds (98.65 M allocations: 6.310 GiB, 82.49% gc time, 2.74% compilation time)
BUILDING OBJECTIVE FUNCTION
  9.139732 seconds (26.43 M allocations: 886.215 MiB, 53.84% gc time, 13.84% compilation time)
Optimizing for iteration 1
170.713841 seconds (26.98 M allocations: 2.509 GiB, 18.66% gc time, 0.02% compilation time)
OPTIMAL
7.715149113435145e9
 =  1.0
READING COST DATA FOR ITERATION 2
118.450947 seconds (54.32 M allocations: 6.050 GiB, 34.00% gc time, 0.02% compilation time)
CREATING EXPRESSIONS FOR CAPITAL AND FIXED COST
 98.082346 seconds (97.06 M allocations: 6.208 GiB, 93.30% gc time, 0.00% compilation time)
BUILDING OBJECTIVE FUNCTION
  7.762230 seconds (25.13 M allocations: 820.001 MiB, 61.68% gc time)
Optimizing for iteration 2
101.749089 seconds (5 allocations: 32 bytes)
OPTIMAL
8.664630220269749e9
 =  0.1095812611383244
READING COST DATA FOR ITERATION 3
119.181910 seconds (54.10 M allocations: 5.989 GiB, 35.40% gc time)
CREATING EXPRESSIONS FOR CAPITAL AND FIXED COST
 98.843026 seconds (97.06 M allocations: 6.208 GiB, 92.67% gc time)
BUILDING OBJECTIVE FUNCTION
  8.298019 seconds (25.13 M allocations: 820.001 MiB, 61.75% gc time)
Optimizing for iteration 3
101.569652 seconds (2 allocations: 32 bytes)
OPTIMAL
7.313686927859601e9
 =  0.1847143999647547
READING COST DATA FOR ITERATION 4
123.502739 seconds (54.08 M allocations: 5.988 GiB, 36.72% gc time)
CREATING EXPRESSIONS FOR CAPITAL AND FIXED COST
 99.256190 seconds (97.06 M allocations: 6.208 GiB, 93.37% gc time)
BUILDING OBJECTIVE FUNCTION
  7.904945 seconds (25.13 M allocations: 820.001 MiB, 62.04% gc time)
Optimizing for iteration 4
106.217145 seconds (2 allocations: 32 bytes)
OPTIMAL
7.053981344825481e9
 =  0.0368168797646282
READING COST DATA FOR ITERATION 5
121.591442 seconds (54.07 M allocations: 6.043 GiB, 35.83% gc time)
CREATING EXPRESSIONS FOR CAPITAL AND FIXED COST
100.648561 seconds (97.06 M allocations: 6.208 GiB, 92.68% gc time)
BUILDING OBJECTIVE FUNCTION
  8.431889 seconds (25.13 M allocations: 820.001 MiB, 62.11% gc time)
Optimizing for iteration 5
101.717572 seconds (2 allocations: 32 bytes)
OPTIMAL
6.988789798671375e9
 =  0.009328016442294345
READING COST DATA FOR ITERATION 6
124.633564 seconds (54.06 M allocations: 6.011 GiB, 36.96% gc time)
CREATING EXPRESSIONS FOR CAPITAL AND FIXED COST
101.036887 seconds (97.06 M allocations: 6.208 GiB, 93.42% gc time)
BUILDING OBJECTIVE FUNCTION
  8.065839 seconds (25.13 M allocations: 820.001 MiB, 62.34% gc time)
Optimizing for iteration 6
101.525168 seconds (2 allocations: 32 bytes)
OPTIMAL
6.841383395153067e9
 =  0.021546286036665196
READING COST DATA FOR ITERATION 7
122.565095 seconds (54.06 M allocations: 5.987 GiB, 36.12% gc time)
CREATING EXPRESSIONS FOR CAPITAL AND FIXED COST
102.186240 seconds (97.06 M allocations: 6.208 GiB, 92.78% gc time)
BUILDING OBJECTIVE FUNCTION
  8.549252 seconds (25.13 M allocations: 820.001 MiB, 62.56% gc time)
Optimizing for iteration 7
 96.881517 seconds (2 allocations: 32 bytes)
OPTIMAL
6.780664327600972e9
 =  0.008954737267443938
READING COST DATA FOR ITERATION 8
125.810035 seconds (54.06 M allocations: 6.035 GiB, 37.59% gc time)
CREATING EXPRESSIONS FOR CAPITAL AND FIXED COST
102.415444 seconds (97.06 M allocations: 6.208 GiB, 93.50% gc time)
BUILDING OBJECTIVE FUNCTION
  8.161898 seconds (25.13 M allocations: 820.001 MiB, 62.91% gc time)
Optimizing for iteration 8
104.128783 seconds (2 allocations: 32 bytes)
OPTIMAL
6.753215804807765e9
 =  0.004064511424871401
READING COST DATA FOR ITERATION 9
124.384018 seconds (54.06 M allocations: 6.104 GiB, 36.62% gc time)
CREATING EXPRESSIONS FOR CAPITAL AND FIXED COST
 92.878002 seconds (97.06 M allocations: 6.208 GiB, 91.90% gc time)
BUILDING OBJECTIVE FUNCTION
  9.044133 seconds (25.13 M allocations: 820.001 MiB, 63.74% gc time)
Optimizing for iteration 9
105.019035 seconds (2 allocations: 32 bytes)
OPTIMAL
6.753215804807765e9
 =  0.0
ITERATIONS COMPLETED
WRITING RESULTS TO FILE
  8.350002 seconds (20.59 M allocations: 899.346 MiB, 70.23% gc time, 8.16% compilation time)

THE OPTIMIZATION PROBLEM TOOK 50.5 MINUTES TO SOLVE. 
