Running HiGHS 1.6.0: Copyright (c) 2023 HiGHS under MIT licence terms
Presolving model
44073 rows, 207957 cols, 468668 nonzeros
43069 rows, 51118 cols, 143708 nonzeros
42712 rows, 50677 cols, 142910 nonzeros
Presolve : Reductions: rows 42712(-1284850); columns 50677(-685345); elements 142910(-3446818)
Solving the presolved LP
IPX model has 42712 rows, 50677 columns and 142910 nonzeros
Input
    Number of variables:                                50677
    Number of free variables:                           0
    Number of constraints:                              42712
    Number of equality constraints:                     8816
    Number of matrix entries:                           142910
    Matrix range:                                       [1e-02, 1e+00]
    RHS range:                                          [2e+05, 1e+08]
    Objective range:                                    [2e-04, 9e+00]
    Bounds range:                                       [2e+05, 1e+08]
Preprocessing
    Dualized model:                                     no
    Number of dense columns:                            0
    Range of scaling factors:                           [1.00e+00, 2.00e+00]
IPX version 1.0
Interior Point Solve
 Iter     P.res    D.res            P.obj           D.obj        mu     Time
   0   2.06e+07 2.57e+00   1.63610164e+09 -3.39683602e+12  8.21e+07       0s
   1   3.58e+06 1.19e+00   1.95662747e+11 -1.79607370e+12  3.07e+07       0s
   2   1.91e+06 1.11e+00   2.75954982e+11 -1.71109773e+12  3.03e+07       0s
   3   8.91e+05 1.64e-01   2.30144562e+11 -2.60585328e+11  6.39e+06       0s
   4   3.57e+05 4.39e-02   1.19479285e+11 -7.73252767e+10  2.22e+06       0s
   5   1.07e+05 5.04e-03   4.98109098e+10 -1.60492244e+10  6.53e+05       0s
 Constructing starting basis...
   6   4.19e+04 3.11e-03   2.41707339e+10 -1.01069434e+10  3.47e+05       1s
   7   1.29e+04 1.31e-03   1.19220544e+10 -3.11624223e+09  1.47e+05       1s
   8   9.26e+03 4.92e-04   1.05627259e+10  1.01923805e+09  9.21e+04       1s
   9   5.36e+03 3.46e-04   9.58045112e+09  1.54960816e+09  7.65e+04       1s
  10   1.78e+03 1.53e-04   6.85271744e+09  3.28995365e+09  3.35e+04       2s
  11   1.28e+03 7.76e-05   6.50749841e+09  3.86702301e+09  2.47e+04       2s
  12   7.34e+02 3.45e-05   5.96010296e+09  4.34721168e+09  1.51e+04       2s
  13   4.29e+02 2.04e-05   5.65441251e+09  4.49184661e+09  1.08e+04       2s
  14   2.13e+02 1.03e-05   5.38392263e+09  4.63770236e+09  6.93e+03       3s
  15   1.16e+02 6.77e-06   5.22594488e+09  4.70654085e+09  4.82e+03       3s
  16   5.66e+01 4.18e-06   5.11259084e+09  4.76714203e+09  3.20e+03       3s
  17   2.43e+01 2.52e-06   5.04208181e+09  4.80955029e+09  2.15e+03       3s
  18   1.31e+01 1.26e-06   4.99905320e+09  4.85396771e+09  1.34e+03       3s
  19   5.71e+00 6.04e-07   4.96920656e+09  4.87759421e+09  8.45e+02       4s
  20   1.67e+00 3.43e-07   4.94501771e+09  4.88992603e+09  5.08e+02       4s
  21   6.66e-01 2.58e-07   4.93476702e+09  4.89494765e+09  3.67e+02       4s
  22   2.09e-01 1.63e-07   4.92540187e+09  4.90195739e+09  2.16e+02       4s
  23   1.28e-01 1.00e-07   4.92279735e+09  4.90707906e+09  1.45e+02       4s
  24   7.13e-02 7.64e-08   4.92142798e+09  4.90886556e+09  1.16e+02       4s
  25   3.25e-02 4.25e-08   4.91933605e+09  4.91193184e+09  6.82e+01       4s
  26   6.89e-03 4.45e-09   4.91806027e+09  4.91530431e+09  2.54e+01       4s
  27   3.67e-03 1.19e-09   4.91742622e+09  4.91597793e+09  1.33e+01       4s
  28   1.48e-03 1.62e-10   4.91697067e+09  4.91621187e+09  6.99e+00       4s
  29   1.12e-07 8.51e-11   4.91658159e+09  4.91624971e+09  3.06e+00       4s
  30   8.71e-08 9.31e-12   4.91643567e+09  4.91635843e+09  7.12e-01       5s
  31   8.67e-08 2.50e-13   4.91640230e+09  4.91638836e+09  1.28e-01       5s
  32   1.43e-07 4.09e-14   4.91639243e+09  4.91638909e+09  3.07e-02       5s
  33   2.15e-07 1.07e-14   4.91638965e+09  4.91638934e+09  2.82e-03       5s
  34   1.42e-07 5.33e-15   4.91638948e+09  4.91638944e+09  3.90e-04       5s
  35*  1.36e-07 3.55e-15   4.91638945e+09  4.91638945e+09  3.38e-05       5s
Summary
    Runtime:                                            4.74s
    Status interior point solve:                        optimal
    Status crossover:                                   not run
    objective value:                                    4.91638945e+09
    interior solution primal residual (abs/rel):        2.24e-07 / 1.53e-15
    interior solution dual residual (abs/rel):          1.25e-10 / 1.23e-11
    interior solution objective gap (abs/rel):          3.67e+00 / 7.46e-10
Ipx: IPM       optimal
Model   status      : Optimal
IPM       iterations: 35
Objective value     :  4.9183073899e+09
HiGHS run time      :          5.74
Presolving model
44073 rows, 207957 cols, 468668 nonzeros
43069 rows, 51118 cols, 143708 nonzeros
42712 rows, 50677 cols, 142910 nonzeros
Presolve : Reductions: rows 42712(-1284850); columns 50677(-685345); elements 142910(-3446818)
Solving the presolved LP
IPX model has 42712 rows, 50677 columns and 142910 nonzeros
Input
    Number of variables:                                50677
    Number of free variables:                           0
    Number of constraints:                              42712
    Number of equality constraints:                     8816
    Number of matrix entries:                           142910
    Matrix range:                                       [1e-02, 1e+00]
    RHS range:                                          [2e+05, 1e+08]
    Objective range:                                    [2e-04, 9e+05]
    Bounds range:                                       [2e+05, 1e+08]
Preprocessing
    Dualized model:                                     no
    Number of dense columns:                            0
    Range of scaling factors:                           [1.00e+00, 2.00e+00]
IPX version 1.0
Interior Point Solve
 Iter     P.res    D.res            P.obj           D.obj        mu     Time
   0   2.07e+07 1.59e+05   4.95293553e+13 -2.13089491e+17  5.12e+12       0s
   1   5.55e+06 1.03e+05   9.41454368e+15 -1.49338684e+17  2.70e+12       0s
   2   3.57e+06 7.73e+04   1.29972535e+16 -1.26216653e+17  2.35e+12       0s
   3   1.37e+06 1.31e+04   1.00327186e+16 -2.45045702e+16  5.22e+11       0s
   4   3.62e+05 4.89e+03   4.84279931e+15 -1.00774085e+16  1.97e+11       0s
   5   1.14e+05 1.22e+03   2.30434714e+15 -3.15550265e+15  6.43e+10       0s
 Constructing starting basis...
   6   2.02e+04 2.84e+02   6.70234363e+14 -9.73149402e+14  1.89e+10       1s
   7   4.21e+03 1.03e+02   1.44342241e+14 -4.09425651e+14  6.39e+09       1s
   8   5.73e+02 2.56e+01   7.52267106e+13 -1.44497861e+14  2.41e+09       1s
   9   1.94e+02 6.62e+00   2.95840192e+13 -3.71838882e+13  7.17e+08       2s
  10   4.15e+01 2.32e+00   9.32975655e+12 -1.45413272e+13  2.58e+08       2s
  11   5.25e+00 1.63e-01   2.63410307e+12 -2.02561076e+12  4.58e+07       2s
  12   1.55e+00 4.47e-02   9.82324031e+11 -5.98141818e+11  1.54e+07       2s
  13   6.20e-01 2.06e-02   5.05516092e+11 -3.17880246e+11  8.01e+06       2s
  14   2.80e-01 8.72e-03   3.15131545e+11 -1.69390139e+11  4.68e+06       2s
  15   1.74e-01 3.20e-03   2.19714080e+11 -7.03170891e+10  2.75e+06       2s
  16   1.20e-01 1.39e-03   1.70547697e+11 -3.77400958e+10  1.95e+06       3s
  17   7.92e-02 3.76e-04   1.24621108e+11 -1.12224274e+10  1.26e+06       3s
  18   3.40e-02 1.60e-04   6.91461357e+10 -3.53346569e+09  6.73e+05       3s
  19   1.56e-02 2.75e-05   4.33104439e+10  3.03756683e+09  3.72e+05       3s
  20   3.95e-03 3.49e-10   2.60366032e+10  4.96964767e+09  1.94e+05       3s
  21   9.46e-04 3.49e-10   1.40709488e+10  7.66031142e+09  5.91e+04       3s
  22   2.74e-04 2.33e-10   1.12010617e+10  8.16257183e+09  2.80e+04       3s
  23   1.10e-04 3.49e-10   1.02260033e+10  8.65700235e+09  1.45e+04       4s
  24   5.15e-05 3.49e-10   9.74954717e+09  8.99722084e+09  6.93e+03       4s
  25   2.42e-05 2.33e-10   9.49090234e+09  9.11273476e+09  3.48e+03       4s
  26   6.56e-06 3.49e-10   9.28747060e+09  9.15744334e+09  1.20e+03       4s
  27   1.55e-06 3.49e-10   9.22708464e+09  9.17572646e+09  4.73e+02       4s
  28   5.07e-07 2.33e-10   9.20930885e+09  9.18821713e+09  1.94e+02       4s
  29   3.28e-07 2.33e-10   9.20110470e+09  9.19289840e+09  7.56e+01       4s
  30   3.28e-07 3.49e-10   9.19757445e+09  9.19545511e+09  1.95e+01       4s
  31   3.58e-07 4.66e-10   9.19662494e+09  9.19609548e+09  4.88e+00       4s
  32   4.77e-07 3.49e-10   9.19633212e+09  9.19620076e+09  1.21e+00       5s
  33   3.28e-07 3.49e-10   9.19626102e+09  9.19623334e+09  2.55e-01       5s
  34   3.58e-07 3.49e-10   9.19624674e+09  9.19624271e+09  3.71e-02       5s
  35   3.13e-07 3.49e-10   9.19624415e+09  9.19624358e+09  5.22e-03       5s
  36   1.01e-06 3.49e-10   9.19624377e+09  9.19624371e+09  5.55e-04       5s
  37*  1.25e-06 3.49e-10   9.19624373e+09  9.19624372e+09  7.92e-05       5s
Summary
    Runtime:                                            4.83s
    Status interior point solve:                        optimal
    Status crossover:                                   not run
    objective value:                                    9.19624373e+09
    interior solution primal residual (abs/rel):        2.38e-06 / 1.63e-14
    interior solution dual residual (abs/rel):          3.49e-10 / 3.88e-16
    interior solution objective gap (abs/rel):          8.31e+00 / 9.03e-10
Ipx: IPM       optimal
Model   status      : Optimal
IPM       iterations: 37
Objective value     :  9.2018409445e+09
HiGHS run time      :          5.76
Presolving model
44073 rows, 207957 cols, 468668 nonzeros
43069 rows, 51118 cols, 143708 nonzeros
42712 rows, 50677 cols, 142910 nonzeros
Presolve : Reductions: rows 42712(-1284850); columns 50677(-685345); elements 142910(-3446818)
Solving the presolved LP
IPX model has 42712 rows, 50677 columns and 142910 nonzeros
Input
    Number of variables:                                50677
    Number of free variables:                           0
    Number of constraints:                              42712
    Number of equality constraints:                     8816
    Number of matrix entries:                           142910
    Matrix range:                                       [1e-02, 1e+00]
    RHS range:                                          [2e+05, 1e+08]
    Objective range:                                    [2e-04, 9e+05]
    Bounds range:                                       [2e+05, 1e+08]
Preprocessing
    Dualized model:                                     no
    Number of dense columns:                            0
    Range of scaling factors:                           [1.00e+00, 2.00e+00]
IPX version 1.0
Interior Point Solve
 Iter     P.res    D.res            P.obj           D.obj        mu     Time
   0   2.06e+07 1.56e+05   7.68122704e+13 -2.09460265e+17  5.06e+12       0s
   1   5.50e+06 1.01e+05   1.14378374e+16 -1.46211502e+17  2.64e+12       0s
   2   3.47e+06 7.62e+04   1.54509929e+16 -1.23520039e+17  2.30e+12       0s
   3   1.29e+06 1.25e+04   1.17562312e+16 -2.30675985e+16  5.04e+11       0s
   4   4.01e+05 3.80e+03   5.45953660e+15 -7.30500243e+15  1.63e+11       0s
   5   1.04e+05 1.05e+03   2.45128113e+15 -2.81048551e+15  5.88e+10       0s
 Constructing starting basis...
   6   1.66e+04 3.10e+02   5.70817430e+14 -9.39157996e+14  1.73e+10       1s
   7   3.20e+03 1.01e+02   1.84733014e+14 -3.78386036e+14  6.30e+09       1s
   8   5.17e+02 5.27e+01   1.05600463e+14 -2.21637125e+14  3.73e+09       1s
   9   1.48e+02 2.02e+01   7.44135142e+13 -1.05385223e+14  1.99e+09       2s
  10   6.00e+01 9.53e+00   4.86734146e+13 -5.79555390e+13  1.17e+09       2s
  11   2.43e+01 4.40e+00   2.95567448e+13 -3.15101951e+13  6.66e+08       2s
  12   1.02e+01 1.70e+00   1.87521973e+13 -1.64338527e+13  3.73e+08       2s
  13   2.93e+00 1.07e-01   1.13010094e+13 -5.47629900e+12  1.59e+08       2s
  14   5.38e-01 2.36e-02   3.74708172e+12 -1.93507538e+12  5.42e+07       2s
  15   2.27e-01 3.00e-03   1.84669947e+12 -3.78210335e+11  2.07e+07       2s
  16   1.07e-01 8.26e-04   1.01119372e+12 -1.65681708e+11  1.09e+07       3s
  17   3.02e-02 2.46e-04   3.09449809e+11 -5.00842181e+10  3.32e+06       3s
  18   1.08e-02 7.47e-05   1.41736236e+11 -1.95690765e+10  1.49e+06       3s
  19   4.06e-03 2.30e-05   7.43822245e+10 -6.85634313e+09  7.49e+05       3s
  20   1.25e-03 7.27e-06   3.10573460e+10  1.88347216e+09  2.69e+05       3s
  21   2.52e-04 3.74e-06   1.66545055e+10  3.76248840e+09  1.19e+05       3s
  22   3.48e-05 1.66e-06   1.04765528e+10  5.56296065e+09  4.53e+04       3s
  23   1.41e-05 6.37e-07   9.21292087e+09  6.69170932e+09  2.32e+04       3s
  24   6.91e-06 1.81e-07   8.51710864e+09  7.32613635e+09  1.10e+04       4s
  25   1.61e-06 5.90e-08   7.92169640e+09  7.52578504e+09  3.65e+03       4s
  26   4.47e-07 2.27e-08   7.76321996e+09  7.59622252e+09  1.54e+03       4s
  27   3.58e-07 7.68e-09   7.70316092e+09  7.63311599e+09  6.45e+02       4s
  28   3.58e-07 3.38e-09   7.67646091e+09  7.64612187e+09  2.79e+02       4s
  29   2.98e-07 1.51e-09   7.66632441e+09  7.65309175e+09  1.22e+02       4s
  30   3.87e-07 5.82e-10   7.66082508e+09  7.65644849e+09  4.03e+01       4s
  31   3.28e-07 3.49e-10   7.65873228e+09  7.65785611e+09  8.07e+00       4s
  32   2.98e-07 3.49e-10   7.65818687e+09  7.65806620e+09  1.11e+00       4s
  33   8.05e-07 3.49e-10   7.65812355e+09  7.65810345e+09  1.85e-01       4s
  34   3.28e-07 3.49e-10   7.65811295e+09  7.65810955e+09  3.13e-02       5s
  35   7.15e-07 3.49e-10   7.65811071e+09  7.65811039e+09  2.94e-03       5s
  36   2.95e-06 3.49e-10   7.65811053e+09  7.65811050e+09  3.39e-04       5s
  37*  4.62e-06 3.49e-10   7.65811052e+09  7.65811052e+09  3.21e-05       5s
Summary
    Runtime:                                            4.76s
    Status interior point solve:                        optimal
    Status crossover:                                   not run
    objective value:                                    7.65811052e+09
    interior solution primal residual (abs/rel):        3.76e-06 / 2.57e-14
    interior solution dual residual (abs/rel):          3.49e-10 / 3.88e-16
    interior solution objective gap (abs/rel):          3.17e+00 / 4.13e-10
Ipx: IPM       optimal
Model   status      : Optimal
IPM       iterations: 37
Objective value     :  7.6637077394e+09
HiGHS run time      :          5.67
Presolving model
44073 rows, 207957 cols, 468668 nonzeros
43069 rows, 51118 cols, 143708 nonzeros
42712 rows, 50677 cols, 142910 nonzeros
Presolve : Reductions: rows 42712(-1284850); columns 50677(-685345); elements 142910(-3446818)
Solving the presolved LP
IPX model has 42712 rows, 50677 columns and 142910 nonzeros
Input
    Number of variables:                                50677
    Number of free variables:                           0
    Number of constraints:                              42712
    Number of equality constraints:                     8816
    Number of matrix entries:                           142910
    Matrix range:                                       [1e-02, 1e+00]
    RHS range:                                          [2e+05, 1e+08]
    Objective range:                                    [2e-04, 9e+05]
    Bounds range:                                       [2e+05, 1e+08]
Preprocessing
    Dualized model:                                     no
    Number of dense columns:                            0
    Range of scaling factors:                           [1.00e+00, 2.00e+00]
IPX version 1.0
Interior Point Solve
 Iter     P.res    D.res            P.obj           D.obj        mu     Time
   0   2.06e+07 1.56e+05   8.39711407e+13 -2.09497128e+17  5.07e+12       0s
   1   5.51e+06 1.01e+05   1.18022908e+16 -1.46252975e+17  2.65e+12       0s
   2   3.47e+06 7.61e+04   1.58802783e+16 -1.23434634e+17  2.29e+12       0s
   3   1.30e+06 1.24e+04   1.20774385e+16 -2.29654928e+16  5.04e+11       0s
   4   4.02e+05 3.80e+03   5.58715373e+15 -7.32746468e+15  1.64e+11       0s
   5   1.04e+05 1.05e+03   2.47817603e+15 -2.78665945e+15  5.86e+10       0s
 Constructing starting basis...
   6   1.60e+04 3.25e+02   5.65939465e+14 -9.61090618e+14  1.74e+10       1s
   7   2.11e+03 8.21e+01   1.92125228e+14 -3.42118739e+14  5.83e+09       1s
   8   3.72e+02 4.26e+01   1.00199724e+14 -1.99304953e+14  3.34e+09       1s
   9   1.17e+02 1.82e+01   7.22487813e+13 -1.01313571e+14  1.91e+09       2s
  10   4.62e+01 8.83e+00   4.70344028e+13 -5.65153047e+13  1.13e+09       2s
  11   1.81e+01 4.31e+00   2.83961519e+13 -3.20037843e+13  6.62e+08       2s
  12   7.20e+00 1.48e+00   1.79724102e+13 -1.53662643e+13  3.51e+08       2s
  13   2.34e+00 7.48e-02   1.11763812e+13 -4.88425486e+12  1.51e+08       2s
  14   8.51e-01 2.11e-02   5.49726815e+12 -2.09182772e+12  7.17e+07       2s
  15   3.11e-01 4.18e-03   2.34468446e+12 -5.55662742e+11  2.71e+07       2s
  16   1.72e-01 9.87e-04   1.43949469e+12 -2.04621906e+11  1.52e+07       3s
  17   4.41e-02 2.17e-04   4.42469189e+11 -6.39245092e+10  4.68e+06       3s
  18   1.61e-02 4.28e-05   1.95639456e+11 -1.87169630e+10  1.98e+06       3s
  19   5.49e-03 1.17e-05   9.33569684e+10 -7.57541246e+09  9.30e+05       3s
  20   1.92e-03 2.71e-06   4.14387788e+10  2.26086170e+09  3.61e+05       3s
  21   4.12e-04 1.26e-06   1.84938258e+10  4.19385203e+09  1.32e+05       3s
  22   9.92e-05 5.49e-07   1.25600573e+10  5.49074007e+09  6.51e+04       3s
  23   4.78e-05 2.59e-07   1.04532365e+10  6.39917277e+09  3.73e+04       3s
  24   1.22e-05 5.98e-08   8.62266951e+09  7.16557334e+09  1.34e+04       3s
  25   7.57e-06 1.86e-08   8.29296349e+09  7.38752149e+09  8.34e+03       4s
  26   4.50e-06 6.98e-09   8.01294517e+09  7.48810927e+09  4.83e+03       4s
  27   1.43e-06 2.56e-09   7.72210380e+09  7.53076128e+09  1.76e+03       4s
  28   3.87e-07 1.16e-09   7.61213572e+09  7.55050498e+09  5.68e+02       4s
  29   4.77e-07 5.82e-10   7.58426590e+09  7.55755079e+09  2.46e+02       4s
  30   3.87e-07 3.49e-10   7.57306636e+09  7.56165204e+09  1.05e+02       4s
  31   5.07e-07 3.49e-10   7.56725866e+09  7.56344819e+09  3.51e+01       4s
  32   3.58e-07 3.49e-10   7.56511304e+09  7.56454562e+09  5.23e+00       4s
  33   2.09e-07 3.49e-10   7.56479587e+09  7.56469024e+09  9.73e-01       4s
  34   3.58e-07 3.49e-10   7.56472900e+09  7.56471344e+09  1.43e-01       4s
  35   4.47e-07 3.49e-10   7.56472020e+09  7.56471803e+09  2.00e-02       5s
  36   7.15e-07 3.49e-10   7.56471893e+09  7.56471864e+09  2.69e-03       5s
  37   2.06e-06 3.49e-10   7.56471875e+09  7.56471872e+09  2.74e-04       5s
  38*  3.52e-06 3.49e-10   7.56471875e+09  7.56471875e+09  3.45e-05       5s
Summary
    Runtime:                                            4.77s
    Status interior point solve:                        optimal
    Status crossover:                                   not run
    objective value:                                    7.56471875e+09
    interior solution primal residual (abs/rel):        4.71e-06 / 3.23e-14
    interior solution dual residual (abs/rel):          3.49e-10 / 3.88e-16
    interior solution objective gap (abs/rel):          3.75e+00 / 4.96e-10
Ipx: IPM       optimal
Model   status      : Optimal
IPM       iterations: 38
Objective value     :  7.5703159667e+09
HiGHS run time      :          5.67
Presolving model
44073 rows, 207957 cols, 468668 nonzeros
43069 rows, 51118 cols, 143708 nonzeros
42712 rows, 50677 cols, 142910 nonzeros
Presolve : Reductions: rows 42712(-1284850); columns 50677(-685345); elements 142910(-3446818)
Solving the presolved LP
IPX model has 42712 rows, 50677 columns and 142910 nonzeros
Input
    Number of variables:                                50677
    Number of free variables:                           0
    Number of constraints:                              42712
    Number of equality constraints:                     8816
    Number of matrix entries:                           142910
    Matrix range:                                       [1e-02, 1e+00]
    RHS range:                                          [2e+05, 1e+08]
    Objective range:                                    [2e-04, 9e+05]
    Bounds range:                                       [2e+05, 1e+08]
Preprocessing
    Dualized model:                                     no
    Number of dense columns:                            0
    Range of scaling factors:                           [1.00e+00, 2.00e+00]
IPX version 1.0
Interior Point Solve
 Iter     P.res    D.res            P.obj           D.obj        mu     Time
   0   2.06e+07 1.56e+05   8.64863784e+13 -2.09510851e+17  5.07e+12       0s
   1   5.51e+06 1.01e+05   1.19185510e+16 -1.46266558e+17  2.65e+12       0s
   2   3.48e+06 7.61e+04   1.59981410e+16 -1.23420373e+17  2.29e+12       0s
   3   1.27e+06 1.24e+04   1.21021553e+16 -2.29006229e+16  5.00e+11       0s
   4   3.92e+05 3.86e+03   5.73022600e+15 -7.64244836e+15  1.69e+11       0s
   5   1.05e+05 1.07e+03   2.48269558e+15 -2.78101190e+15  5.87e+10       0s
 Constructing starting basis...
   6   1.53e+04 3.53e+02   5.50653715e+14 -1.01754923e+15  1.80e+10       1s
   7   3.12e+03 8.38e+01   2.31266985e+14 -3.48658825e+14  6.26e+09       1s
   8   5.63e+02 4.13e+01   9.53077107e+13 -1.96249887e+14  3.23e+09       1s
   9   1.89e+02 1.70e+01   7.40297326e+13 -9.82969955e+13  1.87e+09       2s
  10   7.16e+01 7.89e+00   4.74717487e+13 -5.33264389e+13  1.09e+09       2s
  11   3.00e+01 3.58e+00   2.92714622e+13 -2.87502512e+13  6.22e+08       2s
  12   1.40e+01 1.25e+00   1.94205113e+13 -1.43539657e+13  3.49e+08       2s
  13   2.62e+00 6.35e-02   1.05371115e+13 -5.10715718e+12  1.47e+08       2s
  14   9.40e-01 1.56e-02   4.87103358e+12 -1.80123574e+12  6.28e+07       2s
  15   4.01e-01 1.93e-03   2.21536553e+12 -2.74042424e+11  2.31e+07       2s
  16   1.66e-01 5.35e-04   1.05894616e+12 -1.27522108e+11  1.10e+07       3s
  17   4.15e-02 1.64e-04   2.88200348e+11 -3.98853239e+10  3.03e+06       3s
  18   1.47e-02 5.72e-05   1.29750029e+11 -1.65738035e+10  1.35e+06       3s
  19   3.60e-03 1.89e-05   5.98404696e+10 -6.95304852e+09  6.16e+05       3s
  20   6.26e-04 9.80e-07   2.60414214e+10  3.04457808e+09  2.12e+05       3s
  21   1.30e-04 4.68e-07   1.42416720e+10  4.72592082e+09  8.77e+04       3s
  22   4.54e-05 2.43e-07   1.07413896e+10  5.85017014e+09  4.51e+04       3s
  23   1.75e-05 6.89e-08   9.09134994e+09  6.90975567e+09  2.01e+04       3s
  24   5.87e-06 2.55e-08   8.14384569e+09  7.26857332e+09  8.06e+03       4s
  25   1.88e-06 8.03e-09   7.79789396e+09  7.42386297e+09  3.45e+03       4s
  26   5.36e-07 3.26e-09   7.63779527e+09  7.48231500e+09  1.43e+03       4s
  27   3.87e-07 1.63e-09   7.57789739e+09  7.50877877e+09  6.37e+02       4s
  28   1.79e-07 6.98e-10   7.55901268e+09  7.52480584e+09  3.15e+02       4s
  29   2.68e-07 5.82e-10   7.54437289e+09  7.53132934e+09  1.20e+02       4s
  30   2.38e-07 3.49e-10   7.53853823e+09  7.53381421e+09  4.35e+01       4s
  31   2.09e-07 3.49e-10   7.53590937e+09  7.53515537e+09  6.95e+00       4s
  32   1.49e-07 3.49e-10   7.53542851e+09  7.53531396e+09  1.06e+00       4s
  33   1.49e-07 3.49e-10   7.53536986e+09  7.53535118e+09  1.72e-01       4s
  34   9.83e-07 2.33e-10   7.53536409e+09  7.53536114e+09  2.72e-02       5s
  35   3.07e-06 3.49e-10   7.53536372e+09  7.53536338e+09  3.11e-03       5s
  36   5.54e-06 3.49e-10   7.53536368e+09  7.53536360e+09  7.05e-04       5s
  37*  6.56e-06 3.49e-10   7.53536367e+09  7.53536367e+09  3.31e-05       5s
Summary
    Runtime:                                            4.80s
    Status interior point solve:                        optimal
    Status crossover:                                   not run
    objective value:                                    7.53536367e+09
    interior solution primal residual (abs/rel):        7.00e-06 / 4.80e-14
    interior solution dual residual (abs/rel):          3.49e-10 / 3.88e-16
    interior solution objective gap (abs/rel):          4.00e+00 / 5.30e-10
Ipx: IPM       optimal
Model   status      : Optimal
IPM       iterations: 37
Objective value     :  7.5409608902e+09
HiGHS run time      :          5.70
Presolving model
44073 rows, 207957 cols, 468668 nonzeros
43069 rows, 51118 cols, 143708 nonzeros
42712 rows, 50677 cols, 142910 nonzeros
Presolve : Reductions: rows 42712(-1284850); columns 50677(-685345); elements 142910(-3446818)
Solving the presolved LP
IPX model has 42712 rows, 50677 columns and 142910 nonzeros
Input
    Number of variables:                                50677
    Number of free variables:                           0
    Number of constraints:                              42712
    Number of equality constraints:                     8816
    Number of matrix entries:                           142910
    Matrix range:                                       [1e-02, 1e+00]
    RHS range:                                          [2e+05, 1e+08]
    Objective range:                                    [2e-04, 9e+05]
    Bounds range:                                       [2e+05, 1e+08]
Preprocessing
    Dualized model:                                     no
    Number of dense columns:                            0
    Range of scaling factors:                           [1.00e+00, 2.00e+00]
IPX version 1.0
Interior Point Solve
 Iter     P.res    D.res            P.obj           D.obj        mu     Time
   0   2.06e+07 1.56e+05   8.65765676e+13 -2.09511500e+17  5.07e+12       0s
   1   5.51e+06 1.01e+05   1.19226953e+16 -1.46266997e+17  2.65e+12       0s
   2   3.48e+06 7.61e+04   1.60029296e+16 -1.23420138e+17  2.29e+12       0s
   3   1.27e+06 1.24e+04   1.21054322e+16 -2.29000864e+16  5.00e+11       0s
   4   3.92e+05 3.86e+03   5.73173015e+15 -7.64252708e+15  1.69e+11       0s
   5   1.05e+05 1.07e+03   2.48317005e+15 -2.78084165e+15  5.87e+10       0s
 Constructing starting basis...
   6   1.53e+04 3.51e+02   5.53323790e+14 -1.01306637e+15  1.80e+10       1s
   7   2.66e+03 8.30e+01   2.19685534e+14 -3.47377740e+14  6.13e+09       1s
   8   4.62e+02 4.17e+01   9.54557286e+13 -1.97596444e+14  3.25e+09       1s
   9   1.53e+02 1.76e+01   7.35586203e+13 -1.00547041e+14  1.90e+09       2s
  10   5.86e+01 8.43e+00   4.77102846e+13 -5.57515868e+13  1.13e+09       2s
  11   2.33e+01 3.49e+00   2.98543672e+13 -2.87282934e+13  6.27e+08       2s
  12   1.10e+01 1.09e+00   2.00533598e+13 -1.37169505e+13  3.45e+08       2s
  13   1.91e+00 6.28e-02   1.05147929e+13 -5.16938839e+12  1.48e+08       2s
  14   5.10e-01 1.69e-02   4.36817836e+12 -2.06070721e+12  6.10e+07       2s
  15   1.96e-01 1.69e-03   1.96621185e+12 -3.34559724e+11  2.14e+07       2s
  16   8.42e-02 6.81e-04   9.94745357e+11 -1.81475228e+11  1.09e+07       3s
  17   1.83e-02 1.78e-04   2.46539581e+11 -4.98771123e+10  2.74e+06       3s
  18   7.01e-03 6.16e-05   1.17127005e+11 -1.87352991e+10  1.25e+06       3s
  19   2.09e-03 1.80e-05   5.77205181e+10 -6.00795837e+09  5.88e+05       3s
  20   6.84e-04 4.59e-06   2.87091914e+10  2.16740106e+09  2.45e+05       3s
  21   1.64e-04 2.19e-06   1.49474758e+10  4.39703435e+09  9.72e+04       3s
  22   5.92e-05 1.18e-06   1.10271716e+10  5.62514781e+09  4.98e+04       3s
  23   1.97e-05 2.96e-07   9.17141166e+09  6.85268386e+09  2.14e+04       3s
  24   6.02e-06 1.02e-07   8.15555157e+09  7.25219406e+09  8.32e+03       4s
  25   2.29e-06 2.89e-08   7.83417771e+09  7.42547169e+09  3.77e+03       4s
  26   8.94e-07 1.15e-08   7.66860332e+09  7.48312007e+09  1.71e+03       4s
  27   5.07e-07 4.66e-09   7.58575482e+09  7.51228236e+09  6.77e+02       4s
  28   5.36e-07 2.10e-09   7.56411883e+09  7.52377573e+09  3.72e+02       4s
  29   4.17e-07 9.31e-10   7.54588624e+09  7.53008830e+09  1.46e+02       4s
  30   4.77e-07 4.66e-10   7.53828936e+09  7.53255702e+09  5.28e+01       4s
  31   1.19e-07 3.49e-10   7.53566083e+09  7.53422477e+09  1.32e+01       4s
  32   2.09e-07 3.49e-10   7.53466082e+09  7.53452019e+09  1.30e+00       4s
  33   3.58e-07 4.66e-10   7.53459517e+09  7.53457382e+09  1.97e-01       4s
  34   2.98e-07 3.49e-10   7.53458935e+09  7.53458610e+09  2.99e-02       5s
  35   1.04e-06 3.49e-10   7.53458839e+09  7.53458792e+09  4.37e-03       5s
  36   1.64e-06 3.49e-10   7.53458828e+09  7.53458818e+09  9.08e-04       5s
  37   3.64e-06 3.49e-10   7.53458827e+09  7.53458825e+09  1.66e-04       5s
  38*  5.84e-06 2.33e-10   7.53458826e+09  7.53458826e+09  3.56e-05       5s
Summary
    Runtime:                                            4.87s
    Status interior point solve:                        optimal
    Status crossover:                                   not run
    objective value:                                    7.53458826e+09
    interior solution primal residual (abs/rel):        5.13e-06 / 3.51e-14
    interior solution dual residual (abs/rel):          2.33e-10 / 2.59e-16
    interior solution objective gap (abs/rel):          3.89e+00 / 5.16e-10
Ipx: IPM       optimal
Model   status      : Optimal
IPM       iterations: 38
Objective value     :  7.5401854828e+09
HiGHS run time      :          5.77
[ Info: Rolling step not specified in scenaio.yaml file; Setting it to 15 years
[ Info: Demand-pathway mapping not specified in scenaio.yaml file; SERA will not look for eligible pathways for different demand types.
[ Info: Production capacity constraints from the grid model not defined. SERA will not create these constraints
[ Info: Regional technology limits not specified in scenaio.yaml file; SERA will not create these constraints
STARTING DATA PRE-PROCESSING 
Processing Temporal Data
Processing Nodes
Processing Demand
Processing Existings
Processing Links
Processing Pathways
Creating Infrastructure options
  2.007692 seconds (11.13 M allocations: 1.175 GiB, 35.46% gc time, 3.82% compilation time)

OPTIMIZING FROM 2026 TO 2040 

STARTING OPTIMIZATION MODEL CREATION
CREATING VARIABLES AND EXPRESSIONS
 10.396337 seconds (70.10 M allocations: 4.346 GiB, 28.96% gc time, 46.77% compilation time)
POPULATING EXPRESSIONS
 12.136196 seconds (44.91 M allocations: 6.495 GiB, 9.89% gc time, 1.39% compilation time)
CREATING CONSTRAINTS
  4.986547 seconds (41.06 M allocations: 2.115 GiB, 11.73% gc time, 15.64% compilation time)
POPULATED CORE OPTIMIZATION MODEL, STARTING ITERATIONS
READING COST DATA FOR ITERATION 1
  9.167961 seconds (33.56 M allocations: 3.075 GiB, 5.39% gc time, 3.76% compilation time)
CREATING EXPRESSIONS FOR CAPITAL AND FIXED COST
  7.250790 seconds (49.71 M allocations: 3.125 GiB, 44.02% gc time, 15.66% compilation time)
BUILDING OBJECTIVE FUNCTION
  2.407863 seconds (13.65 M allocations: 518.444 MiB, 44.91% compilation time)
Optimizing for iteration 1
  9.579864 seconds (14.05 M allocations: 1.315 GiB, 4.78% gc time, 0.25% compilation time)
OPTIMAL
4.918307389871672e9
ϵ =  1.0
READING COST DATA FOR ITERATION 2
  8.679493 seconds (30.57 M allocations: 2.969 GiB, 4.44% gc time, 0.35% compilation time)
CREATING EXPRESSIONS FOR CAPITAL AND FIXED COST
 19.116043 seconds (48.34 M allocations: 3.036 GiB, 83.79% gc time, 0.02% compilation time)
BUILDING OBJECTIVE FUNCTION
  1.684068 seconds (12.31 M allocations: 415.375 MiB, 13.96% gc time)
Optimizing for iteration 2
  5.774597 seconds (2 allocations: 32 bytes)
OPTIMAL
9.201840944467978e9
ϵ =  0.4655083238720363
READING COST DATA FOR ITERATION 3
 10.856470 seconds (30.44 M allocations: 3.019 GiB, 23.97% gc time)
CREATING EXPRESSIONS FOR CAPITAL AND FIXED COST
 29.320549 seconds (48.34 M allocations: 3.036 GiB, 89.11% gc time)
BUILDING OBJECTIVE FUNCTION
  1.686729 seconds (12.31 M allocations: 415.375 MiB, 13.15% gc time)
Optimizing for iteration 3
  5.680043 seconds (2 allocations: 32 bytes)
OPTIMAL
7.663707739434632e9
ϵ =  0.2007035311535635
READING COST DATA FOR ITERATION 4
 10.144542 seconds (30.43 M allocations: 2.966 GiB, 19.64% gc time)
CREATING EXPRESSIONS FOR CAPITAL AND FIXED COST
 30.436255 seconds (48.34 M allocations: 3.036 GiB, 89.61% gc time)
BUILDING OBJECTIVE FUNCTION
  1.708113 seconds (12.31 M allocations: 415.375 MiB, 14.04% gc time)
Optimizing for iteration 4
  5.679479 seconds (2 allocations: 32 bytes)
OPTIMAL
7.570315966724227e9
ϵ =  0.01233657526593888
READING COST DATA FOR ITERATION 5
 13.730931 seconds (30.42 M allocations: 2.965 GiB, 37.28% gc time)
CREATING EXPRESSIONS FOR CAPITAL AND FIXED COST
 28.458039 seconds (48.34 M allocations: 3.036 GiB, 88.60% gc time)
BUILDING OBJECTIVE FUNCTION
  1.985894 seconds (12.31 M allocations: 415.375 MiB, 24.15% gc time)
Optimizing for iteration 5
  5.713263 seconds (2 allocations: 32 bytes)
OPTIMAL
7.540960890186995e9
ϵ =  0.0038927501368526034
READING COST DATA FOR ITERATION 6
 10.599449 seconds (30.42 M allocations: 2.965 GiB, 23.04% gc time)
CREATING EXPRESSIONS FOR CAPITAL AND FIXED COST
 25.254198 seconds (48.34 M allocations: 3.036 GiB, 87.55% gc time)
BUILDING OBJECTIVE FUNCTION
  1.737930 seconds (12.31 M allocations: 415.375 MiB, 13.87% gc time)
Optimizing for iteration 6
  5.780429 seconds (2 allocations: 32 bytes)
OPTIMAL
7.540185482844311e9
ϵ =  0.00010283664034795595
ITERATIONS COMPLETED
WRITING RESULTS TO FILE
  2.231699 seconds (11.36 M allocations: 512.053 MiB, 23.91% gc time, 30.80% compilation time)

THE OPTIMIZATION PROBLEM TOOK 5.17 MINUTES TO SOLVE. 
