Running HiGHS 1.6.0: Copyright (c) 2023 HiGHS under MIT licence terms
Presolving model
124963 rows, 410223 cols, 928906 nonzeros
94845 rows, 231916 cols, 571982 nonzeros
92482 rows, 121299 cols, 350263 nonzeros
91986 rows, 120711 cols, 349046 nonzeros
Presolve : Reductions: rows 91986(-4239574); columns 120711(-2745625); elements 349046(-13156059)
Solving the presolved LP
IPX model has 91986 rows, 120711 columns and 349046 nonzeros
Input
    Number of variables:                                120711
    Number of free variables:                           0
    Number of constraints:                              91986
    Number of equality constraints:                     14146
    Number of matrix entries:                           349046
    Matrix range:                                       [1e-02, 1e+00]
    RHS range:                                          [4e+03, 1e+08]
    Objective range:                                    [3e-04, 2e+01]
    Bounds range:                                       [7e+05, 1e+08]
Preprocessing
    Dualized model:                                     no
    Number of dense columns:                            0
    Range of scaling factors:                           [1.00e+00, 2.00e+00]
IPX version 1.0
Interior Point Solve
 Iter     P.res    D.res            P.obj           D.obj        mu     Time
   0   2.89e+07 4.37e+00   3.19794283e+09 -2.09147936e+12  1.40e+08       0s
   1   5.28e+06 2.15e+00   5.60434670e+11 -1.30311773e+12  6.11e+07       0s
   2   2.42e+06 1.72e+00   6.51049666e+11 -1.14107486e+12  5.77e+07       0s
   3   1.11e+06 2.26e-01   4.77390470e+11 -1.57135473e+11  1.00e+07       0s
   4   3.00e+05 4.04e-02   2.18201145e+11 -3.65862983e+10  2.36e+06       1s
 Constructing starting basis...
   5   1.51e+05 1.06e-02   1.41806735e+11 -1.47131617e+10  1.06e+06       2s
   6   8.83e+04 2.74e-03   1.09229342e+11 -9.31531064e+09  6.67e+05       2s
   7   6.78e+04 1.96e-03   1.00282542e+11 -8.56866162e+09  5.97e+05       2s
   8   3.13e+04 5.64e-04   5.88237712e+10 -2.41490118e+09  3.12e+05       3s
   9   7.25e+03 2.73e-04   2.67294169e+10 -3.92365307e+08  1.33e+05       3s
  10   2.09e+03 8.72e-05   1.37930041e+10  1.85575117e+09  5.67e+04       3s
  11   1.42e+03 5.88e-05   1.11442444e+10  2.32572749e+09  4.17e+04       4s
  12   6.78e+02 2.96e-05   7.95222913e+09  2.84785153e+09  2.40e+04       4s
  13   3.45e+02 1.34e-05   6.14840399e+09  3.19285549e+09  1.39e+04       5s
  14   1.43e+02 5.89e-06   5.03562197e+09  3.35164720e+09  7.87e+03       5s
  15   5.67e+01 2.57e-06   4.30026762e+09  3.45498264e+09  3.94e+03       5s
  16   2.58e+01 1.17e-06   4.00352923e+09  3.50321890e+09  2.33e+03       6s
  17   6.98e+00 3.93e-07   3.75697244e+09  3.53782276e+09  1.02e+03       6s
  18   2.73e+00 1.83e-07   3.66987231e+09  3.55099304e+09  5.53e+02       7s
  19   9.05e-01 6.68e-08   3.61508785e+09  3.56045488e+09  2.54e+02       7s
  20   3.41e-01 2.61e-08   3.59229491e+09  3.56451783e+09  1.29e+02       8s
  21   1.54e-01 9.21e-09   3.58165701e+09  3.56667974e+09  6.96e+01       8s
  22   5.85e-02 2.50e-09   3.57482292e+09  3.56774124e+09  3.29e+01       9s
  23   1.42e-02 1.31e-09   3.57072005e+09  3.56800741e+09  1.26e+01       9s
  24   6.05e-08 6.07e-10   3.56938876e+09  3.56816506e+09  5.68e+00      10s
  25   4.59e-08 1.73e-10   3.56880827e+09  3.56834594e+09  2.15e+00      10s
  26   4.24e-08 8.17e-11   3.56865746e+09  3.56837645e+09  1.30e+00      10s
  27   4.43e-08 1.86e-11   3.56850175e+09  3.56841258e+09  4.14e-01      11s
  28   4.29e-08 2.71e-12   3.56843746e+09  3.56842257e+09  6.91e-02      11s
  29   4.74e-08 3.27e-13   3.56842745e+09  3.56842481e+09  1.23e-02      11s
  30   2.98e-08 6.04e-14   3.56842539e+09  3.56842506e+09  1.50e-03      12s
  31   6.37e-08 1.78e-14   3.56842519e+09  3.56842511e+09  4.02e-04      12s
  32   6.51e-08 7.11e-15   3.56842514e+09  3.56842512e+09  8.48e-05      12s
  33   7.58e-08 7.11e-15   3.56842512e+09  3.56842512e+09  2.22e-05      12s
  34*  1.13e-07 7.11e-15   3.56842512e+09  3.56842512e+09  1.17e-06      13s
Summary
    Runtime:                                            12.58s
    Status interior point solve:                        optimal
    Status crossover:                                   not run
    objective value:                                    3.56842512e+09
    interior solution primal residual (abs/rel):        1.19e-07 / 8.17e-16
    interior solution dual residual (abs/rel):          2.95e-10 / 1.38e-11
    interior solution objective gap (abs/rel):          2.56e-01 / 7.18e-11
Ipx: IPM       optimal
Model   status      : Optimal
IPM       iterations: 34
Objective value     :  3.5684251197e+09
HiGHS run time      :         16.93
Presolving model
124963 rows, 410223 cols, 928906 nonzeros
94845 rows, 231916 cols, 571982 nonzeros
92482 rows, 121299 cols, 350263 nonzeros
91986 rows, 120711 cols, 349046 nonzeros
Presolve : Reductions: rows 91986(-4247089); columns 120711(-2745625); elements 349046(-13163574)
Solving the presolved LP
IPX model has 91986 rows, 120711 columns and 349046 nonzeros
Input
    Number of variables:                                120711
    Number of free variables:                           0
    Number of constraints:                              91986
    Number of equality constraints:                     14146
    Number of matrix entries:                           349046
    Matrix range:                                       [1e-02, 1e+00]
    RHS range:                                          [4e+03, 1e+08]
    Objective range:                                    [4e-04, 4e+06]
    Bounds range:                                       [7e+05, 1e+08]
Preprocessing
    Dualized model:                                     no
    Number of dense columns:                            0
    Range of scaling factors:                           [1.00e+00, 2.00e+00]
IPX version 1.0
Interior Point Solve
 Iter     P.res    D.res            P.obj           D.obj        mu     Time
   0   2.88e+07 2.64e+05   1.81469692e+14 -1.24396939e+17  9.12e+12       0s
   1   6.86e+06 1.78e+05   1.02357877e+17 -9.60820973e+16  5.15e+12       0s
   2   3.00e+06 6.65e+04   1.28111749e+17 -5.98966379e+16  2.80e+12       0s
   3   5.25e+05 1.21e+04   7.05910757e+16 -1.46179889e+16  6.59e+11       0s
   4   1.92e+05 2.50e+03   3.49499360e+16 -4.08685752e+15  2.23e+11       1s
 Constructing starting basis...
   5   1.15e+05 7.60e+02   2.32279576e+16 -1.80680155e+15  1.35e+11       2s
   6   9.62e+04 2.90e+02   2.04033744e+16 -1.24145167e+15  1.12e+11       2s
   7   7.12e+04 1.21e+02   1.59604678e+16 -8.21585296e+14  8.55e+10       3s
   8   6.15e+04 7.74e+01   1.47702652e+16 -8.99330457e+14  7.96e+10       3s
   9   2.55e+04 3.82e+01   9.12014261e+15 -8.24656966e+14  4.99e+10       3s
  10   1.88e+04 1.81e+01   7.77335774e+15 -7.18459345e+14  4.21e+10       3s
  11   1.46e+04 9.06e+00   6.80167557e+15 -6.23669628e+14  3.65e+10       4s
  12   4.26e+03 4.76e+00   3.45950130e+15 -4.86168878e+14  1.94e+10       4s
  13   3.36e+03 4.36e+00   3.16294894e+15 -4.72496225e+14  1.80e+10       4s
  14   2.34e+03 8.71e-01   2.49597751e+15 -2.17274096e+14  1.30e+10       5s
  15   7.41e+02 2.46e-01   9.73631411e+14 -8.80970956e+13  5.04e+09       5s
  16   3.14e+02 1.51e-01   5.57747428e+14 -6.81866300e+13  2.99e+09       5s
  17   2.87e+01 4.62e-02   1.74224176e+14 -3.36037104e+13  9.93e+08       5s
  18   1.11e+01 1.90e-02   8.00337409e+13 -1.50308335e+13  4.51e+08       6s
  19   3.18e+00 4.28e-03   4.15676430e+13 -5.87822967e+12  2.23e+08       6s
  20   7.72e-01 1.14e-03   1.54822626e+13 -2.14947000e+12  8.23e+07       7s
  21   4.11e-02 3.22e-04   6.28613373e+12 -1.07489807e+12  3.43e+07       7s
  22   6.35e-03 9.49e-05   2.54410670e+12 -4.56488499e+11  1.39e+07       7s
  23   1.07e-03 3.05e-05   7.18313212e+11 -1.65383832e+11  4.10e+06       8s
  24   7.00e-04 1.36e-05   5.27591798e+11 -7.90578312e+10  2.82e+06       8s
  25   4.66e-04 8.64e-06   4.26282209e+11 -5.63832041e+10  2.24e+06       8s
  26   3.00e-04 4.43e-06   3.18290157e+11 -3.19544371e+10  1.63e+06       9s
  27   1.68e-04 1.91e-06   1.97666786e+11 -1.26341652e+10  9.77e+05       9s
  28   9.82e-05 3.69e-07   1.31391956e+11 -4.54118890e+08  6.12e+05       9s
  29   4.96e-05 1.50e-07   1.03948450e+11 -9.64468947e+08  4.87e+05       9s
  30   1.75e-05 5.31e-08   4.34553869e+10  3.24074092e+09  1.87e+05      10s
  31   5.19e-06 1.68e-08   2.10095694e+10  4.83133753e+09  7.51e+04      10s
  32   1.55e-06 6.98e-09   1.19252736e+10  5.49758129e+09  2.98e+04      11s
  33   4.47e-07 3.26e-09   8.07799703e+09  5.85362756e+09  1.03e+04      11s
  34   1.49e-07 1.86e-09   6.91715010e+09  6.02362329e+09  4.15e+03      11s
  35   8.94e-08 1.40e-09   6.54027991e+09  6.10110132e+09  2.04e+03      12s
  36   8.15e-08 9.31e-10   6.32199540e+09  6.13373438e+09  8.74e+02      12s
  37   1.03e-07 9.31e-10   6.23904683e+09  6.14624740e+09  4.31e+02      12s
  38   7.71e-08 9.31e-10   6.19344313e+09  6.15439481e+09  1.81e+02      13s
  39   9.96e-08 9.31e-10   6.17217683e+09  6.15685209e+09  7.12e+01      13s
  40   1.03e-07 9.31e-10   6.16213256e+09  6.15913449e+09  1.39e+01      13s
  41   1.49e-07 9.31e-10   6.16024666e+09  6.15962422e+09  2.89e+00      13s
  42   7.02e-08 6.98e-10   6.15976591e+09  6.15973016e+09  1.66e-01      14s
  43   8.14e-08 9.31e-10   6.15974367e+09  6.15974072e+09  1.37e-02      14s
  44   9.60e-08 9.31e-10   6.15974162e+09  6.15974138e+09  1.11e-03      14s
  45   1.57e-07 9.31e-10   6.15974143e+09  6.15974142e+09  4.23e-05      14s
  46*  1.86e-07 4.66e-10   6.15974142e+09  6.15974142e+09  6.05e-06      15s
Summary
    Runtime:                                            14.71s
    Status interior point solve:                        optimal
    Status crossover:                                   not run
    objective value:                                    6.15974142e+09
    interior solution primal residual (abs/rel):        1.64e-07 / 1.12e-15
    interior solution dual residual (abs/rel):          4.66e-10 / 1.27e-16
    interior solution objective gap (abs/rel):          1.13e+00 / 1.84e-10
Ipx: IPM       optimal
Model   status      : Optimal
IPM       iterations: 46
Objective value     :  6.1597414234e+09
HiGHS run time      :         18.86
Presolving model
124963 rows, 410223 cols, 928906 nonzeros
94845 rows, 231916 cols, 571982 nonzeros
92482 rows, 121299 cols, 350263 nonzeros
91986 rows, 120711 cols, 349046 nonzeros
Presolve : Reductions: rows 91986(-4254604); columns 120711(-2745625); elements 349046(-13171089)
Solving the presolved LP
IPX model has 91986 rows, 120711 columns and 349046 nonzeros
Input
    Number of variables:                                120711
    Number of free variables:                           0
    Number of constraints:                              91986
    Number of equality constraints:                     14146
    Number of matrix entries:                           349046
    Matrix range:                                       [1e-02, 1e+00]
    RHS range:                                          [4e+03, 1e+08]
    Objective range:                                    [4e-04, 4e+06]
    Bounds range:                                       [7e+05, 1e+08]
Preprocessing
    Dualized model:                                     no
    Number of dense columns:                            0
    Range of scaling factors:                           [1.00e+00, 2.00e+00]
IPX version 1.0
Interior Point Solve
 Iter     P.res    D.res            P.obj           D.obj        mu     Time
   0   2.88e+07 2.64e+05   1.84127985e+14 -1.24361749e+17  9.13e+12       0s
   1   6.83e+06 1.78e+05   1.03846550e+17 -9.59610518e+16  5.15e+12       0s
   2   2.96e+06 6.53e+04   1.29670030e+17 -5.94148384e+16  2.76e+12       0s
   3   6.66e+05 1.07e+04   7.41184470e+16 -1.33516778e+16  6.64e+11       0s
   4   2.35e+05 2.46e+03   3.43186469e+16 -4.02949716e+15  2.24e+11       1s
 Constructing starting basis...
   5   1.37e+05 8.20e+02   2.20575728e+16 -1.79906933e+15  1.31e+11       2s
   6   1.17e+05 4.00e+02   1.95162897e+16 -1.24605000e+15  1.11e+11       2s
   7   8.76e+04 1.98e+02   1.52927787e+16 -8.22723035e+14  8.41e+10       3s
   8   6.47e+04 1.57e+02   1.16759612e+16 -7.03631488e+14  6.43e+10       3s
   9   3.79e+04 3.43e+01   8.26265361e+15 -5.44575101e+14  4.45e+10       3s
  10   5.99e+03 1.96e+01   3.40191707e+15 -4.69259880e+14  1.93e+10       3s
  11   1.83e+03 4.97e+00   1.90298993e+15 -2.57111757e+14  1.05e+10       4s
  12   4.45e+02 1.41e+00   8.89119978e+14 -1.27176811e+14  4.88e+09       4s
  13   2.05e+02 7.72e-01   4.54598586e+14 -7.20566458e+13  2.53e+09       4s
  14   7.75e+01 2.76e-01   2.35654464e+14 -3.34480545e+13  1.29e+09       5s
  15   3.04e+01 8.89e-02   1.23384481e+14 -1.47953892e+13  6.56e+08       5s
  16   1.28e+01 3.90e-02   5.74855666e+13 -7.08630768e+12  3.06e+08       5s
  17   3.83e+00 1.75e-02   2.14606792e+13 -3.52744967e+12  1.18e+08       6s
  18   6.03e-01 7.41e-03   6.81734324e+12 -1.73001501e+12  4.04e+07       6s
  19   1.19e-01 2.36e-03   1.95015821e+12 -5.95893318e+11  1.20e+07       6s
  20   2.87e-02 6.88e-04   7.49969598e+11 -1.94648516e+11  4.41e+06       7s
  21   1.84e-02 3.12e-04   5.89826704e+11 -1.01913805e+11  3.22e+06       7s
  22   1.27e-02 1.49e-04   4.87587831e+11 -5.90433952e+10  2.54e+06       7s
  23   5.78e-03 3.65e-05   2.78420520e+11 -1.80245920e+10  1.38e+06       8s
  24   1.30e-03 4.22e-06   1.00451491e+11 -1.45038632e+09  4.73e+05       8s
  25   3.89e-04 6.59e-07   4.16324080e+10  3.10211727e+09  1.79e+05       8s
  26   9.46e-05 1.94e-07   2.17841875e+10  3.86642657e+09  8.32e+04       9s
  27   2.03e-05 5.63e-08   9.84555076e+09  4.75455464e+09  2.36e+04       9s
  28   5.22e-06 2.47e-08   6.91960122e+09  5.00750391e+09  8.88e+03       9s
  29   1.97e-06 1.07e-08   6.01766741e+09  5.14980750e+09  4.03e+03      10s
  30   8.34e-07 4.66e-09   5.61200455e+09  5.21856324e+09  1.83e+03      10s
  31   2.98e-07 2.33e-09   5.42247674e+09  5.24658605e+09  8.17e+02      10s
  32   8.94e-08 1.40e-09   5.33270262e+09  5.25996900e+09  3.38e+02      11s
  33   1.01e-07 9.31e-10   5.30122394e+09  5.26804280e+09  1.54e+02      11s
  34   9.76e-08 9.31e-10   5.28374008e+09  5.27107899e+09  5.88e+01      11s
  35   9.63e-08 9.31e-10   5.27502812e+09  5.27229012e+09  1.27e+01      11s
  36   5.31e-08 9.31e-10   5.27307508e+09  5.27264316e+09  2.01e+00      12s
  37   8.75e-08 9.31e-10   5.27274512e+09  5.27271091e+09  1.59e-01      12s
  38   7.06e-08 9.31e-10   5.27272567e+09  5.27272177e+09  1.81e-02      12s
  39   8.98e-08 4.66e-10   5.27272471e+09  5.27272295e+09  8.19e-03      12s
  40   1.21e-07 9.31e-10   5.27272354e+09  5.27272334e+09  9.36e-04      13s
  41   7.33e-08 9.31e-10   5.27272341e+09  5.27272338e+09  1.39e-04      13s
  42*  2.32e-07 4.66e-10   5.27272340e+09  5.27272340e+09  2.16e-05      13s
Summary
    Runtime:                                            13.27s
    Status interior point solve:                        optimal
    Status crossover:                                   not run
    objective value:                                    5.27272340e+09
    interior solution primal residual (abs/rel):        2.68e-07 / 1.84e-15
    interior solution dual residual (abs/rel):          4.66e-10 / 1.27e-16
    interior solution objective gap (abs/rel):          4.30e+00 / 8.16e-10
Ipx: IPM       optimal
Model   status      : Optimal
IPM       iterations: 42
Objective value     :  5.2727233990e+09
HiGHS run time      :         17.41
Presolving model
124963 rows, 410223 cols, 928906 nonzeros
94845 rows, 231916 cols, 571982 nonzeros
92482 rows, 121299 cols, 350263 nonzeros
91986 rows, 120711 cols, 349046 nonzeros
Presolve : Reductions: rows 91986(-4262119); columns 120711(-2745625); elements 349046(-13178604)
Solving the presolved LP
IPX model has 91986 rows, 120711 columns and 349046 nonzeros
Input
    Number of variables:                                120711
    Number of free variables:                           0
    Number of constraints:                              91986
    Number of equality constraints:                     14146
    Number of matrix entries:                           349046
    Matrix range:                                       [1e-02, 1e+00]
    RHS range:                                          [4e+03, 1e+08]
    Objective range:                                    [4e-04, 4e+06]
    Bounds range:                                       [7e+05, 1e+08]
Preprocessing
    Dualized model:                                     no
    Number of dense columns:                            0
    Range of scaling factors:                           [1.00e+00, 2.00e+00]
IPX version 1.0
Interior Point Solve
 Iter     P.res    D.res            P.obj           D.obj        mu     Time
   0   2.88e+07 2.64e+05   1.84841158e+14 -1.24365902e+17  9.13e+12       0s
   1   6.83e+06 1.78e+05   1.04141566e+17 -9.59511349e+16  5.15e+12       0s
   2   2.95e+06 6.51e+04   1.30015800e+17 -5.93203518e+16  2.76e+12       0s
   3   5.30e+05 1.03e+04   7.08753669e+16 -1.30542678e+16  6.18e+11       0s
   4   1.95e+05 2.65e+03   3.39104438e+16 -4.21469717e+15  2.20e+11       1s
 Constructing starting basis...
   5   1.18e+05 1.05e+03   2.26402783e+16 -2.11779311e+15  1.37e+11       2s
   6   1.01e+05 5.47e+02   1.99490677e+16 -1.38935749e+15  1.14e+11       2s
   7   6.84e+04 2.29e+02   1.46755589e+16 -8.86585859e+14  8.03e+10       3s
   8   5.26e+04 9.69e+01   1.16919132e+16 -5.43030624e+14  6.20e+10       3s
   9   3.74e+04 5.84e+01   8.73516846e+15 -4.19365425e+14  4.61e+10       3s
  10   4.11e+03 1.00e+01   3.57158677e+15 -4.23072933e+14  1.92e+10       3s
  11   1.59e+03 5.20e+00   2.14556631e+15 -3.08827086e+14  1.19e+10       4s
  12   2.69e+02 1.32e+00   9.11550667e+14 -1.46272605e+14  5.07e+09       4s
  13   1.15e+02 6.31e-01   4.55999407e+14 -7.38564262e+13  2.54e+09       4s
  14   5.67e+01 2.73e-01   2.40188130e+14 -3.27133098e+13  1.30e+09       4s
  15   2.12e+01 1.28e-01   1.04542045e+14 -1.66618804e+13  5.79e+08       5s
  16   5.14e+00 4.47e-02   3.68668431e+13 -6.88406485e+12  2.09e+08       5s
  17   2.41e+00 2.04e-02   1.88089687e+13 -3.28449683e+12  1.05e+08       6s
  18   5.13e-01 4.36e-03   4.78024890e+12 -7.68392371e+11  2.61e+07       6s
  19   1.56e-01 1.33e-03   1.82017017e+12 -2.66411684e+11  9.75e+06       6s
  20   9.01e-02 4.86e-04   1.17016626e+12 -1.10824622e+11  5.97e+06       6s
  21   2.66e-02 1.66e-04   5.56659678e+11 -5.35103745e+10  2.84e+06       7s
  22   4.73e-03 4.55e-05   1.21005381e+11 -1.26737195e+10  6.21e+05       7s
  23   1.70e-03 9.21e-06   5.60999405e+10  3.04967468e+08  2.59e+05       7s
  24   3.60e-04 4.11e-06   2.66564647e+10  2.22021957e+09  1.13e+05       8s
  25   7.92e-05 1.61e-06   1.49252522e+10  3.61979162e+09  5.25e+04       8s
  26   1.96e-05 5.86e-07   8.19300792e+09  4.57250058e+09  1.68e+04       8s
  27   6.20e-06 2.66e-07   6.44793636e+09  4.89184412e+09  7.23e+03       9s
  28   2.03e-06 1.03e-07   5.76552561e+09  5.06869739e+09  3.24e+03       9s
  29   8.05e-07 3.26e-08   5.46954843e+09  5.15751516e+09  1.45e+03       9s
  30   2.38e-07 1.44e-08   5.32199763e+09  5.18103028e+09  6.55e+02      10s
  31   8.94e-08 5.59e-09   5.25454385e+09  5.19573544e+09  2.73e+02      10s
  32   8.18e-08 2.79e-09   5.22641580e+09  5.19995460e+09  1.23e+02      10s
  33   7.92e-08 1.40e-09   5.21258117e+09  5.20395952e+09  4.00e+01      10s
  34   9.18e-08 9.31e-10   5.20762778e+09  5.20549460e+09  9.91e+00      11s
  35   1.22e-07 9.31e-10   5.20615919e+09  5.20578659e+09  1.73e+00      11s
  36   8.33e-08 4.66e-10   5.20586145e+09  5.20581482e+09  2.17e-01      11s
  37   1.05e-07 9.31e-10   5.20582324e+09  5.20582127e+09  9.15e-03      11s
  38   1.23e-07 9.31e-10   5.20582241e+09  5.20582202e+09  1.80e-03      12s
  39   8.55e-08 9.31e-10   5.20582235e+09  5.20582229e+09  2.43e-04      12s
  40   2.51e-07 4.66e-10   5.20582234e+09  5.20582232e+09  6.10e-05      12s
  41*  5.82e-08 4.66e-10   5.20582233e+09  5.20582233e+09  5.25e-06      12s
Summary
    Runtime:                                            12.44s
    Status interior point solve:                        optimal
    Status crossover:                                   not run
    objective value:                                    5.20582233e+09
    interior solution primal residual (abs/rel):        5.84e-08 / 4.00e-16
    interior solution dual residual (abs/rel):          4.66e-10 / 1.27e-16
    interior solution objective gap (abs/rel):          8.01e-01 / 1.54e-10
Ipx: IPM       optimal
Model   status      : Optimal
IPM       iterations: 41
Objective value     :  5.2058223342e+09
HiGHS run time      :         16.63
Presolving model
124963 rows, 410223 cols, 928906 nonzeros
94845 rows, 231916 cols, 571982 nonzeros
92482 rows, 121299 cols, 350263 nonzeros
91986 rows, 120711 cols, 349046 nonzeros
Presolve : Reductions: rows 91986(-4269634); columns 120711(-2745625); elements 349046(-13186119)
Solving the presolved LP
IPX model has 91986 rows, 120711 columns and 349046 nonzeros
Input
    Number of variables:                                120711
    Number of free variables:                           0
    Number of constraints:                              91986
    Number of equality constraints:                     14146
    Number of matrix entries:                           349046
    Matrix range:                                       [1e-02, 1e+00]
    RHS range:                                          [4e+03, 1e+08]
    Objective range:                                    [4e-04, 4e+06]
    Bounds range:                                       [7e+05, 1e+08]
Preprocessing
    Dualized model:                                     no
    Number of dense columns:                            0
    Range of scaling factors:                           [1.00e+00, 2.00e+00]
IPX version 1.0
Interior Point Solve
 Iter     P.res    D.res            P.obj           D.obj        mu     Time
   0   2.88e+07 2.64e+05   1.84881743e+14 -1.24365507e+17  9.13e+12       0s
   1   6.83e+06 1.78e+05   1.04149053e+17 -9.59495029e+16  5.15e+12       0s
   2   2.95e+06 6.51e+04   1.30026469e+17 -5.93163863e+16  2.76e+12       0s
   3   5.35e+05 1.03e+04   7.09794424e+16 -1.30423868e+16  6.19e+11       0s
   4   1.92e+05 2.65e+03   3.34314952e+16 -4.20709016e+15  2.17e+11       1s
 Constructing starting basis...
   5   1.17e+05 1.06e+03   2.25961817e+16 -2.15635807e+15  1.37e+11       2s
   6   9.99e+04 5.58e+02   1.97972222e+16 -1.38314587e+15  1.13e+11       2s
   7   6.10e+04 2.11e+02   1.35907199e+16 -8.76880085e+14  7.45e+10       3s
   8   4.06e+04 1.23e+02   9.79368507e+15 -6.56169366e+14  5.32e+10       3s
   9   2.35e+04 1.57e+01   6.35328778e+15 -3.05206844e+14  3.29e+10       3s
  10   1.05e+03 8.62e+00   2.11348768e+15 -2.93897555e+14  1.18e+10       3s
  11   5.03e+02 3.71e+00   1.32596916e+15 -1.72821255e+14  7.28e+09       4s
  12   7.86e+01 1.42e+00   5.28495751e+14 -9.59441497e+13  3.06e+09       4s
  13   5.67e+01 5.51e-01   4.23348401e+14 -4.80065109e+13  2.26e+09       4s
  14   4.71e+01 3.03e-01   3.55391772e+14 -2.70134093e+13  1.81e+09       5s
  15   1.86e+01 1.12e-01   1.48047213e+14 -1.08876601e+13  7.51e+08       5s
  16   7.73e+00 3.84e-02   7.03252096e+13 -4.83299397e+12  3.54e+08       5s
  17   3.07e+00 1.16e-02   2.86843194e+13 -1.52889460e+12  1.41e+08       6s
  18   6.73e-01 2.40e-03   7.07878328e+12 -3.90672599e+11  3.48e+07       6s
  19   1.53e-01 7.41e-04   2.09448631e+12 -1.58927722e+11  1.05e+07       6s
  20   8.26e-02 1.52e-04   1.28585062e+12 -5.45703990e+10  6.23e+06       6s
  21   2.72e-02 2.83e-05   5.01701912e+11 -1.51307183e+10  2.40e+06       7s
  22   9.19e-03 6.31e-06   1.85835167e+11 -1.05933392e+09  8.68e+05       7s
  23   1.30e-03 2.03e-06   7.67107560e+10 -5.03367516e+08  3.59e+05       7s
  24   3.49e-04 3.88e-07   2.74710667e+10  3.65608933e+09  1.11e+05       7s
  25   8.87e-05 1.07e-07   1.35457070e+10  4.49230899e+09  4.20e+04       8s
  26   6.28e-05 3.68e-08   1.13353000e+10  4.89928556e+09  2.99e+04       8s
  27   1.64e-05 1.26e-08   7.33157126e+09  5.04596103e+09  1.06e+04       9s
  28   5.13e-06 5.59e-09   6.06136735e+09  5.11711216e+09  4.39e+03       9s
  29   1.94e-06 2.79e-09   5.57513688e+09  5.16469222e+09  1.91e+03       9s
  30   4.77e-07 1.40e-09   5.33068337e+09  5.18492357e+09  6.77e+02       9s
  31   1.79e-07 9.31e-10   5.25742480e+09  5.19443568e+09  2.93e+02      10s
  32   6.32e-08 9.31e-10   5.22427743e+09  5.19737248e+09  1.25e+02      10s
  33   9.44e-08 9.31e-10   5.20718750e+09  5.20019514e+09  3.25e+01      10s
  34   8.32e-08 9.31e-10   5.20281184e+09  5.20133561e+09  6.85e+00      10s
  35   4.38e-08 9.31e-10   5.20187179e+09  5.20160024e+09  1.26e+00      11s
  36   6.37e-08 9.31e-10   5.20166072e+09  5.20163463e+09  1.21e-01      11s
  37   5.22e-08 9.31e-10   5.20164043e+09  5.20163800e+09  1.13e-02      11s
  38   7.84e-08 9.31e-10   5.20163906e+09  5.20163881e+09  1.13e-03      11s
  39   1.35e-07 9.31e-10   5.20163895e+09  5.20163890e+09  2.57e-04      12s
  40   3.23e-07 4.66e-10   5.20163893e+09  5.20163892e+09  2.78e-05      12s
  41*  1.74e-07 4.66e-10   5.20163892e+09  5.20163892e+09  3.18e-06      12s
Summary
    Runtime:                                            12.42s
    Status interior point solve:                        optimal
    Status crossover:                                   not run
    objective value:                                    5.20163892e+09
    interior solution primal residual (abs/rel):        1.19e-07 / 8.17e-16
    interior solution dual residual (abs/rel):          4.66e-10 / 1.27e-16
    interior solution objective gap (abs/rel):          5.71e-01 / 1.10e-10
Ipx: IPM       optimal
Model   status      : Optimal
IPM       iterations: 41
Objective value     :  5.2016389241e+09
HiGHS run time      :         16.61
Running HiGHS 1.6.0: Copyright (c) 2023 HiGHS under MIT licence terms
Presolving model
126852 rows, 417995 cols, 946884 nonzeros
96776 rows, 239734 cols, 590085 nonzeros
94489 rows, 127072 cols, 364369 nonzeros
93884 rows, 124423 cols, 359017 nonzeros
Presolve : Reductions: rows 93884(-4237833); columns 124423(-2742070); elements 359017(-13150759)
Solving the presolved LP
IPX model has 93884 rows, 124423 columns and 359017 nonzeros
Input
    Number of variables:                                124423
    Number of free variables:                           0
    Number of constraints:                              93884
    Number of equality constraints:                     14310
    Number of matrix entries:                           359017
    Matrix range:                                       [1e-02, 1e+00]
    RHS range:                                          [4e+04, 4e+08]
    Objective range:                                    [3e-04, 8e+05]
    Bounds range:                                       [9e+03, 2e+08]
Preprocessing
    Dualized model:                                     no
    Number of dense columns:                            0
    Range of scaling factors:                           [1.00e+00, 2.00e+00]
IPX version 1.0
Interior Point Solve
 Iter     P.res    D.res            P.obj           D.obj        mu     Time
   0   8.20e+07 5.89e+04   1.49449118e+14 -3.07454403e+16  5.63e+12       0s
   1   2.02e+07 3.69e+04   7.26321228e+16 -2.65467625e+16  2.93e+12       0s
   2   8.04e+06 2.40e+04   8.40764074e+16 -2.39805777e+16  2.11e+12       0s
   3   3.52e+06 3.02e+03   5.97454102e+16 -4.35494950e+15  5.09e+11       0s
   4   8.87e+05 9.11e+02   2.12418553e+16 -1.67334022e+15  1.42e+11       1s
 Constructing starting basis...
   5   4.20e+05 3.33e+02   1.12208572e+16 -8.15211379e+14  6.88e+10       2s
   6   2.17e+05 1.49e+02   6.95671456e+15 -5.40478936e+14  4.00e+10       3s
   7   9.16e+04 6.51e+01   4.25064632e+15 -3.83154746e+14  2.35e+10       3s
   8   5.24e+04 3.52e+01   3.05490162e+15 -2.58210340e+14  1.64e+10       3s
   9   2.52e+04 2.42e+01   2.11628846e+15 -2.00578610e+14  1.14e+10       4s
  10   1.94e+04 1.55e+01   1.91604475e+15 -1.56892096e+14  1.00e+10       4s
  11   1.43e+04 4.82e+00   1.59000557e+15 -2.15795621e+13  7.58e+09       4s
  12   5.24e+03 1.50e+00   1.24689355e+15 -3.19106182e+13  5.91e+09       5s
  13   1.58e+03 4.38e-01   6.17924609e+14  7.01103097e+13  2.51e+09       5s
  14   1.21e+03 1.53e-01   5.49326440e+14  9.92593503e+13  2.05e+09       6s
  15   8.86e+02 9.47e-02   4.53087306e+14  1.16920634e+14  1.53e+09       7s
  16   5.25e+02 6.27e-02   3.39209124e+14  1.27088230e+14  9.63e+08       7s
  17   2.39e+02 2.48e-02   2.66382603e+14  1.35247955e+14  5.95e+08       8s
  18   1.18e+02 1.28e-02   2.19621383e+14  1.40796530e+14  3.57e+08       8s
  19   3.39e+01 7.50e-03   1.84540742e+14  1.43568023e+14  1.86e+08       9s
  20   9.03e+00 1.73e-03   1.72338220e+14  1.46928550e+14  1.14e+08       9s
  21   5.31e+00 9.00e-04   1.67304506e+14  1.48060457e+14  8.64e+07      10s
  22   3.42e+00 5.09e-05   1.65108746e+14  1.49079700e+14  7.16e+07      11s
  23   2.22e+00 3.00e-05   1.63160893e+14  1.49221151e+14  6.23e+07      11s
  24   1.34e+00 3.30e-06   1.60287394e+14  1.49907595e+14  4.64e+07      11s
  25   1.09e-01 2.33e-10   1.53951012e+14  1.50387065e+14  1.59e+07      12s
  26   2.58e-02 2.33e-10   1.51961848e+14  1.50656613e+14  5.83e+06      12s
  27   2.63e-03 2.33e-10   1.51221156e+14  1.50722147e+14  2.23e+06      13s
  28   5.15e-04 2.33e-10   1.50868214e+14  1.50755183e+14  5.05e+05      13s
  29   1.17e-04 2.33e-10   1.50809069e+14  1.50767492e+14  1.86e+05      14s
  30   3.45e-05 2.33e-10   1.50787816e+14  1.50771867e+14  7.12e+04      14s
  31   9.75e-06 2.33e-10   1.50782245e+14  1.50773275e+14  4.00e+04      15s
  32   3.28e-06 2.33e-10   1.50778504e+14  1.50774694e+14  1.70e+04      15s
  33   1.01e-06 1.16e-10   1.50777043e+14  1.50775161e+14  8.40e+03      15s
  34   4.51e-07 1.16e-10   1.50776555e+14  1.50775452e+14  4.92e+03      16s
  35   2.09e-07 2.33e-10   1.50776172e+14  1.50775602e+14  2.54e+03      16s
  36   2.38e-07 2.33e-10   1.50776040e+14  1.50775672e+14  1.64e+03      17s
  37   1.62e-07 1.16e-10   1.50775960e+14  1.50775706e+14  1.13e+03      17s
  38   1.41e-07 2.33e-10   1.50775877e+14  1.50775725e+14  6.78e+02      17s
  39   2.51e-07 2.33e-10   1.50775820e+14  1.50775741e+14  3.54e+02      17s
  40   1.46e-07 2.33e-10   1.50775789e+14  1.50775748e+14  1.84e+02      18s
  41   1.96e-07 2.33e-10   1.50775775e+14  1.50775752e+14  1.02e+02      18s
  42   1.86e-07 2.33e-10   1.50775762e+14  1.50775753e+14  4.14e+01      18s
  43   2.53e-07 2.33e-10   1.50775757e+14  1.50775753e+14  1.70e+01      19s
  44   1.46e-07 1.16e-10   1.50775755e+14  1.50775753e+14  9.00e+00      19s
  45   5.82e-07 1.16e-10   1.50775754e+14  1.50775753e+14  4.38e+00      19s
  46   4.80e-07 2.33e-10   1.50775754e+14  1.50775753e+14  1.09e+00      19s
  47*  1.22e-07 2.33e-10   1.50775753e+14  1.50775753e+14  1.51e-01      20s
Summary
    Runtime:                                            19.63s
    Status interior point solve:                        optimal
    Status crossover:                                   not run
    objective value:                                    1.50775753e+14
    interior solution primal residual (abs/rel):        4.17e-07 / 9.75e-16
    interior solution dual residual (abs/rel):          2.33e-10 / 2.79e-16
    interior solution objective gap (abs/rel):          3.37e+04 / 2.24e-10
Ipx: IPM       optimal
Model   status      : Optimal
IPM       iterations: 47
Objective value     :  1.5077575334e+14
HiGHS run time      :         24.10
Presolving model
126852 rows, 417995 cols, 946884 nonzeros
96776 rows, 239734 cols, 590085 nonzeros
94489 rows, 127072 cols, 364369 nonzeros
93884 rows, 124423 cols, 359017 nonzeros
Presolve : Reductions: rows 93884(-4245348); columns 124423(-2742070); elements 359017(-13158274)
Solving the presolved LP
IPX model has 93884 rows, 124423 columns and 359017 nonzeros
Input
    Number of variables:                                124423
    Number of free variables:                           0
    Number of constraints:                              93884
    Number of equality constraints:                     14310
    Number of matrix entries:                           359017
    Matrix range:                                       [1e-02, 1e+00]
    RHS range:                                          [4e+04, 4e+08]
    Objective range:                                    [3e-04, 8e+05]
    Bounds range:                                       [9e+03, 2e+08]
Preprocessing
    Dualized model:                                     no
    Number of dense columns:                            0
    Range of scaling factors:                           [1.00e+00, 2.00e+00]
IPX version 1.0
Interior Point Solve
 Iter     P.res    D.res            P.obj           D.obj        mu     Time
   0   8.20e+07 6.62e+04   9.85716102e+13 -3.47053510e+16  6.18e+12       0s
   1   2.04e+07 4.19e+04   7.02840488e+16 -3.00991830e+16  3.31e+12       0s
   2   8.25e+06 2.65e+04   8.46496522e+16 -2.75206260e+16  2.41e+12       0s
   3   3.48e+06 3.81e+03   6.09325931e+16 -5.71048966e+15  5.83e+11       0s
   4   1.19e+06 1.20e+03   2.76766431e+16 -2.26146123e+15  1.99e+11       1s
   5   4.70e+05 3.78e+02   1.27836996e+16 -1.07929264e+15  7.82e+10       2s
 Constructing starting basis...
   6   2.21e+05 1.24e+02   7.01046078e+15 -6.13723946e+14  4.06e+10       3s
   7   6.12e+04 2.86e+01   3.41376422e+15 -4.17863010e+14  1.88e+10       3s
   8   1.78e+04 1.13e+01   1.34418433e+15 -2.17491640e+14  7.56e+09       3s
   9   7.75e+03 6.32e+00   6.72719298e+14 -1.32861510e+14  3.89e+09       3s
  10   2.40e+03 3.38e+00   2.59410533e+14 -7.58127948e+13  1.64e+09       4s
  11   1.48e+03 2.07e+00   1.85594750e+14 -5.03632520e+13  1.14e+09       4s
  12   5.66e+02 1.36e+00   9.80042715e+13 -3.52203782e+13  6.52e+08       4s
  13   2.10e+02 8.05e-01   5.31364029e+13 -2.25111065e+13  3.72e+08       5s
  14   5.94e+01 4.00e-01   1.99154734e+13 -1.15851226e+13  1.56e+08       5s
  15   3.21e+01 1.39e-01   1.31836481e+13 -4.49414668e+12  8.44e+07       5s
  16   7.08e+00 2.79e-02   3.69275196e+12 -9.79295878e+11  2.18e+07       6s
  17   3.68e+00 1.10e-02   2.10283166e+12 -4.08475951e+11  1.15e+07       6s
  18   2.05e+00 5.59e-03   1.29361986e+12 -2.18946238e+11  6.89e+06       6s
  19   1.51e+00 2.66e-03   1.11950628e+12 -1.43597383e+11  5.71e+06       7s
  20   1.29e+00 8.50e-04   1.01263121e+12 -7.30490237e+10  4.88e+06       7s
  21   7.58e-01 4.27e-04   6.41137715e+11 -3.82768341e+10  3.05e+06       7s
  22   1.97e-01 1.53e-04   2.50768937e+11 -1.58196425e+10  1.19e+06       7s
  23   8.57e-02 5.89e-05   1.28700999e+11 -1.64441624e+09  5.83e+05       8s
  24   3.85e-02 1.59e-05   7.54080277e+10  5.03838055e+09  3.15e+05       8s
  25   1.52e-02 3.93e-06   5.05537699e+10  6.72106038e+09  1.96e+05       8s
  26   4.96e-03 1.16e-06   2.97863497e+10  8.50184283e+09  9.51e+04       8s
  27   2.15e-03 5.26e-07   1.96702243e+10  9.49436123e+09  4.55e+04       9s
  28   5.68e-04 2.58e-07   1.37363914e+10  9.94631537e+09  1.69e+04       9s
  29   4.86e-05 9.20e-08   1.15800159e+10  1.02529207e+10  5.93e+03      10s
  30   1.63e-05 3.78e-08   1.10249031e+10  1.04068605e+10  2.76e+03      10s
  31   6.50e-06 1.33e-08   1.07836555e+10  1.04880171e+10  1.32e+03      11s
  32   2.26e-06 5.24e-09   1.06510439e+10  1.05185329e+10  5.92e+02      11s
  33   9.24e-07 2.21e-09   1.05921301e+10  1.05324851e+10  2.66e+02      11s
  34   2.77e-07 6.98e-10   1.05632215e+10  1.05397040e+10  1.05e+02      11s
  35   1.50e-07 3.49e-10   1.05527127e+10  1.05420712e+10  4.75e+01      12s
  36   1.89e-07 2.33e-10   1.05464211e+10  1.05430430e+10  1.51e+01      12s
  37   2.46e-07 2.33e-10   1.05443272e+10  1.05432513e+10  4.80e+00      12s
  38   2.55e-07 2.33e-10   1.05436993e+10  1.05433623e+10  1.50e+00      12s
  39   2.72e-07 2.33e-10   1.05434654e+10  1.05434118e+10  2.39e-01      12s
  40   1.91e-07 2.33e-10   1.05434267e+10  1.05434216e+10  2.28e-02      13s
  41   2.79e-07 2.33e-10   1.05434234e+10  1.05434224e+10  4.47e-03      13s
  42   3.36e-07 2.33e-10   1.05434226e+10  1.05434225e+10  5.18e-04      13s
  43   4.63e-07 2.33e-10   1.05434225e+10  1.05434225e+10  5.91e-05      13s
  44*  6.23e-07 1.16e-10   1.05434225e+10  1.05434225e+10  1.52e-05      14s
Summary
    Runtime:                                            13.66s
    Status interior point solve:                        optimal
    Status crossover:                                   not run
    objective value:                                    1.05434225e+10
    interior solution primal residual (abs/rel):        2.98e-07 / 6.96e-16
    interior solution dual residual (abs/rel):          1.16e-10 / 1.40e-16
    interior solution objective gap (abs/rel):          3.40e+00 / 3.22e-10
Ipx: IPM       optimal
Model   status      : Optimal
IPM       iterations: 44
Objective value     :  1.0543422470e+10
HiGHS run time      :         17.08
Presolving model
126852 rows, 417995 cols, 946884 nonzeros
96776 rows, 239734 cols, 590085 nonzeros
94489 rows, 127072 cols, 364369 nonzeros
93884 rows, 124423 cols, 359017 nonzeros
Presolve : Reductions: rows 93884(-4252863); columns 124423(-2742070); elements 359017(-13165789)
Solving the presolved LP
IPX model has 93884 rows, 124423 columns and 359017 nonzeros
Input
    Number of variables:                                124423
    Number of free variables:                           0
    Number of constraints:                              93884
    Number of equality constraints:                     14310
    Number of matrix entries:                           359017
    Matrix range:                                       [1e-02, 1e+00]
    RHS range:                                          [4e+04, 4e+08]
    Objective range:                                    [3e-04, 8e+05]
    Bounds range:                                       [9e+03, 2e+08]
Preprocessing
    Dualized model:                                     no
    Number of dense columns:                            0
    Range of scaling factors:                           [1.00e+00, 2.00e+00]
IPX version 1.0
Interior Point Solve
 Iter     P.res    D.res            P.obj           D.obj        mu     Time
   0   8.20e+07 6.63e+04   1.06996477e+14 -3.47619012e+16  6.19e+12       0s
   1   2.03e+07 4.19e+04   7.07061725e+16 -3.01240054e+16  3.31e+12       0s
   2   8.22e+06 2.65e+04   8.50312781e+16 -2.75202849e+16  2.40e+12       0s
   3   3.49e+06 3.33e+03   6.11172162e+16 -5.13027003e+15  5.54e+11       0s
   4   1.31e+06 1.05e+03   2.88279047e+16 -2.09317617e+15  2.01e+11       1s
   5   5.28e+05 3.16e+02   1.34769176e+16 -1.03565403e+15  8.10e+10       2s
 Constructing starting basis...
   6   2.62e+05 1.01e+02   7.61671331e+15 -5.93013350e+14  4.34e+10       3s
   7   1.12e+05 3.93e+01   4.27311891e+15 -4.18900405e+14  2.37e+10       3s
   8   2.21e+04 1.93e+01   1.57873475e+15 -2.84767124e+14  9.26e+09       3s
   9   8.96e+03 9.33e+00   7.36493576e+14 -1.50230959e+14  4.38e+09       3s
  10   2.99e+03 4.73e+00   3.63212112e+14 -9.04129190e+13  2.23e+09       4s
  11   8.21e+02 2.73e+00   1.50558827e+14 -5.62419467e+13  1.04e+09       4s
  12   2.00e+02 1.79e+00   7.54111545e+13 -3.94379489e+13  5.90e+08       4s
  13   8.92e+01 1.16e+00   4.63832588e+13 -2.66435134e+13  3.76e+08       5s
  14   2.83e+01 5.42e-01   2.12837779e+13 -1.31009240e+13  1.76e+08       5s
  15   1.52e+01 1.81e-01   1.41554049e+13 -4.91508036e+12  9.26e+07       5s
  16   3.88e+00 6.26e-02   4.59901610e+12 -1.79469500e+12  3.08e+07       6s
  17   7.56e-01 1.24e-02   1.90869072e+12 -4.81250883e+11  1.11e+07       6s
  18   2.58e-01 5.48e-03   8.47311538e+11 -2.26870858e+11  4.92e+06       6s
  19   1.36e-01 2.63e-03   6.00044295e+11 -1.25087650e+11  3.29e+06       7s
  20   7.00e-02 8.57e-04   3.85210380e+11 -4.70021978e+10  1.94e+06       7s
  21   3.08e-02 3.79e-04   2.58024324e+11 -2.60607214e+10  1.27e+06       7s
  22   1.03e-02 1.44e-04   1.11368712e+11 -5.89919656e+09  5.24e+05       8s
  23   4.50e-03 4.80e-05   6.93637673e+10  2.36508839e+09  2.99e+05       8s
  24   2.37e-03 1.26e-05   4.61584713e+10  6.99660984e+09  1.75e+05       8s
  25   8.45e-04 1.97e-06   3.04726036e+10  8.28018667e+09  9.91e+04       8s
  26   2.84e-04 8.15e-07   1.88794843e+10  9.11297171e+09  4.36e+04       9s
  27   1.35e-04 1.75e-07   1.56610923e+10  9.62104640e+09  2.70e+04       9s
  28   4.15e-05 6.96e-08   1.20398465e+10  9.89937557e+09  9.56e+03      10s
  29   1.04e-05 2.41e-08   1.08432229e+10  1.00215158e+10  3.67e+03      10s
  30   3.61e-06 8.73e-09   1.04608341e+10  1.00808900e+10  1.70e+03      11s
  31   1.73e-06 3.14e-09   1.03166132e+10  1.01089788e+10  9.27e+02      11s
  32   5.66e-07 1.51e-09   1.02081981e+10  1.01193547e+10  3.97e+02      11s
  33   2.09e-07 4.66e-10   1.01635406e+10  1.01283827e+10  1.57e+02      11s
  34   2.09e-07 3.49e-10   1.01417163e+10  1.01307946e+10  4.88e+01      12s
  35   2.71e-07 2.33e-10   1.01346694e+10  1.01318236e+10  1.27e+01      12s
  36   1.88e-07 2.33e-10   1.01329600e+10  1.01320774e+10  3.94e+00      12s
  37   2.63e-07 2.33e-10   1.01324498e+10  1.01321815e+10  1.20e+00      12s
  38   1.46e-07 2.33e-10   1.01322595e+10  1.01322234e+10  1.61e-01      13s
  39   1.54e-07 2.33e-10   1.01322417e+10  1.01322300e+10  5.22e-02      13s
  40   3.41e-07 2.33e-10   1.01322326e+10  1.01322305e+10  9.72e-03      13s
  41   4.63e-07 2.33e-10   1.01322309e+10  1.01322306e+10  1.37e-03      13s
  42   1.77e-07 1.16e-10   1.01322307e+10  1.01322306e+10  2.62e-04      13s
  43   2.85e-07 2.33e-10   1.01322306e+10  1.01322306e+10  5.97e-05      14s
  44*  6.81e-07 1.16e-10   1.01322306e+10  1.01322306e+10  4.51e-06      14s
Summary
    Runtime:                                            13.96s
    Status interior point solve:                        optimal
    Status crossover:                                   not run
    objective value:                                    1.01322306e+10
    interior solution primal residual (abs/rel):        7.15e-07 / 1.67e-15
    interior solution dual residual (abs/rel):          1.16e-10 / 1.40e-16
    interior solution objective gap (abs/rel):          1.01e+00 / 9.97e-11
Ipx: IPM       optimal
Model   status      : Optimal
IPM       iterations: 44
Objective value     :  1.0132230604e+10
HiGHS run time      :         17.35
Presolving model
126852 rows, 417995 cols, 946884 nonzeros
96776 rows, 239734 cols, 590085 nonzeros
94489 rows, 127072 cols, 364369 nonzeros
93884 rows, 124423 cols, 359017 nonzeros
Presolve : Reductions: rows 93884(-4260378); columns 124423(-2742070); elements 359017(-13173304)
Solving the presolved LP
IPX model has 93884 rows, 124423 columns and 359017 nonzeros
Input
    Number of variables:                                124423
    Number of free variables:                           0
    Number of constraints:                              93884
    Number of equality constraints:                     14310
    Number of matrix entries:                           359017
    Matrix range:                                       [1e-02, 1e+00]
    RHS range:                                          [4e+04, 4e+08]
    Objective range:                                    [3e-04, 8e+05]
    Bounds range:                                       [9e+03, 2e+08]
Preprocessing
    Dualized model:                                     no
    Number of dense columns:                            0
    Range of scaling factors:                           [1.00e+00, 2.00e+00]
IPX version 1.0
Interior Point Solve
 Iter     P.res    D.res            P.obj           D.obj        mu     Time
   0   8.20e+07 6.61e+04   1.08697785e+14 -3.46823242e+16  6.18e+12       0s
   1   2.03e+07 4.18e+04   7.07801542e+16 -3.00518474e+16  3.30e+12       0s
   2   8.20e+06 2.64e+04   8.50275247e+16 -2.74340719e+16  2.39e+12       0s
   3   3.48e+06 3.36e+03   6.10861461e+16 -5.15062426e+15  5.55e+11       0s
   4   1.29e+06 1.06e+03   2.86720440e+16 -2.09621299e+15  2.00e+11       1s
   5   5.26e+05 3.40e+02   1.33227850e+16 -1.03255272e+15  8.06e+10       2s
 Constructing starting basis...
   6   2.61e+05 1.16e+02   7.51069051e+15 -5.95356166e+14  4.32e+10       3s
   7   1.19e+05 4.15e+01   4.51263940e+15 -4.30529716e+14  2.50e+10       3s
   8   2.00e+04 2.24e+01   1.49566733e+15 -3.00814143e+14  8.99e+09       3s
   9   7.63e+03 1.07e+01   6.82896282e+14 -1.57924710e+14  4.18e+09       3s
  10   2.81e+03 5.40e+00   3.61096110e+14 -9.37905860e+13  2.25e+09       4s
  11   7.64e+02 3.02e+00   1.63105491e+14 -5.83047371e+13  1.11e+09       4s
  12   2.15e+02 1.99e+00   7.43061149e+13 -4.01264845e+13  5.90e+08       4s
  13   1.09e+02 1.29e+00   5.05161942e+13 -2.73111872e+13  3.99e+08       5s
  14   2.87e+01 5.53e-01   2.44260447e+13 -1.29023482e+13  1.89e+08       5s
  15   1.37e+01 1.93e-01   1.50754841e+13 -5.08378328e+12  9.76e+07       5s
  16   4.08e+00 9.27e-02   5.39555579e+12 -2.51965582e+12  3.85e+07       6s
  17   8.57e-01 1.98e-02   2.12498619e+12 -6.58738812e+11  1.30e+07       6s
  18   2.91e-01 6.88e-03   8.83426012e+11 -2.39821756e+11  5.17e+06       6s
  19   1.15e-01 4.09e-03   4.45347090e+11 -1.46225350e+11  2.70e+06       7s
  20   4.70e-02 1.95e-03   3.11730329e+11 -7.86480684e+10  1.77e+06       7s
  21   1.86e-02 7.95e-04   1.96599124e+11 -3.45718343e+10  1.04e+06       7s
  22   3.65e-03 3.53e-04   7.73450944e+10 -1.24468228e+10  4.02e+05       7s
  23   1.41e-03 1.56e-04   4.48147319e+10 -9.55238348e+08  2.05e+05       8s
  24   5.81e-04 3.07e-05   3.19997228e+10  6.51069863e+09  1.14e+05       8s
  25   3.05e-04 7.14e-06   2.55266928e+10  8.36604705e+09  7.66e+04       9s
  26   7.32e-05 3.21e-06   1.83955107e+10  8.84891985e+09  4.26e+04       9s
  27   3.56e-05 1.65e-06   1.55078759e+10  9.26552322e+09  2.79e+04       9s
  28   8.61e-06 5.68e-07   1.18721421e+10  9.74121368e+09  9.51e+03      10s
  29   3.43e-06 3.25e-07   1.12498639e+10  9.84210019e+09  6.28e+03      10s
  30   2.06e-06 1.74e-07   1.08276306e+10  9.94578529e+09  3.94e+03      11s
  31   9.29e-07 6.53e-08   1.04577876e+10  1.00266871e+10  1.92e+03      11s
  32   2.68e-07 1.35e-08   1.02248603e+10  1.00656540e+10  7.11e+02      11s
  33   1.72e-07 5.94e-09   1.01500777e+10  1.00751029e+10  3.35e+02      11s
  34   1.66e-07 3.84e-09   1.01260074e+10  1.00775503e+10  2.16e+02      12s
  35   1.99e-07 1.16e-09   1.01111241e+10  1.00824702e+10  1.28e+02      12s
  36   1.29e-07 4.66e-10   1.00979004e+10  1.00843693e+10  6.04e+01      12s
  37   2.08e-07 3.49e-10   1.00917861e+10  1.00843201e+10  3.33e+01      12s
  38   3.67e-07 2.33e-10   1.00868653e+10  1.00848918e+10  8.81e+00      13s
  39   1.53e-07 2.33e-10   1.00856829e+10  1.00850001e+10  3.05e+00      13s
  40   1.02e-07 2.33e-10   1.00852957e+10  1.00850507e+10  1.09e+00      13s
  41   3.25e-07 2.33e-10   1.00851032e+10  1.00850730e+10  1.35e-01      13s
  42   1.73e-07 1.16e-10   1.00850814e+10  1.00850775e+10  1.74e-02      13s
  43   5.25e-07 1.16e-10   1.00850792e+10  1.00850781e+10  4.89e-03      14s
  44   3.10e-07 2.33e-10   1.00850784e+10  1.00850782e+10  5.98e-04      14s
  45   2.34e-07 2.33e-10   1.00850783e+10  1.00850783e+10  6.44e-05      14s
  46*  8.75e-07 2.33e-10   1.00850783e+10  1.00850783e+10  9.09e-06      14s
Summary
    Runtime:                                            14.40s
    Status interior point solve:                        optimal
    Status crossover:                                   not run
    objective value:                                    1.00850783e+10
    interior solution primal residual (abs/rel):        9.54e-07 / 2.23e-15
    interior solution dual residual (abs/rel):          2.33e-10 / 2.79e-16
    interior solution objective gap (abs/rel):          2.01e+00 / 1.99e-10
Ipx: IPM       optimal
Model   status      : Optimal
IPM       iterations: 46
Objective value     :  1.0085078278e+10
HiGHS run time      :         18.23
Presolving model
126852 rows, 417995 cols, 946884 nonzeros
96776 rows, 239734 cols, 590085 nonzeros
94489 rows, 127072 cols, 364369 nonzeros
93884 rows, 124423 cols, 359017 nonzeros
Presolve : Reductions: rows 93884(-4267893); columns 124423(-2742070); elements 359017(-13180819)
Solving the presolved LP
IPX model has 93884 rows, 124423 columns and 359017 nonzeros
Input
    Number of variables:                                124423
    Number of free variables:                           0
    Number of constraints:                              93884
    Number of equality constraints:                     14310
    Number of matrix entries:                           359017
    Matrix range:                                       [1e-02, 1e+00]
    RHS range:                                          [4e+04, 4e+08]
    Objective range:                                    [3e-04, 8e+05]
    Bounds range:                                       [9e+03, 2e+08]
Preprocessing
    Dualized model:                                     no
    Number of dense columns:                            0
    Range of scaling factors:                           [1.00e+00, 2.00e+00]
IPX version 1.0
Interior Point Solve
 Iter     P.res    D.res            P.obj           D.obj        mu     Time
   0   8.20e+07 6.60e+04   1.09691659e+14 -3.46609171e+16  6.17e+12       0s
   1   2.03e+07 4.18e+04   7.08410178e+16 -3.00331628e+16  3.30e+12       0s
   2   8.19e+06 2.64e+04   8.50663169e+16 -2.74164255e+16  2.39e+12       0s
   3   3.48e+06 3.37e+03   6.11051519e+16 -5.16430687e+15  5.55e+11       0s
   4   1.23e+06 1.04e+03   2.79367485e+16 -2.10152056e+15  1.94e+11       1s
   5   4.99e+05 3.23e+02   1.29939440e+16 -1.02251839e+15  7.81e+10       2s
 Constructing starting basis...
   6   2.31e+05 1.13e+02   6.93312994e+15 -5.85266854e+14  3.99e+10       3s
   7   7.47e+04 4.07e+01   3.56698672e+15 -4.23624854e+14  2.01e+10       3s
   8   1.72e+04 2.41e+01   1.25008554e+15 -2.87211148e+14  7.77e+09       3s
   9   6.28e+03 1.19e+01   5.71190387e+14 -1.55717773e+14  3.66e+09       3s
  10   2.22e+03 6.11e+00   2.94907353e+14 -9.08024077e+13  1.93e+09       4s
  11   1.29e+03 3.62e+00   2.00735754e+14 -5.79537431e+13  1.28e+09       4s
  12   4.05e+02 2.41e+00   8.42741105e+13 -3.97017299e+13  6.34e+08       4s
  13   1.81e+02 1.47e+00   5.13246822e+13 -2.55489355e+13  3.92e+08       5s
  14   4.92e+01 6.51e-01   2.43751923e+13 -1.24657112e+13  1.86e+08       5s
  15   2.51e+01 2.29e-01   1.51733660e+13 -4.86071170e+12  9.69e+07       5s
  16   1.10e+01 9.45e-02   7.35129998e+12 -2.09226632e+12  4.50e+07       6s
  17   2.83e+00 2.04e-02   2.61267589e+12 -5.40661178e+11  1.46e+07       6s
  18   1.23e+00 6.33e-03   1.36110419e+12 -1.96388619e+11  7.10e+06       6s
  19   4.32e-01 3.65e-03   5.77899662e+11 -1.16760027e+11  3.15e+06       7s
  20   1.49e-01 1.79e-03   3.49751126e+11 -6.65836546e+10  1.88e+06       7s
  21   6.17e-02 6.26e-04   2.09764590e+11 -2.52962289e+10  1.05e+06       7s
  22   2.46e-02 2.19e-04   1.01744223e+11 -4.02013803e+09  4.73e+05       7s
  23   1.23e-02 3.59e-05   6.83164955e+10  4.87414162e+09  2.83e+05       8s
  24   4.06e-03 1.08e-05   4.37463866e+10  6.44125063e+09  1.67e+05       8s
  25   1.26e-03 2.30e-06   2.43307795e+10  8.64697698e+09  7.00e+04       8s
  26   5.29e-04 1.11e-06   1.77628086e+10  9.15538755e+09  3.84e+04       9s
  27   2.72e-04 5.63e-07   1.52800734e+10  9.41584154e+09  2.62e+04       9s
  28   8.13e-05 1.63e-07   1.19819075e+10  9.80987148e+09  9.70e+03      10s
  29   4.32e-05 7.10e-08   1.12389649e+10  9.91665097e+09  5.90e+03      10s
  30   1.48e-05 4.48e-08   1.06495751e+10  9.95023432e+09  3.12e+03      10s
  31   1.16e-06 1.00e-08   1.02330614e+10  1.00118071e+10  9.88e+02      11s
  32   3.58e-07 3.84e-09   1.01277118e+10  1.00330000e+10  4.23e+02      11s
  33   3.30e-07 1.63e-09   1.00837042e+10  1.00421658e+10  1.85e+02      11s
  34   1.79e-07 9.31e-10   1.00725350e+10  1.00456085e+10  1.20e+02      12s
  35   1.63e-07 3.49e-10   1.00572785e+10  1.00490300e+10  3.68e+01      12s
  36   8.67e-08 2.33e-10   1.00521667e+10  1.00502045e+10  8.76e+00      12s
  37   1.44e-07 2.33e-10   1.00511609e+10  1.00504544e+10  3.15e+00      12s
  38   3.52e-07 2.33e-10   1.00506466e+10  1.00505522e+10  4.21e-01      12s
  39   2.56e-07 2.33e-10   1.00505834e+10  1.00505685e+10  6.65e-02      13s
  40   2.41e-07 2.33e-10   1.00505767e+10  1.00505720e+10  2.08e-02      13s
  41   2.91e-07 2.33e-10   1.00505739e+10  1.00505726e+10  5.94e-03      13s
  42   4.49e-07 2.33e-10   1.00505728e+10  1.00505726e+10  1.11e-03      13s
  43   3.52e-07 2.33e-10   1.00505726e+10  1.00505726e+10  1.41e-04      14s
  44*  4.42e-07 2.33e-10   1.00505726e+10  1.00505726e+10  7.54e-06      14s
Summary
    Runtime:                                            13.74s
    Status interior point solve:                        optimal
    Status crossover:                                   not run
    objective value:                                    1.00505726e+10
    interior solution primal residual (abs/rel):        4.17e-07 / 9.75e-16
    interior solution dual residual (abs/rel):          2.33e-10 / 2.79e-16
    interior solution objective gap (abs/rel):          1.67e+00 / 1.66e-10
Ipx: IPM       optimal
Model   status      : Optimal
IPM       iterations: 44
Objective value     :  1.0050572594e+10
HiGHS run time      :         17.13
Presolving model
126852 rows, 417995 cols, 946884 nonzeros
96776 rows, 239734 cols, 590085 nonzeros
94489 rows, 127072 cols, 364369 nonzeros
93884 rows, 124423 cols, 359017 nonzeros
Presolve : Reductions: rows 93884(-4275408); columns 124423(-2742070); elements 359017(-13188334)
Solving the presolved LP
IPX model has 93884 rows, 124423 columns and 359017 nonzeros
Input
    Number of variables:                                124423
    Number of free variables:                           0
    Number of constraints:                              93884
    Number of equality constraints:                     14310
    Number of matrix entries:                           359017
    Matrix range:                                       [1e-02, 1e+00]
    RHS range:                                          [4e+04, 4e+08]
    Objective range:                                    [3e-04, 8e+05]
    Bounds range:                                       [9e+03, 2e+08]
Preprocessing
    Dualized model:                                     no
    Number of dense columns:                            0
    Range of scaling factors:                           [1.00e+00, 2.00e+00]
IPX version 1.0
Interior Point Solve
 Iter     P.res    D.res            P.obj           D.obj        mu     Time
   0   8.20e+07 6.59e+04   1.10010005e+14 -3.45902505e+16  6.16e+12       0s
   1   2.03e+07 4.17e+04   7.07908463e+16 -2.99705679e+16  3.29e+12       0s
   2   8.19e+06 2.63e+04   8.49820333e+16 -2.73596885e+16  2.39e+12       0s
   3   3.48e+06 3.39e+03   6.10287056e+16 -5.18220635e+15  5.56e+11       0s
   4   1.23e+06 1.05e+03   2.78600708e+16 -2.10238482e+15  1.94e+11       1s
   5   4.92e+05 3.19e+02   1.29015303e+16 -1.01772081e+15  7.74e+10       2s
 Constructing starting basis...
   6   2.29e+05 1.09e+02   6.98363238e+15 -5.88723841e+14  4.01e+10       3s
   7   8.43e+04 4.16e+01   3.73085955e+15 -4.18206892e+14  2.09e+10       3s
   8   1.54e+04 2.20e+01   1.39886706e+15 -2.90542574e+14  8.44e+09       3s
   9   5.86e+03 1.06e+01   6.17782350e+14 -1.49441876e+14  3.82e+09       3s
  10   2.55e+03 5.18e+00   3.53468195e+14 -8.54574512e+13  2.16e+09       4s
  11   1.58e+03 3.15e+00   2.44218618e+14 -5.55775325e+13  1.46e+09       4s
  12   5.90e+02 2.01e+00   1.08928979e+14 -3.65531234e+13  7.24e+08       4s
  13   2.28e+02 1.28e+00   6.35190445e+13 -2.52800513e+13  4.45e+08       5s
  14   6.42e+01 5.34e-01   2.99107364e+13 -1.19291050e+13  2.07e+08       5s
  15   1.98e+01 2.24e-01   1.33699822e+13 -5.46332489e+12  9.23e+07       5s
  16   7.79e+00 7.93e-02   6.27012428e+12 -2.06442483e+12  3.99e+07       6s
  17   1.77e+00 1.74e-02   2.10945554e+12 -5.32032741e+11  1.23e+07       6s
  18   7.43e-01 5.94e-03   1.06741137e+12 -1.99681669e+11  5.79e+06       6s
  19   2.63e-01 3.73e-03   4.81220551e+11 -1.28850845e+11  2.78e+06       7s
  20   7.51e-02 1.82e-03   3.21807602e+11 -7.42970784e+10  1.79e+06       7s
  21   2.25e-02 7.41e-04   1.58329219e+11 -3.02199170e+10  8.47e+05       7s
  22   9.34e-03 2.52e-04   8.67585560e+10 -5.80359516e+09  4.14e+05       7s
  23   4.42e-03 6.22e-05   5.51837335e+10  4.39106777e+09  2.27e+05       8s
  24   1.78e-03 1.95e-05   3.89631381e+10  6.58797697e+09  1.45e+05       8s
  25   9.43e-04 6.41e-06   2.72952793e+10  8.50428320e+09  8.39e+04       8s
  26   4.30e-04 2.32e-06   1.98439827e+10  9.16507561e+09  4.77e+04       9s
  27   1.86e-04 1.03e-06   1.52223475e+10  9.52296753e+09  2.54e+04       9s
  28   8.52e-05 7.23e-07   1.27386705e+10  9.65207252e+09  1.38e+04      10s
  29   5.54e-05 2.33e-07   1.19687369e+10  9.87208182e+09  9.36e+03      10s
  30   1.76e-05 1.13e-07   1.10487733e+10  9.92060784e+09  5.04e+03      10s
  31   6.88e-06 6.72e-08   1.05249681e+10  9.96377617e+09  2.51e+03      11s
  32   1.34e-06 3.13e-08   1.02594314e+10  9.99769390e+09  1.17e+03      11s
  33   2.24e-07 1.14e-08   1.01095738e+10  1.00258171e+10  3.74e+02      11s
  34   1.58e-07 5.70e-09   1.00772053e+10  1.00360560e+10  1.84e+02      12s
  35   2.50e-07 2.33e-09   1.00610987e+10  1.00426757e+10  8.22e+01      12s
  36   1.60e-07 6.98e-10   1.00520779e+10  1.00472736e+10  2.14e+01      12s
  37   1.49e-07 2.33e-10   1.00496584e+10  1.00482859e+10  6.13e+00      12s
  38   2.81e-07 2.33e-10   1.00489405e+10  1.00485835e+10  1.59e+00      13s
  39   2.15e-07 2.33e-10   1.00487068e+10  1.00486602e+10  2.08e-01      13s
  40   2.80e-07 3.49e-10   1.00486769e+10  1.00486691e+10  3.48e-02      13s
  41   1.59e-07 2.33e-10   1.00486715e+10  1.00486700e+10  6.72e-03      13s
  42   3.28e-07 2.33e-10   1.00486704e+10  1.00486702e+10  7.19e-04      14s
  43*  6.98e-07 2.33e-10   1.00486703e+10  1.00486703e+10  4.20e-05      14s
Summary
    Runtime:                                            13.82s
    Status interior point solve:                        optimal
    Status crossover:                                   not run
    objective value:                                    1.00486703e+10
    interior solution primal residual (abs/rel):        1.01e-06 / 2.37e-15
    interior solution dual residual (abs/rel):          2.33e-10 / 2.79e-16
    interior solution objective gap (abs/rel):          9.42e+00 / 9.38e-10
Ipx: IPM       optimal
Model   status      : Optimal
IPM       iterations: 43
Objective value     :  1.0048670262e+10
HiGHS run time      :         17.22
