Running HiGHS 1.6.0: Copyright (c) 2023 HiGHS under MIT licence terms
Presolving model
365543 rows, 834006 cols, 2133206 nonzeros
292691 rows, 589340 cols, 1645237 nonzeros
292643 rows, 322488 cols, 1101146 nonzeros
284620 rows, 314267 cols, 1084644 nonzeros
Presolve : Reductions: rows 284620(-2190577); columns 314267(-1381725); elements 1084644(-6223360)
Solving the presolved LP
IPX model has 284620 rows, 314267 columns and 1084644 nonzeros
Input
    Number of variables:                                314267
    Number of free variables:                           0
    Number of constraints:                              284620
    Number of equality constraints:                     17033
    Number of matrix entries:                           1084644
    Matrix range:                                       [1e-02, 1e+00]
    RHS range:                                          [2e+05, 1e+08]
    Objective range:                                    [2e-04, 9e+00]
    Bounds range:                                       [2e+05, 1e+08]
Preprocessing
    Dualized model:                                     no
    Number of dense columns:                            0
    Range of scaling factors:                           [1.00e+00, 2.00e+00]
IPX version 1.0
Interior Point Solve
 Iter     P.res    D.res            P.obj           D.obj        mu     Time
   0   2.39e+07 2.83e+00   2.76811834e+09 -3.76270801e+12  7.59e+07       0s
   1   4.33e+06 1.61e+00   1.02913029e+12 -2.41031641e+12  3.94e+07       1s
   2   2.56e+06 1.49e+00   1.32334616e+12 -2.30055950e+12  4.30e+07       1s
   3   9.89e+05 4.95e-01   1.13475096e+12 -8.11578509e+11  1.52e+07       2s
   4   3.86e+05 1.98e-01   8.29396761e+11 -3.69806475e+11  6.75e+06       3s
   5   1.36e+05 7.76e-02   4.93186967e+11 -1.56441225e+11  2.81e+06       6s
 Constructing starting basis...
   6   4.43e+04 3.27e-02   3.05483402e+11 -7.90375935e+10  1.38e+06      11s
   7   1.86e+04 6.97e-03   1.83927248e+11 -2.12455562e+10  4.78e+05      14s
   8   4.36e+03 1.91e-03   7.10230815e+10 -6.84329459e+09  1.53e+05      16s
   9   2.51e+03 2.60e-04   5.58362510e+10 -1.77700988e+09  9.85e+04      17s
  10   1.31e+03 1.19e-04   4.34678817e+10 -4.42176196e+08  7.39e+04      19s
  11   7.05e+02 7.60e-05   3.78735015e+10  1.40425625e+08  6.31e+04      21s
  12   3.62e+02 4.97e-05   2.43236930e+10  1.37719605e+09  3.82e+04      23s
  13   1.95e+02 3.35e-05   1.82738512e+10  2.20700579e+09  2.67e+04      25s
  14   9.82e+01 2.09e-05   1.33356895e+10  3.03992753e+09  1.71e+04      28s
  15   4.44e+01 6.17e-06   1.00960633e+10  4.11335347e+09  9.89e+03      31s
  16   2.34e+01 3.48e-06   8.37599667e+09  4.35273405e+09  6.65e+03      40s
  17   1.57e+01 2.60e-06   7.68559182e+09  4.44848489e+09  5.35e+03      46s
  18   8.99e+00 1.71e-06   6.89896210e+09  4.57657991e+09  3.84e+03      51s
  19   5.84e+00 1.20e-06   6.37795444e+09  4.67819925e+09  2.81e+03      58s
  20   4.55e+00 9.27e-07   6.18151020e+09  4.72499477e+09  2.41e+03      68s
  21   3.45e+00 6.86e-07   6.01957176e+09  4.76432453e+09  2.07e+03      75s
  22   2.20e+00 4.79e-07   5.82594612e+09  4.79911883e+09  1.70e+03      81s
  23   1.78e+00 3.49e-07   5.73019995e+09  4.82990907e+09  1.49e+03      87s
  24   1.25e+00 2.87e-07   5.63013697e+09  4.84214601e+09  1.30e+03      93s
  25   9.72e-01 2.31e-07   5.57691481e+09  4.85329324e+09  1.19e+03      98s
  26   7.19e-01 1.77e-07   5.50254773e+09  4.86896769e+09  1.05e+03     102s
  27   5.80e-01 1.34e-07   5.45667269e+09  4.88194671e+09  9.49e+02     107s
  28   3.53e-01 8.70e-08   5.35451932e+09  4.90116554e+09  7.48e+02     111s
  29   2.68e-01 6.31e-08   5.31902765e+09  4.90997410e+09  6.75e+02     115s
  30   1.83e-01 5.51e-08   5.26225342e+09  4.91455840e+09  5.74e+02     119s
  31   1.36e-01 4.06e-08   5.22384912e+09  4.92395004e+09  4.95e+02     123s
  32   1.11e-01 3.48e-08   5.20372985e+09  4.92763283e+09  4.56e+02     126s
  33   7.74e-02 2.68e-08   5.17268703e+09  4.93322288e+09  3.95e+02     130s
  34   5.13e-02 2.12e-08   5.15004506e+09  4.93698614e+09  3.52e+02     133s
  35   3.77e-02 1.67e-08   5.12670642e+09  4.94146917e+09  3.06e+02     136s
  36   2.81e-02 1.46e-08   5.11743676e+09  4.94296852e+09  2.88e+02     140s
  37   1.66e-02 1.29e-08   5.08669649e+09  4.94516093e+09  2.34e+02     143s
  38   1.07e-02 7.09e-09   5.07364541e+09  4.95184390e+09  2.01e+02     146s
  39   7.05e-03 4.77e-09   5.05073146e+09  4.95668190e+09  1.55e+02     150s
  40   5.36e-03 3.37e-09   5.04101832e+09  4.95934089e+09  1.35e+02     153s
  41   3.34e-03 2.29e-09   5.03262833e+09  4.96103839e+09  1.18e+02     156s
  42   2.02e-03 1.74e-09   5.01815921e+09  4.96260014e+09  9.17e+01     159s
  43   1.78e-03 1.53e-09   5.01698426e+09  4.96305740e+09  8.90e+01     162s
  44   1.38e-03 1.45e-09   5.01120383e+09  4.96330720e+09  7.91e+01     165s
  45   1.16e-03 1.02e-09   5.00684397e+09  4.96505174e+09  6.90e+01     167s
  46   9.78e-04 8.62e-10   5.00454869e+09  4.96554405e+09  6.44e+01     170s
  47   6.39e-04 6.81e-10   4.99699821e+09  4.96632821e+09  5.06e+01     173s
  48   4.82e-04 5.70e-10   4.99367776e+09  4.96679466e+09  4.44e+01     176s
  49   3.78e-04 4.97e-10   4.99270734e+09  4.96702587e+09  4.24e+01     179s
  50   2.38e-04 3.56e-10   4.98800390e+09  4.96774697e+09  3.34e+01     181s
  51   2.12e-04 2.86e-10   4.98716792e+09  4.96809718e+09  3.15e+01     184s
  52   1.29e-04 2.39e-10   4.98266275e+09  4.96841405e+09  2.35e+01     186s
  53   7.80e-05 2.17e-10   4.98110882e+09  4.96853292e+09  2.08e+01     189s
  54   4.60e-05 1.41e-10   4.97889300e+09  4.96904559e+09  1.63e+01     191s
  55   3.44e-05 8.47e-11   4.97758678e+09  4.96949799e+09  1.34e+01     193s
  56   1.32e-05 5.81e-11   4.97487572e+09  4.96972799e+09  8.50e+00     196s
  57   6.94e-06 5.39e-11   4.97426732e+09  4.96976237e+09  7.44e+00     198s
  58   2.26e-06 2.18e-11   4.97268132e+09  4.97010460e+09  4.25e+00     200s
  59   1.49e-06 1.58e-11   4.97216696e+09  4.97018496e+09  3.27e+00     202s
  60   7.15e-07 1.24e-11   4.97182687e+09  4.97022616e+09  2.64e+00     205s
  61   2.98e-07 7.26e-12   4.97119797e+09  4.97030864e+09  1.47e+00     207s
  62   2.09e-07 4.35e-12   4.97112422e+09  4.97035063e+09  1.28e+00     209s
  63   1.24e-07 3.27e-12   4.97065678e+09  4.97037450e+09  4.66e-01     211s
  64   2.03e-07 7.11e-13   4.97051822e+09  4.97043360e+09  1.40e-01     213s
  65   9.55e-08 5.33e-15   4.97049548e+09  4.97044912e+09  7.65e-02     215s
  66   1.04e-07 5.33e-15   4.97047027e+09  4.97044904e+09  3.50e-02     216s
  67   1.85e-07 5.33e-15   4.97045143e+09  4.97045020e+09  2.03e-03     217s
  68   2.59e-07 5.33e-15   4.97045043e+09  4.97045038e+09  8.19e-05     219s
  69   1.08e-07 5.33e-15   4.97045040e+09  4.97045040e+09  9.39e-06     220s
  70*  8.02e-08 5.33e-15   4.97045040e+09  4.97045040e+09  9.75e-07     221s
Summary
    Runtime:                                            221.13s
    Status interior point solve:                        optimal
    Status crossover:                                   not run
    objective value:                                    4.97045040e+09
    interior solution primal residual (abs/rel):        2.53e-07 / 1.74e-15
    interior solution dual residual (abs/rel):          9.89e-11 / 9.77e-12
    interior solution objective gap (abs/rel):          5.83e-01 / 1.17e-10
Ipx: IPM       optimal
Model   status      : Optimal
IPM       iterations: 70
Objective value     :  4.9721806772e+09
HiGHS run time      :        223.92
Presolving model
365543 rows, 834006 cols, 2133206 nonzeros
292691 rows, 589340 cols, 1645237 nonzeros
292643 rows, 322488 cols, 1101146 nonzeros
284620 rows, 314267 cols, 1084644 nonzeros
Presolve : Reductions: rows 284620(-2198092); columns 314267(-1381725); elements 1084644(-6230875)
Solving the presolved LP
IPX model has 284620 rows, 314267 columns and 1084644 nonzeros
Input
    Number of variables:                                314267
    Number of free variables:                           0
    Number of constraints:                              284620
    Number of equality constraints:                     17033
    Number of matrix entries:                           1084644
    Matrix range:                                       [1e-02, 1e+00]
    RHS range:                                          [2e+05, 1e+08]
    Objective range:                                    [2e-04, 1e+07]
    Bounds range:                                       [2e+05, 1e+08]
Preprocessing
    Dualized model:                                     no
    Number of dense columns:                            0
    Range of scaling factors:                           [1.00e+00, 2.00e+00]
IPX version 1.0
Interior Point Solve
 Iter     P.res    D.res            P.obj           D.obj        mu     Time
   0   2.38e+07 1.57e+05   5.84510250e+13 -2.06981779e+17  4.49e+12       0s
   1   6.08e+06 1.12e+05   1.28335322e+17 -1.60289325e+17  2.87e+12       0s
   2   3.29e+06 8.43e+04   1.72062445e+17 -1.36399768e+17  2.58e+12       1s
   3   1.14e+06 3.90e+04   1.50402414e+17 -7.28941704e+16  1.27e+12       2s
   4   3.98e+05 1.72e+04   1.11399955e+17 -3.65618896e+16  5.91e+11       4s
   5   2.21e+05 7.40e+03   8.56652717e+16 -1.76659840e+16  3.03e+11       6s
   6   8.41e+04 4.54e+03   5.20447736e+16 -1.16960011e+16  1.65e+11      10s
 Constructing starting basis...
   7   2.49e+04 2.62e+03   3.25855632e+16 -7.76982549e+15  9.69e+10      17s
   8   8.53e+03 1.04e+03   1.73825539e+16 -3.50490207e+15  4.34e+10      20s
   9   3.82e+03 3.31e+02   9.37046030e+15 -1.29512688e+15  1.98e+10      23s
  10   7.00e+02 1.27e+02   2.42474666e+15 -5.83855633e+14  5.54e+09      26s
  11   1.72e+02 2.86e+01   8.80103464e+14 -2.06677777e+14  1.91e+09      28s
  12   6.98e+01 1.87e+01   5.85260838e+14 -1.34732618e+14  1.28e+09      31s
  13   2.44e+01 1.12e+01   2.77936238e+14 -7.86955004e+13  6.42e+08      34s
  14   1.03e+01 7.85e+00   1.85932121e+14 -5.74074141e+13  4.42e+08      37s
  15   2.79e+00 4.13e+00   8.22632168e+13 -3.08629570e+13  2.08e+08      39s
  16   6.30e-01 2.81e+00   3.23086651e+13 -2.13476784e+13  1.03e+08      41s
  17   1.80e-01 6.45e-01   1.27788670e+13 -4.96609607e+12  3.25e+07      44s
  18   5.41e-02 1.50e-01   5.62666392e+12 -1.19562559e+12  1.20e+07      46s
  19   1.99e-02 5.94e-02   2.43352590e+12 -4.65721530e+11  5.04e+06      48s
  20   1.18e-02 2.57e-02   1.71842424e+12 -2.10937629e+11  3.29e+06      50s
  21   4.74e-03 1.19e-02   9.58002264e+11 -1.04459853e+11  1.80e+06      52s
  22   2.65e-03 4.90e-03   7.25394276e+11 -5.08784807e+10  1.30e+06      54s
  23   1.61e-03 1.22e-03   5.51444465e+11 -1.65643199e+10  9.42e+05      56s
  24   9.63e-04 2.27e-04   3.90445844e+11 -1.60615818e+09  6.48e+05      58s
  25   4.98e-04 1.15e-04   2.35490733e+11  2.10511978e+09  3.85e+05      60s
  26   1.47e-04 1.01e-05   1.07229759e+11  6.42069674e+09  1.66e+05      62s
  27   5.60e-05 4.09e-06   5.27732597e+10  7.78087006e+09  7.43e+04      64s
  28   4.95e-06 1.98e-06   2.74345427e+10  8.13970587e+09  3.18e+04      66s
  29   1.94e-06 9.29e-07   1.77351524e+10  8.68166356e+09  1.49e+04      68s
  30   1.10e-06 3.32e-07   1.44204350e+10  9.03872354e+09  8.88e+03      70s
  31   3.58e-07 1.10e-07   1.09795242e+10  9.19378324e+09  2.95e+03      72s
  32   2.68e-07 4.56e-08   9.95205160e+09  9.24315461e+09  1.17e+03      74s
  33   2.38e-07 2.05e-08   9.56017732e+09  9.26635779e+09  4.85e+02      75s
  34   2.98e-07 9.31e-09   9.39028310e+09  9.27927222e+09  1.83e+02      77s
  35   5.36e-07 5.59e-09   9.32885299e+09  9.28235948e+09  7.67e+01      79s
  36   2.98e-07 3.73e-09   9.30141561e+09  9.28564958e+09  2.60e+01      80s
  37   2.68e-07 2.79e-09   9.29091534e+09  9.28697294e+09  6.51e+00      82s
  38   2.98e-07 3.73e-09   9.28783991e+09  9.28714479e+09  1.15e+00      83s
  39   3.87e-07 3.73e-09   9.28723731e+09  9.28719498e+09  6.99e-02      84s
  40   1.79e-07 2.79e-09   9.28721137e+09  9.28720718e+09  6.91e-03      85s
  41   5.36e-07 3.73e-09   9.28720996e+09  9.28720967e+09  4.77e-04      87s
  42   1.46e-06 1.86e-09   9.28720985e+09  9.28720982e+09  3.97e-05      88s
  43*  1.40e-06 9.31e-10   9.28720983e+09  9.28720983e+09  2.67e-06      89s
Summary
    Runtime:                                            89.16s
    Status interior point solve:                        optimal
    Status crossover:                                   not run
    objective value:                                    9.28720983e+09
    interior solution primal residual (abs/rel):        1.37e-06 / 9.39e-15
    interior solution dual residual (abs/rel):          4.66e-10 / 4.81e-17
    interior solution objective gap (abs/rel):          1.36e+00 / 1.46e-10
Ipx: IPM       optimal
Model   status      : Optimal
IPM       iterations: 43
Objective value     :  9.2926193881e+09
HiGHS run time      :         91.88
Presolving model
365543 rows, 834006 cols, 2133206 nonzeros
292691 rows, 589340 cols, 1645237 nonzeros
292643 rows, 322488 cols, 1101146 nonzeros
284620 rows, 314267 cols, 1084644 nonzeros
Presolve : Reductions: rows 284620(-2205607); columns 314267(-1381725); elements 1084644(-6238390)
Solving the presolved LP
IPX model has 284620 rows, 314267 columns and 1084644 nonzeros
Input
    Number of variables:                                314267
    Number of free variables:                           0
    Number of constraints:                              284620
    Number of equality constraints:                     17033
    Number of matrix entries:                           1084644
    Matrix range:                                       [1e-02, 1e+00]
    RHS range:                                          [2e+05, 1e+08]
    Objective range:                                    [2e-04, 1e+07]
    Bounds range:                                       [2e+05, 1e+08]
Preprocessing
    Dualized model:                                     no
    Number of dense columns:                            0
    Range of scaling factors:                           [1.00e+00, 2.00e+00]
IPX version 1.0
Interior Point Solve
 Iter     P.res    D.res            P.obj           D.obj        mu     Time
   0   2.37e+07 1.57e+05   8.54402374e+13 -2.05631234e+17  4.49e+12       0s
   1   6.11e+06 1.12e+05   1.30744917e+17 -1.59200969e+17  2.87e+12       0s
   2   3.30e+06 8.44e+04   1.74831718e+17 -1.35547621e+17  2.58e+12       1s
   3   1.14e+06 3.88e+04   1.52618190e+17 -7.19601998e+16  1.26e+12       2s
   4   4.02e+05 1.70e+04   1.13034967e+17 -3.60240775e+16  5.85e+11       4s
   5   2.22e+05 7.55e+03   8.65542057e+16 -1.77099475e+16  3.04e+11       6s
   6   8.94e+04 2.87e+03   5.18311440e+16 -7.59062098e+15  1.35e+11      10s
 Constructing starting basis...
   7   5.60e+04 1.30e+03   3.83238959e+16 -4.18780908e+15  8.63e+10      16s
   8   3.07e+04 5.40e+02   2.27620709e+16 -1.91734353e+15  4.59e+10      20s
   9   1.45e+04 2.01e+02   1.18274471e+16 -8.44881953e+14  2.25e+10      23s
  10   5.69e+03 7.32e+01   5.06141501e+15 -3.85488590e+14  9.45e+09      25s
  11   4.14e+03 5.15e+01   4.39101427e+15 -3.37492118e+14  8.17e+09      27s
  12   1.13e+03 1.49e+01   1.29990321e+15 -1.53519029e+14  2.49e+09      29s
  13   5.40e+02 9.08e+00   9.42959992e+14 -9.65505915e+13  1.78e+09      33s
  14   2.82e+02 6.25e+00   5.54961109e+14 -6.28214709e+13  1.06e+09      36s
  15   1.76e+02 4.24e+00   3.83130007e+14 -4.09807236e+13  7.31e+08      39s
  16   1.18e+02 2.90e+00   2.78820787e+14 -2.84947527e+13  5.29e+08      41s
  17   7.18e+01 1.81e+00   1.91955738e+14 -1.90202014e+13  3.62e+08      44s
  18   4.61e+01 1.06e+00   1.40978888e+14 -1.28201124e+13  2.63e+08      46s
  19   6.74e+00 1.14e-01   6.86712442e+13 -4.71029999e+12  1.22e+08      49s
  20   1.21e+00 2.22e-02   2.24685420e+13 -1.45689666e+12  3.98e+07      51s
  21   6.04e-01 6.63e-03   1.37165397e+13 -5.93158411e+11  2.37e+07      53s
  22   2.60e-01 1.44e-03   6.95842504e+12 -1.87472874e+11  1.18e+07      55s
  23   4.34e-02 4.17e-04   2.35318185e+12 -9.66814803e+10  4.05e+06      58s
  24   2.03e-02 1.01e-04   1.17492525e+12 -2.25243110e+10  1.98e+06      60s
  25   8.80e-03 2.11e-05   6.66304979e+11 -8.75891899e+09  1.11e+06      62s
  26   1.57e-03 2.63e-06   2.26087563e+11  4.36624071e+08  3.73e+05      63s
  27   4.03e-04 5.41e-07   9.28948457e+10  4.60625692e+09  1.46e+05      65s
  28   1.48e-04 2.46e-07   4.87318373e+10  5.89140412e+09  7.07e+04      67s
  29   5.35e-05 1.37e-07   2.64265140e+10  6.56353921e+09  3.28e+04      69s
  30   1.54e-05 4.84e-08   1.43484371e+10  7.26519889e+09  1.17e+04      71s
  31   8.67e-06 1.49e-08   1.19472148e+10  7.54534340e+09  7.27e+03      73s
  32   2.77e-06 7.45e-09   9.22953224e+09  7.64862685e+09  2.61e+03      75s
  33   8.34e-07 5.59e-09   8.30161762e+09  7.68738018e+09  1.01e+03      77s
  34   4.47e-07 3.73e-09   7.93946474e+09  7.70509817e+09  3.87e+02      79s
  35   2.09e-07 1.86e-09   7.80595897e+09  7.71638188e+09  1.48e+02      81s
  36   2.38e-07 3.73e-09   7.75913318e+09  7.71908906e+09  6.61e+01      82s
  37   5.36e-07 2.79e-09   7.73009188e+09  7.72266084e+09  1.23e+01      84s
  38   6.85e-07 1.86e-09   7.72507985e+09  7.72384448e+09  2.04e+00      86s
  39   3.87e-07 1.86e-09   7.72415009e+09  7.72396741e+09  3.02e-01      87s
  40   5.36e-07 2.79e-09   7.72402375e+09  7.72399552e+09  4.66e-02      89s
  41   5.66e-07 3.73e-09   7.72400975e+09  7.72400217e+09  1.25e-02      90s
  42   5.96e-07 3.73e-09   7.72400586e+09  7.72400455e+09  2.18e-03      91s
  43   9.24e-07 2.79e-09   7.72400555e+09  7.72400524e+09  5.27e-04      92s
  44   3.49e-06 1.86e-09   7.72400545e+09  7.72400543e+09  3.84e-05      94s
  45*  1.49e-06 9.31e-10   7.72400544e+09  7.72400544e+09  9.65e-06      95s
Summary
    Runtime:                                            94.62s
    Status interior point solve:                        optimal
    Status crossover:                                   not run
    objective value:                                    7.72400544e+09
    interior solution primal residual (abs/rel):        1.62e-06 / 1.11e-14
    interior solution dual residual (abs/rel):          9.31e-10 / 9.62e-17
    interior solution objective gap (abs/rel):          5.28e+00 / 6.84e-10
Ipx: IPM       optimal
Model   status      : Optimal
IPM       iterations: 45
Objective value     :  7.7294150022e+09
HiGHS run time      :         97.38
Presolving model
365543 rows, 834006 cols, 2133206 nonzeros
292691 rows, 589340 cols, 1645237 nonzeros
292643 rows, 322488 cols, 1101146 nonzeros
284620 rows, 314267 cols, 1084644 nonzeros
Presolve : Reductions: rows 284620(-2213122); columns 314267(-1381725); elements 1084644(-6245905)
Solving the presolved LP
IPX model has 284620 rows, 314267 columns and 1084644 nonzeros
Input
    Number of variables:                                314267
    Number of free variables:                           0
    Number of constraints:                              284620
    Number of equality constraints:                     17033
    Number of matrix entries:                           1084644
    Matrix range:                                       [1e-02, 1e+00]
    RHS range:                                          [2e+05, 1e+08]
    Objective range:                                    [2e-04, 1e+07]
    Bounds range:                                       [2e+05, 1e+08]
Preprocessing
    Dualized model:                                     no
    Number of dense columns:                            0
    Range of scaling factors:                           [1.00e+00, 2.00e+00]
IPX version 1.0
Interior Point Solve
 Iter     P.res    D.res            P.obj           D.obj        mu     Time
   0   2.37e+07 1.57e+05   9.25763173e+13 -2.05418871e+17  4.49e+12       0s
   1   6.11e+06 1.12e+05   1.31195376e+17 -1.59033405e+17  2.87e+12       0s
   2   3.30e+06 8.44e+04   1.75365993e+17 -1.35377333e+17  2.58e+12       1s
   3   1.14e+06 3.88e+04   1.53011765e+17 -7.18860702e+16  1.26e+12       2s
   4   4.02e+05 1.70e+04   1.13322253e+17 -3.59745119e+16  5.85e+11       4s
   5   2.22e+05 7.54e+03   8.67283250e+16 -1.76738339e+16  3.04e+11       7s
   6   8.97e+04 2.87e+03   5.19710994e+16 -7.56889529e+15  1.35e+11      10s
 Constructing starting basis...
   7   5.61e+04 1.30e+03   3.84137220e+16 -4.18472554e+15  8.64e+10      17s
   8   3.07e+04 5.33e+02   2.27798845e+16 -1.89295244e+15  4.58e+10      20s
   9   1.50e+04 1.94e+02   1.21665858e+16 -8.20449962e+14  2.30e+10      23s
  10   5.80e+03 7.10e+01   5.14502014e+15 -3.78724219e+14  9.57e+09      26s
  11   4.31e+03 5.07e+01   4.50149173e+15 -3.34415869e+14  8.34e+09      28s
  12   1.12e+03 1.59e+01   1.27478208e+15 -1.59085055e+14  2.46e+09      30s
  13   5.81e+02 9.75e+00   9.79350852e+14 -9.91691478e+13  1.85e+09      33s
  14   3.06e+02 6.82e+00   5.77140449e+14 -6.59379843e+13  1.11e+09      36s
  15   1.94e+02 4.66e+00   3.97729780e+14 -4.29526363e+13  7.60e+08      39s
  16   1.27e+02 3.07e+00   2.83866671e+14 -2.89012747e+13  5.38e+08      42s
  17   7.94e+01 1.98e+00   1.97004059e+14 -1.97500499e+13  3.72e+08      44s
  18   4.88e+01 1.08e+00   1.44355810e+14 -1.29056760e+13  2.68e+08      47s
  19   7.69e+00 1.16e-01   7.12024254e+13 -4.71291660e+12  1.27e+08      49s
  20   2.57e+00 2.09e-02   2.97625577e+13 -1.24185811e+12  5.15e+07      51s
  21   1.38e+00 2.70e-03   1.73075498e+13 -2.61132820e+11  2.91e+07      53s
  22   6.62e-01 1.17e-03   9.07906672e+12 -1.48374175e+11  1.53e+07      55s
  23   1.84e-01 3.08e-04   3.04207290e+12 -5.77134706e+10  5.13e+06      57s
  24   9.31e-02 8.52e-05   1.68512498e+12 -2.04149309e+10  2.82e+06      59s
  25   4.25e-02 1.51e-05   9.42282090e+11 -9.28723793e+09  1.57e+06      61s
  26   6.82e-03 2.54e-06   2.48743546e+11  4.05330551e+08  4.10e+05      63s
  27   6.48e-04 8.70e-07   8.84949116e+10  3.12184880e+09  1.41e+05      65s
  28   2.12e-04 3.58e-07   4.33868114e+10  5.37431750e+09  6.28e+04      67s
  29   9.48e-05 1.77e-07   2.63496061e+10  6.38218800e+09  3.30e+04      69s
  30   2.94e-05 4.84e-08   1.51974658e+10  7.20145320e+09  1.32e+04      71s
  31   1.70e-05 1.68e-08   1.23949777e+10  7.46173040e+09  8.14e+03      73s
  32   1.01e-05 9.31e-09   1.05830437e+10  7.56139237e+09  4.99e+03      75s
  33   3.22e-06 4.66e-09   8.68510081e+09  7.59595917e+09  1.80e+03      77s
  34   1.25e-06 3.73e-09   8.12842222e+09  7.61629303e+09  8.45e+02      79s
  35   3.87e-07 3.73e-09   7.81775074e+09  7.62294718e+09  3.22e+02      81s
  36   1.49e-07 2.79e-09   7.68930499e+09  7.62737274e+09  1.02e+02      82s
  37   1.56e-07 3.73e-09   7.64962852e+09  7.62911680e+09  3.39e+01      84s
  38   3.28e-07 2.79e-09   7.63313528e+09  7.63034445e+09  4.61e+00      85s
  39   4.17e-07 3.73e-09   7.63083082e+09  7.63055201e+09  4.60e-01      87s
  40   5.36e-07 3.73e-09   7.63063322e+09  7.63059626e+09  6.10e-02      88s
  41   4.47e-07 3.73e-09   7.63061705e+09  7.63060895e+09  1.34e-02      90s
  42   3.58e-07 1.86e-09   7.63061458e+09  7.63061235e+09  3.67e-03      91s
  43   5.36e-07 3.73e-09   7.63061381e+09  7.63061343e+09  6.31e-04      93s
  44   1.58e-06 1.40e-09   7.63061372e+09  7.63061364e+09  1.30e-04      94s
  45*  1.97e-06 9.31e-10   7.63061367e+09  7.63061366e+09  1.22e-05      95s
Summary
    Runtime:                                            94.92s
    Status interior point solve:                        optimal
    Status crossover:                                   not run
    objective value:                                    7.63061367e+09
    interior solution primal residual (abs/rel):        1.82e-06 / 1.25e-14
    interior solution dual residual (abs/rel):          9.31e-10 / 9.62e-17
    interior solution objective gap (abs/rel):          7.29e+00 / 9.55e-10
Ipx: IPM       optimal
Model   status      : Optimal
IPM       iterations: 45
Objective value     :  7.6360232291e+09
HiGHS run time      :         97.58
Presolving model
365543 rows, 834006 cols, 2133206 nonzeros
292691 rows, 589340 cols, 1645237 nonzeros
292643 rows, 322488 cols, 1101146 nonzeros
284620 rows, 314267 cols, 1084644 nonzeros
Presolve : Reductions: rows 284620(-2220637); columns 314267(-1381725); elements 1084644(-6253420)
Solving the presolved LP
IPX model has 284620 rows, 314267 columns and 1084644 nonzeros
Input
    Number of variables:                                314267
    Number of free variables:                           0
    Number of constraints:                              284620
    Number of equality constraints:                     17033
    Number of matrix entries:                           1084644
    Matrix range:                                       [1e-02, 1e+00]
    RHS range:                                          [2e+05, 1e+08]
    Objective range:                                    [2e-04, 1e+07]
    Bounds range:                                       [2e+05, 1e+08]
Preprocessing
    Dualized model:                                     no
    Number of dense columns:                            0
    Range of scaling factors:                           [1.00e+00, 2.00e+00]
IPX version 1.0
Interior Point Solve
 Iter     P.res    D.res            P.obj           D.obj        mu     Time
   0   2.37e+07 1.57e+05   9.51790251e+13 -2.05369719e+17  4.49e+12       0s
   1   6.11e+06 1.12e+05   1.31346984e+17 -1.58994260e+17  2.87e+12       0s
   2   3.30e+06 8.44e+04   1.75551449e+17 -1.35328526e+17  2.58e+12       1s
   3   1.14e+06 3.88e+04   1.53145041e+17 -7.18721755e+16  1.26e+12       2s
   4   4.01e+05 1.70e+04   1.13359819e+17 -3.59583820e+16  5.85e+11       4s
   5   2.22e+05 7.55e+03   8.67607256e+16 -1.76874851e+16  3.04e+11       6s
   6   8.92e+04 2.86e+03   5.19529808e+16 -7.56121736e+15  1.35e+11      10s
 Constructing starting basis...
   7   5.60e+04 1.30e+03   3.84283161e+16 -4.17880868e+15  8.64e+10      16s
   8   3.01e+04 5.34e+02   2.24960741e+16 -1.89146695e+15  4.53e+10      20s
   9   1.44e+04 1.94e+02   1.18156008e+16 -8.16999398e+14  2.23e+10      23s
  10   5.59e+03 6.93e+01   5.04452363e+15 -3.72631214e+14  9.38e+09      26s
  11   4.11e+03 4.91e+01   4.37559021e+15 -3.26815460e+14  8.11e+09      28s
  12   1.08e+03 1.50e+01   1.24724122e+15 -1.53469600e+14  2.40e+09      30s
  13   5.95e+02 9.34e+00   9.85603210e+14 -9.67087582e+13  1.85e+09      33s
  14   3.06e+02 6.48e+00   5.66826965e+14 -6.32857425e+13  1.08e+09      36s
  15   1.93e+02 4.37e+00   3.91124246e+14 -4.09500936e+13  7.44e+08      40s
  16   1.29e+02 2.86e+00   2.81949040e+14 -2.72675310e+13  5.31e+08      42s
  17   8.34e+01 1.88e+00   1.99865478e+14 -1.90250408e+13  3.75e+08      45s
  18   4.13e+01 8.38e-01   1.35177555e+14 -1.15122745e+13  2.50e+08      47s
  19   2.52e+00 1.31e-01   5.24801108e+13 -4.30710709e+12  9.52e+07      50s
  20   6.87e-01 4.19e-03   1.86101463e+13 -4.17212647e+11  3.15e+07      52s
  21   3.30e-01 2.28e-03   1.03250287e+13 -2.78732374e+11  1.75e+07      54s
  22   9.20e-02 7.98e-04   4.19158374e+12 -1.46319073e+11  7.18e+06      57s
  23   2.96e-02 1.63e-04   1.53713937e+12 -3.37104550e+10  2.60e+06      59s
  24   1.46e-02 4.53e-05   9.29457745e+11 -1.51466516e+10  1.56e+06      61s
  25   3.68e-03 6.97e-06   3.98578483e+11 -4.23738207e+09  6.65e+05      63s
  26   9.44e-04 2.99e-07   1.55141391e+11  4.06922511e+09  2.49e+05      65s
  27   3.88e-04 1.47e-07   8.42241150e+10  5.19543560e+09  1.30e+05      67s
  28   1.71e-04 7.64e-08   4.64168307e+10  6.14689596e+09  6.65e+04      68s
  29   7.11e-05 3.45e-08   2.72005066e+10  6.77683057e+09  3.37e+04      70s
  30   2.26e-05 1.30e-08   1.54295251e+10  7.28264750e+09  1.34e+04      72s
  31   1.30e-05 4.66e-09   1.25207785e+10  7.46564671e+09  8.34e+03      74s
  32   7.63e-06 3.73e-09   1.05834783e+10  7.54649948e+09  5.01e+03      76s
  33   2.44e-06 3.73e-09   8.69898007e+09  7.57224836e+09  1.86e+03      78s
  34   9.24e-07 3.73e-09   8.09594822e+09  7.58740981e+09  8.39e+02      80s
  35   2.68e-07 2.79e-09   7.77795965e+09  7.59439435e+09  3.03e+02      82s
  36   1.67e-07 3.73e-09   7.65896251e+09  7.59826897e+09  1.00e+02      83s
  37   2.25e-07 3.73e-09   7.61725066e+09  7.59999994e+09  2.85e+01      85s
  38   3.28e-07 3.73e-09   7.60406522e+09  7.60106200e+09  4.96e+00      87s
  39   5.36e-07 3.73e-09   7.60165529e+09  7.60121302e+09  7.30e-01      88s
  40   5.66e-07 3.73e-09   7.60132622e+09  7.60124503e+09  1.34e-01      89s
  41   3.28e-07 3.73e-09   7.60126276e+09  7.60125354e+09  1.52e-02      90s
  42   7.15e-07 2.79e-09   7.60125893e+09  7.60125821e+09  1.19e-03      92s
  43   9.24e-07 2.79e-09   7.60125865e+09  7.60125855e+09  1.62e-04      93s
  44   2.65e-06 1.86e-09   7.60125859e+09  7.60125859e+09  1.38e-05      94s
  45*  2.15e-06 9.31e-10   7.60125859e+09  7.60125859e+09  1.78e-06      96s
Summary
    Runtime:                                            95.52s
    Status interior point solve:                        optimal
    Status crossover:                                   not run
    objective value:                                    7.60125859e+09
    interior solution primal residual (abs/rel):        1.97e-06 / 1.35e-14
    interior solution dual residual (abs/rel):          9.31e-10 / 9.62e-17
    interior solution objective gap (abs/rel):          8.42e-01 / 1.11e-10
Ipx: IPM       optimal
Model   status      : Optimal
IPM       iterations: 45
Objective value     :  7.6066681474e+09
HiGHS run time      :         98.27
Presolving model
365543 rows, 834006 cols, 2133206 nonzeros
292691 rows, 589340 cols, 1645237 nonzeros
292643 rows, 322488 cols, 1101146 nonzeros
284620 rows, 314267 cols, 1084644 nonzeros
Presolve : Reductions: rows 284620(-2228152); columns 314267(-1381725); elements 1084644(-6260935)
Solving the presolved LP
IPX model has 284620 rows, 314267 columns and 1084644 nonzeros
Input
    Number of variables:                                314267
    Number of free variables:                           0
    Number of constraints:                              284620
    Number of equality constraints:                     17033
    Number of matrix entries:                           1084644
    Matrix range:                                       [1e-02, 1e+00]
    RHS range:                                          [2e+05, 1e+08]
    Objective range:                                    [2e-04, 1e+07]
    Bounds range:                                       [2e+05, 1e+08]
Preprocessing
    Dualized model:                                     no
    Number of dense columns:                            0
    Range of scaling factors:                           [1.00e+00, 2.00e+00]
IPX version 1.0
Interior Point Solve
 Iter     P.res    D.res            P.obj           D.obj        mu     Time
   0   2.37e+07 1.57e+05   9.52666222e+13 -2.05369051e+17  4.49e+12       0s
   1   6.11e+06 1.12e+05   1.31352883e+17 -1.58993704e+17  2.87e+12       0s
   2   3.30e+06 8.44e+04   1.75559387e+17 -1.35327475e+17  2.58e+12       1s
   3   1.14e+06 3.88e+04   1.53150495e+17 -7.18725701e+16  1.26e+12       2s
   4   4.02e+05 1.70e+04   1.13418086e+17 -3.59572082e+16  5.85e+11       4s
   5   2.22e+05 7.54e+03   8.67917256e+16 -1.76703410e+16  3.04e+11       6s
   6   8.96e+04 2.86e+03   5.20024393e+16 -7.56253788e+15  1.35e+11      10s
 Constructing starting basis...
   7   5.60e+04 1.30e+03   3.84148563e+16 -4.19432290e+15  8.64e+10      17s
   8   3.01e+04 5.31e+02   2.24989003e+16 -1.88431614e+15  4.53e+10      20s
   9   1.45e+04 1.93e+02   1.18863622e+16 -8.19094592e+14  2.25e+10      23s
  10   5.57e+03 7.01e+01   5.01393150e+15 -3.75454953e+14  9.34e+09      25s
  11   4.11e+03 4.97e+01   4.36003069e+15 -3.28903263e+14  8.09e+09      27s
  12   1.08e+03 1.53e+01   1.23985644e+15 -1.54735273e+14  2.39e+09      29s
  13   5.97e+02 9.48e+00   9.86248636e+14 -9.70128413e+13  1.86e+09      32s
  14   3.15e+02 6.59e+00   5.78865488e+14 -6.36947662e+13  1.11e+09      36s
  15   1.99e+02 4.45e+00   3.99743886e+14 -4.14178772e+13  7.59e+08      39s
  16   1.33e+02 2.94e+00   2.88738646e+14 -2.78721638e+13  5.44e+08      41s
  17   8.49e+01 1.90e+00   2.02839058e+14 -1.91305571e+13  3.81e+08      44s
  18   4.36e+01 9.10e-01   1.37057263e+14 -1.18857143e+13  2.54e+08      46s
  19   7.01e+00 5.99e-02   6.31886172e+13 -3.66855779e+12  1.11e+08      48s
  20   1.94e+00 1.32e-02   2.13246427e+13 -1.01809538e+12  3.71e+07      51s
  21   6.83e-01 5.43e-03   1.18607987e+13 -5.94920160e+11  2.07e+07      53s
  22   3.64e-01 1.31e-03   7.25744343e+12 -2.04114139e+11  1.24e+07      55s
  23   8.58e-02 2.13e-04   2.45942607e+12 -6.42822203e+10  4.17e+06      58s
  24   4.97e-02 5.94e-05   1.48168533e+12 -1.71343386e+10  2.48e+06      60s
  25   2.33e-02 1.39e-05   8.35806708e+11 -7.47808642e+09  1.39e+06      61s
  26   1.52e-03 2.64e-06   2.00052325e+11 -9.53566803e+08  3.32e+05      63s
  27   3.15e-04 1.14e-06   1.03646308e+11  2.00227193e+09  1.68e+05      65s
  28   1.38e-04 4.58e-07   5.57350453e+10  5.00918467e+09  8.37e+04      67s
  29   3.37e-05 2.53e-07   2.42930643e+10  6.01897321e+09  3.02e+04      69s
  30   9.03e-06 7.26e-08   1.40751163e+10  7.05204358e+09  1.16e+04      71s
  31   4.65e-06 2.51e-08   1.14554144e+10  7.38160378e+09  6.72e+03      73s
  32   2.41e-06 1.12e-08   9.76051550e+09  7.50313969e+09  3.73e+03      75s
  33   8.05e-07 5.59e-09   8.41450053e+09  7.55204983e+09  1.42e+03      77s
  34   2.98e-07 3.73e-09   7.94650182e+09  7.58043709e+09  6.04e+02      79s
  35   2.68e-07 3.73e-09   7.73313924e+09  7.59289650e+09  2.31e+02      81s
  36   3.58e-07 2.79e-09   7.64596151e+09  7.59724061e+09  8.04e+01      82s
  37   2.09e-07 2.79e-09   7.61408035e+09  7.59923522e+09  2.45e+01      84s
  38   4.47e-07 3.73e-09   7.60317785e+09  7.60020448e+09  4.91e+00      85s
  39   4.17e-07 2.79e-09   7.60066691e+09  7.60041820e+09  4.11e-01      87s
  40   3.58e-07 3.73e-09   7.60050633e+09  7.60046999e+09  6.00e-02      88s
  41   2.68e-07 3.73e-09   7.60048545e+09  7.60047997e+09  9.04e-03      90s
  42   8.05e-07 1.86e-09   7.60048347e+09  7.60048240e+09  1.77e-03      91s
  43   2.03e-06 1.86e-09   7.60048323e+09  7.60048295e+09  4.53e-04      92s
  44   2.74e-06 9.31e-10   7.60048319e+09  7.60048317e+09  3.65e-05      94s
  45*  2.53e-06 9.31e-10   7.60048318e+09  7.60048318e+09  1.91e-06      95s
Summary
    Runtime:                                            95.01s
    Status interior point solve:                        optimal
    Status crossover:                                   not run
    objective value:                                    7.60048318e+09
    interior solution primal residual (abs/rel):        2.62e-06 / 1.80e-14
    interior solution dual residual (abs/rel):          9.31e-10 / 9.62e-17
    interior solution objective gap (abs/rel):          1.01e+00 / 1.33e-10
Ipx: IPM       optimal
Model   status      : Optimal
IPM       iterations: 45
Objective value     :  7.6058927411e+09
HiGHS run time      :         98.05
[ Info: Rolling step not specified in scenaio.yaml file; Setting it to 15 years
[ Info: Demand-pathway mapping not specified in scenaio.yaml file; SERA will not look for eligible pathways for different demand types.
[ Info: Production capacity constraints from the grid model not defined. SERA will not create these constraints
[ Info: Regional technology limits not specified in scenaio.yaml file; SERA will not create these constraints
STARTING DATA PRE-PROCESSING 
Processing Temporal Data
Processing Nodes
Processing Demand
Processing Existings
Processing Links
Processing Pathways
Creating Infrastructure options
  4.835640 seconds (32.83 M allocations: 3.874 GiB, 25.51% gc time, 1.67% compilation time)

OPTIMIZING FROM 2026 TO 2040 

STARTING OPTIMIZATION MODEL CREATION
CREATING VARIABLES AND EXPRESSIONS
 16.633369 seconds (136.55 M allocations: 8.369 GiB, 33.68% gc time, 35.34% compilation time)
POPULATING EXPRESSIONS
 33.877376 seconds (153.10 M allocations: 23.707 GiB, 9.06% gc time, 0.54% compilation time)
CREATING CONSTRAINTS
  8.888699 seconds (76.04 M allocations: 3.919 GiB, 12.15% gc time, 8.72% compilation time)
POPULATED CORE OPTIMIZATION MODEL, STARTING ITERATIONS
READING COST DATA FOR ITERATION 1
 16.078302 seconds (65.79 M allocations: 6.209 GiB, 5.39% gc time, 2.21% compilation time)
CREATING EXPRESSIONS FOR CAPITAL AND FIXED COST
 45.257128 seconds (98.36 M allocations: 6.293 GiB, 81.95% gc time, 2.92% compilation time)
BUILDING OBJECTIVE FUNCTION
  8.071268 seconds (26.38 M allocations: 884.970 MiB, 51.28% gc time, 13.87% compilation time)
Optimizing for iteration 1
259.707634 seconds (26.88 M allocations: 2.502 GiB, 11.06% gc time, 0.01% compilation time)
OPTIMAL
4.972180677200008e9
ϵ =  1.0
READING COST DATA FOR ITERATION 2
128.942979 seconds (53.93 M allocations: 5.995 GiB, 40.20% gc time, 0.01% compilation time)
CREATING EXPRESSIONS FOR CAPITAL AND FIXED COST
117.010986 seconds (96.76 M allocations: 6.190 GiB, 93.63% gc time, 0.01% compilation time)
BUILDING OBJECTIVE FUNCTION
  9.275575 seconds (25.08 M allocations: 818.641 MiB, 64.45% gc time)
Optimizing for iteration 2
 91.913963 seconds (5 allocations: 32 bytes)
OPTIMAL
9.292619388130928e9
ϵ =  0.464932279099852
READING COST DATA FOR ITERATION 3
128.282513 seconds (53.68 M allocations: 5.933 GiB, 41.42% gc time)
CREATING EXPRESSIONS FOR CAPITAL AND FIXED COST
117.461855 seconds (96.76 M allocations: 6.190 GiB, 92.47% gc time)
BUILDING OBJECTIVE FUNCTION
 10.404822 seconds (25.08 M allocations: 818.641 MiB, 63.58% gc time)
Optimizing for iteration 3
 97.410213 seconds (2 allocations: 32 bytes)
OPTIMAL
7.729415002233505e9
ϵ =  0.2022409697818376
READING COST DATA FOR ITERATION 4
134.228283 seconds (53.66 M allocations: 5.932 GiB, 43.52% gc time)
CREATING EXPRESSIONS FOR CAPITAL AND FIXED COST
120.986811 seconds (96.76 M allocations: 6.190 GiB, 93.78% gc time)
BUILDING OBJECTIVE FUNCTION
  9.559980 seconds (25.08 M allocations: 818.641 MiB, 64.57% gc time)
Optimizing for iteration 4
 97.610456 seconds (2 allocations: 32 bytes)
OPTIMAL
7.63602322912866e9
ϵ =  0.012230420246578768
READING COST DATA FOR ITERATION 5
130.138620 seconds (53.65 M allocations: 5.987 GiB, 42.12% gc time)
CREATING EXPRESSIONS FOR CAPITAL AND FIXED COST
121.659905 seconds (96.76 M allocations: 6.190 GiB, 92.76% gc time)
BUILDING OBJECTIVE FUNCTION
 10.757427 seconds (25.08 M allocations: 818.641 MiB, 64.43% gc time)
Optimizing for iteration 5
 98.297722 seconds (2 allocations: 32 bytes)
OPTIMAL
7.606668147439423e9
ϵ =  0.003859124799468987
READING COST DATA FOR ITERATION 6
134.671185 seconds (53.65 M allocations: 5.956 GiB, 44.18% gc time)
CREATING EXPRESSIONS FOR CAPITAL AND FIXED COST
120.454505 seconds (96.76 M allocations: 6.190 GiB, 93.68% gc time)
BUILDING OBJECTIVE FUNCTION
  9.706559 seconds (25.08 M allocations: 818.641 MiB, 64.91% gc time)
Optimizing for iteration 6
 98.083888 seconds (2 allocations: 32 bytes)
OPTIMAL
7.605892741139009e9
ϵ =  0.00010194809822675219
ITERATIONS COMPLETED
WRITING RESULTS TO FILE
  9.149678 seconds (20.45 M allocations: 893.554 MiB, 71.07% gc time, 8.18% compilation time)

THE OPTIMIZATION PROBLEM TOOK 37.31 MINUTES TO SOLVE. 
