Running HiGHS 1.6.0: Copyright (c) 2023 HiGHS under MIT licence terms
Presolving model
1210152 rows, 2661521 cols, 6797102 nonzeros
926965 rows, 1796878 cols, 5065770 nonzeros
918806 rows, 1035157 cols, 3538499 nonzeros
909274 rows, 1024965 cols, 3518130 nonzeros
Presolve : Reductions: rows 909274(-9335668); columns 1024965(-5890097); elements 3518130(-35757229)
Solving the presolved LP
IPX model has 909274 rows, 1024965 columns and 3518130 nonzeros
Input
    Number of variables:                                1024965
    Number of free variables:                           0
    Number of constraints:                              909274
    Number of equality constraints:                     56183
    Number of matrix entries:                           3518130
    Matrix range:                                       [1e-02, 1e+00]
    RHS range:                                          [2e+05, 1e+08]
    Objective range:                                    [2e-04, 3e+02]
    Bounds range:                                       [7e+05, 1e+08]
Preprocessing
    Dualized model:                                     no
    Number of dense columns:                            0
    Range of scaling factors:                           [1.00e+00, 2.00e+00]
IPX version 1.0
Interior Point Solve
 Iter     P.res    D.res            P.obj           D.obj        mu     Time
   0   1.66e+07 6.74e+01   7.99401900e+09 -2.07412166e+14  1.23e+09       1s
   1   5.28e+06 5.26e+01   1.68838410e+13 -1.72242696e+14  1.03e+09       2s
   2   2.68e+06 4.31e+01   2.79354720e+13 -1.55750699e+14  1.11e+09       5s
   3   1.08e+06 1.72e+01   2.87562421e+13 -6.92206573e+13  4.66e+08       9s
   4   5.28e+05 1.12e+01   2.99481424e+13 -5.15485402e+13  3.40e+08      15s
   5   2.20e+05 5.99e+00   2.80965558e+13 -3.19702217e+13  1.98e+08      25s
 Constructing starting basis...
   6   4.43e+04 2.96e+00   2.34426528e+13 -1.83224790e+13  1.10e+08      53s
   7   5.07e+03 1.09e+00   1.53684100e+13 -7.21197106e+12  4.09e+07      71s
   8   8.60e+02 3.87e-01   9.18905265e+12 -2.74178441e+12  1.47e+07      96s
   9   3.45e+02 1.66e-01   6.99971057e+12 -1.53904799e+12  7.69e+06     120s
  10   2.44e+02 7.38e-02   5.84279671e+12 -8.44760818e+11  4.75e+06     146s
  11   1.85e+02 4.80e-02   5.09718260e+12 -6.54646489e+11  3.74e+06     171s
  12   1.32e+02 2.33e-02   3.90756624e+12 -3.55493499e+11  2.49e+06     192s
  13   6.41e+01 8.38e-03   2.09187743e+12 -1.42396251e+11  1.21e+06     213s
  14   1.82e+01 2.59e-03   7.48601633e+11 -5.32668611e+10  4.17e+05     231s
  15   7.36e+00 6.47e-04   4.30144806e+11 -2.37788045e+10  2.32e+05     248s
  16   3.11e+00 2.85e-04   2.36168818e+11 -1.28303903e+10  1.27e+05     264s
  17   1.93e+00 1.19e-04   1.94083440e+11 -8.03428200e+09  1.03e+05     281s
  18   1.62e-01 4.65e-05   1.03677099e+11 -3.82027423e+09  5.46e+04     300s
  19   9.31e-02 2.45e-05   8.71208582e+10 -9.81081499e+08  4.47e+04     324s
  20   6.48e-02 1.72e-05   6.80215225e+10  1.07620841e+09  3.40e+04     351s
  21   5.06e-02 1.09e-05   5.87807787e+10  2.75250074e+09  2.84e+04     375s
  22   3.21e-02 7.03e-06   4.39609137e+10  4.04600200e+09  2.03e+04     401s
  23   1.70e-02 3.99e-06   3.50381078e+10  4.74497726e+09  1.54e+04     432s
  24   1.22e-02 2.59e-06   2.92043719e+10  5.47925940e+09  1.20e+04     462s
  25   1.09e-02 1.83e-06   2.79218592e+10  5.75156004e+09  1.13e+04     496s
  26   9.63e-03 1.68e-06   2.65363553e+10  5.81432302e+09  1.05e+04     525s
  27   7.72e-03 6.97e-07   2.50053921e+10  6.08074688e+09  9.60e+03     550s
  28   5.58e-03 4.50e-07   2.14103188e+10  6.40115784e+09  7.62e+03     577s
  29   5.22e-03 3.61e-07   2.11276880e+10  6.41034812e+09  7.47e+03     608s
  30   3.11e-03 2.43e-07   1.65927987e+10  6.66643685e+09  5.04e+03     633s
  31   2.85e-03 1.60e-07   1.64180174e+10  6.69001448e+09  4.94e+03     663s
  32   2.24e-03 1.04e-07   1.47876812e+10  6.90331935e+09  4.00e+03     686s
  33   1.56e-03 7.11e-08   1.39246099e+10  6.92997662e+09  3.55e+03     713s
  34   9.26e-04 4.60e-08   1.15936148e+10  7.07931248e+09  2.29e+03     734s
  35   6.23e-04 2.56e-08   1.07187110e+10  7.16901416e+09  1.80e+03     763s
  36   3.87e-04 1.97e-08   9.79523352e+09  7.20803484e+09  1.31e+03     787s
  37   2.97e-04 1.17e-08   9.44010494e+09  7.26202262e+09  1.11e+03     810s
  38   2.46e-04 4.72e-09   9.31607012e+09  7.28636517e+09  1.03e+03     832s
  39   1.74e-04 2.38e-09   8.92580206e+09  7.32654020e+09  8.12e+02     850s
  40   1.23e-04 1.61e-09   8.65231565e+09  7.33853428e+09  6.67e+02     869s
  41   9.53e-05 9.90e-10   8.44261595e+09  7.35689984e+09  5.51e+02     887s
  42   6.44e-05 4.47e-10   8.34037651e+09  7.35587312e+09  5.00e+02     903s
  43   5.29e-05 3.57e-10   8.20818588e+09  7.36394479e+09  4.28e+02     920s
  44   9.89e-06 1.37e-10   7.86777534e+09  7.37512908e+09  2.50e+02     936s
  45   6.62e-06 1.03e-10   7.78965840e+09  7.37994851e+09  2.08e+02     954s
  46   2.53e-06 6.84e-11   7.63967783e+09  7.38713371e+09  1.28e+02     970s
  47   1.97e-06 4.46e-11   7.62199910e+09  7.39160540e+09  1.17e+02     987s
  48   1.04e-06 2.09e-11   7.55910834e+09  7.39904986e+09  8.12e+01    1002s
  49   5.66e-07 1.63e-11   7.51682586e+09  7.40072023e+09  5.89e+01    1017s
  50   1.49e-07 1.07e-11   7.47453623e+09  7.40309833e+09  3.63e+01    1032s
  51   9.69e-08 5.74e-12   7.45629623e+09  7.40599705e+09  2.55e+01    1047s
  52   8.94e-08 4.49e-12   7.45427371e+09  7.40680175e+09  2.41e+01    1063s
  53   1.09e-07 2.05e-12   7.43469312e+09  7.40900140e+09  1.30e+01    1077s
  54   1.57e-07 6.82e-13   7.42469982e+09  7.41017977e+09  7.37e+00    1091s
  55   7.38e-08 4.55e-13   7.41828563e+09  7.41052474e+09  3.94e+00    1105s
  56   1.08e-07 3.41e-13   7.41668367e+09  7.41070588e+09  3.03e+00    1118s
  57   9.90e-08 1.71e-13   7.41550708e+09  7.41096590e+09  2.30e+00    1131s
  58   1.29e-07 1.14e-13   7.41277756e+09  7.41111659e+09  8.43e-01    1144s
  59   7.38e-08 1.14e-13   7.41167741e+09  7.41120179e+09  2.41e-01    1156s
  60   7.27e-08 1.14e-13   7.41126671e+09  7.41124806e+09  9.47e-03    1170s
  61   6.63e-08 1.14e-13   7.41125577e+09  7.41125375e+09  1.02e-03    1184s
  62   1.36e-07 1.14e-13   7.41125543e+09  7.41125505e+09  1.95e-04    1199s
  63   8.72e-08 1.14e-13   7.41125540e+09  7.41125537e+09  1.37e-05    1214s
  64*  1.49e-07 1.71e-13   7.41125539e+09  7.41125539e+09  1.76e-06    1228s
Summary
    Runtime:                                            1228.37s
    Status interior point solve:                        optimal
    Status crossover:                                   not run
    objective value:                                    7.41125539e+09
    interior solution primal residual (abs/rel):        1.49e-07 / 1.02e-15
    interior solution dual residual (abs/rel):          1.86e-10 / 5.59e-13
    interior solution objective gap (abs/rel):          3.48e+00 / 4.70e-10
Ipx: IPM       optimal
Model   status      : Optimal
IPM       iterations: 64
Objective value     :  7.4112553928e+09
HiGHS run time      :       1242.90
Presolving model
1210152 rows, 2661521 cols, 6797102 nonzeros
926965 rows, 1796878 cols, 5065770 nonzeros
918806 rows, 1035157 cols, 3538499 nonzeros
909274 rows, 1024965 cols, 3518130 nonzeros
Presolve : Reductions: rows 909274(-9365728); columns 1024965(-5890097); elements 3518130(-35787289)
Solving the presolved LP
IPX model has 909274 rows, 1024965 columns and 3518130 nonzeros
Input
    Number of variables:                                1024965
    Number of free variables:                           0
    Number of constraints:                              909274
    Number of equality constraints:                     56183
    Number of matrix entries:                           3518130
    Matrix range:                                       [1e-02, 1e+00]
    RHS range:                                          [2e+05, 1e+08]
    Objective range:                                    [2e-04, 1e+07]
    Bounds range:                                       [7e+05, 1e+08]
Preprocessing
    Dualized model:                                     no
    Number of dense columns:                            0
    Range of scaling factors:                           [1.00e+00, 2.00e+00]
IPX version 1.0
Interior Point Solve
 Iter     P.res    D.res            P.obj           D.obj        mu     Time
   0   1.66e+07 2.86e+06   2.13310061e+14 -8.80298507e+18  5.22e+13       0s
   1   5.44e+06 2.26e+06   7.29982330e+17 -7.37735869e+18  4.43e+13       2s
   2   2.72e+06 1.83e+06   1.20948067e+18 -6.63827207e+18  4.75e+13       5s
   3   1.10e+06 7.36e+05   1.24710933e+18 -2.99425614e+18  2.01e+13       9s
   4   5.40e+05 4.76e+05   1.29282424e+18 -2.22285190e+18  1.46e+13      15s
   5   2.35e+05 2.61e+05   1.21732982e+18 -1.41176043e+18  8.68e+12      24s
 Constructing starting basis...
   6   6.77e+04 1.38e+05   1.05665329e+18 -8.71852245e+17  5.20e+12      52s
   7   5.71e+03 4.89e+04   6.85262522e+17 -3.35269667e+17  1.85e+12      70s
   8   5.71e-03 2.08e+04   3.84960830e+17 -1.60978377e+17  7.46e+11      87s
   9   2.67e-03 8.35e+03   3.01777926e+17 -7.87466833e+16  3.62e+11     106s
  10   2.23e-03 4.35e+03   2.83445476e+17 -5.29212221e+16  2.57e+11     129s
  11   8.51e-04 1.87e+03   1.70455635e+17 -2.83250046e+16  1.29e+11     153s
  12   6.81e-04 8.88e+02   1.52810160e+17 -1.84111813e+16  9.96e+10     178s
  13   3.91e-04 6.11e+02   9.47507559e+16 -1.30745429e+16  6.13e+10     201s
  14   2.38e-04 1.89e+02   6.43564582e+16 -5.11940895e+15  3.70e+10     222s
  15   7.44e-05 6.17e+01   2.29551620e+16 -1.87237445e+15  1.30e+10     241s
  16   3.21e-05 2.01e+01   1.12964038e+16 -7.40708517e+14  6.23e+09     259s
  17   1.30e-05 1.23e+01   7.89559634e+15 -6.29988255e+14  4.45e+09     276s
  18   2.77e-06 7.61e+00   2.64236697e+15 -4.26905886e+14  1.64e+09     294s
  19   1.31e-06 4.33e+00   1.77396724e+15 -2.71379171e+14  1.09e+09     311s
  20   5.96e-07 2.16e+00   8.68075154e+14 -1.50896847e+14  5.45e+08     329s
  21   6.56e-07 1.08e+00   3.11722226e+14 -7.98864514e+13  2.13e+08     349s
  22   7.15e-07 4.80e-01   8.85051570e+13 -3.79368208e+13  7.02e+07     369s
  23   5.96e-07 1.88e-01   4.06484840e+13 -1.54387076e+13  3.07e+07     388s
  24   5.96e-07 4.21e-02   1.97588639e+13 -4.03457784e+12  1.26e+07     406s
  25   5.36e-07 2.45e-02   1.20165863e+13 -2.52198257e+12  7.63e+06     424s
  26   4.77e-07 1.08e-02   8.01278431e+12 -1.23007353e+12  4.79e+06     441s
  27   5.36e-07 6.12e-03   5.33877678e+12 -7.62138567e+11  3.15e+06     458s
  28   5.96e-07 3.50e-03   2.64630161e+12 -4.73307353e+11  1.60e+06     475s
  29   5.96e-07 1.90e-03   1.89189300e+12 -2.72248953e+11  1.11e+06     492s
  30   3.58e-07 1.33e-03   1.46195237e+12 -2.00328186e+11  8.49e+05     508s
  31   3.58e-07 8.05e-04   1.17341824e+12 -1.31606429e+11  6.65e+05     523s
  32   4.17e-07 3.73e-04   9.07518322e+11 -6.82859168e+10  4.96e+05     538s
  33   3.58e-07 1.84e-04   7.27386544e+11 -3.21038814e+10  3.86e+05     552s
  34   3.58e-07 1.30e-04   6.26402320e+11 -2.52641969e+10  3.31e+05     567s
  35   2.38e-07 9.29e-05   4.60774586e+11 -1.57667197e+10  2.42e+05     580s
  36   1.86e-07 4.10e-05   3.30667309e+11 -8.38068017e+08  1.68e+05     594s
  37   1.79e-07 2.05e-05   2.16616809e+11  6.66212087e+09  1.07e+05     608s
  38   2.68e-07 1.21e-05   1.56784151e+11  9.21010078e+09  7.49e+04     622s
  39   1.79e-07 7.54e-06   7.92314057e+10  1.21154957e+10  3.41e+04     634s
  40   1.52e-07 4.99e-06   6.47543968e+10  1.34898657e+10  2.60e+04     648s
  41   1.19e-07 2.36e-06   3.76786667e+10  1.57937489e+10  1.11e+04     660s
  42   1.49e-07 1.12e-06   2.89014820e+10  1.69521836e+10  6.06e+03     674s
  43   1.61e-07 4.68e-07   2.32469021e+10  1.77140656e+10  2.81e+03     686s
  44   2.98e-07 1.92e-07   2.07309808e+10  1.80479737e+10  1.36e+03     698s
  45   3.28e-07 7.64e-08   1.94096299e+10  1.82063514e+10  6.11e+02     710s
  46   2.98e-07 2.79e-08   1.87882345e+10  1.82878336e+10  2.54e+02     722s
  47   2.38e-07 1.12e-08   1.85173882e+10  1.83197790e+10  1.00e+02     734s
  48   2.98e-07 5.59e-09   1.83957171e+10  1.83326302e+10  3.20e+01     745s
  49   2.38e-07 3.73e-09   1.83541439e+10  1.83364531e+10  8.98e+00     755s
  50   2.68e-07 3.73e-09   1.83418138e+10  1.83378342e+10  2.02e+00     765s
  51   2.09e-07 3.73e-09   1.83384257e+10  1.83380675e+10  1.82e-01     774s
  52   1.79e-07 3.73e-09   1.83383008e+10  1.83380904e+10  1.07e-01     783s
  53   2.09e-07 3.73e-09   1.83381214e+10  1.83381024e+10  9.61e-03     792s
  54   4.17e-07 3.73e-09   1.83381137e+10  1.83381051e+10  4.38e-03     802s
  55   1.75e-07 3.73e-09   1.83381089e+10  1.83381061e+10  1.41e-03     812s
  56   2.74e-07 3.73e-09   1.83381073e+10  1.83381070e+10  1.74e-04     821s
  57   7.75e-07 1.86e-09   1.83381071e+10  1.83381071e+10  1.26e-05     831s
  58*  9.24e-07 1.86e-09   1.83381071e+10  1.83381071e+10  9.30e-07     840s
Summary
    Runtime:                                            840.56s
    Status interior point solve:                        optimal
    Status crossover:                                   not run
    objective value:                                    1.83381071e+10
    interior solution primal residual (abs/rel):        1.43e-06 / 9.80e-15
    interior solution dual residual (abs/rel):          9.31e-10 / 9.62e-17
    interior solution objective gap (abs/rel):          1.22e+00 / 6.64e-11
Ipx: IPM       optimal
Model   status      : Optimal
IPM       iterations: 58
Objective value     :  1.8338107136e+10
HiGHS run time      :        852.91
Presolving model
1210152 rows, 2661521 cols, 6797102 nonzeros
926965 rows, 1796878 cols, 5065770 nonzeros
918806 rows, 1035157 cols, 3538499 nonzeros
909274 rows, 1024965 cols, 3518130 nonzeros
Presolve : Reductions: rows 909274(-9395788); columns 1024965(-5890097); elements 3518130(-35817349)
Solving the presolved LP
IPX model has 909274 rows, 1024965 columns and 3518130 nonzeros
Input
    Number of variables:                                1024965
    Number of free variables:                           0
    Number of constraints:                              909274
    Number of equality constraints:                     56183
    Number of matrix entries:                           3518130
    Matrix range:                                       [1e-02, 1e+00]
    RHS range:                                          [2e+05, 1e+08]
    Objective range:                                    [2e-04, 1e+07]
    Bounds range:                                       [7e+05, 1e+08]
Preprocessing
    Dualized model:                                     no
    Number of dense columns:                            0
    Range of scaling factors:                           [1.00e+00, 2.00e+00]
IPX version 1.0
Interior Point Solve
 Iter     P.res    D.res            P.obj           D.obj        mu     Time
   0   1.66e+07 2.86e+06   2.21650699e+14 -8.79483671e+18  5.21e+13       0s
   1   5.44e+06 2.25e+06   7.36217243e+17 -7.37025492e+18  4.42e+13       2s
   2   2.72e+06 1.83e+06   1.21975560e+18 -6.63214264e+18  4.75e+13       5s
   3   1.09e+06 7.35e+05   1.25834061e+18 -2.99144157e+18  2.01e+13       9s
   4   5.38e+05 4.76e+05   1.30503861e+18 -2.22054153e+18  1.46e+13      15s
   5   2.33e+05 2.60e+05   1.22953224e+18 -1.40802264e+18  8.66e+12      24s
 Constructing starting basis...
   6   6.59e+04 1.37e+05   1.06615277e+18 -8.65650081e+17  5.16e+12      53s
   7   5.51e+03 4.89e+04   6.93181774e+17 -3.34648118e+17  1.84e+12      71s
   8   5.51e-03 2.07e+04   3.89833622e+17 -1.59828854e+17  7.38e+11      89s
   9   2.59e-03 8.35e+03   3.06084932e+17 -7.85081350e+16  3.61e+11     107s
  10   2.16e-03 4.35e+03   2.87334558e+17 -5.26982507e+16  2.56e+11     130s
  11   8.32e-04 1.87e+03   1.73144684e+17 -2.82331572e+16  1.29e+11     149s
  12   6.66e-04 8.81e+02   1.55128516e+17 -1.82449795e+16  1.00e+11     172s
  13   3.87e-04 6.04e+02   9.71298678e+16 -1.29185215e+16  6.19e+10     192s
  14   2.35e-04 1.87e+02   6.53918255e+16 -5.02212879e+15  3.72e+10     210s
  15   7.53e-05 6.75e+01   2.37059614e+16 -1.97301554e+15  1.34e+10     226s
  16   5.77e-05 4.15e+01   1.87890377e+16 -1.28557313e+15  1.04e+10     244s
  17   2.66e-05 2.32e+01   9.23315907e+15 -7.38923830e+14  5.17e+09     258s
  18   1.14e-05 1.16e+01   5.34296990e+15 -4.57591473e+14  3.01e+09     272s
  19   4.05e-06 6.59e+00   2.52336202e+15 -2.82484824e+14  1.47e+09     287s
  20   2.41e-06 3.97e+00   1.69368046e+15 -1.76766651e+14  9.76e+08     303s
  21   1.43e-06 2.90e+00   1.05811783e+15 -1.30566773e+14  6.23e+08     319s
  22   8.94e-07 1.66e+00   7.08440858e+14 -7.84322609e+13  4.11e+08     335s
  23   4.17e-07 1.06e+00   3.48587194e+14 -5.18242668e+13  2.11e+08     350s
  24   4.77e-07 3.88e-01   1.51287908e+14 -2.36827718e+13  9.22e+07     365s
  25   4.47e-07 1.81e-01   6.34851155e+13 -1.15391854e+13  3.96e+07     381s
  26   4.77e-07 7.46e-02   4.45225403e+13 -5.31002334e+12  2.59e+07     396s
  27   4.17e-07 3.03e-02   1.96135125e+13 -2.28135388e+12  1.13e+07     411s
  28   4.77e-07 8.79e-03   1.32846774e+13 -8.72399090e+11  7.25e+06     426s
  29   4.77e-07 4.44e-03   8.37956602e+12 -4.92694222e+11  4.53e+06     441s
  30   5.36e-07 1.54e-03   4.40758552e+12 -2.22966755e+11  2.36e+06     455s
  31   2.98e-07 6.52e-04   3.08805172e+12 -1.04829329e+11  1.62e+06     469s
  32   4.77e-07 1.99e-04   1.39285494e+12 -6.15215415e+10  7.39e+05     483s
  33   4.47e-07 9.61e-05   5.84650183e+11 -3.56984356e+10  3.15e+05     497s
  34   2.83e-07 3.61e-05   3.88546894e+11 -1.21497440e+10  2.03e+05     511s
  35   1.94e-07 1.19e-05   2.15850183e+11  2.33565872e+09  1.08e+05     525s
  36   1.79e-07 6.10e-06   1.62842741e+11  5.39188475e+09  7.99e+04     539s
  37   1.28e-07 2.72e-06   6.21507396e+10  9.87399481e+09  2.65e+04     553s
  38   3.58e-07 1.37e-06   3.76282153e+10  1.17621975e+10  1.31e+04     567s
  39   2.09e-07 5.31e-07   2.77139927e+10  1.28540362e+10  7.54e+03     580s
  40   2.98e-07 1.55e-07   2.02318620e+10  1.38058303e+10  3.26e+03     593s
  41   1.49e-07 6.33e-08   1.71730148e+10  1.40660806e+10  1.58e+03     606s
  42   2.38e-07 2.61e-08   1.54314527e+10  1.41915278e+10  6.29e+02     619s
  43   1.94e-07 1.02e-08   1.47905921e+10  1.42444197e+10  2.77e+02     630s
  44   1.49e-07 5.59e-09   1.44867452e+10  1.42657141e+10  1.12e+02     641s
  45   1.79e-07 3.73e-09   1.43341993e+10  1.42747977e+10  3.01e+01     652s
  46   2.68e-07 3.73e-09   1.42910592e+10  1.42792269e+10  6.00e+00     664s
  47   1.73e-07 3.73e-09   1.42828922e+10  1.42797373e+10  1.60e+00     674s
  48   2.68e-07 3.73e-09   1.42804852e+10  1.42799016e+10  2.96e-01     683s
  49   2.68e-07 3.73e-09   1.42799756e+10  1.42799267e+10  2.48e-02     693s
  50   3.58e-07 3.73e-09   1.42799346e+10  1.42799301e+10  2.27e-03     702s
  51   2.76e-07 3.73e-09   1.42799316e+10  1.42799310e+10  3.07e-04     713s
  52   2.00e-06 1.86e-09   1.42799313e+10  1.42799312e+10  2.13e-05     724s
  53*  1.55e-06 1.86e-09   1.42799313e+10  1.42799313e+10  1.67e-06     734s
Summary
    Runtime:                                            734.46s
    Status interior point solve:                        optimal
    Status crossover:                                   not run
    objective value:                                    1.42799313e+10
    interior solution primal residual (abs/rel):        1.22e-06 / 8.37e-15
    interior solution dual residual (abs/rel):          9.31e-10 / 9.62e-17
    interior solution objective gap (abs/rel):          2.71e+00 / 1.90e-10
Ipx: IPM       optimal
Model   status      : Optimal
IPM       iterations: 53
Objective value     :  1.4279931259e+10
HiGHS run time      :        746.74
Presolving model
1210152 rows, 2661521 cols, 6797102 nonzeros
926965 rows, 1796878 cols, 5065770 nonzeros
918806 rows, 1035157 cols, 3538499 nonzeros
909274 rows, 1024965 cols, 3518130 nonzeros
Presolve : Reductions: rows 909274(-9425848); columns 1024965(-5890097); elements 3518130(-35847409)
Solving the presolved LP
IPX model has 909274 rows, 1024965 columns and 3518130 nonzeros
Input
    Number of variables:                                1024965
    Number of free variables:                           0
    Number of constraints:                              909274
    Number of equality constraints:                     56183
    Number of matrix entries:                           3518130
    Matrix range:                                       [1e-02, 1e+00]
    RHS range:                                          [2e+05, 1e+08]
    Objective range:                                    [2e-04, 1e+07]
    Bounds range:                                       [7e+05, 1e+08]
Preprocessing
    Dualized model:                                     no
    Number of dense columns:                            0
    Range of scaling factors:                           [1.00e+00, 2.00e+00]
IPX version 1.0
Interior Point Solve
 Iter     P.res    D.res            P.obj           D.obj        mu     Time
   0   1.66e+07 2.86e+06   2.21998647e+14 -8.79489752e+18  5.21e+13       0s
   1   5.44e+06 2.25e+06   7.36423523e+17 -7.37029009e+18  4.42e+13       2s
   2   2.72e+06 1.83e+06   1.22014872e+18 -6.63217636e+18  4.75e+13       5s
   3   1.09e+06 7.35e+05   1.25875410e+18 -2.99150655e+18  2.01e+13       9s
   4   5.38e+05 4.76e+05   1.30548085e+18 -2.22065898e+18  1.46e+13      15s
   5   2.33e+05 2.60e+05   1.22996713e+18 -1.40802037e+18  8.66e+12      24s
 Constructing starting basis...
   6   6.59e+04 1.37e+05   1.06652064e+18 -8.65602207e+17  5.16e+12      52s
   7   5.61e+03 4.88e+04   6.94031777e+17 -3.34176385e+17  1.84e+12      70s
   8   5.61e-03 2.07e+04   3.89980525e+17 -1.59678070e+17  7.38e+11      89s
   9   2.64e-03 8.34e+03   3.06234618e+17 -7.84729069e+16  3.60e+11     108s
  10   2.20e-03 4.33e+03   2.87389512e+17 -5.25945820e+16  2.56e+11     130s
  11   8.49e-04 1.87e+03   1.73661804e+17 -2.82364967e+16  1.29e+11     151s
  12   6.77e-04 9.01e+02   1.55216690e+17 -1.84470672e+16  1.00e+11     175s
  13   3.88e-04 6.14e+02   9.61438553e+16 -1.30009407e+16  6.15e+10     195s
  14   2.17e-04 1.66e+02   6.12580525e+16 -4.59593582e+15  3.47e+10     213s
  15   6.25e-05 6.22e+01   2.05636492e+16 -1.89816282e+15  1.17e+10     230s
  16   4.35e-05 3.79e+01   1.51146190e+16 -1.22054753e+15  8.48e+09     246s
  17   1.72e-05 2.17e+01   6.84729128e+15 -7.31460798e+14  3.95e+09     261s
  18   6.35e-06 1.02e+01   4.06520987e+15 -4.32517915e+14  2.34e+09     276s
  19   2.59e-06 6.08e+00   2.00618745e+15 -2.64893231e+14  1.19e+09     293s
  20   1.10e-06 3.99e+00   1.22091166e+15 -1.84169966e+14  7.43e+08     309s
  21   4.17e-07 2.56e+00   5.40644083e+14 -1.20989874e+14  3.56e+08     327s
  22   5.66e-07 1.82e+00   2.91623049e+14 -8.77087855e+13  2.07e+08     344s
  23   3.58e-07 7.91e-01   1.37403758e+14 -4.12059644e+13  9.73e+07     361s
  24   4.17e-07 4.23e-01   6.89179097e+13 -2.27517595e+13  5.01e+07     379s
  25   5.07e-07 8.50e-02   3.56814081e+13 -5.36140690e+12  2.15e+07     396s
  26   4.17e-07 3.47e-02   1.84978616e+13 -2.31119438e+12  1.08e+07     413s
  27   5.36e-07 9.42e-03   1.19649995e+13 -7.56401430e+11  6.52e+06     429s
  28   4.17e-07 2.74e-03   6.39426263e+12 -2.80710223e+11  3.40e+06     445s
  29   4.77e-07 8.01e-04   3.28990565e+12 -1.51831345e+11  1.75e+06     460s
  30   7.15e-07 3.33e-04   1.82059648e+12 -1.11098026e+11  9.82e+05     477s
  31   5.96e-07 1.52e-04   8.45214643e+11 -6.40675230e+10  4.62e+05     493s
  32   5.36e-07 4.68e-05   4.81438980e+11 -2.00053524e+10  2.55e+05     509s
  33   3.58e-07 1.58e-05   3.01101315e+11 -3.06035574e+09  1.54e+05     524s
  34   1.94e-07 6.31e-06   1.77344501e+11  3.50578877e+09  8.82e+04     539s
  35   3.58e-07 2.44e-06   9.78339878e+10  8.41958754e+09  4.54e+04     554s
  36   1.44e-07 9.73e-07   6.29128063e+10  1.04742789e+10  2.66e+04     568s
  37   2.98e-07 2.58e-07   3.46197977e+10  1.24505133e+10  1.13e+04     582s
  38   2.38e-07 9.87e-08   2.17082807e+10  1.31604304e+10  4.34e+03     596s
  39   3.58e-07 3.54e-08   1.74036668e+10  1.35070246e+10  1.98e+03     609s
  40   3.87e-07 1.30e-08   1.54330658e+10  1.36476233e+10  9.06e+02     622s
  41   2.38e-07 7.45e-09   1.44545192e+10  1.37053618e+10  3.80e+02     636s
  42   2.68e-07 5.59e-09   1.40261794e+10  1.37442599e+10  1.43e+02     648s
  43   1.64e-07 3.73e-09   1.38514768e+10  1.37576996e+10  4.76e+01     660s
  44   2.38e-07 3.73e-09   1.37874362e+10  1.37657365e+10  1.10e+01     672s
  45   2.09e-07 3.73e-09   1.37733124e+10  1.37679853e+10  2.70e+00     683s
  46   2.83e-07 3.73e-09   1.37698682e+10  1.37686944e+10  5.96e-01     695s
  47   2.38e-07 3.73e-09   1.37688883e+10  1.37688180e+10  3.57e-02     706s
  48   2.38e-07 3.73e-09   1.37688510e+10  1.37688385e+10  6.34e-03     718s
  49   5.22e-07 3.73e-09   1.37688481e+10  1.37688458e+10  1.12e-03     732s
  50   8.94e-07 1.86e-09   1.37688477e+10  1.37688476e+10  7.25e-05     745s
  51   1.97e-06 1.86e-09   1.37688477e+10  1.37688477e+10  1.19e-05     757s
  52*  6.26e-07 1.86e-09   1.37688477e+10  1.37688477e+10  1.48e-06     766s
Summary
    Runtime:                                            765.81s
    Status interior point solve:                        optimal
    Status crossover:                                   not run
    objective value:                                    1.37688477e+10
    interior solution primal residual (abs/rel):        4.47e-07 / 3.06e-15
    interior solution dual residual (abs/rel):          9.31e-10 / 9.62e-17
    interior solution objective gap (abs/rel):          1.99e+00 / 1.45e-10
Ipx: IPM       optimal
Model   status      : Optimal
IPM       iterations: 52
Objective value     :  1.3768847683e+10
HiGHS run time      :        778.18
Presolving model
1210152 rows, 2661521 cols, 6797102 nonzeros
926965 rows, 1796878 cols, 5065770 nonzeros
918806 rows, 1035157 cols, 3538499 nonzeros
909274 rows, 1024965 cols, 3518130 nonzeros
Presolve : Reductions: rows 909274(-9455908); columns 1024965(-5890097); elements 3518130(-35877469)
Solving the presolved LP
IPX model has 909274 rows, 1024965 columns and 3518130 nonzeros
Input
    Number of variables:                                1024965
    Number of free variables:                           0
    Number of constraints:                              909274
    Number of equality constraints:                     56183
    Number of matrix entries:                           3518130
    Matrix range:                                       [1e-02, 1e+00]
    RHS range:                                          [2e+05, 1e+08]
    Objective range:                                    [2e-04, 1e+07]
    Bounds range:                                       [7e+05, 1e+08]
Preprocessing
    Dualized model:                                     no
    Number of dense columns:                            0
    Range of scaling factors:                           [1.00e+00, 2.00e+00]
IPX version 1.0
Interior Point Solve
 Iter     P.res    D.res            P.obj           D.obj        mu     Time
   0   1.66e+07 2.86e+06   2.22044454e+14 -8.79488464e+18  5.21e+13       0s
   1   5.44e+06 2.25e+06   7.36459248e+17 -7.37027897e+18  4.42e+13       2s
   2   2.72e+06 1.83e+06   1.22020549e+18 -6.63216293e+18  4.75e+13       5s
   3   1.09e+06 7.35e+05   1.25881637e+18 -2.99147420e+18  2.01e+13       9s
   4   5.38e+05 4.76e+05   1.30554606e+18 -2.22064501e+18  1.46e+13      15s
   5   2.33e+05 2.60e+05   1.23007502e+18 -1.40810368e+18  8.66e+12      24s
 Constructing starting basis...
   6   6.58e+04 1.37e+05   1.06661123e+18 -8.65687779e+17  5.16e+12      52s
   7   5.42e+03 4.89e+04   6.92957708e+17 -3.35106504e+17  1.85e+12      70s
   8   5.42e-03 2.06e+04   3.89893959e+17 -1.59490835e+17  7.37e+11      90s
   9   2.55e-03 8.36e+03   3.06372166e+17 -7.86325074e+16  3.61e+11     108s
  10   2.13e-03 4.34e+03   2.87304698e+17 -5.26283468e+16  2.56e+11     127s
  11   8.20e-04 1.87e+03   1.73796929e+17 -2.82373834e+16  1.29e+11     149s
  12   6.54e-04 8.82e+02   1.55394667e+17 -1.82693673e+16  1.00e+11     172s
  13   3.81e-04 6.00e+02   9.70252568e+16 -1.28444692e+16  6.17e+10     194s
  14   2.21e-04 1.68e+02   6.31625947e+16 -4.63676633e+15  3.57e+10     213s
  15   6.34e-05 6.32e+01   2.09268167e+16 -1.90827832e+15  1.19e+10     231s
  16   4.49e-05 3.86e+01   1.55795363e+16 -1.23084032e+15  8.72e+09     247s
  17   1.81e-05 2.19e+01   7.14912273e+15 -7.33393285e+14  4.10e+09     262s
  18   6.77e-06 1.02e+01   4.17347514e+15 -4.28152319e+14  2.40e+09     277s
  19   2.77e-06 6.04e+00   2.06651244e+15 -2.62161864e+14  1.22e+09     293s
  20   1.19e-06 3.95e+00   1.24555408e+15 -1.81605294e+14  7.53e+08     310s
  21   5.07e-07 2.71e+00   5.54907365e+14 -1.26817045e+14  3.67e+08     327s
  22   3.58e-07 1.85e+00   2.95405364e+14 -8.86863466e+13  2.10e+08     345s
  23   4.77e-07 7.96e-01   1.52266841e+14 -4.13569303e+13  1.05e+08     362s
  24   4.17e-07 4.02e-01   7.12957551e+13 -2.16845216e+13  5.05e+07     379s
  25   4.77e-07 7.87e-02   3.41351000e+13 -5.08805667e+12  2.06e+07     397s
  26   5.66e-07 3.13e-02   1.67276347e+13 -2.17377103e+12  9.83e+06     413s
  27   3.87e-07 1.03e-02   1.13661941e+13 -8.83231467e+11  6.29e+06     431s
  28   2.98e-07 2.95e-03   6.08650615e+12 -3.00074262e+11  3.26e+06     448s
  29   4.17e-07 8.41e-04   3.01436084e+12 -1.49707460e+11  1.61e+06     465s
  30   7.15e-07 3.68e-04   1.77959228e+12 -1.08931727e+11  9.60e+05     481s
  31   4.77e-07 1.66e-04   9.65532684e+11 -5.98221736e+10  5.21e+05     499s
  32   3.58e-07 4.11e-05   5.25921883e+11 -1.39728598e+10  2.74e+05     515s
  33   4.47e-07 1.08e-05   2.95971558e+11  5.82926676e+08  1.50e+05     531s
  34   2.09e-07 5.91e-06   1.83649971e+11  2.94213973e+09  9.17e+04     546s
  35   1.84e-07 2.32e-06   9.22760029e+10  8.80087320e+09  4.24e+04     562s
  36   1.54e-07 8.96e-07   5.52014328e+10  1.07188967e+10  2.26e+04     578s
  37   3.20e-07 2.89e-07   2.94813287e+10  1.24470171e+10  8.64e+03     593s
  38   2.54e-07 7.36e-08   2.00298187e+10  1.32875486e+10  3.42e+03     608s
  39   4.17e-07 2.98e-08   1.66653322e+10  1.35386044e+10  1.59e+03     622s
  40   1.34e-07 1.49e-08   1.49584290e+10  1.36644381e+10  6.57e+02     636s
  41   2.68e-07 6.52e-09   1.43276365e+10  1.37148208e+10  3.11e+02     650s
  42   1.49e-07 3.73e-09   1.39978004e+10  1.37370002e+10  1.32e+02     663s
  43   2.38e-07 2.79e-09   1.38161959e+10  1.37470881e+10  3.51e+01     676s
  44   1.62e-07 3.73e-09   1.37668670e+10  1.37534423e+10  6.81e+00     689s
  45   1.94e-07 3.73e-09   1.37576593e+10  1.37544270e+10  1.64e+00     702s
  46   1.48e-07 3.73e-09   1.37553552e+10  1.37547928e+10  2.85e-01     714s
  47   1.79e-07 3.73e-09   1.37548935e+10  1.37548469e+10  2.37e-02     726s
  48   3.58e-07 3.73e-09   1.37548588e+10  1.37548562e+10  1.31e-03     739s
  49   5.07e-07 3.73e-09   1.37548577e+10  1.37548574e+10  1.23e-04     753s
  50   8.05e-07 1.86e-09   1.37548576e+10  1.37548576e+10  9.06e-06     766s
  51*  3.87e-07 1.86e-09   1.37548576e+10  1.37548576e+10  1.42e-06     775s
Summary
    Runtime:                                            775.48s
    Status interior point solve:                        optimal
    Status crossover:                                   not run
    objective value:                                    1.37548576e+10
    interior solution primal residual (abs/rel):        8.79e-07 / 6.02e-15
    interior solution dual residual (abs/rel):          9.31e-10 / 9.62e-17
    interior solution objective gap (abs/rel):          1.81e+00 / 1.32e-10
Ipx: IPM       optimal
Model   status      : Optimal
IPM       iterations: 51
Objective value     :  1.3754857601e+10
HiGHS run time      :        787.95
Presolving model
1210152 rows, 2661521 cols, 6797102 nonzeros
926965 rows, 1796878 cols, 5065770 nonzeros
918806 rows, 1035157 cols, 3538499 nonzeros
909274 rows, 1024965 cols, 3518130 nonzeros
Presolve : Reductions: rows 909274(-9485968); columns 1024965(-5890097); elements 3518130(-35907529)
Solving the presolved LP
IPX model has 909274 rows, 1024965 columns and 3518130 nonzeros
Input
    Number of variables:                                1024965
    Number of free variables:                           0
    Number of constraints:                              909274
    Number of equality constraints:                     56183
    Number of matrix entries:                           3518130
    Matrix range:                                       [1e-02, 1e+00]
    RHS range:                                          [2e+05, 1e+08]
    Objective range:                                    [2e-04, 1e+07]
    Bounds range:                                       [7e+05, 1e+08]
Preprocessing
    Dualized model:                                     no
    Number of dense columns:                            0
    Range of scaling factors:                           [1.00e+00, 2.00e+00]
IPX version 1.0
Interior Point Solve
 Iter     P.res    D.res            P.obj           D.obj        mu     Time
   0   1.66e+07 2.86e+06   2.22044454e+14 -8.79488464e+18  5.21e+13       1s
   1   5.44e+06 2.25e+06   7.36459928e+17 -7.37027896e+18  4.42e+13       2s
   2   2.72e+06 1.83e+06   1.22020664e+18 -6.63216288e+18  4.75e+13       5s
   3   1.09e+06 7.35e+05   1.25881767e+18 -2.99147388e+18  2.01e+13       9s
   4   5.38e+05 4.76e+05   1.30555128e+18 -2.22065557e+18  1.46e+13      15s
   5   2.33e+05 2.60e+05   1.23006427e+18 -1.40807317e+18  8.66e+12      25s
 Constructing starting basis...
   6   6.59e+04 1.37e+05   1.06663030e+18 -8.65634865e+17  5.16e+12      53s
   7   7.16e+03 4.89e+04   7.03816067e+17 -3.35015573e+17  1.86e+12      72s
   8   7.16e-03 2.07e+04   3.92231585e+17 -1.60044794e+17  7.41e+11      92s
   9   3.36e-03 8.44e+03   3.08311714e+17 -7.94159074e+16  3.64e+11     112s
  10   2.79e-03 4.37e+03   2.88214437e+17 -5.26830523e+16  2.57e+11     134s
  11   1.07e-03 1.85e+03   1.76540731e+17 -2.83589728e+16  1.31e+11     156s
  12   8.56e-04 8.52e+02   1.57556893e+17 -1.81604741e+16  1.01e+11     181s
  13   5.04e-04 5.91e+02   9.92271152e+16 -1.29697375e+16  6.29e+10     202s
  14   3.19e-04 1.88e+02   6.88347644e+16 -5.12238941e+15  3.91e+10     222s
  15   1.13e-04 6.69e+01   2.69305803e+16 -1.97376470e+15  1.50e+10     240s
  16   8.89e-05 4.12e+01   2.17779137e+16 -1.29191231e+15  1.19e+10     257s
  17   4.49e-05 2.31e+01   1.15329605e+16 -7.46841937e+14  6.34e+09     273s
  18   2.20e-05 1.11e+01   6.70951089e+15 -4.37532990e+14  3.69e+09     288s
  19   8.29e-06 6.13e+00   3.29752593e+15 -2.76632372e+14  1.85e+09     304s
  20   4.96e-06 3.90e+00   2.14892033e+15 -1.81534755e+14  1.21e+09     319s
  21   2.24e-06 2.43e+00   1.07800026e+15 -1.15584192e+14  6.23e+08     334s
  22   1.28e-06 1.92e+00   6.96024783e+14 -9.33725952e+13  4.15e+08     350s
  23   5.36e-07 1.19e+00   3.37664590e+14 -6.01404297e+13  2.11e+08     364s
  24   3.58e-07 6.37e-01   2.42175322e+14 -3.51390090e+13  1.46e+08     378s
  25   3.87e-07 3.00e-01   8.20988011e+13 -1.70434788e+13  5.27e+07     392s
  26   3.58e-07 4.30e-02   4.17259333e+13 -3.69040253e+12  2.34e+07     407s
  27   4.77e-07 1.79e-02   1.97238282e+13 -1.63796635e+12  1.10e+07     421s
  28   3.58e-07 7.34e-03   1.17746582e+13 -8.61632062e+11  6.47e+06     435s
  29   4.17e-07 1.68e-03   6.10988363e+12 -2.87074320e+11  3.26e+06     449s
  30   4.77e-07 5.51e-04   3.73661237e+12 -1.35626779e+11  1.97e+06     463s
  31   4.77e-07 1.58e-04   2.04590905e+12 -9.19579269e+10  1.09e+06     477s
  32   5.96e-07 3.38e-05   1.00332188e+12 -2.84095595e+10  5.24e+05     491s
  33   4.77e-07 7.93e-06   6.81469069e+11 -8.53311813e+09  3.50e+05     504s
  34   2.98e-07 2.29e-06   3.34789850e+11  4.41714379e+09  1.68e+05     517s
  35   3.87e-07 3.05e-07   1.80582444e+11  4.75943996e+09  8.92e+04     530s
  36   5.07e-07 1.36e-07   8.40483610e+10  9.25496257e+09  3.80e+04     543s
  37   1.79e-07 5.12e-08   4.64467860e+10  1.15755925e+10  1.77e+04     556s
  38   2.09e-07 7.45e-09   3.11412602e+10  1.29853374e+10  9.21e+03     569s
  39   1.15e-07 3.73e-09   2.03175989e+10  1.34534891e+10  3.48e+03     582s
  40   1.79e-07 3.73e-09   1.69641080e+10  1.36127948e+10  1.70e+03     593s
  41   2.09e-07 3.73e-09   1.50437044e+10  1.36899146e+10  6.87e+02     605s
  42   3.28e-07 3.73e-09   1.42387377e+10  1.37217502e+10  2.62e+02     616s
  43   2.09e-07 3.73e-09   1.39593815e+10  1.37398004e+10  1.11e+02     627s
  44   2.38e-07 3.73e-09   1.38117243e+10  1.37486345e+10  3.20e+01     637s
  45   2.68e-07 3.73e-09   1.37646818e+10  1.37533226e+10  5.76e+00     648s
  46   1.34e-07 3.73e-09   1.37568663e+10  1.37538689e+10  1.52e+00     658s
  47   2.68e-07 3.73e-09   1.37551846e+10  1.37540499e+10  5.76e-01     668s
  48   1.49e-07 3.73e-09   1.37548786e+10  1.37540517e+10  4.20e-01     677s
  49   1.22e-07 3.73e-09   1.37541799e+10  1.37540809e+10  5.03e-02     686s
  50   1.79e-07 2.79e-09   1.37541008e+10  1.37540850e+10  8.06e-03     696s
  51   4.77e-07 3.73e-09   1.37540882e+10  1.37540862e+10  1.01e-03     706s
  52   3.58e-07 3.73e-09   1.37540872e+10  1.37540868e+10  2.26e-04     716s
  53   2.83e-07 1.86e-09   1.37540869e+10  1.37540868e+10  5.77e-05     726s
  54*  1.19e-06 1.86e-09   1.37540868e+10  1.37540868e+10  6.24e-06     735s
Summary
    Runtime:                                            735.29s
    Status interior point solve:                        optimal
    Status crossover:                                   not run
    objective value:                                    1.37540868e+10
    interior solution primal residual (abs/rel):        1.04e-06 / 7.14e-15
    interior solution dual residual (abs/rel):          9.31e-10 / 9.62e-17
    interior solution objective gap (abs/rel):          1.17e+01 / 8.52e-10
Ipx: IPM       optimal
Model   status      : Optimal
IPM       iterations: 54
Objective value     :  1.3754086842e+10
HiGHS run time      :        748.64
[ Info: Rolling step not specified in scenaio.yaml file; Setting it to 15 years
[ Info: Demand-pathway mapping not specified in scenaio.yaml file; SERA will not look for eligible pathways for different demand types.
[ Info: Production capacity constraints from the grid model not defined. SERA will not create these constraints
[ Info: Regional technology limits not specified in scenaio.yaml file; SERA will not create these constraints
STARTING DATA PRE-PROCESSING 
Processing Temporal Data
Processing Nodes
Processing Demand
Processing Existings
Processing Links
Processing Pathways
Creating Infrastructure options
 25.668975 seconds (131.93 M allocations: 15.412 GiB, 41.92% gc time, 0.34% compilation time)

OPTIMIZING FROM 2026 TO 2040 

STARTING OPTIMIZATION MODEL CREATION
CREATING VARIABLES AND EXPRESSIONS
307.522293 seconds (527.75 M allocations: 32.709 GiB, 89.18% gc time, 3.98% compilation time)
POPULATING EXPRESSIONS
134.684695 seconds (590.38 M allocations: 92.595 GiB, 12.01% gc time, 0.14% compilation time)
CREATING CONSTRAINTS
268.592097 seconds (332.52 M allocations: 19.534 GiB, 87.08% gc time, 0.51% compilation time)
POPULATED CORE OPTIMIZATION MODEL, STARTING ITERATIONS
READING COST DATA FOR ITERATION 1
245.034466 seconds (246.27 M allocations: 23.372 GiB, 77.86% gc time, 0.16% compilation time)
CREATING EXPRESSIONS FOR CAPITAL AND FIXED COST
666.172665 seconds (362.19 M allocations: 23.230 GiB, 95.90% gc time, 0.23% compilation time)
BUILDING OBJECTIVE FUNCTION
 52.806763 seconds (89.92 M allocations: 2.756 GiB, 79.68% gc time, 1.57% compilation time)
Optimizing for iteration 1
1611.598302 seconds (116.30 M allocations: 10.873 GiB, 20.87% gc time, 0.00% compilation time)
OPTIMAL
7.411255392801407e9
ϵ =  1.0
READING COST DATA FOR ITERATION 2
2856.278582 seconds (200.43 M allocations: 22.491 GiB, 27.13% gc time, 0.00% compilation time)
CREATING EXPRESSIONS FOR CAPITAL AND FIXED COST
1431.034807 seconds (360.79 M allocations: 23.123 GiB, 98.11% gc time, 0.01% compilation time)
BUILDING OBJECTIVE FUNCTION
 71.184496 seconds (89.26 M allocations: 2.799 GiB, 84.25% gc time)
Optimizing for iteration 2
853.094897 seconds (5 allocations: 32 bytes)
OPTIMAL
1.833810713558787e10
ϵ =  0.5958549408614212
READING COST DATA FOR ITERATION 3
2327.556861 seconds (199.99 M allocations: 22.534 GiB, 28.03% gc time)
CREATING EXPRESSIONS FOR CAPITAL AND FIXED COST
1274.240157 seconds (360.79 M allocations: 23.123 GiB, 97.73% gc time)
BUILDING OBJECTIVE FUNCTION
 82.219084 seconds (89.26 M allocations: 2.799 GiB, 84.60% gc time)
Optimizing for iteration 3
746.870028 seconds (2 allocations: 32 bytes)
OPTIMAL
1.4279931258574816e10
ϵ =  0.28418735381314564
READING COST DATA FOR ITERATION 4
2873.019587 seconds (199.94 M allocations: 22.450 GiB, 27.52% gc time)
CREATING EXPRESSIONS FOR CAPITAL AND FIXED COST
1469.514882 seconds (360.79 M allocations: 23.123 GiB, 98.12% gc time)
BUILDING OBJECTIVE FUNCTION
 75.087236 seconds (89.26 M allocations: 2.799 GiB, 84.77% gc time)
Optimizing for iteration 4
778.314094 seconds (2 allocations: 32 bytes)
OPTIMAL
1.3768847682976112e10
ϵ =  0.03711883429634
READING COST DATA FOR ITERATION 5
2433.476670 seconds (199.93 M allocations: 22.577 GiB, 27.90% gc time)
CREATING EXPRESSIONS FOR CAPITAL AND FIXED COST
1279.791559 seconds (360.79 M allocations: 23.123 GiB, 97.85% gc time)
BUILDING OBJECTIVE FUNCTION
 63.570301 seconds (89.26 M allocations: 2.799 GiB, 82.86% gc time)
Optimizing for iteration 5
788.062121 seconds (2 allocations: 32 bytes)
OPTIMAL
1.3754857601412865e10
ϵ =  0.0010171011556976896
READING COST DATA FOR ITERATION 6
2424.439932 seconds (199.93 M allocations: 22.402 GiB, 27.43% gc time)
CREATING EXPRESSIONS FOR CAPITAL AND FIXED COST
1334.052450 seconds (360.79 M allocations: 23.123 GiB, 97.70% gc time)
BUILDING OBJECTIVE FUNCTION
 69.301054 seconds (89.26 M allocations: 2.799 GiB, 82.69% gc time)
Optimizing for iteration 6
748.762635 seconds (2 allocations: 32 bytes)
OPTIMAL
1.3754086842105331e10
ϵ =  5.603856672868383e-5
ITERATIONS COMPLETED
WRITING RESULTS TO FILE
105.094315 seconds (69.72 M allocations: 2.850 GiB, 92.78% gc time, 0.70% compilation time)

THE OPTIMIZATION PROBLEM TOOK 459.68 MINUTES TO SOLVE. 
