Running HiGHS 1.6.0: Copyright (c) 2023 HiGHS under MIT licence terms
Presolving model
113225 rows, 313204 cols, 719619 nonzeros
83087 rows, 186570 cols, 466017 nonzeros
80693 rows, 106762 cols, 305792 nonzeros
80217 rows, 106189 cols, 304617 nonzeros
Presolve : Reductions: rows 80217(-2531899); columns 106189(-1638723); elements 304617(-7879706)
Solving the presolved LP
IPX model has 80217 rows, 106189 columns and 304617 nonzeros
Input
    Number of variables:                                106189
    Number of free variables:                           0
    Number of constraints:                              80217
    Number of equality constraints:                     13182
    Number of matrix entries:                           304617
    Matrix range:                                       [1e-02, 1e+00]
    RHS range:                                          [2e+05, 1e+07]
    Objective range:                                    [4e-04, 3e+02]
    Bounds range:                                       [7e+05, 1e+08]
Preprocessing
    Dualized model:                                     no
    Number of dense columns:                            0
    Range of scaling factors:                           [1.00e+00, 2.00e+00]
IPX version 1.0
Interior Point Solve
 Iter     P.res    D.res            P.obj           D.obj        mu     Time
   0   2.10e+06 3.18e+01   1.56778866e+09 -6.81799176e+12  1.04e+08       0s
   1   5.98e+05 2.29e+01   5.54046734e+11 -4.94898632e+12  7.59e+07       0s
   2   3.21e+05 1.56e+01   8.27718743e+11 -3.49760156e+12  6.49e+07       0s
   3   1.20e+05 2.31e+00   6.68896005e+11 -5.26049969e+11  1.27e+07       0s
   4   3.72e+04 3.63e-01   3.59124964e+11 -8.54771067e+10  3.26e+06       1s
   5   9.97e+03 1.20e-01   1.33095132e+11 -2.88085770e+10  1.03e+06       1s
 Constructing starting basis...
   6   1.35e+03 2.06e-02   8.30694882e+10 -7.33125496e+09  5.34e+05       2s
   7   4.42e+02 8.72e-03   3.97154483e+10 -2.93910470e+09  2.47e+05       2s
   8   1.59e+02 4.63e-03   2.19976308e+10 -1.20171940e+09  1.33e+05       2s
   9   9.57e+01 2.89e-03   1.56634877e+10 -3.48933788e+08  9.11e+04       3s
  10   5.78e+01 1.04e-03   1.27675586e+10  4.91460049e+08  6.92e+04       3s
  11   2.45e+01 6.73e-04   6.92297090e+09  7.51438453e+08  3.47e+04       3s
  12   1.48e+01 3.32e-04   5.22100407e+09  9.90373748e+08  2.38e+04       4s
  13   9.68e+00 2.20e-04   4.03553410e+09  1.08008894e+09  1.66e+04       4s
  14   4.20e+00 4.19e-05   3.23623919e+09  1.19319318e+09  1.14e+04       4s
  15   1.95e+00 2.82e-05   2.33217200e+09  1.21848510e+09  6.23e+03       4s
  16   1.03e+00 1.01e-05   1.99377437e+09  1.25026983e+09  4.16e+03       5s
  17   5.30e-01 4.49e-06   1.66478538e+09  1.26775569e+09  2.22e+03       5s
  18   1.91e-01 3.38e-06   1.49138627e+09  1.27034954e+09  1.24e+03       5s
  19   4.35e-02 1.91e-06   1.40400192e+09  1.27410734e+09  7.26e+02       5s
  20   1.06e-02 8.54e-07   1.33181056e+09  1.27848634e+09  2.98e+02       6s
  21   4.90e-03 4.08e-07   1.31205601e+09  1.28065289e+09  1.76e+02       6s
  22   1.48e-03 2.05e-07   1.30246034e+09  1.28157047e+09  1.17e+02       6s
  23   1.60e-04 8.97e-08   1.28933456e+09  1.28234373e+09  3.91e+01       6s
  24   6.48e-05 2.24e-08   1.28613513e+09  1.28291580e+09  1.80e+01       7s
  25   8.40e-06 3.98e-10   1.28389350e+09  1.28311804e+09  4.34e+00       7s
  26   1.73e-06 2.47e-10   1.28363985e+09  1.28311933e+09  2.91e+00       7s
  27   2.98e-08 2.16e-11   1.28320755e+09  1.28313508e+09  4.05e-01       7s
  28   2.98e-08 2.56e-12   1.28314463e+09  1.28313890e+09  3.21e-02       8s
  29   2.98e-08 2.56e-13   1.28314057e+09  1.28313937e+09  6.75e-03       8s
  30   2.98e-08 8.53e-14   1.28313966e+09  1.28313940e+09  1.46e-03       8s
  31   2.98e-08 5.68e-14   1.28313941e+09  1.28313941e+09  5.31e-05       8s
  32*  2.98e-08 5.68e-14   1.28313941e+09  1.28313941e+09  3.73e-06       8s
Summary
    Runtime:                                            8.34s
    Status interior point solve:                        optimal
    Status crossover:                                   not run
    objective value:                                    1.28313941e+09
    interior solution primal residual (abs/rel):        2.98e-08 / 2.04e-16
    interior solution dual residual (abs/rel):          1.57e-10 / 5.47e-13
    interior solution objective gap (abs/rel):          6.66e-01 / 5.19e-10
Ipx: IPM       optimal
Model   status      : Optimal
IPM       iterations: 32
Objective value     :  1.2831394053e+09
HiGHS run time      :         11.07
Presolving model
113225 rows, 313204 cols, 719619 nonzeros
83087 rows, 186570 cols, 466017 nonzeros
80693 rows, 106762 cols, 305792 nonzeros
80217 rows, 106189 cols, 304617 nonzeros
Presolve : Reductions: rows 80217(-2539414); columns 106189(-1638723); elements 304617(-7887221)
Solving the presolved LP
IPX model has 80217 rows, 106189 columns and 304617 nonzeros
Input
    Number of variables:                                106189
    Number of free variables:                           0
    Number of constraints:                              80217
    Number of equality constraints:                     13182
    Number of matrix entries:                           304617
    Matrix range:                                       [1e-02, 1e+00]
    RHS range:                                          [2e+05, 1e+07]
    Objective range:                                    [4e-04, 8e+06]
    Bounds range:                                       [7e+05, 1e+08]
Preprocessing
    Dualized model:                                     no
    Number of dense columns:                            0
    Range of scaling factors:                           [1.00e+00, 2.00e+00]
IPX version 1.0
Interior Point Solve
 Iter     P.res    D.res            P.obj           D.obj        mu     Time
   0   2.10e+06 1.46e+06   4.28597648e+13 -3.16123853e+17  4.81e+12       0s
   1   6.00e+05 1.13e+06   2.74590796e+16 -2.46237900e+17  3.83e+12       0s
   2   2.98e+05 7.55e+05   4.10381640e+16 -1.70493316e+17  3.22e+12       0s
   3   9.96e+04 1.34e+05   3.29561047e+16 -3.11453339e+16  7.02e+11       0s
   4   3.41e+04 2.23e+04   2.01676612e+16 -5.56226826e+15  1.91e+11       1s
   5   6.43e+03 8.84e+03   6.05717410e+15 -2.24203788e+15  5.41e+10       1s
   6   2.03e+03 1.47e+03   3.75169483e+15 -4.93632213e+14  2.40e+10       2s
 Constructing starting basis...
   7   5.68e+02 5.57e+02   1.87594393e+15 -2.24753632e+14  1.25e+10       3s
   8   1.50e+02 2.40e+02   7.24254801e+14 -1.06950612e+14  4.95e+09       3s
   9   7.95e+01 1.50e+02   4.38361675e+14 -6.90428896e+13  3.04e+09       3s
  10   1.66e+01 6.34e+01   1.53837879e+14 -3.10654193e+13  1.13e+09       3s
  11   3.18e+00 2.09e+01   3.56569656e+13 -1.02402265e+13  2.87e+08       4s
  12   7.49e-01 4.40e+00   1.24465177e+13 -2.30396621e+12  8.91e+07       4s
  13   2.71e-01 1.40e+00   5.66845739e+12 -7.70984315e+11  3.82e+07       4s
  14   6.01e-02 5.06e-01   1.39219742e+12 -2.76475506e+11  1.01e+07       4s
  15   3.56e-02 2.53e-01   9.51047426e+11 -1.43184260e+11  6.51e+06       5s
  16   1.40e-02 5.84e-02   4.31450214e+11 -3.45798944e+10  2.69e+06       5s
  17   9.60e-03 1.47e-02   3.32001003e+11 -1.06152330e+10  1.94e+06       5s
  18   4.51e-03 6.85e-03   1.87609949e+11 -5.22291835e+09  1.09e+06       6s
  19   1.49e-03 2.81e-03   7.00631610e+10 -1.44075725e+09  4.02e+05       6s
  20   3.13e-04 9.50e-04   2.71746193e+10  2.14784204e+08  1.51e+05       6s
  21   1.42e-04 3.21e-04   1.54906830e+10  1.01693667e+09  8.11e+04       6s
  22   2.98e-08 7.92e-05   6.32194826e+09  1.30924685e+09  2.80e+04       6s
  23   2.98e-08 2.48e-05   2.67825058e+09  1.49035548e+09  6.64e+03       7s
  24   2.98e-08 9.26e-06   2.09329702e+09  1.53787872e+09  3.11e+03       7s
  25   2.98e-08 4.37e-06   1.77635243e+09  1.55676446e+09  1.23e+03       7s
  26   2.98e-08 1.57e-06   1.65138882e+09  1.56933684e+09  4.59e+02       7s
  27   2.98e-08 5.44e-07   1.60601356e+09  1.57443414e+09  1.77e+02       8s
  28   2.98e-08 2.14e-07   1.59075811e+09  1.57604409e+09  8.23e+01       8s
  29   2.98e-08 7.08e-08   1.58146472e+09  1.57692867e+09  2.54e+01       8s
  30   2.98e-08 1.58e-08   1.57812270e+09  1.57728615e+09  4.68e+00       8s
  31   2.98e-08 2.79e-09   1.57754901e+09  1.57736450e+09  1.03e+00       9s
  32   2.98e-08 1.86e-09   1.57739674e+09  1.57737090e+09  1.44e-01       9s
  33   2.98e-08 1.86e-09   1.57737374e+09  1.57737219e+09  8.66e-03       9s
  34   2.98e-08 1.86e-09   1.57737294e+09  1.57737258e+09  2.02e-03       9s
  35   2.98e-08 1.86e-09   1.57737270e+09  1.57737267e+09  1.64e-04       9s
  36   9.31e-08 1.86e-09   1.57737268e+09  1.57737268e+09  1.83e-05       9s
  37*  7.08e-08 9.31e-10   1.57737268e+09  1.57737268e+09  3.19e-08      10s
Summary
    Runtime:                                            9.75s
    Status interior point solve:                        optimal
    Status crossover:                                   not run
    objective value:                                    1.57737268e+09
    interior solution primal residual (abs/rel):        8.01e-08 / 5.49e-16
    interior solution dual residual (abs/rel):          9.31e-10 / 1.10e-16
    interior solution objective gap (abs/rel):          3.45e-03 / 2.19e-12
Ipx: IPM       optimal
Model   status      : Optimal
IPM       iterations: 37
Objective value     :  1.5773726796e+09
HiGHS run time      :         12.00
Presolving model
113225 rows, 313204 cols, 719619 nonzeros
83087 rows, 186570 cols, 466017 nonzeros
80693 rows, 106762 cols, 305792 nonzeros
80217 rows, 106189 cols, 304617 nonzeros
Presolve : Reductions: rows 80217(-2546929); columns 106189(-1638723); elements 304617(-7894736)
Solving the presolved LP
IPX model has 80217 rows, 106189 columns and 304617 nonzeros
Input
    Number of variables:                                106189
    Number of free variables:                           0
    Number of constraints:                              80217
    Number of equality constraints:                     13182
    Number of matrix entries:                           304617
    Matrix range:                                       [1e-02, 1e+00]
    RHS range:                                          [2e+05, 1e+07]
    Objective range:                                    [4e-04, 8e+06]
    Bounds range:                                       [7e+05, 1e+08]
Preprocessing
    Dualized model:                                     no
    Number of dense columns:                            0
    Range of scaling factors:                           [1.00e+00, 2.00e+00]
IPX version 1.0
Interior Point Solve
 Iter     P.res    D.res            P.obj           D.obj        mu     Time
   0   2.10e+06 1.46e+06   4.39761126e+13 -3.16326357e+17  4.81e+12       0s
   1   6.03e+05 1.13e+06   2.74724591e+16 -2.46351513e+17  3.84e+12       0s
   2   2.99e+05 7.54e+05   4.11303468e+16 -1.70356877e+17  3.22e+12       0s
   3   1.03e+05 1.34e+05   3.31874569e+16 -3.09909471e+16  7.03e+11       0s
   4   3.86e+04 2.17e+04   2.06268048e+16 -5.38197123e+15  1.94e+11       1s
   5   7.76e+03 8.41e+03   6.27952037e+15 -2.11289363e+15  5.47e+10       1s
   6   2.07e+03 1.44e+03   3.55992651e+15 -4.69777538e+14  2.28e+10       2s
 Constructing starting basis...
   7   9.70e+02 6.55e+02   2.07791511e+15 -2.36063059e+14  1.37e+10       3s
   8   2.18e+02 3.74e+02   6.50776451e+14 -1.40422149e+14  4.80e+09       3s
   9   8.37e+01 2.32e+02   3.62847276e+14 -8.96554856e+13  2.78e+09       3s
  10   2.52e+01 1.20e+02   1.43153080e+14 -4.66214849e+13  1.19e+09       3s
  11   1.51e+01 7.94e+01   9.87349669e+13 -3.10757794e+13  8.16e+08       4s
  12   1.00e+01 4.69e+01   7.34158651e+13 -1.87160727e+13  5.71e+08       4s
  13   3.42e+00 2.30e+01   4.90571737e+13 -1.00163095e+13  3.63e+08       4s
  14   7.05e-01 5.60e+00   1.91070779e+13 -2.76654501e+12  1.31e+08       4s
  15   1.99e-01 1.88e+00   6.98199423e+12 -9.81526666e+11  4.77e+07       5s
  16   7.51e-02 7.22e-02   2.94429219e+12 -5.39003374e+10  1.69e+07       5s
  17   1.45e-02 2.06e-02   6.51344825e+11 -1.70202647e+10  3.77e+06       5s
  18   4.06e-03 5.20e-03   2.02552299e+11 -4.05336519e+09  1.16e+06       5s
  19   9.56e-04 8.37e-04   5.69934146e+10  1.09798376e+08  3.19e+05       5s
  20   7.41e-05 2.23e-04   1.40922028e+10  7.50187364e+08  7.47e+04       6s
  21   2.02e-05 2.93e-05   6.03989467e+09  1.17786038e+09  2.72e+04       6s
  22   2.98e-08 1.14e-05   3.55772738e+09  1.20735018e+09  1.31e+04       6s
  23   3.73e-08 2.11e-06   1.96007423e+09  1.27633166e+09  3.82e+03       6s
  24   2.98e-08 6.98e-07   1.57634346e+09  1.29548445e+09  1.57e+03       7s
  25   2.98e-08 2.27e-07   1.41577668e+09  1.30353626e+09  6.28e+02       7s
  26   2.98e-08 9.31e-08   1.35606586e+09  1.30623672e+09  2.79e+02       7s
  27   2.98e-08 3.17e-08   1.32830284e+09  1.30785465e+09  1.14e+02       7s
  28   2.98e-08 9.31e-09   1.31564058e+09  1.30838495e+09  4.06e+01       8s
  29   2.98e-08 2.79e-09   1.30946926e+09  1.30870785e+09  4.26e+00       8s
  30   2.98e-08 1.86e-09   1.30885050e+09  1.30876483e+09  4.79e-01       8s
  31   2.98e-08 1.86e-09   1.30878204e+09  1.30876922e+09  7.17e-02       8s
  32   2.98e-08 1.86e-09   1.30877328e+09  1.30876942e+09  2.15e-02       8s
  33   2.98e-08 1.86e-09   1.30877025e+09  1.30876949e+09  4.27e-03       8s
  34   2.98e-08 1.86e-09   1.30876960e+09  1.30876951e+09  5.03e-04       9s
  35   1.08e-07 9.31e-10   1.30876953e+09  1.30876952e+09  5.35e-05       9s
  36*  2.01e-07 9.31e-10   1.30876952e+09  1.30876952e+09  7.69e-06       9s
Summary
    Runtime:                                            8.93s
    Status interior point solve:                        optimal
    Status crossover:                                   not run
    objective value:                                    1.30876952e+09
    interior solution primal residual (abs/rel):        2.03e-07 / 1.39e-15
    interior solution dual residual (abs/rel):          9.31e-10 / 1.10e-16
    interior solution objective gap (abs/rel):          1.21e+00 / 9.24e-10
Ipx: IPM       optimal
Model   status      : Optimal
IPM       iterations: 36
Objective value     :  1.3087695193e+09
HiGHS run time      :         11.27
Presolving model
113225 rows, 313204 cols, 719619 nonzeros
83087 rows, 186570 cols, 466017 nonzeros
80693 rows, 106762 cols, 305792 nonzeros
80217 rows, 106189 cols, 304617 nonzeros
Presolve : Reductions: rows 80217(-2554444); columns 106189(-1638723); elements 304617(-7902251)
Solving the presolved LP
IPX model has 80217 rows, 106189 columns and 304617 nonzeros
Input
    Number of variables:                                106189
    Number of free variables:                           0
    Number of constraints:                              80217
    Number of equality constraints:                     13182
    Number of matrix entries:                           304617
    Matrix range:                                       [1e-02, 1e+00]
    RHS range:                                          [2e+05, 1e+07]
    Objective range:                                    [4e-04, 8e+06]
    Bounds range:                                       [7e+05, 1e+08]
Preprocessing
    Dualized model:                                     no
    Number of dense columns:                            0
    Range of scaling factors:                           [1.00e+00, 2.00e+00]
IPX version 1.0
Interior Point Solve
 Iter     P.res    D.res            P.obj           D.obj        mu     Time
   0   2.10e+06 1.46e+06   4.39761144e+13 -3.16326357e+17  4.81e+12       0s
   1   6.03e+05 1.13e+06   2.74724589e+16 -2.46351507e+17  3.84e+12       0s
   2   2.99e+05 7.54e+05   4.11303450e+16 -1.70356867e+17  3.22e+12       0s
   3   1.03e+05 1.34e+05   3.31874542e+16 -3.09909154e+16  7.03e+11       0s
   4   3.86e+04 2.17e+04   2.06268088e+16 -5.38197989e+15  1.94e+11       1s
   5   7.76e+03 8.41e+03   6.27933469e+15 -2.11289328e+15  5.47e+10       1s
   6   2.07e+03 1.44e+03   3.55983113e+15 -4.69780675e+14  2.28e+10       2s
 Constructing starting basis...
   7   9.69e+02 6.57e+02   2.07630285e+15 -2.36612514e+14  1.37e+10       3s
   8   2.18e+02 3.75e+02   6.50095210e+14 -1.40463558e+14  4.80e+09       3s
   9   8.76e+01 2.31e+02   3.71055751e+14 -8.91127487e+13  2.82e+09       3s
  10   2.66e+01 1.20e+02   1.45605521e+14 -4.65417338e+13  1.21e+09       3s
  11   1.57e+01 7.96e+01   9.92071339e+13 -3.11040890e+13  8.18e+08       4s
  12   1.04e+01 4.71e+01   7.32653039e+13 -1.87732154e+13  5.70e+08       4s
  13   3.03e+00 2.29e+01   4.65442623e+13 -9.92057136e+12  3.48e+08       4s
  14   1.34e+00 6.56e+00   2.52585215e+13 -3.06903488e+12  1.68e+08       4s
  15   5.10e-01 2.40e+00   1.07856045e+13 -1.16382761e+12  7.06e+07       5s
  16   1.49e-01 6.73e-01   3.55237931e+12 -3.41098236e+11  2.28e+07       5s
  17   4.16e-02 9.58e-02   1.06823770e+12 -5.02391339e+10  6.40e+06       5s
  18   1.28e-02 4.94e-02   3.51303559e+11 -2.57880058e+10  2.17e+06       5s
  19   4.89e-03 8.49e-03   1.57086775e+11 -4.41217312e+09  9.13e+05       5s
  20   1.95e-03 1.18e-03   6.76077704e+10  2.76569408e+08  3.78e+05       6s
  21   2.72e-04 5.46e-04   1.89936623e+10  6.40837183e+08  1.03e+05       6s
  22   4.14e-05 9.61e-05   5.76105098e+09  1.11986844e+09  2.60e+04       6s
  23   1.48e-05 4.01e-05   2.96913579e+09  1.22167794e+09  9.77e+03       6s
  24   3.28e-06 1.42e-05   1.94922675e+09  1.26431871e+09  3.83e+03       7s
  25   1.10e-06 6.19e-06   1.57622516e+09  1.28338603e+09  1.64e+03       7s
  26   3.58e-07 2.26e-06   1.40831664e+09  1.29415886e+09  6.38e+02       7s
  27   1.19e-07 8.34e-07   1.33707038e+09  1.29873576e+09  2.14e+02       7s
  28   5.96e-08 3.27e-07   1.31661200e+09  1.30044438e+09  9.04e+01       8s
  29   2.98e-08 6.89e-08   1.30619308e+09  1.30132466e+09  2.72e+01       8s
  30   2.98e-08 1.21e-08   1.30217632e+09  1.30161215e+09  3.15e+00       8s
  31   2.98e-08 3.73e-09   1.30172077e+09  1.30165024e+09  3.94e-01       8s
  32   3.35e-08 1.86e-09   1.30166994e+09  1.30166320e+09  3.77e-02       8s
  33   2.98e-08 1.86e-09   1.30166420e+09  1.30166364e+09  3.16e-03       9s
  34   2.98e-08 1.86e-09   1.30166375e+09  1.30166369e+09  3.36e-04       9s
  35   1.49e-07 9.31e-10   1.30166370e+09  1.30166370e+09  2.70e-05       9s
  36*  1.45e-07 9.31e-10   1.30166370e+09  1.30166370e+09  3.82e-08       9s
Summary
    Runtime:                                            9.27s
    Status interior point solve:                        optimal
    Status crossover:                                   not run
    objective value:                                    1.30166370e+09
    interior solution primal residual (abs/rel):        1.47e-07 / 1.01e-15
    interior solution dual residual (abs/rel):          9.31e-10 / 1.10e-16
    interior solution objective gap (abs/rel):          5.20e-03 / 4.00e-12
Ipx: IPM       optimal
Model   status      : Optimal
IPM       iterations: 36
Objective value     :  1.3016637014e+09
HiGHS run time      :         11.57
Presolving model
113225 rows, 313204 cols, 719619 nonzeros
83087 rows, 186570 cols, 466017 nonzeros
80693 rows, 106762 cols, 305792 nonzeros
80217 rows, 106189 cols, 304617 nonzeros
Presolve : Reductions: rows 80217(-2561959); columns 106189(-1638723); elements 304617(-7909766)
Solving the presolved LP
IPX model has 80217 rows, 106189 columns and 304617 nonzeros
Input
    Number of variables:                                106189
    Number of free variables:                           0
    Number of constraints:                              80217
    Number of equality constraints:                     13182
    Number of matrix entries:                           304617
    Matrix range:                                       [1e-02, 1e+00]
    RHS range:                                          [2e+05, 1e+07]
    Objective range:                                    [4e-04, 8e+06]
    Bounds range:                                       [7e+05, 1e+08]
Preprocessing
    Dualized model:                                     no
    Number of dense columns:                            0
    Range of scaling factors:                           [1.00e+00, 2.00e+00]
IPX version 1.0
Interior Point Solve
 Iter     P.res    D.res            P.obj           D.obj        mu     Time
   0   2.10e+06 1.46e+06   4.40607631e+13 -3.16323849e+17  4.81e+12       0s
   1   6.03e+05 1.13e+06   2.74737972e+16 -2.46354848e+17  3.84e+12       0s
   2   2.99e+05 7.54e+05   4.11342179e+16 -1.70350429e+17  3.22e+12       0s
   3   9.83e+04 1.32e+05   3.29835035e+16 -3.05591729e+16  6.91e+11       0s
   4   3.75e+04 2.23e+04   2.05874072e+16 -5.49322176e+15  1.94e+11       1s
   5   6.45e+03 8.12e+03   5.81305950e+15 -2.03783589e+15  5.08e+10       1s
   6   2.12e+03 1.42e+03   3.65956584e+15 -4.67625896e+14  2.34e+10       2s
 Constructing starting basis...
   7   7.07e+02 5.10e+02   1.48246859e+15 -1.80515309e+14  9.83e+09       3s
   8   2.22e+02 1.91e+02   5.63281987e+14 -7.22395221e+13  3.74e+09       3s
   9   6.24e+01 1.12e+02   2.17032132e+14 -4.31403422e+13  1.56e+09       3s
  10   3.81e+01 6.35e+01   1.39099708e+14 -2.43757877e+13  9.77e+08       3s
  11   2.02e+01 4.47e+01   8.17050274e+13 -1.74009190e+13  6.00e+08       4s
  12   1.37e+01 2.36e+01   6.17825824e+13 -9.57942564e+12  4.25e+08       4s
  13   8.84e+00 7.83e+00   4.18032155e+13 -3.32415492e+12  2.62e+08       4s
  14   4.37e+00 1.75e+00   2.94156809e+13 -1.26419854e+12  1.75e+08       4s
  15   7.60e-01 5.23e-01   6.18029389e+12 -4.09602873e+11  3.79e+07       5s
  16   3.34e-01 4.02e-02   2.94730060e+12 -4.37941204e+10  1.68e+07       5s
  17   1.87e-01 1.84e-02   1.67065419e+12 -2.03009022e+10  9.51e+06       5s
  18   2.64e-02 2.92e-03   4.52031127e+11 -9.57885954e+09  2.59e+06       5s
  19   6.05e-03 7.42e-04   1.31039910e+11 -2.36592245e+09  7.48e+05       5s
  20   1.09e-03 2.52e-04   4.55058705e+10 -5.35316890e+08  2.58e+05       6s
  21   8.51e-05 5.11e-05   1.03435819e+10  7.49532933e+08  5.37e+04       6s
  22   2.30e-05 1.49e-05   3.88522360e+09  1.12965501e+09  1.54e+04       6s
  23   1.00e-05 6.33e-06   2.51125409e+09  1.22232396e+09  7.21e+03       6s
  24   1.19e-06 2.58e-06   1.66579057e+09  1.26130768e+09  2.26e+03       7s
  25   3.87e-07 1.06e-06   1.44697254e+09  1.28199964e+09  9.22e+02       7s
  26   1.19e-07 5.86e-07   1.34368863e+09  1.28901730e+09  3.06e+02       7s
  27   5.96e-08 2.06e-07   1.31290696e+09  1.29479193e+09  1.01e+02       7s
  28   2.98e-08 7.82e-08   1.30446259e+09  1.29674706e+09  4.31e+01       8s
  29   2.98e-08 1.49e-08   1.29873428e+09  1.29786391e+09  4.87e+00       8s
  30   2.98e-08 2.79e-09   1.29818316e+09  1.29808074e+09  5.73e-01       8s
  31   3.35e-08 1.86e-09   1.29810670e+09  1.29809959e+09  3.97e-02       8s
  32   3.39e-08 1.86e-09   1.29810312e+09  1.29810207e+09  5.90e-03       8s
  33   2.98e-08 1.86e-09   1.29810225e+09  1.29810215e+09  5.65e-04       9s
  34   8.20e-08 9.31e-10   1.29810216e+09  1.29810216e+09  2.49e-05       9s
  35*  8.57e-08 9.31e-10   1.29810216e+09  1.29810216e+09  1.02e-07       9s
Summary
    Runtime:                                            9.08s
    Status interior point solve:                        optimal
    Status crossover:                                   not run
    objective value:                                    1.29810216e+09
    interior solution primal residual (abs/rel):        8.38e-08 / 5.74e-16
    interior solution dual residual (abs/rel):          9.31e-10 / 1.10e-16
    interior solution objective gap (abs/rel):          1.41e-02 / 1.08e-11
Ipx: IPM       optimal
Model   status      : Optimal
IPM       iterations: 35
Objective value     :  1.2981021570e+09
HiGHS run time      :         11.43
Presolving model
113225 rows, 313204 cols, 719619 nonzeros
83087 rows, 186570 cols, 466017 nonzeros
80693 rows, 106762 cols, 305792 nonzeros
80217 rows, 106189 cols, 304617 nonzeros
Presolve : Reductions: rows 80217(-2569474); columns 106189(-1638723); elements 304617(-7917281)
Solving the presolved LP
IPX model has 80217 rows, 106189 columns and 304617 nonzeros
Input
    Number of variables:                                106189
    Number of free variables:                           0
    Number of constraints:                              80217
    Number of equality constraints:                     13182
    Number of matrix entries:                           304617
    Matrix range:                                       [1e-02, 1e+00]
    RHS range:                                          [2e+05, 1e+07]
    Objective range:                                    [4e-04, 8e+06]
    Bounds range:                                       [7e+05, 1e+08]
Preprocessing
    Dualized model:                                     no
    Number of dense columns:                            0
    Range of scaling factors:                           [1.00e+00, 2.00e+00]
IPX version 1.0
Interior Point Solve
 Iter     P.res    D.res            P.obj           D.obj        mu     Time
   0   2.10e+06 1.46e+06   4.40607631e+13 -3.16323849e+17  4.81e+12       0s
   1   6.03e+05 1.13e+06   2.74737972e+16 -2.46354848e+17  3.84e+12       0s
   2   2.99e+05 7.54e+05   4.11342179e+16 -1.70350429e+17  3.22e+12       0s
   3   9.83e+04 1.32e+05   3.29835035e+16 -3.05591729e+16  6.91e+11       0s
   4   3.75e+04 2.23e+04   2.05874072e+16 -5.49322176e+15  1.94e+11       1s
   5   6.45e+03 8.12e+03   5.81305950e+15 -2.03783589e+15  5.08e+10       1s
   6   2.12e+03 1.42e+03   3.65956584e+15 -4.67625896e+14  2.34e+10       2s
 Constructing starting basis...
   7   7.07e+02 5.10e+02   1.48246859e+15 -1.80515309e+14  9.83e+09       3s
   8   2.22e+02 1.91e+02   5.63281987e+14 -7.22395221e+13  3.74e+09       3s
   9   6.24e+01 1.12e+02   2.17032132e+14 -4.31403422e+13  1.56e+09       3s
  10   3.81e+01 6.35e+01   1.39099708e+14 -2.43757877e+13  9.77e+08       3s
  11   2.02e+01 4.47e+01   8.17050274e+13 -1.74009190e+13  6.00e+08       4s
  12   1.37e+01 2.36e+01   6.17825824e+13 -9.57942564e+12  4.25e+08       4s
  13   8.84e+00 7.83e+00   4.18032155e+13 -3.32415492e+12  2.62e+08       4s
  14   4.37e+00 1.75e+00   2.94156809e+13 -1.26419854e+12  1.75e+08       4s
  15   7.60e-01 5.23e-01   6.18029389e+12 -4.09602873e+11  3.79e+07       5s
  16   3.34e-01 4.02e-02   2.94730060e+12 -4.37941204e+10  1.68e+07       5s
  17   1.87e-01 1.84e-02   1.67065419e+12 -2.03009022e+10  9.51e+06       5s
  18   2.64e-02 2.92e-03   4.52031127e+11 -9.57885954e+09  2.59e+06       5s
  19   6.05e-03 7.42e-04   1.31039910e+11 -2.36592245e+09  7.48e+05       5s
  20   1.09e-03 2.52e-04   4.55058705e+10 -5.35316890e+08  2.58e+05       6s
  21   8.51e-05 5.11e-05   1.03435819e+10  7.49532933e+08  5.37e+04       6s
  22   2.30e-05 1.49e-05   3.88522360e+09  1.12965501e+09  1.54e+04       6s
  23   1.00e-05 6.33e-06   2.51125409e+09  1.22232396e+09  7.21e+03       6s
  24   1.19e-06 2.58e-06   1.66579057e+09  1.26130768e+09  2.26e+03       7s
  25   3.87e-07 1.06e-06   1.44697254e+09  1.28199964e+09  9.22e+02       7s
  26   1.19e-07 5.86e-07   1.34368863e+09  1.28901730e+09  3.06e+02       7s
  27   5.96e-08 2.06e-07   1.31290696e+09  1.29479193e+09  1.01e+02       7s
  28   2.98e-08 7.82e-08   1.30446259e+09  1.29674706e+09  4.31e+01       8s
  29   2.98e-08 1.49e-08   1.29873428e+09  1.29786391e+09  4.87e+00       8s
  30   2.98e-08 2.79e-09   1.29818316e+09  1.29808074e+09  5.73e-01       8s
  31   3.35e-08 1.86e-09   1.29810670e+09  1.29809959e+09  3.97e-02       8s
  32   3.39e-08 1.86e-09   1.29810312e+09  1.29810207e+09  5.90e-03       8s
  33   2.98e-08 1.86e-09   1.29810225e+09  1.29810215e+09  5.65e-04       9s
  34   8.20e-08 9.31e-10   1.29810216e+09  1.29810216e+09  2.49e-05       9s
  35*  8.57e-08 9.31e-10   1.29810216e+09  1.29810216e+09  1.02e-07       9s
Summary
    Runtime:                                            9.08s
    Status interior point solve:                        optimal
    Status crossover:                                   not run
    objective value:                                    1.29810216e+09
    interior solution primal residual (abs/rel):        8.38e-08 / 5.74e-16
    interior solution dual residual (abs/rel):          9.31e-10 / 1.10e-16
    interior solution objective gap (abs/rel):          1.41e-02 / 1.08e-11
Ipx: IPM       optimal
Model   status      : Optimal
IPM       iterations: 35
Objective value     :  1.2981021570e+09
HiGHS run time      :         11.37
Running HiGHS 1.6.0: Copyright (c) 2023 HiGHS under MIT licence terms
Presolving model
115912 rows, 318021 cols, 732693 nonzeros
85789 rows, 191405 cols, 479134 nonzeros
83429 rows, 111377 cols, 318573 nonzeros
82893 rows, 109824 cols, 315443 nonzeros
Presolve : Reductions: rows 82893(-2529438); columns 109824(-1635303); elements 315443(-7872675)
Solving the presolved LP
IPX model has 82893 rows, 109824 columns and 315443 nonzeros
Input
    Number of variables:                                109824
    Number of free variables:                           0
    Number of constraints:                              82893
    Number of equality constraints:                     13390
    Number of matrix entries:                           315443
    Matrix range:                                       [1e-02, 1e+00]
    RHS range:                                          [3e+05, 6e+07]
    Objective range:                                    [3e-04, 2e+06]
    Bounds range:                                       [5e+04, 1e+08]
Preprocessing
    Dualized model:                                     no
    Number of dense columns:                            0
    Range of scaling factors:                           [1.00e+00, 2.00e+00]
IPX version 1.0
Interior Point Solve
 Iter     P.res    D.res            P.obj           D.obj        mu     Time
   0   1.07e+07 2.50e+05   4.00032726e+13 -7.01870785e+16  3.25e+12       0s
   1   3.40e+06 1.84e+05   2.73467794e+16 -5.42390973e+16  2.31e+12       0s
   2   1.32e+06 1.33e+05   3.96827701e+16 -4.22622748e+16  1.99e+12       0s
   3   6.24e+05 2.52e+04   3.24263337e+16 -8.48061593e+15  5.05e+11       0s
   4   1.76e+05 3.15e+03   1.67543951e+16 -1.38450989e+15  1.24e+11       1s
   5   6.32e+04 1.36e+03   6.87048091e+15 -6.38308462e+14  4.65e+10       1s
 Constructing starting basis...
   6   3.28e+04 4.85e+02   3.99202133e+15 -2.61681872e+14  2.56e+10       2s
   7   1.95e+04 2.31e+02   2.66862398e+15 -1.48093311e+14  1.64e+10       2s
   8   1.02e+04 8.15e+01   1.74365487e+15 -7.66312569e+13  1.03e+10       3s
   9   4.92e+03 2.62e+01   1.08365170e+15 -2.86543925e+13  6.20e+09       3s
  10   3.29e+03 1.48e+01   8.10812599e+14 -8.93208057e+12  4.55e+09       3s
  11   2.78e+03 1.23e+01   7.83689042e+14 -9.87290025e+12  4.42e+09       4s
  12   1.46e+03 8.75e+00   4.65398090e+14  2.27571635e+12  2.60e+09       4s
  13   5.54e+02 3.74e+00   2.59922230e+14  1.87128816e+13  1.35e+09       4s
  14   2.96e+02 2.48e-01   2.29162946e+14  2.36327941e+13  1.11e+09       5s
  15   1.11e+02 1.74e-01   1.63428910e+14  2.58661482e+13  7.55e+08       5s
  16   5.29e+01 6.31e-02   1.11926145e+14  3.29450928e+13  4.30e+08       6s
  17   2.66e+01 2.07e-02   8.19610316e+13  3.62917532e+13  2.47e+08       6s
  18   1.53e+01 9.36e-03   6.58089084e+13  3.75263175e+13  1.52e+08       6s
  19   5.01e+00 2.88e-03   4.82820289e+13  3.84414487e+13  5.28e+07       7s
  20   4.27e+00 1.55e-03   4.72662961e+13  3.85611556e+13  4.66e+07       7s
  21   3.59e+00 9.64e-04   4.67014371e+13  3.85585924e+13  4.36e+07       8s
  22   1.03e+00 3.21e-04   4.15854904e+13  3.87494903e+13  1.51e+07       8s
  23   3.27e-01 1.77e-05   4.01183235e+13  3.88447931e+13  6.79e+06       8s
  24   1.50e-02 4.96e-06   3.90546463e+13  3.88690245e+13  9.89e+05       9s
  25   4.82e-03 1.42e-06   3.89572653e+13  3.88799304e+13  4.12e+05       9s
  26   1.23e-03 4.25e-07   3.89102358e+13  3.88837280e+13  1.41e+05       9s
  27   5.53e-04 1.38e-07   3.88986065e+13  3.88850268e+13  7.23e+04       9s
  28   2.67e-04 5.96e-08   3.88921852e+13  3.88854662e+13  3.58e+04      10s
  29   1.32e-04 3.12e-08   3.88892337e+13  3.88856198e+13  1.92e+04      10s
  30   5.18e-05 1.05e-08   3.88875624e+13  3.88857297e+13  9.76e+03      10s
  31   2.84e-05 5.36e-09   3.88868300e+13  3.88857754e+13  5.61e+03      11s
  32   7.09e-06 1.40e-09   3.88862881e+13  3.88858008e+13  2.59e+03      11s
  33   2.00e-06 6.98e-10   3.88859885e+13  3.88858153e+13  9.22e+02      11s
  34   1.79e-07 6.98e-10   3.88858752e+13  3.88858220e+13  2.83e+02      12s
  35   6.07e-08 4.66e-10   3.88858465e+13  3.88858251e+13  1.14e+02      12s
  36   1.49e-07 4.66e-10   3.88858349e+13  3.88858264e+13  4.51e+01      12s
  37   5.96e-08 4.66e-10   3.88858281e+13  3.88858267e+13  7.54e+00      12s
  38   3.19e-08 4.66e-10   3.88858269e+13  3.88858268e+13  7.53e-01      13s
  39   7.45e-08 4.66e-10   3.88858268e+13  3.88858268e+13  2.66e-01      13s
  40*  1.79e-07 4.66e-10   3.88858268e+13  3.88858268e+13  1.57e-02      13s
Summary
    Runtime:                                            13.04s
    Status interior point solve:                        optimal
    Status crossover:                                   not run
    objective value:                                    3.88858268e+13
    interior solution primal residual (abs/rel):        8.94e-08 / 6.12e-16
    interior solution dual residual (abs/rel):          4.66e-10 / 2.42e-16
    interior solution objective gap (abs/rel):          2.99e+03 / 7.68e-11
Ipx: IPM       optimal
Model   status      : Optimal
IPM       iterations: 40
Objective value     :  3.8885826605e+13
HiGHS run time      :         15.41
Presolving model
115912 rows, 318021 cols, 732693 nonzeros
85789 rows, 191405 cols, 479134 nonzeros
83429 rows, 111377 cols, 318573 nonzeros
82893 rows, 109824 cols, 315443 nonzeros
Presolve : Reductions: rows 82893(-2536953); columns 109824(-1635303); elements 315443(-7880190)
Solving the presolved LP
IPX model has 82893 rows, 109824 columns and 315443 nonzeros
Input
    Number of variables:                                109824
    Number of free variables:                           0
    Number of constraints:                              82893
    Number of equality constraints:                     13390
    Number of matrix entries:                           315443
    Matrix range:                                       [1e-02, 1e+00]
    RHS range:                                          [3e+05, 6e+07]
    Objective range:                                    [3e-04, 2e+06]
    Bounds range:                                       [5e+04, 1e+08]
Preprocessing
    Dualized model:                                     no
    Number of dense columns:                            0
    Range of scaling factors:                           [1.00e+00, 2.00e+00]
IPX version 1.0
Interior Point Solve
 Iter     P.res    D.res            P.obj           D.obj        mu     Time
   0   1.07e+07 2.20e+05   3.36750124e+13 -6.17073544e+16  2.88e+12       0s
   1   3.37e+06 1.61e+05   2.56518963e+16 -4.74803003e+16  2.03e+12       0s
   2   1.29e+06 1.15e+05   3.69172076e+16 -3.66433664e+16  1.72e+12       0s
   3   5.26e+05 2.04e+04   2.88399268e+16 -6.85698370e+15  4.10e+11       0s
   4   2.00e+05 3.09e+03   1.64523043e+16 -1.32690101e+15  1.23e+11       1s
   5   5.47e+04 1.24e+03   5.38888841e+15 -5.76098571e+14  3.71e+10       1s
 Constructing starting basis...
   6   2.35e+04 2.62e+02   2.71888806e+15 -1.64172129e+14  1.70e+10       2s
   7   1.36e+04 1.04e+02   1.73943036e+15 -8.29271624e+13  1.05e+10       2s
   8   4.91e+03 4.92e+01   7.63523129e+14 -4.68574730e+13  4.63e+09       3s
   9   1.79e+03 2.06e+01   3.10396951e+14 -2.13750183e+13  1.89e+09       3s
  10   3.84e+02 9.75e+00   9.80050382e+13 -1.15258862e+13  6.33e+08       3s
  11   7.21e+01 6.16e+00   3.09045422e+13 -7.60864938e+12  2.34e+08       3s
  12   1.02e+01 1.37e+00   7.28979867e+12 -1.84291141e+12  5.50e+07       4s
  13   2.12e+00 3.48e-01   1.71274998e+12 -4.68228052e+11  1.31e+07       4s
  14   9.81e-01 1.72e-01   9.67457254e+11 -2.39473385e+11  7.16e+06       4s
  15   3.30e-01 6.32e-02   4.04055836e+11 -8.96650063e+10  2.88e+06       5s
  16   2.21e-02 2.47e-02   2.26753913e+11 -4.04799655e+10  1.52e+06       5s
  17   1.70e-02 7.64e-03   1.88278651e+11 -1.25201899e+10  1.10e+06       5s
  18   5.34e-03 2.38e-03   1.14240586e+11 -4.82250614e+09  6.42e+05       5s
  19   1.91e-03 1.45e-03   5.29436621e+10 -2.14578411e+09  2.96e+05       6s
  20   1.32e-03 4.80e-04   4.18067284e+10  6.86199688e+08  2.20e+05       6s
  21   4.02e-04 1.43e-04   2.61229637e+10  1.62898768e+09  1.31e+05       6s
  22   1.08e-04 4.42e-05   1.16544231e+10  2.40243365e+09  4.93e+04       7s
  23   3.19e-05 1.61e-05   5.78641592e+09  2.73335688e+09  1.63e+04       7s
  24   9.18e-06 4.99e-06   4.06624647e+09  2.86617990e+09  6.39e+03       7s
  25   1.94e-06 2.04e-06   3.35667652e+09  2.90935680e+09  2.38e+03       7s
  26   6.26e-07 8.06e-07   3.10912046e+09  2.93416975e+09  9.31e+02       8s
  27   2.09e-07 3.70e-07   3.01684589e+09  2.94337231e+09  3.91e+02       8s
  28   8.94e-08 1.30e-07   2.98284791e+09  2.94933453e+09  1.78e+02       8s
  29   7.45e-08 5.29e-08   2.96025546e+09  2.95135738e+09  4.74e+01       8s
  30   1.04e-07 8.85e-09   2.95416486e+09  2.95261995e+09  8.22e+00       9s
  31   1.04e-07 1.63e-09   2.95294951e+09  2.95283576e+09  6.06e-01       9s
  32   1.19e-07 4.66e-10   2.95288705e+09  2.95287352e+09  7.20e-02       9s
  33   8.94e-08 4.66e-10   2.95287796e+09  2.95287602e+09  1.03e-02       9s
  34   7.45e-08 4.66e-10   2.95287678e+09  2.95287655e+09  1.19e-03       9s
  35   1.94e-07 4.66e-10   2.95287663e+09  2.95287660e+09  1.52e-04      10s
  36   5.22e-07 2.33e-10   2.95287661e+09  2.95287661e+09  1.91e-05      10s
  37*  1.42e-07 2.33e-10   2.95287661e+09  2.95287661e+09  5.54e-06      10s
Summary
    Runtime:                                            9.95s
    Status interior point solve:                        optimal
    Status crossover:                                   not run
    objective value:                                    2.95287661e+09
    interior solution primal residual (abs/rel):        1.19e-07 / 8.17e-16
    interior solution dual residual (abs/rel):          2.33e-10 / 1.21e-16
    interior solution objective gap (abs/rel):          9.71e-01 / 3.29e-10
Ipx: IPM       optimal
Model   status      : Optimal
IPM       iterations: 37
Objective value     :  2.9528766091e+09
HiGHS run time      :         12.21
Presolving model
115912 rows, 318021 cols, 732693 nonzeros
85789 rows, 191405 cols, 479134 nonzeros
83429 rows, 111377 cols, 318573 nonzeros
82893 rows, 109824 cols, 315443 nonzeros
Presolve : Reductions: rows 82893(-2544468); columns 109824(-1635303); elements 315443(-7887705)
Solving the presolved LP
IPX model has 82893 rows, 109824 columns and 315443 nonzeros
Input
    Number of variables:                                109824
    Number of free variables:                           0
    Number of constraints:                              82893
    Number of equality constraints:                     13390
    Number of matrix entries:                           315443
    Matrix range:                                       [1e-02, 1e+00]
    RHS range:                                          [3e+05, 6e+07]
    Objective range:                                    [3e-04, 2e+06]
    Bounds range:                                       [5e+04, 1e+08]
Preprocessing
    Dualized model:                                     no
    Number of dense columns:                            0
    Range of scaling factors:                           [1.00e+00, 2.00e+00]
IPX version 1.0
Interior Point Solve
 Iter     P.res    D.res            P.obj           D.obj        mu     Time
   0   1.07e+07 2.20e+05   3.48049335e+13 -6.16493682e+16  2.88e+12       0s
   1   3.37e+06 1.61e+05   2.57227221e+16 -4.74165215e+16  2.02e+12       0s
   2   1.29e+06 1.15e+05   3.70202696e+16 -3.66131675e+16  1.71e+12       0s
   3   5.32e+05 2.07e+04   2.89712209e+16 -6.94061954e+15  4.15e+11       0s
   4   2.08e+05 2.83e+03   1.67881125e+16 -1.24304498e+15  1.23e+11       0s
   5   5.52e+04 1.15e+03   5.27532784e+15 -5.49419107e+14  3.61e+10       1s
 Constructing starting basis...
   6   2.34e+04 2.47e+02   2.68187201e+15 -1.62187700e+14  1.67e+10       2s
   7   1.35e+04 1.10e+02   1.74620142e+15 -9.04466958e+13  1.06e+10       2s
   8   3.32e+03 4.61e+01   6.49996706e+14 -4.98204940e+13  4.00e+09       3s
   9   1.39e+03 2.27e+01   2.96147836e+14 -2.57869825e+13  1.84e+09       3s
  10   3.72e+02 1.04e+01   1.10273354e+14 -1.33159121e+13  7.13e+08       3s
  11   1.02e+02 6.56e+00   4.17009875e+13 -8.72692617e+12  3.02e+08       3s
  12   1.21e+01 9.11e-01   9.96387828e+12 -1.48689089e+12  6.57e+07       4s
  13   3.26e+00 2.72e-01   2.91783310e+12 -4.51906051e+11  1.93e+07       4s
  14   1.51e+00 7.38e-02   1.51853711e+12 -1.33461039e+11  9.17e+06       4s
  15   7.34e-01 2.34e-02   8.34746565e+11 -4.75594284e+10  4.82e+06       4s
  16   4.14e-01 5.06e-03   5.25923481e+11 -1.34319727e+10  2.90e+06       5s
  17   1.34e-01 2.08e-03   1.85440225e+11 -4.47129001e+09  1.02e+06       5s
  18   6.12e-02 1.10e-03   1.04501714e+11 -1.96871078e+09  5.71e+05       5s
  19   4.95e-02 6.42e-04   8.92983379e+10 -5.55822064e+08  4.81e+05       6s
  20   2.93e-02 3.45e-05   6.55693446e+10  1.12940574e+09  3.44e+05       6s
  21   9.69e-03 8.42e-06   3.52578683e+10  1.66830126e+09  1.79e+05       6s
  22   2.35e-03 2.70e-06   1.26482218e+10  2.34130360e+09  5.49e+04       6s
  23   7.06e-04 1.03e-06   6.14865847e+09  2.61375711e+09  1.88e+04       7s
  24   1.66e-04 3.88e-07   3.98060503e+09  2.72345884e+09  6.70e+03       7s
  25   5.48e-05 1.51e-07   3.37744067e+09  2.77312278e+09  3.22e+03       7s
  26   1.92e-05 7.01e-08   3.04360753e+09  2.79727761e+09  1.31e+03       7s
  27   7.24e-06 2.35e-08   2.92122711e+09  2.81188810e+09  5.82e+02       8s
  28   2.38e-06 9.55e-09   2.85830096e+09  2.81708743e+09  2.19e+02       8s
  29   4.77e-07 3.03e-09   2.83268656e+09  2.81950804e+09  7.02e+01       8s
  30   1.49e-07 9.31e-10   2.82418388e+09  2.82061256e+09  1.90e+01       8s
  31   7.45e-08 4.66e-10   2.82121020e+09  2.82083780e+09  1.98e+00       8s
  32   1.04e-07 4.66e-10   2.82093671e+09  2.82086855e+09  3.63e-01       9s
  33   1.34e-07 4.66e-10   2.82088419e+09  2.82087256e+09  6.19e-02       9s
  34   5.96e-08 4.66e-10   2.82087469e+09  2.82087302e+09  8.89e-03       9s
  35   1.19e-07 4.66e-10   2.82087407e+09  2.82087309e+09  5.25e-03       9s
  36   5.96e-08 4.66e-10   2.82087331e+09  2.82087310e+09  1.08e-03       9s
  37   4.92e-07 4.66e-10   2.82087312e+09  2.82087311e+09  2.87e-05       9s
  38*  2.53e-07 4.66e-10   2.82087311e+09  2.82087311e+09  6.27e-06       9s
Summary
    Runtime:                                            9.50s
    Status interior point solve:                        optimal
    Status crossover:                                   not run
    objective value:                                    2.82087311e+09
    interior solution primal residual (abs/rel):        2.38e-07 / 1.63e-15
    interior solution dual residual (abs/rel):          4.66e-10 / 2.42e-16
    interior solution objective gap (abs/rel):          1.16e+00 / 4.10e-10
Ipx: IPM       optimal
Model   status      : Optimal
IPM       iterations: 38
Objective value     :  2.8208731139e+09
HiGHS run time      :         11.78
Presolving model
115912 rows, 318021 cols, 732693 nonzeros
85789 rows, 191405 cols, 479134 nonzeros
83429 rows, 111377 cols, 318573 nonzeros
82893 rows, 109824 cols, 315443 nonzeros
Presolve : Reductions: rows 82893(-2551983); columns 109824(-1635303); elements 315443(-7895220)
Solving the presolved LP
IPX model has 82893 rows, 109824 columns and 315443 nonzeros
Input
    Number of variables:                                109824
    Number of free variables:                           0
    Number of constraints:                              82893
    Number of equality constraints:                     13390
    Number of matrix entries:                           315443
    Matrix range:                                       [1e-02, 1e+00]
    RHS range:                                          [3e+05, 6e+07]
    Objective range:                                    [3e-04, 2e+06]
    Bounds range:                                       [5e+04, 1e+08]
Preprocessing
    Dualized model:                                     no
    Number of dense columns:                            0
    Range of scaling factors:                           [1.00e+00, 2.00e+00]
IPX version 1.0
Interior Point Solve
 Iter     P.res    D.res            P.obj           D.obj        mu     Time
   0   1.07e+07 2.20e+05   3.48197084e+13 -6.16489184e+16  2.88e+12       0s
   1   3.37e+06 1.61e+05   2.57226349e+16 -4.74161101e+16  2.02e+12       0s
   2   1.34e+06 1.15e+05   3.67366012e+16 -3.66150223e+16  1.71e+12       0s
   3   5.98e+05 1.99e+04   2.92824824e+16 -6.71364221e+15  4.13e+11       0s
   4   1.72e+05 2.79e+03   1.44111890e+16 -1.18964416e+15  1.06e+11       1s
   5   4.42e+04 1.08e+03   4.66124704e+15 -5.13414122e+14  3.17e+10       1s
 Constructing starting basis...
   6   1.75e+04 3.26e+02   2.28966284e+15 -1.90732602e+14  1.48e+10       2s
   7   7.76e+03 1.38e+02   1.26661842e+15 -9.83081561e+13  7.93e+09       2s
   8   1.86e+03 6.45e+01   4.57761740e+14 -5.28368707e+13  2.98e+09       3s
   9   8.71e+02 2.62e+01   2.36579461e+14 -2.34571375e+13  1.49e+09       3s
  10   3.96e+02 1.45e+01   1.26048477e+14 -1.39018038e+13  8.06e+08       3s
  11   9.55e+01 8.35e+00   3.65322824e+13 -8.21443865e+12  2.70e+08       3s
  12   1.53e+01 1.71e+00   7.66313095e+12 -1.75011622e+12  5.65e+07       4s
  13   4.27e+00 4.66e-01   2.39678414e+12 -4.86432725e+11  1.70e+07       4s
  14   1.74e+00 1.33e-01   1.17351173e+12 -1.49897064e+11  7.53e+06       4s
  15   3.99e-01 3.85e-02   3.77287466e+11 -4.69273860e+10  2.39e+06       5s
  16   2.08e-01 1.11e-02   2.30796448e+11 -1.41916812e+10  1.34e+06       5s
  17   7.22e-02 5.27e-03   8.99903863e+10 -5.54947337e+09  5.20e+05       5s
  18   2.61e-02 3.43e-03   5.01151916e+10 -3.12230081e+09  2.89e+05       5s
  19   1.71e-02 8.61e-04   3.70555566e+10  8.74766847e+08  1.94e+05       6s
  20   2.85e-03 1.97e-04   2.00430557e+10  1.77553522e+09  9.75e+04       6s
  21   4.81e-04 7.99e-05   6.66372359e+09  2.35092514e+09  2.30e+04       6s
  22   1.48e-04 2.95e-05   4.39218575e+09  2.62424627e+09  9.42e+03       6s
  23   6.56e-05 1.14e-05   3.66154822e+09  2.73429559e+09  4.94e+03       7s
  24   2.50e-05 6.08e-06   3.19136204e+09  2.77200876e+09  2.23e+03       7s
  25   7.72e-06 1.81e-06   2.96846867e+09  2.80365074e+09  8.78e+02       7s
  26   2.41e-06 6.57e-07   2.89050478e+09  2.81279263e+09  4.14e+02       7s
  27   8.34e-07 2.06e-07   2.84677340e+09  2.81768881e+09  1.55e+02       8s
  28   1.19e-07 7.22e-08   2.82504275e+09  2.81925322e+09  3.08e+01       8s
  29   5.62e-08 1.07e-08   2.82093945e+09  2.82007225e+09  4.62e+00       8s
  30   7.90e-08 9.31e-10   2.82027446e+09  2.82020467e+09  3.72e-01       8s
  31   5.00e-08 4.66e-10   2.82022329e+09  2.82021233e+09  5.83e-02       9s
  32   1.04e-07 4.66e-10   2.82021652e+09  2.82021343e+09  1.65e-02       9s
  33   7.00e-08 4.66e-10   2.82021380e+09  2.82021362e+09  9.38e-04       9s
  34   4.02e-07 4.66e-10   2.82021367e+09  2.82021365e+09  7.45e-05       9s
  35*  5.36e-07 4.66e-10   2.82021366e+09  2.82021366e+09  9.86e-06       9s
Summary
    Runtime:                                            9.21s
    Status interior point solve:                        optimal
    Status crossover:                                   not run
    objective value:                                    2.82021366e+09
    interior solution primal residual (abs/rel):        4.47e-07 / 3.06e-15
    interior solution dual residual (abs/rel):          4.66e-10 / 2.42e-16
    interior solution objective gap (abs/rel):          1.81e+00 / 6.43e-10
Ipx: IPM       optimal
Model   status      : Optimal
IPM       iterations: 35
Objective value     :  2.8202136606e+09
HiGHS run time      :         11.49
Running HiGHS 1.6.0: Copyright (c) 2023 HiGHS under MIT licence terms
Presolving model
119066 rows, 324952 cols, 750779 nonzeros
88968 rows, 198366 cols, 497283 nonzeros
86636 rows, 116279 cols, 332706 nonzeros
86093 rows, 114046 cols, 328203 nonzeros
Presolve : Reductions: rows 86093(-2526497); columns 114046(-1631339); elements 328203(-7871850)
Solving the presolved LP
IPX model has 86093 rows, 114046 columns and 328203 nonzeros
Input
    Number of variables:                                114046
    Number of free variables:                           0
    Number of constraints:                              86093
    Number of equality constraints:                     13681
    Number of matrix entries:                           328203
    Matrix range:                                       [1e-02, 1e+00]
    RHS range:                                          [2e+05, 1e+08]
    Objective range:                                    [2e-04, 1e+06]
    Bounds range:                                       [5e+04, 1e+08]
Preprocessing
    Dualized model:                                     no
    Number of dense columns:                            0
    Range of scaling factors:                           [1.00e+00, 2.00e+00]
IPX version 1.0
Interior Point Solve
 Iter     P.res    D.res            P.obj           D.obj        mu     Time
   0   2.72e+07 1.46e+05   6.23724497e+13 -5.18375214e+16  4.61e+12       0s
   1   8.06e+06 1.04e+05   4.60696962e+16 -4.17757213e+16  3.02e+12       0s
   2   3.36e+06 7.55e+04   6.16209846e+16 -3.48683597e+16  2.51e+12       0s
   3   1.47e+06 1.36e+04   4.85377400e+16 -7.02174018e+15  6.32e+11       0s
   4   4.44e+05 2.22e+03   2.42488971e+16 -1.67599766e+15  1.75e+11       1s
   5   1.82e+05 6.74e+02   1.12509366e+16 -6.62862219e+14  6.95e+10       1s
 Constructing starting basis...
   6   8.90e+04 2.73e+02   6.01466645e+15 -3.34326358e+14  3.65e+10       2s
   7   4.39e+04 1.18e+02   3.66240171e+15 -2.22025727e+14  2.16e+10       2s
   8   1.80e+04 2.96e+01   2.21691167e+15 -1.38830439e+14  1.26e+10       3s
   9   8.10e+03 1.09e+01   1.34402007e+15 -7.58574378e+13  7.49e+09       3s
  10   3.80e+03 2.21e+00   9.12376173e+14 -3.89340797e+13  4.93e+09       3s
  11   2.99e+03 1.47e+00   8.42043870e+14 -3.63664621e+13  4.56e+09       4s
  12   1.56e+03 4.80e-01   5.22128953e+14  1.50665764e+12  2.69e+09       4s
  13   2.88e+02 2.95e-01   3.70138725e+14  1.26713797e+12  1.94e+09       4s
  14   1.06e+02 1.08e-01   1.96593966e+14  2.12317198e+13  9.19e+08       5s
  15   5.34e+01 5.86e-02   1.68749972e+14  2.37772089e+13  7.58e+08       5s
  16   1.74e+01 2.69e-02   8.94357180e+13  3.17106448e+13  3.02e+08       6s
  17   1.25e+01 1.27e-02   7.74774538e+13  3.52338949e+13  2.18e+08       6s
  18   8.96e+00 6.58e-03   6.70933198e+13  3.70825778e+13  1.54e+08       7s
  19   5.38e+00 3.22e-03   5.67409253e+13  3.80662781e+13  9.52e+07       7s
  20   3.04e+00 1.36e-03   4.94595948e+13  3.86634385e+13  5.48e+07       8s
  21   2.55e+00 7.62e-04   4.88640793e+13  3.85999733e+13  5.20e+07       8s
  22   1.90e+00 5.28e-04   4.71940076e+13  3.86799736e+13  4.31e+07       8s
  23   1.43e-01 2.00e-04   4.35994834e+13  3.87380309e+13  2.46e+07       9s
  24   3.92e-02 7.02e-05   4.07667712e+13  3.89894318e+13  8.97e+06       9s
  25   8.76e-03 1.91e-05   3.96245211e+13  3.91125924e+13  2.58e+06       9s
  26   1.70e-03 6.81e-06   3.92717839e+13  3.91480676e+13  6.24e+05      10s
  27   8.31e-04 1.61e-06   3.92261220e+13  3.91633150e+13  3.17e+05      10s
  28   2.63e-04 4.01e-07   3.91932053e+13  3.91671537e+13  1.31e+05      10s
  29   1.32e-04 1.45e-07   3.91829390e+13  3.91682468e+13  7.41e+04      11s
  30   6.19e-05 7.29e-08   3.91757191e+13  3.91686822e+13  3.55e+04      11s
  31   2.55e-05 3.55e-08   3.91720925e+13  3.91689014e+13  1.61e+04      11s
  32   9.45e-06 1.26e-08   3.91707389e+13  3.91690188e+13  8.67e+03      12s
  33   3.55e-06 5.82e-09   3.91698657e+13  3.91690812e+13  3.95e+03      12s
  34   1.49e-06 3.03e-09   3.91695530e+13  3.91691087e+13  2.24e+03      12s
  35   6.56e-07 1.40e-09   3.91693477e+13  3.91691331e+13  1.08e+03      13s
  36   2.68e-07 6.98e-10   3.91692696e+13  3.91691399e+13  6.53e+02      13s
  37   1.79e-07 4.66e-10   3.91691823e+13  3.91691470e+13  1.78e+02      13s
  38   1.19e-07 4.66e-10   3.91691641e+13  3.91691493e+13  7.47e+01      13s
  39   1.49e-07 2.33e-10   3.91691576e+13  3.91691501e+13  3.80e+01      14s
  40   2.09e-07 4.66e-10   3.91691524e+13  3.91691508e+13  7.92e+00      14s
  41   1.49e-07 2.33e-10   3.91691512e+13  3.91691509e+13  1.50e+00      14s
  42*  1.49e-07 3.49e-10   3.91691509e+13  3.91691509e+13  1.68e-01      14s
Summary
    Runtime:                                            14.38s
    Status interior point solve:                        optimal
    Status crossover:                                   not run
    objective value:                                    3.91691509e+13
    interior solution primal residual (abs/rel):        1.49e-07 / 1.02e-15
    interior solution dual residual (abs/rel):          2.33e-10 / 1.78e-16
    interior solution objective gap (abs/rel):          3.34e+04 / 8.53e-10
Ipx: IPM       optimal
Model   status      : Optimal
IPM       iterations: 42
Objective value     :  3.9169150826e+13
HiGHS run time      :         16.59
Presolving model
119066 rows, 324952 cols, 750779 nonzeros
88968 rows, 198366 cols, 497283 nonzeros
86636 rows, 116279 cols, 332706 nonzeros
86093 rows, 114046 cols, 328203 nonzeros
Presolve : Reductions: rows 86093(-2534012); columns 114046(-1631339); elements 328203(-7879365)
Solving the presolved LP
IPX model has 86093 rows, 114046 columns and 328203 nonzeros
Input
    Number of variables:                                114046
    Number of free variables:                           0
    Number of constraints:                              86093
    Number of equality constraints:                     13681
    Number of matrix entries:                           328203
    Matrix range:                                       [1e-02, 1e+00]
    RHS range:                                          [2e+05, 1e+08]
    Objective range:                                    [2e-04, 1e+06]
    Bounds range:                                       [5e+04, 1e+08]
Preprocessing
    Dualized model:                                     no
    Number of dense columns:                            0
    Range of scaling factors:                           [1.00e+00, 2.00e+00]
IPX version 1.0
Interior Point Solve
 Iter     P.res    D.res            P.obj           D.obj        mu     Time
   0   2.72e+07 1.49e+05   5.11035915e+13 -5.34441974e+16  4.71e+12       0s
   1   8.08e+06 1.07e+05   4.50217157e+16 -4.31341719e+16  3.10e+12       0s
   2   3.39e+06 7.75e+04   6.05832427e+16 -3.60027039e+16  2.59e+12       0s
   3   1.43e+06 1.45e+04   4.76483118e+16 -7.50356493e+15  6.54e+11       0s
   4   4.50e+05 2.58e+03   2.45763529e+16 -1.84596610e+15  1.85e+11       1s
   5   1.73e+05 7.68e+02   1.10483936e+16 -7.31403503e+14  6.98e+10       1s
 Constructing starting basis...
   6   5.86e+04 1.89e+02   4.27826952e+15 -2.61934089e+14  2.57e+10       2s
   7   1.68e+04 4.29e+01   1.95908590e+15 -1.47877056e+14  1.13e+10       2s
   8   1.25e+03 1.37e+01   4.53712371e+14 -6.61205545e+13  2.79e+09       3s
   9   5.06e+02 6.73e+00   2.12754139e+14 -3.50128191e+13  1.33e+09       3s
  10   7.90e+01 3.11e+00   5.37912224e+13 -1.74263088e+13  3.97e+08       3s
  11   1.36e+01 1.71e+00   2.14708136e+13 -1.01651789e+13  1.82e+08       4s
  12   1.30e+00 1.78e-01   4.02018687e+12 -1.18868673e+12  2.85e+07       4s
  13   2.43e-01 3.84e-02   9.78656753e+11 -2.68564859e+11  6.72e+06       4s
  14   9.24e-02 1.70e-02   4.84294275e+11 -1.24368750e+11  3.24e+06       5s
  15   6.67e-02 5.03e-03   3.91429239e+11 -4.24985782e+10  2.24e+06       5s
  16   1.07e-02 2.17e-03   2.07923053e+11 -2.36695463e+10  1.19e+06       5s
  17   5.29e-03 1.25e-03   1.60545412e+11 -1.56583840e+10  8.99e+05       6s
  18   2.27e-03 8.30e-04   7.88554870e+10 -9.45490375e+09  4.49e+05       6s
  19   9.23e-04 3.46e-04   4.04493692e+10 -2.30583472e+09  2.17e+05       6s
  20   7.80e-04 1.98e-04   3.75908792e+10 -4.44415030e+08  1.92e+05       6s
  21   5.52e-04 5.73e-05   2.96966513e+10  1.97923269e+09  1.40e+05       7s
  22   2.52e-04 3.24e-05   2.00872833e+10  2.39356324e+09  8.92e+04       7s
  23   4.12e-05 1.56e-05   8.54839700e+09  2.90048435e+09  2.85e+04       7s
  24   1.92e-05 5.32e-06   6.12352031e+09  3.34046673e+09  1.40e+04       8s
  25   4.53e-06 2.34e-06   4.45917891e+09  3.47074263e+09  4.98e+03       8s
  26   2.00e-06 9.74e-07   4.03182505e+09  3.54278420e+09  2.47e+03       8s
  27   7.15e-07 3.28e-07   3.77775460e+09  3.58069584e+09  9.93e+02       8s
  28   2.68e-07 1.04e-07   3.66532579e+09  3.59474958e+09  3.56e+02       9s
  29   8.94e-08 2.84e-08   3.62020308e+09  3.60041290e+09  9.98e+01       9s
  30   3.28e-07 7.45e-09   3.60779389e+09  3.60223271e+09  2.80e+01       9s
  31   1.19e-07 8.15e-10   3.60353429e+09  3.60294073e+09  2.99e+00       9s
  32   2.68e-07 4.66e-10   3.60311986e+09  3.60299819e+09  6.13e-01      10s
  33   2.09e-07 2.33e-10   3.60302641e+09  3.60300513e+09  1.07e-01      10s
  34   8.94e-08 3.49e-10   3.60301959e+09  3.60300644e+09  6.63e-02      10s
  35   2.09e-07 2.33e-10   3.60300911e+09  3.60300655e+09  1.29e-02      10s
  36   2.38e-07 4.66e-10   3.60300694e+09  3.60300665e+09  1.44e-03      10s
  37   2.09e-07 2.33e-10   3.60300680e+09  3.60300667e+09  6.61e-04      10s
  38   1.79e-07 2.33e-10   3.60300668e+09  3.60300667e+09  2.98e-05      11s
  39*  1.49e-07 2.33e-10   3.60300667e+09  3.60300667e+09  5.10e-06      11s
Summary
    Runtime:                                            10.80s
    Status interior point solve:                        optimal
    Status crossover:                                   not run
    objective value:                                    3.60300667e+09
    interior solution primal residual (abs/rel):        2.38e-07 / 1.63e-15
    interior solution dual residual (abs/rel):          2.33e-10 / 1.78e-16
    interior solution objective gap (abs/rel):          1.00e+00 / 2.78e-10
Ipx: IPM       optimal
Model   status      : Optimal
IPM       iterations: 39
Objective value     :  3.6030066722e+09
HiGHS run time      :         12.99
Presolving model
119066 rows, 324952 cols, 750779 nonzeros
88968 rows, 198366 cols, 497283 nonzeros
86636 rows, 116279 cols, 332706 nonzeros
86093 rows, 114046 cols, 328203 nonzeros
Presolve : Reductions: rows 86093(-2541527); columns 114046(-1631339); elements 328203(-7886880)
Solving the presolved LP
IPX model has 86093 rows, 114046 columns and 328203 nonzeros
Input
    Number of variables:                                114046
    Number of free variables:                           0
    Number of constraints:                              86093
    Number of equality constraints:                     13681
    Number of matrix entries:                           328203
    Matrix range:                                       [1e-02, 1e+00]
    RHS range:                                          [2e+05, 1e+08]
    Objective range:                                    [2e-04, 1e+06]
    Bounds range:                                       [5e+04, 1e+08]
Preprocessing
    Dualized model:                                     no
    Number of dense columns:                            0
    Range of scaling factors:                           [1.00e+00, 2.00e+00]
IPX version 1.0
Interior Point Solve
 Iter     P.res    D.res            P.obj           D.obj        mu     Time
   0   2.72e+07 1.49e+05   5.17826552e+13 -5.34623143e+16  4.71e+12       0s
   1   8.09e+06 1.07e+05   4.51866267e+16 -4.31420922e+16  3.10e+12       0s
   2   3.39e+06 7.76e+04   6.08212390e+16 -3.60078063e+16  2.59e+12       0s
   3   1.44e+06 1.42e+04   4.79124821e+16 -7.38658544e+15  6.50e+11       0s
   4   4.45e+05 2.52e+03   2.43688430e+16 -1.81968706e+15  1.82e+11       1s
   5   1.72e+05 7.55e+02   1.09696434e+16 -7.22747812e+14  6.92e+10       1s
 Constructing starting basis...
   6   5.99e+04 1.84e+02   4.34699253e+15 -2.57738419e+14  2.60e+10       2s
   7   1.64e+04 4.61e+01   2.02208685e+15 -1.59342089e+14  1.18e+10       2s
   8   1.34e+03 1.50e+01   4.53596115e+14 -6.79739723e+13  2.81e+09       3s
   9   5.63e+02 7.33e+00   2.21923666e+14 -3.62871012e+13  1.39e+09       3s
  10   9.78e+01 3.47e+00   5.92006100e+13 -1.84289293e+13  4.33e+08       3s
  11   9.86e+00 1.98e+00   2.11002785e+13 -1.10996148e+13  1.88e+08       4s
  12   2.67e+00 2.44e-01   8.36467981e+12 -1.59960093e+12  5.34e+07       4s
  13   6.44e-01 5.08e-02   2.21494491e+12 -3.44582464e+11  1.35e+07       4s
  14   2.32e-01 1.50e-02   8.72299845e+11 -1.04791103e+11  5.08e+06       5s
  15   1.51e-01 3.31e-03   6.50715284e+11 -3.48665066e+10  3.49e+06       5s
  16   4.56e-02 1.57e-03   2.81976974e+11 -1.94522335e+10  1.53e+06       5s
  17   9.09e-03 8.96e-04   1.67099148e+11 -1.39673232e+10  9.21e+05       5s
  18   3.53e-03 2.59e-04   7.48406034e+10 -2.15292508e+09  3.89e+05       6s
  19   1.73e-03 1.75e-04   4.28679862e+10 -5.85669070e+08  2.20e+05       6s
  20   8.99e-04 4.96e-05   3.32851764e+10  1.28682374e+09  1.61e+05       6s
  21   1.67e-04 2.01e-05   1.84412330e+10  2.09567134e+09  8.24e+04       7s
  22   4.83e-05 8.29e-06   8.66196080e+09  2.88067114e+09  2.91e+04       7s
  23   2.12e-05 2.83e-06   6.15256833e+09  3.28027808e+09  1.45e+04       7s
  24   4.89e-06 1.21e-06   4.34891626e+09  3.41707916e+09  4.70e+03       8s
  25   1.43e-06 5.31e-07   3.87209218e+09  3.48168970e+09  1.97e+03       8s
  26   5.36e-07 1.83e-07   3.68339769e+09  3.52038659e+09  8.22e+02       8s
  27   2.38e-07 5.36e-08   3.60330225e+09  3.53590321e+09  3.40e+02       8s
  28   8.94e-08 1.75e-08   3.56458273e+09  3.54095917e+09  1.19e+02       9s
  29   8.94e-08 4.66e-09   3.54960575e+09  3.54289958e+09  3.38e+01       9s
  30   1.19e-07 1.40e-09   3.54546053e+09  3.54351991e+09  9.78e+00       9s
  31   2.09e-07 6.98e-10   3.54447368e+09  3.54362943e+09  4.26e+00       9s
  32   1.79e-07 3.49e-10   3.54382954e+09  3.54374266e+09  4.38e-01       9s
  33   8.94e-08 2.33e-10   3.54377427e+09  3.54375545e+09  9.49e-02      10s
  34   1.13e-07 3.49e-10   3.54376162e+09  3.54375685e+09  2.40e-02      10s
  35   2.38e-07 2.33e-10   3.54375871e+09  3.54375697e+09  8.76e-03      10s
  36   2.68e-07 2.33e-10   3.54375718e+09  3.54375705e+09  6.55e-04      10s
  37   5.36e-07 2.33e-10   3.54375708e+09  3.54375707e+09  6.70e-05      10s
  38*  3.87e-07 2.33e-10   3.54375707e+09  3.54375707e+09  7.74e-06      11s
Summary
    Runtime:                                            10.67s
    Status interior point solve:                        optimal
    Status crossover:                                   not run
    objective value:                                    3.54375707e+09
    interior solution primal residual (abs/rel):        4.17e-07 / 2.86e-15
    interior solution dual residual (abs/rel):          2.33e-10 / 1.78e-16
    interior solution objective gap (abs/rel):          1.51e+00 / 4.25e-10
Ipx: IPM       optimal
Model   status      : Optimal
IPM       iterations: 38
Objective value     :  3.5437570720e+09
HiGHS run time      :         12.88
Presolving model
119066 rows, 324952 cols, 750779 nonzeros
88968 rows, 198366 cols, 497283 nonzeros
86636 rows, 116279 cols, 332706 nonzeros
86093 rows, 114046 cols, 328203 nonzeros
Presolve : Reductions: rows 86093(-2549042); columns 114046(-1631339); elements 328203(-7894395)
Solving the presolved LP
IPX model has 86093 rows, 114046 columns and 328203 nonzeros
Input
    Number of variables:                                114046
    Number of free variables:                           0
    Number of constraints:                              86093
    Number of equality constraints:                     13681
    Number of matrix entries:                           328203
    Matrix range:                                       [1e-02, 1e+00]
    RHS range:                                          [2e+05, 1e+08]
    Objective range:                                    [2e-04, 1e+06]
    Bounds range:                                       [5e+04, 1e+08]
Preprocessing
    Dualized model:                                     no
    Number of dense columns:                            0
    Range of scaling factors:                           [1.00e+00, 2.00e+00]
IPX version 1.0
Interior Point Solve
 Iter     P.res    D.res            P.obj           D.obj        mu     Time
   0   2.72e+07 1.49e+05   5.17980987e+13 -5.34612450e+16  4.71e+12       0s
   1   8.09e+06 1.07e+05   4.51865116e+16 -4.31377961e+16  3.10e+12       0s
   2   3.39e+06 7.75e+04   6.08227159e+16 -3.59955416e+16  2.59e+12       0s
   3   1.44e+06 1.42e+04   4.79189175e+16 -7.38578626e+15  6.50e+11       0s
   4   4.45e+05 2.53e+03   2.43579092e+16 -1.82054157e+15  1.82e+11       1s
   5   1.72e+05 7.56e+02   1.09581738e+16 -7.22649957e+14  6.91e+10       1s
 Constructing starting basis...
   6   6.06e+04 1.85e+02   4.38750780e+15 -2.57384267e+14  2.63e+10       2s
   7   1.67e+04 4.67e+01   2.05698026e+15 -1.61079756e+14  1.20e+10       2s
   8   1.77e+03 1.85e+01   5.12612199e+14 -7.88300192e+13  3.20e+09       3s
   9   8.70e+02 9.04e+00   2.82702144e+14 -4.14792237e+13  1.75e+09       3s
  10   2.64e+02 4.37e+00   1.05651875e+14 -2.15714554e+13  6.95e+08       3s
  11   4.10e+01 2.41e+00   3.17846997e+13 -1.25928961e+13  2.54e+08       4s
  12   1.22e+01 3.93e-01   1.42455793e+13 -2.51178045e+12  8.96e+07       4s
  13   2.95e+00 9.05e-02   3.87016845e+12 -6.04937481e+11  2.37e+07       4s
  14   9.33e-01 3.38e-02   1.29184166e+12 -2.26788973e+11  8.02e+06       5s
  15   2.12e-01 9.66e-03   4.46019116e+11 -7.28580579e+10  2.71e+06       5s
  16   1.55e-01 7.01e-03   4.16546206e+11 -5.89988838e+10  2.47e+06       5s
  17   7.72e-02 4.86e-03   2.27716965e+11 -4.05223927e+10  1.39e+06       6s
  18   5.62e-02 3.54e-03   2.01837755e+11 -3.11566880e+10  1.20e+06       6s
  19   4.99e-02 3.21e-03   1.82665376e+11 -2.81276903e+10  1.09e+06       6s
  20   3.52e-02 1.32e-03   1.57404818e+11 -1.35832608e+10  8.71e+05       6s
  21   1.36e-02 4.56e-04   6.49085852e+10 -2.43041975e+09  3.41e+05       7s
  22   7.03e-03 2.97e-04   3.99895452e+10 -6.99131153e+08  2.06e+05       7s
  23   4.01e-03 9.38e-05   3.05646309e+10  1.39564434e+09  1.47e+05       7s
  24   9.20e-04 3.26e-05   1.80400593e+10  2.24340392e+09  7.97e+04       8s
  25   2.31e-04 1.34e-05   8.04888393e+09  2.94024223e+09  2.58e+04       8s
  26   9.27e-05 4.33e-06   5.65662244e+09  3.31208949e+09  1.18e+04       8s
  27   2.54e-05 2.16e-06   4.25960714e+09  3.41524325e+09  4.26e+03       9s
  28   6.68e-06 8.74e-07   3.79354539e+09  3.48226865e+09  1.57e+03       9s
  29   2.26e-06 2.73e-07   3.63935774e+09  3.51752297e+09  6.14e+02       9s
  30   5.36e-07 7.68e-08   3.56906974e+09  3.52990690e+09  1.97e+02       9s
  31   1.49e-07 2.56e-08   3.54740155e+09  3.53362778e+09  6.94e+01      10s
  32   4.47e-07 9.78e-09   3.53839033e+09  3.53493615e+09  1.74e+01      10s
  33   3.28e-07 1.16e-09   3.53607655e+09  3.53572029e+09  1.80e+00      10s
  34   1.01e-07 5.82e-10   3.53598512e+09  3.53576796e+09  1.09e+00      10s
  35   1.79e-07 4.66e-10   3.53584059e+09  3.53579286e+09  2.41e-01      10s
  36   1.79e-07 2.33e-10   3.53582462e+09  3.53579545e+09  1.47e-01      11s
  37   2.68e-07 2.33e-10   3.53580120e+09  3.53579801e+09  1.61e-02      11s
  38   2.98e-07 2.33e-10   3.53579859e+09  3.53579840e+09  9.67e-04      11s
  39   4.47e-07 2.33e-10   3.53579846e+09  3.53579844e+09  9.52e-05      11s
  40*  6.85e-07 2.33e-10   3.53579845e+09  3.53579845e+09  1.63e-05      11s
Summary
    Runtime:                                            11.47s
    Status interior point solve:                        optimal
    Status crossover:                                   not run
    objective value:                                    3.53579845e+09
    interior solution primal residual (abs/rel):        9.54e-07 / 6.53e-15
    interior solution dual residual (abs/rel):          2.33e-10 / 1.78e-16
    interior solution objective gap (abs/rel):          3.21e+00 / 9.08e-10
Ipx: IPM       optimal
Model   status      : Optimal
IPM       iterations: 40
Objective value     :  3.5357984506e+09
HiGHS run time      :         13.66
Presolving model
119066 rows, 324952 cols, 750779 nonzeros
88968 rows, 198366 cols, 497283 nonzeros
86636 rows, 116279 cols, 332706 nonzeros
86093 rows, 114046 cols, 328203 nonzeros
Presolve : Reductions: rows 86093(-2556557); columns 114046(-1631339); elements 328203(-7901910)
Solving the presolved LP
IPX model has 86093 rows, 114046 columns and 328203 nonzeros
Input
    Number of variables:                                114046
    Number of free variables:                           0
    Number of constraints:                              86093
    Number of equality constraints:                     13681
    Number of matrix entries:                           328203
    Matrix range:                                       [1e-02, 1e+00]
    RHS range:                                          [2e+05, 1e+08]
    Objective range:                                    [2e-04, 1e+06]
    Bounds range:                                       [5e+04, 1e+08]
Preprocessing
    Dualized model:                                     no
    Number of dense columns:                            0
    Range of scaling factors:                           [1.00e+00, 2.00e+00]
IPX version 1.0
Interior Point Solve
 Iter     P.res    D.res            P.obj           D.obj        mu     Time
   0   2.72e+07 1.49e+05   5.17980987e+13 -5.34612450e+16  4.71e+12       0s
   1   8.09e+06 1.07e+05   4.51865116e+16 -4.31377961e+16  3.10e+12       0s
   2   3.39e+06 7.75e+04   6.08227159e+16 -3.59955416e+16  2.59e+12       0s
   3   1.44e+06 1.42e+04   4.79189175e+16 -7.38578626e+15  6.50e+11       0s
   4   4.45e+05 2.53e+03   2.43579092e+16 -1.82054157e+15  1.82e+11       1s
   5   1.72e+05 7.56e+02   1.09581738e+16 -7.22649957e+14  6.91e+10       1s
 Constructing starting basis...
   6   6.06e+04 1.85e+02   4.38750780e+15 -2.57384267e+14  2.63e+10       2s
   7   1.67e+04 4.67e+01   2.05698026e+15 -1.61079756e+14  1.20e+10       2s
   8   1.77e+03 1.85e+01   5.12612199e+14 -7.88300192e+13  3.20e+09       3s
   9   8.70e+02 9.04e+00   2.82702144e+14 -4.14792237e+13  1.75e+09       3s
  10   2.64e+02 4.37e+00   1.05651875e+14 -2.15714554e+13  6.95e+08       3s
  11   4.10e+01 2.41e+00   3.17846997e+13 -1.25928961e+13  2.54e+08       4s
  12   1.22e+01 3.93e-01   1.42455793e+13 -2.51178045e+12  8.96e+07       4s
  13   2.95e+00 9.05e-02   3.87016845e+12 -6.04937481e+11  2.37e+07       4s
  14   9.33e-01 3.38e-02   1.29184166e+12 -2.26788973e+11  8.02e+06       5s
  15   2.12e-01 9.66e-03   4.46019116e+11 -7.28580579e+10  2.71e+06       5s
  16   1.55e-01 7.01e-03   4.16546206e+11 -5.89988838e+10  2.47e+06       5s
  17   7.72e-02 4.86e-03   2.27716965e+11 -4.05223927e+10  1.39e+06       6s
  18   5.62e-02 3.54e-03   2.01837755e+11 -3.11566880e+10  1.20e+06       6s
  19   4.99e-02 3.21e-03   1.82665376e+11 -2.81276903e+10  1.09e+06       6s
  20   3.52e-02 1.32e-03   1.57404818e+11 -1.35832608e+10  8.71e+05       6s
  21   1.36e-02 4.56e-04   6.49085852e+10 -2.43041975e+09  3.41e+05       7s
  22   7.03e-03 2.97e-04   3.99895452e+10 -6.99131153e+08  2.06e+05       7s
  23   4.01e-03 9.38e-05   3.05646309e+10  1.39564434e+09  1.47e+05       7s
  24   9.20e-04 3.26e-05   1.80400593e+10  2.24340392e+09  7.97e+04       8s
  25   2.31e-04 1.34e-05   8.04888393e+09  2.94024223e+09  2.58e+04       8s
  26   9.27e-05 4.33e-06   5.65662244e+09  3.31208949e+09  1.18e+04       8s
  27   2.54e-05 2.16e-06   4.25960714e+09  3.41524325e+09  4.26e+03       8s
  28   6.68e-06 8.74e-07   3.79354539e+09  3.48226865e+09  1.57e+03       9s
  29   2.26e-06 2.73e-07   3.63935774e+09  3.51752297e+09  6.14e+02       9s
  30   5.36e-07 7.68e-08   3.56906974e+09  3.52990690e+09  1.97e+02       9s
  31   1.49e-07 2.56e-08   3.54740155e+09  3.53362778e+09  6.94e+01      10s
  32   4.47e-07 9.78e-09   3.53839033e+09  3.53493615e+09  1.74e+01      10s
  33   3.28e-07 1.16e-09   3.53607655e+09  3.53572029e+09  1.80e+00      10s
  34   1.01e-07 5.82e-10   3.53598512e+09  3.53576796e+09  1.09e+00      10s
  35   1.79e-07 4.66e-10   3.53584059e+09  3.53579286e+09  2.41e-01      10s
  36   1.79e-07 2.33e-10   3.53582462e+09  3.53579545e+09  1.47e-01      11s
  37   2.68e-07 2.33e-10   3.53580120e+09  3.53579801e+09  1.61e-02      11s
  38   2.98e-07 2.33e-10   3.53579859e+09  3.53579840e+09  9.67e-04      11s
  39   4.47e-07 2.33e-10   3.53579846e+09  3.53579844e+09  9.52e-05      11s
  40*  6.85e-07 2.33e-10   3.53579845e+09  3.53579845e+09  1.63e-05      11s
Summary
    Runtime:                                            11.46s
    Status interior point solve:                        optimal
    Status crossover:                                   not run
    objective value:                                    3.53579845e+09
    interior solution primal residual (abs/rel):        9.54e-07 / 6.53e-15
    interior solution dual residual (abs/rel):          2.33e-10 / 1.78e-16
    interior solution objective gap (abs/rel):          3.21e+00 / 9.08e-10
Ipx: IPM       optimal
Model   status      : Optimal
IPM       iterations: 40
Objective value     :  3.5357984506e+09
HiGHS run time      :         13.87
[ Info: Rolling step not specified in scenaio.yaml file; Setting it to 5 years
[ Info: Demand-pathway mapping not specified in scenaio.yaml file; SERA will not look for eligible pathways for different demand types.
[ Info: Production capacity constraints from the grid model not defined. SERA will not create these constraints
[ Info: Regional technology limits not specified in scenaio.yaml file; SERA will not create these constraints
STARTING DATA PRE-PROCESSING 
Processing Temporal Data
Processing Nodes
Processing Demand
Processing Existings
Processing Links
Processing Pathways
Creating Infrastructure options
 19.554968 seconds (99.46 M allocations: 11.605 GiB, 42.32% gc time, 0.44% compilation time)

OPTIMIZING FROM 2026 TO 2030 

STARTING OPTIMIZATION MODEL CREATION
CREATING VARIABLES AND EXPRESSIONS
 18.656772 seconds (140.31 M allocations: 8.653 GiB, 36.29% gc time, 34.76% compilation time)
POPULATING EXPRESSIONS
 12.174233 seconds (56.50 M allocations: 8.733 GiB, 5.66% gc time, 1.51% compilation time)
CREATING CONSTRAINTS
 16.808496 seconds (87.77 M allocations: 4.878 GiB, 43.76% gc time, 9.46% compilation time)
POPULATED CORE OPTIMIZATION MODEL, STARTING ITERATIONS
READING COST DATA FOR ITERATION 1
 20.862801 seconds (59.39 M allocations: 5.744 GiB, 36.12% gc time, 2.04% compilation time)
CREATING EXPRESSIONS FOR CAPITAL AND FIXED COST
 19.179723 seconds (32.67 M allocations: 2.049 GiB, 81.13% gc time, 7.54% compilation time)
BUILDING OBJECTIVE FUNCTION
  5.963672 seconds (20.04 M allocations: 668.636 MiB, 56.85% gc time, 13.83% compilation time)
Optimizing for iteration 1
 48.155375 seconds (28.62 M allocations: 2.742 GiB, 61.25% gc time, 0.07% compilation time)
OPTIMAL
1.2831394053022494e9
 =  1.0
READING COST DATA FOR ITERATION 2
108.053095 seconds (47.66 M allocations: 5.526 GiB, 21.73% gc time, 0.02% compilation time)
CREATING EXPRESSIONS FOR CAPITAL AND FIXED COST
 20.772138 seconds (31.00 M allocations: 1.940 GiB, 89.25% gc time, 0.02% compilation time)
BUILDING OBJECTIVE FUNCTION
  5.317346 seconds (19.38 M allocations: 646.705 MiB, 67.85% gc time)
Optimizing for iteration 2
 12.031535 seconds (5 allocations: 32 bytes)
OPTIMAL
1.57737267959574e9
 =  0.18653377106097466
READING COST DATA FOR ITERATION 3
113.600895 seconds (47.59 M allocations: 5.467 GiB, 26.32% gc time)
CREATING EXPRESSIONS FOR CAPITAL AND FIXED COST
 16.809939 seconds (31.00 M allocations: 1.940 GiB, 86.91% gc time)
BUILDING OBJECTIVE FUNCTION
  2.018918 seconds (19.38 M allocations: 643.318 MiB, 13.74% gc time)
Optimizing for iteration 3
 11.295507 seconds (2 allocations: 32 bytes)
OPTIMAL
1.3087695192927303e9
 =  0.20523335571583218
READING COST DATA FOR ITERATION 4
114.107967 seconds (47.59 M allocations: 5.484 GiB, 26.60% gc time)
CREATING EXPRESSIONS FOR CAPITAL AND FIXED COST
 16.960671 seconds (31.00 M allocations: 1.940 GiB, 87.13% gc time)
BUILDING OBJECTIVE FUNCTION
  2.027248 seconds (19.38 M allocations: 643.318 MiB, 13.28% gc time)
Optimizing for iteration 4
 11.597287 seconds (2 allocations: 32 bytes)
OPTIMAL
1.3016637013520942e9
 =  0.0054590274995180155
READING COST DATA FOR ITERATION 5
114.972814 seconds (47.58 M allocations: 5.522 GiB, 26.75% gc time)
CREATING EXPRESSIONS FOR CAPITAL AND FIXED COST
 17.126144 seconds (31.00 M allocations: 1.940 GiB, 87.11% gc time)
BUILDING OBJECTIVE FUNCTION
  2.033270 seconds (19.38 M allocations: 643.318 MiB, 12.88% gc time)
Optimizing for iteration 5
 11.452532 seconds (2 allocations: 32 bytes)
OPTIMAL
1.2981021570188553e9
 =  0.002743654892121667
READING COST DATA FOR ITERATION 6
115.120120 seconds (47.58 M allocations: 5.491 GiB, 26.88% gc time)
CREATING EXPRESSIONS FOR CAPITAL AND FIXED COST
 17.229280 seconds (31.00 M allocations: 1.940 GiB, 87.29% gc time)
BUILDING OBJECTIVE FUNCTION
  2.035530 seconds (19.38 M allocations: 643.318 MiB, 13.37% gc time)
Optimizing for iteration 6
 11.389891 seconds (2 allocations: 32 bytes)
OPTIMAL
1.2981021570188553e9
 =  0.0
ITERATIONS COMPLETED
WRITING RESULTS TO FILE
  5.336457 seconds (7.65 M allocations: 343.320 MiB, 76.79% gc time, 11.69% compilation time)

OPTIMIZING FROM 2031 TO 2035 

STARTING OPTIMIZATION MODEL CREATION
CREATING VARIABLES AND EXPRESSIONS
131.528067 seconds (131.36 M allocations: 8.073 GiB, 94.09% gc time, 0.15% compilation time)
POPULATING EXPRESSIONS
 17.278541 seconds (56.32 M allocations: 8.724 GiB, 35.11% gc time)
CREATING CONSTRAINTS
 52.766443 seconds (85.05 M allocations: 4.699 GiB, 83.24% gc time)
POPULATED CORE OPTIMIZATION MODEL, STARTING ITERATIONS
READING COST DATA FOR ITERATION 1
 58.431468 seconds (47.50 M allocations: 5.495 GiB, 78.37% gc time)
CREATING EXPRESSIONS FOR CAPITAL AND FIXED COST
 23.691236 seconds (30.97 M allocations: 1.939 GiB, 91.42% gc time)
BUILDING OBJECTIVE FUNCTION
  2.124713 seconds (19.38 M allocations: 620.777 MiB, 18.21% gc time)
Optimizing for iteration 1
 74.614124 seconds (28.60 M allocations: 2.741 GiB, 69.39% gc time)
OPTIMAL
3.888582660517295e13
 =  1.0
READING COST DATA FOR ITERATION 2
129.513664 seconds (47.64 M allocations: 5.516 GiB, 35.62% gc time)
CREATING EXPRESSIONS FOR CAPITAL AND FIXED COST
 26.821542 seconds (31.00 M allocations: 1.940 GiB, 91.82% gc time)
BUILDING OBJECTIVE FUNCTION
  8.104491 seconds (19.38 M allocations: 643.332 MiB, 77.07% gc time)
Optimizing for iteration 2
 12.247360 seconds (5 allocations: 32 bytes)
OPTIMAL
2.95287660912498e9
 =  13167.794959127406
READING COST DATA FOR ITERATION 3
135.516926 seconds (47.63 M allocations: 5.486 GiB, 38.68% gc time)
CREATING EXPRESSIONS FOR CAPITAL AND FIXED COST
 26.474466 seconds (31.00 M allocations: 1.940 GiB, 92.04% gc time)
BUILDING OBJECTIVE FUNCTION
  2.256767 seconds (19.38 M allocations: 643.332 MiB, 18.03% gc time)
Optimizing for iteration 3
 11.807667 seconds (2 allocations: 32 bytes)
OPTIMAL
2.8208731138631077e9
 =  0.04679526158526501
READING COST DATA FOR ITERATION 4
136.657010 seconds (47.63 M allocations: 5.579 GiB, 38.92% gc time)
CREATING EXPRESSIONS FOR CAPITAL AND FIXED COST
 26.695747 seconds (31.00 M allocations: 1.940 GiB, 92.22% gc time)
BUILDING OBJECTIVE FUNCTION
  2.135151 seconds (19.38 M allocations: 643.332 MiB, 16.79% gc time)
Optimizing for iteration 4
 11.513907 seconds (2 allocations: 32 bytes)
OPTIMAL
2.820213660599376e9
 =  0.00023383095859138138
ITERATIONS COMPLETED
WRITING RESULTS TO FILE
  8.769021 seconds (13.44 M allocations: 603.881 MiB, 77.03% gc time, 9.38% compilation time)

OPTIMIZING FROM 2036 TO 2040 

STARTING OPTIMIZATION MODEL CREATION
CREATING VARIABLES AND EXPRESSIONS
189.877627 seconds (131.10 M allocations: 8.027 GiB, 96.04% gc time)
POPULATING EXPRESSIONS
 20.537270 seconds (56.34 M allocations: 8.731 GiB, 44.69% gc time)
CREATING CONSTRAINTS
 56.302824 seconds (85.06 M allocations: 4.701 GiB, 83.80% gc time, 0.01% compilation time)
POPULATED CORE OPTIMIZATION MODEL, STARTING ITERATIONS
READING COST DATA FOR ITERATION 1
 61.244795 seconds (47.50 M allocations: 5.463 GiB, 79.26% gc time)
CREATING EXPRESSIONS FOR CAPITAL AND FIXED COST
 24.932439 seconds (31.11 M allocations: 1.945 GiB, 91.16% gc time, 0.24% compilation time)
BUILDING OBJECTIVE FUNCTION
  2.403291 seconds (19.38 M allocations: 620.793 MiB, 22.64% gc time)
Optimizing for iteration 1
 72.710543 seconds (29.62 M allocations: 2.757 GiB, 66.83% gc time)
OPTIMAL
3.916915082642548e13
 =  1.0
READING COST DATA FOR ITERATION 2
137.924153 seconds (47.69 M allocations: 5.469 GiB, 39.19% gc time)
CREATING EXPRESSIONS FOR CAPITAL AND FIXED COST
 27.407084 seconds (31.11 M allocations: 1.943 GiB, 91.73% gc time)
BUILDING OBJECTIVE FUNCTION
  2.650721 seconds (19.38 M allocations: 643.350 MiB, 24.29% gc time)
Optimizing for iteration 2
 13.026018 seconds (5 allocations: 32 bytes)
OPTIMAL
3.603006672156338e9
 =  10870.24015870352
READING COST DATA FOR ITERATION 3
138.387614 seconds (47.68 M allocations: 5.485 GiB, 39.37% gc time)
CREATING EXPRESSIONS FOR CAPITAL AND FIXED COST
 27.667101 seconds (31.11 M allocations: 1.943 GiB, 91.62% gc time)
BUILDING OBJECTIVE FUNCTION
  2.535923 seconds (19.38 M allocations: 643.350 MiB, 22.55% gc time)
Optimizing for iteration 3
 12.902104 seconds (2 allocations: 32 bytes)
OPTIMAL
3.5437570720490727e9
 =  0.016719430509238735
READING COST DATA FOR ITERATION 4
138.453695 seconds (47.68 M allocations: 5.469 GiB, 39.62% gc time)
CREATING EXPRESSIONS FOR CAPITAL AND FIXED COST
 27.803111 seconds (31.11 M allocations: 1.943 GiB, 91.76% gc time)
BUILDING OBJECTIVE FUNCTION
  2.540915 seconds (19.38 M allocations: 643.350 MiB, 21.87% gc time)
Optimizing for iteration 4
 13.680142 seconds (2 allocations: 32 bytes)
OPTIMAL
3.535798450557522e9
 =  0.0022508696699478628
READING COST DATA FOR ITERATION 5
138.953491 seconds (47.68 M allocations: 5.564 GiB, 39.75% gc time)
CREATING EXPRESSIONS FOR CAPITAL AND FIXED COST
 27.970663 seconds (31.11 M allocations: 1.943 GiB, 91.71% gc time)
BUILDING OBJECTIVE FUNCTION
  2.544110 seconds (19.38 M allocations: 643.350 MiB, 22.46% gc time)
Optimizing for iteration 5
 13.891311 seconds (2 allocations: 32 bytes)
OPTIMAL
3.535798450557522e9
 =  0.0
ITERATIONS COMPLETED
WRITING RESULTS TO FILE
  9.249925 seconds (17.68 M allocations: 749.922 MiB, 78.69% gc time)

THE OPTIMIZATION PROBLEM TOOK 50.63 MINUTES TO SOLVE. 
