Running HiGHS 1.6.0: Copyright (c) 2023 HiGHS under MIT licence terms
Presolving model
1205112 rows, 2658686 cols, 6784502 nonzeros
921925 rows, 1794043 cols, 5053149 nonzeros
913766 rows, 1032322 cols, 3525878 nonzeros
904241 rows, 1022144 cols, 3505537 nonzeros
Presolve : Reductions: rows 904241(-9326526); columns 1022144(-5887878); elements 3505537(-35736117)
Solving the presolved LP
IPX model has 904241 rows, 1022144 columns and 3505537 nonzeros
Input
    Number of variables:                                1022144
    Number of free variables:                           0
    Number of constraints:                              904241
    Number of equality constraints:                     56190
    Number of matrix entries:                           3505537
    Matrix range:                                       [1e-02, 1e+00]
    RHS range:                                          [2e+05, 1e+08]
    Objective range:                                    [2e-04, 9e+01]
    Bounds range:                                       [7e+05, 9e+07]
Preprocessing
    Dualized model:                                     no
    Number of dense columns:                            0
    Range of scaling factors:                           [1.00e+00, 2.00e+00]
IPX version 1.0
Interior Point Solve
 Iter     P.res    D.res            P.obj           D.obj        mu     Time
   0   1.77e+07 6.09e+01   5.97627495e+09 -1.65259802e+14  1.16e+09       1s
   1   6.85e+06 5.03e+01   5.27149628e+12 -1.43697877e+14  1.04e+09       2s
   2   3.78e+06 4.42e+01   9.31558248e+12 -1.35925450e+14  1.19e+09       5s
   3   1.47e+06 1.43e+01   9.91792414e+12 -4.90413021e+13  3.97e+08       8s
   4   5.70e+05 8.69e+00   1.07970283e+13 -3.50564322e+13  2.75e+08      14s
   5   2.61e+05 4.59e+00   1.08079246e+13 -2.24635617e+13  1.61e+08      24s
 Constructing starting basis...
   6   9.46e+04 2.61e+00   1.03627493e+13 -1.50929068e+13  1.06e+08      52s
   7   1.71e+04 7.31e-01   7.75680504e+12 -4.46874575e+12  3.12e+07      71s
   8   2.00e+03 2.56e-01   4.56118592e+12 -1.69689522e+12  1.12e+07      94s
   9   9.81e+02 1.14e-01   3.79439325e+12 -1.03028295e+12  6.03e+06     124s
  10   7.26e+02 5.36e-02   3.37931045e+12 -6.39298783e+11  3.69e+06     148s
  11   4.16e+02 3.34e-02   2.58117136e+12 -4.62808866e+11  2.49e+06     175s
  12   1.86e+02 8.62e-03   1.49717846e+12 -1.46686822e+11  1.02e+06     198s
  13   4.35e+01 2.80e-03   5.20521872e+11 -5.57014485e+10  3.24e+05     219s
  14   7.85e+00 1.37e-03   2.81679481e+11 -3.55206891e+10  1.71e+05     236s
  15   3.22e+00 4.61e-04   1.83212197e+11 -1.59740403e+10  1.04e+05     250s
  16   1.93e+00 1.45e-04   1.33355377e+11 -4.93663995e+09  7.11e+04     264s
  17   8.49e-01 6.99e-05   9.29837241e+10 -1.47846641e+09  4.84e+04     279s
  18   6.63e-01 4.12e-05   8.18755967e+10  6.24253702e+08  4.15e+04     294s
  19   4.80e-01 2.66e-05   6.42447760e+10  2.61111433e+09  3.15e+04     313s
  20   3.55e-01 2.18e-05   5.23146000e+10  3.23926911e+09  2.51e+04     333s
  21   2.09e-01 1.55e-05   3.80603955e+10  4.08571198e+09  1.73e+04     359s
  22   1.30e-01 1.22e-05   2.84794484e+10  4.63922890e+09  1.22e+04     386s
  23   8.36e-02 8.74e-06   2.21956584e+10  5.28934494e+09  8.63e+03     414s
  24   4.97e-02 5.90e-06   1.88196514e+10  5.69559935e+09  6.70e+03     448s
  25   3.47e-02 3.84e-06   1.61416564e+10  6.13337605e+09  5.11e+03     485s
  26   2.29e-02 2.67e-06   1.41905956e+10  6.35255795e+09  4.00e+03     526s
  27   2.25e-02 2.46e-06   1.41322062e+10  6.38162961e+09  3.95e+03     566s
  28   1.62e-02 1.67e-06   1.27112638e+10  6.57650691e+09  3.13e+03     596s
  29   1.58e-02 7.28e-07   1.26498855e+10  6.72757497e+09  3.02e+03     638s
  30   9.05e-03 4.24e-07   1.08695046e+10  6.85031288e+09  2.05e+03     674s
  31   6.40e-03 2.51e-07   1.01523739e+10  6.92036631e+09  1.65e+03     716s
  32   4.12e-03 1.89e-07   9.19211026e+09  6.96710294e+09  1.14e+03     754s
  33   3.51e-03 1.28e-07   9.00676933e+09  7.00056015e+09  1.02e+03     791s
  34   2.90e-03 8.16e-08   8.76227077e+09  7.03640917e+09  8.81e+02     823s
  35   2.41e-03 5.55e-08   8.52193332e+09  7.06301952e+09  7.44e+02     851s
  36   2.20e-03 4.75e-08   8.42710061e+09  7.06977144e+09  6.92e+02     882s
  37   1.61e-03 3.06e-08   8.13206297e+09  7.08822287e+09  5.33e+02     906s
  38   1.40e-03 2.64e-08   8.04609670e+09  7.09154563e+09  4.87e+02     932s
  39   1.05e-03 1.43e-08   7.89649924e+09  7.10176735e+09  4.05e+02     954s
  40   1.01e-03 9.60e-09   7.87645574e+09  7.10705911e+09  3.93e+02     976s
  41   4.45e-04 2.61e-09   7.72398606e+09  7.10392018e+09  3.16e+02     998s
  42   3.75e-04 2.34e-09   7.64825013e+09  7.10664572e+09  2.76e+02    1021s
  43   2.17e-04 1.42e-09   7.59288685e+09  7.10782782e+09  2.47e+02    1043s
  44   1.36e-04 1.09e-09   7.44335066e+09  7.11385970e+09  1.68e+02    1064s
  45   1.22e-04 8.77e-10   7.43266167e+09  7.11563525e+09  1.62e+02    1088s
  46   6.34e-05 4.23e-10   7.35222399e+09  7.12232331e+09  1.17e+02    1108s
  47   5.79e-05 3.69e-10   7.34584301e+09  7.12299181e+09  1.14e+02    1132s
  48   3.77e-05 2.34e-10   7.30087089e+09  7.12633380e+09  8.90e+01    1151s
  49   3.20e-05 1.81e-10   7.28193803e+09  7.12827006e+09  7.84e+01    1171s
  50   2.77e-05 1.54e-10   7.26563021e+09  7.12939860e+09  6.95e+01    1191s
  51   2.38e-05 1.08e-10   7.25158534e+09  7.13115687e+09  6.14e+01    1210s
  52   2.02e-05 7.00e-11   7.23979671e+09  7.13251278e+09  5.47e+01    1229s
  53   1.67e-05 3.06e-11   7.22821958e+09  7.13395066e+09  4.81e+01    1247s
  54   1.35e-05 2.26e-11   7.21307046e+09  7.13463025e+09  4.00e+01    1265s
  55   1.12e-05 1.93e-11   7.20149862e+09  7.13497893e+09  3.39e+01    1283s
  56   7.88e-06 1.25e-11   7.18588885e+09  7.13559148e+09  2.57e+01    1300s
  57   6.42e-06 2.71e-12   7.18203308e+09  7.13565805e+09  2.37e+01    1318s
  58   4.98e-06 1.36e-12   7.17480724e+09  7.13617982e+09  1.97e+01    1335s
  59   2.85e-06 1.02e-12   7.16328108e+09  7.13633781e+09  1.37e+01    1352s
  60   2.01e-06 8.95e-13   7.15754463e+09  7.13643714e+09  1.08e+01    1371s
  61   5.81e-07 7.39e-13   7.14543394e+09  7.13659498e+09  4.51e+00    1389s
  62   3.58e-07 5.68e-13   7.14408457e+09  7.13673440e+09  3.75e+00    1410s
  63   2.09e-07 3.55e-13   7.14026297e+09  7.13700075e+09  1.66e+00    1430s
  64   1.79e-07 2.27e-13   7.13962631e+09  7.13717430e+09  1.25e+00    1450s
  65   4.17e-07 9.95e-14   7.13850575e+09  7.13738319e+09  5.73e-01    1470s
  66   6.56e-07 4.26e-14   7.13756604e+09  7.13747470e+09  4.66e-02    1489s
  67   3.58e-07 4.26e-14   7.13748410e+09  7.13748231e+09  9.15e-04    1508s
  68   4.47e-07 5.68e-14   7.13748270e+09  7.13748267e+09  1.94e-05    1526s
  69*  4.17e-07 5.68e-14   7.13748268e+09  7.13748268e+09  8.93e-07    1546s
Summary
    Runtime:                                            1546.22s
    Status interior point solve:                        optimal
    Status crossover:                                   not run
    objective value:                                    7.13748268e+09
    interior solution primal residual (abs/rel):        3.87e-07 / 3.49e-15
    interior solution dual residual (abs/rel):          8.03e-11 / 9.13e-13
    interior solution objective gap (abs/rel):          1.69e+00 / 2.37e-10
Ipx: IPM       optimal
Model   status      : Optimal
IPM       iterations: 69
Objective value     :  7.1374826815e+09
HiGHS run time      :       1558.87
Presolving model
1205112 rows, 2658686 cols, 6784502 nonzeros
921925 rows, 1794043 cols, 5053149 nonzeros
913766 rows, 1032322 cols, 3525878 nonzeros
904241 rows, 1022144 cols, 3505537 nonzeros
Presolve : Reductions: rows 904241(-9356586); columns 1022144(-5887878); elements 3505537(-35766177)
Solving the presolved LP
IPX model has 904241 rows, 1022144 columns and 3505537 nonzeros
Input
    Number of variables:                                1022144
    Number of free variables:                           0
    Number of constraints:                              904241
    Number of equality constraints:                     56190
    Number of matrix entries:                           3505537
    Matrix range:                                       [1e-02, 1e+00]
    RHS range:                                          [2e+05, 1e+08]
    Objective range:                                    [2e-04, 1e+07]
    Bounds range:                                       [7e+05, 9e+07]
Preprocessing
    Dualized model:                                     no
    Number of dense columns:                            0
    Range of scaling factors:                           [1.00e+00, 2.00e+00]
IPX version 1.0
Interior Point Solve
 Iter     P.res    D.res            P.obj           D.obj        mu     Time
   0   1.77e+07 2.85e+06   2.17610328e+14 -7.73265486e+18  5.46e+13       0s
   1   7.02e+06 2.37e+06   7.14879414e+17 -6.76329689e+18  4.93e+13       2s
   2   3.87e+06 2.07e+06   1.21036280e+18 -6.37931112e+18  5.55e+13       5s
   3   1.53e+06 6.76e+05   1.25914778e+18 -2.33089081e+18  1.88e+13       8s
   4   5.90e+05 4.08e+05   1.29503631e+18 -1.65744088e+18  1.28e+13      13s
   5   2.74e+05 2.19e+05   1.23372492e+18 -1.08699373e+18  7.60e+12      22s
 Constructing starting basis...
   6   1.01e+05 1.27e+05   1.09728672e+18 -7.44841928e+17  5.01e+12      53s
   7   8.75e+03 3.72e+04   6.90187453e+17 -2.44032617e+17  1.52e+12      75s
   8   6.65e+02 1.78e+04   4.10233439e+17 -1.38817806e+17  7.04e+11     101s
   9   3.24e+02 6.68e+03   3.11277443e+17 -6.44197456e+16  3.31e+11     126s
  10   3.02e+02 4.53e+03   3.06817660e+17 -5.53872487e+16  2.79e+11     150s
  11   1.83e+02 2.01e+03   2.23238450e+17 -2.87453776e+16  1.63e+11     172s
  12   1.47e+02 1.06e+03   1.95531255e+17 -1.96888688e+16  1.27e+11     197s
  13   9.35e+01 5.52e+02   1.31320558e+17 -1.08575565e+16  7.93e+10     220s
  14   5.23e+01 2.22e+02   7.85479866e+16 -4.97056265e+15  4.46e+10     241s
  15   1.45e+01 6.91e+01   2.64905487e+16 -1.89519769e+15  1.49e+10     260s
  16   4.83e+00 2.55e+01   1.11773838e+16 -8.70771414e+14  6.29e+09     276s
  17   2.03e+00 1.32e+01   7.24645041e+15 -6.14077151e+14  4.11e+09     291s
  18   5.21e-01 7.34e+00   2.76936795e+15 -3.75545574e+14  1.67e+09     307s
  19   2.85e-01 4.04e+00   1.92596242e+15 -2.28718229e+14  1.14e+09     324s
  20   1.14e-01 2.00e+00   1.04674547e+15 -1.24960259e+14  6.19e+08     342s
  21   4.14e-02 1.14e+00   4.62647931e+14 -7.51223936e+13  2.86e+08     359s
  22   5.00e-03 4.95e-01   1.40042656e+14 -3.59366160e+13  9.52e+07     376s
  23   1.34e-03 1.40e-01   5.81734662e+13 -1.13202706e+13  3.70e+07     394s
  24   1.17e-03 4.87e-02   5.16927212e+13 -4.24115232e+12  2.91e+07     411s
  25   4.02e-04 6.13e-03   3.23969147e+13 -1.67931867e+12  1.75e+07     427s
  26   1.92e-04 2.73e-03   1.73050819e+13 -8.45615242e+11  9.29e+06     444s
  27   1.34e-04 1.91e-03   1.27250753e+13 -6.23913692e+11  6.83e+06     460s
  28   2.07e-05 1.46e-04   5.76719810e+12 -2.69005633e+11  3.08e+06     475s
  29   9.30e-06 8.26e-05   3.23617660e+12 -1.75714359e+11  1.74e+06     491s
  30   3.58e-06 4.52e-05   1.77031986e+12 -1.11573298e+11  9.60e+05     506s
  31   2.15e-06 2.43e-05   1.24132529e+12 -6.87011102e+10  6.68e+05     521s
  32   1.19e-06 1.56e-05   7.85287347e+11 -4.73588467e+10  4.25e+05     536s
  33   7.15e-07 8.49e-06   6.59766933e+11 -3.18644303e+10  3.53e+05     551s
  34   7.15e-07 4.58e-06   5.84719160e+11 -2.12513304e+10  3.09e+05     565s
  35   3.58e-07 2.27e-06   4.39443080e+11 -1.28440705e+10  2.31e+05     579s
  36   3.58e-07 1.80e-06   3.76816863e+11 -1.12033182e+10  1.98e+05     593s
  37   2.98e-07 8.55e-07   2.13593131e+11 -1.24446132e+09  1.10e+05     607s
  38   4.17e-07 2.37e-07   1.30853383e+11  4.42367545e+09  6.45e+04     620s
  39   2.38e-07 1.06e-07   7.08638051e+10  6.63592992e+09  3.28e+04     634s
  40   2.38e-07 3.91e-08   6.37487210e+10  9.03339694e+09  2.79e+04     648s
  41   2.98e-07 1.49e-08   3.98794030e+10  1.00431662e+10  1.52e+04     662s
  42   4.47e-07 1.12e-08   2.60101969e+10  1.03225967e+10  8.00e+03     674s
  43   3.28e-07 7.45e-09   1.64085366e+10  1.06236838e+10  2.95e+03     685s
  44   1.19e-07 3.73e-09   1.29835060e+10  1.08416841e+10  1.09e+03     698s
  45   1.79e-07 3.73e-09   1.18064567e+10  1.09112182e+10  4.57e+02     710s
  46   2.09e-07 3.73e-09   1.13113843e+10  1.09545252e+10  1.82e+02     722s
  47   3.28e-07 2.79e-09   1.11059528e+10  1.09698594e+10  6.94e+01     733s
  48   2.03e-07 2.79e-09   1.10109295e+10  1.09792249e+10  1.62e+01     743s
  49   3.28e-07 3.73e-09   1.09903106e+10  1.09813956e+10  4.55e+00     754s
  50   3.58e-07 3.73e-09   1.09832986e+10  1.09820914e+10  6.16e-01     764s
  51   2.68e-07 3.73e-09   1.09822601e+10  1.09821638e+10  4.91e-02     774s
  52   1.79e-07 3.73e-09   1.09822012e+10  1.09821838e+10  8.85e-03     784s
  53   3.58e-07 3.73e-09   1.09821881e+10  1.09821864e+10  8.46e-04     794s
  54   4.77e-07 3.73e-09   1.09821868e+10  1.09821866e+10  9.23e-05     804s
  55   1.13e-06 1.86e-09   1.09821867e+10  1.09821867e+10  1.21e-05     814s
  56*  5.07e-07 1.86e-09   1.09821867e+10  1.09821867e+10  5.61e-07     824s
Summary
    Runtime:                                            823.79s
    Status interior point solve:                        optimal
    Status crossover:                                   not run
    objective value:                                    1.09821867e+10
    interior solution primal residual (abs/rel):        6.11e-07 / 5.50e-15
    interior solution dual residual (abs/rel):          9.31e-10 / 9.62e-17
    interior solution objective gap (abs/rel):          8.34e-01 / 7.59e-11
Ipx: IPM       optimal
Model   status      : Optimal
IPM       iterations: 56
Objective value     :  1.0982186692e+10
HiGHS run time      :        836.16
Presolving model
1205112 rows, 2658686 cols, 6784502 nonzeros
921925 rows, 1794043 cols, 5053149 nonzeros
913766 rows, 1032322 cols, 3525878 nonzeros
904241 rows, 1022144 cols, 3505537 nonzeros
Presolve : Reductions: rows 904241(-9386646); columns 1022144(-5887878); elements 3505537(-35796237)
Solving the presolved LP
IPX model has 904241 rows, 1022144 columns and 3505537 nonzeros
Input
    Number of variables:                                1022144
    Number of free variables:                           0
    Number of constraints:                              904241
    Number of equality constraints:                     56190
    Number of matrix entries:                           3505537
    Matrix range:                                       [1e-02, 1e+00]
    RHS range:                                          [2e+05, 1e+08]
    Objective range:                                    [2e-04, 1e+07]
    Bounds range:                                       [7e+05, 9e+07]
Preprocessing
    Dualized model:                                     no
    Number of dense columns:                            0
    Range of scaling factors:                           [1.00e+00, 2.00e+00]
IPX version 1.0
Interior Point Solve
 Iter     P.res    D.res            P.obj           D.obj        mu     Time
   0   1.77e+07 2.85e+06   2.24325422e+14 -7.72014935e+18  5.45e+13       0s
   1   7.02e+06 2.37e+06   7.19592110e+17 -6.75215102e+18  4.92e+13       2s
   2   3.87e+06 2.07e+06   1.21812763e+18 -6.36951828e+18  5.54e+13       5s
   3   1.52e+06 6.75e+05   1.26807760e+18 -2.32697202e+18  1.88e+13       8s
   4   5.84e+05 4.06e+05   1.30409277e+18 -1.65231420e+18  1.27e+13      14s
   5   2.72e+05 2.18e+05   1.24301788e+18 -1.08438817e+18  7.58e+12      23s
 Constructing starting basis...
   6   9.86e+04 1.26e+05   1.10262965e+18 -7.37988894e+17  4.96e+12      54s
   7   9.04e+03 3.76e+04   6.96433521e+17 -2.46079052e+17  1.53e+12      76s
   8   9.04e-03 1.84e+04   3.89903634e+17 -1.41126779e+17  6.94e+11     102s
   9   4.36e-03 6.62e+03   3.01098320e+17 -6.40808428e+16  3.21e+11     124s
  10   4.06e-03 4.46e+03   2.97285430e+17 -5.48437481e+16  2.70e+11     147s
  11   2.49e-03 2.01e+03   2.17393456e+17 -2.85302501e+16  1.59e+11     170s
  12   1.96e-03 1.05e+03   1.89142522e+17 -1.93582243e+16  1.23e+11     196s
  13   1.24e-03 5.42e+02   1.25558749e+17 -1.05910393e+16  7.57e+10     219s
  14   6.75e-04 2.16e+02   7.34028987e+16 -4.77421279e+15  4.17e+10     238s
  15   1.87e-04 6.52e+01   2.46332586e+16 -1.73464122e+15  1.38e+10     256s
  16   6.99e-05 2.89e+01   1.10623479e+16 -8.79829122e+14  6.23e+09     271s
  17   2.60e-05 1.41e+01   5.27246871e+15 -4.85461622e+14  3.01e+09     287s
  18   1.09e-05 8.34e+00   2.94570601e+15 -3.12119748e+14  1.71e+09     304s
  19   7.24e-06 5.90e+00   2.08273787e+15 -2.21230596e+14  1.21e+09     322s
  20   2.80e-06 3.73e+00   1.12547004e+15 -1.48795806e+14  6.76e+08     340s
  21   8.34e-07 2.38e+00   5.16103649e+14 -1.00988809e+14  3.33e+08     356s
  22   4.17e-07 1.55e+00   2.11433359e+14 -6.78079593e+13  1.55e+08     372s
  23   3.58e-07 7.52e-01   1.84079008e+14 -3.54542881e+13  1.18e+08     389s
  24   4.47e-07 4.05e-01   7.78631087e+13 -1.94913067e+13  5.29e+07     405s
  25   5.36e-07 1.16e-01   4.78658574e+13 -7.02004402e+12  2.90e+07     421s
  26   4.77e-07 4.59e-02   3.89135638e+13 -2.87198290e+12  2.17e+07     438s
  27   4.17e-07 2.56e-02   1.99318363e+13 -1.62477384e+12  1.12e+07     454s
  28   4.47e-07 1.01e-02   9.07788247e+12 -6.59662532e+11  5.03e+06     470s
  29   3.58e-07 4.85e-03   3.55152299e+12 -3.55147458e+11  2.01e+06     485s
  30   3.58e-07 3.65e-03   2.82335282e+12 -2.78990965e+11  1.60e+06     501s
  31   2.98e-07 1.58e-03   1.90658638e+12 -1.37199280e+11  1.05e+06     517s
  32   3.28e-07 5.12e-04   1.49396747e+12 -6.00747087e+10  7.94e+05     532s
  33   2.68e-07 2.65e-04   9.11809205e+11 -3.12419947e+10  4.82e+05     546s
  34   2.38e-07 2.32e-04   8.27055010e+11 -3.03119142e+10  4.38e+05     561s
  35   2.38e-07 2.17e-04   7.48758707e+11 -2.81975824e+10  3.97e+05     576s
  36   2.68e-07 1.03e-04   4.12312937e+11 -1.69536901e+10  2.19e+05     589s
  37   3.28e-07 3.40e-05   1.95564790e+11 -3.97433052e+09  1.02e+05     602s
  38   1.49e-07 1.25e-05   1.06301755e+11  1.99590021e+09  5.32e+04     616s
  39   2.38e-07 5.86e-06   6.53961329e+10  4.00813849e+09  3.13e+04     629s
  40   2.38e-07 1.71e-06   2.77408514e+10  7.07769429e+09  1.05e+04     644s
  41   2.38e-07 4.00e-07   1.74136848e+10  8.07930750e+09  4.76e+03     658s
  42   2.98e-07 1.97e-07   1.45677898e+10  8.35390492e+09  3.17e+03     672s
  43   2.38e-07 7.82e-08   1.08157134e+10  8.54440146e+09  1.16e+03     685s
  44   3.58e-07 3.73e-08   9.61202707e+09  8.62801482e+09  5.02e+02     698s
  45   3.58e-07 1.30e-08   9.04085689e+09  8.68033656e+09  1.84e+02     711s
  46   5.07e-07 6.52e-09   8.84187262e+09  8.69815522e+09  7.33e+01     723s
  47   3.58e-07 3.73e-09   8.73961619e+09  8.70631373e+09  1.70e+01     735s
  48   4.47e-07 3.73e-09   8.72074440e+09  8.70929971e+09  5.84e+00     747s
  49   3.58e-07 3.73e-09   8.71234064e+09  8.71077200e+09  8.00e-01     759s
  50   5.07e-07 3.73e-09   8.71104341e+09  8.71092115e+09  6.24e-02     770s
  51   4.17e-07 3.73e-09   8.71093866e+09  8.71093197e+09  3.41e-03     780s
  52   2.83e-07 3.73e-09   8.71093436e+09  8.71093373e+09  3.24e-04     792s
  53   1.70e-06 1.86e-09   8.71093396e+09  8.71093393e+09  1.55e-05     803s
  54*  1.07e-06 1.86e-09   8.71093394e+09  8.71093394e+09  1.11e-06     813s
Summary
    Runtime:                                            813.37s
    Status interior point solve:                        optimal
    Status crossover:                                   not run
    objective value:                                    8.71093394e+09
    interior solution primal residual (abs/rel):        9.09e-07 / 8.19e-15
    interior solution dual residual (abs/rel):          9.31e-10 / 9.62e-17
    interior solution objective gap (abs/rel):          1.61e+00 / 1.85e-10
Ipx: IPM       optimal
Model   status      : Optimal
IPM       iterations: 54
Objective value     :  8.7109339383e+09
HiGHS run time      :        825.44
Presolving model
1205112 rows, 2658686 cols, 6784502 nonzeros
921925 rows, 1794043 cols, 5053149 nonzeros
913766 rows, 1032322 cols, 3525878 nonzeros
904241 rows, 1022144 cols, 3505537 nonzeros
Presolve : Reductions: rows 904241(-9416706); columns 1022144(-5887878); elements 3505537(-35826297)
Solving the presolved LP
IPX model has 904241 rows, 1022144 columns and 3505537 nonzeros
Input
    Number of variables:                                1022144
    Number of free variables:                           0
    Number of constraints:                              904241
    Number of equality constraints:                     56190
    Number of matrix entries:                           3505537
    Matrix range:                                       [1e-02, 1e+00]
    RHS range:                                          [2e+05, 1e+08]
    Objective range:                                    [2e-04, 1e+07]
    Bounds range:                                       [7e+05, 9e+07]
Preprocessing
    Dualized model:                                     no
    Number of dense columns:                            0
    Range of scaling factors:                           [1.00e+00, 2.00e+00]
IPX version 1.0
Interior Point Solve
 Iter     P.res    D.res            P.obj           D.obj        mu     Time
   0   1.77e+07 2.85e+06   2.24907285e+14 -7.72013642e+18  5.45e+13       0s
   1   7.02e+06 2.37e+06   7.19919103e+17 -6.75212803e+18  4.92e+13       2s
   2   3.87e+06 2.07e+06   1.21868473e+18 -6.36947854e+18  5.54e+13       5s
   3   1.52e+06 6.75e+05   1.26869987e+18 -2.32694533e+18  1.88e+13       8s
   4   5.84e+05 4.06e+05   1.30476062e+18 -1.65232514e+18  1.27e+13      14s
   5   2.71e+05 2.18e+05   1.24360621e+18 -1.08413198e+18  7.58e+12      23s
 Constructing starting basis...
   6   9.85e+04 1.26e+05   1.10310561e+18 -7.37675991e+17  4.95e+12      55s
   7   8.84e+03 3.73e+04   6.95765853e+17 -2.44409847e+17  1.52e+12      77s
   8   8.84e-03 1.82e+04   3.88220590e+17 -1.39886561e+17  6.87e+11     101s
   9   4.34e-03 6.69e+03   3.01643377e+17 -6.45925545e+16  3.23e+11     123s
  10   4.02e-03 4.41e+03   2.97004008e+17 -5.42614244e+16  2.69e+11     147s
  11   2.12e-03 2.03e+03   1.95645795e+17 -2.79941887e+16  1.46e+11     168s
  12   1.49e-03 9.83e+02   1.61813023e+17 -1.82451516e+16  1.06e+11     195s
  13   8.13e-04 4.19e+02   9.68051335e+16 -8.65469045e+15  5.80e+10     216s
  14   4.21e-04 1.76e+02   5.43674461e+16 -4.05341897e+15  3.11e+10     233s
  15   1.18e-04 5.99e+01   1.92594323e+16 -1.63374099e+15  1.10e+10     248s
  16   5.26e-05 3.12e+01   1.00188379e+16 -9.29859748e+14  5.74e+09     261s
  17   1.21e-05 1.44e+01   3.56333058e+15 -4.74772346e+14  2.13e+09     274s
  18   5.72e-06 8.32e+00   2.46626016e+15 -3.05861429e+14  1.46e+09     290s
  19   3.76e-06 4.93e+00   1.79104135e+15 -1.85720598e+14  1.04e+09     307s
  20   2.21e-06 3.24e+00   1.14085833e+15 -1.25353468e+14  6.67e+08     323s
  21   8.34e-07 1.70e+00   5.75606662e+14 -7.36007592e+13  3.43e+08     339s
  22   5.66e-07 1.29e+00   4.03293416e+14 -5.63945548e+13  2.44e+08     354s
  23   3.87e-07 6.43e-01   1.82479275e+14 -2.90807098e+13  1.12e+08     368s
  24   3.28e-07 2.21e-01   6.58261484e+13 -1.10231896e+13  4.08e+07     383s
  25   2.98e-07 1.01e-01   5.73081682e+13 -5.29705958e+12  3.27e+07     398s
  26   3.58e-07 2.42e-02   3.60356182e+13 -1.71035992e+12  1.94e+07     412s
  27   3.28e-07 1.44e-02   1.50968527e+13 -1.04013674e+12  8.32e+06     426s
  28   4.17e-07 3.09e-03   7.21715878e+12 -3.00025543e+11  3.85e+06     439s
  29   2.38e-07 1.63e-03   4.97365496e+12 -1.67843003e+11  2.63e+06     452s
  30   3.28e-07 6.14e-04   3.04979848e+12 -1.03252382e+11  1.61e+06     465s
  31   3.58e-07 7.94e-05   1.85255520e+12 -4.29653753e+10  9.67e+05     478s
  32   3.58e-07 2.65e-05   1.17481770e+12 -1.70358279e+10  6.08e+05     490s
  33   3.58e-07 5.27e-06   7.37867276e+11 -1.67258050e+10  3.85e+05     502s
  34   3.58e-07 1.51e-06   2.13282981e+11 -4.23977388e+09  1.11e+05     515s
  35   2.98e-07 6.13e-07   1.09424752e+11  1.89966481e+09  5.49e+04     529s
  36   2.38e-07 1.29e-07   7.41767304e+10  5.18330591e+09  3.52e+04     543s
  37   2.98e-07 4.10e-08   3.44964709e+10  7.35550681e+09  1.38e+04     556s
  38   2.09e-07 1.12e-08   1.97958809e+10  7.83856132e+09  6.10e+03     568s
  39   3.28e-07 5.59e-09   1.19252222e+10  8.27912632e+09  1.86e+03     581s
  40   2.38e-07 3.73e-09   1.05038684e+10  8.41017031e+09  1.07e+03     594s
  41   1.79e-07 3.73e-09   9.29922052e+09  8.46661684e+09  4.25e+02     606s
  42   5.36e-07 3.73e-09   8.88324295e+09  8.50552192e+09  1.93e+02     618s
  43   4.17e-07 3.73e-09   8.66166430e+09  8.52025944e+09  7.21e+01     629s
  44   9.72e-08 3.73e-09   8.56819632e+09  8.52889886e+09  2.00e+01     639s
  45   4.47e-07 3.73e-09   8.53845098e+09  8.53130552e+09  3.65e+00     649s
  46   3.87e-07 3.73e-09   8.53268183e+09  8.53159771e+09  5.53e-01     659s
  47   3.28e-07 3.73e-09   8.53169395e+09  8.53165378e+09  2.05e-02     668s
  48   3.28e-07 3.73e-09   8.53166738e+09  8.53166265e+09  2.41e-03     678s
  49   8.64e-07 3.73e-09   8.53166398e+09  8.53166376e+09  1.12e-04     689s
  50   1.88e-06 1.86e-09   8.53166387e+09  8.53166384e+09  1.67e-05     701s
  51*  1.94e-06 1.86e-09   8.53166384e+09  8.53166384e+09  1.23e-06     710s
Summary
    Runtime:                                            710.02s
    Status interior point solve:                        optimal
    Status crossover:                                   not run
    objective value:                                    8.53166384e+09
    interior solution primal residual (abs/rel):        1.88e-06 / 1.69e-14
    interior solution dual residual (abs/rel):          9.31e-10 / 9.62e-17
    interior solution objective gap (abs/rel):          1.97e+00 / 2.31e-10
Ipx: IPM       optimal
Model   status      : Optimal
IPM       iterations: 51
Objective value     :  8.5316638436e+09
HiGHS run time      :        722.08
Presolving model
1205112 rows, 2658686 cols, 6784502 nonzeros
921925 rows, 1794043 cols, 5053149 nonzeros
913766 rows, 1032322 cols, 3525878 nonzeros
904241 rows, 1022144 cols, 3505537 nonzeros
Presolve : Reductions: rows 904241(-9446766); columns 1022144(-5887878); elements 3505537(-35856357)
Solving the presolved LP
IPX model has 904241 rows, 1022144 columns and 3505537 nonzeros
Input
    Number of variables:                                1022144
    Number of free variables:                           0
    Number of constraints:                              904241
    Number of equality constraints:                     56190
    Number of matrix entries:                           3505537
    Matrix range:                                       [1e-02, 1e+00]
    RHS range:                                          [2e+05, 1e+08]
    Objective range:                                    [2e-04, 1e+07]
    Bounds range:                                       [7e+05, 9e+07]
Preprocessing
    Dualized model:                                     no
    Number of dense columns:                            0
    Range of scaling factors:                           [1.00e+00, 2.00e+00]
IPX version 1.0
Interior Point Solve
 Iter     P.res    D.res            P.obj           D.obj        mu     Time
   0   1.77e+07 2.85e+06   2.25066170e+14 -7.72010543e+18  5.45e+13       0s
   1   7.02e+06 2.37e+06   7.19991928e+17 -6.75209892e+18  4.92e+13       2s
   2   3.87e+06 2.07e+06   1.21881181e+18 -6.36944604e+18  5.54e+13       5s
   3   1.52e+06 6.75e+05   1.26883981e+18 -2.32693239e+18  1.88e+13       8s
   4   5.84e+05 4.06e+05   1.30490915e+18 -1.65231931e+18  1.27e+13      14s
   5   2.71e+05 2.18e+05   1.24379047e+18 -1.08421647e+18  7.58e+12      23s
 Constructing starting basis...
   6   9.85e+04 1.26e+05   1.10332673e+18 -7.37795268e+17  4.95e+12      54s
   7   9.75e+03 3.75e+04   7.00362028e+17 -2.45858542e+17  1.53e+12      75s
   8   9.75e-03 1.84e+04   3.90733575e+17 -1.41200501e+17  6.95e+11     100s
   9   4.69e-03 6.62e+03   3.01545934e+17 -6.40950815e+16  3.21e+11     123s
  10   4.37e-03 4.43e+03   2.97711157e+17 -5.47267757e+16  2.70e+11     147s
  11   2.66e-03 2.00e+03   2.16402018e+17 -2.84941456e+16  1.58e+11     169s
  12   2.09e-03 1.04e+03   1.87921013e+17 -1.92820155e+16  1.22e+11     194s
  13   1.30e-03 5.35e+02   1.23285952e+17 -1.05245441e+16  7.44e+10     216s
  14   7.06e-04 2.08e+02   7.19960232e+16 -4.64172097e+15  4.08e+10     235s
  15   1.90e-04 6.35e+01   2.38313246e+16 -1.72155873e+15  1.34e+10     252s
  16   1.25e-04 3.34e+01   1.66841638e+16 -9.98527430e+14  9.19e+09     266s
  17   4.86e-05 1.75e+01   7.18845588e+15 -5.46011115e+14  4.03e+09     280s
  18   1.67e-05 9.46e+00   3.59858544e+15 -3.41524449e+14  2.06e+09     295s
  19   9.83e-06 5.18e+00   2.31899711e+15 -1.90690592e+14  1.31e+09     312s
  20   4.38e-06 3.34e+00   1.33923638e+15 -1.33585479e+14  7.74e+08     330s
  21   1.61e-06 2.38e+00   5.51701999e+14 -9.70302241e+13  3.47e+08     346s
  22   4.77e-07 1.74e+00   2.27161560e+14 -7.21638620e+13  1.65e+08     362s
  23   4.77e-07 9.06e-01   1.47371537e+14 -3.98032778e+13  1.02e+08     378s
  24   4.47e-07 3.32e-01   6.03399317e+13 -1.54464511e+13  4.11e+07     395s
  25   3.87e-07 1.14e-01   5.55176775e+13 -6.08502145e+12  3.23e+07     411s
  26   4.17e-07 2.42e-02   4.07054196e+13 -2.06847647e+12  2.20e+07     428s
  27   3.58e-07 1.32e-02   1.14772633e+13 -1.13703484e+12  6.51e+06     443s
  28   3.58e-07 3.36e-03   5.62491465e+12 -3.53773570e+11  3.07e+06     459s
  29   3.58e-07 1.55e-03   3.63802018e+12 -1.78489767e+11  1.95e+06     474s
  30   2.38e-07 4.62e-04   2.05208751e+12 -8.50771671e+10  1.09e+06     488s
  31   4.47e-07 1.17e-04   1.04366858e+12 -4.09218833e+10  5.54e+05     503s
  32   3.58e-07 6.10e-05   6.82067978e+11 -2.69508478e+10  3.62e+05     518s
  33   2.38e-07 2.70e-05   3.78710335e+11 -1.55797548e+10  2.01e+05     532s
  34   3.87e-07 1.02e-05   1.24369599e+11 -2.49408390e+09  6.47e+04     547s
  35   3.58e-07 4.84e-06   7.48770348e+10  1.48612951e+09  3.74e+04     562s
  36   2.98e-07 1.99e-06   2.99409184e+10  5.38442884e+09  1.25e+04     578s
  37   4.47e-07 5.61e-07   1.84942286e+10  7.39702185e+09  5.66e+03     593s
  38   2.68e-07 2.01e-07   1.23029466e+10  8.04336069e+09  2.17e+03     607s
  39   3.28e-07 8.75e-08   1.00362128e+10  8.29679902e+09  8.87e+02     621s
  40   4.17e-07 4.10e-08   9.18044005e+09  8.40011371e+09  3.98e+02     634s
  41   4.77e-07 1.68e-08   8.78370837e+09  8.46616274e+09  1.62e+02     647s
  42   5.66e-07 7.45e-09   8.60628796e+09  8.48736189e+09  6.07e+01     659s
  43   5.07e-07 3.73e-09   8.52955358e+09  8.50014005e+09  1.50e+01     671s
  44   4.17e-07 3.73e-09   8.51285446e+09  8.50256889e+09  5.25e+00     682s
  45   2.68e-07 2.79e-09   8.50486208e+09  8.50364848e+09  6.19e-01     694s
  46   2.12e-07 3.73e-09   8.50388159e+09  8.50372635e+09  7.92e-02     705s
  47   2.09e-07 5.59e-09   8.50374617e+09  8.50373761e+09  4.37e-03     716s
  48   5.36e-07 3.73e-09   8.50374035e+09  8.50373974e+09  3.11e-04     727s
  49   1.55e-06 1.86e-09   8.50374009e+09  8.50374001e+09  3.84e-05     739s
  50*  1.34e-06 1.86e-09   8.50374006e+09  8.50374005e+09  2.99e-06     751s
Summary
    Runtime:                                            750.66s
    Status interior point solve:                        optimal
    Status crossover:                                   not run
    objective value:                                    8.50374006e+09
    interior solution primal residual (abs/rel):        1.40e-06 / 1.26e-14
    interior solution dual residual (abs/rel):          9.31e-10 / 9.62e-17
    interior solution objective gap (abs/rel):          4.97e+00 / 5.85e-10
Ipx: IPM       optimal
Model   status      : Optimal
IPM       iterations: 50
Objective value     :  8.5037400592e+09
HiGHS run time      :        762.85
Presolving model
1205112 rows, 2658686 cols, 6784502 nonzeros
921925 rows, 1794043 cols, 5053149 nonzeros
913766 rows, 1032322 cols, 3525878 nonzeros
904241 rows, 1022144 cols, 3505537 nonzeros
Presolve : Reductions: rows 904241(-9476826); columns 1022144(-5887878); elements 3505537(-35886417)
Solving the presolved LP
IPX model has 904241 rows, 1022144 columns and 3505537 nonzeros
Input
    Number of variables:                                1022144
    Number of free variables:                           0
    Number of constraints:                              904241
    Number of equality constraints:                     56190
    Number of matrix entries:                           3505537
    Matrix range:                                       [1e-02, 1e+00]
    RHS range:                                          [2e+05, 1e+08]
    Objective range:                                    [2e-04, 1e+07]
    Bounds range:                                       [7e+05, 9e+07]
Preprocessing
    Dualized model:                                     no
    Number of dense columns:                            0
    Range of scaling factors:                           [1.00e+00, 2.00e+00]
IPX version 1.0
Interior Point Solve
 Iter     P.res    D.res            P.obj           D.obj        mu     Time
   0   1.77e+07 2.85e+06   2.25066170e+14 -7.72010543e+18  5.45e+13       0s
   1   7.02e+06 2.37e+06   7.19991928e+17 -6.75209892e+18  4.92e+13       2s
   2   3.87e+06 2.07e+06   1.21881181e+18 -6.36944604e+18  5.54e+13       5s
   3   1.52e+06 6.75e+05   1.26883981e+18 -2.32693239e+18  1.88e+13       8s
   4   5.84e+05 4.06e+05   1.30490950e+18 -1.65232567e+18  1.27e+13      14s
   5   2.71e+05 2.18e+05   1.24373337e+18 -1.08406557e+18  7.58e+12      23s
 Constructing starting basis...
   6   9.85e+04 1.26e+05   1.10323940e+18 -7.37773126e+17  4.95e+12      55s
   7   8.67e+03 3.74e+04   6.95021799e+17 -2.44713302e+17  1.52e+12      77s
   8   8.67e-03 1.83e+04   3.89631953e+17 -1.40694174e+17  6.91e+11     101s
   9   4.22e-03 6.71e+03   3.01400232e+17 -6.46093780e+16  3.23e+11     124s
  10   3.91e-03 4.43e+03   2.96802234e+17 -5.43123080e+16  2.69e+11     147s
  11   2.10e-03 2.03e+03   1.98279500e+17 -2.80363097e+16  1.47e+11     170s
  12   1.50e-03 9.90e+02   1.65291979e+17 -1.83707933e+16  1.08e+11     198s
  13   8.10e-04 4.36e+02   9.76885568e+16 -8.89014153e+15  5.87e+10     221s
  14   4.18e-04 1.80e+02   5.46060386e+16 -4.09882497e+15  3.12e+10     241s
  15   1.18e-04 6.07e+01   1.94083325e+16 -1.64129704e+15  1.10e+10     258s
  16   5.44e-05 3.25e+01   1.03277521e+16 -9.50068470e+14  5.91e+09     272s
  17   1.35e-05 1.54e+01   3.77920196e+15 -4.93124204e+14  2.26e+09     286s
  18   6.38e-06 8.98e+00   2.57287606e+15 -3.19914072e+14  1.53e+09     304s
  19   4.23e-06 5.25e+00   1.83160082e+15 -1.86203582e+14  1.06e+09     322s
  20   2.50e-06 3.51e+00   1.18081770e+15 -1.28494201e+14  6.90e+08     339s
  21   1.07e-06 1.97e+00   6.12691891e+14 -7.84085000e+13  3.66e+08     355s
  22   3.87e-07 1.43e+00   2.49996622e+14 -5.82274004e+13  1.67e+08     369s
  23   4.47e-07 6.04e-01   1.29353598e+14 -2.66633164e+13  8.39e+07     385s
  24   4.47e-07 2.88e-01   1.05751248e+14 -1.33903683e+13  6.28e+07     400s
  25   5.66e-07 1.33e-01   8.25571772e+13 -6.32694316e+12  4.63e+07     414s
  26   2.98e-07 6.25e-02   3.67631628e+13 -3.03729402e+12  2.07e+07     428s
  27   3.28e-07 3.24e-02   1.38838900e+13 -1.63773662e+12  8.10e+06     441s
  28   2.98e-07 7.59e-03   7.64318443e+12 -4.56113998e+11  4.17e+06     455s
  29   4.17e-07 3.79e-03   5.50107686e+12 -2.52858210e+11  2.95e+06     468s
  30   2.09e-07 1.28e-03   3.74357433e+12 -1.00453830e+11  1.97e+06     481s
  31   2.38e-07 4.56e-04   2.19777713e+12 -6.20953355e+10  1.15e+06     495s
  32   4.17e-07 1.39e-04   1.04205182e+12 -4.33280370e+10  5.54e+05     508s
  33   2.98e-07 6.34e-05   5.10688786e+11 -2.45450353e+10  2.73e+05     522s
  34   1.79e-07 2.46e-05   2.54561121e+11 -8.74716953e+09  1.34e+05     536s
  35   1.49e-07 8.31e-06   1.18000484e+11  1.05911569e+09  5.97e+04     549s
  36   1.79e-07 4.16e-06   7.82881317e+10  3.11505654e+09  3.84e+04     563s
  37   2.09e-07 1.14e-06   2.91708393e+10  6.78437394e+09  1.14e+04     577s
  38   3.87e-07 5.53e-07   2.01992491e+10  7.38580702e+09  6.54e+03     591s
  39   1.49e-07 1.70e-07   1.20173333e+10  8.09647082e+09  2.00e+03     604s
  40   2.09e-07 7.54e-08   1.00630292e+10  8.31305820e+09  8.93e+02     617s
  41   3.58e-07 3.91e-08   9.42392211e+09  8.40263830e+09  5.21e+02     630s
  42   5.07e-07 1.40e-08   8.87668346e+09  8.46920119e+09  2.08e+02     641s
  43   6.26e-07 7.45e-09   8.65519604e+09  8.48861709e+09  8.50e+01     653s
  44   2.38e-07 3.73e-09   8.54217805e+09  8.50028216e+09  2.14e+01     663s
  45   5.66e-07 3.73e-09   8.50996505e+09  8.50327207e+09  3.41e+00     675s
  46   7.15e-07 3.73e-09   8.50457553e+09  8.50364933e+09  4.73e-01     686s
  47   3.28e-07 3.73e-09   8.50385790e+09  8.50372774e+09  6.64e-02     696s
  48   4.47e-07 3.73e-09   8.50375824e+09  8.50373874e+09  9.95e-03     706s
  49   3.28e-07 3.73e-09   8.50374455e+09  8.50373991e+09  2.37e-03     716s
  50   7.45e-07 3.73e-09   8.50374016e+09  8.50374004e+09  6.51e-05     725s
  51*  1.55e-06 1.86e-09   8.50374006e+09  8.50374006e+09  2.43e-06     736s
Summary
    Runtime:                                            735.72s
    Status interior point solve:                        optimal
    Status crossover:                                   not run
    objective value:                                    8.50374006e+09
    interior solution primal residual (abs/rel):        2.62e-06 / 2.36e-14
    interior solution dual residual (abs/rel):          1.86e-09 / 1.92e-16
    interior solution objective gap (abs/rel):          4.63e+00 / 5.45e-10
Ipx: IPM       optimal
Model   status      : Optimal
IPM       iterations: 51
Objective value     :  8.5037400597e+09
HiGHS run time      :        747.89
[ Info: Rolling step not specified in scenaio.yaml file; Setting it to 15 years
[ Info: Demand-pathway mapping not specified in scenaio.yaml file; SERA will not look for eligible pathways for different demand types.
[ Info: Production capacity constraints from the grid model not defined. SERA will not create these constraints
[ Info: Regional technology limits not specified in scenaio.yaml file; SERA will not create these constraints
STARTING DATA PRE-PROCESSING 
Processing Temporal Data
Processing Nodes
Processing Demand
Processing Existings
Processing Links
Processing Pathways
Creating Infrastructure options
 22.774650 seconds (131.77 M allocations: 15.387 GiB, 34.94% gc time, 0.38% compilation time)

OPTIMIZING FROM 2026 TO 2040 

STARTING OPTIMIZATION MODEL CREATION
CREATING VARIABLES AND EXPRESSIONS
327.911504 seconds (527.44 M allocations: 32.638 GiB, 89.75% gc time, 3.88% compilation time)
POPULATING EXPRESSIONS
130.869147 seconds (589.46 M allocations: 92.430 GiB, 12.44% gc time, 0.16% compilation time)
CREATING CONSTRAINTS
380.758790 seconds (332.17 M allocations: 19.517 GiB, 89.52% gc time, 0.38% compilation time)
POPULATED CORE OPTIMIZATION MODEL, STARTING ITERATIONS
READING COST DATA FOR ITERATION 1
327.550451 seconds (245.90 M allocations: 23.329 GiB, 83.31% gc time, 0.12% compilation time)
CREATING EXPRESSIONS FOR CAPITAL AND FIXED COST
883.759682 seconds (361.89 M allocations: 23.208 GiB, 96.97% gc time, 0.18% compilation time)
BUILDING OBJECTIVE FUNCTION
 68.001607 seconds (89.87 M allocations: 2.755 GiB, 83.15% gc time, 1.27% compilation time)
Optimizing for iteration 1
2017.026509 seconds (116.14 M allocations: 10.863 GiB, 21.13% gc time, 0.00% compilation time)
OPTIMAL
7.137482681528549e9
ϵ =  1.0
READING COST DATA FOR ITERATION 2
2086.971838 seconds (199.96 M allocations: 22.444 GiB, 30.61% gc time, 0.00% compilation time)
CREATING EXPRESSIONS FOR CAPITAL AND FIXED COST
1279.064563 seconds (360.50 M allocations: 23.100 GiB, 98.02% gc time, 0.01% compilation time)
BUILDING OBJECTIVE FUNCTION
 67.514290 seconds (89.21 M allocations: 2.798 GiB, 84.19% gc time)
Optimizing for iteration 2
836.319140 seconds (5 allocations: 32 bytes)
OPTIMAL
1.09821866915682e10
ϵ =  0.35008547186608946
READING COST DATA FOR ITERATION 3
2159.862512 seconds (199.47 M allocations: 22.484 GiB, 29.08% gc time)
CREATING EXPRESSIONS FOR CAPITAL AND FIXED COST
1280.478648 seconds (360.50 M allocations: 23.100 GiB, 97.72% gc time)
BUILDING OBJECTIVE FUNCTION
 73.450770 seconds (89.21 M allocations: 2.798 GiB, 82.85% gc time)
Optimizing for iteration 3
825.593502 seconds (2 allocations: 32 bytes)
OPTIMAL
8.71093393828846e9
ϵ =  0.2607358486901382
READING COST DATA FOR ITERATION 4
2413.827740 seconds (199.43 M allocations: 22.402 GiB, 26.52% gc time)
CREATING EXPRESSIONS FOR CAPITAL AND FIXED COST
1296.006142 seconds (360.50 M allocations: 23.100 GiB, 98.01% gc time)
BUILDING OBJECTIVE FUNCTION
 68.211897 seconds (89.21 M allocations: 2.798 GiB, 84.11% gc time)
Optimizing for iteration 4
722.217696 seconds (2 allocations: 32 bytes)
OPTIMAL
8.531663843618943e9
ϵ =  0.021012325139774513
READING COST DATA FOR ITERATION 5
2728.917591 seconds (199.42 M allocations: 22.530 GiB, 25.32% gc time)
CREATING EXPRESSIONS FOR CAPITAL AND FIXED COST
1356.583720 seconds (360.50 M allocations: 23.100 GiB, 97.78% gc time)
BUILDING OBJECTIVE FUNCTION
 70.851387 seconds (89.21 M allocations: 2.798 GiB, 84.47% gc time)
Optimizing for iteration 5
762.950867 seconds (2 allocations: 32 bytes)
OPTIMAL
8.503740059154481e9
ϵ =  0.0032837062598934747
READING COST DATA FOR ITERATION 6
2298.779348 seconds (199.42 M allocations: 22.354 GiB, 29.12% gc time)
CREATING EXPRESSIONS FOR CAPITAL AND FIXED COST
1459.416871 seconds (360.50 M allocations: 23.100 GiB, 97.83% gc time)
BUILDING OBJECTIVE FUNCTION
 76.586613 seconds (89.21 M allocations: 2.798 GiB, 83.51% gc time)
Optimizing for iteration 6
748.041376 seconds (2 allocations: 32 bytes)
OPTIMAL
8.503740059683832e9
ϵ =  6.212519043788653e-11
ITERATIONS COMPLETED
WRITING RESULTS TO FILE
111.696801 seconds (69.35 M allocations: 2.826 GiB, 92.75% gc time, 0.68% compilation time)

THE OPTIMIZATION PROBLEM TOOK 450.89 MINUTES TO SOLVE. 
