Running HiGHS 1.6.0: Copyright (c) 2023 HiGHS under MIT licence terms
Presolving model
368042 rows, 836820 cols, 2140724 nonzeros
295190 rows, 592154 cols, 1652776 nonzeros
295142 rows, 325302 cols, 1108684 nonzeros
287116 rows, 317077 cols, 1092172 nonzeros
Presolve : Reductions: rows 287116(-2197531); columns 317077(-1383955); elements 1092172(-6237567)
Solving the presolved LP
IPX model has 287116 rows, 317077 columns and 1092172 nonzeros
Input
    Number of variables:                                317077
    Number of free variables:                           0
    Number of constraints:                              287116
    Number of equality constraints:                     17031
    Number of matrix entries:                           1092172
    Matrix range:                                       [1e-02, 1e+00]
    RHS range:                                          [2e+05, 1e+08]
    Objective range:                                    [2e-04, 2e+01]
    Bounds range:                                       [2e+05, 1e+08]
Preprocessing
    Dualized model:                                     no
    Number of dense columns:                            0
    Range of scaling factors:                           [1.00e+00, 2.00e+00]
IPX version 1.0
Interior Point Solve
 Iter     P.res    D.res            P.obj           D.obj        mu     Time
   0   2.46e+07 3.53e+00   3.40904026e+09 -4.71472252e+12  9.83e+07       0s
   1   6.02e+06 1.93e+00   1.63411639e+12 -2.96105679e+12  5.10e+07       0s
   2   2.94e+06 1.76e+00   2.23796466e+12 -2.80046867e+12  5.44e+07       1s
   3   1.25e+06 6.30e-01   1.95891769e+12 -1.07860472e+12  2.10e+07       2s
   4   4.44e+05 2.65e-01   1.44692362e+12 -5.18875118e+11  9.61e+06       4s
   5   1.57e+05 1.20e-01   9.27102929e+11 -2.57759874e+11  4.52e+06       6s
   6   4.12e+04 5.30e-02   5.46872118e+11 -1.33335976e+11  2.08e+06       9s
 Constructing starting basis...
   7   1.74e+04 1.58e-02   3.33283989e+11 -4.66116842e+10  8.77e+05      14s
   8   4.87e+03 1.74e-03   1.42435520e+11 -7.81809077e+09  2.64e+05      15s
   9   1.71e+03 2.84e-04   7.02022331e+10 -1.94388497e+09  1.20e+05      17s
  10   1.40e+03 2.59e-04   6.83935244e+10 -1.77630783e+09  1.17e+05      19s
  11   3.30e+02 1.08e-04   4.47608228e+10 -3.77255494e+08  7.44e+04      21s
  12   1.40e+02 8.95e-05   3.39251422e+10  1.31606811e+08  5.56e+04      23s
  13   1.06e+02 6.55e-05   2.94437466e+10  1.15800350e+09  4.65e+04      25s
  14   8.66e+01 4.78e-05   2.63430158e+10  2.03307461e+09  3.99e+04      28s
  15   5.63e+01 3.19e-05   2.03364652e+10  3.00599086e+09  2.84e+04      31s
  16   3.78e+01 1.84e-05   1.63884871e+10  3.91614728e+09  2.04e+04      34s
  17   2.85e+01 1.44e-05   1.42735062e+10  4.18024524e+09  1.65e+04      40s
  18   2.28e+01 1.10e-05   1.28981928e+10  4.40033300e+09  1.39e+04      44s
  19   1.50e+01 6.24e-06   1.10558210e+10  4.72685926e+09  1.04e+04      49s
  20   9.94e+00 4.05e-06   9.59147566e+09  4.93589486e+09  7.62e+03      54s
  21   7.57e+00 3.10e-06   8.98604545e+09  4.99895872e+09  6.53e+03      59s
  22   5.70e+00 1.72e-06   8.47662438e+09  5.10684294e+09  5.52e+03      64s
  23   3.95e+00 1.36e-06   7.80630500e+09  5.15831496e+09  4.33e+03      69s
  24   3.23e+00 1.14e-06   7.65728613e+09  5.16596755e+09  4.08e+03      74s
  25   2.14e+00 8.65e-07   7.13662079e+09  5.21556751e+09  3.14e+03      78s
  26   1.31e+00 6.99e-07   6.85978920e+09  5.23432215e+09  2.66e+03      82s
  27   8.60e-01 5.05e-07   6.56363304e+09  5.27514585e+09  2.11e+03      86s
  28   6.12e-01 3.72e-07   6.44290361e+09  5.29595181e+09  1.88e+03      90s
  29   3.64e-01 2.77e-07   6.17578231e+09  5.32433938e+09  1.39e+03      94s
  30   2.30e-01 2.14e-07   6.04256440e+09  5.34170892e+09  1.15e+03      98s
  31   1.59e-01 1.70e-07   5.97887351e+09  5.35337058e+09  1.02e+03     102s
  32   9.70e-02 1.11e-07   5.84762000e+09  5.37670324e+09  7.71e+02     106s
  33   5.61e-02 8.16e-08   5.74279563e+09  5.38985914e+09  5.78e+02     109s
  34   3.38e-02 5.43e-08   5.67624073e+09  5.40272003e+09  4.48e+02     113s
  35   2.30e-02 4.29e-08   5.65757637e+09  5.40735982e+09  4.09e+02     116s
  36   1.20e-02 2.78e-08   5.59387547e+09  5.41660996e+09  2.90e+02     120s
  37   7.12e-03 2.13e-08   5.56218309e+09  5.42082312e+09  2.31e+02     123s
  38   2.97e-03 1.64e-08   5.53125310e+09  5.42414208e+09  1.75e+02     126s
  39   1.65e-03 1.24e-08   5.51395303e+09  5.42725433e+09  1.42e+02     129s
  40   8.41e-04 6.63e-09   5.48853539e+09  5.43278595e+09  9.12e+01     132s
  41   5.47e-04 4.17e-09   5.47772502e+09  5.43528594e+09  6.94e+01     135s
  42   2.89e-04 3.28e-09   5.47294812e+09  5.43605260e+09  6.04e+01     138s
  43   1.17e-04 1.02e-09   5.45943365e+09  5.43882430e+09  3.37e+01     140s
  44   5.01e-05 4.21e-10   5.45079482e+09  5.43979465e+09  1.80e+01     143s
  45   2.24e-05 5.86e-11   5.44699597e+09  5.44040945e+09  1.08e+01     145s
  46   7.00e-06 3.12e-11   5.44554352e+09  5.44042795e+09  8.37e+00     147s
  47   1.10e-06 1.56e-11   5.44382587e+09  5.44048346e+09  5.47e+00     149s
  48   9.13e-08 1.89e-12   5.44203752e+09  5.44061639e+09  2.33e+00     151s
  49   1.85e-07 3.13e-13   5.44115254e+09  5.44068012e+09  7.73e-01     153s
  50   6.84e-08 3.91e-14   5.44082847e+09  5.44071603e+09  1.84e-01     154s
  51   1.30e-07 1.07e-14   5.44074993e+09  5.44071990e+09  4.91e-02     156s
  52   8.47e-08 7.11e-15   5.44072581e+09  5.44072037e+09  8.89e-03     157s
  53   1.18e-07 7.11e-15   5.44072076e+09  5.44072048e+09  4.52e-04     158s
  54   1.47e-07 7.11e-15   5.44072056e+09  5.44072051e+09  7.70e-05     160s
  55   7.63e-08 7.11e-15   5.44072053e+09  5.44072052e+09  2.34e-05     161s
  56*  1.86e-07 7.11e-15   5.44072052e+09  5.44072052e+09  2.40e-06     162s
Summary
    Runtime:                                            161.97s
    Status interior point solve:                        optimal
    Status crossover:                                   not run
    objective value:                                    5.44072052e+09
    interior solution primal residual (abs/rel):        1.12e-07 / 7.65e-16
    interior solution dual residual (abs/rel):          1.81e-11 / 7.07e-13
    interior solution objective gap (abs/rel):          1.47e+00 / 2.70e-10
Ipx: IPM       optimal
Model   status      : Optimal
IPM       iterations: 56
Objective value     :  5.4434115605e+09
HiGHS run time      :        164.74
Presolving model
368042 rows, 836820 cols, 2140724 nonzeros
295190 rows, 592154 cols, 1652776 nonzeros
295142 rows, 325302 cols, 1108684 nonzeros
287116 rows, 317077 cols, 1092172 nonzeros
Presolve : Reductions: rows 287116(-2205046); columns 317077(-1383955); elements 1092172(-6245082)
Solving the presolved LP
IPX model has 287116 rows, 317077 columns and 1092172 nonzeros
Input
    Number of variables:                                317077
    Number of free variables:                           0
    Number of constraints:                              287116
    Number of equality constraints:                     17031
    Number of matrix entries:                           1092172
    Matrix range:                                       [1e-02, 1e+00]
    RHS range:                                          [2e+05, 1e+08]
    Objective range:                                    [2e-04, 1e+07]
    Bounds range:                                       [2e+05, 1e+08]
Preprocessing
    Dualized model:                                     no
    Number of dense columns:                            0
    Range of scaling factors:                           [1.00e+00, 2.00e+00]
IPX version 1.0
Interior Point Solve
 Iter     P.res    D.res            P.obj           D.obj        mu     Time
   0   2.45e+07 1.57e+05   5.90257277e+13 -2.06943071e+17  4.62e+12       0s
   1   7.62e+06 1.06e+05   1.18540493e+17 -1.53238765e+17  2.83e+12       0s
   2   5.59e+06 9.13e+04   1.44851778e+17 -1.41275398e+17  2.66e+12       1s
   3   2.03e+06 3.85e+04   1.35417813e+17 -6.83052129e+16  1.20e+12       2s
   4   6.65e+05 1.77e+04   1.02909514e+17 -3.58781529e+16  5.69e+11       3s
   5   3.30e+05 5.47e+03   7.50496212e+16 -1.24169551e+16  2.37e+11       5s
   6   2.11e+05 2.50e+03   5.56401846e+16 -6.39995222e+15  1.39e+11       8s
   7   1.39e+05 1.14e+03   3.94100714e+16 -3.23906620e+15  8.52e+10      11s
 Constructing starting basis...
   8   8.52e+04 6.13e+02   2.60779101e+16 -1.97035984e+15  5.37e+10      17s
   9   3.41e+04 2.28e+02   1.15093006e+16 -8.70879400e+14  2.25e+10      20s
  10   1.25e+04 6.55e+01   5.09186599e+15 -3.69756578e+14  9.59e+09      22s
  11   7.73e+02 2.36e+01   1.23414509e+15 -2.20512743e+14  2.52e+09      24s
  12   2.68e+02 1.36e+01   6.71513886e+14 -1.35883620e+14  1.41e+09      27s
  13   1.07e+02 8.57e+00   3.91734026e+14 -8.36783067e+13  8.34e+08      30s
  14   3.92e+01 4.55e+00   2.26241725e+14 -4.77834634e+13  4.80e+08      32s
  15   1.15e+01 2.23e+00   9.98300947e+13 -2.49847560e+13  2.20e+08      34s
  16   3.21e+00 7.16e-01   3.57252744e+13 -8.31324080e+12  7.68e+07      37s
  17   8.03e-01 1.40e-01   1.15442152e+13 -1.68720577e+12  2.25e+07      39s
  18   2.63e-01 2.64e-02   4.59027702e+12 -3.57015207e+11  8.25e+06      41s
  19   1.05e-01 1.23e-02   2.33431326e+12 -1.87615461e+11  4.19e+06      44s
  20   1.10e-02 3.71e-03   1.41711525e+12 -1.02710117e+11  2.51e+06      46s
  21   5.64e-03 4.91e-04   1.00119612e+12 -3.21512270e+10  1.69e+06      48s
  22   4.09e-03 2.45e-04   7.91190993e+11 -1.77721800e+10  1.33e+06      50s
  23   2.52e-03 9.18e-05   6.20405482e+11 -1.26342316e+10  1.04e+06      52s
  24   1.36e-03 4.18e-05   3.85506274e+11 -3.84384629e+09  6.37e+05      54s
  25   3.74e-04 9.14e-06   2.28981419e+11 -7.46935247e+08  3.76e+05      56s
  26   1.93e-04 2.21e-06   1.48152627e+11  4.23827343e+09  2.35e+05      58s
  27   1.12e-04 1.02e-06   9.82925190e+10  6.03672206e+09  1.51e+05      60s
  28   3.60e-05 3.58e-07   4.92936888e+10  7.17944761e+09  6.89e+04      62s
  29   2.00e-05 1.36e-07   3.78414550e+10  7.65709969e+09  4.94e+04      64s
  30   8.29e-06 3.73e-09   2.75941862e+10  8.11311464e+09  3.19e+04      66s
  31   5.01e-06 1.86e-09   2.04535715e+10  8.37285334e+09  1.98e+04      68s
  32   1.58e-06 1.86e-09   1.28177751e+10  8.58765872e+09  6.92e+03      70s
  33   4.77e-07 2.79e-09   1.01648654e+10  8.66551936e+09  2.45e+03      72s
  34   1.94e-07 2.79e-09   9.31571004e+09  8.69497286e+09  1.02e+03      74s
  35   1.64e-07 3.73e-09   9.00607160e+09  8.71141749e+09  4.82e+02      76s
  36   1.79e-07 3.73e-09   8.82517352e+09  8.71908396e+09  1.74e+02      78s
  37   2.83e-07 1.86e-09   8.76187873e+09  8.72174320e+09  6.57e+01      80s
  38   2.68e-07 3.73e-09   8.73528637e+09  8.72349742e+09  1.93e+01      82s
  39   1.49e-07 3.73e-09   8.72715342e+09  8.72438511e+09  4.53e+00      83s
  40   1.34e-07 3.73e-09   8.72519530e+09  8.72479896e+09  6.49e-01      85s
  41   1.49e-07 2.79e-09   8.72488733e+09  8.72484464e+09  6.99e-02      86s
  42   1.19e-07 2.79e-09   8.72487283e+09  8.72486795e+09  7.99e-03      88s
  43   4.77e-07 2.79e-09   8.72486955e+09  8.72486898e+09  9.24e-04      89s
  44   1.09e-06 3.73e-09   8.72486925e+09  8.72486918e+09  1.17e-04      91s
  45*  8.64e-07 9.31e-10   8.72486920e+09  8.72486920e+09  5.59e-06      92s
Summary
    Runtime:                                            92.34s
    Status interior point solve:                        optimal
    Status crossover:                                   not run
    objective value:                                    8.72486920e+09
    interior solution primal residual (abs/rel):        1.67e-06 / 1.14e-14
    interior solution dual residual (abs/rel):          9.31e-10 / 9.62e-17
    interior solution objective gap (abs/rel):          3.19e+00 / 3.66e-10
Ipx: IPM       optimal
Model   status      : Optimal
IPM       iterations: 45
Objective value     :  8.7302787626e+09
HiGHS run time      :         94.97
Presolving model
368042 rows, 836820 cols, 2140724 nonzeros
295190 rows, 592154 cols, 1652776 nonzeros
295142 rows, 325302 cols, 1108684 nonzeros
287116 rows, 317077 cols, 1092172 nonzeros
Presolve : Reductions: rows 287116(-2212561); columns 317077(-1383955); elements 1092172(-6252597)
Solving the presolved LP
IPX model has 287116 rows, 317077 columns and 1092172 nonzeros
Input
    Number of variables:                                317077
    Number of free variables:                           0
    Number of constraints:                              287116
    Number of equality constraints:                     17031
    Number of matrix entries:                           1092172
    Matrix range:                                       [1e-02, 1e+00]
    RHS range:                                          [2e+05, 1e+08]
    Objective range:                                    [2e-04, 1e+07]
    Bounds range:                                       [2e+05, 1e+08]
Preprocessing
    Dualized model:                                     no
    Number of dense columns:                            0
    Range of scaling factors:                           [1.00e+00, 2.00e+00]
IPX version 1.0
Interior Point Solve
 Iter     P.res    D.res            P.obj           D.obj        mu     Time
   0   2.45e+07 1.57e+05   8.58549594e+13 -2.05614046e+17  4.62e+12       0s
   1   7.64e+06 1.06e+05   1.20582247e+17 -1.52214794e+17  2.83e+12       0s
   2   5.62e+06 9.13e+04   1.47115645e+17 -1.40344820e+17  2.66e+12       1s
   3   2.03e+06 3.86e+04   1.37455531e+17 -6.80253969e+16  1.20e+12       2s
   4   5.97e+05 1.76e+04   1.02406675e+17 -3.54218037e+16  5.56e+11       3s
   5   2.96e+05 5.27e+03   7.46488964e+16 -1.19133306e+16  2.29e+11       5s
   6   1.94e+05 2.45e+03   5.64647719e+16 -6.31928069e+15  1.39e+11       8s
   7   1.27e+05 1.13e+03   3.95135525e+16 -3.16644361e+15  8.42e+10      12s
 Constructing starting basis...
   8   7.98e+04 6.30e+02   2.67697225e+16 -1.98709946e+15  5.47e+10      18s
   9   3.22e+04 2.43e+02   1.19238295e+16 -8.89564323e+14  2.32e+10      21s
  10   1.06e+04 6.61e+01   5.10651105e+15 -3.74331397e+14  9.56e+09      23s
  11   2.05e+03 2.09e+01   1.36499107e+15 -1.88924126e+14  2.68e+09      25s
  12   5.22e+02 1.52e+01   7.71781576e+14 -1.42217576e+14  1.59e+09      28s
  13   2.10e+02 1.19e+01   4.90264963e+14 -1.10794833e+14  1.06e+09      32s
  14   1.11e+02 8.86e+00   3.19473163e+14 -7.91912485e+13  7.09e+08      35s
  15   5.29e+01 6.47e+00   2.14670490e+14 -5.76940663e+13  4.89e+08      38s
  16   2.48e+01 4.48e+00   1.41745912e+14 -4.05378494e+13  3.29e+08      40s
  17   6.49e+00 2.66e+00   6.67421938e+13 -2.46469388e+13  1.68e+08      43s
  18   2.68e+00 8.54e-01   3.40788593e+13 -8.11836950e+12  7.49e+07      45s
  19   1.02e+00 1.80e-01   1.63171172e+13 -1.86433002e+12  3.10e+07      47s
  20   6.11e-01 1.01e-01   1.09455132e+13 -1.10055570e+12  2.04e+07      50s
  21   1.58e-01 8.08e-03   6.01255860e+12 -2.78243827e+11  1.04e+07      52s
  22   5.47e-02 3.11e-03   3.74440078e+12 -1.78090478e+11  6.46e+06      54s
  23   2.73e-02 1.07e-03   2.46529356e+12 -9.27967110e+10  4.20e+06      56s
  24   1.61e-02 5.36e-04   1.69790259e+12 -5.68887429e+10  2.88e+06      58s
  25   9.59e-03 2.48e-04   1.16387887e+12 -3.16960552e+10  1.96e+06      60s
  26   6.40e-03 1.82e-04   9.63998910e+11 -2.82815569e+10  1.63e+06      62s
  27   1.46e-03 1.10e-04   6.79767735e+11 -2.51042393e+10  1.15e+06      63s
  28   2.58e-04 5.02e-05   4.21765589e+11 -1.66137648e+10  7.18e+05      65s
  29   1.02e-04 1.19e-05   1.92297671e+11  2.10135267e+08  3.14e+05      67s
  30   2.38e-05 5.02e-06   8.75932473e+10  2.89381035e+09  1.39e+05      69s
  31   8.23e-06 1.68e-06   5.08854300e+10  5.00647365e+09  7.51e+04      71s
  32   3.70e-06 9.14e-07   2.92657267e+10  5.92663512e+09  3.82e+04      73s
  33   1.16e-06 2.80e-07   1.65613642e+10  6.72477961e+09  1.61e+04      75s
  34   6.56e-07 9.87e-08   1.28001007e+10  7.04682396e+09  9.41e+03      78s
  35   3.58e-07 4.28e-08   9.12026984e+09  7.16662720e+09  3.20e+03      79s
  36   2.38e-07 1.68e-08   8.15602735e+09  7.21520844e+09  1.54e+03      81s
  37   1.38e-07 7.45e-09   7.62346929e+09  7.24297644e+09  6.23e+02      83s
  38   1.25e-07 3.73e-09   7.41661582e+09  7.25711669e+09  2.61e+02      85s
  39   2.38e-07 2.79e-09   7.32512789e+09  7.26262656e+09  1.02e+02      87s
  40   1.04e-07 1.86e-09   7.29082573e+09  7.26509330e+09  4.21e+01      88s
  41   1.34e-07 2.79e-09   7.27234155e+09  7.26611552e+09  1.02e+01      90s
  42   3.13e-07 2.79e-09   7.26703235e+09  7.26650567e+09  8.62e-01      91s
  43   2.20e-07 3.73e-09   7.26660494e+09  7.26656194e+09  7.03e-02      93s
  44   1.86e-07 3.73e-09   7.26657678e+09  7.26656628e+09  1.72e-02      94s
  45   4.32e-07 3.73e-09   7.26656990e+09  7.26656865e+09  2.05e-03      96s
  46   4.02e-07 2.79e-09   7.26656890e+09  7.26656881e+09  1.45e-04      97s
  47*  1.24e-06 9.31e-10   7.26656886e+09  7.26656885e+09  8.15e-06      99s
Summary
    Runtime:                                            98.90s
    Status interior point solve:                        optimal
    Status crossover:                                   not run
    objective value:                                    7.26656886e+09
    interior solution primal residual (abs/rel):        9.54e-07 / 6.53e-15
    interior solution dual residual (abs/rel):          9.31e-10 / 9.62e-17
    interior solution objective gap (abs/rel):          5.24e+00 / 7.22e-10
Ipx: IPM       optimal
Model   status      : Optimal
IPM       iterations: 47
Objective value     :  7.2719784175e+09
HiGHS run time      :        101.60
Presolving model
368042 rows, 836820 cols, 2140724 nonzeros
295190 rows, 592154 cols, 1652776 nonzeros
295142 rows, 325302 cols, 1108684 nonzeros
287116 rows, 317077 cols, 1092172 nonzeros
Presolve : Reductions: rows 287116(-2220076); columns 317077(-1383955); elements 1092172(-6260112)
Solving the presolved LP
IPX model has 287116 rows, 317077 columns and 1092172 nonzeros
Input
    Number of variables:                                317077
    Number of free variables:                           0
    Number of constraints:                              287116
    Number of equality constraints:                     17031
    Number of matrix entries:                           1092172
    Matrix range:                                       [1e-02, 1e+00]
    RHS range:                                          [2e+05, 1e+08]
    Objective range:                                    [2e-04, 1e+07]
    Bounds range:                                       [2e+05, 1e+08]
Preprocessing
    Dualized model:                                     no
    Number of dense columns:                            0
    Range of scaling factors:                           [1.00e+00, 2.00e+00]
IPX version 1.0
Interior Point Solve
 Iter     P.res    D.res            P.obj           D.obj        mu     Time
   0   2.45e+07 1.57e+05   9.32550623e+13 -2.05402768e+17  4.62e+12       0s
   1   7.65e+06 1.06e+05   1.20963808e+17 -1.52054070e+17  2.83e+12       0s
   2   5.62e+06 9.13e+04   1.47530424e+17 -1.40205746e+17  2.66e+12       1s
   3   2.03e+06 3.86e+04   1.37819582e+17 -6.79673167e+16  1.19e+12       2s
   4   5.98e+05 1.76e+04   1.02751612e+17 -3.54300364e+16  5.57e+11       3s
   5   2.97e+05 5.27e+03   7.48921208e+16 -1.18895337e+16  2.29e+11       5s
   6   1.95e+05 2.45e+03   5.66947904e+16 -6.31387095e+15  1.39e+11       8s
   7   1.28e+05 1.13e+03   3.96359699e+16 -3.15299194e+15  8.44e+10      12s
 Constructing starting basis...
   8   8.05e+04 6.27e+02   2.69686724e+16 -1.97653679e+15  5.50e+10      18s
   9   3.25e+04 2.44e+02   1.19961529e+16 -8.86512181e+14  2.33e+10      20s
  10   1.06e+04 6.61e+01   5.15590855e+15 -3.76591966e+14  9.64e+09      23s
  11   1.70e+03 1.97e+01   1.40782517e+15 -1.93171801e+14  2.75e+09      25s
  12   5.33e+02 1.15e+01   7.61915864e+14 -1.22238126e+14  1.52e+09      27s
  13   1.98e+02 7.88e+00   4.35190767e+14 -8.00883617e+13  8.94e+08      30s
  14   1.25e+02 6.44e+00   3.19467113e+14 -6.46190639e+13  6.71e+08      34s
  15   7.15e+01 4.14e+00   2.15403675e+14 -4.01651121e+13  4.46e+08      36s
  16   4.13e+01 3.30e+00   1.49392191e+14 -3.24606080e+13  3.20e+08      39s
  17   2.09e+01 2.26e+00   9.72358670e+13 -2.28483809e+13  2.12e+08      42s
  18   9.36e+00 5.27e-01   6.37144582e+13 -7.08064408e+12  1.20e+08      44s
  19   6.83e+00 8.17e-02   5.16861931e+13 -2.02590846e+12  8.87e+07      47s
  20   2.80e+00 2.10e-02   2.27223730e+13 -6.24912281e+11  3.84e+07      49s
  21   1.06e+00 3.57e-03   1.27208678e+13 -3.59766136e+11  2.15e+07      51s
  22   1.46e-01 6.75e-04   4.22865556e+12 -1.68770355e+11  7.21e+06      53s
  23   4.79e-02 2.62e-04   1.76346793e+12 -7.66313671e+10  3.02e+06      55s
  24   3.16e-02 8.84e-05   1.28347158e+12 -3.16795179e+10  2.15e+06      57s
  25   1.20e-02 4.60e-05   9.58694581e+11 -2.95085446e+10  1.62e+06      59s
  26   4.11e-03 1.06e-05   4.51899025e+11 -7.94567477e+09  7.53e+05      61s
  27   1.71e-03 1.61e-06   2.26951151e+11  2.13308520e+09  3.68e+05      63s
  28   3.58e-04 5.81e-07   7.71209585e+10  4.23105070e+09  1.19e+05      65s
  29   5.08e-05 2.85e-07   3.21134978e+10  5.17708319e+09  4.41e+04      67s
  30   1.86e-05 1.23e-07   1.87642387e+10  6.06269533e+09  2.08e+04      69s
  31   4.41e-06 3.54e-08   1.08761026e+10  6.63947322e+09  6.93e+03      71s
  32   2.09e-06 1.49e-08   9.01203684e+09  6.82548828e+09  3.58e+03      74s
  33   1.31e-06 7.45e-09   8.30462727e+09  6.88039735e+09  2.33e+03      76s
  34   5.36e-07 4.66e-09   7.56071840e+09  6.91263557e+09  1.06e+03      78s
  35   2.68e-07 3.73e-09   7.28196124e+09  6.92598096e+09  5.82e+02      80s
  36   1.94e-07 2.79e-09   7.03696586e+09  6.93491454e+09  1.67e+02      82s
  37   1.49e-07 2.79e-09   6.96907906e+09  6.93820049e+09  5.05e+01      84s
  38   1.79e-07 2.79e-09   6.94989648e+09  6.94004833e+09  1.61e+01      85s
  39   8.98e-08 3.73e-09   6.94222668e+09  6.94078203e+09  2.36e+00      87s
  40   2.24e-07 3.73e-09   6.94114360e+09  6.94098984e+09  2.52e-01      88s
  41   1.49e-07 3.73e-09   6.94106052e+09  6.94102544e+09  5.74e-02      90s
  42   2.83e-07 3.73e-09   6.94102862e+09  6.94102711e+09  2.48e-03      91s
  43   9.69e-07 2.79e-09   6.94102743e+09  6.94102735e+09  1.22e-04      92s
  44   2.12e-06 9.31e-10   6.94102738e+09  6.94102737e+09  1.49e-05      94s
  45*  1.61e-06 9.31e-10   6.94102737e+09  6.94102737e+09  1.40e-06      95s
Summary
    Runtime:                                            95.04s
    Status interior point solve:                        optimal
    Status crossover:                                   not run
    objective value:                                    6.94102737e+09
    interior solution primal residual (abs/rel):        1.27e-06 / 8.68e-15
    interior solution dual residual (abs/rel):          9.31e-10 / 9.62e-17
    interior solution objective gap (abs/rel):          6.07e-01 / 8.74e-11
Ipx: IPM       optimal
Model   status      : Optimal
IPM       iterations: 45
Objective value     :  6.9464369321e+09
HiGHS run time      :         97.68
Presolving model
368042 rows, 836820 cols, 2140724 nonzeros
295190 rows, 592154 cols, 1652776 nonzeros
295142 rows, 325302 cols, 1108684 nonzeros
287116 rows, 317077 cols, 1092172 nonzeros
Presolve : Reductions: rows 287116(-2227591); columns 317077(-1383955); elements 1092172(-6267627)
Solving the presolved LP
IPX model has 287116 rows, 317077 columns and 1092172 nonzeros
Input
    Number of variables:                                317077
    Number of free variables:                           0
    Number of constraints:                              287116
    Number of equality constraints:                     17031
    Number of matrix entries:                           1092172
    Matrix range:                                       [1e-02, 1e+00]
    RHS range:                                          [2e+05, 1e+08]
    Objective range:                                    [2e-04, 1e+07]
    Bounds range:                                       [2e+05, 1e+08]
Preprocessing
    Dualized model:                                     no
    Number of dense columns:                            0
    Range of scaling factors:                           [1.00e+00, 2.00e+00]
IPX version 1.0
Interior Point Solve
 Iter     P.res    D.res            P.obj           D.obj        mu     Time
   0   2.45e+07 1.57e+05   9.59140925e+13 -2.05353707e+17  4.62e+12       0s
   1   7.65e+06 1.06e+05   1.21089568e+17 -1.52016826e+17  2.83e+12       0s
   2   5.62e+06 9.13e+04   1.47667429e+17 -1.40173593e+17  2.66e+12       1s
   3   2.03e+06 3.86e+04   1.37934267e+17 -6.79493637e+16  1.19e+12       2s
   4   5.96e+05 1.76e+04   1.02670863e+17 -3.53599348e+16  5.55e+11       3s
   5   2.95e+05 5.25e+03   7.47290063e+16 -1.18199471e+16  2.28e+11       6s
   6   1.95e+05 2.44e+03   5.66146923e+16 -6.27832668e+15  1.39e+11       9s
   7   1.27e+05 1.13e+03   3.95555872e+16 -3.14784853e+15  8.42e+10      12s
 Constructing starting basis...
   8   7.99e+04 6.27e+02   2.68609010e+16 -1.96955045e+15  5.47e+10      18s
   9   3.21e+04 2.41e+02   1.19042686e+16 -8.73830481e+14  2.31e+10      21s
  10   1.01e+04 6.51e+01   4.98452197e+15 -3.72129897e+14  9.33e+09      23s
  11   1.65e+03 2.10e+01   1.35738345e+15 -1.95740016e+14  2.67e+09      25s
  12   4.52e+02 1.24e+01   7.45889539e+14 -1.23934374e+14  1.50e+09      28s
  13   1.77e+02 8.46e+00   4.36351137e+14 -8.13695586e+13  9.00e+08      31s
  14   1.11e+02 6.81e+00   3.22250543e+14 -6.47623266e+13  6.77e+08      34s
  15   6.51e+01 4.47e+00   2.17489667e+14 -4.11731276e+13  4.52e+08      37s
  16   3.74e+01 3.59e+00   1.49947842e+14 -3.34699725e+13  3.24e+08      40s
  17   1.95e+01 2.42e+00   9.91658868e+13 -2.32180497e+13  2.17e+08      42s
  18   8.46e+00 5.40e-01   6.37066263e+13 -6.96106270e+12  1.20e+08      45s
  19   6.47e+00 8.91e-02   5.37370849e+13 -2.14470007e+12  9.23e+07      47s
  20   2.55e+00 1.97e-02   2.35838499e+13 -6.38080960e+11  3.99e+07      49s
  21   1.15e+00 3.43e-03   1.45176058e+13 -3.77531529e+11  2.45e+07      52s
  22   5.06e-02 1.53e-03   5.38855634e+12 -2.90728622e+11  9.35e+06      54s
  23   2.24e-02 4.87e-04   2.92781664e+12 -1.16966033e+11  5.00e+06      56s
  24   1.43e-02 1.65e-04   2.03693504e+12 -4.91246151e+10  3.42e+06      58s
  25   8.20e-03 1.00e-04   1.73645174e+12 -5.05810282e+10  2.93e+06      60s
  26   4.36e-03 3.33e-05   1.14181302e+12 -2.62450653e+10  1.91e+06      62s
  27   7.53e-04 3.73e-09   4.54144575e+11 -7.02594136e+09  7.55e+05      64s
  28   3.07e-04 3.73e-09   2.25840949e+11  2.16009861e+09  3.66e+05      66s
  29   6.64e-05 1.86e-09   7.52422659e+10  4.20547760e+09  1.16e+05      67s
  30   2.04e-05 3.73e-09   3.71533386e+10  5.17628066e+09  5.23e+04      69s
  31   6.94e-06 1.86e-09   1.99852696e+10  5.94047282e+09  2.30e+04      71s
  32   2.77e-06 2.79e-09   1.29464764e+10  6.47858676e+09  1.06e+04      73s
  33   1.70e-06 1.86e-09   1.06872020e+10  6.67129411e+09  6.57e+03      75s
  34   1.13e-06 3.73e-09   9.41738520e+09  6.75297135e+09  4.36e+03      77s
  35   4.77e-07 3.73e-09   8.01375202e+09  6.77970513e+09  2.02e+03      79s
  36   1.49e-07 2.79e-09   7.31932423e+09  6.79621990e+09  8.56e+02      81s
  37   1.71e-07 3.73e-09   6.99741475e+09  6.80306260e+09  3.18e+02      82s
  38   2.53e-07 3.73e-09   6.87603934e+09  6.80814282e+09  1.11e+02      84s
  39   1.56e-07 1.86e-09   6.83181093e+09  6.81043542e+09  3.50e+01      86s
  40   1.64e-07 3.73e-09   6.81487739e+09  6.81142729e+09  5.65e+00      87s
  41   1.49e-07 3.73e-09   6.81216502e+09  6.81195147e+09  3.49e-01      89s
  42   1.12e-07 3.73e-09   6.81203266e+09  6.81199152e+09  6.73e-02      90s
  43   7.45e-08 3.73e-09   6.81201841e+09  6.81200073e+09  2.89e-02      92s
  44   3.87e-07 3.73e-09   6.81200864e+09  6.81200703e+09  2.63e-03      93s
  45   5.22e-07 3.73e-09   6.81200795e+09  6.81200783e+09  1.86e-04      94s
  46   1.68e-06 9.31e-10   6.81200789e+09  6.81200787e+09  2.44e-05      95s
  47*  1.88e-06 9.31e-10   6.81200788e+09  6.81200788e+09  5.01e-06      97s
Summary
    Runtime:                                            96.65s
    Status interior point solve:                        optimal
    Status crossover:                                   not run
    objective value:                                    6.81200788e+09
    interior solution primal residual (abs/rel):        1.62e-06 / 1.11e-14
    interior solution dual residual (abs/rel):          3.49e-10 / 3.61e-17
    interior solution objective gap (abs/rel):          2.73e+00 / 4.01e-10
Ipx: IPM       optimal
Model   status      : Optimal
IPM       iterations: 47
Objective value     :  6.8174174361e+09
HiGHS run time      :         99.30
Presolving model
368042 rows, 836820 cols, 2140724 nonzeros
295190 rows, 592154 cols, 1652776 nonzeros
295142 rows, 325302 cols, 1108684 nonzeros
287116 rows, 317077 cols, 1092172 nonzeros
Presolve : Reductions: rows 287116(-2235106); columns 317077(-1383955); elements 1092172(-6275142)
Solving the presolved LP
IPX model has 287116 rows, 317077 columns and 1092172 nonzeros
Input
    Number of variables:                                317077
    Number of free variables:                           0
    Number of constraints:                              287116
    Number of equality constraints:                     17031
    Number of matrix entries:                           1092172
    Matrix range:                                       [1e-02, 1e+00]
    RHS range:                                          [2e+05, 1e+08]
    Objective range:                                    [2e-04, 1e+07]
    Bounds range:                                       [2e+05, 1e+08]
Preprocessing
    Dualized model:                                     no
    Number of dense columns:                            0
    Range of scaling factors:                           [1.00e+00, 2.00e+00]
IPX version 1.0
Interior Point Solve
 Iter     P.res    D.res            P.obj           D.obj        mu     Time
   0   2.45e+07 1.57e+05   9.60062583e+13 -2.05353041e+17  4.62e+12       0s
   1   7.65e+06 1.06e+05   1.21094799e+17 -1.52016297e+17  2.83e+12       0s
   2   5.62e+06 9.13e+04   1.47673204e+17 -1.40173098e+17  2.66e+12       1s
   3   2.03e+06 3.86e+04   1.37938707e+17 -6.79489457e+16  1.19e+12       2s
   4   5.97e+05 1.76e+04   1.02676595e+17 -3.53598406e+16  5.55e+11       3s
   5   2.95e+05 5.24e+03   7.47321458e+16 -1.18134232e+16  2.28e+11       5s
   6   1.95e+05 2.44e+03   5.66239347e+16 -6.27899257e+15  1.39e+11       8s
   7   1.27e+05 1.13e+03   3.95595164e+16 -3.14742629e+15  8.42e+10      12s
 Constructing starting basis...
   8   8.01e+04 6.28e+02   2.68240473e+16 -1.96515568e+15  5.47e+10      18s
   9   3.23e+04 2.41e+02   1.19129572e+16 -8.73581959e+14  2.31e+10      20s
  10   1.01e+04 6.52e+01   5.00507416e+15 -3.72566564e+14  9.36e+09      23s
  11   1.48e+03 2.15e+01   1.44259293e+15 -2.04677103e+14  2.83e+09      25s
  12   5.02e+02 1.22e+01   7.55193620e+14 -1.27386722e+14  1.52e+09      28s
  13   2.04e+02 8.42e+00   4.62145622e+14 -8.41183811e+13  9.47e+08      31s
  14   1.27e+02 6.83e+00   3.31519505e+14 -6.68686415e+13  6.95e+08      34s
  15   7.48e+01 4.41e+00   2.27116886e+14 -4.18447166e+13  4.68e+08      37s
  16   4.31e+01 3.50e+00   1.58207972e+14 -3.37270607e+13  3.37e+08      39s
  17   2.19e+01 2.41e+00   1.02942698e+14 -2.39785332e+13  2.24e+08      41s
  18   9.62e+00 6.27e-01   6.67901465e+13 -8.01617464e+12  1.27e+08      43s
  19   6.03e+00 5.75e-02   5.00476666e+13 -1.86076672e+12  8.55e+07      45s
  20   2.76e+00 1.32e-02   2.46595669e+13 -5.53549556e+11  4.14e+07      48s
  21   1.11e+00 1.89e-03   1.28130640e+13 -2.67304639e+11  2.15e+07      49s
  22   4.23e-01 7.54e-04   6.14847947e+12 -1.58339983e+11  1.03e+07      51s
  23   1.65e-02 4.14e-04   3.00613647e+12 -1.42280622e+11  5.17e+06      53s
  24   5.35e-03 8.59e-05   1.54308718e+12 -5.40034580e+10  2.62e+06      55s
  25   2.99e-03 6.38e-05   1.16740306e+12 -4.63231532e+10  1.99e+06      57s
  26   9.67e-04 1.92e-05   7.16788088e+11 -2.48248271e+10  1.21e+06      59s
  27   1.43e-06 1.54e-06   2.87186403e+11 -7.51308190e+09  4.82e+05      60s
  28   9.83e-07 2.96e-07   1.38887912e+11  2.50575852e+09  2.23e+05      62s
  29   3.73e-07 1.23e-07   5.88873202e+10  4.31206944e+09  8.93e+04      64s
  30   2.16e-07 6.89e-08   3.06962352e+10  5.24811268e+09  4.16e+04      66s
  31   2.68e-07 1.86e-08   1.83292485e+10  6.24805980e+09  1.98e+04      67s
  32   2.24e-07 9.31e-09   1.24675509e+10  6.53836352e+09  9.70e+03      69s
  33   1.71e-07 3.73e-09   1.02739314e+10  6.65945933e+09  5.91e+03      72s
  34   1.78e-07 3.73e-09   8.40690713e+09  6.71492889e+09  2.77e+03      73s
  35   1.25e-07 3.73e-09   7.49654931e+09  6.73378937e+09  1.25e+03      75s
  36   2.83e-07 2.79e-09   7.12369497e+09  6.74555226e+09  6.19e+02      77s
  37   2.09e-07 3.73e-09   6.86907279e+09  6.75241648e+09  1.91e+02      79s
  38   1.68e-07 3.73e-09   6.79672084e+09  6.75534153e+09  6.77e+01      81s
  39   1.64e-07 3.73e-09   6.76893072e+09  6.75689339e+09  1.97e+01      83s
  40   2.09e-07 3.73e-09   6.75929311e+09  6.75746836e+09  2.99e+00      84s
  41   2.53e-07 3.73e-09   6.75794611e+09  6.75775209e+09  3.17e-01      86s
  42   2.31e-07 3.73e-09   6.75782147e+09  6.75780505e+09  2.69e-02      87s
  43   1.64e-07 3.73e-09   6.75781181e+09  6.75780952e+09  3.75e-03      89s
  44   2.31e-07 3.73e-09   6.75781037e+09  6.75781013e+09  4.07e-04      91s
  45   5.96e-07 1.86e-09   6.75781017e+09  6.75781014e+09  4.40e-05      92s
  46*  9.69e-07 9.31e-10   6.75781015e+09  6.75781014e+09  6.71e-06      92s
Summary
    Runtime:                                            92.42s
    Status interior point solve:                        optimal
    Status crossover:                                   not run
    objective value:                                    6.75781015e+09
    interior solution primal residual (abs/rel):        7.45e-07 / 5.10e-15
    interior solution dual residual (abs/rel):          9.31e-10 / 9.62e-17
    interior solution objective gap (abs/rel):          3.75e+00 / 5.55e-10
Ipx: IPM       optimal
Model   status      : Optimal
IPM       iterations: 46
Objective value     :  6.7632197062e+09
HiGHS run time      :         95.10
Presolving model
368042 rows, 836820 cols, 2140724 nonzeros
295190 rows, 592154 cols, 1652776 nonzeros
295142 rows, 325302 cols, 1108684 nonzeros
287116 rows, 317077 cols, 1092172 nonzeros
Presolve : Reductions: rows 287116(-2242621); columns 317077(-1383955); elements 1092172(-6282657)
Solving the presolved LP
IPX model has 287116 rows, 317077 columns and 1092172 nonzeros
Input
    Number of variables:                                317077
    Number of free variables:                           0
    Number of constraints:                              287116
    Number of equality constraints:                     17031
    Number of matrix entries:                           1092172
    Matrix range:                                       [1e-02, 1e+00]
    RHS range:                                          [2e+05, 1e+08]
    Objective range:                                    [2e-04, 1e+07]
    Bounds range:                                       [2e+05, 1e+08]
Preprocessing
    Dualized model:                                     no
    Number of dense columns:                            0
    Range of scaling factors:                           [1.00e+00, 2.00e+00]
IPX version 1.0
Interior Point Solve
 Iter     P.res    D.res            P.obj           D.obj        mu     Time
   0   2.45e+07 1.57e+05   9.60537805e+13 -2.05352835e+17  4.62e+12       0s
   1   7.65e+06 1.06e+05   1.21097362e+17 -1.52016128e+17  2.83e+12       0s
   2   5.62e+06 9.13e+04   1.47676063e+17 -1.40172920e+17  2.66e+12       1s
   3   2.03e+06 3.86e+04   1.37940773e+17 -6.79487236e+16  1.19e+12       2s
   4   5.96e+05 1.76e+04   1.02674313e+17 -3.53594125e+16  5.55e+11       3s
   5   2.95e+05 5.25e+03   7.47312172e+16 -1.18169015e+16  2.28e+11       5s
   6   1.95e+05 2.44e+03   5.66162770e+16 -6.27931814e+15  1.39e+11       8s
   7   1.27e+05 1.13e+03   3.95581998e+16 -3.14772836e+15  8.42e+10      12s
 Constructing starting basis...
   8   7.98e+04 6.26e+02   2.68543456e+16 -1.97011288e+15  5.47e+10      18s
   9   3.20e+04 2.40e+02   1.18689351e+16 -8.71371325e+14  2.30e+10      21s
  10   1.01e+04 6.50e+01   4.99762056e+15 -3.71880792e+14  9.35e+09      24s
  11   1.59e+03 2.12e+01   1.40711208e+15 -2.00119607e+14  2.76e+09      26s
  12   5.12e+02 1.23e+01   7.54134657e+14 -1.25805148e+14  1.52e+09      29s
  13   1.95e+02 8.49e+00   4.42215752e+14 -8.30899353e+13  9.13e+08      33s
  14   1.21e+02 6.89e+00   3.22091909e+14 -6.64228372e+13  6.79e+08      36s
  15   6.79e+01 4.41e+00   2.15666680e+14 -4.13653251e+13  4.49e+08      39s
  16   3.85e+01 3.50e+00   1.49525789e+14 -3.33040704e+13  3.22e+08      43s
  17   1.97e+01 2.37e+00   9.78586121e+13 -2.32018728e+13  2.14e+08      45s
  18   8.46e+00 5.61e-01   6.26069908e+13 -7.20513671e+12  1.18e+08      48s
  19   6.14e+00 8.01e-02   5.15304419e+13 -2.09503977e+12  8.85e+07      51s
  20   2.54e+00 1.67e-02   2.29002052e+13 -5.44658822e+11  3.86e+07      53s
  21   1.90e+00 5.16e-03   1.87089539e+13 -3.70519568e+11  3.13e+07      56s
  22   5.03e-01 1.28e-03   5.93804978e+12 -1.32621616e+11  9.96e+06      58s
  23   9.45e-02 5.52e-04   2.97602932e+12 -1.11925902e+11  5.07e+06      61s
  24   3.72e-02 1.44e-04   1.64058788e+12 -4.96809127e+10  2.77e+06      63s
  25   2.18e-02 5.68e-05   1.22988270e+12 -3.30733948e+10  2.07e+06      65s
  26   1.17e-02 8.82e-06   7.47784867e+11 -6.76973652e+09  1.24e+06      67s
  27   3.44e-03 1.65e-06   2.73018735e+11  1.46987342e+09  4.44e+05      69s
  28   5.11e-04 3.67e-07   8.91483667e+10  3.69454688e+09  1.40e+05      71s
  29   1.84e-04 1.85e-07   4.98247504e+10  4.71259602e+09  7.38e+04      73s
  30   5.67e-05 8.75e-08   2.45619513e+10  5.62440933e+09  3.10e+04      75s
  31   2.55e-05 2.33e-08   1.58841458e+10  6.39064659e+09  1.55e+04      78s
  32   1.71e-05 1.12e-08   1.30238028e+10  6.59186073e+09  1.05e+04      80s
  33   1.16e-05 5.59e-09   1.11368602e+10  6.68301937e+09  7.29e+03      82s
  34   4.98e-06 2.79e-09   8.80874236e+09  6.71525872e+09  3.43e+03      84s
  35   1.13e-06 3.73e-09   7.51739955e+09  6.72858414e+09  1.29e+03      86s
  36   2.98e-07 2.79e-09   6.99847619e+09  6.73916875e+09  4.24e+02      88s
  37   1.64e-07 3.73e-09   6.83255072e+09  6.74625063e+09  1.41e+02      91s
  38   1.94e-07 3.73e-09   6.77797391e+09  6.74943634e+09  4.67e+01      93s
  39   1.64e-07 3.73e-09   6.75766714e+09  6.75093750e+09  1.10e+01      94s
  40   1.24e-07 3.73e-09   6.75246099e+09  6.75153377e+09  1.52e+00      96s
  41   1.25e-07 3.73e-09   6.75170167e+09  6.75166035e+09  6.76e-02      98s
  42   1.49e-07 1.86e-09   6.75167881e+09  6.75167134e+09  1.22e-02     100s
  43   1.94e-07 2.79e-09   6.75167698e+09  6.75167585e+09  1.86e-03     101s
  44   3.13e-07 3.73e-09   6.75167615e+09  6.75167606e+09  1.53e-04     103s
  45*  1.92e-06 1.86e-09   6.75167610e+09  6.75167609e+09  9.85e-06     104s
Summary
    Runtime:                                            104.24s
    Status interior point solve:                        optimal
    Status crossover:                                   not run
    objective value:                                    6.75167610e+09
    interior solution primal residual (abs/rel):        1.61e-06 / 1.10e-14
    interior solution dual residual (abs/rel):          9.31e-10 / 9.62e-17
    interior solution objective gap (abs/rel):          5.80e+00 / 8.60e-10
Ipx: IPM       optimal
Model   status      : Optimal
IPM       iterations: 45
Objective value     :  6.7570856582e+09
HiGHS run time      :        107.16
[ Info: Rolling step not specified in scenaio.yaml file; Setting it to 15 years
[ Info: Demand-pathway mapping not specified in scenaio.yaml file; SERA will not look for eligible pathways for different demand types.
[ Info: Production capacity constraints from the grid model not defined. SERA will not create these constraints
[ Info: Regional technology limits not specified in scenaio.yaml file; SERA will not create these constraints
STARTING DATA PRE-PROCESSING 
Processing Temporal Data
Processing Nodes
Processing Demand
Processing Existings
Processing Links
Processing Pathways
Creating Infrastructure options
  4.963697 seconds (32.96 M allocations: 3.904 GiB, 27.34% gc time, 1.76% compilation time)

OPTIMIZING FROM 2026 TO 2040 

STARTING OPTIMIZATION MODEL CREATION
CREATING VARIABLES AND EXPRESSIONS
 17.053191 seconds (136.86 M allocations: 8.385 GiB, 33.03% gc time, 36.76% compilation time)
POPULATING EXPRESSIONS
 34.423542 seconds (153.95 M allocations: 23.948 GiB, 9.09% gc time, 0.58% compilation time)
CREATING CONSTRAINTS
  9.277753 seconds (76.27 M allocations: 3.932 GiB, 14.46% gc time, 9.01% compilation time)
POPULATED CORE OPTIMIZATION MODEL, STARTING ITERATIONS
READING COST DATA FOR ITERATION 1
 16.221983 seconds (66.06 M allocations: 6.260 GiB, 4.08% gc time, 2.28% compilation time)
CREATING EXPRESSIONS FOR CAPITAL AND FIXED COST
 50.835994 seconds (98.65 M allocations: 6.310 GiB, 83.76% gc time, 2.77% compilation time)
BUILDING OBJECTIVE FUNCTION
  8.096739 seconds (26.43 M allocations: 886.215 MiB, 52.25% gc time, 14.43% compilation time)
Optimizing for iteration 1
198.961822 seconds (26.98 M allocations: 2.509 GiB, 13.64% gc time, 0.01% compilation time)
OPTIMAL
5.4434115605104265e9
ϵ =  1.0
READING COST DATA FOR ITERATION 2
120.774400 seconds (54.34 M allocations: 6.051 GiB, 31.17% gc time, 0.03% compilation time)
CREATING EXPRESSIONS FOR CAPITAL AND FIXED COST
 93.461620 seconds (97.06 M allocations: 6.208 GiB, 92.97% gc time, 0.01% compilation time)
BUILDING OBJECTIVE FUNCTION
  7.493902 seconds (25.13 M allocations: 820.001 MiB, 61.14% gc time)
Optimizing for iteration 2
 95.002354 seconds (5 allocations: 32 bytes)
OPTIMAL
8.730278762608597e9
ϵ =  0.3764905212621542
READING COST DATA FOR ITERATION 3
121.397751 seconds (54.09 M allocations: 5.989 GiB, 33.49% gc time)
CREATING EXPRESSIONS FOR CAPITAL AND FIXED COST
 94.398615 seconds (97.06 M allocations: 6.208 GiB, 92.50% gc time)
BUILDING OBJECTIVE FUNCTION
  7.671964 seconds (25.13 M allocations: 820.001 MiB, 60.76% gc time)
Optimizing for iteration 3
101.620171 seconds (2 allocations: 32 bytes)
OPTIMAL
7.271978417536488e9
ϵ =  0.20053694625328675
READING COST DATA FOR ITERATION 4
121.721880 seconds (54.07 M allocations: 5.988 GiB, 33.69% gc time)
CREATING EXPRESSIONS FOR CAPITAL AND FIXED COST
 94.184352 seconds (97.06 M allocations: 6.208 GiB, 92.59% gc time)
BUILDING OBJECTIVE FUNCTION
  7.799513 seconds (25.13 M allocations: 820.001 MiB, 60.94% gc time)
Optimizing for iteration 4
 97.708296 seconds (2 allocations: 32 bytes)
OPTIMAL
6.946436932116304e9
ϵ =  0.04686452761344569
READING COST DATA FOR ITERATION 5
123.181619 seconds (54.06 M allocations: 6.043 GiB, 34.36% gc time)
CREATING EXPRESSIONS FOR CAPITAL AND FIXED COST
 95.994879 seconds (97.06 M allocations: 6.208 GiB, 92.54% gc time)
BUILDING OBJECTIVE FUNCTION
  7.832326 seconds (25.13 M allocations: 820.001 MiB, 61.17% gc time)
Optimizing for iteration 5
 99.322966 seconds (2 allocations: 32 bytes)
OPTIMAL
6.817417436067958e9
ϵ =  0.01892498108823961
READING COST DATA FOR ITERATION 6
123.407486 seconds (54.06 M allocations: 6.011 GiB, 34.15% gc time)
CREATING EXPRESSIONS FOR CAPITAL AND FIXED COST
 95.863024 seconds (97.06 M allocations: 6.208 GiB, 92.87% gc time)
BUILDING OBJECTIVE FUNCTION
  7.913912 seconds (25.13 M allocations: 820.001 MiB, 61.68% gc time)
Optimizing for iteration 6
 95.132257 seconds (2 allocations: 32 bytes)
OPTIMAL
6.763219706238544e9
ϵ =  0.008013598874996091
READING COST DATA FOR ITERATION 7
133.898095 seconds (54.06 M allocations: 5.987 GiB, 45.52% gc time)
CREATING EXPRESSIONS FOR CAPITAL AND FIXED COST
137.629633 seconds (97.06 M allocations: 6.208 GiB, 93.19% gc time)
BUILDING OBJECTIVE FUNCTION
 10.845806 seconds (25.13 M allocations: 820.001 MiB, 63.96% gc time)
Optimizing for iteration 7
107.196053 seconds (2 allocations: 32 bytes)
OPTIMAL
6.757085658211723e9
ϵ =  0.0009077949188788429
ITERATIONS COMPLETED
WRITING RESULTS TO FILE
  9.998060 seconds (20.59 M allocations: 899.633 MiB, 71.30% gc time, 7.01% compilation time)

THE OPTIMIZATION PROBLEM TOOK 39.98 MINUTES TO SOLVE. 
