Running HiGHS 1.6.0: Copyright (c) 2023 HiGHS under MIT licence terms
Presolving model
861069 rows, 1835993 cols, 4706628 nonzeros
650661 rows, 1215999 cols, 3463266 nonzeros
642569 rows, 721107 cols, 2469633 nonzeros
641035 rows, 719135 cols, 2465756 nonzeros
Presolve : Reductions: rows 641035(-7196002); columns 719135(-4516287); elements 2465756(-29632118)
Solving the presolved LP
IPX model has 641035 rows, 719135 columns and 2465756 nonzeros
Input
    Number of variables:                                719135
    Number of free variables:                           0
    Number of constraints:                              641035
    Number of equality constraints:                     40406
    Number of matrix entries:                           2465756
    Matrix range:                                       [1e-02, 1e+00]
    RHS range:                                          [2e+05, 1e+08]
    Objective range:                                    [2e-04, 8e+02]
    Bounds range:                                       [7e+05, 1e+08]
Preprocessing
    Dualized model:                                     no
    Number of dense columns:                            0
    Range of scaling factors:                           [1.00e+00, 2.00e+00]
IPX version 1.0
Interior Point Solve
 Iter     P.res    D.res            P.obj           D.obj        mu     Time
   0   1.89e+07 6.11e+01   8.47939035e+09 -1.54725488e+14  1.29e+09       0s
   1   6.00e+06 4.62e+01   3.29746371e+13 -1.25760074e+14  1.02e+09       1s
   2   3.11e+06 3.95e+01   5.25396890e+13 -1.16493964e+14  1.12e+09       3s
   3   1.63e+06 6.11e+00   4.94573853e+13 -2.08654461e+13  2.12e+08       5s
   4   3.54e+05 1.91e+00   3.18608865e+13 -8.11829165e+12  7.17e+07       9s
 Constructing starting basis...
   5   3.14e+04 7.02e-01   1.58090348e+13 -3.77392663e+12  2.66e+07      23s
   6   9.84e+03 2.27e-01   8.50299168e+12 -1.43280181e+12  1.00e+07      31s
   7   1.84e+03 9.18e-02   3.69396261e+12 -7.19482420e+11  3.86e+06      38s
   8   3.74e+02 3.62e-02   1.56275057e+12 -3.37368546e+11  1.52e+06      46s
   9   8.48e+01 1.59e-02   7.54716655e+11 -1.72399329e+11  7.05e+05      53s
  10   2.81e+01 5.11e-03   4.63759915e+11 -7.09487951e+10  3.92e+05      60s
  11   1.26e+01 3.22e-03   3.02622047e+11 -4.71317395e+10  2.55e+05      68s
  12   7.89e+00 2.16e-03   2.30029622e+11 -3.14472665e+10  1.90e+05      77s
  13   2.31e+00 1.31e-03   1.17585829e+11 -1.73984210e+10  9.75e+04      86s
  14   1.47e+00 5.58e-04   9.60583497e+10 -3.79185891e+09  7.18e+04      99s
  15   1.08e+00 3.43e-04   8.02588193e+10  8.78750859e+08  5.70e+04     113s
  16   8.23e-01 1.31e-04   7.27101446e+10  4.48573794e+09  4.89e+04     127s
  17   6.37e-01 9.88e-05   6.00678587e+10  5.89958222e+09  3.88e+04     141s
  18   4.41e-01 4.83e-05   5.07774397e+10  7.30809301e+09  3.12e+04     155s
  19   3.43e-01 2.91e-05   4.41674138e+10  8.20232727e+09  2.58e+04     170s
  20   2.09e-01 2.31e-05   3.32187011e+10  8.56936071e+09  1.77e+04     185s
  21   8.68e-02 1.00e-05   2.40393565e+10  9.30498956e+09  1.06e+04     197s
  22   5.65e-02 5.86e-06   2.04368735e+10  9.68871282e+09  7.70e+03     212s
  23   4.20e-02 3.36e-06   1.83655260e+10  9.96926573e+09  6.02e+03     224s
  24   3.34e-02 1.60e-06   1.76787808e+10  1.00439528e+10  5.47e+03     236s
  25   1.73e-02 8.80e-07   1.46244538e+10  1.02200907e+10  3.16e+03     246s
  26   6.63e-03 5.14e-07   1.30033628e+10  1.02876659e+10  1.95e+03     257s
  27   3.60e-03 2.72e-07   1.21512151e+10  1.03657743e+10  1.28e+03     268s
  28   2.16e-03 1.75e-07   1.18126967e+10  1.03925327e+10  1.02e+03     278s
  29   1.39e-03 1.18e-07   1.14586129e+10  1.04212672e+10  7.43e+02     288s
  30   1.03e-03 6.69e-08   1.13354216e+10  1.04410769e+10  6.41e+02     298s
  31   4.35e-04 2.50e-08   1.09902137e+10  1.04693976e+10  3.73e+02     307s
  32   2.16e-04 1.02e-08   1.07916772e+10  1.04860536e+10  2.19e+02     316s
  33   1.16e-04 4.53e-09   1.07142314e+10  1.04912395e+10  1.60e+02     325s
  34   5.64e-05 2.22e-09   1.06202926e+10  1.04969453e+10  8.84e+01     334s
  35   3.89e-05 6.36e-10   1.05998265e+10  1.04996580e+10  7.18e+01     343s
  36   1.73e-05 1.23e-10   1.05565807e+10  1.05025387e+10  3.87e+01     351s
  37   1.37e-06 1.17e-11   1.05213653e+10  1.05034141e+10  1.29e+01     359s
  38   6.56e-07 4.77e-12   1.05153026e+10  1.05038579e+10  8.20e+00     367s
  39   6.33e-08 1.36e-12   1.05073349e+10  1.05042233e+10  2.23e+00     374s
  40   1.79e-07 6.82e-13   1.05065505e+10  1.05043470e+10  1.58e+00     382s
  41   8.28e-08 3.41e-13   1.05056347e+10  1.05044931e+10  8.18e-01     389s
  42   9.95e-08 2.27e-13   1.05050331e+10  1.05045374e+10  3.55e-01     395s
  43   8.94e-08 3.41e-13   1.05045856e+10  1.05045525e+10  2.38e-02     402s
  44   7.80e-08 3.41e-13   1.05045668e+10  1.05045553e+10  8.27e-03     409s
  45   7.45e-08 2.27e-13   1.05045584e+10  1.05045557e+10  1.96e-03     415s
  46   1.19e-07 2.27e-13   1.05045572e+10  1.05045557e+10  1.05e-03     422s
  47   1.08e-07 2.27e-13   1.05045567e+10  1.05045558e+10  6.54e-04     427s
  48   7.00e-08 3.41e-13   1.05045564e+10  1.05045558e+10  4.27e-04     433s
  49   5.25e-08 2.27e-13   1.05045563e+10  1.05045557e+10  4.30e-04     439s
  50   1.10e-07 2.27e-13   1.05045558e+10  1.05045558e+10  1.94e-05     444s
  51*  1.15e-07 2.27e-13   1.05045558e+10  1.05045558e+10  7.24e-07     451s
Summary
    Runtime:                                            451.20s
    Status interior point solve:                        optimal
    Status crossover:                                   not run
    objective value:                                    1.05045558e+10
    interior solution primal residual (abs/rel):        2.38e-07 / 1.63e-15
    interior solution dual residual (abs/rel):          1.12e-09 / 1.33e-12
    interior solution objective gap (abs/rel):          1.05e+00 / 1.00e-10
Ipx: IPM       optimal
Model   status      : Optimal
IPM       iterations: 51
Objective value     :  1.0504555765e+10
HiGHS run time      :        460.58
Presolving model
861069 rows, 1835993 cols, 4706628 nonzeros
650661 rows, 1215999 cols, 3463266 nonzeros
642569 rows, 721107 cols, 2469633 nonzeros
641035 rows, 719135 cols, 2465756 nonzeros
Presolve : Reductions: rows 641035(-7218547); columns 719135(-4516287); elements 2465756(-29654663)
Solving the presolved LP
IPX model has 641035 rows, 719135 columns and 2465756 nonzeros
Input
    Number of variables:                                719135
    Number of free variables:                           0
    Number of constraints:                              641035
    Number of equality constraints:                     40406
    Number of matrix entries:                           2465756
    Matrix range:                                       [1e-02, 1e+00]
    RHS range:                                          [2e+05, 1e+08]
    Objective range:                                    [2e-04, 1e+07]
    Bounds range:                                       [7e+05, 1e+08]
Preprocessing
    Dualized model:                                     no
    Number of dense columns:                            0
    Range of scaling factors:                           [1.00e+00, 2.00e+00]
IPX version 1.0
Interior Point Solve
 Iter     P.res    D.res            P.obj           D.obj        mu     Time
   0   1.89e+07 2.78e+06   2.36448827e+14 -7.06752357e+18  5.79e+13       0s
   1   6.02e+06 2.14e+06   6.17673354e+17 -5.80757546e+18  4.73e+13       1s
   2   3.16e+06 1.81e+06   1.01017748e+18 -5.37424539e+18  5.26e+13       3s
   3   1.63e+06 2.79e+05   1.00298061e+18 -9.73854805e+17  9.24e+12       5s
   4   3.22e+05 6.09e+04   7.43687969e+17 -2.90791679e+17  2.36e+12       9s
 Constructing starting basis...
   5   3.44e+04 1.78e+04   4.19842461e+17 -1.21322542e+17  8.16e+11      25s
   6   8.75e+03 7.40e+03   2.26496858e+17 -5.90668743e+16  3.43e+11      32s
   7   1.33e+03 2.86e+03   1.03851626e+17 -2.77460801e+16  1.32e+11      40s
   8   3.17e+02 1.21e+03   5.06878425e+16 -1.37480660e+16  5.72e+10      49s
   9   1.24e+02 4.08e+02   2.83698583e+16 -5.50930824e+15  2.71e+10      59s
  10   4.50e+01 1.50e+02   1.31690689e+16 -2.24248416e+15  1.18e+10      67s
  11   1.43e+01 5.18e+01   5.52227091e+15 -8.74937352e+14  4.81e+09      76s
  12   5.87e+00 2.37e+01   4.25402993e+15 -5.67969495e+14  3.58e+09      85s
  13   1.91e+00 1.38e+01   1.93518163e+15 -3.58055672e+14  1.72e+09      94s
  14   5.98e-01 8.47e+00   9.40004536e+14 -2.32763094e+14  8.93e+08     103s
  15   2.08e-01 3.53e+00   4.62519900e+14 -1.05835419e+14  4.30e+08     110s
  16   3.87e-02 1.82e+00   1.29463512e+14 -5.62115363e+13  1.44e+08     118s
  17   5.03e-03 3.71e-01   4.67691545e+13 -1.34059842e+13  4.53e+07     125s
  18   1.34e-03 1.10e-01   1.60434802e+13 -4.13002523e+12  1.50e+07     132s
  19   4.53e-04 5.81e-02   7.80118964e+12 -2.28274105e+12  7.51e+06     139s
  20   1.39e-04 2.22e-02   4.52576737e+12 -9.86251036e+11  4.05e+06     146s
  21   1.03e-04 1.12e-02   3.79206801e+12 -5.42926796e+11  3.15e+06     155s
  22   5.60e-05 6.84e-03   2.54115028e+12 -3.53405744e+11  2.10e+06     162s
  23   2.71e-05 4.55e-03   1.63519819e+12 -2.46758297e+11  1.36e+06     170s
  24   1.97e-05 3.44e-03   1.39786030e+12 -1.95349962e+11  1.15e+06     178s
  25   1.20e-05 2.82e-03   1.25824701e+12 -1.70206283e+11  1.03e+06     186s
  26   8.82e-06 2.08e-03   1.08641524e+12 -1.32903173e+11  8.79e+05     194s
  27   2.68e-06 9.23e-04   7.62629677e+11 -7.43897366e+10  6.02e+05     203s
  28   1.55e-06 4.35e-04   5.72802487e+11 -3.93599292e+10  4.39e+05     211s
  29   8.94e-07 2.15e-04   3.88731808e+11 -1.85962028e+10  2.92e+05     219s
  30   5.36e-07 8.57e-05   3.13088199e+11 -8.38357314e+09  2.30e+05     227s
  31   3.28e-07 3.76e-05   1.81819961e+11  1.17426858e+09  1.29e+05     235s
  32   5.07e-07 2.09e-05   1.01142795e+11  3.82453627e+09  6.97e+04     243s
  33   1.79e-07 1.50e-05   7.72405747e+10  5.05532629e+09  5.17e+04     250s
  34   2.68e-07 8.30e-06   3.57646999e+10  7.69218430e+09  2.01e+04     257s
  35   2.68e-07 3.82e-06   2.74196571e+10  9.46304637e+09  1.29e+04     265s
  36   2.98e-07 1.61e-06   2.09877875e+10  1.06821776e+10  7.38e+03     272s
  37   2.68e-07 5.76e-07   1.57352400e+10  1.13237096e+10  3.16e+03     279s
  38   4.77e-07 2.31e-07   1.49569701e+10  1.15606579e+10  2.43e+03     285s
  39   4.47e-07 1.26e-07   1.33022476e+10  1.16493592e+10  1.18e+03     292s
  40   1.49e-07 5.77e-08   1.23374507e+10  1.17118205e+10  4.48e+02     298s
  41   1.79e-07 1.86e-08   1.20388746e+10  1.17476977e+10  2.09e+02     304s
  42   3.87e-07 7.45e-09   1.18609247e+10  1.17617665e+10  7.10e+01     310s
  43   1.49e-07 4.66e-09   1.18049270e+10  1.17679854e+10  2.65e+01     315s
  44   1.79e-07 3.73e-09   1.17799822e+10  1.17697172e+10  7.35e+00     321s
  45   2.38e-07 3.73e-09   1.17709232e+10  1.17699964e+10  6.64e-01     325s
  46   2.09e-07 3.73e-09   1.17701652e+10  1.17700215e+10  1.03e-01     330s
  47   3.58e-07 5.59e-09   1.17700438e+10  1.17700307e+10  9.43e-03     334s
  48   4.47e-07 3.73e-09   1.17700336e+10  1.17700321e+10  1.05e-03     340s
  49   5.36e-07 2.79e-09   1.17700325e+10  1.17700322e+10  1.88e-04     344s
  50   1.28e-06 9.31e-10   1.17700323e+10  1.17700323e+10  1.76e-05     348s
  51*  1.70e-06 9.31e-10   1.17700323e+10  1.17700323e+10  3.96e-06     352s
Summary
    Runtime:                                            351.68s
    Status interior point solve:                        optimal
    Status crossover:                                   not run
    objective value:                                    1.17700323e+10
    interior solution primal residual (abs/rel):        1.37e-06 / 9.39e-15
    interior solution dual residual (abs/rel):          9.31e-10 / 9.62e-17
    interior solution objective gap (abs/rel):          4.46e+00 / 3.79e-10
Ipx: IPM       optimal
Model   status      : Optimal
IPM       iterations: 51
Objective value     :  1.1770032291e+10
HiGHS run time      :        360.65
Presolving model
861069 rows, 1835993 cols, 4706628 nonzeros
650661 rows, 1215999 cols, 3463266 nonzeros
642569 rows, 721107 cols, 2469633 nonzeros
641035 rows, 719135 cols, 2465756 nonzeros
Presolve : Reductions: rows 641035(-7241092); columns 719135(-4516287); elements 2465756(-29677208)
Solving the presolved LP
IPX model has 641035 rows, 719135 columns and 2465756 nonzeros
Input
    Number of variables:                                719135
    Number of free variables:                           0
    Number of constraints:                              641035
    Number of equality constraints:                     40406
    Number of matrix entries:                           2465756
    Matrix range:                                       [1e-02, 1e+00]
    RHS range:                                          [2e+05, 1e+08]
    Objective range:                                    [2e-04, 1e+07]
    Bounds range:                                       [7e+05, 1e+08]
Preprocessing
    Dualized model:                                     no
    Number of dense columns:                            0
    Range of scaling factors:                           [1.00e+00, 2.00e+00]
IPX version 1.0
Interior Point Solve
 Iter     P.res    D.res            P.obj           D.obj        mu     Time
   0   1.89e+07 2.79e+06   2.45107907e+14 -7.07593944e+18  5.80e+13       0s
   1   6.03e+06 2.14e+06   6.22128831e+17 -5.81433653e+18  4.73e+13       1s
   2   3.16e+06 1.81e+06   1.01820683e+18 -5.38112911e+18  5.27e+13       3s
   3   1.63e+06 2.80e+05   1.01135882e+18 -9.75351975e+17  9.26e+12       5s
   4   3.22e+05 6.12e+04   7.51945946e+17 -2.91532419e+17  2.37e+12       9s
 Constructing starting basis...
   5   3.57e+04 1.81e+04   4.27744644e+17 -1.22230165e+17  8.26e+11      25s
   6   8.37e+03 7.44e+03   2.25491214e+17 -5.90372982e+16  3.40e+11      33s
   7   1.22e+03 2.95e+03   1.06647830e+17 -2.87236645e+16  1.35e+11      40s
   8   2.42e+02 1.24e+03   4.85867424e+16 -1.39389658e+16  5.51e+10      50s
   9   6.99e+01 3.84e+02   2.39962595e+16 -5.22940938e+15  2.32e+10      61s
  10   1.44e+01 1.28e+02   9.70407831e+15 -2.07431842e+15  8.97e+09      71s
  11   3.12e+00 6.24e+01   4.06792978e+15 -1.09415985e+15  3.93e+09      81s
  12   1.10e+00 3.04e+01   2.88845827e+15 -6.12130880e+14  2.64e+09      91s
  13   4.88e-01 2.02e+01   1.58621497e+15 -4.09885905e+14  1.52e+09     100s
  14   2.11e-01 1.29e+01   1.09255046e+15 -2.75503217e+14  1.04e+09     108s
  15   6.44e-02 7.02e+00   4.58262018e+14 -1.53374977e+14  4.72e+08     116s
  16   3.19e-02 5.08e+00   2.92240608e+14 -1.13740633e+14  3.16e+08     124s
  17   9.54e-03 7.55e-01   2.02158416e+14 -2.67728735e+13  1.68e+08     131s
  18   1.91e-03 4.50e-02   1.13114282e+14 -7.24524058e+12  8.66e+07     139s
  19   7.13e-04 9.58e-03   5.29647985e+13 -2.37268865e+12  3.97e+07     147s
  20   1.74e-04 2.86e-03   2.05334865e+13 -1.13859920e+12  1.56e+07     156s
  21   8.44e-05 1.35e-03   1.08768467e+13 -5.89347963e+11  8.23e+06     164s
  22   3.31e-05 5.08e-04   6.21453233e+12 -3.37461034e+11  4.70e+06     172s
  23   1.93e-05 2.00e-04   4.36284735e+12 -1.94359420e+11  3.27e+06     180s
  24   7.15e-06 6.43e-05   2.32905521e+12 -1.02870091e+11  1.74e+06     188s
  25   2.38e-06 2.99e-05   1.00345506e+12 -5.61886307e+10  7.59e+05     195s
  26   5.36e-07 1.25e-05   4.24988329e+11 -2.71194641e+10  3.24e+05     203s
  27   5.07e-07 5.83e-06   2.89729466e+11 -1.12032268e+10  2.16e+05     210s
  28   4.77e-07 1.86e-06   1.09869552e+11  1.55025701e+09  7.76e+04     218s
  29   2.38e-07 9.87e-07   4.76256145e+10  5.21108274e+09  3.04e+04     225s
  30   3.58e-07 4.64e-07   2.71270734e+10  7.75843359e+09  1.39e+04     232s
  31   3.28e-07 1.29e-07   1.75892081e+10  9.60091970e+09  5.72e+03     239s
  32   2.68e-07 4.47e-08   1.34560789e+10  1.01633685e+10  2.36e+03     247s
  33   3.58e-07 2.05e-08   1.15549720e+10  1.03602018e+10  8.56e+02     253s
  34   2.38e-07 1.21e-08   1.09654545e+10  1.04424820e+10  3.75e+02     259s
  35   3.30e-07 5.59e-09   1.07039904e+10  1.04989555e+10  1.47e+02     266s
  36   1.79e-07 3.73e-09   1.06025088e+10  1.05198903e+10  5.92e+01     272s
  37   2.09e-07 3.73e-09   1.05456034e+10  1.05293554e+10  1.16e+01     278s
  38   3.16e-07 3.73e-09   1.05335206e+10  1.05314185e+10  1.51e+00     283s
  39   2.98e-07 3.73e-09   1.05321092e+10  1.05316096e+10  3.58e-01     288s
  40   2.98e-07 3.73e-09   1.05317471e+10  1.05316665e+10  5.78e-02     293s
  41   2.83e-07 3.73e-09   1.05316884e+10  1.05316790e+10  6.71e-03     298s
  42   5.00e-07 3.73e-09   1.05316838e+10  1.05316819e+10  1.38e-03     303s
  43   2.21e-06 1.86e-09   1.05316835e+10  1.05316833e+10  9.22e-05     308s
  44   1.80e-06 1.86e-09   1.05316834e+10  1.05316834e+10  1.13e-05     314s
  45*  6.26e-07 1.86e-09   1.05316834e+10  1.05316834e+10  1.35e-06     317s
Summary
    Runtime:                                            317.36s
    Status interior point solve:                        optimal
    Status crossover:                                   not run
    objective value:                                    1.05316834e+10
    interior solution primal residual (abs/rel):        7.45e-07 / 5.10e-15
    interior solution dual residual (abs/rel):          9.31e-10 / 9.62e-17
    interior solution objective gap (abs/rel):          1.17e+00 / 1.11e-10
Ipx: IPM       optimal
Model   status      : Optimal
IPM       iterations: 45
Objective value     :  1.0531683434e+10
HiGHS run time      :        326.20
Presolving model
861069 rows, 1835993 cols, 4706628 nonzeros
650661 rows, 1215999 cols, 3463266 nonzeros
642569 rows, 721107 cols, 2469633 nonzeros
641035 rows, 719135 cols, 2465756 nonzeros
Presolve : Reductions: rows 641035(-7263637); columns 719135(-4516287); elements 2465756(-29699753)
Solving the presolved LP
IPX model has 641035 rows, 719135 columns and 2465756 nonzeros
Input
    Number of variables:                                719135
    Number of free variables:                           0
    Number of constraints:                              641035
    Number of equality constraints:                     40406
    Number of matrix entries:                           2465756
    Matrix range:                                       [1e-02, 1e+00]
    RHS range:                                          [2e+05, 1e+08]
    Objective range:                                    [2e-04, 1e+07]
    Bounds range:                                       [7e+05, 1e+08]
Preprocessing
    Dualized model:                                     no
    Number of dense columns:                            0
    Range of scaling factors:                           [1.00e+00, 2.00e+00]
IPX version 1.0
Interior Point Solve
 Iter     P.res    D.res            P.obj           D.obj        mu     Time
   0   1.89e+07 2.79e+06   2.45693132e+14 -7.07738327e+18  5.80e+13       0s
   1   6.03e+06 2.14e+06   6.22450835e+17 -5.81552069e+18  4.73e+13       1s
   2   3.16e+06 1.81e+06   1.01876825e+18 -5.38226745e+18  5.27e+13       3s
   3   1.63e+06 2.80e+05   1.01195214e+18 -9.75568566e+17  9.26e+12       5s
   4   3.22e+05 6.12e+04   7.52522377e+17 -2.91574465e+17  2.37e+12       9s
 Constructing starting basis...
   5   3.56e+04 1.81e+04   4.28118852e+17 -1.22324925e+17  8.26e+11      25s
   6   8.27e+03 7.45e+03   2.25233772e+17 -5.91066679e+16  3.40e+11      33s
   7   1.22e+03 2.97e+03   1.07174956e+17 -2.88884096e+16  1.36e+11      40s
   8   2.35e+02 1.24e+03   4.82041051e+16 -1.39602247e+16  5.48e+10      50s
   9   6.93e+01 3.79e+02   2.41927318e+16 -5.19001637e+15  2.32e+10      61s
  10   1.37e+01 1.17e+02   9.71950528e+15 -1.95620033e+15  8.85e+09      70s
  11   5.50e+00 6.32e+01   5.32522642e+15 -1.12221970e+15  4.86e+09      80s
  12   1.73e+00 3.01e+01   2.88711110e+15 -5.92203477e+14  2.61e+09      89s
  13   6.93e-01 1.68e+01   1.84722273e+15 -3.60562124e+14  1.66e+09      99s
  14   5.12e-01 1.22e+01   1.53813973e+15 -2.71804506e+14  1.35e+09     107s
  15   2.13e-01 8.42e+00   7.24265584e+14 -1.88180744e+14  6.93e+08     114s
  16   9.89e-02 4.81e+00   3.88130495e+14 -1.09871330e+14  3.80e+08     122s
  17   7.78e-02 3.55e+00   3.27654925e+14 -8.31819970e+13  3.11e+08     130s
  18   3.73e-02 1.06e+00   1.76784727e+14 -2.66418481e+13  1.51e+08     136s
  19   1.28e-02 1.03e-01   8.64280234e+13 -4.86223633e+12  6.59e+07     143s
  20   4.27e-03 1.35e-02   4.02104273e+13 -1.56056242e+12  3.00e+07     149s
  21   1.49e-03 5.79e-03   1.48402103e+13 -7.05229242e+11  1.12e+07     156s
  22   5.64e-04 4.18e-03   9.36046101e+12 -6.08574514e+11  7.18e+06     162s
  23   6.84e-05 2.77e-03   5.76422568e+12 -5.08172463e+11  4.53e+06     169s
  24   2.84e-05 8.89e-04   3.57993163e+12 -2.40070624e+11  2.74e+06     177s
  25   1.45e-05 2.47e-04   2.09347033e+12 -8.38190017e+10  1.56e+06     184s
  26   5.72e-06 9.79e-05   1.10166710e+12 -4.45182872e+10  8.22e+05     191s
  27   1.43e-06 2.83e-05   4.50737111e+11 -1.56446213e+10  3.34e+05     199s
  28   7.15e-07 1.05e-05   2.65399841e+11 -4.12405075e+09  1.93e+05     207s
  29   2.68e-07 3.61e-06   1.18279307e+11  3.79548727e+09  8.20e+04     214s
  30   2.09e-07 1.68e-06   5.99752403e+10  6.54020340e+09  3.83e+04     221s
  31   2.24e-07 5.87e-07   2.63271879e+10  8.71404170e+09  1.26e+04     227s
  32   2.09e-07 1.83e-07   1.84664792e+10  9.64155187e+09  6.32e+03     234s
  33   2.53e-07 6.33e-08   1.34512304e+10  9.97631338e+09  2.49e+03     241s
  34   3.87e-07 2.79e-08   1.13457882e+10  1.01300458e+10  8.71e+02     248s
  35   3.87e-07 1.49e-08   1.07088516e+10  1.01935000e+10  3.69e+02     254s
  36   3.58e-07 7.45e-09   1.04342811e+10  1.02360978e+10  1.42e+02     260s
  37   3.87e-07 3.73e-09   1.03397966e+10  1.02537144e+10  6.17e+01     266s
  38   2.58e-07 3.73e-09   1.02826445e+10  1.02609310e+10  1.56e+01     271s
  39   4.47e-07 3.73e-09   1.02732249e+10  1.02620077e+10  8.04e+00     276s
  40   3.87e-07 3.73e-09   1.02691613e+10  1.02623374e+10  4.89e+00     281s
  41   2.98e-07 3.73e-09   1.02689165e+10  1.02623157e+10  4.73e+00     286s
  42   1.83e-07 3.73e-09   1.02641870e+10  1.02624368e+10  1.25e+00     290s
  43   3.23e-07 3.73e-09   1.02636370e+10  1.02624528e+10  8.48e-01     295s
  44   5.07e-07 3.73e-09   1.02636195e+10  1.02624519e+10  8.37e-01     299s
  45   2.09e-07 3.73e-09   1.02632187e+10  1.02624601e+10  5.44e-01     303s
  46   2.55e-07 2.79e-09   1.02631830e+10  1.02624533e+10  5.23e-01     307s
  47   2.20e-07 3.73e-09   1.02625619e+10  1.02624603e+10  7.28e-02     311s
  48   2.09e-07 3.73e-09   1.02624778e+10  1.02624624e+10  1.10e-02     315s
  49   2.13e-07 3.73e-09   1.02624704e+10  1.02624629e+10  5.37e-03     320s
  50   8.94e-07 3.73e-09   1.02624636e+10  1.02624630e+10  4.89e-04     324s
  51   1.61e-06 2.79e-09   1.02624632e+10  1.02624630e+10  1.42e-04     327s
  52   3.13e-06 1.86e-09   1.02624630e+10  1.02624630e+10  2.30e-05     329s
  53*  1.67e-06 9.31e-10   1.02624630e+10  1.02624630e+10  5.69e-07     331s
Summary
    Runtime:                                            331.04s
    Status interior point solve:                        optimal
    Status crossover:                                   not run
    objective value:                                    1.02624630e+10
    interior solution primal residual (abs/rel):        1.88e-06 / 1.29e-14
    interior solution dual residual (abs/rel):          9.31e-10 / 9.62e-17
    interior solution objective gap (abs/rel):          6.81e-01 / 6.63e-11
Ipx: IPM       optimal
Model   status      : Optimal
IPM       iterations: 53
Objective value     :  1.0262462998e+10
HiGHS run time      :        340.08
Presolving model
861069 rows, 1835993 cols, 4706628 nonzeros
650661 rows, 1215999 cols, 3463266 nonzeros
642569 rows, 721107 cols, 2469633 nonzeros
641035 rows, 719135 cols, 2465756 nonzeros
Presolve : Reductions: rows 641035(-7286182); columns 719135(-4516287); elements 2465756(-29722298)
Solving the presolved LP
IPX model has 641035 rows, 719135 columns and 2465756 nonzeros
Input
    Number of variables:                                719135
    Number of free variables:                           0
    Number of constraints:                              641035
    Number of equality constraints:                     40406
    Number of matrix entries:                           2465756
    Matrix range:                                       [1e-02, 1e+00]
    RHS range:                                          [2e+05, 1e+08]
    Objective range:                                    [2e-04, 1e+07]
    Bounds range:                                       [7e+05, 1e+08]
Preprocessing
    Dualized model:                                     no
    Number of dense columns:                            0
    Range of scaling factors:                           [1.00e+00, 2.00e+00]
IPX version 1.0
Interior Point Solve
 Iter     P.res    D.res            P.obj           D.obj        mu     Time
   0   1.89e+07 2.79e+06   2.45890923e+14 -7.07738207e+18  5.80e+13       0s
   1   6.03e+06 2.14e+06   6.22554766e+17 -5.81552306e+18  4.73e+13       1s
   2   3.16e+06 1.81e+06   1.01893801e+18 -5.38227090e+18  5.27e+13       3s
   3   1.63e+06 2.80e+05   1.01212752e+18 -9.75553043e+17  9.26e+12       5s
   4   3.22e+05 6.12e+04   7.52683691e+17 -2.91580362e+17  2.37e+12       9s
 Constructing starting basis...
   5   3.57e+04 1.80e+04   4.28728801e+17 -1.22269392e+17  8.26e+11      25s
   6   8.30e+03 7.43e+03   2.25475739e+17 -5.91349058e+16  3.40e+11      32s
   7   1.23e+03 2.96e+03   1.07219170e+17 -2.88497592e+16  1.35e+11      40s
   8   2.39e+02 1.24e+03   4.82772499e+16 -1.39511516e+16  5.49e+10      49s
   9   6.84e+01 3.73e+02   2.42302446e+16 -5.17139680e+15  2.32e+10      58s
  10   1.43e+01 1.14e+02   9.79532696e+15 -1.91772758e+15  8.87e+09      67s
  11   5.72e+00 6.21e+01   5.32776943e+15 -1.11246966e+15  4.85e+09      75s
  12   1.79e+00 2.97e+01   2.90039097e+15 -5.90284923e+14  2.62e+09      84s
  13   6.97e-01 1.66e+01   1.82525192e+15 -3.58259665e+14  1.64e+09      93s
  14   5.24e-01 1.20e+01   1.53682948e+15 -2.69235906e+14  1.35e+09     101s
  15   2.17e-01 8.23e+00   7.33098712e+14 -1.86349050e+14  6.98e+08     107s
  16   9.84e-02 4.69e+00   3.84718230e+14 -1.08586716e+14  3.76e+08     115s
  17   7.74e-02 3.46e+00   3.26014007e+14 -8.21691748e+13  3.09e+08     122s
  18   3.92e-02 1.01e+00   1.85685989e+14 -2.60549901e+13  1.57e+08     129s
  19   1.40e-02 7.68e-02   9.10154729e+13 -4.28464805e+12  6.87e+07     135s
  20   4.24e-03 6.98e-03   4.14062780e+13 -1.50872164e+12  3.08e+07     142s
  21   1.57e-03 2.84e-03   1.61321768e+13 -6.52998616e+11  1.20e+07     149s
  22   7.07e-04 1.84e-03   1.04113962e+13 -5.41662554e+11  7.87e+06     156s
  23   1.54e-04 8.53e-04   5.73383598e+12 -3.89906676e+11  4.40e+06     162s
  24   4.96e-05 2.43e-04   3.22729354e+12 -1.92783233e+11  2.45e+06     169s
  25   1.86e-05 8.44e-05   1.68844500e+12 -9.09809664e+10  1.28e+06     176s
  26   8.58e-06 3.37e-05   8.69147713e+11 -3.76238632e+10  6.50e+05     184s
  27   2.50e-06 7.82e-06   4.08907469e+11 -1.11600485e+10  3.01e+05     191s
  28   4.77e-07 2.55e-06   1.62024803e+11 -6.96202793e+08  1.17e+05     198s
  29   2.96e-07 1.07e-06   7.56649531e+10  4.14073586e+09  5.12e+04     205s
  30   3.28e-07 3.72e-07   3.94395444e+10  7.70469612e+09  2.27e+04     213s
  31   3.28e-07 2.10e-07   2.42086015e+10  8.70470038e+09  1.11e+04     220s
  32   2.98e-07 4.94e-08   1.69234163e+10  9.74959804e+09  5.14e+03     227s
  33   2.38e-07 1.86e-08   1.38137174e+10  1.00199129e+10  2.72e+03     234s
  34   5.66e-07 9.31e-09   1.16276416e+10  1.01264073e+10  1.08e+03     240s
  35   3.87e-07 6.52e-09   1.06887798e+10  1.01758021e+10  3.68e+02     246s
  36   5.07e-07 3.73e-09   1.04225402e+10  1.02083477e+10  1.53e+02     252s
  37   5.66e-07 3.73e-09   1.03083120e+10  1.02215101e+10  6.22e+01     257s
  38   4.17e-07 3.73e-09   1.02530484e+10  1.02283910e+10  1.77e+01     262s
  39   5.66e-07 2.79e-09   1.02327719e+10  1.02298049e+10  2.13e+00     267s
  40   2.09e-07 3.73e-09   1.02318551e+10  1.02299931e+10  1.33e+00     272s
  41   2.41e-07 3.73e-09   1.02309372e+10  1.02300527e+10  6.34e-01     277s
  42   4.17e-07 3.73e-09   1.02306397e+10  1.02300662e+10  4.11e-01     281s
  43   3.58e-07 3.73e-09   1.02303501e+10  1.02300709e+10  2.00e-01     285s
  44   2.24e-07 3.73e-09   1.02303294e+10  1.02300717e+10  1.85e-01     289s
  45   2.98e-07 3.73e-09   1.02301757e+10  1.02300739e+10  7.29e-02     293s
  46   3.28e-07 3.73e-09   1.02301701e+10  1.02300734e+10  6.93e-02     298s
  47   5.36e-07 2.79e-09   1.02300875e+10  1.02300746e+10  9.27e-03     302s
  48   5.07e-07 3.73e-09   1.02300757e+10  1.02300749e+10  5.91e-04     306s
  49   2.65e-06 3.73e-09   1.02300751e+10  1.02300750e+10  4.27e-05     311s
  50*  1.97e-06 1.86e-09   1.02300750e+10  1.02300750e+10  1.98e-06     314s
Summary
    Runtime:                                            314.29s
    Status interior point solve:                        optimal
    Status crossover:                                   not run
    objective value:                                    1.02300750e+10
    interior solution primal residual (abs/rel):        1.92e-06 / 1.32e-14
    interior solution dual residual (abs/rel):          1.86e-09 / 1.92e-16
    interior solution objective gap (abs/rel):          2.63e+00 / 2.58e-10
Ipx: IPM       optimal
Model   status      : Optimal
IPM       iterations: 50
Objective value     :  1.0230075035e+10
HiGHS run time      :        323.15
Presolving model
861069 rows, 1835993 cols, 4706628 nonzeros
650661 rows, 1215999 cols, 3463266 nonzeros
642569 rows, 721107 cols, 2469633 nonzeros
641035 rows, 719135 cols, 2465756 nonzeros
Presolve : Reductions: rows 641035(-7308727); columns 719135(-4516287); elements 2465756(-29744843)
Solving the presolved LP
IPX model has 641035 rows, 719135 columns and 2465756 nonzeros
Input
    Number of variables:                                719135
    Number of free variables:                           0
    Number of constraints:                              641035
    Number of equality constraints:                     40406
    Number of matrix entries:                           2465756
    Matrix range:                                       [1e-02, 1e+00]
    RHS range:                                          [2e+05, 1e+08]
    Objective range:                                    [2e-04, 1e+07]
    Bounds range:                                       [7e+05, 1e+08]
Preprocessing
    Dualized model:                                     no
    Number of dense columns:                            0
    Range of scaling factors:                           [1.00e+00, 2.00e+00]
IPX version 1.0
Interior Point Solve
 Iter     P.res    D.res            P.obj           D.obj        mu     Time
   0   1.89e+07 2.79e+06   2.45897446e+14 -7.07738184e+18  5.80e+13       0s
   1   6.03e+06 2.14e+06   6.22560503e+17 -5.81552295e+18  4.73e+13       1s
   2   3.16e+06 1.81e+06   1.01894698e+18 -5.38227155e+18  5.27e+13       3s
   3   1.63e+06 2.80e+05   1.01213698e+18 -9.75552599e+17  9.26e+12       5s
   4   3.17e+05 6.12e+04   7.51672543e+17 -2.91528471e+17  2.37e+12       9s
 Constructing starting basis...
   5   3.50e+04 1.80e+04   4.28082791e+17 -1.22196857e+17  8.25e+11      24s
   6   8.39e+03 7.44e+03   2.26984413e+17 -5.90603355e+16  3.41e+11      32s
   7   1.28e+03 2.93e+03   1.07686970e+17 -2.85447780e+16  1.35e+11      39s
   8   2.38e+02 1.21e+03   4.80392402e+16 -1.37506169e+16  5.43e+10      49s
   9   7.26e+01 3.67e+02   2.46323879e+16 -5.11490517e+15  2.35e+10      60s
  10   1.78e+01 1.14e+02   1.00925396e+16 -1.87100043e+15  9.04e+09      69s
  11   6.60e+00 5.97e+01   5.32453910e+15 -1.06329497e+15  4.81e+09      78s
  12   2.10e+00 2.79e+01   2.91102959e+15 -5.57431314e+14  2.60e+09      87s
  13   8.69e-01 1.55e+01   1.90032554e+15 -3.40838643e+14  1.68e+09      96s
  14   6.13e-01 1.14e+01   1.50135641e+15 -2.59450117e+14  1.32e+09     104s
  15   2.21e-01 7.82e+00   6.30757883e+14 -1.78434974e+14  6.17e+08     111s
  16   1.05e-01 4.73e+00   3.56569355e+14 -1.10511126e+14  3.58e+08     119s
  17   8.20e-02 3.60e+00   3.07657576e+14 -8.63714134e+13  3.00e+08     126s
  18   3.89e-02 1.04e+00   1.66247092e+14 -2.68160225e+13  1.43e+08     133s
  19   1.50e-02 1.16e-01   8.68971307e+13 -5.10310918e+12  6.65e+07     140s
  20   5.44e-03 2.18e-02   4.03186667e+13 -1.65039404e+12  3.02e+07     147s
  21   2.26e-03 9.52e-03   1.76067694e+13 -7.63843925e+11  1.32e+07     153s
  22   8.17e-04 7.98e-03   1.06239492e+13 -7.04813750e+11  8.18e+06     159s
  23   9.49e-05 7.19e-03   7.20678415e+12 -6.74976093e+11  5.73e+06     166s
  24   5.05e-05 1.23e-03   4.45777679e+12 -1.74196466e+11  3.33e+06     173s
  25   2.15e-05 1.97e-04   2.54968178e+12 -7.85632213e+10  1.88e+06     179s
  26   8.82e-06 7.02e-05   1.36441839e+12 -4.20070162e+10  1.01e+06     186s
  27   2.62e-06 1.20e-05   5.64308950e+11 -1.09985023e+10  4.12e+05     193s
  28   5.96e-07 2.51e-06   2.91062381e+11 -4.20499637e+09  2.12e+05     200s
  29   5.36e-07 9.09e-07   1.16824800e+11  3.52256770e+09  8.12e+04     207s
  30   2.87e-07 4.05e-07   5.72949858e+10  6.54597578e+09  3.64e+04     215s
  31   2.98e-07 1.25e-07   2.98800823e+10  8.85223194e+09  1.51e+04     222s
  32   3.60e-07 3.91e-08   2.04880549e+10  9.67320298e+09  7.75e+03     228s
  33   4.47e-07 1.49e-08   1.49317499e+10  9.95218442e+09  3.57e+03     235s
  34   1.74e-07 7.45e-09   1.19385485e+10  1.00979454e+10  1.32e+03     241s
  35   3.58e-07 4.66e-09   1.09499192e+10  1.01718802e+10  5.57e+02     247s
  36   1.79e-07 3.73e-09   1.05649680e+10  1.02060512e+10  2.57e+02     253s
  37   3.58e-07 3.73e-09   1.03702784e+10  1.02201151e+10  1.08e+02     259s
  38   6.56e-07 3.73e-09   1.02756675e+10  1.02262443e+10  3.54e+01     264s
  39   3.87e-07 3.73e-09   1.02351332e+10  1.02293757e+10  4.13e+00     269s
  40   2.38e-07 3.73e-09   1.02300415e+10  1.02297990e+10  1.74e-01     274s
  41   3.28e-07 3.73e-09   1.02299143e+10  1.02298804e+10  2.43e-02     279s
  42   3.87e-07 3.73e-09   1.02299019e+10  1.02298965e+10  3.85e-03     284s
  43   1.58e-06 2.79e-09   1.02298990e+10  1.02298981e+10  6.18e-04     289s
  44   2.56e-06 1.86e-09   1.02298988e+10  1.02298986e+10  1.08e-04     294s
  45   1.79e-06 9.31e-10   1.02298987e+10  1.02298987e+10  1.01e-05     300s
  46*  7.45e-07 9.31e-10   1.02298987e+10  1.02298987e+10  1.50e-06     303s
Summary
    Runtime:                                            303.12s
    Status interior point solve:                        optimal
    Status crossover:                                   not run
    objective value:                                    1.02298987e+10
    interior solution primal residual (abs/rel):        7.15e-07 / 4.90e-15
    interior solution dual residual (abs/rel):          1.86e-09 / 1.92e-16
    interior solution objective gap (abs/rel):          1.28e+00 / 1.25e-10
Ipx: IPM       optimal
Model   status      : Optimal
IPM       iterations: 46
Objective value     :  1.0229898744e+10
HiGHS run time      :        312.40
[ Info: Rolling step not specified in scenaio.yaml file; Setting it to 15 years
[ Info: Demand-pathway mapping not specified in scenaio.yaml file; SERA will not look for eligible pathways for different demand types.
[ Info: Production capacity constraints from the grid model not defined. SERA will not create these constraints
[ Info: Regional technology limits not specified in scenaio.yaml file; SERA will not create these constraints
STARTING DATA PRE-PROCESSING 
Processing Temporal Data
Processing Nodes
Processing Demand
Processing Existings
Processing Links
Processing Pathways
Creating Infrastructure options
 19.448592 seconds (99.46 M allocations: 11.605 GiB, 42.25% gc time, 0.44% compilation time)

OPTIMIZING FROM 2026 TO 2040 

STARTING OPTIMIZATION MODEL CREATION
CREATING VARIABLES AND EXPRESSIONS
179.687119 seconds (400.97 M allocations: 25.070 GiB, 85.15% gc time, 4.02% compilation time)
POPULATING EXPRESSIONS
101.073510 seconds (439.16 M allocations: 69.163 GiB, 13.35% gc time, 0.18% compilation time)
CREATING CONSTRAINTS
190.170514 seconds (259.79 M allocations: 15.805 GiB, 85.41% gc time, 0.96% compilation time)
POPULATED CORE OPTIMIZATION MODEL, STARTING ITERATIONS
READING COST DATA FOR ITERATION 1
126.983716 seconds (180.22 M allocations: 17.278 GiB, 69.16% gc time, 0.30% compilation time)
CREATING EXPRESSIONS FOR CAPITAL AND FIXED COST
372.874522 seconds (266.36 M allocations: 17.129 GiB, 94.61% gc time, 0.42% compilation time)
BUILDING OBJECTIVE FUNCTION
 28.789387 seconds (65.34 M allocations: 2.016 GiB, 72.82% gc time, 2.88% compilation time)
Optimizing for iteration 1
680.754488 seconds (88.86 M allocations: 8.383 GiB, 28.88% gc time, 0.00% compilation time)
OPTIMAL
1.050455576455398e10
ϵ =  1.0
READING COST DATA FOR ITERATION 2
1145.728384 seconds (147.58 M allocations: 16.609 GiB, 23.73% gc time, 0.00% compilation time)
CREATING EXPRESSIONS FOR CAPITAL AND FIXED COST
570.664404 seconds (264.96 M allocations: 17.021 GiB, 96.78% gc time, 0.00% compilation time)
BUILDING OBJECTIVE FUNCTION
 31.835279 seconds (64.68 M allocations: 2.035 GiB, 76.64% gc time)
Optimizing for iteration 2
360.757946 seconds (5 allocations: 32 bytes)
OPTIMAL
1.177003229087265e10
ϵ =  0.10751682706088557
READING COST DATA FOR ITERATION 3
1225.934749 seconds (147.28 M allocations: 16.572 GiB, 24.90% gc time)
CREATING EXPRESSIONS FOR CAPITAL AND FIXED COST
594.631040 seconds (264.96 M allocations: 17.021 GiB, 96.73% gc time)
BUILDING OBJECTIVE FUNCTION
 32.086672 seconds (64.68 M allocations: 2.035 GiB, 76.55% gc time)
Optimizing for iteration 3
326.278293 seconds (2 allocations: 32 bytes)
OPTIMAL
1.0531683434421116e10
ϵ =  0.11758318260869756
READING COST DATA FOR ITERATION 4
1206.743760 seconds (147.25 M allocations: 16.634 GiB, 25.06% gc time)
CREATING EXPRESSIONS FOR CAPITAL AND FIXED COST
600.993741 seconds (264.96 M allocations: 17.021 GiB, 96.82% gc time)
BUILDING OBJECTIVE FUNCTION
 32.169533 seconds (64.68 M allocations: 2.035 GiB, 76.71% gc time)
Optimizing for iteration 4
340.155170 seconds (2 allocations: 32 bytes)
OPTIMAL
1.026246299810967e10
ϵ =  0.026233511036346177
READING COST DATA FOR ITERATION 5
1212.037357 seconds (147.24 M allocations: 16.618 GiB, 25.03% gc time)
CREATING EXPRESSIONS FOR CAPITAL AND FIXED COST
621.444495 seconds (264.96 M allocations: 17.021 GiB, 96.81% gc time)
BUILDING OBJECTIVE FUNCTION
 32.727202 seconds (64.68 M allocations: 2.035 GiB, 76.90% gc time)
Optimizing for iteration 5
323.227364 seconds (2 allocations: 32 bytes)
OPTIMAL
1.023007503500989e10
ϵ =  0.0031659555754571787
READING COST DATA FOR ITERATION 6
1203.377332 seconds (147.24 M allocations: 16.531 GiB, 25.70% gc time)
CREATING EXPRESSIONS FOR CAPITAL AND FIXED COST
601.906526 seconds (264.96 M allocations: 17.021 GiB, 96.78% gc time)
BUILDING OBJECTIVE FUNCTION
 33.330987 seconds (64.68 M allocations: 2.035 GiB, 77.24% gc time)
Optimizing for iteration 6
312.474785 seconds (2 allocations: 32 bytes)
OPTIMAL
1.0229898743959293e10
ϵ =  1.7232921947080698e-5
ITERATIONS COMPLETED
WRITING RESULTS TO FILE
 53.858735 seconds (51.25 M allocations: 2.098 GiB, 89.88% gc time, 1.25% compilation time)

THE OPTIMIZATION PROBLEM TOOK 211.96 MINUTES TO SOLVE. 
