Running HiGHS 1.6.0: Copyright (c) 2023 HiGHS under MIT licence terms
Presolving model
559303 rows, 1353546 cols, 3319742 nonzeros
424011 rows, 884008 cols, 2381008 nonzeros
418686 rows, 496734 cols, 1604456 nonzeros
412519 rows, 490109 cols, 1591169 nonzeros
Presolve : Reductions: rows 412519(-6407748); columns 490109(-4116329); elements 1591169(-21924112)
Solving the presolved LP
IPX model has 412519 rows, 490109 columns and 1591169 nonzeros
Input
    Number of variables:                                490109
    Number of free variables:                           0
    Number of constraints:                              412519
    Number of equality constraints:                     37148
    Number of matrix entries:                           1591169
    Matrix range:                                       [1e-02, 1e+00]
    RHS range:                                          [2e+05, 6e+07]
    Objective range:                                    [3e-04, 8e+02]
    Bounds range:                                       [7e+05, 9e+07]
Preprocessing
    Dualized model:                                     no
    Number of dense columns:                            0
    Range of scaling factors:                           [1.00e+00, 2.00e+00]
IPX version 1.0
Interior Point Solve
 Iter     P.res    D.res            P.obj           D.obj        mu     Time
   0   1.24e+07 5.10e+01   4.67751451e+09 -5.03778144e+13  7.17e+08       0s
   1   4.70e+06 4.14e+01   1.88968601e+13 -4.26095911e+13  6.06e+08       1s
   2   2.37e+06 3.53e+01   3.06525157e+13 -3.85983412e+13  6.46e+08       2s
   3   7.55e+05 1.11e+01   2.74826308e+13 -1.29638422e+13  2.14e+08       2s
   4   2.76e+05 5.40e+00   2.23095918e+13 -7.06622387e+12  1.10e+08       4s
   5   1.16e+05 1.30e+00   1.58276993e+13 -1.97788962e+12  3.57e+07       7s
 Constructing starting basis...
   6   5.11e+04 3.56e-01   9.13078118e+12 -6.09270271e+11  1.45e+07      15s
   7   1.52e+04 1.54e-01   4.27889579e+12 -3.40098571e+11  6.17e+06      18s
   8   4.89e+03 5.12e-02   1.75324284e+12 -1.31112507e+11  2.30e+06      21s
   9   1.32e+03 1.96e-02   6.55743919e+11 -5.70482587e+10  8.40e+05      24s
  10   4.33e+02 6.31e-03   3.72004937e+11 -2.53978252e+10  4.55e+05      27s
  11   2.01e+02 1.69e-03   2.53992176e+11 -1.07685666e+10  2.98e+05      30s
  12   7.98e+01 1.07e-03   1.37243335e+11 -6.35776867e+09  1.61e+05      33s
  13   3.60e+01 6.69e-04   9.89624874e+10 -2.93971679e+09  1.14e+05      37s
  14   2.24e+01 5.01e-04   7.43968232e+10 -9.76052237e+08  8.44e+04      41s
  15   1.64e+01 4.20e-04   6.30959799e+10 -2.78330727e+07  7.06e+04      45s
  16   1.07e+01 2.90e-04   5.41619528e+10  1.34037936e+09  5.90e+04      49s
  17   8.19e+00 1.31e-04   4.76039883e+10  3.42753412e+09  4.93e+04      54s
  18   5.84e+00 8.95e-05   3.70649642e+10  4.29421158e+09  3.66e+04      59s
  19   4.98e+00 5.05e-05   3.36937566e+10  4.91273332e+09  3.21e+04      64s
  20   3.24e+00 3.66e-05   2.48873689e+10  5.23236493e+09  2.19e+04      69s
  21   2.41e+00 3.08e-05   2.12568859e+10  5.33590898e+09  1.78e+04      74s
  22   1.41e+00 1.60e-05   1.72273060e+10  5.58689171e+09  1.30e+04      77s
  23   8.72e-01 5.28e-06   1.44887178e+10  5.83117465e+09  9.65e+03      81s
  24   7.47e-01 2.44e-06   1.35305932e+10  5.96594095e+09  8.43e+03      86s
  25   6.06e-01 1.20e-06   1.22237993e+10  6.05546610e+09  6.88e+03      90s
  26   3.64e-01 5.91e-07   9.91151311e+09  6.10653833e+09  4.24e+03      93s
  27   1.84e-01 3.21e-07   8.23466730e+09  6.12776944e+09  2.35e+03      97s
  28   5.50e-02 5.29e-08   7.45415887e+09  6.12671091e+09  1.48e+03     100s
  29   2.27e-02 2.32e-08   6.73388445e+09  6.15009335e+09  6.51e+02     104s
  30   6.74e-03 1.23e-08   6.39649601e+09  6.15816330e+09  2.66e+02     108s
  31   1.34e-07 3.41e-09   6.30589394e+09  6.16302339e+09  1.59e+02     111s
  32   1.04e-07 1.21e-09   6.21959005e+09  6.16773923e+09  5.78e+01     115s
  33   7.45e-08 2.38e-10   6.18275342e+09  6.17033806e+09  1.38e+01     118s
  34   1.94e-07 6.65e-11   6.17360534e+09  6.17084353e+09  3.08e+00     121s
  35   1.19e-07 5.92e-11   6.17311835e+09  6.17085905e+09  2.52e+00     124s
  36   1.49e-07 4.77e-12   6.17152006e+09  6.17103831e+09  5.37e-01     127s
  37   1.49e-07 7.96e-13   6.17112375e+09  6.17105434e+09  7.74e-02     129s
  38   4.47e-08 4.55e-13   6.17108945e+09  6.17105604e+09  3.72e-02     132s
  39   1.19e-07 2.27e-13   6.17107582e+09  6.17105685e+09  2.11e-02     135s
  40   8.94e-08 3.41e-13   6.17106548e+09  6.17105701e+09  9.44e-03     137s
  41   1.19e-07 2.27e-13   6.17106469e+09  6.17105703e+09  8.54e-03     140s
  42   2.09e-07 2.27e-13   6.17105789e+09  6.17105715e+09  8.22e-04     142s
  43   1.34e-07 2.27e-13   6.17105731e+09  6.17105719e+09  1.36e-04     145s
  44   7.45e-08 2.27e-13   6.17105720e+09  6.17105720e+09  1.02e-05     147s
  45*  7.45e-08 2.27e-13   6.17105720e+09  6.17105720e+09  5.71e-07     149s
Summary
    Runtime:                                            149.46s
    Status interior point solve:                        optimal
    Status crossover:                                   not run
    objective value:                                    6.17105720e+09
    interior solution primal residual (abs/rel):        1.64e-07 / 1.80e-15
    interior solution dual residual (abs/rel):          1.26e-10 / 1.57e-13
    interior solution objective gap (abs/rel):          5.09e-01 / 8.25e-11
Ipx: IPM       optimal
Model   status      : Optimal
IPM       iterations: 45
Objective value     :  6.1710571978e+09
HiGHS run time      :        156.61
Presolving model
559303 rows, 1353546 cols, 3319742 nonzeros
424011 rows, 884008 cols, 2381008 nonzeros
418686 rows, 496734 cols, 1604456 nonzeros
412519 rows, 490109 cols, 1591169 nonzeros
Presolve : Reductions: rows 412519(-6427788); columns 490109(-4116329); elements 1591169(-21944152)
Solving the presolved LP
IPX model has 412519 rows, 490109 columns and 1591169 nonzeros
Input
    Number of variables:                                490109
    Number of free variables:                           0
    Number of constraints:                              412519
    Number of equality constraints:                     37148
    Number of matrix entries:                           1591169
    Matrix range:                                       [1e-02, 1e+00]
    RHS range:                                          [2e+05, 6e+07]
    Objective range:                                    [3e-04, 9e+06]
    Bounds range:                                       [7e+05, 9e+07]
Preprocessing
    Dualized model:                                     no
    Number of dense columns:                            0
    Range of scaling factors:                           [1.00e+00, 2.00e+00]
IPX version 1.0
Interior Point Solve
 Iter     P.res    D.res            P.obj           D.obj        mu     Time
   0   1.24e+07 2.30e+06   1.24847028e+14 -2.27341248e+18  3.14e+13       0s
   1   4.63e+06 1.90e+06   3.74027354e+17 -1.95669308e+18  2.81e+13       1s
   2   2.26e+06 1.57e+06   6.30102517e+17 -1.73946993e+18  3.01e+13       2s
   3   7.83e+05 5.24e+05   6.07032204e+17 -6.21686272e+17  1.04e+13       3s
   4   2.97e+05 2.79e+05   5.57597055e+17 -3.79142187e+17  6.03e+12       4s
   5   1.16e+05 6.88e+04   4.46084816e+17 -1.17258103e+17  1.81e+12       8s
 Constructing starting basis...
   6   1.60e+04 2.38e+04   2.31281264e+17 -4.77706711e+16  6.61e+11      16s
   7   1.12e+04 9.69e+03   1.94717663e+17 -2.45173391e+16  3.77e+11      21s
   8   3.54e+03 2.99e+03   1.01515632e+17 -1.00963234e+16  1.54e+11      25s
   9   2.07e+03 1.36e+03   7.01780837e+16 -5.58170040e+15  9.54e+10      29s
  10   9.79e+02 4.77e+02   3.60051568e+16 -2.11068493e+15  4.52e+10      33s
  11   2.50e+02 1.65e+02   1.13517617e+16 -8.17667453e+14  1.42e+10      37s
  12   1.00e+02 5.23e+01   5.56483595e+15 -3.22563529e+14  6.75e+09      41s
  13   3.49e+01 2.59e+01   3.71222400e+15 -2.33315996e+14  4.55e+09      44s
  14   7.17e+00 1.42e+01   1.04287466e+15 -1.35060071e+14  1.40e+09      48s
  15   1.16e+00 9.10e+00   4.18282025e+14 -9.07994188e+13  6.30e+08      51s
  16   3.96e-01 3.84e+00   1.95074260e+14 -4.00131415e+13  2.89e+08      55s
  17   1.16e-01 1.37e+00   9.71585292e+13 -1.59183343e+13  1.36e+08      58s
  18   3.72e-02 4.03e-01   3.78533702e+13 -4.96374314e+12  5.06e+07      61s
  19   1.09e-02 1.96e-01   1.49994408e+13 -2.53064271e+12  2.09e+07      64s
  20   2.88e-03 3.48e-02   4.84955819e+12 -4.79583368e+11  6.17e+06      68s
  21   9.10e-04 9.86e-03   2.27459113e+12 -1.63064345e+11  2.77e+06      71s
  22   3.99e-04 4.24e-03   1.26455264e+12 -7.76063824e+10  1.51e+06      74s
  23   3.36e-04 2.19e-03   1.09785464e+12 -4.15691441e+10  1.28e+06      78s
  24   2.88e-04 1.06e-03   9.55422663e+11 -1.96744627e+10  1.09e+06      81s
  25   1.97e-04 5.48e-04   7.01468482e+11 -1.08956873e+10  7.96e+05      84s
  26   1.64e-04 3.28e-04   6.03752811e+11 -6.59938797e+09  6.81e+05      87s
  27   1.53e-04 1.90e-04   5.84718258e+11 -7.13712314e+09  6.60e+05      90s
  28   9.14e-05 5.48e-05   4.16888427e+11 -3.34847257e+09  4.68e+05      93s
  29   6.04e-05 3.00e-05   3.56295915e+11 -3.89557321e+09  4.01e+05      96s
  30   2.94e-05 1.35e-05   2.06172115e+11 -4.51804828e+08  2.30e+05      99s
  31   1.42e-05 9.14e-06   1.49869151e+11  5.31958613e+07  1.67e+05     101s
  32   7.45e-06 2.62e-06   9.73558815e+10  2.42914615e+09  1.06e+05     104s
  33   6.85e-07 6.13e-07   4.24748618e+10  3.24406901e+09  4.37e+04     107s
  34   1.34e-07 1.38e-07   1.86850897e+10  4.13176519e+09  1.62e+04     111s
  35   2.38e-07 6.05e-08   1.06420187e+10  4.45494476e+09  6.90e+03     114s
  36   1.49e-07 2.05e-08   8.31201324e+09  4.62901040e+09  4.10e+03     117s
  37   8.94e-08 7.45e-09   7.03415179e+09  4.71844182e+09  2.58e+03     121s
  38   5.96e-08 3.73e-09   5.61321577e+09  4.75960521e+09  9.51e+02     124s
  39   1.79e-07 3.73e-09   5.06589561e+09  4.77501967e+09  3.24e+02     127s
  40   1.64e-07 2.79e-09   4.88143145e+09  4.78602576e+09  1.06e+02     130s
  41   1.19e-07 1.86e-09   4.82979495e+09  4.78991226e+09  4.44e+01     132s
  42   1.04e-07 1.86e-09   4.80146224e+09  4.79230197e+09  1.02e+01     135s
  43   1.04e-07 1.86e-09   4.79505734e+09  4.79278573e+09  2.53e+00     137s
  44   1.19e-07 3.73e-09   4.79329893e+09  4.79302253e+09  3.08e-01     140s
  45   1.34e-07 2.79e-09   4.79310133e+09  4.79305755e+09  4.88e-02     142s
  46   1.94e-07 3.73e-09   4.79306600e+09  4.79306160e+09  4.90e-03     144s
  47   8.94e-08 2.79e-09   4.79306285e+09  4.79306199e+09  9.57e-04     146s
  48   1.79e-07 2.79e-09   4.79306211e+09  4.79306204e+09  7.84e-05     148s
  49   4.47e-07 1.86e-09   4.79306205e+09  4.79306205e+09  6.14e-06     150s
  50*  2.38e-07 1.40e-09   4.79306205e+09  4.79306205e+09  1.39e-06     152s
Summary
    Runtime:                                            151.80s
    Status interior point solve:                        optimal
    Status crossover:                                   not run
    objective value:                                    4.79306205e+09
    interior solution primal residual (abs/rel):        4.02e-07 / 4.41e-15
    interior solution dual residual (abs/rel):          9.31e-10 / 1.01e-16
    interior solution objective gap (abs/rel):          7.90e-01 / 1.65e-10
Ipx: IPM       optimal
Model   status      : Optimal
IPM       iterations: 50
Objective value     :  4.7930620495e+09
HiGHS run time      :        158.77
Presolving model
559303 rows, 1353546 cols, 3319742 nonzeros
424011 rows, 884008 cols, 2381008 nonzeros
418686 rows, 496734 cols, 1604456 nonzeros
412519 rows, 490109 cols, 1591169 nonzeros
Presolve : Reductions: rows 412519(-6447828); columns 490109(-4116329); elements 1591169(-21964192)
Solving the presolved LP
IPX model has 412519 rows, 490109 columns and 1591169 nonzeros
Input
    Number of variables:                                490109
    Number of free variables:                           0
    Number of constraints:                              412519
    Number of equality constraints:                     37148
    Number of matrix entries:                           1591169
    Matrix range:                                       [1e-02, 1e+00]
    RHS range:                                          [2e+05, 6e+07]
    Objective range:                                    [3e-04, 9e+06]
    Bounds range:                                       [7e+05, 9e+07]
Preprocessing
    Dualized model:                                     no
    Number of dense columns:                            0
    Range of scaling factors:                           [1.00e+00, 2.00e+00]
IPX version 1.0
Interior Point Solve
 Iter     P.res    D.res            P.obj           D.obj        mu     Time
   0   1.24e+07 2.30e+06   1.27939479e+14 -2.27339611e+18  3.14e+13       0s
   1   4.63e+06 1.90e+06   3.75268138e+17 -1.95659774e+18  2.81e+13       1s
   2   2.27e+06 1.57e+06   6.32076382e+17 -1.73982917e+18  3.01e+13       2s
   3   7.89e+05 5.23e+05   6.09423995e+17 -6.20648116e+17  1.04e+13       3s
   4   2.99e+05 2.79e+05   5.60276608e+17 -3.78976715e+17  6.03e+12       4s
   5   1.18e+05 6.92e+04   4.49007216e+17 -1.18071343e+17  1.82e+12       8s
 Constructing starting basis...
   6   1.56e+04 2.39e+04   2.31949526e+17 -4.79697830e+16  6.62e+11      16s
   7   1.09e+04 9.80e+03   1.95324532e+17 -2.47411526e+16  3.79e+11      21s
   8   3.39e+03 2.99e+03   1.01783384e+17 -1.01712523e+16  1.54e+11      25s
   9   1.97e+03 1.36e+03   7.03394417e+16 -5.62978710e+15  9.55e+10      30s
  10   9.45e+02 4.77e+02   3.65676799e+16 -2.12145370e+15  4.57e+10      34s
  11   2.59e+02 1.92e+02   1.21029483e+16 -9.27254688e+14  1.52e+10      38s
  12   1.23e+02 7.24e+01   6.62097801e+15 -3.99031718e+14  8.08e+09      42s
  13   4.67e+01 4.29e+01   3.39010028e+15 -2.63604047e+14  4.24e+09      45s
  14   1.32e+01 2.32e+01   1.61481861e+15 -1.60596205e+14  2.09e+09      49s
  15   4.60e+00 1.53e+01   6.84546703e+14 -1.07369060e+14  9.56e+08      52s
  16   3.80e+00 9.01e+00   5.81805735e+14 -6.45814610e+13  7.64e+08      55s
  17   2.95e+00 5.84e+00   4.64461810e+14 -4.27135311e+13  5.94e+08      59s
  18   1.00e+00 3.27e+00   1.66949459e+14 -2.42377405e+13  2.29e+08      62s
  19   2.39e-01 3.35e-01   6.42525669e+13 -3.66624596e+12  7.74e+07      65s
  20   7.36e-02 1.43e-01   2.09911228e+13 -1.60147789e+12  2.59e+07      68s
  21   2.47e-02 5.63e-02   7.86841837e+12 -6.55289484e+11  9.75e+06      71s
  22   1.24e-02 1.69e-02   4.75824217e+12 -2.39088146e+11  5.64e+06      74s
  23   5.73e-03 6.80e-03   2.43266280e+12 -1.03351568e+11  2.85e+06      77s
  24   1.74e-03 1.26e-03   1.17037303e+12 -3.53052426e+10  1.35e+06      80s
  25   8.49e-04 4.12e-04   6.61174376e+11 -1.32347250e+10  7.53e+05      83s
  26   5.30e-04 2.73e-04   4.40441439e+11 -8.32099959e+09  5.01e+05      86s
  27   3.07e-04 1.41e-04   2.80934127e+11 -3.38052946e+09  3.17e+05      89s
  28   1.48e-05 7.15e-05   1.36381737e+11 -2.03752267e+09  1.54e+05      92s
  29   3.76e-06 3.95e-05   7.66606004e+10 -1.62102622e+08  8.56e+04      95s
  30   8.05e-07 1.22e-05   2.27183757e+10  2.73600731e+09  2.23e+04      98s
  31   2.98e-07 3.42e-06   1.39255829e+10  3.65039780e+09  1.15e+04     101s
  32   1.04e-07 1.21e-06   8.16598060e+09  3.98348061e+09  4.66e+03     104s
  33   7.45e-08 3.97e-07   5.82240685e+09  4.10590788e+09  1.91e+03     107s
  34   6.71e-08 1.60e-07   4.89359381e+09  4.16001613e+09  8.18e+02     110s
  35   8.94e-08 8.20e-08   4.45009471e+09  4.18124695e+09  3.00e+02     113s
  36   5.96e-08 2.98e-08   4.30119465e+09  4.19612509e+09  1.17e+02     116s
  37   5.96e-08 1.21e-08   4.24195706e+09  4.20094155e+09  4.57e+01     119s
  38   7.45e-08 3.73e-09   4.21995579e+09  4.20415763e+09  1.76e+01     122s
  39   1.34e-07 3.73e-09   4.20595691e+09  4.20459492e+09  1.52e+00     124s
  40   1.94e-07 3.73e-09   4.20494983e+09  4.20484258e+09  1.20e-01     127s
  41   1.19e-07 2.79e-09   4.20487568e+09  4.20486347e+09  1.36e-02     130s
  42   1.64e-07 2.79e-09   4.20486589e+09  4.20486506e+09  9.21e-04     132s
  43   1.94e-07 2.79e-09   4.20486525e+09  4.20486514e+09  1.30e-04     134s
  44   6.85e-07 1.86e-09   4.20486516e+09  4.20486515e+09  1.00e-05     136s
  45*  4.32e-07 9.31e-10   4.20486515e+09  4.20486515e+09  5.78e-07     138s
Summary
    Runtime:                                            137.95s
    Status interior point solve:                        optimal
    Status crossover:                                   not run
    objective value:                                    4.20486515e+09
    interior solution primal residual (abs/rel):        4.62e-07 / 5.06e-15
    interior solution dual residual (abs/rel):          9.31e-10 / 1.01e-16
    interior solution objective gap (abs/rel):          3.85e-01 / 9.16e-11
Ipx: IPM       optimal
Model   status      : Optimal
IPM       iterations: 45
Objective value     :  4.2048651505e+09
HiGHS run time      :        144.81
Presolving model
559303 rows, 1353546 cols, 3319742 nonzeros
424011 rows, 884008 cols, 2381008 nonzeros
418686 rows, 496734 cols, 1604456 nonzeros
412519 rows, 490109 cols, 1591169 nonzeros
Presolve : Reductions: rows 412519(-6467868); columns 490109(-4116329); elements 1591169(-21984232)
Solving the presolved LP
IPX model has 412519 rows, 490109 columns and 1591169 nonzeros
Input
    Number of variables:                                490109
    Number of free variables:                           0
    Number of constraints:                              412519
    Number of equality constraints:                     37148
    Number of matrix entries:                           1591169
    Matrix range:                                       [1e-02, 1e+00]
    RHS range:                                          [2e+05, 6e+07]
    Objective range:                                    [3e-04, 9e+06]
    Bounds range:                                       [7e+05, 9e+07]
Preprocessing
    Dualized model:                                     no
    Number of dense columns:                            0
    Range of scaling factors:                           [1.00e+00, 2.00e+00]
IPX version 1.0
Interior Point Solve
 Iter     P.res    D.res            P.obj           D.obj        mu     Time
   0   1.24e+07 2.30e+06   1.28169019e+14 -2.27339069e+18  3.14e+13       0s
   1   4.63e+06 1.90e+06   3.75324823e+17 -1.95659405e+18  2.81e+13       1s
   2   2.27e+06 1.57e+06   6.32172341e+17 -1.73983587e+18  3.01e+13       2s
   3   7.89e+05 5.23e+05   6.09527156e+17 -6.20642662e+17  1.04e+13       3s
   4   2.99e+05 2.79e+05   5.60383829e+17 -3.78982744e+17  6.03e+12       4s
   5   1.17e+05 6.92e+04   4.48884490e+17 -1.18070123e+17  1.82e+12       8s
 Constructing starting basis...
   6   1.56e+04 2.39e+04   2.31971667e+17 -4.79696136e+16  6.62e+11      16s
   7   1.08e+04 9.81e+03   1.95347466e+17 -2.47559676e+16  3.79e+11      21s
   8   3.38e+03 2.98e+03   1.01760171e+17 -1.01459046e+16  1.54e+11      25s
   9   1.97e+03 1.35e+03   7.04350798e+16 -5.60125329e+15  9.55e+10      30s
  10   9.67e+02 4.76e+02   3.73066093e+16 -2.11894936e+15  4.66e+10      34s
  11   2.66e+02 1.93e+02   1.22968030e+16 -9.29391903e+14  1.54e+10      38s
  12   1.28e+02 7.37e+01   6.78034992e+15 -4.03357252e+14  8.26e+09      42s
  13   5.16e+01 4.34e+01   3.53241506e+15 -2.62963125e+14  4.40e+09      45s
  14   1.49e+01 2.40e+01   1.71380853e+15 -1.65036188e+14  2.20e+09      48s
  15   5.03e+00 1.54e+01   7.06991834e+14 -1.07686737e+14  9.82e+08      52s
  16   4.29e+00 9.00e+00   6.17613407e+14 -6.40810295e+13  8.03e+08      55s
  17   3.22e+00 6.28e+00   4.78489197e+14 -4.55372822e+13  6.15e+08      58s
  18   1.09e+00 3.40e+00   1.72150223e+14 -2.49329369e+13  2.36e+08      61s
  19   2.29e-01 4.87e-01   5.95353132e+13 -4.61580446e+12  7.39e+07      64s
  20   5.13e-02 2.12e-01   1.54178150e+13 -2.06568338e+12  2.05e+07      67s
  21   1.84e-02 8.24e-02   6.89602412e+12 -8.49532483e+11  9.01e+06      71s
  22   9.48e-03 1.82e-02   4.24828590e+12 -2.27594316e+11  5.07e+06      74s
  23   3.68e-03 3.60e-03   2.05561114e+12 -6.23717449e+10  2.37e+06      77s
  24   1.22e-03 8.11e-04   1.14164111e+12 -3.14883063e+10  1.31e+06      80s
  25   4.55e-04 3.71e-04   5.41813756e+11 -1.59773021e+10  6.23e+05      83s
  26   1.60e-04 1.44e-04   3.01075544e+11 -7.63976298e+09  3.44e+05      86s
  27   8.92e-05 7.14e-05   1.89061529e+11 -2.54692499e+09  2.14e+05      89s
  28   1.07e-05 2.42e-05   9.83514691e+10 -2.07886947e+08  1.10e+05      92s
  29   2.47e-06 5.73e-06   4.66713597e+10  2.32502797e+09  4.94e+04      95s
  30   4.92e-07 1.45e-06   1.70992268e+10  3.53041793e+09  1.51e+04      98s
  31   1.94e-07 4.77e-07   1.05359049e+10  3.89647411e+09  7.40e+03     101s
  32   5.96e-08 1.64e-07   6.23697273e+09  4.06685935e+09  2.42e+03     104s
  33   1.19e-07 7.26e-08   4.97121342e+09  4.12866257e+09  9.39e+02     108s
  34   7.30e-08 3.54e-08   4.56390158e+09  4.15501082e+09  4.56e+02     111s
  35   1.19e-07 1.49e-08   4.33382680e+09  4.17190411e+09  1.80e+02     114s
  36   5.96e-08 7.45e-09   4.24770379e+09  4.17879246e+09  7.68e+01     117s
  37   1.04e-07 3.73e-09   4.20471877e+09  4.18251263e+09  2.47e+01     120s
  38   2.24e-07 3.73e-09   4.18895806e+09  4.18325848e+09  6.35e+00     122s
  39   1.34e-07 2.79e-09   4.18443929e+09  4.18356453e+09  9.75e-01     125s
  40   1.49e-07 3.73e-09   4.18375438e+09  4.18367199e+09  9.18e-02     128s
  41   2.24e-07 2.79e-09   4.18368581e+09  4.18367905e+09  7.53e-03     130s
  42   1.64e-07 2.79e-09   4.18368063e+09  4.18367986e+09  8.54e-04     132s
  43   4.62e-07 1.86e-09   4.18367999e+09  4.18367995e+09  4.92e-05     135s
  44*  4.47e-07 9.31e-10   4.18367996e+09  4.18367996e+09  2.04e-06     137s
Summary
    Runtime:                                            136.91s
    Status interior point solve:                        optimal
    Status crossover:                                   not run
    objective value:                                    4.18367996e+09
    interior solution primal residual (abs/rel):        8.94e-07 / 9.80e-15
    interior solution dual residual (abs/rel):          9.31e-10 / 1.01e-16
    interior solution objective gap (abs/rel):          1.69e+00 / 4.04e-10
Ipx: IPM       optimal
Model   status      : Optimal
IPM       iterations: 44
Objective value     :  4.1836799581e+09
HiGHS run time      :        143.69
Presolving model
559303 rows, 1353546 cols, 3319742 nonzeros
424011 rows, 884008 cols, 2381008 nonzeros
418686 rows, 496734 cols, 1604456 nonzeros
412519 rows, 490109 cols, 1591169 nonzeros
Presolve : Reductions: rows 412519(-6487908); columns 490109(-4116329); elements 1591169(-22004272)
Solving the presolved LP
IPX model has 412519 rows, 490109 columns and 1591169 nonzeros
Input
    Number of variables:                                490109
    Number of free variables:                           0
    Number of constraints:                              412519
    Number of equality constraints:                     37148
    Number of matrix entries:                           1591169
    Matrix range:                                       [1e-02, 1e+00]
    RHS range:                                          [2e+05, 6e+07]
    Objective range:                                    [3e-04, 9e+06]
    Bounds range:                                       [7e+05, 9e+07]
Preprocessing
    Dualized model:                                     no
    Number of dense columns:                            0
    Range of scaling factors:                           [1.00e+00, 2.00e+00]
IPX version 1.0
Interior Point Solve
 Iter     P.res    D.res            P.obj           D.obj        mu     Time
   0   1.24e+07 2.30e+06   1.28214929e+14 -2.27339266e+18  3.14e+13       0s
   1   4.63e+06 1.90e+06   3.75337320e+17 -1.95659569e+18  2.81e+13       1s
   2   2.27e+06 1.57e+06   6.32193938e+17 -1.73984004e+18  3.01e+13       2s
   3   7.89e+05 5.23e+05   6.09550623e+17 -6.20642345e+17  1.04e+13       3s
   4   2.99e+05 2.79e+05   5.60406014e+17 -3.78981368e+17  6.03e+12       4s
   5   1.17e+05 6.92e+04   4.49088390e+17 -1.18050189e+17  1.82e+12       8s
 Constructing starting basis...
   6   1.56e+04 2.39e+04   2.32031500e+17 -4.79863991e+16  6.62e+11      16s
   7   1.09e+04 9.81e+03   1.95367292e+17 -2.47523991e+16  3.79e+11      21s
   8   3.39e+03 3.00e+03   1.01824189e+17 -1.01751999e+16  1.54e+11      25s
   9   1.97e+03 1.36e+03   7.03707758e+16 -5.62632488e+15  9.55e+10      29s
  10   9.45e+02 4.57e+02   3.66018633e+16 -2.04671986e+15  4.56e+10      34s
  11   2.61e+02 1.90e+02   1.21392356e+16 -9.19590454e+14  1.53e+10      38s
  12   1.23e+02 7.19e+01   6.61416641e+15 -3.97372343e+14  8.07e+09      41s
  13   4.90e+01 4.29e+01   3.46127274e+15 -2.63094769e+14  4.32e+09      45s
  14   1.36e+01 2.37e+01   1.63390176e+15 -1.63790369e+14  2.11e+09      48s
  15   4.63e+00 1.54e+01   6.85169333e+14 -1.07976892e+14  9.58e+08      51s
  16   3.92e+00 9.07e+00   5.95835450e+14 -6.48799859e+13  7.81e+08      55s
  17   2.98e+00 6.12e+00   4.67581324e+14 -4.46892839e+13  6.01e+08      58s
  18   9.66e-01 3.37e+00   1.61193639e+14 -2.48827567e+13  2.24e+08      61s
  19   2.59e-01 3.67e-01   6.59299835e+13 -3.84269567e+12  7.96e+07      65s
  20   7.75e-02 1.50e-01   2.13855244e+13 -1.61524448e+12  2.64e+07      68s
  21   2.27e-02 5.69e-02   7.72709114e+12 -6.61588287e+11  9.61e+06      71s
  22   1.12e-02 1.44e-02   4.52912714e+12 -2.05805599e+11  5.34e+06      74s
  23   5.07e-03 3.17e-03   2.39746273e+12 -6.13247649e+10  2.75e+06      77s
  24   1.48e-03 7.50e-04   1.11893036e+12 -2.88000026e+10  1.28e+06      80s
  25   3.75e-04 3.79e-04   4.40116807e+11 -1.64731535e+10  5.10e+05      84s
  26   1.41e-04 1.89e-04   2.42060993e+11 -8.42511467e+09  2.79e+05      87s
  27   6.11e-05 9.13e-05   1.29827406e+11 -2.74113764e+09  1.48e+05      90s
  28   1.68e-05 5.15e-05   7.21074091e+10 -5.15775228e+08  8.10e+04      93s
  29   6.39e-06 1.43e-05   3.22499932e+10  2.75759259e+09  3.29e+04      96s
  30   3.35e-06 4.74e-06   2.03009780e+10  3.62405964e+09  1.86e+04      98s
  31   8.20e-07 1.46e-06   9.08924671e+09  3.96814798e+09  5.71e+03     101s
  32   2.24e-07 3.74e-07   6.29541971e+09  4.08936527e+09  2.46e+03     104s
  33   8.94e-08 1.56e-07   5.05058594e+09  4.13538795e+09  1.02e+03     107s
  34   1.19e-07 7.45e-08   4.51733147e+09  4.15644131e+09  4.02e+02     110s
  35   1.04e-07 2.98e-08   4.31312505e+09  4.16911772e+09  1.60e+02     113s
  36   1.49e-07 1.21e-08   4.22445648e+09  4.17449110e+09  5.57e+01     116s
  37   5.96e-08 3.73e-09   4.19534056e+09  4.17750639e+09  1.99e+01     119s
  38   5.96e-08 2.79e-09   4.18197890e+09  4.17802545e+09  4.41e+00     121s
  39   1.19e-07 1.86e-09   4.17863004e+09  4.17824329e+09  4.31e-01     123s
  40   8.94e-08 2.79e-09   4.17836767e+09  4.17827288e+09  1.06e-01     126s
  41   2.09e-07 2.79e-09   4.17829034e+09  4.17827596e+09  1.60e-02     128s
  42   1.34e-07 3.73e-09   4.17827889e+09  4.17827641e+09  2.77e-03     130s
  43   1.34e-07 3.73e-09   4.17827673e+09  4.17827648e+09  2.82e-04     132s
  44   7.90e-07 1.86e-09   4.17827651e+09  4.17827650e+09  1.10e-05     134s
  45*  5.22e-07 1.86e-09   4.17827650e+09  4.17827650e+09  4.78e-07     136s
Summary
    Runtime:                                            136.49s
    Status interior point solve:                        optimal
    Status crossover:                                   not run
    objective value:                                    4.17827650e+09
    interior solution primal residual (abs/rel):        5.36e-07 / 5.88e-15
    interior solution dual residual (abs/rel):          9.31e-10 / 1.01e-16
    interior solution objective gap (abs/rel):          3.08e-01 / 7.37e-11
Ipx: IPM       optimal
Model   status      : Optimal
IPM       iterations: 45
Objective value     :  4.1782764988e+09
HiGHS run time      :        143.25
Presolving model
559303 rows, 1353546 cols, 3319742 nonzeros
424011 rows, 884008 cols, 2381008 nonzeros
418686 rows, 496734 cols, 1604456 nonzeros
412519 rows, 490109 cols, 1591169 nonzeros
Presolve : Reductions: rows 412519(-6507948); columns 490109(-4116329); elements 1591169(-22024312)
Solving the presolved LP
IPX model has 412519 rows, 490109 columns and 1591169 nonzeros
Input
    Number of variables:                                490109
    Number of free variables:                           0
    Number of constraints:                              412519
    Number of equality constraints:                     37148
    Number of matrix entries:                           1591169
    Matrix range:                                       [1e-02, 1e+00]
    RHS range:                                          [2e+05, 6e+07]
    Objective range:                                    [3e-04, 9e+06]
    Bounds range:                                       [7e+05, 9e+07]
Preprocessing
    Dualized model:                                     no
    Number of dense columns:                            0
    Range of scaling factors:                           [1.00e+00, 2.00e+00]
IPX version 1.0
Interior Point Solve
 Iter     P.res    D.res            P.obj           D.obj        mu     Time
   0   1.24e+07 2.30e+06   1.28214929e+14 -2.27339266e+18  3.14e+13       0s
   1   4.63e+06 1.90e+06   3.75337320e+17 -1.95659569e+18  2.81e+13       1s
   2   2.27e+06 1.57e+06   6.32193938e+17 -1.73984004e+18  3.01e+13       2s
   3   7.89e+05 5.23e+05   6.09550623e+17 -6.20642345e+17  1.04e+13       3s
   4   2.99e+05 2.79e+05   5.60406014e+17 -3.78981368e+17  6.03e+12       4s
   5   1.18e+05 6.92e+04   4.49138984e+17 -1.18071864e+17  1.82e+12       8s
 Constructing starting basis...
   6   1.56e+04 2.39e+04   2.32000984e+17 -4.79752237e+16  6.62e+11      16s
   7   1.09e+04 9.81e+03   1.95365204e+17 -2.47556239e+16  3.79e+11      21s
   8   3.38e+03 3.00e+03   1.01790561e+17 -1.01756227e+16  1.54e+11      25s
   9   1.96e+03 1.35e+03   7.00162572e+16 -5.57925238e+15  9.49e+10      29s
  10   9.54e+02 4.80e+02   3.68980893e+16 -2.13475855e+15  4.62e+10      33s
  11   2.59e+02 1.93e+02   1.20864469e+16 -9.30012853e+14  1.52e+10      37s
  12   1.24e+02 7.32e+01   6.68101320e+15 -4.02253029e+14  8.15e+09      41s
  13   5.07e+01 4.35e+01   3.53076063e+15 -2.64925738e+14  4.40e+09      44s
  14   1.47e+01 2.43e+01   1.70448638e+15 -1.66632726e+14  2.20e+09      48s
  15   4.97e+00 1.56e+01   7.06495912e+14 -1.08451719e+14  9.83e+08      51s
  16   4.23e+00 8.99e+00   6.17587016e+14 -6.41107934e+13  8.03e+08      54s
  17   3.15e+00 6.29e+00   4.73631956e+14 -4.55981426e+13  6.09e+08      57s
  18   1.00e+00 3.41e+00   1.60691681e+14 -2.50064764e+13  2.23e+08      61s
  19   2.36e-01 3.57e-01   6.26535436e+13 -3.81457945e+12  7.59e+07      64s
  20   7.12e-02 1.54e-01   2.02099802e+13 -1.67602293e+12  2.51e+07      67s
  21   2.44e-02 6.09e-02   7.79385638e+12 -6.91731677e+11  9.73e+06      70s
  22   1.22e-02 1.58e-02   4.63959626e+12 -2.19998405e+11  5.48e+06      73s
  23   5.40e-03 3.64e-03   2.31998041e+12 -6.13989859e+10  2.67e+06      76s
  24   1.41e-03 1.39e-03   7.80849124e+11 -2.65081929e+10  9.03e+05      79s
  25   2.18e-04 7.72e-04   3.74551118e+11 -1.79808254e+10  4.39e+05      82s
  26   9.04e-05 3.46e-04   2.18135208e+11 -7.97347155e+09  2.53e+05      85s
  27   4.58e-05 1.78e-04   1.34152909e+11 -2.91280122e+09  1.53e+05      88s
  28   1.33e-05 7.82e-05   7.16958003e+10  1.28559781e+08  7.98e+04      91s
  29   1.82e-06 4.07e-06   3.10769242e+10  3.19302007e+09  3.11e+04      94s
  30   1.06e-06 1.38e-06   2.12009692e+10  3.75447430e+09  1.94e+04      97s
  31   3.28e-07 4.97e-07   9.56862212e+09  4.00764128e+09  6.20e+03     100s
  32   1.34e-07 1.47e-07   6.60921895e+09  4.10788053e+09  2.79e+03     102s
  33   1.49e-07 6.33e-08   5.05581004e+09  4.14492681e+09  1.02e+03     105s
  34   7.45e-08 3.07e-08   4.53318777e+09  4.16067433e+09  4.15e+02     108s
  35   1.49e-07 1.30e-08   4.35440696e+09  4.17051781e+09  2.05e+02     111s
  36   7.45e-08 7.45e-09   4.25726202e+09  4.17461186e+09  9.21e+01     114s
  37   1.64e-07 3.73e-09   4.20493203e+09  4.17708935e+09  3.10e+01     116s
  38   1.34e-07 2.79e-09   4.18206480e+09  4.17787640e+09  4.67e+00     119s
  39   1.04e-07 3.73e-09   4.17890083e+09  4.17822132e+09  7.57e-01     121s
  40   5.22e-08 2.79e-09   4.17831243e+09  4.17826339e+09  5.47e-02     124s
  41   1.19e-07 3.73e-09   4.17828138e+09  4.17827477e+09  7.36e-03     126s
  42   1.49e-07 3.73e-09   4.17827687e+09  4.17827642e+09  4.94e-04     129s
  43   7.15e-07 1.86e-09   4.17827653e+09  4.17827649e+09  3.76e-05     131s
  44*  8.94e-07 9.31e-10   4.17827650e+09  4.17827650e+09  1.32e-06     133s
Summary
    Runtime:                                            133.48s
    Status interior point solve:                        optimal
    Status crossover:                                   not run
    objective value:                                    4.17827650e+09
    interior solution primal residual (abs/rel):        9.69e-07 / 1.06e-14
    interior solution dual residual (abs/rel):          9.31e-10 / 1.01e-16
    interior solution objective gap (abs/rel):          1.04e+00 / 2.50e-10
Ipx: IPM       optimal
Model   status      : Optimal
IPM       iterations: 44
Objective value     :  4.1782764993e+09
HiGHS run time      :        140.25
Running HiGHS 1.6.0: Copyright (c) 2023 HiGHS under MIT licence terms
Presolving model
167315 rows, 481601 cols, 1105682 nonzeros
126069 rows, 299927 cols, 744138 nonzeros
123710 rows, 166231 cols, 476340 nonzeros
120809 rows, 161565 cols, 466905 nonzeros
Presolve : Reductions: rows 120809(-3289691); columns 161565(-2142020); elements 466905(-9984168)
Solving the presolved LP
IPX model has 120809 rows, 161565 columns and 466905 nonzeros
Input
    Number of variables:                                161565
    Number of free variables:                           0
    Number of constraints:                              120809
    Number of equality constraints:                     18921
    Number of matrix entries:                           466905
    Matrix range:                                       [1e-02, 1e+00]
    RHS range:                                          [2e+05, 1e+08]
    Objective range:                                    [2e-04, 1e+06]
    Bounds range:                                       [1e+05, 1e+08]
Preprocessing
    Dualized model:                                     no
    Number of dense columns:                            0
    Range of scaling factors:                           [1.00e+00, 2.00e+00]
IPX version 1.0
Interior Point Solve
 Iter     P.res    D.res            P.obj           D.obj        mu     Time
   0   2.50e+07 1.47e+05   6.61398994e+13 -5.74583232e+16  4.22e+12       0s
   1   7.93e+06 1.14e+05   5.79805545e+16 -4.87962905e+16  3.02e+12       0s
   2   3.67e+06 9.44e+04   7.94869290e+16 -4.40902334e+16  2.82e+12       0s
   3   1.46e+06 2.32e+04   6.52785839e+16 -1.22510837e+16  8.25e+11       0s
   4   5.07e+05 7.11e+03   4.12840593e+16 -4.81739276e+15  3.01e+11       1s
   5   1.70e+05 1.36e+03   2.05764504e+16 -1.35674909e+15  9.66e+10       2s
 Constructing starting basis...
   6   5.94e+04 4.87e+02   8.73106372e+15 -6.18828921e+14  3.96e+10       3s
   7   2.40e+04 1.94e+02   4.51496410e+15 -3.32973594e+14  1.95e+10       3s
   8   1.27e+04 7.35e+01   2.75979059e+15 -1.60074817e+14  1.13e+10       4s
   9   5.74e+03 1.53e+01   1.91134281e+15 -1.09953116e+14  7.56e+09       5s
  10   1.97e+03 6.67e+00   1.16671450e+15 -7.61635413e+13  4.66e+09       5s
  11   8.33e+02 2.61e+00   8.04948649e+14 -4.33110899e+13  3.16e+09       6s
  12   6.96e+02 1.21e+00   7.46932310e+14 -2.49195050e+13  2.85e+09       6s
  13   3.16e+02 4.72e-01   4.39078181e+14  3.84621829e+12  1.60e+09       7s
  14   8.33e+01 1.30e-01   2.44739357e+14  1.85552381e+13  8.33e+08       7s
  15   2.58e+01 4.20e-02   1.34395545e+14  2.94268652e+13  3.86e+08       8s
  16   1.78e+01 2.36e-02   1.09866149e+14  3.29718847e+13  2.82e+08       9s
  17   7.69e+00 1.22e-02   7.18590505e+13  3.58380629e+13  1.32e+08      10s
  18   3.69e+00 5.89e-03   5.61679255e+13  3.74496330e+13  6.84e+07      11s
  19   1.56e+00 2.16e-03   4.72424863e+13  3.84626935e+13  3.19e+07      12s
  20   5.18e-01 1.11e-03   4.54136574e+13  3.85730327e+13  2.49e+07      12s
  21   1.66e-01 2.37e-04   4.14192158e+13  3.90224549e+13  8.66e+06      13s
  22   4.56e-02 3.88e-05   3.99552659e+13  3.91296989e+13  2.98e+06      14s
  23   2.02e-02 1.34e-05   3.95392737e+13  3.91537660e+13  1.39e+06      14s
  24   5.19e-03 5.86e-06   3.92785545e+13  3.91617466e+13  4.21e+05      15s
  25   2.42e-03 2.04e-06   3.92330269e+13  3.91654622e+13  2.43e+05      16s
  26   1.06e-03 6.88e-07   3.91986198e+13  3.91678283e+13  1.11e+05      16s
  27   2.13e-04 3.12e-07   3.91754731e+13  3.91685356e+13  2.50e+04      17s
  28   7.39e-05 1.38e-07   3.91716275e+13  3.91688641e+13  9.95e+03      17s
  29   3.28e-05 7.50e-08   3.91705031e+13  3.91689831e+13  5.48e+03      18s
  30   1.65e-05 2.71e-08   3.91700200e+13  3.91690767e+13  3.40e+03      18s
  31   7.30e-06 1.07e-08   3.91696237e+13  3.91691186e+13  1.82e+03      19s
  32   2.73e-06 5.82e-09   3.91693817e+13  3.91691337e+13  8.93e+02      19s
  33   9.24e-07 1.63e-09   3.91692554e+13  3.91691492e+13  3.83e+02      20s
  34   3.28e-07 4.66e-10   3.91691925e+13  3.91691544e+13  1.37e+02      20s
  35   1.79e-07 3.49e-10   3.91691663e+13  3.91691556e+13  3.85e+01      21s
  36   1.49e-07 4.66e-10   3.91691592e+13  3.91691562e+13  1.07e+01      21s
  37   2.09e-07 2.33e-10   3.91691565e+13  3.91691563e+13  9.74e-01      21s
  38*  8.94e-08 2.33e-10   3.91691563e+13  3.91691563e+13  3.17e-02      22s
Summary
    Runtime:                                            21.85s
    Status interior point solve:                        optimal
    Status crossover:                                   not run
    objective value:                                    3.91691563e+13
    interior solution primal residual (abs/rel):        1.49e-07 / 1.34e-15
    interior solution dual residual (abs/rel):          2.33e-10 / 1.78e-16
    interior solution objective gap (abs/rel):          8.85e+03 / 2.26e-10
Ipx: IPM       optimal
Model   status      : Optimal
IPM       iterations: 38
Objective value     :  3.9169153461e+13
HiGHS run time      :         25.88
Presolving model
167315 rows, 481601 cols, 1105682 nonzeros
126069 rows, 299927 cols, 744138 nonzeros
123710 rows, 166231 cols, 476340 nonzeros
120809 rows, 161565 cols, 466905 nonzeros
Presolve : Reductions: rows 120809(-3299711); columns 161565(-2142020); elements 466905(-9994188)
Solving the presolved LP
IPX model has 120809 rows, 161565 columns and 466905 nonzeros
Input
    Number of variables:                                161565
    Number of free variables:                           0
    Number of constraints:                              120809
    Number of equality constraints:                     18921
    Number of matrix entries:                           466905
    Matrix range:                                       [1e-02, 1e+00]
    RHS range:                                          [2e+05, 1e+08]
    Objective range:                                    [2e-04, 1e+06]
    Bounds range:                                       [1e+05, 1e+08]
Preprocessing
    Dualized model:                                     no
    Number of dense columns:                            0
    Range of scaling factors:                           [1.00e+00, 2.00e+00]
IPX version 1.0
Interior Point Solve
 Iter     P.res    D.res            P.obj           D.obj        mu     Time
   0   2.50e+07 1.49e+05   5.65201386e+13 -5.86776438e+16  4.28e+12       0s
   1   7.94e+06 1.16e+05   5.70256691e+16 -4.98838227e+16  3.07e+12       0s
   2   3.67e+06 9.57e+04   7.86170912e+16 -4.49941460e+16  2.88e+12       0s
   3   1.49e+06 2.37e+04   6.49514299e+16 -1.26118730e+16  8.46e+11       0s
   4   5.15e+05 7.34e+03   4.14756489e+16 -5.03616599e+15  3.10e+11       1s
   5   1.59e+05 1.66e+03   1.97050371e+16 -1.52795042e+15  9.75e+10       2s
 Constructing starting basis...
   6   4.40e+04 4.99e+02   7.17001566e+15 -6.03504967e+14  3.34e+10       3s
   7   1.32e+04 1.40e+02   2.98427984e+15 -2.50310752e+14  1.29e+10       3s
   8   3.27e+03 5.92e+01   1.16881763e+15 -1.31935054e+14  5.16e+09       4s
   9   7.00e+02 3.16e+01   3.35459688e+14 -7.22334111e+13  1.69e+09       5s
  10   2.63e+02 1.53e+01   1.94640919e+14 -3.93202442e+13  9.59e+08       5s
  11   6.56e+01 4.70e+00   7.17383071e+13 -1.37834508e+13  3.45e+08       6s
  12   2.75e+01 2.62e+00   4.53837754e+13 -8.55275593e+12  2.17e+08       6s
  13   3.33e+00 7.10e-01   7.17488959e+12 -2.40314524e+12  4.04e+07       7s
  14   7.60e-01 1.76e-01   1.95721412e+12 -6.10261186e+11  1.06e+07       7s
  15   2.55e-01 8.87e-02   8.86379437e+11 -3.15974908e+11  5.00e+06       8s
  16   1.02e-01 2.40e-02   4.57996187e+11 -9.03118589e+10  2.15e+06       8s
  17   4.11e-02 1.40e-02   3.92081678e+11 -6.04876249e+10  1.74e+06       9s
  18   2.27e-02 6.79e-03   3.20853787e+11 -3.50558301e+10  1.33e+06       9s
  19   5.32e-03 2.83e-03   1.23365289e+11 -1.43851284e+10  5.11e+05      10s
  20   1.51e-03 9.58e-04   5.61042429e+10 -3.45087165e+09  2.18e+05      10s
  21   7.93e-04 5.54e-04   3.90048568e+10 -9.82634819e+08  1.45e+05      11s
  22   5.45e-04 1.99e-04   3.02310365e+10  1.64184267e+09  1.03e+05      12s
  23   8.82e-05 9.88e-05   1.63543568e+10  2.31435006e+09  5.07e+04      12s
  24   2.25e-05 2.87e-05   1.00286769e+10  3.05312314e+09  2.51e+04      13s
  25   4.83e-06 7.94e-06   5.64754684e+09  3.43380402e+09  7.98e+03      13s
  26   1.73e-06 3.49e-06   4.49980797e+09  3.53843958e+09  3.46e+03      14s
  27   6.71e-07 1.07e-06   4.02269155e+09  3.60237566e+09  1.51e+03      14s
  28   2.38e-07 3.07e-07   3.78343651e+09  3.62587121e+09  5.68e+02      14s
  29   1.49e-07 1.36e-07   3.67931721e+09  3.63136265e+09  1.73e+02      15s
  30   2.09e-07 4.28e-08   3.65981086e+09  3.63483042e+09  9.00e+01      15s
  31   1.79e-07 4.42e-09   3.64255537e+09  3.63680759e+09  2.07e+01      16s
  32   1.49e-07 6.98e-10   3.63855018e+09  3.63723306e+09  4.74e+00      16s
  33   8.94e-08 3.49e-10   3.63744245e+09  3.63730630e+09  4.90e-01      16s
  34   1.49e-07 4.66e-10   3.63732692e+09  3.63732117e+09  2.07e-02      17s
  35   1.49e-07 4.66e-10   3.63732376e+09  3.63732300e+09  2.74e-03      17s
  36   2.09e-07 2.33e-10   3.63732316e+09  3.63732310e+09  2.24e-04      17s
  37   2.09e-07 2.33e-10   3.63732312e+09  3.63732311e+09  4.19e-05      18s
  38*  5.96e-08 1.16e-10   3.63732311e+09  3.63732311e+09  2.62e-06      18s
Summary
    Runtime:                                            18.20s
    Status interior point solve:                        optimal
    Status crossover:                                   not run
    objective value:                                    3.63732311e+09
    interior solution primal residual (abs/rel):        6.26e-07 / 5.64e-15
    interior solution dual residual (abs/rel):          2.33e-10 / 1.78e-16
    interior solution objective gap (abs/rel):          7.08e-01 / 1.95e-10
Ipx: IPM       optimal
Model   status      : Optimal
IPM       iterations: 38
Objective value     :  3.6373231130e+09
HiGHS run time      :         22.07
Presolving model
167315 rows, 481601 cols, 1105682 nonzeros
126069 rows, 299927 cols, 744138 nonzeros
123710 rows, 166231 cols, 476340 nonzeros
120809 rows, 161565 cols, 466905 nonzeros
Presolve : Reductions: rows 120809(-3309731); columns 161565(-2142020); elements 466905(-10004208)
Solving the presolved LP
IPX model has 120809 rows, 161565 columns and 466905 nonzeros
Input
    Number of variables:                                161565
    Number of free variables:                           0
    Number of constraints:                              120809
    Number of equality constraints:                     18921
    Number of matrix entries:                           466905
    Matrix range:                                       [1e-02, 1e+00]
    RHS range:                                          [2e+05, 1e+08]
    Objective range:                                    [2e-04, 1e+06]
    Bounds range:                                       [1e+05, 1e+08]
Preprocessing
    Dualized model:                                     no
    Number of dense columns:                            0
    Range of scaling factors:                           [1.00e+00, 2.00e+00]
IPX version 1.0
Interior Point Solve
 Iter     P.res    D.res            P.obj           D.obj        mu     Time
   0   2.50e+07 1.49e+05   5.71093899e+13 -5.86887050e+16  4.28e+12       0s
   1   7.95e+06 1.16e+05   5.71648749e+16 -4.98854266e+16  3.08e+12       0s
   2   3.68e+06 9.59e+04   7.88023622e+16 -4.50251459e+16  2.88e+12       0s
   3   1.49e+06 2.37e+04   6.51018596e+16 -1.26036920e+16  8.46e+11       0s
   4   5.16e+05 7.33e+03   4.15596558e+16 -5.02794588e+15  3.10e+11       1s
   5   1.51e+05 1.65e+03   1.92760100e+16 -1.52010004e+15  9.53e+10       2s
 Constructing starting basis...
   6   4.17e+04 5.01e+02   6.99388365e+15 -6.01809606e+14  3.27e+10       3s
   7   1.23e+04 1.46e+02   2.96577548e+15 -2.59615153e+14  1.29e+10       3s
   8   3.13e+03 6.19e+01   1.16593555e+15 -1.34767368e+14  5.16e+09       4s
   9   9.66e+02 3.37e+01   4.36203256e+14 -7.46608441e+13  2.08e+09       5s
  10   2.83e+02 1.40e+01   1.90778653e+14 -3.50971029e+13  9.17e+08       5s
  11   9.44e+01 4.16e+00   9.35764917e+13 -1.28785074e+13  4.17e+08       6s
  12   3.71e+01 2.31e+00   4.70283173e+13 -7.68330706e+12  2.17e+08       6s
  13   5.47e+00 6.01e-01   9.06753456e+12 -2.11882930e+12  4.52e+07       7s
  14   9.43e-01 1.70e-01   1.96081486e+12 -6.16393763e+11  1.06e+07       7s
  15   2.09e-01 7.71e-02   7.46262320e+11 -2.91862681e+11  4.31e+06       8s
  16   1.20e-01 1.70e-02   5.35246036e+11 -7.34002232e+10  2.32e+06       8s
  17   7.34e-02 5.14e-03   3.45424931e+11 -2.12969768e+10  1.35e+06       9s
  18   2.32e-02 1.24e-03   1.65263477e+11 -6.09914744e+09  6.24e+05       9s
  19   1.31e-02 4.13e-04   1.03779039e+11 -6.85251583e+08  3.78e+05      10s
  20   7.81e-03 2.38e-04   7.37278235e+10  3.52426121e+08  2.65e+05      10s
  21   5.27e-03 4.53e-05   6.16484378e+10  1.21471398e+09  2.18e+05      10s
  22   1.21e-03 2.02e-05   2.38715270e+10  2.16409586e+09  7.82e+04      11s
  23   1.19e-07 8.33e-06   1.31497037e+10  2.60917582e+09  3.80e+04      11s
  24   2.09e-07 1.92e-06   7.11878619e+09  3.24828205e+09  1.39e+04      12s
  25   2.38e-07 9.90e-07   4.60113007e+09  3.38074463e+09  4.40e+03      12s
  26   1.19e-07 3.50e-07   3.96631035e+09  3.48173008e+09  1.75e+03      13s
  27   5.96e-08 1.12e-07   3.76828749e+09  3.52378327e+09  8.81e+02      13s
  28   5.96e-08 2.98e-08   3.62838066e+09  3.54041551e+09  3.17e+02      14s
  29   2.38e-07 1.02e-08   3.58179374e+09  3.54449590e+09  1.34e+02      14s
  30   5.96e-08 3.03e-09   3.56151185e+09  3.54661818e+09  5.36e+01      15s
  31   7.84e-08 6.98e-10   3.55013495e+09  3.54734879e+09  1.00e+01      15s
  32   2.38e-07 4.66e-10   3.54782807e+09  3.54756331e+09  9.54e-01      15s
  33   8.94e-08 2.33e-10   3.54766948e+09  3.54761826e+09  1.84e-01      16s
  34   1.79e-07 4.66e-10   3.54763082e+09  3.54762337e+09  2.68e-02      16s
  35   1.79e-07 4.66e-10   3.54762417e+09  3.54762384e+09  1.21e-03      16s
  36   1.19e-07 4.66e-10   3.54762390e+09  3.54762388e+09  5.21e-05      17s
  37*  2.98e-07 2.33e-10   3.54762389e+09  3.54762389e+09  4.98e-06      17s
Summary
    Runtime:                                            17.06s
    Status interior point solve:                        optimal
    Status crossover:                                   not run
    objective value:                                    3.54762389e+09
    interior solution primal residual (abs/rel):        1.79e-07 / 1.61e-15
    interior solution dual residual (abs/rel):          2.33e-10 / 1.78e-16
    interior solution objective gap (abs/rel):          1.34e+00 / 3.79e-10
Ipx: IPM       optimal
Model   status      : Optimal
IPM       iterations: 37
Objective value     :  3.5476238889e+09
HiGHS run time      :         20.91
Presolving model
167315 rows, 481601 cols, 1105682 nonzeros
126069 rows, 299927 cols, 744138 nonzeros
123710 rows, 166231 cols, 476340 nonzeros
120809 rows, 161565 cols, 466905 nonzeros
Presolve : Reductions: rows 120809(-3319751); columns 161565(-2142020); elements 466905(-10014228)
Solving the presolved LP
IPX model has 120809 rows, 161565 columns and 466905 nonzeros
Input
    Number of variables:                                161565
    Number of free variables:                           0
    Number of constraints:                              120809
    Number of equality constraints:                     18921
    Number of matrix entries:                           466905
    Matrix range:                                       [1e-02, 1e+00]
    RHS range:                                          [2e+05, 1e+08]
    Objective range:                                    [2e-04, 1e+06]
    Bounds range:                                       [1e+05, 1e+08]
Preprocessing
    Dualized model:                                     no
    Number of dense columns:                            0
    Range of scaling factors:                           [1.00e+00, 2.00e+00]
IPX version 1.0
Interior Point Solve
 Iter     P.res    D.res            P.obj           D.obj        mu     Time
   0   2.50e+07 1.49e+05   5.71439329e+13 -5.87098988e+16  4.28e+12       0s
   1   7.95e+06 1.16e+05   5.71720649e+16 -4.99028863e+16  3.08e+12       0s
   2   3.68e+06 9.59e+04   7.88172493e+16 -4.50413147e+16  2.88e+12       0s
   3   1.49e+06 2.37e+04   6.51145065e+16 -1.26087223e+16  8.46e+11       0s
   4   5.16e+05 7.33e+03   4.15711605e+16 -5.03025529e+15  3.10e+11       1s
   5   1.48e+05 1.65e+03   1.90954053e+16 -1.52102709e+15  9.45e+10       2s
 Constructing starting basis...
   6   4.08e+04 5.06e+02   6.93131830e+15 -6.03950702e+14  3.25e+10       3s
   7   1.18e+04 1.93e+02   2.91666874e+15 -3.05082372e+14  1.32e+10       3s
   8   2.77e+03 7.96e+01   1.17420617e+15 -1.55212747e+14  5.37e+09       4s
   9   1.23e+03 4.29e+01   5.81996793e+14 -8.46825530e+13  2.70e+09       5s
  10   3.29e+02 2.21e+01   2.07909552e+14 -4.58630105e+13  1.06e+09       5s
  11   7.83e+01 1.02e+01   9.90625759e+13 -2.38724134e+13  5.17e+08       6s
  12   1.97e+01 5.31e+00   4.27339405e+13 -1.32914214e+13  2.42e+08       6s
  13   3.97e+00 2.20e+00   1.21287002e+13 -5.66802103e+12  8.08e+07       7s
  14   3.99e-06 3.51e-01   3.54827034e+12 -1.10561085e+12  1.95e+07       7s
  15   1.58e-06 1.19e-01   1.65144824e+12 -3.88357805e+11  8.23e+06       8s
  16   8.20e-07 2.24e-02   9.12883017e+11 -7.68283715e+10  3.72e+06       8s
  17   3.58e-07 4.73e-03   4.46903967e+11 -1.86563835e+10  1.71e+06       9s
  18   1.79e-07 1.27e-03   2.30924058e+11 -5.32350100e+09  8.57e+05       9s
  19   2.38e-07 5.52e-04   1.36069129e+11 -7.12910999e+08  4.94e+05      10s
  20   1.49e-07 3.12e-04   8.79626205e+10  3.58885319e+08  3.16e+05      10s
  21   2.38e-07 1.83e-04   7.22376736e+10  1.39807487e+09  2.56e+05      11s
  22   2.68e-07 3.49e-05   4.77524012e+10  2.34971532e+09  1.64e+05      11s
  23   1.49e-07 1.82e-05   2.05240799e+10  2.74924326e+09  6.40e+04      12s
  24   1.49e-07 7.96e-06   1.28152374e+10  2.93013712e+09  3.56e+04      12s
  25   1.19e-07 1.66e-06   6.63547295e+09  3.34080806e+09  1.19e+04      13s
  26   8.94e-08 8.62e-07   4.63043821e+09  3.42536637e+09  4.34e+03      13s
  27   1.49e-07 2.79e-07   4.05220134e+09  3.49416526e+09  2.01e+03      14s
  28   2.09e-07 8.48e-08   3.71925046e+09  3.52084150e+09  7.15e+02      14s
  29   2.09e-07 2.89e-08   3.61871702e+09  3.52976594e+09  3.20e+02      15s
  30   8.94e-08 8.15e-09   3.56777760e+09  3.53474775e+09  1.19e+02      15s
  31   1.19e-07 2.10e-09   3.54906547e+09  3.53645704e+09  4.54e+01      15s
  32   1.19e-07 4.66e-10   3.53959904e+09  3.53691124e+09  9.68e+00      16s
  33   1.19e-07 2.33e-10   3.53723934e+09  3.53704597e+09  6.96e-01      16s
  34   5.96e-08 2.33e-10   3.53711397e+09  3.53708479e+09  1.05e-01      17s
  35   8.94e-08 2.33e-10   3.53709625e+09  3.53709035e+09  2.12e-02      17s
  36   8.94e-08 2.33e-10   3.53709177e+09  3.53709070e+09  3.86e-03      17s
  37   1.19e-07 2.33e-10   3.53709143e+09  3.53709075e+09  2.46e-03      17s
  38   1.49e-07 4.66e-10   3.53709140e+09  3.53709075e+09  2.35e-03      18s
  39   1.49e-07 2.33e-10   3.53709089e+09  3.53709078e+09  3.87e-04      18s
  40   4.47e-07 2.33e-10   3.53709080e+09  3.53709078e+09  5.05e-05      18s
  41*  5.66e-07 2.33e-10   3.53709079e+09  3.53709079e+09  3.60e-06      19s
Summary
    Runtime:                                            18.68s
    Status interior point solve:                        optimal
    Status crossover:                                   not run
    objective value:                                    3.53709079e+09
    interior solution primal residual (abs/rel):        5.36e-07 / 4.83e-15
    interior solution dual residual (abs/rel):          2.33e-10 / 1.78e-16
    interior solution objective gap (abs/rel):          9.91e-01 / 2.80e-10
Ipx: IPM       optimal
Model   status      : Optimal
IPM       iterations: 41
Objective value     :  3.5370907860e+09
HiGHS run time      :         22.53
Presolving model
167315 rows, 481601 cols, 1105682 nonzeros
126069 rows, 299927 cols, 744138 nonzeros
123710 rows, 166231 cols, 476340 nonzeros
120809 rows, 161565 cols, 466905 nonzeros
Presolve : Reductions: rows 120809(-3329771); columns 161565(-2142020); elements 466905(-10024248)
Solving the presolved LP
IPX model has 120809 rows, 161565 columns and 466905 nonzeros
Input
    Number of variables:                                161565
    Number of free variables:                           0
    Number of constraints:                              120809
    Number of equality constraints:                     18921
    Number of matrix entries:                           466905
    Matrix range:                                       [1e-02, 1e+00]
    RHS range:                                          [2e+05, 1e+08]
    Objective range:                                    [2e-04, 1e+06]
    Bounds range:                                       [1e+05, 1e+08]
Preprocessing
    Dualized model:                                     no
    Number of dense columns:                            0
    Range of scaling factors:                           [1.00e+00, 2.00e+00]
IPX version 1.0
Interior Point Solve
 Iter     P.res    D.res            P.obj           D.obj        mu     Time
   0   2.50e+07 1.49e+05   5.71440104e+13 -5.87099751e+16  4.28e+12       0s
   1   7.95e+06 1.16e+05   5.71720784e+16 -4.99029363e+16  3.08e+12       0s
   2   3.68e+06 9.59e+04   7.88172911e+16 -4.50413618e+16  2.88e+12       0s
   3   1.49e+06 2.37e+04   6.51145503e+16 -1.26087447e+16  8.46e+11       0s
   4   5.16e+05 7.33e+03   4.15711605e+16 -5.03028287e+15  3.10e+11       1s
   5   1.50e+05 1.65e+03   1.91773504e+16 -1.52109303e+15  9.49e+10       2s
 Constructing starting basis...
   6   4.11e+04 5.01e+02   6.95162413e+15 -6.01120178e+14  3.25e+10       3s
   7   1.24e+04 1.93e+02   2.97167615e+15 -3.03493428e+14  1.34e+10       3s
   8   2.89e+03 7.91e+01   1.18254593e+15 -1.53955469e+14  5.39e+09       4s
   9   1.29e+03 4.24e+01   5.89782461e+14 -8.35724543e+13  2.72e+09       5s
  10   3.50e+02 2.22e+01   2.10567919e+14 -4.59690065e+13  1.07e+09       5s
  11   8.76e+01 1.03e+01   1.03806435e+14 -2.42526968e+13  5.37e+08       6s
  12   1.86e+01 5.13e+00   4.08319552e+13 -1.29159524e+13  2.33e+08       6s
  13   4.28e+00 2.02e+00   1.31432420e+13 -5.26975878e+12  8.17e+07       7s
  14   6.56e-02 3.38e-01   3.45691104e+12 -1.06743172e+12  1.89e+07       7s
  15   2.26e-02 1.18e-01   1.42187466e+12 -3.84099041e+11  7.38e+06       8s
  16   9.58e-03 2.38e-02   7.01967790e+11 -8.27778971e+10  2.99e+06       8s
  17   3.86e-03 5.56e-03   3.32556557e+11 -2.01630695e+10  1.30e+06       9s
  18   1.66e-03 1.65e-03   1.79087815e+11 -6.03581084e+09  6.74e+05       9s
  19   1.09e-03 6.74e-04   1.21720443e+11 -8.21589260e+08  4.44e+05      10s
  20   5.72e-04 4.37e-04   7.29719909e+10  2.85111069e+08  2.63e+05      10s
  21   3.87e-04 2.45e-04   5.32837929e+10  1.43002496e+09  1.87e+05      10s
  22   2.00e-05 5.38e-05   2.73347509e+10  1.95005593e+09  9.15e+04      11s
  23   6.35e-06 2.48e-05   1.60091912e+10  2.55172445e+09  4.85e+04      11s
  24   1.67e-06 4.70e-06   8.48591412e+09  3.22123995e+09  1.90e+04      12s
  25   4.32e-07 1.89e-06   5.01355971e+09  3.39539459e+09  5.83e+03      12s
  26   2.98e-07 6.88e-07   4.14518797e+09  3.47849728e+09  2.40e+03      13s
  27   1.49e-07 2.54e-07   3.84706746e+09  3.51227115e+09  1.21e+03      13s
  28   1.79e-07 6.01e-08   3.64303434e+09  3.52866485e+09  4.12e+02      14s
  29   2.38e-07 1.37e-08   3.57365980e+09  3.53381741e+09  1.44e+02      14s
  30   1.79e-07 3.49e-09   3.54913674e+09  3.53585659e+09  4.78e+01      14s
  31   8.94e-08 8.15e-10   3.54081814e+09  3.53647577e+09  1.56e+01      15s
  32   1.19e-07 2.33e-10   3.53711551e+09  3.53673508e+09  1.37e+00      15s
  33   1.49e-07 2.33e-10   3.53682295e+09  3.53677507e+09  1.72e-01      16s
  34   5.96e-08 2.33e-10   3.53679911e+09  3.53678050e+09  6.70e-02      16s
  35   1.19e-07 2.33e-10   3.53679006e+09  3.53678208e+09  2.87e-02      16s
  36   2.38e-07 4.66e-10   3.53678398e+09  3.53678216e+09  6.52e-03      16s
  37   1.19e-07 2.33e-10   3.53678255e+09  3.53678219e+09  1.30e-03      17s
  38   2.38e-07 2.33e-10   3.53678221e+09  3.53678219e+09  7.07e-05      17s
  39*  4.77e-07 2.33e-10   3.53678220e+09  3.53678219e+09  1.07e-05      17s
Summary
    Runtime:                                            17.37s
    Status interior point solve:                        optimal
    Status crossover:                                   not run
    objective value:                                    3.53678220e+09
    interior solution primal residual (abs/rel):        4.77e-07 / 4.29e-15
    interior solution dual residual (abs/rel):          2.33e-10 / 1.78e-16
    interior solution objective gap (abs/rel):          2.96e+00 / 8.36e-10
Ipx: IPM       optimal
Model   status      : Optimal
IPM       iterations: 39
Objective value     :  3.5367821970e+09
HiGHS run time      :         21.27
[ Info: Rolling step not specified in scenaio.yaml file; Setting it to 10 years
[ Info: Demand-pathway mapping not specified in scenaio.yaml file; SERA will not look for eligible pathways for different demand types.
[ Info: Production capacity constraints from the grid model not defined. SERA will not create these constraints
[ Info: Regional technology limits not specified in scenaio.yaml file; SERA will not create these constraints
STARTING DATA PRE-PROCESSING 
Processing Temporal Data
Processing Nodes
Processing Demand
Processing Existings
Processing Links
Processing Pathways
Creating Infrastructure options
 22.883273 seconds (131.77 M allocations: 15.387 GiB, 34.62% gc time, 0.38% compilation time)

OPTIMIZING FROM 2026 TO 2035 

STARTING OPTIMIZATION MODEL CREATION
CREATING VARIABLES AND EXPRESSIONS
168.997235 seconds (355.01 M allocations: 22.181 GiB, 85.67% gc time, 4.64% compilation time)
POPULATING EXPRESSIONS
 62.016592 seconds (272.18 M allocations: 42.473 GiB, 13.08% gc time, 0.32% compilation time)
CREATING CONSTRAINTS
152.858389 seconds (221.89 M allocations: 12.673 GiB, 84.53% gc time, 1.23% compilation time)
POPULATED CORE OPTIMIZATION MODEL, STARTING ITERATIONS
READING COST DATA FOR ITERATION 1
 96.994086 seconds (160.78 M allocations: 15.517 GiB, 63.19% gc time, 0.39% compilation time)
CREATING EXPRESSIONS FOR CAPITAL AND FIXED COST
202.349219 seconds (163.63 M allocations: 10.347 GiB, 93.81% gc time, 0.74% compilation time)
BUILDING OBJECTIVE FUNCTION
 23.192648 seconds (57.13 M allocations: 1.794 GiB, 72.60% gc time, 3.42% compilation time)
Optimizing for iteration 1
317.143200 seconds (74.74 M allocations: 6.891 GiB, 44.33% gc time, 0.01% compilation time)
OPTIMAL
6.171057197790294e9
 =  1.0
READING COST DATA FOR ITERATION 2
786.293436 seconds (131.57 M allocations: 14.887 GiB, 24.18% gc time, 0.00% compilation time)
CREATING EXPRESSIONS FOR CAPITAL AND FIXED COST
243.973382 seconds (162.07 M allocations: 10.240 GiB, 95.47% gc time, 0.00% compilation time)
BUILDING OBJECTIVE FUNCTION
 23.517081 seconds (56.47 M allocations: 1.807 GiB, 75.64% gc time)
Optimizing for iteration 2
158.855956 seconds (5 allocations: 32 bytes)
OPTIMAL
4.793062049456663e9
 =  0.2874978738264508
READING COST DATA FOR ITERATION 3
788.107678 seconds (131.44 M allocations: 14.900 GiB, 24.45% gc time)
CREATING EXPRESSIONS FOR CAPITAL AND FIXED COST
266.461998 seconds (162.07 M allocations: 10.240 GiB, 95.74% gc time)
BUILDING OBJECTIVE FUNCTION
 23.612810 seconds (56.47 M allocations: 1.807 GiB, 75.90% gc time)
Optimizing for iteration 3
144.865046 seconds (2 allocations: 32 bytes)
OPTIMAL
4.2048651505133123e9
 =  0.13988484241126725
READING COST DATA FOR ITERATION 4
791.482699 seconds (131.43 M allocations: 14.940 GiB, 24.88% gc time)
CREATING EXPRESSIONS FOR CAPITAL AND FIXED COST
280.457924 seconds (162.07 M allocations: 10.240 GiB, 96.03% gc time)
BUILDING OBJECTIVE FUNCTION
 24.050458 seconds (56.47 M allocations: 1.807 GiB, 76.01% gc time)
Optimizing for iteration 4
143.753886 seconds (2 allocations: 32 bytes)
OPTIMAL
4.183679958137714e9
 =  0.005063769836079222
READING COST DATA FOR ITERATION 5
794.399001 seconds (131.43 M allocations: 14.828 GiB, 25.03% gc time)
CREATING EXPRESSIONS FOR CAPITAL AND FIXED COST
274.879695 seconds (162.07 M allocations: 10.240 GiB, 95.83% gc time)
BUILDING OBJECTIVE FUNCTION
 24.122390 seconds (56.47 M allocations: 1.807 GiB, 76.23% gc time)
Optimizing for iteration 5
143.307616 seconds (2 allocations: 32 bytes)
OPTIMAL
4.178276498828801e9
 =  0.0012932268388966752
READING COST DATA FOR ITERATION 6
797.987240 seconds (131.43 M allocations: 14.924 GiB, 25.26% gc time)
CREATING EXPRESSIONS FOR CAPITAL AND FIXED COST
287.508737 seconds (162.07 M allocations: 10.240 GiB, 96.08% gc time)
BUILDING OBJECTIVE FUNCTION
 24.669614 seconds (56.47 M allocations: 1.807 GiB, 76.35% gc time)
Optimizing for iteration 6
140.305824 seconds (2 allocations: 32 bytes)
OPTIMAL
4.1782764992905827e9
 =  1.1032971245849482e-10
ITERATIONS COMPLETED
WRITING RESULTS TO FILE
 31.289449 seconds (32.74 M allocations: 1.337 GiB, 88.41% gc time, 2.25% compilation time)

OPTIMIZING FROM 2036 TO 2040 

STARTING OPTIMIZATION MODEL CREATION
CREATING VARIABLES AND EXPRESSIONS
341.083491 seconds (173.64 M allocations: 10.755 GiB, 97.01% gc time, 0.06% compilation time)
POPULATING EXPRESSIONS
 18.813540 seconds (75.59 M allocations: 11.660 GiB, 19.95% gc time)
CREATING CONSTRAINTS
135.635049 seconds (109.20 M allocations: 5.926 GiB, 91.65% gc time, 0.00% compilation time)
POPULATED CORE OPTIMIZATION MODEL, STARTING ITERATIONS
READING COST DATA FOR ITERATION 1
148.733884 seconds (64.86 M allocations: 7.390 GiB, 88.45% gc time)
CREATING EXPRESSIONS FOR CAPITAL AND FIXED COST
 59.770187 seconds (42.28 M allocations: 2.628 GiB, 95.33% gc time, 0.10% compilation time)
BUILDING OBJECTIVE FUNCTION
 14.365188 seconds (26.73 M allocations: 862.058 MiB, 83.49% gc time)
Optimizing for iteration 1
154.639930 seconds (38.71 M allocations: 3.387 GiB, 76.87% gc time)
OPTIMAL
3.91691534605533e13
 =  1.0
READING COST DATA FOR ITERATION 2
272.465783 seconds (65.09 M allocations: 7.621 GiB, 48.22% gc time)
CREATING EXPRESSIONS FOR CAPITAL AND FIXED COST
 64.059306 seconds (42.28 M allocations: 2.626 GiB, 95.57% gc time)
BUILDING OBJECTIVE FUNCTION
 14.889672 seconds (26.73 M allocations: 892.666 MiB, 83.62% gc time)
Optimizing for iteration 2
 22.110259 seconds (5 allocations: 32 bytes)
OPTIMAL
3.637323113046268e9
 =  10767.675820979195
READING COST DATA FOR ITERATION 3
284.427430 seconds (65.07 M allocations: 7.397 GiB, 50.76% gc time)
CREATING EXPRESSIONS FOR CAPITAL AND FIXED COST
 65.067895 seconds (42.28 M allocations: 2.626 GiB, 95.35% gc time)
BUILDING OBJECTIVE FUNCTION
 15.029600 seconds (26.73 M allocations: 892.666 MiB, 83.79% gc time)
Optimizing for iteration 3
 20.939203 seconds (2 allocations: 32 bytes)
OPTIMAL
3.5476238889119964e9
 =  0.025284310553548156
READING COST DATA FOR ITERATION 4
285.542211 seconds (65.07 M allocations: 7.397 GiB, 50.87% gc time)
CREATING EXPRESSIONS FOR CAPITAL AND FIXED COST
 65.316727 seconds (42.28 M allocations: 2.626 GiB, 95.40% gc time)
BUILDING OBJECTIVE FUNCTION
 15.170986 seconds (26.73 M allocations: 892.666 MiB, 83.54% gc time)
Optimizing for iteration 4
 22.556550 seconds (2 allocations: 32 bytes)
OPTIMAL
3.5370907859731197e9
 =  0.002977900081219716
READING COST DATA FOR ITERATION 5
286.429896 seconds (65.07 M allocations: 7.444 GiB, 50.95% gc time)
CREATING EXPRESSIONS FOR CAPITAL AND FIXED COST
 65.781193 seconds (42.28 M allocations: 2.626 GiB, 95.35% gc time)
BUILDING OBJECTIVE FUNCTION
 15.360215 seconds (26.73 M allocations: 892.666 MiB, 83.38% gc time)
Optimizing for iteration 5
 21.298864 seconds (2 allocations: 32 bytes)
OPTIMAL
3.5367821970300713e9
 =  8.725132784119649e-5
ITERATIONS COMPLETED
WRITING RESULTS TO FILE
 29.000605 seconds (24.97 M allocations: 1.068 GiB, 89.18% gc time, 44.50% compilation time)

THE OPTIMIZATION PROBLEM TOOK 163.33 MINUTES TO SOLVE. 
