Running HiGHS 1.6.0: Copyright (c) 2023 HiGHS under MIT licence terms
Presolving model
561613 rows, 1354911 cols, 3325517 nonzeros
426321 rows, 885373 cols, 2386792 nonzeros
420988 rows, 498091 cols, 1610220 nonzeros
414824 rows, 491464 cols, 1596945 nonzeros
Presolve : Reductions: rows 414824(-6414893); columns 491464(-4118334); elements 1596945(-21938706)
Solving the presolved LP
IPX model has 414824 rows, 491464 columns and 1596945 nonzeros
Input
    Number of variables:                                491464
    Number of free variables:                           0
    Number of constraints:                              414824
    Number of equality constraints:                     37143
    Number of matrix entries:                           1596945
    Matrix range:                                       [1e-02, 1e+00]
    RHS range:                                          [2e+05, 6e+07]
    Objective range:                                    [3e-04, 3e+02]
    Bounds range:                                       [7e+05, 1e+08]
Preprocessing
    Dualized model:                                     no
    Number of dense columns:                            0
    Range of scaling factors:                           [1.00e+00, 2.00e+00]
IPX version 1.0
Interior Point Solve
 Iter     P.res    D.res            P.obj           D.obj        mu     Time
   0   1.19e+07 5.45e+01   4.44245129e+09 -6.30321331e+13  7.27e+08       0s
   1   4.13e+06 4.20e+01   7.93344517e+12 -5.08287524e+13  5.88e+08       1s
   2   1.91e+06 3.31e+01   1.36007666e+13 -4.36867790e+13  6.12e+08       2s
   3   7.99e+05 1.22e+01   1.33081368e+13 -1.73374000e+13  2.37e+08       3s
   4   3.33e+05 6.81e+00   1.27761628e+13 -1.10189398e+13  1.47e+08       4s
   5   1.35e+05 1.74e+00   1.03073850e+13 -3.28781398e+12  4.51e+07       8s
 Constructing starting basis...
   6   9.04e+03 4.42e-01   4.42445557e+12 -8.50825033e+11  1.18e+07      16s
   7   7.44e+03 2.56e-01   4.21615238e+12 -6.32667561e+11  8.82e+06      21s
   8   4.35e+03 1.17e-01   3.02832562e+12 -3.32749997e+11  5.04e+06      26s
   9   2.46e+03 7.12e-02   1.94238356e+12 -2.11442658e+11  2.99e+06      31s
  10   1.16e+03 1.55e-02   1.06451681e+12 -5.50178626e+10  1.33e+06      35s
  11   3.77e+02 4.66e-03   4.08764111e+11 -1.88972722e+10  4.87e+05      39s
  12   1.64e+02 7.85e-04   2.21030656e+11 -5.70979195e+09  2.53e+05      43s
  13   7.62e+01 1.40e-04   1.65690831e+11 -4.87680648e+09  1.89e+05      46s
  14   1.89e+01 1.77e-05   8.74437018e+10 -1.51976507e+09  9.87e+04      50s
  15   9.07e+00 1.11e-05   5.45273915e+10 -2.98812964e+07  6.05e+04      54s
  16   4.99e+00 6.38e-06   4.21807138e+10  1.01661860e+09  4.56e+04      59s
  17   3.00e+00 3.69e-06   3.39794482e+10  1.71573086e+09  3.58e+04      64s
  18   1.81e+00 2.47e-06   2.36758858e+10  2.40888155e+09  2.36e+04      69s
  19   1.39e+00 1.31e-06   2.10946610e+10  2.85992235e+09  2.02e+04      76s
  20   1.20e+00 1.18e-06   1.98073426e+10  2.91213205e+09  1.87e+04      82s
  21   7.00e-01 6.81e-07   1.71201385e+10  3.05369090e+09  1.56e+04      87s
  22   5.29e-01 2.89e-07   1.59102078e+10  3.22633442e+09  1.41e+04      92s
  23   4.80e-01 1.98e-07   1.51463044e+10  3.38757142e+09  1.30e+04      98s
  24   3.63e-01 8.50e-08   1.35155791e+10  3.54502660e+09  1.11e+04     104s
  25   1.97e-01 1.65e-08   1.18264835e+10  3.54715668e+09  9.18e+03     109s
  26   1.65e-01 8.00e-09   1.08697677e+10  3.72264169e+09  7.92e+03     114s
  27   1.12e-01 2.78e-09   9.83630563e+09  3.72856801e+09  6.77e+03     119s
  28   4.02e-02 9.37e-10   7.15831248e+09  3.83918861e+09  3.68e+03     124s
  29   3.17e-02 4.88e-10   6.67905728e+09  3.89234298e+09  3.09e+03     130s
  30   2.13e-02 2.85e-10   5.94252106e+09  3.93031276e+09  2.23e+03     134s
  31   1.60e-02 1.11e-10   5.64243313e+09  3.95139501e+09  1.87e+03     140s
  32   1.04e-02 8.13e-11   5.14697232e+09  3.96419565e+09  1.31e+03     144s
  33   4.28e-03 5.22e-11   4.86154847e+09  3.96685474e+09  9.92e+02     148s
  34   3.05e-03 3.85e-11   4.65616538e+09  3.97655745e+09  7.53e+02     152s
  35   2.74e-03 1.80e-11   4.63045626e+09  3.98276207e+09  7.18e+02     156s
  36   2.25e-03 1.22e-11   4.59130648e+09  3.98458986e+09  6.73e+02     160s
  37   1.20e-03 5.34e-12   4.36069800e+09  3.99731972e+09  4.03e+02     163s
  38   8.51e-04 3.24e-12   4.28870644e+09  4.00085684e+09  3.19e+02     167s
  39   4.39e-04 1.88e-12   4.17351859e+09  4.00472216e+09  1.87e+02     170s
  40   2.23e-04 1.08e-12   4.11696564e+09  4.00687469e+09  1.22e+02     173s
  41   2.74e-05 4.26e-13   4.06095777e+09  4.00880811e+09  5.78e+01     176s
  42   4.98e-06 2.27e-13   4.02850157e+09  4.01042705e+09  2.00e+01     180s
  43   2.86e-06 8.53e-14   4.02384798e+09  4.01143650e+09  1.38e+01     183s
  44   8.94e-07 1.14e-13   4.01931539e+09  4.01173774e+09  8.40e+00     186s
  45   4.47e-07 5.68e-14   4.01579875e+09  4.01195687e+09  4.26e+00     189s
  46   1.49e-07 5.68e-14   4.01359685e+09  4.01198735e+09  1.78e+00     191s
  47   4.28e-08 1.14e-13   4.01262510e+09  4.01204240e+09  6.46e-01     194s
  48   4.99e-08 8.53e-14   4.01227026e+09  4.01206440e+09  2.28e-01     197s
  49   4.51e-08 1.14e-13   4.01217906e+09  4.01206943e+09  1.22e-01     199s
  50   6.02e-08 5.68e-14   4.01216594e+09  4.01206917e+09  1.07e-01     202s
  51   3.18e-08 5.68e-14   4.01208100e+09  4.01207107e+09  1.10e-02     205s
  52   4.91e-08 1.14e-13   4.01207199e+09  4.01207159e+09  4.45e-04     207s
  53   5.14e-08 5.68e-14   4.01207170e+09  4.01207165e+09  6.26e-05     210s
  54   2.98e-08 1.14e-13   4.01207167e+09  4.01207167e+09  6.52e-06     213s
  55*  5.51e-08 1.14e-13   4.01207167e+09  4.01207167e+09  5.85e-07     216s
Summary
    Runtime:                                            215.77s
    Status interior point solve:                        optimal
    Status crossover:                                   not run
    objective value:                                    4.01207167e+09
    interior solution primal residual (abs/rel):        3.73e-08 / 2.55e-16
    interior solution dual residual (abs/rel):          1.28e-10 / 4.07e-13
    interior solution objective gap (abs/rel):          5.27e-01 / 1.31e-10
Ipx: IPM       optimal
Model   status      : Optimal
IPM       iterations: 55
Objective value     :  4.0120716695e+09
HiGHS run time      :        222.89
Presolving model
561613 rows, 1354911 cols, 3325517 nonzeros
426321 rows, 885373 cols, 2386792 nonzeros
420988 rows, 498091 cols, 1610220 nonzeros
414824 rows, 491464 cols, 1596945 nonzeros
Presolve : Reductions: rows 414824(-6434933); columns 491464(-4118334); elements 1596945(-21958746)
Solving the presolved LP
IPX model has 414824 rows, 491464 columns and 1596945 nonzeros
Input
    Number of variables:                                491464
    Number of free variables:                           0
    Number of constraints:                              414824
    Number of equality constraints:                     37143
    Number of matrix entries:                           1596945
    Matrix range:                                       [1e-02, 1e+00]
    RHS range:                                          [2e+05, 6e+07]
    Objective range:                                    [3e-04, 9e+06]
    Bounds range:                                       [7e+05, 1e+08]
Preprocessing
    Dualized model:                                     no
    Number of dense columns:                            0
    Range of scaling factors:                           [1.00e+00, 2.00e+00]
IPX version 1.0
Interior Point Solve
 Iter     P.res    D.res            P.obj           D.obj        mu     Time
   0   1.20e+07 2.31e+06   1.23030098e+14 -2.67527314e+18  3.08e+13       0s
   1   4.17e+06 1.82e+06   3.58892441e+17 -2.20110539e+18  2.57e+13       1s
   2   1.95e+06 1.40e+06   6.05909317e+17 -1.86947161e+18  2.62e+13       2s
   3   8.36e+05 5.26e+05   5.92175245e+17 -7.64027199e+17  1.04e+13       3s
   4   3.22e+05 2.96e+05   5.66522995e+17 -4.90922634e+17  6.51e+12       4s
   5   1.28e+05 7.34e+04   4.51044941e+17 -1.42755285e+17  1.93e+12       8s
 Constructing starting basis...
   6   7.58e+03 2.85e+04   2.25088249e+17 -6.37286634e+16  7.41e+11      16s
   7   4.76e+03 1.21e+04   1.83241775e+17 -3.17337233e+16  4.02e+11      20s
   8   4.05e+03 6.88e+03   1.77351086e+17 -2.47725435e+16  3.18e+11      25s
   9   1.44e+03 3.26e+03   8.53965386e+16 -1.24203104e+16  1.38e+11      28s
  10   7.49e+02 1.49e+03   5.92582609e+16 -6.94703713e+15  8.49e+10      32s
  11   4.20e+02 5.11e+02   3.82632256e+16 -2.86805390e+15  4.88e+10      36s
  12   2.44e+02 1.90e+02   2.35823034e+16 -1.16373370e+15  2.84e+10      40s
  13   7.88e+01 9.20e+01   8.34761466e+15 -5.92934862e+14  1.03e+10      44s
  14   2.69e+01 3.69e+01   4.51249761e+15 -3.31849268e+14  5.56e+09      48s
  15   7.35e+00 1.60e+01   2.84348902e+15 -2.16054012e+14  3.52e+09      52s
  16   4.96e+00 9.66e+00   2.03689194e+15 -1.39238459e+14  2.49e+09      55s
  17   2.41e+00 7.42e+00   1.06895338e+15 -1.09399469e+14  1.37e+09      59s
  18   7.48e-01 2.97e+00   5.05605263e+14 -5.21426968e+13  6.47e+08      62s
  19   1.76e-01 1.44e+00   1.37265795e+14 -2.56251050e+13  1.94e+08      66s
  20   5.06e-02 6.02e-01   4.73895274e+13 -1.09058288e+13  7.00e+07      69s
  21   1.55e-02 2.24e-01   2.20532665e+13 -4.36933568e+12  3.13e+07      73s
  22   5.95e-03 8.32e-02   1.07122371e+13 -1.70191868e+12  1.45e+07      77s
  23   1.96e-03 4.90e-02   6.31261826e+12 -1.07668995e+12  8.62e+06      80s
  24   9.44e-04 1.97e-02   4.03757504e+12 -4.74560228e+11  5.16e+06      84s
  25   2.99e-04 1.24e-02   2.35097723e+12 -3.20349105e+11  3.05e+06      88s
  26   1.55e-04 7.10e-03   1.50061745e+12 -1.87579431e+11  1.92e+06      91s
  27   5.29e-05 4.12e-03   9.80068227e+11 -1.17649017e+11  1.24e+06      95s
  28   2.71e-05 1.78e-03   6.42054314e+11 -5.23676767e+10  7.77e+05      99s
  29   1.66e-05 1.17e-03   4.90789533e+11 -3.48445359e+10  5.87e+05     103s
  30   9.42e-06 7.44e-04   3.16760116e+11 -2.02357919e+10  3.75e+05     106s
  31   4.89e-06 5.91e-04   2.62971344e+11 -1.59994126e+10  3.10e+05     110s
  32   1.91e-06 2.22e-04   1.81022075e+11 -3.78203018e+09  2.05e+05     113s
  33   8.64e-07 1.46e-04   1.14962376e+11 -2.14239424e+08  1.28e+05     117s
  34   2.68e-07 6.51e-05   7.32394961e+10  3.68422866e+09  7.71e+04     120s
  35   2.09e-07 4.10e-05   5.10730916e+10  5.01404527e+09  5.11e+04     124s
  36   8.94e-08 1.28e-05   3.01939725e+10  7.54729061e+09  2.51e+04     127s
  37   3.87e-08 5.53e-06   1.91451680e+10  8.22579109e+09  1.21e+04     130s
  38   5.96e-08 1.03e-06   1.26765584e+10  8.63308357e+09  4.48e+03     133s
  39   1.34e-07 4.60e-07   1.05523313e+10  8.72774872e+09  2.02e+03     137s
  40   6.56e-08 1.83e-07   9.59227547e+09  8.80835775e+09  8.69e+02     140s
  41   7.45e-08 8.38e-08   9.19977058e+09  8.83797121e+09  4.01e+02     143s
  42   8.94e-08 3.17e-08   8.98770180e+09  8.85669380e+09  1.45e+02     146s
  43   8.94e-08 1.30e-08   8.91065637e+09  8.86322583e+09  5.26e+01     149s
  44   5.96e-08 4.66e-09   8.87913239e+09  8.86727929e+09  1.31e+01     152s
  45   1.49e-07 2.79e-09   8.86953387e+09  8.86833070e+09  1.33e+00     154s
  46   1.04e-07 3.73e-09   8.86851422e+09  8.86844109e+09  8.11e-02     157s
  47   3.65e-08 1.86e-09   8.86848210e+09  8.86845179e+09  3.36e-02     160s
  48   1.04e-07 3.73e-09   8.86845811e+09  8.86845561e+09  2.77e-03     162s
  49   8.12e-08 2.79e-09   8.86845627e+09  8.86845590e+09  4.09e-04     165s
  50   2.68e-07 1.86e-09   8.86845604e+09  8.86845601e+09  4.26e-05     168s
  51*  4.25e-07 1.86e-09   8.86845603e+09  8.86845603e+09  4.45e-06     170s
Summary
    Runtime:                                            170.37s
    Status interior point solve:                        optimal
    Status crossover:                                   not run
    objective value:                                    8.86845603e+09
    interior solution primal residual (abs/rel):        2.46e-07 / 1.68e-15
    interior solution dual residual (abs/rel):          9.31e-10 / 1.01e-16
    interior solution objective gap (abs/rel):          3.24e+00 / 3.66e-10
Ipx: IPM       optimal
Model   status      : Optimal
IPM       iterations: 51
Objective value     :  8.8684560307e+09
HiGHS run time      :        177.26
Presolving model
561613 rows, 1354911 cols, 3325517 nonzeros
426321 rows, 885373 cols, 2386792 nonzeros
420988 rows, 498091 cols, 1610220 nonzeros
414824 rows, 491464 cols, 1596945 nonzeros
Presolve : Reductions: rows 414824(-6454973); columns 491464(-4118334); elements 1596945(-21978786)
Solving the presolved LP
IPX model has 414824 rows, 491464 columns and 1596945 nonzeros
Input
    Number of variables:                                491464
    Number of free variables:                           0
    Number of constraints:                              414824
    Number of equality constraints:                     37143
    Number of matrix entries:                           1596945
    Matrix range:                                       [1e-02, 1e+00]
    RHS range:                                          [2e+05, 6e+07]
    Objective range:                                    [3e-04, 9e+06]
    Bounds range:                                       [7e+05, 1e+08]
Preprocessing
    Dualized model:                                     no
    Number of dense columns:                            0
    Range of scaling factors:                           [1.00e+00, 2.00e+00]
IPX version 1.0
Interior Point Solve
 Iter     P.res    D.res            P.obj           D.obj        mu     Time
   0   1.20e+07 2.31e+06   1.26909571e+14 -2.67470837e+18  3.08e+13       0s
   1   4.16e+06 1.82e+06   3.61181875e+17 -2.19914129e+18  2.57e+13       1s
   2   1.95e+06 1.40e+06   6.09411632e+17 -1.86777741e+18  2.62e+13       2s
   3   8.31e+05 5.26e+05   5.95784095e+17 -7.64383466e+17  1.04e+13       3s
   4   3.22e+05 2.96e+05   5.70335053e+17 -4.90822986e+17  6.50e+12       5s
   5   1.28e+05 7.59e+04   4.55810563e+17 -1.47823620e+17  1.98e+12       8s
 Constructing starting basis...
   6   7.47e+03 2.76e+04   2.29081155e+17 -6.22633144e+16  7.29e+11      16s
   7   4.79e+03 1.20e+04   1.87539619e+17 -3.16594230e+16  4.04e+11      21s
   8   4.07e+03 6.82e+03   1.81206877e+17 -2.47159065e+16  3.21e+11      25s
   9   1.46e+03 3.23e+03   8.76754971e+16 -1.24089388e+16  1.39e+11      29s
  10   7.62e+02 1.47e+03   6.06539787e+16 -6.91471354e+15  8.58e+10      33s
  11   4.25e+02 4.80e+02   3.88358567e+16 -2.74215249e+15  4.90e+10      37s
  12   2.49e+02 1.58e+02   2.41405133e+16 -1.00903550e+15  2.87e+10      41s
  13   1.56e+02 8.49e+01   1.55571927e+16 -5.60315511e+14  1.82e+10      44s
  14   8.50e+01 4.68e+01   8.69497663e+15 -3.21391002e+14  1.02e+10      48s
  15   3.80e+01 2.20e+01   4.76875865e+15 -2.03109124e+14  5.62e+09      51s
  16   1.37e+01 1.18e+01   2.37439941e+15 -1.34619706e+14  2.86e+09      55s
  17   5.35e+00 7.27e+00   1.20134916e+15 -9.08167161e+13  1.49e+09      58s
  18   1.74e+00 4.80e+00   4.87943808e+14 -6.12051714e+13  6.47e+08      61s
  19   9.23e-01 3.50e+00   2.91506463e+14 -4.49296466e+13  4.02e+08      65s
  20   4.68e-01 2.19e+00   1.70051423e+14 -2.87556394e+13  2.39e+08      69s
  21   1.15e-01 6.69e-01   7.02371114e+13 -9.90739531e+12  9.48e+07      72s
  22   3.01e-02 3.16e-01   2.79188701e+13 -4.94984758e+12  3.93e+07      76s
  23   1.89e-02 1.18e-01   2.02531277e+13 -2.03275246e+12  2.58e+07      79s
  24   8.54e-03 5.33e-02   1.00501203e+13 -9.50103174e+11  1.26e+07      83s
  25   3.02e-03 2.44e-02   5.80106068e+12 -5.08865609e+11  7.20e+06      86s
  26   1.14e-03 9.69e-03   2.82557646e+12 -2.23314551e+11  3.45e+06      89s
  27   4.13e-04 4.61e-03   1.22475205e+12 -1.08799557e+11  1.50e+06      93s
  28   1.81e-04 2.61e-03   9.12957800e+11 -7.03551903e+10  1.10e+06      96s
  29   5.63e-05 6.22e-04   4.65882376e+11 -1.94274843e+10  5.40e+05     100s
  30   2.43e-05 2.03e-04   2.64538948e+11 -4.60202767e+09  2.99e+05     104s
  31   1.20e-05 5.31e-05   1.84286600e+11  9.64313802e+08  2.03e+05     107s
  32   4.74e-06 1.79e-05   8.57468521e+10  4.55579216e+09  9.00e+04     110s
  33   1.01e-06 1.21e-05   5.95187183e+10  4.74186767e+09  6.07e+04     114s
  34   3.58e-07 2.81e-06   2.68155620e+10  6.41213032e+09  2.26e+04     117s
  35   1.49e-07 9.48e-07   1.45246905e+10  6.77275485e+09  8.59e+03     120s
  36   1.04e-07 2.73e-07   9.91909194e+09  6.91912592e+09  3.33e+03     123s
  37   5.96e-08 1.10e-07   8.24971601e+09  6.97153621e+09  1.42e+03     126s
  38   1.34e-07 4.10e-08   7.54977983e+09  7.00556319e+09  6.03e+02     129s
  39   7.45e-08 1.58e-08   7.25629778e+09  7.01919252e+09  2.63e+02     132s
  40   8.94e-08 7.45e-09   7.12552802e+09  7.02527524e+09  1.11e+02     135s
  41   1.64e-07 3.73e-09   7.06035617e+09  7.02765397e+09  3.63e+01     138s
  42   1.04e-07 3.73e-09   7.03211003e+09  7.02910436e+09  3.33e+00     140s
  43   1.34e-07 2.79e-09   7.02955717e+09  7.02925891e+09  3.31e-01     143s
  44   1.04e-07 2.79e-09   7.02933868e+09  7.02931521e+09  2.60e-02     145s
  45   1.34e-07 2.79e-09   7.02932125e+09  7.02931901e+09  2.48e-03     148s
  46   1.65e-07 2.79e-09   7.02931951e+09  7.02931930e+09  2.33e-04     150s
  47   6.78e-07 1.86e-09   7.02931942e+09  7.02931940e+09  1.98e-05     153s
  48*  7.75e-07 1.86e-09   7.02931940e+09  7.02931940e+09  3.16e-06     156s
Summary
    Runtime:                                            155.55s
    Status interior point solve:                        optimal
    Status crossover:                                   not run
    objective value:                                    7.02931940e+09
    interior solution primal residual (abs/rel):        6.48e-07 / 4.44e-15
    interior solution dual residual (abs/rel):          9.31e-10 / 1.01e-16
    interior solution objective gap (abs/rel):          2.20e+00 / 3.12e-10
Ipx: IPM       optimal
Model   status      : Optimal
IPM       iterations: 48
Objective value     :  7.0293194036e+09
HiGHS run time      :        162.58
Presolving model
561613 rows, 1354911 cols, 3325517 nonzeros
426321 rows, 885373 cols, 2386792 nonzeros
420988 rows, 498091 cols, 1610220 nonzeros
414824 rows, 491464 cols, 1596945 nonzeros
Presolve : Reductions: rows 414824(-6475013); columns 491464(-4118334); elements 1596945(-21998826)
Solving the presolved LP
IPX model has 414824 rows, 491464 columns and 1596945 nonzeros
Input
    Number of variables:                                491464
    Number of free variables:                           0
    Number of constraints:                              414824
    Number of equality constraints:                     37143
    Number of matrix entries:                           1596945
    Matrix range:                                       [1e-02, 1e+00]
    RHS range:                                          [2e+05, 6e+07]
    Objective range:                                    [3e-04, 9e+06]
    Bounds range:                                       [7e+05, 1e+08]
Preprocessing
    Dualized model:                                     no
    Number of dense columns:                            0
    Range of scaling factors:                           [1.00e+00, 2.00e+00]
IPX version 1.0
Interior Point Solve
 Iter     P.res    D.res            P.obj           D.obj        mu     Time
   0   1.20e+07 2.31e+06   1.27091999e+14 -2.67468332e+18  3.08e+13       0s
   1   4.16e+06 1.82e+06   3.61207524e+17 -2.19911324e+18  2.57e+13       1s
   2   1.95e+06 1.40e+06   6.09476742e+17 -1.86779698e+18  2.62e+13       2s
   3   8.31e+05 5.26e+05   5.95846227e+17 -7.64353383e+17  1.04e+13       3s
   4   3.22e+05 2.96e+05   5.70448650e+17 -4.90890196e+17  6.50e+12       5s
   5   1.27e+05 7.56e+04   4.55369333e+17 -1.47338867e+17  1.97e+12       8s
 Constructing starting basis...
   6   7.42e+03 2.75e+04   2.28778352e+17 -6.21428972e+16  7.28e+11      16s
   7   4.76e+03 1.20e+04   1.87471539e+17 -3.16308846e+16  4.04e+11      20s
   8   4.03e+03 6.81e+03   1.80957723e+17 -2.46961769e+16  3.20e+11      24s
   9   1.45e+03 3.22e+03   8.77138380e+16 -1.23874331e+16  1.39e+11      28s
  10   7.62e+02 1.46e+03   6.07504344e+16 -6.87726002e+15  8.59e+10      32s
  11   4.27e+02 4.79e+02   3.89691796e+16 -2.72355981e+15  4.91e+10      36s
  12   2.51e+02 1.59e+02   2.42867837e+16 -1.00510684e+15  2.88e+10      40s
  13   1.55e+02 8.47e+01   1.53511831e+16 -5.56024427e+14  1.80e+10      44s
  14   8.28e+01 4.38e+01   8.47006313e+15 -3.00911988e+14  9.89e+09      47s
  15   3.82e+01 2.26e+01   4.72669233e+15 -2.01309428e+14  5.57e+09      51s
  16   1.32e+01 1.31e+01   2.28197551e+15 -1.38923603e+14  2.76e+09      54s
  17   5.38e+00 8.04e+00   1.21109112e+15 -9.35805668e+13  1.51e+09      57s
  18   2.33e+00 5.49e+00   6.03412723e+14 -6.48600979e+13  7.83e+08      60s
  19   1.15e+00 3.88e+00   3.28895977e+14 -4.61318847e+13  4.46e+08      64s
  20   5.36e-01 2.37e+00   1.88039065e+14 -2.91528960e+13  2.60e+08      67s
  21   1.96e-01 7.98e-01   9.69251100e+13 -1.11065799e+13  1.27e+08      71s
  22   6.25e-02 3.96e-01   3.64273275e+13 -5.65649452e+12  5.00e+07      74s
  23   2.64e-02 1.65e-01   1.89851948e+13 -2.50027813e+12  2.52e+07      77s
  24   1.25e-02 6.07e-02   1.00875017e+13 -9.67324090e+11  1.27e+07      81s
  25   4.69e-03 2.90e-02   5.38762385e+12 -5.14055683e+11  6.77e+06      84s
  26   8.68e-04 1.02e-02   2.04886262e+12 -2.10318038e+11  2.57e+06      87s
  27   2.49e-04 3.36e-03   7.11998008e+11 -6.90102502e+10  8.80e+05      90s
  28   1.16e-04 1.44e-03   5.20747682e+11 -3.38906736e+10  6.20e+05      94s
  29   3.81e-05 2.98e-04   2.65752321e+11 -5.99202617e+09  3.02e+05      98s
  30   1.88e-05 6.77e-05   1.69885661e+11  1.61166870e+09  1.87e+05     101s
  31   6.50e-06 1.88e-05   8.02043708e+10  4.53686433e+09  8.39e+04     105s
  32   1.52e-06 1.31e-05   5.73867036e+10  4.66974944e+09  5.84e+04     108s
  33   4.47e-07 3.02e-06   2.26662978e+10  6.20665274e+09  1.82e+04     111s
  34   1.49e-07 9.85e-07   1.30373056e+10  6.54531822e+09  7.20e+03     115s
  35   5.96e-08 3.27e-07   9.08258848e+09  6.68062085e+09  2.66e+03     118s
  36   5.88e-08 1.36e-07   7.83834927e+09  6.73655294e+09  1.22e+03     121s
  37   4.84e-08 6.05e-08   7.24887878e+09  6.76326191e+09  5.38e+02     125s
  38   1.49e-07 2.42e-08   6.98054119e+09  6.77900042e+09  2.23e+02     128s
  39   8.94e-08 9.31e-09   6.87264979e+09  6.78575667e+09  9.63e+01     130s
  40   8.94e-08 3.73e-09   6.81628367e+09  6.78870217e+09  3.06e+01     133s
  41   7.45e-08 2.79e-09   6.79396447e+09  6.78988753e+09  4.52e+00     136s
  42   1.04e-07 2.79e-09   6.79028421e+09  6.79004031e+09  2.70e-01     138s
  43   8.94e-08 2.79e-09   6.79010380e+09  6.79005920e+09  4.94e-02     141s
  44   2.98e-08 2.79e-09   6.79008411e+09  6.79006111e+09  2.55e-02     143s
  45   6.69e-08 1.86e-09   6.79007446e+09  6.79006144e+09  1.44e-02     145s
  46   1.34e-07 1.86e-09   6.79007383e+09  6.79006146e+09  1.37e-02     147s
  47   1.64e-07 1.86e-09   6.79007383e+09  6.79006146e+09  1.37e-02     150s
  48   2.24e-07 1.86e-09   6.79007383e+09  6.79006146e+09  1.37e-02     152s
  49   2.09e-07 1.86e-09   6.79007383e+09  6.79006146e+09  1.37e-02     154s
  50   2.09e-07 1.86e-09   6.79007383e+09  6.79006146e+09  1.37e-02     157s
Summary
    Runtime:                                            156.65s
    Status interior point solve:                        no progress
    Status crossover:                                   not run
WARNING: Ipx: Stopped
WARNING: Ipx: IPM       no progress
WARNING: No progress: primal objective value       =    6.79e+09
WARNING: No progress: max absolute primal residual =   2.235e-07
WARNING: No progress: max absolute   dual residual =   1.863e-09
WARNING: Unwelcome IPX status of Unknown: basis is not valid; solution is valid; run_crossover is "off"
Model   status      : Unknown
IPM       iterations: 50
Objective value     :  6.7900738252e+09
HiGHS run time      :        163.19
Presolving model
561613 rows, 1354911 cols, 3325517 nonzeros
426321 rows, 885373 cols, 2386792 nonzeros
420988 rows, 498091 cols, 1610220 nonzeros
414824 rows, 491464 cols, 1596945 nonzeros
Presolve : Reductions: rows 414824(-6495053); columns 491464(-4118334); elements 1596945(-22018866)
Solving the presolved LP
IPX model has 414824 rows, 491464 columns and 1596945 nonzeros
Input
    Number of variables:                                491464
    Number of free variables:                           0
    Number of constraints:                              414824
    Number of equality constraints:                     37143
    Number of matrix entries:                           1596945
    Matrix range:                                       [1e-02, 1e+00]
    RHS range:                                          [2e+05, 6e+07]
    Objective range:                                    [3e-04, 9e+06]
    Bounds range:                                       [7e+05, 1e+08]
Preprocessing
    Dualized model:                                     no
    Number of dense columns:                            0
    Range of scaling factors:                           [1.00e+00, 2.00e+00]
IPX version 1.0
Interior Point Solve
 Iter     P.res    D.res            P.obj           D.obj        mu     Time
   0   1.19e+07 2.29e+06   1.29194484e+14 -2.64815171e+18  3.05e+13       0s
   1   4.17e+06 1.80e+06   3.60842353e+17 -2.17846914e+18  2.55e+13       1s
   2   1.95e+06 1.39e+06   6.09314345e+17 -1.84950544e+18  2.60e+13       2s
   3   8.43e+05 5.21e+05   5.95565599e+17 -7.56390457e+17  1.03e+13       3s
   4   3.23e+05 2.93e+05   5.69495476e+17 -4.85613198e+17  6.44e+12       5s
   5   1.28e+05 7.41e+04   4.54283516e+17 -1.44222333e+17  1.94e+12       8s
 Constructing starting basis...
   6   7.75e+03 2.71e+04   2.27789772e+17 -6.11677737e+16  7.17e+11      16s
   7   5.03e+03 1.18e+04   1.87931831e+17 -3.14263591e+16  4.02e+11      21s
   8   4.09e+03 6.70e+03   1.79905759e+17 -2.44546805e+16  3.17e+11      25s
   9   1.54e+03 3.17e+03   8.86910931e+16 -1.22066716e+16  1.40e+11      29s
  10   8.19e+02 1.41e+03   6.14538504e+16 -6.66980956e+15  8.60e+10      33s
  11   4.70e+02 3.85e+02   3.95751957e+16 -2.26744010e+15  4.87e+10      37s
  12   2.34e+02 1.22e+02   2.18174453e+16 -8.65916152e+14  2.57e+10      41s
  13   7.94e+01 5.41e+01   8.83219786e+15 -4.37467382e+14  1.05e+10      44s
  14   2.25e+01 2.06e+01   3.49053789e+15 -1.95328988e+14  4.19e+09      48s
  15   1.17e+01 7.51e+00   2.41623173e+15 -9.16193294e+13  2.83e+09      51s
  16   6.49e+00 4.17e+00   1.55674471e+15 -3.71682260e+13  1.80e+09      55s
  17   3.39e+00 2.43e+00   9.64867090e+14  3.26220237e+12  1.09e+09      60s
  18   1.65e+00 1.09e+00   6.15487681e+14  3.40054129e+13  6.57e+08      65s
  19   9.77e-01 5.80e-01   4.09064622e+14  4.98367851e+13  4.05e+08      70s
  20   5.88e-01 2.77e-01   2.85825078e+14  5.92937776e+13  2.55e+08      75s
  21   2.63e-01 1.06e-01   1.78346888e+14  6.49190065e+13  1.27e+08      79s
  22   1.68e-01 5.06e-02   1.40454530e+14  6.73511722e+13  8.17e+07      84s
  23   5.75e-02 2.04e-02   9.52932628e+13  6.87122615e+13  2.97e+07      88s
  24   2.34e-02 1.09e-02   8.12747869e+13  6.91323776e+13  1.36e+07      93s
  25   1.10e-02 1.47e-03   7.65393737e+13  6.95120403e+13  7.81e+06      97s
  26   1.72e-03 8.88e-05   7.15479133e+13  6.96559276e+13  2.10e+06     101s
  27   1.82e-04 1.91e-05   7.00525780e+13  6.96944014e+13  3.97e+05     105s
  28   6.65e-05 7.63e-06   6.98819649e+13  6.97032927e+13  1.98e+05     109s
  29   3.47e-05 2.92e-06   6.98080390e+13  6.97085780e+13  1.10e+05     113s
  30   1.59e-05 1.22e-06   6.97594869e+13  6.97106408e+13  5.41e+04     117s
  31   1.10e-05 7.50e-07   6.97490147e+13  6.97110674e+13  4.21e+04     121s
  32   5.75e-06 4.41e-07   6.97350708e+13  6.97114550e+13  2.62e+04     125s
  33   2.38e-06 2.48e-07   6.97246955e+13  6.97117517e+13  1.43e+04     128s
  34   9.83e-07 1.45e-07   6.97190868e+13  6.97119527e+13  7.91e+03     132s
  35   2.98e-07 6.52e-08   6.97153687e+13  6.97121414e+13  3.58e+03     135s
  36   8.94e-08 3.17e-08   6.97141267e+13  6.97122263e+13  2.11e+03     139s
  37   1.04e-07 1.58e-08   6.97130524e+13  6.97122926e+13  8.42e+02     143s
  38   1.04e-07 8.38e-09   6.97127565e+13  6.97123287e+13  4.74e+02     147s
  39   1.04e-07 5.59e-09   6.97125142e+13  6.97123448e+13  1.88e+02     150s
  40   7.45e-08 3.73e-09   6.97124317e+13  6.97123523e+13  8.81e+01     153s
  41   1.49e-07 2.79e-09   6.97123831e+13  6.97123567e+13  2.93e+01     157s
  42   7.45e-08 3.73e-09   6.97123676e+13  6.97123607e+13  7.61e+00     160s
  43   5.42e-08 3.73e-09   6.97123622e+13  6.97123617e+13  6.05e-01     163s
  44   7.45e-08 2.79e-09   6.97123619e+13  6.97123619e+13  9.08e-02     166s
  45*  1.64e-07 3.73e-09   6.97123619e+13  6.97123619e+13  7.54e-03     169s
Summary
    Runtime:                                            168.60s
    Status interior point solve:                        optimal
    Status crossover:                                   not run
    objective value:                                    6.97123619e+13
    interior solution primal residual (abs/rel):        9.69e-08 / 6.63e-16
    interior solution dual residual (abs/rel):          3.73e-09 / 4.05e-16
    interior solution objective gap (abs/rel):          6.80e+03 / 9.76e-11
Ipx: IPM       optimal
Model   status      : Optimal
IPM       iterations: 45
Objective value     :  6.9712360597e+13
HiGHS run time      :        175.37
Presolving model
561613 rows, 1354911 cols, 3325517 nonzeros
426321 rows, 885373 cols, 2386792 nonzeros
420988 rows, 498091 cols, 1610220 nonzeros
414824 rows, 491464 cols, 1596945 nonzeros
Presolve : Reductions: rows 414824(-6515093); columns 491464(-4118334); elements 1596945(-22038906)
Solving the presolved LP
IPX model has 414824 rows, 491464 columns and 1596945 nonzeros
Input
    Number of variables:                                491464
    Number of free variables:                           0
    Number of constraints:                              414824
    Number of equality constraints:                     37143
    Number of matrix entries:                           1596945
    Matrix range:                                       [1e-02, 1e+00]
    RHS range:                                          [2e+05, 6e+07]
    Objective range:                                    [3e-04, 9e+06]
    Bounds range:                                       [7e+05, 1e+08]
Preprocessing
    Dualized model:                                     no
    Number of dense columns:                            0
    Range of scaling factors:                           [1.00e+00, 2.00e+00]
IPX version 1.0
Interior Point Solve
 Iter     P.res    D.res            P.obj           D.obj        mu     Time
   0   1.20e+07 2.30e+06   1.24745008e+14 -2.65922916e+18  3.07e+13       0s
   1   4.17e+06 1.81e+06   3.59795269e+17 -2.18778464e+18  2.56e+13       1s
   2   1.96e+06 1.40e+06   6.07525358e+17 -1.85878346e+18  2.61e+13       2s
   3   8.40e+05 5.23e+05   5.93749960e+17 -7.59435743e+17  1.04e+13       3s
   4   3.22e+05 2.94e+05   5.67507734e+17 -4.87221046e+17  6.46e+12       5s
   5   1.28e+05 7.43e+04   4.52720004e+17 -1.44496935e+17  1.94e+12       8s
 Constructing starting basis...
   6   7.74e+03 2.72e+04   2.27319503e+17 -6.13887515e+16  7.20e+11      16s
   7   5.00e+03 1.19e+04   1.87215131e+17 -3.14395010e+16  4.02e+11      21s
   8   4.03e+03 6.71e+03   1.78861404e+17 -2.44899643e+16  3.17e+11      25s
   9   1.52e+03 3.16e+03   8.86223852e+16 -1.21566817e+16  1.40e+11      29s
  10   8.13e+02 1.40e+03   6.14362316e+16 -6.63868810e+15  8.60e+10      33s
  11   4.66e+02 3.86e+02   3.93557114e+16 -2.26057417e+15  4.85e+10      38s
  12   2.31e+02 1.16e+02   2.15511667e+16 -8.34290242e+14  2.54e+10      42s
  13   1.05e+02 6.30e+01   1.02959232e+16 -4.69396325e+14  1.22e+10      45s
  14   1.58e+01 1.89e+01   2.98354479e+15 -2.06464850e+14  3.63e+09      49s
  15   6.29e+00 9.04e+00   1.41962410e+15 -1.08189652e+14  1.74e+09      52s
  16   2.72e+00 3.66e+00   6.74977397e+14 -4.60298730e+13  8.20e+08      56s
  17   9.13e-01 1.85e+00   2.45676932e+14 -2.38352635e+13  3.09e+08      59s
  18   2.34e-01 8.81e-01   8.20928796e+13 -1.18421660e+13  1.09e+08      63s
  19   7.78e-02 5.69e-01   3.66758158e+13 -7.80117711e+12  5.28e+07      67s
  20   3.38e-02 2.20e-01   2.01809943e+13 -3.21263253e+12  2.73e+07      71s
  21   4.86e-03 6.73e-02   4.83479841e+12 -1.04431030e+12  6.92e+06      75s
  22   1.19e-03 1.06e-02   3.12792674e+12 -2.51902753e+11  3.81e+06      78s
  23   6.50e-04 3.64e-03   1.93441324e+12 -9.60254614e+10  2.27e+06      82s
  24   3.08e-04 1.25e-03   1.13978843e+12 -4.09241866e+10  1.31e+06      86s
  25   1.43e-04 2.87e-04   7.37894886e+11 -1.80579071e+10  8.39e+05      90s
  26   4.65e-05 6.99e-05   4.77217956e+11 -1.17697188e+10  5.42e+05      93s
  27   1.63e-05 3.58e-05   2.57926132e+11 -6.53597313e+09  2.93e+05      97s
  28   1.05e-05 1.59e-05   1.95582307e+11 -2.28824641e+09  2.19e+05     100s
  29   5.13e-06 7.11e-06   1.46938997e+11 -7.27097591e+08  1.64e+05     104s
  30   9.54e-07 2.95e-06   4.19614208e+10  1.96198743e+09  4.43e+04     108s
  31   2.98e-07 1.20e-06   1.69783303e+10  3.37926761e+09  1.51e+04     112s
  32   1.19e-07 5.04e-07   1.01121566e+10  3.94475426e+09  6.84e+03     115s
  33   8.94e-08 2.09e-07   8.87783813e+09  4.21661006e+09  5.17e+03     119s
  34   7.45e-08 9.78e-08   6.52539689e+09  4.34179239e+09  2.42e+03     123s
  35   5.96e-08 4.47e-08   5.24810630e+09  4.40656953e+09  9.33e+02     126s
  36   1.64e-07 2.24e-08   4.75429678e+09  4.43506509e+09  3.54e+02     129s
  37   5.96e-08 1.12e-08   4.59738097e+09  4.45105164e+09  1.62e+02     132s
  38   8.94e-08 5.59e-09   4.53061649e+09  4.45919062e+09  7.92e+01     135s
  39   1.79e-07 2.79e-09   4.47956646e+09  4.46223903e+09  1.92e+01     138s
  40   2.53e-07 2.79e-09   4.46628778e+09  4.46394701e+09  2.59e+00     141s
  41   1.64e-07 2.79e-09   4.46442317e+09  4.46419715e+09  2.51e-01     143s
  42   5.07e-08 1.86e-09   4.46430925e+09  4.46422869e+09  8.93e-02     145s
  43   8.94e-08 2.79e-09   4.46424871e+09  4.46424187e+09  7.58e-03     148s
  44   8.94e-08 3.73e-09   4.46424517e+09  4.46424317e+09  2.22e-03     150s
  45   1.44e-07 3.73e-09   4.46424431e+09  4.46424369e+09  6.88e-04     152s
  46   1.49e-07 2.79e-09   4.46424393e+09  4.46424371e+09  2.48e-04     154s
  47   5.96e-07 1.86e-09   4.46424382e+09  4.46424378e+09  4.61e-05     157s
  48   4.77e-07 9.31e-10   4.46424380e+09  4.46424379e+09  7.55e-06     159s
  49*  3.58e-07 9.31e-10   4.46424379e+09  4.46424379e+09  8.60e-07     161s
Summary
    Runtime:                                            160.71s
    Status interior point solve:                        optimal
    Status crossover:                                   not run
    objective value:                                    4.46424379e+09
    interior solution primal residual (abs/rel):        4.02e-07 / 2.76e-15
    interior solution dual residual (abs/rel):          9.31e-10 / 1.01e-16
    interior solution objective gap (abs/rel):          4.88e-01 / 1.09e-10
Ipx: IPM       optimal
Model   status      : Optimal
IPM       iterations: 49
Objective value     :  4.4642437938e+09
HiGHS run time      :        167.50
Presolving model
561613 rows, 1354911 cols, 3325517 nonzeros
426321 rows, 885373 cols, 2386792 nonzeros
420988 rows, 498091 cols, 1610220 nonzeros
414824 rows, 491464 cols, 1596945 nonzeros
Presolve : Reductions: rows 414824(-6535133); columns 491464(-4118334); elements 1596945(-22058946)
Solving the presolved LP
IPX model has 414824 rows, 491464 columns and 1596945 nonzeros
Input
    Number of variables:                                491464
    Number of free variables:                           0
    Number of constraints:                              414824
    Number of equality constraints:                     37143
    Number of matrix entries:                           1596945
    Matrix range:                                       [1e-02, 1e+00]
    RHS range:                                          [2e+05, 6e+07]
    Objective range:                                    [3e-04, 9e+06]
    Bounds range:                                       [7e+05, 1e+08]
Preprocessing
    Dualized model:                                     no
    Number of dense columns:                            0
    Range of scaling factors:                           [1.00e+00, 2.00e+00]
IPX version 1.0
Interior Point Solve
 Iter     P.res    D.res            P.obj           D.obj        mu     Time
   0   1.19e+07 2.30e+06   1.26957532e+14 -2.65912888e+18  3.07e+13       0s
   1   4.17e+06 1.81e+06   3.60513237e+17 -2.18759200e+18  2.56e+13       1s
   2   1.95e+06 1.39e+06   6.08755738e+17 -1.85837848e+18  2.61e+13       2s
   3   8.41e+05 5.23e+05   5.95058019e+17 -7.59509561e+17  1.04e+13       3s
   4   3.22e+05 2.94e+05   5.68794207e+17 -4.87204571e+17  6.46e+12       5s
   5   1.28e+05 7.42e+04   4.53834096e+17 -1.44318656e+17  1.94e+12       8s
 Constructing starting basis...
   6   7.77e+03 2.72e+04   2.27786753e+17 -6.13466219e+16  7.20e+11      16s
   7   5.03e+03 1.19e+04   1.87605969e+17 -3.14296510e+16  4.02e+11      21s
   8   4.08e+03 6.70e+03   1.79534688e+17 -2.44666916e+16  3.17e+11      25s
   9   1.53e+03 3.17e+03   8.86028003e+16 -1.21870490e+16  1.40e+11      29s
  10   8.15e+02 1.40e+03   6.12418620e+16 -6.65436367e+15  8.58e+10      33s
  11   4.67e+02 3.82e+02   3.94099539e+16 -2.25542187e+15  4.85e+10      37s
  12   2.29e+02 1.18e+02   2.14762711e+16 -8.47245742e+14  2.53e+10      41s
  13   9.00e+01 5.67e+01   8.95339545e+15 -4.24832488e+14  1.06e+10      44s
  14   1.05e+01 2.76e+01   3.14085698e+15 -2.72598999e+14  3.94e+09      48s
  15   4.86e+00 1.30e+01   1.69710822e+15 -1.35892327e+14  2.11e+09      51s
  16   2.61e+00 8.10e+00   1.00750407e+15 -8.77586982e+13  1.27e+09      55s
  17   1.41e+00 4.89e+00   6.17321081e+14 -5.54485073e+13  7.79e+08      58s
  18   7.99e-01 3.22e+00   3.73691549e+14 -3.73486303e+13  4.78e+08      62s
  19   3.97e-01 7.21e-01   2.25420723e+14 -1.13160624e+13  2.68e+08      65s
  20   1.31e-01 2.36e-01   1.01656726e+14 -4.89012364e+12  1.20e+08      69s
  21   2.91e-02 9.65e-02   4.70633772e+13 -2.75468035e+12  5.65e+07      72s
  22   1.08e-02 2.69e-02   2.15889190e+13 -9.74223040e+11  2.54e+07      76s
  23   3.98e-03 4.62e-03   8.90024666e+12 -2.12698311e+11  1.02e+07      79s
  24   1.31e-03 1.14e-03   3.08560561e+12 -5.68314730e+10  3.49e+06      82s
  25   2.15e-04 2.93e-04   1.40407622e+12 -4.29657261e+10  1.61e+06      86s
  26   6.68e-05 9.07e-05   5.51729180e+11 -1.50120101e+10  6.29e+05      89s
  27   1.45e-05 2.37e-05   2.45103947e+11 -5.50139242e+09  2.78e+05      93s
  28   7.15e-07 1.50e-05   1.16143371e+11 -3.54539672e+09  1.33e+05      96s
  29   1.19e-07 5.35e-06   4.23451130e+10  7.13395767e+08  4.62e+04      99s
  30   8.20e-08 2.08e-06   2.00262851e+10  2.72839220e+09  1.92e+04     102s
  31   7.45e-08 8.16e-07   1.24775404e+10  3.48822692e+09  9.96e+03     106s
  32   1.08e-07 3.71e-07   7.97238474e+09  3.77183963e+09  4.66e+03     109s
  33   1.34e-07 1.45e-07   5.37459788e+09  3.95402593e+09  1.57e+03     113s
  34   1.07e-07 5.68e-08   4.71241004e+09  4.04451699e+09  7.40e+02     116s
  35   3.16e-08 2.98e-08   4.32286193e+09  4.07451557e+09  2.75e+02     120s
  36   8.94e-08 1.49e-08   4.18911227e+09  4.09405602e+09  1.05e+02     123s
  37   1.19e-07 7.45e-09   4.14859833e+09  4.10255717e+09  5.10e+01     126s
  38   8.05e-08 3.73e-09   4.11441068e+09  4.10572260e+09  9.63e+00     129s
  39   1.34e-07 2.79e-09   4.10899046e+09  4.10783242e+09  1.28e+00     132s
  40   5.96e-08 3.73e-09   4.10827194e+09  4.10814326e+09  1.43e-01     134s
  41   8.94e-08 2.79e-09   4.10818566e+09  4.10816505e+09  2.28e-02     136s
  42   1.00e-07 2.79e-09   4.10817426e+09  4.10817063e+09  4.03e-03     138s
  43   1.23e-07 2.79e-09   4.10817109e+09  4.10817087e+09  2.44e-04     141s
  44   4.17e-07 1.86e-09   4.10817094e+09  4.10817091e+09  3.58e-05     143s
  45*  9.54e-07 1.86e-09   4.10817091e+09  4.10817091e+09  2.58e-06     146s
Summary
    Runtime:                                            145.64s
    Status interior point solve:                        optimal
    Status crossover:                                   not run
    objective value:                                    4.10817091e+09
    interior solution primal residual (abs/rel):        8.79e-07 / 6.02e-15
    interior solution dual residual (abs/rel):          9.31e-10 / 1.01e-16
    interior solution objective gap (abs/rel):          2.12e+00 / 5.16e-10
Ipx: IPM       optimal
Model   status      : Optimal
IPM       iterations: 45
Objective value     :  4.1081709128e+09
HiGHS run time      :        152.45
Presolving model
561613 rows, 1354911 cols, 3325517 nonzeros
426321 rows, 885373 cols, 2386792 nonzeros
420988 rows, 498091 cols, 1610220 nonzeros
414824 rows, 491464 cols, 1596945 nonzeros
Presolve : Reductions: rows 414824(-6555173); columns 491464(-4118334); elements 1596945(-22078986)
Solving the presolved LP
IPX model has 414824 rows, 491464 columns and 1596945 nonzeros
Input
    Number of variables:                                491464
    Number of free variables:                           0
    Number of constraints:                              414824
    Number of equality constraints:                     37143
    Number of matrix entries:                           1596945
    Matrix range:                                       [1e-02, 1e+00]
    RHS range:                                          [2e+05, 6e+07]
    Objective range:                                    [3e-04, 9e+06]
    Bounds range:                                       [7e+05, 1e+08]
Preprocessing
    Dualized model:                                     no
    Number of dense columns:                            0
    Range of scaling factors:                           [1.00e+00, 2.00e+00]
IPX version 1.0
Interior Point Solve
 Iter     P.res    D.res            P.obj           D.obj        mu     Time
   0   1.19e+07 2.30e+06   1.27237242e+14 -2.65912885e+18  3.07e+13       0s
   1   4.17e+06 1.81e+06   3.60624882e+17 -2.18758379e+18  2.56e+13       1s
   2   1.95e+06 1.39e+06   6.08927584e+17 -1.85830944e+18  2.61e+13       2s
   3   8.41e+05 5.23e+05   5.95240052e+17 -7.59519900e+17  1.04e+13       3s
   4   3.22e+05 2.94e+05   5.69106745e+17 -4.87369005e+17  6.46e+12       4s
   5   1.28e+05 7.43e+04   4.54037538e+17 -1.44542409e+17  1.95e+12       8s
 Constructing starting basis...
   6   7.74e+03 2.72e+04   2.27891591e+17 -6.13348668e+16  7.19e+11      16s
   7   5.01e+03 1.19e+04   1.87710123e+17 -3.14384670e+16  4.02e+11      21s
   8   4.08e+03 6.71e+03   1.79781258e+17 -2.44746556e+16  3.17e+11      25s
   9   1.53e+03 3.17e+03   8.86062098e+16 -1.22146490e+16  1.40e+11      29s
  10   8.11e+02 1.41e+03   6.12143801e+16 -6.67525290e+15  8.58e+10      33s
  11   4.64e+02 3.87e+02   3.93590856e+16 -2.27854067e+15  4.85e+10      37s
  12   2.29e+02 1.16e+02   2.14992867e+16 -8.33331556e+14  2.53e+10      41s
  13   1.01e+02 5.71e+01   9.95999661e+15 -4.25687209e+14  1.17e+10      44s
  14   1.63e+01 2.07e+01   3.15329596e+15 -2.16622717e+14  3.84e+09      48s
  15   9.07e+00 1.11e+01   1.98081631e+15 -1.25319941e+14  2.40e+09      51s
  16   5.17e+00 6.97e+00   1.26248283e+15 -8.36719429e+13  1.54e+09      55s
  17   2.08e+00 4.29e+00   6.61983897e+14 -5.57620840e+13  8.27e+08      58s
  18   8.85e-01 2.68e+00   3.37993503e+14 -3.62862853e+13  4.36e+08      62s
  19   5.03e-01 1.39e+00   2.08709372e+14 -1.96627511e+13  2.64e+08      65s
  20   1.66e-01 8.97e-01   8.74748132e+13 -1.31321844e+13  1.19e+08      69s
  21   3.08e-02 2.84e-01   4.59127734e+13 -5.15353813e+12  5.94e+07      72s
  22   1.53e-02 1.48e-01   2.61786685e+13 -2.82108135e+12  3.36e+07      76s
  23   4.83e-03 1.37e-02   1.13458795e+13 -4.27851892e+11  1.32e+07      80s
  24   1.38e-03 2.97e-03   3.75836030e+12 -1.11581782e+11  4.31e+06      83s
  25   7.66e-04 5.15e-04   2.30528117e+12 -3.24576209e+10  2.59e+06      87s
  26   2.71e-04 1.14e-04   9.44472544e+11 -1.01502377e+10  1.06e+06      90s
  27   1.61e-04 3.63e-05   6.57572124e+11 -6.73602542e+09  7.37e+05      93s
  28   7.87e-06 3.21e-06   1.94740113e+11 -2.94563132e+09  2.19e+05      96s
  29   1.13e-06 1.31e-06   7.09116128e+10  9.72013765e+07  7.85e+04     100s
  30   4.47e-07 5.86e-07   3.19029194e+10  2.18938839e+09  3.29e+04     103s
  31   3.28e-07 1.85e-07   2.60425746e+10  3.27691239e+09  2.52e+04     107s
  32   1.19e-07 7.17e-08   1.30703760e+10  3.67221338e+09  1.04e+04     110s
  33   1.34e-07 4.10e-08   7.01042768e+09  3.80567611e+09  3.55e+03     114s
  34   1.19e-07 1.77e-08   5.10144238e+09  3.94838267e+09  1.28e+03     117s
  35   7.45e-08 9.31e-09   4.54473272e+09  4.02293727e+09  5.78e+02     121s
  36   1.56e-07 5.59e-09   4.24859862e+09  4.05427197e+09  2.15e+02     124s
  37   8.94e-08 3.73e-09   4.15375124e+09  4.06990229e+09  9.29e+01     127s
  38   8.94e-08 3.73e-09   4.11262858e+09  4.07556950e+09  4.11e+01     130s
  39   1.34e-07 2.79e-09   4.08654966e+09  4.07864344e+09  8.76e+00     133s
  40   4.47e-08 3.73e-09   4.08227669e+09  4.08018797e+09  2.32e+00     136s
  41   1.79e-07 2.79e-09   4.08074066e+09  4.08032724e+09  4.58e-01     138s
  42   1.64e-07 2.79e-09   4.08045381e+09  4.08034948e+09  1.16e-01     140s
  43   1.49e-07 2.79e-09   4.08036108e+09  4.08035336e+09  8.56e-03     143s
  44   1.71e-07 2.79e-09   4.08035505e+09  4.08035400e+09  1.16e-03     145s
  45   2.53e-07 2.79e-09   4.08035414e+09  4.08035409e+09  5.68e-05     148s
  46   1.19e-06 1.86e-09   4.08035411e+09  4.08035410e+09  7.26e-06     150s
  47*  8.79e-07 1.86e-09   4.08035410e+09  4.08035410e+09  3.97e-07     152s
Summary
    Runtime:                                            152.37s
    Status interior point solve:                        optimal
    Status crossover:                                   not run
    objective value:                                    4.08035410e+09
    interior solution primal residual (abs/rel):        8.79e-07 / 6.02e-15
    interior solution dual residual (abs/rel):          9.31e-10 / 1.01e-16
    interior solution objective gap (abs/rel):          2.32e-01 / 5.69e-11
Ipx: IPM       optimal
Model   status      : Optimal
IPM       iterations: 47
Objective value     :  4.0803541043e+09
HiGHS run time      :        159.20
Presolving model
561613 rows, 1354911 cols, 3325517 nonzeros
426321 rows, 885373 cols, 2386792 nonzeros
420988 rows, 498091 cols, 1610220 nonzeros
414824 rows, 491464 cols, 1596945 nonzeros
Presolve : Reductions: rows 414824(-6575213); columns 491464(-4118334); elements 1596945(-22099026)
Solving the presolved LP
IPX model has 414824 rows, 491464 columns and 1596945 nonzeros
Input
    Number of variables:                                491464
    Number of free variables:                           0
    Number of constraints:                              414824
    Number of equality constraints:                     37143
    Number of matrix entries:                           1596945
    Matrix range:                                       [1e-02, 1e+00]
    RHS range:                                          [2e+05, 6e+07]
    Objective range:                                    [3e-04, 9e+06]
    Bounds range:                                       [7e+05, 1e+08]
Preprocessing
    Dualized model:                                     no
    Number of dense columns:                            0
    Range of scaling factors:                           [1.00e+00, 2.00e+00]
IPX version 1.0
Interior Point Solve
 Iter     P.res    D.res            P.obj           D.obj        mu     Time
   0   1.19e+07 2.30e+06   1.27284620e+14 -2.65912646e+18  3.07e+13       0s
   1   4.17e+06 1.81e+06   3.60626031e+17 -2.18758160e+18  2.56e+13       1s
   2   1.95e+06 1.39e+06   6.08953036e+17 -1.85835327e+18  2.61e+13       2s
   3   8.41e+05 5.23e+05   5.95265196e+17 -7.59503304e+17  1.04e+13       3s
   4   3.22e+05 2.94e+05   5.69132400e+17 -4.87367448e+17  6.46e+12       4s
   5   1.31e+05 7.50e+04   4.56175440e+17 -1.45913241e+17  1.96e+12       8s
 Constructing starting basis...
   6   7.91e+03 2.73e+04   2.28918984e+17 -6.16458043e+16  7.24e+11      16s
   7   5.10e+03 1.19e+04   1.88128623e+17 -3.15278483e+16  4.03e+11      21s
   8   4.27e+03 6.75e+03   1.81097936e+17 -2.45702385e+16  3.20e+11      25s
   9   1.56e+03 3.20e+03   8.81804524e+16 -1.23268471e+16  1.40e+11      29s
  10   8.24e+02 1.44e+03   6.10318059e+16 -6.81511765e+15  8.60e+10      33s
  11   4.68e+02 4.87e+02   3.94202562e+16 -2.74648369e+15  4.97e+10      37s
  12   2.77e+02 1.48e+02   2.46484619e+16 -9.42330314e+14  2.91e+10      41s
  13   1.23e+02 8.61e+01   1.14523558e+16 -5.62078085e+14  1.37e+10      44s
  14   3.32e+01 3.32e+01   3.95857236e+15 -2.51514741e+14  4.80e+09      48s
  15   1.81e+01 1.55e+01   2.44944439e+15 -1.32281154e+14  2.93e+09      51s
  16   8.75e+00 9.23e+00   1.56791321e+15 -9.42390663e+13  1.89e+09      55s
  17   2.91e+00 4.87e+00   8.14760816e+14 -5.91069137e+13  1.00e+09      58s
  18   1.55e+00 2.92e+00   4.88271810e+14 -3.72404852e+13  6.05e+08      62s
  19   9.64e-01 1.85e+00   3.17957464e+14 -2.43148649e+13  3.94e+08      65s
  20   1.61e-01 4.95e-01   1.25834869e+14 -9.42879690e+12  1.55e+08      69s
  21   2.83e-02 1.46e-01   5.60458529e+13 -3.96622076e+12  6.84e+07      72s
  22   1.28e-02 8.68e-02   2.95397152e+13 -2.47362661e+12  3.66e+07      76s
  23   3.66e-03 7.70e-03   1.12016813e+13 -3.64924661e+11  1.29e+07      80s
  24   1.04e-03 1.69e-03   3.73599685e+12 -1.00057252e+11  4.27e+06      83s
  25   4.14e-04 3.75e-04   1.75590609e+12 -3.29675718e+10  1.99e+06      86s
  26   1.38e-04 7.01e-05   7.85888885e+11 -1.24347293e+10  8.85e+05      90s
  27   8.23e-05 2.04e-05   5.16631959e+11 -4.07223106e+09  5.77e+05      93s
  28   1.50e-05 2.79e-09   2.03310804e+11 -1.08999577e+09  2.27e+05      96s
  29   2.32e-06 1.86e-09   5.57531725e+10  1.75159531e+09  5.99e+04      99s
  30   7.15e-07 2.79e-09   2.25045266e+10  3.17165932e+09  2.14e+04     102s
  31   3.87e-07 2.79e-09   1.50435969e+10  3.63736981e+09  1.26e+04     106s
  32   3.13e-07 2.79e-09   8.52881885e+09  3.79526784e+09  5.25e+03     109s
  33   2.68e-07 2.79e-09   5.68549135e+09  3.95068960e+09  1.92e+03     112s
  34   1.49e-07 1.86e-09   4.78708112e+09  4.01927426e+09  8.51e+02     116s
  35   2.09e-07 1.86e-09   4.33380318e+09  4.04739807e+09  3.17e+02     119s
  36   8.20e-08 2.79e-09   4.20101749e+09  4.06471478e+09  1.51e+02     122s
  37   2.09e-07 1.86e-09   4.13923199e+09  4.07336282e+09  7.30e+01     125s
  38   1.04e-07 1.86e-09   4.09312158e+09  4.07642161e+09  1.85e+01     128s
  39   1.49e-07 1.86e-09   4.08099443e+09  4.07789112e+09  3.44e+00     130s
  40   2.38e-07 3.73e-09   4.07833461e+09  4.07811669e+09  2.42e-01     132s
  41   2.09e-07 2.79e-09   4.07817052e+09  4.07815648e+09  1.56e-02     135s
  42   1.79e-07 3.73e-09   4.07816273e+09  4.07816173e+09  1.11e-03     137s
  43   1.79e-07 2.79e-09   4.07816226e+09  4.07816213e+09  1.41e-04     140s
  44   8.05e-07 1.40e-09   4.07816215e+09  4.07816214e+09  1.11e-05     142s
  45*  7.15e-07 1.40e-09   4.07816214e+09  4.07816214e+09  2.75e-07     144s
Summary
    Runtime:                                            143.95s
    Status interior point solve:                        optimal
    Status crossover:                                   not run
    objective value:                                    4.07816214e+09
    interior solution primal residual (abs/rel):        7.00e-07 / 4.80e-15
    interior solution dual residual (abs/rel):          9.31e-10 / 1.01e-16
    interior solution objective gap (abs/rel):          1.95e-01 / 4.78e-11
Ipx: IPM       optimal
Model   status      : Optimal
IPM       iterations: 45
Objective value     :  4.0781621448e+09
HiGHS run time      :        150.76
Running HiGHS 1.6.0: Copyright (c) 2023 HiGHS under MIT licence terms
Presolving model
167945 rows, 482301 cols, 1107817 nonzeros
126689 rows, 300617 cols, 746232 nonzeros
124285 rows, 166810 cols, 478222 nonzeros
121447 rows, 161913 cols, 468338 nonzeros
Presolve : Reductions: rows 121447(-3293778); columns 161913(-2143352); elements 468338(-9993970)
Solving the presolved LP
IPX model has 121447 rows, 161913 columns and 468338 nonzeros
Input
    Number of variables:                                161913
    Number of free variables:                           0
    Number of constraints:                              121447
    Number of equality constraints:                     18930
    Number of matrix entries:                           468338
    Matrix range:                                       [1e-02, 1e+00]
    RHS range:                                          [2e+05, 1e+08]
    Objective range:                                    [2e-04, 1e+06]
    Bounds range:                                       [1e+05, 2e+08]
Preprocessing
    Dualized model:                                     no
    Number of dense columns:                            0
    Range of scaling factors:                           [1.00e+00, 2.00e+00]
IPX version 1.0
Interior Point Solve
 Iter     P.res    D.res            P.obj           D.obj        mu     Time
   0   2.93e+07 1.47e+05   6.55752465e+13 -6.42876116e+16  4.95e+12       0s
   1   8.05e+06 1.09e+05   7.06731975e+16 -5.34375005e+16  3.32e+12       0s
   2   2.97e+06 7.36e+04   9.53211885e+16 -4.38225156e+16  2.66e+12       0s
   3   1.41e+06 2.01e+04   7.63497779e+16 -1.32381547e+16  8.75e+11       0s
   4   4.49e+05 6.52e+03   4.74244844e+16 -5.79616117e+15  3.33e+11       1s
   5   1.53e+05 1.63e+03   2.41538045e+16 -1.98888553e+15  1.18e+11       2s
 Constructing starting basis...
   6   6.94e+04 3.83e+02   1.30724940e+16 -7.51175735e+14  5.62e+10       3s
   7   2.70e+04 1.86e+02   5.41210086e+15 -3.88154964e+14  2.30e+10       4s
   8   1.22e+04 7.20e+01   3.41743319e+15 -2.45420167e+14  1.41e+10       4s
   9   4.29e+03 2.70e+01   1.79217175e+15 -1.33338725e+14  7.29e+09       5s
  10   2.19e+03 1.24e+01   1.29000415e+15 -8.66887243e+13  5.17e+09       5s
  11   1.09e+03 3.38e+00   9.44083842e+14 -4.71816956e+13  3.66e+09       6s
  12   5.34e+02 1.17e+00   6.79478798e+14 -2.22424133e+13  2.58e+09       7s
  13   2.92e+02 7.20e-01   5.75274600e+14 -1.65426668e+13  2.20e+09       7s
  14   1.47e+02 3.38e-01   3.35731143e+14  1.01750387e+13  1.20e+09       8s
  15   6.35e+01 1.37e-01   2.29799727e+14  2.01139822e+13  7.74e+08       9s
  16   5.84e+01 1.12e-01   2.19841070e+14  2.22222527e+13  7.28e+08      10s
  17   5.23e+01 8.58e-02   2.12975106e+14  2.28713173e+13  6.99e+08      10s
  18   2.19e+01 9.09e-03   1.44449557e+14  3.20473890e+13  4.06e+08      11s
  19   1.39e+01 4.00e-03   1.10624064e+14  3.52485158e+13  2.72e+08      12s
  20   5.70e+00 1.89e-03   7.19370077e+13  3.70153946e+13  1.26e+08      13s
  21   1.46e+00 6.93e-04   5.33159512e+13  3.79204430e+13  5.55e+07      14s
  22   8.04e-01 2.55e-04   4.79384072e+13  3.85894288e+13  3.36e+07      15s
  23   5.25e-01 1.82e-04   4.69922090e+13  3.86021066e+13  3.02e+07      15s
  24   2.05e-01 4.61e-05   4.24551415e+13  3.90054342e+13  1.24e+07      16s
  25   6.90e-02 9.31e-06   4.03766395e+13  3.91265195e+13  4.49e+06      16s
  26   1.36e-02 3.00e-06   3.94151470e+13  3.91550913e+13  9.33e+05      17s
  27   2.10e-03 9.42e-07   3.92429559e+13  3.91626431e+13  2.88e+05      17s
  28   7.71e-04 3.45e-07   3.92030055e+13  3.91663419e+13  1.32e+05      18s
  29   4.13e-04 1.79e-07   3.91880937e+13  3.91676593e+13  7.33e+04      19s
  30   1.25e-04 9.76e-08   3.91751332e+13  3.91683277e+13  2.44e+04      19s
  31   4.26e-05 5.19e-08   3.91720328e+13  3.91686667e+13  1.21e+04      20s
  32   2.15e-05 2.61e-08   3.91708737e+13  3.91688848e+13  7.13e+03      20s
  33   1.13e-05 1.35e-08   3.91702710e+13  3.91689943e+13  4.58e+03      21s
  34   6.11e-06 6.52e-09   3.91699116e+13  3.91690607e+13  3.05e+03      21s
  35   2.62e-06 3.73e-09   3.91695513e+13  3.91690949e+13  1.64e+03      22s
  36   1.28e-06 2.10e-09   3.91693842e+13  3.91691141e+13  9.69e+02      22s
  37   6.56e-07 1.63e-09   3.91693228e+13  3.91691212e+13  7.23e+02      23s
  38   2.38e-07 4.66e-10   3.91692248e+13  3.91691375e+13  3.13e+02      23s
  39   9.10e-08 4.66e-10   3.91691770e+13  3.91691416e+13  1.27e+02      24s
  40   1.19e-07 4.66e-10   3.91691647e+13  3.91691437e+13  7.53e+01      24s
  41   2.98e-07 2.33e-10   3.91691527e+13  3.91691444e+13  2.97e+01      25s
  42   2.38e-07 4.66e-10   3.91691471e+13  3.91691453e+13  6.32e+00      25s
  43   1.79e-07 2.33e-10   3.91691457e+13  3.91691454e+13  1.11e+00      25s
  44*  2.98e-07 3.49e-10   3.91691455e+13  3.91691454e+13  1.06e-01      26s
Summary
    Runtime:                                            25.55s
    Status interior point solve:                        optimal
    Status crossover:                                   not run
    objective value:                                    3.91691455e+13
    interior solution primal residual (abs/rel):        1.49e-07 / 9.07e-16
    interior solution dual residual (abs/rel):          3.49e-10 / 2.67e-16
    interior solution objective gap (abs/rel):          2.95e+04 / 7.53e-10
Ipx: IPM       optimal
Model   status      : Optimal
IPM       iterations: 44
Objective value     :  3.9169136668e+13
HiGHS run time      :         29.53
Presolving model
167945 rows, 482301 cols, 1107817 nonzeros
126689 rows, 300617 cols, 746232 nonzeros
124285 rows, 166810 cols, 478222 nonzeros
121447 rows, 161913 cols, 468338 nonzeros
Presolve : Reductions: rows 121447(-3303798); columns 161913(-2143352); elements 468338(-10003990)
Solving the presolved LP
IPX model has 121447 rows, 161913 columns and 468338 nonzeros
Input
    Number of variables:                                161913
    Number of free variables:                           0
    Number of constraints:                              121447
    Number of equality constraints:                     18930
    Number of matrix entries:                           468338
    Matrix range:                                       [1e-02, 1e+00]
    RHS range:                                          [2e+05, 1e+08]
    Objective range:                                    [2e-04, 1e+06]
    Bounds range:                                       [1e+05, 2e+08]
Preprocessing
    Dualized model:                                     no
    Number of dense columns:                            0
    Range of scaling factors:                           [1.00e+00, 2.00e+00]
IPX version 1.0
Interior Point Solve
 Iter     P.res    D.res            P.obj           D.obj        mu     Time
   0   2.93e+07 1.50e+05   5.60238197e+13 -6.56803473e+16  5.02e+12       0s
   1   8.12e+06 1.11e+05   6.93367795e+16 -5.46428689e+16  3.39e+12       0s
   2   2.89e+06 7.45e+04   9.45884944e+16 -4.46599999e+16  2.71e+12       0s
   3   1.34e+06 2.01e+04   7.57379913e+16 -1.34653414e+16  8.79e+11       0s
   4   4.21e+05 6.60e+03   4.69193762e+16 -5.93046215e+15  3.35e+11       1s
   5   1.42e+05 1.58e+03   2.39852650e+16 -2.01133241e+15  1.17e+11       2s
 Constructing starting basis...
   6   6.27e+04 3.81e+02   1.28471479e+16 -7.89272154e+14  5.55e+10       3s
   7   2.36e+04 1.38e+02   5.01130432e+15 -3.06815416e+14  2.08e+10       4s
   8   2.36e-02 3.87e+01   1.29589802e+15 -1.74912735e+14  5.65e+09       4s
   9   4.95e-03 1.69e+01   3.64484642e+14 -7.58547517e+13  1.75e+09       5s
  10   1.30e-03 7.17e+00   1.38884238e+14 -3.47811428e+13  6.98e+08       6s
  11   3.05e-04 2.52e+00   6.98855149e+13 -1.47661994e+13  3.34e+08       6s
  12   1.17e-04 1.15e+00   3.07269976e+13 -6.94013440e+12  1.49e+08       7s
  13   3.72e-05 6.55e-01   1.54041766e+13 -4.18119555e+12  7.87e+07       8s
  14   2.43e-05 3.63e-01   1.09989699e+13 -2.41183425e+12  5.29e+07       8s
  15   3.76e-06 7.15e-02   2.00746896e+12 -4.88987625e+11  9.84e+06       9s
  16   1.46e-06 1.94e-02   8.99479959e+11 -1.37724214e+11  3.94e+06       9s
  17   8.64e-07 7.85e-03   5.91762308e+11 -6.06743552e+10  2.42e+06      10s
  18   7.45e-07 6.60e-03   5.69924820e+11 -5.46672785e+10  2.31e+06      11s
  19   3.87e-07 3.86e-03   3.24259797e+11 -3.18753432e+10  1.31e+06      11s
  20   3.87e-07 3.23e-03   3.20082030e+11 -2.87413939e+10  1.28e+06      12s
  21   2.98e-07 2.74e-03   2.38763615e+11 -2.43465032e+10  9.64e+05      13s
  22   2.09e-07 6.28e-04   1.57098867e+11 -6.52600766e+09  5.91e+05      13s
  23   1.19e-07 4.34e-04   9.30347709e+10 -3.65878312e+09  3.49e+05      14s
  24   1.49e-07 1.71e-04   7.38299461e+10 -7.58797757e+08  2.68e+05      14s
  25   2.38e-07 5.96e-05   4.99480810e+10  1.50184351e+09  1.74e+05      15s
  26   1.79e-07 2.33e-05   2.22701633e+10  2.18933203e+09  7.21e+04      15s
  27   1.19e-07 9.75e-06   9.38670246e+09  2.92330619e+09  2.32e+04      16s
  28   2.68e-07 3.17e-06   5.48044681e+09  3.34612534e+09  7.66e+03      17s
  29   1.19e-07 1.51e-06   4.32046146e+09  3.46749356e+09  3.06e+03      17s
  30   8.94e-08 6.14e-07   3.91647586e+09  3.53551297e+09  1.37e+03      18s
  31   2.09e-07 2.29e-07   3.70733551e+09  3.56915100e+09  4.96e+02      18s
  32   8.94e-08 8.22e-08   3.63895039e+09  3.58341059e+09  1.99e+02      19s
  33   1.49e-07 1.98e-08   3.60330471e+09  3.59058756e+09  4.56e+01      19s
  34   2.38e-07 3.73e-09   3.59513948e+09  3.59253559e+09  9.34e+00      20s
  35   5.96e-08 1.63e-09   3.59440235e+09  3.59281898e+09  5.68e+00      20s
  36   8.94e-08 1.16e-09   3.59431111e+09  3.59284429e+09  5.26e+00      20s
  37   2.38e-07 4.66e-10   3.59315714e+09  3.59298215e+09  6.28e-01      21s
  38   1.76e-07 2.33e-10   3.59301190e+09  3.59299332e+09  6.66e-02      21s
  39   9.88e-08 2.33e-10   3.59299740e+09  3.59299563e+09  6.36e-03      22s
  40   1.49e-07 2.33e-10   3.59299697e+09  3.59299579e+09  4.21e-03      22s
  41   1.19e-07 2.33e-10   3.59299696e+09  3.59299580e+09  4.15e-03      22s
  42   1.19e-07 2.33e-10   3.59299603e+09  3.59299592e+09  4.20e-04      23s
  43   2.09e-07 2.33e-10   3.59299600e+09  3.59299594e+09  2.27e-04      23s
  44   2.38e-07 2.33e-10   3.59299595e+09  3.59299594e+09  2.96e-05      24s
  45*  6.26e-07 2.33e-10   3.59299595e+09  3.59299594e+09  6.71e-06      24s
Summary
    Runtime:                                            23.90s
    Status interior point solve:                        optimal
    Status crossover:                                   not run
    objective value:                                    3.59299595e+09
    interior solution primal residual (abs/rel):        7.15e-07 / 4.35e-15
    interior solution dual residual (abs/rel):          2.33e-10 / 1.78e-16
    interior solution objective gap (abs/rel):          1.85e+00 / 5.14e-10
Ipx: IPM       optimal
Model   status      : Optimal
IPM       iterations: 45
Objective value     :  3.5929959461e+09
HiGHS run time      :         27.77
Presolving model
167945 rows, 482301 cols, 1107817 nonzeros
126689 rows, 300617 cols, 746232 nonzeros
124285 rows, 166810 cols, 478222 nonzeros
121447 rows, 161913 cols, 468338 nonzeros
Presolve : Reductions: rows 121447(-3313818); columns 161913(-2143352); elements 468338(-10014010)
Solving the presolved LP
IPX model has 121447 rows, 161913 columns and 468338 nonzeros
Input
    Number of variables:                                161913
    Number of free variables:                           0
    Number of constraints:                              121447
    Number of equality constraints:                     18930
    Number of matrix entries:                           468338
    Matrix range:                                       [1e-02, 1e+00]
    RHS range:                                          [2e+05, 1e+08]
    Objective range:                                    [2e-04, 1e+06]
    Bounds range:                                       [1e+05, 2e+08]
Preprocessing
    Dualized model:                                     no
    Number of dense columns:                            0
    Range of scaling factors:                           [1.00e+00, 2.00e+00]
IPX version 1.0
Interior Point Solve
 Iter     P.res    D.res            P.obj           D.obj        mu     Time
   0   2.93e+07 1.50e+05   5.65943989e+13 -6.56954466e+16  5.02e+12       0s
   1   8.08e+06 1.11e+05   6.96535520e+16 -5.46487592e+16  3.39e+12       0s
   2   2.94e+06 7.44e+04   9.45606745e+16 -4.46420486e+16  2.70e+12       0s
   3   1.42e+06 2.04e+04   7.62467971e+16 -1.36107972e+16  8.94e+11       0s
   4   4.56e+05 6.67e+03   4.76293459e+16 -5.96641323e+15  3.41e+11       1s
   5   1.44e+05 1.65e+03   2.36107995e+16 -2.05774179e+15  1.16e+11       2s
 Constructing starting basis...
   6   6.39e+04 3.92e+02   1.26384131e+16 -7.86199637e+14  5.48e+10       3s
   7   2.40e+04 1.91e+02   4.93753572e+15 -3.99272842e+14  2.13e+10       4s
   8   2.40e-02 4.70e+01   1.43761852e+15 -2.00975829e+14  6.30e+09       4s
   9   5.32e-03 2.36e+01   4.51706180e+14 -1.01665812e+14  2.20e+09       5s
  10   1.88e-03 1.31e+01   2.19414433e+14 -5.85802651e+13  1.13e+09       6s
  11   4.67e-04 3.76e+00   8.29016414e+13 -1.94763992e+13  4.06e+08       6s
  12   1.38e-04 1.48e+00   4.03061472e+13 -8.61831447e+12  1.92e+08       7s
  13   5.16e-05 6.76e-01   2.03266740e+13 -4.22371651e+12  9.62e+07       8s
  14   3.03e-05 2.98e-01   1.23549182e+13 -1.92469293e+12  5.48e+07       8s
  15   2.06e-06 3.19e-02   2.17664834e+12 -2.90456306e+11  9.23e+06       9s
  16   4.77e-07 1.00e-02   6.51861033e+11 -9.73760357e+10  2.79e+06       9s
  17   2.68e-07 6.45e-03   5.18241605e+11 -7.08396456e+10  2.19e+06      10s
  18   2.09e-07 2.65e-03   3.65578946e+11 -3.00250459e+10  1.44e+06      11s
  19   2.98e-07 1.11e-03   2.50622756e+11 -1.82599786e+10  9.76e+05      11s
  20   2.38e-07 5.59e-04   1.38964448e+11 -9.50266861e+09  5.37e+05      12s
  21   2.09e-07 3.45e-04   9.04945795e+10 -5.04426204e+09  3.44e+05      13s
  22   2.38e-07 1.55e-04   5.45803647e+10 -1.06959649e+09  2.00e+05      13s
  23   2.98e-07 1.08e-04   4.26629893e+10 -3.06051770e+08  1.54e+05      14s
  24   1.79e-07 2.40e-05   2.61581409e+10  2.01609058e+09  8.66e+04      14s
  25   1.49e-07 8.58e-07   1.39633559e+10  3.03325609e+09  3.92e+04      15s
  26   1.19e-07 3.32e-07   6.60465432e+09  3.32612315e+09  1.18e+04      15s
  27   2.09e-07 1.67e-07   4.47366276e+09  3.42017496e+09  3.78e+03      16s
  28   8.94e-08 6.98e-08   3.95674976e+09  3.48501368e+09  1.69e+03      16s
  29   1.19e-07 3.28e-08   3.74623551e+09  3.51056491e+09  8.45e+02      17s
  30   9.26e-08 1.07e-08   3.61755549e+09  3.52912125e+09  3.17e+02      17s
  31   1.19e-07 3.96e-09   3.56069958e+09  3.53563305e+09  8.99e+01      18s
  32   1.79e-07 1.40e-09   3.54527324e+09  3.53845270e+09  2.45e+01      18s
  33   2.09e-07 4.66e-10   3.54024379e+09  3.53954335e+09  2.51e+00      19s
  34   1.79e-07 2.33e-10   3.53974189e+09  3.53965520e+09  3.11e-01      19s
  35   9.54e-08 2.33e-10   3.53967462e+09  3.53966835e+09  2.25e-02      20s
  36   3.28e-07 4.66e-10   3.53967155e+09  3.53966961e+09  6.94e-03      20s
  37   1.79e-07 2.33e-10   3.53967001e+09  3.53966974e+09  9.74e-04      20s
  38   1.19e-07 2.33e-10   3.53966988e+09  3.53966975e+09  4.61e-04      21s
  39   4.47e-07 2.33e-10   3.53966976e+09  3.53966975e+09  1.68e-05      21s
  40*  6.85e-07 2.33e-10   3.53966975e+09  3.53966975e+09  2.78e-06      21s
Summary
    Runtime:                                            21.47s
    Status interior point solve:                        optimal
    Status crossover:                                   not run
    objective value:                                    3.53966975e+09
    interior solution primal residual (abs/rel):        4.62e-07 / 2.81e-15
    interior solution dual residual (abs/rel):          2.33e-10 / 1.78e-16
    interior solution objective gap (abs/rel):          7.36e-01 / 2.08e-10
Ipx: IPM       optimal
Model   status      : Optimal
IPM       iterations: 40
Objective value     :  3.5396697523e+09
HiGHS run time      :         25.29
Presolving model
167945 rows, 482301 cols, 1107817 nonzeros
126689 rows, 300617 cols, 746232 nonzeros
124285 rows, 166810 cols, 478222 nonzeros
121447 rows, 161913 cols, 468338 nonzeros
Presolve : Reductions: rows 121447(-3323838); columns 161913(-2143352); elements 468338(-10024030)
Solving the presolved LP
IPX model has 121447 rows, 161913 columns and 468338 nonzeros
Input
    Number of variables:                                161913
    Number of free variables:                           0
    Number of constraints:                              121447
    Number of equality constraints:                     18930
    Number of matrix entries:                           468338
    Matrix range:                                       [1e-02, 1e+00]
    RHS range:                                          [2e+05, 1e+08]
    Objective range:                                    [2e-04, 1e+06]
    Bounds range:                                       [1e+05, 2e+08]
Preprocessing
    Dualized model:                                     no
    Number of dense columns:                            0
    Range of scaling factors:                           [1.00e+00, 2.00e+00]
IPX version 1.0
Interior Point Solve
 Iter     P.res    D.res            P.obj           D.obj        mu     Time
   0   2.93e+07 1.50e+05   5.65943989e+13 -6.56954466e+16  5.02e+12       0s
   1   8.08e+06 1.11e+05   6.96535520e+16 -5.46487592e+16  3.39e+12       0s
   2   2.94e+06 7.44e+04   9.45606745e+16 -4.46420486e+16  2.70e+12       0s
   3   1.42e+06 2.04e+04   7.62467971e+16 -1.36107972e+16  8.94e+11       0s
   4   4.56e+05 6.67e+03   4.76293459e+16 -5.96641323e+15  3.41e+11       1s
   5   1.44e+05 1.65e+03   2.36107995e+16 -2.05774179e+15  1.16e+11       2s
 Constructing starting basis...
   6   6.39e+04 3.92e+02   1.26384131e+16 -7.86199637e+14  5.48e+10       3s
   7   2.40e+04 1.91e+02   4.93753572e+15 -3.99272842e+14  2.13e+10       4s
   8   2.40e-02 4.70e+01   1.43761852e+15 -2.00975829e+14  6.30e+09       4s
   9   5.32e-03 2.36e+01   4.51706180e+14 -1.01665812e+14  2.20e+09       5s
  10   1.88e-03 1.31e+01   2.19414433e+14 -5.85802651e+13  1.13e+09       6s
  11   4.67e-04 3.76e+00   8.29016414e+13 -1.94763992e+13  4.06e+08       6s
  12   1.38e-04 1.48e+00   4.03061472e+13 -8.61831447e+12  1.92e+08       7s
  13   5.16e-05 6.76e-01   2.03266740e+13 -4.22371651e+12  9.62e+07       8s
  14   3.03e-05 2.98e-01   1.23549182e+13 -1.92469293e+12  5.48e+07       8s
  15   2.06e-06 3.19e-02   2.17664834e+12 -2.90456306e+11  9.23e+06       9s
  16   4.77e-07 1.00e-02   6.51861033e+11 -9.73760357e+10  2.79e+06       9s
  17   2.68e-07 6.45e-03   5.18241605e+11 -7.08396456e+10  2.19e+06      10s
  18   2.09e-07 2.65e-03   3.65578946e+11 -3.00250459e+10  1.44e+06      11s
  19   2.98e-07 1.11e-03   2.50622756e+11 -1.82599786e+10  9.76e+05      11s
  20   2.38e-07 5.59e-04   1.38964448e+11 -9.50266861e+09  5.37e+05      12s
  21   2.09e-07 3.45e-04   9.04945795e+10 -5.04426204e+09  3.44e+05      13s
  22   2.38e-07 1.55e-04   5.45803647e+10 -1.06959649e+09  2.00e+05      13s
  23   2.98e-07 1.08e-04   4.26629893e+10 -3.06051770e+08  1.54e+05      14s
  24   1.79e-07 2.40e-05   2.61581409e+10  2.01609058e+09  8.66e+04      14s
  25   1.49e-07 8.58e-07   1.39633559e+10  3.03325609e+09  3.92e+04      15s
  26   1.19e-07 3.32e-07   6.60465432e+09  3.32612315e+09  1.18e+04      15s
  27   2.09e-07 1.67e-07   4.47366276e+09  3.42017496e+09  3.78e+03      16s
  28   8.94e-08 6.98e-08   3.95674976e+09  3.48501368e+09  1.69e+03      16s
  29   1.19e-07 3.28e-08   3.74623551e+09  3.51056491e+09  8.45e+02      17s
  30   9.26e-08 1.07e-08   3.61755549e+09  3.52912125e+09  3.17e+02      17s
  31   1.19e-07 3.96e-09   3.56069958e+09  3.53563305e+09  8.99e+01      18s
  32   1.79e-07 1.40e-09   3.54527324e+09  3.53845270e+09  2.45e+01      18s
  33   2.09e-07 4.66e-10   3.54024379e+09  3.53954335e+09  2.51e+00      19s
  34   1.79e-07 2.33e-10   3.53974189e+09  3.53965520e+09  3.11e-01      19s
  35   9.54e-08 2.33e-10   3.53967462e+09  3.53966835e+09  2.25e-02      20s
  36   3.28e-07 4.66e-10   3.53967155e+09  3.53966961e+09  6.94e-03      20s
  37   1.79e-07 2.33e-10   3.53967001e+09  3.53966974e+09  9.74e-04      20s
  38   1.19e-07 2.33e-10   3.53966988e+09  3.53966975e+09  4.61e-04      21s
  39   4.47e-07 2.33e-10   3.53966976e+09  3.53966975e+09  1.68e-05      21s
  40*  6.85e-07 2.33e-10   3.53966975e+09  3.53966975e+09  2.78e-06      21s
Summary
    Runtime:                                            21.46s
    Status interior point solve:                        optimal
    Status crossover:                                   not run
    objective value:                                    3.53966975e+09
    interior solution primal residual (abs/rel):        4.62e-07 / 2.81e-15
    interior solution dual residual (abs/rel):          2.33e-10 / 1.78e-16
    interior solution objective gap (abs/rel):          7.36e-01 / 2.08e-10
Ipx: IPM       optimal
Model   status      : Optimal
IPM       iterations: 40
Objective value     :  3.5396697523e+09
HiGHS run time      :         25.30
[ Info: Rolling step not specified in scenaio.yaml file; Setting it to 10 years
[ Info: Demand-pathway mapping not specified in scenaio.yaml file; SERA will not look for eligible pathways for different demand types.
[ Info: Production capacity constraints from the grid model not defined. SERA will not create these constraints
[ Info: Regional technology limits not specified in scenaio.yaml file; SERA will not create these constraints
STARTING DATA PRE-PROCESSING 
Processing Temporal Data
Processing Nodes
Processing Demand
Processing Existings
Processing Links
Processing Pathways
Creating Infrastructure options
 25.667164 seconds (131.93 M allocations: 15.412 GiB, 41.78% gc time, 0.34% compilation time)

OPTIMIZING FROM 2026 TO 2035 

STARTING OPTIMIZATION MODEL CREATION
CREATING VARIABLES AND EXPRESSIONS
155.577062 seconds (355.21 M allocations: 22.202 GiB, 84.62% gc time, 3.60% compilation time)
POPULATING EXPRESSIONS
 65.233455 seconds (272.61 M allocations: 42.548 GiB, 15.97% gc time, 0.31% compilation time)
CREATING CONSTRAINTS
155.410870 seconds (222.12 M allocations: 12.685 GiB, 84.74% gc time, 4.46% compilation time)
POPULATED CORE OPTIMIZATION MODEL, STARTING ITERATIONS
READING COST DATA FOR ITERATION 1
 97.934336 seconds (162.75 M allocations: 15.589 GiB, 63.31% gc time, 0.40% compilation time)
CREATING EXPRESSIONS FOR CAPITAL AND FIXED COST
184.120067 seconds (163.76 M allocations: 10.355 GiB, 93.24% gc time, 0.78% compilation time)
BUILDING OBJECTIVE FUNCTION
 23.409767 seconds (57.16 M allocations: 1.795 GiB, 72.95% gc time, 3.56% compilation time)
Optimizing for iteration 1
385.570632 seconds (74.84 M allocations: 6.897 GiB, 37.01% gc time, 0.01% compilation time)
OPTIMAL
4.0120716695052056e9
 =  1.0
READING COST DATA FOR ITERATION 2
800.282032 seconds (132.05 M allocations: 14.922 GiB, 24.27% gc time, 0.00% compilation time)
CREATING EXPRESSIONS FOR CAPITAL AND FIXED COST
269.343171 seconds (162.21 M allocations: 10.248 GiB, 95.91% gc time, 0.00% compilation time)
BUILDING OBJECTIVE FUNCTION
 23.730570 seconds (56.50 M allocations: 1.808 GiB, 75.95% gc time)
Optimizing for iteration 2
177.351153 seconds (5 allocations: 32 bytes)
OPTIMAL
8.868456030715546e9
 =  0.5476020114879239
READING COST DATA FOR ITERATION 3
801.295963 seconds (131.77 M allocations: 14.932 GiB, 24.47% gc time)
CREATING EXPRESSIONS FOR CAPITAL AND FIXED COST
251.209905 seconds (162.20 M allocations: 10.247 GiB, 95.48% gc time)
BUILDING OBJECTIVE FUNCTION
 23.887420 seconds (56.50 M allocations: 1.808 GiB, 76.16% gc time)
Optimizing for iteration 3
162.640782 seconds (2 allocations: 32 bytes)
OPTIMAL
7.029319403612145e9
 =  0.26163793697614024
READING COST DATA FOR ITERATION 4
804.876293 seconds (131.75 M allocations: 14.971 GiB, 24.85% gc time)
CREATING EXPRESSIONS FOR CAPITAL AND FIXED COST
253.020496 seconds (162.20 M allocations: 10.247 GiB, 95.60% gc time)
BUILDING OBJECTIVE FUNCTION
 24.254264 seconds (56.50 M allocations: 1.808 GiB, 76.33% gc time)
Optimizing for iteration 4
163.262490 seconds (2 allocations: 32 bytes)
OTHER_ERROR
9.780715431837752e13
 =  0.03523460636449369
READING COST DATA FOR ITERATION 5
806.428819 seconds (131.64 M allocations: 14.859 GiB, 24.92% gc time)
CREATING EXPRESSIONS FOR CAPITAL AND FIXED COST
256.230149 seconds (162.20 M allocations: 10.247 GiB, 95.52% gc time)
BUILDING OBJECTIVE FUNCTION
 24.305967 seconds (56.50 M allocations: 1.808 GiB, 76.58% gc time)
Optimizing for iteration 5
175.424115 seconds (2 allocations: 32 bytes)
OPTIMAL
6.9712360597075016e13
 =  0.9999025987103716
READING COST DATA FOR ITERATION 6
811.545682 seconds (131.74 M allocations: 14.956 GiB, 25.27% gc time)
CREATING EXPRESSIONS FOR CAPITAL AND FIXED COST
260.452692 seconds (162.20 M allocations: 10.247 GiB, 95.65% gc time)
BUILDING OBJECTIVE FUNCTION
 24.978943 seconds (56.50 M allocations: 1.808 GiB, 76.74% gc time)
Optimizing for iteration 6
167.561851 seconds (2 allocations: 32 bytes)
OPTIMAL
4.464243793847546e9
 =  15614.715408089842
READING COST DATA FOR ITERATION 7
825.277437 seconds (131.69 M allocations: 15.082 GiB, 26.37% gc time)
CREATING EXPRESSIONS FOR CAPITAL AND FIXED COST
265.612678 seconds (162.20 M allocations: 10.247 GiB, 95.65% gc time)
BUILDING OBJECTIVE FUNCTION
 25.046299 seconds (56.50 M allocations: 1.808 GiB, 77.10% gc time)
Optimizing for iteration 7
152.515403 seconds (2 allocations: 32 bytes)
OPTIMAL
4.108170912761073e9
 =  0.08667431045323809
READING COST DATA FOR ITERATION 8
817.931038 seconds (131.68 M allocations: 14.859 GiB, 25.79% gc time)
CREATING EXPRESSIONS FOR CAPITAL AND FIXED COST
266.953609 seconds (162.20 M allocations: 10.247 GiB, 95.72% gc time)
BUILDING OBJECTIVE FUNCTION
 25.635221 seconds (56.50 M allocations: 1.808 GiB, 77.17% gc time)
Optimizing for iteration 8
159.262859 seconds (2 allocations: 32 bytes)
OPTIMAL
4.080354104312232e9
 =  0.006817253536804478
READING COST DATA FOR ITERATION 9
822.615854 seconds (131.68 M allocations: 14.916 GiB, 26.12% gc time)
CREATING EXPRESSIONS FOR CAPITAL AND FIXED COST
300.978856 seconds (162.20 M allocations: 10.247 GiB, 96.15% gc time)
BUILDING OBJECTIVE FUNCTION
 25.434522 seconds (56.50 M allocations: 1.808 GiB, 77.48% gc time)
Optimizing for iteration 9
150.820270 seconds (2 allocations: 32 bytes)
OPTIMAL
4.0781621447849407e9
 =  0.0005374870957347306
ITERATIONS COMPLETED
WRITING RESULTS TO FILE
 32.721150 seconds (32.86 M allocations: 1.340 GiB, 88.91% gc time, 2.15% compilation time)

OPTIMIZING FROM 2036 TO 2040 

STARTING OPTIMIZATION MODEL CREATION
CREATING VARIABLES AND EXPRESSIONS
359.261291 seconds (173.75 M allocations: 10.760 GiB, 97.29% gc time, 0.06% compilation time)
POPULATING EXPRESSIONS
 19.584365 seconds (75.72 M allocations: 11.686 GiB, 21.20% gc time)
CREATING CONSTRAINTS
141.992267 seconds (109.32 M allocations: 5.931 GiB, 92.05% gc time, 0.01% compilation time)
POPULATED CORE OPTIMIZATION MODEL, STARTING ITERATIONS
READING COST DATA FOR ITERATION 1
154.424505 seconds (65.00 M allocations: 7.406 GiB, 88.86% gc time)
CREATING EXPRESSIONS FOR CAPITAL AND FIXED COST
 62.041928 seconds (42.31 M allocations: 2.630 GiB, 95.54% gc time, 0.10% compilation time)
BUILDING OBJECTIVE FUNCTION
 14.887613 seconds (26.75 M allocations: 862.457 MiB, 84.13% gc time)
Optimizing for iteration 1
150.873641 seconds (38.76 M allocations: 3.390 GiB, 73.85% gc time)
OPTIMAL
3.916913666826564e13
 =  1.0
READING COST DATA FOR ITERATION 2
290.836859 seconds (65.22 M allocations: 7.412 GiB, 51.27% gc time)
CREATING EXPRESSIONS FOR CAPITAL AND FIXED COST
 66.701480 seconds (42.32 M allocations: 2.628 GiB, 95.73% gc time)
BUILDING OBJECTIVE FUNCTION
 15.474312 seconds (26.75 M allocations: 893.103 MiB, 84.22% gc time)
Optimizing for iteration 2
 27.817398 seconds (5 allocations: 32 bytes)
OPTIMAL
3.5929959460908756e9
 =  10900.525427792822
READING COST DATA FOR ITERATION 3
292.278708 seconds (65.20 M allocations: 7.412 GiB, 51.47% gc time)
CREATING EXPRESSIONS FOR CAPITAL AND FIXED COST
 67.693236 seconds (42.32 M allocations: 2.628 GiB, 95.49% gc time)
BUILDING OBJECTIVE FUNCTION
 15.784864 seconds (26.75 M allocations: 893.103 MiB, 83.84% gc time)
Optimizing for iteration 3
 25.317874 seconds (2 allocations: 32 bytes)
OPTIMAL
3.539669752280776e9
 =  0.015065302003387987
READING COST DATA FOR ITERATION 4
294.293993 seconds (65.20 M allocations: 7.603 GiB, 51.72% gc time)
CREATING EXPRESSIONS FOR CAPITAL AND FIXED COST
 94.272474 seconds (42.32 M allocations: 2.628 GiB, 96.80% gc time)
BUILDING OBJECTIVE FUNCTION
 15.875213 seconds (26.75 M allocations: 893.103 MiB, 83.94% gc time)
Optimizing for iteration 4
 25.334701 seconds (2 allocations: 32 bytes)
OPTIMAL
3.539669752280776e9
 =  0.0
ITERATIONS COMPLETED
WRITING RESULTS TO FILE
 30.026067 seconds (25.13 M allocations: 1.072 GiB, 89.44% gc time, 44.58% compilation time)

THE OPTIMIZATION PROBLEM TOOK 226.04 MINUTES TO SOLVE. 
